         200   4370.0000000000000     
   3.0000000000000000        1.9401598920315637E-003   8.3296517504272334        9.3641023157479313E-004
   3.1059655287322618        2.0794570760532378E-003   8.3296517504272334        9.9843593807573123E-004
   3.2156739552243598        2.2286952318275660E-003   8.3296517504272334        1.0647961420742981E-003
   3.3292574962321346        2.3885551784349748E-003   8.3296517504272334        1.1357982930310581E-003
   3.4468529954360925        2.5597643584417610E-003   8.3296517504272334        1.2117715233492870E-003
   3.5686022069563790        2.7431016235262900E-003   8.3296517504272334        1.2930682127269240E-003
   3.6946518254059528        2.9394024215567338E-003   8.3296517504272334        1.3800654886563840E-003
   3.8251536998800524        3.1495651079146343E-003   8.3296517504272334        1.4731669488826991E-003
   3.9602651907155879        3.3745584756134407E-003   8.3296517504272334        1.5728046140971480E-003
   4.1001490688558144        3.6154296076616279E-003   8.3296517504272334        1.6794406832998962E-003
   4.2449739038313119        3.8733136729855963E-003   8.3296517504272334        1.7935697825517114E-003
   4.3949142193596993        4.1494446044112584E-003   8.3296517504272334        1.9157212126416660E-003
   4.5501507036585132        4.4451672061995148E-003   8.3296517504272334        2.0464614170631378E-003
   4.7108703059600501        4.7619504637153890E-003   8.3296517504272334        2.1863965510521255E-003
   4.8772669425686850        5.1014035898388054E-003   8.3296517504272334        2.3361758117884978E-003
   5.0495410155906377        5.4652913491443321E-003   8.3296517504272334        2.4964939837089492E-003
   5.2279001269311909        5.8555534642358853E-003   8.3296517504272334        2.6680953004467305E-003
   5.4125592113782046        6.2743247558786873E-003   8.3296517504272334        2.8517771176154063E-003
   5.6037407956130689        6.7239575485091773E-003   8.3296517504272334        3.0483940384910158E-003
   5.8016752663703963        7.2070463023060517E-003   8.3296517504272334        3.2588624288899383E-003
   6.0066011480696169        7.7264547010290063E-003   8.3296517504272334        3.4841653604356908E-003
   6.2187653902530293        8.2853454755257711E-003   8.3296517504272334        3.7253580241282660E-003
   6.4384236651766908        8.8872133040817231E-003   8.3296517504272334        3.9835736589763264E-003
   6.6658406759127811        9.5359212039426346E-003   8.3296517504272334        4.2600300434901530E-003
   6.9012904753346884        1.0235740914991616E-002   8.3296517504272334        4.5560366011416107E-003
   7.1450567963692624        1.0991397878640211E-002   8.3296517504272334        4.8730021745685579E-003
   7.3974330131920443        1.1808120275646221E-002   8.3296517504272334        5.2124430067061250E-003
   7.6587243988323896        1.2691701797674497E-002   8.3296517504272334        5.5759946376014169E-003
   7.9292442763577622        1.3648551259428517E-002   8.3296517504272334        5.9654162530913026E-003
   8.2093202460023029        1.4685784653272001E-002   8.3296517504272334        6.3826099686216135E-003
   8.4992881560440416        1.5811284237887441E-002   8.3296517504272334        6.8296236719169448E-003
   8.7994991583321234        1.7033816548040630E-002   8.3296517504272334        7.3086741641097607E-003
   9.1103132457223861        1.8363112077846716E-002   8.3296517504272334        7.8221509492545031E-003
   9.4321068148357909        1.9810016098977982E-002   8.3296517504272334        8.3726433758537049E-003
   9.7652657388916850        2.1386595899582524E-002   8.3296517504272334        8.9629456063917284E-003
   10.110193474162946        2.3106333495798940E-002   8.3296517504272334        9.5960884803975958E-003
   10.467303634806061        2.4984267444292489E-002   8.3296517504272334        1.0275345964496550E-002
   10.837027566606025        2.7037229571973301E-002   8.3296517504272334        1.1004270372959960E-002
   11.219811965471335        2.9284057691212811E-002   8.3296517504272334        1.1786711878601659E-002
   11.616115840724994        3.1745822543652769E-002   8.3296517504272334        1.2626837659685544E-002
   12.026419117330413        3.4446147867163608E-002   8.3296517504272334        1.3529177866341278E-002
   12.451213803399156        3.7411443656165916E-002   8.3296517504272334        1.4498637689367207E-002
   12.891014326336300        4.0671279126618935E-002   8.3296517504272334        1.5540553940067292E-002
   13.346348065368609        4.4258632247540355E-002   8.3296517504272334        1.6660710426931312E-002
   13.817766430769083        4.8210293892484789E-002   8.3296517504272334        1.7865404867321803E-002
   14.305834715756038        5.2567108609105635E-002   8.3296517504272334        1.9161468354974148E-002
   14.811143972217785        5.7374389461417076E-002   8.3296517504272334        2.0556344545934239E-002
   15.334300133051286        6.2682123623060443E-002   8.3296517504272334        2.2058114102078277E-002
   15.875936741648431        6.8545381782076253E-002   8.3296517504272334        2.3675588383387697E-002
   16.436703292225193        7.5024468490162061E-002   8.3296517504272334        2.5418339826413831E-002
   17.017278874447534        8.2185319468478096E-002   8.3296517504272334        2.7296812669609382E-002
   17.618359675531394        9.0099582355493701E-002   8.3296517504272334        2.9322360261260588E-002
   18.240671728221173        9.8844969164796445E-002   8.3296517504272334        3.1507368914112800E-002
   18.884968846184627       0.10850540713553755        8.3296517504272334        3.3865344030348514E-002
   19.552019805756849       0.11917094626240343        8.3296517504272334        3.6410960059237003E-002
   20.242632201214423       0.13093814691680869        8.3294937961880375        3.9160254376509454E-002
   20.957638264717446       0.14390978707436675        8.3290980013378526        4.2130691803141475E-002
   21.697899624358065       0.15819468344501533        8.3287766219608326        4.5341307082136420E-002
   22.464312967141105       0.17390733111807641        8.3285156654201042        4.8812864946499702E-002
   23.257792778673313       0.19116677025051185        8.3283037740842829        5.2567925547830283E-002
   24.079299719823517       0.21009602428707669        8.3281317215538628        5.6631127425391635E-002
   24.929823759061236       0.23082017874262101        8.3279920175253377        6.1029276768445481E-002
   25.810395145829254       0.25346455564446152        8.3278785793814549        6.5791576258871026E-002
   26.722064579292049       0.27815157502759480        8.3277864699452540        7.0949698310368070E-002
   27.665935811728254       0.30499842495951285        8.3277116784889991        7.6538149436509759E-002
   28.643146268414043       0.33411288520449878        8.3276509489681203        8.2594358927555567E-002
   29.654879655490589       0.36558955173879881        8.3276016372610790        8.9158945897530956E-002
   30.702343174827575       0.39941469836895821        8.3190514908760633        9.6236035384292137E-002
   31.786804983723918       0.43569442231044769        8.3082770087779778       0.10389570575877784     
   32.909571928103169       0.47450070996029631        8.2995282937738502       0.11220880799677016     
   34.072004028335677       0.51582813729126620        8.2924244328338954       0.12122963245046156     
   35.275488300232773       0.55963555554851796        8.2866562440778324       0.13101625330330843     
   36.521481794408061       0.60584445674942455        8.2819725628523813       0.14163084719753394     
   37.811486012809581       0.65433588538120191        8.2781694851880872       0.15313939594307915     
   39.147055493126302       0.70494974300581337        8.2750814441741198       0.16561154079194557     
   40.529808025860810       0.75748552661824431        8.2725739886300946       0.17912033453477003     
   41.961393513511240       0.81170295781743951        8.2705379863775565       0.19374142394298458     
   43.443545167355794       0.86732725623028684        8.2688847836256123       0.20955285447438418     
   44.978049075047366       0.92405280191712236        8.2675424082252054       0.22663387599221541     
   46.566763998623138       0.98155009527793358        8.2664524140752995       0.24506403346486530     
   48.211585595230147        1.0394719641499965        8.2655673612775580       0.26492139948307053     
   49.914505239722644        1.0974642505314114        8.2648487119150307       0.28628169618722349     
   51.677575059319224        1.1551738994021346        8.2642651796020115       0.30921615406552394     
   53.502930680545909        1.2122596154811800        8.2637913577431910       0.33378993136057294     
   55.392750120602578        1.2684007232893781        8.2634066241536850       0.36005964306525362     
   57.349321371645829        1.3233093321809954        8.2630942263515461       0.38807242440840078     
   59.375002227322796        1.3767387226097265        8.2628405641045752       0.41786375036971707     
   61.472246417894510        1.4284930611793363        8.2626345931331606       0.44945651762792149     
   63.643556378429672        1.4784343146622050        8.2624673489469576       0.48285954955662019     
   65.891560899834928        1.5264910439973440        8.2623315492206046       0.51806865488624021     
   68.218968971510208        1.5726627261805071        8.2622212819156111       0.55506661876238661     
   70.628585269218178        1.6147978710774575        8.2612600751963772       0.59267229010251488     
   73.123328588587739        1.6492215685269995        8.2582131471869502       0.62878029044375783     
   75.706175661273647        1.6827050819933569        8.2557391044047357       0.66669003065773025     
   78.380253523498894        1.7154422548425674        8.2537302194288475       0.70630931317869028     
   81.148784610322849        1.7477094724728151        8.2520990354916712       0.74755580256028253     
   84.015122474940881        1.7798597763827315        8.2507745319672061       0.79036162535771526     
   86.982687236203873        1.8123141439573707        8.2496990623878350       0.83467629529861453     
   90.055071705548812        1.8455529543080669        8.2488257975051411       0.88047169983064832     
   93.235978303002270        1.8801038315926455        8.2481167197497367       0.92774379640547144     
   96.529260096906100        1.9165289819780349        8.2475409563641513       0.97651487463557118     
   99.938826062156153        1.9554094250516414        8.2470734508487311        1.0268326592214694     
   103.46886588546354        1.9973314221834004        8.2466938389871753        1.0787728848846929     
   107.12359379692580        2.0428663190970373        8.2463856003306510        1.1324334739771356     
   110.90736836557576        2.0925537458365291        8.2461353182258410        1.1879329770569005     
   114.82483910697920        2.1468852368358187        8.2459320905577584        1.2454081150674592     
   118.88068277378797        2.2062825382396829        8.2457670729971486        1.3050040690774827     
   123.07973629915718        2.2710817081288281        8.2456330828517643        1.3668693598016599     
   127.42715949490271        2.3415196923458259        8.2455242836037481        1.4311499606057114     
   131.92808807993632        2.4177148237791184        8.2454359413267166        1.4979746497000550     
   136.58805281121437        2.4996622213986353        8.2453642078922833        1.5674504155729645     
   141.41261684513370        2.5872195599926715        8.2453059615103719        1.6396450102463711     
   146.40753387824964        2.6801050892077258        8.2452586669003516        1.7145759776337945     
   151.57894168226974        2.7779008408420300        8.2452202639417198        1.7921991553985328     
   156.93294936957258        2.8800485445416730        8.2451890816967541        1.8723872326687963     
   162.47613596373097        2.9858667986466880        8.2451637618883300        1.9549215982517834     
   168.21511902855468        3.0945546028701596        8.2451432026157736        2.0394705992868434     
   174.15674278185460        2.9241767112626595        8.1610779955261528        1.9655992888616109     
   180.30830831190286        2.6747428598274388        8.0597498453126715        1.8384556006220814     
   186.67715947709803        2.4687370622608542        7.9774730356205632        1.7273634639721169     
   193.27089166569760        2.2988787367178589        7.9106663172917528        1.6292993024581970     
   200.09760727912413        2.1591550328598696        7.8564196359743725        1.5418510085905663     
   207.16537088595135        2.0445633481005920        7.8123726831014144        1.4631286800031111     
   214.48286737908427        1.9508907066168761        7.7766068039313421        1.3916720403188465     
   222.05883252794877        1.8745666314050611        7.7475654918403576        1.3263801379491926     
   229.90230130529540        1.8125390058353577        7.7239846704154802        1.2664346573035883     
   238.02291179328489        1.7621828259692618        7.7048371754174232        1.2112276658544776     
   246.43025707061713        1.7212369313339069        7.6892898868214496        1.1603014982999833     
   255.13466811288930        1.6877472548640657        7.6766655755109774        1.1132880856426823     
   264.14653641505117        1.6600305266474533        7.6664148400835748        1.0698713001727789     
   273.47660938458705        1.6366410549480974        7.6580914984649251        1.0297583033112436     
   283.13635184814427        1.6163448198078718        7.6513329916623238       0.99266628657280398     
   293.13729579387660        1.5980999799294375        7.6458451940776904       0.95832472073747976     
   303.49136818478553        1.5810377399710580        7.6413892392484515       0.92648002961197951     
   314.21129214162710        1.5644457009841390        7.6377710288702874       0.89690309601150997     
   325.30973137660959        1.5477545203859133        7.6348331322443483       0.86939900871060005     
   336.80032369109853        1.5305225704210157        7.6324475766296214       0.84380807586810191     
   348.69678677735646        1.5124243460856814        7.6305105442757419       0.82000814789940135     
   361.01330816366544        1.4932375513206346        7.6289377222941361       0.79791023863024224     
   373.76502243504467        1.4666945382428114        7.4195671511434895       0.76459089862191920     
   386.96715283564077        1.4182863376710437        6.5597518811124917       0.68779168964145243     
   400.63544401132759        1.3714008199814856        5.8616033168361428       0.61675584271596895     
   414.78669160661980        1.3255790321547689        5.2947105906872984       0.55201822190433336     
   429.43761284149554        1.2804890261080615        4.8344078295543547       0.49380846576553133     
   444.60621081975989        1.2359004935697773        4.4606445641626244       0.44207434402100076     
   460.31059410826708        1.1916700076175213        4.1571548725839227       0.39654681957070337     
   476.56949149896485        1.1477231296935317        3.9107288089473804       0.35680690291432626     
   493.40288198244309        1.1040386635882700        3.7106322246997938       0.32234852153098237     
   510.83065126063684        1.0606399817051022        3.5481587866506858       0.29263307045892550     
   528.87421463804299        1.0175802907155140        3.4162312644364246       0.26712317809501940     
   547.55511287104378       0.97493722184972653        3.3091082624325119       0.24530941933401726     
   566.89562449487210       0.93280366362707057        3.2221270553561250       0.22672289683123159     
   586.91951519858117       0.89127996670156695        3.1514988021069592       0.21094121727992943     
   607.65068989177485       0.85047177538219332        3.0941498093618733       0.19759133134291748     
   629.11387223602765       0.81048434476802989        3.0475838569495215       0.18634725895157783     
   651.33543626567803       0.77141791469514920        3.0097725642540758       0.17692667544660559     
   674.34163286578985       0.73336855274429813        2.9790707372118526       0.16908786761988967     
   698.16073213207346       0.69642268988929579        2.9541410255139464       0.16262466220140584     
   722.82116976782140       0.65909951058134608        2.9323393742802972       0.15531687325551446     
   748.35235540965130       0.62287787860135890        2.9141938744143623       0.14889712289717830     
   774.78566186873422       0.58828714684863603        2.8994598300967391       0.14384899046991376     
   802.15264573967897       0.55531627878640588        2.8874960257860733       0.13997838668966078     
   830.48594444209971       0.52395613805124019        2.8777817149405882       0.13712812354729961     
   859.82037403360118       0.49419695426364940        2.8698937489120913       0.13517180549597560     
   890.19058800385733       0.46602997841677984        2.8634889171420581       0.13400891386160413     
   921.63390537915473       0.43944425537676396        2.8582882295972696       0.13356033753849264     
   954.18786380243341       0.41442902362865086        2.8540653559092770       0.13376496072419650     
   987.89128659474920       0.39097300134217100        2.8506364877498505       0.13457669755937737     
   1022.7855886411724       0.36906432753888518        2.8478522659982599       0.13596221717007073     
   1058.9119914466876       0.34869345485811037        2.8455915473459550       0.13789898488165592     
   1096.3148872627712       0.32985235479383640        2.8437558564551502       0.14037390803696365     
   1135.0389283928459       0.31253783998457346        2.8422653053125795       0.14338203293385238     
   1175.1302964981960       0.29675265882999158        2.8410550149438936       0.14692569773331945     
   1216.6382559936744       0.28250725140189392        2.8400722659393933       0.15101402633950042     
   1259.6123598874483       0.26982346101251858        2.8392742897338934       0.15566220571875247     
   1304.1038583964914       0.25873683660960356        2.8386263529483733       0.16089127219938587     
   1350.1674228314519       0.24929962012817150        2.8381002319055053       0.16672815527963514     
   1397.8574692241625       0.21313678911924780        2.3770006803419825       0.15107362208351391     
   1447.2325992722181       0.18126906467924453        1.9322533508455726       0.13582584089788452     
   1498.3517579647787       0.15567023704216790        1.5711257538950181       0.12343261913691433     
   1551.2759091786245       0.12429489574401772        1.2757936589642314       0.10507387874244732     
   1606.0700862978565        9.9865516710388666E-002   1.0359236980426545        8.9415919436576258E-002
   1662.7990190437411        8.1046504643173187E-002  0.84115526967502718        7.6241089787404501E-002
   1721.5324161293761        6.6501474374917630E-002  0.68300439610058539        6.5131257189436007E-002
   1782.3403946248577        5.5212313015633278E-002  0.55458845936131262        5.5743070216512723E-002
   1845.2954731357936        4.6402689504100397E-002  0.45031792010758437        4.7793496647344239E-002
   1910.4750110852074        3.9480384476395403E-002  0.36565082591134285        4.1048456272239457E-002
   1977.9568210713478        3.3994172627307195E-002  0.29690252268376272        3.5314372209333679E-002
   2047.8213808026539        2.9600191650563615E-002  0.24108061434170822        3.0430551990252550E-002
   2120.1545400970977        2.6036588872959829E-002  0.19575353724364225        2.6263169115712155E-002
   2195.0417479108573        2.3104618375956832E-002  0.15894908063319219        2.2700856566071390E-002
   2272.5750259096239        2.0653612952923991E-002  0.12906406788672783        1.9650405364603434E-002
   2352.8469348264384        1.8570018817402341E-002  0.10479792366909370        1.7033897011464735E-002
   2435.9532056335870        1.6768650822843942E-002   8.5094419513540423E-002   1.4785950936681152E-002
   2521.9959596104222        1.5186004254362995E-002   6.9095284434025517E-002   1.2851534648253275E-002
   2611.0779162676686        1.3775239998946504E-002   5.6104247003638238E-002   1.1184370232188356E-002
   2703.3053132971791        1.2502117234145876E-002   4.5555848473616760E-002   9.7453971069683173E-003
   2798.7914800504532        1.1341847124714803E-002   3.6990607914271521E-002   8.5015446521246561E-003
   2897.6492167059700        1.0276770422522379E-002   3.0035846109479850E-002   7.4248614847927108E-003
   3000.0000000000000        9.2943588098820338E-003   2.4388618454831756E-002   6.4915802054929589E-003
