         200   4370.0000000000000     
   3.0000000000000000        1.2856304796091123E-003   3.0365594310972207E-003   2.1565903045640249E-003
   3.1059655287322618        1.3224693212207090E-003   3.0365594310972207E-003   2.1788635746002164E-003
   3.2156739552243598        1.3591594094376658E-003   3.0365594310972207E-003   2.2011753311516505E-003
   3.3292574962321346        1.3956427668895583E-003   3.0365594310972207E-003   2.2234666168679212E-003
   3.4468529954360925        1.4318620970200919E-003   3.0365594310972207E-003   2.2456788292306903E-003
   3.5686022069563790        1.4677608760003220E-003   3.0365594310972207E-003   2.2677538871491844E-003
   3.6946518254059528        1.5032833879176141E-003   3.0365594310972207E-003   2.2896343881778089E-003
   3.8251536998800524        1.5383748484508442E-003   3.0365594310972207E-003   2.3112638468484009E-003
   3.9602651907155879        1.5729815948260061E-003   3.0365594310972207E-003   2.3325870004380555E-003
   4.1001490688558144        1.6070511893895088E-003   3.0365594310972207E-003   2.3535500854377895E-003
   4.2449739038313119        1.6405326893085097E-003   3.0365594310972207E-003   2.3741012358364862E-003
   4.3949142193596993        1.6733768833067362E-003   3.0365594310972207E-003   2.3941908739186384E-003
   4.5501507036585132        1.7055365680938134E-003   3.0365594310972207E-003   2.4137721301367206E-003
   4.7108703059600501        1.7369668208142028E-003   3.0365594310972207E-003   2.4328012560192675E-003
   4.8772669425686850        1.7676253973087142E-003   3.0365594310972207E-003   2.4512380983952686E-003
   5.0495410155906377        1.7974728982644104E-003   3.0365594310972207E-003   2.4690464083056826E-003
   5.2279001269311909        1.8264731593883466E-003   3.0365594310972207E-003   2.4861942513584702E-003
   5.4125592113782046        1.8545935048503129E-003   3.0365594310972207E-003   2.5026542926817183E-003
   5.6037407956130689        1.8818049958571636E-003   3.0365594310972207E-003   2.5184040301006036E-003
   5.8016752663703963        1.9080826428070194E-003   3.0365594310972207E-003   2.5334259521761784E-003
   6.0066011480696169        1.9334055744452520E-003   3.0365594310972207E-003   2.5477076153074354E-003
   6.2187653902530293        1.9577571590516773E-003   3.0365594310972207E-003   2.5612416375306066E-003
   6.4384236651766908        1.9811250744080590E-003   3.0365594310972207E-003   2.5740256100433658E-003
   6.6658406759127811        2.0035013250356394E-003   3.0365594310972207E-003   2.5860619306357193E-003
   6.9012904753346884        2.0248822068713265E-003   3.0365594310972207E-003   2.5973575659548349E-003
   7.1450567963692624        2.0452682210995170E-003   3.0365594310972207E-003   2.6079237517463733E-003
   7.3974330131920443        2.0646639121928152E-003   3.0365594310972207E-003   2.6177756277372482E-003
   7.6587243988323896        2.0830778305717655E-003   3.0365594310972207E-003   2.6269319174934093E-003
   7.9292442763577622        2.1005220112838684E-003   3.0365594310972207E-003   2.6354143574431606E-003
   8.2093202460023029        2.1170121314760607E-003   3.0365594310972207E-003   2.6432474646085197E-003
   8.4992881560440416        2.1325668213055052E-003   3.0365594310972207E-003   2.6504578971372943E-003
   8.7994991583321234        2.1472077601835766E-003   3.0365594310972207E-003   2.6570742084361205E-003
   9.1103132457223861        2.1609589984380039E-003   3.0365594310972207E-003   2.6631262583659675E-003
   9.4321068148357909        2.1738469882044125E-003   3.0365594310972207E-003   2.6686449753078475E-003
   9.7652657388916850        2.1858999381400381E-003   3.0365594310972207E-003   2.6736618447172397E-003
   10.110193474162946        2.1971478042418485E-003   3.0365594310972207E-003   2.6782087051366293E-003
   10.467303634806061        2.2076216964188691E-003   3.0365594310972207E-003   2.6823173282967826E-003
   10.837027566606025        2.2173538233645688E-003   3.0365594310972207E-003   2.6860192529253664E-003
   11.219811965471335        2.2263771041826580E-003   3.0365594310972207E-003   2.6893455114437065E-003
   11.616115840724994        2.2347248388641426E-003   3.0365594310972207E-003   2.6923264143835618E-003
   12.026419117330413        2.2424306532365470E-003   3.0365594310972207E-003   2.6949914600541774E-003
   12.451213803399156        2.2495280867706347E-003   3.0365594310972207E-003   2.6973691391594013E-003
   12.891014326336300        2.2560505871411377E-003   3.0365594310972207E-003   2.6994869043417170E-003
   13.346348065368609        2.2620311783979091E-003   3.0365594310972207E-003   2.7013710468802190E-003
   13.817766430769083        2.2675024789811692E-003   3.0365594310972207E-003   2.7030467055862606E-003
   14.305834715756038        2.2724964475627010E-003   3.0365594310972207E-003   2.7045378021115776E-003
   14.811143972217785        2.2770444257254373E-003   3.0365594310972207E-003   2.7058670807625792E-003
   15.334300133051286        2.2811769541806544E-003   3.0365594310972207E-003   2.7070560893699327E-003
   15.875936741648431        2.2849238368269540E-003   3.0365594310972207E-003   2.7081252421124837E-003
   16.436703292225193        2.2883140162999276E-003   3.0365594310972207E-003   2.7090938342564826E-003
   17.017278874447534        2.2913756529793269E-003   3.0365594310972207E-003   2.7099801212692042E-003
   17.618359675531394        2.2941360471582743E-003   3.0365594310972207E-003   2.7108013575843641E-003
   18.240671728221173        2.2966217191455378E-003   3.0365594310972207E-003   2.7115738846627286E-003
   18.884968846184627        2.2988584082054872E-003   3.0365594310972207E-003   2.7123131994880386E-003
   19.552019805756849        2.3008710626864467E-003   3.0365594310972207E-003   2.7130340198184737E-003
   20.242632201214423        2.3026839600778560E-003   3.0365187294224671E-003   2.7137503058533774E-003
   20.957638264717446        2.3043207027512455E-003   3.0364167409393261E-003   2.7144754177431136E-003
   21.697899624358065        2.3058042931050978E-003   3.0363339278477474E-003   2.7152224627715544E-003
   22.464312967141105        2.3071572156834704E-003   3.0362666845227212E-003   2.7160039868865810E-003
   23.257792778673313        2.3084014959878808E-003   3.0362120843278953E-003   2.7168322185758087E-003
   24.079299719823517        2.3095588563397129E-003   3.0361677498031031E-003   2.7177192025901794E-003
   24.929823759061236        2.3106508102347214E-003   3.0361317508456847E-003   2.7186768924427219E-003
   25.810395145829254        2.3116988231445985E-003   3.0361025200858122E-003   2.7197172764820837E-003
   26.722064579292049        2.3127244517765207E-003   3.0360787853108986E-003   2.7208524713840478E-003
   27.665935811728254        2.3137495588881861E-003   3.0360595130359512E-003   2.7220948798726530E-003
   28.643146268414043        2.3147964741043552E-003   3.0360438642428622E-003   2.7234572876307880E-003
   29.654879655490589        2.3158881929606022E-003   3.0360311575939507E-003   2.7249529972592141E-003
   30.702343174827575        2.3151704935153007E-003   2.8159342812764001E-003   2.7238242702821974E-003
   31.786804983723918        2.3137482657503115E-003   2.5381193563815668E-003   2.7216821735672803E-003
   32.909571928103169        2.3125824535838893E-003   2.3125378778784834E-003   2.7199246615454832E-003
   34.072004028335677        2.3116673414842644E-003   2.1293681834531602E-003   2.7185217153170129E-003
   35.275488300232773        2.3110016450972872E-003   1.9806381645568641E-003   2.7174488241325703E-003
   36.521481794408061        2.3105879677331690E-003   1.8598716593983728E-003   2.7166863544925706E-003
   37.811486012809581        2.3104323093914819E-003   1.7618111005654850E-003   2.7162190462350034E-003
   39.147055493126302        2.3105435345069721E-003   1.6821874235699650E-003   2.7160354987697394E-003
   40.529808025860810        2.3109328327591129E-003   1.6175338683176810E-003   2.7161276960909349E-003
   41.961393513511240        2.3116131494971461E-003   1.5650365132035991E-003   2.7164905487969205E-003
   43.443545167355794        2.3125986280630303E-003   1.5224094621601038E-003   2.7171214600615018E-003
   44.978049075047366        2.3139040248999470E-003   1.4877969473635771E-003   2.7180198994583723E-003
   46.566763998623138        2.3155441473491378E-003   1.4596919637423957E-003   2.7191869917233291E-003
   48.211585595230147        2.3175332515215493E-003   1.4368712959557663E-003   2.7206250707842751E-003
   49.914505239722644        2.3198845629834215E-003   1.4183412620431340E-003   2.7223373016767955E-003
   51.677575059319224        2.3226097360295184E-003   1.4032951573448177E-003   2.7243272271981777E-003
   53.502930680545909        2.3257184203494380E-003   1.3910778848179664E-003   2.7265983490407592E-003
   55.392750120602578        2.3292177723947356E-003   1.3811577111807213E-003   2.7291536174593230E-003
   57.349321371645829        2.3331122070041929E-003   1.3731026816068291E-003   2.7319950398889555E-003
   59.375002227322796        2.3374030232683075E-003   1.3665621205431948E-003   2.7351231396626837E-003
   61.472246417894510        2.3420882049084747E-003   1.3612512564627429E-003   2.7385364873340513E-003
   63.643556378429672        2.3471621170722706E-003   1.3569389442239809E-003   2.7422311099091446E-003
   65.891560899834928        2.3526155381233742E-003   1.3534374125083759E-003   2.7462001107498219E-003
   68.218968971510208        2.3584354691373942E-003   1.3505942222019887E-003   2.7504331123134420E-003
   70.628585269218178        2.3616227053232667E-003   1.3474332922419540E-003   2.7506228777428423E-003
   73.123328588587739        2.3570709566540131E-003   1.3426505732346981E-003   2.7394362243466953E-003
   75.706175661273647        2.3535704827867864E-003   1.3387671039165013E-003   2.7295730527439606E-003
   78.380253523498894        2.3509817084136644E-003   1.3356137861066234E-003   2.7208816085313413E-003
   81.148784610322849        2.3491803228233008E-003   1.3330533401766168E-003   2.7132267745004195E-003
   84.015122474940881        2.3480555953388276E-003   1.3309742860729556E-003   2.7064880973704493E-003
   86.982687236203873        2.3475090077758826E-003   1.3292861369656769E-003   2.7005583104811187E-003
   90.055071705548812        2.3474530432256720E-003   1.3279153856581400E-003   2.6953416740951759E-003
   93.235978303002270        2.3478102257581575E-003   1.3268023565192924E-003   2.6907529063733321E-003
   96.529260096906100        2.3485122762006683E-003   1.3258985890264939E-003   2.6867160490936627E-003
   99.938826062156153        2.3494993668496606E-003   1.3251647523530468E-003   2.6831636525712333E-003
   103.46886588546354        2.3507195548961284E-003   1.3245688810820278E-003   2.6800357271653712E-003
   107.12359379692580        2.3521281569820053E-003   1.3240850433028520E-003   2.6772793176152942E-003
   110.90736836557576        2.3536872719560238E-003   1.3236921790881245E-003   2.6748477314955769E-003
   114.82483910697920        2.3553653771608853E-003   1.3233731755449109E-003   2.6726999111425743E-003
   118.88068277378797        2.3571367646936341E-003   1.3231141498569795E-003   2.6708000928455668E-003
   123.07973629915718        2.3589811436494266E-003   1.3229038274558240E-003   2.6691172292977829E-003
   127.42715949490271        2.3608832563605533E-003   1.3227330468434156E-003   2.6676244905660565E-003
   131.92808807993632        2.3628322553877045E-003   1.3225943772436578E-003   2.6662989637829641E-003
   136.58805281121437        2.3648213973042286E-003   1.3224817783048892E-003   2.6651210895704187E-003
   141.41261684513370        2.3668473769556937E-003   1.3223903497982300E-003   2.6640743686868929E-003
   146.40753387824964        2.3689098716807113E-003   1.3223161121301138E-003   2.6631449121195250E-003
   151.57894168226974        2.3710110802355315E-003   1.3222558315591627E-003   2.6623210346693412E-003
   156.93294936957258        2.3731550071993167E-003   1.3222068852383334E-003   2.6615929676355281E-003
   162.47613596373097        2.3753471213628094E-003   1.3221671410998084E-003   2.6609524420777527E-003
   168.21511902855468        2.3775936495911928E-003   1.3221348695058358E-003   2.6603924418335170E-003
   174.15674278185460        2.1267417203111156E-003   1.2193897996365520E-003   2.3909919244538879E-003
   180.30830831190286        1.8236231609382607E-003   1.0955481250503722E-003   2.0664318895910186E-003
   186.67715947709803        1.5776616520587097E-003   9.9499069978988019E-004   1.8028847217600133E-003
   193.27089166569760        1.3781502655324880E-003   9.1334057735089464E-004   1.5888769890546870E-003
   200.09760727912413        1.2163786662333590E-003   8.4704113498535794E-004   1.4150870859727398E-003
   207.16537088595135        1.0852745551452720E-003   7.9320764061376536E-004   1.2739556005871397E-003
   214.48286737908427        9.7908351820755126E-004   7.4949514452912042E-004   1.1593385917524051E-003
   222.05883252794877        8.9313314529974755E-004   7.1400130876931407E-004   1.0662525504068548E-003
   229.90230130529540        8.2362570686987592E-004   6.8518119898517717E-004   9.9065080396364396E-004
   238.02291179328489        7.6747280626779987E-004   6.6177943116750321E-004   9.2924548309340283E-004
   246.43025707061713        7.2216739911168837E-004   6.4277777910002167E-004   8.7937008289790412E-004
   255.13466811288930        6.8566989802486993E-004   6.2734854398724545E-004   8.3885716551781173E-004
   264.14653641505117        6.5632413426342938E-004   6.1482025605942103E-004   8.0594843631753388E-004
   273.47660938458705        6.3278372745274284E-004   6.0464759858924581E-004   7.7921590748060020E-004
   283.13635184814427        6.1395343330125900E-004   5.9638745766720240E-004   7.5749913766760141E-004
   293.13729579387660        5.9894352151017305E-004   5.8968035760427603E-004   7.3985660804744323E-004
   303.49136818478553        5.8703033557205137E-004   5.8423435955958143E-004   7.2552355433769993E-004
   314.21129214162710        5.7762489796704935E-004   5.7981223963248451E-004   7.1387839842661672E-004
   325.30973137660959        5.7024851286221372E-004   5.7622158849407500E-004   7.0441684428565259E-004
   336.80032369109853        5.6451130030581197E-004   5.7330599986916281E-004   6.9672881590655009E-004
   348.69678677735646        5.6009619468341116E-004   5.7093858933293152E-004   6.9048150927846126E-004
   361.01330816366544        5.5674507375973387E-004   5.6901631099648907E-004   6.8540452531408826E-004
   373.76502243504467        5.5299064586130763E-004   5.6577113510624169E-004   6.7903265189852972E-004
   386.96715283564077        5.4595389481263659E-004   5.5755282366335205E-004   6.6641557409290208E-004
   400.63544401132759        5.4039307060935258E-004   5.5087975965226275E-004   6.5617274073941805E-004
   414.78669160661980        5.3602579264119723E-004   5.4546126902923326E-004   6.4785704976151831E-004
   429.43761284149554        5.3262170448718901E-004   5.4106158972500897E-004   6.4110593368843646E-004
   444.60621081975989        5.2999263598415387E-004   5.3748907475817105E-004   6.3562472489099380E-004
   460.31059410826708        5.2798522301875485E-004   5.3458825071836210E-004   6.3117441967786784E-004
   476.56949149896485        5.2647446180196557E-004   5.3223285391488769E-004   6.2756095521016464E-004
   493.40288198244309        5.2535854252666288E-004   5.3032028489532698E-004   6.2462667223295656E-004
   510.83065126063684        5.2455475166837890E-004   5.2876732653133320E-004   6.2224372345354021E-004
   528.87421463804299        5.2399591376067051E-004   5.2750633303280496E-004   6.2030820967099299E-004
   547.55511287104378        5.2362764409907684E-004   5.2648242682428359E-004   6.1873586609103551E-004
   566.89562449487210        5.2340599573903561E-004   5.2565104050870135E-004   6.1745828095904464E-004
   586.91951519858117        5.2329556472007605E-004   5.2497595947431999E-004   6.1641988433301458E-004
   607.65068989177485        5.2326794897037277E-004   5.2442780465578823E-004   6.1557561404268078E-004
   629.11387223602765        5.2330045876892084E-004   5.2398271660850852E-004   6.1488889158796227E-004
   651.33543626567803        5.2337507382020729E-004   5.2362130760559783E-004   6.1433001010885078E-004
   674.34163286578985        5.2347757800465505E-004   5.2332785250507464E-004   6.1387488998065432E-004
   698.16073213207346        5.2359685803085067E-004   5.2308956860612911E-004   6.1350397083124477E-004
   722.82116976782140        5.1612802789197435E-004   5.1529952606560220E-004   5.9866152069586501E-004
   748.35235540965130        5.0793017783086047E-004   5.0681527517936614E-004   5.8247624156738183E-004
   774.78566186873422        5.0129447867286860E-004   4.9992611095224721E-004   5.6933250509333215E-004
   802.15264573967897        4.9592311638493218E-004   4.9433222166424360E-004   5.5865861846076965E-004
   830.48594444209971        4.9157460975929399E-004   4.8979012301670624E-004   5.4999030601507980E-004
   859.82037403360118        4.8805310420712070E-004   4.8610196434032419E-004   5.4295031447492120E-004
   890.19058800385733        4.8520008307690433E-004   4.8310727144001476E-004   5.3723266604841348E-004
   921.63390537915473        4.8288702007140318E-004   4.8067559756843025E-004   5.3258864251476488E-004
   954.18786380243341        4.8100994871779320E-004   4.7870111794017292E-004   5.2881647709011219E-004
   987.89128659474920        4.7948471798588469E-004   4.7709788970533019E-004   5.2575231472676515E-004
   1022.7855886411724        4.7824321077248849E-004   4.7579607735306965E-004   5.2326301363912991E-004
   1058.9119914466876        4.7723041671886187E-004   4.7473903817690506E-004   5.2124058789062124E-004
   1096.3148872627712        4.7640183907291038E-004   4.7388072828287231E-004   5.1959726014273613E-004
   1135.0389283928459        4.7572157916400053E-004   4.7318379461084458E-004   5.1826182389022579E-004
   1175.1302964981960        4.7516066359167046E-004   4.7261790184354780E-004   5.1717645287604618E-004
   1216.6382559936744        4.7469571060480348E-004   4.7215840008421486E-004   5.1629416041772461E-004
   1259.6123598874483        4.7430789730528453E-004   4.7178529213024340E-004   5.1557683074262564E-004
   1304.1038583964914        4.7398206575075349E-004   4.7148233777311076E-004   5.1499351097168103E-004
   1350.1674228314519        4.7370601021717049E-004   4.7123634053097423E-004   5.1451905105340983E-004
   1397.8574692241625        4.2599036165424166E-004   4.2387411651257013E-004   4.6197559656332927E-004
   1447.2325992722181        3.8297757260491455E-004   3.8118821505544331E-004   4.1454633533796845E-004
   1498.3517579647787        3.4805056207333701E-004   3.4652795743380515E-004   3.7603417409283127E-004
   1551.2759091786245        2.8364546119538853E-004   2.8243359259194764E-004   3.0645822346279375E-004
   1606.0700862978565        2.3029174570652323E-004   2.2933148290363566E-004   2.4883658634077785E-004
   1662.7990190437411        1.8697321305599003E-004   1.8621389365960738E-004   2.0204984682995763E-004
   1721.5324161293761        1.5180187989277628E-004   1.5120265255385657E-004   1.6405973791593976E-004
   1782.3403946248577        1.2324606607305757E-004   1.2277409429563654E-004   1.3321274551271012E-004
   1845.2954731357936        1.0006184471277727E-004   9.9690813707112760E-005   1.0816603336551714E-004
   1910.4750110852074        8.1238437953015999E-005   8.0947319083084413E-005   8.7828456190934610E-005
   1977.9568210713478        6.5955879198357050E-005   6.5727906344405495E-005   7.1314837322014650E-005
   2047.8213808026539        5.3548286989745949E-005   5.3370122616914058E-005   5.7906314475584595E-005
   2120.1545400970977        4.3474614263905113E-005   4.3335671405663858E-005   4.7018762619835347E-005
   2195.0417479108573        3.5296058040136955E-005   3.5187947178595011E-005   3.8178411995278760E-005
   2272.5750259096239        2.8655954830072152E-005   2.8572040714933215E-005   3.1000148582918201E-005
   2352.8469348264384        2.3264989724652155E-005   2.3200032285839019E-005   2.5171553205911588E-005
   2435.9532056335870        1.8888227887787931E-005   1.8838095364298582E-005   2.0438906037804146E-005
   2521.9959596104222        1.5334787227420437E-005   1.5296227000930274E-005   1.6596041809349424E-005
   2611.0779162676686        1.2449832692288139E-005   1.2420287504617425E-005   1.3475711176670958E-005
   2703.3053132971791        1.0107634123618229E-005   1.0085096330094486E-005   1.0942088513442753E-005
   2798.7914800504532        8.2060382497179316E-006   8.1889341681394724E-006   8.8848057598450884E-006
   2897.6492167059700        6.6622000487048836E-006   6.6492977635007376E-006   7.2143457194487835E-006
   3000.0000000000000        5.4087847776417223E-006   5.3991216213949859E-006   5.8579421238021807E-006
