         200   4370.0000000000000     
   3.0000000000000000        4.6419277481326978E-003   2.7502367058829875E-002   2.5033037263538484E-002
   3.1059655287322618        4.9029036967911345E-003   2.7502367058829875E-002   2.5291506024957142E-002
   3.2156739552243598        5.1743038689855327E-003   2.7502367058829875E-002   2.5536612270384080E-002
   3.3292574962321346        5.4561991558612659E-003   2.7502367058829875E-002   2.5768685136929658E-002
   3.4468529954360925        5.7486243939918989E-003   2.7502367058829875E-002   2.5988134303366803E-002
   3.5686022069563790        6.0515754241088704E-003   2.7502367058829875E-002   2.6195439331154688E-002
   3.6946518254059528        6.3650057633469924E-003   2.7502367058829875E-002   2.6391137906754368E-002
   3.8251536998800524        6.6888240234763297E-003   2.7502367058829875E-002   2.6575814167567532E-002
   3.9602651907155879        7.0228920038467139E-003   2.7502367058829875E-002   2.6750087155462041E-002
   4.1001490688558144        7.3670219932309060E-003   2.7502367058829875E-002   2.6914598866038985E-002
   4.2449739038313119        7.7209756427120396E-003   2.7502367058829875E-002   2.7070003412512356E-002
   4.3949142193596993        8.0844626272716970E-003   2.7502367058829875E-002   2.7216956421831109E-002
   4.5501507036585132        8.4571398140926447E-003   2.7502367058829875E-002   2.7356105202438603E-002
   4.7108703059600501        8.8386105384778008E-003   2.7502367058829875E-002   2.7488079612347938E-002
   4.8772669425686850        9.2284257036976194E-003   2.7502367058829875E-002   2.7613484278383477E-002
   5.0495410155906377        9.6260824557502893E-003   2.7502367058829875E-002   2.7732890771997615E-002
   5.2279001269311909        1.0031026104043534E-002   2.7502367058829875E-002   2.7846831743912417E-002
   5.4125592113782046        1.0442651078314810E-002   2.7502367058829875E-002   2.7955795576563885E-002
   5.6037407956130689        1.0860302625835202E-002   2.7502367058829875E-002   2.8060222180581101E-002
   5.8016752663703963        1.1283278989988424E-002   2.7502367058829875E-002   2.8160499854984353E-002
   6.0066011480696169        1.1710834089496327E-002   2.7502367058829875E-002   2.8256963220826874E-002
   6.2187653902530293        1.2142180713604693E-002   2.7502367058829875E-002   2.8349892225953247E-002
   6.4384236651766908        1.2576494241978368E-002   2.7502367058829875E-002   2.8439512204715932E-002
   6.6658406759127811        1.3012916889040245E-002   2.7502367058829875E-002   2.8525994961038068E-002
   6.9012904753346884        1.3450562461382551E-002   2.7502367058829875E-002   2.8609460826547792E-002
   7.1450567963692624        1.3888521604192135E-002   2.7502367058829875E-002   2.8689981628183554E-002
   7.3974330131920443        1.4325866851460554E-002   2.7502367058829875E-002   2.8767584369474321E-002
   7.6587243988323896        1.4761661960986494E-002   2.7502367058829875E-002   2.8842256316304330E-002
   7.9292442763577622        1.5194961230982278E-002   2.7502367058829875E-002   2.8913948897828917E-002
   8.2093202460023029        1.5624825864812389E-002   2.7502367058829875E-002   2.8982584974869007E-002
   8.4992881560440416        1.6050320562650756E-002   2.7502367058829875E-002   2.9048063107418864E-002
   8.7994991583321234        1.6470530635831468E-002   2.7502367058829875E-002   2.9110265352883254E-002
   9.1103132457223861        1.6884558824976411E-002   2.7502367058829875E-002   2.9169061943565652E-002
   9.4321068148357909        1.7291542019738575E-002   2.7502367058829875E-002   2.9224318902582768E-002
   9.7652657388916850        1.7690647971843859E-002   2.7502367058829875E-002   2.9275902566828785E-002
   10.110193474162946        1.8081091119017841E-002   2.7502367058829875E-002   2.9323686456672295E-002
   10.467303634806061        1.8462128871372101E-002   2.7502367058829875E-002   2.9367555144256059E-002
   10.837027566606025        1.8833074999302823E-002   2.7502367058829875E-002   2.9407409795270567E-002
   11.219811965471335        1.9193300648438570E-002   2.7502367058829875E-002   2.9443171566192840E-002
   11.616115840724994        1.9542235234225797E-002   2.7502367058829875E-002   2.9474784513565850E-002
   12.026419117330413        1.9879377096157776E-002   2.7502367058829875E-002   2.9502218745039915E-002
   12.451213803399156        2.0204287753649516E-002   2.7502367058829875E-002   2.9525471365228168E-002
   12.891014326336300        2.0516601675475352E-002   2.7502367058829875E-002   2.9544568090761638E-002
   13.346348065368609        2.0816019605874318E-002   2.7502367058829875E-002   2.9559562964976339E-002
   13.817766430769083        2.1102316263255986E-002   2.7502367058829875E-002   2.9570538432240296E-002
   14.305834715756038        2.1375332825598604E-002   2.7502367058829875E-002   2.9577604021954387E-002
   14.811143972217785        2.1634982633186271E-002   2.7502367058829875E-002   2.9580895149307587E-002
   15.334300133051286        2.1881242999580452E-002   2.7502367058829875E-002   2.9580571067999408E-002
   15.875936741648431        2.2114159082805531E-002   2.7502367058829875E-002   2.9576812745306404E-002
   16.436703292225193        2.2333835238174952E-002   2.7502367058829875E-002   2.9569820424535282E-002
   17.017278874447534        2.2540437286865955E-002   2.7502367058829875E-002   2.9559810946037914E-002
   17.618359675531394        2.2734183657911057E-002   2.7502367058829875E-002   2.9547015250888757E-002
   18.240671728221173        2.2915345814995009E-002   2.7502367058829875E-002   2.9531675547086352E-002
   18.884968846184627        2.3084242538117885E-002   2.7502367058829875E-002   2.9514042741669556E-002
   19.552019805756849        2.3241232271318066E-002   2.7502367058829875E-002   2.9494374423837965E-002
   20.242632201214423        2.3386714710144453E-002   2.7501959903916535E-002   2.9472931074512054E-002
   20.957638264717446        2.3521122327235654E-002   2.7500939672875254E-002   2.9449975406336371E-002
   21.697899624358065        2.3644917126753089E-002   2.7500111260842341E-002   2.9425773218731539E-002
   22.464312967141105        2.3758587211002612E-002   2.7499438599328043E-002   2.9400587546007637E-002
   23.257792778673313        2.3862640355906666E-002   2.7498892412034088E-002   2.9374679923838892E-002
   24.079299719823517        2.3957604626986657E-002   2.7498448916288300E-002   2.9348308804234297E-002
   24.929823759061236        2.4044022624675896E-002   2.7498088804512145E-002   2.9321729812676722E-002
   25.810395145829254        2.4122450088915410E-002   2.7497796397686746E-002   2.9295195445987830E-002
   26.722064579292049        2.4193452016498741E-002   2.7497558969367595E-002   2.9268956014942438E-002
   27.665935811728254        2.4257603831103577E-002   2.7497366181196504E-002   2.9243259283903228E-002
   28.643146268414043        2.4315488271613842E-002   2.7497209640144255E-002   2.9218351909748190E-002
   29.654879655490589        2.4367695300183602E-002   2.7497082530521185E-002   2.9194480112766850E-002
   30.702343174827575        2.4395866585500969E-002   2.5322818281534227E-002   2.9142968650436557E-002
   31.786804983723918        2.4411504517118487E-002   2.2578377099056111E-002   2.9080727728876238E-002
   32.909571928103169        2.4424652412404962E-002   2.0349932749485915E-002   2.9022443381007856E-002
   34.072004028335677        2.4435590288387314E-002   1.8540460299605554E-002   2.8967893671872278E-002
   35.275488300232773        2.4444633661629567E-002   1.7071205942287452E-002   2.8916908157120488E-002
   36.521481794408061        2.4452127711638291E-002   1.5878193830550079E-002   2.8869360079689606E-002
   37.811486012809581        2.4458440935729558E-002   1.4909486205717991E-002   2.8825162090962947E-002
   39.147055493126302        2.4463959168185636E-002   1.4122910400513958E-002   2.8784260505505605E-002
   40.529808025860810        2.4469079499734980E-002   1.3484219445752833E-002   2.8746629788783267E-002
   41.961393513511240        2.4474203952855239E-002   1.2965615546409364E-002   2.8712268190606367E-002
   43.443545167355794        2.4479733363459006E-002   1.2544517096008781E-002   2.8681191189502374E-002
   44.978049075047366        2.4486060913385718E-002   1.2202591581846172E-002   2.8653427193208597E-002
   46.566763998623138        2.4493565886119881E-002   1.1924951802370498E-002   2.8629011962675196E-002
   48.211585595230147        2.4502607275090960E-002   1.1699514020332744E-002   2.8607983979482613E-002
   49.914505239722644        2.4513518067918807E-002   1.1516461982355362E-002   2.8590378428201862E-002
   51.677575059319224        2.4526599443311242E-002   1.1367826521587457E-002   2.8576222730196232E-002
   53.502930680545909        2.4542115739725201E-002   1.1247136152367958E-002   2.8565531403887037E-002
   55.392750120602578        2.4560289476282783E-002   1.1149138058573356E-002   2.8558301560418633E-002
   57.349321371645829        2.4581297982865232E-002   1.1069565102235467E-002   2.8554508050628397E-002
   59.375002227322796        2.4605269891974226E-002   1.1004953076274818E-002   2.8554099610646901E-002
   61.472246417894510        2.4632283071112586E-002   1.0952488817551341E-002   2.8556995118518502E-002
   63.643556378429672        2.4662362530599204E-002   1.0909888920140305E-002   2.8563080338665548E-002
   65.891560899834928        2.4695480876228901E-002   1.0875298453678902E-002   2.8572205494674301E-002
   68.218968971510208        2.4731558123509158E-002   1.0847211522894211E-002   2.8584183438671636E-002
   70.628585269218178        2.4740597931564422E-002   1.0816455358592528E-002   2.8555076477998726E-002
   73.123328588587739        2.4671952534617465E-002   1.0770810826282281E-002   2.8411081318087873E-002
   75.706175661273647        2.4613963967406453E-002   1.0733748406244302E-002   2.8281977629116654E-002
   78.380253523498894        2.4565281524468508E-002   1.0703654286886837E-002   2.8166118086563139E-002
   81.148784610322849        2.4524697977285802E-002   1.0679218321319192E-002   2.8062020620642118E-002
   84.015122474940881        2.4491133048418812E-002   1.0659376584419034E-002   2.7968351167615802E-002
   86.982687236203873        2.4463621110572948E-002   1.0643265502761338E-002   2.7883912234272803E-002
   90.055071705548812        2.4441299316236537E-002   1.0630183550371652E-002   2.7807627777476109E-002
   93.235978303002270        2.4423399678980849E-002   1.0619561204711499E-002   2.7738535120122650E-002
   96.529260096906100        2.4409241572690133E-002   1.0610935976161914E-002   2.7675774798375415E-002
   99.938826062156153        2.4398226083388430E-002   1.0603932505604541E-002   2.7618584034004533E-002
   103.46886588546354        2.4389830083384974E-002   1.0598245726715439E-002   2.7566285302664594E-002
   107.12359379692580        2.4383602585667234E-002   1.0593628154762978E-002   2.7518283796964166E-002
   110.90736836557576        2.4379160064248590E-002   1.0589878801452551E-002   2.7474058566198983E-002
   114.82483910697920        2.4376182411533491E-002   1.0586834347552325E-002   2.7433154904321664E-002
   118.88068277378797        2.4374409255267765E-002   1.0584362300508758E-002   2.7395181465180721E-002
   123.07973629915718        2.4373635623551406E-002   1.0582355059936939E-002   2.7359802693852412E-002
   127.42715949490271        2.4373707661272618E-002   1.0580725191828590E-002   2.7326732037957564E-002
   131.92808807993632        2.4374518081379071E-002   1.0579401779556841E-002   2.7295729266782524E-002
   136.58805281121437        2.4376001288629604E-002   1.0578327176200259E-002   2.7266591913755935E-002
   141.41261684513370        2.4378128176249292E-002   1.0577454615755053E-002   2.7239152675700876E-002
   146.40753387824964        2.4380900715571242E-002   1.0576746118426281E-002   2.7213273187063569E-002
   151.57894168226974        2.4384346502683056E-002   1.0576170822561263E-002   2.7188838412711979E-002
   156.93294936957258        2.4388512822729774E-002   1.0575703696660865E-002   2.7165754282582878E-002
   162.47613596373097        2.4393461297572822E-002   1.0575324393044592E-002   2.7143941254136879E-002
   168.21511902855468        2.4399261994171952E-002   1.0575016404678225E-002   2.7123332559531543E-002
   174.15674278185460        2.1812124986859451E-002   9.8833232406059686E-003   2.4363224521741184E-002
   180.30830831190286        1.8693562370158071E-002   9.0496339768350604E-003   2.1044636780951521E-002
   186.67715947709803        1.6164192596228654E-002   8.3726918560808987E-003   1.8351033755160888E-002
   193.27089166569760        1.4113284250887813E-002   7.8230317300334879E-003   1.6164558763919940E-002
   200.09760727912413        1.2450831636288129E-002   7.3767107845291204E-003   1.4389530334740866E-002
   207.16537088595135        1.1103815815759898E-002   7.0143093034538999E-003   1.2948410988466715E-002
   214.48286737908427        1.0012873519721119E-002   6.7200413294446031E-003   1.1778226885881012E-002
   222.05883252794877        9.1298422089272548E-003   6.4811005213371636E-003   1.0827933590656846E-002
   229.90230130529540        8.4156063917994513E-003   6.2870865418910727E-003   1.0056110406518848E-002
   238.02291179328489        7.8383811998669201E-003   6.1295482766177247E-003   9.4291257061739041E-003
   246.43025707061713        7.3723844572213702E-003   6.0016311326069882E-003   8.9197211160231115E-003
   255.13466811288930        6.9966568747318351E-003   5.8977631277152484E-003   8.5057536228833226E-003
   264.14653641505117        6.6941916700095109E-003   5.8134239973396283E-003   8.1692707418710674E-003
   273.47660938458705        6.4511730317665453E-003   5.7449427260289777E-003   7.8957007604288816E-003
   283.13635184814427        6.2563698831516572E-003   5.6893363170640266E-003   7.6732084898310880E-003
   293.13729579387660        6.1006647362445952E-003   5.6441848175209034E-003   7.4921964626781471E-003
   303.49136818478553        5.9766467394264979E-003   5.6075229255079595E-003   7.3448727457379086E-003
   314.21129214162710        5.8782879311444960E-003   5.5777536744166375E-003   7.2249070807715778E-003
   325.30973137660959        5.8006920076220728E-003   5.5535817846707894E-003   7.1271657970001182E-003
   336.80032369109853        5.7398732046989786E-003   5.5339543455047383E-003   7.0474758320361840E-003
   348.69678677735646        5.6925918357976692E-003   5.5180171841768587E-003   6.9824515587028190E-003
   361.01330816366544        5.6562116486546781E-003   5.5050766064882297E-003   6.9293428519164079E-003
   373.76502243504467        5.6157013569154346E-003   5.4776946085465898E-003   6.8631997355687382E-003
   386.96715283564077        5.5416088962943946E-003   5.3995241191308512E-003   6.7339726619091511E-003
   400.63544401132759        5.4827263598443768E-003   5.3360516304968913E-003   6.6288586953845942E-003
   414.78669160661980        5.4361440528640651E-003   5.2845123250276193E-003   6.5433126292051141E-003
   429.43761284149554        5.3994896290024330E-003   5.2426636938491247E-003   6.4736490434686772E-003
   444.60621081975989        5.3708258131135193E-003   5.2086828395892975E-003   6.4168725277603334E-003
   460.31059410826708        5.3485739278664943E-003   5.1810909386889150E-003   6.3705529432074035E-003
   476.56949149896485        5.3314470058276461E-003   5.1586870030172951E-003   6.3327160446039641E-003
   493.40288198244309        5.3183961892670703E-003   5.1404951326629788E-003   6.3017563922568636E-003
   510.83065126063684        5.3085683992895550E-003   5.1257237874542836E-003   6.2763702313153868E-003
   528.87421463804299        5.3012693387803882E-003   5.1137295378307166E-003   6.2554956132122742E-003
   547.55511287104378        5.2959351636343204E-003   5.1039904022440411E-003   6.2382685166996656E-003
   566.89562449487210        5.2921080600494656E-003   5.0960824669419799E-003   6.2239842817494243E-003
   586.91951519858117        5.2894165648091586E-003   5.0896612677431476E-003   6.2120669001391113E-003
   607.65068989177485        5.2875597135702800E-003   5.0844473584458439E-003   6.2020453716016598E-003
   629.11387223602765        5.2862936372414107E-003   5.0802137940779372E-003   6.1935331226123718E-003
   651.33543626567803        5.2854207176098057E-003   5.0767761635095270E-003   6.1862116492218209E-003
   674.34163286578985        5.2847807923647903E-003   5.0739848931872847E-003   6.1798181436934557E-003
   698.16073213207346        5.2842437897311582E-003   5.0717183973103966E-003   6.1741342834806317E-003
   722.82116976782140        5.2054652075394989E-003   4.9916613342771742E-003   6.0212169668176774E-003
   748.35235540965130        5.1190766652513689E-003   4.9044279284917109E-003   5.8544648576131985E-003
   774.78566186873422        5.0486545036689690E-003   4.8335948913025067E-003   5.7184116068762034E-003
   802.15264573967897        4.9911081519114445E-003   4.7760796173292883E-003   5.6072253278097684E-003
   830.48594444209971        4.9439266841580934E-003   4.7293786487050430E-003   5.5161666286268852E-003
   859.82037403360118        4.9050686323325113E-003   4.6914577236013303E-003   5.4413817739518934E-003
   890.19058800385733        4.8728770917258173E-003   4.6606668777766942E-003   5.3797435047924459E-003
   921.63390537915473        4.8460041516147061E-003   4.6356648833257739E-003   5.3287089188392986E-003
   954.18786380243341        4.8233556161201337E-003   4.6153636705332053E-003   5.2862156360164326E-003
   987.89128659474920        4.8040425394955842E-003   4.5988795918500283E-003   5.2505904504428404E-003
   1022.7855886411724        4.7873426686425658E-003   4.5854946122326065E-003   5.2204765926383567E-003
   1058.9119914466876        4.7726711686715837E-003   4.5746263424676073E-003   5.1947781713413011E-003
   1096.3148872627712        4.7595541261225014E-003   4.5658013682560155E-003   5.1726098982118199E-003
   1135.0389283928459        4.7476097478538187E-003   4.5586356327499732E-003   5.1532608949503731E-003
   1175.1302964981960        4.7365315700676966E-003   4.5528172341591571E-003   5.1361623422142826E-003
   1216.6382559936744        4.7260750525734410E-003   4.5480927270731926E-003   5.1208615335677941E-003
   1259.6123598874483        4.7160478057007189E-003   4.5442565041718501E-003   5.1070022615388958E-003
   1304.1038583964914        4.7063006335953707E-003   4.5411415868120766E-003   5.0943070638822339E-003
   1350.1674228314519        4.6967202814282008E-003   4.5386122913523763E-003   5.0825628010954553E-003
   1397.8574692241625        4.2134677729114183E-003   4.0755696445447208E-003   4.5523918303882888E-003
   1447.2325992722181        3.7776214511079822E-003   3.6581440432244391E-003   4.0738487216280010E-003
   1498.3517579647787        3.4228721578031633E-003   3.3192012451167502E-003   3.6847340315215443E-003
   1551.2759091786245        2.7839368646514224E-003   2.7051151487223935E-003   2.9980541102814723E-003
   1606.0700862978565        2.2557597798782691E-003   2.1965094972887498E-003   2.4305464324433919E-003
   1662.7990190437411        1.8277202794520022E-003   1.7835343877417597E-003   1.9705596206804942E-003
   1721.5324161293761        1.4808600911717330E-003   1.4482009105106280E-003   1.5977188706274182E-003
   1782.3403946248577        1.1998125263765513E-003   1.1759155817899919E-003   1.2955174958691549E-003
   1845.2954731357936        9.7211082661041433E-004   9.5482668287689119E-004   1.0505701672718539E-003
   1910.4750110852074        7.8763703167916504E-004   7.7530373455427393E-004   8.5201811616016174E-004
   1977.9568210713478        6.3819403651283889E-004   6.2953402077401343E-004   6.9106749905157325E-004
   2047.8213808026539        5.1713502151630713E-004   5.1117264718850575E-004   5.6058996500449744E-004
   2120.1545400970977        4.1906822457299592E-004   4.1506387439147553E-004   4.5480461248550242E-004
   2195.0417479108573        3.3962855091937042E-004   3.3702594684898086E-004   3.6903214619269688E-004
   2272.5750259096239        2.7527500647946238E-004   2.7365958651932106E-004   2.9947695423391207E-004
   2352.8469348264384        2.2314120319821557E-004   2.2220713269736271E-004   2.4306645965518417E-004
   2435.9532056335870        1.8090471910723414E-004   1.8042902289128752E-004   1.9731080251667157E-004
   2521.9959596104222        1.4668308357312915E-004   1.4650543159111702E-004   1.6019121195970823E-004
   2611.0779162676686        1.1895305268894938E-004   1.1896002728248392E-004   1.3007348810661180E-004
   2703.3053132971791        9.6480873738904495E-005   9.6593845684208454E-005   1.0563327139096573E-004
   2798.7914800504532        7.8266793761728600E-005   7.8432631426138871E-005   8.5796625840961279E-005
   2897.6492167059700        6.3502177028815194E-005   6.3686178203309720E-005   6.9694193918048666E-005
   3000.0000000000000        5.1531568025388998E-005   5.1712140732959698E-005   5.6620599047582674E-005
