         200   4370.0000000000000     
   3.0000000000000000        1.9565352211392355E-003   1.7731755491183279        9.4430892858951045E-004
   3.1059655287322618        2.0970158813144409E-003   1.7731755491183279        1.0068580843791645E-003
   3.2156739552243598        2.2475237838506909E-003   1.7731755491183279        1.0737784299951157E-003
   3.3292574962321346        2.4087460765594478E-003   1.7731755491183279        1.1453800405611442E-003
   3.4468529954360925        2.5814170311120859E-003   1.7731755491183279        1.2219948640070364E-003
   3.5686022069563790        2.7663228767896499E-003   1.7731755491183279        1.3039783001178890E-003
   3.6946518254059528        2.9643070372255137E-003   1.7731755491183279        1.3917107154548887E-003
   3.8251536998800524        3.1762764987483660E-003   1.7731755491183279        1.4855991823906744E-003
   3.9602651907155879        3.4032094054436074E-003   1.7731755491183279        1.5860794506236120E-003
   4.1001490688558144        3.6461629764780118E-003   1.7731755491183279        1.6936177199990310E-003
   4.2449739038313119        3.9062833808703387E-003   1.7731755491183279        1.8087129112001647E-003
   4.3949142193596993        4.1848164991339287E-003   1.7731755491183279        1.9318989356536080E-003
   4.5501507036585132        4.4831201241598189E-003   1.7731755491183279        2.0637471879038170E-003
   4.7108703059600501        4.8026773722127493E-003   1.7731755491183279        2.2048691401841164E-003
   4.8772669425686850        5.1451128524869164E-003   1.7731755491183279        2.3559197048632734E-003
   5.0495410155906377        5.5122081064340901E-003   1.7731755491183279        2.5175998055771143E-003
   5.2279001269311909        5.9059211638960753E-003   1.7731755491183279        2.6906602763548293E-003
   5.4125592113782046        6.3284068390419088E-003   1.7731755491183279        2.8759055701593639E-003
   5.6037407956130689        6.7820393118214221E-003   1.7731755491183279        3.0741979243131025E-003
   5.8016752663703963        7.2694369565913875E-003   1.7731755491183279        3.2864619185433938E-003
   6.0066011480696169        7.7934896500260944E-003   1.7731755491183279        3.5136894651575479E-003
   6.2187653902530293        8.3573888416795892E-003   1.7731755491183279        3.7569452736106795E-003
   6.4384236651766908        8.9646607325407600E-003   1.7731755491183279        4.0173728346126168E-003
   6.6658406759127811        9.6192029809523127E-003   1.7731755491183279        4.2962009719990334E-003
   6.9012904753346884        1.0325325443004223E-002   1.7731755491183279        4.5947510139452818E-003
   7.1450567963692624        1.1087795557938807E-002   1.7731755491183279        4.9144446388231164E-003
   7.3974330131920443        1.1911887840051450E-002   1.7731755491183279        5.2568119299681347E-003
   7.6587243988323896        1.2803447242606743E-002   1.7731755491183279        5.6235033802083459E-003
   7.9292442763577622        1.3768939262171294E-002   1.7731755491183279        6.0162942835103430E-003
   8.2093202460023029        1.4815542892791250E-002   1.7731755491183279        6.4371041912925173E-003
   8.4992881560440416        1.5951210347637773E-002   1.7731755491183279        6.8879997861040956E-003
   8.7994991583321234        1.7184786273748157E-002   1.7731755491183279        7.3712182304378872E-003
   9.1103132457223861        1.8526088344483226E-002   1.7731755491183279        7.8891709970471454E-003
   9.4321068148357909        1.9986059692863579E-002   1.7731755491183279        8.4444712555600786E-003
   9.7652657388916850        2.1576877450854327E-002   1.7731755491183279        9.0399388954815023E-003
   10.110193474162946        2.3312147630610049E-002   1.7731755491183279        9.6786326792066835E-003
   10.467303634806061        2.5207048766415212E-002   1.7731755491183279        1.0363856761910116E-002
   10.837027566606025        2.7278571476572359E-002   1.7731755491183279        1.1099196236309996E-002
   11.219811965471335        2.9545733970730716E-002   1.7731755491183279        1.1888536833160046E-002
   11.616115840724994        3.2029812127356776E-002   1.7731755491183279        1.2736084257229155E-002
   12.026419117330413        3.4754663795161560E-002   1.7731755491183279        1.3646410583340656E-002
   12.451213803399156        3.7746965810851754E-002   1.7731755491183279        1.4624466459950802E-002
   12.891014326336300        4.1036592360575649E-002   1.7731755491183279        1.5675638222642427E-002
   13.346348065368609        4.4656869224659806E-002   1.7731755491183279        1.6805763445534607E-002
   13.817766430769083        4.8644984571652422E-002   1.7731755491183279        1.8021198492405594E-002
   14.305834715756038        5.3042235471731029E-002   1.7731755491183279        1.9328838210311561E-002
   14.811143972217785        5.7894450767384947E-002   1.7731755491183279        2.0736195883945204E-002
   15.334300133051286        6.3252203511736119E-002   1.7731755491183279        2.2251427971277337E-002
   15.875936741648431        6.9171229935238610E-002   1.7731755491183279        2.3883428721972445E-002
   16.436703292225193        7.5712587772940931E-002   1.7731755491183279        2.5641860932744814E-002
   17.017278874447534        8.2943064749180076E-002   1.7731755491183279        2.7537267792423110E-002
   17.618359675531394        9.0935268301520933E-002   1.7731755491183279        2.9581110676047188E-002
   18.240671728221173        9.9767990410037130E-002   1.7731755491183279        3.1785894297513537E-002
   18.884968846184627       0.10952636958800209        1.7731755491183279        3.4165253834020221E-002
   19.552019805756849       0.12030180765164686        1.7731755491183279        3.6734005603203473E-002
   20.242632201214423       0.13219237202874948        1.7730084485775657        3.9508312616791032E-002
   20.957638264717446       0.14530251135050187        1.7726083743257497        4.2505785938076496E-002
   21.697899624358065       0.15974288671782258        1.7723053079499038        4.5745705258831183E-002
   22.464312967141105       0.17563002055425378        1.7720757263151470        4.9249041096449550E-002
   23.257792778673313       0.19308516525315506        1.7719018135949400        5.3038579968577970E-002
   24.079299719823517       0.21223375152096124        1.7717700703058197        5.7139211020235683E-002
   24.929823759061236       0.23320346453657731        1.7716702714285006        6.1578017531520618E-002
   25.810395145829254       0.25612241979756623        1.7715946708629875        6.6384509786056436E-002
   26.722064579292049       0.28111601398201874        1.7715374019093475        7.1590701587442962E-002
   27.665935811728254       0.30830459830845042        1.7714940192268844        7.7231481571787941E-002
   28.643146268414043       0.33779928739666182        1.7714611557464459        8.3344707608432170E-002
   29.654879655490589       0.36969817797149296        1.7714362606998020        8.9971483070106564E-002
   30.702343174827575       0.40394745396565696        1.7543851393156868        9.7096739291291492E-002
   31.786804983723918       0.44069219420293687        1.7340643865598582       0.10480683739041972     
   32.909571928103169       0.48002944356627048        1.7186709018149728       0.11318290204762818     
   34.072004028335677       0.52195474334621195        1.7070098873507786       0.12227872214929436     
   35.275488300232773       0.56642866994564223        1.6981764336296734       0.13215229988540977     
   36.521481794408061       0.61337509123261413        1.6914848687681687       0.14286615433187375     
   37.811486012809581       0.66267796701893134        1.6864158389515682       0.15448702715009535     
   39.147055493126302       0.71418058903063186        1.6825759205149426       0.16708576470766592     
   40.529808025860810       0.76768628419054619        1.6796670701036867       0.18073712222576022     
   41.961393513511240       0.82295900424182433        1.6774635572302297       0.19551901902908378     
   43.443545167355794       0.87972864111922777        1.6757943404344564       0.21151245123871026     
   44.978049075047366       0.93769469656312032        1.6745298664462009       0.22880042503995168     
   46.566763998623138       0.99653330642578453        1.6735719904544371       0.24746720879743048     
   48.211585595230147        1.0559034854130942        1.6728463800652444       0.26759674612511020     
   49.914505239722644        1.1154579491923700        1.6722967118225851       0.28927199640917833     
   51.677575059319224        1.1748512753129410        1.6718803242108735       0.31257301598276443     
   53.502930680545909        1.2337506952339052        1.6715648984289069       0.33757561684946924     
   55.392750120602578        1.2918450376031674        1.6713259570352557       0.36434911362754840     
   57.349321371645829        1.3488570924644459        1.6711449528794458       0.39295560541447772     
   59.375002227322796        1.4045520948364572        1.6710078376482935       0.42344794161496851     
   61.472246417894510        1.4587476063978011        1.6709039688544383       0.45586889650497880     
   63.643556378429672        1.5113205103392831        1.6708252861475041       0.49024964436129892     
   65.891560899834928        1.5622160268306846        1.6707656820047172       0.52661072409038512     
   68.218968971510208        1.6114521037297713        1.6707205303573454       0.56496176294760136     
   70.628585269218178        1.6560599013807311        1.6697797822056069       0.60374150109538061     
   73.123328588587739        1.6914062293117542        1.6667888909064343       0.64039694426130100     
   75.706175661273647        1.7268782367940008        1.6645232304051834       0.67953265500970905     
   78.380253523498894        1.7625034236020107        1.6628069352077464       0.72100243793839069     
   81.148784610322849        1.7984357342830901        1.6615067981381706       0.76468594683999214     
   84.015122474940881        1.8349412004653474        1.6605219063203049       0.81048928137361498     
   86.982687236203873        1.8723821535912317        1.6597758308977786       0.85834478968751693     
   90.055071705548812        1.9112031164574059        1.6592106598741894       0.90821399215562604     
   93.235978303002270        1.9519138000868181        1.6587825285133853       0.96008780967749929     
   96.529260096906100        1.9950725464864325        1.6584582064983491        1.0139881377041255     
   99.938826062156153        2.0412670229605721        1.6582125272927584        1.0699666300094530     
   103.46886588546354        2.0910982930931512        1.6580264168521190        1.1281079889241379     
   107.12359379692580        2.1451576893143374        1.6578854337131086        1.1885245503502286     
   110.90736836557576        2.2040081560915241        1.6577786366904337        1.2513561915033231     
   114.82483910697920        2.2681664172876599        1.6576977342758361        1.3167699153374672     
   118.88068277378797        2.3380790506554274        1.6576364487492197        1.3849518404949683     
   123.07973629915718        2.4141054987607893        1.6575900239652215        1.4561050316980444     
   127.42715949490271        2.4965038884071955        1.6575548555960242        1.5304472595779488     
   131.92808807993632        2.5854095615202444        1.6575282149838990        1.6081994663630932     
   136.58805281121437        2.6808307716970519        1.6575080338047496        1.6895867433865608     
   141.41261684513370        2.7826327589069644        1.6574927460757223        1.7748253875818172     
   146.40753387824964        2.8905356947452567        1.6574811653721364        1.8641184528090671     
   151.57894168226974        2.8526182750607378        1.6188718916844644        1.8679705171207430     
   156.93294936957258        2.5298488809437236        1.5117501581747399        1.6925941450827364     
   162.47613596373097        2.2879462705870663        1.4306017639608448        1.5520917270045058     
   168.21511902855468        2.1086770395091645        1.3691299018633876        1.4399242168833184     
   174.15674278185460        1.9780749945302540        1.3225639657068036        1.3512630186244912     
   180.30830831190286        1.8853701234584350        1.2872886688985137        1.2825387252282732     
   186.67715947709803        1.8222033170661884        1.2605667823861284        1.2311019794869851     
   193.27089166569760        1.7820306326991278        1.2403245183833491        1.1949529708482134     
   200.09760727912413        1.7596858657268890        1.2249903078057149        1.1725356683654315     
   207.16537088595135        1.7510580540692409        1.2133743936881638        1.1625847392271860     
   214.48286737908427        1.7528467735348034        1.2045749395803782        1.1640104946375802     
   222.05883252794877        1.7623821835636018        1.1979091412649963        1.1758246607507263     
   229.90230130529540        1.7774884791499599        1.1928596905375295        1.1970956048256864     
   238.02291179328489        1.7963825972004321        1.1890345580945532        1.2269303952628607     
   246.43025707061713        1.8175955538872868        1.1861369580048093        1.2644705387400055     
   255.13466811288930        1.8399154756211169        1.1839419263650770        1.3089022048191847     
   264.14653641505117        1.8623411549572100        1.1822791370571177        1.3594643381342504     
   273.47660938458705        1.8840484530136508        1.1810195470900238        1.4154598607846363     
   283.13635184814427        1.9043645247495362        1.1800653644060066        1.4762649509406731     
   293.13729579387660        1.9227455045950061        1.1793425480528728        1.5413279853070072     
   303.49136818478553        1.9387609054918395        1.1787950028996250        1.6101705667527935     
   314.21129214162710        1.9520807376390068        1.1783802186304546        1.6823866916159866     
   325.30973137660959        1.9624631530208307        1.1780660127948450        1.7576316609583555     
   336.80032369109853        1.9697461719908322        1.1778279910771499        1.8356227426615896     
   348.69678677735646        1.9738383012165830        1.1776476838961152        1.9161265625953954     
   361.01330816366544        1.9747113711492568        1.1775110982715007        1.9989552886336301     
   373.76502243504467        1.9449778933714645        1.1424637129299062        2.0553774992421419     
   386.96715283564077        1.8262931978090005        1.0039407369831594        2.0148523708766524     
   400.63544401132759        1.7255363060783229       0.89900732787427784        1.9860254144427487     
   414.78669160661980        1.6387114760401718       0.81951666459256001        1.9686037821755509     
   429.43761284149554        1.5626852933527036       0.75930119323506373        1.9622567622735398     
   444.60621081975989        1.4950129185214656       0.71368590446595404        1.9665145057108249     
   460.31059410826708        1.4338088960420206       0.67913122512924129        1.9807597300368358     
   476.56949149896485        1.3776326587600725       0.65295549306253176        2.0042705233087377     
   493.40288198244309        1.3253956547317747       0.63312647653159793        2.0362829247316023     
   510.83065126063684        1.2762914011605893       0.61810567373952374        2.0760445401859569     
   528.87421463804299        1.2297298440481641       0.60672689945680969        2.1228575469063231     
   547.55511287104378        1.1852923525842394       0.59810720401710105        2.1760982587914000     
   566.89562449487210        1.1426901380159780       0.59157764441309357        2.2352263752605062     
   586.91951519858117        1.1017309426329676       0.58663127863437825        2.2997854386460581     
   607.65068989177485        1.0622965877343546       0.58288428748343291        2.3693904396939947     
   629.11387223602765        1.0243211785205264       0.58004588069436436        2.4437183430101301     
   651.33543626567803       0.98777396753507818       0.57789569001398489        2.5224986407797720     
   674.34163286578985       0.95265013388227304       0.57626688557353445        2.6054949070678499     
   698.16073213207346       0.91895786122170608       0.57503301023843290        2.6925010293025520     
   722.82116976782140       0.87944383286474492       0.56672371865004634        2.7660778704663933     
   748.35235540965130       0.84114770021754326       0.55840642661299411        2.8422478356592795     
   774.78566186873422       0.80614291514600356       0.55210579208346011        2.9259063176028115     
   802.15264573967897       0.77400878808077156       0.54733290975254234        3.0160163649840830     
   830.48594444209971       0.74442338064171698       0.54371737369553996        3.1117045842579989     
   859.82037403360118       0.71713659851893552       0.54097848088979983        3.2122244990332383     
   890.19058800385733       0.69195311673214310       0.53890372500669803        3.3169165457593976     
   921.63390537915473       0.66871528679454306       0.53733202612932773        3.4251919526245569     
   954.18786380243341       0.64729455992431773       0.53614142639430407        3.5365032591797814     
   987.89128659474920       0.62758259758150270       0.53523952771485239        3.6503306149582886     
   1022.7855886411724       0.60948489936325023       0.53455630847275193        3.7661716992343144     
   1058.9119914466876       0.59291821235695419       0.53403875877565210        3.8835204416790798     
   1096.3148872627712       0.57780580776552570       0.53364669709526824        4.0018684262381425     
   1135.0389283928459       0.56407676823328756       0.53334970093429968        4.1206876201016067     
   1175.1302964981960       0.55166382377931844       0.53312472150796508        4.2394287859788040     
   1216.6382559936744       0.54050194174508759       0.53295429186143095        4.3575217473366301     
   1259.6123598874483       0.53052849549279246       0.53282518730143724        4.4743646815602425     
   1304.1038583964914       0.52168227922420307       0.53272738849572587        4.5893279506613496     
   1350.1674228314519       0.51390294128581404       0.53265330253968390        4.7017595397370018     
   1397.8574692241625       0.41751016335324720       0.42370793410698421        4.0897745340174847     
   1447.2325992722181       0.33256521628857932       0.32554916102538983        3.5501486644300422     
   1498.3517579647787       0.26727642504709354       0.25119152744582363        3.1390914779911396     
   1551.2759091786245       0.19939422201883311       0.19041066633864959        2.4400400672493525     
   1606.0700862978565       0.14862492485382695       0.14424066349607942        1.8853875610156963     
   1662.7990190437411       0.11097413134811490       0.10926613480345396        1.4546089090469887     
   1721.5324161293761        8.2999824793298038E-002   8.2771727470727294E-002   1.1204791943631334     
   1782.3403946248577        6.2177294301375127E-002   6.2701576117907637E-002  0.86168861340028147     
   1845.2954731357936        4.6650392452730546E-002   4.7498109773146870E-002  0.66155612592708746     
   1910.4750110852074        3.5051712540748618E-002   3.5980961572306923E-002  0.50703024201681446     
   1977.9568210713478        2.6372838309416790E-002   2.7256444558552841E-002  0.38791981460371971     
   2047.8213808026539        1.9868236233556349E-002   2.0647480905955820E-002  0.29626931602577872     
   2120.1545400970977        1.4985525311438881E-002   1.5640963831831205E-002  0.22587361482565388     
   2195.0417479108573        1.1315022774644161E-002   1.1848445653824004E-002  0.17190473167268303     
   2272.5750259096239        8.5519376299149838E-003   8.9754828096933782E-003  0.13060623017955347     
   2352.8469348264384        6.4693265990141934E-003   6.7991442946021864E-003   9.9063703463082312E-002
   2435.9532056335870        4.8977894695634407E-003   5.1505324437330280E-003   7.5018248024035603E-002
   2521.9959596104222        3.7106164903598767E-003   3.9016523145864275E-003   5.6721737051701603E-002
   2611.0779162676686        2.8129487741847320E-003   2.9555955525414211E-003   4.2825298331838298E-002
   2703.3053132971791        2.1336085056155867E-003   2.2389421557067212E-003   3.2289552776529895E-002
   2798.7914800504532        1.6190888944330730E-003   1.6960525808680869E-003   2.4315103815825193E-002
   2897.6492167059700        1.2291484393214640E-003   1.2848048909586149E-003   1.8289123816387070E-002
   3000.0000000000000        9.3344310453822915E-004   9.7327063393224430E-004   1.3742268389950582E-002
