         200   4370.0000000000000     
   3.0000000000000000        3.0867183167159248E-003  0.43363345804001813        1.5169512943593092E-003
   3.1059655287322618        3.3028447017684056E-003  0.43363345804001813        1.6173800239028958E-003
   3.2156739552243598        3.5336983936547755E-003  0.43363345804001813        1.7248040174952003E-003
   3.3292574962321346        3.7802329814035601E-003  0.43363345804001813        1.8397151863583120E-003
   3.4468529954360925        4.0434681109962293E-003  0.43363345804001813        1.9626397778877364E-003
   3.5686022069563790        4.3244972445778693E-003  0.43363345804001813        2.0941409059506821E-003
   3.6946518254059528        4.6244962234049400E-003  0.43363345804001813        2.2348210014171079E-003
   3.8251536998800524        4.9447338343056599E-003  0.43363345804001813        2.3853246509319623E-003
   3.9602651907155879        5.2865846382071568E-003  0.43363345804001813        2.5463418431072461E-003
   4.1001490688558144        5.6515428633565337E-003  0.43363345804001813        2.7186109380471085E-003
   4.2449739038313119        6.0412400502827847E-003  0.43363345804001813        2.9029224845864379E-003
   4.3949142193596993        6.4574651081953987E-003  0.43363345804001813        3.1001230946581210E-003
   4.5501507036585132        6.9021879665386318E-003  0.43363345804001813        3.3111197427076410E-003
   4.7108703059600501        7.3775869083855606E-003  0.43363345804001813        3.5368843091164426E-003
   4.8772669425686850        7.8860824005690423E-003  0.43363345804001813        3.7784594455696268E-003
   5.0495410155906377        8.4303728280860253E-003  0.43363345804001813        4.0369632831295721E-003
   5.2279001269311909        9.0134800138614683E-003  0.43363345804001813        4.3135963906955604E-003
   5.4125592113782046        9.6388002217609719E-003  0.43363345804001813        4.6096485740969844E-003
   5.6037407956130689        1.0310163684116627E-002  0.43363345804001813        4.9265065744652963E-003
   5.8016752663703963        1.1031903298551846E-002  0.43363345804001813        5.2656625890951892E-003
   6.0066011480696169        1.1808933428906916E-002  0.43363345804001813        5.6287237077687494E-003
   6.2187653902530293        1.2646839615629006E-002  0.43363345804001813        6.0174223660292578E-003
   6.4384236651766908        1.3551979780437656E-002  0.43363345804001813        6.4336279259737351E-003
   6.6658406759127811        1.4531597194450319E-002  0.43363345804001813        6.8793595048459001E-003
   6.9012904753346884        1.5593945076506808E-002  0.43363345804001813        7.3568001821126810E-003
   7.1450567963692624        1.6748422222512806E-002  0.43363345804001813        7.8683127268627459E-003
   7.3974330131920443        1.8005716630660373E-002  0.43363345804001813        8.4164561581227034E-003
   7.6587243988323896        1.9377969197788118E-002  0.43363345804001813        9.0040091932609631E-003
   7.9292442763577622        2.0878912377913283E-002  0.43363345804001813        9.6339821323824723E-003
   8.2093202460023029        2.2524066107864799E-002  0.43363345804001813        1.0309653586087089E-002
   8.4992881560440416        2.4330869102403545E-002  0.43363345804001813        1.1034581393680094E-002
   8.7994991583321234        2.6318885753575119E-002  0.43363345804001813        1.1812647266109167E-002
   9.1103132457223861        2.8509929945841912E-002  0.43363345804001813        1.2648071003960513E-002
   9.4321068148357909        3.0928278434172549E-002  0.43363345804001813        1.3545463654572206E-002
   9.7652657388916850        3.3600784090854340E-002  0.43363345804001813        1.4509845732467205E-002
   10.110193474162946        3.6557100632778824E-002  0.43363345804001813        1.5546710456629569E-002
   10.467303634806061        3.9829790014939685E-002  0.43363345804001813        1.6662046793500546E-002
   10.837027566606025        4.3454560661717448E-002  0.43363345804001813        1.7862410929837053E-002
   11.219811965471335        4.7470436415864903E-002  0.43363345804001813        1.9154973562101871E-002
   11.616115840724994        5.1919921726945921E-002  0.43363345804001813        2.0547567967576199E-002
   12.026419117330413        5.6849311454405367E-002  0.43363345804001813        2.2048784102710717E-002
   12.451213803399156        6.2308826016751626E-002  0.43363345804001813        2.3668008290620667E-002
   12.891014326336300        6.8352986643110278E-002  0.43363345804001813        2.5415538700226694E-002
   13.346348065368609        7.5040753957966028E-002  0.43363345804001813        2.7302634036186452E-002
   13.817766430769083        8.2435943712432444E-002  0.43363345804001813        2.9341650571739226E-002
   14.305834715756038        9.0607329242200427E-002  0.43363345804001813        3.1546101529257228E-002
   14.811143972217785        9.9629054563558250E-002  0.43363345804001813        3.3930819633788335E-002
   15.334300133051286       0.10958063201423152       0.43363345804001813        3.6512029120961097E-002
   15.875936741648431       0.12054728414124811       0.43363345804001813        3.9307538450175428E-002
   16.436703292225193       0.13261974389824149       0.43363345804001813        4.2336827098543445E-002
   17.017278874447534       0.14589443923772794       0.43363345804001813        4.5621273779036874E-002
   17.618359675531394       0.16047298849819958       0.43363345804001813        4.9184260312744296E-002
   18.240671728221173       0.17646208401762983       0.43363345804001813        5.3051429425468824E-002
   18.884968846184627       0.19397287185064355       0.43363345804001813        5.7250880625116171E-002
   19.552019805756849       0.21311977199812826       0.43363345804001813        6.1813303663175549E-002
   20.242632201214423       0.23402006558824975       0.43358411187514206        6.6772364507898349E-002
   20.957638264717446       0.25679219048798502       0.43346596665608600        7.2164880728243619E-002
   21.697899624358065       0.28155425943295986       0.43337646866115065        7.8031147540271212E-002
   22.464312967141105       0.30842234951574571       0.43330867131501682        8.4415247482769601E-002
   23.257792778673313       0.33750767577035673       0.43325731345748858        9.1365235363402672E-002
   24.079299719823517       0.36891507475786450       0.43321840858000238        9.8933709772971792E-002
   24.929823759061236       0.40273963296764126       0.43318893715021423       0.10717802812487963     
   25.810395145829254       0.43906407406728903       0.43316661168104764       0.11616077736144455     
   26.722064579292049       0.47795470526126049       0.43314969968773087       0.12594994710203977     
   27.665935811728254       0.51945941573271603       0.43313688842457271       0.13661964504676213     
   28.643146268414043       0.56360351136919074       0.43312718356834234       0.14825028275668187     
   29.654879655490589       0.61038697204459769       0.43311983185618935       0.16092908590313987     
   30.702343174827575       0.65954487082255209       0.41558057209767030       0.17463667708982705     
   31.786804983723918       0.71117026169027608       0.39467206643642977       0.18954658503499466     
   32.909571928103169       0.76528539418842190       0.37883334398347779       0.20582386388411145     
   34.072004028335677       0.82175340624538940       0.36683504894638369       0.22358187749656885     
   35.275488300232773       0.88040179272536767       0.35774609838657484       0.24294204638277220     
   36.521481794408061       0.94102409926827790       0.35086098820042255       0.26403419246782167     
   37.811486012809581        1.0033792483218638       0.34564534289973453       0.28699564497582547     
   39.147055493126302        1.0671935326713640       0.34169435952153143       0.31197060751070349     
   40.529808025860810        1.1321636930561934       0.33870137417191326       0.33910928310423361     
   41.961393513511240        1.1979590598795113       0.33643412738519846       0.36856580825497348     
   43.443545167355794        1.2642285000128048       0.33471663053635953       0.40049738603578344     
   44.978049075047366        1.3306043599948456       0.33341558318542325       0.43506135647199090     
   46.566763998623138        1.3967094399855371       0.33243000180282567       0.47241278034455697     
   48.211585595230147        1.4621621946956977       0.33168340402110702       0.51270022452551667     
   49.914505239722644        1.5265862452811669       0.33111783729719918       0.55606328577809616     
   51.677575059319224        1.5896161557619948       0.33068940618338710       0.60262748506728459     
   53.502930680545909        1.6509055188331607       0.33036485709668789       0.65250022078170500     
   55.392750120602578        1.7101326224075859       0.33011900461563748       0.70576482785425754     
   57.349321371645829        1.7670093112849004       0.32993276513612607       0.76247764865355083     
   59.375002227322796        1.8212855672552470       0.32979168401471176       0.82266245588103137     
   61.472246417894510        1.8727554068268581       0.32968481094310420       0.88630728667969194     
   63.643556378429672        1.9212599320183739       0.32960385243516543       0.95335994473375385     
   65.891560899834928        1.9666923044918776       0.32954252431548881        1.0237284489677407     
   68.218968971510208        2.0089984269745433       0.32949606671197273        1.0972791045290260     
   70.628585269218178        2.0446129517128311       0.32893687392783294        1.1716039749836937     
   73.123328588587739        2.0681415350761982       0.32719639907920761        1.2427753769964327     
   75.706175661273647        2.0904211512053927       0.32587795426677091        1.3171149343913202     
   78.380253523498894        2.1112790502085441       0.32487919893762157        1.3941662329892714     
   81.148784610322849        2.1306501022264013       0.32412261648677049        1.4734847886033138     
   84.015122474940881        2.1485595274849838       0.32354948317427268        1.5546407133065139     
   86.982687236203873        2.1651061645143033       0.32311532312691876        1.6372190886787334     
   90.055071705548812        2.1804477457362235       0.32278643589788258        1.7208250299824908     
   93.235978303002270        2.1947859271736734       0.32253729549428728        1.8050832262326435     
   96.529260096906100        2.2083527235486016       0.32234856435912934        1.8896392414995131     
   99.938826062156153        2.2213971754064570       0.32220559745214611        1.9741559767895214     
   103.46886588546354        2.2341741707933584       0.32209729510726015        2.0583167982388764     
   107.12359379692580        2.2469324127169306       0.32201525347385290        2.1418154801751039     
   110.90736836557576        2.2599050231260049       0.32195310560110202        2.2243549393175224     
   114.82483910697920        2.2733014444252384       0.32190602645187277        2.3056455700838319     
   118.88068277378797        2.2872993957421839       0.32187036286299886        2.3853951245371219     
   123.07973629915718        2.3020397218154378       0.32184334711390733        2.4633084090074555     
   127.42715949490271        2.3176229842742631       0.32182288175561297        2.5390881043478966     
   131.92808807993632        2.3341058948530109       0.32180737891357780        2.6124283619404731     
   136.58805281121437        2.3515021054094434       0.32179563497800368        2.6830240969363888     
   141.41261684513370        2.3697817280262181       0.32178673866409513        2.7505691063390536     
   146.40753387824964        2.3888741695066220       0.32177999956149828        2.8147650921107950     
   151.57894168226974        2.4086724115498912       0.32177489445970237        2.8753315930936050     
   156.93294936957258        2.4290360068550969       0.32177102726199219        2.9320095246171944     
   162.47613596373097        2.4497983531731764       0.32176809772683684        2.9845758750626654     
   168.21511902855468        2.4707709600090952       0.32176587853343341        3.0328472393347692     
   174.15674278185460        2.1986871535829349       0.30057178698664944        2.7381953232666780     
   180.30830831190286        1.8789824279578782       0.27646758080738737        2.3732160923206034     
   186.67715947709803        1.6338375556992819       0.25820806436748572        2.0832750299852569     
   193.27089166569760        1.4456464584970450       0.24437618344215140        1.8530222082787342     
   200.09760727912413        1.3009652575696424       0.23389805832903554        1.6703101647404155     
   207.16537088595135        1.1895242104737249       0.22596070799654350        1.5254391238539791     
   214.48286737908427        1.1034565418267364       0.21994789236435136        1.4105814482248493     
   222.05883252794877        1.0367362359308108       0.21539303977681559        1.3194030516538022     
   229.90230130529540       0.98473906559118607       0.21194266479943819        1.2467779411357032     
   238.02291179328489       0.94391219483609445       0.20932888718703088        1.1885771218997074     
   246.43025707061713       0.91152729415242117       0.20734890809946230        1.1415051824804352     
   255.13466811288930       0.88548520291799304       0.20584900590156932        1.1029513231096619     
   264.14653641505117       0.86417273058114785       0.20471279387960958        1.0708696852141042     
   273.47660938458705       0.84634940776324008       0.20385209477810795        1.0436704470771512     
   283.13635184814427       0.83106142616659395       0.20320008563206662        1.0201284056977726     
   293.13729579387660       0.81757718034585158       0.20270617300816238       0.99930914947163152     
   303.49136818478553       0.80533610861960514       0.20233202615581608       0.98050586127345329     
   314.21129214162710       0.79390963995540687       0.20204859705815931       0.96318866500547051     
   325.30973137660959       0.78297244816861555       0.20183389490312315       0.94696612934876745     
   336.80032369109853       0.77227850010193111       0.20167125064276051       0.93155194900473592     
   348.69678677735646       0.76164441242293723       0.20154804370021043       0.91674144291977355     
   361.01330816366544       0.75093553526847334       0.20145471243570862       0.90239146513737201     
   373.76502243504467       0.73742078240770614       0.19891503026198198       0.88414117900335909     
   386.96715283564077       0.71588758344942749       0.18907959750896677       0.85368833687093959     
   400.63544401132759       0.69663495699609623       0.18162909710077646       0.82775686893201983     
   414.78669160661980       0.67901826788249109       0.17598508701612062       0.80528611442801923     
   429.43761284149554       0.66255946353925410       0.17170965750574560       0.78548103059174923     
   444.60621081975989       0.64690588129314053       0.16847087273281047       0.76774482173307290     
   460.31059410826708       0.63180155443918784       0.16601741530024078       0.75163174882213413     
   476.56949149896485       0.61706362868813824       0.16415888135853590       0.73680937168719529     
   493.40288198244309       0.60256431516791209       0.16275097803191771       0.72303000787513982     
   510.83065126063684       0.58821866622768404       0.16168446834464040       0.71011050198596826     
   528.87421463804299       0.57397288135035873       0.16087655060749564       0.69791457987469130     
   547.55511287104378       0.55979757023364962       0.16026453347265368       0.68634155938449792     
   566.89562449487210       0.54568111979840428       0.15980092053080694       0.67531651673638204     
   586.91951519858117       0.53162446510115791       0.15944971779598377       0.66478293894984763     
   607.65068989177485       0.51763842762508305       0.15918367326987234       0.65469831898339437     
   629.11387223602765       0.50374036257299926       0.15898214021076240       0.64502991750588490     
   651.33543626567803       0.48995145619870756       0.15882947199310007       0.63575164925827499     
   674.34163286578985       0.47629615828815802       0.15871382333314069       0.62684284722616912     
   698.16073213207346       0.46279954387424599       0.15862621549912581       0.61828592115125480     
   722.82116976782140       0.43301407498114558       0.14213212539922024       0.57913568317035380     
   748.35235540965130       0.40292248393672703       0.12513142468429286       0.53930093889593755     
   774.78566186873422       0.37719103698225298       0.11225280968874439       0.50753802855087637     
   802.15264573967897       0.35484034369477074       0.10249694880349036       0.48198444249494699     
   830.48594444209971       0.33513238941405993        9.5106725380372098E-002  0.46121398491331034     
   859.82037403360118       0.31751067379445214        8.9508377183239118E-002  0.44413483609304605     
   890.19058800385733       0.30155689569814514        8.5267537295929965E-002  0.42991315864316770     
   921.63390537915473       0.28695531453057560        8.2054955351089295E-002  0.41791133633640470     
   954.18786380243341       0.27346847125174462        7.9621347191579706E-002  0.40764293789969563     
   987.89128659474920       0.26091717806178688        7.7777849397317425E-002  0.39873648072787254     
   1022.7855886411724       0.24916550073272259        7.6381336469082559E-002  0.39090784916686128     
   1058.9119914466876       0.23811074221444506        7.5323455193989086E-002  0.38394005383208979     
   1096.3148872627712       0.22767401027384399        7.4522073775576902E-002  0.37766648191232627     
   1135.0389283928459       0.21779490610533711        7.3915008059522849E-002  0.37195932082001321     
   1175.1302964981960       0.20842640925890557        7.3455145898005683E-002  0.36672002172981955     
   1216.6382559936744       0.19953106139708487        7.3106784508171582E-002  0.36187212138962288     
   1259.6123598874483       0.19107901030699381        7.2842892369289813E-002  0.35735629462986801     
   1304.1038583964914       0.18304570318298280        7.2642989778541514E-002  0.35312612553651312     
   1350.1674228314519       0.17541018186195764        7.2491556696692189E-002  0.34914493165380950     
   1397.8574692241625       0.14276806893745073        5.9522373864202831E-002  0.29659654823490039     
   1447.2325992722181       0.11562840520902377        4.8088119197002566E-002  0.25225435706348409     
   1498.3517579647787        9.5098626169165465E-002   3.9426396030471454E-002  0.21868987808142809     
   1551.2759091786245        6.9109763071754024E-002   2.9949298825900365E-002  0.16487166993652810     
   1606.0700862978565        5.0024583125968539E-002   2.2687314828294221E-002  0.12372923048847355     
   1662.7990190437411        3.6225624752287688E-002   1.7186243742037245E-002   9.2882735657106835E-002
   1721.5324161293761        2.6246154445387471E-002   1.3018993358008227E-002   6.9747554531379125E-002
   1782.3403946248577        1.9026879833185701E-002   9.8622008741376214E-003   5.2390657229177746E-002
   1845.2954731357936        1.3802473931241413E-002   7.4708791824265874E-003   3.9364922725868057E-002
   1910.4750110852074        1.0019933492410506E-002   5.6593708267147040E-003   2.9586344472537003E-002
   1977.9568210713478        7.2799433071085544E-003   4.2871096389309141E-003   2.2243333990810674E-002
   2047.8213808026539        5.2939979758201824E-003   3.2475994519904905E-003   1.6727678534674748E-002
   2120.1545400970977        3.8535877658864852E-003   2.4601347641496608E-003   1.2583314728827073E-002
   2195.0417479108573        2.8081010758517857E-003   1.8636174450316922E-003   9.4684853023075978E-003
   2272.5750259096239        2.0486161470049959E-003   1.4117350773625058E-003   7.1267061347742647E-003
   2352.8469348264384        1.4964034113890978E-003   1.0694233057159555E-003   5.3656399390605170E-003
   2435.9532056335870        1.0945042310466532E-003   8.1011656666076708E-004   4.0409194150502099E-003
   2521.9959596104222        8.0168357486527103E-004   6.1368280113306098E-004   3.0441240506620809E-003
   2611.0779162676686        5.8809406440385470E-004   4.6487949500756355E-004   2.2938769855415891E-003
   2703.3053132971791        4.3210652115184881E-004   3.5215856844861802E-004   1.7290434465799145E-003
   2798.7914800504532        3.1803338706163059E-004   2.6676859309192721E-004   1.3036709642911747E-003
   2897.6492167059700        2.3449679894736812E-004   2.0208429681067453E-004   9.8324290698832651E-004
   3000.0000000000000        1.7322956560223706E-004   1.5308371959724460E-004   7.4179408726328779E-004
