         200   4370.0000000000000     
   3.0000000000000000        1.2856304796091123E-003   3.0365594310972207E-003   2.1565903045640249E-003
   3.1059655287322618        1.3224693212207090E-003   3.0365594310972207E-003   2.1788635746002164E-003
   3.2156739552243598        1.3591594094376658E-003   3.0365594310972207E-003   2.2011753311516505E-003
   3.3292574962321346        1.3956427668895583E-003   3.0365594310972207E-003   2.2234666168679212E-003
   3.4468529954360925        1.4318620970200919E-003   3.0365594310972207E-003   2.2456788292306903E-003
   3.5686022069563790        1.4677608760003220E-003   3.0365594310972207E-003   2.2677538871491844E-003
   3.6946518254059528        1.5032833879176141E-003   3.0365594310972207E-003   2.2896343881778089E-003
   3.8251536998800524        1.5383748484508442E-003   3.0365594310972207E-003   2.3112638468484009E-003
   3.9602651907155879        1.5729815948260061E-003   3.0365594310972207E-003   2.3325870004380555E-003
   4.1001490688558144        1.6070511893895088E-003   3.0365594310972207E-003   2.3535500854377895E-003
   4.2449739038313119        1.6405326893085097E-003   3.0365594310972207E-003   2.3741012358364862E-003
   4.3949142193596993        1.6733768833067362E-003   3.0365594310972207E-003   2.3941908739186384E-003
   4.5501507036585132        1.7055365680938134E-003   3.0365594310972207E-003   2.4137721301367206E-003
   4.7108703059600501        1.7369668208142028E-003   3.0365594310972207E-003   2.4328012560192675E-003
   4.8772669425686850        1.7676253973087142E-003   3.0365594310972207E-003   2.4512380983952686E-003
   5.0495410155906377        1.7974728982644104E-003   3.0365594310972207E-003   2.4690464083056826E-003
   5.2279001269311909        1.8264731593883466E-003   3.0365594310972207E-003   2.4861942513584702E-003
   5.4125592113782046        1.8545935048503129E-003   3.0365594310972207E-003   2.5026542926817183E-003
   5.6037407956130689        1.8818049958571636E-003   3.0365594310972207E-003   2.5184040301006036E-003
   5.8016752663703963        1.9080826428070194E-003   3.0365594310972207E-003   2.5334259521761784E-003
   6.0066011480696169        1.9334055744452520E-003   3.0365594310972207E-003   2.5477076153074354E-003
   6.2187653902530293        1.9577571590516773E-003   3.0365594310972207E-003   2.5612416375306066E-003
   6.4384236651766908        1.9811250744080590E-003   3.0365594310972207E-003   2.5740256100433658E-003
   6.6658406759127811        2.0035013250356394E-003   3.0365594310972207E-003   2.5860619306357193E-003
   6.9012904753346884        2.0248822068713265E-003   3.0365594310972207E-003   2.5973575659548349E-003
   7.1450567963692624        2.0452682210995170E-003   3.0365594310972207E-003   2.6079237517463733E-003
   7.3974330131920443        2.0646639121928152E-003   3.0365594310972207E-003   2.6177756277372482E-003
   7.6587243988323896        2.0830778305717655E-003   3.0365594310972207E-003   2.6269319174934093E-003
   7.9292442763577622        2.1005220112838684E-003   3.0365594310972207E-003   2.6354143574431606E-003
   8.2093202460023029        2.1170121314760607E-003   3.0365594310972207E-003   2.6432474646085197E-003
   8.4992881560440416        2.1325668213055052E-003   3.0365594310972207E-003   2.6504578971372943E-003
   8.7994991583321234        2.1472077601835766E-003   3.0365594310972207E-003   2.6570742084361205E-003
   9.1103132457223861        2.1609589984380039E-003   3.0365594310972207E-003   2.6631262583659675E-003
   9.4321068148357909        2.1738469882044125E-003   3.0365594310972207E-003   2.6686449753078475E-003
   9.7652657388916850        2.1858999381400381E-003   3.0365594310972207E-003   2.6736618447172397E-003
   10.110193474162946        2.1971478042418485E-003   3.0365594310972207E-003   2.6782087051366293E-003
   10.467303634806061        2.2076216964188691E-003   3.0365594310972207E-003   2.6823173282967826E-003
   10.837027566606025        2.2173538233645688E-003   3.0365594310972207E-003   2.6860192529253664E-003
   11.219811965471335        2.2263771041826580E-003   3.0365594310972207E-003   2.6893455114437065E-003
   11.616115840724994        2.2347248388641426E-003   3.0365594310972207E-003   2.6923264143835618E-003
   12.026419117330413        2.2424306532365470E-003   3.0365594310972207E-003   2.6949914600541774E-003
   12.451213803399156        2.2495280867706347E-003   3.0365594310972207E-003   2.6973691391594013E-003
   12.891014326336300        2.2560505871411377E-003   3.0365594310972207E-003   2.6994869043417170E-003
   13.346348065368609        2.2620311783979091E-003   3.0365594310972207E-003   2.7013710468802190E-003
   13.817766430769083        2.2675024789811692E-003   3.0365594310972207E-003   2.7030467055862606E-003
   14.305834715756038        2.2724964475627010E-003   3.0365594310972207E-003   2.7045378021115776E-003
   14.811143972217785        2.2770444257254373E-003   3.0365594310972207E-003   2.7058670807625792E-003
   15.334300133051286        2.2811769541806544E-003   3.0365594310972207E-003   2.7070560893699327E-003
   15.875936741648431        2.2849238368269540E-003   3.0365594310972207E-003   2.7081252421124837E-003
   16.436703292225193        2.2883140162999276E-003   3.0365594310972207E-003   2.7090938342564826E-003
   17.017278874447534        2.2913756529793269E-003   3.0365594310972207E-003   2.7099801212692042E-003
   17.618359675531394        2.2941360471582743E-003   3.0365594310972207E-003   2.7108013575843641E-003
   18.240671728221173        2.2966217191455378E-003   3.0365594310972207E-003   2.7115738846627286E-003
   18.884968846184627        2.2988584082054872E-003   3.0365594310972207E-003   2.7123131994880386E-003
   19.552019805756849        2.3008710626864467E-003   3.0365594310972207E-003   2.7130340198184737E-003
   20.242632201214423        2.3026839600778560E-003   3.0365058035795619E-003   2.7137502776691642E-003
   20.957638264717446        2.3043207027512455E-003   3.0363774078909166E-003   2.7144753193427298E-003
   21.697899624358065        2.3058042931050978E-003   3.0362801449057208E-003   2.7152223084236731E-003
   22.464312967141105        2.3071572156834704E-003   3.0362064653525855E-003   2.7160037886742477E-003
   23.257792778673313        2.3084014959878808E-003   3.0361506516045776E-003   2.7168319867005210E-003
   24.079299719823517        2.3095588563397129E-003   3.0361083712772286E-003   2.7177189456344393E-003
   24.929823759061236        2.3106508102347214E-003   3.0360763428587006E-003   2.7186766175986850E-003
   25.810395145829254        2.3116988231445985E-003   3.0360520803958532E-003   2.7197169897493307E-003
   26.722064579292049        2.3127244517765207E-003   3.0360337010907428E-003   2.7208521777408903E-003
   27.665935811728254        2.3137495588881861E-003   3.0360197783017490E-003   2.7220945834237750E-003
   28.643146268414043        2.3147964741043552E-003   3.0360092314365532E-003   2.7234569917349940E-003
   29.654879655490589        2.3158881929606022E-003   3.0360012418780072E-003   2.7249527046394758E-003
   30.702343174827575        2.3146002358783607E-003   2.7490802179774977E-003   2.7229813732483343E-003
   31.786804983723918        2.3125492170429762E-003   2.4070054436813970E-003   2.7199079500415217E-003
   32.909571928103169        2.3109682532779703E-003   2.1478751406355874E-003   2.7175341860868852E-003
   34.072004028335677        2.3097990903570616E-003   1.9515763647570028E-003   2.7157536600990024E-003
   35.275488300232773        2.3089993907632919E-003   1.8028760816421381E-003   2.7144816859550731E-003
   36.521481794408061        2.3085398148617242E-003   1.6902318520118107E-003   2.7136514999766522E-003
   37.811486012809581        2.3084016418737953E-003   1.6049009958546015E-003   2.7132111698178209E-003
   39.147055493126302        2.3085747206735489E-003   1.5402607116925351E-003   2.7131209607651492E-003
   40.529808025860810        2.3090557214604257E-003   1.4912938077669283E-003   2.7133511441840385E-003
   41.961393513511240        2.3098465993096865E-003   1.4542003901212676E-003   2.7138801487029086E-003
   43.443545167355794        2.3109532721429450E-003   1.4261011870294802E-003   2.7146930151001353E-003
   44.978049075047366        2.3123844238435443E-003   1.4048153292005728E-003   2.7157800723707852E-003
   46.566763998623138        2.3141504597442974E-003   1.3886906699606967E-003   2.7171358138304651E-003
   48.211585595230147        2.3162625191014575E-003   1.3764759152666386E-003   2.7187578781196708E-003
   49.914505239722644        2.3187316986510555E-003   1.3672229293017605E-003   2.7206462271037748E-003
   51.677575059319224        2.3215682716714184E-003   1.3602135581428055E-003   2.7228023320146912E-003
   53.502930680545909        2.3247810701162142E-003   1.3549037546886772E-003   2.7252284766199684E-003
   55.392750120602578        2.3283768484779642E-003   1.3508814714452955E-003   2.7279270241144260E-003
   57.349321371645829        2.3323599264136376E-003   1.3478344900420662E-003   2.7308998605840833E-003
   59.375002227322796        2.3367317250087621E-003   1.3455263244779190E-003   2.7341477178455700E-003
   61.472246417894510        2.3414905013604062E-003   1.3437778216226300E-003   2.7376696047411919E-003
   63.643556378429672        2.3466309927480428E-003   1.3424532954331798E-003   2.7414621363691448E-003
   65.891560899834928        2.3521444126140397E-003   1.3414499333069571E-003   2.7455190992855356E-003
   68.218968971510208        2.3580182296167791E-003   1.3406898610906779E-003   2.7498308478591054E-003
   70.628585269218178        2.3602945999000903E-003   1.3389876922046320E-003   2.7487066179998076E-003
   73.123328588587739        2.3528267700425164E-003   1.3348674942921664E-003   2.7332840769030233E-003
   75.706175661273647        2.3474017238761659E-003   1.3317463612472404E-003   2.7206037137239092E-003
   78.380253523498894        2.3436384165758189E-003   1.3293820239369477E-003   2.7101896444111455E-003
   81.148784610322849        2.3412229201296253E-003   1.3275909785581159E-003   2.7016426613296418E-003
   84.015122474940881        2.3398961107414162E-003   1.3262342093525229E-003   2.6946289823789153E-003
   86.982687236203873        2.3394438362905022E-003   1.3252064293060623E-003   2.6888706619723414E-003
   90.055071705548812        2.3396889471462949E-003   1.3244278598969271E-003   2.6841368413869620E-003
   93.235978303002270        2.3404849627217525E-003   1.3238380738557108E-003   2.6802365584619853E-003
   96.529260096906100        2.3417109438466041E-003   1.3233912936970026E-003   2.6770123562045150E-003
   99.938826062156153        2.3432673185629031E-003   1.3230528504542499E-003   2.6743349699122200E-003
   103.46886588546354        2.3450726320169792E-003   1.3227964680677608E-003   2.6720985602175463E-003
   107.12359379692580        2.3470607076772130E-003   1.3226022522381186E-003   2.6702170569104923E-003
   110.90736836557576        2.3491784566117189E-003   1.3224551305857815E-003   2.6686207825694429E-003
   114.82483910697920        2.3513841056630588E-003   1.3223436808785217E-003   2.6672536676734847E-003
   118.88068277378797        2.3536454813293758E-003   1.3222592550423526E-003   2.6660710475244938E-003
   123.07973629915718        2.3559387412104135E-003   1.3221953010971962E-003   2.6650376397610561E-003
   127.42715949490271        2.3582472879030169E-003   1.3221468537860559E-003   2.6641258614358808E-003
   131.92808807993632        2.3605605357872156E-003   1.3221101541592640E-003   2.6633145046279405E-003
   136.58805281121437        2.3628731846551225E-003   1.3220823529308376E-003   2.6625874512009808E-003
   141.41261684513370        2.3651841579936032E-003   1.3220612928310468E-003   2.6619327221508943E-003
   146.40753387824964        2.3674958750297985E-003   1.3220453394626464E-003   2.6613415740912283E-003
   151.57894168226974        2.3698135729317707E-003   1.3220332542378688E-003   2.6608077413197945E-003
   156.93294936957258        2.3721444003573437E-003   1.3220240994833812E-003   2.6603268560056572E-003
   162.47613596373097        2.3744969685438361E-003   1.3220171644422677E-003   2.6598958706534454E-003
   168.21511902855468        2.3768805360012348E-003   1.3220119109816771E-003   2.6595126627357085E-003
   174.15674278185460        2.0495908124049758E-003   1.1882273370742954E-003   2.3089418798686897E-003
   180.30830831190286        1.6766550094171205E-003   1.0360705753421364E-003   1.9103338925256122E-003
   186.67715947709803        1.3943691658762027E-003   9.2080816546943000E-004   1.6083568500257575E-003
   193.27089166569760        1.1808062989421087E-003   8.3349501378910415E-004   1.3795774088370431E-003
   200.09760727912413        1.0193349556436029E-003   7.6735230100365940E-004   1.2062396640499984E-003
   207.16537088595135        8.9735397726218484E-004   7.1724811942042610E-004   1.0749033049957067E-003
   214.48286737908427        8.0530437308507430E-004   6.7929248011486850E-004   9.7538182309322985E-004
   222.05883252794877        7.3594335377803245E-004   6.5054016963708098E-004   8.9996358398322033E-004
   229.90230130529540        6.8377951517535228E-004   6.2875982642996461E-004   8.4280659055838484E-004
   238.02291179328489        6.4464814399283409E-004   6.1226046800122187E-004   7.9948390068152256E-004
   246.43025707061713        6.1539361790588943E-004   5.9976193542058754E-004   7.6664420646662963E-004
   255.13466811288930        5.9362176367266158E-004   5.9029386749712913E-004   7.4174719542592887E-004
   264.14653641505117        5.7751783969094540E-004   5.8312157812087802E-004   7.2286943988223839E-004
   273.47660938458705        5.6570514927051132E-004   5.7768845217031554E-004   7.0855356243128417E-004
   283.13635184814427        5.5713880585470381E-004   5.7357267256140994E-004   6.9769494841013364E-004
   293.13729579387660        5.5102613980906594E-004   5.7045487042874782E-004   6.8945707831036306E-004
   303.49136818478553        5.4676521643618565E-004   5.6809308456274893E-004   6.8320599172565102E-004
   314.21129214162710        5.4389865919230471E-004   5.6630395060996801E-004   6.7846106404280491E-004
   325.30973137660959        5.4207899395604788E-004   5.6494865251783199E-004   6.7485825698969935E-004
   336.80032369109853        5.4104187108957268E-004   5.6392196764022012E-004   6.7212145461581540E-004
   348.69678677735646        5.4058618858571997E-004   5.6314422913010737E-004   6.7004144414545112E-004
   361.01330816366544        5.4055880043078189E-004   5.6255507954893456E-004   6.6845957600546472E-004
   373.76502243504467        5.3917922825876766E-004   5.5987951961229319E-004   6.6428360547774834E-004
   386.96715283564077        5.3305030414060775E-004   5.5070931646583035E-004   6.5159657863818408E-004
   400.63544401132759        5.2862374125656002E-004   5.4376273831298328E-004   6.4198769680605752E-004
   414.78669160661980        5.2548148196954962E-004   5.3850046665329654E-004   6.3470972585363459E-004
   429.43761284149554        5.2330472506489120E-004   5.3451421021364005E-004   6.2919712329415718E-004
   444.60621081975989        5.2185023206488220E-004   5.3149448397878140E-004   6.2502131476598684E-004
   460.31059410826708        5.2093268657370511E-004   5.2920696866218589E-004   6.2185789074701171E-004
   476.56949149896485        5.2041095371570094E-004   5.2747413857448175E-004   6.1946112579002572E-004
   493.40288198244309        5.2017767826635674E-004   5.2616146023689474E-004   6.1764484352702805E-004
   510.83065126063684        5.2015136558652519E-004   5.2516708502884822E-004   6.1626813034535658E-004
   528.87421463804299        5.2027027846441882E-004   5.2441381163851675E-004   6.1522419891852167E-004
   547.55511287104378        5.2048780226645718E-004   5.2384318891183677E-004   6.1443221920562299E-004
   566.89562449487210        5.2076888811233824E-004   5.2341093290797394E-004   6.1383097148879099E-004
   586.91951519858117        5.2108735239168803E-004   5.2308348413121117E-004   6.1337407910278701E-004
   607.65068989177485        5.2142377735937395E-004   5.2283543380015772E-004   6.1302644533752805E-004
   629.11387223602765        5.2176392751523471E-004   5.2264753163670579E-004   6.1276149544522713E-004
   651.33543626567803        5.2209754158022046E-004   5.2250518929091263E-004   6.1255910475990945E-004
   674.34163286578985        5.2241736705417683E-004   5.2239736264697199E-004   6.1240405194857423E-004
   698.16073213207346        5.2271847113396618E-004   5.2231568025888479E-004   6.1228481203226071E-004
   722.82116976782140        5.1312499566802373E-004   5.1238078458523272E-004   5.9329563331169126E-004
   748.35235540965130        5.0319350934050649E-004   5.0214674977053697E-004   5.7372574400477768E-004
   774.78566186873422        4.9570726224773347E-004   4.9439411672090280E-004   5.5889908555326441E-004
   802.15264573967897        4.9006735301935719E-004   4.8852131055713199E-004   5.4766573120025683E-004
   830.48594444209971        4.8582054490308135E-004   4.8407256429256401E-004   5.3915448127668378E-004
   859.82037403360118        4.8262385530962494E-004   4.8070248612255492E-004   5.3270512815512048E-004
   890.19058800385733        4.8021808731899728E-004   4.7814959705180365E-004   5.2781787033256955E-004
   921.63390537915473        4.7840721652360674E-004   4.7621569585444074E-004   5.2411386519622542E-004
   954.18786380243341        4.7704324066993344E-004   4.7475071914275388E-004   5.2130628779463266E-004
   987.89128659474920        4.7601442121679883E-004   4.7364097543726411E-004   5.1917783870568282E-004
   1022.7855886411724        4.7523644671289614E-004   4.7280030644565081E-004   5.1756384770669831E-004
   1058.9119914466876        4.7464582580818263E-004   4.7216348600038447E-004   5.1633965588542636E-004
   1096.3148872627712        4.7419474632429029E-004   4.7168107262969989E-004   5.1541077534108105E-004
   1135.0389283928459        4.7384729509632433E-004   4.7131563288829812E-004   5.1470567050680130E-004
   1175.1302964981960        4.7357652663888937E-004   4.7103880633568525E-004   5.1417014757102505E-004
   1216.6382559936744        4.7336225966020454E-004   4.7082910070934492E-004   5.1376313979372736E-004
   1259.6123598874483        4.7318943070634716E-004   4.7067024364916168E-004   5.1345355740470288E-004
   1304.1038583964914        4.7304682178917027E-004   4.7054990684025177E-004   5.1321784873195196E-004
   1350.1674228314519        4.7292610378592471E-004   4.7045874757230488E-004   5.1303816815024932E-004
   1397.8574692241625        4.1141158160624069E-004   4.0939060703443588E-004   4.4543830597021448E-004
   1447.2325992722181        3.5948659693037650E-004   3.5785246664526179E-004   3.8828232888472251E-004
   1498.3517579647787        3.2015112306939286E-004   3.1881108462589896E-004   3.4498471106160478E-004
   1551.2759091786245        2.4382110518768565E-004   2.4282516283244900E-004   2.6273567888999034E-004
   1606.0700862978565        1.8468192204008666E-004   1.8394590636116351E-004   1.9902647619428397E-004
   1662.7990190437411        1.3988668586172929E-004   1.3934391116793971E-004   1.5076632523983258E-004
   1721.5324161293761        1.0595582032834625E-004   1.0555636712733188E-004   1.1420804180186995E-004
   1782.3403946248577        8.0254884195108482E-005   7.9961489151049759E-005   8.6514578804313010E-005
   1845.2954731357936        6.0788029903432949E-005   6.0572952459422247E-005   6.5536557330336413E-005
   1910.4750110852074        4.6042827912438514E-005   4.5885469657064499E-005   4.9645147895826414E-005
   1977.9568210713478        3.4874249357716101E-005   3.4759347863385690E-005   3.7607138450250465E-005
   2047.8213808026539        2.6414858894686674E-005   2.6331129497501822E-005   2.8488232187549426E-005
   2120.1545400970977        2.0007348079690352E-005   1.9946464462059086E-005   2.1580404779835742E-005
   2195.0417479108573        1.5154147661513038E-005   1.5109976770336206E-005   1.6347653035542120E-005
   2272.5750259096239        1.1478138123603715E-005   1.1446171145094355E-005   1.2383691269522645E-005
   2352.8469348264384        8.6938227138945975E-006   8.6707501854005603E-006   9.3809134712936220E-006
   2435.9532056335870        6.5849267092426144E-006   6.5683236310875757E-006   7.1062728627657229E-006
   2521.9959596104222        4.9875706572311799E-006   4.9756632694097328E-006   5.3831625612993283E-006
   2611.0779162676686        3.7776917758708331E-006   3.7691847054213762E-006   4.0778701719615229E-006
   2703.3053132971791        2.8613086360844852E-006   2.8552575545583527E-006   3.0890930632305379E-006
   2798.7914800504532        2.1672085053175150E-006   2.1629263320218343E-006   2.3400622047689026E-006
   2897.6492167059700        1.6414864228207687E-006   1.6384741614216300E-006   1.7726600455365990E-006
   3000.0000000000000        1.2432875343864695E-006   1.2411836201671155E-006   1.3428337765776678E-006
