         200   4370.0000000000000     
   3.0000000000000000        5.9669784148919268E-003  0.12175042762878997        5.2052134053637792E-003
   3.1059655287322618        6.4577569188149922E-003  0.12175042762878997        5.6634653574742164E-003
   3.2156739552243598        6.9899499332418411E-003  0.12175042762878997        6.1646593803688704E-003
   3.3292574962321346        7.5666980978649611E-003  0.12175042762878997        6.7128878477080616E-003
   3.4468529954360925        8.1913060660409806E-003  0.12175042762878997        7.3126255344625832E-003
   3.5686022069563790        8.8672490372674502E-003  0.12175042762878997        7.9687633898859710E-003
   3.6946518254059528        9.5981796369141760E-003  0.12175042762878997        8.6866432330830797E-003
   3.8251536998800524        1.0387937470550852E-002  0.12175042762878997        9.4720954954776067E-003
   3.9602651907155879        1.1240561299061648E-002  0.12175042762878997        1.0331480050798914E-002
   4.1001490688558144        1.2160299767566773E-002  0.12175042762878997        1.1271726212065354E-002
   4.2449739038313119        1.3151625895534366E-002  0.12175042762878997        1.2300377374477150E-002
   4.3949142193596993        1.4219250223498781E-002  0.12175042762878997        1.3425635672905259E-002
   4.5501507036585132        1.5368133309520384E-002  0.12175042762878997        1.4656407876238949E-002
   4.7108703059600501        1.6603495102081839E-002  0.12175042762878997        1.6002350559046134E-002
   4.8772669425686850        1.7930825385167926E-002  0.12175042762878997        1.7473919867927273E-002
   5.0495410155906377        1.9355879846903280E-002  0.12175042762878997        1.9082409621257661E-002
   5.2279001269311909        2.0884678461818188E-002  0.12175042762878997        2.0839996269348217E-002
   5.4125592113782046        2.2523491058629230E-002  0.12175042762878997        2.2759774235473471E-002
   5.6037407956130689        2.4278814010925760E-002  0.12175042762878997        2.4855785259542098E-002
   5.8016752663703963        2.6157335993148512E-002  0.12175042762878997        2.7143038109394758E-002
   6.0066011480696169        2.8165891975356207E-002  0.12175042762878997        2.9637515406671984E-002
   6.2187653902530293        3.0311405062820845E-002  0.12175042762878997        3.2356163670302793E-002
   6.4384236651766908        3.2600816280565569E-002  0.12175042762878997        3.5316861973422833E-002
   6.6658406759127811        3.5041002928733064E-002  0.12175042762878997        3.8538363857285901E-002
   6.9012904753346884        3.7638686657919418E-002  0.12175042762878997        4.2040206380042522E-002
   7.1450567963692624        4.0400332898740086E-002  0.12175042762878997        4.5842579447864122E-002
   7.3974330131920443        4.3332039217774412E-002  0.12175042762878997        4.9966141588619076E-002
   7.6587243988323896        4.6439446291321948E-002  0.12175042762878997        5.4431818802744933E-002
   7.9292442763577622        4.9727575052924897E-002  0.12175042762878997        5.9260437443576286E-002
   8.2093202460023029        5.3200784365551604E-002  0.12175042762878997        6.4472458255005333E-002
   8.4992881560440416        5.6862584321820224E-002  0.12175042762878997        7.0087417457721707E-002
   8.7994991583321234        6.0715615942566976E-002  0.12175042762878997        7.6123524574457355E-002
   9.1103132457223861        6.4761469545689773E-002  0.12175042762878997        8.2596919136459362E-002
   9.4321068148357909        6.9000691257176450E-002  0.12175042762878997        8.9521122926607175E-002
   9.7652657388916850        7.3432613362389640E-002  0.12175042762878997        9.6906121676610710E-002
   10.110193474162946        7.8055393537079271E-002  0.12175042762878997       0.10475770636737872     
   10.467303634806061        8.2865861512156871E-002  0.12175042762878997       0.11307643925101406     
   10.837027566606025        8.7859578991276110E-002  0.12175042762878997       0.12185695096559997     
   11.219811965471335        9.3030780223493148E-002  0.12175042762878997       0.13108705170569163     
   11.616115840724994        9.8372316856417646E-002  0.12175042762878997       0.14074690471596360     
   12.026419117330413       0.10387577394107025       0.12175042762878997       0.15080862578888285     
   12.451213803399156       0.10953136492419097       0.12175042762878997       0.16123566198613939     
   12.891014326336300       0.11532809788496984       0.12175042762878997       0.17198289861185281     
   13.346348065368609       0.12125369160919362       0.12175042762878997       0.18299659441018151     
   13.817766430769083       0.12729477731530103       0.12175042762878997       0.19421516958492194     
   14.305834715756038       0.13343683689647326       0.12175042762878997       0.20556985038708597     
   14.811143972217785       0.13966443872715953       0.12175042762878997       0.21698620511346547     
   15.334300133051286       0.14596119856435796       0.12175042762878997       0.22838547893842168     
   15.875936741648431       0.15231004651990429       0.12175042762878997       0.23968673722480077     
   16.436703292225193       0.15869320952021784       0.12175042762878997       0.25080865265433627     
   17.017278874447534       0.16509250413804730       0.12175042762878997       0.26167190471107715     
   17.618359675531394       0.17148933713920986       0.12175042762878997       0.27220100860447966     
   18.240671728221173       0.17786499722387553       0.12175042762878997       0.28232647720906640     
   18.884968846184627       0.18420078069647769       0.12175042762878997       0.29198642010532760     
   19.552019805756849       0.19047802724212257       0.12175042762878997       0.30112767836194076     
   20.242632201214423       0.19667851265760977       0.12174506303003421       0.30970708898486699     
   20.957638264717446       0.20278446298635350       0.12173221903908289       0.31769176689654038     
   21.697899624358065       0.20877875226395948       0.12172248939072051       0.32505928332740242     
   22.464312967141105       0.21464508985716510       0.12171511889780319       0.33179737630269901     
   23.257792778673313       0.22036802583287757       0.12170953560071643       0.33790320237139165     
   24.079299719823517       0.22593329260259512       0.12170530611180112       0.34338271696643413     
   24.929823759061236       0.23132778502777282       0.12170210216685486       0.34824947581099769     
   25.810395145829254       0.23653973212132320       0.12169967508494456       0.35252356444559835     
   26.722064579292049       0.24155866554928349       0.12169783652143039       0.35623033097082379     
   27.665935811728254       0.24637568019460432       0.12169644376301499       0.35939939166129620     
   28.643146268414043       0.25098336750657807       0.12169538871324993       0.36206344696198861     
   29.654879655490589       0.25537591296966111       0.12169458948222626       0.36425733857929327     
   30.702343174827575       0.25941011705578765       0.11088944489794969       0.36581124028451117     
   31.786804983723918       0.26317365939964660        9.8007432076023179E-002  0.36688725310382631     
   32.909571928103169       0.26673395278000495        8.8248981183949027E-002  0.36762434362232865     
   34.072004028335677       0.27008664379924924        8.0856669508819701E-002  0.36805346591844545     
   35.275488300232773       0.27322964424632706        7.5256844272797940E-002  0.36820519849190825     
   36.521481794408061       0.27616301681974376        7.1014834865936835E-002  0.36810936301892250     
   37.811486012809581       0.27888867314462973        6.7801405330289166E-002  0.36779470324469510     
   39.147055493126302       0.28141018108391491        6.5367151091279205E-002  0.36728865204209826     
   40.529808025860810       0.28373256988307588        6.3523132380698538E-002  0.36661715116233262     
   41.961393513511240       0.28586207183247891        6.2126251003801460E-002  0.36580454224891823     
   43.443545167355794       0.28780600363409820        6.1068077991017343E-002  0.36487345785713987     
   44.978049075047366       0.28957251270812556        6.0266485140326037E-002  0.36384478550968569     
   46.566763998623138       0.29117040810607747        5.9659255134825735E-002  0.36273763429430572     
   48.211585595230147       0.29260893796495607        5.9199266154611484E-002  0.36156936168850690     
   49.914505239722644       0.29389766949421792        5.8850812854931753E-002  0.36035555341027475     
   51.677575059319224       0.29504628437790659        5.8586850657400075E-002  0.35911008479016659     
   53.502930680545909       0.29606444178796115        5.8386891580269308E-002  0.35784515553989965     
   55.392750120602578       0.29696161738119636        5.8235418545108220E-002  0.35657137924069410     
   57.349321371645829       0.29774701831778272        5.8120673885595331E-002  0.35529780606408395     
   59.375002227322796       0.29842945486088140        5.8033751900617880E-002  0.35403202705965575     
   61.472246417894510       0.29901726466949341        5.7967905957293821E-002  0.35278023845786671     
   63.643556378429672       0.29951823240695424        5.7918026326763655E-002  0.35154735390134123     
   65.891560899834928       0.29993956159545226        5.7880241243658405E-002  0.35033704504453128     
   68.218968971510208       0.30028782850129992        5.7851618086467486E-002  0.34915185864686948     
   70.628585269218178       0.30012683873970875        5.7729333304044242E-002  0.34728815974754684     
   73.123328588587739       0.29878395845362110        5.7383874998271182E-002  0.34367195788661520     
   75.706175661273647       0.29759382547010610        5.7122183361922742E-002  0.34043448028293177     
   78.380253523498894       0.29652044505034530        5.6923945321216411E-002  0.33751604026209531     
   81.148784610322849       0.29553525875595488        5.6773774985888023E-002  0.33486622897285173     
   84.015122474940881       0.29461571624505184        5.6660016569169816E-002  0.33244269853618313     
   86.982687236203873       0.29374415589123276        5.6573842273395243E-002  0.33021011716816406     
   90.055071705548812       0.29290685119650084        5.6508563062366804E-002  0.32813907480246746     
   93.235978303002270       0.29209328819597724        5.6459112407108096E-002  0.32620523537260526     
   96.529260096906100       0.29129555192796003        5.6421652090890513E-002  0.32438851124481394     
   99.938826062156153       0.29050786019566832        5.6393275291589572E-002  0.32267242019364156     
   103.46886588546354       0.28972611337900733        5.6371778890992000E-002  0.32104337513129366     
   107.12359379692580       0.28894762995609879        5.6355494850058058E-002  0.31949031220097945     
   110.90736836557576       0.28817085189159808        5.6343159423984615E-002  0.31800420051721523     
   114.82483910697920       0.28739509827115245        5.6333814914845223E-002  0.31657763821530299     
   118.88068277378797       0.28662043986431351        5.6326736224222282E-002  0.31520466249249984     
   123.07973629915718       0.28584752139597597        5.6321374000851028E-002  0.31388044811255028     
   127.42715949490271       0.28507740863353770        5.6317311932382381E-002  0.31260105853984149     
   131.92808807993632       0.28431154650957263        5.6314234849396592E-002  0.31136338343462494     
   136.58805281121437       0.28355159558913684        5.6311903853295021E-002  0.31016487302674761     
   141.41261684513370       0.28279941735371844        5.6310138067634352E-002  0.30900351988307756     
   146.40753387824964       0.28205697757829812        5.6308800456253645E-002  0.30787770822057581     
   151.57894168226974       0.28132625883099299        5.6307787169667653E-002  0.30678608555744857     
   156.93294936957258       0.28060926624306470        5.6307019588584806E-002  0.30572757688456653     
   162.47613596373097       0.27990790774260477        5.6306438119537824E-002  0.30470121300380343     
   168.21511902855468       0.27922400783978540        5.6305997642736978E-002  0.30370616046812776     
   174.15674278185460       0.24010964532572629        5.1717623418258085E-002  0.26280833066285181     
   180.30830831190286       0.19595848889647419        4.6499218006828505E-002  0.21671455039240006     
   186.67715947709803       0.16260491545537317        4.2546150285310190E-002  0.18186065116891847     
   193.27089166569760       0.13740763188836216        3.9551637139587294E-002  0.15549317695991702     
   200.09760727912413       0.11837094246396708        3.7283190529677337E-002  0.13553309247119111     
   207.16537088595135       0.10398848021276119        3.5564805297679192E-002  0.12041206102483119     
   214.48286737908427        9.3121811743096694E-002   3.4263069434668128E-002  0.10894542151115143     
   222.05883252794877        8.4911502600435770E-002   3.3276973181827825E-002  0.10023924328662126     
   229.90230130529540        7.8708266771054691E-002   3.2529989218966694E-002   9.3618433603247064E-002
   238.02291179328489        7.4021385087622044E-002   3.1964123198097924E-002   8.8572921180367206E-002
   246.43025707061713        7.0480275792598537E-002   3.1535470476317919E-002   8.4717611446678040E-002
   255.13466811288930        6.7804654637796308E-002   3.1210751309551376E-002   8.1761289199368856E-002
   264.14653641505117        6.5782684529237648E-002   3.0964768723780716E-002   7.9483887266132411E-002
   273.47660938458705        6.4254064862044602E-002   3.0778432911039665E-002   7.7718887116677876E-002
   283.13635184814427        6.3097366421834999E-002   3.0637277129733253E-002   7.6340142995862129E-002
   293.13729579387660        6.2220589782493722E-002   3.0530348227358953E-002   7.5252081754464697E-002
   303.49136818478553        6.1553887178791636E-002   3.0449347843258635E-002   7.4382136447770197E-002
   314.21129214162710        6.1044112538045474E-002   3.0387987268843869E-002   7.3675082505826758E-002
   325.30973137660959        6.0650765058933936E-002   3.0341505634918640E-002   7.3088845036399883E-002
   336.80032369109853        6.0342839645645290E-002   3.0306294199947424E-002   7.2591218421906994E-002
   348.69678677735646        6.0096525948796595E-002   3.0279620690313955E-002   7.2157500423999280E-002
   361.01330816366544        5.9893429015209665E-002   3.0259415072584381E-002   7.1768648104466828E-002
   373.76502243504467        5.9529932508153832E-002   3.0017559902272374E-002   7.1090898530261445E-002
   386.96715283564077        5.8621039600435812E-002   2.9108399633581392E-002   6.9489457722053546E-002
   400.63544401132759        5.7900174431951112E-002   2.8419695931050697E-002   6.8207030289508502E-002
   414.78669160661980        5.7317362611154506E-002   2.7897979210097321E-002   6.7160959675559517E-002
   429.43761284149554        5.6834274790891766E-002   2.7502770301650444E-002   6.6288594110171045E-002
   444.60621081975989        5.6421407467949235E-002   2.7203385972731007E-002   6.5542366190946638E-002
   460.31059410826708        5.6056029521932553E-002   2.6976595136513463E-002   6.4886234763134404E-002
   476.56949149896485        5.5720571550117629E-002   2.6804797386455827E-002   6.4292904476899435E-002
   493.40288198244309        5.5401410559636627E-002   2.6674654687210912E-002   6.3741737838357931E-002
   510.83065126063684        5.5087983916315197E-002   2.6576069474114995E-002   6.3217238378589030E-002
   528.87421463804299        5.4772067329411166E-002   2.6501387787459349E-002   6.2707814402178666E-002
   547.55511287104378        5.4447278617186491E-002   2.6444814612010054E-002   6.2204927374706065E-002
   566.89562449487210        5.4108672254516509E-002   2.6401959510728587E-002   6.1702392292505667E-002
   586.91951519858117        5.3752428737957318E-002   2.6369495298855534E-002   6.1195841193358240E-002
   607.65068989177485        5.3375653367193639E-002   2.6344902876852667E-002   6.0682360863254230E-002
   629.11387223602765        5.2976194848556028E-002   2.6326273716878578E-002   6.0160167885826475E-002
   651.33543626567803        5.2552500627794124E-002   2.6312161488034516E-002   5.9628350059320372E-002
   674.34163286578985        5.2103552017233802E-002   2.6301471244971234E-002   5.9086721181850120E-002
   698.16073213207346        5.1628747878129232E-002   2.6293373018496328E-002   5.8535619966594926E-002
   722.82116976782140        4.9987517234088730E-002   2.5148222749367337E-002   5.5873012179896479E-002
   748.35235540965130        4.8284312517131812E-002   2.3968318425392980E-002   5.3128151588281512E-002
   774.78566186873422        4.6841030522294859E-002   2.3074500354311703E-002   5.0897961479074702E-002
   802.15264573967897        4.5589102464531094E-002   2.2397411648638829E-002   4.9059284431168838E-002
   830.48594444209971        4.4476991098516924E-002   2.1884505932675227E-002   4.7519066534743408E-002
   859.82037403360118        4.3466058403725347E-002   2.1495962227584792E-002   4.6207021040654661E-002
   890.19058800385733        4.2527543817658539E-002   2.1201634046398403E-002   4.5070227891154564E-002
   921.63390537915473        4.1640106910163094E-002   2.0978670334996143E-002   4.4068822511597959E-002
   954.18786380243341        4.0788116657000231E-002   2.0809769956216872E-002   4.3172919869101885E-002
   987.89128659474920        3.9960255718649806E-002   2.0681825169989509E-002   4.2360154370377753E-002
   1022.7855886411724        3.9148458772256027E-002   2.0584902597788460E-002   4.1613820882439249E-002
   1058.9119914466876        3.8347193712415031E-002   2.0511482171674061E-002   4.0921544005308633E-002
   1096.3148872627712        3.7552784608905800E-002   2.0455863675907744E-002   4.0274145219187617E-002
   1135.0389283928459        3.6763020965143112E-002   2.0413731326464103E-002   3.9664896020533309E-002
   1175.1302964981960        3.5976779130668074E-002   2.0381815385944618E-002   3.9088879894445150E-002
   1216.6382559936744        3.5193726711986610E-002   2.0357637964256953E-002   3.8542511083001600E-002
   1259.6123598874483        3.4414172993995386E-002   2.0339322985306912E-002   3.8023225971924854E-002
   1304.1038583964914        3.3638882772182688E-002   2.0325449090627414E-002   3.7529197895105532E-002
   1350.1674228314519        3.2868927277684271E-002   2.0314939138651723E-002   3.7059123459495191E-002
   1397.8574692241625        2.7542787416550012E-002   1.7325393392426971E-002   3.1411397110523216E-002
   1447.2325992722181        2.3084504612675270E-002   1.4772839253643597E-002   2.6665947390407993E-002
   1498.3517579647787        1.9687760040923138E-002   1.2839218046032448E-002   2.3076937713773723E-002
   1551.2759091786245        1.4598441315483855E-002   9.7715445782061375E-003   1.7375833536574084E-002
   1606.0700862978565        1.0770290137615863E-002   7.4021802477978018E-003   1.3026074272380573E-002
   1662.7990190437411        7.9452794436186813E-003   5.6073481998183015E-003   9.7704951512746444E-003
   1721.5324161293761        5.8611698068514340E-003   4.2477012467193207E-003   7.3326470132705161E-003
   1782.3403946248577        4.3240680919046353E-003   3.2177359490472789E-003   5.5062515027161276E-003
   1845.2954731357936        3.1906280299248487E-003   2.4375204706408959E-003   4.1372487474601377E-003
   1910.4750110852074        2.3549165901659286E-003   1.8464804347946007E-003   3.1105115237270498E-003
   1977.9568210713478        1.7387541207556070E-003   1.3987533795696903E-003   2.3400477443765062E-003
   2047.8213808026539        1.2844412672733277E-003   1.0595928472902673E-003   1.7615619413124612E-003
   2120.1545400970977        9.4940536071905820E-004   8.0266708933745146E-004   1.3269485109053852E-003
   2195.0417479108573        7.0227446104140028E-004   6.0804164553933545E-004   1.0002329394128576E-003
   2272.5750259096239        5.1991462577868246E-004   4.6060618384611776E-004   7.5446793201239802E-004
   2352.8469348264384        3.8528816218162790E-004   3.4892027240847638E-004   5.6947994997580778E-004
   2435.9532056335870        2.8584292532702395E-004   2.6431637650972607E-004   4.3014911649967759E-004
   2521.9959596104222        2.1233084298222945E-004   2.0022601807839890E-004   3.2513417684859716E-004
   2611.0779162676686        1.5794390168437085E-004   1.5167602872331334E-004   2.4593086069244521E-004
   2703.3053132971791        1.1766742194834643E-004   1.1489862150685801E-004   1.8615447883468784E-004
   2798.7914800504532        8.7806456520373431E-005   8.7038471739070200E-005   1.4100753954936755E-004
   2897.6492167059700        6.5640241043057803E-005   6.5933954792064226E-005   1.0688653433176088E-004
   3000.0000000000000        4.9162550932080828E-005   4.9946557979128599E-005   8.1079773196574529E-005
