         200   4370.0000000000000     
   3.0000000000000000        3.0041940039265851E-003  0.44437696497315798        1.4944023974761140E-003
   3.1059655287322618        3.2097704689794350E-003  0.44437696497315798        1.5929579089142634E-003
   3.2156739552243598        3.4285828163422255E-003  0.44437696497315798        1.6983119840858348E-003
   3.3292574962321346        3.6613748785231871E-003  0.44437696497315798        1.8109314209722560E-003
   3.4468529954360925        3.9089299448237594E-003  0.44437696497315798        1.9313137880385065E-003
   3.5686022069563790        4.1720758199058107E-003  0.44437696497315798        2.0599894507986770E-003
   3.6946518254059528        4.4516905377013343E-003  0.44437696497315798        2.1975234645951087E-003
   3.8251536998800524        4.7487098668160263E-003  0.44437696497315798        2.3445177887385575E-003
   3.9602651907155879        5.0641368466218094E-003  0.44437696497315798        2.5016138367152754E-003
   4.1001490688558144        5.3990522639487115E-003  0.44437696497315798        2.6694946924681689E-003
   4.2449739038313119        5.7546285840792879E-003  0.44437696497315798        2.8488880892519014E-003
   4.3949142193596993        6.1321461216762930E-003  0.44437696497315798        3.0405693778950684E-003
   4.5501507036585132        6.5330125917414071E-003  0.44437696497315798        3.2453648439582069E-003
   4.7108703059600501        6.9587861862640352E-003  0.44437696497315798        3.4641551993491045E-003
   4.8772669425686850        7.4112047787237628E-003  0.44437696497315798        3.6978802948283165E-003
   5.0495410155906377        7.8922172437337484E-003  0.44437696497315798        3.9475426544804066E-003
   5.2279001269311909        8.4040240513236740E-003  0.44437696497315798        4.2142131388684338E-003
   5.4125592113782046        8.9491233665668080E-003  0.44437696497315798        4.4990364055544300E-003
   5.6037407956130689        9.5303654409494079E-003  0.44437696497315798        4.8032371987311584E-003
   5.8016752663703963        1.0151015868294635E-002  0.44437696497315798        5.1281273988732006E-003
   6.0066011480696169        1.0814828436179215E-002  0.44437696497315798        5.4751139277835412E-003
   6.2187653902530293        1.1526128034937499E-002  0.44437696497315798        5.8457076120433642E-003
   6.4384236651766908        1.2289903677665200E-002  0.44437696497315798        6.2415331155397458E-003
   6.6658406759127811        1.3111911128078800E-002  0.44437696497315798        6.6643400594358524E-003
   6.9012904753346884        1.3998783936777592E-002  0.44437696497315798        7.1160154556568281E-003
   7.1450567963692624        1.4958150878794587E-002  0.44437696497315798        7.5985975877028043E-003
   7.3974330131920443        1.5998755309287058E-002  0.44437696497315798        8.1142906900903786E-003
   7.6587243988323896        1.7130583961023457E-002  0.44437696497315798        8.6654861080655426E-003
   7.9292442763577622        1.8364965020612991E-002  0.44437696497315798        9.2547725954677858E-003
   8.2093202460023029        1.9714700107382438E-002  0.44437696497315798        9.8849699006388660E-003
   8.4992881560440416        2.1194126133184447E-002  0.44437696497315798        1.0559138151110004E-002
   8.7994991583321234        2.2819218664600082E-002  0.44437696497315798        1.1280618670442357E-002
   9.1103132457223861        2.4607602993149461E-002  0.44437696497315798        1.2053046379474932E-002
   9.4321068148357909        2.6578611016968630E-002  0.44437696497315798        1.2880398225295098E-002
   9.7652657388916850        2.8753226261861164E-002  0.44437696497315798        1.3767009107367055E-002
   10.110193474162946        3.1154088030564023E-002  0.44437696497315798        1.4717629146315398E-002
   10.467303634806061        3.3805367820154815E-002  0.44437696497315798        1.5737443694745196E-002
   10.837027566606025        3.6732721005936289E-002  0.44437696497315798        1.6832137504466042E-002
   11.219811965471335        3.9963153897394126E-002  0.44437696497315798        1.8007936267595268E-002
   11.616115840724994        4.3524865026925881E-002  0.44437696497315798        1.9271648556869015E-002
   12.026419117330413        4.7447186473772059E-002  0.44437696497315798        2.0630749041912103E-002
   12.451213803399156        5.1760378572126210E-002  0.44437696497315798        2.2093411670157735E-002
   12.891014326336300        5.6495620576553114E-002  0.44437696497315798        2.3668610799302867E-002
   13.346348065368609        6.1684831718461286E-002  0.44437696497315798        2.5366161097501505E-002
   13.817766430769083        6.7360741932365742E-002  0.44437696497315798        2.7196836177606595E-002
   14.305834715756038        7.3556765768073143E-002  0.44437696497315798        2.9172416210230784E-002
   14.811143972217785        8.0307177095857732E-002  0.44437696497315798        3.1305826977119894E-002
   15.334300133051286        8.7647042746734863E-002  0.44437696497315798        3.3611196273474947E-002
   15.875936741648431        9.5612501533912375E-002  0.44437696497315798        3.6104016731241292E-002
   16.436703292225193       0.10424073731917738       0.44437696497315798        3.8801212109626101E-002
   17.017278874447534       0.11357033358900606       0.44437696497315798        4.1721327661580640E-002
   17.618359675531394       0.12364123508305574       0.44437696497315798        4.4884607319670228E-002
   18.240671728221173       0.13449508568732418       0.44437696497315798        4.8313205148959516E-002
   18.884968846184627       0.14617530150946689       0.44437696497315798        5.2031338534677674E-002
   19.552019805756849       0.15872686095986108       0.44437696497315798        5.6065382952417496E-002
   20.242632201214423       0.17219667508149844       0.44434795308038477        6.0444188001826292E-002
   20.957638264717446       0.18663315434065456       0.44427184267631953        6.5199197924132798E-002
   21.697899624358065       0.20208597290689562       0.44420559927790182        7.0364702197340090E-002
   22.464312967141105       0.21860570465714890       0.44414794340091973        7.5978074970085074E-002
   23.257792778673313       0.23624278054044659       0.44409776239062249        8.2079888823657007E-002
   24.079299719823517       0.25504724274531326       0.44405408688135473        8.8714365920125882E-002
   24.929823759061236       0.27506733677847217       0.44401607349544447        9.5929509115350545E-002
   25.810395145829254       0.29634853351603579       0.44398298800837616       0.10377745072542367     
   26.722064579292049       0.31893165474682844       0.44395419192974261       0.11231453420117346     
   27.665935811728254       0.34285214057421320       0.44392912899474413       0.12160186248614632     
   28.643146268414043       0.36813797858997133       0.44390731523604710       0.13170537679162983     
   29.654879655490589       0.39480838336255625       0.44388832932321648       0.14269621231203680     
   30.702343174827575       0.42273024121994601       0.43334540649624359       0.15458362274572099     
   31.786804983723918       0.45197026078019892       0.41926043466866320       0.16748179128528720     
   32.909571928103169       0.48258129997906418       0.40700144837191515       0.18151101608338080     
   34.072004028335677       0.51453134599652628       0.39633166658636648       0.19676401293924464     
   35.275488300232773       0.54777258809502249       0.38704518170961233       0.21333877173041560     
   36.521481794408061       0.58224208285367363       0.37896260318246233       0.23133887710142134     
   37.811486012809581       0.61786091015895983       0.37192785574954867       0.25087276378159756     
   39.147055493126302       0.65453466913409064       0.36580509786001564       0.27205320672906885     
   40.529808025860810       0.69215442858861187       0.36047606909485674       0.29499662147654993     
   41.961393513511240       0.73059696205418756       0.35583792878139092       0.31982138397910292     
   43.443545167355794       0.76972760735608303       0.35180108019971001       0.34664719742722422     
   44.978049075047366       0.80940124847772610       0.34828757147206235       0.37559275313633395     
   46.566763998623138       0.84946494347090140       0.34522953955015917       0.40677386263513449     
   48.211585595230147       0.88975937916347903       0.34256796991676325       0.44030011570663863     
   49.914505239722644       0.93012287525896531       0.34025144801930701       0.47627300438287423     
   51.677575059319224       0.97039310742053464       0.33823524162963942       0.51478184355350554     
   53.502930680545909        1.0104102712678920       0.33648040793526918       0.55590053261095407     
   55.392750120602578        1.0500187688847125       0.33495308180137728       0.59968266914628399     
   57.349321371645829        1.0890711397915096       0.33362375928832794       0.64615901182660995     
   59.375002227322796        1.1274294193623196       0.33246677106918898       0.69533257424175410     
   61.472246417894510        1.1649676530563136       0.33145977003926358       0.74717547097981996     
   63.643556378429672        1.2015727623022954       0.33058332288943215       0.80162441808838314     
   65.891560899834928        1.2371472879609955       0.32982049895686316       0.85857999493695003     
   68.218968971510208        1.2716095258208564       0.32915656804875432       0.91790372592614689     
   70.628585269218178        1.3028097211169896       0.32827228969338268       0.97816411760765476     
   73.123328588587739        1.3268727339625048       0.32667818054942294        1.0366450064860466     
   75.706175661273647        1.3498350059950894       0.32529074163503596        1.0965839630080776     
   78.380253523498894        1.3716851948167113       0.32408317126519337        1.1576427476877751     
   81.148784610322849        1.3924309725846278       0.32303215115684941        1.2194579244359198     
   84.015122474940881        1.4120975343148860       0.32211738096812403        1.2816496612076167     
   86.982687236203873        1.4307250170635737       0.32132120727928504        1.3438289907872178     
   90.055071705548812        1.4483667716831163       0.32062825010047186        1.4056088727646465     
   93.235978303002270        1.4650862267407043       0.32002512837163288        1.4666111249624518     
   96.529260096906100        1.4809542787711276       0.31950019286056575        1.5264746255465298     
   99.938826062156153        1.4960459365610905       0.31904331578167305        1.5848597437058760     
   103.46886588546354        1.5104384332160821       0.31864566384039184        1.6414568432127596     
   107.12359379692580        1.5242072550383625       0.31829956405798066        1.6959848402861395     
   110.90736836557576        1.5374240879929497       0.31799833647047715        1.7481949890339450     
   114.82483910697920        1.5501548781080030       0.31773615712186842        1.7978729649107770     
   118.88068277378797        1.5624568287298144       0.31750796707402534        1.8448345246646969     
   123.07973629915718        1.5743771984787405       0.31730936210199923        1.8889262720850286     
   127.42715949490271        1.5859524157448803       0.31713650236286400        1.9300255546510188     
   131.92808807993632        1.5972062466812731       0.31698605406776909        1.9680353417686582     
   136.58805281121437        1.6081504846326360       0.31685510843847248        2.0028867346022041     
   141.41261684513370        1.6187840289993460       0.31674113878536087        2.0345345892024107     
   146.40753387824964        1.6290937332085234       0.31664194541570179        2.0629581597361599     
   151.57894168226974        1.6186585242104599       0.31501525910578038        2.0641792542462372     
   156.93294936957258        1.5655726969070469       0.31027166711549237        2.0103951979973629     
   162.47613596373097        1.5188843743206406       0.30614298863559286        1.9591223645226792     
   168.21511902855468        1.4776574214066114       0.30254955786059251        1.9103652577943202     
   174.15674278185460        1.4410916457739256       0.29942201910378358        1.8641171747073100     
   180.30830831190286        1.4085012452194932       0.29669990430412974        1.8203470621389093     
   186.67715947709803        1.3792994222102462       0.29433068830879827        1.7789963907763797     
   193.27089166569760        1.3529813566332438       0.29226864361874832        1.7399756442041225     
   200.09760727912413        1.3291101644834296       0.29047390251246596        1.7031650368744131     
   207.16537088595135        1.3073077829366160       0.28891185144767756        1.6684222566568994     
   214.48286737908427        1.2872433051211329       0.28755228961586243        1.6355850423821041     
   222.05883252794877        1.2686271097917714       0.28636898329866101        1.6044808120212277     
   229.90230130529540        1.2512036881739501       0.28533909386988149        1.5749319316169115     
   238.02291179328489        1.2347460064777311       0.28444270937265215        1.5467607998456774     
   246.43025707061713        1.2190528656391622       0.28366254205299973        1.5197974679656787     
   255.13466811288930        1.2039441348534432       0.28298350809941236        1.4938811891186288     
   264.14653641505117        1.1892595947066535       0.28239250506588276        1.4688659159148398     
   273.47660938458705        1.1748564441878038       0.28187812618717500        1.4446215382165042     
   283.13635184814427        1.1606073507004435       0.28143042642476301        1.4210344130860253     
   293.13729579387660        1.1464003591609753       0.28104076709138487        1.3980096304501290     
   303.49136818478553        1.1321375205563458       0.28070162749376915        1.3754699715304528     
   314.21129214162710        1.1177337121343645       0.28040645068235170        1.3533544138560545     
   325.30973137660959        1.1031172700748384       0.28014954384996144        1.3316188086351040     
   336.80032369109853        1.0882281306905126       0.27992593994127818        1.3102322538937348     
   348.69678677735646        1.0730185770602663       0.27973132435888626        1.2891771488111290     
   361.01330816366544        1.0574522698790785       0.27956194088812553        1.2684465045832767     
   373.76502243504467        1.0396235843033703       0.27765291619568938        1.2450014368214237     
   386.96715283564077        1.0152102832175058       0.26994905816021419        1.2119740753176242     
   400.63544401132759       0.99146762347378425       0.26324401329041208        1.1811498907995230     
   414.78669160661980       0.96826047495245193       0.25740814576272775        1.1522893162750298     
   429.43761284149554       0.94548070966811881       0.25232890449852541        1.1251910736278059     
   444.60621081975989       0.92304202643274902       0.24790808707901194        1.0996832992305972     
   460.31059410826708       0.90087912167384376       0.24406039066882432        1.0756206314651455     
   476.56949149896485       0.87894433780889158       0.24071155207952472        1.0528787614368329     
   493.40288198244309       0.85720456104743525       0.23779682462307286        1.0313500062131373     
   510.83065126063684       0.83564087564432843       0.23525999459729083        1.0109420880403261     
   528.87421463804299       0.81424450465981157       0.23305201474656778       0.99157355035801886     
   547.55511287104378       0.79301676914798647       0.23113028051979442       0.97317340914729633     
   566.89562449487210       0.77196662817667094       0.22945770112398858       0.95567868596826966     
   586.91951519858117       0.75110840437928117       0.22800193878786687       0.93903247241850851     
   607.65068989177485       0.73046189315810739       0.22673490353550541       0.92318407685729453     
   629.11387223602765       0.71005035483197410       0.22563214071464466       0.90808747975792814     
   651.33543626567803       0.68989868994362114       0.22467232942896817       0.89370013479792199     
   674.34163286578985       0.67003414964032404       0.22383695866962175       0.87998363580838868     
   698.16073213207346       0.65048357634775655       0.22310987731778725       0.86690189244035609     
   722.82116976782140       0.61957600524423395       0.21081112608087424       0.83248626295951611     
   748.35235540965130       0.58711539594242101       0.19667258231957932       0.79504739026303217     
   774.78566186873422       0.55681860694904006       0.18436682299544607       0.76149232640481412     
   802.15264573967897       0.52847864213904450       0.17365639967709748       0.73136962825769403     
   830.48594444209971       0.50191649903941071       0.16433459382431559       0.70428169730818502     
   859.82037403360118       0.47697615721561037       0.15622117696701113       0.67987754552760726     
   890.19058800385733       0.45352315625106587       0.14915967300041155       0.65784930136524067     
   921.63390537915473       0.43143915684112638       0.14301355429494278       0.63792488996975183     
   954.18786380243341       0.41062131497768817       0.13766422709241094       0.61986553461359639     
   987.89128659474920       0.39097914868163564       0.13300844569677023       0.60346098753244548     
   1022.7855886411724       0.37243201068746351       0.12895619489302232       0.58852561569084361     
   1058.9119914466876       0.35490907973590446       0.12542932259894593       0.57489669307184477     
   1096.3148872627712       0.33834623823448157       0.12235964000994586       0.56243030790001247     
   1135.0389283928459       0.32268641313782104       0.11968791540399835       0.55100018790998939     
   1175.1302964981960       0.30787794224033882       0.11736258265771290       0.54049509853257671     
   1216.6382559936744       0.29387328987446143       0.11533868361920940       0.53081671564587518     
   1259.6123598874483       0.28062942737448243       0.11357716570836786       0.52187878514125763     
   1304.1038583964914       0.26810670580593721       0.11204403041735340       0.51360531872966297     
   1350.1674228314519       0.25626798686462787       0.11070963599731366       0.50592911958817888     
   1397.8574692241625       0.22392979186020637        9.9424993805637421E-002  0.45757135461459214     
   1447.2325992722181       0.19417379658930717        8.8270406372027252E-002  0.41169063994948829     
   1498.3517579647787       0.16882999500647450        7.8561915395676057E-002  0.37203178112195145     
   1551.2759091786245       0.14124407378350359        6.8428488627413700E-002  0.32133306332823308     
   1606.0700862978565       0.11806470268863276        5.9557322789265607E-002  0.27719306985725617     
   1662.7990190437411        9.8741500173642791E-002   5.1836312781250594E-002  0.23918686644889886     
   1721.5324161293761        8.2629511999279953E-002   4.5116180036182715E-002  0.20645085833317708     
   1782.3403946248577        6.9191902489110127E-002   3.9267254784246405E-002  0.17824583521341411     
   1845.2954731357936        5.7981404938392246E-002   3.4176648743252713E-002  0.15393756194920624     
   1910.4750110852074        4.8625217794018669E-002   2.9745939766990654E-002  0.13298096837036613     
   1977.9568210713478        4.0813364164514879E-002   2.5889634155429626E-002  0.11490891235525752     
   2047.8213808026539        3.4287812126577652E-002   2.2533302556623249E-002   9.9320100511855622E-002
   2120.1545400970977        2.8833637282985838E-002   1.9612053412142120E-002   8.5869243580046717E-002
   2195.0417479108573        2.4272278604710644E-002   1.7069547241932478E-002   7.4260216975384735E-002
   2272.5750259096239        2.0454959143706871E-002   1.4856627047394957E-002   6.4237867993678061E-002
   2352.8469348264384        1.7258047257864721E-002   1.2930592949951017E-002   5.5583133687190270E-002
   2435.9532056335870        1.4578657480024067E-002   1.1254271166156231E-002   4.8107502178232599E-002
   2521.9959596104222        1.2331088636201904E-002   9.7952515691274375E-003   4.1648493642544915E-002
   2611.0779162676686        1.0444100246015163E-002   8.5253813317582756E-003   3.6066482560250940E-002
   2703.3053132971791        8.8583748104855177E-003   7.4201510846304500E-003   3.1241207101465582E-002
   2798.7914800504532        7.5244660830238461E-003   6.4581922260286764E-003   2.7068919571326393E-002
   2897.6492167059700        6.4012485133818691E-003   5.6209523288075162E-003   2.3460429907162982E-002
   3000.0000000000000        5.4543966590259755E-003   4.8922441361031136E-003   2.0338698366728147E-002
