         200   4370.0000000000000     
   3.0000000000000000        1.4166893707327479E-003   11.008077494227818        6.8915125462682292E-004
   3.1059655287322618        1.5166860941602048E-003   11.008077494227818        7.3471523468214258E-004
   3.2156739552243598        1.6234664465101364E-003   11.008077494227818        7.8344569331414895E-004
   3.3292574962321346        1.7374277286019361E-003   11.008077494227818        8.3556359601979536E-004
   3.4468529954360925        1.8589850723191113E-003   11.008077494227818        8.9130471627127937E-004
   3.5686022069563790        1.9885732653537012E-003   11.008077494227818        9.5092055599014060E-004
   3.6946518254059528        2.1266488260327271E-003   11.008077494227818        1.0146791825464431E-003
   3.8251536998800524        2.2736928389841260E-003   11.008077494227818        1.0828661887872933E-003
   3.9602651907155879        2.4302146018736989E-003   11.008077494227818        1.1557857787398392E-003
   4.1001490688558144        2.5967554405971812E-003   11.008077494227818        1.2337616631498782E-003
   4.2449739038313119        2.7738938004109419E-003   11.008077494227818        1.3171382681919897E-003
   4.3949142193596993        2.9622508332463361E-003   11.008077494227818        1.4062818929361709E-003
   4.5501507036585132        3.1624968190151663E-003   11.008077494227818        1.5015819758903239E-003
   4.7108703059600501        3.3753582130796843E-003   11.008077494227818        1.6034523822641756E-003
   4.8772669425686850        3.6016262850326487E-003   11.008077494227818        1.7123331911469996E-003
   5.0495410155906377        3.8421649529500556E-003   11.008077494227818        1.8286918563233338E-003
   5.2279001269311909        4.0979209575990822E-003   11.008077494227818        1.9530252697967136E-003
   5.4125592113782046        4.3699340272946516E-003   11.008077494227818        2.0858616305070941E-003
   5.6037407956130689        4.6593479579510877E-003   11.008077494227818        2.2277625845311924E-003
   5.8016752663703963        4.9674224623177171E-003   11.008077494227818        2.3793255884449228E-003
   6.0066011480696169        5.2955458099694964E-003   11.008077494227818        2.5411865216459387E-003
   6.2187653902530293        5.6452482992425520E-003   11.008077494227818        2.7140225742882246E-003
   6.4384236651766908        6.0182166272330423E-003   11.008077494227818        2.8985554381309791E-003
   6.6658406759127811        6.4163092544936079E-003   11.008077494227818        3.0955548281021649E-003
   6.9012904753346884        6.8415728974945056E-003   11.008077494227818        3.3058423627982335E-003
   7.1450567963692624        7.2962603246719540E-003   11.008077494227818        3.5302958325796573E-003
   7.3974330131920443        7.7828489349894992E-003   11.008077494227818        3.7698535176181047E-003
   7.6587243988323896        8.3040656259040849E-003   11.008077494227818        4.0255211540273323E-003
   7.9292442763577622        8.8629017639169135E-003   11.008077494227818        4.2983734571993394E-003
   8.2093202460023029        9.4626508051115794E-003   11.008077494227818        4.5895660006852520E-003
   8.4992881560440416        1.0106923924653590E-002   11.008077494227818        4.9003353946911890E-003
   8.7994991583321234        1.0799696863337163E-002   11.008077494227818        5.2320134630592522E-003
   9.1103132457223861        1.1545331439527858E-002   11.008077494227818        5.5860277315726015E-003
   9.4321068148357909        1.2348633885562163E-002   11.008077494227818        5.9639178692605585E-003
   9.7652657388916850        1.3214884673822477E-002   11.008077494227818        6.3673365494443359E-003
   10.110193474162946        1.4149911719527054E-002   11.008077494227818        6.7980685049277749E-003
   10.467303634806061        1.5160131018727660E-002   11.008077494227818        7.2580318559041434E-003
   10.837027566606025        1.6252634600087867E-002   11.008077494227818        7.7492987037993104E-003
   11.219811965471335        1.7435260531440608E-002   11.008077494227818        8.2741045904197001E-003
   11.616115840724994        1.8716666808673971E-002   11.008077494227818        8.8348573986056084E-003
   12.026419117330413        2.0106450208049086E-002   11.008077494227818        9.4341637263389601E-003
   12.451213803399156        2.1615216718438256E-002   11.008077494227818        1.0074832100674147E-002
   12.891014326336300        2.3254721970326943E-002   11.008077494227818        1.0759905258673867E-002
   13.346348065368609        2.5037947512977193E-002   11.008077494227818        1.1492664545301217E-002
   13.817766430769083        2.6979255337022910E-002   11.008077494227818        1.2276667613841306E-002
   14.305834715756038        2.9094462219709859E-002   11.008077494227818        1.3115754322150926E-002
   14.811143972217785        3.1401002494671246E-002   11.008077494227818        1.4014090806707980E-002
   15.334300133051286        3.3917992293441439E-002   11.008077494227818        1.4976177210408783E-002
   15.875936741648431        3.6666396262230130E-002   11.008077494227818        1.6006899195444142E-002
   16.436703292225193        3.9669075704015205E-002   11.008077494227818        1.7111537824751451E-002
   17.017278874447534        4.2950958266730552E-002   11.008077494227818        1.8295829678651024E-002
   17.618359675531394        4.6539066143999198E-002   11.008077494227818        1.9565979171097116E-002
   18.240671728221173        5.0462676506815143E-002   11.008077494227818        2.0928724344685099E-002
   18.884968846184627        5.4753396717668629E-002   11.008077494227818        2.2391377256284321E-002
   19.552019805756849        5.9445144139858179E-002   11.008077494227818        2.3961840860071883E-002
   20.242632201214423        6.4574353372596968E-002   11.007955137075955        2.5648713475020637E-002
   20.957638264717446        7.0179901274177600E-002   11.007634142774011        2.7461311277227819E-002
   21.697899624358065        7.6303110609519040E-002   11.007354762396329        2.9409737448385823E-002
   22.464312967141105        8.2987707560072441E-002   11.007111599740554        3.1504959714592093E-002
   23.257792778673313        9.0279492048360444E-002   11.006899962204672        3.3758829163316587E-002
   24.079299719823517        9.8226301650908482E-002   11.006715761505946        3.6184228415602621E-002
   24.929823759061236       0.10687745672230423        11.006555440713742        3.8795101002503218E-002
   25.810395145829254       0.11628331315450635        11.006415903248971        4.1606563042198771E-002
   26.722064579292049       0.12649433777144595        11.006294456289478        4.4634921744291942E-002
   27.665935811728254       0.13756059071707558        11.006188753798165        4.7897865155934929E-002
   28.643146268414043       0.14953051113879692        11.006096754651244        5.1414489368322810E-002
   29.654879655490589       0.16244993401538099        11.006016681894955        5.5205432274208092E-002
   30.702343174827575       0.17629018148863215        10.999286577628213        5.9262526513325024E-002
   31.786804983723918       0.19112295852726002        10.990322977089413        6.3624736035807233E-002
   32.909571928103169       0.20701339632169238        10.982521423950345        6.8332727643503580E-002
   34.072004028335677       0.22398413278141774        10.975731232039980        7.3413911837096071E-002
   35.275488300232773       0.24204917444779750        10.969821362864225        7.8897562450260847E-002
   36.521481794408061       0.26121383558087918        10.964677653233325        8.4815061037945658E-002
   37.811486012809581       0.28147400080800217        10.960200777691643        9.1199828163645635E-002
   39.147055493126302       0.30281626364622172        10.956304287404709        9.8087384288353799E-002
   40.529808025860810       0.32521852985367872        10.952912922076086       0.10551540695244326     
   41.961393513511240       0.34865039844542389        10.949961234453173       0.11352353993486169     
   43.443545167355794       0.37307533297286022        10.947392205663848       0.12215362104678747     
   44.978049075047366       0.39845194595535638        10.945156227551152       0.13144944774451889     
   46.566763998623138       0.42473649078894399        10.943210112435107       0.14145679448960968     
   48.211585595230147       0.45188476663165289        10.941516303793394       0.15222306171375435     
   49.914505239722644       0.47985583477788096        10.940042081680456       0.16379750303957238     
   51.677575059319224       0.50861432776878612        10.938758978746209       0.17623085076030198     
   53.502930680545909       0.53813374153340032        10.937642211993607       0.18957530776044565     
   55.392750120602578       0.56839860463322878        10.936670229832446       0.20388408212489073     
   57.349321371645829       0.59940818918084116        10.935824256113799       0.21921173229272486     
   59.375002227322796       0.63117813604309692        10.935087955015629       0.23561375240115590     
   61.472246417894510       0.66374268493853128        10.934447104960297       0.25314668842764643     
   63.643556378429672       0.69715518997014225        10.933889338694222       0.27186769359205526     
   65.891560899834928       0.73148990772274669        10.933403881634261       0.29183518246476270     
   68.218968971510208       0.76684112400620497        10.932981359564726       0.31310850921443906     
   70.628585269218178       0.80160199903043261        10.931939962098683       0.33497078738091873     
   73.123328588587739       0.83267212641128707        10.929221015059143       0.35600880110343752     
   75.706175661273647       0.86513469665579568        10.926854569233818       0.37851014622210455     
   78.380253523498894       0.89911030235413347        10.924794911088984       0.40252706210856259     
   81.148784610322849       0.93472575848390249        10.923002268456633       0.42811413494424216     
   84.015122474940881       0.97211077244135302        10.921442016634515       0.45532881493788352     
   86.982687236203873        1.0113932436049959        10.920084045568077       0.48423092254199457     
   90.055071705548812        1.0526968459147938        10.918902122813909       0.51488367485967279     
   93.235978303002270        1.0961365616183052        10.917873425346549       0.54735297095310187     
   96.529260096906100        1.1418158095954463        10.916978083983484       0.58170750436057994     
   99.938826062156153        1.1898219516748278        10.916198824554636       0.61801724725315466     
   103.46886588546354        1.2402265339064382        10.915520580801616       0.65635504688089175     
   107.12359379692580        1.2930790132142460        10.914930265525923       0.69679279981748121     
   110.90736836557576        1.3484059140653666        10.914416485236563       0.73940117381219883     
   114.82483910697920        1.4062106303176884        10.913969306468109       0.78424927452495230     
   118.88068277378797        1.4664672534299543        10.913580100586326       0.83139902194878501     
   123.07973629915718        1.5291201917961945        10.913241355649836       0.88090316573606264     
   127.42715949490271        1.5940843046862656        10.912946522339494       0.93280282663686953     
   131.92808807993632        1.6612374128905407        10.912689914472903       0.98711781413101185     
   136.58805281121437        1.7304242968685508        10.912466570774969        1.0438447011691347     
   141.41261684513370        1.8014491837018858        10.912272181669264        1.1029440220797024     
   146.40753387824964        1.8740763319601470        10.912102995312209        1.1643321098581738     
   151.57894168226974        1.9249227187453586        10.903999417843698        1.2080401275118748     
   156.93294936957258        1.9266081916797619        10.879757472240353        1.2085227525802598     
   162.47613596373097        1.9334328289591458        10.858658018634644        1.2117258508218163     
   168.21511902855468        1.9443609261625796        10.840293927971846        1.2172395898458452     
   174.15674278185460        1.9585036914610223        10.824310760665275        1.2246364809487185     
   180.30830831190286        1.9750920434314649        10.810399496999596        1.2334655086391795     
   186.67715947709803        1.9934507135816051        10.798291709188382        1.2432473915510069     
   193.27089166569760        2.0129772994560433        10.787753708595105        1.2534736903536983     
   200.09760727912413        2.0331255110768578        10.778581752752434        1.2636103258227256     
   207.16537088595135        2.0533899004985683        10.770598950475234        1.2731050309290650     
   214.48286737908427        2.0732979497031887        10.763650961685576        1.2814023695202397     
   222.05883252794877        2.0924021969985036        10.757603719968227        1.2879627329609273     
   229.90230130529540        2.1102780306765530        10.752340509396772        1.2922872806140526     
   238.02291179328489        2.1265240637615124        10.747759570676486        1.2939451724076283     
   246.43025707061713        2.1407626854696131        10.743772555401316        1.2926001449341573     
   255.13466811288930        2.1526451919540497        10.740302378328876        1.2880336850022187     
   264.14653641505117        2.1618551968304005        10.737282079909535        1.2801608561436855     
   273.47660938458705        2.1681144145175493        10.734653366305437        1.2690363903700037     
   283.13635184814427        2.1711878571460694        10.732365413777229        1.2548490661097174     
   293.13729579387660        2.1708880524209291        10.730374074643725        1.2379069637359941     
   303.49136818478553        2.1670793190768793        10.728640914689393        1.2186133109281929     
   314.21129214162710        2.1596802781173130        10.727132424873984        1.1974366056463119     
   325.30973137660959        2.1486658922900408        10.725819512324033        1.1748817102745006     
   336.80032369109853        2.1340670993345738        10.724676793093101        1.1514591198375472     
   348.69678677735646        2.1159706825389226        10.723682217595956        1.1276623659030758     
   361.01330816366544        2.0945169255519853        10.722816589841150        1.1039485943035940     
   373.76502243504467        2.0641009243042285        10.525550942321747        1.0686451469655571     
   386.96715283564077        2.0102553151956379        9.6798177565597268       0.99041235090188628     
   400.63544401132759        1.9548988139119201        8.9437347534330023       0.91497395818763538     
   414.78669160661980        1.8981236842150659        8.3030704508010231       0.84326036308363761     
   429.43761284149554        1.8400660990963094        7.7454689379166144       0.77593807452168040     
   444.60621081975989        1.7808936345584645        7.2601495067095936       0.71341721845293149     
   460.31059410826708        1.7208029992203084        6.8377475714910263       0.65589017316060738     
   476.56949149896485        1.6600112025713460        6.4701104842433947       0.60337094559718918     
   493.40288198244309        1.5987469047394525        6.1501303228720863       0.55573720996321285     
   510.83065126063684        1.5372495239804915        5.8716359205140520       0.51277480632186734     
   528.87421463804299        1.4757580499748155        5.6292428462061981       0.47420746124600377     
   547.55511287104378        1.4145113763109252        5.4182739521387093       0.43972780196425576     
   566.89562449487210        1.3537419842101672        5.2346573934818581       0.40901618956954461     
   586.91951519858117        1.2936703376960546        5.0748431143803368       0.38175452541788962     
   607.65068989177485        1.2345064072912670        4.9357473839659578       0.35763828848211870     
   629.11387223602765        1.1764452804319914        4.8146855589256070       0.33638139587000021     
   651.33543626567803        1.1196635552278185        4.7093170211583120       0.31771897813515343     
   674.34163286578985        1.0643230810134419        4.6176096233400008       0.30141048806746001     
   698.16073213207346        1.0105650338323853        4.5377902879934631       0.28723803592377484     
   722.82116976782140       0.95707500516650601        4.4668798547827739       0.27315921269136334     
   748.35235540965130       0.90516255962605974        4.4047394079429072       0.26056335278010273     
   774.78566186873422       0.85537028630028811        4.3506542492436697       0.24987225318655401     
   802.15264573967897       0.80774365434801465        4.3035807668481043       0.24090540291977300     
   830.48594444209971       0.76231657091985372        4.2626104101532283       0.23350583221119842     
   859.82037403360118       0.71911077385123667        4.2269510553127887       0.22753779724781167     
   890.19058800385733       0.67814067199620898        4.1959149727250482       0.22288538541175254     
   921.63390537915473       0.63941059255259780        4.1689021085194513       0.21945016227779973     
   954.18786380243341       0.60291979052058819        4.1453912301524731       0.21715000320281663     
   987.89128659474920       0.56866260368725585        4.1249285614930615       0.21591745261840459     
   1022.7855886411724       0.53662928423687628        4.1071184758220545       0.21569849911514311     
   1058.9119914466876       0.50681092801569494        4.0916174861868155       0.21645156992661535     
   1096.3148872627712       0.47919883707200384        4.0781258953301123       0.21814658604487114     
   1135.0389283928459       0.45378975759471418        4.0663833733526324       0.22076415508457786     
   1175.1302964981960       0.43058773849693233        4.0561632814998045       0.22429491541483240     
   1216.6382559936744       0.40960684936491448        4.0472680237749152       0.22873921160450167     
   1259.6123598874483       0.39087668691494420        4.0395259598152737       0.23410647100174312     
   1304.1038583964914       0.37444573738529124        4.0327876624589045       0.24041502972592246     
   1350.1674228314519       0.36038567246196168        4.0269228529762673       0.24769227342656946     
   1397.8574692241625       0.31840852219930110        3.5768425554627168       0.23266296883839699     
   1447.2325992722181       0.28026705422607784        3.1147530653552615       0.21700030072422674     
   1498.3517579647787       0.24847130457113215        2.7125695088879356       0.20341368119209732     
   1551.2759091786245       0.21399360986875579        2.3609599167939530       0.18538034396719358     
   1606.0700862978565       0.18578417814793693        2.0548817411799938       0.16910591879785020     
   1662.7990190437411       0.16294452045327273        1.7884869177411207       0.15455840471361570     
   1721.5324161293761       0.14449007662231894        1.5566249496501987       0.14152684091609805     
   1782.3403946248577       0.12961225306798568        1.3548218943272219       0.12982936607164222     
   1845.2954731357936       0.11764451787798610        1.1791828139375320       0.11930840513602931     
   1910.4750110852074       0.10803547274317726        1.0263118897689241       0.10982681285753745     
   1977.9568210713478       0.10032816436941400       0.89325936795484995       0.10126562360397846     
   2047.8213808026539        9.4142303576965167E-002  0.77745724326673626        9.3521095430972673E-002
   2120.1545400970977        8.9160413210227385E-002  0.67666658903145460        8.6502339356217636E-002
   2195.0417479108573        8.5117436071994207E-002  0.58894354740838484        8.0130120908468702E-002
   2272.5750259096239        8.1791681587736476E-002  0.51259207475180502        7.4334641856302175E-002
   2352.8469348264384        7.8998449486768832E-002  0.44613891476455020        6.9054769864605889E-002
   2435.9532056335870        7.6584532500255875E-002  0.38830147573038837        6.4236657712725936E-002
   2521.9959596104222        7.4423911332398202E-002  0.33796152441043703        5.9832635746156208E-002
   2611.0779162676686        7.2414472790670370E-002  0.29414771542390905        5.5800727801578853E-002
   2703.3053132971791        7.0475036532089114E-002  0.25601441210772802        5.2103750350268534E-002
   2798.7914800504532        6.8542814134396238E-002  0.22282434241132121        4.8708590475137321E-002
   2897.6492167059700        6.6571359310889242E-002  0.19393739959364822        4.5585977825054053E-002
   3000.0000000000000        6.4528351555464505E-002  0.16879508140827823        4.2709706617722290E-002
