         200   4370.0000000000000     
   3.0000000000000000        2.8295221560786484E-003   2.8618718948928909E-002   1.1166621762961475E-002
   3.1059655287322618        2.9884566689314029E-003   2.8618718948928909E-002   1.1421200610587408E-002
   3.2156739552243598        3.1533807238283630E-003   2.8618718948928909E-002   1.1674414419381616E-002
   3.3292574962321346        3.3242509300853264E-003   2.8618718948928909E-002   1.1925681531424372E-002
   3.4468529954360925        3.5009967205188886E-003   2.8618718948928909E-002   1.2174428354758869E-002
   3.5686022069563790        3.6835193049205074E-003   2.8618718948928909E-002   1.2420095681234769E-002
   3.6946518254059528        3.8716905045927982E-003   2.8618718948928909E-002   1.2662144016705746E-002
   3.8251536998800524        4.0653521543002075E-003   2.8618718948928909E-002   1.2900058782934227E-002
   3.9602651907155879        4.2643160215275495E-003   2.8618718948928909E-002   1.3133355126091878E-002
   4.1001490688558144        4.4683633653380397E-003   2.8618718948928909E-002   1.3361581234429933E-002
   4.2449739038313119        4.6772455400135911E-003   2.8618718948928909E-002   1.3584321845313590E-002
   4.3949142193596993        4.8906845654858432E-003   2.8618718948928909E-002   1.3801200593477503E-002
   4.5501507036585132        5.1083740790483058E-003   2.8618718948928909E-002   1.4011881728735387E-002
   4.7108703059600501        5.3299804149554032E-003   2.8618718948928909E-002   1.4216070976964586E-002
   4.8772669425686850        5.5551447830599300E-003   2.8618718948928909E-002   1.4413516469917911E-002
   5.0495410155906377        5.7834840523493681E-003   2.8618718948928909E-002   1.4604007526786146E-002
   5.2279001269311909        6.0145934031765472E-003   2.8618718948928909E-002   1.4787374371144021E-002
   5.4125592113782046        6.2480483670563905E-003   2.8618718948928909E-002   1.4963486567497977E-002
   5.6037407956130689        6.4834072116736197E-003   2.8618718948928909E-002   1.5132251173531267E-002
   5.8016752663703963        6.7202134862329099E-003   2.8618718948928909E-002   1.5293610539968182E-002
   6.0066011480696169        6.9579987057339070E-003   2.8618718948928909E-002   1.5447539848590954E-002
   6.2187653902530293        7.1962851530651155E-003   2.8618718948928909E-002   1.5594044480368543E-002
   6.4384236651766908        7.4345887777337548E-003   2.8618718948928909E-002   1.5733157303531559E-002
   6.6658406759127811        7.6724221695331080E-003   2.8618718948928909E-002   1.5864935965806778E-002
   6.9012904753346884        7.9092975845186497E-003   2.8618718948928909E-002   1.5989460266199917E-002
   7.1450567963692624        8.1447299993976617E-003   2.8618718948928909E-002   1.6106829670198934E-002
   7.3974330131920443        8.3782398244067521E-003   2.8618718948928909E-002   1.6217160860320816E-002
   7.6587243988323896        8.6093576596992967E-003   2.8618718948928909E-002   1.6320586466654317E-002
   7.9292442763577622        8.8376234951190787E-003   2.8618718948928909E-002   1.6417251532550393E-002
   8.2093202460023029        9.0625947362750325E-003   2.8618718948928909E-002   1.6507314235259356E-002
   8.4992881560440416        9.2838435840047456E-003   2.8618718948928909E-002   1.6590942283720357E-002
   8.7994991583321234        9.5009650121479720E-003   2.8618718948928909E-002   1.6668313980543942E-002
   9.1103132457223861        9.7135740002124524E-003   2.8618718948928909E-002   1.6739615361021708E-002
   9.4321068148357909        9.9213129552542089E-003   2.8618718948928909E-002   1.6805041324476779E-002
   9.7652657388916850        1.0123848724620568E-002   2.8618718948928909E-002   1.6864793363400726E-002
   10.110193474162946        1.0320879322889980E-002   2.8618718948928909E-002   1.6919080632501048E-002
   10.467303634806061        1.0512130667453648E-002   2.8618718948928909E-002   1.6968118095652709E-002
   10.837027566606025        1.0697361962359158E-002   2.8618718948928909E-002   1.7012127279536091E-002
   11.219811965471335        1.0876364826211212E-002   2.8618718948928909E-002   1.7051335299161800E-002
   11.616115840724994        1.1048962442743294E-002   2.8618718948928909E-002   1.7085974117991839E-002
   12.026419117330413        1.1215013593397487E-002   2.8618718948928909E-002   1.7116280820023429E-002
   12.451213803399156        1.1374408635687066E-002   2.8618718948928909E-002   1.7142496217381932E-002
   12.891014326336300        1.1527073227756628E-002   2.8618718948928909E-002   1.7164864943494559E-002
   13.346348065368609        1.1672964064930439E-002   2.8618718948928909E-002   1.7183634140717021E-002
   13.817766430769083        1.1812071764947443E-002   2.8618718948928909E-002   1.7199053258345399E-002
   14.305834715756038        1.1944416439388433E-002   2.8618718948928909E-002   1.7211372832121666E-002
   14.811143972217785        1.2070049816963515E-002   2.8618718948928909E-002   1.7220844062185686E-002
   15.334300133051286        1.2189050741437755E-002   2.8618718948928909E-002   1.7227717724583324E-002
   15.875936741648431        1.2301526631872166E-002   2.8618718948928909E-002   1.7232243623895156E-002
   16.436703292225193        1.2407609003495124E-002   2.8618718948928909E-002   1.7234669686831613E-002
   17.017278874447534        1.2507454376023472E-002   2.8618718948928909E-002   1.7235241386057438E-002
   17.618359675531394        1.2601239912780384E-002   2.8618718948928909E-002   1.7234201060773204E-002
   18.240671728221173        1.2689163643964455E-002   2.8618718948928909E-002   1.7231787406163889E-002
   18.884968846184627        1.2771441814909235E-002   2.8618718948928909E-002   1.7228234994925953E-002
   19.552019805756849        1.2848305354888977E-002   2.8618718948928909E-002   1.7223774032273140E-002
   20.242632201214423        1.2920000916637425E-002   2.8618403551787189E-002   1.7218629290517484E-002
   20.957638264717446        1.2986787068551166E-002   2.8617576132353197E-002   1.7213020669192645E-002
   21.697899624358065        1.3048933067459252E-002   2.8616855980149351E-002   1.7207165302493305E-002
   22.464312967141105        1.3106717578900258E-002   2.8616229185512213E-002   1.7201274383297688E-002
   23.257792778673313        1.3160425871507370E-002   2.8615683652432382E-002   1.7195554779968387E-002
   24.079299719823517        1.3210350582632409E-002   2.8615208842639937E-002   1.7190209176371232E-002
   24.929823759061236        1.3256789227446521E-002   2.8614795587518768E-002   1.7185436673425564E-002
   25.810395145829254        1.3300043909874111E-002   2.8614435905090080E-002   1.7181433294353982E-002
   26.722064579292049        1.3340419631999367E-002   2.8614122854129748E-002   1.7178392726216185E-002
   27.665935811728254        1.3378225350871643E-002   2.8613850387313348E-002   1.7176506901999854E-002
   28.643146268414043        1.3413772646634556E-002   2.8613613243284274E-002   1.7175966885863415E-002
   29.654879655490589        1.3447376062072396E-002   2.8613406841630776E-002   1.7176963680263335E-002
   30.702343174827575        1.3464518293035433E-002   2.6911625695813596E-002   1.7157624337809676E-002
   31.786804983723918        1.3472867157179746E-002   2.4636946224385600E-002   1.7129156819563507E-002
   32.909571928103169        1.3480053145940727E-002   2.2657157779574534E-002   1.7102668424564999E-002
   34.072004028335677        1.3486294255745988E-002   2.0934020957626621E-002   1.7078225953091272E-002
   35.275488300232773        1.3491810489947485E-002   1.9434282316366524E-002   1.7055899909490101E-002
   36.521481794408061        1.3496823686372091E-002   1.8128970834244040E-002   1.7035763766761899E-002
   37.811486012809581        1.3501556872865588E-002   1.6992880839303833E-002   1.7017894486397057E-002
   39.147055493126302        1.3506233682335850E-002   1.6004074340410238E-002   1.7002372053130092E-002
   40.529808025860810        1.3511077598420792E-002   1.5143452644950381E-002   1.6989278816153211E-002
   41.961393513511240        1.3516310874693967E-002   1.4394407301743786E-002   1.6978698892099235E-002
   43.443545167355794        1.3522153542717203E-002   1.3742468717100503E-002   1.6970716473810276E-002
   44.978049075047366        1.3528821929573083E-002   1.3175047903392259E-002   1.6965414579537822E-002
   46.566763998623138        1.3536527152410839E-002   1.2681185187806088E-002   1.6962873020636888E-002
   48.211585595230147        1.3545473135888702E-002   1.2251349907979140E-002   1.6963166138603127E-002
   49.914505239722644        1.3555854887953475E-002   1.1877238772382842E-002   1.6966360051181805E-002
   51.677575059319224        1.3567856141610709E-002   1.1551627664254391E-002   1.6972509735757507E-002
   53.502930680545909        1.3581647140719426E-002   1.1268227439588014E-002   1.6981655785041287E-002
   55.392750120602578        1.3597381832945834E-002   1.1021568983648613E-002   1.6993820655467829E-002
   57.349321371645829        1.3615195811144079E-002   1.0806887501260617E-002   1.7009005318528763E-002
   59.375002227322796        1.3635203429435734E-002   1.0620037475362323E-002   1.7027185324858637E-002
   61.472246417894510        1.3657495498732963E-002   1.0457409917528472E-002   1.7048307296395008E-002
   63.643556378429672        1.3682136352099273E-002   1.0315866408324459E-002   1.7072284902764356E-002
   65.891560899834928        1.3709162460126332E-002   1.0192672697966558E-002   1.7098996442020616E-002
   68.218968971510208        1.3738580046696815E-002   1.0085449905787055E-002   1.7128281687228075E-002
   70.628585269218178        1.3747283024289500E-002   9.9859835694762842E-003   1.7127438778255337E-002
   73.123328588587739        1.3692557202129625E-002   9.8828804109766140E-003   1.7036315553786034E-002
   75.706175661273647        1.3641278955348928E-002   9.7931441875563838E-003   1.6949186292710354E-002
   78.380253523498894        1.3593301241522781E-002   9.7150414304691176E-003   1.6865912487316267E-002
   81.148784610322849        1.3548493748742226E-002   9.6470639690590786E-003   1.6786381089818014E-002
   84.015122474940881        1.3506741190002541E-002   9.5878988258715665E-003   1.6710498088801738E-002
   86.982687236203873        1.3467942924210805E-002   9.5364042200319320E-003   1.6638184842614756E-002
   90.055071705548812        1.3432009936016041E-002   9.4915854106603151E-003   1.6569370225137398E-002
   93.235978303002270        1.3398864170415479E-002   9.4525769428657740E-003   1.6503987817170822E-002
   96.529260096906100        1.3368436346118624E-002   9.4186253722317020E-003   1.6441971144028771E-002
   99.938826062156153        1.3340665033884426E-002   9.3890756578608719E-003   1.6383252299204482E-002
   103.46886588546354        1.3315493036667713E-002   9.3633564834336141E-003   1.6327755687011412E-002
   107.12359379692580        1.3292867903209757E-002   9.3409715790763268E-003   1.6275401028140263E-002
   110.90736836557576        1.3272739272448389E-002   9.3214889007311712E-003   1.6226100262735854E-002
   114.82483910697920        1.3255056936812146E-002   9.3045317688827765E-003   1.6179755768330858E-002
   118.88068277378797        1.3239771120905536E-002   9.2897729835386255E-003   1.6136264213155720E-002
   123.07973629915718        1.3226830703631030E-002   9.2769276899856319E-003   1.6095515426037484E-002
   127.42715949490271        1.3216182173580107E-002   9.2657475363871131E-003   1.6057392191697353E-002
   131.92808807993632        1.3207770135018797E-002   9.2560169012710098E-003   1.6021774857467842E-002
   136.58805281121437        1.3201535982980501E-002   9.2475476518326123E-003   1.5988539116695025E-002
   141.41261684513370        1.3197418515023158E-002   9.2401763678440340E-003   1.5957560466827815E-002
   146.40753387824964        1.3195353486516395E-002   9.2337607784517949E-003   1.5928714192014991E-002
   151.57894168226974        1.2949656878296080E-002   9.1627224517689086E-003   1.5641768099066596E-002
   156.93294936957258        1.2207139300763708E-002   8.9594852862219885E-003   1.4829201296993071E-002
   162.47613596373097        1.1563064174329563E-002   8.7825938264532687E-003   1.4121478100628609E-002
   168.21511902855468        1.1004851568626883E-002   8.6286348251742636E-003   1.3505013881104254E-002
   174.15674278185460        1.0521514026703848E-002   8.4946367677162897E-003   1.2967983975774066E-002
   180.30830831190286        1.0103441737074226E-002   8.3780089259230597E-003   1.2500080791775565E-002
   186.67715947709803        9.7422603002276491E-003   8.2765008821357039E-003   1.2092352809098204E-002
   193.27089166569760        9.4306563848168164E-003   8.1881534612582678E-003   1.1737008969044045E-002
   200.09760727912413        9.1622350356879850E-003   8.1112585478512883E-003   1.1427258379587928E-002
   207.16537088595135        8.9314265300747004E-003   8.0443331395326240E-003   1.1157207074625830E-002
   214.48286737908427        8.7333576075024916E-003   7.9860832956064418E-003   1.0921713859751972E-002
   222.05883252794877        8.5637816777269747E-003   7.9353850436543090E-003   1.0716314291143742E-002
   229.90230130529540        8.4189902465910179E-003   7.8912598725265366E-003   1.0537122671532902E-002
   238.02291179328489        8.2957403455375840E-003   7.8528546629659263E-003   1.0380751739637411E-002
   246.43025707061713        8.1912056493505352E-003   7.8194287285636450E-003   1.0244261119243384E-002
   255.13466811288930        8.1029119857928718E-003   7.7903358098810015E-003   1.0125085105899784E-002
   264.14653641505117        8.0287006598635056E-003   7.7650145382349269E-003   1.0020994844377929E-002
   273.47660938458705        7.9666839522504543E-003   7.7429761956583024E-003   9.9300493903780752E-003
   283.13635184814427        7.9152088312235205E-003   7.7237946912382663E-003   9.8505556675622906E-003
   293.13729579387660        7.8728310562493839E-003   7.7070999041219000E-003   9.7810422169266470E-003
   303.49136818478553        7.8382861964706504E-003   7.6925696134296975E-003   9.7202270150956466E-003
   314.21129214162710        7.8104660956071058E-003   7.6799228894680787E-003   9.6669911580305589E-003
   325.30973137660959        7.7884017924380522E-003   7.6689158263539949E-003   9.6203622309379445E-003
   336.80032369109853        7.7712437240294186E-003   7.6593356127312578E-003   9.5794905516814639E-003
   348.69678677735646        7.7582489221941376E-003   7.6509973915230628E-003   9.5436370246500934E-003
   361.01330816366544        7.7487671681671201E-003   7.6437402293222292E-003   9.5121570985631562E-003
   373.76502243504467        7.7300618115050089E-003   7.6214886165388799E-003   9.4630373430303859E-003
   386.96715283564077        7.6733511195573199E-003   7.5474636460660270E-003   9.3465179053225430E-003
   400.63544401132759        7.6250408938896702E-003   7.4830360896104512E-003   9.2449525892243072E-003
   414.78669160661980        7.5839727875965596E-003   7.4269603001253714E-003   9.1563919426475883E-003
   429.43761284149554        7.5491349620392945E-003   7.3781547947700567E-003   9.0791436798166765E-003
   444.60621081975989        7.5196409501055578E-003   7.3356759643660617E-003   9.0117310746735419E-003
   460.31059410826708        7.4947175909152444E-003   7.2987041494856466E-003   8.9528708972394493E-003
   476.56949149896485        7.4736901619583363E-003   7.2665257686601106E-003   8.9014451071243190E-003
   493.40288198244309        7.4559700304597330E-003   7.2385186827420246E-003   8.8564776242851390E-003
   510.83065126063684        7.4410457968163684E-003   7.2141427444928439E-003   8.8171193708723346E-003
   528.87421463804299        7.4284722542080827E-003   7.1929266677554938E-003   8.7826273787992449E-003
   547.55511287104378        7.4178634156069735E-003   7.1744610731484032E-003   8.7523537970336015E-003
   566.89562449487210        7.4088844903667586E-003   7.1583895619889417E-003   8.7257317086754799E-003
   586.91951519858117        7.4012450931701832E-003   7.1444014065153386E-003   8.7022634982725066E-003
   607.65068989177485        7.3946940237015358E-003   7.1322266952586590E-003   8.6815132703401531E-003
   629.11387223602765        7.3890136842417655E-003   7.1216304479139111E-003   8.6630975614626245E-003
   651.33543626567803        7.3840153196497258E-003   7.1124077958668085E-003   8.6466777602946920E-003
   674.34163286578985        7.3795353876274219E-003   7.1043808702005024E-003   8.6319555030862187E-003
   698.16073213207346        7.3754314845075868E-003   7.0973944777523055E-003   8.6186659087193716E-003
   722.82116976782140        7.2993697731048813E-003   7.0191242388106898E-003   8.4701998158084723E-003
   748.35235540965130        7.2115595162731642E-003   6.9297498964043507E-003   8.3002576936517126E-003
   774.78566186873422        7.1347030027304123E-003   6.8519611816701114E-003   8.1517098150778074E-003
   802.15264573967897        7.0673025731455997E-003   6.7842571056965333E-003   8.0217228608249602E-003
   830.48594444209971        7.0080531836509098E-003   6.7253309332280043E-003   7.9078273365946611E-003
   859.82037403360118        6.9558156753439741E-003   6.6740433813745319E-003   7.8078680017360045E-003
   890.19058800385733        6.9095997357861315E-003   6.6294053136873891E-003   7.7199725877335991E-003
   921.63390537915473        6.8685400902620134E-003   6.5905536945300956E-003   7.6425072576311584E-003
   954.18786380243341        6.8318843068330198E-003   6.5567388541113063E-003   7.5740539828855142E-003
   987.89128659474920        6.7989769482537966E-003   6.5273081427418486E-003   7.5133806744315168E-003
   1022.7855886411724        6.7692466293302750E-003   6.5016925449147391E-003   7.4594167324981645E-003
   1058.9119914466876        6.7421983476846420E-003   6.4793980358510148E-003   7.4112381090231817E-003
   1096.3148872627712        6.7174017983486550E-003   6.4599935718962897E-003   7.3680449316170082E-003
   1135.0389283928459        6.6944861314726968E-003   6.4431047300340331E-003   7.3291506769296126E-003
   1175.1302964981960        6.6731324007615472E-003   6.4284055439945134E-003   7.2939670941267109E-003
   1216.6382559936744        6.6530673362539573E-003   6.4156118186493210E-003   7.2619916421430199E-003
   1259.6123598874483        6.6340600636390105E-003   6.4044766899135396E-003   7.2327997868568451E-003
   1304.1038583964914        6.6159171341996035E-003   6.3947852421401587E-003   7.2060345349054793E-003
   1350.1674228314519        6.5984783090255340E-003   6.3863501001753722E-003   7.1813975204323369E-003
   1397.8574692241625        6.0542584203190173E-003   5.8658372395685669E-003   6.5825513307054499E-003
   1447.2325992722181        5.5315196106522999E-003   5.3657024578331602E-003   6.0073378428138514E-003
   1498.3517579647787        5.0759430170481349E-003   4.9304058550374884E-003   5.5064502631837868E-003
   1551.2759091786245        4.4179166989193885E-003   4.2989309296120846E-003   4.7942966928314406E-003
   1606.0700862978565        3.8380557428521812E-003   3.7416114568559066E-003   4.1669985298323758E-003
   1662.7990190437411        3.3341710385318612E-003   3.2565490304149436E-003   3.6219083519521186E-003
   1721.5324161293761        2.8963506366493723E-003   2.8343654181745693E-003   3.1482639428020067E-003
   1782.3403946248577        2.5159814304438043E-003   2.4669142852488395E-003   2.7367199405783048E-003
   1845.2954731357936        2.1855634919461242E-003   2.1471035719178035E-003   2.3791449558158710E-003
   1910.4750110852074        1.8985579002084166E-003   1.8687500346670583E-003   2.0684551682275255E-003
   1977.9568210713478        1.6492850663805045E-003   1.6264826428232688E-003   1.7985027815968994E-003
   2047.8213808026539        1.4328019253146346E-003   1.4156254690121455E-003   1.5639417932184997E-003
   2120.1545400970977        1.2448012093494618E-003   1.2321017853503442E-003   1.3601178020655811E-003
   2195.0417479108573        1.0815457101750643E-003   1.0723721371718327E-003   1.1829958722149626E-003
   2272.5750259096239        9.3977797197854641E-004   9.3334829988004676E-004   1.0290618889924562E-003
   2352.8469348264384        8.1667159122426794E-004   8.1234770905781598E-004   8.9526914547163015E-004
   2435.9532056335870        7.0976945323585311E-004   7.0703497003802033E-004   7.7897087129260591E-004
   2521.9959596104222        6.1693300643212204E-004   6.1537395869041059E-004   6.7786481414032625E-004
   2611.0779162676686        5.3630804016192672E-004   5.3559601021423685E-004   5.8995585977850509E-004
   2703.3053132971791        4.6628378322831083E-004   4.6616135530623516E-004   5.1351145973505669E-004
   2798.7914800504532        4.0545929472671379E-004   4.0572753931514619E-004   4.4702503603879135E-004
   2897.6492167059700        3.5262130949412413E-004   3.5312903009968163E-004   3.8919193948532682E-004
   3000.0000000000000        3.0671426182798256E-004   3.0734888426983990E-004   3.3887689160626262E-004
