         200   4370.0000000000000     
   3.0000000000000000        1.7498583039981044E-003   1.9065261060666925        8.4623889179247572E-004
   3.1059655287322618        1.8749769040390723E-003   1.9065261060666925        9.0226619066638284E-004
   3.2156739552243598        2.0089204366389164E-003   1.9065261060666925        9.6220362942608245E-004
   3.3292574962321346        2.1522735727014307E-003   1.9065261060666925        1.0263275343965210E-003
   3.4468529954360925        2.3056582642709549E-003   1.9065261060666925        1.0949335093515867E-003
   3.5686022069563790        2.4697375564551277E-003   1.9065261060666925        1.1683377873715659E-003
   3.6946518254059528        2.6452197431238796E-003   1.9065261060666925        1.2468785154851570E-003
   3.8251536998800524        2.8328635122867917E-003   1.9065261060666925        1.3309172293780767E-003
   3.9602651907155879        3.0334841599736970E-003   1.9065261060666925        1.4208405247516120E-003
   4.1001490688558144        3.2479600667574314E-003   1.9065261060666925        1.5170615386868170E-003
   4.2449739038313119        3.4772408757819963E-003   1.9065261060666925        1.6200218638179669E-003
   4.3949142193596993        3.7223564128710321E-003   1.9065261060666925        1.7301934483457888E-003
   4.5501507036585132        3.9844268235166361E-003   1.9065261060666925        1.8480806811919423E-003
   4.7108703059600501        4.2646737086817722E-003   1.9065261060666925        1.9742225543039307E-003
   4.8772669425686850        4.5644335968974556E-003   1.9065261060666925        2.1091954966626601E-003
   5.0495410155906377        4.8851706708103945E-003   1.9065261060666925        2.2536154859694479E-003
   5.2279001269311909        5.2284929729361626E-003   1.9065261060666925        2.4081413319743485E-003
   5.4125592113782046        5.5961690981625534E-003   1.9065261060666925        2.5734777734984383E-003
   5.6037407956130689        5.9901466959070481E-003   1.9065261060666925        2.7503789673621517E-003
   5.8016752663703963        6.4125727107395072E-003   1.9065261060666925        2.9396523109961026E-003
   6.0066011480696169        6.8658155233461172E-003   1.9065261060666925        3.1421626330448938E-003
   6.2187653902530293        7.3524891938809376E-003   1.9065261060666925        3.3588367884287451E-003
   6.4384236651766908        7.8754800586960227E-003   1.9065261060666925        3.5906686965305433E-003
   6.6658406759127811        8.4379759901372225E-003   1.9065261060666925        3.8387248634871468E-003
   6.9012904753346884        9.0434986987540638E-003   1.9065261060666925        4.1041504320585582E-003
   7.1450567963692624        9.6959395393444621E-003   1.9065261060666925        4.3881758053158212E-003
   7.3974330131920443        1.0399598294782557E-002   1.9065261060666925        4.6921234274144566E-003
   7.6587243988323896        1.1159233191584763E-002   1.9065261060666925        5.0174180372446302E-003
   7.9292442763577622        1.1980098924427836E-002   1.9065261060666925        5.3655901298114905E-003
   8.2093202460023029        1.2868020411894008E-002   1.9065261060666925        5.7382927393304283E-003
   8.4992881560440416        1.3829437403152416E-002   1.9065261060666925        6.1373034722504403E-003
   8.7994991583321234        1.4871498619554044E-002   1.9065261060666925        6.5645446268536023E-003
   9.1103132457223861        1.6002122083057485E-002   1.9065261060666925        7.0220859748136768E-003
   9.4321068148357909        1.7230114978468193E-002   1.9065261060666925        7.5121683104096004E-003
   9.7652657388916850        1.8565255170386100E-002   1.9065261060666925        8.0372071634014323E-003
   10.110193474162946        2.0018443986197558E-002   1.9065261060666925        8.5998203820190668E-003
   10.467303634806061        2.1601814464801316E-002   1.9065261060666925        9.2028330158119426E-003
   10.837027566606025        2.3328918495524410E-002   1.9065261060666925        9.8493076818139073E-003
   11.219811965471335        2.5214892179362087E-002   1.9065261060666925        1.0542560851114128E-002
   11.616115840724994        2.7276632091962499E-002   1.9065261060666925        1.1286178729147722E-002
   12.026419117330413        2.9533048565398540E-002   1.9065261060666925        1.2084056760446523E-002
   12.451213803399156        3.2005245432348624E-002   1.9065261060666925        1.2940408986547070E-002
   12.891014326336300        3.4716816160482784E-002   1.9065261060666925        1.3859816629452163E-002
   13.346348065368609        3.7694036979257203E-002   1.9065261060666925        1.4847240103796145E-002
   13.817766430769083        4.0966189191562627E-002   1.9065261060666925        1.5908076348683072E-002
   14.305834715756038        4.4565746726060881E-002   1.9065261060666925        1.7048174130930845E-002
   14.811143972217785        4.8528709357959283E-002   1.9065261060666925        1.8273901751598601E-002
   15.334300133051286        5.2894764714367874E-002   1.9065261060666925        1.9592166354222607E-002
   15.875936741648431        5.7707620563357785E-002   1.9065261060666925        2.1010493866444921E-002
   16.436703292225193        6.3015126212009984E-002   1.9065261060666925        2.2537053076324063E-002
   17.017278874447534        6.8869599363365203E-002   1.9065261060666925        2.4180749904390203E-002
   17.618359675531394        7.5327896266141864E-002   1.9065261060666925        2.5951257026009367E-002
   18.240671728221173        8.2451707446627318E-002   1.9065261060666925        2.7859118934402464E-002
   18.884968846184627        9.0307691963050274E-002   1.9065261060666925        2.9915823555170841E-002
   19.552019805756849        9.8967418950508382E-002   1.9065261060666925        3.2133842035784420E-002
   20.242632201214423       0.10850770541001936        1.9064342237391041        3.4526775851128379E-002
   20.957638264717446       0.11901040861010255        1.9061931777262182        3.7109424698808187E-002
   21.697899624358065       0.13056232192124834        1.9059833810858686        3.9897957546843735E-002
   22.464312967141105       0.14325493643654713        1.9058007816182057        4.2909964312220446E-002
   23.257792778673313       0.15718359448068675        1.9056418554818482        4.6164539068739664E-002
   24.079299719823517       0.17244712454050742        1.9055035326401946        4.9682519887333534E-002
   24.929823759061236       0.18914640134444757        1.9053831420678089        5.3486560366301401E-002
   25.810395145829254       0.20738300949406074        1.9052783584335586        5.7601322148786091E-002
   26.722064579292049       0.22725687704133815        1.9051871596017225        6.2053533262481156E-002
   27.665935811728254       0.24886458862093641        1.9051077838497896        6.6872298763310897E-002
   28.643146268414043       0.27229623946904224        1.9050386984254701        7.2089174599383257E-002
   29.654879655490589       0.29763263773411103        1.9049785689511232        7.7738397904871429E-002
   30.702343174827575       0.32486629363526398        1.8953585506344635        8.3823764065812406E-002
   31.786804983723918       0.35408628095757527        1.8825239203830373        9.0401527735777268E-002
   32.909571928103169       0.38536175220774449        1.8713531805120540        9.7531095275969287E-002
   34.072004028335677       0.41870174851279801        1.8616305693661239       0.10525865227206938     
   35.275488300232773       0.45408911712687550        1.8531684580330228       0.11363362018257332     
   36.521481794408061       0.49147945589370756        1.8458033806907292       0.12270900022411770     
   37.811486012809581       0.53079884579581305        1.8393931170907121       0.13254121393561166     
   39.147055493126302       0.57194346407039309        1.8338138845162240       0.14319010491503720     
   40.529808025860810       0.61478029930350608        1.8289579206820537       0.15471889169212547     
   41.961393513511240       0.65914769918988914        1.8247315142180391       0.16719368113301145     
   43.443545167355794       0.70485962365565391        1.8210530220235821       0.18068356754253428     
   44.978049075047366       0.75170850200658279        1.8178514121122156       0.19525994101732727     
   46.566763998623138       0.79947070098254813        1.8150648457281890       0.21099610601247132     
   48.211585595230147       0.84791127158932300        1.8126395471510086       0.22796623558396928     
   49.914505239722644       0.89679232807523501        1.8105286659659319       0.24624514957752397     
   51.677575059319224       0.94587919142799748        1.8086914408838555       0.26590706785270501     
   53.502930680545909       0.99494860569356269        1.8070923860972539       0.28702487607137195     
   55.392750120602578        1.0437953512247706        1.8057006427241193       0.30966862881909141     
   57.349321371645829        1.0922416553953000        1.8044893259285530       0.33390533128175387     
   59.375002227322796        1.1401433309365439        1.8034350450837118       0.35979755970087973     
   61.472246417894510        1.1873970571885135        1.8025174368669508       0.38740301688874940     
   63.643556378429672        1.2339451668857242        1.8017187930896876       0.41677336286686550     
   65.891560899834928        1.2797822307886284        1.8010236860464264       0.44795499703842712     
   68.218968971510208        1.3249576665970215        1.8004186931630648       0.48098858482629597     
   70.628585269218178        1.3679017942007781        1.7993960519048835       0.51509008834230363     
   73.123328588587739        1.4056284530496674        1.7971712098580153       0.54871563376143317     
   75.706175661273647        1.4431700575573216        1.7952348101793043       0.58422536924385327     
   78.380253523498894        1.4807682974597609        1.7935494466999264       0.62163163014259337     
   81.148784610322849        1.5187152518654901        1.7920825749126230       0.66094896250949564     
   84.015122474940881        1.5573492929757569        1.7908058623444703       0.70219716932121912     
   86.982687236203873        1.5970483878975155        1.7896946707386425       0.74540297148682944     
   90.055071705548812        1.6382244940751129        1.7887275347844054       0.79060402643784600     
   93.235978303002270        1.6813145085782188        1.7878857790070277       0.83785026930341600     
   96.529260096906100        1.7267715128085019        1.7871531449829721       0.88720638869570045     
   99.938826062156153        1.7750530762588028        1.7865154977182167       0.93875179385372076     
   103.46886588546354        1.8266130954159483        1.7859605088943153       0.99258484047392703     
   107.12359379692580        1.8818860718567214        1.7854774696047873        1.0488191891651746     
   110.90736836557576        1.9412760058166487        1.7850570568589663        1.1075851672741208     
   114.82483910697920        2.0051457693433661        1.7846911423663396        1.1690309829209375     
   118.88068277378797        2.0737999704481846        1.7843726655449437        1.2333168702263317     
   123.07973629915718        2.1474743086653900        1.7840954795729860        1.3006146825126805     
   127.42715949490271        2.2263267923257497        1.7838542253167811        1.3711074246931676     
   131.92808807993632        2.3104211119493518        1.7836442499245149        1.4449798965797727     
   136.58805281121437        2.3997255262632051        1.7834614937167532        1.5224210773968290     
   141.41261684513370        2.4940996191192126        1.7833024302816876        1.6036131681664123     
   146.40753387824964        2.5932931678460012        1.7831639895855620        1.6887285443967976     
   151.57894168226974        2.6381129516972170        1.7680527342105259        1.7396927991026230     
   156.93294936957258        2.5587107577524466        1.7225143171643402        1.7082384044439447     
   162.47613596373097        2.4935234139970048        1.6828790612544275        1.6834104854317713     
   168.21511902855468        2.4403834587362434        1.6483821758575494        1.6646359511557918     
   174.15674278185460        2.3974911473170089        1.6183578473471647        1.6514352513058006     
   180.30830831190286        2.3633473155294129        1.5922255831794112        1.6434155913403934     
   186.67715947709803        2.3366968218881552        1.5694811426185826        1.6402650865266730     
   193.27089166569760        2.3164744575283476        1.5496855423107099        1.6417448817459639     
   200.09760727912413        2.3017602760160010        1.5324560526844679        1.6476817665263372     
   207.16537088595135        2.2917446114808016        1.5174603842160508        1.6579595942186327     
   214.48286737908427        2.2856977408079189        1.5044086095642681        1.6725109340463156     
   222.05883252794877        2.2829490572953692        1.4930488853981891        1.6913070314600409     
   229.90230130529540        2.2828711257976995        1.4831619612244347        1.7143484855940576     
   238.02291179328489        2.2848699909494425        1.4745566825343290        1.7416570166806542     
   246.43025707061713        2.2883798780385356        1.4670670871304936        1.7732646707850694     
   255.13466811288930        2.2928617719047386        1.4605483706324740        1.8092084991885871     
   264.14653641505117        2.2978043257015321        1.4548747497410570        1.8495212482596577     
   273.47660938458705        2.3027269705633020        1.4499367196688533        1.8942267191886593     
   283.13635184814427        2.3071841977707872        1.4456388081844864        1.9433374344431200     
   293.13729579387660        2.3107696801937263        1.4418980840105606        1.9968486806586925     
   303.49136818478553        2.3131208188514627        1.4386423485964008        2.0547384004342768     
   314.21129214162710        2.3139225262704870        1.4358086553175065        2.1169691984479035     
   325.30973137660959        2.3129099396967323        1.4333423533043195        2.1834841090899793     
   336.80032369109853        2.3098702720773190        1.4311957588949280        2.2542139730202555     
   348.69678677735646        2.3046434715002491        1.4293274520142334        2.3290740524092302     
   361.01330816366544        2.2971217602023453        1.4277013730538120        2.4079684880424730     
   373.76502243504467        2.2703721894921189        1.4047764434076577        2.4732389351247934     
   386.96715283564077        2.1825176560137365        1.3110449896295455        2.4765688880816485     
   400.63544401132759        2.0975751881503149        1.2294659158200414        2.4819450363352624     
   414.78669160661980        2.0154050806802819        1.1584619662525062        2.4898271169922181     
   429.43761284149554        1.9359027749642814        1.0966637522159628        2.5007104650333809     
   444.60621081975989        1.8589870891206144        1.0428764625605158        2.5150955076638608     
   460.31059410826708        1.7846029224460620       0.99606223304550512        2.5334604408940709     
   476.56949149896485        1.7127143782212921       0.95531751682697141        2.5562411326137942     
   493.40288198244309        1.6432985588708453       0.91985455260798465        2.5838184622634333     
   510.83065126063684        1.5763478680392800       0.88898939839440683        2.6165086777767925     
   528.87421463804299        1.5118600681953083       0.86212530505727358        2.6545634312078574     
   547.55511287104378        1.4498408361451516       0.83874391069341248        2.6981683324397223     
   566.89562449487210        1.3902984815218011       0.81839393830214036        2.7474473774042951     
   586.91951519858117        1.3332395239196750       0.80068194004208704        2.8024698945258666     
   607.65068989177485        1.2786708395174071       0.78526615023324497        2.8632524139360092     
   629.11387223602765        1.2265956684113350       0.77184903352422285        2.9297653612095433     
   651.33543626567803        1.1770105006868063       0.76017118240796988        3.0019404698193042     
   674.34163286578985        1.1299082699683982       0.75000737677230322        3.0796691223710781     
   698.16073213207346        1.0852729116470092       0.74116110886229725        3.1628124449907054     
   722.82116976782140        1.0389725877455949       0.72929241783674248        3.2414100483964114     
   748.35235540965130       0.99440031233789894       0.71773512284133301        3.3232299809582724     
   774.78566186873422       0.95281830937247991       0.70767600409100895        3.4111767092220959     
   802.15264573967897       0.91410609648600938       0.69892096369181700        3.5048654958868433     
   830.48594444209971       0.87814621037119467       0.69130102333943944        3.6038985063903146     
   859.82037403360118       0.84482245453767757       0.68466885855473925        3.7078662699516736     
   890.19058800385733       0.81402241590459423       0.67889656079684246        3.8163369823874449     
   921.63390537915473       0.78563408871361162       0.67387252804246767        3.9288640671210828     
   954.18786380243341       0.75954843679155959       0.66949981798474067        4.0449750808971308     
   987.89128659474920       0.73565820052636199       0.66569403431054897        4.1641732323566094     
   1022.7855886411724       0.71385725650354614       0.66238159572246058        4.2859397656540885     
   1058.9119914466876       0.69404265783669017       0.65949861822478040        4.4097220939867565     
   1096.3148872627712       0.67611268616770548       0.65698936212158432        4.5349436611437497     
   1135.0389283928459       0.65996867316051178       0.65480540952089539        4.6609924121849806     
   1175.1302964981960       0.64551429537755978       0.65290460863467625        4.7872243449996343     
   1216.6382559936744       0.63265522180061207       0.65125020924080534        4.9129679329717577     
   1259.6123598874483       0.62130017560258610       0.64981028851919376        5.0375159413871691     
   1304.1038583964914       0.61136034307170550       0.64855705500906158        5.1601319763856930     
   1350.1674228314519       0.60274907601856675       0.64746627860287664        5.2800582264900866     
   1397.8574692241625       0.53865989742493414       0.57675450696023500        4.9492922222049103     
   1447.2325992722181       0.47530446684812772       0.50444416880968168        4.6078147789806119     
   1498.3517579647787       0.42004124379487306       0.44150824494787300        4.3053221164445281     
   1551.2759091786245       0.36238244981625684       0.38434394375495085        3.8263300805192002     
   1606.0700862978565       0.31285976480147254       0.33451705246552293        3.3899073968444475     
   1662.7990190437411       0.27050328341440522       0.29115026918889841        2.9986567625186047     
   1721.5324161293761       0.23420632186988244       0.25340513739358084        2.6483535359693815     
   1782.3403946248577       0.20304405539996379       0.22055333775356148        2.3351635029010511     
   1845.2954731357936       0.17624128387033824       0.19196080792944867        2.0555899139261555     
   1910.4750110852074       0.15314651106191124       0.16707473787697086        1.8064323030161864     
   1977.9568210713478       0.13321291914801908       0.14541493306757564        1.5847766712395048     
   2047.8213808026539       0.11597990742171341       0.12656334436365943        1.3879577386235726     
   2120.1545400970977       0.10105828107097767       0.11015549378268284        1.2135301889620802     
   2195.0417479108573        8.8119704501867832E-002   9.5874938007142974E-002   1.0592640026985651     
   2272.5750259096239        7.6885393682640649E-002   8.3445575736487795E-002  0.92311005348807618     
   2352.8469348264384        6.7119062067320434E-002   7.2627573532044118E-002  0.80319813932022410     
   2435.9532056335870        5.8619584956786000E-002   6.3212136507063574E-002  0.69781726961192037     
   2521.9959596104222        5.1215131766181567E-002   5.5017225919586868E-002  0.60540114117213017     
   2611.0779162676686        4.4759076530493623E-002   4.7884715106072132E-002  0.52452535174467196     
   2703.3053132971791        3.9125741262249984E-002   4.1676941699716682E-002  0.45389384748796469     
   2798.7914800504532        3.4206994952011106E-002   3.6273884159484869E-002  0.39232863515964311     
   2897.6492167059700        2.9909987889951039E-002   3.1571338620022787E-002  0.33876754192558933     
   3000.0000000000000        2.6154413754886155E-002   2.7478385724986145E-002  0.29225084569711396     
