         200   4370.0000000000000     
   3.0000000000000000        5.9736372377958303E-003  0.12586432262544373        5.5151342987484397E-003
   3.1059655287322618        6.4390970135564246E-003  0.12586432262544373        5.9974715475655310E-003
   3.2156739552243598        6.9410172396819261E-003  0.12586432262544373        6.5245926501706353E-003
   3.3292574962321346        7.4817136743971033E-003  0.12586432262544373        7.1006871911769211E-003
   3.4468529954360925        8.0635352975461112E-003  0.12586432262544373        7.7303200043991726E-003
   3.5686022069563790        8.6888562736502934E-003  0.12586432262544373        8.4184608148582269E-003
   3.6946518254059528        9.3600683578527952E-003  0.12586432262544373        9.1705135782854871E-003
   3.8251536998800524        1.0079576207391194E-002  0.12586432262544373        9.9923474730772028E-003
   3.9602651907155879        1.0849795803897515E-002  0.12586432262544373        1.0890329247303746E-002
   4.1001490688558144        1.1673152609626775E-002  0.12586432262544373        1.1871352425085113E-002
   4.2449739038313119        1.2552084522552012E-002  0.12586432262544373        1.2942868635608109E-002
   4.3949142193596993        1.3489045308496020E-002  0.12586432262544373        1.4112915666962106E-002
   4.5501507036585132        1.4486509496940794E-002  0.12586432262544373        1.5390142884563895E-002
   4.7108703059600501        1.5546976906119059E-002  0.12586432262544373        1.6783831240902665E-002
   4.8772669425686850        1.6672980683298241E-002  0.12586432262544373        1.8303912535226546E-002
   5.0495410155906377        1.7867085915854813E-002  0.12586432262544373        1.9960970146537121E-002
   5.2279001269311909        1.9131893436048108E-002  0.12586432262544373        2.1766239393970231E-002
   5.4125592113782046        2.0470036073264187E-002  0.12586432262544373        2.3731589349274298E-002
   5.6037407956130689        2.1884170983900126E-002  0.12586432262544373        2.5869488718327598E-002
   5.8016752663703963        2.3376966466783729E-002  0.12586432262544373        2.8192950910634208E-002
   6.0066011480696169        2.4951082663280343E-002  0.12586432262544373        3.0715453920333331E-002
   6.2187653902530293        2.6609145826353989E-002  0.12586432262544373        3.3450830205435468E-002
   6.4384236651766908        2.8353716167603453E-002  0.12586432262544373        3.6413121416469192E-002
   6.6658406759127811        3.0187249634843087E-002  0.12586432262544373        3.9616392663619153E-002
   6.9012904753346884        3.2112054311765219E-002  0.12586432262544373        4.3074501114962027E-002
   7.1450567963692624        3.4130242441720811E-002  0.12586432262544373        4.6800814199788467E-002
   7.3974330131920443        3.6243676132491257E-002  0.12586432262544373        5.0807867524446645E-002
   7.6587243988323896        3.8453930629098236E-002  0.12586432262544373        5.5107003482770221E-002
   7.9292442763577622        4.0762205916227742E-002  0.12586432262544373        5.9707854568087873E-002
   8.2093202460023029        4.3169324873433029E-002  0.12586432262544373        6.4617939775459196E-002
   8.4992881560440416        4.5675630129401901E-002  0.12586432262544373        6.9842010526153450E-002
   8.7994991583321234        4.8280997160118286E-002  0.12586432262544373        7.5381590989236399E-002
   9.1103132457223861        5.0984736354067584E-002  0.12586432262544373        8.1234265475230216E-002
   9.4321068148357909        5.3785622769426257E-002  0.12586432262544373        8.7393234023995223E-002
   9.7652657388916850        5.6681807051912392E-002  0.12586432262544373        9.3846642272976122E-002
   10.110193474162946        5.9670864341956044E-002  0.12586432262544373       0.10057727735985772     
   10.467303634806061        6.2749715657004226E-002  0.12586432262544373       0.10756208699782681     
   10.837027566606025        6.5914686774451600E-002  0.12586432262544373       0.11477215263425258     
   11.219811965471335        6.9161487531017404E-002  0.12586432262544373       0.12217267054740789     
   11.616115840724994        7.2485193391373465E-002  0.12586432262544373       0.12972315545541035     
   12.026419117330413        7.5880331445698557E-002  0.12586432262544373       0.13737812238476113     
   12.451213803399156        7.9340825702318180E-002  0.12586432262544373       0.14508769467651608     
   12.891014326336300        8.2860107242970396E-002  0.12586432262544373       0.15279881611692006     
   13.346348065368609        8.6431067214967142E-002  0.12586432262544373       0.16045630970699726     
   13.817766430769083        9.0046180228430639E-002  0.12586432262544373       0.16800445587635049     
   14.305834715756038        9.3697464540243872E-002  0.12586432262544373       0.17538829201866360     
   14.811143972217785        9.7376617076048472E-002  0.12586432262544373       0.18255527445943076     
   15.334300133051286       0.10107498067366534       0.12586432262544373       0.18945650679995418     
   15.875936741648431       0.10478368912445545       0.12586432262544373       0.19604815216556098     
   16.436703292225193       0.10849364127242160       0.12586432262544373       0.20229228682363420     
   17.017278874447534       0.11219565401290192       0.12586432262544373       0.20815779900839868     
   17.618359675531394       0.11588044248046343       0.12586432262544373       0.21362068516825244     
   18.240671728221173       0.11953876731988068       0.12586432262544373       0.21866431720165558     
   18.884968846184627       0.12316148403732469       0.12586432262544373       0.22327925838946844     
   19.552019805756849       0.12673954097495510       0.12586432262544373       0.22746278933787220     
   20.242632201214423       0.13026418089867256       0.12586117553690057       0.23121848277076698     
   20.957638264717446       0.13372692634674610       0.12585291939923590       0.23455537057723377     
   21.697899624358065       0.13711967084469531       0.12584573359299259       0.23748718182515141     
   22.464312967141105       0.14043476510557854       0.12583947932508549       0.24003147569932520     
   23.257792778673313       0.14366500196902907       0.12583403589939024       0.24220875420122795     
   24.079299719823517       0.14680379314009639       0.12582929816318297       0.24404175572295145     
   24.929823759061236       0.14984514365456225       0.12582517463038834       0.24555466585674912     
   25.810395145829254       0.15278373682268956       0.12582158565540794       0.24677250020281086     
   26.722064579292049       0.15561490684596929       0.12581846197747820       0.24772053273803127     
   27.665935811728254       0.15833477847089794       0.12581574325532491       0.24842389122476280     
   28.643146268414043       0.16094022459665364       0.12581337699019995       0.24890717203867554     
   29.654879655490589       0.16342891893722467       0.12581131747794344       0.24919418007063929     
   30.702343174827575       0.16571602997568177       0.11933292426966956       0.24917687615956713     
   31.786804983723918       0.16784207550790911       0.11067412095696012       0.24893874111874276     
   32.909571928103169       0.16984813275401597       0.10313785091991994       0.24856477463248197     
   34.072004028335677       0.17173445447808969        9.6578551902389606E-002  0.24807395665003854     
   35.275488300232773       0.17350202030212508        9.0869641228048331E-002  0.24748397290382554     
   36.521481794408061       0.17515257200734285        8.5900837698808921E-002  0.24681121750365684     
   37.811486012809581       0.17668852803311552        8.1576193310319026E-002  0.24607083886317349     
   39.147055493126302       0.17811294708723421        7.7812198824153592E-002  0.24527678031609210     
   40.529808025860810       0.17942948033911310        7.4536153086175810E-002  0.24444182178435078     
   41.961393513511240       0.18064227883781558        7.1684834304521272E-002  0.24357764654408365     
   43.443545167355794       0.18175597246667863        6.9203162470182170E-002  0.24269485570745225     
   44.978049075047366       0.18277556536121581        6.7043216296160196E-002  0.24180302828650788     
   46.566763998623138       0.18370637277867841        6.5163276651276497E-002  0.24091074688209255     
   48.211585595230147       0.18455392043674629        6.3527064080830864E-002  0.24002564991793393     
   49.914505239722644       0.18532389714564754        6.2102971244494327E-002  0.23915442642227031     
   51.677575059319224       0.18602205177793862        6.0863498792603013E-002  0.23830285998947742     
   53.502930680545909       0.18665412345469207        5.9784706446258239E-002  0.23747583835910235     
   55.392750120602578       0.18722575041384745        5.8845775453024843E-002  0.23667739052341122     
   57.349321371645829       0.18774241982617351        5.8028568125914552E-002  0.23591067390817924     
   59.375002227322796       0.18820938496883893        5.7317304124304413E-002  0.23517801098590282     
   61.472246417894510       0.18863161037386789        5.6698245459469616E-002  0.23448089848731773     
   63.643556378429672       0.18901370828681444        5.6159445412349643E-002  0.23382004464757949     
   65.891560899834928       0.18935990818838530        5.5690495777576461E-002  0.23319536938167240     
   68.218968971510208       0.18967401023566871        5.5282341099177339E-002  0.23260605151385350     
   70.628585269218178       0.18970178648264310        5.4868491662980835E-002  0.23165190926778192     
   73.123328588587739       0.18897177871354834        5.4350598488798543E-002  0.22960341813651725     
   75.706175661273647       0.18823505159978771        5.3899848208569266E-002  0.22762279270954311     
   78.380253523498894       0.18749369293568460        5.3507533507749748E-002  0.22570971853529689     
   81.148784610322849       0.18674985141014644        5.3166078757237542E-002  0.22386388957360853     
   84.015122474940881       0.18600570364549959        5.2868888794755098E-002  0.22208493061898466     
   86.982687236203873       0.18526344670692016        5.2610228388423864E-002  0.22037238768123107     
   90.055071705548812       0.18452524612505036        5.2385100896828962E-002  0.21872562114737540     
   93.235978303002270       0.18379322844688317        5.2189159089612892E-002  0.21714381560892679     
   96.529260096906100       0.18306944855035667        5.2018618371558974E-002  0.21562593975048183     
   99.938826062156153       0.18235588879942685        5.1870188434063387E-002  0.21417078230697070     
   103.46886588546354       0.18165439261771479        5.1740999521955218E-002  0.21277685937754187     
   107.12359379692580       0.18096670303945175        5.1628558842735921E-002  0.21144254127113857     
   110.90736836557576       0.18029442337124213        5.1530696213922547E-002  0.21016601953315764     
   114.82483910697920       0.17963898440044929        5.1445519552355636E-002  0.20894529275748341     
   118.88068277378797       0.17900168626986093        5.1371385313403232E-002  0.20777828929413703     
   123.07973629915718       0.17838367101203101        5.1306862655239635E-002  0.20666285254593431     
   127.42715949490271       0.17778590200583039        5.1250704092114623E-002  0.20559673747712101     
   131.92808807993632       0.17720921772990333        5.1201826544807462E-002  0.20457773318697262     
   136.58805281121437       0.17665428007989506        5.1159285011275313E-002  0.20360358976865972     
   141.41261684513370       0.17612162915314258        5.1122258622188881E-002  0.20267212820726943     
   146.40753387824964       0.17561166843781548        5.1090032742759396E-002  0.20178122081596489     
   151.57894168226974       0.17512465472164274        5.1061984315498368E-002  0.20092877556540245     
   156.93294936957258       0.17466074602346035        5.1037572395854165E-002  0.20011281743694934     
   162.47613596373097       0.17421996059468572        5.1016325002002649E-002  0.19933141094432791     
   168.21511902855468       0.17380221993209627        5.0997832150276472E-002  0.19858272794548940     
   174.15674278185460       0.16448862866438840        4.9917502568081522E-002  0.18859932567042015     
   180.30830831190286       0.15277458154969023        4.8543548737361261E-002  0.17613549651324664     
   186.67715947709803       0.14261202285411637        4.7347716220304113E-002  0.16529469078891956     
   193.27089166569760       0.13379649192472834        4.6306924626441114E-002  0.15586161455791112     
   200.09760727912413       0.12615005137825391        4.5401051215650280E-002  0.14764934044521932     
   207.16537088595135       0.11951847993276371        4.4612625229898457E-002  0.14049620656451967     
   214.48286737908427       0.11376748300922972        4.3926403184024465E-002  0.13426169123716991     
   222.05883252794877       0.10878061117463073        4.3329143932636364E-002  0.12882414563668812     
   229.90230130529540       0.10445666201954104        4.2809319961189800E-002  0.12407798738230502     
   238.02291179328489       0.10070754492836159        4.2356880955339231E-002  0.11993139927044977     
   246.43025707061713        9.7456861689403221E-002   4.1963101134747077E-002  0.11630482050282843     
   255.13466811288930        9.4638013145019698E-002   4.1620367131817319E-002  0.11312891574611746     
   264.14653641505117        9.2193150359805728E-002   4.1322065648724572E-002  0.11034347828477691     
   273.47660938458705        9.0071879171147576E-002   4.1062439261574990E-002  0.10789605678650363     
   283.13635184814427        8.8230197520318895E-002   4.0836468334978837E-002  0.10574083192745842     
   293.13729579387660        8.6629771704854502E-002   4.0639792598217372E-002  0.10383787708611962     
   303.49136818478553        8.5237090626893247E-002   4.0468616074232376E-002  0.10215227104424310     
   314.21129214162710        8.4022773827012356E-002   4.0319629223700595E-002  0.10065337471146844     
   325.30973137660959        8.2961115621655687E-002   4.0189958672500546E-002   9.9314384492320260E-002
   336.80032369109853        8.2029480095309013E-002   4.0077097360795878E-002   9.8111690950091368E-002
   348.69678677735646        8.1207973579069143E-002   3.9978867548820726E-002   9.7024569936132801E-002
   361.01330816366544        8.0479039923232895E-002   3.9893373333608956E-002   9.6034766929468704E-002
   373.76502243504467        7.9693905885318508E-002   3.9659526568037229E-002   9.4901696879775191E-002
   386.96715283564077        7.8530556446288452E-002   3.8909129750878430E-002   9.3096782991813981E-002
   400.63544401132759        7.7490190105476517E-002   3.8256022657518582E-002   9.1474176649083777E-002
   414.78669160661980        7.6552961805720146E-002   3.7687578068071409E-002   9.0005936460600983E-002
   429.43761284149554        7.5701368072459321E-002   3.7192832907830070E-002   8.8667769938848701E-002
   444.60621081975989        7.4919884604662021E-002   3.6762221738002289E-002   8.7438470241411714E-002
   460.31059410826708        7.4194805503634720E-002   3.6387435607948687E-002   8.6299667226842458E-002
   476.56949149896485        7.3514008930077437E-002   3.6061240887457074E-002   8.5235460432091889E-002
   493.40288198244309        7.2866763409975596E-002   3.5777330904155746E-002   8.4232113210821066E-002
   510.83065126063684        7.2243635315162591E-002   3.5530230143958251E-002   8.3277901301540017E-002
   528.87421463804299        7.1636299735138936E-002   3.5315161142854795E-002   8.2362807988843073E-002
   547.55511287104378        7.1037483541505034E-002   3.5127973990579195E-002   8.1478419915943553E-002
   566.89562449487210        7.0440848289666055E-002   3.4965055846283365E-002   8.0617726357926897E-002
   586.91951519858117        6.9840887592931472E-002   3.4823256838755680E-002   7.9774941523762202E-002
   607.65068989177485        6.9232898123907718E-002   3.4699840854683452E-002   7.8945430549960491E-002
   629.11387223602765        6.8612896129087567E-002   3.4592425880647787E-002   7.8125554339493614E-002
   651.33543626567803        6.7977539403950529E-002   3.4498935147754282E-002   7.7312526926344355E-002
   674.34163286578985        6.7324129471760683E-002   3.4417565585117604E-002   7.6504377496291354E-002
   698.16073213207346        6.6650506051752489E-002   3.4346743987715353E-002   7.5699774711615153E-002
   722.82116976782140        6.5218098722233692E-002   3.3549014838623888E-002   7.3541355975953168E-002
   748.35235540965130        6.3641511210346252E-002   3.2638014535220694E-002   7.1158039113218260E-002
   774.78566186873422        6.2152695846825513E-002   3.1845107523921300E-002   6.8978758404127302E-002
   802.15264573967897        6.0736941779023071E-002   3.1154994096589138E-002   6.6978520666097358E-002
   830.48594444209971        5.9381801767739377E-002   3.0554354589188280E-002   6.5135959276049440E-002
   859.82037403360118        5.8076771059630730E-002   3.0031576193942533E-002   6.3432762080416649E-002
   890.19058800385733        5.6813154444335039E-002   2.9576576558572189E-002   6.1853371851181047E-002
   921.63390537915473        5.5583726533447252E-002   2.9180558687144593E-002   6.0384435428746115E-002
   954.18786380243341        5.4382647444440824E-002   2.8835881131465159E-002   5.9014603257115494E-002
   987.89128659474920        5.3205247496714958E-002   2.8535891377526074E-002   5.7734179107648727E-002
   1022.7855886411724        5.2047837052477987E-002   2.8274789401678574E-002   5.6534831921720076E-002
   1058.9119914466876        5.0907670587956338E-002   2.8047539567168499E-002   5.5409487480537999E-002
   1096.3148872627712        4.9782718358927856E-002   2.7849748209222081E-002   5.4352032999047124E-002
   1135.0389283928459        4.8671656296363504E-002   2.7677598802060992E-002   5.3357258510308904E-002
   1175.1302964981960        4.7573730975522768E-002   2.7527768743665616E-002   5.2420682432129662E-002
   1216.6382559936744        4.6488637948398415E-002   2.7397361208825927E-002   5.1538410607691008E-002
   1259.6123598874483        4.5416525818728022E-002   2.7283859890845912E-002   5.0707109116480534E-002
   1304.1038583964914        4.4357890782293199E-002   2.7185074136184428E-002   4.9923889179828283E-002
   1350.1674228314519        4.3313481514710532E-002   2.7099094013900329E-002   4.9186215544151375E-002
   1397.8574692241625        3.8690979770743400E-002   2.4693019977788225E-002   4.4405949000934614E-002
   1447.2325992722181        3.4346412404213530E-002   2.2360071548609115E-002   3.9880551004349479E-002
   1498.3517579647787        3.0589125937542018E-002   2.0329569846257334E-002   3.5974507756352962E-002
   1551.2759091786245        2.6031042168031697E-002   1.7719737191199975E-002   3.1033798881654837E-002
   1606.0700862978565        2.2114160167756827E-002   1.5422525454032332E-002   2.6742427809950887E-002
   1662.7990190437411        1.8784744254766696E-002   1.3423149595570973E-002   2.3055521952420954E-002
   1721.5324161293761        1.5956093155040818E-002   1.1682953538034857E-002   1.9886812792803386E-002
   1782.3403946248577        1.3554062771150479E-002   1.0168358953320245E-002   1.7162520850782816E-002
   1845.2954731357936        1.1515200760437150E-002   8.8501331237027612E-003   1.4819434028071357E-002
   1910.4750110852074        9.7852018311117249E-003   7.7027893754353311E-003   1.2803330771011477E-002
   1977.9568210713478        8.3177568178777212E-003   6.7041888899288232E-003   1.1067843583682693E-002
   2047.8213808026539        7.0733455522191306E-003   5.8350579906451226E-003   9.5732436561609627E-003
   2120.1545400970977        6.0182384362596443E-003   5.0785928377747739E-003   8.2854453803932679E-003
   2195.0417479108573        5.1237584272977293E-003   4.4202041747074591E-003   7.1753041241848824E-003
   2272.5750259096239        4.3654588571231815E-003   3.8471626673052977E-003   6.2177900523697751E-003
   2352.8469348264384        3.7225822898533660E-003   3.3484110696509139E-003   5.3914845262111322E-003
   2435.9532056335870        3.1774889420045317E-003   2.9143231327031795E-003   4.6780190277262591E-003
   2521.9959596104222        2.7151851649579156E-003   2.5365061688223840E-003   4.0616166094563531E-003
   2611.0779162676686        2.3229687099023460E-003   2.2076699293486672E-003   3.5287658204354194E-003
   2703.3053132971791        1.9900685196957298E-003   1.9214676485777944E-003   3.0678687426436103E-003
   2798.7914800504532        1.7073481157890817E-003   1.6723658708667269E-003   2.6689536057197755E-003
   2897.6492167059700        1.4670850106343644E-003   1.4555603963877432E-003   2.3234756191827899E-003
   3000.0000000000000        1.2627326825248731E-003   1.2668594923811759E-003   2.0240771398993378E-003
