         200   4370.0000000000000     
   3.0000000000000000        3.0402496789044926E-003  0.44396582685014563        1.5099627224024815E-003
   3.1059655287322618        3.2489754505928793E-003  0.44396582685014563        1.6095907672513247E-003
   3.2156739552243598        3.4712636982430155E-003  0.44396582685014563        1.7161002850087450E-003
   3.3292574962321346        3.7078977035007532E-003  0.44396582685014563        1.8299654325242536E-003
   3.4468529954360925        3.9597049153866351E-003  0.44396582685014563        1.9516919292192185E-003
   3.5686022069563790        4.2275623947677704E-003  0.44396582685014563        2.0818191846835392E-003
   3.6946518254059528        4.5124028977580914E-003  0.44396582685014563        2.2209223012037921E-003
   3.8251536998800524        4.8152227430068367E-003  0.44396582685014563        2.3696144118523590E-003
   3.9602651907155879        5.1370916962151271E-003  0.44396582685014563        2.5285493694182067E-003
   4.1001490688558144        5.4791637447778579E-003  0.44396582685014563        2.6984241084054604E-003
   4.2449739038313119        5.8426913074091291E-003  0.44396582685014563        2.8799817890361352E-003
   4.3949142193596993        6.2290416189347414E-003  0.44396582685014563        3.0740149406675932E-003
   4.5501507036585132        6.6397164254914064E-003  0.44396582685014563        3.2813689674199478E-003
   4.7108703059600501        7.0763751040562759E-003  0.44396582685014563        3.5029458381907303E-003
   4.8772669425686850        7.5408638334443692E-003  0.44396582685014563        3.7397090193526899E-003
   5.0495410155906377        8.0352466530325180E-003  0.44396582685014563        3.9926872187184340E-003
   5.2279001269311909        8.5618457006436961E-003  0.44396582685014563        4.2629802874131796E-003
   5.4125592113782046        9.1232867152288098E-003  0.44396582685014563        4.5517649163745715E-003
   5.6037407956130689        9.7225526198313223E-003  0.44396582685014563        4.8603011697049957E-003
   5.8016752663703963        1.0363045749605020E-002  0.44396582685014563        5.1899397822582714E-003
   6.0066011480696169        1.1048659483952113E-002  0.44396582685014563        5.5421303153998852E-003
   6.2187653902530293        1.1783859815427112E-002  0.44396582685014563        5.9184302727460338E-003
   6.4384236651766908        1.2573777037754166E-002  0.44396582685014563        6.3205152857296852E-003
   6.6658406759127811        1.3424307254062094E-002  0.44396582685014563        6.7501904870614360E-003
   6.9012904753346884        1.4342222801719498E-002  0.44396582685014563        7.2094031985563923E-003
   7.1450567963692624        1.5335289987624588E-002  0.44396582685014563        7.7002570684018236E-003
   7.3974330131920443        1.6412390109112673E-002  0.44396582685014563        8.2250269973751164E-003
   7.6587243988323896        1.7583652307039937E-002  0.44396582685014563        8.7861806378014429E-003
   7.9292442763577622        1.8860557576308074E-002  0.44396582685014563        9.3863888151177743E-003
   8.2093202460023029        2.0256081805637691E-002  0.44396582685014563        1.0028559640165080E-002
   8.4992881560440416        2.1784771281665213E-002  0.44396582685014563        1.0715847961406852E-002
   8.7994991583321234        2.3462867165784558E-002  0.44396582685014563        1.1451696831804534E-002
   9.1103132457223861        2.5308341628892103E-002  0.44396582685014563        1.2239850010418402E-002
   9.4321068148357909        2.7340989177755896E-002  0.44396582685014563        1.3084401208403705E-002
   9.7652657388916850        2.9582411000154900E-002  0.44396582685014563        1.3989810192006518E-002
   10.110193474162946        3.2056069079761523E-002  0.44396582685014563        1.4960961106622806E-002
   10.467303634806061        3.4787217307363359E-002  0.44396582685014563        1.6003182798431621E-002
   10.837027566606025        3.7802918312690038E-002  0.44396582685014563        1.7122314287805803E-002
   11.219811965471335        4.1131980210158139E-002  0.44396582685014563        1.8324747205096439E-002
   11.616115840724994        4.4804872315991291E-002  0.44396582685014563        1.9617468699946728E-002
   12.026419117330413        4.8853747375703506E-002  0.44396582685014563        2.1008146672234246E-002
   12.451213803399156        5.3312313313573209E-002  0.44396582685014563        2.2505163947703601E-002
   12.891014326336300        5.8215904763306778E-002  0.44396582685014563        2.4117722123434375E-002
   13.346348065368609        6.3601373247376788E-002  0.44396582685014563        2.5855882923703010E-002
   13.817766430769083        6.9507225807878284E-002  0.44396582685014563        2.7730690351757112E-002
   14.305834715756038        7.5973545457305558E-002  0.44396582685014563        2.9754220363289178E-002
   14.811143972217785        8.3042206339969366E-002  0.44396582685014563        3.1939724448574708E-002
   15.334300133051286        9.0756815766972934E-002  0.44396582685014563        3.4301688876389409E-002
   15.875936741648431        9.9162992537143946E-002  0.44396582685014563        3.6856003308823264E-002
   16.436703292225193       0.10830829656422442       0.44396582685014563        3.9620030928633296E-002
   17.017278874447534       0.11824253146009256       0.44396582685014563        4.2612806162492842E-002
   17.618359675531394       0.12901760158364747       0.44396582685014563        4.5855116951769651E-002
   18.240671728221173       0.14068773948133198       0.44396582685014563        4.9369725216231501E-002
   18.884968846184627       0.15330942560051752       0.44396582685014563        5.3181528279885884E-002
   19.552019805756849       0.16694097513662551       0.44396582685014563        5.7317661127755833E-002
   20.242632201214423       0.18164273187060517       0.44393687841295609        6.1807826542494233E-002
   20.957638264717446       0.19747637731588172       0.44386093447959085        6.6684425256596708E-002
   21.697899624358065       0.21450443994952445       0.44379483597049602        7.1982820010519644E-002
   22.464312967141105       0.23278966045120045       0.44373730619998147        7.7741590887495091E-002
   23.257792778673313       0.25239360560242374       0.44368723494692464        8.4002661333594755E-002
   24.079299719823517       0.27337616952136901       0.44364365496589236        9.0811771820599421E-002
   24.929823759061236       0.29579379834360481       0.44360572472387094        9.8218626295731429E-002
   25.810395145829254       0.31969820560234313       0.44357271160225981       0.10627726301661224     
   26.722064579292049       0.34513410139052247       0.44354397850717525       0.11504615207241843     
   27.665935811728254       0.37213822755827070       0.44351897039049482       0.12458877286093095     
   28.643146268414043       0.40073691643316817       0.44349720434343093       0.13497370982960347     
   29.654879655490589       0.43094452303185959       0.44347825995709395       0.14627503266908223     
   30.702343174827575       0.46261975405803524       0.43295149333161348       0.15850530483312997     
   31.786804983723918       0.49581720594550505       0.41888810057163189       0.17178220863728214     
   32.909571928103169       0.53057379595743359       0.40664789581716904       0.18622990146672816     
   34.072004028335677       0.56683783126196641       0.39599446081209194       0.20194534972663802     
   35.275488300232773       0.60453788915140261       0.38672220341746177       0.21903113097802560     
   36.521481794408061       0.64358374820758013       0.37865200791177295       0.23759575937696864     
   37.811486012809581       0.68386565554969381       0.37162803815681605       0.25775290511120497     
   39.147055493126302       0.72525516558599379       0.36551466071958366       0.27962084547186339     
   40.529808025860810       0.76760654229551750       0.36019379636351090       0.30332170889887233     
   41.961393513511240       0.81075740919708639       0.35556276197432840       0.32897969366410551     
   43.443545167355794       0.85453240204532011       0.35153209809997182       0.35672035542517044     
   44.978049075047366       0.89874474945524641       0.34802397228989485       0.38666812087678604     
   46.566763998623138       0.94319973829388037       0.34497062546629209       0.41894427948270468     
   48.211585595230147       0.98769690425344636       0.34231313352589737       0.45366344654115914     
   49.914505239722644        1.0320350667086591       0.34000016068648820       0.49093154874429062     
   51.677575059319224        1.0760148328251153       0.33798704325251899       0.53084154528034211     
   53.502930680545909        1.1194426816047627       0.33623489807434698       0.57347005047394295     
   55.392750120602578        1.1621334081509151       0.33470991190068261       0.61887229644750086     
   57.349321371645829        1.2039149505304281       0.33338262599379226       0.66707959828119645     
   59.375002227322796        1.2446303523308122       0.33222741035377501       0.71809444862014449     
   61.472246417894510        1.2841408854065506       0.33122195211311128       0.77188752984250475     
   63.643556378429672        1.3223273172379313       0.33034684773574080       0.82839343955870792     
   65.891560899834928        1.3590930221522330       0.32958519249768065       0.88751042708073546     
   68.218968971510208        1.3943642029509757       0.32892227877371033       0.94909796076627351     
   70.628585269218178        1.4260138900833794       0.32804003639084067        1.0117176393930458     
   73.123328588587739        1.4502031086081275       0.32645079528501703        1.0726449277642014     
   75.706175661273647        1.4729737536304455       0.32506759328600870        1.1351403773276387     
   78.380253523498894        1.4943486010544771       0.32386371055489455        1.1988750697608910     
   81.148784610322849        1.5143745956758985       0.32281590001723109        1.2634985555611657     
   84.015122474940881        1.5331204962120328       0.32190392332365692        1.3286475918537497     
   86.982687236203873        1.5506733373211166       0.32111018096387495        1.3939528407635000     
   90.055071705548812        1.5671355923850567       0.32041933991492921        1.4590491353814179     
   93.235978303002270        1.5826209164809575       0.31981805997941359        1.5235810630516422     
   96.529260096906100        1.5972503488078675       0.31929472749916538        1.5872096262967708     
   99.938826062156153        1.6111478182174628       0.31883924561648774        1.6496147864208470     
   103.46886588546354        1.6244370372134049       0.31844280801164243        1.7105023978337901     
   107.12359379692580        1.6372365552029169       0.31809776513737686        1.7696007244457590     
   110.90736836557576        1.6496566905886270       0.31779745742878612        1.8266628489492447     
   114.82483910697920        1.6617967392237953       0.31753607871485917        1.8814677929053532     
   118.88068277378797        1.6737413584523402       0.31730858550628771        1.9338151299132786     
   123.07973629915718        1.6855588347194843       0.31711058702760114        1.9835257222119773     
   127.42715949490271        1.6972999123267380       0.31693825516185870        2.0304421846866036     
   131.92808807993632        1.7089958700292118       0.31678826630082496        2.0744241795203306     
   136.58805281121437        1.7206593364462988       0.31665772054899022        2.1153528566299844     
   141.41261684513370        1.7322836437596154       0.31654409893266033        2.1531277837838174     
   146.40753387824964        1.7438441584788666       0.31644520847645607        2.1876699102934349     
   151.57894168226974        1.7553001242788024       0.31635913722512615        2.2189242093280930     
   156.93294936957258        1.7665955781726848       0.31628422520059124        2.2468585568091366     
   162.47613596373097        1.7776626478095745       0.31621902404833852        2.2714681028427006     
   168.21511902855468        1.7884230561245713       0.31616227566548211        2.2927737231242817     
   174.15674278185460        1.7308126487471811       0.31119712806186522        2.2281217982957449     
   180.30830831190286        1.6520591767265538       0.30487247920242944        2.1329281156298912     
   186.67715947709803        1.5822452900036705       0.29936776674704935        2.0446643279330305     
   193.27089166569760        1.5201801685063128       0.29457674595737232        1.9630376188910634     
   200.09760727912413        1.4648356028833411       0.29040678689015453        1.8877201446934933     
   207.16537088595135        1.4153247489433123       0.28677746733076198        1.8183528045284922     
   214.48286737908427        1.3708748151912677       0.28361861775174640        1.7545415356596588     
   222.05883252794877        1.3308130231319391       0.28086928589021015        1.6958710530953718     
   229.90230130529540        1.2945494707180425       0.27847640774932386        1.6419122944184659     
   238.02291179328489        1.2615636628200257       0.27639371924965461        1.5922316675065955     
   246.43025707061713        1.2313973063681316       0.27458105346897727        1.5464057453537599     
   255.13466811288930        1.2036429438181668       0.27300336419569032        1.5040254937755189     
   264.14653641505117        1.1779398981554108       0.27163020878636868        1.4647073479204098     
   273.47660938458705        1.1539677098443115       0.27043508439670488        1.4280966248142621     
   283.13635184814427        1.1314410258736316       0.26939488440511455        1.3938697116664562     
   293.13729579387660        1.1101077293789643       0.26848953740845860        1.3617383077876180     
   303.49136818478553        1.0897450695855053       0.26770156958670344        1.3314482264704453     
   314.21129214162710        1.0701565212264081       0.26701574631286512        1.3027775032865179     
   325.30973137660959        1.0511713277045165       0.26641884073611855        1.2755370695815904     
   336.80032369109853        1.0326407703780105       0.26589931224077368        1.2495656138634836     
   348.69678677735646        1.0144380909985433       0.26544713615277099        1.2247290879631927     
   361.01330816366544       0.99645625929584125       0.26505358516245564        1.2009166733037571     
   373.76502243504467       0.97675195266758241       0.26297348856142266        1.1750430093402999     
   386.96715283564077       0.95100502969232725       0.25520318302413381        1.1402620641824042     
   400.63544401132759       0.92632081199595351       0.24844030563988376        1.1081084359083773     
   414.78669160661980       0.90252032115054803       0.24255410244708944        1.0782821430503908     
   429.43761284149554       0.87945595551545808       0.23743105158884120        1.0505289861747105     
   444.60621081975989       0.85700576852099219       0.23297210362848225        1.0246307195085351     
   460.31059410826708       0.83507224426191784       0.22909121997457479        1.0004014457130572     
   476.56949149896485       0.81357854827806531       0.22571349690204481       0.97768146326648520     
   493.40288198244309       0.79246512734674879       0.22277362926815780       0.95633226050480602     
   510.83065126063684       0.77168903754573381       0.22021491851495828       0.93623476149130280     
   528.87421463804299       0.75121969633319541       0.21798789434326551       0.91728428691436181     
   547.55511287104378       0.73103856699284930       0.21604958472816943       0.89938976214406086     
   566.89562449487210       0.71113653409785416       0.21436257896028854       0.88247087858000461     
   586.91951519858117       0.69151151425368806       0.21289426034781506       0.86645584452896340     
   607.65068989177485       0.67216834176484552       0.21161629663248746       0.85128118769314698     
   629.11387223602765       0.65311667374687943       0.21050402223519343       0.83688995866582394     
   651.33543626567803       0.63436910814948178       0.20953593236210682       0.82323031978247840     
   674.34163286578985       0.61594168285053319       0.20869335634277289       0.81025594124688882     
   698.16073213207346       0.59785116222546331       0.20796000375135579       0.79792405954718393     
   722.82116976782140       0.56946986826204316       0.19670530543313958       0.76624266479021019     
   748.35235540965130       0.53971392724985334       0.18378441811171531       0.73186010555376912     
   774.78566186873422       0.51196071297119505       0.17253846999172853       0.70105266780300934     
   802.15264573967897       0.48601739866788890       0.16275046245731975       0.67340399354526237     
   830.48594444209971       0.46171718946252804       0.15423148022764246       0.64854744790052932     
   859.82037403360118       0.43891468628302416       0.14681681668273391       0.62615943690452480     
   890.19058800385733       0.41748453912994460       0.14036347193856027       0.60595616427373089     
   921.63390537915473       0.39731643318852150       0.13474667656003919       0.58768688409185310     
   954.18786380243341       0.37831448046847066       0.12985805046132107       0.57113158086497640     
   987.89128659474920       0.36039432434318336       0.12560323979468535       0.55609657046199534     
   1022.7855886411724       0.34348080404281151       0.12189998174227475       0.54241088885167132     
   1058.9119914466876       0.32750792020887987       0.11867685492821321       0.52992470550030835     
   1096.3148872627712       0.31241596412425354       0.11587154318503483       0.51850555343139271     
   1135.0389283928459       0.29815180788986323       0.11342991601535224       0.50803723518687216     
   1175.1302964981960       0.28466739685135417       0.11130484833463211       0.49841742315993975     
   1216.6382559936744       0.27191856376186058       0.10945525393028999       0.48955569682807343     
   1259.6123598874483       0.25986536056691362       0.10784544355484220       0.48137276002534263     
   1304.1038583964914       0.24847101884235223       0.10644434676028244       0.47379877728360487     
   1350.1674228314519       0.23770114739971138       0.10522487463961960       0.46677201389464101     
   1397.8574692241625       0.20778566202669382        9.4454529335458504E-002  0.42203489602491567     
   1447.2325992722181       0.18020235792732350        8.3788719909783343E-002  0.37953965631067244     
   1498.3517579647787       0.15669700439314024        7.4505641070610487E-002  0.34280516516616372     
   1551.2759091786245       0.13120457910127059        6.4893465475490977E-002  0.29610391371106998     
   1606.0700862978565       0.10977088503879996        5.6480585027703527E-002  0.25544627849261531     
   1662.7990190437411        9.1889112394007308E-002   4.9158443234989559E-002  0.22043572069180273     
   1721.5324161293761        7.6967042630464319E-002   4.2785473277151438E-002  0.19027762814372484     
   1782.3403946248577        6.4511504073924947E-002   3.7238704138760674E-002  0.16429176428261880     
   1845.2954731357936        5.4111400653720672E-002   3.2411079358542878E-002  0.14189443065009774     
   1910.4750110852074        4.5423893068809403E-002   2.8209261289046293E-002  0.12258393630251167     
   1977.9568210713478        3.8163759411913051E-002   2.4552172844066071E-002  0.10593027401970379     
   2047.8213808026539        3.2093433178468342E-002   2.1369229700058289E-002   9.1564014625556162E-002
   2120.1545400970977        2.7014910893505124E-002   1.8598892603547409E-002   7.9167255480076443E-002
   2195.0417479108573        2.2763584249666829E-002   1.6187732578136226E-002   6.8467334505382435E-002
   2272.5750259096239        1.9202205698914242E-002   1.4089132081110074E-002   5.9229293648714154E-002
   2352.8469348264384        1.6216644092387721E-002   1.2262597114253836E-002   5.1251390875069268E-002
   2435.9532056335870        1.3711849235340417E-002   1.0672874295811804E-002   4.4360004806237960E-002
   2521.9959596104222        1.1608584107754276E-002   9.2892278095744619E-003   3.8405477265431635E-002
   2611.0779162676686        9.8409293550831209E-003   8.0849592065403431E-003   3.3259190714672975E-002
   2703.3053132971791        8.3539520571306609E-003   7.0368252739764301E-003   2.8810355995805729E-002
   2798.7914800504532        7.1018206443552549E-003   6.1245613144520110E-003   2.4963389928830803E-002
   2897.6492167059700        6.0463825528315517E-003   5.3305733212222440E-003   2.1636115402397748E-002
   3000.0000000000000        5.1557637823833411E-003   4.6395102728703942E-003   1.8757545059372459E-002
