         200   4370.0000000000000     
   3.0000000000000000        1.4877486715606156E-003   10.938664766671135        7.2236548830545931E-004
   3.1059655287322618        1.5932496393616714E-003   10.938664766671135        7.7014429164326873E-004
   3.2156739552243598        1.7060136116144049E-003   10.938664766671135        8.2124831493225455E-004
   3.3292574962321346        1.8264874425872706E-003   10.938664766671135        8.7591069703102950E-004
   3.4468529954360925        1.9551415172372453E-003   10.938664766671135        9.3438045093722252E-004
   3.5686022069563790        2.0924721504706960E-003   10.938664766671135        9.9692350211737875E-004
   3.6946518254059528        2.2390042578782085E-003   10.938664766671135        1.0638236512595873E-003
   3.8251536998800524        2.3952948386666444E-003   10.938664766671135        1.1353836791325551E-003
   3.9602651907155879        2.5619373284929414E-003   10.938664766671135        1.2119265974538573E-003
   4.1001490688558144        2.7395661432872867E-003   10.938664766671135        1.2937967152030811E-003
   4.2449739038313119        2.9288625988690741E-003   10.938664766671135        1.3813610494449618E-003
   4.3949142193596993        3.1305613883712753E-003   10.938664766671135        1.4750106989398369E-003
   4.5501507036585132        3.3454579898395437E-003   10.938664766671135        1.5751623493447837E-003
   4.7108703059600501        3.5744167974634438E-003   10.938664766671135        1.6822598175492288E-003
   4.8772669425686850        3.8183810350641912E-003   10.938664766671135        1.7967761392572818E-003
   5.0495410155906377        4.0783818970276881E-003   10.938664766671135        1.9192150158634255E-003
   5.2279001269311909        4.3555503249967991E-003   10.938664766671135        2.0501132282270793E-003
   5.4125592113782046        4.6511289242435480E-003   10.938664766671135        2.1900428637260001E-003
   5.6037407956130689        4.9664850465680338E-003   10.938664766671135        2.3396138469161942E-003
   5.8016752663703963        5.3031249197388365E-003   10.938664766671135        2.4994767233526205E-003
   6.0066011480696169        5.6627088874669773E-003   10.938664766671135        2.6703257242890500E-003
   6.2187653902530293        6.0470678492797634E-003   10.938664766671135        2.8529021412381562E-003
   6.4384236651766908        6.4582210212461169E-003   10.938664766671135        3.0479980405317421E-003
   6.6658406759127811        6.8983951767758647E-003   10.938664766671135        3.2564603491302187E-003
   6.9012904753346884        7.3700455722569671E-003   10.938664766671135        3.4791953440620723E-003
   7.1450567963692624        7.8758788158098583E-003   10.938664766671135        3.7171735791171664E-003
   7.3974330131920443        8.4188771654760478E-003   10.938664766671135        3.9714348942757414E-003
   7.6587243988323896        9.0023304886559987E-003   10.938664766671135        4.2430962719217291E-003
   7.9292442763577622        9.6298578728565599E-003   10.938664766671135        4.5333539525969982E-003
   8.2093202460023029        1.0305455405277577E-002   10.938664766671135        4.8434966014665806E-003
   8.4992881560440416        1.1033520200315441E-002   10.938664766671135        5.1749060869223582E-003
   8.7994991583321234        1.1818910578594617E-002   10.938664766671135        5.5290732242998354E-003
   9.1103132457223861        1.2666978802575085E-002   10.938664766671135        5.9075990002057134E-003
   9.4321068148357909        1.3583646784128130E-002   10.938664766671135        6.3122129038463079E-003
   9.7652657388916850        1.4575450807858778E-002   10.938664766671135        6.7447746991568733E-003
   10.110193474162946        1.5649637208406814E-002   10.938664766671135        7.2072957691927146E-003
   10.467303634806061        1.6814222422587715E-002   10.938664766671135        7.7019415765707099E-003
   10.837027566606025        1.8078108956274600E-002   10.938664766671135        8.2310549182679233E-003
   11.219811965471335        1.9451182512982931E-002   10.938664766671135        8.7971673789798126E-003
   11.616115840724994        2.0944414975425867E-002   10.938664766671135        9.4030102930025752E-003
   12.026419117330413        2.2570021107045677E-002   10.938664766671135        1.0051544735756096E-002
   12.451213803399156        2.4341560048382106E-002   10.938664766671135        1.0745966681276520E-002
   12.891014326336300        2.6274119404748327E-002   10.938664766671135        1.1489743789692364E-002
   13.346348065368609        2.8384424519069622E-002   10.938664766671135        1.2286622203717431E-002
   13.817766430769083        3.0691039768044420E-002   10.938664766671135        1.3140669707982338E-002
   14.305834715756038        3.3214474543995662E-002   10.938664766671135        1.4056284574043421E-002
   14.811143972217785        3.5977393106463508E-002   10.938664766671135        1.5038246237788462E-002
   15.334300133051286        3.9004705620642441E-002   10.938664766671135        1.6091726637660390E-002
   15.875936741648431        4.2323779987091380E-002   10.938664766671135        1.7222349702123704E-002
   16.436703292225193        4.5964509244577983E-002   10.938664766671135        1.8436205631402348E-002
   17.017278874447534        4.9959523278612021E-002   10.938664766671135        1.9739920624355613E-002
   17.618359675531394        5.4344226710115670E-002   10.938664766671135        2.1140674527449100E-002
   18.240671728221173        5.9156994372885421E-002   10.938664766671135        2.2646277735282449E-002
   18.884968846184627        6.4439259902764182E-002   10.938664766671135        2.4265220691287861E-002
   19.552019805756849        7.0235481167621558E-002   10.938664766671135        2.6006697742123077E-002
   20.242632201214423        7.6593379290319702E-002   10.938542677142085        2.7880728529864812E-002
   20.957638264717446        8.3563821269720492E-002   10.938222384927418        2.9898189242261970E-002
   21.697899624358065        9.1200786840623604E-002   10.937943615617925        3.2070896080168665E-002
   22.464312967141105        9.9561263125333838E-002   10.937700984813977        3.4411698901745925E-002
   23.257792778673313       0.10870476069971823        10.937489810177347        3.6934509781945291E-002
   24.079299719823517       0.11869317340180159        10.937306012367285        3.9654476751578904E-002
   24.929823759061236       0.12958996165354469        10.937146042232982        4.2588025449627240E-002
   25.810395145829254       0.14145943940478994        10.937006809968269        4.5752993380693677E-002
   26.722064579292049       0.15436542650652815        10.936885628640791        4.9168659730880589E-002
   27.665935811728254       0.16837038110321698        10.936780157344781        5.2855968177370392E-002
   28.643146268414043       0.18353361980514116        10.936688359420842        5.6837566686103957E-002
   29.654879655490589       0.19990979926554839        10.936608461801816        6.1137966945182670E-002
   30.702343174827575       0.21747641395998826        10.929888709679517        6.5753130597734383E-002
   31.786804983723918       0.23630790119354125        10.920938875721632        7.0726577410482605E-002
   32.909571928103169       0.25646811980352391        10.913149304454420        7.6103932351819004E-002
   34.072004028335677       0.27797391419676620        10.906369541135287        8.1917920611679393E-002
   35.275488300232773       0.30082825616304953        10.900468748523371        8.8203500265735008E-002
   36.521481794408061       0.32501988152888089        10.895332938764193        9.4998127015450018E-002
   37.811486012809581       0.35052210736090439        10.890862938949429       0.10234165150469332     
   39.147055493126302       0.37729280990283115        10.886972433015409       0.11027635321081913     
   40.529808025860810       0.40527505049463847        10.883586276252814       0.11884695638831368     
   41.961393513511240       0.43439750480846395        10.880639121924974       0.12810034303563558     
   43.443545167355794       0.46457721617634051        10.878074038731242       0.13808572964111934     
   44.978049075047366       0.49572133406355257        10.875841494704391       0.14885428909892903     
   46.566763998623138       0.52773045380917183        10.873898368493430       0.16045903995785399     
   48.211585595230147       0.56050134848315480        10.872207161256506       0.17295428454506820     
   49.914505239722644       0.59393201209009061        10.870735203300502       0.18639569408046916     
   51.677575059319224       0.62792508836247740        10.869454070996287       0.20083967459149296     
   53.502930680545909       0.66239258473072227        10.868339019409332       0.21634314063027507     
   55.392750120602578       0.69725935558919550        10.867368530049101       0.23296274724615551     
   57.349321371645829       0.73246845622583379        10.866523855603607       0.25075506220735999     
   59.375002227322796       0.76798411785630427        10.865788685339894       0.26977586541894977     
   61.472246417894510       0.80379546499464483        10.865148819522400       0.29008008810297381     
   63.643556378429672       0.83991833433821017        10.864591909891354       0.31172114125942996     
   65.891560899834928       0.87639846326677084        10.864107198411677       0.33475157065744177     
   68.218968971510208       0.91331169735519735        10.863685325264903       0.35922265033984252     
   70.628585269218178       0.94905032355269447        10.862647022266051       0.38438899798883702     
   73.123328588587739       0.98053066510246245        10.859937574968747       0.40878371382135853     
   75.706175661273647        1.0128344877763189        10.857579397279965       0.43472828213991782     
   78.380253523498894        1.0461125231541590        10.855526935384665       0.46225888208303967     
   81.148784610322849        1.0805346545415460        10.853740556075120       0.49141333007946830     
   84.015122474940881        1.1162863068363489        10.852185755624424       0.52223221774585915     
   86.982687236203873        1.1535631554973211        10.850832529179664       0.55475895013467691     
   90.055071705548812        1.1925676348399885        10.849654735951145       0.58904152782546948     
   93.235978303002270        1.2335030950405448        10.848629632654843       0.62513235362765440     
   96.529260096906100        1.2765690957587377        10.847737419529324       0.66308894404074548     
   99.938826062156153        1.3219548014047391        10.846960882758740       0.70297278428664878     
   103.46886588546354        1.3698365241326971        10.846285008724868       0.74485153035420471     
   107.12359379692580        1.4203688500163481        10.845696755954595       0.78879515033626935     
   110.90736836557576        1.4736806985255537        10.845184770764657       0.83487587030728128     
   114.82483910697920        1.5298719860960577        10.844739154396304       0.88316789575309618     
   118.88068277378797        1.5890045597312286        10.844351308362832       0.93374130452578130     
   123.07973629915718        1.6510988481990934        10.844013746968901       0.98665978202385574     
   127.42715949490271        1.7161314343659628        10.843719943778106        1.0419777211535177     
   131.92808807993632        1.7840254558636051        10.843464232474979        1.0997295596240644     
   136.58805281121437        1.8546530155955674        10.843241669118642        1.1599273829397416     
   141.41261684513370        1.9278266590265676        10.843047959189999        1.2225469860215339     
   146.40753387824964        2.0032996669335552        10.842879363953969        1.2875189793690365     
   151.57894168226974        2.0807680602557288        10.842732623778172        1.3547188905421010     
   156.93294936957258        2.1598648066564858        10.842604908617968        1.4239481202838140     
   162.47613596373097        2.2401691663253818        10.842493749219241        1.4949260038125760     
   168.21511902855468        2.3212037673180839        10.842397000681844        1.5672699514935047     
   174.15674278185460        2.3175419047464825        10.816921611017507        1.5751082937960066     
   180.30830831190286        2.2829668870096849        10.784401882093047        1.5565238733116880     
   186.67715947709803        2.2545660769131168        10.756098056721163        1.5396941214961104     
   193.27089166569760        2.2312653016887074        10.731463851595397        1.5239213157627867     
   200.09760727912413        2.2121402134675447        10.710022987208175        1.5085517105149553     
   207.16537088595135        2.1963840429124679        10.691361953074143        1.4929871887940638     
   214.48286737908427        2.1832787459260365        10.675119955406638        1.4766970208562595     
   222.05883252794877        2.1721760266839913        10.660983593238960        1.4592339167348649     
   229.90230130529540        2.1624822290619070        10.648680025053546        1.4402479497721234     
   238.02291179328489        2.1536488151243400        10.637971372771235        1.4194977771926081     
   246.43025707061713        2.1451681385094692        10.628651108337849        1.3968597240120741     
   255.13466811288930        2.1365709370022157        10.620539033085185        1.3723271657070337     
   264.14653641505117        2.1274278786301561        10.613478618716776        1.3460067847474866     
   273.47660938458705        2.1173517457818383        10.607333594376863        1.3181054873897768     
   283.13635184814427        2.1060003799973162        10.601985151719296        1.2889112226242447     
   293.13729579387660        2.0930809544594489        10.597330088716106        1.2587729856471563     
   303.49136818478553        2.0783529672928536        10.593278559447983        1.2280762323956078     
   314.21129214162710        2.0616302164557050        10.589752231354352        1.1972186910838345     
   325.30973137660959        2.0427837062297138        10.586683095346848        1.1665923800979361     
   336.80032369109853        2.0217405675552338        10.584011812527406        1.1365640265639543     
   348.69678677735646        1.9984849128800353        10.581686838582646        1.1074654858520112     
   361.01330816366544        1.9730555037573512        10.579663299915541        1.0795850923893433     
   373.76502243504467        1.9398264577612394        10.384071216140812        1.0415475464600659     
   386.96715283564077        1.8844331824647895        9.5489918044376179       0.96308080789806794     
   400.63544401132759        1.8284036711943283        8.8221813025392901       0.88799746712303818     
   414.78669160661980        1.7717406279958361        8.1895875035161314       0.81704866287282429     
   429.43761284149554        1.7144938459820309        7.6390101450969192       0.75075850505732700     
   444.60621081975989        1.6567481158443460        7.1598043247230336       0.68942794609478086     
   460.31059410826708        1.5986212825580361        6.7427234232011424       0.63316785149924526     
   476.56949149896485        1.5402557412760169        6.3797174921256126       0.58193265965334429     
   493.40288198244309        1.4818101747299601        6.0637681485109560       0.53555733287942309     
   510.83065126063684        1.4234586578725512        5.7887819642166143       0.49379757147541919     
   528.87421463804299        1.3653798773261232        5.5494423364218912       0.45635645194008229     
   547.55511287104378        1.3077572846009689        5.3411310357522703       0.42291297730272825     
   566.89562449487210        1.2507728820746780        5.1598275107593778       0.39313924318953436     
   586.91951519858117        1.1946016986823054        5.0020264259484284       0.36671302658210275     
   607.65068989177485        1.1394129162484499        4.8646828964755828       0.34332883211486992     
   629.11387223602765        1.0853654292686399        4.7451460977116646       0.32270208013076535     
   651.33543626567803        1.0326041592400059        4.6411048965242525       0.30457132436669759     
   674.34163286578985       0.98126320030256420        4.5505527447248184       0.28870082401568498     
   698.16073213207346       0.93145998811007735        4.4717389004464057       0.27487850080146148     
   722.82116976782140       0.88198925211097423        4.4018330619269390       0.26123254375584126     
   748.35235540965130       0.83403523872949625        4.3406050739138342       0.24902058559608203     
   774.78566186873422       0.78808555389874657        4.2873140916803845       0.23862009764649422     
   802.15264573967897       0.74417657483558031        4.2409318275927506       0.22986095152935440     
   830.48594444209971       0.70233511377376601        4.2005630720369656       0.22259540468967084     
   859.82037403360118       0.66257770348220124        4.1654273325668063       0.21669576097506674     
   890.19058800385733       0.62491492842924556        4.1348469780747834       0.21205297412563467     
   921.63390537915473       0.58934879790883798        4.1082307657703874       0.20857433545287382     
   954.18786380243341       0.55587729040621314        4.0850651167923653       0.20618235694850229     
   987.89128659474920       0.52449446215985751        4.0649029181744112       0.20481320173305848     
   1022.7855886411724       0.49519121502136132        4.0473543525069111       0.20441552809325628     
   1058.9119914466876       0.46795984494078147        4.0320809765361414       0.20494957589607427     
   1096.3148872627712       0.44279352731351757        4.0187874937039272       0.20638628264334877     
   1135.0389283928459       0.41969120756110145        4.0072173967470528       0.20870656606608110     
   1175.1302964981960       0.39865943675924165        3.9971473748325033       0.21190072771371676     
   1216.6382559936744       0.37971504087253072        3.9883827334266249       0.21596817018674594     
   1259.6123598874483       0.36289035642728501        3.9807543525020379       0.22091684323433594     
   1304.1038583964914       0.34823656152012133        3.9741149990576146       0.22676309492201877     
   1350.1674228314519       0.33582791230759695        3.9683363073525695       0.23353181800615719     
   1397.8574692241625       0.29728067277741455        3.5247154101329090       0.21928053161148964     
   1447.2325992722181       0.26215612936379751        3.0692387017741005       0.20439716462025800     
   1498.3517579647787       0.23286947666159738        2.6728106366969779       0.19146563306917264     
   1551.2759091786245       0.20119560111573434        2.3263510917977919       0.17451644535493580     
   1606.0700862978565       0.17527579517766700        2.0247596530994465       0.15922091238123401     
   1662.7990190437411       0.15428652489401043        1.7622698564925425       0.14554479848110863     
   1721.5324161293761       0.13732630331147508        1.5338067052217816       0.13329078684534604     
   1782.3403946248577       0.12365410144328444        1.3349618393096794       0.12228870670357270     
   1845.2954731357936       0.11265837537223948        1.1618974160128337       0.11239105065814035     
   1910.4750110852074       0.10383249210724076        1.0112673952259048       0.10346938250310757     
   1977.9568210713478        9.6755880849613216E-002  0.88016526291654151        9.5412249310621283E-002
   2047.8213808026539        9.1077850914865144E-002  0.76606065771573917        8.8122423968583538E-002
   2120.1545400970977        8.6505015549831449E-002  0.66674747291518444        8.1514693420043527E-002
   2195.0417479108573        8.2791888838520122E-002  0.58031034528585357        7.5514746663034538E-002
   2272.5750259096239        7.9732705929518921E-002  0.50507809313640017        7.0057099615315130E-002
   2352.8469348264384        7.7155692047224250E-002  0.43959905633017771        6.5084380633561936E-002
   2435.9532056335870        7.4918126317867983E-002  0.38260944439867756        6.0546039265319783E-002
   2521.9959596104222        7.2902483100051735E-002  0.33300741605367967        5.6397310491447049E-002
   2611.0779162676686        7.1013496950959806E-002  0.28983586466620959        5.2598764890919948E-002
   2703.3053132971791        6.9175489194754664E-002  0.25226154958680735        4.9115465112645751E-002
   2798.7914800504532        6.7330067899514540E-002  0.21955800628399263        4.5916289811194402E-002
   2897.6492167059700        6.5434265934071589E-002  0.19109451120956245        4.2973722273612305E-002
   3000.0000000000000        6.3458494659900139E-002  0.16632074908644648        4.0263120229815347E-002
