         200   4370.0000000000000     
   3.0000000000000000        7.6188208502842893E-004   3.0193887188645248E-003   1.2626299213790667E-003
   3.1059655287322618        7.8583755728971042E-004   3.0193887188645248E-003   1.2824932833284388E-003
   3.2156739552243598        8.0974605429379133E-004   3.0193887188645248E-003   1.3024483814949987E-003
   3.3292574962321346        8.3356139310817559E-004   3.0193887188645248E-003   1.3224368460330912E-003
   3.4468529954360925        8.5723795734521911E-004   3.0193887188645248E-003   1.3424001969989238E-003
   3.5686022069563790        8.8073091812936218E-004   3.0193887188645248E-003   1.3622802535827349E-003
   3.6946518254059528        9.0399639984893988E-004   3.0193887188645248E-003   1.3820195072021468E-003
   3.8251536998800524        9.2699168277817412E-004   3.0193887188645248E-003   1.4015615336648605E-003
   3.9602651907155879        9.4967542633976739E-004   3.0193887188645248E-003   1.4208514285815853E-003
   4.1001490688558144        9.7200781192848906E-004   3.0193887188645248E-003   1.4398361768668711E-003
   4.2449739038313119        9.9395077071123914E-004   3.0193887188645248E-003   1.4584650933232380E-003
   4.3949142193596993        1.0154681666628459E-003   3.0193887188645248E-003   1.4766902196881829E-003
   4.5501507036585132        1.0365259838598588E-003   3.0193887188645248E-003   1.4944667147362249E-003
   4.7108703059600501        1.0570924914294049E-003   3.0193887188645248E-003   1.5117532093929585E-003
   4.8772669425686850        1.0771384734791093E-003   3.0193887188645248E-003   1.5285121941833804E-003
   5.0495410155906377        1.0966372925419504E-003   3.0193887188645248E-003   1.5447102386486121E-003
   5.2279001269311909        1.1155650878998187E-003   3.0193887188645248E-003   1.5603182905223759E-003
   5.4125592113782046        1.1339008756195252E-003   3.0193887188645248E-003   1.5753118537386850E-003
   5.6037407956130689        1.1516266394657249E-003   3.0193887188645248E-003   1.5896711167298447E-003
   5.8016752663703963        1.1687273947311009E-003   3.0193887188645248E-003   1.6033810137219037E-003
   6.0066011480696169        1.1851912231309509E-003   3.0193887188645248E-003   1.6164312169494872E-003
   6.2187653902530293        1.2010092776646275E-003   3.0193887188645248E-003   1.6288160600773259E-003
   6.4384236651766908        1.2161757571392832E-003   3.0193887188645248E-003   1.6405343954731095E-003
   6.6658406759127811        1.2306878508402304E-003   3.0193887188645248E-003   1.6515893901752879E-003
   6.9012904753346884        1.2445456545799936E-003   3.0193887188645248E-003   1.6619882673097506E-003
   7.1450567963692624        1.2577520600334663E-003   3.0193887188645248E-003   1.6717420012312230E-003
   7.3974330131920443        1.2703126016975299E-003   3.0193887188645248E-003   1.6808649626688127E-003
   7.6587243988323896        1.2822353914640917E-003   3.0193887188645248E-003   1.6893746152841565E-003
   7.9292442763577622        1.2935307467083774E-003   3.0193887188645248E-003   1.6972909879924951E-003
   8.2093202460023029        1.3042112646100049E-003   3.0193887188645248E-003   1.7046364693124602E-003
   8.4992881560440416        1.3142913545937680E-003   3.0193887188645248E-003   1.7114352283332226E-003
   8.7994991583321234        1.3237872852595797E-003   3.0193887188645248E-003   1.7177130084516368E-003
   9.1103132457223861        1.3327167347052873E-003   3.0193887188645248E-003   1.7234966019400901E-003
   9.4321068148357909        1.3410988053710634E-003   3.0193887188645248E-003   1.7288136582142022E-003
   9.7652657388916850        1.3489536040397633E-003   3.0193887188645248E-003   1.7336922323721944E-003
   10.110193474162946        1.3563022386367358E-003   3.0193887188645248E-003   1.7381606280862851E-003
   10.467303634806061        1.3631664373666191E-003   3.0193887188645248E-003   1.7422470299770507E-003
   10.837027566606025        1.3695685210480522E-003   3.0193887188645248E-003   1.7459793808555729E-003
   11.219811965471335        1.3755311597006300E-003   3.0193887188645248E-003   1.7493851514422368E-003
   11.616115840724994        1.3810771673898228E-003   3.0193887188645248E-003   1.7524911608406053E-003
   12.026419117330413        1.3862294794185490E-003   3.0193887188645248E-003   1.7553235213902550E-003
   12.451213803399156        1.3910108925389031E-003   3.0193887188645248E-003   1.7579074693062800E-003
   12.891014326336300        1.3954440757135722E-003   3.0193887188645248E-003   1.7602673629364218E-003
   13.346348065368609        1.3995513609194063E-003   3.0193887188645248E-003   1.7624265754105479E-003
   13.817766430769083        1.4033547693780809E-003   3.0193887188645248E-003   1.7644075262668315E-003
   14.305834715756038        1.4068758503578275E-003   3.0193887188645248E-003   1.7662316237631560E-003
   14.811143972217785        1.4101357233094883E-003   3.0193887188645248E-003   1.7679193221097728E-003
   15.334300133051286        1.4131549597400110E-003   3.0193887188645248E-003   1.7694901016647138E-003
   15.875936741648431        1.4159536393994357E-003   3.0193887188645248E-003   1.7709625446730801E-003
   16.436703292225193        1.4185512684548368E-003   3.0193887188645248E-003   1.7723543429210491E-003
   17.017278874447534        1.4209668462935485E-003   3.0193887188645248E-003   1.7736823860841782E-003
   17.618359675531394        1.4232188124333658E-003   3.0193887188645248E-003   1.7749627881106667E-003
   18.240671728221173        1.4253251142188836E-003   3.0193887188645248E-003   1.7762109800499835E-003
   18.884968846184627        1.4273032116438775E-003   3.0193887188645248E-003   1.7774417702352602E-003
   19.552019805756849        1.4291700669138352E-003   3.0193887188645248E-003   1.7786693911393627E-003
   20.242632201214423        1.4309422484582392E-003   3.0193572588142763E-003   1.7799075502816682E-003
   20.957638264717446        1.4326359228198566E-003   3.0192747258628735E-003   1.7811695341783472E-003
   21.697899624358065        1.4342669124734883E-003   3.0192028925406164E-003   1.7824684954074847E-003
   22.464312967141105        1.4358507579796658E-003   3.0191403713945063E-003   1.7838172301350025E-003
   23.257792778673313        1.4374027417301039E-003   3.0190859558788473E-003   1.7852283443709482E-003
   24.079299719823517        1.4389380142857363E-003   3.0190385948284343E-003   1.7867143837434951E-003
   24.929823759061236        1.4404716364742362E-003   3.0189973736974929E-003   1.7882878849520495E-003
   25.810395145829254        1.4420186878438309E-003   3.0189614963042522E-003   1.7899614778992521E-003
   26.722064579292049        1.4435943288518102E-003   3.0189302702795370E-003   1.7917479300940786E-003
   27.665935811728254        1.4452139625739425E-003   3.0189030924183541E-003   1.7936602908878866E-003
   28.643146268414043        1.4468933105288007E-003   3.0188794379139724E-003   1.7957119366303052E-003
   29.654879655490589        1.4486485472323216E-003   3.0188588498821496E-003   1.7979166764708610E-003
   30.702343174827575        1.4490287838729438E-003   2.8468545388604227E-003   1.7981641071578478E-003
   31.786804983723918        1.4487783361054486E-003   2.6169455019453671E-003   1.7975279925641846E-003
   32.909571928103169        1.4486382917227941E-003   2.4168420322656053E-003   1.7970736435113336E-003
   34.072004028335677        1.4486169069568310E-003   2.2426791525354873E-003   1.7968039817339318E-003
   35.275488300232773        1.4487232114346791E-003   2.0910958323501865E-003   1.7967226797475683E-003
   36.521481794408061        1.4489669996630057E-003   1.9591638790800690E-003   1.7968341566930047E-003
   37.811486012809581        1.4493588008712903E-003   1.8443356758688462E-003   1.7971435782215160E-003
   39.147055493126302        1.4499098222325428E-003   1.7443938806790110E-003   1.7976568320750910E-003
   40.529808025860810        1.4506318725126055E-003   1.6574081283403889E-003   1.7983804943766419E-003
   41.961393513511240        1.4515372389018522E-003   1.5816997502478005E-003   1.7993217541649651E-003
   43.443545167355794        1.4526385854913833E-003   1.5158062588764649E-003   1.8004883610998066E-003
   44.978049075047366        1.4539487904148686E-003   1.4584552454946418E-003   1.8018885076281029E-003
   46.566763998623138        1.4554807954167315E-003   1.4085389813638651E-003   1.8035307135108830E-003
   48.211585595230147        1.4572473896122867E-003   1.3650941723442086E-003   1.8054236239493839E-003
   49.914505239722644        1.4592610728257772E-003   1.3272815785416367E-003   1.8075758699262030E-003
   51.677575059319224        1.4615338187392729E-003   1.2943710356634142E-003   1.8099957914493483E-003
   53.502930680545909        1.4640768874356015E-003   1.2657268800656785E-003   1.8126911784268891E-003
   55.392750120602578        1.4669005422318440E-003   1.2407963310523821E-003   1.8156688710990044E-003
   57.349321371645829        1.4700139093715245E-003   1.2190977957293625E-003   1.8189344712646461E-003
   59.375002227322796        1.4734246791210338E-003   1.2002122735969376E-003   1.8224918458803038E-003
   61.472246417894510        1.4771388934550825E-003   1.1837749927988840E-003   1.8263426870003450E-003
   63.643556378429672        1.4811605985111849E-003   1.1694687433727866E-003   1.8304859042277814E-003
   65.891560899834928        1.4854917135531383E-003   1.1570171660590879E-003   1.8349172263252009E-003
   68.218968971510208        1.4901316804980956E-003   1.1461798198769161E-003   1.8396285754689044E-003
   70.628585269218178        1.4927809814650355E-003   1.1360912253150241E-003   1.8414077231158766E-003
   73.123328588587739        1.4891530921515353E-003   1.1255448526261863E-003   1.8342780029154066E-003
   75.706175661273647        1.4858728396843943E-003   1.1163657773228684E-003   1.8274825112127430E-003
   78.380253523498894        1.4829166887229462E-003   1.1083766837174515E-003   1.8210029634181902E-003
   81.148784610322849        1.4802631298589874E-003   1.1014233017560872E-003   1.8148245045530767E-003
   84.015122474940881        1.4778926883852795E-003   1.0953713276039476E-003   1.8089353138870210E-003
   86.982687236203873        1.4757879869946500E-003   1.0901039690423627E-003   1.8033263312644079E-003
   90.055071705548812        1.4739336299831108E-003   1.0855194745032900E-003   1.7979905714620987E-003
   93.235978303002270        1.4723161892354799E-003   1.0815293170205477E-003   1.7929227559356099E-003
   96.529260096906100        1.4709240720118717E-003   1.0780564271257208E-003   1.7881187364721335E-003
   99.938826062156153        1.4697474159537250E-003   1.0750338009992415E-003   1.7835751447755094E-003
   103.46886588546354        1.4687778379476062E-003   1.0724029989684807E-003   1.7792886479759235E-003
   107.12359379692580        1.4680083388561788E-003   1.0701132578258075E-003   1.7752559232668988E-003
   110.90736836557576        1.4674330507042804E-003   1.0681203839915374E-003   1.7714731771953810E-003
   114.82483910697920        1.4670470235215629E-003   1.0663858470984918E-003   1.7679357981212802E-003
   118.88068277378797        1.4668460668977126E-003   1.0648761780162001E-003   1.7646384775891859E-003
   123.07973629915718        1.4668265304216173E-003   1.0635622390925174E-003   1.7615749891028438E-003
   127.42715949490271        1.4669851382609026E-003   1.0624186265370508E-003   1.7587380837992984E-003
   131.92808807993632        1.4673188283421744E-003   1.0614232845327235E-003   1.7561197851228062E-003
   136.58805281121437        1.4678246287591651E-003   1.0605569690650732E-003   1.7537112093409361E-003
   141.41261684513370        1.4684995153122543E-003   1.0598029639572715E-003   1.7515029105007777E-003
   146.40753387824964        1.4693403116044080E-003   1.0591467163918887E-003   1.7494849167528216E-003
   151.57894168226974        1.4703436403547526E-003   1.0585755384309142E-003   1.7476468178479010E-003
   156.93294936957258        1.4715057738330273E-003   1.0580784142835947E-003   1.7459780753795171E-003
   162.47613596373097        1.4728226641229115E-003   1.0576457325156272E-003   1.7444679878514664E-003
   168.21511902855468        1.4742897946904776E-003   1.0572691442226980E-003   1.7431059611268110E-003
   174.15674278185460        1.3994223141040050E-003   1.0259098541747938E-003   1.6606413732969381E-003
   180.30830831190286        1.3033415279929625E-003   9.8597055856569399E-004   1.5557351074079820E-003
   186.67715947709803        1.2199640416008823E-003   9.5120904960531742E-004   1.4644056859717653E-003
   193.27089166569760        1.1476580586302222E-003   9.2095440625025271E-004   1.3848957057537568E-003
   200.09760727912413        1.0849969254023665E-003   8.9462168303274111E-004   1.3156727010248893E-003
   207.16537088595135        1.0307386409061545E-003   8.7170302462750591E-004   1.2554060161237041E-003
   214.48286737908427        9.8379690681839500E-004   8.5175532003157941E-004   1.2029345259198514E-003
   222.05883252794877        9.4322581598047450E-004   8.3439366401148241E-004   1.1572495771286413E-003
   229.90230130529540        9.0820001077588904E-004   8.1928296465893103E-004   1.1174730194204675E-003
   238.02291179328489        8.7799840462084763E-004   8.0613107061727805E-004   1.0828392021604628E-003
   246.43025707061713        8.5199349913726049E-004   7.9468433324671758E-004   1.0526833601749387E-003
   255.13466811288930        8.2963672540098279E-004   7.8472144049716310E-004   1.0264254330675500E-003
   264.14653641505117        8.1045045780440863E-004   7.7605015122419953E-004   1.0035615120037760E-003
   273.47660938458705        7.9401794826229003E-004   7.6850310357787568E-004   9.8365284052515816E-004
   283.13635184814427        7.7997508574889575E-004   7.6193438239191547E-004   9.6631680833254559E-004
   293.13729579387660        7.6800473747007467E-004   7.5621723949087928E-004   9.5122098286786491E-004
   303.49136818478553        7.5783011117886768E-004   7.5124133008263347E-004   9.3807586166292116E-004
   314.21129214162710        7.4920933295257233E-004   7.4691044957397759E-004   9.2662894112102950E-004
   325.30973137660959        7.4193174794300845E-004   7.4314107220453825E-004   9.1666090107972486E-004
   336.80032369109853        7.3581317993728543E-004   7.3986032055901678E-004   9.0798028224739025E-004
   348.69678677735646        7.3069317758453945E-004   7.3700489018691646E-004   9.0042068493202709E-004
   361.01330816366544        7.2643174722731533E-004   7.3451966931714228E-004   8.9383715817156675E-004
   373.76502243504467        7.2173576850274521E-004   7.3078775247828757E-004   8.8601176121509109E-004
   386.96715283564077        7.1377224971044828E-004   7.2215843543937345E-004   8.7202702122803077E-004
   400.63544401132759        7.0695403602272612E-004   7.1464791828352290E-004   8.5985738953069546E-004
   414.78669160661980        7.0112672294979220E-004   7.0811099212761267E-004   8.4926689476091239E-004
   429.43761284149554        6.9615562155588516E-004   7.0242158521173828E-004   8.4005070192855723E-004
   444.60621081975989        6.9192284709801042E-004   6.9746969813016678E-004   8.3203012523393096E-004
   460.31059410826708        6.8832569479849017E-004   6.9315978067840164E-004   8.2504998051026587E-004
   476.56949149896485        6.8527461595523640E-004   6.8940864848383897E-004   8.1897519533975934E-004
   493.40288198244309        6.8269154877815218E-004   6.8614377688470658E-004   8.1368803292565029E-004
   510.83065126063684        6.8050875356722568E-004   6.8330219926664810E-004   8.0908629689556183E-004
   528.87421463804299        6.7866732598982735E-004   6.8082897636201009E-004   8.0508084296746299E-004
   547.55511287104378        6.7711629857361306E-004   6.7867638556516358E-004   8.0159425797957323E-004
   566.89562449487210        6.7581158334192859E-004   6.7680288039247019E-004   7.9855916780343544E-004
   586.91951519858117        6.7471508944566734E-004   6.7517223835910788E-004   7.9591685122351434E-004
   607.65068989177485        6.7379406296734609E-004   6.7375299506026044E-004   7.9361631821810771E-004
   629.11387223602765        6.7302036625333439E-004   6.7251775812363578E-004   7.9161319429482528E-004
   651.33543626567803        6.7236987245237166E-004   6.7144264538875835E-004   7.8986880648772002E-004
   674.34163286578985        6.7182200734302612E-004   6.7050692213240426E-004   7.8834959261315813E-004
   698.16073213207346        6.7135922855592880E-004   6.6969249701330340E-004   7.8702628167202394E-004
   722.82116976782140        6.6458646055512442E-004   6.6260321562889690E-004   7.7366124557153764E-004
   748.35235540965130        6.5682020869837446E-004   6.5455472643613391E-004   7.5843278728807367E-004
   774.78566186873422        6.5006428871321230E-004   6.4754956574906714E-004   7.4517732912761283E-004
   802.15264573967897        6.4418504905404742E-004   6.4145256397978804E-004   7.3363924500620989E-004
   830.48594444209971        6.3906645349396816E-004   6.3614604479861683E-004   7.2359600030380111E-004
   859.82037403360118        6.3460763700941075E-004   6.3152741157903778E-004   7.1485358513457414E-004
   890.19058800385733        6.3072130065875906E-004   6.2750758893539418E-004   7.0724356606695002E-004
   921.63390537915473        6.2733153326644279E-004   6.2400885732529377E-004   7.0061898896629868E-004
   954.18786380243341        6.2437262815992522E-004   6.2096370621885671E-004   6.9485220976114946E-004
   987.89128659474920        6.2178759604924365E-004   6.1831336210426183E-004   6.8983210953284875E-004
   1022.7855886411724        6.1952694287110424E-004   6.1600658303627963E-004   6.8546181382803009E-004
   1058.9119914466876        6.1754787177733899E-004   6.1399888026134194E-004   6.8165722068212102E-004
   1096.3148872627712        6.1581319410039504E-004   6.1225143670846157E-004   6.7834495405992112E-004
   1135.0389283928459        6.1429074417979328E-004   6.1073053420392846E-004   6.7546128082297775E-004
   1175.1302964981960        6.1295263871357307E-004   6.0940681828282480E-004   6.7295071970030376E-004
   1216.6382559936744        6.1177466814597847E-004   6.0825469612557550E-004   6.7076490211459962E-004
   1259.6123598874483        6.1073589431166037E-004   6.0725193671077096E-004   6.6886181625507675E-004
   1304.1038583964914        6.0981816365681643E-004   6.0637918609167635E-004   6.6720488992086466E-004
   1350.1674228314519        6.0900570729742823E-004   6.0561957044455645E-004   6.6576223948553435E-004
   1397.8574692241625        5.5970923204065235E-004   5.5669664454533515E-004   6.1123258552275698E-004
   1447.2325992722181        5.1231256703756882E-004   5.0966636676964393E-004   5.5877265171555123E-004
   1498.3517579647787        4.7105896120777413E-004   4.6873316057818425E-004   5.1311374427465812E-004
   1551.2759091786245        4.1069354947361982E-004   4.0871050582426475E-004   4.4738097823201941E-004
   1606.0700862978565        3.5741036684121909E-004   3.5572469903986801E-004   3.8937736168216262E-004
   1662.7990190437411        3.1103862410961070E-004   3.0960855693080801E-004   3.3889467170996517E-004
   1721.5324161293761        2.7068137812289692E-004   2.6947046666261860E-004   2.9495667110276285E-004
   1782.3403946248577        2.3555936323430414E-004   2.3453593506331174E-004   2.5671537174105501E-004
   1845.2954731357936        2.0499407167195432E-004   2.0413070163348716E-004   2.2343254128879769E-004
   1910.4750110852074        1.7839388816615561E-004   1.7766690938595956E-004   1.9446455862438055E-004
   1977.9568210713478        1.5524487883124472E-004   1.5463392051350583E-004   1.6925235481114975E-004
   2047.8213808026539        1.3509960967155712E-004   1.3458718248117449E-004   1.4730922094088715E-004
   2120.1545400970977        1.1756798510724786E-004   1.1713911020267514E-004   1.2821082373962306E-004
   2195.0417479108573        1.0231132806654869E-004   1.0195319854903978E-004   1.1158875778283988E-004
   2272.5750259096239        8.9034153506399732E-005   8.8735842003540672E-005   9.7121588580238835E-005
   2352.8469348264384        7.7479806807129875E-005   7.7232002214132410E-005   8.4530108008831227E-005
   2435.9532056335870        6.7424867457951374E-005   6.7219647156731464E-005   7.3571245594932308E-005
   2521.9959596104222        5.8674564751275063E-005   5.8505197232869410E-005   6.4033082329474186E-005
   2611.0779162676686        5.1059730069371528E-005   5.0920500895759048E-005   5.5731538893940179E-005
   2703.3053132971791        4.4433105267075499E-005   4.4319168286830035E-005   4.8506361448047476E-005
   2798.7914800504532        3.8666318913992069E-005   3.8573568762894988E-005   4.2217834280181389E-005
   2897.6492167059700        3.3647931376554539E-005   3.3572892162353641E-005   3.6744656887179091E-005
   3000.0000000000000        2.9280723152955924E-005   2.9220455041315387E-005   3.1980994815656124E-005
