         200   4370.0000000000000     
   3.0000000000000000        5.9736372377958303E-003  0.12586432262544373        5.5151342987484397E-003
   3.1059655287322618        6.4390970135564246E-003  0.12586432262544373        5.9974715475655310E-003
   3.2156739552243598        6.9410172396819261E-003  0.12586432262544373        6.5245926501706353E-003
   3.3292574962321346        7.4817136743971033E-003  0.12586432262544373        7.1006871911769211E-003
   3.4468529954360925        8.0635352975461112E-003  0.12586432262544373        7.7303200043991726E-003
   3.5686022069563790        8.6888562736502934E-003  0.12586432262544373        8.4184608148582269E-003
   3.6946518254059528        9.3600683578527952E-003  0.12586432262544373        9.1705135782854871E-003
   3.8251536998800524        1.0079576207391194E-002  0.12586432262544373        9.9923474730772028E-003
   3.9602651907155879        1.0849795803897515E-002  0.12586432262544373        1.0890329247303746E-002
   4.1001490688558144        1.1673152609626775E-002  0.12586432262544373        1.1871352425085113E-002
   4.2449739038313119        1.2552084522552012E-002  0.12586432262544373        1.2942868635608109E-002
   4.3949142193596993        1.3489045308496020E-002  0.12586432262544373        1.4112915666962106E-002
   4.5501507036585132        1.4486509496940794E-002  0.12586432262544373        1.5390142884563895E-002
   4.7108703059600501        1.5546976906119059E-002  0.12586432262544373        1.6783831240902665E-002
   4.8772669425686850        1.6672980683298241E-002  0.12586432262544373        1.8303912535226546E-002
   5.0495410155906377        1.7867085915854813E-002  0.12586432262544373        1.9960970146537121E-002
   5.2279001269311909        1.9131893436048108E-002  0.12586432262544373        2.1766239393970231E-002
   5.4125592113782046        2.0470036073264187E-002  0.12586432262544373        2.3731589349274298E-002
   5.6037407956130689        2.1884170983900126E-002  0.12586432262544373        2.5869488718327598E-002
   5.8016752663703963        2.3376966466783729E-002  0.12586432262544373        2.8192950910634208E-002
   6.0066011480696169        2.4951082663280343E-002  0.12586432262544373        3.0715453920333331E-002
   6.2187653902530293        2.6609145826353989E-002  0.12586432262544373        3.3450830205435468E-002
   6.4384236651766908        2.8353716167603453E-002  0.12586432262544373        3.6413121416469192E-002
   6.6658406759127811        3.0187249634843087E-002  0.12586432262544373        3.9616392663619153E-002
   6.9012904753346884        3.2112054311765219E-002  0.12586432262544373        4.3074501114962027E-002
   7.1450567963692624        3.4130242441720811E-002  0.12586432262544373        4.6800814199788467E-002
   7.3974330131920443        3.6243676132491257E-002  0.12586432262544373        5.0807867524446645E-002
   7.6587243988323896        3.8453930629098236E-002  0.12586432262544373        5.5107003482770221E-002
   7.9292442763577622        4.0762205916227742E-002  0.12586432262544373        5.9707854568087873E-002
   8.2093202460023029        4.3169324873433029E-002  0.12586432262544373        6.4617939775459196E-002
   8.4992881560440416        4.5675630129401901E-002  0.12586432262544373        6.9842010526153450E-002
   8.7994991583321234        4.8280997160118286E-002  0.12586432262544373        7.5381590989236399E-002
   9.1103132457223861        5.0984736354067584E-002  0.12586432262544373        8.1234265475230216E-002
   9.4321068148357909        5.3785622769426257E-002  0.12586432262544373        8.7393234023995223E-002
   9.7652657388916850        5.6681807051912392E-002  0.12586432262544373        9.3846642272976122E-002
   10.110193474162946        5.9670864341956044E-002  0.12586432262544373       0.10057727735985772     
   10.467303634806061        6.2749715657004226E-002  0.12586432262544373       0.10756208699782681     
   10.837027566606025        6.5914686774451600E-002  0.12586432262544373       0.11477215263425258     
   11.219811965471335        6.9161487531017404E-002  0.12586432262544373       0.12217267054740789     
   11.616115840724994        7.2485193391373465E-002  0.12586432262544373       0.12972315545541035     
   12.026419117330413        7.5880331445698557E-002  0.12586432262544373       0.13737812238476113     
   12.451213803399156        7.9340825702318180E-002  0.12586432262544373       0.14508769467651608     
   12.891014326336300        8.2860107242970396E-002  0.12586432262544373       0.15279881611692006     
   13.346348065368609        8.6431067214967142E-002  0.12586432262544373       0.16045630970699726     
   13.817766430769083        9.0046180228430639E-002  0.12586432262544373       0.16800445587635049     
   14.305834715756038        9.3697464540243872E-002  0.12586432262544373       0.17538829201866360     
   14.811143972217785        9.7376617076048472E-002  0.12586432262544373       0.18255527445943076     
   15.334300133051286       0.10107498067366534       0.12586432262544373       0.18945650679995418     
   15.875936741648431       0.10478368912445545       0.12586432262544373       0.19604815216556098     
   16.436703292225193       0.10849364127242160       0.12586432262544373       0.20229228682363420     
   17.017278874447534       0.11219565401290192       0.12586432262544373       0.20815779900839868     
   17.618359675531394       0.11588044248046343       0.12586432262544373       0.21362068516825244     
   18.240671728221173       0.11953876731988068       0.12586432262544373       0.21866431720165558     
   18.884968846184627       0.12316148403732469       0.12586432262544373       0.22327925838946844     
   19.552019805756849       0.12673954097495510       0.12586432262544373       0.22746278933787220     
   20.242632201214423       0.13026418089867256       0.12585817664364465       0.23121847619349337     
   20.957638264717446       0.13372692634674610       0.12584346185541764       0.23455534575287224     
   21.697899624358065       0.13711967084469531       0.12583231503074938       0.23748713985210632     
   22.464312967141105       0.14043476510557854       0.12582387098537301       0.24003141774959644     
   23.257792778673313       0.14366500196902907       0.12581747445063923       0.24220868149033797     
   24.079299719823517       0.14680379314009639       0.12581262891361472       0.24404166948322975     
   24.929823759061236       0.14984514365456225       0.12580895829662703       0.24555456731519562     
   25.810395145829254       0.15278373682268956       0.12580617769701008       0.24677239056296704     
   26.722064579292049       0.15561490684596929       0.12580407133670077       0.24772041316601456     
   27.665935811728254       0.15833477847089794       0.12580247571543229       0.24842376283841927     
   28.643146268414043       0.16094022459665364       0.12580126699191943       0.24890703590003338     
   29.654879655490589       0.16342891893722467       0.12580035134854176       0.24919403718078686     
   30.702343174827575       0.16564013069467176       0.11341906102331219       0.24905730634001347     
   31.786804983723918       0.16767661709436901        9.8657949768619191E-002  0.24867543671871339     
   32.909571928103169       0.16961691755261576        8.7476034233945635E-002  0.24819347017886484     
   34.072004028335677       0.17145634231686432        7.9005406500970210E-002  0.24762385353864813     
   35.275488300232773       0.17319188981915409        7.2588735095779205E-002  0.24697876268448568     
   36.521481794408061       0.17482209764121931        6.7727944032790366E-002  0.24626996868530299     
   37.811486012809581       0.17634680999691740        6.4045771724742753E-002  0.24550876320171505     
   39.147055493126302       0.17776702080052770        6.1256432966821636E-002  0.24470588818998637     
   40.529808025860810       0.17908472839248549        5.9143427358234815E-002  0.24387147958328725     
   41.961393513511240       0.18030276385357560        5.7542782979206723E-002  0.24301504797659040     
   43.443545167355794       0.18142470593728824        5.6330254332919820E-002  0.24214541842072315     
   44.978049075047366       0.18245472455281894        5.5411733181482563E-002  0.24127072613682807     
   46.566763998623138       0.18339747562909256        5.4715926571733089E-002  0.24039838724404961     
   48.211585595230147       0.18425796608581790        5.4188839026740078E-002  0.23953510368808639     
   49.914505239722644       0.18504147930745984        5.3789556865269060E-002  0.23868681914146150     
   51.677575059319224       0.18575344950941797        5.3487090517916405E-002  0.23785872915389075     
   53.502930680545909       0.18639937401584727        5.3257963422274103E-002  0.23705526300644056     
   55.392750120602578       0.18698470720296761        5.3084395024617308E-002  0.23628009687195842     
   57.349321371645829       0.18751479901928128        5.2952912568547221E-002  0.23553612234544896     
   59.375002227322796       0.18799480231346788        5.2853311278867943E-002  0.23482546629969692     
   61.472246417894510       0.18842961046570705        5.2777860391765290E-002  0.23414948693966728     
   63.643556378429672       0.18882378737141672        5.2720704822541022E-002  0.23350879946554634     
   65.891560899834928       0.18918153244146080        5.2677408031643516E-002  0.23290326786665838     
   68.218968971510208       0.18950662975157698        5.2644609616240942E-002  0.23233204413809605     
   70.628585269218178       0.18929631907238281        5.2504606292137865E-002  0.23100821734557561     
   73.123328588587739       0.18777746199414477        5.2109145642530309E-002  0.22772576190078872     
   75.706175661273647       0.18647486234408317        5.1809576221915066E-002  0.22485572751191504     
   78.380253523498894       0.18534460198838093        5.1582644800540811E-002  0.22233328256996032     
   81.148784610322849       0.18435146888955087        5.1410738502824738E-002  0.22010281449975500     
   84.015122474940881       0.18346729548900398        5.1280514459511879E-002  0.21811694543063687     
   86.982687236203873       0.18266964595734284        5.1181867119393244E-002  0.21633565392273418     
   90.055071705548812       0.18194070475659804        5.1107139261449788E-002  0.21472531005528983     
   93.235978303002270       0.18126642157084813        5.1050531016908415E-002  0.21325787270536445     
   96.529260096906100       0.18063578959878476        5.1007648617677051E-002  0.21191007848429069     
   99.938826062156153       0.18004028327874946        5.0975164502234396E-002  0.21066276177243379     
   103.46886588546354       0.17947334491425015        5.0950556668517992E-002  0.20950013208699753     
   107.12359379692580       0.17893004352464151        5.0931915642094802E-002  0.20840931269090701     
   110.90736836557576       0.17840673480254668        5.0917794761147078E-002  0.20737981034559888     
   114.82483910697920       0.17790078320228581        5.0907097708586049E-002  0.20640307154324397     
   118.88068277378797       0.17741038515704463        5.0898994433761544E-002  0.20547220814454772     
   123.07973629915718       0.17693437385041536        5.0892856071179604E-002  0.20458166635205546     
   127.42715949490271       0.17647205875845942        5.0888206050587990E-002  0.20372695328455734     
   131.92808807993632       0.17602314624200804        5.0884683584298478E-002  0.20290450607418922     
   136.58805281121437       0.17558759839030080        5.0882015195039709E-002  0.20211144068009798     
   141.41261684513370       0.17516559085202307        5.0879993825940301E-002  0.20134547946969586     
   146.40753387824964       0.17475743052139919        5.0878462605944412E-002  0.20060480214402143     
   151.57894168226974       0.16649413358924295        4.9948830996231382E-002  0.19169623386399193     
   156.93294936957258       0.14436266476573117        4.7371474781295983E-002  0.16837572809571547     
   162.47613596373097       0.12763435677630822        4.5419038881439847E-002  0.15070157212781515     
   168.21511902855468       0.11498979888116749        4.3940021686426523E-002  0.13729039686294495     
   174.15674278185460       0.10543195335428023        4.2819642086272237E-002  0.12709828354819472     
   180.30830831190286        9.8207221862088676E-002   4.1970916038963864E-002  0.11933721817674572     
   186.67715947709803        9.2746526622650982E-002   4.1327985626796584E-002  0.11341286382064533     
   193.27089166569760        8.8619834732149363E-002   4.0840955374180303E-002  0.10887661257984696     
   200.09760727912413        8.5502067945879445E-002   4.0472013221747663E-002  0.10538969935298084     
   207.16537088595135        8.3147691513928659E-002   4.0192533535766781E-002  0.10269651838756184     
   214.48286737908427        8.1370968468290297E-002   3.9980818069729467E-002  0.10060388646679080     
   222.05883252794877        8.0031495056995541E-002   3.9820438507592391E-002   9.8965906597042366E-002
   229.90230130529540        7.9022998973158856E-002   3.9698948378670267E-002   9.7672238239754239E-002
   238.02291179328489        7.8264946272840599E-002   3.9606915431182922E-002   9.6639316047773524E-002
   246.43025707061713        7.7696286282657429E-002   3.9537198975380598E-002   9.5803838958250120E-002
   255.13466811288930        7.7270593763278342E-002   3.9484386364407292E-002   9.5117680463868745E-002
   264.14653641505117        7.6952509765500041E-002   3.9444379540240194E-002   9.4544200536618522E-002
   273.47660938458705        7.6714987087059677E-002   3.9414073719716350E-002   9.4055370352772963E-002
   283.13635184814427        7.6537227343851294E-002   3.9391116019254657E-002   9.3629619926568264E-002
   293.13729579387660        7.6403142177114275E-002   3.9373725008495730E-002   9.3250259156755652E-002
   303.49136818478553        7.6300169017667910E-002   3.9360551034760702E-002   9.2904243738750697E-002
   314.21129214162710        7.6218385368082842E-002   3.9350571296952505E-002   9.2581253417328271E-002
   325.30973137660959        7.6149851054676587E-002   3.9343011483115940E-002   9.2273037069722078E-002
   336.80032369109853        7.6088100153660396E-002   3.9337284664352962E-002   9.1972872400979622E-002
   348.69678677735646        7.6027772997797838E-002   3.9332946461278578E-002   9.1675214793250734E-002
   361.01330816366544        7.5964334981293305E-002   3.9329660201834031E-002   9.1375409240884387E-002
   373.76502243504467        7.5631316515221828E-002   3.9012966111992585E-002   9.0627101756704326E-002
   386.96715283564077        7.4506858548797142E-002   3.7766230326059261E-002   8.8562547215958201E-002
   400.63544401132759        7.3617372173512760E-002   3.6821807674279797E-002   8.6914575601291302E-002
   414.78669160661980        7.2900574301522289E-002   3.6106375061866168E-002   8.5575731940531419E-002
   429.43761284149554        7.2308669668696549E-002   3.5564423212397521E-002   8.4464553778356724E-002
   444.60621081975989        7.1804849288397837E-002   3.5153876063049656E-002   8.3519172245677939E-002
   460.31059410826708        7.1360736572102651E-002   3.4842876714341588E-002   8.2692681317591749E-002
   476.56949149896485        7.0954383321021164E-002   3.4607289645355185E-002   8.1949521698263542E-002
   493.40288198244309        7.0568756644953018E-002   3.4428824344996070E-002   8.1262766411049916E-002
   510.83065126063684        7.0190633716614118E-002   3.4293633974977457E-002   8.0612146428969758E-002
   528.87421463804299        6.9809702567548704E-002   3.4191222624070712E-002   7.9982447279388455E-002
   547.55511287104378        6.9417941929940427E-002   3.4113643560416594E-002   7.9362401249561676E-002
   566.89562449487210        6.9009115741023822E-002   3.4054876156893385E-002   7.8743781592749890E-002
   586.91951519858117        6.8578386064968411E-002   3.4010357829269526E-002   7.8120709746504299E-002
   607.65068989177485        6.8122061231509962E-002   3.3976634124407379E-002   7.7489185759171658E-002
   629.11387223602765        6.7637370388220902E-002   3.3951087869031338E-002   7.6846671278737053E-002
   651.33543626567803        6.7122284126414175E-002   3.3931735702724737E-002   7.6191759093638373E-002
   674.34163286578985        6.6575433279257870E-002   3.3917076121739671E-002   7.5523985684391934E-002
   698.16073213207346        6.5995966158144376E-002   3.3905970985388480E-002   7.4843577415254617E-002
   722.82116976782140        6.3983409951129472E-002   3.2499104441843549E-002   7.1572759939298652E-002
   748.35235540965130        6.1893679015086182E-002   3.1049781271263694E-002   6.8200341155770131E-002
   774.78566186873422        6.0121891929151759E-002   2.9951869165697743E-002   6.5457956405208906E-002
   802.15264573967897        5.8583770369859456E-002   2.9120174315759213E-002   6.3194284882676005E-002
   830.48594444209971        5.7215954692352126E-002   2.8490151928888863E-002   6.1295047718477096E-002
   859.82037403360118        5.5970931230927896E-002   2.8012888321045048E-002   5.9673982182628295E-002
   890.19058800385733        5.4813323461961085E-002   2.7651353369370978E-002   5.8266194682637266E-002
   921.63390537915473        5.3716875485370900E-002   2.7377478219862895E-002   5.7022852311026266E-002
   954.18786380243341        5.2662352811177982E-002   2.7170011201130381E-002   5.5907396298060866E-002
   987.89128659474920        5.1635829257440820E-002   2.7012851557363986E-002   5.4892513295796599E-002
   1022.7855886411724        5.0627383490867935E-002   2.6893797726651698E-002   5.3957846688169102E-002
   1058.9119914466876        4.9630217694222552E-002   2.6803612511969974E-002   5.3088360277479388E-002
   1096.3148872627712        4.8639825326593111E-002   2.6735294112766761E-002   5.2272942851799974E-002
   1135.0389283928459        4.7653512402525494E-002   2.6683541280745630E-002   5.1503490707725925E-002
   1175.1302964981960        4.6669932075480515E-002   2.6644337668074791E-002   5.0774122047622779E-002
   1216.6382559936744        4.5688720625248751E-002   2.6614639584302408E-002   5.0080584032283861E-002
   1259.6123598874483        4.4710314610540078E-002   2.6592142570924664E-002   4.9419874432675155E-002
   1304.1038583964914        4.3735721106732080E-002   2.6575100717092404E-002   4.8789889893745719E-002
   1350.1674228314519        4.2766333065085094E-002   2.6562190927196250E-002   4.8189162099934076E-002
   1397.8574692241625        3.5042428523625796E-002   2.2164312324401466E-002   3.9926733310667824E-002
   1447.2325992722181        2.8610540054642732E-002   1.8414012925389137E-002   3.3002576571458879E-002
   1498.3517579647787        2.3749095678441461E-002   1.5573070849904736E-002   2.7782575563677789E-002
   1551.2759091786245        1.7610399201500256E-002   1.1841836626372556E-002   2.0903529730673595E-002
   1606.0700862978565        1.3004258616233713E-002   8.9704763123001872E-003   1.5672567302930110E-002
   1662.7990190437411        9.6019241695977659E-003   6.7953741353777462E-003   1.1756685070653172E-002
   1721.5324161293761        7.0895418079923930E-003   5.1476594921827067E-003   8.8238925840830405E-003
   1782.3403946248577        5.2348389685186745E-003   3.8994759846266631E-003   6.6263796457859247E-003
   1845.2954731357936        3.8659323196894592E-003   2.9539566601524208E-003   4.9790073799949380E-003
   1910.4750110852074        2.8556779392417235E-003   2.2376932804869971E-003   3.7433821887096937E-003
   1977.9568210713478        2.1101519358225850E-003   1.6951065278250489E-003   2.8161057877708617E-003
   2047.8213808026539        1.5599677661660948E-003   1.2840882306436464E-003   2.1198496186561684E-003
   2120.1545400970977        1.1538794807200549E-003   9.7272774649153921E-004   1.5967444313942634E-003
   2195.0417479108573        8.5408698797119313E-004   7.3686711152776347E-004   1.2035061946730878E-003
   2272.5750259096239        6.3268887516439523E-004   5.5819457554007038E-004   9.0770713260823895E-004
   2352.8469348264384        4.6911636014271036E-004   4.2284582835614635E-004   6.8506762040947491E-004
   2435.9532056335870        3.4820119425085208E-004   3.2031694920411002E-004   5.1738833731855647E-004
   2521.9959596104222        2.5875711632883798E-004   2.4264779999282301E-004   3.9101702644594403E-004
   2611.0779162676686        1.9254154834667133E-004   1.8381154974050199E-004   2.9571588656952526E-004
   2703.3053132971791        1.4347749916575236E-004   1.3924213245818435E-004   2.2379846894577060E-004
   2798.7914800504532        1.0708321557329941E-004   1.0547926730457878E-004   1.6948904370035119E-004
   2897.6492167059700        8.0055669104120056E-005   7.9903347370451804E-005   1.2844934723904594E-004
   3000.0000000000000        5.9957209940644373E-005   6.0528709141606948E-005   9.7414863024577285E-005
