         200   4370.0000000000000     
   3.0000000000000000        3.0402496789044926E-003  0.44396582685014563        1.5099627224024815E-003
   3.1059655287322618        3.2489754505928793E-003  0.44396582685014563        1.6095907672513247E-003
   3.2156739552243598        3.4712636982430155E-003  0.44396582685014563        1.7161002850087450E-003
   3.3292574962321346        3.7078977035007532E-003  0.44396582685014563        1.8299654325242536E-003
   3.4468529954360925        3.9597049153866351E-003  0.44396582685014563        1.9516919292192185E-003
   3.5686022069563790        4.2275623947677704E-003  0.44396582685014563        2.0818191846835392E-003
   3.6946518254059528        4.5124028977580914E-003  0.44396582685014563        2.2209223012037921E-003
   3.8251536998800524        4.8152227430068367E-003  0.44396582685014563        2.3696144118523590E-003
   3.9602651907155879        5.1370916962151271E-003  0.44396582685014563        2.5285493694182067E-003
   4.1001490688558144        5.4791637447778579E-003  0.44396582685014563        2.6984241084054604E-003
   4.2449739038313119        5.8426913074091291E-003  0.44396582685014563        2.8799817890361352E-003
   4.3949142193596993        6.2290416189347414E-003  0.44396582685014563        3.0740149406675932E-003
   4.5501507036585132        6.6397164254914064E-003  0.44396582685014563        3.2813689674199478E-003
   4.7108703059600501        7.0763751040562759E-003  0.44396582685014563        3.5029458381907303E-003
   4.8772669425686850        7.5408638334443692E-003  0.44396582685014563        3.7397090193526899E-003
   5.0495410155906377        8.0352466530325180E-003  0.44396582685014563        3.9926872187184340E-003
   5.2279001269311909        8.5618457006436961E-003  0.44396582685014563        4.2629802874131796E-003
   5.4125592113782046        9.1232867152288098E-003  0.44396582685014563        4.5517649163745715E-003
   5.6037407956130689        9.7225526198313223E-003  0.44396582685014563        4.8603011697049957E-003
   5.8016752663703963        1.0363045749605020E-002  0.44396582685014563        5.1899397822582714E-003
   6.0066011480696169        1.1048659483952113E-002  0.44396582685014563        5.5421303153998852E-003
   6.2187653902530293        1.1783859815427112E-002  0.44396582685014563        5.9184302727460338E-003
   6.4384236651766908        1.2573777037754166E-002  0.44396582685014563        6.3205152857296852E-003
   6.6658406759127811        1.3424307254062094E-002  0.44396582685014563        6.7501904870614360E-003
   6.9012904753346884        1.4342222801719498E-002  0.44396582685014563        7.2094031985563923E-003
   7.1450567963692624        1.5335289987624588E-002  0.44396582685014563        7.7002570684018236E-003
   7.3974330131920443        1.6412390109112673E-002  0.44396582685014563        8.2250269973751164E-003
   7.6587243988323896        1.7583652307039937E-002  0.44396582685014563        8.7861806378014429E-003
   7.9292442763577622        1.8860557576308074E-002  0.44396582685014563        9.3863888151177743E-003
   8.2093202460023029        2.0256081805637691E-002  0.44396582685014563        1.0028559640165080E-002
   8.4992881560440416        2.1784771281665213E-002  0.44396582685014563        1.0715847961406852E-002
   8.7994991583321234        2.3462867165784558E-002  0.44396582685014563        1.1451696831804534E-002
   9.1103132457223861        2.5308341628892103E-002  0.44396582685014563        1.2239850010418402E-002
   9.4321068148357909        2.7340989177755896E-002  0.44396582685014563        1.3084401208403705E-002
   9.7652657388916850        2.9582411000154900E-002  0.44396582685014563        1.3989810192006518E-002
   10.110193474162946        3.2056069079761523E-002  0.44396582685014563        1.4960961106622806E-002
   10.467303634806061        3.4787217307363359E-002  0.44396582685014563        1.6003182798431621E-002
   10.837027566606025        3.7802918312690038E-002  0.44396582685014563        1.7122314287805803E-002
   11.219811965471335        4.1131980210158139E-002  0.44396582685014563        1.8324747205096439E-002
   11.616115840724994        4.4804872315991291E-002  0.44396582685014563        1.9617468699946728E-002
   12.026419117330413        4.8853747375703506E-002  0.44396582685014563        2.1008146672234246E-002
   12.451213803399156        5.3312313313573209E-002  0.44396582685014563        2.2505163947703601E-002
   12.891014326336300        5.8215904763306778E-002  0.44396582685014563        2.4117722123434375E-002
   13.346348065368609        6.3601373247376788E-002  0.44396582685014563        2.5855882923703010E-002
   13.817766430769083        6.9507225807878284E-002  0.44396582685014563        2.7730690351757112E-002
   14.305834715756038        7.5973545457305558E-002  0.44396582685014563        2.9754220363289178E-002
   14.811143972217785        8.3042206339969366E-002  0.44396582685014563        3.1939724448574708E-002
   15.334300133051286        9.0756815766972934E-002  0.44396582685014563        3.4301688876389409E-002
   15.875936741648431        9.9162992537143946E-002  0.44396582685014563        3.6856003308823264E-002
   16.436703292225193       0.10830829656422442       0.44396582685014563        3.9620030928633296E-002
   17.017278874447534       0.11824253146009256       0.44396582685014563        4.2612806162492842E-002
   17.618359675531394       0.12901760158364747       0.44396582685014563        4.5855116951769651E-002
   18.240671728221173       0.14068773948133198       0.44396582685014563        4.9369725216231501E-002
   18.884968846184627       0.15330942560051752       0.44396582685014563        5.3181528279885884E-002
   19.552019805756849       0.16694097513662551       0.44396582685014563        5.7317661127755833E-002
   20.242632201214423       0.18164273187060517       0.44390929314744243        6.1807821837855513E-002
   20.957638264717446       0.19747637731588172       0.44377393943339571        6.6684408729848113E-002
   21.697899624358065       0.21450443994952445       0.44367140556777679        7.1982793890826124E-002
   22.464312967141105       0.23278966045120045       0.44359373316871525        7.7741557038784728E-002
   23.257792778673313       0.25239360560242374       0.44353489475936214        8.4002621307188885E-002
   24.079299719823517       0.27337616952136901       0.44349032317445714        9.0811726899703529E-002
   24.929823759061236       0.29579379834360481       0.44345655907031523        9.8218577533141699E-002
   25.810395145829254       0.31969820560234313       0.44343098177490126       0.10627721126614426     
   26.722064579292049       0.34513410139052247       0.44341160645759559       0.11504609801483988     
   27.665935811728254       0.37213822755827070       0.44339692916414314       0.12458871702477101     
   28.643146268414043       0.40073691643316817       0.44338581074271594       0.13497365260747290     
   29.654879655490589       0.43094452303185959       0.44337738821362466       0.14627497432976874     
   30.702343174827575       0.46249110920208880       0.42327967875342454       0.15844421045184137     
   31.786804983723918       0.49553676358173271       0.39932125137866453       0.17164826845568140     
   32.909571928103169       0.53018189967223961       0.38117213600206945       0.18604156397975666     
   34.072004028335677       0.56636644736423170       0.36742365081979139       0.20171734769671418     
   35.275488300232773       0.60401223606516152       0.35700889591439222       0.21877518664598988     
   36.521481794408061       0.64302361342556025       0.34911945536638006       0.23732115455825334     
   37.811486012809581       0.68328646340246868       0.34314300438639916       0.25746694368598083     
   39.147055493126302       0.72466884069952320       0.33861569144212483       0.27932922739242755     
   40.529808025860810       0.76702220784700914       0.33518611960689515       0.30302883258105395     
   41.961393513511240       0.81018195109448088       0.33258814974906531       0.32868890026499564     
   43.443545167355794       0.85397092459274948       0.33062012179977063       0.35643412597728646     
   44.978049075047366       0.89820094299187792       0.32912929079665842       0.38638823535812111     
   46.566763998623138       0.94267617563580630       0.32799994275240063       0.41867194517265605     
   48.211585595230147       0.98719527888444714       0.32714443882393851       0.45339940150050356     
   49.914505239722644        1.0315563849394562       0.32649637293631090       0.49067614585866404     
   51.677575059319224        1.0755595676408596       0.32600544661705771       0.53059482051733675     
   53.502930680545909        1.1190108961588103       0.32563355558623941       0.57323177898204902     
   55.392750120602578        1.1617248539614433       0.32535184062738076       0.61864203894040104     
   57.349321371645829        1.2035291465312214       0.32513843441287194       0.66685674039373299     
   59.375002227322796        1.2442666472337869       0.32497677380182077       0.71787823442418597     
   61.472246417894510        1.2837985073223950       0.32485431116551916       0.77167709106179372     
   63.643556378429672        1.3220054123206790       0.32476154324779871       0.82818782112753986     
   65.891560899834928        1.3587906855778309       0.32469126920119329       0.88730860990633309     
   68.218968971510208        1.3940805026174632       0.32463803483151260       0.94889888160217684     
   70.628585269218178        1.4237439987802984       0.32399789314778554        1.0103034311521193     
   73.123328588587739        1.4415196987510321       0.32200556482614739        1.0671429515393009     
   75.706175661273647        1.4596908796000574       0.32049633592668408        1.1264156590666670     
   78.380253523498894        1.4779055099796494       0.31935305682085641        1.1876328914532424     
   81.148784610322849        1.4959059069695142       0.31848699394975177        1.2503194643727400     
   84.015122474940881        1.5135132412864376       0.31783092602009161        1.3140149598753161     
   86.982687236203873        1.5306134676775873       0.31733394132700604        1.3782740895706993     
   90.055071705548812        1.5471459324840371       0.31695746283807519        1.4426715601507680     
   93.235978303002270        1.5630922622286196       0.31667227085007332        1.5068033213655792     
   96.529260096906100        1.5784669813437437       0.31645622958636394        1.5702897676093199     
   99.938826062156153        1.5933084539073417       0.31629257481245970        1.6327756824755972     
   103.46886588546354        1.6076721297000338       0.31616860069747282        1.6939353294685373     
   107.12359379692580        1.6216224885051538       0.31607468732094779        1.7534677648777526     
   110.90736836557576        1.6352274977515346       0.31600354640954087        1.8110985614632618     
   114.82483910697920        1.6485537948268347       0.31594965472449760        1.8665806720303193     
   118.88068277378797        1.6616612631263628       0.31590883047574675        1.9196889901344076     
   123.07973629915718        1.6745999050284770       0.31587790544279487        1.9702212575407019     
   127.42715949490271        1.6874075057866109       0.31585447866764033        2.0179987947994786     
   131.92808807993632        1.7001066091245938       0.31583673250412769        2.0628619688383818     
   136.58805281121437        1.7127045859909360       0.31582328917544600        2.1046749181216255     
   141.41261684513370        1.7251921921577384       0.31581310553034980        2.1433225471243258     
   146.40753387824964        1.7375443428768167       0.31580539125342350        2.1787135779255404     
   151.57894168226974        1.6929318797277009       0.31151088601226773        2.1454694981578628     
   156.93294936957258        1.5450842272691154       0.29960556846022796        1.9839260120639599     
   162.47613596373097        1.4324925448613703       0.29058688130588972        1.8538251030254151     
   168.21511902855468        1.3466006934984176       0.28375500868016418        1.7491161881411015     
   174.15674278185460        1.2809201889132995       0.27857975395931078        1.6648563045853624     
   180.30830831190286        1.2305217949686400       0.27465932066827320        1.5969609402045302     
   186.67715947709803        1.1916582665067634       0.27168949807395748        1.5420497978375645     
   193.27089166569760        1.1614740367086089       0.26943980911701548        1.4973334440273407     
   200.09760727912413        1.1377883978604348       0.26773559242489042        1.4605279268618809     
   207.16537088595135        1.1189347192607471       0.26644462053995543        1.4297854770107414     
   214.48286737908427        1.1036350279217120       0.26546666497477278        1.4036247086225120     
   222.05883252794877        1.0909087186414770       0.26472584009188177        1.3808728551411260     
   229.90230130529540        1.0800013538020934       0.26416465318419891        1.3606102651852552     
   238.02291179328489        1.0703310810058835       0.26373953481726981        1.3421225619287638     
   246.43025707061713        1.0614490472563416       0.26341750073439107        1.3248620584099380     
   255.13466811288930        1.0530077546031555       0.26317354885038458        1.3084125405224156     
   264.14653641505117        1.0447385208381337       0.26298874942561001        1.2924634378446624     
   273.47660938458705        1.0364334721984698       0.26284876085324282        1.2767871824360761     
   283.13635184814427        1.0279318553015930       0.26274271469917293        1.2612211175394712     
   293.13729579387660        1.0191104790799825       0.26266238218462329        1.2456546632402938     
   303.49136818478553        1.0098757656405815       0.26260152899722644        1.2300176932189064     
   314.21129214162710        1.0001576122843567       0.26255543061664299        1.2142711752047541     
   325.30973137660959       0.98990579670519918       0.26252051034297802        1.1984014225877000     
   336.80032369109853       0.97908573845298641       0.26249405703569295        1.1824129038733229     
   348.69678677735646       0.96767680939026124       0.26247401801861603        1.1663249085801786     
   361.01330816366544       0.95567005189220999       0.26245883813699150        1.1501671575779964     
   373.76502243504467       0.93941253921496870       0.25902306381835183        1.1280761642868486     
   386.96715283564077       0.91177655156884774       0.24544768902164443        1.0886869220661124     
   400.63544401132759       0.88712226980135878       0.23516412163787045        1.0552357003619255     
   414.78669160661980       0.86461245033945033       0.22737396596504650        1.0263273521608012     
   429.43761284149554       0.84362578032904345       0.22147279623741525        1.0009156230411722     
   444.60621081975989       0.82370341747071951       0.21700245738374546       0.97821450104471896     
   460.31059410826708       0.80451172478400568       0.21361606808789130       0.95763618104306136     
   476.56949149896485       0.78581170274280610       0.21105082307380518       0.93874162226059721     
   493.40288198244309       0.76743562274866417       0.20910756182477602       0.92120324929941888     
   510.83065126063684       0.74927117107486274       0.20763550979690024       0.90477847602566219     
   528.87421463804299       0.73124635982255159       0.20652037980088880       0.88928667132521366     
   547.55511287104378       0.71332079109445246       0.20567564198445282       0.87459432140856519     
   566.89562449487210       0.69547710626575909       0.20503573933815136       0.86060212941791070     
   586.91951519858117       0.67771425521364481       0.20455099109426822       0.84723535119454041     
   607.65068989177485       0.66004404198017907       0.20418378263021097       0.83443793239412101     
   629.11387223602765       0.64248682015298531       0.20390561624139550       0.82216691351715854     
   651.33543626567803       0.62506802768782743       0.20369489564308993       0.81038830835797404     
   674.34163286578985       0.60781743158486312       0.20353527135983626       0.79907540286381928     
   698.16073213207346       0.59076576583810181       0.20341435048001910       0.78820567954846954     
   722.82116976782140       0.55371929475048265       0.18315321178284827       0.73980336713971828     
   748.35235540965130       0.51630145196320765       0.16227252334269257       0.69057488505810916     
   774.78566186873422       0.48424167096560455       0.14645468431523179       0.65126297667332345     
   802.15264573967897       0.45633786512706614       0.13447229047004022       0.61957997683669119     
   830.48594444209971       0.43168433615960283       0.12539543208703430       0.59377478031871722     
   859.82037403360118       0.40959824508805176       0.11851939994906444       0.57250730111089509     
   890.19058800385733       0.38956645577810151       0.11331069367887335       0.55475441949974524     
   921.63390537915473       0.37120172582831773       0.10936491968969962       0.53973393818628757     
   954.18786380243341       0.35421292666794574       0.10637590090651974       0.52684920548841074     
   987.89128659474920       0.33838045318656634       0.10411167052404471       0.51564456457573482     
   1022.7855886411724       0.32353776622817487       0.10239643820238419       0.50577146647842675     
   1058.9119914466876       0.30955912618039211       0.10109712179876620       0.49696364850278590     
   1096.3148872627712       0.29634797048886358       0.10011284497393522       0.48901656250227021     
   1135.0389283928459       0.28383042485173415        9.9367231584688617E-002  0.48177320516264283     
   1175.1302964981960       0.27194900726520049        9.8802417305496659E-002  0.47511242275753957     
   1216.6382559936744       0.26065792923237124        9.8374551079999706E-002  0.46894011180960987     
   1259.6123598874483       0.24992072142684674        9.8050432114187777E-002  0.46318318023892807     
   1304.1038583964914       0.23970738818324733        9.7804906721688456E-002  0.45778436351852564     
   1350.1674228314519       0.22999230345273802        9.7618912799752502E-002  0.45269833264659448     
   1397.8574692241625       0.18358972871058052        7.9172086120572652E-002  0.37597827771626180     
   1447.2325992722181       0.14528472003403373        6.2928822441995408E-002  0.31140784793012277     
   1498.3517579647787       0.11661671492072967        5.0624159182360594E-002  0.26267816629573704     
   1551.2759091786245        8.4849893517370364E-002   3.8430675765531719E-002  0.19789039717377999     
   1606.0700862978565        6.1547017056149469E-002   2.9112162031743407E-002  0.14852918591134220     
   1662.7990190437411        4.4665046038520728E-002   2.2053236194846917E-002  0.11151473248748534     
   1721.5324161293761        3.2431032643098996E-002   1.6705857303828935E-002   8.3749264846668725E-002
   1782.3403946248577        2.3562342638119019E-002   1.2655089066751522E-002   6.2915507218535310E-002
   1845.2954731357936        1.7130644363254361E-002   9.5865661901574171E-003   4.7278340508158989E-002
   1910.4750110852074        1.2463922898272969E-002   7.2620546658772401E-003   3.5537779262236210E-002
   1977.9568210713478        9.0760146585469569E-003   5.5011812284085013E-003   2.6720357229055681E-002
   2047.8213808026539        6.6149852160287967E-003   4.1672909366355674E-003   2.0096422261403783E-002
   2120.1545400970977        4.8259756706498340E-003   3.1568232034462642E-003   1.5118759806015597E-002
   2195.0417479108573        3.5245206143446491E-003   2.3913774475101883E-003   1.1377242633197908E-002
   2272.5750259096239        2.5769356601175880E-003   1.8115259839748578E-003   8.5640294458467301E-003
   2352.8469348264384        1.8863867628207984E-003   1.3722745416173336E-003   6.4482372768475283E-003
   2435.9532056335870        1.3826645906949825E-003   1.0395344240480633E-003   4.8565430636629825E-003
   2521.9959596104222        1.0148284490199210E-003   7.8747235086625987E-004   3.6587635257446850E-003
   2611.0779162676686        7.4592290811688930E-004   5.9652926255587292E-004   2.7571754309606324E-003
   2703.3053132971791        5.4910684117744687E-004   4.5188676505503129E-004   2.0783551657616531E-003
   2798.7914800504532        4.0486759444612942E-004   3.4231510277218339E-004   1.5671071481455007E-003
   2897.6492167059700        2.9902033830264154E-004   2.5931278502320734E-004   1.1819675761391092E-003
   3000.0000000000000        2.2123427783439875E-004   1.9643567707620273E-004   8.9174215038953703E-004
