         200   4370.0000000000000     
   3.0000000000000000        3.1278649682471692E-003   2.8660741716252068E-002   1.3807281328835264E-002
   3.1059655287322618        3.3031906741866576E-003   2.8660741716252068E-002   1.4063068813980591E-002
   3.2156739552243598        3.4852149357668229E-003   2.8660741716252068E-002   1.4314476663875293E-002
   3.3292574962321346        3.6739184618359683E-003   2.8660741716252068E-002   1.4561056058943499E-002
   3.4468529954360925        3.8692540583634451E-003   2.8660741716252068E-002   1.4802394201769859E-002
   3.5686022069563790        4.0711452197564673E-003   2.8660741716252068E-002   1.5038117899463981E-002
   3.6946518254059528        4.2794845436099896E-003   2.8660741716252068E-002   1.5267895661864667E-002
   3.8251536998800524        4.4941327278105701E-003   2.8660741716252068E-002   1.5491439257285322E-002
   3.9602651907155879        4.7149180978793810E-003   2.8660741716252068E-002   1.5708504558469720E-002
   4.1001490688558144        4.9416356933804396E-003   2.8660741716252068E-002   1.5918890769779245E-002
   4.2449739038313119        5.1740474745723773E-003   2.8660741716252068E-002   1.6122439721570576E-002
   4.3949142193596993        5.4118824596930230E-003   2.8660741716252068E-002   1.6319034067922806E-002
   4.5501507036585132        5.6548372583827269E-003   2.8660741716252068E-002   1.6508594983142184E-002
   4.7108703059600501        5.9025767263293158E-003   2.8660741716252068E-002   1.6691079239489155E-002
   4.8772669425686850        6.1547358365318331E-003   2.8660741716252068E-002   1.6866476569991799E-002
   5.0495410155906377        6.4109199884491439E-003   2.8660741716252068E-002   1.7034805404770856E-002
   5.2279001269311909        6.6707074147347644E-003   2.8660741716252068E-002   1.7196109791263479E-002
   5.4125592113782046        6.9336509244190660E-003   2.8660741716252068E-002   1.7350455559200232E-002
   5.6037407956130689        7.1992800644073655E-003   2.8660741716252068E-002   1.7497926652473957E-002
   5.8016752663703963        7.4671035045406342E-003   2.8660741716252068E-002   1.7638621584514905E-002
   6.0066011480696169        7.7366116334556256E-003   2.8660741716252068E-002   1.7772650104039774E-002
   6.2187653902530293        8.0072793518551847E-003   2.8660741716252068E-002   1.7900130148085797E-002
   6.4384236651766908        8.2785690483726301E-003   2.8660741716252068E-002   1.8021185147071909E-002
   6.6658406759127811        8.5499337409786057E-003   2.8660741716252068E-002   1.8135941732512918E-002
   6.9012904753346884        8.8208203639217227E-003   2.8660741716252068E-002   1.8244527882385980E-002
   7.1450567963692624        9.0906731766743059E-003   2.8660741716252068E-002   1.8347071522568880E-002
   7.3974330131920443        9.3589368711975013E-003   2.8660741716252068E-002   1.8443699446970691E-002
   7.6587243988323896        9.6250621202559668E-003   2.8660741716252068E-002   1.8534537514099409E-002
   7.9292442763577622        9.8885048211357351E-003   2.8660741716252068E-002   1.8619709049952853E-002
   8.2093202460023029        1.0148735585107259E-002   2.8660741716252068E-002   1.8699337131612207E-002
   8.4992881560440416        1.0405237028715261E-002   2.8660741716252068E-002   1.8773543162680286E-002
   8.7994991583321234        1.0657513379512233E-002   2.8660741716252068E-002   1.8842449612608291E-002
   9.1103132457223861        1.0905087700143904E-002   2.8660741716252068E-002   1.8906179285814197E-002
   9.4321068148357909        1.1147510988283392E-002   2.8660741716252068E-002   1.8964858101061962E-002
   9.7652657388916850        1.1384359210215968E-002   2.8660741716252068E-002   1.9018614763022135E-002
   10.110193474162946        1.1615241686889237E-002   2.8660741716252068E-002   1.9067583317389149E-002
   10.467303634806061        1.1839797828112879E-002   2.8660741716252068E-002   1.9111902951689529E-002
   10.837027566606025        1.2057703993763760E-002   2.8660741716252068E-002   1.9151719990722526E-002
   11.219811965471335        1.2268673030987774E-002   2.8660741716252068E-002   1.9187188168649588E-002
   11.616115840724994        1.2472453804119319E-002   2.8660741716252068E-002   1.9218468935589123E-002
   12.026419117330413        1.2668836467603445E-002   2.8660741716252068E-002   1.9245732500715429E-002
   12.451213803399156        1.2857648208347503E-002   2.8660741716252068E-002   1.9269157193815480E-002
   12.891014326336300        1.3038758106695770E-002   2.8660741716252068E-002   1.9288929991992516E-002
   13.346348065368609        1.3212072505453747E-002   2.8660741716252068E-002   1.9305245623092795E-002
   13.817766430769083        1.3377538809305003E-002   2.8660741716252068E-002   1.9318306504195443E-002
   14.305834715756038        1.3535140557411096E-002   2.8660741716252068E-002   1.9328321650673906E-002
   14.811143972217785        1.3684900235756485E-002   2.8660741716252068E-002   1.9335506151718682E-002
   15.334300133051286        1.3826874157153531E-002   2.8660741716252068E-002   1.9340079990903498E-002
   15.875936741648431        1.3961154395527316E-002   2.8660741716252068E-002   1.9342267214616092E-002
   16.436703292225193        1.4087863590828198E-002   2.8660741716252068E-002   1.9342294784277885E-002
   17.017278874447534        1.4207156136602166E-002   2.8660741716252068E-002   1.9340391597436234E-002
   17.618359675531394        1.4319213032599492E-002   2.8660741716252068E-002   1.9336787483057127E-002
   18.240671728221173        1.4424242172070641E-002   2.8660741716252068E-002   1.9331712236372353E-002
   18.884968846184627        1.4522475156649887E-002   2.8660741716252068E-002   1.9325394740545013E-002
   19.552019805756849        1.4614163030257959E-002   2.8660741716252068E-002   1.9318062371540896E-002
   20.242632201214423        1.4699577441883199E-002   2.8660127121114053E-002   1.9309938760017364E-002
   20.957638264717446        1.4779005997968055E-002   2.8658655649574257E-002   1.9301244978966205E-002
   21.697899624358065        1.4852750679823759E-002   2.8657540972624410E-002   1.9292202788066433E-002
   22.464312967141105        1.4921126183187925E-002   2.8656696572266056E-002   1.9283028012248897E-002
   23.257792778673313        1.4984456450378009E-002   2.8656056921958571E-002   1.9273933336924041E-002
   24.079299719823517        1.5043075428574127E-002   2.8655572370654352E-002   1.9265128107271809E-002
   24.929823759061236        1.5097323978772404E-002   2.8655205310772321E-002   1.9256818828506325E-002
   25.810395145829254        1.5147549393748287E-002   2.8654927252186848E-002   1.9249209496429626E-002
   26.722064579292049        1.5194103296516570E-002   2.8654716617198438E-002   1.9242502333366055E-002
   27.665935811728254        1.5237342739123796E-002   2.8654557055861320E-002   1.9236898188444547E-002
   28.643146268414043        1.5277628534218830E-002   2.8654436184108276E-002   1.9232597486792652E-002
   29.654879655490589        1.5315325523976011E-002   2.8654344620223690E-002   1.9229800996399499E-002
   30.702343174827575        1.5322488436546756E-002   2.5406494315616562E-002   1.9186314996245270E-002
   31.786804983723918        1.5317897738929333E-002   2.1534322320262218E-002   1.9129935680925372E-002
   32.909571928103169        1.5315889624557976E-002   1.8601053988312296E-002   1.9081859563326167E-002
   34.072004028335677        1.5315856237761398E-002   1.6379017522035372E-002   1.9040880986937122E-002
   35.275488300232773        1.5317363021557283E-002   1.4695780068576610E-002   1.9006034842972745E-002
   36.521481794408061        1.5320115568464765E-002   1.3420685077107643E-002   1.8976554527902156E-002
   37.811486012809581        1.5323932450706370E-002   1.2454768334981816E-002   1.8951838462346601E-002
   39.147055493126302        1.5328722818002478E-002   1.1723061945292169E-002   1.8931420619453489E-002
   40.529808025860810        1.5334467856626120E-002   1.1168772975957609E-002   1.8914945721295942E-002
   41.961393513511240        1.5341205112569525E-002   1.0748887898740024E-002   1.8902148655470932E-002
   43.443545167355794        1.5349015581124500E-002   1.0430814321032636E-002   1.8892836056661377E-002
   44.978049075047366        1.5358012386619784E-002   1.0189865532125942E-002   1.8886871432613757E-002
   46.566763998623138        1.5368331221808501E-002   1.0007339784438869E-002   1.8884161825287096E-002
   48.211585595230147        1.5380121663369556E-002   9.8690728480540519E-003   1.8884646289781412E-002
   49.914505239722644        1.5393540093689293E-002   9.7643321427496842E-003   1.8888285558848465E-002
   51.677575059319224        1.5408742829713072E-002   9.6849884063908535E-003   1.8895052951754726E-002
   53.502930680545909        1.5425880330592100E-002   9.6248832078177620E-003   1.8904926109824593E-002
   55.392750120602578        1.5445091410481173E-002   9.5793523072581991E-003   1.8917879164633153E-002
   57.349321371645829        1.5466499009854716E-002   9.5448614972175310E-003   1.8933876149426824E-002
   59.375002227322796        1.5490205469326087E-002   9.5187338352859460E-003   1.8952864440462455E-002
   61.472246417894510        1.5516288957582818E-002   9.4989413679695042E-003   1.8974769200073422E-002
   63.643556378429672        1.5544799528386062E-002   9.4839481746582851E-003   1.8999487731743515E-002
   65.891560899834928        1.5575757290491789E-002   9.4725904510893789E-003   1.9026885862761161E-002
   68.218968971510208        1.5609149641924126E-002   9.4639866879022636E-003   1.9056793856977252E-002
   70.628585269218178        1.5599749513095982E-002   9.4454423094758946E-003   1.9024629554070176E-002
   73.123328588587739        1.5477920302559194E-002   9.4011696953436915E-003   1.8830503545785859E-002
   75.706175661273647        1.5379296239495788E-002   9.3676322969252473E-003   1.8668179512245222E-002
   78.380253523498894        1.5299641426051268E-002   9.3422268684383754E-003   1.8532381099597844E-002
   81.148784610322849        1.5235501754856873E-002   9.3229816130805318E-003   1.8418607605237388E-002
   84.015122474940881        1.5184058641030916E-002   9.3084027698351873E-003   1.8323041521777720E-002
   86.982687236203873        1.5143012799578932E-002   9.2973590019443247E-003   1.8242467129510980E-002
   90.055071705548812        1.5110487500492749E-002   9.2889930681328576E-003   1.8174189593848977E-002
   93.235978303002270        1.5084952968658045E-002   9.2826556614407883E-003   1.8115965891405156E-002
   96.529260096906100        1.5065163578710952E-002   9.2778548907038617E-003   1.8065939012934882E-002
   99.938826062156153        1.5050107663376404E-002   9.2742182287253970E-003   1.8022581266624711E-002
   103.46886588546354        1.5038965090298380E-002   9.2714633323081573E-003   1.7984640100817004E-002
   107.12359379692580        1.5031074663945172E-002   9.2693764319536475E-003   1.7951096946189699E-002
   110.90736836557576        1.5025905632490231E-002   9.2677955709652687E-003   1.7921126999755611E-002
   114.82483910697920        1.5023034764243846E-002   9.2665980144426095E-003   1.7894065533342246E-002
   118.88068277378797        1.5022127720777363E-002   9.2656908365480080E-003   1.7869382087166975E-002
   123.07973629915718        1.5022922959732343E-002   9.2650036345261044E-003   1.7846655648733264E-002
   127.42715949490271        1.5025218644115566E-002   9.2644830553798158E-003   1.7825554052047009E-002
   131.92808807993632        1.5028861411352646E-002   9.2640887082027189E-003   1.7805819062440782E-002
   136.58805281121437        1.5033737185064320E-002   9.2637899766648945E-003   1.7787250300781435E-002
   141.41261684513370        1.5039762931532228E-002   9.2635636803336703E-003   1.7769695151879532E-002
   146.40753387824964        1.5046879913666470E-002   9.2633922571791587E-003   1.7753038173965074E-002
   151.57894168226974        1.4371199420039834E-002   9.0810236410501528E-003   1.7013004655031631E-002
   156.93294936957258        1.2482878191343858E-002   8.5752188666530678E-003   1.4990156839146894E-002
   162.47613596373097        1.1055913894263860E-002   8.1920543688126946E-003   1.3457212629173999E-002
   168.21511902855468        9.9787026697524140E-003   7.9017980378026185E-003   1.2295164805032557E-002
   174.15674278185460        9.1666404743585613E-003   7.6819241423700989E-003   1.1413929559217556E-002
   180.30830831190286        8.5555765830331084E-003   7.5153621109380090E-003   1.0745297893806129E-002
   186.67715947709803        8.0969134397725247E-003   7.3891873624903964E-003   1.0237670779453903E-002
   193.27089166569760        7.7538110825299700E-003   7.2936079367123263E-003   9.8519878304014225E-003
   200.09760727912413        7.4983338269776550E-003   7.2212032372395221E-003   9.5586713885034875E-003
   207.16537088595135        7.3093160399690903E-003   7.1663554988101608E-003   9.3353466431792022E-003
   214.48286737908427        7.1706994714191901E-003   7.1248064521883293E-003   9.1650649731312289E-003
   222.05883252794877        7.0703102611931754E-003   7.0933320491645829E-003   9.0350021366529115E-003
   229.90230130529540        6.9989098514224666E-003   7.0694896765446111E-003   8.9354471473069158E-003
   238.02291179328489        6.9494821145007282E-003   7.0514282599770505E-003   8.8590433680020494E-003
   246.43025707061713        6.9166989264250415E-003   7.0377464429295837E-003   8.8002227513624583E-003
   255.13466811288930        6.8965064204169714E-003   7.0273819963606824E-003   8.7547643987848159E-003
   264.14653641505117        6.8858187141175413E-003   7.0195306785820703E-003   8.7194716610421424E-003
   273.47660938458705        6.8822818905490760E-003   7.0135831775636958E-003   8.6919210082836776E-003
   283.13635184814427        6.8840970412217227E-003   7.0090777411652037E-003   8.6702735689099947E-003
   293.13729579387660        6.8898863128048927E-003   7.0056647646342517E-003   8.6531347691575465E-003
   303.49136818478553        6.8985911023744630E-003   7.0030793793567879E-003   8.6394454402160276E-003
   314.21129214162710        6.9093958958459968E-003   7.0011208611661527E-003   8.6284001074013565E-003
   325.30973137660959        6.9216695492049134E-003   6.9996372517566801E-003   8.6193863986917200E-003
   336.80032369109853        6.9349225391386118E-003   6.9985133666469650E-003   8.6119373101748858E-003
   348.69678677735646        6.9487729830929193E-003   6.9976619966211117E-003   8.6056967085793735E-003
   361.01330816366544        6.9629221369481688E-003   6.9970170699682260E-003   8.6003922089502235E-003
   373.76502243504467        6.9534835653478682E-003   6.9655529526745667E-003   8.5541188252886355E-003
   386.96715283564077        6.8733327830911182E-003   6.8424605191472407E-003   8.3850471565656681E-003
   400.63544401132759        6.8150213486629901E-003   6.7492159970941506E-003   8.2566340094778097E-003
   414.78669160661980        6.7731848184728136E-003   6.6785800674285427E-003   8.1590047841342099E-003
   429.43761284149554        6.7437329787944514E-003   6.6250722009195545E-003   8.0846876066818629E-003
   444.60621081975989        6.7235451566143847E-003   6.5845381533200945E-003   8.0280207354218522E-003
   460.31059410826708        6.7102436240214936E-003   6.5538326364898208E-003   7.9847182661517985E-003
   476.56949149896485        6.7020169663475895E-003   6.5305727076771019E-003   7.9515327675655917E-003
   493.40288198244309        6.6974863520548556E-003   6.5129525123083232E-003   7.9260019882809955E-003
   510.83065126063684        6.6956038794815887E-003   6.4996049275010109E-003   7.9062599559589844E-003
   528.87421463804299        6.6955739712453669E-003   6.4894936733394283E-003   7.8908895163236469E-003
   547.55511287104378        6.6967938937830748E-003   6.4818341549044136E-003   7.8788144164921008E-003
   566.89562449487210        6.6988079332151763E-003   6.4760319450108796E-003   7.8692153255170132E-003
   586.91951519858117        6.7012725609032200E-003   6.4716365716321611E-003   7.8614667572916071E-003
   607.65068989177485        6.7039294894893795E-003   6.4683069704882046E-003   7.8550901194842909E-003
   629.11387223602765        6.7065851906825541E-003   6.4657847434235732E-003   7.8497172689675036E-003
   651.33543626567803        6.7090952414892626E-003   6.4638740697495010E-003   7.8450631653387524E-003
   674.34163286578985        6.7113520142006930E-003   6.4624267033400939E-003   7.8409057479877243E-003
   698.16073213207346        6.7132756320889267E-003   6.4613302735483736E-003   7.8370700182129310E-003
   722.82116976782140        6.5899611769919975E-003   6.3356892175775482E-003   7.5976350865791832E-003
   748.35235540965130        6.4622435826797147E-003   6.2062782984870155E-003   7.3507690756934810E-003
   774.78566186873422        6.3652937869076763E-003   6.1082450802606878E-003   7.1628692813777862E-003
   802.15264573967897        6.2915121691503265E-003   6.0339825575064770E-003   7.0195586477477794E-003
   830.48594444209971        6.2351408597558179E-003   5.9777274877004152E-003   6.9099393648870766E-003
   859.82037403360118        6.1918157937837651E-003   5.9351123391998854E-003   6.8257479713310963E-003
   890.19058800385733        6.1582323667307816E-003   5.9028306705360490E-003   6.7607249901932088E-003
   921.63390537915473        6.1318847816648724E-003   5.8783761972112840E-003   6.7101229908376730E-003
   954.18786380243341        6.1108751306126231E-003   5.8598513449767131E-003   6.6703464746740880E-003
   987.89128659474920        6.0937651158663817E-003   5.8458184678678643E-003   6.6386718005045486E-003
   1022.7855886411724        6.0794647288500009E-003   5.8351880812387959E-003   6.6130368447602384E-003
   1058.9119914466876        6.0671496938490615E-003   5.8271353903295176E-003   6.5918846418466437E-003
   1096.3148872627712        6.0561967110492471E-003   5.8210352002468968E-003   6.5740406529812122E-003
   1135.0389283928459        6.0461367386650498E-003   5.8164141594097985E-003   6.5586236455279145E-003
   1175.1302964981960        6.0366184620991512E-003   5.8129136457559872E-003   6.5449758461272600E-003
   1216.6382559936744        6.0273808513324990E-003   5.8102618863732584E-003   6.5326102870071068E-003
   1259.6123598874483        6.0182333874817156E-003   5.8082531148051786E-003   6.5211720349133773E-003
   1304.1038583964914        6.0090403208378183E-003   5.8067314376442792E-003   6.5104073890211176E-003
   1350.1674228314519        5.9997087386141467E-003   5.8055787149046967E-003   6.5001404061146763E-003
   1397.8574692241625        5.0784083122138914E-003   4.9174822266234951E-003   5.4926183624316597E-003
   1447.2325992722181        4.3011427577507996E-003   4.1683383077944901E-003   4.6415428895434123E-003
   1498.3517579647787        3.7114639616520938E-003   3.6008437551848884E-003   3.9962532696752803E-003
   1551.2759091786245        2.8186413079837607E-003   2.7399675968544433E-003   3.0359723737179794E-003
   1606.0700862978565        2.1308701239580873E-003   2.0755914136928867E-003   2.2963417206661317E-003
   1662.7990190437411        1.6108600102356749E-003   1.5723156404616988E-003   1.7369811567338397E-003
   1721.5324161293761        1.2177139246785900E-003   1.1910669479098619E-003   1.3139431540267407E-003
   1782.3403946248577        9.2050702216419896E-004   9.0226188552493388E-004   9.9400389602673374E-004
   1845.2954731357936        6.9584309545780076E-004   6.8348734969917368E-004   7.5203240365059171E-004
   1910.4750110852074        5.2601950018446337E-004   5.1775812094710617E-004   5.6901568720999895E-004
   1977.9568210713478        3.9765555134267183E-004   3.9221424057763013E-004   4.3058339699076671E-004
   2047.8213808026539        3.0063209539247778E-004   2.9711270763777697E-004   3.2586767936855255E-004
   2120.1545400970977        2.2729544423385632E-004   2.2507002841201074E-004   2.4664764875908135E-004
   2195.0417479108573        1.7186315878949009E-004   1.7049652621261205E-004   1.8671110997914224E-004
   2272.5750259096239        1.2996159728220853E-004   1.2915522295870498E-004   1.4135793854902175E-004
   2352.8469348264384        9.8286738187331222E-005   9.7838190537156291E-005   1.0703604597284497E-004
   2435.9532056335870        7.4341166902611535E-005   7.4115028709983031E-005   8.1059129114931675E-005
   2521.9959596104222        5.6236777772042261E-005   5.6143918414453674E-005   6.1395000822158657E-005
   2611.0779162676686        4.2547473149511193E-005   4.2530369748129935E-005   4.6507612082725352E-005
   2703.3053132971791        3.2195439768458329E-005   3.2217885036740828E-005   3.5235066393482445E-005
   2798.7914800504532        2.4365878171920549E-005   2.4405823494545623E-005   2.6698158054395293E-005
   2897.6492167059700        1.8443430600243429E-005   1.8488059714290004E-005   2.0232191142757233E-005
   3000.0000000000000        1.3962768267501316E-005   1.4005150295527465E-005   1.5333947562272411E-005
