         200   4370.0000000000000     
   3.0000000000000000        3.9550782533553375E-003   2.8089111796400307E-002   2.0234573380445584E-002
   3.1059655287322618        4.1774108658423842E-003   2.8089111796400307E-002   2.0490850146511544E-002
   3.2156739552243598        4.4085154696007984E-003   2.8089111796400307E-002   2.0737228559189070E-002
   3.3292574962321346        4.6484262353093490E-003   2.8089111796400307E-002   2.0973696174393975E-002
   3.4468529954360925        4.8971450942224435E-003   2.8089111796400307E-002   2.1200309394433698E-002
   3.5686022069563790        5.1546394706284580E-003   2.8089111796400307E-002   2.1417188748231460E-002
   3.6946518254059528        5.4208397196869465E-003   2.8089111796400307E-002   2.1624512693652370E-002
   3.8251536998800524        5.6956372339645187E-003   2.8089111796400307E-002   2.1822511046707606E-002
   3.9602651907155879        5.9788831554979088E-003   2.8089111796400307E-002   2.2011458027195532E-002
   4.1001490688558144        6.2703864487699476E-003   2.8089111796400307E-002   2.2191664283408730E-002
   4.2449739038313119        6.5699133365679820E-003   2.8089111796400307E-002   2.2363469500979331E-002
   4.3949142193596993        6.8771865823179399E-003   2.8089111796400307E-002   2.2527234647721966E-002
   4.5501507036585132        7.1918852235430524E-003   2.8089111796400307E-002   2.2683334443666832E-002
   4.7108703059600501        7.5136444132341950E-003   2.8089111796400307E-002   2.2832149998419524E-002
   4.8772669425686850        7.8420568089742401E-003   2.8089111796400307E-002   2.2974062377182119E-002
   5.0495410155906377        8.1766719181852569E-003   2.8089111796400307E-002   2.3109445551750454E-002
   5.2279001269311909        8.5169981737129152E-003   2.8089111796400307E-002   2.3238661027600464E-002
   5.4125592113782046        8.8625041784620492E-003   2.8089111796400307E-002   2.3362052555235303E-002
   5.6037407956130689        9.2126205468915177E-003   2.8089111796400307E-002   2.3479941662918981E-002
   5.8016752663703963        9.5667421148690618E-003   2.8089111796400307E-002   2.3592623951408060E-002
   6.0066011480696169        9.9242305246073480E-003   2.8089111796400307E-002   2.3700366191852788E-002
   6.2187653902530293        1.0284417188870061E-002   2.8089111796400307E-002   2.3803404254175837E-002
   6.4384236651766908        1.0646606634236193E-002   2.8089111796400307E-002   2.3901941877913373E-002
   6.6658406759127811        1.1010080217034198E-002   2.8089111796400307E-002   2.3996150280920975E-002
   6.9012904753346884        1.1374100197850763E-002   2.8089111796400307E-002   2.4086168583908656E-002
   7.1450567963692624        1.1737914151650120E-002   2.8089111796400307E-002   2.4172105011013998E-002
   7.3974330131920443        1.2100759144078937E-002   2.8089111796400307E-002   2.4254038690638906E-002
   7.6587243988323896        1.2461869389802368E-002   2.8089111796400307E-002   2.4332022812668636E-002
   7.9292442763577622        1.2820475537105627E-002   2.8089111796400307E-002   2.4406086457314048E-002
   8.2093202460023029        1.3175818015403868E-002   2.8089111796400307E-002   2.4476239892011462E-002
   8.4992881560440416        1.3527143950772345E-002   2.8089111796400307E-002   2.4542476736379229E-002
   8.7994991583321234        1.3873721004542707E-002   2.8089111796400307E-002   2.4604779776751046E-002
   9.1103132457223861        1.4214834398407816E-002   2.8089111796400307E-002   2.4663123654172156E-002
   9.4321068148357909        1.4549800326965370E-002   2.8089111796400307E-002   2.4717480591279026E-002
   9.7652657388916850        1.4877962849219360E-002   2.8089111796400307E-002   2.4767823134242570E-002
   10.110193474162946        1.5198706498702126E-002   2.8089111796400307E-002   2.4814129338601380E-002
   10.467303634806061        1.5511452809423031E-002   2.8089111796400307E-002   2.4856385149392205E-002
   10.837027566606025        1.5815670897614882E-002   2.8089111796400307E-002   2.4894588564365022E-002
   11.219811965471335        1.6110877879335246E-002   2.8089111796400307E-002   2.4928751875542388E-002
   11.616115840724994        1.6396639215004311E-002   2.8089111796400307E-002   2.4958903617436856E-002
   12.026419117330413        1.6672577065770976E-002   2.8089111796400307E-002   2.4985090909181339E-002
   12.451213803399156        1.6938365241315027E-002   2.8089111796400307E-002   2.5007379858088492E-002
   12.891014326336300        1.7193736878545089E-002   2.8089111796400307E-002   2.5025856768231415E-002
   13.346348065368609        1.7438478697075498E-002   2.8089111796400307E-002   2.5040627689971524E-002
   13.817766430769083        1.7672437045516867E-002   2.8089111796400307E-002   2.5051818472242502E-002
   14.305834715756038        1.7895511546474258E-002   2.8089111796400307E-002   2.5059573607179447E-002
   14.811143972217785        1.8107659582830508E-002   2.8089111796400307E-002   2.5064055338295432E-002
   15.334300133051286        1.8308889470125128E-002   2.8089111796400307E-002   2.5065442023997433E-002
   15.875936741648431        1.8499263521567590E-002   2.8089111796400307E-002   2.5063926572819681E-002
   16.436703292225193        1.8678890920505835E-002   2.8089111796400307E-002   2.5059714578750895E-002
   17.017278874447534        1.8847929549725501E-002   2.8089111796400307E-002   2.5053022369049053E-002
   17.618359675531394        1.9006578757142782E-002   2.8089111796400307E-002   2.5044075153935003E-002
   18.240671728221173        1.9155079745753176E-002   2.8089111796400307E-002   2.5033104987724805E-002
   18.884968846184627        1.9293710967265162E-002   2.8089111796400307E-002   2.5020348922624950E-002
   19.552019805756849        1.9422781941570905E-002   2.8089111796400307E-002   2.5006047592741637E-002
   20.242632201214423        1.9542634682293444E-002   2.8088674580325605E-002   2.4990442211721843E-002
   20.957638264717446        1.9653636879183322E-002   2.8087579023336029E-002   2.4973774490276435E-002
   21.697899624358065        1.9756179379657287E-002   2.8086689447782854E-002   2.4956288257912046E-002
   22.464312967141105        1.9850673528715120E-002   2.8085967122158759E-002   2.4938223865279170E-002
   23.257792778673313        1.9937546015243432E-002   2.8085380608630649E-002   2.4919819811260586E-002
   24.079299719823517        2.0017239564533221E-002   2.8084904368598246E-002   2.4901311747430013E-002
   24.929823759061236        2.0090208324620246E-002   2.8084517668961168E-002   2.4882932819932427E-002
   25.810395145829254        2.0156916868623660E-002   2.8084203673083376E-002   2.4864913628625078E-002
   26.722064579292049        2.0217837067380114E-002   2.8083948714898367E-002   2.4847483057538089E-002
   27.665935811728254        2.0273449241304590E-002   2.8083741692743774E-002   2.4830868241487638E-002
   28.643146268414043        2.0324239656733401E-002   2.8083573593914189E-002   2.4815295773092542E-002
   29.654879655490589        2.0370700590876485E-002   2.8083437099502274E-002   2.4800992408986349E-002
   30.702343174827575        2.0392976130225778E-002   2.5748682341647018E-002   2.4757345775328590E-002
   31.786804983723918        2.0403273880454074E-002   2.2801663776834947E-002   2.4702363184169834E-002
   32.909571928103169        2.0412233869268284E-002   2.0408729684910226E-002   2.4651675029137846E-002
   34.072004028335677        2.0420011626451191E-002   1.8465693362485502E-002   2.4605012835852414E-002
   35.275488300232773        2.0426800817377348E-002   1.6887987891844765E-002   2.4562162343301032E-002
   36.521481794408061        2.0432827431416656E-002   1.5606915131465556E-002   2.4522955826286420E-002
   37.811486012809581        2.0438343819621015E-002   1.4566703604076404E-002   2.4487267529032585E-002
   39.147055493126302        2.0443623160575228E-002   1.3722067721417333E-002   2.4455007922361684E-002
   40.529808025860810        2.0448954006054870E-002   1.3036232618491546E-002   2.4426118256112683E-002
   41.961393513511240        2.0454634707344276E-002   1.2479348641925861E-002   2.4400566044896987E-002
   43.443545167355794        2.0460968168857913E-002   1.2027167353120273E-002   2.4378338918057036E-002
   44.978049075047366        2.0468256307263073E-002   1.1660003048615015E-002   2.4359440224017450E-002
   46.566763998623138        2.0476794764325890E-002   1.1361869647298588E-002   2.4343883666142496E-002
   48.211585595230147        2.0486867413579062E-002   1.1119791466459089E-002   2.4331688544517730E-002
   49.914505239722644        2.0498741528135529E-002   1.0923227678650411E-002   2.4322874095515774E-002
   51.677575059319224        2.0512662674264163E-002   1.0763620883260128E-002   2.4317454797310987E-002
   53.502930680545909        2.0528850243384578E-002   1.0634021910268935E-002   2.4315435242555368E-002
   55.392750120602578        2.0547492809531193E-002   1.0528790213713475E-002   2.4316805254480937E-002
   57.349321371645829        2.0568744907007094E-002   1.0443343682346019E-002   2.4321535080875454E-002
   59.375002227322796        2.0592723385443365E-002   1.0373962403114442E-002   2.4329570985065115E-002
   61.472246417894510        2.0619504978454977E-002   1.0317625562873757E-002   2.4340831174003510E-002
   63.643556378429672        2.0649123613087860E-002   1.0271881209039246E-002   2.4355201844902120E-002
   65.891560899834928        2.0681570027241896E-002   1.0234737491958272E-002   2.4372534500804247E-002
   68.218968971510208        2.0716790565690885E-002   1.0204577360642815E-002   2.4392643330739500E-002
   70.628585269218178        2.0722575780340678E-002   1.0171539795090799E-002   2.4368785547784030E-002
   73.123328588587739        2.0644520752703299E-002   1.0122487941435250E-002   2.4222283976369285E-002
   75.706175661273647        2.0577672888750863E-002   1.0082658846649811E-002   2.4091229219870513E-002
   78.380253523498894        2.0520646128587713E-002   1.0050318229627424E-002   2.3973945034266531E-002
   81.148784610322849        2.0472212863695424E-002   1.0024058142245896E-002   2.3868917855278119E-002
   84.015122474940881        2.0431284268181648E-002   1.0002735238374685E-002   2.3774779910265630E-002
   86.982687236203873        2.0396895352018815E-002   9.9854214796459891E-003   2.3690298393955755E-002
   90.055071705548812        2.0368190236593749E-002   9.9713629718320221E-003   2.3614361012741662E-002
   93.235978303002270        2.0344412047936959E-002   9.9599476780733564E-003   2.3545968566202467E-002
   96.529260096906100        2.0324893203086298E-002   9.9506785843364552E-003   2.3484225354795725E-002
   99.938826062156153        2.0309048006339085E-002   9.9431523112983675E-003   2.3428333052476807E-002
   103.46886588546354        2.0296364725281603E-002   9.9370410197214716E-003   2.3377579664150265E-002
   107.12359379692580        2.0286400893181979E-002   9.9320787503719681E-003   2.3331337094174020E-002
   110.90736836557576        2.0278777241295214E-002   9.9280495113683882E-003   2.3289052438454791E-002
   114.82483910697920        2.0273172636629925E-002   9.9247777918520207E-003   2.3250240513921411E-002
   118.88068277378797        2.0269319945130999E-002   9.9221212088250275E-003   2.3214480865552650E-002
   123.07973629915718        2.0267001131950027E-002   9.9199641296350855E-003   2.3181410281881126E-002
   127.42715949490271        2.0266042785715463E-002   9.9182125934076052E-003   2.3150716124127634E-002
   131.92808807993632        2.0266311766302680E-002   9.9167903896562187E-003   2.3122133498618989E-002
   136.58805281121437        2.0267710549612641E-002   9.9156355681712677E-003   2.3095436992506914E-002
   141.41261684513370        2.0270172621798432E-002   9.9146978719106583E-003   2.3070437964027881E-002
   146.40753387824964        2.0273657757582102E-002   9.9139364859236138E-003   2.3046978509783364E-002
   151.57894168226974        2.0278147504970093E-002   9.9133182447641594E-003   2.3024926058810641E-002
   156.93294936957258        2.0283640194035234E-002   9.9128162483552371E-003   2.3004170920769021E-002
   162.47613596373097        2.0290146775831613E-002   9.9124086300812694E-003   2.2984620174333767E-002
   168.21511902855468        2.0297685962611670E-002   9.9120776506734579E-003   2.2966195797344775E-002
   174.15674278185460        1.8332913409843239E-002   9.3857708333924834E-003   2.0863789008055574E-002
   180.30830831190286        1.5964160192938292E-002   8.7514505694833728E-003   1.8336665672783279E-002
   186.67715947709803        1.4043942551386536E-002   8.2363928335282069E-003   1.6285171623706712E-002
   193.27089166569760        1.2487987801419131E-002   7.8181787921986316E-003   1.4619630145131438E-002
   200.09760727912413        1.1227792128922356E-002   7.4785913316861574E-003   1.3267237060843358E-002
   207.16537088595135        1.0207775634217443E-002   7.2028547795840872E-003   1.2168993599721862E-002
   214.48286737908427        9.3827484732030859E-003   6.9789582427745890E-003   1.1276981970742846E-002
   222.05883252794877        8.7160427455903119E-003   6.7971578969577050E-003   1.0552361136677074E-002
   229.90230130529540        8.1778741293441534E-003   6.6495405483935031E-003   9.9636123917947791E-003
   238.02291179328489        7.7440362129187262E-003   6.5296760876806751E-003   9.4851433387107293E-003
   246.43025707061713        7.3948897696498083E-003   6.4323491337741736E-003   9.0962107471602039E-003
   255.13466811288930        7.1144656743061200E-003   6.3533201920115993E-003   8.7799633283104986E-003
   264.14653641505117        6.8898022956299914E-003   6.2891499768456503E-003   8.5227381830651344E-003
   273.47660938458705        6.7103663478010524E-003   6.2370453618789956E-003   8.3134446499418275E-003
   283.13635184814427        6.5675919139777088E-003   6.1947367061933765E-003   8.1430741010198333E-003
   293.13729579387660        6.4545216787503289E-003   6.1603827660016231E-003   8.0043205242597976E-003
   303.49136818478553        6.3654975966790485E-003   6.1324882230014352E-003   7.8912516677990922E-003
   314.21129214162710        6.2959148660102103E-003   6.1098380102312536E-003   7.7990474022500058E-003
   325.30973137660959        6.2420304503232119E-003   6.0914466021262407E-003   7.7237981278039615E-003
   336.80032369109853        6.2007954504060747E-003   6.0765128816950122E-003   7.6623251588065471E-003
   348.69678677735646        6.1697296501380680E-003   6.0643869436282066E-003   7.6120490539518994E-003
   361.01330816366544        6.1468132755073740E-003   6.0545409842146600E-003   7.5708739942711573E-003
   373.76502243504467        6.1147703426213300E-003   6.0260761950622025E-003   7.5095413373645172E-003
   386.96715283564077        6.0386512554022687E-003   5.9351074155220406E-003   7.3681543499083766E-003
   400.63544401132759        5.9782775073491156E-003   5.8612430343653330E-003   7.2531538576276035E-003
   414.78669160661980        5.9306341985740779E-003   5.8012655703385575E-003   7.1595656289605639E-003
   429.43761284149554        5.8932616749770407E-003   5.7525653647726386E-003   7.0833566142812030E-003
   444.60621081975989        5.8641503182380638E-003   5.7130210704634645E-003   7.0212490758546509E-003
   460.31059410826708        5.8416617469180922E-003   5.6809117467421701E-003   6.9705840246658624E-003
   476.56949149896485        5.8244598627889737E-003   5.6548397763582468E-003   6.9292014871622197E-003
   493.40288198244309        5.8114555426532237E-003   5.6336694823501988E-003   6.8953451772116783E-003
   510.83065126063684        5.8017628582230632E-003   5.6164797313860409E-003   6.8675890256306759E-003
   528.87421463804299        5.7946608544194225E-003   5.6025217498266227E-003   6.8447716455089314E-003
   547.55511287104378        5.7895641752673021E-003   5.5911880958516048E-003   6.8259483058873364E-003
   566.89562449487210        5.7859977678179752E-003   5.5819854513691723E-003   6.8103487240885677E-003
   586.91951519858117        5.7835764742293185E-003   5.5745129555632980E-003   6.7973434566466007E-003
   607.65068989177485        5.7819885368384132E-003   5.5684454105222637E-003   6.7864180177600944E-003
   629.11387223602765        5.7809816770266554E-003   5.5635187152113979E-003   6.7771503504542611E-003
   651.33543626567803        5.7803518159105670E-003   5.5595182661972546E-003   6.7691929186782978E-003
   674.34163286578985        5.7799338843778011E-003   5.5562700013280075E-003   6.7622591497529735E-003
   698.16073213207346        5.7795941663248487E-003   5.5536324284370647E-003   6.7561111548817433E-003
   722.82116976782140        5.6951891268063239E-003   5.4674793136090709E-003   6.5918430470135172E-003
   748.35235540965130        5.6025876957563597E-003   5.3736492086758477E-003   6.4127342113320749E-003
   774.78566186873422        5.5271168467453729E-003   5.2974596887051840E-003   6.2666158301545620E-003
   802.15264573967897        5.4654605206059786E-003   5.2355950378460570E-003   6.1472225864528012E-003
   830.48594444209971        5.4149248339141033E-003   5.1853624836193856E-003   6.0494628126044623E-003
   859.82037403360118        5.3733197795339535E-003   5.1445739307753461E-003   5.9691962511544093E-003
   890.19058800385733        5.3388680659764969E-003   5.1114546427148393E-003   5.9030630117655339E-003
   921.63390537915473        5.3101239872009910E-003   5.0845619662023833E-003   5.8483308741391470E-003
   954.18786380243341        5.2859140555333150E-003   5.0627255503311128E-003   5.8027837125476265E-003
   987.89128659474920        5.2652849639549162E-003   5.0449949250202701E-003   5.7646233496840560E-003
   1022.7855886411724        5.2474621854897187E-003   5.0305977565190188E-003   5.7323914115473100E-003
   1058.9119914466876        5.2318185279854211E-003   5.0189076146139877E-003   5.7049096306849532E-003
   1096.3148872627712        5.2178456919983445E-003   5.0094152848252672E-003   5.6812258518524304E-003
   1135.0389283928459        5.2051340742969654E-003   5.0017076674463605E-003   5.6605751508991302E-003
   1175.1302964981960        5.1933547449829875E-003   4.9954492742837284E-003   5.6423451010380902E-003
   1216.6382559936744        5.1822450626363556E-003   4.9903674940684423E-003   5.6260479259595576E-003
   1259.6123598874483        5.1715981804607951E-003   4.9862411711977458E-003   5.6112994446231709E-003
   1304.1038583964914        5.1612534443062153E-003   4.9828906998949825E-003   5.5978000325193605E-003
   1350.1674228314519        5.1510886236298950E-003   4.9801701359521687E-003   5.5853191637850498E-003
   1397.8574692241625        4.5909602623891137E-003   4.4427403680280661E-003   4.9702114680321447E-003
   1447.2325992722181        4.0856206875962879E-003   3.9580035880983988E-003   4.4147377101158517E-003
   1498.3517579647787        3.6744791121542330E-003   3.5644052078950502E-003   3.9631957821470512E-003
   1551.2759091786245        2.9880569244977108E-003   2.9042665148351072E-003   3.2240233214228284E-003
   1606.0700862978565        2.4213056844295329E-003   2.3582171670237019E-003   2.6138737618387983E-003
   1662.7990190437411        1.9619763960590153E-003   1.9148387094803446E-003   2.1192931047859208E-003
   1721.5324161293761        1.5897363889352133E-003   1.5548178838657462E-003   1.7183876947893806E-003
   1782.3403946248577        1.2881043480626145E-003   1.2624868298410435E-003   1.3934193012223324E-003
   1845.2954731357936        1.0437086740857115E-003   1.0251213017161730E-003   1.1300030124105510E-003
   1910.4750110852074        8.4569652749043333E-004   8.3238182158568630E-004   9.1646835792219452E-004
   1977.9568210713478        6.8527498541678044E-004   6.7588049896766408E-004   7.4336347995985434E-004
   2047.8213808026539        5.5531368843484243E-004   5.4880532654233134E-004   6.0302607081112129E-004
   2120.1545400970977        4.5002827644595559E-004   4.4562099786480959E-004   4.8924173135904577E-004
   2195.0417479108573        3.6473550524757737E-004   3.6183789533927239E-004   3.9697989223276466E-004
   2272.5750259096239        2.9563602462832835E-004   2.9380648508328926E-004   3.2215968862652991E-004
   2352.8469348264384        2.3965408328380057E-004   2.3856608660642958E-004   2.6147737744669448E-004
   2435.9532056335870        1.9429743367918839E-004   1.9371226017312866E-004   2.1225557196130601E-004
   2521.9959596104222        1.5754578719102272E-004   1.5729120418866575E-004   1.7232329605027834E-004
   2611.0779162676686        1.2776424725968665E-004   1.2771789918205996E-004   1.3992301664791853E-004
   2703.3053132971791        1.0362851689254639E-004   1.0370511277210903E-004   1.1363033007156151E-004
   2798.7914800504532        8.4065380981483668E-005   8.4206864624199792E-005   9.2290101831870138E-005
   2897.6492167059700        6.8206712484147490E-005   6.8374773214755779E-005   7.4967190536124614E-005
   3000.0000000000000        5.5348775371312586E-005   5.5519203613978280E-005   6.0902804948748302E-005
