         200   4370.0000000000000     
   3.0000000000000000        1.7307796518875977E-003   9.8058916059252610        8.3702577102700312E-004
   3.1059655287322618        1.8545218337908734E-003   9.8058916059252610        8.9244282233878324E-004
   3.2156739552243598        1.9869890221104356E-003   9.8058916059252610        9.5172727600464154E-004
   3.3292574962321346        2.1287586268189215E-003   9.8058916059252610        1.0151524054712252E-003
   3.4468529954360925        2.2804447755879072E-003   9.8058916059252610        1.0830105416313332E-003
   3.5686022069563790        2.4427020729523275E-003   9.8058916059252610        1.1556144077451633E-003
   3.6946518254059528        2.6162297020504515E-003   9.8058916059252610        1.2332983874962183E-003
   3.8251536998800524        2.8017765081983169E-003   9.8058916059252610        1.3164199806333346E-003
   3.9602651907155879        3.0001471426015698E-003   9.8058916059252610        1.4053614526874422E-003
   4.1001490688558144        3.2122084696674801E-003   9.8058916059252610        1.5005312963278412E-003
   4.2449739038313119        3.4388976608635230E-003   9.8058916059252610        1.6023661203625730E-003
   4.3949142193596993        3.6812310264354949E-003   9.8058916059252610        1.7113325242987304E-003
   4.5501507036585132        3.9403140543713914E-003   9.8058916059252610        1.8279291556081059E-003
   4.7108703059600501        4.2173524408015885E-003   9.8058916059252610        1.9526888429197131E-003
   4.8772669425686850        4.5136654336458085E-003   9.8058916059252610        2.0861813932145294E-003
   5.0495410155906377        4.8306984425382877E-003   9.8058916059252610        2.2290156743238311E-003
   5.2279001269311909        5.1700390909295135E-003   9.8058916059252610        2.3818428559953383E-003
   5.4125592113782046        5.5334337516048668E-003   9.8058916059252610        2.5453594665142327E-003
   5.6037407956130689        5.9228058728513127E-003   9.8058916059252610        2.7203108368154833E-003
   5.8016752663703963        6.3402760243484657E-003   9.8058916059252610        2.9074948745566364E-003
   6.0066011480696169        6.7881838222768219E-003   9.8058916059252610        3.1077662021335955E-003
   6.2187653902530293        7.2691119328610202E-003   9.8058916059252610        3.3220406947422616E-003
   6.4384236651766908        7.7859124019479210E-003   9.8058916059252610        3.5513004567529743E-003
   6.6658406759127811        8.3417356162098066E-003   9.8058916059252610        3.7965992769333759E-003
   6.9012904753346884        8.9400622703383597E-003   9.8058916059252610        4.0590686055020997E-003
   7.1450567963692624        9.5847387955659107E-003   9.8058916059252610        4.3399240987103474E-003
   7.3974330131920443        1.0280015728929866E-002   9.8058916059252610        4.6404723188343067E-003
   7.6587243988323896        1.1030597177755636E-002   9.8058916059252610        4.9621208681721622E-003
   7.9292442763577622        1.1841678431706309E-002   9.8058916059252610        5.3063818067569067E-003
   8.2093202460023029        1.2719018873801440E-002   9.8058916059252610        5.6748882422637242E-003
   8.4992881560440416        1.3668986080298208E-002   9.8058916059252610        6.0693963350933822E-003
   8.7994991583321234        1.4698648851845176E-002   9.8058916059252610        6.4918051861044893E-003
   9.1103132457223861        1.5815836815508098E-002   9.8058916059252610        6.9441595811420512E-003
   9.4321068148357909        1.7029258826642486E-002   9.8058916059252610        7.4286732677274325E-003
   9.7652657388916850        1.8348583446939529E-002   9.8058916059252610        7.9477326190652009E-003
   10.110193474162946        1.9784589796762810E-002   9.8058916059252610        8.5039238959552284E-003
   10.467303634806061        2.1349274340555092E-002   9.8058916059252610        9.1000380653813960E-003
   10.837027566606025        2.3056035549232700E-002   9.8058916059252610        9.7391008102151351E-003
   11.219811965471335        2.4919836939557207E-002   9.8058916059252610        1.0424388617644491E-002
   11.616115840724994        2.6957380749707421E-002   9.8058916059252610        1.1159444464434565E-002
   12.026419117330413        2.9187357554385882E-002   9.8058916059252610        1.1948116852126284E-002
   12.451213803399156        3.1630622982634672E-002   9.8058916059252610        1.2794569039080435E-002
   12.891014326336300        3.4310489179090541E-002   9.8058916059252610        1.3703327042056282E-002
   13.346348065368609        3.7252914112830895E-002   9.8058916059252610        1.4679291484392532E-002
   13.817766430769083        4.0486818130241353E-002   9.8058916059252610        1.5727794233914971E-002
   14.305834715756038        4.4044266809502464E-002   9.8058916059252610        1.6854613493083658E-002
   14.811143972217785        4.7960797176851991E-002   9.8058916059252610        1.8066040675721758E-002
   15.334300133051286        5.2275574019955598E-002   9.8058916059252610        1.9368899439075611E-002
   15.875936741648431        5.7031713718336048E-002   9.8058916059252610        2.0770624630528478E-002
   16.436703292225193        6.2276398816643930E-002   9.8058916059252610        2.2279286006828568E-002
   17.017278874447534        6.8061194736691477E-002   9.8058916059252610        2.3903681309876492E-002
   17.618359675531394        7.4442111869474636E-002   9.8058916059252610        2.5653365427856251E-002
   18.240671728221173        8.1479889580037088E-002   9.8058916059252610        2.7538754083935139E-002
   18.884968846184627        8.9240119588170005E-002   9.8058916059252610        2.9571194432672213E-002
   19.552019805756849        9.7793177882879015E-002   9.8058916059252610        3.1763004163718488E-002
   20.242632201214423       0.10721454677107602        9.8057219895699603        3.4127634152922963E-002
   20.957638264717446       0.11758459669874771        9.8052969722973859        3.6679719115254285E-002
   21.697899624358065       0.12898846848650836        9.8049518647594329        3.9435194946606973E-002
   22.464312967141105       0.14151582076747632        9.8046716412114296        4.2411430420016293E-002
   23.257792778673313       0.15525997447618173        9.8044441054625651        4.5627277295626330E-002
   24.079299719823517       0.17031752917390172        9.8042593499075483        4.9103306312896049E-002
   24.929823759061236       0.18678691466328945        9.8041093312169458        5.2861876524748219E-002
   25.810395145829254       0.20476704044530891        9.8039875176802234        5.6927323700223818E-002
   26.722064579292049       0.22435492465480417        9.8038886075975515        6.1326015495215741E-002
   27.665935811728254       0.24564398808583476        9.8038082941201647        6.6086654993684602E-002
   28.643146268414043       0.26872090507460333        9.8037430808024180        7.1240349064014066E-002
   29.654879655490589       0.29366279388341626        9.8036901283013353        7.6820829584448969E-002
   30.702343174827575       0.32043671591818895        9.7945088631632302        8.2822161794582350E-002
   31.786804983723918       0.34914585435112322        9.7829390759842472        8.9307855940401082E-002
   32.909571928103169       0.37986593168525246        9.7735445853938128        9.6341324737734893E-002
   34.072004028335677       0.41260003015648422        9.7659163617375349       0.10396741248736278     
   35.275488300232773       0.44732492512443678        9.7597224012568073       0.11223412989064896     
   36.521481794408061       0.48398997999606813        9.7546929998898388       0.12119294969979601     
   37.811486012809581       0.52251486603484265        9.7506092027476097       0.13089859737502474     
   39.147055493126302       0.56278914494045118        9.7472932218024173       0.14140899032767892     
   40.529808025860810       0.60467294892668833        9.7446006815261050       0.15278511620493779     
   41.961393513511240       0.64799751878500811        9.7424143942833936       0.16509046256336377     
   43.443545167355794       0.69256938515470501        9.7406391624133803       0.17839100745072967     
   44.978049075047366       0.73817320328212732        9.7391977012316939       0.19275441103164104     
   46.566763998623138       0.78457715556151120        9.7380272505106475       0.20824949365672363     
   48.211585595230147       0.83153767207605489        9.7370768686343787       0.22494504038123364     
   49.914505239722644       0.87880769510087653        9.7363051730572838       0.24290939943529136     
   51.677575059319224       0.92614278188002741        9.7356785680277085       0.26220905803730976     
   53.502930680545909       0.97330922486479365        9.7351697715939061       0.28290771563994027     
   55.392750120602578        1.0200906319283560        9.7347566393699889       0.30506461184649741     
   57.349321371645829        1.0662971900423168        9.7344211823101290       0.32873412196659735     
   59.375002227322796        1.1117717699581464        9.7341487962978750       0.35396424301638990     
   61.472246417894510        1.1563971057792122        9.7339276218337165       0.38079603958518282     
   63.643556378429672        1.2001005749041829        9.7337480327246393       0.40926244676836265     
   65.891560899834928        1.2428606236910915        9.7336022091092751       0.43938904603828960     
   68.218968971510208        1.2847093767455018        9.7334838025594248       0.47119370620473816     
   70.628585269218178        1.3233416366843220        9.7324504203628344       0.50350298630626622     
   73.123328588587739        1.3547881212272959        9.7291744066577088       0.53422279632939140     
   75.706175661273647        1.3862845303763283        9.7265143510093264       0.56680431343859883     
   78.380253523498894        1.4179667946654635        9.7243544264254052       0.60119738279615109     
   81.148784610322849        1.4500322703813877        9.7226006006319139       0.63735890762262171     
   84.015122474940881        1.4827341510653449        9.7211765132608967       0.67525539556361636     
   86.982687236203873        1.5163736175338682        9.7200201836493658       0.71486422519710913     
   90.055071705548812        1.5512928291631929        9.7190812616547859       0.75617703042754703     
   93.235978303002270        1.5878649090664925        9.7183188713267121       0.79920053196493235     
   96.529260096906100        1.6264841039724667        9.7176998187149728       0.84395826485058156     
   99.938826062156153        1.6675534007948678        9.7171971634270502       0.89048982440190771     
   103.46886588546354        1.7114751443439193        9.7167890101470213       0.93885368899982569     
   107.12359379692580        1.7586352690306328        9.7164575963229467       0.98912259045604445     
   110.90736836557576        1.8093915476443594        9.7161884965598855        1.0413830078187492     
   114.82483910697920        1.8640624151146421        9.7159699890586086        1.0957339943844178     
   118.88068277378797        1.9229104287911765        9.7157925645220011        1.1522791762681091     
   123.07973629915718        1.9861315217871756        9.7156485002213930        1.2111229889586586     
   127.42715949490271        2.0538461577589833        9.7155315208157642        1.2723660863876216     
   131.92808807993632        2.1260840726569081        9.7154365364546766        1.3360922137192233     
   136.58805281121437        2.2027826817618599        9.7153594096851226        1.4023644253667200     
   141.41261684513370        2.2837754369281176        9.7152967840028861        1.4712088139465220     
   146.40753387824964        2.3687909655382282        9.7152459335101202        1.5426041716492496     
   151.57894168226974        2.4574559422767428        9.7152046431946690        1.6164709241823523     
   156.93294936957258        2.5492905182350181        9.7151711164878733        1.6926504164349314     
   162.47613596373097        2.6437223096388163        9.7151438929895999        1.7708967441498269     
   168.21511902855468        2.7400873934659025        9.7151217879518761        1.8508556683969517     
   174.15674278185460        2.6238391509225316        9.6511611680345215        1.7976262941067880     
   180.30830831190286        2.4470858675160945        9.5740681830683076        1.6984353604144304     
   186.67715947709803        2.3029536780249238        9.5114699333292059        1.6117289333031357     
   193.27089166569760        2.1858444461161706        9.4606417151004631        1.5353254334218871     
   200.09760727912413        2.0911233806196048        9.4193694864211110        1.4674813606324517     
   207.16537088595135        2.0149224738466702        9.3858574656402407        1.4068168821974443     
   214.48286737908427        1.9539743427441014        9.3586458923572629        1.3522380821175259     
   222.05883252794877        1.9055002215846801        9.3365505374957660        1.3028777730805072     
   229.90230130529540        1.8671170378982356        9.3186096601801207        1.2580351448080924     
   238.02291179328489        1.8367695459371363        9.3040417682279326        1.2171247097235631     
   246.43025707061713        1.8126828959423440        9.2922130031367942        1.1796408524134303     
   255.13466811288930        1.7933216857626195        9.2826081120969821        1.1451275708372652     
   264.14653641505117        1.7773632013758101        9.2748090968131400        1.1131684290343977     
   273.47660938458705        1.7636738391170250        9.2684764908302597        1.0833831337438542     
   283.13635184814427        1.7512907397344293        9.2633344502203396        1.0554323785609239     
   293.13729579387660        1.7394077192648916        9.2591591968894598        1.0290289906878265     
   303.49136818478553        1.7273617289818031        9.2557689952728452        1.0039449207450573     
   314.21129214162710        1.7146207081816014        9.2530161705375562       0.98001470534381929     
   325.30973137660959        1.7007736444785291        9.2507809454798107       0.95713658962971415     
   336.80032369109853        1.6855188592098549        9.2489659552450583       0.93526432512867064     
   348.69678677735646        1.6686549422963168        9.2474922126984556       0.91439944624451219     
   361.01330816366544        1.6500703704605693        9.2462955704906591       0.89457877274019426     
   373.76502243504467        1.6222894914871371        8.9928896128400648       0.86094011315142494     
   386.96715283564077        1.5678124269791347        7.9503326965330920       0.77601252572136314     
   400.63544401132759        1.5150883240757591        7.1038024711861709       0.69693670261237350     
   414.78669160661980        1.4636187714533364        6.4164246668477327       0.62446117448905047     
   429.43761284149554        1.4130426887956906        5.8582910258889971       0.55898224393178364     
   444.60621081975989        1.3631086617191963        5.4050896337090499       0.50056011946216683     
   460.31059410826708        1.3136591136028528        5.0370974753797251       0.44898760444964481     
   476.56949149896485        1.2646108871992952        4.7382970167727096       0.40386520207071736     
   493.40288198244309        1.2159381854368232        4.4956727169865607       0.36467437295429334     
   510.83065126063684        1.1676633446327036        4.2986678341259053       0.33084266296457332     
   528.87421463804299        1.1198408012405983        4.1387009720221926       0.30178553084849880     
   547.55511287104378        1.0725513965348816        4.0088104821373944       0.27693992900642544     
   566.89562449487210        1.0258924527537374        3.9033426424897693       0.25578135333891100     
   586.91951519858117       0.97996934988115925        3.8177033470758310       0.23783288682563972     
   607.65068989177485       0.93489329729063086        3.7481656322740533       0.22267022254623853     
   629.11387223602765       0.89077518076994877        3.6917027414135974       0.20992046786910010     
   651.33543626567803       0.84772056418660724        3.6458551900986134       0.19925930906010186     
   674.34163286578985       0.80583069941699859        3.6086281213993465       0.19040828695675610     
   698.16073213207346       0.76519656429301086        3.5783999500024302       0.18312951691459339     
   722.82116976782140       0.72422595526642797        3.5521805263023221       0.17503118324457526     
   748.35235540965130       0.68450576771271643        3.5304150777409617       0.16795418729457848     
   774.78566186873422       0.64660318085706170        3.5127416553461153       0.16240685218608655     
   802.15264573967897       0.61050516576306446        3.4983911238509342       0.15817392431680927     
   830.48594444209971       0.57620094066724803        3.4867388500321561       0.15508111264035743     
   859.82037403360118       0.54367925773290893        3.4772772689175420       0.15298835695714044     
   890.19058800385733       0.51293026479414239        3.4695947009273977       0.15178438640704434     
   921.63390537915473       0.48394202862512103        3.4633564987243255       0.15138177321058757     
   954.18786380243341       0.45670320964357020        3.4582911800107987       0.15171313891549404     
   987.89128659474920       0.43120234281373876        3.4541782674925976       0.15272786429008875     
   1022.7855886411724       0.40742785389996466        3.4508386055507736       0.15438956776593196     
   1058.9119914466876       0.38537129996660979        3.4481268833109788       0.15667392188885920     
   1096.3148872627712       0.36502663061492507        3.4459249800317395       0.15956716406979013     
   1135.0389283928459       0.34639394439762461        3.4441370703868435       0.16306464310657753     
   1175.1302964981960       0.32948086504163471        3.4426853323273496       0.16716988835133506     
   1216.6382559936744       0.31430468819607671        3.4415065291494775       0.17189406140427918     
   1259.6123598874483       0.30089666968140827        3.4405493601443489       0.17725514973207943     
   1304.1038583964914       0.28930485137803763        3.4397721627741822       0.18327774397428317     
   1350.1674228314519       0.27959769393166023        3.4391410828601461       0.18999310561434943     
   1397.8574692241625       0.23839180359915074        2.8800144796048368       0.17132815262760198     
   1447.2325992722181       0.20204076873812224        2.3407030781171652       0.15309023848098596     
   1498.3517579647787       0.17292717641323563        1.9027909929613021       0.13818637391061048     
   1551.2759091786245       0.13873243186660786        1.5451014092336723       0.11763764126709564     
   1606.0700862978565       0.11207740348273351        1.2545972104954133       0.10013265902600471     
   1662.7990190437411        9.1493310313833509E-002   1.0187150433200711        8.5398907077620059E-002
   1721.5324161293761        7.5539376209074888E-002  0.82718004397715617        7.2970663676342529E-002
   1782.3403946248577        6.3116885645747745E-002  0.67165674016563048        6.2465322166909039E-002
   1845.2954731357936        5.3387119561811726E-002  0.54537569462940416        5.3567349378785080E-002
   1910.4750110852074        4.5709488618789457E-002  0.44283619254053053        4.6015671626439034E-002
   1977.9568210713478        3.9595301017607498E-002  0.35957578483040314        3.9594300875107104E-002
   2047.8213808026539        3.4671668767451543E-002  0.29197040943180935        3.4123869497091189E-002
   2120.1545400970977        3.0654289315384341E-002  0.23707522304444120        2.9454940864760693E-002
   2195.0417479108573        2.7327159547334307E-002  0.19250170022175062        2.5463113191276771E-002
   2272.5750259096239        2.4526400173968170E-002  0.15630824920004174        2.2044231454924165E-002
   2352.8469348264384        2.2128462570856457E-002  0.12691975572079514        1.9111198393570197E-002
   2435.9532056335870        2.0040686839176404E-002  0.10305703166375361        1.6590908679387371E-002
   2521.9959596104222        1.8194061721435267E-002   8.3680633306398314E-002   1.4421809139755905E-002
   2611.0779162676686        1.6537792063055799E-002   6.7947313031554948E-002   1.2552124032511715E-002
   2703.3053132971791        1.5034864838395088E-002   5.5172249196289651E-002   1.0938140646451240E-002
   2798.7914800504532        1.3658606063841304E-002   4.4798968873346369E-002   9.5428401540722258E-003
   2897.6492167059700        1.2390141211777780E-002   3.6376123854511395E-002   8.3349267889071214E-003
   3000.0000000000000        1.1216184969356625E-002   2.9536820847985902E-002   7.2877832954152304E-003
