         200   4370.0000000000000     
   3.0000000000000000        1.0547242207131992E-003   3.0381682229565017E-003   1.7706592072095526E-003
   3.1059655287322618        1.0858032464482841E-003   3.0381682229565017E-003   1.7916777428467999E-003
   3.2156739552243598        1.1167803876886151E-003   3.0381682229565017E-003   1.8127434764801246E-003
   3.3292574962321346        1.1476034636791024E-003   3.0381682229565017E-003   1.8337984720560746E-003
   3.4468529954360925        1.1782208718539747E-003   3.0381682229565017E-003   1.8547851617921850E-003
   3.5686022069563790        1.2085817293767292E-003   3.0381682229565017E-003   1.8756465941741885E-003
   3.6946518254059528        1.2386359605318692E-003   3.0381682229565017E-003   1.8963266575264682E-003
   3.8251536998800524        1.2683344515039014E-003   3.0381682229565017E-003   1.9167703632583727E-003
   3.9602651907155879        1.2976292530200856E-003   3.0381682229565017E-003   1.9369241754170624E-003
   4.1001490688558144        1.3264737010987493E-003   3.0381682229565017E-003   1.9567362954849383E-003
   4.2449739038313119        1.3548226694520863E-003   3.0381682229565017E-003   1.9761570463676108E-003
   4.3949142193596993        1.3826327851986508E-003   3.0381682229565017E-003   1.9951392350532502E-003
   4.5501507036585132        1.4098626697937645E-003   3.0381682229565017E-003   2.0136385306180212E-003
   4.7108703059600501        1.4364731688651464E-003   3.0381682229565017E-003   2.0316138259013996E-003
   4.8772669425686850        1.4624276816822403E-003   3.0381682229565017E-003   2.0490276498233121E-003
   5.0495410155906377        1.4876922881999655E-003   3.0381682229565017E-003   2.0658464187159557E-003
   5.2279001269311909        1.5122360609254590E-003   3.0381682229565017E-003   2.0820407809543987E-003
   5.4125592113782046        1.5360312572587143E-003   3.0381682229565017E-003   2.0975858426706090E-003
   5.6037407956130689        1.5590535050331456E-003   3.0381682229565017E-003   2.1124613458807237E-003
   5.8016752663703963        1.5812819555728736E-003   3.0381682229565017E-003   2.1266517784061748E-003
   6.0066011480696169        1.6026993996483838E-003   3.0381682229565017E-003   2.1401464112202713E-003
   6.2187653902530293        1.6232923429685877E-003   3.0381682229565017E-003   2.1529392617599644E-003
   6.4384236651766908        1.6430510391831888E-003   3.0381682229565017E-003   2.1650289846368766E-003
   6.6658406759127811        1.6619694797134414E-003   3.0381682229565017E-003   2.1764186938829063E-003
   6.9012904753346884        1.6800453410192205E-003   3.0381682229565017E-003   2.1871157232227520E-003
   7.1450567963692624        1.6972798910927240E-003   3.0381682229565017E-003   2.1971313327660033E-003
   7.3974330131920443        1.7136778343070926E-003   3.0381682229565017E-003   2.2064803585086371E-003
   7.6587243988323896        1.7292472641740951E-003   3.0381682229565017E-003   2.2151809088617087E-003
   7.9292442763577622        1.7439992094664659E-003   3.0381682229565017E-003   2.2232538266641123E-003
   8.2093202460023029        1.7579477567913899E-003   3.0381682229565017E-003   2.2307224760977967E-003
   8.4992881560440416        1.7711094596729047E-003   3.0381682229565017E-003   2.2376121447442131E-003
   8.7994991583321234        1.7835034140811659E-003   3.0381682229565017E-003   2.2439498223595523E-003
   9.1103132457223861        1.7951506806473028E-003   3.0381682229565017E-003   2.2497636535120402E-003
   9.4321068148357909        1.8060743089281072E-003   3.0381682229565017E-003   2.2550827264553441E-003
   9.7652657388916850        1.8162987906355883E-003   3.0381682229565017E-003   2.2599365997050540E-003
   10.110193474162946        1.8258500531337389E-003   3.0381682229565017E-003   2.2643551239620230E-003
   10.467303634806061        1.8347549585639930E-003   3.0381682229565017E-003   2.2683680546772716E-003
   10.837027566606025        1.8430412605485488E-003   3.0381682229565017E-003   2.2720049091056391E-003
   11.219811965471335        1.8507372787066225E-003   3.0381682229565017E-003   2.2752947181396625E-003
   11.616115840724994        1.8578716229049330E-003   3.0381682229565017E-003   2.2782658315701840E-003
   12.026419117330413        1.8644731519984064E-003   3.0381682229565017E-003   2.2809458454673814E-003
   12.451213803399156        1.8705706274369284E-003   3.0381682229565017E-003   2.2833614227461517E-003
   12.891014326336300        1.8761927146276622E-003   3.0381682229565017E-003   2.2855382762609084E-003
   13.346348065368609        1.8813677038610191E-003   3.0381682229565017E-003   2.2875010555283262E-003
   13.817766430769083        1.8861235316800227E-003   3.0381682229565017E-003   2.2892733657480097E-003
   14.305834715756038        1.8904875665242439E-003   3.0381682229565017E-003   2.2908777080363745E-003
   14.811143972217785        1.8944866510037185E-003   3.0381682229565017E-003   2.2923355264894466E-003
   15.334300133051286        1.8981469460276276E-003   3.0381682229565017E-003   2.2936671897446741E-003
   15.875936741648431        1.9014939913306939E-003   3.0381682229565017E-003   2.2948920587590421E-003
   16.436703292225193        1.9045525989163554E-003   3.0381682229565017E-003   2.2960284988264531E-003
   17.017278874447534        1.9073469267080745E-003   3.0381682229565017E-003   2.2970939618981870E-003
   17.618359675531394        1.9099004108374049E-003   3.0381682229565017E-003   2.2981050199121274E-003
   18.240671728221173        1.9122358403146501E-003   3.0381682229565017E-003   2.2990774541309625E-003
   18.884968846184627        1.9143753581577143E-003   3.0381682229565017E-003   2.3000263196299659E-003
   19.552019805756849        1.9163404506620867E-003   3.0381682229565017E-003   2.3009660020376693E-003
   20.242632201214423        1.9181520607549399E-003   3.0381245161857219E-003   2.3019102359975842E-003
   20.957638264717446        1.9198305814523856E-003   3.0380149976638954E-003   2.3028722578279513E-003
   21.697899624358065        1.9213959233328531E-003   3.0379260702958419E-003   2.3038651632852612E-003
   22.464312967141105        1.9228675878865686E-003   3.0378538622451608E-003   2.3049015656792780E-003
   23.257792778673313        1.9242647104745344E-003   3.0377952307953679E-003   2.3059938348757338E-003
   24.079299719823517        1.9256062038747641E-003   3.0377476229530745E-003   2.3071542292050409E-003
   24.929823759061236        1.9269108293924159E-003   3.0377089661118091E-003   2.3083949695850529E-003
   25.810395145829254        1.9281973350858005E-003   3.0376775771793086E-003   2.3097283550407312E-003
   26.722064579292049        1.9294845609888053E-003   3.0376520900126758E-003   2.3111668341772871E-003
   27.665935811728254        1.9307916316291598E-003   3.0376313948224012E-003   2.3127231574920581E-003
   28.643146268414043        1.9321380794530398E-003   3.0376145906437853E-003   2.3144104512818086E-003
   29.654879655490589        1.9335440162151071E-003   3.0376009458344573E-003   2.3162423396286859E-003
   30.702343174827575        1.9330135899186349E-003   2.8012579027081874E-003   2.3152768659108042E-003
   31.786804983723918        1.9317282770856001E-003   2.5029364278415607E-003   2.3132323429635592E-003
   32.909571928103169        1.9307147494087018E-003   2.2607039437692669E-003   2.3115994958819784E-003
   34.072004028335677        1.9299614285977263E-003   2.0640138148551599E-003   2.3103457327272683E-003
   35.275488300232773        1.9294612622001279E-003   1.9043054816513928E-003   2.3094441532506378E-003
   36.521481794408061        1.9292111789065043E-003   1.7746247528460258E-003   2.3088729088295407E-003
   37.811486012809581        1.9292116077019024E-003   1.6693259804768104E-003   2.3086146850981944E-003
   39.147055493126302        1.9294659808414586E-003   1.5838249845724398E-003   2.3086561837613725E-003
   40.529808025860810        1.9299802484318948E-003   1.5143991106186493E-003   2.3089876485044751E-003
   41.961393513511240        1.9307623753834369E-003   1.4580267310204010E-003   2.3096024047801027E-003
   43.443545167355794        1.9318218704869018E-003   1.4122532192433674E-003   2.3104964409570148E-003
   44.978049075047366        1.9331692893593824E-003   1.3750858263581536E-003   2.3116679850511022E-003
   46.566763998623138        1.9348157678220589E-003   1.3449063096595906E-003   2.3131171054706703E-003
   48.211585595230147        1.9367725134879646E-003   1.3204011637459035E-003   2.3148452660414730E-003
   49.914505239722644        1.9390504139814848E-003   1.3005033593056390E-003   2.3168549629605730E-003
   51.677575059319224        1.9416595717680406E-003   1.2843466458162570E-003   2.3191492655636413E-003
   53.502930680545909        1.9446089300147926E-003   1.2712275710925461E-003   2.3217313961562268E-003
   55.392750120602578        1.9479058285284685E-003   1.2605751526470089E-003   2.3246042007758305E-003
   57.349321371645829        1.9515557677822675E-003   1.2519255514656204E-003   2.3277697498942478E-003
   59.375002227322796        1.9555620320802513E-003   1.2449022073321172E-003   2.3312287628313149E-003
   61.472246417894510        1.9599254558582717E-003   1.2391993286768545E-003   2.3349801078711052E-003
   63.643556378429672        1.9646440724229585E-003   1.2345687086781634E-003   2.3390201605782979E-003
   65.891560899834928        1.9697130550821581E-003   1.2308087159200831E-003   2.3433423858071597E-003
   68.218968971510208        1.9751244339753960E-003   1.2277556591923022E-003   2.3479367166946799E-003
   70.628585269218178        1.9776602116980020E-003   1.2243602112538741E-003   2.3482232201165148E-003
   73.123328588587739        1.9718374714018734E-003   1.2192203742772802E-003   2.3363896624888311E-003
   75.706175661273647        1.9671156687727297E-003   1.2150469325239858E-003   2.3259407201818090E-003
   78.380253523498894        1.9633530709808793E-003   1.2116581615228925E-003   2.3167213396182258E-003
   81.148784610322849        1.9604245585435045E-003   1.2089065311955294E-003   2.3085930886133097E-003
   84.015122474940881        1.9582196366074345E-003   1.2066722374512932E-003   2.3014321532514657E-003
   86.982687236203873        1.9566408234654737E-003   1.2048580369535408E-003   2.2951278710573769E-003
   90.055071705548812        1.9556021527633895E-003   1.2033849338409588E-003   2.2895810733944357E-003
   93.235978303002270        1.9550280125141283E-003   1.2021887965986929E-003   2.2847030523228621E-003
   96.529260096906100        1.9548520846783997E-003   1.2012175462344781E-003   2.2804144501332576E-003
   99.938826062156153        1.9550164430214736E-003   1.2004289151517761E-003   2.2766444772113143E-003
   103.46886588546354        1.9554707727712142E-003   1.1997885511271559E-003   2.2733298706444811E-003
   107.12359379692580        1.9561716742633522E-003   1.1992685859558171E-003   2.2704145032253990E-003
   110.90736836557576        1.9570820425748267E-003   1.1988463871993012E-003   2.2678486159277752E-003
   114.82483910697920        1.9581705580551017E-003   1.1985035641723612E-003   2.2655881966169573E-003
   118.88068277378797        1.9594111083603935E-003   1.1982251974511048E-003   2.2635946568654274E-003
   123.07973629915718        1.9607823295540662E-003   1.1979991706130638E-003   2.2618342559029610E-003
   127.42715949490271        1.9622671988690551E-003   1.1978156380858082E-003   2.2602776071902054E-003
   131.92808807993632        1.9638524639432682E-003   1.1976666142491012E-003   2.2588993921438131E-003
   136.58805281121437        1.9655283344335197E-003   1.1975456077278905E-003   2.2576777992162722E-003
   141.41261684513370        1.9672879065501707E-003   1.1974473524010512E-003   2.2565942448680145E-003
   146.40753387824964        1.9691267686063976E-003   1.1973675715251343E-003   2.2556329313785416E-003
   151.57894168226974        1.9710426262791719E-003   1.1973027899004867E-003   2.2547804493913354E-003
   156.93294936957258        1.9730347075847024E-003   1.1972501888362621E-003   2.2540255019082027E-003
   162.47613596373097        1.9751035137762652E-003   1.1972074770665584E-003   2.2533584917886229E-003
   168.21511902855468        1.9772502402118784E-003   1.1971727958043402E-003   2.2527712816610792E-003
   174.15674278185460        1.7868770903210060E-003   1.1189978794032616E-003   2.0476705290909804E-003
   180.30830831190286        1.5567701915240868E-003   1.0247745733874326E-003   1.8006193024352609E-003
   186.67715947709803        1.3701740102742444E-003   9.4826678161100413E-004   1.5999981025701124E-003
   193.27089166569760        1.2189398057927926E-003   8.8614436200947931E-004   1.4370767602371094E-003
   200.09760727912413        1.0964379330541038E-003   8.3570130503725121E-004   1.3047623986889604E-003
   207.16537088595135        9.9728500853826915E-004   7.9474280030913263E-004   1.1973029741079034E-003
   214.48286737908427        9.1710039454585238E-004   7.6148472374434038E-004   1.1100234487893151E-003
   222.05883252794877        8.5232669228825996E-004   7.3447970657506301E-004   1.0391317388425668E-003
   229.90230130529540        8.0007202996159850E-004   7.1255230586222159E-004   9.8154857775095651E-004
   238.02291179328489        7.5798428833457308E-004   6.9474737922695106E-004   9.3477204987393512E-004
   246.43025707061713        7.2415368039948800E-004   6.8029022267166838E-004   8.9677301932793694E-004
   255.13466811288930        6.9702616018756612E-004   6.6855109247596339E-004   8.6590207081290328E-004
   264.14653641505117        6.7533943512120161E-004   6.5901910971472976E-004   8.4082109311639194E-004
   273.47660938458705        6.5806697381818615E-004   6.5127937734265587E-004   8.2044329312200206E-004
   283.13635184814427        6.4437341065615259E-004   6.4499475798142413E-004   8.0388544307357192E-004
   293.13729579387660        6.3357979721625102E-004   6.3989174929053355E-004   7.9043088803732689E-004
   303.49136818478553        6.2513362669540243E-004   6.3574823345031518E-004   7.7949746168700566E-004
   314.21129214162710        6.1858497897577429E-004   6.3238372178231819E-004   7.7061194621889223E-004
   325.30973137660959        6.1356791759013644E-004   6.2965182218437598E-004   7.6339036699144187E-004
   336.80032369109853        6.0978422576280628E-004   6.2743353500327003E-004   7.5752044499511554E-004
   348.69678677735646        6.0699119230482232E-004   6.2563232189656885E-004   7.5274870558695824E-004
   361.01330816366544        6.0499108961944341E-004   6.2416978175773824E-004   7.4886916753126272E-004
   373.76502243504467        6.0209786783247700E-004   6.2093901843192595E-004   7.4299051020768438E-004
   386.96715283564077        5.9489533499367778E-004   6.1154271636375604E-004   7.2918807654861692E-004
   400.63544401132759        5.8921769154631778E-004   6.0391315333196255E-004   7.1798331655061694E-004
   414.78669160661980        5.8477289403244313E-004   5.9771799085834220E-004   7.0888698613453334E-004
   429.43761284149554        5.8132254106325898E-004   5.9268767337367805E-004   7.0150236004604160E-004
   444.60621081975989        5.7867177949653427E-004   5.8860308373446678E-004   6.9550702268590930E-004
   460.31059410826708        5.7666171728973825E-004   5.8528646339048708E-004   6.9063947388771547E-004
   476.56949149896485        5.7516279458949917E-004   5.8259345035372801E-004   6.8668739196396948E-004
   493.40288198244309        5.7406946517842765E-004   5.8040673884262380E-004   6.8347828963855398E-004
   510.83065126063684        5.7329596681976610E-004   5.7863118360980317E-004   6.8087229960552031E-004
   528.87421463804299        5.7277265404848002E-004   5.7718944269982231E-004   6.7875575733601461E-004
   547.55511287104378        5.7244315447761620E-004   5.7601877253337633E-004   6.7703648028652626E-004
   566.89562449487210        5.7226193691679590E-004   5.7506821754275202E-004   6.7563963007677061E-004
   586.91951519858117        5.7219235067124336E-004   5.7429637221130981E-004   6.7450441755294028E-004
   607.65068989177485        5.7220502442037078E-004   5.7366964635760542E-004   6.7358154886577567E-004
   629.11387223602765        5.7227652988089278E-004   5.7316076058852334E-004   6.7283101089460936E-004
   651.33543626567803        5.7238829951273965E-004   5.7274754819263123E-004   6.7222030759636023E-004
   674.34163286578985        5.7252572375539378E-004   5.7241203002845228E-004   6.7172309853483897E-004
   698.16073213207346        5.7267742429149718E-004   5.7213959115727856E-004   6.7131798683669715E-004
   722.82116976782140        5.6467557468370129E-004   5.6375901849557361E-004   6.5537055257136156E-004
   748.35235540965130        5.5588783041726720E-004   5.5463532588324697E-004   6.3798189421944331E-004
   774.78566186873422        5.4877545346666324E-004   5.4722693855396170E-004   6.2386099625508782E-004
   802.15264573967897        5.4301886615300353E-004   5.4121144855307900E-004   6.1239364353945743E-004
   830.48594444209971        5.3835895770560922E-004   5.3632702063709020E-004   6.0308102783901776E-004
   859.82037403360118        5.3458559143162239E-004   5.3236089251098748E-004   5.9551783608831495E-004
   890.19058800385733        5.3152870621185069E-004   5.2914049534721831E-004   5.8937533221879582E-004
   921.63390537915473        5.2905042957508859E-004   5.2652555087713256E-004   5.8438629878384174E-004
   954.18786380243341        5.2703924755493736E-004   5.2440225850411534E-004   5.8033396207837382E-004
   987.89128659474920        5.2540491192346148E-004   5.2267819803039444E-004   5.7704228008994152E-004
   1022.7855886411724        5.2407438088431109E-004   5.2127827057654871E-004   5.7436820862497386E-004
   1058.9119914466876        5.2298867663473332E-004   5.2014156438388263E-004   5.7219573051195036E-004
   1096.3148872627712        5.2210010198989077E-004   5.1921856531840667E-004   5.7043054041875936E-004
   1135.0389283928459        5.2137018408117441E-004   5.1846910509144870E-004   5.6899613648698545E-004
   1175.1302964981960        5.2076787885720435E-004   5.1786056207102306E-004   5.6783039245152415E-004
   1216.6382559936744        5.2026813959778759E-004   5.1736642854489229E-004   5.6688282800996929E-004
   1259.6123598874483        5.1985080841926304E-004   5.1696520015963071E-004   5.6611249370865590E-004
   1304.1038583964914        5.1949965689488786E-004   5.1663941271332472E-004   5.6548613590215588E-004
   1350.1674228314519        5.1920162106367960E-004   5.1637487513059310E-004   5.6497673554290796E-004
   1397.8574692241625        4.6382278116054913E-004   4.6141244653030039E-004   5.0394404456845980E-004
   1447.2325992722181        4.1387663230097664E-004   4.1185151013607864E-004   4.4881879105384008E-004
   1498.3517579647787        3.7332016979779595E-004   3.7160883598010252E-004   4.0405761958158210E-004
   1551.2759091786245        3.0416642973087824E-004   3.0280413272450131E-004   3.2921845490589479E-004
   1606.0700862978565        2.4695197601844356E-004   2.4587203012846933E-004   2.6731755967734574E-004
   1662.7990190437411        2.0049896592509912E-004   1.9964458212417901E-004   2.1705617483709795E-004
   1721.5324161293761        1.6278276807889491E-004   1.6210815311322886E-004   1.7624467643289729E-004
   1782.3403946248577        1.3216084299110564E-004   1.3162918335262613E-004   1.4310676283750239E-004
   1845.2954731357936        1.0729923212587859E-004   1.0688101974043565E-004   1.1619987957080283E-004
   1910.4750110852074        8.7114001671447872E-005   8.6785649420747135E-005   9.4351852613923167E-005
   1977.9568210713478        7.0725840348076903E-005   7.0468535607837098E-005   7.6611771119574826E-005
   2047.8213808026539        5.7420674988986378E-005   5.7219445973494688E-005   6.2207388727634767E-005
   2120.1545400970977        4.6618302518711186E-005   4.6461259355166983E-005   5.0511201706972656E-005
   2195.0417479108573        3.7848164381176200E-005   3.7725880020101443E-005   4.1014256516458632E-005
   2272.5750259096239        3.0727786700640835E-005   3.0632800898277989E-005   3.3302838943362406E-005
   2352.8469348264384        2.4946918671205481E-005   2.4873336032812331E-005   2.7041328015232812E-005
   2435.9532056335870        2.0253625332298202E-005   2.0196794144134372E-005   2.1957161231982250E-005
   2521.9959596104222        1.6443212704648520E-005   1.6399468308522485E-005   1.7828862175663595E-005
   2611.0779162676686        1.3349642586551425E-005   1.3316101500214660E-005   1.4476760384948767E-005
   2703.3053132971791        1.0838087931340124E-005   1.0812484519464988E-005   1.1754942771242396E-005
   2798.7914800504532        8.7990047307987757E-006   8.7795615456551905E-006   9.5448444134649107E-006
   2897.6492167059700        7.1435544116929064E-006   7.1288787712046616E-006   7.7502997555504395E-006
   3000.0000000000000        5.7995310008064024E-006   5.7885335984187958E-006   6.2931381949190742E-006
