         200   4370.0000000000000     
   3.0000000000000000        6.0976072468013429E-003  0.12552327765577576        5.5944655087761235E-003
   3.1059655287322618        6.5689354633220540E-003  0.12552327765577576        6.0820949314233539E-003
   3.2156739552243598        7.0766556783918959E-003  0.12552327765577576        6.6148635799388716E-003
   3.3292574962321346        7.6229594682370371E-003  0.12552327765577576        7.1969770908741348E-003
   3.4468529954360925        8.2100396471269446E-003  0.12552327765577576        7.8330143903006227E-003
   3.5686022069563790        8.8400780456461825E-003  0.12552327765577576        8.5279562811310192E-003
   3.6946518254059528        9.5152337203379990E-003  0.12552327765577576        9.2872133764804153E-003
   3.8251536998800524        1.0237634160352687E-002  0.12552327765577576        1.0116655265540521E-002
   3.9602651907155879        1.1009369773826728E-002  0.12552327765577576        1.1022640500730426E-002
   4.1001490688558144        1.1832488361054027E-002  0.12552327765577576        1.2012042737264549E-002
   4.2449739038313119        1.2708994760003412E-002  0.12552327765577576        1.3092278178085651E-002
   4.3949142193596993        1.3640851431328690E-002  0.12552327765577576        1.4271328687209921E-002
   4.5501507036585132        1.4629981090262281E-002  0.12552327765577576        1.5557760996070407E-002
   4.7108703059600501        1.5678269679903184E-002  0.12552327765577576        1.6960738951567921E-002
   4.8772669425686850        1.6787573635747705E-002  0.12552327765577576        1.8490033200693638E-002
   5.0495410155906377        1.7959718764163409E-002  0.12552327765577576        2.0156010092102425E-002
   5.2279001269311909        1.9196505301504598E-002  0.12552327765577576        2.1969617720424779E-002
   5.4125592113782046        2.0499706647127504E-002  0.12552327765577576        2.3942350453649067E-002
   5.6037407956130689        2.1871065449881200E-002  0.12552327765577576        2.6086194227975291E-002
   5.8016752663703963        2.3312285537264721E-002  0.12552327765577576        2.8413547387322647E-002
   6.0066011480696169        2.4825019129512238E-002  0.12552327765577576        3.0937112440928990E-002
   6.2187653902530293        2.6410849028949763E-002  0.12552327765577576        3.3669753822813439E-002
   6.4384236651766908        2.8071265757957830E-002  0.12552327765577576        3.6624316629807994E-002
   6.6658406759127811        2.9807639918211237E-002  0.12552327765577576        3.9813401482690768E-002
   6.9012904753346884        3.1621190338876559E-002  0.12552327765577576        4.3249091208947120E-002
   7.1450567963692624        3.3512948851102120E-002  0.12552327765577576        4.6942626112515429E-002
   7.3974330131920443        3.5483719770018650E-002  0.12552327765577576        5.0904020232890076E-002
   7.6587243988323896        3.7534056176153061E-002  0.12552327765577576        5.5141662093386348E-002
   7.9292442763577622        3.9664188497256905E-002  0.12552327765577576        5.9661769742713457E-002
   8.2093202460023029        4.1874033573491370E-002  0.12552327765577576        6.4467969743090270E-002
   8.4992881560440416        4.4163110123184954E-002  0.12552327765577576        6.9560648190333071E-002
   8.7994991583321234        4.6530561117128028E-002  0.12552327765577576        7.4936517147350903E-002
   9.1103132457223861        4.8975074349054327E-002  0.12552327765577576        8.0587965951294291E-002
   9.4321068148357909        5.1494919058452666E-002  0.12552327765577576        8.6502711714120800E-002
   9.7652657388916850        5.4087874523849423E-002  0.12552327765577576        9.2663275643794507E-002
   10.110193474162946        5.6751282663318928E-002  0.12552327765577576        9.9046859488320593E-002
   10.467303634806061        5.9481985689376148E-002  0.12552327765577576       0.10562510126870218     
   10.837027566606025        6.2276386061326038E-002  0.12552327765577576       0.11236430822187732     
   11.219811965471335        6.5130434520620492E-002  0.12552327765577576       0.11922573208529949     
   11.616115840724994        6.8039619953642314E-002  0.12552327765577576       0.12616607867034060     
   12.026419117330413        7.0999049834465505E-002  0.12552327765577576       0.13313846502381080     
   12.451213803399156        7.4003406249715464E-002  0.12552327765577576       0.14009329094013354     
   12.891014326336300        7.7047044680741333E-002  0.12552327765577576       0.14697962072848944     
   13.346348065368609        8.0123954707387757E-002  0.12552327765577576       0.15374635986870272     
   13.817766430769083        8.3227866912501086E-002  0.12552327765577576       0.16034381107544804     
   14.305834715756038        8.6352217362105424E-002  0.12552327765577576       0.16672488132107433     
   14.811143972217785        8.9490260911641389E-002  0.12552327765577576       0.17284649895521084     
   15.334300133051286        9.2635039142572193E-002  0.12552327765577576       0.17867054724856171     
   15.875936741648431        9.5779498704357771E-002  0.12552327765577576       0.18416485976949012     
   16.436703292225193        9.8916462667643229E-002  0.12552327765577576       0.18930366259517281     
   17.017278874447534       0.10203875253648521       0.12552327765577576       0.19406799840825101     
   17.618359675531394       0.10513916284943839       0.12552327765577576       0.19844561983930420     
   18.240671728221173       0.10821057609331355       0.12552327765577576       0.20243085266095279     
   18.884968846184627       0.11124599418101820       0.12552327765577576       0.20602410667194337     
   19.552019805756849       0.11423852688470232       0.12552327765577576       0.20923119203466331     
   20.242632201214423       0.11718155061119562       0.12552168164683100       0.21206271687806033     
   20.957638264717446       0.12006868605728541       0.12551729648519061       0.21453321573474224     
   21.697899624358065       0.12289386492701278       0.12551320543417804       0.21666038531627896     
   22.464312967141105       0.12565139281073043       0.12550938874607981       0.21846430319891824     
   23.257792778673313       0.12833592851570394       0.12550582806322810       0.21996667380527515     
   24.079299719823517       0.13094262370456494       0.12550250619361861       0.22119024843542362     
   24.929823759061236       0.13346709517120128       0.12549940712016500       0.22215822395889104     
   25.810395145829254       0.13590548997696172       0.12549651588348040       0.22289379333125328     
   26.722064579292049       0.13825445835700373       0.12549381857717243       0.22341975547358370     
   27.665935811728254       0.14051126627428509       0.12549130217786780       0.22375825249642758     
   28.643146268414043       0.14267375798907966       0.12548895455222309       0.22393053926191070     
   29.654879655490589       0.14474039859522805       0.12548676436812861       0.22395684335272287     
   30.702343174827575       0.14666757726592602       0.12216641304318801       0.22378846234485739     
   31.786804983723918       0.14847251411835247       0.11746632845487850       0.22346999225790856     
   32.909571928103169       0.15017580219833018       0.11308147622111975       0.22305040493638120     
   34.072004028335677       0.15177803635068476       0.10899069043486255       0.22254501150653583     
   35.275488300232773       0.15328036122159513       0.10517429506164870       0.22196799504557085     
   36.521481794408061       0.15468450729662533       0.10161386344329712       0.22133243878250877     
   37.811486012809581       0.15599272515559562        9.8292228217048902E-002  0.22065039008610129     
   39.147055493126302       0.15720776209892898        9.5193373426695801E-002  0.21993291176910176     
   40.529808025860810       0.15833282959655995        9.2302340740929911E-002  0.21919012999452112     
   41.961393513511240       0.15937153272811055        8.9605224748488282E-002  0.21843130033625793     
   43.443545167355794       0.16032786077229233        8.7089002995037093E-002  0.21766482390356992     
   44.978049075047366       0.16120610612945441        8.4741542993211627E-002  0.21689830100131502     
   46.566763998623138       0.16201081810729864        8.2551513432958135E-002  0.21613855162647735     
   48.211585595230147       0.16274672344037852        8.0508380617490133E-002  0.21539165611566113     
   49.914505239722644       0.16341869173432463        7.8602279711975614E-002  0.21466294460128046     
   51.677575059319224       0.16403165139227560        7.6824020053818637E-002  0.21395702636703751     
   53.502930680545909       0.16459053271593052        7.5165017892273533E-002  0.21327778836218150     
   55.392750120602578       0.16510019049023669        7.3617293688590574E-002  0.21262841509471556     
   57.349321371645829       0.16556536100927421        7.2173374583678451E-002  0.21201136665156001     
   59.375002227322796       0.16599058852452767        7.0826298420775050E-002  0.21142839691755697     
   61.472246417894510       0.16638017490430440        6.9569562794022557E-002  0.21088054944036280     
   63.643556378429672       0.16673811973646618        6.8397123003260493E-002  0.21036817607643088     
   65.891560899834928       0.16706808957545805        6.7303318170841550E-002  0.20989092767407028     
   68.218968971510208       0.16737337128811894        6.6282874288904226E-002  0.20944778338178938     
   70.628585269218178       0.16752641700321808        6.5301193560610732E-002  0.20883861289370939     
   73.123328588587739       0.16726778337855064        6.4302700622189402E-002  0.20766790515246861     
   75.706175661273647       0.16696654744836856        6.3371181831061177E-002  0.20649548649415425     
   78.380253523498894       0.16662553562705815        6.2502139545689228E-002  0.20532128184206624     
   81.148784610322849       0.16624760071911801        6.1691383497654836E-002  0.20414545751259994     
   84.015122474940881       0.16583563858965750        6.0935000125853511E-002  0.20296844833571315     
   86.982687236203873       0.16539261359461979        6.0229351345559165E-002  0.20179101003782948     
   90.055071705548812       0.16492155313555298        5.9571030080827238E-002  0.20061418513634802     
   93.235978303002270       0.16442555964969138        5.8956862098538051E-002  0.19943932266417105     
   96.529260096906100       0.16390780050186726        5.8383882778281694E-002  0.19826804147571345     
   99.938826062156153       0.16337151219034948        5.7849339241342744E-002  0.19710222950605891     
   103.46886588546354       0.16281994811140796        5.7350641358143009E-002  0.19594392200644997     
   107.12359379692580       0.16225639673396636        5.6885391087496288E-002  0.19479533844094196     
   110.90736836557576       0.16168413609821727        5.6451350073377288E-002  0.19365878276264398     
   114.82483910697920       0.16110638290480159        5.6046415170969636E-002  0.19253654396435912     
   118.88068277378797       0.16052630188212369        5.5668639208235185E-002  0.19143091833948528     
   123.07973629915718       0.15994695393088343        5.5316204674995414E-002  0.19034411273096818     
   127.42715949490271       0.15937124476819625        5.4987403850464148E-002  0.18927815657574137     
   131.92808807993632       0.15880194434673151        5.4680659174906832E-002  0.18823494817548747     
   136.58805281121437       0.15824160669745038        5.4394484317645660E-002  0.18721611822546408     
   141.41261684513370       0.15769259519812739        5.4127503176801761E-002  0.18622309019764977     
   146.40753387824964       0.15715704343431111        5.3878431284889963E-002  0.18525702362769711     
   151.57894168226974       0.15663682253182087        5.3646061764584328E-002  0.18431877129804006     
   156.93294936957258       0.15613357500257852        5.3429279725739715E-002  0.18340895658083345     
   162.47613596373097       0.15564865916754070        5.3227034751445183E-002  0.18252788922543292     
   168.21511902855468       0.15518318867839553        5.3038354325485156E-002  0.18167565220380522     
   174.15674278185460       0.15152461609149112        5.2478888415191244E-002  0.17751248372803491     
   180.30830831190286       0.14676694509658991        5.1795132225536542E-002  0.17221674106675500     
   186.67715947709803       0.14234378454579094        5.1157235488834704E-002  0.16727723532791153     
   193.27089166569760       0.13823259362577470        5.0562129233192067E-002  0.16266909662217202     
   200.09760727912413       0.13441198960723810        5.0006929872504977E-002  0.15836892674901468     
   207.16537088595135       0.13086201132779718        4.9488973605191222E-002  0.15435506274492192     
   214.48286737908427       0.12756368937561913        4.9005750675252598E-002  0.15060706380322303     
   222.05883252794877       0.12449928515004619        4.8554937454442108E-002  0.14710595422811121     
   229.90230130529540       0.12165208997904479        4.8134365044528470E-002  0.14383397254977973     
   238.02291179328489       0.11900627562651028        4.7741995562788513E-002  0.14077437701298182     
   246.43025707061713       0.11654706527629367        4.7375946452216280E-002  0.13791162314870703     
   255.13466811288930       0.11426042334797158        4.7034444022620053E-002  0.13523098831538849     
   264.14653641505117       0.11213320831623109        4.6715846123674284E-002  0.13271873497598111     
   273.47660938458705       0.11015302128714760        4.6418619955568410E-002  0.13036192396187857     
   283.13635184814427       0.10830809059071347        4.6141325309532889E-002  0.12814826885079866     
   293.13729579387660       0.10658736136371641        4.5882628785117924E-002  0.12606623854154797     
   303.49136818478553       0.10498037006773669        4.5641285772785943E-002  0.12410490795637787     
   314.21129214162710       0.10347714874093303        4.5416126845480895E-002  0.12225384411699747     
   325.30973137660959       0.10206831374812719        4.5206071708898982E-002  0.12050322243404878     
   336.80032369109853       0.10074488492256700        4.5010102541320061E-002  0.11884361554322601     
   348.69678677735646        9.9498371917421377E-002   4.4827277004404795E-002  0.11726611539374089     
   361.01330816366544        9.8320690944168829E-002   4.4656715509966104E-002  0.11576224906385514     
   373.76502243504467        9.7136066985379965E-002   4.4416171124269772E-002  0.11420930090165671     
   386.96715283564077        9.5767296900952509E-002   4.3902721092286906E-002  0.11231611332596809     
   400.63544401132759        9.4464415114606098E-002   4.3423713584625448E-002  0.11050965774450024     
   414.78669160661980        9.3219620764744937E-002   4.2976827571419803E-002  0.10878057992197107     
   429.43761284149554        9.2025564063909118E-002   4.2559918929759410E-002  0.10712025176694119     
   444.60621081975989        9.0875221859255048E-002   4.2170967529702577E-002  0.10552061688356772     
   460.31059410826708        8.9761996103526281E-002   4.1808103057562072E-002  0.10397434277187735     
   476.56949149896485        8.8679670274168898E-002   4.1469579743525817E-002  0.10247477106651069     
   493.40288198244309        8.7622376193759260E-002   4.1153757273591184E-002  0.10101587689732416     
   510.83065126063684        8.6584688263465645E-002   4.0859120357117112E-002   9.9592397652679507E-002
   528.87421463804299        8.5561528956993996E-002   4.0584241331547866E-002   9.8199693486997447E-002
   547.55511287104378        8.4548262016016007E-002   4.0327798412198412E-002   9.6833858216189644E-002
   566.89562449487210        8.3540661025499091E-002   4.0088557831804136E-002   9.5491650332990424E-002
   586.91951519858117        8.2534879097095365E-002   3.9865360350638562E-002   9.4170420966640536E-002
   607.65068989177485        8.1527523919856168E-002   3.9657132700154814E-002   9.2868175038364517E-002
   629.11387223602765        8.0515623328160382E-002   3.9462873080578380E-002   9.1583480324026939E-002
   651.33543626567803        7.9496588134309154E-002   3.9281640207333560E-002   9.0315373980021749E-002
   674.34163286578985        7.8468292600546705E-002   3.9112564539767372E-002   8.9063414840357624E-002
   698.16073213207346        7.7428971058368934E-002   3.8954826822090338E-002   8.7827505834937827E-002
   722.82116976782140        7.5961705899285831E-002   3.8392572409724067E-002   8.5842686608530297E-002
   748.35235540965130        7.4382413029568634E-002   3.7741478047726019E-002   8.3690676835906877E-002
   774.78566186873422        7.2823799313628215E-002   3.7134045055548917E-002   8.1617767363102958E-002
   802.15264573967897        7.1283321275970937E-002   3.6567352527806872E-002   7.9621061262336562E-002
   830.48594444209971        6.9758929559233906E-002   3.6038674061713780E-002   7.7698085830794128E-002
   859.82037403360118        6.8248983787300516E-002   3.5545447946880006E-002   7.5846653383087478E-002
   890.19058800385733        6.6752346214041386E-002   3.5085307724339362E-002   7.4064951116478497E-002
   921.63390537915473        6.5268205564341625E-002   3.4656023785616406E-002   7.2351305354753107E-002
   954.18786380243341        6.3796168855469335E-002   3.4255531873772498E-002   7.0704279497053046E-002
   987.89128659474920        6.2336174882574945E-002   3.3881905190393045E-002   6.9122562813074995E-002
   1022.7855886411724        6.0888410816961384E-002   3.3533333328173230E-002   6.7604880968114664E-002
   1058.9119914466876        5.9453401705998998E-002   3.3208143867539633E-002   6.6150095712523255E-002
   1096.3148872627712        5.8031842733662117E-002   3.2904761103648247E-002   6.4757037452908714E-002
   1135.0389283928459        5.6624689517299209E-002   3.2621726188592159E-002   6.3424610274848081E-002
   1175.1302964981960        5.5233078362120769E-002   3.2357677418902699E-002   6.2151724304727089E-002
   1216.6382559936744        5.3858251067310556E-002   3.2111335346824227E-002   6.0937245312739322E-002
   1259.6123598874483        5.2501629123134656E-002   3.1881515410611960E-002   5.9780080555838680E-002
   1304.1038583964914        5.1164740029791364E-002   3.1667111928288978E-002   5.8679128664698967E-002
   1350.1674228314519        4.9849149255881894E-002   3.1467086008234987E-002   5.7633244138711806E-002
   1397.8574692241625        4.6547763581965128E-002   2.9985852158848064E-002   5.4361578441522250E-002
   1447.2325992722181        4.3290180235931085E-002   2.8468168404284740E-002   5.1115814758882813E-002
   1498.3517579647787        4.0275404913137185E-002   2.7052275533362185E-002   4.8123206112183653E-002
   1551.2759091786245        3.6745439866545326E-002   2.5253012766379625E-002   4.4473659745481627E-002
   1606.0700862978565        3.3497723194127749E-002   2.3559295958544026E-002   4.1092082107183778E-002
   1662.7990190437411        3.0534034195248822E-002   2.1979194651173144E-002   3.7984515916116672E-002
   1721.5324161293761        2.7831697982355203E-002   2.0505052466722774E-002   3.5128265785610950E-002
   1782.3403946248577        2.5369669578328095E-002   1.9129780837561866E-002   3.2502564967170619E-002
   1845.2954731357936        2.3128341602364134E-002   1.7846763222589865E-002   3.0088321278330579E-002
   1910.4750110852074        2.1089404221820297E-002   1.6649782762666061E-002   2.7867918953823012E-002
   1977.9568210713478        1.9235932248534870E-002   1.5533083651442275E-002   2.5825272361828678E-002
   2047.8213808026539        1.7552224629747332E-002   1.4491293360750468E-002   2.3945619660079749E-002
   2120.1545400970977        1.6023685082520962E-002   1.3519363897939741E-002   2.2215361332453745E-002
   2195.0417479108573        1.4636889623522515E-002   1.2612632024137297E-002   2.0622114507140125E-002
   2272.5750259096239        1.3379374952854614E-002   1.1766704171965637E-002   1.9154457314713585E-002
   2352.8469348264384        1.2239694094157162E-002   1.0977512608437781E-002   1.7801980890865887E-002
   2435.9532056335870        1.1207299161671869E-002   1.0241260470224705E-002   1.6555148197607825E-002
   2521.9959596104222        1.0272451673915163E-002   9.5543802491472631E-003   1.5405183298924261E-002
   2611.0779162676686        9.4262390354870225E-003   8.9135690094690450E-003   1.4344092922929380E-002
   2703.3053132971791        8.6604787504482132E-003   8.3157437573907894E-003   1.3364555510172946E-002
   2798.7914800504532        7.9676441712867082E-003   7.7580077319174857E-003   1.2459834150918971E-002
   2897.6492167059700        7.3408767808519054E-003   7.2376849607546038E-003   1.1623803305686378E-002
   3000.0000000000000        6.7738735214802779E-003   6.7522542210145262E-003   1.0850814463181830E-002
