         200   4370.0000000000000     
   3.0000000000000000        1.4029233116798368E-003   3.0377459048274796E-003   2.3535954777306137E-003
   3.1059655287322618        1.4426783547236127E-003   3.0377459048274796E-003   2.3763919190135339E-003
   3.2156739552243598        1.4822634312346757E-003   3.0377459048274796E-003   2.3992305083746844E-003
   3.3292574962321346        1.5216177592364572E-003   3.0377459048274796E-003   2.4220520696518590E-003
   3.4468529954360925        1.5606812500393915E-003   3.0377459048274796E-003   2.4447976585301153E-003
   3.5686022069563790        1.5993945739539762E-003   3.0377459048274796E-003   2.4674086904889953E-003
   3.6946518254059528        1.6376991689868419E-003   3.0377459048274796E-003   2.4898270698889397E-003
   3.8251536998800524        1.6755373496904725E-003   3.0377459048274796E-003   2.5119954131465013E-003
   3.9602651907155879        1.7128524925383772E-003   3.0377459048274796E-003   2.5338573518270684E-003
   4.1001490688558144        1.7495891333747307E-003   3.0377459048274796E-003   2.5553578158132350E-003
   4.2449739038313119        1.7856932491675888E-003   3.0377459048274796E-003   2.5764434504008116E-003
   4.3949142193596993        1.8211125091816016E-003   3.0377459048274796E-003   2.5970630335007522E-003
   4.5501507036585132        1.8557965735620868E-003   3.0377459048274796E-003   2.6171679289268570E-003
   4.7108703059600501        1.8896973917580369E-003   3.0377459048274796E-003   2.6367125372254076E-003
   4.8772669425686850        1.9227696402302273E-003   3.0377459048274796E-003   2.6556548126386078E-003
   5.0495410155906377        1.9549709127678963E-003   3.0377459048274796E-003   2.6739566119388957E-003
   5.2279001269311909        1.9862621547641940E-003   3.0377459048274796E-003   2.6915841477622533E-003
   5.4125592113782046        2.0166079517059498E-003   3.0377459048274796E-003   2.7085083122698906E-003
   5.6037407956130689        2.0459768134823918E-003   3.0377459048274796E-003   2.7247049457536279E-003
   5.8016752663703963        2.0743414199067647E-003   3.0377459048274796E-003   2.7401550254062181E-003
   6.0066011480696169        2.1016788198377468E-003   3.0377459048274796E-003   2.7548447677271776E-003
   6.2187653902530293        2.1279705780895327E-003   3.0377459048274796E-003   2.7687656417645884E-003
   6.4384236651766908        2.1532028662493608E-003   3.0377459048274796E-003   2.7819142940677401E-003
   6.6658406759127811        2.1773664954762347E-003   3.0377459048274796E-003   2.7942923896316228E-003
   6.9012904753346884        2.2004568912424795E-003   3.0377459048274796E-003   2.8059063760748687E-003
   7.1450567963692624        2.2224740117225568E-003   3.0377459048274796E-003   2.8167671806804289E-003
   7.3974330131920443        2.2434221828008974E-003   3.0377459048274796E-003   2.8268898371945394E-003
   7.6587243988323896        2.2633100661242369E-003   3.0377459048274796E-003   2.8362931561024957E-003
   7.9292442763577622        2.2821501029043809E-003   3.0377459048274796E-003   2.8449991349366040E-003
   8.2093202460023029        2.2999586893772588E-003   3.0377459048274796E-003   2.8530327145369133E-003
   8.4992881560440416        2.3167554365891834E-003   3.0377459048274796E-003   2.8604211157954727E-003
   8.7994991583321234        2.3325632770627978E-003   3.0377459048274796E-003   2.8671935791413287E-003
   9.1103132457223861        2.3474077338776003E-003   3.0377459048274796E-003   2.8733807517580538E-003
   9.4321068148357909        2.3613169545643044E-003   3.0377459048274796E-003   2.8790144337987140E-003
   9.7652657388916850        2.3743210141676688E-003   3.0377459048274796E-003   2.8841270447661329E-003
   10.110193474162946        2.3864519041983034E-003   3.0377459048274796E-003   2.8887514042585495E-003
   10.467303634806061        2.3977428905934549E-003   3.0377459048274796E-003   2.8929202929839043E-003
   10.837027566606025        2.4082284519719110E-003   3.0377459048274796E-003   2.8966662728926820E-003
   11.219811965471335        2.4179438580840163E-003   3.0377459048274796E-003   2.9000213990369667E-003
   11.616115840724994        2.4269248118462977E-003   3.0377459048274796E-003   2.9030169915510713E-003
   12.026419117330413        2.4352073867212986E-003   3.0377459048274796E-003   2.9056835349531764E-003
   12.451213803399156        2.4428275798350193E-003   3.0377459048274796E-003   2.9080504730363012E-003
   12.891014326336300        2.4498213026619294E-003   3.0377459048274796E-003   2.9101461705268402E-003
   13.346348065368609        2.4562240213225075E-003   3.0377459048274796E-003   2.9119977834344201E-003
   13.817766430769083        2.4620707725730067E-003   3.0377459048274796E-003   2.9136312620918659E-003
   14.305834715756038        2.4673958885444778E-003   3.0377459048274796E-003   2.9150712830214882E-003
   14.811143972217785        2.4722330394087505E-003   3.0377459048274796E-003   2.9163412845922511E-003
   15.334300133051286        2.4766150347156537E-003   3.0377459048274796E-003   2.9174634468537297E-003
   15.875936741648431        2.4805738891212192E-003   3.0377459048274796E-003   2.9184587515511578E-003
   16.436703292225193        2.4841406883084941E-003   3.0377459048274796E-003   2.9193469977596355E-003
   17.017278874447534        2.4873456706702456E-003   3.0377459048274796E-003   2.9201468792090226E-003
   17.618359675531394        2.4902181439370279E-003   3.0377459048274796E-003   2.9208760254670154E-003
   18.240671728221173        2.4927865680393524E-003   3.0377459048274796E-003   2.9215510892700298E-003
   18.884968846184627        2.4950785527583542E-003   3.0377459048274796E-003   2.9221878168828688E-003
   19.552019805756849        2.4971208480935305E-003   3.0377459048274796E-003   2.9228011174911362E-003
   20.242632201214423        2.4989394678888673E-003   3.0377066750364953E-003   2.9234050865454436E-003
   20.957638264717446        2.5005596865779224E-003   3.0376083747355666E-003   2.9240131656179708E-003
   21.697899624358065        2.5020061182837441E-003   3.0375285563916492E-003   2.9246384841976544E-003
   22.464312967141105        2.5033028034715764E-003   3.0374637447689846E-003   2.9252935681529806E-003
   23.257792778673313        2.5044732758103950E-003   3.0374111190663872E-003   2.9259905860395279E-003
   24.079299719823517        2.5055407245647495E-003   3.0373683877991469E-003   2.9267414838704303E-003
   24.929823759061236        2.5065281008227244E-003   3.0373336906623890E-003   2.9275580869067802E-003
   25.810395145829254        2.5074582900085703E-003   3.0373055169666601E-003   2.9284522311635725E-003
   26.722064579292049        2.5083542685831839E-003   3.0372826405060576E-003   2.9294358680651412E-003
   27.665935811728254        2.5092393305558495E-003   3.0372640651692303E-003   2.9305212250405909E-003
   28.643146268414043        2.5101372674820300E-003   3.0372489822792560E-003   2.9317209140757514E-003
   29.654879655490589        2.5110725818610112E-003   3.0372367351374878E-003   2.9330480717736744E-003
   30.702343174827575        2.5102602837458478E-003   2.8250695367720920E-003   2.9318374029937417E-003
   31.786804983723918        2.5087679888019551E-003   2.5572637623201893E-003   2.9296462403493092E-003
   32.909571928103169        2.5075246713978172E-003   2.3398095611990963E-003   2.9278260444331105E-003
   34.072004028335677        2.5065275941824512E-003   2.1632391271583095E-003   2.9263481264489195E-003
   35.275488300232773        2.5057784093286063E-003   2.0198675717609696E-003   2.9251892038954798E-003
   36.521481794408061        2.5052826148217809E-003   1.9034520571731064E-003   2.9243307768634349E-003
   37.811486012809581        2.5050490575077421E-003   1.8089244362709184E-003   2.9237586328119207E-003
   39.147055493126302        2.5050893820715370E-003   1.7321694509490721E-003   2.9234623364103336E-003
   40.529808025860810        2.5054174636275116E-003   1.6698452419744824E-003   2.9234347550666845E-003
   41.961393513511240        2.5060488033264079E-003   1.6192392680574052E-003   2.9236716027071824E-003
   43.443545167355794        2.5069999256814887E-003   1.5781479896762117E-003   2.9241709985679976E-003
   44.978049075047366        2.5082877479723838E-003   1.5447824988397460E-003   2.9249330398508169E-003
   46.566763998623138        2.5099289684864896E-003   1.5176900850413233E-003   2.9259593847219345E-003
   48.211585595230147        2.5119394156519425E-003   1.4956916030935974E-003   2.9272528060818610E-003
   49.914505239722644        2.5143335234222566E-003   1.4778291715324776E-003   2.9288168062869021E-003
   51.677575059319224        2.5171237511400295E-003   1.4633251497534355E-003   2.9306551671652234E-003
   53.502930680545909        2.5203201193486303E-003   1.4515480426308366E-003   2.9327715323565415E-003
   55.392750120602578        2.5239296975963538E-003   1.4419852742352044E-003   2.9351689070798992E-003
   57.349321371645829        2.5279563493453118E-003   1.4342204522621370E-003   2.9378492714853877E-003
   59.375002227322796        2.5324003584989330E-003   1.4279155353407020E-003   2.9408130572795032E-003
   61.472246417894510        2.5372582467376526E-003   1.4227960117275899E-003   2.9440586953745958E-003
   63.643556378429672        2.5425224941506121E-003   1.4186390640070251E-003   2.9475820510931443E-003
   65.891560899834928        2.5481816171474638E-003   1.4152636859087481E-003   2.9513760633279183E-003
   68.218968971510208        2.5542200246344493E-003   1.4125229304140406E-003   2.9554302189908517E-003
   70.628585269218178        2.5577433143700325E-003   1.4094759436851696E-003   2.9555740009025726E-003
   73.123328588587739        2.5538257284967083E-003   1.4048657447157048E-003   2.9447126478992017E-003
   75.706175661273647        2.5509361286199369E-003   1.4011223581145806E-003   2.9351421367265784E-003
   78.380253523498894        2.5489357296927411E-003   1.3980827853327727E-003   2.9267129723291171E-003
   81.148784610322849        2.5477003578456901E-003   1.3956146986293745E-003   2.9192922056057538E-003
   84.015122474940881        2.5471189166428035E-003   1.3936106392080261E-003   2.9127614762328004E-003
   86.982687236203873        2.5470921405593215E-003   1.3919833842380264E-003   2.9070155363878965E-003
   90.055071705548812        2.5475315266168365E-003   1.3906620780404810E-003   2.9019605997403471E-003
   93.235978303002270        2.5483584740570078E-003   1.3895891975762298E-003   2.8975132664664756E-003
   96.529260096906100        2.5495035481456962E-003   1.3887180303682853E-003   2.8935993895501961E-003
   99.938826062156153        2.5509058132085062E-003   1.3880106643134225E-003   2.8901532553599102E-003
   103.46886588546354        2.5525123732761997E-003   1.3874362870365143E-003   2.8871165423104274E-003
   107.12359379692580        2.5542777818963512E-003   1.3869699020309259E-003   2.8844378874081284E-003
   110.90736836557576        2.5561636366704527E-003   1.3865912090332538E-003   2.8820721202882029E-003
   114.82483910697920        2.5581382284480085E-003   1.3862837124389640E-003   2.8799796378471553E-003
   118.88068277378797        2.5601759843683390E-003   1.3860340302063753E-003   2.8781260594207807E-003
   123.07973629915718        2.5622571004690503E-003   1.3858312944580353E-003   2.8764816519076561E-003
   127.42715949490271        2.5643671691030555E-003   1.3856666741652341E-003   2.8750208304262341E-003
   131.92808807993632        2.5664965290802511E-003   1.3855330065914296E-003   2.8737218526855911E-003
   136.58805281121437        2.5686399595184822E-003   1.3854244692697326E-003   2.8725662551256676E-003
   141.41261684513370        2.5707959679045905E-003   1.3853363387300672E-003   2.8715385529667517E-003
   146.40753387824964        2.5729663022934579E-003   1.3852647789289315E-003   2.8706257866648248E-003
   151.57894168226974        2.4472247316087749E-003   1.3331695363439000E-003   2.7335553325177277E-003
   156.93294936957258        2.0781707461486405E-003   1.1822395923360787E-003   2.3377859281986978E-003
   162.47613596373097        1.7785146122705790E-003   1.0596853226660236E-003   2.0164209266131513E-003
   168.21511902855468        1.5352837637102748E-003   9.6017324925550820E-004   1.7554699659736302E-003
   174.15674278185460        1.3379247413711998E-003   8.7937192645833355E-004   1.5435723005442097E-003
   180.30830831190286        1.1778483007862976E-003   8.1376170465059696E-004   1.3714974960335072E-003
   186.67715947709803        1.0480761492708823E-003   7.6048727180881104E-004   1.2317583588967588E-003
   193.27089166569760        9.4293334633655348E-004   7.1722976046013638E-004   1.1182752256063103E-003
   200.09760727912413        8.5780281513285364E-004   6.8210490338865924E-004   1.0261086100210113E-003
   207.16537088595135        7.8893534194108769E-004   6.5358439510089430E-004   9.5125276096116179E-004
   214.48286737908427        7.3328001778384720E-004   6.3042590202118842E-004   8.9045193753690900E-004
   222.05883252794877        6.8835921817955378E-004   6.1162158235424362E-004   8.4106527712656898E-004
   229.90230130529540        6.5215877847476632E-004   5.9635294357187295E-004   8.0094831423492378E-004
   238.02291179328489        6.2304040844687858E-004   5.8395489435022487E-004   7.6835864290834691E-004
   246.43025707061713        5.9967382868342212E-004   5.7388798746264586E-004   7.4188309585022808E-004
   255.13466811288930        5.8097648206006610E-004   5.6571371542170617E-004   7.2037293742065894E-004
   264.14653641505117        5.6606895270963989E-004   5.5907633949342939E-004   7.0289622012254167E-004
   273.47660938458705        5.5423597698444325E-004   5.5368695570786198E-004   6.8869601040282154E-004
   283.13635184814427        5.4489539287865430E-004   5.4931080624226946E-004   6.7715713404974804E-004
   293.13729579387660        5.3757392770407758E-004   5.4575744406200441E-004   6.6778041603397223E-004
   303.49136818478553        5.3188633245296584E-004   5.4287220255609669E-004   6.6016033763915299E-004
   314.21129214162710        5.2751878030502452E-004   5.4052940260408927E-004   6.5396725128268290E-004
   325.30973137660959        5.2421590118145636E-004   5.3862710744850069E-004   6.4893365937089293E-004
   336.80032369109853        5.2176948092086037E-004   5.3708245443068647E-004   6.4484199492508335E-004
   348.69678677735646        5.2000994755561469E-004   5.3582822130673359E-004   6.4151564569767745E-004
   361.01330816366544        5.1879905943923144E-004   5.3480981527781165E-004   6.3881107814534044E-004
   373.76502243504467        5.1691099435974557E-004   5.3249148936162160E-004   6.3462335937525412E-004
   386.96715283564077        5.1185605633062418E-004   5.2566524550772269E-004   6.2463237914711200E-004
   400.63544401132759        5.0789590554192808E-004   5.2012250567498206E-004   6.1652171197866654E-004
   414.78669160661980        5.0481984531527632E-004   5.1562183195752757E-004   6.0993719351476352E-004
   429.43761284149554        5.0245582298865342E-004   5.1196739709967226E-004   6.0459163212510142E-004
   444.60621081975989        5.0066318273541007E-004   5.0900001645161721E-004   6.0025162853609014E-004
   460.31059410826708        4.9932719908086078E-004   5.0659055163508062E-004   5.9672788063083813E-004
   476.56949149896485        4.9835431299652215E-004   5.0463412627143396E-004   5.9386668770153707E-004
   493.40288198244309        4.9766830872824148E-004   5.0304551982768484E-004   5.9154318664867268E-004
   510.83065126063684        4.9720726090532040E-004   5.0175561099893612E-004   5.8965612967344855E-004
   528.87421463804299        4.9692090357835903E-004   5.0070821225054862E-004   5.8812323887958372E-004
   547.55511287104378        4.9676857337678504E-004   4.9985774150464776E-004   5.8687778887029599E-004
   566.89562449487210        4.9671746008077625E-004   4.9916718046100607E-004   5.8586561121682149E-004
   586.91951519858117        4.9674119453712456E-004   4.9860644875914439E-004   5.8504270900596107E-004
   607.65068989177485        4.9681868673314420E-004   4.9815114373852006E-004   5.8437340788908699E-004
   629.11387223602765        4.9693316287472626E-004   4.9778144741242003E-004   5.8382875266845100E-004
   651.33543626567803        4.9707138394857191E-004   4.9748125606508496E-004   5.8338523028355195E-004
   674.34163286578985        4.9722298638623871E-004   4.9723750817474586E-004   5.8302378411475230E-004
   698.16073213207346        4.9737996000890261E-004   4.9703958625222505E-004   5.8272893622619154E-004
   722.82116976782140        4.9021291558657375E-004   4.8955533331906703E-004   5.6847082228317076E-004
   748.35235540965130        4.8233619024394124E-004   4.8139696679117743E-004   5.5290853084058510E-004
   774.78566186873422        4.7596002824327837E-004   4.7477241883882347E-004   5.4027067005324089E-004
   802.15264573967897        4.7079845672239723E-004   4.6939339366147920E-004   5.3000756070446613E-004
   830.48594444209971        4.6661958605452114E-004   4.6502575931528723E-004   5.2167280437859871E-004
   859.82037403360118        4.6323533162816318E-004   4.6147926467499328E-004   5.1490367401964320E-004
   890.19058800385733        4.6049345697098077E-004   4.5859959944033560E-004   5.0940597344147380E-004
   921.63390537915473        4.5827051968497977E-004   4.5626132738937057E-004   5.0494056110772685E-004
   954.18786380243341        4.5646665838062979E-004   4.5436268852010712E-004   5.0131343895957851E-004
   987.89128659474920        4.5500103791383978E-004   4.5282104109087832E-004   4.9836706080540227E-004
   1022.7855886411724        4.5380821907797152E-004   4.5156923200806394E-004   4.9597341103649404E-004
   1058.9119914466876        4.5283534856752018E-004   4.5055279424011731E-004   4.9402866123388826E-004
   1096.3148872627712        4.5203966941119510E-004   4.4972745246228500E-004   4.9244841340317610E-004
   1135.0389283928459        4.5138668205301917E-004   4.4905728836432563E-004   4.9116420230499490E-004
   1175.1302964981960        4.5084853832726883E-004   4.4851313182381385E-004   4.9012042771924829E-004
   1216.6382559936744        4.5040276111053698E-004   4.4807127975895599E-004   4.8927191159244367E-004
   1259.6123598874483        4.5003125270386580E-004   4.4771250306979607E-004   4.8858200518636554E-004
   1304.1038583964914        4.4971943657705143E-004   4.4742118534241593E-004   4.8802094681529607E-004
   1350.1674228314519        4.4945557306941795E-004   4.4718463697849777E-004   4.8756455413319718E-004
   1397.8574692241625        4.0676707111551153E-004   4.0481166431532783E-004   4.4055744484576434E-004
   1447.2325992722181        3.6829097872938249E-004   3.6662769613892684E-004   3.9813314433022443E-004
   1498.3517579647787        3.3704737635628537E-004   3.3562293510934558E-004   3.6368489310352361E-004
   1551.2759091786245        2.7473884073474979E-004   2.7360510568969545E-004   2.9645869796190939E-004
   1606.0700862978565        2.2306101447973177E-004   2.2216289514993348E-004   2.4071709785995692E-004
   1662.7990190437411        1.8110307403284101E-004   1.8039310263363970E-004   1.9545690408750174E-004
   1721.5324161293761        1.4703636592596791E-004   1.4647626492621306E-004   1.5870634417672843E-004
   1782.3403946248577        1.1937734225614415E-004   1.1893634442502915E-004   1.2886584768831189E-004
   1845.2954731357936        9.6921164833411219E-005   9.6574615541692501E-005   1.0463638731337832E-004
   1910.4750110852074        7.8688816972417413E-005   7.8417016863228158E-005   8.4962416090114882E-005
   1977.9568210713478        6.3886096407143937E-005   6.3673342101715254E-005   6.8987636461314555E-005
   2047.8213808026539        5.1868043454453400E-005   5.1701845751648462E-005   5.6016639569094937E-005
   2120.1545400970977        4.2110609649661817E-005   4.1981057728536778E-005   4.5484358189304884E-005
   2195.0417479108573        3.4188777519924182E-005   3.4088020190688141E-005   3.6932480111897353E-005
   2272.5750259096239        2.7757087875490676E-005   2.7678917893007344E-005   2.9988456496827103E-005
   2352.8469348264384        2.2535313821526918E-005   2.2474831082654781E-005   2.4350061652322417E-005
   2435.9532056335870        1.8295899842854818E-005   1.8249242329286640E-005   1.9771854122045928E-005
   2521.9959596104222        1.4853959050218649E-005   1.4818087915234857E-005   1.6054395477170583E-005
   2611.0779162676686        1.2059519094624279E-005   1.2032046344809130E-005   1.3035893510853605E-005
   2703.3053132971791        9.7907981776745872E-006   9.7698500449727918E-006   1.0584954464355969E-005
   2798.7914800504532        7.9488507586571490E-006   7.9329593126580496E-006   8.5948115250244984E-006
   2897.6492167059700        6.4534330591662815E-006   6.4414498312646714E-006   6.9788684198608295E-006
   3000.0000000000000        5.2393244173724166E-006   5.2303524814328887E-006   5.6667332485972046E-006
