         200   4370.0000000000000     
   3.0000000000000000        1.4527510965108659E-003   3.0478787646123777E-003   2.4328009840426700E-003
   3.1059655287322618        1.4937566251808951E-003   3.0478787646123777E-003   2.4558137032368909E-003
   3.2156739552243598        1.5345803126818036E-003   3.0478787646123777E-003   2.4788695191688670E-003
   3.3292574962321346        1.5751599869304250E-003   3.0478787646123777E-003   2.5019092295078659E-003
   3.4468529954360925        1.6154342157029258E-003   3.0478787646123777E-003   2.5248738108690507E-003
   3.5686022069563790        1.6553423630951383E-003   3.0478787646123777E-003   2.5477045308603730E-003
   3.6946518254059528        1.6948245877679647E-003   3.0478787646123777E-003   2.5703430655187910E-003
   3.8251536998800524        1.7338219452838444E-003   3.0478787646123777E-003   2.5927317160920728E-003
   3.9602651907155879        1.7722765703424984E-003   3.0478787646123777E-003   2.6148137107987026E-003
   4.1001490688558144        1.8101317696027968E-003   3.0478787646123777E-003   2.6365334904719330E-003
   4.2449739038313119        1.8473323057557538E-003   3.0478787646123777E-003   2.6578371330815065E-003
   4.3949142193596993        1.8838246514252396E-003   3.0478787646123777E-003   2.6786727814889521E-003
   4.5501507036585132        1.9195572932773379E-003   3.0478787646123777E-003   2.6989911102044961E-003
   4.7108703059600501        1.9544810372723472E-003   3.0478787646123777E-003   2.7187457916008442E-003
   4.8772669425686850        1.9885494586197351E-003   3.0478787646123777E-003   2.7378940303177967E-003
   5.0495410155906377        2.0217190979746821E-003   3.0478787646123777E-003   2.7563969284923186E-003
   5.2279001269311909        2.0539499099074049E-003   3.0478787646123777E-003   2.7742199568364582E-003
   5.4125592113782046        2.0852055619793638E-003   3.0478787646123777E-003   2.7913332944015014E-003
   5.6037407956130689        2.1154537301417723E-003   3.0478787646123777E-003   2.8077121120347621E-003
   5.8016752663703963        2.1446663546415500E-003   3.0478787646123777E-003   2.8233367741558307E-003
   6.0066011480696169        2.1728198484352091E-003   3.0478787646123777E-003   2.8381929520040934E-003
   6.2187653902530293        2.1998952519795413E-003   3.0478787646123777E-003   2.8522716453590158E-003
   6.4384236651766908        2.2258783302722689E-003   3.0478787646123777E-003   2.8655691135232838E-003
   6.6658406759127811        2.2507596100481203E-003   3.0478787646123777E-003   2.8780867198692824E-003
   6.9012904753346884        2.2745343570005345E-003   3.0478787646123777E-003   2.8898306973004894E-003
   7.1450567963692624        2.2972024947148120E-003   3.0478787646123777E-003   2.9008118444407011E-003
   7.3974330131920443        2.3187684374402716E-003   3.0478787646123777E-003   2.9110451495299467E-003
   7.6587243988323896        2.3392410594708607E-003   3.0478787646123777E-003   2.9205494571216436E-003
   7.9292442763577622        2.3586331244777655E-003   3.0478787646123777E-003   2.9293468710127318E-003
   8.2093202460023029        2.3769614676470417E-003   3.0478787646123777E-003   2.9374625060226288E-003
   8.4992881560440416        2.3942462349241240E-003   3.0478787646123777E-003   2.9449238151566049E-003
   8.7994991583321234        2.4105109935729702E-003   3.0478787646123777E-003   2.9517603231933270E-003
   9.1103132457223861        2.4257819804573647E-003   3.0478787646123777E-003   2.9580030041352159E-003
   9.4321068148357909        2.4400881370352278E-003   3.0478787646123777E-003   2.9636840209460286E-003
   9.7652657388916850        2.4534603922324242E-003   3.0478787646123777E-003   2.9688361828244499E-003
   10.110193474162946        2.4659316506646972E-003   3.0478787646123777E-003   2.9734927196568982E-003
   10.467303634806061        2.4775361317903939E-003   3.0478787646123777E-003   2.9776868351426050E-003
   10.837027566606025        2.4883093056497396E-003   3.0478787646123777E-003   2.9814515212593339E-003
   11.219811965471335        2.4982874585822903E-003   3.0478787646123777E-003   2.9848192639639944E-003
   11.616115840724994        2.5075073244717866E-003   3.0478787646123777E-003   2.9878218099923942E-003
   12.026419117330413        2.5160060192796515E-003   3.0478787646123777E-003   2.9904900618583723E-003
   12.451213803399156        2.5238205811165433E-003   3.0478787646123777E-003   2.9928538686716062E-003
   12.891014326336300        2.5309879595308993E-003   3.0478787646123777E-003   2.9949419845346770E-003
   13.346348065368609        2.5375446455096940E-003   3.0478787646123777E-003   2.9967819362157777E-003
   13.817766430769083        2.5435266868125985E-003   3.0478787646123777E-003   2.9984000237898516E-003
   14.305834715756038        2.5489694051274931E-003   3.0478787646123777E-003   2.9998212510324845E-003
   14.811143972217785        2.5539074388802457E-003   3.0478787646123777E-003   3.0010693594083077E-003
   15.334300133051286        2.5583745394687652E-003   3.0478787646123777E-003   3.0021668074306923E-003
   15.875936741648431        2.5624036377988753E-003   3.0478787646123777E-003   3.0031348295949411E-003
   16.436703292225193        2.5660267071840898E-003   3.0478787646123777E-003   3.0039934523377969E-003
   17.017278874447534        2.5692748462282384E-003   3.0478787646123777E-003   3.0047615707321520E-003
   17.618359675531394        2.5721781940441077E-003   3.0478787646123777E-003   3.0054569906228395E-003
   18.240671728221173        2.5747660143838375E-003   3.0478787646123777E-003   3.0060965157802659E-003
   18.884968846184627        2.5770666933207708E-003   3.0478787646123777E-003   3.0066960190673494E-003
   19.552019805756849        2.5791077304458711E-003   3.0478787646123777E-003   3.0072705134852051E-003
   20.242632201214423        2.5809158639106536E-003   3.0478654900547393E-003   3.0078342319764012E-003
   20.957638264717446        2.5825170683790124E-003   3.0478290171507862E-003   3.0084007259045861E-003
   21.697899624358065        2.5839366361416157E-003   3.0477949904665074E-003   3.0089830589555529E-003
   22.464312967141105        2.5851992660676109E-003   3.0477632457533493E-003   3.0095937797223415E-003
   23.257792778673313        2.5863291345607454E-003   3.0477336303242485E-003   3.0102450644398076E-003
   24.079299719823517        2.5873500608138036E-003   3.0477060011873665E-003   3.0109488525575569E-003
   24.929823759061236        2.5882856187907123E-003   3.0476802251230644E-003   3.0117169522860662E-003
   25.810395145829254        2.5891593150913971E-003   3.0476561777089549E-003   3.0125611745700767E-003
   26.722064579292049        2.5899947536933698E-003   3.0476337432807699E-003   3.0134934422337660E-003
   27.665935811728254        2.5908158676902653E-003   3.0476128135186148E-003   3.0145259522885381E-003
   28.643146268414043        2.5916471080749221E-003   3.0475932875052821E-003   3.0156712892261094E-003
   29.654879655490589        2.5925136636363072E-003   3.0475750709877008E-003   3.0169425679476827E-003
   30.702343174827575        2.5928158025438743E-003   2.9742165353234557E-003   3.0174270723790026E-003
   31.786804983723918        2.5928376447419701E-003   2.8703611226862480E-003   3.0175220312875397E-003
   32.909571928103169        2.5929050688213058E-003   2.7734712413375255E-003   3.0176842787365773E-003
   34.072004028335677        2.5930427159581077E-003   2.6830791988413385E-003   3.0179234206799748E-003
   35.275488300232773        2.5932762063724120E-003   2.5987502237293254E-003   3.0182496661846393E-003
   36.521481794408061        2.5936320745190136E-003   2.5200771513743713E-003   3.0186738515415603E-003
   37.811486012809581        2.5941376215421253E-003   2.4466806431688911E-003   3.0192074226250954E-003
   39.147055493126302        2.5948206946060006E-003   2.3782068025585764E-003   3.0198623941864278E-003
   40.529808025860810        2.5957093983987934E-003   2.3143251027962536E-003   3.0206512833003919E-003
   41.961393513511240        2.5968317125671585E-003   2.2547282829811057E-003   3.0215869887514628E-003
   43.443545167355794        2.5982151079784401E-003   2.1991285924688577E-003   3.0226826891383359E-003
   44.978049075047366        2.5998860711815073E-003   2.1472579457691475E-003   3.0239516673334615E-003
   46.566763998623138        2.6018696413094410E-003   2.0988659606049854E-003   3.0254071391352506E-003
   48.211585595230147        2.6041888733259171E-003   2.0537198791597991E-003   3.0270620060709329E-003
   49.914505239722644        2.6068644302963857E-003   2.0116017231243226E-003   3.0289286686415334E-003
   51.677575059319224        2.6099140860384850E-003   1.9723084110351411E-003   3.0310187271577228E-003
   53.502930680545909        2.6133523450002478E-003   1.9356502720557121E-003   3.0333427103091054E-003
   55.392750120602578        2.6171899970531217E-003   1.9014509863190439E-003   3.0359096959715120E-003
   57.349321371645829        2.6214339378758333E-003   1.8695454298045169E-003   3.0387270427887627E-003
   59.375002227322796        2.6260868525725600E-003   1.8397797632248006E-003   3.0417999590842408E-003
   61.472246417894510        2.6311470958617377E-003   1.8120103061778122E-003   3.0451311371458636E-003
   63.643556378429672        2.6366084662768196E-003   1.7861034919547723E-003   3.0487202592734486E-003
   65.891560899834928        2.6424603482271907E-003   1.7619342349805517E-003   3.0525637007722752E-003
   68.218968971510208        2.6486876190962389E-003   1.7393859981476786E-003   3.0566540511985031E-003
   70.628585269218178        2.6543046408802748E-003   1.7180739668270909E-003   3.0595944788422320E-003
   73.123328588587739        2.6573252360735282E-003   1.6974223262235821E-003   3.0585736019631822E-003
   75.706175661273647        2.6604202456002035E-003   1.6781558992419367E-003   3.0574581842414657E-003
   78.380253523498894        2.6635577372952110E-003   1.6601816620128507E-003   3.0562328214176989E-003
   81.148784610322849        2.6667054571858080E-003   1.6434129480071306E-003   3.0548834477588452E-003
   84.015122474940881        2.6698316355549647E-003   1.6277688137806023E-003   3.0533979078620332E-003
   86.982687236203873        2.6729056753082327E-003   1.6131740135149320E-003   3.0517665378809963E-003
   90.055071705548812        2.6758989956674017E-003   1.5995580793027328E-003   3.0499825867027625E-003
   93.235978303002270        2.6787856377834432E-003   1.5868553590807247E-003   3.0480426260221746E-003
   96.529260096906100        2.6815429071131713E-003   1.5750045361656621E-003   3.0459467841347228E-003
   99.938826062156153        2.6841518112688456E-003   1.5639486732877117E-003   3.0436989287270194E-003
   103.46886588546354        2.6865976453221614E-003   1.5536341992866748E-003   3.0413064966215110E-003
   107.12359379692580        2.6888700831352746E-003   1.5440115159302277E-003   3.0387804928511050E-003
   110.90736836557576        2.6909634487622004E-003   1.5350343277240319E-003   3.0361351086313749E-003
   114.82483910697920        2.6928768217744253E-003   1.5266591357216122E-003   3.0333871899215392E-003
   118.88068277378797        2.6946137990849260E-003   1.5188456669319678E-003   3.0305558971064285E-003
   123.07973629915718        2.6961823647401874E-003   1.5115563301358135E-003   3.0276620150029828E-003
   127.42715949490271        2.6975946057950519E-003   1.5047558048671165E-003   3.0247272038759431E-003
   131.92808807993632        2.6988661514656754E-003   1.4984114627562292E-003   3.0217735888458013E-003
   136.58805281121437        2.7000157836593549E-003   1.4924925623068584E-003   3.0188228499305743E-003
   141.41261684513370        2.7010647315814157E-003   1.4869706418640979E-003   3.0158958799703039E-003
   146.40753387824964        2.7020360753155239E-003   1.4818191350298765E-003   3.0130121600708847E-003
   151.57894168226974        2.6574602564578454E-003   1.4585079913080276E-003   2.9617281424098281E-003
   156.93294936957258        2.5140487552129192E-003   1.3953795691199291E-003   2.8054185919507146E-003
   162.47613596373097        2.3801334191054747E-003   1.3364844402119530E-003   2.6595157905048247E-003
   168.21511902855468        2.2551170708406572E-003   1.2815394011666784E-003   2.5233341725596249E-003
   174.15674278185460        2.1384368896153107E-003   1.2302801070347823E-003   2.3962318802734067E-003
   180.30830831190286        2.0295585391789475E-003   1.1824581810149228E-003   2.2776038631219038E-003
   186.67715947709803        1.9279825285611616E-003   1.1378436663495876E-003   2.1668882765040563E-003
   193.27089166569760        1.8332379560625951E-003   1.0962219190632199E-003   2.0635591264488310E-003
   200.09760727912413        1.7448779950554158E-003   1.0573912610673309E-003   1.9671208010203275E-003
   207.16537088595135        1.6624861848239763E-003   1.0211653860086973E-003   1.8771143982774044E-003
   214.48286737908427        1.5856667497067649E-003   9.8736876148629825E-004   1.7931066428075082E-003
   222.05883252794877        1.5140504339337863E-003   9.5583887287898532E-004   1.7146957654200932E-003
   229.90230130529540        1.4472901729128476E-003   9.2642402738699926E-004   1.6415063176447547E-003
   238.02291179328489        1.3850579265724989E-003   8.9898169543868372E-004   1.5731852726269941E-003
   246.43025707061713        1.3270490573229559E-003   8.7338021094716532E-004   1.5094064443294166E-003
   255.13466811288930        1.2729754054981186E-003   8.4949552197345927E-004   1.4498625449025509E-003
   264.14653641505117        1.2225692546650349E-003   8.2721277648027528E-004   1.3942692430215090E-003
   273.47660938458705        1.1755801157478736E-003   8.0642477040824331E-004   1.3423613744581351E-003
   283.13635184814427        1.1317723175990487E-003   7.8703077551788762E-004   1.2938900604694296E-003
   293.13729579387660        1.0909274372589916E-003   7.6893753374641070E-004   1.2486252139664391E-003
   303.49136818478553        1.0528415856547243E-003   7.5205799706977786E-004   1.2063523987333178E-003
   314.21129214162710        1.0173233551574402E-003   7.3631037572871095E-004   1.1668704348823480E-003
   325.30973137660959        9.8419608124835668E-004   7.2161911391098183E-004   1.1299938244779685E-003
   336.80032369109853        9.5329367014277430E-004   7.0791302513851530E-004   1.0955480513410649E-003
   348.69678677735646        9.2446266301519562E-004   6.9512620224288901E-004   1.0633718347119075E-003
   361.01330816366544        8.9756022311839327E-004   6.8319712680299028E-004   1.0333148644160526E-003
   373.76502243504467        8.7212623577515350E-004   6.7163071573672043E-004   1.0046530685668921E-003
   386.96715283564077        8.4721742976490361E-004   6.5928773608297413E-004   9.7580958078923605E-004
   400.63544401132759        8.2394943268971396E-004   6.4777273062426369E-004   9.4886918949405269E-004
   414.78669160661980        8.0221039986411082E-004   6.3702990342598485E-004   9.2370567433430262E-004
   429.43761284149554        7.8189737067847710E-004   6.2700771127300573E-004   9.0020254075057345E-004
   444.60621081975989        7.6291366230694230E-004   6.1765759165443700E-004   8.7825002157866725E-004
   460.31059410826708        7.4517009155200640E-004   6.0893458353736458E-004   8.5774651702670048E-004
   476.56949149896485        7.2858370700983055E-004   6.0079671983652276E-004   8.3859715989145431E-004
   493.40288198244309        7.1307681416072179E-004   5.9320456855055186E-004   8.2071272849024786E-004
   510.83065126063684        6.9857789652433722E-004   5.8612170315226416E-004   8.0401075171393033E-004
   528.87421463804299        6.8501974211091095E-004   5.7951380363234343E-004   7.8841339287344782E-004
   547.55511287104378        6.7234030477873600E-004   5.7334909521143858E-004   7.7384848816425473E-004
   566.89562449487210        6.6048179329104134E-004   5.6759791898742694E-004   7.6024854174513371E-004
   586.91951519858117        6.4938997229529603E-004   5.6223240764807639E-004   7.4754996768361371E-004
   607.65068989177485        6.3901470458453560E-004   5.5722676056817687E-004   7.3569375143962238E-004
   629.11387223602765        6.2930921252336402E-004   5.5255689518182954E-004   7.2462463772040436E-004
   651.33543626567803        6.2022951414175817E-004   5.4820018366617774E-004   7.1429051884522104E-004
   674.34163286578985        6.1173497407400381E-004   5.4413572287209948E-004   7.0464308839545678E-004
   698.16073213207346        6.0378722253073911E-004   5.4034381846341064E-004   6.9563663212058690E-004
   722.82116976782140        5.9380282460385280E-004   5.3425829050879814E-004   6.8235182567857075E-004
   748.35235540965130        5.8369041600828629E-004   5.2780415448601783E-004   6.6846589928871102E-004
   774.78566186873422        5.7423596320529632E-004   5.2178282273280792E-004   6.5550571663516703E-004
   802.15264573967897        5.6539614636063067E-004   5.1616534104257262E-004   6.4340914597393276E-004
   830.48594444209971        5.5713041207440170E-004   5.1092468326447620E-004   6.3211802262207769E-004
   859.82037403360118        5.4940052344493954E-004   5.0603545580233940E-004   6.2157754216687607E-004
   890.19058800385733        5.4217105816424635E-004   5.0147420053863812E-004   6.1173694744905214E-004
   921.63390537915473        5.3540851584677211E-004   4.9721881592063955E-004   6.0254831838282407E-004
   954.18786380243341        5.2908179026517821E-004   4.9324883948415120E-004   5.9396722219175397E-004
   987.89128659474920        5.2316175886623619E-004   4.8954517135704290E-004   5.8595216002735827E-004
   1022.7855886411724        5.1762097747979133E-004   4.8608986542323534E-004   5.7846415810463019E-004
   1058.9119914466876        5.1243405359406395E-004   4.8286634340461066E-004   5.7146727344890413E-004
   1096.3148872627712        5.0757702168707016E-004   4.7985898573204075E-004   5.6492774633157185E-004
   1135.0389283928459        5.0302769529038253E-004   4.7705333121007457E-004   5.5881446742816619E-004
   1175.1302964981960        4.9876538361050575E-004   4.7443588161184049E-004   5.5309858151128088E-004
   1216.6382559936744        4.9477067941619286E-004   4.7199395409084640E-004   5.4775318417724539E-004
   1259.6123598874483        4.9102568925096411E-004   4.6971580638195101E-004   5.4275360571896792E-004
   1304.1038583964914        4.8751379844863167E-004   4.6759047813548486E-004   5.3807706591115910E-004
   1350.1674228314519        4.8421949122625675E-004   4.6560767107791913E-004   5.3370240132795833E-004
   1397.8574692241625        4.6645163350737644E-004   4.4917334976376670E-004   5.1353311619265157E-004
   1447.2325992722181        4.4846518537698692E-004   4.3245640029239261E-004   4.9315404581760209E-004
   1498.3517579647787        4.3167237928501623E-004   4.1686065479606098E-004   4.7413327936196510E-004
   1551.2759091786245        4.0296243210235545E-004   3.8931275490370942E-004   4.4253094399187556E-004
   1606.0700862978565        3.7575726754102422E-004   3.6320159095724045E-004   4.1260503071651112E-004
   1662.7990190437411        3.5036945018722577E-004   3.3884197895013416E-004   3.8468295001661319E-004
   1721.5324161293761        3.2667770970065723E-004   3.1611588443391110E-004   3.5863139445165259E-004
   1782.3403946248577        3.0456978978385212E-004   2.9491402659450255E-004   3.3432697719667056E-004
   1845.2954731357936        2.8394091659958383E-004   2.7513440160893617E-004   3.1165450358598359E-004
   1910.4750110852074        2.6469263675484982E-004   2.5668116734616132E-004   2.9050566235733536E-004
   1977.9568210713478        2.4673380134587942E-004   2.3946558948973002E-004   2.7078008636554826E-004
   2047.8213808026539        2.2997931023738583E-004   2.2340484252645568E-004   2.5238396128399973E-004
   2120.1545400970977        2.1434916088879631E-004   2.0842110414088404E-004   2.3522897891965376E-004
   2195.0417479108573        1.9976941043582696E-004   1.9444248356936128E-004   2.1923339783124353E-004
   2272.5750259096239        1.8617031962735249E-004   1.8140124743546229E-004   2.0432001613199211E-004
   2352.8469348264384        1.7348725212824542E-004   1.6923468558455903E-004   1.9041717232501509E-004
   2435.9532056335870        1.6165978880625418E-004   1.5788426372071381E-004   1.7745779003275835E-004
   2521.9959596104222        1.5063106143479511E-004   1.4729498339878175E-004   1.6537866607762197E-004
   2611.0779162676686        1.4034832124829098E-004   1.3741592495136642E-004   1.5412111153244816E-004
   2703.3053132971791        1.3076222680725731E-004   1.2819955944319051E-004   1.4363018865417608E-004
   2798.7914800504532        1.2182631068465493E-004   1.1960122899466939E-004   1.3385414322153347E-004
   2897.6492167059700        1.1349754201754538E-004   1.1157967951245306E-004   1.2474503382875458E-004
   3000.0000000000000        1.0573527839828080E-004   1.0409604259548497E-004   1.1625759649841201E-004
