         200   4370.0000000000000     
   3.0000000000000000        2.0940990031310812E-003   6.6675508367181795        1.0094645935072491E-003
   3.1059655287322618        2.2448168602884335E-003   6.6675508367181795        1.0763490124642032E-003
   3.2156739552243598        2.4063639299354810E-003   6.6675508367181795        1.1479112484642931E-003
   3.3292574962321346        2.5794957103784191E-003   6.6675508367181795        1.2244838198045894E-003
   3.4468529954360925        2.7650213913768930E-003   6.6675508367181795        1.3064228390152939E-003
   3.5686022069563790        2.9638093763897193E-003   6.6675508367181795        1.3941097413405332E-003
   3.6946518254059528        3.1767932501847967E-003   6.6675508367181795        1.4879529508038645E-003
   3.8251536998800524        3.4049789760043215E-003   6.6675508367181795        1.5883897926526305E-003
   3.9602651907155879        3.6494534287102687E-003   6.6675508367181795        1.6958886617043556E-003
   4.1001490688558144        3.9113932941306894E-003   6.6675508367181795        1.8109509858006639E-003
   4.2449739038313119        4.1920761010238632E-003   6.6675508367181795        1.9341137299584675E-003
   4.3949142193596993        4.4928922413041356E-003   6.6675508367181795        2.0659519082018769E-003
   4.5501507036585132        4.8153585828678630E-003   6.6675508367181795        2.2070813422664639E-003
   4.7108703059600501        5.1611334387231143E-003   6.6675508367181795        2.3581615387641892E-003
   4.8772669425686850        5.5320345817413876E-003   6.6675508367181795        2.5198993978082134E-003
   5.0495410155906377        5.9300565449743126E-003   6.6675508367181795        2.6930520841603727E-003
   5.2279001269311909        6.3573924697099375E-003   6.6675508367181795        2.8784313300753766E-003
   5.4125592113782046        6.8164568679369500E-003   6.6675508367181795        3.0769075445450482E-003
   5.6037407956130689        7.3099109936604970E-003   6.6675508367181795        3.2894144225283375E-003
   5.8016752663703963        7.8406908067899413E-003   6.6675508367181795        3.5169539859571737E-003
   6.0066011480696169        8.4120378087244683E-003   6.6675508367181795        3.7606020995513468E-003
   6.2187653902530293        9.0275330874102673E-003   6.6675508367181795        4.0215145076159245E-003
   6.4384236651766908        9.6911349802758315E-003   6.6675508367181795        4.3009334413133329E-003
   6.6658406759127811        1.0407220847627076E-002   6.6675508367181795        4.6001948494681965E-003
   6.9012904753346884        1.1180633548728525E-002   6.6675508367181795        4.9207363098588306E-003
   7.1450567963692624        1.2016733330220509E-002   6.6675508367181795        5.2641056822725057E-003
   7.3974330131920443        1.2921454578832288E-002   6.6675508367181795        5.6319700050070851E-003
   7.6587243988323896        1.3901378214358544E-002   6.6675508367181795        6.0261286576206823E-003
   7.9292442763577622        1.4963789971101968E-002   6.6675508367181795        6.4485183661643830E-003
   8.2093202460023029        1.6116786291151999E-002   6.6675508367181795        6.9012344292516134E-003
   8.4992881560440416        1.7369344237520012E-002   6.6675508367181795        7.3865341452431042E-003
   8.7994991583321234        1.8731457557221460E-002   6.6675508367181795        7.9068622981094492E-003
   9.1103132457223861        2.0214230868644930E-002   6.6675508367181795        8.4648556778284464E-003
   9.4321068148357909        2.1830053908474836E-002   6.6675508367181795        9.0633730046253743E-003
   9.7652657388916850        2.3592728104626568E-002   6.6675508367181795        9.7055008127330117E-003
   10.110193474162946        2.5517689544670787E-002   6.6675508367181795        1.0394588622536513E-002
   10.467303634806061        2.7622176102884529E-002   6.6675508367181795        1.1134256533891513E-002
   10.837027566606025        2.9925501811912371E-002   6.6675508367181795        1.1928434187670450E-002
   11.219811965471335        3.2449305492218139E-002   6.6675508367181795        1.2781382710635322E-002
   11.616115840724994        3.5217816213309779E-002   6.6675508367181795        1.3697716320319710E-002
   12.026419117330413        3.8258224309244228E-002   6.6675508367181795        1.4682453259769889E-002
   12.451213803399156        4.1600955536672840E-002   6.6675508367181795        1.5741029857195627E-002
   12.891014326336300        4.5280102994257082E-002   6.6675508367181795        1.6879363251710397E-002
   13.346348065368609        4.9333720231330924E-002   6.6675508367181795        1.8103869248297547E-002
   13.817766430769083        5.3804288780191466E-002   6.6675508367181795        1.9421536584136576E-002
   14.305834715756038        5.8739000858013729E-002   6.6675508367181795        2.0839949473289616E-002
   14.811143972217785        6.4190238357899748E-002   6.6675508367181795        2.2367375598202632E-002
   15.334300133051286        7.0215814160779183E-002   6.6675508367181795        2.4012794360733870E-002
   15.875936741648431        7.6879443514523707E-002   6.6675508367181795        2.5786001116500291E-002
   16.436703292225193        8.4250920375538010E-002   6.6675508367181795        2.7697642242730761E-002
   17.017278874447534        9.2406573128609615E-002   6.6675508367181795        2.9759338475256726E-002
   17.618359675531394       0.10142935899579403        6.6675508367181795        3.1983727957904148E-002
   18.240671728221173       0.11140926618216561        6.6675508367181795        3.4384604495056585E-002
   18.884968846184627       0.12244348481565227        6.6675508367181795        3.6977014713190641E-002
   19.552019805756849       0.13463629710829481        6.6675508367181795        3.9777315680108831E-002
   20.242632201214423       0.14809951267591090        6.6674993210823938        4.2803391132675089E-002
   20.957638264717446       0.16295212215794450        6.6673577777717048        4.6074725760423839E-002
   21.697899624358065       0.17932007451253568        6.6672257277010338        4.9612565510532357E-002
   22.464312967141105       0.19733583908226959        6.6671025334579044        5.3440098003147626E-002
   23.257792778673313       0.21713707176877606        6.6669876024974348        5.7582528721293900E-002
   24.079299719823517       0.23886592478008772        6.6668803798997844        6.2067397532278551E-002
   24.929823759061236       0.26266678374829117        6.6667803486688584        6.6924682039989622E-002
   25.810395145829254       0.28868409877873147        6.6666870259487672        7.2187055222506194E-002
   26.722064579292049       0.31705869086921712        6.6665999628719455        7.7889971361047541E-002
   27.665935811728254       0.34792497028144359        6.6665187390727327        8.4072073700180758E-002
   28.643146268414043       0.38140601656473855        6.6664429629136626        9.0775297214054154E-002
   29.654879655490589       0.41760910330090112        6.6663722686193188        9.8045167822539969E-002
   30.702343174827575       0.45658960856766867        6.6634704123542399       0.10591754284167784     
   31.786804983723918       0.49841910707357295        6.6593937099944558       0.11445103238413032     
   32.909571928103169       0.54313876490989610        6.6555904300507294       0.12370925935118637     
   34.072004028335677       0.59073826823545139        6.6520422138952950       0.13375375715182519     
   35.275488300232773       0.64116459045694651        6.6487319951680535       0.14465019832823331     
   36.521481794408061       0.69431999281816958        6.6456437911777639       0.15646873233020731     
   37.811486012809581       0.75005836309024154        6.6427627115055428       0.16928362208029232     
   39.147055493126302       0.80818432969519916        6.6400748644255465       0.18317302975331276     
   40.529808025860810       0.86845405035465295        6.6375672755618140       0.19821866440220745     
   41.961393513511240       0.93057591253695449        6.6352278838073993       0.21450476539439542     
   43.443545167355794       0.99421660221264307        6.6330453939038181       0.23211774372024288     
   44.978049075047366        1.0590053668762585        6.6310092825213278       0.25114467045033773     
   46.566763998623138        1.1245421031701257        6.6291097212456798       0.27167203862815820     
   48.211585595230147        1.1904046380112001        6.6273375734866944       0.29378352417231163     
   49.914505239722644        1.2561611649497115        6.6256842828036335       0.31755869489344041     
   51.677575059319224        1.3213797639267557        6.6241418775110450       0.34307027818963454     
   53.502930680545909        1.3856408852670012        6.6227029123392969       0.37038203348799431     
   55.392750120602578        1.4485478490475197        6.6213604660928675       0.39954563899945578     
   57.349321371645829        1.5097410972973777        6.6201080570539093       0.43059932013394547     
   59.375002227322796        1.5689082182792060        6.6189396464713086       0.46356517124996044     
   61.472246417894510        1.6257954836879263        6.6178495943671507       0.49844800048579552     
   63.643556378429672        1.6802162976609381        6.6168326577627443       0.53523370805692916     
   65.891560899834928        1.7320616984519752        6.6158839265946749       0.57389069609419074     
   68.218968971510208        1.7813059221938738        6.6149988263580077       0.61437033866549384     
   70.628585269218178        1.8272907749722849        6.6138907215418943       0.65622365497966417     
   73.123328588587739        1.8686958002486325        6.6120705752026110       0.69855177037159333     
   75.706175661273647        1.9077668471778022        6.6103725156045847       0.74231738577554629     
   78.380253523498894        1.9448276775306854        6.6087883440260677       0.78742563250371234     
   81.148784610322849        1.9802884259259230        6.6073104220537564       0.83378845995248529     
   84.015122474940881        2.0146404961223983        6.6059316156823584       0.88133204941339782     
   86.982687236203873        2.0484479714238297        6.6046452930707096       0.93000212136698124     
   90.055071705548812        2.0823388248226955        6.6034452434819997       0.97977114734573068     
   93.235978303002270        2.1169918989601442        6.6023256806271613        1.0306414207246184     
   96.529260096906100        2.1531230108718331        6.6012812003187689        1.0826482218817588     
   99.938826062156153        2.1914675471643004        6.6003067843519547        1.1358590574963974     
   103.46886588546354        2.2327648501829458        6.5993977111962101        1.1903760979936069     
   107.12359379692580        2.2777357743788458        6.5985496094777343        1.2463293465992784     
   110.90736836557576        2.3270632907874425        6.5977583989117372        1.3038741070523303     
   114.82483910697920        2.3813733563850388        6.5970202456891025        1.3631873227817537     
   118.88068277378797        2.4412104379394397        6.5963316003224968        1.4244564191783178     
   123.07973629915718        2.5070188056798233        6.5956891496842989        1.4878730249429351     
   127.42715949490271        2.5791265656419529        6.5950897807813318        1.5536260313318471     
   131.92808807993632        2.6577237454957374        6.5945306178901104        1.6218859049594048     
   136.58805281121437        2.7428559642197037        6.5940089515880294        1.6927995309134412     
   141.41261684513370        2.8344086628015845        6.5935222733878422        1.7664721474137701     
   146.40753387824964        2.9321044287222158        6.5930682418420599        1.8429561094912854     
   151.57894168226974        2.9915284081078353        6.5775030839225463        1.8986518785278017     
   156.93294936957258        2.9542856990316233        6.5291225226381062        1.9018686910293945     
   162.47613596373097        2.9209927125910924        6.4839862861423203        1.9065254177969515     
   168.21511902855468        2.8903869361399028        6.4418773320980511        1.9121082891978642     
   174.15674278185460        2.8613553143573016        6.4025930709809948        1.9180268262243960     
   180.30830831190286        2.8329391675847408        6.3659431509869639        1.9236145710550299     
   186.67715947709803        2.8043362931550480        6.3317513371236203        1.9281329641091085     
   193.27089166569760        2.7748950418152538        6.2998531298572766        1.9307815383869638     
   200.09760727912413        2.7441043623281183        6.2700939664920412        1.9307153236651764     
   207.16537088595135        2.7115844068276282        6.2423310649714656        1.9270710804915849     
   214.48286737908427        2.6770697624378932        6.2164299002149574        1.9190034462745609     
   222.05883252794877        2.6403973045340154        6.1922659237494546        1.9057307035720852     
   229.90230130529540        2.6014902459165192        6.1697228807638806        1.8865875667697420     
   238.02291179328489        2.5603423410324346        6.1486915389911214        1.8610794968468221     
   246.43025707061713        2.5170080401083035        6.1290709917560875        1.8289359422838727     
   255.13466811288930        2.4715869661462078        6.1107661677386478        1.7901479177193311     
   264.14653641505117        2.4242175317730581        6.0936890462685982        1.7449916167680599     
   273.47660938458705        2.3750673094281174        6.0777574679574435        1.6940244274383167     
   283.13635184814427        2.3243245966169876        6.0628942363761587        1.6380534723407336     
   293.13729579387660        2.2721967225465169        6.0490278801135053        1.5780864300957711     
   303.49136818478553        2.2189042763455151        6.0360916870275565        1.5152603543464795     
   314.21129214162710        2.1646758195312463        6.0240229748220520        1.4507623088898012     
   325.30973137660959        2.1097494873445828        6.0127638387929476        1.3857603391333633     
   336.80032369109853        2.0543652004525326        6.0022597228204235        1.3213341845237638     
   348.69678677735646        1.9987665340401037        5.9924601167588136        1.2584339470093269     
   361.01330816366544        1.9431959622491599        5.9833178739245545        1.1978495516480108     
   373.76502243504467        1.8862968256115937        5.9207630200570653        1.1364487732444684     
   386.96715283564077        1.8239541102943937        5.6706150642945641        1.0643832608332569     
   400.63544401132759        1.7621672924097223        5.4372471776987110       0.99576111983766524     
   414.78669160661980        1.7011111872579718        5.2195285766683845       0.93098783414068154     
   429.43761284149554        1.6409444658050161        5.0164146649828938       0.87031046567512238     
   444.60621081975989        1.5818016348031267        4.8269212546125706       0.81383439098229204     
   460.31059410826708        1.5237965074703386        4.6501371465772712       0.76155391792469929     
   476.56949149896485        1.4670192685250742        4.4852118184842613       0.71337524814997932     
   493.40288198244309        1.4115346720453819        4.3313461250049237       0.66913838531088043     
   510.83065126063684        1.3573877764624203        4.1878018309992822       0.62864143412393469     
   528.87421463804299        1.3046005851239053        4.0538833928942344       0.59165339352785318     
   547.55511287104378        1.2531792113776374        3.9289468498048867       0.55793122638372694     
   566.89562449487210        1.2031150704154929        3.8123911220937527       0.52722870639618846     
   586.91951519858117        1.1543867234799752        3.7036514392286199       0.49930323788627606     
   607.65068989177485        1.1069671401137240        3.6022049150155295       0.47392350606454281     
   629.11387223602765        1.0608254799285566        3.5075634821645658       0.45087189316026022     
   651.33543626567803        1.0159288921944991        3.4192685558129181       0.42994601396897153     
   674.34163286578985       0.97224925722199274        3.3368965040525569       0.41096170351517025     
   698.16073213207346       0.92976132484169571        3.2600481932808072       0.39375135526271826     
   722.82116976782140       0.88792504425262164        3.1878311455186559       0.37745960850254895     
   748.35235540965130       0.84713005530532803        3.1202990213160393       0.36249400463606363     
   774.78566186873422       0.80754199684678341        3.0572954957647216       0.34896153386479989     
   802.15264573967897       0.76916549748374874        2.9985176097901980       0.33675364761368798     
   830.48594444209971       0.73201303070257284        2.9436825783119973       0.32577560697239122     
   859.82037403360118       0.69610268476584902        2.8925246983010044       0.31594492221344683     
   890.19058800385733       0.66145998043572096        2.8447985183908111       0.30719102767128909     
   921.63390537915473       0.62811310630459161        2.8002727814775530       0.29945321406037279     
   954.18786380243341       0.59609447212627120        2.7587333808754937       0.29268035211437587     
   987.89128659474920       0.56543816083149590        2.7199804672271894       0.28682960455532103     
   1022.7855886411724       0.53617788666418087        2.6838262633715124       0.28186546391562323     
   1058.9119914466876       0.50834879074605022        2.6500973043654881       0.27775952869221388     
   1096.3148872627712       0.48198434664234979        2.6186301566095462       0.27448946832591048     
   1135.0389283928459       0.45711883976116396        2.5892735070164248       0.27203894361285264     
   1175.1302964981960       0.43378691049343282        2.5618861184119504       0.27039707980543815     
   1216.6382559936744       0.41202392758343143        2.5363352852625454       0.26955821596838914     
   1259.6123598874483       0.39186928807883287        2.5124981437015306       0.26952187781755449     
   1304.1038583964914       0.37336764055621774        2.4902600113465345       0.27029261602445182     
   1350.1674228314519       0.35657091634701715        2.4695131333742339       0.27188009188491202     
   1397.8574692241625       0.33307724089500468        2.3251434906334500       0.26698207697749410     
   1447.2325992722181       0.31120347666914866        2.1699816769800995       0.26194795830903478     
   1498.3517579647787       0.29177862257382747        2.0252265492200285       0.25764163311084087     
   1551.2759091786245       0.27077102030128725        1.8894204273123196       0.25047071122247461     
   1606.0700862978565       0.25256983848890602        1.7626972056352919       0.24382012745904330     
   1662.7990190437411       0.23704652275002822        1.6444746507667476       0.23775871674102145     
   1721.5324161293761       0.22396372907031961        1.5341799155670135       0.23224345776336933     
   1782.3403946248577       0.21311222174595584        1.4312826362095521       0.22723576068031023     
   1845.2954731357936       0.20430522335601115        1.3352877657061402       0.22270078426260295     
   1910.4750110852074       0.19737353619141376        1.2457301611147071       0.21860691360950196     
   1977.9568210713478       0.19216183212405452        1.1621791752807824       0.21492573862159314     
   2047.8213808026539       0.18852433180563563        1.0842328377717239       0.21163156478354483     
   2120.1545400970977       0.18632134102667244        1.0115134597739441       0.20870104473982790     
   2195.0417479108573       0.18541664017353893       0.94367213959932883       0.20611319568023515     
   2272.5750259096239       0.18567500714062132       0.88038015227441535       0.20384889868730816     
   2352.8469348264384       0.18696071664421618       0.82133315162595089       0.20189092310977549     
   2435.9532056335870       0.18913649617037542       0.76624705784136238       0.20022363511033778     
   2521.9959596104222       0.19206334470084607       0.71485495136968125       0.19883278708678034     
   2611.0779162676686       0.19560066410001703       0.66690970786545567       0.19770548176587294     
   2703.3053132971791       0.19960712814386936       0.62218065895199093       0.19682995605494974     
   2798.7914800504532       0.20394212879976389       0.58045107011733899       0.19619543134620107     
   2897.6492167059700       0.20846704741828134       0.54152072617280189       0.19579205534575470     
   3000.0000000000000       0.21304749824720365       0.50520099021910636       0.19561072544634089     
