         200   4370.0000000000000     
   3.0000000000000000        1.4877486715606156E-003   10.938664766671135        7.2236548830545931E-004
   3.1059655287322618        1.5932496393616714E-003   10.938664766671135        7.7014429164326873E-004
   3.2156739552243598        1.7060136116144049E-003   10.938664766671135        8.2124831493225455E-004
   3.3292574962321346        1.8264874425872706E-003   10.938664766671135        8.7591069703102950E-004
   3.4468529954360925        1.9551415172372453E-003   10.938664766671135        9.3438045093722252E-004
   3.5686022069563790        2.0924721504706960E-003   10.938664766671135        9.9692350211737875E-004
   3.6946518254059528        2.2390042578782085E-003   10.938664766671135        1.0638236512595873E-003
   3.8251536998800524        2.3952948386666444E-003   10.938664766671135        1.1353836791325551E-003
   3.9602651907155879        2.5619373284929414E-003   10.938664766671135        1.2119265974538573E-003
   4.1001490688558144        2.7395661432872867E-003   10.938664766671135        1.2937967152030811E-003
   4.2449739038313119        2.9288625988690741E-003   10.938664766671135        1.3813610494449618E-003
   4.3949142193596993        3.1305613883712753E-003   10.938664766671135        1.4750106989398369E-003
   4.5501507036585132        3.3454579898395437E-003   10.938664766671135        1.5751623493447837E-003
   4.7108703059600501        3.5744167974634438E-003   10.938664766671135        1.6822598175492288E-003
   4.8772669425686850        3.8183810350641912E-003   10.938664766671135        1.7967761392572818E-003
   5.0495410155906377        4.0783818970276881E-003   10.938664766671135        1.9192150158634255E-003
   5.2279001269311909        4.3555503249967991E-003   10.938664766671135        2.0501132282270793E-003
   5.4125592113782046        4.6511289242435480E-003   10.938664766671135        2.1900428637260001E-003
   5.6037407956130689        4.9664850465680338E-003   10.938664766671135        2.3396138469161942E-003
   5.8016752663703963        5.3031249197388365E-003   10.938664766671135        2.4994767233526205E-003
   6.0066011480696169        5.6627088874669773E-003   10.938664766671135        2.6703257242890500E-003
   6.2187653902530293        6.0470678492797634E-003   10.938664766671135        2.8529021412381562E-003
   6.4384236651766908        6.4582210212461169E-003   10.938664766671135        3.0479980405317421E-003
   6.6658406759127811        6.8983951767758647E-003   10.938664766671135        3.2564603491302187E-003
   6.9012904753346884        7.3700455722569671E-003   10.938664766671135        3.4791953440620723E-003
   7.1450567963692624        7.8758788158098583E-003   10.938664766671135        3.7171735791171664E-003
   7.3974330131920443        8.4188771654760478E-003   10.938664766671135        3.9714348942757414E-003
   7.6587243988323896        9.0023304886559987E-003   10.938664766671135        4.2430962719217291E-003
   7.9292442763577622        9.6298578728565599E-003   10.938664766671135        4.5333539525969982E-003
   8.2093202460023029        1.0305455405277577E-002   10.938664766671135        4.8434966014665806E-003
   8.4992881560440416        1.1033520200315441E-002   10.938664766671135        5.1749060869223582E-003
   8.7994991583321234        1.1818910578594617E-002   10.938664766671135        5.5290732242998354E-003
   9.1103132457223861        1.2666978802575085E-002   10.938664766671135        5.9075990002057134E-003
   9.4321068148357909        1.3583646784128130E-002   10.938664766671135        6.3122129038463079E-003
   9.7652657388916850        1.4575450807858778E-002   10.938664766671135        6.7447746991568733E-003
   10.110193474162946        1.5649637208406814E-002   10.938664766671135        7.2072957691927146E-003
   10.467303634806061        1.6814222422587715E-002   10.938664766671135        7.7019415765707099E-003
   10.837027566606025        1.8078108956274600E-002   10.938664766671135        8.2310549182679233E-003
   11.219811965471335        1.9451182512982931E-002   10.938664766671135        8.7971673789798126E-003
   11.616115840724994        2.0944414975425867E-002   10.938664766671135        9.4030102930025752E-003
   12.026419117330413        2.2570021107045677E-002   10.938664766671135        1.0051544735756096E-002
   12.451213803399156        2.4341560048382106E-002   10.938664766671135        1.0745966681276520E-002
   12.891014326336300        2.6274119404748327E-002   10.938664766671135        1.1489743789692364E-002
   13.346348065368609        2.8384424519069622E-002   10.938664766671135        1.2286622203717431E-002
   13.817766430769083        3.0691039768044420E-002   10.938664766671135        1.3140669707982338E-002
   14.305834715756038        3.3214474543995662E-002   10.938664766671135        1.4056284574043421E-002
   14.811143972217785        3.5977393106463508E-002   10.938664766671135        1.5038246237788462E-002
   15.334300133051286        3.9004705620642441E-002   10.938664766671135        1.6091726637660390E-002
   15.875936741648431        4.2323779987091380E-002   10.938664766671135        1.7222349702123704E-002
   16.436703292225193        4.5964509244577983E-002   10.938664766671135        1.8436205631402348E-002
   17.017278874447534        4.9959523278612021E-002   10.938664766671135        1.9739920624355613E-002
   17.618359675531394        5.4344226710115670E-002   10.938664766671135        2.1140674527449100E-002
   18.240671728221173        5.9156994372885421E-002   10.938664766671135        2.2646277735282449E-002
   18.884968846184627        6.4439259902764182E-002   10.938664766671135        2.4265220691287861E-002
   19.552019805756849        7.0235481167621558E-002   10.938664766671135        2.6006697742123077E-002
   20.242632201214423        7.6593379290319702E-002   10.938542677142085        2.7880728529864812E-002
   20.957638264717446        8.3563821269720492E-002   10.938222384927418        2.9898189242261970E-002
   21.697899624358065        9.1200786840623604E-002   10.937943615617925        3.2070896080168665E-002
   22.464312967141105        9.9561263125333838E-002   10.937700984813977        3.4411698901745925E-002
   23.257792778673313       0.10870476069971823        10.937489810177347        3.6934509781945291E-002
   24.079299719823517       0.11869317340180159        10.937306012367285        3.9654476751578904E-002
   24.929823759061236       0.12958996165354469        10.937146042232982        4.2588025449627240E-002
   25.810395145829254       0.14145943940478994        10.937006809968269        4.5752993380693677E-002
   26.722064579292049       0.15436542650652815        10.936885628640791        4.9168659730880589E-002
   27.665935811728254       0.16837038110321698        10.936780157344781        5.2855968177370392E-002
   28.643146268414043       0.18353361980514116        10.936688359420842        5.6837566686103957E-002
   29.654879655490589       0.19990979926554839        10.936608461801816        6.1137966945182670E-002
   30.702343174827575       0.21747641395998826        10.929888709679517        6.5753130597734383E-002
   31.786804983723918       0.23630790119354125        10.920938875721632        7.0726577410482605E-002
   32.909571928103169       0.25646811980352391        10.913149304454420        7.6103932351819004E-002
   34.072004028335677       0.27797391419676620        10.906369541135287        8.1917920611679393E-002
   35.275488300232773       0.30082825616304953        10.900468748523371        8.8203500265735008E-002
   36.521481794408061       0.32501988152888089        10.895332938764193        9.4998127015450018E-002
   37.811486012809581       0.35052210736090439        10.890862938949429       0.10234165150469332     
   39.147055493126302       0.37729280990283115        10.886972433015409       0.11027635321081913     
   40.529808025860810       0.40527505049463847        10.883586276252814       0.11884695638831368     
   41.961393513511240       0.43439750480846395        10.880639121924974       0.12810034303563558     
   43.443545167355794       0.46457721617634051        10.878074038731242       0.13808572964111934     
   44.978049075047366       0.49572133406355257        10.875841494704391       0.14885428909892903     
   46.566763998623138       0.52773045380917183        10.873898368493430       0.16045903995785399     
   48.211585595230147       0.56050134848315480        10.872207161256506       0.17295428454506820     
   49.914505239722644       0.59393201209009061        10.870735203300502       0.18639569408046916     
   51.677575059319224       0.62792508836247740        10.869454070996287       0.20083967459149296     
   53.502930680545909       0.66239258473072227        10.868339019409332       0.21634314063027507     
   55.392750120602578       0.69725935558919550        10.867368530049101       0.23296274724615551     
   57.349321371645829       0.73246845622583379        10.866523855603607       0.25075506220735999     
   59.375002227322796       0.76798411785630427        10.865788685339894       0.26977586541894977     
   61.472246417894510       0.80379546499464483        10.865148819522400       0.29008008810297381     
   63.643556378429672       0.83991833433821017        10.864591909891354       0.31172114125942996     
   65.891560899834928       0.87639846326677084        10.864107198411677       0.33475157065744177     
   68.218968971510208       0.91331169735519735        10.863685325264903       0.35922265033984252     
   70.628585269218178       0.94905032355269447        10.862647022266051       0.38438899798883702     
   73.123328588587739       0.98053066510246245        10.859937574968747       0.40878371382135853     
   75.706175661273647        1.0128344877763189        10.857579397279965       0.43472828213991782     
   78.380253523498894        1.0461125231541590        10.855526935384665       0.46225888208303967     
   81.148784610322849        1.0805346545415460        10.853740556075120       0.49141333007946830     
   84.015122474940881        1.1162863068363489        10.852185755624424       0.52223221774585915     
   86.982687236203873        1.1535631554973211        10.850832529179664       0.55475895013467691     
   90.055071705548812        1.1925676348399885        10.849654735951145       0.58904152782546948     
   93.235978303002270        1.2335030950405448        10.848629632654843       0.62513235362765440     
   96.529260096906100        1.2765690957587377        10.847737419529324       0.66308894404074548     
   99.938826062156153        1.3219548014047391        10.846960882758740       0.70297278428664878     
   103.46886588546354        1.3698365241326971        10.846285008724868       0.74485153035420471     
   107.12359379692580        1.4203688500163481        10.845696755954595       0.78879515033626935     
   110.90736836557576        1.4736806985255537        10.845184770764657       0.83487587030728128     
   114.82483910697920        1.5298719860960577        10.844739154396304       0.88316789575309618     
   118.88068277378797        1.5890045597312286        10.844351308362832       0.93374130452578130     
   123.07973629915718        1.6510988481990934        10.844013746968901       0.98665978202385574     
   127.42715949490271        1.7161314343659628        10.843719943778106        1.0419777211535177     
   131.92808807993632        1.7840254558636051        10.843464232474979        1.0997295596240644     
   136.58805281121437        1.8546530155955674        10.843241669118642        1.1599273829397416     
   141.41261684513370        1.9278266590265676        10.843047959189999        1.2225469860215339     
   146.40753387824964        2.0032996669335552        10.842879363953969        1.2875189793690365     
   151.57894168226974        2.0479246366610924        10.831424661797648        1.3298180050995314     
   156.93294936957258        2.0228743988317253        10.797025117257256        1.3176249763960350     
   162.47613596373097        2.0054104155486523        10.767084797863594        1.3087176627524988     
   168.21511902855468        1.9941521798599084        10.741025983730667        1.3025622459267174     
   174.15674278185460        1.9879329963385488        10.718345721813739        1.2986317274201924     
   180.30830831190286        1.9857619044218213        10.698605510284931        1.2964012422475781     
   186.67715947709803        1.9867898537975912        10.681424447637841        1.2953458101960149     
   193.27089166569760        1.9902795351086107        10.666470927540656        1.2949404186313398     
   200.09760727912413        1.9955806817178343        10.653455837551785        1.2946637440991515     
   207.16537088595135        2.0021095986343336        10.642128167447032        1.2940056564704616     
   214.48286737908427        2.0093342513794363        10.632268907231410        1.2924785172994635     
   222.05883252794877        2.0167628279592655        10.623687815424445        1.2896320493328912     
   229.90230130529540        2.0239370222820989        10.616219271049301        1.2850706594867918     
   238.02291179328489        2.0304288026769508        10.609718876727653        1.2784712948146231     
   246.43025707061713        2.0358391485984662        10.604061265255963        1.2696006441862435     
   255.13466811288930        2.0398001026477948        10.599137051963872        1.2583276013384526     
   264.14653641505117        2.0419772380317109        10.594851220632455        1.2446312558049899     
   273.47660938458705        2.0420737578366954        10.591121051767807        1.2286007746750043     
   283.13635184814427        2.0398345202850767        10.587874426014706        1.2104270618954107     
   293.13729579387660        2.0350499679477800        10.585048697406201        1.1903892224435897     
   303.49136818478553        2.0275596440397159        10.582589327435622        1.1688340623222049     
   314.21129214162710        2.0172543175497508        10.580448766465670        1.1461522015443533     
   325.30973137660959        2.0040781738772702        10.578585731440414        1.1227564307624573     
   336.80032369109853        1.9880281819694514        10.576964202305534        1.0990579654086470     
   348.69678677735646        1.9691542997337366        10.575552890496159        1.0754502961247194     
   361.01330816366544        1.9475572519712456        10.574324556723198        1.0522947869881991     
   373.76502243504467        1.9176692592246909        10.379424595150445        1.0183421888652380     
   386.96715283564077        1.8651796631830231        9.5449475779502055       0.94347340378379929     
   400.63544401132759        1.8116663878841874        8.8186613694841594       0.87138155771454662     
   414.78669160661980        1.7571781742181947        8.1865238995498881       0.80290515169300647     
   429.43761284149554        1.7018068350060356        7.6363437066810604       0.73864885315615614     
   444.60621081975989        1.6456754749056719        7.1574835671465120       0.67898585195285199     
   460.31059410826708        1.5889365078649980        6.7407035319121347       0.62409024720892103     
   476.56949149896485        1.5317633772505193        6.3779594594985767       0.57397105350544264     
   493.40288198244309        1.4743424864348957        6.0622380297147904       0.52850982102509492     
   510.83065126063684        1.4168723881443714        5.7874502099873180       0.48750156034682007     
   528.87421463804299        1.3595532956246459        5.5482832326903715       0.45068228877843802     
   547.55511287104378        1.3025873640753762        5.3401221998643544       0.41775829277738696     
   566.89562449487210        1.2461727298910916        5.1589494603336208       0.38842404321358692     
   586.91951519858117        1.1904982253208833        5.0012622072190487       0.36237544426039420     
   607.65068989177485        1.1357446933662245        4.8640177521408230       0.33932143591553426     
   629.11387223602765        1.0820808009719769        4.7445671826737428       0.31898873157808422     
   651.33543626567803        1.0296595905675552        4.6406010328488554       0.30112452633720049     
   674.34163286578985       0.97862181513369495        4.5501142019251484       0.28549948567186856     
   698.16073213207346       0.92909034911036070        4.4713572109541868       0.27190612990537993     
   722.82116976782140       0.87986430994655818        4.4015008551991750       0.25847932942268748     
   748.35235540965130       0.83213147269131760        4.3403159344589044       0.24647462244162668     
   774.78566186873422       0.78638227981385334        4.2870624366724641       0.23626953872812245     
   802.15264573967897       0.74265537878529397        4.2407127974952070       0.22769482736735508     
   830.48594444209971       0.70097941647383977        4.2003724369964219       0.22060326112921516     
   859.82037403360118       0.66137243205789387        4.1652614117219438       0.21486744030597429     
   890.19058800385733       0.62384625906976254        4.1347025672045943       0.21037848698267847     
   921.63390537915473       0.58840398017079321        4.1081050765292186       0.20704382460855755     
   954.18786380243341       0.55504451198244564        4.0849557220817942       0.20478610017246560     
   987.89128659474920       0.52376275826863339        4.0648077053917016       0.20354165299085972     
   1022.7855886411724       0.49455040884297113        4.0472714832437289       0.20325937946635772     
   1058.9119914466876       0.46740049901716268        4.0320088504423985       0.20389981458983056     
   1096.3148872627712       0.44230691554095564        4.0187247181387749       0.20543425595162304     
   1135.0389283928459       0.41926928665318836        4.0071627594947481       0.20784402896329734     
   1175.1302964981960       0.39829482364730368        3.9970998207523802       0.21111988348836189     
   1216.6382559936744       0.37940099168224301        3.9883413443245601       0.21526170124239494     
   1259.6123598874483       0.36262073974060366        3.9807183291415815       0.22027792395666365     
   1304.1038583964914       0.34800583154552522        3.9740836457648174       0.22618539671003685     
   1350.1674228314519       0.33563108043484691        3.9683090187448857       0.23300950652571739     
   1397.8574692241625       0.29711327358519513        3.5246916592197199       0.21880914515190239     
   1447.2325992722181       0.26201418788495107        3.0692180299628244       0.20397095857790123     
   1498.3517579647787       0.23274947170813889        2.6727926448084833       0.19107979577806430     
   1551.2759091786245       0.20109442916250436        2.3263354323773249       0.17416927725686596     
   1606.0700862978565       0.17519073472415303        2.0247460237883499       0.15890823189861500     
   1662.7990190437411       0.15421519995607408        1.7622579940850351       0.14526282880716646     
   1721.5324161293761       0.13726664960647830        1.5337963806735246       0.13303619038959363     
   1782.3403946248577       0.12360433293999323        1.3349528532504291       0.12205853146533786     
   1845.2954731357936       0.11261695333194473        1.1618895949061070       0.11218268419039923     
   1910.4750110852074       0.10379809646198421        1.0112605880584924       0.10328051208262080     
   1977.9568210713478        9.6727383264528191E-002  0.88015933823991921        9.5240825483241170E-002
   2047.8213808026539        9.1054290541484048E-002  0.76605550111406273        8.7966629311549499E-002
   2120.1545400970977        8.6485577220954929E-002  0.66674298482262628        8.1372915558859879E-002
   2195.0417479108573        8.2775883143955481E-002  0.58030643902951651        7.5385553384650375E-002
   2272.5750259096239        7.9719551856644297E-002  0.50507469329264565        6.9939218260114913E-002
   2352.8469348264384        7.7144901353156325E-002  0.43959609724696691        6.4976678978404423E-002
   2435.9532056335870        7.4909289940251936E-002  0.38260686893094914        6.0447509178368532E-002
   2521.9959596104222        7.2895259343097221E-002  0.33300517447322164        5.6307053837847287E-002
   2611.0779162676686        7.1007601103560705E-002  0.28983391368740558        5.2515980528450579E-002
   2703.3053132971791        6.9170684642967509E-002  0.25225985153285341        4.9039437782783558E-002
   2798.7914800504532        6.7326158517050733E-002  0.21955652836814923        4.5846380565504358E-002
   2897.6492167059700        6.5431089495883332E-002  0.19109322489069550        4.2909359530653217E-002
   3000.0000000000000        6.3455917314010013E-002  0.16631962952777329        4.0203792444296511E-002
