         200   4370.0000000000000     
   3.0000000000000000        1.5091789284933611E-003   1.9672002545697624        7.3272520647012565E-004
   3.1059655287322618        1.6162237353772580E-003   1.9672002545697624        7.8118991352121522E-004
   3.2156739552243598        1.7306432826358672E-003   1.9672002545697624        8.3302784568366889E-004
   3.3292574962321346        1.8528924864043620E-003   1.9672002545697624        8.8847556860110035E-004
   3.4468529954360925        1.9834504102626180E-003   1.9672002545697624        9.4778576912606051E-004
   3.5686022069563790        2.1228227210838843E-003   1.9672002545697624        1.0112283127744423E-003
   3.6946518254059528        2.2715444172367255E-003   1.9672002545697624        1.0790912252358076E-003
   3.8251536998800524        2.4301833772148286E-003   1.9672002545697624        1.1516818188052769E-003
   3.9602651907155879        2.5993447868642152E-003   1.9672002545697624        1.2293279677446541E-003
   4.1001490688558144        2.7796757557197790E-003   1.9672002545697624        1.3123791972753666E-003
   4.2449739038313119        2.9718713249172212E-003   1.9672002545697624        1.4012081229014908E-003
   4.3949142193596993        3.1766810364751326E-003   1.9672002545697624        1.4962118528399414E-003
   4.5501507036585132        3.3949164421442387E-003   1.9672002545697624        1.5978135247686780E-003
   4.7108703059600501        3.6274593424812911E-003   1.9672002545697624        1.7064638830544450E-003
   4.8772669425686850        3.8752718319416441E-003   1.9672002545697624        1.8226434078229335E-003
   5.0495410155906377        4.1394055558220729E-003   1.9672002545697624        1.9468637946690450E-003
   5.2279001269311909        4.4210136414622727E-003   1.9672002545697624        2.0796704158286094E-003
   5.4125592113782046        4.7213627693980641E-003   1.9672002545697624        2.2216445923685089E-003
   5.6037407956130689        5.0418464281227994E-003   1.9672002545697624        2.3734061747236615E-003
   5.8016752663703963        5.3839992313302115E-003   1.9672002545697624        2.5356163803015876E-003
   6.0066011480696169        5.7495123632766536E-003   1.9672002545697624        2.7089809161811814E-003
   6.2187653902530293        6.1402502435657811E-003   1.9672002545697624        2.8942534162291300E-003
   6.4384236651766908        6.5582685346208518E-003   1.9672002545697624        3.0922392231557279E-003
   6.6658406759127811        7.0058336538660164E-003   1.9672002545697624        3.3037995471861888E-003
   6.9012904753346884        7.4854439987974766E-003   1.9672002545697624        3.5298560342054146E-003
   7.1450567963692624        7.9998531474204070E-003   1.9672002545697624        3.7713957775337269E-003
   7.3974330131920443        8.5520945113110643E-003   1.9672002545697624        4.0294764135477609E-003
   7.6587243988323896        9.1455137790575243E-003   1.9672002545697624        4.3052341069007424E-003
   7.9292442763577622        9.7837908326332493E-003   1.9672002545697624        4.5998857089627355E-003
   8.2093202460023029        1.0470988277465471E-002   1.9672002545697624        4.9147421339037099E-003
   8.4992881560440416        1.1211575811890289E-002   1.9672002545697624        5.2512091601056568E-003
   8.7994991583321234        1.2010491366175009E-002   1.9672002545697624        5.6108034244842812E-003
   9.1103132457223861        1.2873174325420731E-002   1.9672002545697624        5.9951536771373085E-003
   9.4321068148357909        1.3805642464342014E-002   1.9672002545697624        6.4060194058911234E-003
   9.7652657388916850        1.4814537367512709E-002   1.9672002545697624        6.8452926487167082E-003
   10.110193474162946        1.5907221689696112E-002   1.9672002545697624        7.3150196820397787E-003
   10.467303634806061        1.7091840192870088E-002   1.9672002545697624        7.8174035346010046E-003
   10.837027566606025        1.8377437688077744E-002   1.9672002545697624        8.3548276211026489E-003
   11.219811965471335        1.9774057857297866E-002   1.9672002545697624        8.9298673938957417E-003
   11.616115840724994        2.1292848096915021E-002   1.9672002545697624        9.5453014967233213E-003
   12.026419117330413        2.2946219099588879E-002   1.9672002545697624        1.0204142252181414E-002
   12.451213803399156        2.4747948424616539E-002   1.9672002545697624        1.0909640926170552E-002
   12.891014326336300        2.6713368261917919E-002   1.9672002545697624        1.1665325128561711E-002
   13.346348065368609        2.8859477359001341E-002   1.9672002545697624        1.2475005750298090E-002
   13.817766430769083        3.1205146865509049E-002   1.9672002545697624        1.3342820850530695E-002
   14.305834715756038        3.3771229657644966E-002   1.9672002545697624        1.4273244686030275E-002
   14.811143972217785        3.6580775798707894E-002   1.9672002545697624        1.5271139254887272E-002
   15.334300133051286        3.9659127783436748E-002   1.9672002545697624        1.6341765875976674E-002
   15.875936741648431        4.3034139327538627E-002   1.9672002545697624        1.7490845710537918E-002
   16.436703292225193        4.6736248121817064E-002   1.9672002545697624        1.8724574358854357E-002
   17.017278874447534        5.0798696278737510E-002   1.9672002545697624        2.0049692825464628E-002
   17.618359675531394        5.5257575124395351E-002   1.9672002545697624        2.1473505579122101E-002
   18.240671728221173        6.0152031506980140E-002   1.9672002545697624        2.3003958865754095E-002
   18.884968846184627        6.5524366905900064E-002   1.9672002545697624        2.4649691212414847E-002
   19.552019805756849        7.1420013031077798E-002   1.9672002545697624        2.6420057906013619E-002
   20.242632201214423        7.7887787795362956E-002   1.9671022266982803        2.8325232939415614E-002
   20.957638264717446        8.4979791358094761E-002   1.9668450583374795        3.0376260918758381E-002
   21.697899624358065        9.2751390895218846E-002   1.9666212294615966        3.2585206096044025E-002
   22.464312967141105       0.10126113560672688        1.9664264168396421        3.4965147594137339E-002
   23.257792778673313       0.11057029068534306        1.9662568609383173        3.7530248012649758E-002
   24.079299719823517       0.12074272607158115        1.9661092863818102        4.0295931119734209E-002
   24.929823759061236       0.13184412203501922        1.9659808434933110        4.3278925596031088E-002
   25.810395145829254       0.14394128594983707        1.9658690514120554        4.6497403402620138E-002
   26.722064579292049       0.15710082823784377        1.9657717527518968        4.9971012568972142E-002
   27.665935811728254       0.17138833299290185        1.9656870679576224        5.3721107072250869E-002
   28.643146268414043       0.18686660346798886        1.9656133617588980        5.7770791714059230E-002
   29.654879655490589       0.20359417731381318        1.9655492105283154        6.2145090102943716E-002
   30.702343174827575       0.22154300028099372        1.9552836704853684        6.6835960907070557E-002
   31.786804983723918       0.24079713548003978        1.9415878065703005        7.1889789051272385E-002
   32.909571928103169       0.26143051044077203        1.9296674839660148        7.7355178746092546E-002
   34.072004028335677       0.28346561170216977        1.9192924629061796        8.3265664002548270E-002
   35.275488300232773       0.30691155013517907        1.9102625241403537        8.9657139154762297E-002
   36.521481794408061       0.33176372766559858        1.9024032329081226        9.6568154021152444E-002
   37.811486012809581       0.35800264964585909        1.8955628256501198       0.10403984185094314     
   39.147055493126302       0.38559390984847619        1.8896092135402416       0.11211599340438622     
   40.529808025860810       0.41448882390276381        1.8844274031922641       0.12084312119926358     
   41.961393513511240       0.44462483704978417        1.8799173949842323       0.13027022451903808     
   43.443545167355794       0.47592831062647933        1.8759920673728399       0.14044903674343082     
   44.978049075047366       0.50831624124590469        1.8725756219594425       0.15143371830791139     
   46.566763998623138       0.54169961748317241        1.8696020704633476       0.16328083269479016     
   48.211585595230147       0.57598612302950858        1.8670140286876358       0.17604887225833193     
   49.914505239722644       0.61108523395734216        1.8647615024453239       0.18979845376662893     
   51.677575059319224       0.64691162012893400        1.8628009952696227       0.20459178711465995     
   53.502930680545909       0.68338988086482721        1.8610946401724362       0.22049256534177397     
   55.392750120602578       0.72045797579810233        1.8596095075687038       0.23756530021179648     
   57.349321371645829       0.75807263936376912        1.8583169085872704       0.25587561886199267     
   59.375002227322796       0.79621228981346948        1.8571918830355876       0.27548965730352520     
   61.472246417894510       0.83488074736666407        1.8562127011645111       0.29647409777829703     
   63.643556378429672       0.87410894821806429        1.8553604665246610       0.31889555671649861     
   65.891560899834928       0.91395819454400118        1.8546187161754586       0.34282132126822118     
   68.218968971510208       0.95452025641395022        1.8539731268567277       0.36831896429583838     
   70.628585269218178       0.99413270930340414        1.8528831019962240       0.39463294562584472     
   73.123328588587739        1.0295926609824764        1.8505133764236459       0.42026604235778714     
   75.706175661273647        1.0662001396356429        1.8484508768211092       0.44764325672078814     
   78.380253523498894        1.1041204213310924        1.8466557610996155       0.47682305347494608     
   81.148784610322849        1.1435381755298757        1.8450933654270980       0.50786680052395106     
   84.015122474940881        1.1846540803744530        1.8437335122969238       0.54083989435830115     
   86.982687236203873        1.2276796273401336        1.8425499589889101       0.57581176071524220     
   90.055071705548812        1.2728340899183284        1.8415198423538208       0.61285779665714823     
   93.235978303002270        1.3203388523545543        1.8406232707548105       0.65205930305329463     
   96.529260096906100        1.3704130770783058        1.8398429270065493       0.69350452348779412     
   99.938826062156153        1.4232671609332217        1.8391637556326905       0.73728783476536475     
   103.46886588546354        1.4791009757931510        1.8385726254846668       0.78351283212513878     
   107.12359379692580        1.5380945591724164        1.8380581302832866       0.83228905828745325     
   110.90736836557576        1.6004044300413258        1.8376103399171271       0.88373325474638509     
   114.82483910697920        1.6661604783391206        1.8372205967747857       0.93797088506304238     
   118.88068277378797        1.7354559814028201        1.8368813804834603       0.99513172214132128     
   123.07973629915718        1.8083441024632476        1.8365861439353055        1.0553504180677071     
   127.42715949490271        1.8848352765643792        1.8363291790054843        1.1187673040365906     
   131.92808807993632        1.9648859433194603        1.8361055298447053        1.1855213587156039     
   136.58805281121437        2.0484011667477002        1.8359108724038746        1.2557538227904774     
   141.41261684513370        2.1352241452174687        1.8357414506284009        1.3295998442113532     
   146.40753387824964        2.2251358540727408        1.8355939945614197        1.4071872457508494     
   151.57894168226974        2.2836313179827767        1.8267454441622131        1.4615791517327805     
   156.93294936957258        2.2700046303764951        1.8002047962476317        1.4580772058608786     
   162.47613596373097        2.2647086978154558        1.7771046219257511        1.4595616907960929     
   168.21511902855468        2.2663996097971180        1.7569991868040211        1.4658221916140601     
   174.15674278185460        2.2739400207539631        1.7395004421494209        1.4766993630091949     
   180.30830831190286        2.2863595315764917        1.7242700659643293        1.4920804014394444     
   186.67715947709803        2.3028181790394830        1.7110141772423517        1.5118924992012053     
   193.27089166569760        2.3225754069726854        1.6994769282093884        1.5360966571409858     
   200.09760727912413        2.3449651056499325        1.6894352568562900        1.5646819905055107     
   207.16537088595135        2.3693732961232468        1.6806954985844891        1.5976565292436027     
   214.48286737908427        2.3952247663384756        1.6730886782740231        1.6350428491632436     
   222.05883252794877        2.4219704652345388        1.6664680168840409        1.6768686358741238     
   229.90230130529540        2.4490820044118875        1.6607057310938316        1.7231613226515612     
   238.02291179328489        2.4760500701101145        1.6556904124522265        1.7739444572022396     
   246.43025707061713        2.5023826153606845        1.6513253350619794        1.8292291924724751     
   255.13466811288930        2.5276101544421907        1.6475261042004101        1.8890157006828476     
   264.14653641505117        2.5512879399771631        1.6442194109895516        1.9532865100387276     
   273.47660938458705        2.5730023092317822        1.6413414339750008        2.0220072265508220     
   283.13635184814427        2.5923770430074411        1.6388365301405328        2.0951293437431984     
   293.13729579387660        2.6090773018978708        1.6366563655743138        2.1725864779259969     
   303.49136818478553        2.6228154239977188        1.6347588615999766        2.2542985301741649     
   314.21129214162710        2.6333552262013447        1.6331073317381277        2.3401773759255251     
   325.30973137660959        2.6405137623097028        1.6316699244317503        2.4301228721485932     
   336.80032369109853        2.6441638411799522        1.6304188487437805        2.5240340364673135     
   348.69678677735646        2.6442335459493713        1.6293299642736301        2.6218046259437897     
   361.01330816366544        2.6407056084334908        1.6283822548017333        2.7233287456173874     
   373.76502243504467        2.6143211350522098        1.6029653790667515        2.8084649679256546     
   386.96715283564077        2.5172965038764081        1.4964924123123298        2.8219144939265068     
   400.63544401132759        2.4229110796788160        1.4038237758678596        2.8366722563403228     
   414.78669160661980        2.3310876223827064        1.3231678075988356        2.8533505745725054     
   429.43761284149554        2.2417827504328791        1.2529689690726349        2.8726149113477288     
   444.60621081975989        2.1549737158367841        1.1918700308565309        2.8951432449356607     
   460.31059410826708        2.0706614371645715        1.1386920452191238        2.9215885071310406     
   476.56949149896485        1.9888628605453662        1.0924086404442030        2.9525513851844374     
   493.40288198244309        1.9096040542798631        1.0521249698287860        2.9885628808320712     
   510.83065126063684        1.8329230567527586        1.0170641187911802        3.0300710832294970     
   528.87421463804299        1.7588587996963350       0.98654821829588846        3.0774409001722343     
   547.55511287104378        1.6874543433215983       0.95998844220761026        3.1309520901142474     
   566.89562449487210        1.6187511763772464       0.93687216857124211        3.1908050250739763     
   586.91951519858117        1.5527844809831806       0.91675246567661861        3.2571295600318177     
   607.65068989177485        1.4895859956480217       0.89924110945999869        3.3299878337122482     
   629.11387223602765        1.4291797997619664       0.88400011869630346        3.4093829448535473     
   651.33543626567803        1.3715790826159111       0.87073482296529636        3.4952683512036984     
   674.34163286578985        1.3167902228276875       0.85918938655174770        3.5875463788673296     
   698.16073213207346        1.2648068209672114       0.84914058915111723        3.6860806329816524     
   722.82116976782140        1.2109156926864952       0.83562869535299744        3.7795010669910658     
   748.35235540965130        1.1590033880309627       0.82246561574618948        3.8767037529351347     
   774.78566186873422        1.1105191807767987       0.81100887081258566        3.9810199175098853     
   802.15264573967897        1.0653305052128041       0.80103739446097100        4.0920169808886797     
   830.48594444209971        1.0233071416201123       0.79235873033607773        4.2092444883263882     
   859.82037403360118       0.98431936880617710       0.78480508451660558        4.3322358214845522     
   890.19058800385733       0.94824107756126752       0.77823077669357621        4.4604954939452144     
   921.63390537915473       0.91494596347318036       0.77250869872296901        4.5935080285911214     
   954.18786380243341       0.88431064359352574       0.76752843901598700        4.7307247575702025     
   987.89128659474920       0.85621335532557230       0.76319387513321357        4.8715655407075253     
   1022.7855886411724       0.83053327582875425       0.75942120230233079        5.0154215126370500     
   1058.9119914466876       0.80715298233138488       0.75613766040765062        5.1616410209048205     
   1096.3148872627712       0.78595620452805548       0.75327976521216100        5.3095412743121848     
   1135.0389283928459       0.76683000939967516       0.75079237158313461        5.4583947742194026     
   1175.1302964981960       0.74966400074308304       0.74862747111187999        5.6074336301320500     
   1216.6382559936744       0.73434992158217727       0.74674320745575529        5.7558549813610966     
   1259.6123598874483       0.72078293530421533       0.74510322239925386        5.9028116326241173     
   1304.1038583964914       0.70886094342358852       0.74367586310225808        6.0474201960030562     
   1350.1674228314519       0.69848424182763480       0.74243353289665881        6.1887707473498859     
   1397.8574692241625       0.62183259949842806       0.66095647169245664        5.7654543700085847     
   1447.2325992722181       0.54653286362809916       0.57768169474218956        5.3294692869066509     
   1498.3517579647787       0.48113378386104538       0.50520277740067643        4.9419302570653292     
   1551.2759091786245       0.41504281626378309       0.43977968696737568        4.3903539547001182     
   1606.0700862978565       0.35832473571046430       0.38276602769194085        3.8888789863885131     
   1662.7990190437411       0.30981195163679537       0.33314424833502337        3.4393066806180008     
   1721.5324161293761       0.26823789852660235       0.28995495781748853        3.0367993334349821     
   1782.3403946248577       0.23254403771781409       0.25236478787529204        2.6769637317041410     
   1845.2954731357936       0.20184299593607682       0.21964822236158943        2.3557905689428775     
   1910.4750110852074       0.17538892442995921       0.19117271682713835        2.0696074508031801     
   1977.9568210713478       0.15255574677346898       0.16638881601738970        1.8150679844410382     
   2047.8213808026539       0.13281604497817248       0.14481817359214572        1.5891088295503295     
   2120.1545400970977       0.11572411981991101       0.12604374118711778        1.3889171355706926     
   2195.0417479108573       0.10090393046505963       0.10970343336977542        1.2119256606293398     
   2272.5750259096239        8.8036157896412143E-002   9.5481325444281895E-002   1.0557737717982780     
   2352.8469348264384        7.6850136898542115E-002   8.3102991661777939E-002  0.91830565919814700     
   2435.9532056335870        6.7115462591574013E-002   7.2329521662346755E-002  0.79754815630445297     
   2521.9959596104222        5.8635276083309949E-002   6.2952620396058312E-002  0.69169447169725817     
   2611.0779162676686        5.1241585027010227E-002   5.4791353843465292E-002  0.59910130019142105     
   2703.3053132971791        4.4790391379200878E-002   4.7688203944082304E-002  0.51827351772150443     
   2798.7914800504532        3.9157798169476961E-002   4.1505837882852337E-002  0.44785254386689266     
   2897.6492167059700        3.4237415681619865E-002   3.6125021978509607E-002  0.38661383240209535     
   3000.0000000000000        2.9937226349722387E-002   3.1441723146307873E-002  0.33345155980090807     
