         200   4370.0000000000000     
   3.0000000000000000        6.0976072468013429E-003  0.12552327765577576        5.5944655087761235E-003
   3.1059655287322618        6.5689354633220540E-003  0.12552327765577576        6.0820949314233539E-003
   3.2156739552243598        7.0766556783918959E-003  0.12552327765577576        6.6148635799388716E-003
   3.3292574962321346        7.6229594682370371E-003  0.12552327765577576        7.1969770908741348E-003
   3.4468529954360925        8.2100396471269446E-003  0.12552327765577576        7.8330143903006227E-003
   3.5686022069563790        8.8400780456461825E-003  0.12552327765577576        8.5279562811310192E-003
   3.6946518254059528        9.5152337203379990E-003  0.12552327765577576        9.2872133764804153E-003
   3.8251536998800524        1.0237634160352687E-002  0.12552327765577576        1.0116655265540521E-002
   3.9602651907155879        1.1009369773826728E-002  0.12552327765577576        1.1022640500730426E-002
   4.1001490688558144        1.1832488361054027E-002  0.12552327765577576        1.2012042737264549E-002
   4.2449739038313119        1.2708994760003412E-002  0.12552327765577576        1.3092278178085651E-002
   4.3949142193596993        1.3640851431328690E-002  0.12552327765577576        1.4271328687209921E-002
   4.5501507036585132        1.4629981090262281E-002  0.12552327765577576        1.5557760996070407E-002
   4.7108703059600501        1.5678269679903184E-002  0.12552327765577576        1.6960738951567921E-002
   4.8772669425686850        1.6787573635747705E-002  0.12552327765577576        1.8490033200693638E-002
   5.0495410155906377        1.7959718764163409E-002  0.12552327765577576        2.0156010092102425E-002
   5.2279001269311909        1.9196505301504598E-002  0.12552327765577576        2.1969617720424779E-002
   5.4125592113782046        2.0499706647127504E-002  0.12552327765577576        2.3942350453649067E-002
   5.6037407956130689        2.1871065449881200E-002  0.12552327765577576        2.6086194227975291E-002
   5.8016752663703963        2.3312285537264721E-002  0.12552327765577576        2.8413547387322647E-002
   6.0066011480696169        2.4825019129512238E-002  0.12552327765577576        3.0937112440928990E-002
   6.2187653902530293        2.6410849028949763E-002  0.12552327765577576        3.3669753822813439E-002
   6.4384236651766908        2.8071265757957830E-002  0.12552327765577576        3.6624316629807994E-002
   6.6658406759127811        2.9807639918211237E-002  0.12552327765577576        3.9813401482690768E-002
   6.9012904753346884        3.1621190338876559E-002  0.12552327765577576        4.3249091208947120E-002
   7.1450567963692624        3.3512948851102120E-002  0.12552327765577576        4.6942626112515429E-002
   7.3974330131920443        3.5483719770018650E-002  0.12552327765577576        5.0904020232890076E-002
   7.6587243988323896        3.7534056176153061E-002  0.12552327765577576        5.5141662093386348E-002
   7.9292442763577622        3.9664188497256905E-002  0.12552327765577576        5.9661769742713457E-002
   8.2093202460023029        4.1874033573491370E-002  0.12552327765577576        6.4467969743090270E-002
   8.4992881560440416        4.4163110123184954E-002  0.12552327765577576        6.9560648190333071E-002
   8.7994991583321234        4.6530561117128028E-002  0.12552327765577576        7.4936517147350903E-002
   9.1103132457223861        4.8975074349054327E-002  0.12552327765577576        8.0587965951294291E-002
   9.4321068148357909        5.1494919058452666E-002  0.12552327765577576        8.6502711714120800E-002
   9.7652657388916850        5.4087874523849423E-002  0.12552327765577576        9.2663275643794507E-002
   10.110193474162946        5.6751282663318928E-002  0.12552327765577576        9.9046859488320593E-002
   10.467303634806061        5.9481985689376148E-002  0.12552327765577576       0.10562510126870218     
   10.837027566606025        6.2276386061326038E-002  0.12552327765577576       0.11236430822187732     
   11.219811965471335        6.5130434520620492E-002  0.12552327765577576       0.11922573208529949     
   11.616115840724994        6.8039619953642314E-002  0.12552327765577576       0.12616607867034060     
   12.026419117330413        7.0999049834465505E-002  0.12552327765577576       0.13313846502381080     
   12.451213803399156        7.4003406249715464E-002  0.12552327765577576       0.14009329094013354     
   12.891014326336300        7.7047044680741333E-002  0.12552327765577576       0.14697962072848944     
   13.346348065368609        8.0123954707387757E-002  0.12552327765577576       0.15374635986870272     
   13.817766430769083        8.3227866912501086E-002  0.12552327765577576       0.16034381107544804     
   14.305834715756038        8.6352217362105424E-002  0.12552327765577576       0.16672488132107433     
   14.811143972217785        8.9490260911641389E-002  0.12552327765577576       0.17284649895521084     
   15.334300133051286        9.2635039142572193E-002  0.12552327765577576       0.17867054724856171     
   15.875936741648431        9.5779498704357771E-002  0.12552327765577576       0.18416485976949012     
   16.436703292225193        9.8916462667643229E-002  0.12552327765577576       0.18930366259517281     
   17.017278874447534       0.10203875253648521       0.12552327765577576       0.19406799840825101     
   17.618359675531394       0.10513916284943839       0.12552327765577576       0.19844561983930420     
   18.240671728221173       0.10821057609331355       0.12552327765577576       0.20243085266095279     
   18.884968846184627       0.11124599418101820       0.12552327765577576       0.20602410667194337     
   19.552019805756849       0.11423852688470232       0.12552327765577576       0.20923119203466331     
   20.242632201214423       0.11718155061119562       0.12551860281530069       0.21206270970430105     
   20.957638264717446       0.12006868605728541       0.12550688880373062       0.21453318689319653     
   21.697899624358065       0.12289386492701278       0.12549737720513607       0.21666033335253493     
   22.464312967141105       0.12565139281073043       0.12548965389106070       0.21846422672361654     
   23.257792778673313       0.12833592851570394       0.12548338271911832       0.21996657148600787     
   24.079299719823517       0.13094262370456494       0.12547829062322308       0.22119011898638655     
   24.929823759061236       0.13346709517120128       0.12547415591908084       0.22215806613040898     
   25.810395145829254       0.13590548997696172       0.12547079858451909       0.22289360589881649     
   26.722064579292049       0.13825445835700373       0.12546807249801017       0.22341953722782201     
   27.665935811728254       0.14051126627428509       0.12546585895737539       0.22375800223250825     
   28.643146268414043       0.14267375798907966       0.12546406159616702       0.22393025577023001     
   29.654879655490589       0.14474039859522805       0.12546260215851501       0.22395652540980104     
   30.702343174827575       0.14658796063767113       0.11594995087170955       0.22366141937091988     
   31.786804983723918       0.14828647439418949       0.10394304146700721       0.22317114612388508     
   32.909571928103169       0.14989713623521558        9.4193614301455925E-002  0.22259983572672273     
   34.072004028335677       0.15141875190747145        8.6277186026465641E-002  0.22196084850033360     
   35.275488300232773       0.15285091023979777        7.9849209331824475E-002  0.22126655414821284     
   36.521481794408061       0.15419398626355293        7.4629790371128157E-002  0.22052835668179072     
   37.811486012809581       0.15544905127442127        7.0391701843211044E-002  0.21975675967035835     
   39.147055493126302       0.15661782617376005        6.6950438647879029E-002  0.21896141205318675     
   40.529808025860810       0.15770262887440031        6.4156170554111547E-002  0.21815114912476041     
   41.961393513511240       0.15870628740919882        6.1887282419034316E-002  0.21733405232881109     
   43.443545167355794       0.15963211408012642        6.0044979885206830E-002  0.21651745446765217     
   44.978049075047366       0.16048381229791170        5.8549058348276672E-002  0.21570798620310161     
   46.566763998623138       0.16126541861063148        5.7334386414117991E-002  0.21491158715435685     
   48.211585595230147       0.16198121385169389        5.6348097823709677E-002  0.21413353890243028     
   49.914505239722644       0.16263567915030749        5.5547246542810458E-002  0.21337844514738083     
   51.677575059319224       0.16323340492492397        5.4896967526754110E-002  0.21265025455768269     
   53.502930680545909       0.16377902723880916        5.4368948074746654E-002  0.21195225221333544     
   55.392750120602578       0.16427714500925628        5.3940207155998801E-002  0.21128707390839921     
   57.349321371645829       0.16473227162405926        5.3592076074191211E-002  0.21065667823771708     
   59.375002227322796       0.16514875741835533        5.3309398949566801E-002  0.21006236076362028     
   61.472246417894510       0.16553073547483968        5.3079868214676376E-002  0.20950474595454840     
   63.643556378429672       0.16588205866042696        5.2893493985879100E-002  0.20898380307072745     
   65.891560899834928       0.16620626579783732        5.2742160956874805E-002  0.20849883429527094     
   68.218968971510208       0.16650653277506727        5.2619280847240435E-002  0.20804850285175033     
   70.628585269218178       0.16640125113747881        5.2432039916483840E-002  0.20703994343880225     
   73.123328588587739       0.16524567384714914        5.2052586171834996E-002  0.20447959477626154     
   75.706175661273647       0.16418331526981988        5.1744477547267013E-002  0.20212698149622527     
   78.380253523498894       0.16320196369761295        5.1494298047026286E-002  0.19996316890517107     
   81.148784610322849       0.16229127703563020        5.1291156111520707E-002  0.19797065396658103     
   84.015122474940881       0.16144249830439056        5.1126207080694215E-002  0.19613323044960132     
   86.982687236203873       0.16064824187318205        5.0992271865326066E-002  0.19443595698399893     
   90.055071705548812       0.15990226348767153        5.0883518514807539E-002  0.19286503789591700     
   93.235978303002270       0.15919930984725569        5.0795212454175884E-002  0.19140782378100921     
   96.529260096906100       0.15853496344268014        5.0723508898329384E-002  0.19005275130144100     
   99.938826062156153       0.15790553664745055        5.0665287398534431E-002  0.18878933916547724     
   103.46886588546354       0.15730792269956204        5.0618011866608852E-002  0.18760805720443749     
   107.12359379692580       0.15673955261332201        5.0579624903705302E-002  0.18650037413553672     
   110.90736836557576       0.15619829191201612        5.0548455646805442E-002  0.18545865373120290     
   114.82483910697920       0.15568235453494000        5.0523146384679606E-002  0.18447606360938210     
   118.88068277378797       0.15519028223558709        5.0502595675533293E-002  0.18354658899574353     
   123.07973629915718       0.15472087293113868        5.0485909012030837E-002  0.18266493133893655     
   127.42715949490271       0.15427312101360546        5.0472359534674091E-002  0.18182641794462717     
   131.92808807993632       0.15384621729292444        5.0461357696845621E-002  0.18102701241386807     
   136.58805281121437       0.15343947308647132        5.0452424266114210E-002  0.18026317430787070     
   141.41261684513370       0.15305232714320377        5.0445170465678334E-002  0.17953186760381068     
   146.40753387824964       0.15268430378120165        5.0439280560559942E-002  0.17883047325560894     
   151.57894168226974       0.14813912313373390        4.9939446889862300E-002  0.17378842336356867     
   156.93294936957258       0.13568899240709850        4.8500152562408118E-002  0.16053290186866634     
   162.47613596373097       0.12559989641397271        4.7331453625288886E-002  0.14975063882463169     
   168.21511902855468       0.11742457187155597        4.6382489099299554E-002  0.14097024265565949     
   174.15674278185460       0.11080053112748678        4.5611953561654879E-002  0.13381048912833446     
   180.30830831190286       0.10543384584915128        4.4986283018333149E-002  0.12796287094222916     
   186.67715947709803       0.10108656551422752        4.4478248714791974E-002  0.12317810994432332     
   193.27089166569760        9.7565843853789455E-002   4.4065737525490034E-002  0.11925453152701232     
   200.09760727912413        9.4715286238779103E-002   4.3730780748900973E-002  0.11602883458457633     
   207.16537088595135        9.2408262609467634E-002   4.3458804196703026E-002  0.11336899930943477     
   214.48286737908427        9.0541987294846360E-002   4.3237960758768200E-002  0.11116799209431776     
   222.05883252794877        8.9033152939178684E-002   4.3058639479573384E-002  0.10933916679580609     
   229.90230130529540        8.7814120566030079E-002   4.2913035071303937E-002  0.10781223790524529     
   238.02291179328489        8.6829889472881408E-002   4.2794805106842360E-002  0.10653008259228078     
   246.43025707061713        8.6035755147473372E-002   4.2698805323144358E-002  0.10544630183792887     
   255.13466811288930        8.5395239258978572E-002   4.2620854036162024E-002  0.10452302781443761     
   264.14653641505117        8.4878562347911440E-002   4.2557558859147547E-002  0.10372934842500409     
   273.47660938458705        8.4461313899129392E-002   4.2506164753345475E-002  0.10303991148926338     
   283.13635184814427        8.4123396183619553E-002   4.2464433027124285E-002  0.10243381760922088     
   293.13729579387660        8.3848206169201855E-002   4.2430547544272779E-002  0.10189379082102544     
   303.49136818478553        8.3621932850924965E-002   4.2403033376954440E-002  0.10140544437303391     
   314.21129214162710        8.3433000678415956E-002   4.2380692027108695E-002  0.10095670066306728     
   325.30973137660959        8.3271643149658348E-002   4.2362551407998439E-002  0.10053737827966944     
   336.80032369109853        8.3129528053522833E-002   4.2347821326826962E-002  0.10013878941581458     
   348.69678677735646        8.2999486997868036E-002   4.2335860740526553E-002   9.9753491966041510E-002
   361.01330816366544        8.2875282578894996E-002   4.2326149042625341E-002   9.9375052029814018E-002
   373.76502243504467        8.2550312965697328E-002   4.2077584676602713E-002   9.8658995114241463E-002
   386.96715283564077        8.1589342874173312E-002   4.1077928298387231E-002   9.6882537767010266E-002
   400.63544401132759        8.0772361387532327E-002   4.0266232240470393E-002   9.5364622716466563E-002
   414.78669160661980        8.0067254904376883E-002   3.9607139585093057E-002   9.4050800626606451E-002
   429.43761284149554        7.9447478061248841E-002   3.9071972779948699E-002   9.2896793930552252E-002
   444.60621081975989        7.8890991916714545E-002   3.8637420329888143E-002   9.1866511131804329E-002
   460.31059410826708        7.8379511634580248E-002   3.8284570809201800E-002   9.0930647435080086E-002
   476.56949149896485        7.7897827993025179E-002   3.7998065794858475E-002   9.0065427252670804E-002
   493.40288198244309        7.7433263008512138E-002   3.7765425326987984E-002   8.9251599819519550E-002
   510.83065126063684        7.6975280911154950E-002   3.7576527066748210E-002   8.8473717575262775E-002
   528.87421463804299        7.6515097178333935E-002   3.7423142736834121E-002   8.7719415838313095E-002
   547.55511287104378        7.6045437167474278E-002   3.7298597156010665E-002   8.6978955918121895E-002
   566.89562449487210        7.5560294498375938E-002   3.7197469249273606E-002   8.6244769293866860E-002
   586.91951519858117        7.5054730868754554E-002   3.7115353955089442E-002   8.5511080647783719E-002
   607.65068989177485        7.4524762836693917E-002   3.7048677671961919E-002   8.4773668527396082E-002
   629.11387223602765        7.3967225933688471E-002   3.6994538192286194E-002   8.4029595624137934E-002
   651.33543626567803        7.3379655613318551E-002   3.6950577237847455E-002   8.3276976259543972E-002
   674.34163286578985        7.2760253816535392E-002   3.6914882038779288E-002   8.2514862822072668E-002
   698.16073213207346        7.2107766019636615E-002   3.6885897736947844E-002   8.1743023090929928E-002
   722.82116976782140        7.0237696313754483E-002   3.5679984438297591E-002   7.8781560029941439E-002
   748.35235540965130        6.8219989897551556E-002   3.4364782760917686E-002   7.5594777803316693E-002
   774.78566186873422        6.6412534157263850E-002   3.3296846361022300E-002   7.2844543533730252E-002
   802.15264573967897        6.4769952669826381E-002   3.2429699376178248E-002   7.0450299694707730E-002
   830.48594444209971        6.3255863476996077E-002   3.1725597642251517E-002   6.8347118140422880E-002
   859.82037403360118        6.1841172815847403E-002   3.1153870975670829E-002   6.6482652129970135E-002
   890.19058800385733        6.0502845273484818E-002   3.0689643175416288E-002   6.4814883158185857E-002
   921.63390537915473        5.9222666129849902E-002   3.0312692800229035E-002   6.3309982233807072E-002
   954.18786380243341        5.7986455962014370E-002   3.0006615227340345E-002   6.1940867061898129E-002
   987.89128659474920        5.6783286561489343E-002   2.9758087868595323E-002   6.0685848338660468E-002
   1022.7855886411724        5.5604840366539926E-002   2.9556285044482239E-002   5.9527548396490187E-002
   1058.9119914466876        5.4445018284129960E-002   2.9392426182198391E-002   5.8452155443923300E-002
   1096.3148872627712        5.3299424735420507E-002   2.9259373703260799E-002   5.7448625752496700E-002
   1135.0389283928459        5.2165133870603161E-002   2.9151337254696878E-002   5.6508218471091755E-002
   1175.1302964981960        5.1040375787025978E-002   2.9063614351785776E-002   5.5624002876443729E-002
   1216.6382559936744        4.9924273286397841E-002   2.8992383845670676E-002   5.4790465584520096E-002
   1259.6123598874483        4.8816737411132738E-002   2.8934545833395182E-002   5.4003279071084001E-002
   1304.1038583964914        4.7718274755162264E-002   2.8887582809315197E-002   5.3259030799918908E-002
   1350.1674228314519        4.6629823220975072E-002   2.8849449096648327E-002   5.2555009035798621E-002
   1397.8574692241625        3.9886987453588790E-002   2.5165797749272668E-002   4.5457102567951838E-002
   1447.2325992722181        3.3919459405833748E-002   2.1817540668753018E-002   3.9132066098668962E-002
   1498.3517579647787        2.9095758902119059E-002   1.9098810384683890E-002   3.4029591644787936E-002
   1551.2759091786245        2.3104140250327240E-002   1.5547500992896162E-002   2.7409779119677794E-002
   1606.0700862978565        1.8293963668518202E-002   1.2624317898678602E-002   2.2028879166903943E-002
   1662.7990190437411        1.4483655875484945E-002   1.0250766100428658E-002   1.7713255259959659E-002
   1721.5324161293761        1.1466529647258680E-002   8.3234553267394970E-003   1.4250520511262446E-002
   1782.3403946248577        9.0783354033272499E-003   6.7585103296163495E-003   1.1470951532964093E-002
   1845.2954731357936        7.1885335557710294E-003   5.4878140056564672E-003   9.2387652452089897E-003
   1910.4750110852074        5.6934106506020422E-003   4.4560157036094075E-003   7.4452566048381691E-003
   1977.9568210713478        4.5107333778198859E-003   3.6182122663682204E-003   6.0035057389420630E-003
   2047.8213808026539        3.5752873488624215E-003   2.9379367615675047E-003   4.8439251416550408E-003
   2120.1545400970977        2.8353671309615737E-003   2.3855568596644000E-003   3.9107586086070505E-003
   2195.0417479108573        2.2500622119775351E-003   1.9370381500177860E-003   3.1593914391887697E-003
   2272.5750259096239        1.7869651656021374E-003   1.5728434684690526E-003   2.5540389522644841E-003
   2352.8469348264384        1.4204586953225511E-003   1.2771233113209679E-003   2.0660404747035012E-003
   2435.9532056335870        1.1302848356201376E-003   1.0370059159494423E-003   1.6724085692676341E-003
   2521.9959596104222        9.0042375250716684E-004   8.4203193501886781E-004   1.3546883440770483E-003
   2611.0779162676686        7.1822806306015032E-004   6.8371623409927567E-004   1.0980794210299295E-003
   2703.3053132971791        5.7370710180811957E-004   5.5516783172508504E-004   8.9069445816593068E-004
   2798.7914800504532        4.5896730193475911E-004   4.5078724857582471E-004   7.2297590976964931E-004
   2897.6492167059700        3.6778210193924679E-004   3.6603281724157532E-004   5.8724872053084762E-004
   3000.0000000000000        2.9523152923446324E-004   2.9721269343014776E-004   4.7733319111684596E-004
