         200   4370.0000000000000     
   3.0000000000000000        1.4384875174106274E-003   1.9362995752560082        6.9969257702446328E-004
   3.1059655287322618        1.5400539620053250E-003   1.9362995752560082        7.4595441049504373E-004
   3.2156739552243598        1.6485175700303252E-003   1.9362995752560082        7.9543156072534374E-004
   3.3292574962321346        1.7642838232919079E-003   1.9362995752560082        8.4834848110581444E-004
   3.4468529954360925        1.8877766589974426E-003   1.9362995752560082        9.0494468525364503E-004
   3.5686022069563790        2.0194403516420613E-003   1.9362995752560082        9.6547568722300467E-004
   3.6946518254059528        2.1597416458121010E-003   1.9362995752560082        1.0302138579266452E-003
   3.8251536998800524        2.3091726581184876E-003   1.9362995752560082        1.0994494075169706E-003
   3.9602651907155879        2.4682545989387272E-003   1.9362995752560082        1.1734914964842994E-003
   4.1001490688558144        2.6375416605700186E-003   1.9362995752560082        1.2526691548219748E-003
   4.2449739038313119        2.8176261971877324E-003   1.9362995752560082        1.3373325203629310E-003
   4.3949142193596993        3.0091444043775996E-003   1.9362995752560082        1.4278540262763000E-003
   4.5501507036585132        3.2127828419053917E-003   1.9362995752560082        1.5246297004896262E-003
   4.7108703059600501        3.4292855889645132E-003   1.9362995752560082        1.6280804872683935E-003
   4.8772669425686850        3.6594630143790270E-003   1.9362995752560082        1.7386540775134213E-003
   5.0495410155906377        3.9041997258014759E-003   1.9362995752560082        1.8568261039302802E-003
   5.2279001269311909        4.1644648971761967E-003   1.9362995752560082        1.9831022537476002E-003
   5.4125592113782046        4.4413225861144557E-003   1.9362995752560082        2.1180201843251914E-003
   5.6037407956130689        4.7359429825537657E-003   1.9362995752560082        2.2621517150376840E-003
   5.8016752663703963        5.0496144412259247E-003   1.9362995752560082        2.4161052462333046E-003
   6.0066011480696169        5.3837563208121988E-003   1.9362995752560082        2.5805284313457685E-003
   6.2187653902530293        5.7399326725072405E-003   1.9362995752560082        2.7561111291246388E-003
   6.4384236651766908        6.1198668459422822E-003   1.9362995752560082        2.9435886636394672E-003
   6.6658406759127811        6.5254571113277787E-003   1.9362995752560082        3.1437454202577408E-003
   6.9012904753346884        6.9587934336198341E-003   1.9362995752560082        3.3574188062706696E-003
   7.1450567963692624        7.4221755779227830E-003   1.9362995752560082        3.5855036053381779E-003
   7.3974330131920443        7.9181320148466912E-003   1.9362995752560082        3.8289563827060232E-003
   7.6587243988323896        8.4494452388362024E-003   1.9362995752560082        4.0888025818368963E-003
   7.9292442763577622        9.0191669996087936E-003   1.9362995752560082        4.3661380898339774E-003
   8.2093202460023029        9.6306566238010625E-003   1.9362995752560082        4.6621413282996321E-003
   8.4992881560440416        1.0287596919371098E-002   1.9362995752560082        4.9780734527955965E-003
   8.7994991583321234        1.0994041907893404E-002   1.9362995752560082        5.3152927827901974E-003
   9.1103132457223861        1.1754438726563123E-002   1.9362995752560082        5.6752553175907876E-003
   9.4321068148357909        1.2573687082323173E-002   1.9362995752560082        6.0595314731353225E-003
   9.7652657388916850        1.3457169636206889E-002   1.9362995752560082        6.4698069796436629E-003
   10.110193474162946        1.4410826631752409E-002   1.9362995752560082        6.9079022828695555E-003
   10.467303634806061        1.5441197324654956E-002   1.9362995752560082        7.3757739205539286E-003
   10.837027566606025        1.6555509689784274E-002   1.9362995752560082        7.8755354964706887E-003
   11.219811965471335        1.7761751861174128E-002   1.9362995752560082        8.4094673343899067E-003
   11.616115840724994        1.9068747585338049E-002   1.9362995752560082        8.9800255658010475E-003
   12.026419117330413        2.0486277616906547E-002   1.9362995752560082        9.5898690007384657E-003
   12.451213803399156        2.2025151843593320E-002   1.9362995752560082        1.0241862439415151E-002
   12.891014326336300        2.3697352967127602E-002   1.9362995752560082        1.0939109566896017E-002
   13.346348065368609        2.5516114970535391E-002   1.9362995752560082        1.1684957479897212E-002
   13.817766430769083        2.7496081678227206E-002   1.9362995752560082        1.2483035114639406E-002
   14.305834715756038        2.9653383907108481E-002   1.9362995752560082        1.3337259313006264E-002
   14.811143972217785        3.2005807261623373E-002   1.9362995752560082        1.4251879761507102E-002
   15.334300133051286        3.4572860000090799E-002   1.9362995752560082        1.5231486942847599E-002
   15.875936741648431        3.7375946092238557E-002   1.9362995752560082        1.6281064680665931E-002
   16.436703292225193        4.0438418150916554E-002   1.9362995752560082        1.7406000315598080E-002
   17.017278874447534        4.3785755288435986E-002   1.9362995752560082        1.8612146057621182E-002
   17.618359675531394        4.7445597808258036E-002   1.9362995752560082        1.9905831690669874E-002
   18.240671728221173        5.1447918123551775E-002   1.9362995752560082        2.1293931776563160E-002
   18.884968846184627        5.5825106400745360E-002   1.9362995752560082        2.2783907029502354E-002
   19.552019805756849        6.0611960836763852E-002   1.9362995752560082        2.4383821800370211E-002
   20.242632201214423        6.5845912336481266E-002   1.9361539598228832        2.6102415366183487E-002
   20.957638264717446        7.1566964176315112E-002   1.9357890830153222        2.7949162046303148E-002
   21.697899624358065        7.7817715310161115E-002   1.9354928086169896        2.9934439463002331E-002
   22.464312967141105        8.4643340689849481E-002   1.9352522370444964        3.2069444205426081E-002
   23.257792778673313        9.2091283033201812E-002   1.9350568978829885        3.4366277329866607E-002
   24.079299719823517       0.10021124962488145        1.9348982854654619        3.6838096505895507E-002
   24.929823759061236       0.10905468503957137        1.9347694946034586        3.9499147464434746E-002
   25.810395145829254       0.11867435964310032        1.9346649178314892        4.2364879778125301E-002
   26.722064579292049       0.12912347574338287        1.9345800036467495        4.5451968280340677E-002
   27.665935811728254       0.14045519522640262        1.9345110546248543        4.8778509824359391E-002
   28.643146268414043       0.15272145883869048        1.9344550690714994        5.2364055390269011E-002
   29.654879655490589       0.16597204464018572        1.9344096094142251        5.6229752115287739E-002
   30.702343174827575       0.18013540132677761        1.9193788328280608        6.0347103837924188E-002
   31.786804983723918       0.19532097566019901        1.9004226995095332        6.4770074327403643E-002
   32.909571928103169       0.21162328106190897        1.8850306085975239        6.9550607885875915E-002
   34.072004028335677       0.22906945148209459        1.8725323990475724        7.4716273575019865E-002
   35.275488300232773       0.24767877407860459        1.8623841103343892        8.0296713954139953E-002
   36.521481794408061       0.26746263156235173        1.8541438548007232        8.6323903704293256E-002
   37.811486012809581       0.28842373829221762        1.8474528930850180        9.2832096398561964E-002
   39.147055493126302       0.31055626368685429        1.8420199343013572        9.9857909813371434E-002
   40.529808025860810       0.33384642178610746        1.8376084311636327       0.10744041492606700     
   41.961393513511240       0.35827281032221003        1.8340263814850977       0.11562097934796001     
   43.443545167355794       0.38380859295968495        1.8311178118218165       0.12444354600010518     
   44.978049075047366       0.41042274301691850        1.8287560976510606       0.13395444795992115     
   46.566763998623138       0.43808252897910804        1.8268384115633145       0.14420248818713305     
   48.211585595230147       0.46675536577750881        1.8252812899610649       0.15523864935911252     
   49.914505239722644       0.49641255829932285        1.8240169309876262       0.16711640232646141     
   51.677575059319224       0.52703155357531750        1.8229902908001245       0.17989140365693859     
   53.502930680545909       0.55859922222890523        1.8221566701913807       0.19362157245908410     
   55.392750120602578       0.59111393830083614        1.8214797874282211       0.20836669862752069     
   57.349321371645829       0.62458931238145110        1.8209301689563413       0.22418888487200364     
   59.375002227322796       0.65905570677551994        1.8204838871464322       0.24115220487441058     
   61.472246417894510       0.69456242087509268        1.8201215111956652       0.25932290422382293     
   63.643556378429672       0.73117805141320125        1.8198272693879602       0.27876901476584903     
   65.891560899834928       0.76899229626366350        1.8195883495313527       0.29956110136539127     
   68.218968971510208       0.80811492646028382        1.8193943502546071       0.32177199171188131     
   70.628585269218178       0.84601121499439091        1.8184486690073174       0.34427758707214856     
   73.123328588587739       0.87824474076983172        1.8156314942787741       0.36507381124661736     
   75.706175661273647       0.91280151669188359        1.8133440064280961       0.38776018462547884     
   78.380253523498894       0.94971926378275273        1.8114866012091058       0.41236860942138742     
   81.148784610322849       0.98905542735788499        1.8099784165223498       0.43894008295848486     
   84.015122474940881        1.0308825814940941        1.8087537870445911       0.46752457462935954     
   86.982687236203873        1.0752825322479291        1.8077594131338857       0.49817998715934031     
   90.055071705548812        1.1223431303392704        1.8069519966963208       0.53097286835497082     
   93.235978303002270        1.1721528887712200        1.8062963868732638       0.56597746526695125     
   96.529260096906100        1.2247974403636837        1.8057640388642520       0.60327584367678988     
   99.938826062156153        1.2803541362458211        1.8053317855522404       0.64295646424271791     
   103.46886588546354        1.3388920940729265        1.8049807982825190       0.68511640414683661     
   107.12359379692580        1.4004646735353778        1.8046958023289301       0.72985795006214349     
   110.90736836557576        1.4651081675039235        1.8044643927195023       0.77728938419325999     
   114.82483910697920        1.5328412203633122        1.8042764894120122       0.82752617475632251     
   118.88068277378797        1.6036571875110444        1.8041239149829116       0.88068677562495179     
   123.07973629915718        1.6775231749824540        1.8040000283501232       0.93689309608888283     
   127.42715949490271        1.7543796499511484        1.8038994330977864       0.99627131832633997     
   131.92808807993632        1.8341309643060573        1.8038177522607035        1.0589454818654584     
   136.58805281121437        1.9166493735484236        1.8037514278782143        1.1250411207961779     
   141.41261684513370        2.0017653294130553        1.8036975735585206        1.1946777756665206     
   146.40753387824964        2.0892672639790355        1.8036538451935047        1.2679682605247353     
   151.57894168226974        2.1431538922932756        1.7945100179436013        1.3131064908640122     
   156.93294936957258        2.1258332121433314        1.7680714228513279        1.2921805794373393     
   162.47613596373097        2.1227765844274642        1.7466034316323737        1.2806481953372193     
   168.21511902855468        2.1313145704991796        1.7291717719773640        1.2779161729130502     
   174.15674278185460        2.1492590238816112        1.7150176989045987        1.2835252899719132     
   180.30830831190286        2.1747934046059116        1.7035246708001131        1.2971123613307831     
   186.67715947709803        2.2063839361169451        1.6941925189336737        1.3183771244645524     
   193.27089166569760        2.2427119338609964        1.6866150442664307        1.3470554399324726     
   200.09760727912413        2.2826236389365091        1.6804621772532506        1.3829003235183910     
   207.16537088595135        2.3250886163323976        1.6754662026280509        1.4256649064158713     
   214.48286737908427        2.3691758191354118        1.6714094991984787        1.4750967640190229     
   222.05883252794877        2.4140311515766544        1.6681155220031094        1.5309300796796135     
   229.90230130529540        2.4588667805208253        1.6654408946385324        1.5928859355204776     
   238.02291179328489        2.5029558748239573        1.6632691121903249        1.6606765817522147     
   246.43025707061713        2.5456259207578875        1.6615056789843941        1.7340035469141057     
   255.13466811288930        2.5862626497707466        1.6600737810923967        1.8125684244112734     
   264.14653641505117        2.6243080388984579        1.6589111032964396        1.8960716883824866     
   273.47660938458705        2.6592645433663797        1.6579670379113995        1.9842197488763174     
   283.13635184814427        2.6906991174557415        1.6572004621033662        2.0767327806786562     
   293.13729579387660        2.7182434482994724        1.6565780150169533        2.1733424425412453     
   303.49136818478553        2.7415975517595657        1.6560726035002409        2.2737982713062319     
   314.21129214162710        2.7605316722635336        1.6556622121778299        2.3778743677982526     
   325.30973137660959        2.7748846952572932        1.6553289846549841        2.4853632038313318     
   336.80032369109853        2.7845650078268989        1.6550584057717492        2.5960870545209498     
   348.69678677735646        2.7895470809949749        1.6548387001200076        2.7098900149348233     
   361.01330816366544        2.7898690213460355        1.6546603046080040        2.8266417430069595     
   373.76502243504467        2.7565029275440316        1.6173920858718913        2.9157008500530348     
   386.96715283564077        2.6225660989021895        1.4640705212341727        2.8972569529254804     
   400.63544401132759        2.5005837359033949        1.3395772330182474        2.8852855502011745     
   414.78669160661980        2.3886693337169471        1.2384893798660845        2.8805191788799722     
   429.43761284149554        2.2852533071284520        1.1564085632025087        2.8836652238983649     
   444.60621081975989        2.1890326305851424        1.0897593995375043        2.8953091403155020     
   460.31059410826708        2.0989434050677129        1.0356413628078402        2.9158635419053547     
   476.56949149896485        2.0141237736443443       0.99169886613305058        2.9455558971252347     
   493.40288198244309        1.9338812363849829       0.95601780481112697        2.9844453971111160     
   510.83065126063684        1.8576725165654464       0.92704567253804426        3.0324505569354323     
   528.87421463804299        1.7850717157713301       0.90352046331032088        3.0893881676301915     
   547.55511287104378        1.7157552791898747       0.88441837609647722        3.1550029946747475     
   566.89562449487210        1.6494801996107413       0.86890795748929261        3.2289969167898001     
   586.91951519858117        1.5860653594210794       0.85631358440331429        3.3110530662545781     
   607.65068989177485        1.5253820406116774       0.84608715832721459        3.4008449100571938     
   629.11387223602765        1.4673393210508590       0.83778355529577642        3.4980470539156721     
   651.33543626567803        1.4118719852422612       0.83104107611553357        3.6023431273408146     
   674.34163286578985        1.3589368459151832       0.82556635110956733        3.7134181295568989     
   698.16073213207346        1.3085006257534892       0.82112090505072632        3.8309665732894707     
   722.82116976782140        1.2529918406241971       0.80985591938685164        3.9367574409672010     
   748.35235540965130        1.1991901110411243       0.79853339161416148        4.0462181999432678     
   774.78566186873422        1.1493582727867211       0.78933956244313352        4.1645981010587683     
   802.15264573967897        1.1031854216884716       0.78187432271012047        4.2910410437642552     
   830.48594444209971        1.0604091990122864       0.77581273415355356        4.4247557868874621     
   859.82037403360118        1.0208037319552561       0.77089075817672625        4.5650031580186070     
   890.19058800385733       0.98417463636138069       0.76689423638722409        4.7110693051799180     
   921.63390537915473       0.95034863624724131       0.76364908306557844        4.8622655837121611     
   954.18786380243341       0.91917156382700782       0.76101407135654964        5.0179049136235925     
   987.89128659474920       0.89050296330641721       0.75887450753902985        5.1772964551983369     
   1022.7855886411724       0.86421219215605394       0.75713719369589305        5.3397424542529022     
   1058.9119914466876       0.84017843858349150       0.75572653816608448        5.5045169899485868     
   1096.3148872627712       0.81828648986244579       0.75458109377234128        5.6708745491994161     
   1135.0389283928459       0.79842749513190303       0.75365101155729763        5.8380308200472486     
   1175.1302964981960       0.78049702640801033       0.75289580798540789        6.0051642596495531     
   1216.6382559936744       0.76439381719877375       0.75228258691245631        6.1714193737764198     
   1259.6123598874483       0.75002048550126776       0.75178466137634359        6.3358938915690777     
   1304.1038583964914       0.73728238578430783       0.75138035825418192        6.4976459773999311     
   1350.1674228314519       0.72608692987230139       0.75105206638216604        6.6557034528166081     
   1397.8574692241625       0.61347454242177057       0.63136407903916869        5.9319406247291582     
   1447.2325992722181       0.50915300848344058       0.51650093937673736        5.2456983261499435     
   1498.3517579647787       0.42424268332840293       0.42323393842260154        4.6800093995465142     
   1551.2759091786245       0.34029355183700055       0.34376978281903092        3.8867818591190195     
   1606.0700862978565       0.27304406769193906       0.27913547162660329        3.2151798810104895     
   1662.7990190437411       0.21943693795400940       0.22665402225625511        2.6554760398989488     
   1721.5324161293761       0.17662503545730876       0.18403937914424565        2.1896529350578127     
   1782.3403946248577       0.14237293148109520       0.14943698213970000        1.8025367564618782     
   1845.2954731357936       0.11492092770862927       0.12134069840148247        1.4813347510677555     
   1910.4750110852074        9.2880696200388205E-002   9.8526673281314939E-002   1.2152580352890798     
   1977.9568210713478        7.5156422824425390E-002   8.0002055994135943E-002  0.99523192795342130     
   2047.8213808026539        6.0880694152443848E-002   6.4960528571220408E-002  0.81361833361203884     
   2120.1545400970977        4.9365192205863377E-002   5.2746892502144690E-002  0.66398904649817070     
   2195.0417479108573        4.0063531842248791E-002   4.2829724497078239E-002  0.54095171485926785     
   2272.5750259096239        3.2540234278861428E-002   3.4777039590541875E-002  0.43997627745254198     
   2352.8469348264384        2.6448165225681032E-002   2.8238390437571481E-002  0.35727143724506349     
   2435.9532056335870        2.1509779329088527E-002   2.2929170332317464E-002  0.28966535089025020     
   2521.9959596104222        1.7502613920517936E-002   1.8618113326404385E-002  0.23450762349334789     
   2611.0779162676686        1.4248300836460587E-002   1.5117605164556474E-002  0.18959212423033620     
   2703.3053132971791        1.1603414087637504E-002   1.2275279803966359E-002  0.15308443839417482     
   2798.7914800504532        9.4523577677242052E-003   9.9673275217223977E-003  0.12346199038340641     
   2897.6492167059700        7.7019832129640526E-003   8.0933278052381635E-003   9.9466619303361259E-002
   3000.0000000000000        6.2769468783146175E-003   6.5716505255876915E-003   8.0059009436970058E-002
