         200   4370.0000000000000     
   3.0000000000000000        3.0041940039265851E-003  0.44437696497315798        1.4944023974761140E-003
   3.1059655287322618        3.2097704689794350E-003  0.44437696497315798        1.5929579089142634E-003
   3.2156739552243598        3.4285828163422255E-003  0.44437696497315798        1.6983119840858348E-003
   3.3292574962321346        3.6613748785231871E-003  0.44437696497315798        1.8109314209722560E-003
   3.4468529954360925        3.9089299448237594E-003  0.44437696497315798        1.9313137880385065E-003
   3.5686022069563790        4.1720758199058107E-003  0.44437696497315798        2.0599894507986770E-003
   3.6946518254059528        4.4516905377013343E-003  0.44437696497315798        2.1975234645951087E-003
   3.8251536998800524        4.7487098668160263E-003  0.44437696497315798        2.3445177887385575E-003
   3.9602651907155879        5.0641368466218094E-003  0.44437696497315798        2.5016138367152754E-003
   4.1001490688558144        5.3990522639487115E-003  0.44437696497315798        2.6694946924681689E-003
   4.2449739038313119        5.7546285840792879E-003  0.44437696497315798        2.8488880892519014E-003
   4.3949142193596993        6.1321461216762930E-003  0.44437696497315798        3.0405693778950684E-003
   4.5501507036585132        6.5330125917414071E-003  0.44437696497315798        3.2453648439582069E-003
   4.7108703059600501        6.9587861862640352E-003  0.44437696497315798        3.4641551993491045E-003
   4.8772669425686850        7.4112047787237628E-003  0.44437696497315798        3.6978802948283165E-003
   5.0495410155906377        7.8922172437337484E-003  0.44437696497315798        3.9475426544804066E-003
   5.2279001269311909        8.4040240513236740E-003  0.44437696497315798        4.2142131388684338E-003
   5.4125592113782046        8.9491233665668080E-003  0.44437696497315798        4.4990364055544300E-003
   5.6037407956130689        9.5303654409494079E-003  0.44437696497315798        4.8032371987311584E-003
   5.8016752663703963        1.0151015868294635E-002  0.44437696497315798        5.1281273988732006E-003
   6.0066011480696169        1.0814828436179215E-002  0.44437696497315798        5.4751139277835412E-003
   6.2187653902530293        1.1526128034937499E-002  0.44437696497315798        5.8457076120433642E-003
   6.4384236651766908        1.2289903677665200E-002  0.44437696497315798        6.2415331155397458E-003
   6.6658406759127811        1.3111911128078800E-002  0.44437696497315798        6.6643400594358524E-003
   6.9012904753346884        1.3998783936777592E-002  0.44437696497315798        7.1160154556568281E-003
   7.1450567963692624        1.4958150878794587E-002  0.44437696497315798        7.5985975877028043E-003
   7.3974330131920443        1.5998755309287058E-002  0.44437696497315798        8.1142906900903786E-003
   7.6587243988323896        1.7130583961023457E-002  0.44437696497315798        8.6654861080655426E-003
   7.9292442763577622        1.8364965020612991E-002  0.44437696497315798        9.2547725954677858E-003
   8.2093202460023029        1.9714700107382438E-002  0.44437696497315798        9.8849699006388660E-003
   8.4992881560440416        2.1194126133184447E-002  0.44437696497315798        1.0559138151110004E-002
   8.7994991583321234        2.2819218664600082E-002  0.44437696497315798        1.1280618670442357E-002
   9.1103132457223861        2.4607602993149461E-002  0.44437696497315798        1.2053046379474932E-002
   9.4321068148357909        2.6578611016968630E-002  0.44437696497315798        1.2880398225295098E-002
   9.7652657388916850        2.8753226261861164E-002  0.44437696497315798        1.3767009107367055E-002
   10.110193474162946        3.1154088030564023E-002  0.44437696497315798        1.4717629146315398E-002
   10.467303634806061        3.3805367820154815E-002  0.44437696497315798        1.5737443694745196E-002
   10.837027566606025        3.6732721005936289E-002  0.44437696497315798        1.6832137504466042E-002
   11.219811965471335        3.9963153897394126E-002  0.44437696497315798        1.8007936267595268E-002
   11.616115840724994        4.3524865026925881E-002  0.44437696497315798        1.9271648556869015E-002
   12.026419117330413        4.7447186473772059E-002  0.44437696497315798        2.0630749041912103E-002
   12.451213803399156        5.1760378572126210E-002  0.44437696497315798        2.2093411670157735E-002
   12.891014326336300        5.6495620576553114E-002  0.44437696497315798        2.3668610799302867E-002
   13.346348065368609        6.1684831718461286E-002  0.44437696497315798        2.5366161097501505E-002
   13.817766430769083        6.7360741932365742E-002  0.44437696497315798        2.7196836177606595E-002
   14.305834715756038        7.3556765768073143E-002  0.44437696497315798        2.9172416210230784E-002
   14.811143972217785        8.0307177095857732E-002  0.44437696497315798        3.1305826977119894E-002
   15.334300133051286        8.7647042746734863E-002  0.44437696497315798        3.3611196273474947E-002
   15.875936741648431        9.5612501533912375E-002  0.44437696497315798        3.6104016731241292E-002
   16.436703292225193       0.10424073731917738       0.44437696497315798        3.8801212109626101E-002
   17.017278874447534       0.11357033358900606       0.44437696497315798        4.1721327661580640E-002
   17.618359675531394       0.12364123508305574       0.44437696497315798        4.4884607319670228E-002
   18.240671728221173       0.13449508568732418       0.44437696497315798        4.8313205148959516E-002
   18.884968846184627       0.14617530150946689       0.44437696497315798        5.2031338534677674E-002
   19.552019805756849       0.15872686095986108       0.44437696497315798        5.6065382952417496E-002
   20.242632201214423       0.17219667508149844       0.44433396353738341        6.0444185575007976E-002
   20.957638264717446       0.18663315434065456       0.44422621241328059        6.5199189107912711E-002
   21.697899624358065       0.20208597290689562       0.44413872014520067        7.0364687804206183E-002
   22.464312967141105       0.21860570465714890       0.44406767738000946        7.5978055724291907E-002
   23.257792778673313       0.23624278054044659       0.44400999211803166        8.2079865366939328E-002
   24.079299719823517       0.25504724274531326       0.44396315256580193        8.8714338816716587E-002
   24.929823759061236       0.27506733677847217       0.44392511956434100        9.5929478856485451E-002
   25.810395145829254       0.29634853351603579       0.44389423718294196       0.10377741773305052     
   26.722064579292049       0.31893165474682844       0.44386916132536941       0.11231449883085222     
   27.665935811728254       0.34285214057421320       0.44384880011177325       0.12160182502884745     
   28.643146268414043       0.36813797858997133       0.44383226711712276       0.13170533747445912     
   29.654879655490589       0.39480838336255625       0.44381884250620984       0.14269617129763992     
   30.702343174827575       0.42266432959742661       0.42837266012731579       0.15455232334617050     
   31.786804983723918       0.45182170880548894       0.40888046404819917       0.16741087951267608     
   32.909571928103169       0.48236693702124855       0.39305309835694296       0.18140808201930550     
   34.072004028335677       0.51426540918409780       0.38020145044478737       0.19663552503838144     
   35.275488300232773       0.54746708672661659       0.36976617706170734       0.21319022891502268     
   36.521481794408061       0.58190711201723366       0.36129289435657463       0.23117493861156582     
   37.811486012809581       0.61750492313937189       0.35441271813450087       0.25069736114043073     
   39.147055493126302       0.65416471259818154       0.34882612005981345       0.27186963946590942     
   40.529808025860810       0.69177634574886226       0.34428986349740415       0.29480763888784894     
   41.961393513511240       0.73021556824947442       0.34060651660772145       0.31962925493571598     
   43.443545167355794       0.76934684130175268       0.33761569515516981       0.34645376958006419     
   44.978049075047366       0.80902430289027949       0.33518719378699940       0.37539950332213096     
   46.566763998623138       0.84909437761155138       0.33321527722509486       0.40658193963618033     
   48.211585595230147       0.88939721557162299       0.33161412159487869       0.44011037655711099     
   49.914505239722644       0.92977068317313061       0.33031400766286323       0.47608604540823912     
   51.677575059319224       0.97005207433710938       0.32925833499474594       0.51459802707154068     
   53.502930680545909        1.0100812644636934       0.32840114032913975       0.55572001026018525     
   55.392750120602578        1.0497023878812806       0.32770511591738738       0.59950540255711926     
   57.349321371645829        1.0887677616727875       0.32713995471902224       0.64598479154498778     
   59.375002227322796        1.1271392372663089       0.32668105245245666       0.69516103729736711     
   61.472246417894510        1.1646907091662742       0.32630842882885291       0.74700611766130476     
   63.643556378429672        1.2013089756524817       0.32600586612188481       0.80145662815448759     
   65.891560899834928        1.2368964785166019       0.32576018982208310       0.85841304355831038     
   68.218968971510208        1.2713714346283045       0.32556070441659890       0.91773679926919682     
   70.628585269218178        1.3015693170589386       0.32494315575329985       0.97738531188198385     
   73.123328588587739        1.3222414304843420       0.32325718345285459        1.0337201421728051     
   75.706175661273647        1.3425714532772781       0.32188820867298940        1.0918347452163490     
   78.380253523498894        1.3624345948398102       0.32077662204749635        1.1513460587576170     
   81.148784610322849        1.3817393704563781       0.31987403067463310        1.2118556897448376     
   84.015122474940881        1.4004241687259693       0.31914113634724595        1.2729572133697165     
   86.982687236203873        1.4184530987008928       0.31854604124975694        1.3342418268965961     
   90.055071705548812        1.4358129040728855       0.31806283311400751        1.3953076816221199     
   93.235978303002270        1.4525087508636529       0.31767047548337168        1.4557651929373281     
   96.529260096906100        1.4685606893991050       0.31735188537665776        1.5152437300248951     
   99.938826062156153        1.4839995092802554       0.31709319815238146        1.5733947840105764     
   103.46886588546354        1.4988641993718710       0.31688314557432878        1.6298994747303130     
   107.12359379692580        1.5131973647179653       0.31671258629782556        1.6844664734039441     
   110.90736836557576        1.5270426562981581       0.31657409641730755        1.7368354373711719     
   114.82483910697920        1.5404423824299505       0.31646164340955463        1.7867790590745358     
   118.88068277378797        1.5534340209427788       0.31637033339650639        1.8340989024550505     
   123.07973629915718        1.5660486271656628       0.31629619194224817        1.8786265270335205     
   127.42715949490271        1.5783095871276087       0.31623598949641363        1.9202238635589377     
   131.92808807993632        1.5902303624744121       0.31618710661122840        1.9587785495672827     
   136.58805281121437        1.6018148992959018       0.31614741398209073        1.9942069634693864     
   141.41261684513370        1.6130563267217335       0.31611518421290208        2.0264502232553578     
   146.40753387824964        1.6239375272886574       0.31608901444380161        2.0554751820225716     
   151.57894168226974        1.6041524164749141       0.31378109660519599        2.0456334998784431     
   156.93294936957258        1.5252124217412550       0.30713360039295640        1.9601742163618650     
   162.47613596373097        1.4607299563157801       0.30173587067947288        1.8857925252698216     
   168.21511902855468        1.4078915987885676       0.29735300195572650        1.8210392464742493     
   174.15674278185460        1.3644237886616446       0.29379422181591347        1.7646226258110631     
   180.30830831190286        1.3284850705733950       0.29090451226345687        1.7153763703417784     
   186.67715947709803        1.2985833613573028       0.28855811511309004        1.6722475267996930     
   193.27089166569760        1.2735053561588101       0.28665289912211139        1.6342865222288645     
   200.09760727912413        1.2522610260653577       0.28510587440231122        1.6006423736850783     
   207.16537088595135        1.2340417343260563       0.28384972889678967        1.5705627927349375     
   214.48286737908427        1.2181832087146505       0.28282974577786296        1.5433873198535073     
   222.05883252794877        1.2041392855323141       0.28200153607712058        1.5185450649985024     
   229.90230130529540        1.1914589664627757       0.28132905044718809        1.4955474879198616     
   238.02291179328489        1.1797683873388543       0.28078299588007194        1.4739808794063842     
   246.43025707061713        1.1687577633479023       0.28033961318458334        1.4535010140953097     
   255.13466811288930        1.1581690529830559       0.27997958891777974        1.4338238458854349     
   264.14653641505117        1.1477879707771930       0.27968725506956654        1.4147202462940036     
   273.47660938458705        1.1374364809200836       0.27944988727263070        1.3960086566510019     
   283.13635184814427        1.1269667868919080       0.27925714595023754        1.3775483576232339     
   293.13729579387660        1.1162575628917488       0.27910064313173261        1.3592352151560811     
   303.49136818478553        1.1052100058281622       0.27897356674468421        1.3409959180359143     
   314.21129214162710        1.0937445533119512       0.27887038142973991        1.3227827062120314     
   325.30973137660959        1.0817994940755065       0.27878659752638962        1.3045706674013986     
   336.80032369109853        1.0693279858887543       0.27871856546586921        1.2863521659716768     
   348.69678677735646        1.0562974666338274       0.27866332453938769        1.2681348588943271     
   361.01330816366544        1.0426879308111590       0.27861847028422820        1.2499378753833785     
   373.76502243504467        1.0256915900653309       0.27595907849434620        1.2272618402345927     
   386.96715283564077       0.99938173766981830       0.26510480101024853        1.1906644111618789     
   400.63544401132759       0.97470298218150409       0.25629139828770020        1.1578990193833680     
   414.78669160661980       0.95125987770783726       0.24913496461199508        1.1282900499301725     
   429.43761284149554       0.92874320200298965       0.24332411887550007        1.1012992965763966     
   444.60621081975989       0.90691236929401653       0.23860574466498130        1.0764959786091635     
   460.31059410826708       0.88558468210074415       0.23477450155872742        1.0535372774343088     
   476.56949149896485       0.86462405160648848       0.23166362766842219        1.0321497540196627     
   493.40288198244309       0.84393162110209263       0.22913761548331121        1.0121145682105814     
   510.83065126063684       0.82344030620146114       0.22708655656187929       0.99325782921775041     
   528.87421463804299       0.80310683945338024       0.22542110819894018       0.97543951350834035     
   547.55511287104378       0.78290848209690467       0.22406879121969248       0.95854769944093310     
   566.89562449487210       0.76283811219087749       0.22297074354548074       0.94249195460632540     
   586.91951519858117       0.74290002589704240       0.22207913498059018       0.92719812875851215     
   607.65068989177485       0.72310844574035371       0.22135516332948652       0.91260579208813897     
   629.11387223602765       0.70348435956251854       0.22076731639723055       0.89866471798215009     
   651.33543626567803       0.68405279850358780       0.22028998797884311       0.88533215364965123     
   674.34163286578985       0.66484277538598024       0.21990240920279619       0.87257219523572560     
   698.16073213207346       0.64588405349681766       0.21958769740620582       0.86035315507029519     
   722.82116976782140       0.61010711534619799       0.20227902045476012       0.81655764763283789     
   748.35235540965130       0.57300728080259533       0.18337833142424373       0.77016550922839255     
   774.78566186873422       0.53977976249666237       0.16803107773231971       0.73088208709051505     
   802.15264573967897       0.50978715578190570       0.15556935738465455       0.69745988905961209     
   830.48594444209971       0.48251526253275895       0.14545075113005554       0.66887553529319355     
   859.82037403360118       0.45754830966331289       0.13723449949249469       0.64428889147800317     
   890.19058800385733       0.43455173333051866       0.13056310799198134       0.62301238008665916     
   921.63390537915473       0.41325409221394821       0.12514597543817826       0.60448150512566290     
   954.18786380243341       0.39343635139094824       0.12074735192371579       0.58823438825670038     
   987.89128659474920       0.37492074224308236       0.11717577928660275       0.57389248342313159     
   1022.7855886411724       0.35756192385422142       0.11427568229794793       0.56114503586800824     
   1058.9119914466876       0.34124183445941891       0.11192087584188390       0.54973776842832833     
   1096.3148872627712       0.32586268944758062       0.11000878618111819       0.53946143782631628     
   1135.0389283928459       0.31134407542331988       0.10845620048009115       0.53014445629191953     
   1175.1302964981960       0.29761888506316797       0.10719553959644662       0.52164559783876585     
   1216.6382559936744       0.28463012745267902       0.10617189001575988       0.51384817259929683     
   1259.6123598874483       0.27232971449790661       0.10534070320771009       0.50665609025331926     
   1304.1038583964914       0.26067619642751660       0.10466580024086193       0.49998983314573120     
   1350.1674228314519       0.24963300715866069       0.10411778280970230       0.49378325086404595     
   1397.8574692241625       0.20839371596203238        8.8931980744482803E-002  0.42800939262296150     
   1447.2325992722181       0.17240335168372120        7.4727569638762051E-002  0.36915989316078757     
   1498.3517579647787       0.14367392435377299        6.3193818880741756E-002  0.32162408683731208     
   1551.2759091786245       0.11199649577579546        5.1384401330784882E-002  0.25939327155809488     
   1606.0700862978565        8.7136386939409241E-002   4.1723298022589485E-002  0.20870156095245029     
   1662.7990190437411        6.7826949359913735E-002   3.3878722985327243E-002  0.16796720177798785     
   1721.5324161293761        5.2825045454966482E-002   2.7508971966842728E-002  0.13522305719220531     
   1782.3403946248577        4.1166482122498661E-002   2.2336837755079691E-002  0.10889395633760300     
   1845.2954731357936        3.2103000399714511E-002   1.8137193715195617E-002   8.7716866110801567E-002
   1910.4750110852074        2.5053801909824962E-002   1.4727106263261434E-002   7.0678152743380435E-002
   1977.9568210713478        1.9568614310659552E-002   1.1958170723383982E-002   5.6965256606306573E-002
   2047.8213808026539        1.5298097982489451E-002   9.7098640939034479E-003   4.5925930644254633E-002
   2120.1545400970977        1.1971117186737743E-002   7.8842516961671692E-003   3.7036169035797699E-002
   2195.0417479108573        9.3774777495941597E-003   6.4018999412852945E-003   2.9875564716843082E-002
   2272.5750259096239        7.3539542909331805E-003   5.1982386141184245E-003   2.4106031758898187E-002
   2352.8469348264384        5.7739460382890927E-003   4.2208851961355008E-003   1.9456106945965342E-002
   2435.9532056335870        4.5391547367891723E-003   3.4272985859200899E-003   1.5707536082109393E-002
   2521.9959596104222        3.5732037052969680E-003   2.7829107007046531E-003   1.2684702178792430E-002
   2611.0779162676686        2.8167938874228359E-003   2.2596782200163456E-003   1.0246470493611505E-002
   2703.3053132971791        2.2238273358168251E-003   1.8348264897579132E-003   8.2792707724390728E-003
   2798.7914800504532        1.7584360576095135E-003   1.4898492629911483E-003   6.6916404475238283E-003
   2897.6492167059700        1.3927322052533337E-003   1.2097363550562022E-003   5.4100274553065290E-003
   3000.0000000000000        1.1049833805815621E-003   9.8228624180801000E-004   4.3751435189739009E-003
