         200   4370.0000000000000     
   3.0000000000000000        6.0976072468013429E-003  0.12552327765577576        5.5944655087761235E-003
   3.1059655287322618        6.5689354633220540E-003  0.12552327765577576        6.0820949314233539E-003
   3.2156739552243598        7.0766556783918959E-003  0.12552327765577576        6.6148635799388716E-003
   3.3292574962321346        7.6229594682370371E-003  0.12552327765577576        7.1969770908741348E-003
   3.4468529954360925        8.2100396471269446E-003  0.12552327765577576        7.8330143903006227E-003
   3.5686022069563790        8.8400780456461825E-003  0.12552327765577576        8.5279562811310192E-003
   3.6946518254059528        9.5152337203379990E-003  0.12552327765577576        9.2872133764804153E-003
   3.8251536998800524        1.0237634160352687E-002  0.12552327765577576        1.0116655265540521E-002
   3.9602651907155879        1.1009369773826728E-002  0.12552327765577576        1.1022640500730426E-002
   4.1001490688558144        1.1832488361054027E-002  0.12552327765577576        1.2012042737264549E-002
   4.2449739038313119        1.2708994760003412E-002  0.12552327765577576        1.3092278178085651E-002
   4.3949142193596993        1.3640851431328690E-002  0.12552327765577576        1.4271328687209921E-002
   4.5501507036585132        1.4629981090262281E-002  0.12552327765577576        1.5557760996070407E-002
   4.7108703059600501        1.5678269679903184E-002  0.12552327765577576        1.6960738951567921E-002
   4.8772669425686850        1.6787573635747705E-002  0.12552327765577576        1.8490033200693638E-002
   5.0495410155906377        1.7959718764163409E-002  0.12552327765577576        2.0156010092102425E-002
   5.2279001269311909        1.9196505301504598E-002  0.12552327765577576        2.1969617720424779E-002
   5.4125592113782046        2.0499706647127504E-002  0.12552327765577576        2.3942350453649067E-002
   5.6037407956130689        2.1871065449881200E-002  0.12552327765577576        2.6086194227975291E-002
   5.8016752663703963        2.3312285537264721E-002  0.12552327765577576        2.8413547387322647E-002
   6.0066011480696169        2.4825019129512238E-002  0.12552327765577576        3.0937112440928990E-002
   6.2187653902530293        2.6410849028949763E-002  0.12552327765577576        3.3669753822813439E-002
   6.4384236651766908        2.8071265757957830E-002  0.12552327765577576        3.6624316629807994E-002
   6.6658406759127811        2.9807639918211237E-002  0.12552327765577576        3.9813401482690768E-002
   6.9012904753346884        3.1621190338876559E-002  0.12552327765577576        4.3249091208947120E-002
   7.1450567963692624        3.3512948851102120E-002  0.12552327765577576        4.6942626112515429E-002
   7.3974330131920443        3.5483719770018650E-002  0.12552327765577576        5.0904020232890076E-002
   7.6587243988323896        3.7534056176153061E-002  0.12552327765577576        5.5141662093386348E-002
   7.9292442763577622        3.9664188497256905E-002  0.12552327765577576        5.9661769742713457E-002
   8.2093202460023029        4.1874033573491370E-002  0.12552327765577576        6.4467969743090270E-002
   8.4992881560440416        4.4163110123184954E-002  0.12552327765577576        6.9560648190333071E-002
   8.7994991583321234        4.6530561117128028E-002  0.12552327765577576        7.4936517147350903E-002
   9.1103132457223861        4.8975074349054327E-002  0.12552327765577576        8.0587965951294291E-002
   9.4321068148357909        5.1494919058452666E-002  0.12552327765577576        8.6502711714120800E-002
   9.7652657388916850        5.4087874523849423E-002  0.12552327765577576        9.2663275643794507E-002
   10.110193474162946        5.6751282663318928E-002  0.12552327765577576        9.9046859488320593E-002
   10.467303634806061        5.9481985689376148E-002  0.12552327765577576       0.10562510126870218     
   10.837027566606025        6.2276386061326038E-002  0.12552327765577576       0.11236430822187732     
   11.219811965471335        6.5130434520620492E-002  0.12552327765577576       0.11922573208529949     
   11.616115840724994        6.8039619953642314E-002  0.12552327765577576       0.12616607867034060     
   12.026419117330413        7.0999049834465505E-002  0.12552327765577576       0.13313846502381080     
   12.451213803399156        7.4003406249715464E-002  0.12552327765577576       0.14009329094013354     
   12.891014326336300        7.7047044680741333E-002  0.12552327765577576       0.14697962072848944     
   13.346348065368609        8.0123954707387757E-002  0.12552327765577576       0.15374635986870272     
   13.817766430769083        8.3227866912501086E-002  0.12552327765577576       0.16034381107544804     
   14.305834715756038        8.6352217362105424E-002  0.12552327765577576       0.16672488132107433     
   14.811143972217785        8.9490260911641389E-002  0.12552327765577576       0.17284649895521084     
   15.334300133051286        9.2635039142572193E-002  0.12552327765577576       0.17867054724856171     
   15.875936741648431        9.5779498704357771E-002  0.12552327765577576       0.18416485976949012     
   16.436703292225193        9.8916462667643229E-002  0.12552327765577576       0.18930366259517281     
   17.017278874447534       0.10203875253648521       0.12552327765577576       0.19406799840825101     
   17.618359675531394       0.10513916284943839       0.12552327765577576       0.19844561983930420     
   18.240671728221173       0.10821057609331355       0.12552327765577576       0.20243085266095279     
   18.884968846184627       0.11124599418101820       0.12552327765577576       0.20602410667194337     
   19.552019805756849       0.11423852688470232       0.12552327765577576       0.20923119203466331     
   20.242632201214423       0.11718155061119562       0.12551711820185527       0.21206270624511070     
   20.957638264717446       0.12006868605728541       0.12550237115850282       0.21453317437397482     
   21.697899624358065       0.12289386492701278       0.12549119989976032       0.21666031307251760     
   22.464312967141105       0.12565139281073043       0.12548273734485876       0.21846419992094254     
   23.257792778673313       0.12833592851570394       0.12547632678878626       0.21996653932072022     
   24.079299719823517       0.13094262370456494       0.12547147063024261       0.22119008252858902     
   24.929823759061236       0.13346709517120128       0.12546779196718527       0.22215802635332108     
   25.810395145829254       0.13590548997696172       0.12546500527243543       0.22289356367578106     
   26.722064579292049       0.13825445835700373       0.12546289429494001       0.22341949333259695     
   27.665935811728254       0.14051126627428509       0.12546129517603613       0.22375795734196960     
   28.643146268414043       0.14267375798907966       0.12546008380297591       0.22393021046897549     
   29.654879655490589       0.14474039859522805       0.12545916615248867       0.22395648019600689     
   30.702343174827575       0.14655083219738205       0.11305888566157737       0.22360223986020755     
   31.786804983723918       0.14820840650793929        9.8275134319814467E-002  0.22304559998536688     
   32.909571928103169       0.14979203858147039        8.7076068345926294E-002  0.22242951022035151     
   34.072004028335677       0.15129711346560284        7.8592448654140931E-002  0.22176244429340319     
   35.275488300232773       0.15272054709221750        7.2165935578034621E-002  0.22105280581921730     
   36.521481794408061       0.15406063474545970        6.7297689200130933E-002  0.22030880747415571     
   37.811486012809581       0.15531683819599237        6.3609869302262964E-002  0.21953840861527027     
   39.147055493126302       0.15648964027651116        6.0816252352053159E-002  0.21874924893908507     
   40.529808025860810       0.15758041356283956        5.8700005887806217E-002  0.21794859326485216     
   41.961393513511240       0.15859127053103253        5.7096906495230332E-002  0.21714330927593847     
   43.443545167355794       0.15952498794086503        5.5882518114018787E-002  0.21633980428158797     
   44.978049075047366       0.16038487382971309        5.4962588166286859E-002  0.21554401416180363     
   46.566763998623138       0.16117467813887612        5.4265714352181277E-002  0.21476136719516561     
   48.211585595230147       0.16189847876901808        5.3737818378357761E-002  0.21399677784425170     
   49.914505239722644       0.16256061824509960        5.3337923811577419E-002  0.21325459571400951     
   51.677575059319224       0.16316559707013967        5.3034993551696719E-002  0.21253860242032271     
   53.502930680545909       0.16371799806617765        5.2805515028759888E-002  0.21185198255254395     
   55.392750120602578       0.16422239397980856        5.2631680417836807E-002  0.21119732123469667     
   57.349321371645829       0.16468329200191828        5.2499996298477181E-002  0.21057656354908855     
   59.375002227322796       0.16510505041083551        5.2400242243749978E-002  0.20999101814029267     
   61.472246417894510       0.16549182008871433        5.2324675632659884E-002  0.20944134123826710     
   63.643556378429672       0.16584747813195846        5.2267432400180100E-002  0.20892754615232975     
   65.891560899834928       0.16617559169135032        5.2224069202147415E-002  0.20844898693788122     
   68.218968971510208       0.16647936709947075        5.2191220481658189E-002  0.20800438274074451     
   70.628585269218178       0.16625361023631077        5.2050744984237785E-002  0.20681021630012864     
   73.123328588587739       0.16472177903127860        5.1653835793757014E-002  0.20366386632995301     
   75.706175661273647       0.16341398013844355        5.1353169074205514E-002  0.20092456548067117     
   78.380253523498894       0.16228572450473067        5.1125406421102783E-002  0.19852858674433166     
   81.148784610322849       0.16130129582739877        5.0952870444305090E-002  0.19642107072447512     
   84.015122474940881       0.16043207697166648        5.0822169400690051E-002  0.19455512215463200     
   86.982687236203873       0.15965522610230956        5.0723160723218683E-002  0.19289100521595928     
   90.055071705548812       0.15895255621204482        5.0648159143081406E-002  0.19139524746011649     
   93.235978303002270       0.15830967124219444        5.0591343547047245E-002  0.19003988384479706     
   96.529260096906100       0.15771523719775024        5.0548304073001801E-002  0.18880168231795080     
   99.938826062156153       0.15716041221200802        5.0515700970830746E-002  0.18766148398325411     
   103.46886588546354       0.15663833013013245        5.0491003000578606E-002  0.18660350176128318     
   107.12359379692580       0.15614375157726446        5.0472293693559857E-002  0.18561485849551429     
   110.90736836557576       0.15567272133142621        5.0458121088949558E-002  0.18468506412540980     
   114.82483910697920       0.15522228954423703        5.0447384853936558E-002  0.18380557612903509     
   118.88068277378797       0.15479032920492553        5.0439251897461478E-002  0.18296951736581715     
   123.07973629915718       0.15437534151469010        5.0433091050546219E-002  0.18217134737280324     
   127.42715949490271       0.15397629758973971        5.0428423997299437E-002  0.18140659065122988     
   131.92808807993632       0.15359255468555899        5.0424888628496277E-002  0.18067169699633984     
   136.58805281121437       0.15322372268827608        5.0422210465140234E-002  0.17996379816083047     
   141.41261684513370       0.15286961909259825        5.0420181691926781E-002  0.17928062797621647     
   146.40753387824964       0.15253019218357350        5.0418644863193959E-002  0.17862037696090791     
   151.57894168226974       0.14666855363898737        4.9764204658241752E-002  0.17221711408724605     
   156.93294936957258       0.13105368712411142        4.7950503880819645E-002  0.15567695042713425     
   162.47613596373097       0.11924475765592464        4.6576563216771581E-002  0.14311448838085333     
   168.21511902855468       0.11031321688825166        4.5535770088964221E-002  0.13355582754557860     
   174.15674278185460       0.10355734206642256        4.4747352352978539E-002  0.12626606592602729     
   180.30830831190286        9.8446694531402423E-002   4.4150098825157469E-002  0.12069045488061640     
   186.67715947709803        9.4580664174114176E-002   4.3697664900184632E-002  0.11641058468653960     
   193.27089166569760        9.1656469164690058E-002   4.3354938837454393E-002  0.11311061649231509     
   200.09760727912413        8.9445167145602383E-002   4.3095312067660825E-002  0.11055200937543547     
   207.16537088595135        8.7773774968195606E-002   4.2898640563427237E-002  0.10855474004698065     
   214.48286737908427        8.6511371045009972E-002   4.2749655140644237E-002  0.10698269109788902     
   222.05883252794877        8.5558916237509719E-002   4.2636795096369147E-002  0.10573300069472007     
   229.90230130529540        8.4841368249730667E-002   4.2551301775733685E-002  0.10472779847206816     
   238.02291179328489        8.4301772571026709E-002   4.2486537647500738E-002  0.10390801782571614     
   246.43025707061713        8.3896858470297500E-002   4.2437477766155994E-002  0.10322881779489908     
   255.13466811288930        8.3593617007754806E-002   4.2400313220166977E-002  0.10265598920833738     
   264.14653641505117        8.3366794132038555E-002   4.2372160181920353E-002  0.10216336450133834     
   273.47660938458705        8.3196949662338066E-002   4.2350833797183206E-002  0.10173078952518141     
   283.13635184814427        8.3069003589555393E-002   4.2334678327895003E-002  0.10134260530928352     
   293.13729579387660        8.2971152073338217E-002   4.2322440170999558E-002  0.10098654389354045     
   303.49136818478553        8.2894033423234634E-002   4.2313169567942802E-002  0.10065285868425455     
   314.21129214162710        8.2830104821415104E-002   4.2306146767556667E-002  0.10033367583533172     
   325.30973137660959        8.2773180983005817E-002   4.2300826881949395E-002  0.10002254558099268     
   336.80032369109853        8.2718077972898152E-002   4.2296796885792041E-002   9.9714059347177836E-002
   348.69678677735646        8.2660357812123345E-002   4.2293744066688836E-002   9.9403617887300857E-002
   361.01330816366544        8.2596134304170066E-002   4.2291431506525506E-002   9.9087234236163987E-002
   373.76502243504467        8.2255746478827108E-002   4.1971128453059746E-002   9.8312883845548427E-002
   386.96715283564077        8.1110446986236193E-002   4.0707730696049459E-002   9.6201140771427857E-002
   400.63544401132759        8.0201052948844526E-002   3.9750686329961399E-002   9.4509075076744581E-002
   414.78669160661980        7.9464533367389123E-002   3.9025692335232377E-002   9.3127890077969899E-002
   429.43761284149554        7.8852476579416284E-002   3.8476497583023093E-002   9.1975081576133794E-002
   444.60621081975989        7.8327557874708131E-002   3.8060463685957280E-002   9.0987968236310751E-002
   460.31059410826708        7.7860965749571562E-002   3.7745307993770981E-002   9.0119014668141165E-002
   476.56949149896485        7.7430381367589507E-002   3.7506572426944169E-002   8.9332176885999370E-002
   493.40288198244309        7.7018452946012714E-002   3.7325722031277472E-002   8.8600158763382758E-002
   510.83065126063684        7.6611684227763599E-002   3.7188724912739522E-002   8.7902420754468871E-002
   528.87421463804299        7.6199526842083365E-002   3.7084944887743269E-002   8.7223556690680812E-002
   547.55511287104378        7.5773758336507818E-002   3.7006329020518258E-002   8.6552178006290392E-002
   566.89562449487210        7.5327973006413224E-002   3.6946776221413416E-002   8.5879997127617194E-002
   586.91951519858117        7.4857191490015115E-002   3.6901662929647416E-002   8.5201125199529049E-002
   607.65068989177485        7.4357610318770556E-002   3.6867488525125079E-002   8.4511600048922053E-002
   629.11387223602765        7.3826374531232655E-002   3.6841600857420262E-002   8.3808961885195682E-002
   651.33543626567803        7.3261395927254322E-002   3.6821990059542328E-002   8.3091915570126518E-002
   674.34163286578985        7.2661275402335343E-002   3.6807134560932167E-002   8.2360143500616559E-002
   698.16073213207346        7.2025155040040964E-002   3.6795881010247465E-002   8.1614041376723137E-002
   722.82116976782140        6.9814172162533383E-002   3.5250654551240643E-002   7.8020371270269159E-002
   748.35235540965130        6.7518324792160758E-002   3.3658599920462315E-002   7.4314580018666004E-002
   774.78566186873422        6.5571821695702165E-002   3.2452563829039868E-002   7.1300970382063872E-002
   802.15264573967897        6.3882073996741520E-002   3.1538962456952861E-002   6.8813343340559580E-002
   830.48594444209971        6.2379472887753112E-002   3.0846894546309015E-002   6.6726180745614483E-002
   859.82037403360118        6.1011817164967362E-002   3.0322629322103906E-002   6.4944731894089835E-002
   890.19058800385733        5.9740238990859978E-002   2.9925489880960096E-002   6.3397713872467648E-002
   921.63390537915473        5.8535890182424555E-002   2.9624643107182883E-002   6.2031482088238339E-002
   954.18786380243341        5.7377636168266459E-002   2.9396744433780212E-002   6.0805872356947503E-002
   987.89128659474920        5.6250174100262375E-002   2.9224107479021742E-002   5.9690874946845537E-002
   1022.7855886411724        5.5142600972360505E-002   2.9093329053377991E-002   5.8664121182787438E-002
   1058.9119914466876        5.4047445426467000E-002   2.8994262267186818E-002   5.7709086397783153E-002
   1096.3148872627712        5.2959753524760796E-002   2.8919215772363116E-002   5.6813557281154101E-002
   1135.0389283928459        5.1876562827567745E-002   2.8862366245944276E-002   5.5968624135681530E-002
   1175.1302964981960        5.0796391113771301E-002   2.8819301804305107E-002   5.5167817933608254E-002
   1216.6382559936744        4.9718836499686309E-002   2.8786679009917517E-002   5.4406458995414138E-002
   1259.6123598874483        4.8644376537472209E-002   2.8761966457842292E-002   5.3681241347368694E-002
   1304.1038583964914        4.7574115809784587E-002   2.8743246297382879E-002   5.2989846353737338E-002
   1350.1674228314519        4.6509583094868558E-002   2.8729065132544248E-002   5.2330652932931335E-002
   1397.8574692241625        3.8124222629886358E-002   2.3992923657725651E-002   4.3382337960904807E-002
   1447.2325992722181        3.1148743188350338E-002   1.9959224314725008E-002   3.5892007548587762E-002
   1498.3517579647787        2.5876534726071626E-002   1.6903599959399641E-002   3.0245615234110450E-002
   1551.2759091786245        1.9184670861242075E-002   1.2854163516024683E-002   2.2755653512815006E-002
   1606.0700862978565        1.4163804108105936E-002   9.7373383008962054E-003   1.7059871567772177E-002
   1662.7990190437411        1.0455844564890642E-002   7.3762924658307477E-003   1.2796412893440776E-002
   1721.5324161293761        7.7183264169175102E-003   5.5877191119129820E-003   9.6035813006795766E-003
   1782.3403946248577        5.6978406668757864E-003   4.2328317401011985E-003   7.2114224466499057E-003
   1845.2954731357936        4.2068926670391681E-003   3.2064825015645122E-003   5.4182751263919535E-003
   1910.4750110852074        3.1068138337005773E-003   2.4289876843961002E-003   4.0734108639833020E-003
   1977.9568210713478        2.2951846138033328E-003   1.8400166438049118E-003   3.0642270095109971E-003
   2047.8213808026539        1.6963561154989041E-003   1.3938614934896668E-003   2.3065196386142955E-003
   2120.1545400970977        1.2544679891994621E-003   1.0558836356625719E-003   1.7372803084461244E-003
   2195.0417479108573        9.2832463994456382E-004   7.9985990687157034E-004   1.3093853834618319E-003
   2272.5750259096239        6.8752465405606963E-004   6.0591313443478722E-004   9.8753363587036512E-004
   2352.8469348264384        5.0966106719133627E-004   4.5899378544490165E-004   7.4529622732451024E-004
   2435.9532056335870        3.7821376281127353E-004   3.4769998708258421E-004   5.6286443773088056E-004
   2521.9959596104222        2.8100231542490801E-004   2.6339111037599570E-004   4.2537984716293727E-004
   2611.0779162676686        2.0905371869546212E-004   1.9952510670822243E-004   3.2170095047962167E-004
   2703.3053132971791        1.5575406925157098E-004   1.5114556934110840E-004   2.4346336646465742E-004
   2798.7914800504532        1.1622685977142323E-004   1.1449640729411622E-004   1.8438234679868108E-004
   2897.6492167059700        8.6879038089159017E-005   8.6734070481103592E-005   1.3973756439368838E-004
   3000.0000000000000        6.5059599668806448E-005   6.5703146333513399E-005   1.0597718876861033E-004
