         200   4370.0000000000000     
   3.0000000000000000        3.0041940039265851E-003  0.44437696497315798        1.4944023974761140E-003
   3.1059655287322618        3.2097704689794350E-003  0.44437696497315798        1.5929579089142634E-003
   3.2156739552243598        3.4285828163422255E-003  0.44437696497315798        1.6983119840858348E-003
   3.3292574962321346        3.6613748785231871E-003  0.44437696497315798        1.8109314209722560E-003
   3.4468529954360925        3.9089299448237594E-003  0.44437696497315798        1.9313137880385065E-003
   3.5686022069563790        4.1720758199058107E-003  0.44437696497315798        2.0599894507986770E-003
   3.6946518254059528        4.4516905377013343E-003  0.44437696497315798        2.1975234645951087E-003
   3.8251536998800524        4.7487098668160263E-003  0.44437696497315798        2.3445177887385575E-003
   3.9602651907155879        5.0641368466218094E-003  0.44437696497315798        2.5016138367152754E-003
   4.1001490688558144        5.3990522639487115E-003  0.44437696497315798        2.6694946924681689E-003
   4.2449739038313119        5.7546285840792879E-003  0.44437696497315798        2.8488880892519014E-003
   4.3949142193596993        6.1321461216762930E-003  0.44437696497315798        3.0405693778950684E-003
   4.5501507036585132        6.5330125917414071E-003  0.44437696497315798        3.2453648439582069E-003
   4.7108703059600501        6.9587861862640352E-003  0.44437696497315798        3.4641551993491045E-003
   4.8772669425686850        7.4112047787237628E-003  0.44437696497315798        3.6978802948283165E-003
   5.0495410155906377        7.8922172437337484E-003  0.44437696497315798        3.9475426544804066E-003
   5.2279001269311909        8.4040240513236740E-003  0.44437696497315798        4.2142131388684338E-003
   5.4125592113782046        8.9491233665668080E-003  0.44437696497315798        4.4990364055544300E-003
   5.6037407956130689        9.5303654409494079E-003  0.44437696497315798        4.8032371987311584E-003
   5.8016752663703963        1.0151015868294635E-002  0.44437696497315798        5.1281273988732006E-003
   6.0066011480696169        1.0814828436179215E-002  0.44437696497315798        5.4751139277835412E-003
   6.2187653902530293        1.1526128034937499E-002  0.44437696497315798        5.8457076120433642E-003
   6.4384236651766908        1.2289903677665200E-002  0.44437696497315798        6.2415331155397458E-003
   6.6658406759127811        1.3111911128078800E-002  0.44437696497315798        6.6643400594358524E-003
   6.9012904753346884        1.3998783936777592E-002  0.44437696497315798        7.1160154556568281E-003
   7.1450567963692624        1.4958150878794587E-002  0.44437696497315798        7.5985975877028043E-003
   7.3974330131920443        1.5998755309287058E-002  0.44437696497315798        8.1142906900903786E-003
   7.6587243988323896        1.7130583961023457E-002  0.44437696497315798        8.6654861080655426E-003
   7.9292442763577622        1.8364965020612991E-002  0.44437696497315798        9.2547725954677858E-003
   8.2093202460023029        1.9714700107382438E-002  0.44437696497315798        9.8849699006388660E-003
   8.4992881560440416        2.1194126133184447E-002  0.44437696497315798        1.0559138151110004E-002
   8.7994991583321234        2.2819218664600082E-002  0.44437696497315798        1.1280618670442357E-002
   9.1103132457223861        2.4607602993149461E-002  0.44437696497315798        1.2053046379474932E-002
   9.4321068148357909        2.6578611016968630E-002  0.44437696497315798        1.2880398225295098E-002
   9.7652657388916850        2.8753226261861164E-002  0.44437696497315798        1.3767009107367055E-002
   10.110193474162946        3.1154088030564023E-002  0.44437696497315798        1.4717629146315398E-002
   10.467303634806061        3.3805367820154815E-002  0.44437696497315798        1.5737443694745196E-002
   10.837027566606025        3.6732721005936289E-002  0.44437696497315798        1.6832137504466042E-002
   11.219811965471335        3.9963153897394126E-002  0.44437696497315798        1.8007936267595268E-002
   11.616115840724994        4.3524865026925881E-002  0.44437696497315798        1.9271648556869015E-002
   12.026419117330413        4.7447186473772059E-002  0.44437696497315798        2.0630749041912103E-002
   12.451213803399156        5.1760378572126210E-002  0.44437696497315798        2.2093411670157735E-002
   12.891014326336300        5.6495620576553114E-002  0.44437696497315798        2.3668610799302867E-002
   13.346348065368609        6.1684831718461286E-002  0.44437696497315798        2.5366161097501505E-002
   13.817766430769083        6.7360741932365742E-002  0.44437696497315798        2.7196836177606595E-002
   14.305834715756038        7.3556765768073143E-002  0.44437696497315798        2.9172416210230784E-002
   14.811143972217785        8.0307177095857732E-002  0.44437696497315798        3.1305826977119894E-002
   15.334300133051286        8.7647042746734863E-002  0.44437696497315798        3.3611196273474947E-002
   15.875936741648431        9.5612501533912375E-002  0.44437696497315798        3.6104016731241292E-002
   16.436703292225193       0.10424073731917738       0.44437696497315798        3.8801212109626101E-002
   17.017278874447534       0.11357033358900606       0.44437696497315798        4.1721327661580640E-002
   17.618359675531394       0.12364123508305574       0.44437696497315798        4.4884607319670228E-002
   18.240671728221173       0.13449508568732418       0.44437696497315798        4.8313205148959516E-002
   18.884968846184627       0.14617530150946689       0.44437696497315798        5.2031338534677674E-002
   19.552019805756849       0.15872686095986108       0.44437696497315798        5.6065382952417496E-002
   20.242632201214423       0.17219667508149844       0.44432030734738875        6.0444183206017334E-002
   20.957638264717446       0.18663315434065456       0.44418465693515247        6.5199181078979415E-002
   21.697899624358065       0.20208597290689562       0.44408189831314238        7.0364675575510557E-002
   22.464312967141105       0.21860570465714890       0.44400405565454770        7.5978040469379296E-002
   23.257792778673313       0.23624278054044659       0.44394508827016310        8.2079848021293964E-002
   24.079299719823517       0.25504724274531326       0.44390041898340604        8.8714320118660359E-002
   24.929823759061236       0.27506733677847217       0.44386658086763731        9.5929459381619286E-002
   25.810395145829254       0.29634853351603579       0.44384094750625358       0.10377739792304778     
   26.722064579292049       0.31893165474682844       0.44382152971784472       0.11231447901743874     
   27.665935811728254       0.34285214057421320       0.44380682025145612       0.12160180545365355     
   28.643146268414043       0.36813797858997133       0.44379567745821524       0.13170531830538143     
   29.654879655490589       0.39480838336255625       0.44378723646676288       0.14269615264224436     
   30.702343174827575       0.42260139905593819       0.42365869809882745       0.15452246161738381     
   31.786804983723918       0.45168938829010225       0.39966352148822709       0.16734773520088983     
   32.909571928103169       0.48218880262594715       0.38148656763497307       0.18132256077068587     
   34.072004028335677       0.51405923911735263       0.36771699399323377       0.19653592740712611     
   35.275488300232773       0.54724612879239010       0.35728626415432646       0.21308280531583876     
   36.521481794408061       0.58168108896922710       0.34938472218968797       0.23106433114315278     
   37.811486012809581       0.61728082968022013       0.34339910408019947       0.25058695545917692     
   39.147055493126302       0.65394744497632118       0.33886484680320583       0.27176184421206034     
   40.529808025860810       0.69156919792162330       0.33543001443303988       0.29470410726194468     
   41.961393513511240       0.73002062134712931       0.33282805961386386       0.31953105991666902     
   43.443545167355794       0.76916526874177549       0.33085701295544878       0.34636154240100103     
   44.978049075047366       0.80885660795536529       0.32936389520374071       0.37531354245950505     
   46.566763998623138       0.84894057780261745       0.32823281488060735       0.40650229649062647     
   48.211585595230147       0.88925698443041612       0.32737599871594830       0.44003692244454129     
   49.914505239722644       0.92964345931526848       0.32672693877617437       0.47601852409769657     
   51.677575059319224       0.96993714397679254       0.32623525943725107       0.51453609557093760     
   53.502930680545909        1.0099778235743222       0.32586279797203110       0.55566327051430198     
   55.392750120602578        1.0496095880783858       0.32558065089760369       0.59945342580477978     
   57.349321371645829        1.0886847440683796       0.32536691734461010       0.64593713716259249     
   59.375002227322796        1.1270651564353917       0.32520500876636965       0.69511726700706788     
   61.472246417894510        1.1646247498523967       0.32508235828767534       0.74696580620506370     
   63.643556378429672        1.2012503636658398       0.32498944807555336       0.80141937101943117     
   65.891560899834928        1.2368444876801881       0.32491906623733580       0.85837846251262140     
   68.218968971510208        1.2713253903641324       0.32486575021277936       0.91770454594011430     
   70.628585269218178        1.3005318685467202       0.32422328577895426       0.97675477429830082     
   73.123328588587739        1.3181571507815915       0.32222351602802812        1.0311621613999280     
   75.706175661273647        1.3365025863886197       0.32070865009574528        1.0878821350645902     
   78.380253523498894        1.3551806128972994       0.31956110079482564        1.1464168490691031     
   81.148784610322849        1.3738931264448884       0.31869180314281459        1.2062789444785440     
   84.015122474940881        1.3924168007348745       0.31803328477210341        1.2669928419293788     
   86.982687236203873        1.4105899348989346       0.31753444382048268        1.3280955522873266     
   90.055071705548812        1.4283021377881022       0.31715655916870999        1.3891421765249288     
   93.235978303002270        1.4454843116737599       0.31687030197675120        1.4497083129247827     
   96.529260096906100        1.4621004367522414       0.31665345378992099        1.5093946018556565     
   99.938826062156153        1.4781396344338507       0.31648918775861790        1.5678283743005168     
   103.46886588546354        1.4936106177166621       0.31636475059514546        1.6246701588401704     
   107.12359379692580        1.5085345993966401       0.31627048644824823        1.6796109355858828     
   110.90736836557576        1.5229407547571057       0.31619907982257234        1.7323751868074200     
   114.82483910697920        1.5368622481896994       0.31614498684984005        1.7827227305515609     
   118.88068277378797        1.5503314156445001       0.31610401012081912        1.8304443832026223     
   123.07973629915718        1.5633771626931026       0.31607296958158065        1.8753629840048140     
   127.42715949490271        1.5760229097698857       0.31604945530644490        1.9173336675592245     
   131.92808807993632        1.5882836550140134       0.31603164286027197        1.9562390284376678     
   136.58805281121437        1.6001659142257969       0.31601814932019884        1.9919920233614796     
   141.41261684513370        1.6116660006315249       0.31600792763876212        2.0245317478082701     
   146.40753387824964        1.6227703146479442       0.31600018454869044        2.0538242358837495     
   151.57894168226974        1.5934986469628010       0.31297680126825889        2.0327972680403446     
   156.93294936957258        1.4913002621994460       0.30459884831587586        1.9186841755749569     
   162.47613596373097        1.4136237618174952       0.29825226105845626        1.8267690926945932     
   168.21511902855468        1.3544546186419026       0.29344456842994660        1.7527001868903520     
   174.15674278185460        1.3092328332936642       0.28980266300588953        1.6928807644191364     
   180.30830831190286        1.2744950298732487       0.28704379449846007        1.6443296931269711     
   186.67715947709803        1.2476087741300668       0.28495388519000620        1.6045897344435147     
   193.27089166569760        1.2265682243037066       0.28337074487003011        1.5716502870283213     
   200.09760727912413        1.2098414760470837       0.28217146167536711        1.5438821806357761     
   207.16537088595135        1.1962573756574559       0.28126298513389170        1.5199816957246099     
   214.48286737908427        1.1849172605349636       0.28057478293526894        1.4989145290670252     
   222.05883252794877        1.1751307807278857       0.28005345320276148        1.4798702630446758     
   229.90230130529540        1.1663658813312061       0.27965853744436170        1.4622199259726743     
   238.02291179328489        1.1582111659090051       0.27935937518667603        1.4454802559077786     
   246.43025707061713        1.1503482954237969       0.27913275490682021        1.4292858804758259     
   255.13466811288930        1.1425297803822183       0.27896108225735650        1.4133638340294139     
   264.14653641505117        1.1345634603116590       0.27883103609272331        1.3975157074858575     
   273.47660938458705        1.1263000225842721       0.27873252400616716        1.3816017518362762     
   283.13635184814427        1.1176235152791516       0.27865789771537852        1.3655281726358488     
   293.13729579387660        1.1084450430272224       0.27860136650363188        1.3492386360027677     
   303.49136818478553        1.0986973476739681       0.27855854319053758        1.3327060504238391     
   314.21129214162710        1.0883305924308198       0.27852610305930936        1.3159258084997205     
   325.30973137660959        1.0773103245491793       0.27850152913185411        1.2989121495777542     
   336.80032369109853        1.0656143458494105       0.27848291353736049        1.2816924168907602     
   348.69678677735646        1.0532319872561025       0.27846881177639876        1.2643049748530344     
   361.01330816366544        1.0401625008941229       0.27845812946292731        1.2467956436930072     
   373.76502243504467        1.0227093670607723       0.27497839223135967        1.2232225974869726     
   386.96715283564077       0.99365229562340396       0.26121792286620665        1.1820579315035438     
   400.63544401132759       0.96755553127719129       0.25079414333392885        1.1469113205877739     
   414.78669160661980       0.94357523027539825       0.24289777214042943        1.1163726226720703     
   429.43761284149554       0.92108629929390728       0.23691614242694647        1.0893848884810020     
   444.60621081975989       0.89962820328489312       0.23238485236910611        1.0651547104529477     
   460.31059410826708       0.87886736059087012       0.22895229106881798        1.0430895732393188     
   476.56949149896485       0.85856615661377678       0.22635207000980140        1.0227476769317334     
   493.40288198244309       0.83855922469943045       0.22438231320483637        1.0037999992994209     
   510.83065126063684       0.81873748534970414       0.22289019036205460       0.98600345698277680     
   528.87421463804299       0.79903270644525726       0.22175985603404708       0.96917737042864760     
   547.55511287104378       0.77940874096466728       0.22090360057011191       0.95318847919286831     
   566.89562449487210       0.75985278096653641       0.22025497311834941       0.93793781470850524     
   586.91951519858117       0.74036844857942297       0.21976361553451401       0.92335088223518813     
   607.65068989177485       0.72097236460282077       0.21939140033633717       0.90937182278187279     
   629.11387223602765       0.70168969885953758       0.21910944126492771       0.89595773812827784     
   651.33543626567803       0.68255057176670819       0.21889584757922761       0.88307451824149330     
   674.34163286578985       0.66358938172333359       0.21873404688550482       0.87069523459469078     
   698.16073213207346       0.64484122976392555       0.21861147729996933       0.85879696823522678     
   722.82116976782140       0.60411713894830754       0.19635518230824481       0.80563255975193981     
   748.35235540965130       0.56298131833952025       0.17341619758331325       0.75155415133510017     
   774.78566186873422       0.52773029788834114       0.15603912838982084       0.70837382569944896     
   802.15264573967897       0.49704373934566753       0.14287558015860571       0.67357824759021623     
   830.48594444209971       0.46992690363962752       0.13290397810176344       0.64524328390019881     
   859.82037403360118       0.44562987217292832       0.12535014688431695       0.62189621947350482     
   890.19058800385733       0.42358915251671492       0.11962799677844257       0.60241252577156434     
   921.63390537915473       0.40337954668519937       0.11529327143999876       0.58593238019585059     
   954.18786380243341       0.38468143745628097       0.11200961264654490       0.57179985805993272     
   987.89128659474920       0.36725377170933604       0.10952218766023805       0.55951400061090573     
   1022.7855886411724       0.35091378120451333       0.10763787775642214       0.54869158689645114     
   1058.9119914466876       0.33552350892638966       0.10621048233213470       0.53903985604438664     
   1096.3148872627712       0.32097703686992363       0.10512918124790042       0.53033390035442729     
   1135.0389283928459       0.30719335975940071       0.10431006964649642       0.52240108708341182     
   1175.1302964981960       0.29410946674601623       0.10368957927521692       0.51510820237492216     
   1216.6382559936744       0.28167517805844616       0.10321953649673679       0.50835177785675967     
   1259.6123598874483       0.26985053871519632       0.10286346777672646       0.50205144856560047     
   1304.1038583964914       0.25860269138810260       0.10259373992535467       0.49614425401755496     
   1350.1674228314519       0.24790356423612853       0.10238941180914125       0.49058035943590533     
   1397.8574692241625       0.19791185273933243        8.3149039806925465E-002  0.40773614665689623     
   1447.2325992722181       0.15673167095547447        6.6232488431587133E-002  0.33809665095972075     
   1498.3517579647787       0.12592419917303363        5.3417793533641580E-002  0.28554223447417770     
   1551.2759091786245        9.1549556301212504E-002   4.0554960189697821E-002  0.21511033047395042     
   1606.0700862978565        6.6348339799200476E-002   3.0721358620820857E-002  0.16144373689115202     
   1662.7990190437411        4.8105763531562228E-002   2.3272245364422454E-002  0.12120358949874663     
   1721.5324161293761        3.4896768581266467E-002   1.7629286094917113E-002   9.1020464037853174E-002
   1782.3403946248577        2.5329561539933210E-002   1.3354608605646683E-002   6.8374083517955681E-002
   1845.2954731357936        1.8397478684111113E-002   1.0116470825798848E-002   5.1377477491794242E-002
   1910.4750110852074        1.3372312722006461E-002   7.6634701837381414E-003   3.8617000411651968E-002
   1977.9568210713478        9.7276331174205293E-003   5.8052631464398322E-003   2.9034153518747448E-002
   2047.8213808026539        7.0826476697846757E-003   4.3976410684332260E-003   2.1835607259851581E-002
   2120.1545400970977        5.1618198399579771E-003   3.3313189734879090E-003   1.6426433306583846E-002
   2195.0417479108573        3.7658824640568423E-003   2.5235626293436076E-003   1.2360774237731966E-002
   2272.5750259096239        2.7505486044182904E-003   1.9116594412996321E-003   9.3039919257695870E-003
   2352.8469348264384        2.0113969709376922E-003   1.4481280460475611E-003   7.0051216339854661E-003
   2435.9532056335870        1.4727866708767275E-003   1.0969954689399762E-003   5.2757766441930542E-003
   2521.9959596104222        1.0798881628189246E-003   8.3100047562817100E-004   3.9744678055333308E-003
   2611.0779162676686        7.9296339584877850E-004   6.2950286491295809E-004   2.9949911342174113E-003
   2703.3053132971791        5.8317897406213125E-004   4.7686514488758818E-004   2.2575554953413323E-003
   2798.7914800504532        4.2959532856065048E-004   3.6123682679838390E-004   1.7021817832026218E-003
   2897.6492167059700        3.1700608083586566E-004   2.7364649368793976E-004   1.2838150371979329E-003
   3000.0000000000000        2.3434815948342026E-004   2.0729380644424734E-004   9.6856090585761834E-004
