         200   4370.0000000000000     
   3.0000000000000000        2.8295221560786484E-003   2.8618718948928909E-002   1.1166621762961475E-002
   3.1059655287322618        2.9884566689314029E-003   2.8618718948928909E-002   1.1421200610587408E-002
   3.2156739552243598        3.1533807238283630E-003   2.8618718948928909E-002   1.1674414419381616E-002
   3.3292574962321346        3.3242509300853264E-003   2.8618718948928909E-002   1.1925681531424372E-002
   3.4468529954360925        3.5009967205188886E-003   2.8618718948928909E-002   1.2174428354758869E-002
   3.5686022069563790        3.6835193049205074E-003   2.8618718948928909E-002   1.2420095681234769E-002
   3.6946518254059528        3.8716905045927982E-003   2.8618718948928909E-002   1.2662144016705746E-002
   3.8251536998800524        4.0653521543002075E-003   2.8618718948928909E-002   1.2900058782934227E-002
   3.9602651907155879        4.2643160215275495E-003   2.8618718948928909E-002   1.3133355126091878E-002
   4.1001490688558144        4.4683633653380397E-003   2.8618718948928909E-002   1.3361581234429933E-002
   4.2449739038313119        4.6772455400135911E-003   2.8618718948928909E-002   1.3584321845313590E-002
   4.3949142193596993        4.8906845654858432E-003   2.8618718948928909E-002   1.3801200593477503E-002
   4.5501507036585132        5.1083740790483058E-003   2.8618718948928909E-002   1.4011881728735387E-002
   4.7108703059600501        5.3299804149554032E-003   2.8618718948928909E-002   1.4216070976964586E-002
   4.8772669425686850        5.5551447830599300E-003   2.8618718948928909E-002   1.4413516469917911E-002
   5.0495410155906377        5.7834840523493681E-003   2.8618718948928909E-002   1.4604007526786146E-002
   5.2279001269311909        6.0145934031765472E-003   2.8618718948928909E-002   1.4787374371144021E-002
   5.4125592113782046        6.2480483670563905E-003   2.8618718948928909E-002   1.4963486567497977E-002
   5.6037407956130689        6.4834072116736197E-003   2.8618718948928909E-002   1.5132251173531267E-002
   5.8016752663703963        6.7202134862329099E-003   2.8618718948928909E-002   1.5293610539968182E-002
   6.0066011480696169        6.9579987057339070E-003   2.8618718948928909E-002   1.5447539848590954E-002
   6.2187653902530293        7.1962851530651155E-003   2.8618718948928909E-002   1.5594044480368543E-002
   6.4384236651766908        7.4345887777337548E-003   2.8618718948928909E-002   1.5733157303531559E-002
   6.6658406759127811        7.6724221695331080E-003   2.8618718948928909E-002   1.5864935965806778E-002
   6.9012904753346884        7.9092975845186497E-003   2.8618718948928909E-002   1.5989460266199917E-002
   7.1450567963692624        8.1447299993976617E-003   2.8618718948928909E-002   1.6106829670198934E-002
   7.3974330131920443        8.3782398244067521E-003   2.8618718948928909E-002   1.6217160860320816E-002
   7.6587243988323896        8.6093576596992967E-003   2.8618718948928909E-002   1.6320586466654317E-002
   7.9292442763577622        8.8376234951190787E-003   2.8618718948928909E-002   1.6417251532550393E-002
   8.2093202460023029        9.0625947362750325E-003   2.8618718948928909E-002   1.6507314235259356E-002
   8.4992881560440416        9.2838435840047456E-003   2.8618718948928909E-002   1.6590942283720357E-002
   8.7994991583321234        9.5009650121479720E-003   2.8618718948928909E-002   1.6668313980543942E-002
   9.1103132457223861        9.7135740002124524E-003   2.8618718948928909E-002   1.6739615361021708E-002
   9.4321068148357909        9.9213129552542089E-003   2.8618718948928909E-002   1.6805041324476779E-002
   9.7652657388916850        1.0123848724620568E-002   2.8618718948928909E-002   1.6864793363400726E-002
   10.110193474162946        1.0320879322889980E-002   2.8618718948928909E-002   1.6919080632501048E-002
   10.467303634806061        1.0512130667453648E-002   2.8618718948928909E-002   1.6968118095652709E-002
   10.837027566606025        1.0697361962359158E-002   2.8618718948928909E-002   1.7012127279536091E-002
   11.219811965471335        1.0876364826211212E-002   2.8618718948928909E-002   1.7051335299161800E-002
   11.616115840724994        1.1048962442743294E-002   2.8618718948928909E-002   1.7085974117991839E-002
   12.026419117330413        1.1215013593397487E-002   2.8618718948928909E-002   1.7116280820023429E-002
   12.451213803399156        1.1374408635687066E-002   2.8618718948928909E-002   1.7142496217381932E-002
   12.891014326336300        1.1527073227756628E-002   2.8618718948928909E-002   1.7164864943494559E-002
   13.346348065368609        1.1672964064930439E-002   2.8618718948928909E-002   1.7183634140717021E-002
   13.817766430769083        1.1812071764947443E-002   2.8618718948928909E-002   1.7199053258345399E-002
   14.305834715756038        1.1944416439388433E-002   2.8618718948928909E-002   1.7211372832121666E-002
   14.811143972217785        1.2070049816963515E-002   2.8618718948928909E-002   1.7220844062185686E-002
   15.334300133051286        1.2189050741437755E-002   2.8618718948928909E-002   1.7227717724583324E-002
   15.875936741648431        1.2301526631872166E-002   2.8618718948928909E-002   1.7232243623895156E-002
   16.436703292225193        1.2407609003495124E-002   2.8618718948928909E-002   1.7234669686831613E-002
   17.017278874447534        1.2507454376023472E-002   2.8618718948928909E-002   1.7235241386057438E-002
   17.618359675531394        1.2601239912780384E-002   2.8618718948928909E-002   1.7234201060773204E-002
   18.240671728221173        1.2689163643964455E-002   2.8618718948928909E-002   1.7231787406163889E-002
   18.884968846184627        1.2771441814909235E-002   2.8618718948928909E-002   1.7228234994925953E-002
   19.552019805756849        1.2848305354888977E-002   2.8618718948928909E-002   1.7223774032273140E-002
   20.242632201214423        1.2920000916637425E-002   2.8618103006585405E-002   1.7218628617855308E-002
   20.957638264717446        1.2986787068551166E-002   2.8616628309549030E-002   1.7213018237507392E-002
   21.697899624358065        1.3048933067459252E-002   2.8615511189203861E-002   1.7207161349378833E-002
   22.464312967141105        1.3106717578900258E-002   2.8614664937902146E-002   1.7201269116975657E-002
   23.257792778673313        1.3160425871507370E-002   2.8614023885467715E-002   1.7195548382930578E-002
   24.079299719823517        1.3210350582632409E-002   2.8613538272016858E-002   1.7190201808550087E-002
   24.929823759061236        1.3256789227446521E-002   2.8613170407531828E-002   1.7185428475017576E-002
   25.810395145829254        1.3300043909874111E-002   2.8612891739436090E-002   1.7181424388292694E-002
   26.722064579292049        1.3340419631999367E-002   2.8612680642731352E-002   1.7178383220360902E-002
   27.665935811728254        1.3378225350871643E-002   2.8612520731632424E-002   1.7176496891031283E-002
   28.643146268414043        1.3413772646634556E-002   2.8612399594925959E-002   1.7175956452958822E-002
   29.654879655490589        1.3447376062072396E-002   2.8612307830331411E-002   1.7176952898553456E-002
   30.702343174827575        1.3450995746905758E-002   2.5359476114567295E-002   1.7137455719482234E-002
   31.786804983723918        1.3443388366341879E-002   2.1481365170521675E-002   1.7085142614458922E-002
   32.909571928103169        1.3438858839681121E-002   1.8543597934560736E-002   1.7041119614108501E-002
   34.072004028335677        1.3436744583083225E-002   1.6318153417045518E-002   1.7004179121355018E-002
   35.275488300232773        1.3436556293776188E-002   1.4632334296015362E-002   1.6973350954742682E-002
   36.521481794408061        1.3437944935465606E-002   1.3355283625991867E-002   1.6947861365764764E-002
   37.811486012809581        1.3440674900779220E-002   1.2387885407842102E-002   1.6927100139637993E-002
   39.147055493126302        1.3444601950029549E-002   1.1655056762552587E-002   1.6910591666377352E-002
   40.529808025860810        1.3449655091652002E-002   1.1099917651810828E-002   1.6897970576099982E-002
   41.961393513511240        1.3455821407928698E-002   1.0679388575325442E-002   1.6888961416476219E-002
   43.443545167355794        1.3463133656553885E-002   1.0360827151866274E-002   1.6883360683022982E-002
   44.978049075047366        1.3471659535218415E-002   1.0119508807450090E-002   1.6881022137385033E-002
   46.566763998623138        1.3481492692265179E-002   9.9367031106668453E-003   1.6881843774254862E-002
   48.211585595230147        1.3492744621041740E-002   9.7982241071936111E-003   1.6885756457251346E-002
   49.914505239722644        1.3505538097063424E-002   9.6933227557001161E-003   1.6892713924195168E-002
   51.677575059319224        1.3520000792620968E-002   9.6138573257853587E-003   1.6902683796521080E-002
   53.502930680545909        1.3536259871932804E-002   9.5536599407880281E-003   1.6915639503242569E-002
   55.392750120602578        1.3554436524971869E-002   9.5080592071521801E-003   1.6931552484963495E-002
   57.349321371645829        1.3574641896323431E-002   9.4735154967880379E-003   1.6950385777650588E-002
   59.375002227322796        1.3596972447080882E-002   9.4473477615219514E-003   1.6972087393807674E-002
   61.472246417894510        1.3621506311036875E-002   9.4275249374837309E-003   1.6996584762052184E-002
   63.643556378429672        1.3648299206384973E-002   9.4125087483433265E-003   1.7023778933073268E-002
   65.891560899834928        1.3677382245476944E-002   9.4011336048515255E-003   1.7053540916313170E-002
   68.218968971510208        1.3708758785882874E-002   9.3925166456317651E-003   1.7085707345510178E-002
   70.628585269218178        1.3697051843734726E-002   9.3739169380082244E-003   1.7055946728861043E-002
   73.123328588587739        1.3572386827488622E-002   9.3294884838729837E-003   1.6864559696065123E-002
   75.706175661273647        1.3470937011038884E-002   9.2958330335081094E-003   1.6704567518492874E-002
   78.380253523498894        1.3388480800465119E-002   9.2703381776826962E-003   1.6570819786165022E-002
   81.148784610322849        1.3321583081509632E-002   9.2510251788515442E-003   1.6458906618219360E-002
   84.015122474940881        1.3267447558646513E-002   9.2363950179458580E-003   1.6365073880863897E-002
   86.982687236203873        1.3223799332854176E-002   9.2253123758918899E-003   1.6286148783614774E-002
   90.055071705548812        1.3188786892117204E-002   9.2169169939175892E-003   1.6219464896630009E-002
   93.235978303002270        1.3160905502814863E-002   9.2105572794964913E-003   1.6162797545201155E-002
   96.529260096906100        1.3138933402673197E-002   9.2057396100030907E-003   1.6114301297508103E-002
   99.938826062156153        1.3121880803757613E-002   9.2020901469414412E-003   1.6072455470065302E-002
   103.46886588546354        1.3108946581439804E-002   9.1993255532638925E-003   1.6036011530873175E-002
   107.12359379692580        1.3099485201563269E-002   9.1972313070012215E-003   1.6003952766492874E-002
   110.90736836557576        1.3092977643693587E-002   9.1956448813678357E-003   1.5975454703583743E-002
   114.82483910697920        1.3089008078928141E-002   9.1944431094353619E-003   1.5949851827866419E-002
   118.88068277378797        1.3087245119384394E-002   9.1935327382663204E-003   1.5926611902087759E-002
   123.07973629915718        1.3087425587862756E-002   9.1928431172870872E-003   1.5905311360842295E-002
   127.42715949490271        1.3089341491030479E-002   9.1923207056974938E-003   1.5885614896000096E-002
   131.92808807993632        1.3092829045931039E-002   9.1919249704147353E-003   1.5867260556872619E-002
   136.58805281121437        1.3097759799073046E-002   9.1916251873391981E-003   1.5850043948933926E-002
   141.41261684513370        1.3104032862718716E-002   9.1913980944428146E-003   1.5833808179951465E-002
   146.40753387824964        1.3111568711210025E-002   9.1912260678772492E-003   1.5818433483112588E-002
   151.57894168226974        1.2639145871775163E-002   9.0628719055611037E-003   1.5294283507592892E-002
   156.93294936957258        1.1313932063616776E-002   8.7069563407226238E-003   1.3867708969576627E-002
   162.47613596373097        1.0313727382833879E-002   8.4373380698443464E-003   1.2785993228158805E-002
   168.21511902855468        9.5599775396636964E-003   8.2330957391495638E-003   1.1965388886569533E-002
   174.15674278185460        8.9931265141373826E-003   8.0783788490620782E-003   1.1342502190607742E-002
   180.30830831190286        8.5680104005197034E-003   7.9611754882032010E-003   1.0869332781011789E-002
   186.67715947709803        8.2504091787955688E-003   7.8723911209231407E-003   1.0509568950439195E-002
   193.27089166569760        8.0143761657047764E-003   7.8051355175071729E-003   1.0235722466873013E-002
   200.09760727912413        7.8402305164870199E-003   7.7541870867800242E-003   1.0026977962104642E-002
   207.16537088595135        7.7130550244955444E-003   7.7155928211832493E-003   9.8675887039355158E-003
   214.48286737908427        7.6215266945659265E-003   7.6863563387587113E-003   9.7456260744434239E-003
   222.05883252794877        7.5570556660157443E-003   7.6642089995140137E-003   9.6520636218831186E-003
   229.90230130529540        7.5131175362912620E-003   7.6474320295294353E-003   9.5800654074863906E-003
   238.02291179328489        7.4847519319601406E-003   7.6347228982502858E-003   9.5244518733891888E-003
   246.43025707061713        7.4681858935712175E-003   7.6250955244314715E-003   9.4813018649376121E-003
   255.13466811288930        7.4605433300395122E-003   7.6178024579332294E-003   9.4476418173228289E-003
   264.14653641505117        7.4596289786035752E-003   7.6122777844952610E-003   9.4212186984376500E-003
   273.47660938458705        7.4637625966317471E-003   7.6080927544372925E-003   9.4003232525994313E-003
   283.13635184814427        7.4716547551056554E-003   7.6049224503559800E-003   9.3836573718150268E-003
   293.13729579387660        7.4823122160729005E-003   7.6025208686958425E-003   9.3702354785507643E-003
   303.49136818478553        7.4949666719849074E-003   7.6007016314961623E-003   9.3593078908493724E-003
   314.21129214162710        7.5090215490212402E-003   7.5993234968020299E-003   9.3503033309162084E-003
   325.30973137660959        7.5240103338321341E-003   7.5982795373384102E-003   9.3427864406495677E-003
   336.80032369109853        7.5395673003367291E-003   7.5974887021705937E-003   9.3364241165242133E-003
   348.69678677735646        7.5554032696920435E-003   7.5968896254932326E-003   9.3309613682301656E-003
   361.01330816366544        7.5712887981673653E-003   7.5964358151585643E-003   9.3262022141658851E-003
   373.76502243504467        7.5630619441238956E-003   7.5646879721780183E-003   9.2797225182127650E-003
   386.96715283564077        7.4829872017241452E-003   7.4400075217741493E-003   9.1086065439118964E-003
   400.63544401132759        7.4249268078950834E-003   7.3455600510878996E-003   8.9786068602235765E-003
   414.78669160661980        7.3834646078695552E-003   7.2740128464950805E-003   8.8797381974262211E-003
   429.43761284149554        7.3544703534204796E-003   7.2198146743953267E-003   8.8044447898942731E-003
   444.60621081975989        7.3347924014844365E-003   7.1787576965895638E-003   8.7470011512972862E-003
   460.31059410826708        7.3220290517188738E-003   7.1476560475395214E-003   8.7030729390970198E-003
   476.56949149896485        7.3143503661531320E-003   7.1240960421222249E-003   8.6693758105897255E-003
   493.40288198244309        7.3103632541523505E-003   7.1062485284137805E-003   8.6434192870968683E-003
   510.83065126063684        7.3090088398866816E-003   7.0927287462639833E-003   8.6233157440274068E-003
   528.87421463804299        7.3094831811384309E-003   7.0824870466981264E-003   8.6076312774256772E-003
   547.55511287104378        7.3111771761051715E-003   7.0747287127291975E-003   8.5952765813329928E-003
   566.89562449487210        7.3136303118120647E-003   7.0688516484602318E-003   8.5854220138544719E-003
   586.91951519858117        7.3164954884016300E-003   7.0643995703198407E-003   8.5774338002628653E-003
   607.65068989177485        7.3195117599248348E-003   7.0610270139539102E-003   8.5708265609305521E-003
   629.11387223602765        7.3224836415964976E-003   7.0584722476093832E-003   8.5652264514005632E-003
   651.33543626567803        7.3252652806344975E-003   7.0565369243126399E-003   8.5603435055494181E-003
   674.34163286578985        7.3277479721514417E-003   7.0550708854128317E-003   8.5559513090651892E-003
   698.16073213207346        7.3298510204272129E-003   7.0539603105679721E-003   8.5518709002569762E-003
   722.82116976782140        7.1943269344800663E-003   6.9159701040615073E-003   8.2888689115070569E-003
   748.35235540965130        7.0539598518983160E-003   6.7738200440838449E-003   8.0176772174988774E-003
   774.78566186873422        6.9474003303162477E-003   6.6661364888737570E-003   7.8112627857986599E-003
   802.15264573967897        6.8662993859856863E-003   6.5845636035423471E-003   7.6538316706832588E-003
   830.48594444209971        6.8043312600855480E-003   6.5227708150885346E-003   7.5334120571658551E-003
   859.82037403360118        6.7567013427442405E-003   6.4759606544167623E-003   7.4409260981519324E-003
   890.19058800385733        6.7197788948565856E-003   6.4405011957482565E-003   7.3694974275438632E-003
   921.63390537915473        6.6908107138712192E-003   6.4136394372949074E-003   7.3139107414196712E-003
   954.18786380243341        6.6677114096553624E-003   6.3932910086249928E-003   7.2702161943303577E-003
   987.89128659474920        6.6489005165883269E-003   6.3778767426828174E-003   7.2354217234326000E-003
   1022.7855886411724        6.6331802049128001E-003   6.3661999065431256E-003   7.2072619798707752E-003
   1058.9119914466876        6.6196445919170979E-003   6.3573545130958002E-003   7.1840265597834449E-003
   1096.3148872627712        6.6076086035201332E-003   6.3506538236005666E-003   7.1644251780863377E-003
   1135.0389283928459        6.5965566537351285E-003   6.3455778900026218E-003   7.1474897646696001E-003
   1175.1302964981960        6.5861025134969818E-003   6.3417327876778900E-003   7.1324977338280780E-003
   1216.6382559936744        6.5759591636485428E-003   6.3388199905356282E-003   7.1189141410307197E-003
   1259.6123598874483        6.5659170722418992E-003   6.3366134765807779E-003   7.1063490901777651E-003
   1304.1038583964914        6.5558269005770485E-003   6.3349420063431132E-003   7.0945238950916346E-003
   1350.1674228314519        6.5455863947815633E-003   6.3336758102004636E-003   7.0832452901988998E-003
   1397.8574692241625        5.5430667275386007E-003   5.3673380431507834E-003   5.9885475469592664E-003
   1447.2325992722181        4.6978803618884703E-003   4.5527807134097542E-003   5.0645813470199773E-003
   1498.3517579647787        4.0566617557909893E-003   3.9357339273411738E-003   4.3640184442084850E-003
   1551.2759091786245        3.0808437540994845E-003   2.9948609475861873E-003   3.3154215540563358E-003
   1606.0700862978565        2.3290739150571985E-003   2.2686792629045332E-003   2.5076881723637341E-003
   1662.7990190437411        1.7606802216519823E-003   1.7185848162232348E-003   1.8968295213482014E-003
   1721.5324161293761        1.3309579818342376E-003   1.3018693696783224E-003   1.4348486237493741E-003
   1782.3403946248577        1.0061033405519124E-003   9.8619738735459530E-004   1.0854606485442393E-003
   1845.2954731357936        7.6054213451835361E-004   7.4707072234474344E-004   8.2121947956534532E-004
   1910.4750110852074        5.7492390890281117E-004   5.6592405636484225E-004   6.2136080264531279E-004
   1977.9568210713478        4.3462257346220482E-004   4.2870109615224071E-004   4.7019074734976757E-004
   2047.8213808026539        3.2857722149713507E-004   3.2475247012318662E-004   3.5584064787932415E-004
   2120.1545400970977        2.4842193261437361E-004   2.4600781386505349E-004   2.6933266107402305E-004
   2195.0417479108573        1.8783622348837780E-004   1.8635745497116659E-004   2.0388266305909663E-004
   2272.5750259096239        1.4203953739130206E-004   1.4117025831249697E-004   1.5435786658606870E-004
   2352.8469348264384        1.0742048716595613E-004   1.0693986905487918E-004   1.1687924311192502E-004
   2435.9532056335870        8.1249355991485132E-005   8.1009792001766060E-005   8.8513269046883091E-005
   2521.9959596104222        6.1462432755973148E-005   6.1366867585202744E-005   6.7040758089929612E-005
   2611.0779162676686        4.6500999665139579E-005   4.6486879476714493E-005   5.0784332684753315E-005
   2703.3053132971791        3.5187024030601728E-005   3.5215046273221455E-005   3.8475204708905216E-005
   2798.7914800504532        2.6629952070429180E-005   2.6676245281662365E-005   2.9153292179548490E-005
   2897.6492167059700        2.0157221048420681E-005   2.0207964538899639E-005   2.2092761082098427E-005
   3000.0000000000000        1.5260249131886361E-005   1.5308019603334994E-005   1.6744111856186651E-005
