         200   4370.0000000000000     
   3.0000000000000000        1.4166893707327479E-003   11.008077494227818        6.8915125462682292E-004
   3.1059655287322618        1.5166860941602048E-003   11.008077494227818        7.3471523468214258E-004
   3.2156739552243598        1.6234664465101364E-003   11.008077494227818        7.8344569331414895E-004
   3.3292574962321346        1.7374277286019361E-003   11.008077494227818        8.3556359601979536E-004
   3.4468529954360925        1.8589850723191113E-003   11.008077494227818        8.9130471627127937E-004
   3.5686022069563790        1.9885732653537012E-003   11.008077494227818        9.5092055599014060E-004
   3.6946518254059528        2.1266488260327271E-003   11.008077494227818        1.0146791825464431E-003
   3.8251536998800524        2.2736928389841260E-003   11.008077494227818        1.0828661887872933E-003
   3.9602651907155879        2.4302146018736989E-003   11.008077494227818        1.1557857787398392E-003
   4.1001490688558144        2.5967554405971812E-003   11.008077494227818        1.2337616631498782E-003
   4.2449739038313119        2.7738938004109419E-003   11.008077494227818        1.3171382681919897E-003
   4.3949142193596993        2.9622508332463361E-003   11.008077494227818        1.4062818929361709E-003
   4.5501507036585132        3.1624968190151663E-003   11.008077494227818        1.5015819758903239E-003
   4.7108703059600501        3.3753582130796843E-003   11.008077494227818        1.6034523822641756E-003
   4.8772669425686850        3.6016262850326487E-003   11.008077494227818        1.7123331911469996E-003
   5.0495410155906377        3.8421649529500556E-003   11.008077494227818        1.8286918563233338E-003
   5.2279001269311909        4.0979209575990822E-003   11.008077494227818        1.9530252697967136E-003
   5.4125592113782046        4.3699340272946516E-003   11.008077494227818        2.0858616305070941E-003
   5.6037407956130689        4.6593479579510877E-003   11.008077494227818        2.2277625845311924E-003
   5.8016752663703963        4.9674224623177171E-003   11.008077494227818        2.3793255884449228E-003
   6.0066011480696169        5.2955458099694964E-003   11.008077494227818        2.5411865216459387E-003
   6.2187653902530293        5.6452482992425520E-003   11.008077494227818        2.7140225742882246E-003
   6.4384236651766908        6.0182166272330423E-003   11.008077494227818        2.8985554381309791E-003
   6.6658406759127811        6.4163092544936079E-003   11.008077494227818        3.0955548281021649E-003
   6.9012904753346884        6.8415728974945056E-003   11.008077494227818        3.3058423627982335E-003
   7.1450567963692624        7.2962603246719540E-003   11.008077494227818        3.5302958325796573E-003
   7.3974330131920443        7.7828489349894992E-003   11.008077494227818        3.7698535176181047E-003
   7.6587243988323896        8.3040656259040849E-003   11.008077494227818        4.0255211540273323E-003
   7.9292442763577622        8.8629017639169135E-003   11.008077494227818        4.2983734571993394E-003
   8.2093202460023029        9.4626508051115794E-003   11.008077494227818        4.5895660006852520E-003
   8.4992881560440416        1.0106923924653590E-002   11.008077494227818        4.9003353946911890E-003
   8.7994991583321234        1.0799696863337163E-002   11.008077494227818        5.2320134630592522E-003
   9.1103132457223861        1.1545331439527858E-002   11.008077494227818        5.5860277315726015E-003
   9.4321068148357909        1.2348633885562163E-002   11.008077494227818        5.9639178692605585E-003
   9.7652657388916850        1.3214884673822477E-002   11.008077494227818        6.3673365494443359E-003
   10.110193474162946        1.4149911719527054E-002   11.008077494227818        6.7980685049277749E-003
   10.467303634806061        1.5160131018727660E-002   11.008077494227818        7.2580318559041434E-003
   10.837027566606025        1.6252634600087867E-002   11.008077494227818        7.7492987037993104E-003
   11.219811965471335        1.7435260531440608E-002   11.008077494227818        8.2741045904197001E-003
   11.616115840724994        1.8716666808673971E-002   11.008077494227818        8.8348573986056084E-003
   12.026419117330413        2.0106450208049086E-002   11.008077494227818        9.4341637263389601E-003
   12.451213803399156        2.1615216718438256E-002   11.008077494227818        1.0074832100674147E-002
   12.891014326336300        2.3254721970326943E-002   11.008077494227818        1.0759905258673867E-002
   13.346348065368609        2.5037947512977193E-002   11.008077494227818        1.1492664545301217E-002
   13.817766430769083        2.6979255337022910E-002   11.008077494227818        1.2276667613841306E-002
   14.305834715756038        2.9094462219709859E-002   11.008077494227818        1.3115754322150926E-002
   14.811143972217785        3.1401002494671246E-002   11.008077494227818        1.4014090806707980E-002
   15.334300133051286        3.3917992293441439E-002   11.008077494227818        1.4976177210408783E-002
   15.875936741648431        3.6666396262230130E-002   11.008077494227818        1.6006899195444142E-002
   16.436703292225193        3.9669075704015205E-002   11.008077494227818        1.7111537824751451E-002
   17.017278874447534        4.2950958266730552E-002   11.008077494227818        1.8295829678651024E-002
   17.618359675531394        4.6539066143999198E-002   11.008077494227818        1.9565979171097116E-002
   18.240671728221173        5.0462676506815143E-002   11.008077494227818        2.0928724344685099E-002
   18.884968846184627        5.4753396717668629E-002   11.008077494227818        2.2391377256284321E-002
   19.552019805756849        5.9445144139858179E-002   11.008077494227818        2.3961840860071883E-002
   20.242632201214423        6.4574353372596968E-002   11.007838541679126        2.5648713424986681E-002
   20.957638264717446        7.0179901274177600E-002   11.007266438430975        2.7461311098782151E-002
   21.697899624358065        7.6303110609519040E-002   11.006833055734537        2.9409737162182616E-002
   22.464312967141105        8.2987707560072441E-002   11.006504755679323        3.1504959338401847E-002
   23.257792778673313        9.0279492048360444E-002   11.006256061763947        3.3758828712396979E-002
   24.079299719823517        9.8226301650908482E-002   11.006067669825986        3.6184227903018083E-002
   24.929823759061236       0.10687745672230423        11.005924958162797        3.8795100439404276E-002
   25.810395145829254       0.11628331315450635        11.005816849908152        4.1606562438063315E-002
   26.722064579292049       0.12649433777144595        11.005734955724142        4.4634921107133442E-002
   27.665935811728254       0.13756059071707558        11.005672918806152        4.7897864492480430E-002
   28.643146268414043       0.14953051113879692        11.005625924269964        5.1414488684165587E-002
   29.654879655490589       0.16244993401538099        11.005590324535707        5.5205431573936529E-002
   30.702343174827575       0.17622600734157703        10.992831387490826        5.9234858530403230E-002
   31.786804983723918       0.19098306059383130        10.977631453972428        6.3564400506465404E-002
   32.909571928103169       0.20681789989355046        10.966117119461767        6.8248377570965524E-002
   34.072004028335677       0.22374898416742889        10.957394674641833        7.3312401497610008E-002
   35.275488300232773       0.24178695379227105        10.950787246712730        7.8784298584369652E-002
   36.521481794408061       0.26093441382236848        10.945781952752862        8.4694286358134224E-002
   37.811486012809581       0.28118507233312701        10.941990315841529        9.1074850934464158E-002
   39.147055493126302       0.30252377702318772        10.939118054874919        9.7960763741612292E-002
   40.529808025860810       0.32492703615537161        10.936942233270420       0.10538910303452115     
   41.961393513511240       0.34836333268885311        10.935294004507144       0.11339903414796819     
   43.443545167355794       0.37279524142667370        10.934045429484913       0.12203201392288708     
   44.978049075047366       0.39818066953549286        10.933099602291005       0.13133153739957815     
   46.566763998623138       0.42447531293786867        10.932383110556243       0.14134313989872929     
   48.211585595230147       0.45163453213911586        10.931840353611742       0.15211403351209379     
   49.914505239722644       0.47961704563889390        10.931429201483359       0.16369332448231422     
   51.677575059319224       0.50838721992960134        10.931117743335520       0.17613163051365058     
   53.502930680545909       0.53791834649508752        10.930881804688307       0.18948106623332731     
   55.392750120602578       0.56819479843460574        10.930703076402876       0.20379477242916239     
   57.349321371645829       0.59921573182812482        10.930567685201197       0.21912725714494397     
   59.375002227322796       0.63099670260987872        10.930465122937731       0.23553397748998398     
   61.472246417894510       0.66357189030061581        10.930387429026476       0.25307145308187518     
   63.643556378429672       0.69699460804927138        10.930328574321200       0.27179681911719777     
   65.891560899834928       0.73133908687942184        10.930283990391718       0.29176847884155971     
   68.218968971510208       0.76669959875848392        10.930250216936244       0.31304578022706503     
   70.628585269218178       0.79980927629186360        10.928900993174370       0.33416153596190834     
   73.123328588587739       0.82549923898536348        10.924552464033921       0.35275248042121105     
   75.706175661273647       0.85399515159518613        10.921258365477170       0.37343006376378329     
   78.380253523498894       0.88511880995837022        10.918763002412057       0.39612018627093243     
   81.148784610322849       0.91875710987565551        10.916872701706327       0.42077485204998816     
   84.015122474940881       0.95484793236287901        10.915440743690560       0.44736815647987838     
   86.982687236203873       0.99336661451587815        10.914356006603423       0.47589217404278172     
   90.055071705548812        1.0343161476358871        10.913534290793789       0.50635507047555606     
   93.235978303002270        1.0777166357184467        10.912911820261707       0.53877812046467521     
   96.529260096906100        1.1235973215596406        10.912440280646191       0.57319401565951245     
   99.938826062156153        1.1719878393678758        10.912083081711875       0.60964391007987984     
   103.46886588546354        1.2229149557446635        10.911812491244516       0.64817785388642690     
   107.12359379692580        1.2763933709590551        10.911607512451569       0.68884997970413908     
   110.90736836557576        1.3324225267446701        10.911452237679349       0.73171739287338111     
   114.82483910697920        1.3909845525864477        10.911334611703628       0.77683912840430613     
   118.88068277378797        1.4520365644944948        10.911245507195384       0.82426988097105336     
   123.07973629915718        1.5155091761647250        10.911178009079984       0.87405747976593073     
   127.42715949490271        1.5813058252857801        10.911126876938104       0.92623995843876550     
   131.92808807993632        1.6492946164888447        10.911088143508303       0.98083542614534691     
   136.58805281121437        1.7193119894099054        10.911058801604240        1.0378397993806074     
   141.41261684513370        1.7911548740206333        10.911036574405538        1.0972136566738926     
   146.40753387824964        1.8645811502041703        10.911019736940737        1.1588738132152994     
   151.57894168226974        1.8940414493991997        10.895420704669990        1.1836548293950329     
   156.93294936957258        1.8381832344240594        10.852159648778903        1.1292795110965756     
   162.47613596373097        1.8061773425060113        10.819387912339073        1.0891828924526321     
   168.21511902855468        1.7922794876881887        10.794562533073847        1.0613682312284867     
   174.15674278185460        1.7920583814774369        10.775756904181472        1.0441574061319869     
   180.30830831190286        1.8020634205705830        10.761510994067844        1.0360576934446153     
   186.67715947709803        1.8195772233102077        10.750719374215798        1.0356664582233746     
   193.27089166569760        1.8424320567443817        10.742544546515630        1.0416085822314707     
   200.09760727912413        1.8688759005564959        10.736351833616846        1.0525073440052890     
   207.16537088595135        1.8974711026402571        10.731660752793196        1.0669808964953331     
   214.48286737908427        1.9270241952278695        10.728107097867172        1.0836610551180825     
   222.05883252794877        1.9565309187965896        10.725415118713823        1.1012243411036753     
   229.90230130529540        1.9851394248588698        10.723375900686031        1.1184328289034544     
   238.02291179328489        2.0121245233007352        10.721831122955253        1.1341779166011130     
   246.43025707061713        2.0368667375342540        10.720660928678862        1.1475196819115818     
   255.13466811288930        2.0588421539256601        10.719774466302486        1.1577219498675655     
   264.14653641505117        2.0776118610266656        10.719102949712617        1.1642734686480258     
   273.47660938458705        2.0928174597950489        10.718594264965057        1.1668966078675527     
   283.13635184814427        2.1041777630435559        10.718208918788610        1.1655396970143037     
   293.13729579387660        2.1114851016819562        10.717917009783529        1.1603545360833014     
   303.49136818478553        2.1146039264574519        10.717695883960586        1.1516625566339969     
   314.21129214162710        2.1134685470638095        10.717528373551035        1.1399127113161338     
   325.30973137660959        2.1080805206694100        10.717401481689143        1.1256381479737525     
   336.80032369109853        2.0985055431575681        10.717305356743287        1.1094130228901262     
   348.69678677735646        2.0848701410240063        10.717232539782811        1.0918170464951644     
   361.01330816366544        2.0673574103307049        10.717177379749947        1.0734061287574403     
   373.76502243504467        2.0347817987578556        10.329861920227582        1.0308117290001173     
   386.96715283564077        1.9624848255265968        8.7954874695288545       0.90719456472887150     
   400.63544401132759        1.8947943546573449        7.6331738471065975       0.79578706948173772     
   414.78669160661980        1.8302689430564458        6.7526813369294576       0.69739826424439766     
   429.43761284149554        1.7678651272657837        6.0856939281169193       0.61202744811068832     
   444.60621081975989        1.7068460041152398        5.5804280459034725       0.53902719452555392     
   460.31059410826708        1.6467180619582626        5.1976769768915112       0.47733598591665699     
   476.56949149896485        1.5871739675178176        4.9077368118250773       0.42568002807950922     
   493.40288198244309        1.5280463880773079        4.6880971734213812       0.38272738102871728     
   510.83065126063684        1.4692775406598224        4.5217165721123234       0.34719474147602269     
   528.87421463804299        1.4108852533526610        4.3956775491968720       0.31790332629903917     
   547.55511287104378        1.3529452528258008        4.3001999552086003       0.29381166334455061     
   566.89562449487210        1.2955710962568292        4.2278741236111452       0.27402350223261296     
   586.91951519858117        1.2388979961371291        4.1730848208055953       0.25778405722687803     
   607.65068989177485        1.1830758480922088        4.1315806049907859       0.24447038179591737     
   629.11387223602765        1.1282586235424614        4.1001404859197823       0.23357540207694677     
   651.33543626567803        1.0745960220293100        4.0763235153301922       0.22469107933928711     
   674.34163286578985        1.0222332456784653        4.0582817724241469       0.21749292110371890     
   698.16073213207346       0.97130256172828422        4.0446145321949443       0.21172416257888979     
   722.82116976782140       0.91919074237294074        4.0315274139420199       0.20356947690067298     
   748.35235540965130       0.86865319038376099        4.0208638068172338       0.19643049589435815     
   774.78566186873422       0.82055228088057963        4.0127857579810788       0.19117446861286971     
   802.15264573967897       0.77480057093174670        4.0066664415253150       0.18745962367806127     
   830.48594444209971       0.73133679749339164        4.0020309597019565       0.18502969091050736     
   859.82037403360118       0.69011558278418605        3.9985194229292711       0.18369368759360094     
   890.19058800385733       0.65110478178148756        3.9958593766643604       0.18331068831116018     
   921.63390537915473       0.61427742509248773        3.9938443002101400       0.18377806060285287     
   954.18786380243341       0.57961246065584537        3.9923178312872523       0.18502280430230097     
   987.89128659474920       0.54709192077112245        3.9911615062308279       0.18699499336467476     
   1022.7855886411724       0.51669953470669550        3.9902855502651846       0.18966306716981179     
   1058.9119914466876       0.48842382972799320        3.9896219993626900       0.19301009502277849     
   1096.3148872627712       0.46225640553314196        3.9891193367521183       0.19703143528542416     
   1135.0389283928459       0.43819612997092161        3.9887385577240462       0.20173260837556597     
   1175.1302964981960       0.41625039526756391        3.9884501114120776       0.20712805907335649     
   1216.6382559936744       0.39643739925078431        3.9882316034187335       0.21324048457663622     
   1259.6123598874483       0.37879122471417931        3.9880660783536417       0.22009987546799215     
   1304.1038583964914       0.36336501601444005        3.9879406904224828       0.22774334758651138     
   1350.1674228314519       0.35023514705776804        3.9878457047558609       0.23621533858857299     
   1397.8574692241625       0.28228161332273632        3.1476349734833167       0.20161866622912403     
   1447.2325992722181       0.22598139762711678        2.3874344332501467       0.17029108593801362     
   1498.3517579647787       0.18370140274273211        1.8115642237615044       0.14621745430780231     
   1551.2759091786245       0.13671912885764673        1.3723915220740741       0.11616576553349889     
   1606.0700862978565       0.10231627268272378        1.0396196154699240        9.2213158259548081E-002
   1662.7990190437411        7.7333747595084906E-002  0.78753947947098113        7.3344126019358497E-002
   1721.5324161293761        5.9092929674510478E-002  0.59658011408993217        5.8447590665645588E-002
   1782.3403946248577        4.5686726948176749E-002  0.45192379786043357        4.6662920213948536E-002
   1845.2954731357936        3.5755831320041842E-002  0.34234428365097719        3.7321313656311875E-002
   1910.4750110852074        2.8330477269300491E-002  0.25933403609902705        2.9901598800451862E-002
   1977.9568210713478        2.2718750423097601E-002  0.19645177527771257        2.3997231961301130E-002
   2047.8213808026539        1.8426253604231831E-002  0.14881743912981779        1.9290097213449306E-002
   2120.1545400970977        1.5099241653425440E-002  0.11273279261412512        1.5530614879253911E-002
   2195.0417479108573        1.2484511825651331E-002   8.5398085505060062E-002   1.2522853416339255E-002
   2272.5750259096239        1.0400268629275185E-002   6.4691105553074363E-002   1.0112391049772332E-002
   2352.8469348264384        8.7158260518843695E-003   4.9005069761558336E-002   8.1774828045573112E-003
   2435.9532056335870        7.3368379353991667E-003   3.7122642317605883E-002   6.6218660475390947E-003
   2521.9959596104222        6.1948099102675470E-003   2.8121295206728729E-002   5.3692425434662440E-003
   2611.0779162676686        5.2397298792578803E-003   2.1302558081350186E-002   4.3591127526826064E-003
   2703.3053132971791        4.4346842099077903E-003   1.6137253715825316E-002   3.5433701957474414E-003
   2798.7914800504532        3.7520488108194650E-003   1.2224358160878683E-002   2.8836749857957234E-003
   2897.6492167059700        3.1708615565072575E-003   9.2602760852426268E-003   2.3494704618342707E-003
   3000.0000000000000        2.6748538593080896E-003   7.0148820566421520E-003   1.9163114665928273E-003
