         200   4370.0000000000000     
   3.0000000000000000        3.0041940039265851E-003  0.44437696497315798        1.4944023974761140E-003
   3.1059655287322618        3.2097704689794350E-003  0.44437696497315798        1.5929579089142634E-003
   3.2156739552243598        3.4285828163422255E-003  0.44437696497315798        1.6983119840858348E-003
   3.3292574962321346        3.6613748785231871E-003  0.44437696497315798        1.8109314209722560E-003
   3.4468529954360925        3.9089299448237594E-003  0.44437696497315798        1.9313137880385065E-003
   3.5686022069563790        4.1720758199058107E-003  0.44437696497315798        2.0599894507986770E-003
   3.6946518254059528        4.4516905377013343E-003  0.44437696497315798        2.1975234645951087E-003
   3.8251536998800524        4.7487098668160263E-003  0.44437696497315798        2.3445177887385575E-003
   3.9602651907155879        5.0641368466218094E-003  0.44437696497315798        2.5016138367152754E-003
   4.1001490688558144        5.3990522639487115E-003  0.44437696497315798        2.6694946924681689E-003
   4.2449739038313119        5.7546285840792879E-003  0.44437696497315798        2.8488880892519014E-003
   4.3949142193596993        6.1321461216762930E-003  0.44437696497315798        3.0405693778950684E-003
   4.5501507036585132        6.5330125917414071E-003  0.44437696497315798        3.2453648439582069E-003
   4.7108703059600501        6.9587861862640352E-003  0.44437696497315798        3.4641551993491045E-003
   4.8772669425686850        7.4112047787237628E-003  0.44437696497315798        3.6978802948283165E-003
   5.0495410155906377        7.8922172437337484E-003  0.44437696497315798        3.9475426544804066E-003
   5.2279001269311909        8.4040240513236740E-003  0.44437696497315798        4.2142131388684338E-003
   5.4125592113782046        8.9491233665668080E-003  0.44437696497315798        4.4990364055544300E-003
   5.6037407956130689        9.5303654409494079E-003  0.44437696497315798        4.8032371987311584E-003
   5.8016752663703963        1.0151015868294635E-002  0.44437696497315798        5.1281273988732006E-003
   6.0066011480696169        1.0814828436179215E-002  0.44437696497315798        5.4751139277835412E-003
   6.2187653902530293        1.1526128034937499E-002  0.44437696497315798        5.8457076120433642E-003
   6.4384236651766908        1.2289903677665200E-002  0.44437696497315798        6.2415331155397458E-003
   6.6658406759127811        1.3111911128078800E-002  0.44437696497315798        6.6643400594358524E-003
   6.9012904753346884        1.3998783936777592E-002  0.44437696497315798        7.1160154556568281E-003
   7.1450567963692624        1.4958150878794587E-002  0.44437696497315798        7.5985975877028043E-003
   7.3974330131920443        1.5998755309287058E-002  0.44437696497315798        8.1142906900903786E-003
   7.6587243988323896        1.7130583961023457E-002  0.44437696497315798        8.6654861080655426E-003
   7.9292442763577622        1.8364965020612991E-002  0.44437696497315798        9.2547725954677858E-003
   8.2093202460023029        1.9714700107382438E-002  0.44437696497315798        9.8849699006388660E-003
   8.4992881560440416        2.1194126133184447E-002  0.44437696497315798        1.0559138151110004E-002
   8.7994991583321234        2.2819218664600082E-002  0.44437696497315798        1.1280618670442357E-002
   9.1103132457223861        2.4607602993149461E-002  0.44437696497315798        1.2053046379474932E-002
   9.4321068148357909        2.6578611016968630E-002  0.44437696497315798        1.2880398225295098E-002
   9.7652657388916850        2.8753226261861164E-002  0.44437696497315798        1.3767009107367055E-002
   10.110193474162946        3.1154088030564023E-002  0.44437696497315798        1.4717629146315398E-002
   10.467303634806061        3.3805367820154815E-002  0.44437696497315798        1.5737443694745196E-002
   10.837027566606025        3.6732721005936289E-002  0.44437696497315798        1.6832137504466042E-002
   11.219811965471335        3.9963153897394126E-002  0.44437696497315798        1.8007936267595268E-002
   11.616115840724994        4.3524865026925881E-002  0.44437696497315798        1.9271648556869015E-002
   12.026419117330413        4.7447186473772059E-002  0.44437696497315798        2.0630749041912103E-002
   12.451213803399156        5.1760378572126210E-002  0.44437696497315798        2.2093411670157735E-002
   12.891014326336300        5.6495620576553114E-002  0.44437696497315798        2.3668610799302867E-002
   13.346348065368609        6.1684831718461286E-002  0.44437696497315798        2.5366161097501505E-002
   13.817766430769083        6.7360741932365742E-002  0.44437696497315798        2.7196836177606595E-002
   14.305834715756038        7.3556765768073143E-002  0.44437696497315798        2.9172416210230784E-002
   14.811143972217785        8.0307177095857732E-002  0.44437696497315798        3.1305826977119894E-002
   15.334300133051286        8.7647042746734863E-002  0.44437696497315798        3.3611196273474947E-002
   15.875936741648431        9.5612501533912375E-002  0.44437696497315798        3.6104016731241292E-002
   16.436703292225193       0.10424073731917738       0.44437696497315798        3.8801212109626101E-002
   17.017278874447534       0.11357033358900606       0.44437696497315798        4.1721327661580640E-002
   17.618359675531394       0.12364123508305574       0.44437696497315798        4.4884607319670228E-002
   18.240671728221173       0.13449508568732418       0.44437696497315798        4.8313205148959516E-002
   18.884968846184627       0.14617530150946689       0.44437696497315798        5.2031338534677674E-002
   19.552019805756849       0.15872686095986108       0.44437696497315798        5.6065382952417496E-002
   20.242632201214423       0.17219667508149844       0.44434795308038477        6.0444188001826292E-002
   20.957638264717446       0.18663315434065456       0.44427184267631953        6.5199197924132798E-002
   21.697899624358065       0.20208597290689562       0.44420559927790182        7.0364702197340090E-002
   22.464312967141105       0.21860570465714890       0.44414794340091973        7.5978074970085074E-002
   23.257792778673313       0.23624278054044659       0.44409776239062249        8.2079888823657007E-002
   24.079299719823517       0.25504724274531326       0.44405408688135473        8.8714365920125882E-002
   24.929823759061236       0.27506733677847217       0.44401607349544447        9.5929509115350545E-002
   25.810395145829254       0.29634853351603579       0.44398298800837616       0.10377745072542367     
   26.722064579292049       0.31893165474682844       0.44395419192974261       0.11231453420117346     
   27.665935811728254       0.34285214057421320       0.44392912899474413       0.12160186248614632     
   28.643146268414043       0.36813797858997133       0.44390731523604710       0.13170537679162983     
   29.654879655490589       0.39480838336255625       0.44388832932321648       0.14269621231203680     
   30.702343174827575       0.42273024121994601       0.43334540649624359       0.15458362274572099     
   31.786804983723918       0.45197026078019892       0.41926043466866320       0.16748179128528720     
   32.909571928103169       0.48258129997906418       0.40700144837191515       0.18151101608338080     
   34.072004028335677       0.51453134599652628       0.39633166658636648       0.19676401293924464     
   35.275488300232773       0.54777258809502249       0.38704518170961233       0.21333877173041560     
   36.521481794408061       0.58224208285367363       0.37896260318246233       0.23133887710142134     
   37.811486012809581       0.61786091015895983       0.37192785574954867       0.25087276378159756     
   39.147055493126302       0.65453466913409064       0.36580509786001564       0.27205320672906885     
   40.529808025860810       0.69215442858861187       0.36047606909485674       0.29499662147654993     
   41.961393513511240       0.73059696205418756       0.35583792878139092       0.31982138397910292     
   43.443545167355794       0.76972760735608303       0.35180108019971001       0.34664719742722422     
   44.978049075047366       0.80940124847772610       0.34828757147206235       0.37559275313633395     
   46.566763998623138       0.84946494347090140       0.34522953955015917       0.40677386263513449     
   48.211585595230147       0.88975937916347903       0.34256796991676325       0.44030011570663863     
   49.914505239722644       0.93012287525896531       0.34025144801930701       0.47627300438287423     
   51.677575059319224       0.97039310742053464       0.33823524162963942       0.51478184355350554     
   53.502930680545909        1.0104102712678920       0.33648040793526918       0.55590053261095407     
   55.392750120602578        1.0500187688847125       0.33495308180137728       0.59968266914628399     
   57.349321371645829        1.0890711397915096       0.33362375928832794       0.64615901182660995     
   59.375002227322796        1.1274294193623196       0.33246677106918898       0.69533257424175410     
   61.472246417894510        1.1649676530563136       0.33145977003926358       0.74717547097981996     
   63.643556378429672        1.2015727623022954       0.33058332288943215       0.80162441808838314     
   65.891560899834928        1.2371472879609955       0.32982049895686316       0.85857999493695003     
   68.218968971510208        1.2716095258208564       0.32915656804875432       0.91790372592614689     
   70.628585269218178        1.3028097211169896       0.32827228969338268       0.97816411760765476     
   73.123328588587739        1.3268727339625048       0.32667818054942294        1.0366450064860466     
   75.706175661273647        1.3498350059950894       0.32529074163503596        1.0965839630080776     
   78.380253523498894        1.3716851948167113       0.32408317126519337        1.1576427476877751     
   81.148784610322849        1.3924309725846278       0.32303215115684941        1.2194579244359198     
   84.015122474940881        1.4120975343148860       0.32211738096812403        1.2816496612076167     
   86.982687236203873        1.4307250170635737       0.32132120727928504        1.3438289907872178     
   90.055071705548812        1.4483667716831163       0.32062825010047186        1.4056088727646465     
   93.235978303002270        1.4650862267407043       0.32002512837163288        1.4666111249624518     
   96.529260096906100        1.4809542787711276       0.31950019286056575        1.5264746255465298     
   99.938826062156153        1.4960459365610905       0.31904331578167305        1.5848597437058760     
   103.46886588546354        1.5104384332160821       0.31864566384039184        1.6414568432127596     
   107.12359379692580        1.5242072550383625       0.31829956405798066        1.6959848402861395     
   110.90736836557576        1.5374240879929497       0.31799833647047715        1.7481949890339450     
   114.82483910697920        1.5501548781080030       0.31773615712186842        1.7978729649107770     
   118.88068277378797        1.5624568287298144       0.31750796707402534        1.8448345246646969     
   123.07973629915718        1.5743771984787405       0.31730936210199923        1.8889262720850286     
   127.42715949490271        1.5859524157448803       0.31713650236286400        1.9300255546510188     
   131.92808807993632        1.5972062466812731       0.31698605406776909        1.9680353417686582     
   136.58805281121437        1.6081504846326360       0.31685510843847248        2.0028867346022041     
   141.41261684513370        1.6187840289993460       0.31674113878536087        2.0345345892024107     
   146.40753387824964        1.6290937332085234       0.31664194541570179        2.0629581597361599     
   151.57894168226974        1.6390555518500287       0.31655561051769660        2.0881612264541194     
   156.93294936957258        1.6486348041444763       0.31648046902855137        2.1101691477533930     
   162.47613596373097        1.6577884732804327       0.31641506815726617        2.1290304394860122     
   168.21511902855468        1.6664659317909105       0.31635814594723533        2.1448137554536046     
   174.15674278185460        1.6267810521261954       0.31284985962692541        2.0981426015532163     
   180.30830831190286        1.5719669776837584       0.30838694063126515        2.0290549838434835     
   186.67715947709803        1.5231927781167500       0.30450260075267749        1.9645669405861943     
   193.27089166569760        1.4796226209305061       0.30112186955857256        1.9044985252501536     
   200.09760727912413        1.4405342326652031       0.29817938374697578        1.8486312599692187     
   207.16537088595135        1.4053039159072018       0.29561839426551695        1.7967157989452718     
   214.48286737908427        1.3733873216769614       0.29338938675791587        1.7484731237548534     
   222.05883252794877        1.3443096383393205       0.29144935092937824        1.7036075831580724     
   229.90230130529540        1.3176536137400563       0.28976084275341357        1.6618142065650134     
   238.02291179328489        1.2930501414140443       0.28829121649054951        1.6227864330142316     
   246.43025707061713        1.2701734452498170       0.28701212879332483        1.5862275433299875     
   255.13466811288930        1.2487331317291803       0.28589884968748103        1.5518536029309322     
   264.14653641505117        1.2284716739816071       0.28492989765607979        1.5194016997097655     
   273.47660938458705        1.2091599761041782       0.28408657125814796        1.4886321416190469     
   283.13635184814427        1.1905939147232563       0.28335256555997734        1.4593296524288151     
   293.13729579387660        1.1725934399787483       0.28271371739641277        1.4313065026681904     
   303.49136818478553        1.1550000195365560       0.28215769655828626        1.4044012455238357     
   314.21129214162710        1.1376745258080403       0.28167375289840807        1.3784768851538152     
   325.30973137660959        1.1204974025521988       0.28125255303478175        1.3534214919414833     
   336.80032369109853        1.1033658864901075       0.28088595345871148        1.3291436815459434     
   348.69678677735646        1.0861944125805658       0.28056688036906130        1.3055723646533723     
   361.01330816366544        1.0689130362401331       0.28028917543563731        1.2826532997879208     
   373.76502243504467        1.0495862749376921       0.27828587103012270        1.2573055666914943     
   386.96715283564077        1.0238654998707828       0.27049995583662761        1.2226247116815425     
   400.63544401132759       0.99898260846911469       0.26372349260425110        1.1903654341856311     
   414.78669160661980       0.97478178682820271       0.25782546470163581        1.1602595074022632     
   429.43761284149554       0.95113669546076196       0.25269212221943077        1.1320807963408066     
   444.60621081975989       0.92794493439862569       0.24822421674197442        1.1056357803823502     
   460.31059410826708       0.90512705218958245       0.24433553683612880        1.0807603133669548     
   476.56949149896485       0.88262294479900250       0.24095102830379028        1.0573137609343273     
   493.40288198244309       0.86038854687668942       0.23800525481165355        1.0351742342388806     
   510.83065126063684       0.83839535931524001       0.23544140390083956        1.0142371447946450     
   528.87421463804299       0.81662618863532233       0.23320990589198318       0.99441031746015496     
   547.55511287104378       0.79507500601147285       0.23126770243428776       0.97561347499384443     
   566.89562449487210       0.77374434604608866       0.22957730766452858       0.95777556300709266     
   586.91951519858117       0.75264291474663136       0.22810603936769241       0.94083264353005636     
   607.65068989177485       0.73178562014849324       0.22682550836924528       0.92472792514550872     
   629.11387223602765       0.71119146495478802       0.22571099953974483       0.90941008166270665     
   651.33543626567803       0.69088163894183852       0.22474096488468978       0.89483194156708079     
   674.34163286578985       0.67088017436778336       0.22389669622638234       0.88095108087246277     
   698.16073213207346       0.65121110995946363       0.22316187041338190       0.86772790145749901     
   722.82116976782140       0.62020105006927684       0.21085637871817983       0.83319056987694406     
   748.35235540965130       0.58765184276645810       0.19671196840598604       0.79564705787714818     
   774.78566186873422       0.55727850998676187       0.18440110301402574       0.76200219523800128     
   802.15264573967897       0.52887246351500039       0.17368623558568935       0.73180257392254122     
   830.48594444209971       0.50225331749089908       0.16436056180637759       0.70464887070156013     
   859.82037403360118       0.47726384745025913       0.15624377842323045       0.68018858228741652     
   890.19058800385733       0.45376854863197480       0.14917934440434677       0.65811251194535691     
   921.63390537915473       0.43164817144192574       0.14303067547030976       0.63814742320495221     
   954.18786380243341       0.41079908130280263       0.13767912865444057       0.62005352703831595     
   987.89128659474920       0.39113010803301324       0.13302141542062818       0.60361969425428186     
   1022.7855886411724       0.37256000442794418       0.12896748320357543       0.58865952579969660     
   1058.9119914466876       0.35501742808977127       0.12543914749316859       0.57500963399742400     
   1096.3148872627712       0.33843780689095965       0.12236819119101559       0.56252553526203375     
   1135.0389283928459       0.32276367295445613       0.11969535799788660       0.55108046623223805     
   1175.1302964981960       0.30794302063824536       0.11736906039389373       0.54056277111291917     
   1216.6382559936744       0.29392801544253155       0.11534432157253015       0.53087376516212148     
   1259.6123598874483       0.28067536968624224       0.11358207274946304       0.52192688711357915     
   1304.1038583964914       0.26814520978877499       0.11204830130974969       0.51364588728512095     
   1350.1674228314519       0.25630020267524184       0.11071335320519236       0.50596334670511212     
   1397.8574692241625       0.22395670156096745        9.9428229114768812E-002  0.45760023697199126     
   1447.2325992722181       0.19419623689505128        8.8273222251117042E-002  0.41171502059232246     
   1498.3517579647787       0.16884867757768715        7.8564366220226473E-002  0.37205237287957788     
   1551.2759091786245       0.14125960271694948        6.8430621727123747E-002  0.32135047795078708     
   1606.0700862978565       0.11807758966498617        5.9559179350918826E-002  0.27720780788514537     
   1662.7990190437411        9.8752177853170725E-002   5.1837928658292169E-002  0.23919934837694851     
   1721.5324161293761        8.2638345403176619E-002   4.5117586428644212E-002  0.20646143762415844     
   1782.3403946248577        6.9199199030830605E-002   3.9268478850004271E-002  0.17825480906908539     
   1845.2954731357936        5.7987423001941471E-002   3.4177714121152870E-002  0.15394518030462748     
   1910.4750110852074        4.8630174093466060E-002   2.9746867027796286E-002  0.13298744142972696     
   1977.9568210713478        4.0817440153464085E-002   2.5890441204835787E-002  0.11491441701573969     
   2047.8213808026539        3.4291159444993918E-002   2.2534004980162291E-002   9.9324785709205443E-002
   2120.1545400970977        2.8836382398415395E-002   1.9612664772502241E-002   8.5873234753792063E-002
   2195.0417479108573        2.4274526825245057E-002   1.7070079345549029E-002   7.4263619873636499E-002
   2272.5750259096239        2.0456797979888613E-002   1.4857090168347686E-002   6.4240771801675034E-002
   2352.8469348264384        1.7259549317643043E-002   1.2930996031249802E-002   5.5585613696329660E-002
   2435.9532056335870        1.4579882902002211E-002   1.1254621992004389E-002   4.8109622000978333E-002
   2521.9959596104222        1.2332087139307684E-002   9.7955569134175191E-003   4.1650307058946838E-002
   2611.0779162676686        1.0444912875533436E-002   8.5256470907836453E-003   3.6068035088769303E-002
   2703.3053132971791        8.8590353962944221E-003   7.4203823906616607E-003   3.1242537302482484E-002
   2798.7914800504532        7.5250024599748692E-003   6.4583935452195811E-003   2.7070060134327167E-002
   2897.6492167059700        6.4016835543057194E-003   5.6211275489829486E-003   2.3461408579026833E-002
   3000.0000000000000        5.4547491270661528E-003   4.8923966404877421E-003   2.0339538714228365E-002
