         200   4370.0000000000000     
   3.0000000000000000        1.4166893707327479E-003   11.008077494227818        6.8915125462682292E-004
   3.1059655287322618        1.5166860941602048E-003   11.008077494227818        7.3471523468214258E-004
   3.2156739552243598        1.6234664465101364E-003   11.008077494227818        7.8344569331414895E-004
   3.3292574962321346        1.7374277286019361E-003   11.008077494227818        8.3556359601979536E-004
   3.4468529954360925        1.8589850723191113E-003   11.008077494227818        8.9130471627127937E-004
   3.5686022069563790        1.9885732653537012E-003   11.008077494227818        9.5092055599014060E-004
   3.6946518254059528        2.1266488260327271E-003   11.008077494227818        1.0146791825464431E-003
   3.8251536998800524        2.2736928389841260E-003   11.008077494227818        1.0828661887872933E-003
   3.9602651907155879        2.4302146018736989E-003   11.008077494227818        1.1557857787398392E-003
   4.1001490688558144        2.5967554405971812E-003   11.008077494227818        1.2337616631498782E-003
   4.2449739038313119        2.7738938004109419E-003   11.008077494227818        1.3171382681919897E-003
   4.3949142193596993        2.9622508332463361E-003   11.008077494227818        1.4062818929361709E-003
   4.5501507036585132        3.1624968190151663E-003   11.008077494227818        1.5015819758903239E-003
   4.7108703059600501        3.3753582130796843E-003   11.008077494227818        1.6034523822641756E-003
   4.8772669425686850        3.6016262850326487E-003   11.008077494227818        1.7123331911469996E-003
   5.0495410155906377        3.8421649529500556E-003   11.008077494227818        1.8286918563233338E-003
   5.2279001269311909        4.0979209575990822E-003   11.008077494227818        1.9530252697967136E-003
   5.4125592113782046        4.3699340272946516E-003   11.008077494227818        2.0858616305070941E-003
   5.6037407956130689        4.6593479579510877E-003   11.008077494227818        2.2277625845311924E-003
   5.8016752663703963        4.9674224623177171E-003   11.008077494227818        2.3793255884449228E-003
   6.0066011480696169        5.2955458099694964E-003   11.008077494227818        2.5411865216459387E-003
   6.2187653902530293        5.6452482992425520E-003   11.008077494227818        2.7140225742882246E-003
   6.4384236651766908        6.0182166272330423E-003   11.008077494227818        2.8985554381309791E-003
   6.6658406759127811        6.4163092544936079E-003   11.008077494227818        3.0955548281021649E-003
   6.9012904753346884        6.8415728974945056E-003   11.008077494227818        3.3058423627982335E-003
   7.1450567963692624        7.2962603246719540E-003   11.008077494227818        3.5302958325796573E-003
   7.3974330131920443        7.7828489349894992E-003   11.008077494227818        3.7698535176181047E-003
   7.6587243988323896        8.3040656259040849E-003   11.008077494227818        4.0255211540273323E-003
   7.9292442763577622        8.8629017639169135E-003   11.008077494227818        4.2983734571993394E-003
   8.2093202460023029        9.4626508051115794E-003   11.008077494227818        4.5895660006852520E-003
   8.4992881560440416        1.0106923924653590E-002   11.008077494227818        4.9003353946911890E-003
   8.7994991583321234        1.0799696863337163E-002   11.008077494227818        5.2320134630592522E-003
   9.1103132457223861        1.1545331439527858E-002   11.008077494227818        5.5860277315726015E-003
   9.4321068148357909        1.2348633885562163E-002   11.008077494227818        5.9639178692605585E-003
   9.7652657388916850        1.3214884673822477E-002   11.008077494227818        6.3673365494443359E-003
   10.110193474162946        1.4149911719527054E-002   11.008077494227818        6.7980685049277749E-003
   10.467303634806061        1.5160131018727660E-002   11.008077494227818        7.2580318559041434E-003
   10.837027566606025        1.6252634600087867E-002   11.008077494227818        7.7492987037993104E-003
   11.219811965471335        1.7435260531440608E-002   11.008077494227818        8.2741045904197001E-003
   11.616115840724994        1.8716666808673971E-002   11.008077494227818        8.8348573986056084E-003
   12.026419117330413        2.0106450208049086E-002   11.008077494227818        9.4341637263389601E-003
   12.451213803399156        2.1615216718438256E-002   11.008077494227818        1.0074832100674147E-002
   12.891014326336300        2.3254721970326943E-002   11.008077494227818        1.0759905258673867E-002
   13.346348065368609        2.5037947512977193E-002   11.008077494227818        1.1492664545301217E-002
   13.817766430769083        2.6979255337022910E-002   11.008077494227818        1.2276667613841306E-002
   14.305834715756038        2.9094462219709859E-002   11.008077494227818        1.3115754322150926E-002
   14.811143972217785        3.1401002494671246E-002   11.008077494227818        1.4014090806707980E-002
   15.334300133051286        3.3917992293441439E-002   11.008077494227818        1.4976177210408783E-002
   15.875936741648431        3.6666396262230130E-002   11.008077494227818        1.6006899195444142E-002
   16.436703292225193        3.9669075704015205E-002   11.008077494227818        1.7111537824751451E-002
   17.017278874447534        4.2950958266730552E-002   11.008077494227818        1.8295829678651024E-002
   17.618359675531394        4.6539066143999198E-002   11.008077494227818        1.9565979171097116E-002
   18.240671728221173        5.0462676506815143E-002   11.008077494227818        2.0928724344685099E-002
   18.884968846184627        5.4753396717668629E-002   11.008077494227818        2.2391377256284321E-002
   19.552019805756849        5.9445144139858179E-002   11.008077494227818        2.3961840860071883E-002
   20.242632201214423        6.4574353372596968E-002   11.007955137075955        2.5648713475020637E-002
   20.957638264717446        7.0179901274177600E-002   11.007634142774011        2.7461311277227819E-002
   21.697899624358065        7.6303110609519040E-002   11.007354762396329        2.9409737448385823E-002
   22.464312967141105        8.2987707560072441E-002   11.007111599740554        3.1504959714592093E-002
   23.257792778673313        9.0279492048360444E-002   11.006899962204672        3.3758829163316587E-002
   24.079299719823517        9.8226301650908482E-002   11.006715761505946        3.6184228415602621E-002
   24.929823759061236       0.10687745672230423        11.006555440713742        3.8795101002503218E-002
   25.810395145829254       0.11628331315450635        11.006415903248971        4.1606563042198771E-002
   26.722064579292049       0.12649433777144595        11.006294456289478        4.4634921744291942E-002
   27.665935811728254       0.13756059071707558        11.006188753798165        4.7897865155934929E-002
   28.643146268414043       0.14953051113879692        11.006096754651244        5.1414489368322810E-002
   29.654879655490589       0.16244993401538099        11.006016681894955        5.5205432274208092E-002
   30.702343174827575       0.17629018148863215        10.999286577628213        5.9262526513325024E-002
   31.786804983723918       0.19112295852726002        10.990322977089413        6.3624736035807233E-002
   32.909571928103169       0.20701339632169238        10.982521423950345        6.8332727643503580E-002
   34.072004028335677       0.22398413278141774        10.975731232039980        7.3413911837096071E-002
   35.275488300232773       0.24204917444779750        10.969821362864225        7.8897562450260847E-002
   36.521481794408061       0.26121383558087918        10.964677653233325        8.4815061037945658E-002
   37.811486012809581       0.28147400080800217        10.960200777691643        9.1199828163645635E-002
   39.147055493126302       0.30281626364622172        10.956304287404709        9.8087384288353799E-002
   40.529808025860810       0.32521852985367872        10.952912922076086       0.10551540695244326     
   41.961393513511240       0.34865039844542389        10.949961234453173       0.11352353993486169     
   43.443545167355794       0.37307533297286022        10.947392205663848       0.12215362104678747     
   44.978049075047366       0.39845194595535638        10.945156227551152       0.13144944774451889     
   46.566763998623138       0.42473649078894399        10.943210112435107       0.14145679448960968     
   48.211585595230147       0.45188476663165289        10.941516303793394       0.15222306171375435     
   49.914505239722644       0.47985583477788096        10.940042081680456       0.16379750303957238     
   51.677575059319224       0.50861432776878612        10.938758978746209       0.17623085076030198     
   53.502930680545909       0.53813374153340032        10.937642211993607       0.18957530776044565     
   55.392750120602578       0.56839860463322878        10.936670229832446       0.20388408212489073     
   57.349321371645829       0.59940818918084116        10.935824256113799       0.21921173229272486     
   59.375002227322796       0.63117813604309692        10.935087955015629       0.23561375240115590     
   61.472246417894510       0.66374268493853128        10.934447104960297       0.25314668842764643     
   63.643556378429672       0.69715518997014225        10.933889338694222       0.27186769359205526     
   65.891560899834928       0.73148990772274669        10.933403881634261       0.29183518246476270     
   68.218968971510208       0.76684112400620497        10.932981359564726       0.31310850921443906     
   70.628585269218178       0.80160199903043261        10.931939962098683       0.33497078738091873     
   73.123328588587739       0.83267212641128707        10.929221015059143       0.35600880110343752     
   75.706175661273647       0.86513469665579568        10.926854569233818       0.37851014622210455     
   78.380253523498894       0.89911030235413347        10.924794911088984       0.40252706210856259     
   81.148784610322849       0.93472575848390249        10.923002268456633       0.42811413494424216     
   84.015122474940881       0.97211077244135302        10.921442016634515       0.45532881493788352     
   86.982687236203873        1.0113932436049959        10.920084045568077       0.48423092254199457     
   90.055071705548812        1.0526968459147938        10.918902122813909       0.51488367485967279     
   93.235978303002270        1.0961365616183052        10.917873425346549       0.54735297095310187     
   96.529260096906100        1.1418158095954463        10.916978083983484       0.58170750436057994     
   99.938826062156153        1.1898219516748278        10.916198824554636       0.61801724725315466     
   103.46886588546354        1.2402265339064382        10.915520580801616       0.65635504688089175     
   107.12359379692580        1.2930790132142460        10.914930265525923       0.69679279981748121     
   110.90736836557576        1.3484059140653666        10.914416485236563       0.73940117381219883     
   114.82483910697920        1.4062106303176884        10.913969306468109       0.78424927452495230     
   118.88068277378797        1.4664672534299543        10.913580100586326       0.83139902194878501     
   123.07973629915718        1.5291201917961945        10.913241355649836       0.88090316573606264     
   127.42715949490271        1.5940843046862656        10.912946522339494       0.93280282663686953     
   131.92808807993632        1.6612374128905407        10.912689914472903       0.98711781413101185     
   136.58805281121437        1.7304242968685508        10.912466570774969        1.0438447011691347     
   141.41261684513370        1.8014491837018858        10.912272181669264        1.1029440220797024     
   146.40753387824964        1.8740763319601470        10.912102995312209        1.1643321098581738     
   151.57894168226974        1.9480314699412267        10.911955740642595        1.2278718571635865     
   156.93294936957258        2.0229951362843925        10.911827577693266        1.2933546410684060     
   162.47613596373097        2.0986099319831393        10.911716028552423        1.3604925341890926     
   168.21511902855468        2.1744756016624360        10.911618940799663        1.4288990509302075     
   174.15674278185460        2.1904177071966977        10.893669111537463        1.4456271297654175     
   180.30830831190286        2.1842065401892263        10.870766133379934        1.4410583925707821     
   186.67715947709803        2.1818590291250537        10.850832329633484        1.4377603762007289     
   193.27089166569760        2.1825357532389744        10.833482964168782        1.4351289150232875     
   200.09760727912413        2.1854975780106627        10.818382603096261        1.4325673183708747     
   207.16537088595135        2.1900820995807466        10.805240019461547        1.4294959538695031     
   214.48286737908427        2.1956859228931793        10.793801113599855        1.4253657749304478     
   222.05883252794877        2.2017514836687839        10.783845163637730        1.4196761763463082     
   229.90230130529540        2.2077589374288289        10.775180012889857        1.4119950382673607     
   238.02291179328489        2.2132221085555788        10.767638128703563        1.4019788404698983     
   246.43025707061713        2.2176869567493411        10.761074057605791        1.3893916648652638     
   255.13466811288930        2.2207334997295543        10.755360889370111        1.3741176517826270     
   264.14653641505117        2.2219785754857013        10.750388384327433        1.3561681845515483     
   273.47660938458705        2.2210802781077899        10.746060569708755        1.3356791363525162     
   283.13635184814427        2.2177423944751395        10.742293771232442        1.3128986837938743     
   293.13729579387660        2.2117188636512073        10.739015305826650        1.2881697012687512     
   303.49136818478553        2.2028176843567908        10.736161896853044        1.2619045471390715     
   314.21129214162710        2.1909033205006971        10.733678376295655        1.2345568025377227     
   325.30973137660959        2.1758992443326126        10.731516846748301        1.2065965893190371     
   336.80032369109853        2.1577872553188033        10.729635517041988        1.1784839738088253     
   348.69678677735646        2.1366078076445563        10.727998085573947        1.1506518653813702     
   361.01330816366544        2.1124575873942844        10.726572948789997        1.1234910920250045     
   373.76502243504467        2.0796908090403003        10.528820321595127        1.0852315138914730     
   386.96715283564077        2.0238021607443395        9.6826632888900903        1.0044290573569852     
   400.63544401132759        1.9666752267634753        8.9462113910150514       0.92687072144920257     
   414.78669160661980        1.9083698791703194        8.3052260135916676       0.85341760820514201     
   429.43761284149554        1.8489927257379781        7.7473450535948096       0.78467373602484614     
   444.60621081975989        1.7886843846243217        7.2617824001035061       0.72099412870033563     
   460.31059410826708        1.7276172415944220        6.8391687742808687       0.66252352567388673     
   476.56949149896485        1.6659864605027981        6.4713474423350208       0.60923521529834845     
   493.40288198244309        1.6040011971344554        6.1512069199710027       0.56097240133385917     
   510.83065126063684        1.5418836470955422        5.8725729475888873       0.51749207082650051     
   528.87421463804299        1.4798576538566643        5.6300583957686419       0.47849399433785716     
   547.55511287104378        1.4181489510230714        5.4189837727049017       0.44365118120242464     
   566.89562449487210        1.3569786678636613        5.2352751929255632       0.41262814082855703     
   586.91951519858117        1.2965575563404439        5.0753808214322760       0.38509418138861273     
   607.65068989177485        1.2370873821300208        4.9362153819168144       0.36073501051899981     
   629.11387223602765        1.1787563567380210        4.8150928856324793       0.33925715943048984     
   651.33543626567803        1.1217353643568135        4.7096715414560499       0.32039035848622360     
   674.34163286578985        1.0661815691367660        4.6179181836341909       0.30389029868124157     
   698.16073213207346        1.0122323203718271        4.5380588460956339       0.28953661114081569     
   722.82116976782140       0.95857012213083770        4.4671135966335775       0.27528340254852468     
   748.35235540965130       0.90650205627094249        4.4049428475053514       0.26252182038875982     
   774.78566186873422       0.85656871608434371        4.3508313146141351       0.25167394607166504     
   802.15264573967897       0.80881397337078398        4.3037348772140440       0.24255902575820998     
   830.48594444209971       0.76327044442548098        4.2627445416547252       0.23502000211617205     
   859.82037403360118       0.71995880716870253        4.2270677978171509       0.22892110212010724     
   890.19058800385733       0.67889259160860260        4.1960165807337146       0.22414638942146003     
   921.63390537915473       0.64007536971783607        4.1689905439224830       0.22059735823753929     
   954.18786380243341       0.60350573642055461        4.1454682006650412       0.21819175332609150     
   987.89128659474920       0.56917743318189096        4.1249955535500913       0.21686191651462053     
   1022.7855886411724       0.53708015777320228        4.1071767829342436       0.21655356071977358     
   1058.9119914466876       0.50720448582321465        4.0916682343662885       0.21722478063327874     
   1096.3148872627712       0.47954121886873352        4.0781700644439711       0.21884511127010725     
   1135.0389283928459       0.45408662266595884        4.0664218163202284       0.22139474122418082     
   1175.1302964981960       0.43084428159641369        4.0561967407219486       0.22486386681424406     
   1216.6382559936744       0.40982781550690911        4.0472971452962785       0.22925237790538000     
   1259.6123598874483       0.39106639018728528        4.0395513059814983       0.23456924943191967     
   1304.1038583964914       0.37460807982687672        4.0328097227486994       0.24083237357961768     
   1350.1674228314519       0.36052416407693244        4.0269420533389670       0.24806870597112196     
   1397.8574692241625       0.31852630487418732        3.5768592666908279       0.23300236763580823     
   1447.2325992722181       0.28036692476209463        3.1147676101161692       0.21730691003607699     
   1498.3517579647787       0.24855574048883608        2.7125821680455191       0.20369101328648323     
   1551.2759091786245       0.21406479481963225        2.3609709348186216       0.18562979869430149     
   1606.0700862978565       0.18584402698955402        2.0548913308123939       0.16933052676262342     
   1662.7990190437411       0.16299470493663135        1.7884952641737875       0.15476089678839003     
   1721.5324161293761       0.14453204918412327        1.5566322140395574       0.14170962889580596     
   1782.3403946248577       0.12964727036624774        1.3548282169508925       0.12999458185344515     
   1845.2954731357936       0.11767366257480603        1.1791883168964086       0.11945793433023522     
   1910.4750110852074       0.10805967364312791        1.0263166793164455       0.10996232384510529     
   1977.9568210713478       0.10034821537297368       0.89326353657867164       0.10138859409169258     
   2047.8213808026539        9.4158880740578127E-002  0.77746087147025866        9.3632835192161923E-002
   2120.1545400970977        8.9174090088472935E-002  0.67666974686955272        8.6604009860795514E-002
   2195.0417479108573        8.5128697736367984E-002  0.58894629586442082        8.0222753402153985E-002
   2272.5750259096239        8.1800936840813285E-002  0.51259446689412413        7.4419152328826482E-002
   2352.8469348264384        7.9006041858000378E-002  0.44614099678616187        6.9131972916040507E-002
   2435.9532056335870        7.6590749807389266E-002  0.38830328783876400        6.4307278403468823E-002
   2521.9959596104222        7.4428993993823286E-002  0.33796310159452492        5.9897319809608746E-002
   2611.0779162676686        7.2418621130146729E-002  0.29414908813962670        5.5860051056442483E-002
   2703.3053132971791        7.0478417032040316E-002  0.25601560686460956        5.2158226737603716E-002
   2798.7914800504532        6.8545564789985483E-002  0.22282538227823437        4.8758678981469149E-002
   2897.6492167059700        6.6573594264245209E-002  0.19393830465223832        4.5632088942734274E-002
   3000.0000000000000        6.4530164985320479E-002  0.16879586913379480        4.2752207640285783E-002
