         200   4370.0000000000000     
   3.0000000000000000        6.4987748440649743E-004   2.9844125359760462E-003   1.0646580321623891E-003
   3.1059655287322618        6.7124411523368987E-004   2.9844125359760462E-003   1.0840824961049751E-003
   3.2156739552243598        6.9259377307731118E-004   2.9844125359760462E-003   1.1036511065361046E-003
   3.3292574962321346        7.1388195931049918E-004   2.9844125359760462E-003   1.1233059069933411E-003
   3.4468529954360925        7.3506465375136056E-004   2.9844125359760462E-003   1.1429881385039279E-003
   3.5686022069563790        7.5609857687238869E-004   2.9844125359760462E-003   1.1626387106633831E-003
   3.6946518254059528        7.7694139720493015E-004   2.9844125359760462E-003   1.1821986450945678E-003
   3.8251536998800524        7.9755196503057462E-004   2.9844125359760462E-003   1.2016095625302762E-003
   3.9602651907155879        8.1789055699568042E-004   2.9844125359760462E-003   1.2208141956660367E-003
   4.1001490688558144        8.3791904037421939E-004   2.9844125359760462E-003   1.2397568366192861E-003
   4.2449739038313119        8.5760110495828365E-004   2.9844125359760462E-003   1.2583838530670593E-003
   4.3949142193596993        8.7690244630533811E-004   2.9844125359760462E-003   1.2766441575738990E-003
   4.5501507036585132        8.9579094456088484E-004   2.9844125359760462E-003   1.2944896651121487E-003
   4.7108703059600501        9.1423681553029132E-004   2.9844125359760462E-003   1.3118757097912903E-003
   4.8772669425686850        9.3221281303854054E-004   2.9844125359760462E-003   1.3287614880010210E-003
   5.0495410155906377        9.4969427584889728E-004   2.9844125359760462E-003   1.3451103260911815E-003
   5.2279001269311909        9.6665929040006037E-004   2.9844125359760462E-003   1.3608900217337580E-003
   5.4125592113782046        9.8308876124877844E-004   2.9844125359760462E-003   1.3760730570119499E-003
   5.6037407956130689        9.9896647021953302E-004   2.9844125359760462E-003   1.3906367552604588E-003
   5.8016752663703963        1.0142791091493524E-003   2.9844125359760462E-003   1.4045633645667678E-003
   6.0066011480696169        1.0290162855004386E-003   2.9844125359760462E-003   1.4178400662033842E-003
   6.2187653902530293        1.0431705007032429E-003   2.9844125359760462E-003   1.4304589086943094E-003
   6.4384236651766908        1.0567371016979249E-003   2.9844125359760462E-003   1.4424166706344269E-003
   6.6658406759127811        1.0697142067325033E-003   2.9844125359760462E-003   1.4537146576281037E-003
   6.9012904753346884        1.0821026070245284E-003   2.9844125359760462E-003   1.4643584406625579E-003
   7.1450567963692624        1.0939056463773909E-003   2.9844125359760462E-003   1.4743575447809655E-003
   7.3974330131920443        1.1051290650311710E-003   2.9844125359760462E-003   1.4837250845761327E-003
   7.6587243988323896        1.1157809240566036E-003   2.9844125359760462E-003   1.4924774510455133E-003
   7.9292442763577622        1.1258712582563365E-003   2.9844125359760462E-003   1.5006337667982082E-003
   8.2093202460023029        1.1354121300750735E-003   2.9844125359760462E-003   1.5082156715579506E-003
   8.4992881560440416        1.1444172016605103E-003   2.9844125359760462E-003   1.5152467226454542E-003
   8.7994991583321234        1.1529017686768921E-003   2.9844125359760462E-003   1.5217521793883721E-003
   9.1103132457223861        1.1608823524362618E-003   2.9844125359760462E-003   1.5277584575211043E-003
   9.4321068148357909        1.1683767088431654E-003   2.9844125359760462E-003   1.5332929287658525E-003
   9.7652657388916850        1.1754034503088072E-003   2.9844125359760462E-003   1.5383834508425620E-003
   10.110193474162946        1.1819820416179821E-003   2.9844125359760462E-003   1.5430582032800375E-003
   10.467303634806061        1.1881324591569604E-003   2.9844125359760462E-003   1.5473453036661631E-003
   10.837027566606025        1.1938751670932247E-003   2.9844125359760462E-003   1.5512726793202568E-003
   11.219811965471335        1.1992309012366729E-003   2.9844125359760462E-003   1.5548678264284588E-003
   11.616115840724994        1.2042204873458666E-003   2.9844125359760462E-003   1.5581576214364304E-003
   12.026419117330413        1.2088648236741931E-003   2.9844125359760462E-003   1.5611682634653634E-003
   12.451213803399156        1.2131846505381569E-003   2.9844125359760462E-003   1.5639250953290141E-003
   12.891014326336300        1.2172005634884203E-003   2.9844125359760462E-003   1.5664526017264927E-003
   13.346348065368609        1.2209328278106964E-003   2.9844125359760462E-003   1.5687742943481864E-003
   13.817766430769083        1.2244014057088786E-003   2.9844125359760462E-003   1.5709127447753799E-003
   14.305834715756038        1.2276258130667214E-003   2.9844125359760462E-003   1.5728895208458014E-003
   14.811143972217785        1.2306251608600828E-003   2.9844125359760462E-003   1.5747252460328182E-003
   15.334300133051286        1.2334180496720306E-003   2.9844125359760462E-003   1.5764395748102586E-003
   15.875936741648431        1.2360226237446220E-003   2.9844125359760462E-003   1.5780512709820985E-003
   16.436703292225193        1.2384564973230094E-003   2.9844125359760462E-003   1.5795782111948540E-003
   17.017278874447534        1.2407368185259251E-003   2.9844125359760462E-003   1.5810374759641645E-003
   17.618359675531394        1.2428802210042841E-003   2.9844125359760462E-003   1.5824453722511830E-003
   18.240671728221173        1.2449028887754100E-003   2.9844125359760462E-003   1.5838175284013007E-003
   18.884968846184627        1.2468205620326332E-003   2.9844125359760462E-003   1.5851689527019868E-003
   19.552019805756849        1.2486485266280896E-003   2.9844125359760462E-003   1.5865140768260733E-003
   20.242632201214423        1.2504017144200320E-003   2.9843810069647052E-003   1.5878668100814061E-003
   20.957638264717446        1.2520946944214648E-003   2.9842982930993363E-003   1.5892406386247935E-003
   21.697899624358065        1.2537417268617182E-003   2.9842263023169245E-003   1.5906489100688606E-003
   22.464312967141105        1.2553568208837976E-003   2.9841636441231469E-003   1.5921046102716041E-003
   23.257792778673313        1.2569537510884890E-003   2.9841091093275331E-003   1.5936205230225123E-003
   24.079299719823517        1.2585461766585551E-003   2.9840616444607006E-003   1.5952093592930465E-003
   24.929823759061236        1.2601476723109947E-003   2.9840203329721728E-003   1.5968838009684334E-003
   25.810395145829254        1.2617718247489413E-003   2.9839843769349310E-003   1.5986565982112025E-003
   26.722064579292049        1.2634322784320839E-003   2.9839530824621124E-003   1.6005406047993767E-003
   27.665935811728254        1.2651428841056801E-003   2.9839258450264860E-003   1.6025489186138875E-003
   28.643146268414043        1.2669177562817777E-003   2.9839021386709329E-003   1.6046949168509357E-003
   29.654879655490589        1.2687713926819149E-003   2.9838815055097108E-003   1.6069923554046122E-003
   30.702343174827575        1.2692488902160792E-003   2.8116133723993988E-003   1.6073391138606685E-003
   31.786804983723918        1.2690938216612132E-003   2.5813517039956595E-003   1.6068052073274681E-003
   32.909571928103169        1.2690464222816676E-003   2.3809413182183472E-003   1.6064518211437570E-003
   34.072004028335677        1.2691128671464523E-003   2.2065113097299144E-003   1.6062817717440929E-003
   35.275488300232773        1.2693000052868115E-003   2.0546954930208954E-003   1.6062985473331592E-003
   36.521481794408061        1.2696153684114231E-003   1.9225611842378708E-003   1.6065063116926038E-003
   37.811486012809581        1.2700671611525524E-003   1.8075568590229935E-003   1.6069099086234678E-003
   39.147055493126302        1.2706642358050616E-003   1.7074617744083751E-003   1.6075148475243964E-003
   40.529808025860810        1.2714160550356759E-003   1.6203426044548957E-003   1.6083272818903024E-003
   41.961393513511240        1.2723326139958446E-003   1.5445181058372890E-003   1.6093539454209930E-003
   43.443545167355794        1.2734243912637345E-003   1.4785235478864539E-003   1.6106021180992166E-003
   44.978049075047366        1.2747022401907557E-003   1.4210845702666991E-003   1.6120795224877993E-003
   46.566763998623138        1.2761772947970074E-003   1.3710917452196270E-003   1.6137942259683931E-003
   48.211585595230147        1.2778608107132223E-003   1.3275803011173061E-003   1.6157544538870209E-003
   49.914505239722644        1.2797640790016699E-003   1.2897097108504733E-003   1.6179684686012245E-003
   51.677575059319224        1.2818982375317550E-003   1.2567486902098934E-003   1.6204443060011803E-003
   53.502930680545909        1.2842741216906523E-003   1.2280606005790912E-003   1.6231895305773814E-003
   55.392750120602578        1.2869020155832675E-003   1.2030918134141738E-003   1.6262108462002593E-003
   57.349321371645829        1.2897915253628719E-003   1.1813599971600742E-003   1.6295138182505831E-003
   59.375002227322796        1.2929512921450305E-003   1.1624455086595811E-003   1.6331023823981385E-003
   61.472246417894510        1.2963887730669291E-003   1.1459830165741636E-003   1.6369784083025344E-003
   63.643556378429672        1.3001098844180724E-003   1.1316548244088875E-003   1.6411410913818210E-003
   65.891560899834928        1.3041188330659976E-003   1.1191841490279517E-003   1.6455865514197958E-003
   68.218968971510208        1.3084177338841894E-003   1.1083301806652528E-003   1.6503071982083002E-003
   70.628585269218178        1.3107014221729863E-003   1.0982246453718647E-003   1.6521057027152630E-003
   73.123328588587739        1.3066705247454218E-003   1.0876568728879052E-003   1.6450284347758243E-003
   75.706175661273647        1.3029783822753286E-003   1.0784591721920745E-003   1.6382752997768613E-003
   78.380253523498894        1.2996050650687320E-003   1.0704538678029713E-003   1.6318289398077202E-003
   81.148784610322849        1.2965327659150664E-003   1.0634863766351729E-003   1.6256754884485770E-003
   84.015122474940881        1.2937457298565879E-003   1.0574221223360321E-003   1.6198041603769917E-003
   86.982687236203873        1.2912302518955203E-003   1.0521440757021252E-003   1.6142069543602744E-003
   90.055071705548812        1.2889744724370730E-003   1.0475502786998492E-003   1.6088779403995910E-003
   93.235978303002270        1.2869683018993101E-003   1.0435520247316962E-003   1.6038128611476738E-003
   96.529260096906100        1.2852032168090058E-003   1.0400720879464905E-003   1.5990085264918200E-003
   99.938826062156153        1.2836721044241178E-003   1.0370433285662646E-003   1.5944624369728950E-003
   103.46886588546354        1.2823689343557248E-003   1.0344071883376046E-003   1.5901720176593520E-003
   107.12359379692580        1.2812886461232426E-003   1.0321128010485504E-003   1.5861345772249108E-003
   110.90736836557576        1.2804268480312339E-003   1.0301158834455841E-003   1.5823468177866354E-003
   114.82483910697920        1.2797795720013360E-003   1.0283778269790107E-003   1.5788044840770153E-003
   118.88068277378797        1.2793431248505371E-003   1.0268650946056671E-003   1.5755024880971214E-003
   123.07973629915718        1.2791138593554272E-003   1.0255484895497886E-003   1.5724346959608143E-003
   127.42715949490271        1.2790880179160316E-003   1.0244025564737846E-003   1.5695938362065077E-003
   131.92808807993632        1.2792616162434647E-003   1.0234051948068118E-003   1.5669718111777644E-003
   136.58805281121437        1.2796303418692548E-003   1.0225371214861035E-003   1.5645595361041939E-003
   141.41261684513370        1.2801894758707412E-003   1.0217815864157907E-003   1.5623473049108192E-003
   146.40753387824964        1.2809338450888586E-003   1.0211240072491164E-003   1.5603248475792577E-003
   151.57894168226974        1.2818578367569575E-003   1.0205516703028056E-003   1.5584814383315610E-003
   156.93294936957258        1.2829553263322957E-003   1.0200535374337936E-003   1.5568062259954129E-003
   162.47613596373097        1.2842197717081083E-003   1.0196199777050862E-003   1.5552882164162204E-003
   168.21511902855468        1.2856441413593529E-003   1.0192426252714831E-003   1.5539165588203184E-003
   174.15674278185460        1.2334094644875233E-003   9.9708030287771988E-004   1.4955194788672888E-003
   180.30830831190286        1.1662953039978329E-003   9.6889373717428892E-004   1.4213679482668723E-003
   186.67715947709803        1.1081614979454660E-003   9.4436131762808714E-004   1.3568018225284359E-003
   193.27089166569760        1.0578559291163430E-003   9.2300955166036162E-004   1.3005817519659230E-003
   200.09760727912413        1.0143708982947646E-003   9.0442562268011129E-004   1.2516268348303175E-003
   207.16537088595135        9.7682867976216854E-004   8.8825111932140384E-004   1.2089983697502018E-003
   214.48286737908427        9.4446122247784686E-004   8.7417332256383025E-004   1.1718771175159150E-003
   222.05883252794877        9.1659933237809915E-004   8.6192059124577084E-004   1.1395513113287943E-003
   229.90230130529540        8.9265873545695364E-004   8.5125643922130483E-004   1.1114011806516075E-003
   238.02291179328489        8.7212864939433161E-004   8.4197468500215645E-004   1.0868862676236509E-003
   246.43025707061713        8.5456420522331841E-004   8.3389631982157784E-004   1.0655372554884931E-003
   255.13466811288930        8.3957619802469774E-004   8.2686515598158440E-004   1.0469445567007104E-003
   264.14653641505117        8.2682540464951897E-004   8.2074552214482272E-004   1.0307522934045745E-003
   273.47660938458705        8.1601552605521546E-004   8.1541930516713934E-004   1.0166505410074439E-003
   283.13635184814427        8.0688741771810246E-004   8.1078352758338218E-004   1.0043689777512182E-003
   293.13729579387660        7.9921505857069835E-004   8.0674873874801690E-004   9.9367268227975756E-004
   303.49136818478553        7.9280091451976631E-004   8.0323706446005312E-004   9.8435702192907243E-004
   314.21129214162710        7.8747215928067242E-004   8.0018060975424791E-004   9.7624347044045960E-004
   325.30973137660959        7.8307802174444510E-004   7.9752042756364174E-004   9.6917692268079676E-004
   336.80032369109853        7.7948653374536401E-004   7.9520508573292586E-004   9.6302193889490051E-004
   348.69678677735646        7.7658254616561301E-004   7.9318990808476247E-004   9.5766077401362830E-004
   361.01330816366544        7.7426547121646440E-004   7.9143600030384014E-004   9.5299083117461017E-004
   373.76502243504467        7.7126032775187540E-004   7.8831889328695275E-004   9.4680216121012506E-004
   386.96715283564077        7.6472621038835991E-004   7.8015023985333095E-004   9.3414285825956509E-004
   400.63544401132759        7.5916423251301177E-004   7.7304066078968839E-004   9.2312694040996986E-004
   414.78669160661980        7.5444159316757323E-004   7.6685269897903985E-004   9.1354067587489241E-004
   429.43761284149554        7.5044235366636164E-004   7.6146701281997961E-004   9.0519854209497824E-004
   444.60621081975989        7.4706500330425389E-004   7.5677947506590617E-004   8.9793870810068489E-004
   460.31059410826708        7.4422107257512266E-004   7.5269963632174888E-004   8.9162063503240782E-004
   476.56949149896485        7.4183342883133146E-004   7.4914875289228188E-004   8.8612200506099279E-004
   493.40288198244309        7.3983486751857020E-004   7.4605817173988053E-004   8.8133620614137158E-004
   510.83065126063684        7.3816710448096703E-004   7.4336828763178937E-004   8.7717070491387589E-004
   528.87421463804299        7.3677952692779633E-004   7.4102709415367553E-004   8.7354479241865822E-004
   547.55511287104378        7.3562840725831084E-004   7.3898941630216788E-004   8.7038838668577372E-004
   566.89562449487210        7.3467600287746907E-004   7.3721592549254355E-004   8.6764049958227109E-004
   586.91951519858117        7.3388980100311978E-004   7.3567233292493267E-004   8.6524798075267838E-004
   607.65068989177485        7.3324193506741438E-004   7.3432885387624512E-004   8.6316468215992515E-004
   629.11387223602765        7.3270856634258903E-004   7.3315955827635141E-004   8.6135044716910457E-004
   651.33543626567803        7.3226936088101910E-004   7.3214183887936176E-004   8.5977028228020988E-004
   674.34163286578985        7.3190707779515656E-004   7.3125606785524931E-004   8.5839382173512769E-004
   698.16073213207346        7.3160712539108424E-004   7.3048511964282897E-004   8.5719458488774602E-004
   722.82116976782140        7.2434629827651097E-004   7.2280292533541510E-004   8.4273010200991113E-004
   748.35235540965130        7.1597022115788803E-004   7.1405270720750953E-004   8.2618917405910053E-004
   774.78566186873422        7.0868389047486669E-004   7.0643678295578675E-004   8.1179122897145602E-004
   802.15264573967897        7.0234312409133087E-004   6.9980819787234070E-004   7.9925862471908219E-004
   830.48594444209971        6.9682274785204769E-004   6.9403901570372708E-004   7.8834966025368835E-004
   859.82037403360118        6.9201395764193483E-004   6.8901769466369223E-004   7.7885361534852846E-004
   890.19058800385733        6.8782258663130477E-004   6.8464739309218611E-004   7.7058754839044123E-004
   921.63390537915473        6.8416675462557378E-004   6.8084361526181999E-004   7.6339184625046368E-004
   954.18786380243341        6.8097559081795088E-004   6.7753296455761987E-004   7.5712786826994684E-004
   987.89128659474920        6.7818762904564567E-004   6.7465154314283265E-004   7.5167492149599575E-004
   1022.7855886411724        6.7574948898308851E-004   6.7214364140695440E-004   7.4692778360645651E-004
   1058.9119914466876        6.7361501492571910E-004   6.6996089172611714E-004   7.4279510427905195E-004
   1096.3148872627712        6.7174410082780959E-004   6.6806109265977217E-004   7.3919718243408816E-004
   1135.0389283928459        6.7010205886563253E-004   6.6640758622555892E-004   7.3606479008617403E-004
   1175.1302964981960        6.6865882040523369E-004   6.6496845861146233E-004   7.3333766163493892E-004
   1216.6382559936744        6.6738827944142008E-004   6.6371588561987675E-004   7.3096325671320522E-004
   1259.6123598874483        6.6626785855543357E-004   6.6262569795866365E-004   7.2889593932254295E-004
   1304.1038583964914        6.6527798386134551E-004   6.6167685425577130E-004   7.2709598180692035E-004
   1350.1674228314519        6.6440165364419423E-004   6.6085100949826703E-004   7.2552874923950976E-004
   1397.8574692241625        6.1076537446735251E-004   6.0760457103220262E-004   6.6627998466697565E-004
   1447.2325992722181        5.5922975456506089E-004   5.5645132224971694E-004   6.0932233824089637E-004
   1498.3517579647787        5.1437366662822749E-004   5.1192965283149649E-004   5.5974882964300663E-004
   1551.2759091786245        4.4846306838173394E-004   4.4638029340164100E-004   4.8804817058881346E-004
   1606.0700862978565        3.9028032377610300E-004   3.8851092219269130E-004   4.2477227439078198E-004
   1662.7990190437411        3.3964455068243477E-004   3.3814437483986782E-004   3.6970092478164545E-004
   1721.5324161293761        2.9557631983901273E-004   2.9430686086561408E-004   3.2176914301004599E-004
   1782.3403946248577        2.5722470378269246E-004   2.5615250407045811E-004   2.8005185863268971E-004
   1845.2954731357936        2.2384880045018049E-004   2.2294489911305984E-004   2.4374373489040226E-004
   1910.4750110852074        1.9480259212724166E-004   1.9404200775197900E-004   2.1214264724998981E-004
   1977.9568210713478        1.6952488681001114E-004   1.6888612801733039E-004   1.8463870977990883E-004
   2047.8213808026539        1.4752710813966972E-004   1.4699173411969612E-004   1.6070097453901633E-004
   2120.1545400970977        1.2838329120140382E-004   1.2793551826035024E-004   1.3986653943319751E-004
   2195.0417479108573        1.1172361804990418E-004   1.1134996050511157E-004   1.2173351418276078E-004
   2272.5750259096239        9.7225434606667893E-005   9.6914394478064405E-005   1.0595124910564604E-004
   2352.8469348264384        8.4608487881836344E-005   8.4350275603543775E-005   9.2215159173422378E-005
   2435.9532056335870        7.3628814972157786E-005   7.3415107741512585E-005   8.0260081753351017E-005
   2521.9959596104222        6.4073737149025205E-005   6.3897469563843837E-005   6.9854837120195644E-005
   2611.0779162676686        5.5758531870250069E-005   5.5613711431681772E-005   6.0798615606389232E-005
   2703.3053132971791        4.8522401678738360E-005   4.8403951112766505E-005   5.2916598472017487E-005
   2798.7914800504532        4.2225172383224729E-005   4.2128794578461127E-005   4.6056371721431177E-005
   2897.6492167059700        3.6745158391003812E-005   3.6667218581889615E-005   4.0085610215793449E-005
   3000.0000000000000        3.1976201684715979E-005   3.1913628616828659E-005   3.4888860438530981E-005
