         200   4370.0000000000000     
   3.0000000000000000        6.0976072468013429E-003  0.12552327765577576        5.5944655087761235E-003
   3.1059655287322618        6.5689354633220540E-003  0.12552327765577576        6.0820949314233539E-003
   3.2156739552243598        7.0766556783918959E-003  0.12552327765577576        6.6148635799388716E-003
   3.3292574962321346        7.6229594682370371E-003  0.12552327765577576        7.1969770908741348E-003
   3.4468529954360925        8.2100396471269446E-003  0.12552327765577576        7.8330143903006227E-003
   3.5686022069563790        8.8400780456461825E-003  0.12552327765577576        8.5279562811310192E-003
   3.6946518254059528        9.5152337203379990E-003  0.12552327765577576        9.2872133764804153E-003
   3.8251536998800524        1.0237634160352687E-002  0.12552327765577576        1.0116655265540521E-002
   3.9602651907155879        1.1009369773826728E-002  0.12552327765577576        1.1022640500730426E-002
   4.1001490688558144        1.1832488361054027E-002  0.12552327765577576        1.2012042737264549E-002
   4.2449739038313119        1.2708994760003412E-002  0.12552327765577576        1.3092278178085651E-002
   4.3949142193596993        1.3640851431328690E-002  0.12552327765577576        1.4271328687209921E-002
   4.5501507036585132        1.4629981090262281E-002  0.12552327765577576        1.5557760996070407E-002
   4.7108703059600501        1.5678269679903184E-002  0.12552327765577576        1.6960738951567921E-002
   4.8772669425686850        1.6787573635747705E-002  0.12552327765577576        1.8490033200693638E-002
   5.0495410155906377        1.7959718764163409E-002  0.12552327765577576        2.0156010092102425E-002
   5.2279001269311909        1.9196505301504598E-002  0.12552327765577576        2.1969617720424779E-002
   5.4125592113782046        2.0499706647127504E-002  0.12552327765577576        2.3942350453649067E-002
   5.6037407956130689        2.1871065449881200E-002  0.12552327765577576        2.6086194227975291E-002
   5.8016752663703963        2.3312285537264721E-002  0.12552327765577576        2.8413547387322647E-002
   6.0066011480696169        2.4825019129512238E-002  0.12552327765577576        3.0937112440928990E-002
   6.2187653902530293        2.6410849028949763E-002  0.12552327765577576        3.3669753822813439E-002
   6.4384236651766908        2.8071265757957830E-002  0.12552327765577576        3.6624316629807994E-002
   6.6658406759127811        2.9807639918211237E-002  0.12552327765577576        3.9813401482690768E-002
   6.9012904753346884        3.1621190338876559E-002  0.12552327765577576        4.3249091208947120E-002
   7.1450567963692624        3.3512948851102120E-002  0.12552327765577576        4.6942626112515429E-002
   7.3974330131920443        3.5483719770018650E-002  0.12552327765577576        5.0904020232890076E-002
   7.6587243988323896        3.7534056176153061E-002  0.12552327765577576        5.5141662093386348E-002
   7.9292442763577622        3.9664188497256905E-002  0.12552327765577576        5.9661769742713457E-002
   8.2093202460023029        4.1874033573491370E-002  0.12552327765577576        6.4467969743090270E-002
   8.4992881560440416        4.4163110123184954E-002  0.12552327765577576        6.9560648190333071E-002
   8.7994991583321234        4.6530561117128028E-002  0.12552327765577576        7.4936517147350903E-002
   9.1103132457223861        4.8975074349054327E-002  0.12552327765577576        8.0587965951294291E-002
   9.4321068148357909        5.1494919058452666E-002  0.12552327765577576        8.6502711714120800E-002
   9.7652657388916850        5.4087874523849423E-002  0.12552327765577576        9.2663275643794507E-002
   10.110193474162946        5.6751282663318928E-002  0.12552327765577576        9.9046859488320593E-002
   10.467303634806061        5.9481985689376148E-002  0.12552327765577576       0.10562510126870218     
   10.837027566606025        6.2276386061326038E-002  0.12552327765577576       0.11236430822187732     
   11.219811965471335        6.5130434520620492E-002  0.12552327765577576       0.11922573208529949     
   11.616115840724994        6.8039619953642314E-002  0.12552327765577576       0.12616607867034060     
   12.026419117330413        7.0999049834465505E-002  0.12552327765577576       0.13313846502381080     
   12.451213803399156        7.4003406249715464E-002  0.12552327765577576       0.14009329094013354     
   12.891014326336300        7.7047044680741333E-002  0.12552327765577576       0.14697962072848944     
   13.346348065368609        8.0123954707387757E-002  0.12552327765577576       0.15374635986870272     
   13.817766430769083        8.3227866912501086E-002  0.12552327765577576       0.16034381107544804     
   14.305834715756038        8.6352217362105424E-002  0.12552327765577576       0.16672488132107433     
   14.811143972217785        8.9490260911641389E-002  0.12552327765577576       0.17284649895521084     
   15.334300133051286        9.2635039142572193E-002  0.12552327765577576       0.17867054724856171     
   15.875936741648431        9.5779498704357771E-002  0.12552327765577576       0.18416485976949012     
   16.436703292225193        9.8916462667643229E-002  0.12552327765577576       0.18930366259517281     
   17.017278874447534       0.10203875253648521       0.12552327765577576       0.19406799840825101     
   17.618359675531394       0.10513916284943839       0.12552327765577576       0.19844561983930420     
   18.240671728221173       0.10821057609331355       0.12552327765577576       0.20243085266095279     
   18.884968846184627       0.11124599418101820       0.12552327765577576       0.20602410667194337     
   19.552019805756849       0.11423852688470232       0.12552327765577576       0.20923119203466331     
   20.242632201214423       0.11718155061119562       0.12552012366874832       0.21206271324793066     
   20.957638264717446       0.12006868605728541       0.12551184943345611       0.21453320063999598     
   21.697899624358065       0.12289386492701278       0.12550464787577434       0.21666035722201876     
   22.464312967141105       0.12565139281073043       0.12549837989838039       0.21846426053815660     
   23.257792778673313       0.12833592851570394       0.12549292454058145       0.21996661498340900     
   24.079299719823517       0.13094262370456494       0.12548817641915672       0.22119017183296422     
   24.929823759061236       0.13346709517120128       0.12548404384749143       0.22215812793347167     
   25.810395145829254       0.13590548997696172       0.12548044700540234       0.22289367621855247     
   26.722064579292049       0.13825445835700373       0.12547731648030486       0.22341961558804818     
   27.665935811728254       0.14051126627428509       0.12547459179865542       0.22375808813066769     
   28.643146268414043       0.14267375798907966       0.12547222034662747       0.22393034868610431     
   29.654879655490589       0.14474039859522805       0.12547015631987679       0.22395662481325868     
   30.702343174827575       0.14662684788833230       0.11898182574573336       0.22372342366942288     
   31.786804983723918       0.14837411869205294       0.11030974103284928       0.22331196984161916     
   32.909571928103169       0.15002360840741241       0.10276191140557808       0.22280449118534446     
   34.072004028335677       0.15157565217922270        9.6192551335501461E-002  0.22221627296983038     
   35.275488300232773       0.15303115323543856        9.0474883986075935E-002  0.22156143445972828     
   36.521481794408061       0.15439161597410775        8.5498459003192750E-002  0.22085296008877703     
   37.811486012809581       0.15565908033960835        8.1167181211602865E-002  0.22010277066089534     
   39.147055493126302       0.15683609712500662        7.7397413281322547E-002  0.21932177864095043     
   40.529808025860810       0.15792569427012118        7.4116342544754993E-002  0.21851993952192503     
   41.961393513511240       0.15893130624377610        7.1260650236598458E-002  0.21770632243182422     
   43.443545167355794       0.15985676254775469        6.8775171862770657E-002  0.21688912679240410     
   44.978049075047366       0.16070620672523919        6.6611912631683382E-002  0.21607573959878082     
   46.566763998623138       0.16148404905709640        6.4729089420811875E-002  0.21527275715600869     
   48.211585595230147       0.16219488703766305        6.3090367127817404E-002  0.21448602832773167     
   49.914505239722644       0.16284346923948104        6.1664089931106454E-002  0.21372064388428025     
   51.677575059319224       0.16343461130533013        6.0422716300836954E-002  0.21298096823566962     
   53.502930680545909       0.16397313822502033        5.9342269237051777E-002  0.21227063880050298     
   55.392750120602578       0.16446380688886422        5.8401898054243916E-002  0.21159258794040883     
   57.349321371645829       0.16491126192047736        5.7583437244735775E-002  0.21094902126572299     
   59.375002227322796       0.16531996218070838        5.6871082263056857E-002  0.21034143811155670     
   61.472246417894510       0.16569412981268528        5.6251074048317432E-002  0.20977062874599883     
   63.643556378429672       0.16603769033710353        5.5711447556851423E-002  0.20923669542734280     
   65.891560899834928       0.16635424102070906        5.5241778618551764E-002  0.20873904440759355     
   68.218968971510208       0.16664700430209686        5.4832997887634516E-002  0.20827641823585244     
   70.628585269218178       0.16666025513010993        5.4418382647822360E-002  0.20745027093032817     
   73.123328588587739       0.16592026876368945        5.3899228548837115E-002  0.20553396370702440     
   75.706175661273647       0.16518049625303288        5.3447380817943514E-002  0.20368330493805598     
   78.380253523498894       0.16444262791564465        5.3054110940725964E-002  0.20189775376283645     
   81.148784610322849       0.16370844903849585        5.2711824843547472E-002  0.20017683561736632     
   84.015122474940881       0.16297980108881582        5.2413911306757578E-002  0.19852005781836266     
   86.982687236203873       0.16225856802256722        5.2154621134794910E-002  0.19692688927055682     
   90.055071705548812       0.16154661926588140        5.1928945520822535E-002  0.19539665078911217     
   93.235978303002270       0.16084579664942544        5.1732526650194767E-002  0.19392851543964124     
   96.529260096906100       0.16015787714197433        5.1561570713265586E-002  0.19252146383369417     
   99.938826062156153       0.15948456646024453        5.1412779390451649E-002  0.19117431142880958     
   103.46886588546354       0.15882743128561128        5.1283275939532025E-002  0.18988561806192344     
   107.12359379692580       0.15818793146231266        5.1170561498756539E-002  0.18865380205045276     
   110.90736836557576       0.15756737920833813        5.1072460601855940E-002  0.18747710734539055     
   114.82483910697920       0.15696690638014862        5.0987076558978654E-002  0.18635358942940036     
   118.88068277378797       0.15638750141746824        5.0912761823921598E-002  0.18528122818652254     
   123.07973629915718       0.15582998311310273        5.0848082071159921E-002  0.18425791479017722     
   127.42715949490271       0.15529498275805403        5.0791786777665181E-002  0.18328144993301365     
   131.92808807993632       0.15478299402815879        5.0742790227222383E-002  0.18234965810351739     
   136.58805281121437       0.15429432928707418        5.0700145116973183E-002  0.18146032291974884     
   141.41261684513370       0.15382917188272779        5.0663028579001256E-002  0.18061129031743955     
   146.40753387824964       0.15338756708692111        5.0630724238582968E-002  0.17980045336996514     
   151.57894168226974       0.15296941857784596        5.0602607521258627E-002  0.17902574091881249     
   156.93294936957258       0.15257453516164737        5.0578136165428590E-002  0.17828519420057184     
   162.47613596373097       0.15220260098505528        5.0556837040124980E-002  0.17757689870394761     
   168.21511902855468       0.15185321753120806        5.0538299163485248E-002  0.17689904754324828     
   174.15674278185460       0.14525066240415085        4.9773365619521261E-002  0.16972991131430945     
   180.30830831190286       0.13696475396287189        4.8802460486674547E-002  0.16082195493320828     
   186.67715947709803       0.12977572706620430        4.7957424865479555E-002  0.15306218077863748     
   193.27089166569760       0.12353935259190761        4.7221948986951874E-002  0.14629862004342908     
   200.09760727912413       0.11813006080531073        4.6581813107142142E-002  0.14039928921603215     
   207.16537088595135       0.11343896870492463        4.6024671506514209E-002  0.13525000897934733     
   214.48286737908427       0.10937120976394875        4.5539752368974958E-002  0.13075148119135052     
   222.05883252794877       0.10584446941538547        4.5117698832788100E-002  0.12681769498056883     
   229.90230130529540       0.10278715307355561        4.4750364974277243E-002  0.12337393997985160     
   238.02291179328489       0.10013688004525857        4.4430648733994216E-002  0.12035517646048749     
   246.43025707061713        9.7839482320814200E-002   4.4152384035082183E-002  0.11770497586596680     
   255.13466811288930        9.5847667429622377E-002   4.3910190887681215E-002  0.11537407658212395     
   264.14653641505117        9.4120277734596011E-002   4.3699396001714387E-002  0.11331961579261451     
   273.47660938458705        9.2621375180194573E-002   4.3515930890827725E-002  0.11150415610422389     
   283.13635184814427        9.1319490594435351E-002   4.3356248427268387E-002  0.10989488955909912     
   293.13729579387660        9.0187112706365063E-002   4.3217267423643235E-002  0.10846312309418660     
   303.49136818478553        8.9200091434080378E-002   4.3096305450945165E-002  0.10718365134741205     
   314.21129214162710        8.8337150188466759E-002   4.2991023821625646E-002  0.10603424638535115     
   325.30973137660959        8.7579566135857531E-002   4.2899392064484905E-002  0.10499535476747707     
   336.80032369109853        8.6910745009112098E-002   4.2819638564488199E-002  0.10404964234967866     
   348.69678677735646        8.6315993808599098E-002   4.2750224420786360E-002  0.10318179155463721     
   361.01330816366544        8.5782239135839350E-002   4.2689809892640075E-002  0.10237821371804458     
   373.76502243504467        8.5162730524714514E-002   4.2475586166218181E-002  0.10139924106569841     
   386.96715283564077        8.4134506982420934E-002   4.1734703312504458E-002   9.9712625814128986E-002
   400.63544401132759        8.3208721269576139E-002   4.1089876687384772E-002   9.8187526361826441E-002
   414.78669160661980        8.2367856148994695E-002   4.0528639166145956E-002   9.6798351313198167E-002
   429.43761284149554        8.1596397168652912E-002   4.0040166670262216E-002   9.5522831713291137E-002
   444.60621081975989        8.0880525860536706E-002   3.9615015037089085E-002   9.4341512533341179E-002
   460.31059410826708        8.0207992326370853E-002   3.9244980661653078E-002   9.3237539334688618E-002
   476.56949149896485        7.9567919872532672E-002   3.8922921625876253E-002   9.2196330358675166E-002
   493.40288198244309        7.8950643069537071E-002   3.8642611217014948E-002   9.1205302393365620E-002
   510.83065126063684        7.8347639317478915E-002   3.8398643342706651E-002   9.0253745268640898E-002
   528.87421463804299        7.7751366382636300E-002   3.8186301110384360E-002   8.9332542060129902E-002
   547.55511287104378        7.7155224296524549E-002   3.8001487224737132E-002   8.8434084835067414E-002
   566.89562449487210        7.6553457608882020E-002   3.7840634650595548E-002   8.7552091812363952E-002
   586.91951519858117        7.5941067997141357E-002   3.7700633452631166E-002   8.6681443031513525E-002
   607.65068989177485        7.5313799446086613E-002   3.7578782207553257E-002   8.5818119859878292E-002
   629.11387223602765        7.4668066907498554E-002   3.7472729102482283E-002   8.4959059057913483E-002
   651.33543626567803        7.4000887303574306E-002   3.7380423698996988E-002   8.4102016022936543E-002
   674.34163286578985        7.3309892849443337E-002   3.7300085786584218E-002   8.3245535969512535E-002
   698.16073213207346        7.2593230013295276E-002   3.7230162106221848E-002   8.2388778291134349E-002
   722.82116976782140        7.1039766429896622E-002   3.6360446653108856E-002   8.0040374699078515E-002
   748.35235540965130        6.9325256121413034E-002   3.5365370994759997E-002   7.7441541750445278E-002
   774.78566186873422        6.7704923115668461E-002   3.4499287346565211E-002   7.5064154013136250E-002
   802.15264573967897        6.6162898607281417E-002   3.3745484004818013E-002   7.2881122344896840E-002
   830.48594444209971        6.4685762622032433E-002   3.3089412046307706E-002   7.0869297487551094E-002
   859.82037403360118        6.3262196552922423E-002   3.2518386928229906E-002   6.9008846748535704E-002
   890.19058800385733        6.1882840531889069E-002   3.2021395807564898E-002   6.7282928155795882E-002
   921.63390537915473        6.0539924944980915E-002   3.1588829821959180E-002   6.5677090021063006E-002
   954.18786380243341        5.9227180282978235E-002   3.1212342301203566E-002   6.4179053210640602E-002
   987.89128659474920        5.7939603794585431E-002   3.0884666777075145E-002   6.2778329710077158E-002
   1022.7855886411724        5.6673253178937066E-002   3.0599467947237242E-002   6.1465908938136908E-002
   1058.9119914466876        5.5425208764124614E-002   3.0351245440790056E-002   6.0234140765786183E-002
   1096.3148872627712        5.4193324996432896E-002   3.0135200105800772E-002   5.9076413778108981E-002
   1135.0389283928459        5.2976220543466263E-002   2.9947163192942099E-002   5.7987092587940062E-002
   1175.1302964981960        5.1773131530215059E-002   2.9783505460402142E-002   5.6961328312362863E-002
   1216.6382559936744        5.0583779174394640E-002   2.9641062737716370E-002   5.5994905550495064E-002
   1259.6123598874483        4.9408375105030509E-002   2.9517086490627748E-002   5.5084213868799012E-002
   1304.1038583964914        4.8247506558463819E-002   2.9409183892255469E-002   5.4226122901743709E-002
   1350.1674228314519        4.7102032759077539E-002   2.9315268745940891E-002   5.3417883033793495E-002
   1397.8574692241625        4.2078253862945711E-002   2.6722935809460051E-002   4.8236051973707499E-002
   1447.2325992722181        3.7361118880453105E-002   2.4212368264432359E-002   4.3335937017322967E-002
   1498.3517579647787        3.3281885883922564E-002   2.2027274239082663E-002   3.9106949240833910E-002
   1551.2759091786245        2.8316668745064128E-002   1.9199882377796254E-002   3.3733494504913891E-002
   1606.0700862978565        2.4050350710087903E-002   1.6710782529723141E-002   2.9066278830473094E-002
   1662.7990190437411        2.0424615091178450E-002   1.4544397052486566E-002   2.5056923606755380E-002
   1721.5324161293761        1.7344840642791601E-002   1.2658840892229828E-002   2.1611466084290765E-002
   1782.3403946248577        1.4730118397868029E-002   1.1017730893656633E-002   1.8649557373429385E-002
   1845.2954731357936        1.2511214279052905E-002   9.5893925044959801E-003   1.6102366486819401E-002
   1910.4750110852074        1.0628881899666298E-002   8.3462101267926039E-003   1.3910860492418953E-002
   1977.9568210713478        9.0326047364692012E-003   7.2641956670264334E-003   1.2024564336270091E-002
   2047.8213808026539        7.6792778733205157E-003   6.3224655015563227E-003   1.0400235730998617E-002
   2120.1545400970977        6.5321176043543067E-003   5.5028121510977525E-003   9.0007798134129086E-003
   2195.0417479108573        5.5598548780126681E-003   4.7894277056419422E-003   7.7944831199144946E-003
   2272.5750259096239        4.7358378274409063E-003   4.1685195386077156E-003   6.7541133814293768E-003
   2352.8469348264384        4.0374403857177015E-003   3.6281067826297152E-003   5.8563703026494676E-003
   2435.9532056335870        3.4454382850077564E-003   3.1577590996428591E-003   5.0812742531509301E-003
   2521.9959596104222        2.9434942738842912E-003   2.7483827534490889E-003   4.4116666833309689E-003
   2611.0779162676686        2.5177705709776448E-003   2.3920785345249093E-003   3.8328547231296357E-003
   2703.3053132971791        2.1565357296657048E-003   2.0819695262611292E-003   3.3322278743203072E-003
   2798.7914800504532        1.8498409006530779E-003   1.8120600586123946E-003   2.8989450464955604E-003
   2897.6492167059700        1.5892788811717440E-003   1.5771446327263856E-003   2.5237175676463943E-003
   3000.0000000000000        1.3677245095393713E-003   1.3726813767301741E-003   2.1985481539517357E-003
