         200   4370.0000000000000     
   3.0000000000000000        2.0940990031310812E-003   6.6675508367181795        1.0094645935072491E-003
   3.1059655287322618        2.2448168602884335E-003   6.6675508367181795        1.0763490124642032E-003
   3.2156739552243598        2.4063639299354810E-003   6.6675508367181795        1.1479112484642931E-003
   3.3292574962321346        2.5794957103784191E-003   6.6675508367181795        1.2244838198045894E-003
   3.4468529954360925        2.7650213913768930E-003   6.6675508367181795        1.3064228390152939E-003
   3.5686022069563790        2.9638093763897193E-003   6.6675508367181795        1.3941097413405332E-003
   3.6946518254059528        3.1767932501847967E-003   6.6675508367181795        1.4879529508038645E-003
   3.8251536998800524        3.4049789760043215E-003   6.6675508367181795        1.5883897926526305E-003
   3.9602651907155879        3.6494534287102687E-003   6.6675508367181795        1.6958886617043556E-003
   4.1001490688558144        3.9113932941306894E-003   6.6675508367181795        1.8109509858006639E-003
   4.2449739038313119        4.1920761010238632E-003   6.6675508367181795        1.9341137299584675E-003
   4.3949142193596993        4.4928922413041356E-003   6.6675508367181795        2.0659519082018769E-003
   4.5501507036585132        4.8153585828678630E-003   6.6675508367181795        2.2070813422664639E-003
   4.7108703059600501        5.1611334387231143E-003   6.6675508367181795        2.3581615387641892E-003
   4.8772669425686850        5.5320345817413876E-003   6.6675508367181795        2.5198993978082134E-003
   5.0495410155906377        5.9300565449743126E-003   6.6675508367181795        2.6930520841603727E-003
   5.2279001269311909        6.3573924697099375E-003   6.6675508367181795        2.8784313300753766E-003
   5.4125592113782046        6.8164568679369500E-003   6.6675508367181795        3.0769075445450482E-003
   5.6037407956130689        7.3099109936604970E-003   6.6675508367181795        3.2894144225283375E-003
   5.8016752663703963        7.8406908067899413E-003   6.6675508367181795        3.5169539859571737E-003
   6.0066011480696169        8.4120378087244683E-003   6.6675508367181795        3.7606020995513468E-003
   6.2187653902530293        9.0275330874102673E-003   6.6675508367181795        4.0215145076159245E-003
   6.4384236651766908        9.6911349802758315E-003   6.6675508367181795        4.3009334413133329E-003
   6.6658406759127811        1.0407220847627076E-002   6.6675508367181795        4.6001948494681965E-003
   6.9012904753346884        1.1180633548728525E-002   6.6675508367181795        4.9207363098588306E-003
   7.1450567963692624        1.2016733330220509E-002   6.6675508367181795        5.2641056822725057E-003
   7.3974330131920443        1.2921454578832288E-002   6.6675508367181795        5.6319700050070851E-003
   7.6587243988323896        1.3901378214358544E-002   6.6675508367181795        6.0261286576206823E-003
   7.9292442763577622        1.4963789971101968E-002   6.6675508367181795        6.4485183661643830E-003
   8.2093202460023029        1.6116786291151999E-002   6.6675508367181795        6.9012344292516134E-003
   8.4992881560440416        1.7369344237520012E-002   6.6675508367181795        7.3865341452431042E-003
   8.7994991583321234        1.8731457557221460E-002   6.6675508367181795        7.9068622981094492E-003
   9.1103132457223861        2.0214230868644930E-002   6.6675508367181795        8.4648556778284464E-003
   9.4321068148357909        2.1830053908474836E-002   6.6675508367181795        9.0633730046253743E-003
   9.7652657388916850        2.3592728104626568E-002   6.6675508367181795        9.7055008127330117E-003
   10.110193474162946        2.5517689544670787E-002   6.6675508367181795        1.0394588622536513E-002
   10.467303634806061        2.7622176102884529E-002   6.6675508367181795        1.1134256533891513E-002
   10.837027566606025        2.9925501811912371E-002   6.6675508367181795        1.1928434187670450E-002
   11.219811965471335        3.2449305492218139E-002   6.6675508367181795        1.2781382710635322E-002
   11.616115840724994        3.5217816213309779E-002   6.6675508367181795        1.3697716320319710E-002
   12.026419117330413        3.8258224309244228E-002   6.6675508367181795        1.4682453259769889E-002
   12.451213803399156        4.1600955536672840E-002   6.6675508367181795        1.5741029857195627E-002
   12.891014326336300        4.5280102994257082E-002   6.6675508367181795        1.6879363251710397E-002
   13.346348065368609        4.9333720231330924E-002   6.6675508367181795        1.8103869248297547E-002
   13.817766430769083        5.3804288780191466E-002   6.6675508367181795        1.9421536584136576E-002
   14.305834715756038        5.8739000858013729E-002   6.6675508367181795        2.0839949473289616E-002
   14.811143972217785        6.4190238357899748E-002   6.6675508367181795        2.2367375598202632E-002
   15.334300133051286        7.0215814160779183E-002   6.6675508367181795        2.4012794360733870E-002
   15.875936741648431        7.6879443514523707E-002   6.6675508367181795        2.5786001116500291E-002
   16.436703292225193        8.4250920375538010E-002   6.6675508367181795        2.7697642242730761E-002
   17.017278874447534        9.2406573128609615E-002   6.6675508367181795        2.9759338475256726E-002
   17.618359675531394       0.10142935899579403        6.6675508367181795        3.1983727957904148E-002
   18.240671728221173       0.11140926618216561        6.6675508367181795        3.4384604495056585E-002
   18.884968846184627       0.12244348481565227        6.6675508367181795        3.6977014713190641E-002
   19.552019805756849       0.13463629710829481        6.6675508367181795        3.9777315680108831E-002
   20.242632201214423       0.14809951267591090        6.6673999432159450        4.2803391101986020E-002
   20.957638264717446       0.16295212215794450        6.6670218408527839        4.6074725643656847E-002
   21.697899624358065       0.17932007451253568        6.6667148275051762        4.9612565310721841E-002
   22.464312967141105       0.19733583908226959        6.6664655360232734        5.3440097722916503E-002
   23.257792778673313       0.21713707176877606        6.6662631164749397        5.7582528362858182E-002
   24.079299719823517       0.23886592478008772        6.6660987548913830        6.2067397097440677E-002
   24.929823759061236       0.26266678374829117        6.6659652957943187        6.6924681530123792E-002
   25.810395145829254       0.28868409877873147        6.6658569284665150        7.2187054638527745E-002
   26.722064579292049       0.31705869086921712        6.6657689364285151        7.7889970703363426E-002
   27.665935811728254       0.34792497028144359        6.6656974882367521        8.4072072968611217E-002
   28.643146268414043       0.38140601656473855        6.6656394733956121        9.0775296407717629E-002
   29.654879655490589       0.41760910330090112        6.6655923659788412        9.8045166939686457E-002
   30.702343174827575       0.45653366540612311        6.6574253938090875       0.10589271762511553     
   31.786804983723918       0.49828838500494582        6.6471337714277556       0.11439285763070327     
   32.909571928103169       0.54294295838890583        6.6387771311433905       0.12362185490906993     
   34.072004028335677       0.59048581459495098        6.6319916305895941       0.13364070374476658     
   35.275488300232773       0.64086283382423115        6.6264819439094040       0.14451460800328514     
   36.521481794408061       0.69397532490147995        6.6220081624238505       0.15631330846689767     
   37.811486012809581       0.74967634696585850        6.6183755201444967       0.16911071162466124     
   39.147055493126302       0.80776980723316516        6.6154258700615918       0.18298466785393833     
   40.529808025860810       0.86801123556107840        6.6130307864406612       0.19801661236402265     
   41.961393513511240       0.93010847342078917        6.6110860278750136       0.21429054306354922     
   43.443545167355794       0.99372773110054957        6.6095069136041129       0.23189265614525106     
   44.978049075047366        1.0584978422373350        6.6082246969194305       0.25090983023499053     
   46.566763998623138        1.1240183431793724        6.6071835509890153       0.27142838408823472     
   48.211585595230147        1.1898667475279054        6.6063381619393127       0.29353183423303220     
   49.914505239722644        1.2556109758668403        6.6056517189348067       0.31729960085477787     
   51.677575059319224        1.3208188706480402        6.6050943376928810       0.34280427359617216     
   53.502930680545909        1.3850706754422888        6.6046417502178807       0.37010948258778326     
   55.392750120602578        1.4479695305264526        6.6042742585106877       0.39926678490336992     
   57.349321371645829        1.5091557212717301        6.6039758608537742       0.43031429320335057     
   59.375002227322796        1.5683166996126061        6.6037335665110373       0.46327399900698157     
   61.472246417894510        1.6251986184885094        6.6035368261535687       0.49815061963076568     
   63.643556378429672        1.6796147786107534        6.6033770770358107       0.53492997944503362     
   65.891560899834928        1.7314561278080589        6.6032473631905679       0.57358042262616626     
   68.218968971510208        1.7806968229165228        6.6031420375281655       0.61405328636891188     
   70.628585269218178        1.8252744165250092        6.6022243337076336       0.65514721647866747     
   73.123328588587739        1.8616900672456596        6.5993154087333652       0.69472600515659100     
   75.706175661273647        1.8964365342649512        6.5969534215730325       0.73599927429365952     
   78.380253523498894        1.9297463448608967        6.5950355240517480       0.77884122925394850     
   81.148784610322849        1.9619499421295543        6.5934782205388673       0.82313971269328312     
   84.015122474940881        1.9934696543426242        6.5922137071112807       0.86880242249798922     
   86.982687236203873        2.0248104387787320        6.5911869482548644       0.91576105048614842     
   90.055071705548812        2.0565503349523873        6.5903532357356855       0.96397725065180440     
   93.235978303002270        2.0893268690556241        6.5896762738957300        1.0134446887249478     
   96.529260096906100        2.1238224507396648        6.5891265882824204        1.0641912893106775     
   99.938826062156153        2.1607462653368250        6.5886802572679679        1.1162778125164092     
   103.46886588546354        2.2008177340585964        6.5883178389826469        1.1697997275990941     
   107.12359379692580        2.2447432767066933        6.5880235612303490        1.2248801814071717     
   110.90736836557576        2.2931958897600544        6.5877846150317501        1.2816673013246458     
   114.82483910697920        2.3467949969884181        6.5875905920560491        1.3403305304194830     
   118.88068277378797        2.4060810426365649        6.5874330485559094        1.4010496348632020     
   123.07973629915718        2.4714957955454078        6.5873051271613097        1.4640085610230327     
   127.42715949490271        2.5433655063353902        6.5872012557049686        1.5293886750778904     
   131.92808807993632        2.6218782641746006        6.5871169146719097        1.5973532995021302     
   136.58805281121437        2.7070770241887430        6.5870484302251775        1.6680426867720906     
   141.41261684513370        2.7988433834844155        6.5869928219684564        1.7415561142420839     
   146.40753387824964        2.8968945877201242        6.5869476694502964        1.8179407292361314     
   151.57894168226974        2.8715683002553618        6.5424211993408861        1.8279031147379294     
   156.93294936957258        2.5884887885411256        6.4133923067726633        1.6938137844976626     
   162.47613596373097        2.3573263772599424        6.3086215682754849        1.5799526953605287     
   168.21511902855468        2.1686272052741451        6.2235494328968297        1.4826311704316981     
   174.15674278185460        2.0148033219041275        6.1544729797973172        1.3988407791901094     
   180.30830831190286        1.8897252978432277        6.0983832865514938        1.3261273975847889     
   186.67715947709803        1.7884132832703137        6.0528393680337809        1.2624966115819634     
   193.27089166569760        1.7067796560891442        6.0158588415963674        1.2063286627746870     
   200.09760727912413        1.6414328841877872        5.9858308611360087        1.1563099417838383     
   207.16537088595135        1.5895342655711557        5.9614488895925684        1.1113811245191048     
   214.48286737908427        1.5486776481965356        5.9416508651828668        1.0706836329829286     
   222.05883252794877        1.5168081325432374        5.9255751914119923        1.0335206670175670     
   229.90230130529540        1.4921552787902332        5.9125221450727405       0.99931818168397657     
   238.02291179328489        1.4731846887580073        5.9019231445126348       0.96759318911514269     
   246.43025707061713        1.4585642012730236        5.8933170202883769       0.93793378084056500     
   255.13466811288930        1.4471354422244103        5.8863288955929907       0.90998209389622642     
   264.14653641505117        1.4378951900190746        5.8806546520145231       0.88343107561680356     
   273.47660938458705        1.4299794068569274        5.8760473076863500       0.85802380175115622     
   283.13635184814427        1.4226509421635416        5.8723061698825054       0.83355620668938668     
   293.13729579387660        1.4152900613161410        5.8692684268419990       0.80988225902486921     
   303.49136818478553        1.4073854697466599        5.8668018552233274       0.78691360654812426     
   314.21129214162710        1.3985261122509045        5.8647990128761478       0.76461530699667579     
   325.30973137660959        1.3883943409662343        5.8631727548206163       0.74300019435920239     
   336.80032369109853        1.3767577106033193        5.8618522423828656       0.72211632498267597     
   348.69678677735646        1.3634624774493000        5.8607800077638741       0.70203704647124976     
   361.01330816366544        1.3484260038459874        5.8599093799838178       0.68284872549088715     
   373.76502243504467        1.3269197609034180        5.6995028118280464       0.65395203265920432     
   386.96715283564077        1.2878854158422954        5.0398663929612182       0.58879786369406473     
   400.63544401132759        1.2493442215133419        4.5042580654193394       0.52851163777264043     
   414.78669160661980        1.2110129294745062        4.0693471016433591       0.47359808787577407     
   429.43761284149554        1.1727030144163215        3.7162102412834725       0.42426194210991902     
   444.60621081975989        1.1343011908418006        3.4294650874342079       0.38044875742629403     
   460.31059410826708        1.0957585056522638        3.1966326869247945       0.34191427584120010     
   476.56949149896485        1.0570765108972946        3.0075785821671563       0.30828869579951507     
   493.40288198244309        1.0182949164720498        2.8540677073768048       0.27913281636005510     
   510.83065126063684       0.97948523987046099        2.7294207040363965       0.25398440737095385     
   528.87421463804299       0.94073886408467011        2.6282080350636172       0.23238580115257765     
   547.55511287104378       0.90216319189467131        2.5460249942604607       0.21390525694036341     
   566.89562449487210       0.86387428957974366        2.4792944139318327       0.19814655821265767     
   586.91951519858117       0.82599057311710666        2.4251095562444145       0.18475335837151791     
   607.65068989177485       0.78863148588938059        2.3811123332146078       0.17341120164674195     
   629.11387223602765       0.75191287785799077        2.3453876849546451       0.16384545266935135     
   651.33543626567803       0.71594322582189640        2.3163794705443004       0.15581839818994753     
   674.34163286578985       0.68082480165994286        2.2928255236109449       0.14912671969134234     
   698.16073213207346       0.64664896775866709        2.2736998505495625       0.14359723635567648     
   722.82116976782140       0.61200825166152295        2.2566805356682780       0.13711769783459019     
   748.35235540965130       0.57832161971625129        2.2424379400958934       0.13137447617887144     
   774.78566186873422       0.54609988378253849        2.2308730322172439       0.12684713764220135     
   802.15264573967897       0.51533664429653836        2.2214825151434221       0.12336128995171354     
   830.48594444209971       0.48602652393282264        2.2138576493828235       0.12077605707969834     
   859.82037403360118       0.45816282796447744        2.2076663010671274       0.11897841557334113     
   890.19058800385733       0.43173910647560382        2.2026390805836051       0.11787865244516145     
   921.63390537915473       0.40674612827700279        2.1985570056919825       0.11740625573482509     
   954.18786380243341       0.38317410578928868        2.1952424272821434       0.11750679272396430     
   987.89128659474920       0.36101197995952533        2.1925510722449975       0.11813920695960535     
   1022.7855886411724       0.34024728166197965        2.1903657070202951       0.11927374871166153     
   1058.9119914466876       0.32086875371670870        2.1885912449384759       0.12089021298213151     
   1096.3148872627712       0.30286544150313088        2.1871503916609836       0.12297670859529199     
   1135.0389283928459       0.28622964310213556        2.1859804422376867       0.12552849732693031     
   1175.1302964981960       0.27095769262811398        2.1850304724725258       0.12854723083171699     
   1216.6382559936744       0.25705129323096360        2.1842591023408877       0.13204049117401653     
   1259.6123598874483       0.24452067541393921        2.1836327623416980       0.13602115438323314     
   1304.1038583964914       0.23338632358043515        2.1831241898768510       0.14050719315731588     
   1350.1674228314519       0.22368126096607654        2.1827112318822488       0.14552170583235829     
   1397.8574692241625       0.19155763029113371        1.8285321500213543       0.13267688178561712     
   1447.2325992722181       0.16337942889076909        1.4869398017503292       0.12025916190994383     
   1498.3517579647787       0.14068758259658221        1.2095723715568882       0.11025769014368539     
   1551.2759091786245       0.11144499408879771       0.98221843968193967        9.3845046583555233E-002
   1606.0700862978565        8.8725876483491520E-002  0.79754539550468639        7.9826780419607876E-002
   1662.7990190437411        7.1291490743549887E-002  0.64759548748753493        6.8038024638420000E-002
   1721.5324161293761        5.7875989884172696E-002  0.52583700155593094        5.8102121311216795E-002
   1782.3403946248577        4.7516421252152087E-002  0.42697109159621000        4.9710012614243855E-002
   1845.2954731357936        3.9479741652305916E-002  0.34669443741238148        4.2607124755486232E-002
   1910.4750110852074        3.3207782828092516E-002  0.28151024358173349        3.6583065637775837E-002
   1977.9568210713478        2.8276073740208577E-002  0.22858173852724345        3.1463965594673848E-002
   2047.8213808026539        2.4361766864070961E-002  0.18560511191795701        2.7105586437104170E-002
   2120.1545400970977        2.1219470089642870E-002  0.15070833168254635        2.3387881284207230E-002
   2195.0417479108573        1.8663217672362353E-002  0.12237301609976894        2.0211009360591916E-002
   2272.5750259096239        1.6552200598718550E-002   9.9364898459853634E-002   1.7491457329466588E-002
   2352.8469348264384        1.4780342046720730E-002   8.0682681203896933E-002   1.5159449599272803E-002
   2435.9532056335870        1.3268032933170444E-002   6.5513186535263362E-002   1.3156468812365735E-002
   2521.9959596104222        1.1955835894555841E-002   5.3195641778989958E-002   1.1433284135994100E-002
   2611.0779162676686        1.0799769686525065E-002   4.3193995803508446E-002   9.9485156462549660E-003
   2703.3053132971791        9.7675216514728751E-003   3.5072908610056998E-002   8.6672524936908021E-003
   2798.7914800504532        8.8355353324051089E-003   2.8478631268585772E-002   7.5599500584159363E-003
   2897.6492167059700        7.9868581954648625E-003   2.3124242461066556E-002   6.6016469294557754E-003
   3000.0000000000000        7.2093222458449960E-003   1.8776508721756097E-002   5.7711262223674089E-003
