         200   4370.0000000000000     
   3.0000000000000000        1.4527510965108659E-003   3.0478787646123777E-003   2.4328009840426700E-003
   3.1059655287322618        1.4937566251808951E-003   3.0478787646123777E-003   2.4558137032368909E-003
   3.2156739552243598        1.5345803126818036E-003   3.0478787646123777E-003   2.4788695191688670E-003
   3.3292574962321346        1.5751599869304250E-003   3.0478787646123777E-003   2.5019092295078659E-003
   3.4468529954360925        1.6154342157029258E-003   3.0478787646123777E-003   2.5248738108690507E-003
   3.5686022069563790        1.6553423630951383E-003   3.0478787646123777E-003   2.5477045308603730E-003
   3.6946518254059528        1.6948245877679647E-003   3.0478787646123777E-003   2.5703430655187910E-003
   3.8251536998800524        1.7338219452838444E-003   3.0478787646123777E-003   2.5927317160920728E-003
   3.9602651907155879        1.7722765703424984E-003   3.0478787646123777E-003   2.6148137107987026E-003
   4.1001490688558144        1.8101317696027968E-003   3.0478787646123777E-003   2.6365334904719330E-003
   4.2449739038313119        1.8473323057557538E-003   3.0478787646123777E-003   2.6578371330815065E-003
   4.3949142193596993        1.8838246514252396E-003   3.0478787646123777E-003   2.6786727814889521E-003
   4.5501507036585132        1.9195572932773379E-003   3.0478787646123777E-003   2.6989911102044961E-003
   4.7108703059600501        1.9544810372723472E-003   3.0478787646123777E-003   2.7187457916008442E-003
   4.8772669425686850        1.9885494586197351E-003   3.0478787646123777E-003   2.7378940303177967E-003
   5.0495410155906377        2.0217190979746821E-003   3.0478787646123777E-003   2.7563969284923186E-003
   5.2279001269311909        2.0539499099074049E-003   3.0478787646123777E-003   2.7742199568364582E-003
   5.4125592113782046        2.0852055619793638E-003   3.0478787646123777E-003   2.7913332944015014E-003
   5.6037407956130689        2.1154537301417723E-003   3.0478787646123777E-003   2.8077121120347621E-003
   5.8016752663703963        2.1446663546415500E-003   3.0478787646123777E-003   2.8233367741558307E-003
   6.0066011480696169        2.1728198484352091E-003   3.0478787646123777E-003   2.8381929520040934E-003
   6.2187653902530293        2.1998952519795413E-003   3.0478787646123777E-003   2.8522716453590158E-003
   6.4384236651766908        2.2258783302722689E-003   3.0478787646123777E-003   2.8655691135232838E-003
   6.6658406759127811        2.2507596100481203E-003   3.0478787646123777E-003   2.8780867198692824E-003
   6.9012904753346884        2.2745343570005345E-003   3.0478787646123777E-003   2.8898306973004894E-003
   7.1450567963692624        2.2972024947148120E-003   3.0478787646123777E-003   2.9008118444407011E-003
   7.3974330131920443        2.3187684374402716E-003   3.0478787646123777E-003   2.9110451495299467E-003
   7.6587243988323896        2.3392410594708607E-003   3.0478787646123777E-003   2.9205494571216436E-003
   7.9292442763577622        2.3586331244777655E-003   3.0478787646123777E-003   2.9293468710127318E-003
   8.2093202460023029        2.3769614676470417E-003   3.0478787646123777E-003   2.9374625060226288E-003
   8.4992881560440416        2.3942462349241240E-003   3.0478787646123777E-003   2.9449238151566049E-003
   8.7994991583321234        2.4105109935729702E-003   3.0478787646123777E-003   2.9517603231933270E-003
   9.1103132457223861        2.4257819804573647E-003   3.0478787646123777E-003   2.9580030041352159E-003
   9.4321068148357909        2.4400881370352278E-003   3.0478787646123777E-003   2.9636840209460286E-003
   9.7652657388916850        2.4534603922324242E-003   3.0478787646123777E-003   2.9688361828244499E-003
   10.110193474162946        2.4659316506646972E-003   3.0478787646123777E-003   2.9734927196568982E-003
   10.467303634806061        2.4775361317903939E-003   3.0478787646123777E-003   2.9776868351426050E-003
   10.837027566606025        2.4883093056497396E-003   3.0478787646123777E-003   2.9814515212593339E-003
   11.219811965471335        2.4982874585822903E-003   3.0478787646123777E-003   2.9848192639639944E-003
   11.616115840724994        2.5075073244717866E-003   3.0478787646123777E-003   2.9878218099923942E-003
   12.026419117330413        2.5160060192796515E-003   3.0478787646123777E-003   2.9904900618583723E-003
   12.451213803399156        2.5238205811165433E-003   3.0478787646123777E-003   2.9928538686716062E-003
   12.891014326336300        2.5309879595308993E-003   3.0478787646123777E-003   2.9949419845346770E-003
   13.346348065368609        2.5375446455096940E-003   3.0478787646123777E-003   2.9967819362157777E-003
   13.817766430769083        2.5435266868125985E-003   3.0478787646123777E-003   2.9984000237898516E-003
   14.305834715756038        2.5489694051274931E-003   3.0478787646123777E-003   2.9998212510324845E-003
   14.811143972217785        2.5539074388802457E-003   3.0478787646123777E-003   3.0010693594083077E-003
   15.334300133051286        2.5583745394687652E-003   3.0478787646123777E-003   3.0021668074306923E-003
   15.875936741648431        2.5624036377988753E-003   3.0478787646123777E-003   3.0031348295949411E-003
   16.436703292225193        2.5660267071840898E-003   3.0478787646123777E-003   3.0039934523377969E-003
   17.017278874447534        2.5692748462282384E-003   3.0478787646123777E-003   3.0047615707321520E-003
   17.618359675531394        2.5721781940441077E-003   3.0478787646123777E-003   3.0054569906228395E-003
   18.240671728221173        2.5747660143838375E-003   3.0478787646123777E-003   3.0060965157802659E-003
   18.884968846184627        2.5770666933207708E-003   3.0478787646123777E-003   3.0066960190673494E-003
   19.552019805756849        2.5791077304458711E-003   3.0478787646123777E-003   3.0072705134852051E-003
   20.242632201214423        2.5809158639106536E-003   3.0478398823495048E-003   3.0078341759124006E-003
   20.957638264717446        2.5825170683790124E-003   3.0477424528693765E-003   3.0084005084136862E-003
   21.697899624358065        2.5839366361416157E-003   3.0476633416186573E-003   3.0089826794293993E-003
   22.464312967141105        2.5851992660676109E-003   3.0475991041479383E-003   3.0095932368507279E-003
   23.257792778673313        2.5863291345607454E-003   3.0475469446448957E-003   3.0102443562151759E-003
   24.079299719823517        2.5873500608138036E-003   3.0475045919245770E-003   3.0109479762726104E-003
   24.929823759061236        2.5882856187907123E-003   3.0474702021621412E-003   3.0117159045344117E-003
   25.810395145829254        2.5891593150913971E-003   3.0474422780510024E-003   3.0125599512437424E-003
   26.722064579292049        2.5899947536933698E-003   3.0474196042479459E-003   3.0134920385238694E-003
   27.665935811728254        2.5908158676902653E-003   3.0474011934659520E-003   3.0145243626783801E-003
   28.643146268414043        2.5916471080749221E-003   3.0473862441919913E-003   3.0156695074868502E-003
   29.654879655490589        2.5925136636363072E-003   3.0473741055449650E-003   3.0169405871300061E-003
   30.702343174827575        2.5916477685889771E-003   2.8371409720657492E-003   3.0156943882170377E-003
   31.786804983723918        2.5901083064172382E-003   2.5717764514589887E-003   3.0134754315909846E-003
   32.909571928103169        2.5888168360723709E-003   2.3563045111973289E-003   3.0116241066229666E-003
   34.072004028335677        2.5877717513576536E-003   2.1813436513037862E-003   3.0101120782081432E-003
   35.275488300232773        2.5869758475190164E-003   2.0392790369595649E-003   3.0089164041049148E-003
   36.521481794408061        2.5864357735103215E-003   1.9239247385579653E-003   3.0080189116572184E-003
   37.811486012809581        2.5861615295181078E-003   1.8302588090008257E-003   3.0074057039779674E-003
   39.147055493126302        2.5861659046844039E-003   1.7542035038984676E-003   3.0070666491397104E-003
   40.529808025860810        2.5864638945634487E-003   1.6924474276130139E-003   3.0069949039607359E-003
   41.961393513511240        2.5870720789595608E-003   1.6423027657369641E-003   3.0071864564799600E-003
   43.443545167355794        2.5880079969978062E-003   1.6015860656917126E-003   3.0076396801373083E-003
   44.978049075047366        2.5892894943197304E-003   1.5685247267465427E-003   3.0083549040205355E-003
   46.566763998623138        2.5909340875001079E-003   1.5416792809587773E-003   3.0093339917641672E-003
   48.211585595230147        2.5929582898056446E-003   1.5198813319485980E-003   3.0105798930916867E-003
   49.914505239722644        2.5953770650646996E-003   1.5021817300718680E-003   3.0120962540305159E-003
   51.677575059319224        2.5982032286027239E-003   1.4878099235111522E-003   3.0138869660495098E-003
   53.502930680545909        2.6014469681539310E-003   1.4761401737004177E-003   3.0159557469235333E-003
   55.392750120602578        2.6051153197823450E-003   1.4666645772306488E-003   3.0183056420060063E-003
   57.349321371645829        2.6092119088884981E-003   1.4589705375308093E-003   3.0209386376968926E-003
   59.375002227322796        2.6137365755355881E-003   1.4527230947348221E-003   3.0238551425115605E-003
   61.472246417894510        2.6186851979763731E-003   1.4476502394832563E-003   3.0270535389799805E-003
   63.643556378429672        2.6240494218054385E-003   1.4435311855109803E-003   3.0305296261982188E-003
   65.891560899834928        2.6298167568058056E-003   1.4401865765579056E-003   3.0342762647874882E-003
   68.218968971510208        2.6359704511102859E-003   1.4374708051394542E-003   3.0382828609578543E-003
   70.628585269218178        2.6396422640304769E-003   1.4344519502567862E-003   3.0384127875412842E-003
   73.123328588587739        2.6359518575187284E-003   1.4298849922871196E-003   3.0276307885058196E-003
   75.706175661273647        2.6332854881166374E-003   1.4261767164871399E-003   3.0181325781457060E-003
   78.380253523498894        2.6315038875765291E-003   1.4231656531399376E-003   3.0097690150507244E-003
   81.148784610322849        2.6304822116899424E-003   1.4207207156622789E-003   3.0024075153226642E-003
   84.015122474940881        2.6301085565126120E-003   1.4187354531591525E-003   2.9959300951948194E-003
   86.982687236203873        2.6302827516186873E-003   1.4171234608995706E-003   2.9902318911786520E-003
   90.055071705548812        2.6309153409423149E-003   1.4158145477899157E-003   2.9852195079219913E-003
   93.235978303002270        2.6319267562970117E-003   1.4147517303238657E-003   2.9808099387986036E-003
   96.529260096906100        2.6332466191481118E-003   1.4138887341604467E-003   2.9769294298827359E-003
   99.938826062156153        2.6348131010981908E-003   1.4131880027900370E-003   2.9735126572255112E-003
   103.46886588546354        2.6365725045619302E-003   1.4126190128397667E-003   2.9705016856428974E-003
   107.12359379692580        2.6384786852835457E-003   1.4121570022557759E-003   2.9678455314787757E-003
   110.90736836557576        2.6404926750970997E-003   1.4117818611793854E-003   2.9654993966569156E-003
   114.82483910697920        2.6425823527391023E-003   1.4114772487252925E-003   2.9634240427181546E-003
   118.88068277378797        2.6447218911780567E-003   1.4112299083676300E-003   2.9615854434026688E-003
   123.07973629915718        2.6468914043872921E-003   1.4110290741633470E-003   2.9599542091641780E-003
   127.42715949490271        2.6490765814037608E-003   1.4108659979136806E-003   2.9585050864537614E-003
   131.92808807993632        2.6512680289396814E-003   1.4107335840644029E-003   2.9572166489765244E-003
   136.58805281121437        2.6534609670382648E-003   1.4106260647600078E-003   2.9560707325840103E-003
   141.41261684513370        2.6556545016676028E-003   1.4105387608338285E-003   2.9550521317996872E-003
   146.40753387824964        2.6578511255666692E-003   1.4104678722222342E-003   2.9541481439474405E-003
   151.57894168226974        2.5263836761298137E-003   1.3560376363883492E-003   2.8109706902751884E-003
   156.93294936957258        2.1406729109517096E-003   1.1983361929995533E-003   2.3974792591781448E-003
   162.47613596373097        1.8274649062490402E-003   1.0702835037371338E-003   2.0617280390606814E-003
   168.21511902855468        1.5732055834485011E-003   9.6630680305911942E-004   1.7890991798785003E-003
   174.15674278185460        1.3668685640867754E-003   8.8188031422283019E-004   1.5677223990112630E-003
   180.30830831190286        1.1994798539392189E-003   8.1332647788401086E-004   1.3879532787224192E-003
   186.67715947709803        1.0637487303915062E-003   7.5766187792607241E-004   1.2419688308321049E-003
   193.27089166569760        9.5374632923883303E-004   7.1246361046537724E-004   1.1234167290516829E-003
   200.09760727912413        8.6464912817749346E-004   6.7576287029475705E-004   1.0271359659641487E-003
   207.16537088595135        7.9254042564654459E-004   6.4596278421687799E-004   9.4894115016196773E-004
   214.48286737908427        7.3423315354007631E-004   6.2176528113432278E-004   8.8543054371552712E-004
   222.05883252794877        6.8713925322057333E-004   6.0211730224639577E-004   8.3384486819646495E-004
   229.90230130529540        6.4915491175832703E-004   5.8616363320880918E-004   7.9194351048318581E-004
   238.02291179328489        6.1856903522032928E-004   5.7320934325454001E-004   7.5790595453963496E-004
   246.43025707061713        5.9399234828649448E-004   5.6269078275901735E-004   7.3025569309926100E-004
   255.13466811288930        5.7429438084793873E-004   5.5414977051666174E-004   7.0779251504667800E-004
   264.14653641505117        5.5855689602468857E-004   5.4721460751051257E-004   6.8954272358117753E-004
   273.47660938458705        5.4603314238602649E-004   5.4158342804147238E-004   6.7471548844966439E-004
   283.13635184814427        5.3611540141642862E-004   5.3701094183440418E-004   6.6266809961376628E-004
   293.13729579387660        5.2830969754457562E-004   5.3329815741382717E-004   6.5287905043656647E-004
   303.49136818478553        5.2221398825010121E-004   5.3028346902314421E-004   6.4492469248260669E-004
   314.21129214162710        5.1750081054855585E-004   5.2783555892530680E-004   6.3846065223535750E-004
   325.30973137660959        5.1390374499197904E-004   5.2584791695167558E-004   6.3320749330036160E-004
   336.80032369109853        5.1120559260507659E-004   5.2423396279535996E-004   6.2893794900987165E-004
   348.69678677735646        5.0922949078283152E-004   5.2292345827424484E-004   6.2546754285195034E-004
   361.01330816366544        5.0783126771018425E-004   5.2185936127366209E-004   6.2264635892626916E-004
   373.76502243504467        5.0592863062682636E-004   5.1970272071762971E-004   6.1862928827418847E-004
   386.96715283564077        5.0134755607326737E-004   5.1366671979603882E-004   6.0965521158224453E-004
   400.63544401132759        4.9776847671648204E-004   5.0876563752376772E-004   6.0236989332976634E-004
   414.78669160661980        4.9499801813589444E-004   5.0478598615359129E-004   5.9645525813246069E-004
   429.43761284149554        4.9287829297361388E-004   5.0155460845276319E-004   5.9165337353108143E-004
   444.60621081975989        4.9128024519987221E-004   4.9893074784805331E-004   5.8775461502755613E-004
   460.31059410826708        4.9009862322566618E-004   4.9680021571875562E-004   5.8458896063946688E-004
   476.56949149896485        4.8924760654613575E-004   4.9507027674342160E-004   5.8201836201823072E-004
   493.40288198244309        4.8865729687077924E-004   4.9366557597917398E-004   5.7993067062360297E-004
   510.83065126063684        4.8827091247388872E-004   4.9252499397745638E-004   5.7823494811721934E-004
   528.87421463804299        4.8804237747090024E-004   4.9159884777672577E-004   5.7685729447984639E-004
   547.55511287104378        4.8793443138976173E-004   4.9084683212713821E-004   5.7573777899709664E-004
   566.89562449487210        4.8791702547446340E-004   4.9023621416724168E-004   5.7482774990037214E-004
   586.91951519858117        4.8796602798164765E-004   4.8974039580187523E-004   5.7408769184092573E-004
   607.65068989177485        4.8806215588071008E-004   4.8933779935456145E-004   5.7348556525576840E-004
   629.11387223602765        4.8819009226813649E-004   4.8901090107597372E-004   5.7299536612116103E-004
   651.33543626567803        4.8833776967883351E-004   4.8874546150364938E-004   5.7259597883432681E-004
   674.34163286578985        4.8849576275080330E-004   4.8852993118826519E-004   5.7227029085603451E-004
   698.16073213207346        4.8865681055690791E-004   4.8835492177865382E-004   5.7200440411760232E-004
   722.82116976782140        4.8155797595083059E-004   4.8095513263786654E-004   5.5789579139402950E-004
   748.35235540965130        4.7375454424516370E-004   4.7288406568759411E-004   5.4249064841688937E-004
   774.78566186873422        4.6743722350113006E-004   4.6633040450358546E-004   5.2998032679071145E-004
   802.15264573967897        4.6232288020287726E-004   4.6100893822903890E-004   5.1982071557097990E-004
   830.48594444209971        4.5818191946777774E-004   4.5668804027698733E-004   5.1156993818300852E-004
   859.82037403360118        4.5482811070461719E-004   4.5317949532712134E-004   5.0486894164484565E-004
   890.19058800385733        4.5211071161349418E-004   4.5033064429501489E-004   4.9942650951453524E-004
   921.63390537915473        4.4990748515607226E-004   4.4801739320402781E-004   4.9500592216250019E-004
   954.18786380243341        4.4811953953958865E-004   4.4613907094725980E-004   4.9141514604980532E-004
   987.89128659474920        4.4666681940231734E-004   4.4461392010088958E-004   4.8849823015884215E-004
   1022.7855886411724        4.4548451217983154E-004   4.4337550615100986E-004   4.8612845481634393E-004
   1058.9119914466876        4.4452026662155074E-004   4.4236994489707125E-004   4.8420304246556795E-004
   1096.3148872627712        4.4373172822077383E-004   4.4155343478772846E-004   4.8263844905482205E-004
   1135.0389283928459        4.4308471895804474E-004   4.4089044186091986E-004   4.8136690183117311E-004
   1175.1302964981960        4.4255164740237369E-004   4.4035210813260782E-004   4.8033336266727295E-004
   1216.6382559936744        4.4211024124769002E-004   4.3991498415866257E-004   4.7949310994157001E-004
   1259.6123598874483        4.4174256567834760E-004   4.3956004660241092E-004   4.7880986488253502E-004
   1304.1038583964914        4.4143417369547363E-004   4.3927184615524280E-004   4.7825416592544814E-004
   1350.1674228314519        4.4117342868673617E-004   4.3903782900540987E-004   4.7780207422996749E-004
   1397.8574692241625        3.9956299545930115E-004   3.9772084375068071E-004   4.3209674076646545E-004
   1447.2325992722181        3.6210349478989402E-004   3.6053231632985727E-004   3.9090313953093776E-004
   1498.3517579647787        3.3168534853519763E-004   3.3033583700120344E-004   3.5745423736214247E-004
   1551.2759091786245        2.7037598412685764E-004   2.6930240359144381E-004   2.9138909294528908E-004
   1606.0700862978565        2.1951908879944617E-004   2.1866917103719887E-004   2.3660056311495324E-004
   1662.7990190437411        1.7822765177515575E-004   1.7755624847751728E-004   1.9211425300154556E-004
   1721.5324161293761        1.4470207116201722E-004   1.4417278549788373E-004   1.5599209417827491E-004
   1782.3403946248577        1.1748236961821062E-004   1.1706595659938547E-004   1.2666185906978292E-004
   1845.2954731357936        9.5382852362765360E-005   9.5055887300559596E-005   1.0284672655634398E-004
   1910.4750110852074        7.7440058629611803E-005   7.7183834236224422E-005   8.3509194310003122E-005
   1977.9568210713478        6.2872405757108757E-005   6.2672017868480701E-005   6.7807603703304927E-005
   2047.8213808026539        5.1045182327665712E-005   5.0888784753980499E-005   5.5058434695175716E-005
   2120.1545400970977        4.1442666848752034E-005   4.1320865424302985E-005   4.4706280837004424E-005
   2195.0417479108573        3.3646595151665251E-005   3.3551953454542929E-005   3.6300665768270654E-005
   2272.5750259096239        2.7316997072853529E-005   2.7243640423329310E-005   2.9475410371650901E-005
   2352.8469348264384        2.2178098120625164E-005   2.2121392857832691E-005   2.3933456457474889E-005
   2435.9532056335870        1.8005958164940705E-005   1.7962255531054987E-005   1.9433559278720902E-005
   2521.9959596104222        1.4618627645882529E-005   1.4585059303417703E-005   1.5779690617357721E-005
   2611.0779162676686        1.1868516728026558E-005   1.1842830902635368E-005   1.2812824831034697E-005
   2703.3053132971791        9.6357781702149028E-006   9.6162098042976473E-006   1.0403814982754441E-005
   2798.7914800504532        7.8230381257865713E-006   7.8082059364595988E-006   8.4477200076772899E-006
   2897.6492167059700        6.3513273614679070E-006   6.3401518688786876E-006   6.8594244926534481E-006
   3000.0000000000000        5.1564610676505560E-006   5.1481001837656765E-006   5.5697403205297640E-006
