         200   4370.0000000000000     
   3.0000000000000000        3.0097157696178357E-003  0.42417376050262401        1.4720874590268326E-003
   3.1059655287322618        3.2222762207667023E-003  0.42417376050262401        1.5696929856398522E-003
   3.2156739552243598        3.4496023204482881E-003  0.42417376050262401        1.6741219338405611E-003
   3.3292574962321346        3.6926885430473718E-003  0.42417376050262401        1.7858581663879232E-003
   3.4468529954360925        3.9526022813545208E-003  0.42417376050262401        1.9054199160601674E-003
   3.5686022069563790        4.2304924079446743E-003  0.42417376050262401        2.0333623881633677E-003
   3.6946518254059528        4.5275987298365582E-003  0.42417376050262401        2.1702803017957812E-003
   3.8251536998800524        4.8452635318065353E-003  0.42417376050262401        2.3168108262024670E-003
   3.9602651907155879        5.1849454803569754E-003  0.42417376050262401        2.4736369324882129E-003
   4.1001490688558144        5.5482347109389683E-003  0.42417376050262401        2.6414904956608893E-003
   4.2449739038313119        5.9368717768434323E-003  0.42417376050262401        2.8211562428567521E-003
   4.3949142193596993        6.3527691443092385E-003  0.42417376050262401        3.0134757792012819E-003
   4.5501507036585132        6.7980364218856865E-003  0.42417376050262401        3.2193520505328977E-003
   4.7108703059600501        7.2750094208181909E-003  0.42417376050262401        3.4397540672546777E-003
   4.8772669425686850        7.7862858813180303E-003  0.42417376050262401        3.6757229426585326E-003
   5.0495410155906377        8.3347632658883654E-003  0.42417376050262401        3.9283768260059207E-003
   5.2279001269311909        8.9236865390199451E-003  0.42417376050262401        4.1989180578175921E-003
   5.4125592113782046        9.5567016359099262E-003  0.42417376050262401        4.4886401959272236E-003
   5.6037407956130689        1.0237917693519354E-002  0.42417376050262401        4.7989359464718339E-003
   5.8016752663703963        1.0971978725025722E-002  0.42417376050262401        5.1313059258643488E-003
   6.0066011480696169        1.1764145724127983E-002  0.42417376050262401        5.4873683456576903E-003
   6.2187653902530293        1.2620390076235916E-002  0.42417376050262401        5.8688697207758544E-003
   6.4384236651766908        1.3547498959490046E-002  0.42417376050262401        6.2776967108027293E-003
   6.6658406759127811        1.4553193136862000E-002  0.42417376050262401        6.7158892139551427E-003
   6.9012904753346884        1.5646257180394810E-002  0.42417376050262401        7.1856548440956992E-003
   7.1450567963692624        1.6836681753905937E-002  0.42417376050262401        7.6893849327356427E-003
   7.3974330131920443        1.8135815138048652E-002  0.42417376050262401        8.2296713809841340E-003
   7.6587243988323896        1.9556536895023530E-002  0.42417376050262401        8.8093303361714871E-003
   7.9292442763577622        2.1113407504173103E-002  0.42417376050262401        9.4314145003228551E-003
   8.2093202460023029        2.2822879743890152E-002  0.42417376050262401        1.0099249990271434E-002
   8.4992881560440416        2.4703446194731773E-002  0.42417376050262401        1.0816447766162800E-002
   8.7994991583321234        2.6775869097556512E-002  0.42417376050262401        1.1586948434698334E-002
   9.1103132457223861        2.9063328417040474E-002  0.42417376050262401        1.2415037023524840E-002
   9.4321068148357909        3.1591668609224313E-002  0.42417376050262401        1.3305396370125563E-002
   9.7652657388916850        3.4389547025769629E-002  0.42417376050262401        1.4263125971768979E-002
   10.110193474162946        3.7488705514700842E-002  0.42417376050262401        1.5293805570965909E-002
   10.467303634806061        4.0924126350101932E-002  0.42417376050262401        1.6403518939461088E-002
   10.837027566606025        4.4734332428392198E-002  0.42417376050262401        1.7598925888994168E-002
   11.219811965471335        4.8961621920364282E-002  0.42417376050262401        1.8887310396619506E-002
   11.616115840724994        5.3652304987889768E-002  0.42417376050262401        2.0276629597552193E-002
   12.026419117330413        5.8857097923229816E-002  0.42417376050262401        2.1775608840454447E-002
   12.451213803399156        6.4631336580382004E-002  0.42417376050262401        2.3393782655544332E-002
   12.891014326336300        7.1035444313562859E-002  0.42417376050262401        2.5141611583631100E-002
   13.346348065368609        7.8135148116312669E-002  0.42417376050262401        2.7030532517727884E-002
   13.817766430769083        8.6001983491461126E-002  0.42417376050262401        2.9073097639074980E-002
   14.305834715756038        9.4713458810803397E-002  0.42417376050262401        3.1283035951611214E-002
   14.811143972217785       0.10435353829109945       0.42417376050262401        3.3675418476620880E-002
   15.334300133051286       0.11501266739717128       0.42417376050262401        3.6266733089547108E-002
   15.875936741648431       0.12678814780116360       0.42417376050262401        3.9075080851673952E-002
   16.436703292225193       0.13978391207772986       0.42417376050262401        4.2120266534772022E-002
   17.017278874447534       0.15411068841541747       0.42417376050262401        4.5424031744804298E-002
   17.618359675531394       0.16988540063118318       0.42417376050262401        4.9010163721842734E-002
   18.240671728221173       0.18723096272973627       0.42417376050262401        5.2904759638844306E-002
   18.884968846184627       0.20627550764930758       0.42417376050262401        5.7136429527250891E-002
   19.552019805756849       0.22715098450349744       0.42417376050262401        6.1736437122277311E-002
   20.242632201214423       0.24999257115772874       0.42413798240514233        6.6739098633862487E-002
   20.957638264717446       0.27493666508441966       0.42404833120739793        7.2181964640793211E-002
   21.697899624358065       0.30211910065459152       0.42397553580324748        7.8106153979810272E-002
   22.464312967141105       0.33167310754313994       0.42391642673089686        8.4556688423397461E-002
   23.257792778673313       0.36372603506787082       0.42386843138169211        9.1582687173440078E-002
   24.079299719823517       0.39839751454662703       0.42382945989072945        9.9237958970942494E-002
   24.929823759061236       0.43579558117844103       0.42379781563492069       0.10758123634003183     
   25.810395145829254       0.47601363471828151       0.42377212084514776       0.11667667085260068     
   26.722064579292049       0.51912581309843620       0.42375125720512019       0.12659403003665853     
   27.665935811728254       0.56518464888435871       0.42373431624787616       0.13740944659440882     
   28.643146268414043       0.61421634405684433       0.42372056044917744       0.14920563498382161     
   29.654879655490589       0.66621763770190778       0.42370939089101628       0.16207244063301321     
   30.702343174827575       0.72097862698430637       0.41085334487465247       0.17602300133698490     
   31.786804983723918       0.77852578175660891       0.39462975087044705       0.19120909365487893     
   32.909571928103169       0.83883322568849727       0.38145644017273056       0.20778532454377485     
   34.072004028335677       0.90174606793437462       0.37075985590046479       0.22587172624597412     
   35.275488300232773       0.96706715374430741       0.36207444980241271       0.24559645043176379     
   36.521481794408061        1.0345592944556186       0.35502203262309878       0.26709628105180366     
   37.811486012809581        1.1039448421278981       0.34929557752018264       0.29051586993421835     
   39.147055493126302        1.1749082303209679       0.34464578338408058       0.31600722562614403     
   40.529808025860810        1.2470997237366956       0.34087020137840440       0.34372894511786828     
   41.961393513511240        1.3201381397708556       0.33780450656021599       0.37384421901055431     
   43.443545167355794        1.3936189237327457       0.33531520916199986       0.40652005112289197     
   44.978049075047366        1.4671189017754482       0.33329393767078652       0.44192435905106059     
   46.566763998623138        1.5402044140484252       0.33165268731702136       0.48022358506022172     
   48.211585595230147        1.6124375008021494       0.33032002583666659       0.52157844681984045     
   49.914505239722644        1.6833868625024044       0.32923792505609606       0.56614145050455089     
   51.677575059319224        1.7526346895194642       0.32835927573924412       0.61405168358855544     
   53.502930680545909        1.8197860330913045       0.32764582209959714       0.66543066656540140     
   55.392750120602578        1.8844755012195435       0.32706651244010793       0.72037622395586265     
   57.349321371645829        1.9463774189089913       0.32659612183906972       0.77895942624528713     
   59.375002227322796        2.0052112467963630       0.32621417185097484       0.84121877236803999     
   61.472246417894510        2.0607483767017660       0.32590403263622447       0.90715682865991953     
   63.643556378429672        2.1128157591424026       0.32565220598217554       0.97673545941985485     
   65.891560899834928        2.1613014990349986       0.32544772658291959        1.0498761593089971     
   68.218968971510208        2.2061557009854291       0.32528169243185767        1.1264579077602841     
   70.628585269218178        2.2448162203235649       0.32476834591615317        1.2046868716144528     
   73.123328588587739        2.2730373321817390       0.32336729747613563        1.2814119594890945     
   75.706175661273647        2.2986106218766524       0.32222967500200184        1.3611128827688330     
   78.380253523498894        2.3216357544937423       0.32130594291744752        1.4434544774149525     
   81.148784610322849        2.3422775459183365       0.32055588656445172        1.5280885250831393     
   84.015122474940881        2.3607575130413996       0.31994684900564241        1.6146614774031443     
   86.982687236203873        2.3773438021811590       0.31945232305300386        1.7028187486123525     
   90.055071705548812        2.3923414637004461       0.31905077552780686        1.7922131585325056     
   93.235978303002270        2.4060811087401919       0.31872472506648736        1.8825067546269298     
   96.529260096906100        2.4189079436819170       0.31845997565637019        1.9733739036851907     
   99.938826062156153        2.4311702570789597       0.31824500573549480        2.0644986847232194     
   103.46886588546354        2.4432093887544024       0.31807045136308648        2.1555790608077148     
   107.12359379692580        2.4553485252973921       0.31792871605212536        2.2463165286497180     
   110.90736836557576        2.4678837500464934       0.31781363051305245        2.3364149743784810     
   114.82483910697920        2.4810762451750867       0.31772018169954297        2.4255789912597958     
   118.88068277378797        2.4951445167339510       0.31764430278308237        2.5135028150090641     
   123.07973629915718        2.5102594546563144       0.31758269099455994        2.5998698696466152     
   127.42715949490271        2.5265412573841015       0.31753266256716578        2.6843536094283253     
   131.92808807993632        2.5440562377163918       0.31749204073131820        2.7666103216414180     
   136.58805281121437        2.5628182279538954       0.31745905602800017        2.8462894624260757     
   141.41261684513370        2.5827887201750515       0.31743227298546034        2.9230316357705757     
   146.40753387824964        2.6038805635414470       0.31741052582261253        2.9964789437287367     
   151.57894168226974        2.5119081324482702       0.30877959978559644        2.9440361898005603     
   156.93294936957258        2.1995279114944388       0.28379091266859707        2.6396443676065222     
   162.47613596373097        1.9439802153785042       0.26350023860938837        2.3792555540893487     
   168.21511902855468        1.7346298808020089       0.24702454133694815        2.1563783955646030     
   174.15674278185460        1.5628767664289356       0.23364668588691487        1.9655925437163362     
   180.30830831190286        1.4217514266017923       0.22278394214704136        1.8023491140791308     
   186.67715947709803        1.3056054973153965       0.21396357093196947        1.6628066029313382     
   193.27089166569760        1.2098465298137133       0.20680164939507401        1.5436724949840142     
   200.09760727912413        1.1307298224570892       0.20098620919758106        1.4420831663922926     
   207.16537088595135        1.0652011741442440       0.19626421673474823        1.3555294006620313     
   214.48286737908427        1.0107576159747482       0.19242998528734262        1.2817909485488963     
   222.05883252794877       0.96534807907881648       0.18931665172259332        1.2189088555563201     
   229.90230130529540       0.92728637159487237       0.18678870248267682        1.1651587847248397     
   238.02291179328489       0.89518278935777962       0.18473602185062907        1.1190325456264474     
   246.43025707061713       0.86789282594065642       0.18306929635024308        1.0792268948810229     
   255.13466811288930       0.84447032188090176       0.18171592457380009        1.0446232626083123     
   264.14653641505117       0.82413452421274236       0.18061700870631012        1.0142744356586291     
   273.47660938458705       0.80624028006157755       0.17972471641761747       0.98738534031997949     
   283.13635184814427       0.79025425006063699       0.17900018007400598       0.96329457866611468     
   293.13729579387660       0.77573715113608543       0.17841186834885592       0.94145905383219641     
   303.49136818478553       0.76232747763903674       0.17793417389450475       0.92143657983559035     
   314.21129214162710       0.74972833400001193       0.17754628867157382       0.90287028132409408     
   325.30973137660959       0.73769801501555865       0.17723133554043932       0.88547668184710693     
   336.80032369109853       0.72604012185328171       0.17697559536097926       0.86903192630136605     
   348.69678677735646       0.71459739367247754       0.17676793849532335       0.85336275654085714     
   361.01330816366544       0.70324529148681825       0.17659932629724659       0.83833674986028950     
   373.76502243504467       0.69035911985310328       0.17503081566231340       0.82137016483766223     
   386.96715283564077       0.67262994573110246       0.16901159925924694       0.79719555683744836     
   400.63544401132759       0.65597195153412724       0.16412414559758071       0.77548328666804833     
   414.78669160661980       0.64012225151110247       0.16015556058292846       0.75580206141264572     
   429.43761284149554       0.62487542859847067       0.15693316848690478       0.73780880841395968     
   444.60621081975989       0.61007188213685803       0.15431660414299866       0.72122939600634195     
   460.31059410826708       0.59559073324007927       0.15219199645878470       0.70584615405712381     
   476.56949149896485       0.58134231938563674       0.15046686798516429       0.69148584060080809     
   493.40288198244309       0.56726193437646744       0.14906607332137900       0.67801004234734663     
   510.83065126063684       0.55330619928847014       0.14792866297586091       0.66530895548705349     
   528.87421463804299       0.53944771083057030       0.14700509214221005       0.65329416141321783     
   547.55511287104378       0.52567284735259767       0.14625516764879629       0.64189495148621434     
   566.89562449487210       0.51197845582880208       0.14564624765558187       0.63105406046926826     
   586.91951519858117       0.49836901261524730       0.14515180802965882       0.62072432580953296     
   607.65068989177485       0.48485562386630571       0.14475033109634219       0.61086711364323032     
   629.11387223602765       0.47145388164710078       0.14442434183521322       0.60145008014428880     
   651.33543626567803       0.45818201503586559       0.14415964037997495       0.59244544586072179     
   674.34163286578985       0.44506085570481246       0.14394470939726486       0.58382967408360598     
   698.16073213207346       0.43211163710542688       0.14377018664242916       0.57558177724474124     
   722.82116976782140       0.40724671230960219       0.13155240995764764       0.54493442313488405     
   748.35235540965130       0.38143892030496374       0.11819988033754573       0.51243033162402851     
   774.78566186873422       0.35836709411673023       0.10735770102981006       0.48495198016250540     
   802.15264573967897       0.33757967034265191        9.8554027799116789E-002  0.46161682918208286     
   830.48594444209971       0.31871229915623089        9.1405664609259960E-002  0.44170051572864161     
   859.82037403360118       0.30147032357951437        8.5601233713666153E-002  0.42460810116360215     
   890.19058800385733       0.28561656179842493        8.0888180529516629E-002  0.40985246081761134     
   921.63390537915473       0.27095854912607981        7.7061207726362074E-002  0.39703355585058470     
   954.18786380243341       0.25734092021333671        7.3953768062669761E-002  0.38582399678346757     
   987.89128659474920       0.24463754141576313        7.1430604523478700E-002  0.37595545030997096     
   1022.7855886411724       0.23274527017328031        6.9381809853630461E-002  0.36720767317139219     
   1058.9119914466876       0.22158027871074720        6.7718239657674414E-002  0.35940048919096063     
   1096.3148872627712       0.21107313603578326        6.6367429970766251E-002  0.35238571256839413     
   1135.0389283928459       0.20116671906786943        6.5270594478301233E-002  0.34604189307656685     
   1175.1302964981960       0.19181334947922243        6.4379991402265954E-002  0.34026914942396419     
   1216.6382559936744       0.18297254813989264        6.3656826689876295E-002  0.33498503811845509     
   1259.6123598874483       0.17461014985187276        6.3069628706966571E-002  0.33012173364152936     
   1304.1038583964914       0.16669671307658682        6.2592838583549068E-002  0.32562317179932559     
   1350.1674228314519       0.15920628847812776        6.2205687672273947E-002  0.32144277437970931     
   1397.8574692241625       0.13550097997473740        5.3890588602781654E-002  0.28518530018812260     
   1447.2325992722181       0.11470272581151079        4.6119760013128674E-002  0.25270735530670346     
   1498.3517579647787        9.7900032256763053E-002   3.9809973604576991E-002  0.22638049617325245     
   1551.2759091786245        7.6125779663827664E-002   3.2392628690697721E-002  0.18269766181202027     
   1606.0700862978565        5.9025007680316412E-002   2.6302287573551145E-002  0.14696000071183879     
   1662.7990190437411        4.5784302719597020E-002   2.1357082417173934E-002  0.11825018893685946     
   1721.5324161293761        3.5530687710063964E-002   1.7341603512093375E-002   9.5178022935601736E-002
   1782.3403946248577        2.7588748484612055E-002   1.4081099960021753E-002   7.6630712424834588E-002
   1845.2954731357936        2.1435690611813111E-002   1.1433652359312501E-002   6.1716296028660161E-002
   1910.4750110852074        1.6666818023483930E-002   9.2839397272197772E-003   4.9719186785943635E-002
   1977.9568210713478        1.2969254493724876E-002   7.5384080388318092E-003   4.0065937639567888E-002
   2047.8213808026539        1.0100959420004564E-002   6.1210798235478764E-003   3.2296385967406679E-002
   2120.1545400970977        7.8746397762777618E-003   4.9702172465506608E-003   2.6040957891525024E-002
   2195.0417479108573        6.1455441816266618E-003   4.0357455247574201E-003   2.1003233038318778E-002
   2272.5750259096239        4.8016266118528399E-003   3.2769597175768832E-003   1.6944901738894794E-002
   2352.8469348264384        3.7562651994224516E-003   2.6608379851370818E-003   1.3674666676644636E-002
   2435.9532056335870        2.9424296789670079E-003   2.1605624981632428E-003   1.1038766127344746E-002
   2521.9959596104222        2.3082191394185989E-003   1.7543416031450016E-003   8.9135072797965516E-003
   2611.0779162676686        1.8134795492485043E-003   1.4244968442902453E-003   7.1995076085744816E-003
   2703.3053132971791        1.4271090515534861E-003   1.1566711230510493E-003   5.8168126383612720E-003
   2798.7914800504532        1.1249976975253990E-003   9.3919813661950784E-004   4.7010458305013344E-003
   2897.6492167059700        8.8846978575984480E-004   7.6261549318658295E-004   3.8004476553583216E-003
   3000.0000000000000        7.0302775489268195E-004   6.1923137518009482E-004   3.0733044539223335E-003
