         200   4370.0000000000000     
   3.0000000000000000        2.1077127336998460E-003   1.5927192362328648        1.0160233559068344E-003
   3.1059655287322618        2.2594165326220400E-003   1.5927192362328648        1.0833426771635756E-003
   3.2156739552243598        2.4220217904926044E-003   1.5927192362328648        1.1553703338638547E-003
   3.3292574962321346        2.5962893707648540E-003   1.5927192362328648        1.2324410332905959E-003
   3.4468529954360925        2.7830342622453459E-003   1.5927192362328648        1.3149132360954542E-003
   3.5686022069563790        2.9831311443673054E-003   1.5927192362328648        1.4031708972235802E-003
   3.6946518254059528        3.1975203996631369E-003   1.5927192362328648        1.4976251442282713E-003
   3.8251536998800524        3.4272153625783210E-003   1.5927192362328648        1.5987162037963355E-003
   3.9602651907155879        3.6733109116523811E-003   1.5927192362328648        1.7069155860864030E-003
   4.1001490688558144        3.9369924288182572E-003   1.5927192362328648        1.8227280630953541E-003
   4.2449739038313119        4.2195469039780836E-003   1.5927192362328648        1.9466941915078527E-003
   4.3949142193596993        4.5223750331028776E-003   1.5927192362328648        2.0793928435456875E-003
   4.5501507036585132        4.8470049184736247E-003   1.5927192362328648        2.2214439865676843E-003
   4.7108703059600501        5.1951071335773289E-003   1.5927192362328648        2.3735115821674909E-003
   4.8772669425686850        5.5685128538708970E-003   1.5927192362328648        2.5363073224244259E-003
   5.0495410155906377        5.9692312686705539E-003   1.5927192362328648        2.7105935234552525E-003
   5.2279001269311909        6.3994715725132810E-003   1.5927192362328648        2.8971874602643582E-003
   5.4125592113782046        6.8616658791017969E-003   1.5927192362328648        3.0969655069701691E-003
   5.6037407956130689        7.3584947646918308E-003   1.5927192362328648        3.3108677805239414E-003
   5.8016752663703963        7.8929154257141500E-003   1.5927192362328648        3.5399032192698350E-003
   6.0066011480696169        8.4681927330100496E-003   1.5927192362328648        3.7851551396728801E-003
   6.2187653902530293        9.0879335243477764E-003   1.5927192362328648        4.0477873177126034E-003
   6.4384236651766908        9.7561245483187096E-003   1.5927192362328648        4.3290506447930584E-003
   6.6658406759127811        1.0477174557879356E-002   1.5927192362328648        4.6302904116239567E-003
   6.9012904753346884        1.1255961152683173E-002   1.5927192362328648        4.9529542774659919E-003
   7.1450567963692624        1.2097883088293154E-002   1.5927192362328648        5.2986009865038861E-003
   7.3974330131920443        1.3008917504802294E-002   1.5927192362328648        5.6689093298153198E-003
   7.6587243988323896        1.3995692931647074E-002   1.5927192362328648        6.0656914026090318E-003
   7.9292442763577622        1.5065548115930227E-002   1.5927192362328648        6.4908976504825106E-003
   8.2093202460023029        1.6226638837792216E-002   1.5927192362328648        6.9466382454431968E-003
   8.4992881560440416        1.7488008546628703E-002   1.5927192362328648        7.4351865455771051E-003
   8.7994991583321234        1.8859725677115583E-002   1.5927192362328648        7.9590047620197567E-003
   9.1103132457223861        2.0352978876388299E-002   1.5927192362328648        8.5207485218281639E-003
   9.4321068148357909        2.1980252954319570E-002   1.5927192362328648        9.1232970068327625E-003
   9.7652657388916850        2.3755456943845957E-002   1.5927192362328648        9.7697588927406192E-003
   10.110193474162946        2.5694149384504809E-002   1.5927192362328648        1.0463507776259959E-002
   10.467303634806061        2.7813707540972104E-002   1.5927192362328648        1.1208189840335519E-002
   10.837027566606025        3.0133604834261342E-002   1.5927192362328648        1.2007763102884825E-002
   11.219811965471335        3.2675662589152207E-002   1.5927192362328648        1.2866519537910825E-002
   11.616115840724994        3.5464319010806510E-002   1.5927192362328648        1.3789106858183929E-002
   12.026419117330413        3.8527004806910646E-002   1.5927192362328648        1.4780579832892606E-002
   12.451213803399156        4.1894421626515188E-002   1.5927192362328648        1.5846414484628785E-002
   12.891014326336300        4.5600979851585441E-002   1.5927192362328648        1.6992571291967264E-002
   13.346348065368609        4.9685097058903144E-002   1.5927192362328648        1.8225513221917015E-002
   13.817766430769083        5.4189672777717517E-002   1.5927192362328648        1.9552280570432887E-002
   14.305834715756038        5.9162377681065789E-002   1.5927192362328648        2.0980513736259251E-002
   14.811143972217785        6.4656141277470186E-002   1.5927192362328648        2.2518541906059241E-002
   15.334300133051286        7.0729400884427390E-002   1.5927192362328648        2.4175411601124523E-002
   15.875936741648431        7.7446583281470915E-002   1.5927192362328648        2.5960991752431165E-002
   16.436703292225193        8.4878289832945611E-002   1.5927192362328648        2.7886009149942548E-002
   17.017278874447534        9.3101764019007591E-002   1.5927192362328648        2.9962172802227544E-002
   17.618359675531394       0.10220099542458023        1.5927192362328648        3.2202217478324781E-002
   18.240671728221173       0.11226713455910289        1.5927192362328648        3.4620043157169815E-002
   18.884968846184627       0.12339867496907320        1.5927192362328648        3.7230813144926524E-002
   19.552019805756849       0.13570135218303794        1.5927192362328648        4.0051012422855886E-002
   20.242632201214423       0.14928859258475849        1.5925980811349629        4.3098644455408230E-002
   20.957638264717446       0.16428117345715854        1.5922944959696168        4.6393328981270861E-002
   21.697899624358065       0.18080700738813424        1.5920479894492192        4.9956521932290124E-002
   22.464312967141105       0.19900070927138849        1.5918478288495337        5.3811599217344755E-002
   23.257792778673313       0.21900225858365624        1.5916853025655491        5.7983973898373772E-002
   24.079299719823517       0.24095631198439019        1.5915533337037227        6.2501416147954250E-002
   24.929823759061236       0.26500992863503725        1.5914461770022659        6.7394158861838485E-002
   25.810395145829254       0.29131039192598257        1.5913591669321494        7.2695159167266848E-002
   26.722064579292049       0.32000149268186567        1.5912885165474711        7.8440187654832905E-002
   27.665935811728254       0.35122073749260130        1.5912311495135059        8.4668242670018184E-002
   28.643146268414043       0.38509439914433152        1.5911845683575647        9.1421658822538290E-002
   29.654879655490589       0.42173302070329149        1.5911467449681789        9.8746415265923024E-002
   30.702343174827575       0.46112731365184562        1.5786364539259361       0.10664841493452924     
   31.786804983723918       0.50339622145377316        1.5628590377617073       0.11520633137566787     
   32.909571928103169       0.54861877226935918        1.5500480166596828       0.12449991785068262     
   34.072004028335677       0.59678651558489637        1.5396456075784632       0.13459087890674670     
   35.275488300232773       0.64784843786639346        1.5311990656760495       0.14554528765213554     
   36.521481794408061       0.70170895889530127        1.5243406025776167       0.15743395571146732     
   37.811486012809581       0.75822424717473780        1.5187716352278973       0.17033211286486022     
   39.147055493126302       0.81720134275870526        1.5142497187435309       0.18431925355460607     
   40.529808025860810       0.87839897423581681        1.5105779719930699       0.19947886525200192     
   41.961393513511240       0.94152827747325729        1.5075965892632912       0.21589751197355189     
   43.443545167355794        1.0062589570681042        1.5051757519939406       0.23366460858949015     
   44.978049075047366        1.0722236068676325        1.5032100690824048       0.25287106441293433     
   46.566763998623138        1.1390259089801054        1.5016139560476296       0.27360823504153375     
   48.211585595230147        1.2062480014861507        1.5003179451405395       0.29596589584243843     
   49.914505239722644        1.2734630947609669        1.4992656040660388       0.32003120239439076     
   51.677575059319224        1.3402451131682249        1.4984111191762648       0.34588621624973714     
   53.502930680545909        1.4061813625843318        1.4977172867872381       0.37360605036631245     
   55.392750120602578        1.4708831678043734        1.4971539091790842       0.40325600335179668     
   57.349321371645829        1.5340003725073499        1.4966964551605495       0.43489042445278514     
   59.375002227322796        1.5952315194721862        1.4963250094799849       0.46855018452382197     
   61.472246417894510        1.6543356090068961        1.4960233996481120       0.50426159222383038     
   63.643556378429672        1.7111406910196723        1.4957784986772709       0.54203469118308201     
   65.891560899834928        1.7655546348563729        1.4955796428270665       0.58186448988580564     
   68.218968971510208        1.8175708166600115        1.4954181749119959       0.62373104259179424     
   70.628585269218178        1.8650604589353494        1.4946321918771701       0.66643783798544765     
   73.123328588587739        1.9043946929935853        1.4922912410270970       0.70785005732878337     
   75.706175661273647        1.9423493934318266        1.4903904371563532       0.75129094069212199     
   78.380253523498894        1.9791813403839931        1.4888470134267981       0.79666264470722081     
   81.148784610322849        2.0152481653264407        1.4875937769169107       0.84387878787712423     
   84.015122474940881        2.0510022169470350        1.4865761625716132       0.89287017068296115     
   86.982687236203873        2.0869809717136532        1.4857498806843166       0.94358859288856012     
   90.055071705548812        2.1237973075333181        1.4850789524040338       0.99601304264855028     
   93.235978303002270        2.1621253696042042        1.4845341688813571        1.0501521425793476     
   96.529260096906100        2.2026854715531234        1.4840918106166681        1.1060472911442498     
   99.938826062156153        2.2462251267681093        1.4837326267336282        1.1637722720083452     
   103.46886588546354        2.2935021484832099        1.4834409714312140        1.2234369913082646     
   107.12359379692580        2.3452600404239017        1.4832041520699399        1.2851818011183391     
   110.90736836557576        2.4022068418488871        1.4830118606524305        1.3491770076844187     
   114.82483910697920        2.4649943471676421        1.4828557210978150        1.4156217680992029     
   118.88068277378797        2.5341911356716524        1.4827289383193485        1.4847351278146872     
   123.07973629915718        2.6102622294629749        1.4826259938639010        1.5567529581997510     
   127.42715949490271        2.6935518509088521        1.4825424035423305        1.6319247968921935     
   131.92808807993632        2.7842591877655285        1.4824745302851008        1.7105013368973432     
   136.58805281121437        2.8824319886020509        1.4824194175801679        1.7927346448536425     
   141.41261684513370        2.9879490272754397        1.4823746669602667        1.8788643888495247     
   146.40753387824964        3.1005173902404373        1.4823383305725302        1.9691127420047301     
   151.57894168226974        3.0850213953253318        1.4480002192717947        1.9886636134135609     
   156.93294936957258        2.8003706360393852        1.3484977417270922        1.8525980002061835     
   162.47613596373097        2.5690311634633254        1.2677022869482826        1.7386439528546140     
   168.21511902855468        2.3815080632084329        1.2020976919486097        1.6432822192545080     
   174.15674278185460        2.2301668800265753        1.1488283963157209        1.5637207660432233     
   180.30830831190286        2.1088245193480231        1.1055740264486744        1.4977622952921357     
   186.67715947709803        2.0124392542036054        1.0704521817253250        1.4436992010442757     
   193.27089166569760        1.9368532740297202        1.0419341193891438        1.4002155862705956     
   200.09760727912413        1.8785972393441162        1.0187776124084296        1.3663048201230372     
   207.16537088595135        1.8347472669779092       0.99997510602626793        1.3412019743230843     
   214.48286737908427        1.8028063210437180       0.98470757609520720        1.3243188956832834     
   222.05883252794877        1.7806233980943305       0.97231059014451715        1.3151934652501971     
   229.90230130529540        1.7663281433214060       0.96224454660644565        1.3134436632940800     
   238.02291179328489        1.7582839930748486       0.95407097560047815        1.3187318811763282     
   246.43025707061713        1.7550545962955155       0.94743423970879603        1.3307374535673757     
   255.13466811288930        1.7553774279288303       0.94204524731537309        1.3491381394953481     
   264.14653641505117        1.7581451729109330       0.93766947315338689        1.3735981046536896     
   273.47660938458705        1.7623910113075436       0.93411645362086182        1.4037635890574081     
   283.13635184814427        1.7672775402183607       0.93123142164927519        1.4392653669146211     
   293.13729579387660        1.7720871161191774       0.92888882261848493        1.4797217107031813     
   303.49136818478553        1.7762139031817576       0.92698669060591654        1.5247469008722880     
   314.21129214162710        1.7791565944678829       0.92544217005932183        1.5739620030745665     
   325.30973137660959        1.7805109890919584       0.92418805788001124        1.6269999511417570     
   336.80032369109853        1.7799632062074850       0.92316972581059009        1.6835182631031913     
   348.69678677735646        1.7772824250341441       0.92234285673518868        1.7432013220343787     
   361.01330816366544        1.7723138249209012       0.92167145965960839        1.8057668310967308     
   373.76502243504467        1.7490746429421382       0.90086462324755334        1.8534527107066288     
   386.96715283564077        1.6709530461878763       0.81680433690858623        1.8405256576797109     
   400.63544401132759        1.5992841176715444       0.74854948000415866        1.8323872918586659     
   414.78669160661980        1.5329811327005878       0.69312691826966999        1.8293478351640342     
   429.43761284149554        1.4711504826234272       0.64812517981246143        1.8316942798094056     
   444.60621081975989        1.4130604507082933       0.61158402009255686        1.8396438772852659     
   460.31059410826708        1.3581237537321333       0.58191319280647003        1.8533232158119017     
   476.56949149896485        1.3058744912533218       0.55782122073678897        1.8727671287876480     
   493.40288198244309        1.2559477424654599       0.53825867427643836        1.8979316640892532     
   510.83065126063684        1.2080670086349219       0.52237437424023159        1.9287103971716568     
   528.87421463804299        1.1620244432220286       0.50947641152677470        1.9649559689661582     
   547.55511287104378        1.1176715996303102       0.49900347561158093        2.0064947797551653     
   566.89562449487210        1.0749059820261895       0.49049971273623072        2.0531413169374138     
   586.91951519858117        1.0336594994066244       0.48359470488316925        2.1047096899710618     
   607.65068989177485       0.99389282852161742       0.47798795082862755        2.1610162903579546     
   629.11387223602765       0.95558645951562415       0.47343540631137665        2.2218841903571409     
   651.33543626567803       0.91873327124574378       0.46973876564725936        2.2871462558274018     
   674.34163286578985       0.88333662428990056       0.46673718558436267        2.3566390000547446     
   698.16073213207346       0.84940280044964256       0.46429991937530968        2.4302066832950464     
   722.82116976782140       0.81159634046683293       0.45689980861988189        2.4953593586987730     
   748.35235540965130       0.77474147181688535       0.44935043772522981        2.5627626666999817     
   774.78566186873422       0.74046143710201973       0.44322039081807418        2.6360808413246817     
   802.15264573967897       0.70855475057499440       0.43824289244549969        2.7147795560895975     
   830.48594444209971       0.67885252835719190       0.43420128785481277        2.7983708334461084     
   859.82037403360118       0.65121021843781346       0.43091952755096452        2.8864036453538149     
   890.19058800385733       0.62550422951451856       0.42825481999773707        2.9784459296569028     
   921.63390537915473       0.60162479011202652       0.42609109238081766        3.0740834521098277     
   954.18786380243341       0.57947464669789195       0.42433418075272883        3.1729040011760028     
   987.89128659474920       0.55896537259908341       0.42290761231010521        3.2744931909760755     
   1022.7855886411724       0.54001468741729197       0.42174924672023556        3.3784317864139770     
   1058.9119914466876       0.52254657238366331       0.42080868273903649        3.4842815063498795     
   1096.3148872627712       0.50648831531728289       0.42004495005131937        3.5915899114669099     
   1135.0389283928459       0.49177115097404656       0.41942481153235689        3.6998774931514893     
   1175.1302964981960       0.47832893959500339       0.41892127451486338        3.8086380488384055     
   1216.6382559936744       0.46609730155008366       0.41851240527531863        3.9173402165496296     
   1259.6123598874483       0.45501424014736686       0.41818041010378976        4.0254184363970564     
   1304.1038583964914       0.44501936208733922       0.41791083830106684        4.1322768419645275     
   1350.1674228314519       0.43605341147809490       0.41769194750624655        4.2372944908201209     
   1397.8574692241625       0.37223036773183288       0.35240884131115507        3.8639339440284726     
   1447.2325992722181       0.31303107529498397       0.28975741352337503        3.5100065974051460     
   1498.3517579647787       0.26450958223903070       0.23888547329578369        3.2210569898587700     
   1551.2759091786245       0.21086108931901185       0.19407470080689959        2.6816699291849937     
   1606.0700862978565       0.16805554195739933       0.15758550008755079        2.2219213196255856     
   1662.7990190437411       0.13417650477521878       0.12795717877047763        1.8381801216230955     
   1721.5324161293761       0.10731180131927497       0.10389914771220443        1.5182843005413746     
   1782.3403946248577        8.5969455804191672E-002   8.4364417839236164E-002   1.2519860005872445     
   1845.2954731357936        6.8982685147350634E-002   6.8502704178525040E-002   1.0306393718029572     
   1910.4750110852074        5.5437202157829803E-002   5.5623081475536032E-002  0.84694637118245797     
   1977.9568210713478        4.4616335979608748E-002   4.5165037350511375E-002  0.69476223863238940     
   2047.8213808026539        3.5956823733731269E-002   3.6673366237527642E-002  0.56890865846924987     
   2120.1545400970977        2.9014946343589278E-002   2.9778176827823053E-002  0.46502139023347061     
   2195.0417479108573        2.3441032806054800E-002   2.4179454922563980E-002  0.37943377600941747     
   2272.5750259096239        1.8958451652242702E-002   1.9633324075598330E-002  0.30905999029529324     
   2352.8469348264384        1.5348300201706053E-002   1.5941939778706730E-002  0.25131250972946428     
   2435.9532056335870        1.2436837213589267E-002   1.2944627754957503E-002  0.20402204128462698     
   2521.9959596104222        1.0085813423543437E-002   1.0510827169801047E-002  0.16537182728082639     
   2611.0779162676686        8.1851642757472792E-003   8.5346206847174682E-003  0.13384609215412224     
   2703.3053132971791        6.6470016760496863E-003   6.9299902851841181E-003  0.10818135349447962     
   2798.7914800504532        5.4009720367190830E-003   5.6270393830424722E-003   8.7326250734693606E-002
   2897.6492167059700        4.3907514857778737E-003   4.5690757327575115E-003   7.0409804285036973E-002
   3000.0000000000000        3.5710711260310102E-003   3.7100151709154989E-003   5.6710686805382118E-002
