         200   4370.0000000000000     
   3.0000000000000000        1.3018366476445985E-003   2.0113512193713623        6.3561004391496953E-004
   3.1059655287322618        1.3931358134314049E-003   2.0113512193713623        6.7758989989916076E-004
   3.2156739552243598        1.4905135105013215E-003   2.0113512193713623        7.2247996897805095E-004
   3.3292574962321346        1.5943031908457368E-003   2.0113512193713623        7.7048196940806592E-004
   3.4468529954360925        1.7048495815626670E-003   2.0113512193713623        8.2181084667983569E-004
   3.5686022069563790        1.8225098144582783E-003   2.0113512193713623        8.7669553633026019E-004
   3.6946518254059528        1.9476547631796758E-003   2.0113512193713623        9.3537963571575301E-004
   3.8251536998800524        2.0806710501016256E-003   2.0113512193713623        9.9812217350669246E-004
   3.9602651907155879        2.2219637616265392E-003   2.0113512193713623        1.0651984778118507E-003
   4.1001490688558144        2.3719592839831129E-003   2.0113512193713623        1.1369008510339132E-003
   4.2449739038313119        2.5311092509022705E-003   2.0113512193713623        1.2135395133485436E-003
   4.3949142193596993        2.6998948839559661E-003   2.0113512193713623        1.2954434783165512E-003
   4.5501507036585132        2.8788320145205731E-003   2.0113512193713623        1.3829615071243738E-003
   4.7108703059600501        3.0684765815092441E-003   2.0113512193713623        1.4764630594264140E-003
   4.8772669425686850        3.2694314400966572E-003   2.0113512193713623        1.5763396797558032E-003
   5.0495410155906377        3.4823523201227588E-003   2.0113512193713623        1.6830057851137164E-003
   5.2279001269311909        3.7079557043832095E-003   2.0113512193713623        1.7969002565460085E-003
   5.4125592113782046        3.9470264966384103E-003   2.0113512193713623        1.9184878265072615E-003
   5.6037407956130689        4.2004262636511028E-003   2.0113512193713623        2.0482606892184619E-003
   5.8016752663703963        4.4691018758392697E-003   2.0113512193713623        2.1867402885491251E-003
   6.0066011480696169        4.7540945153504181E-003   2.0113512193713623        2.3344793056362524E-003
   6.2187653902530293        5.0565490319418047E-003   2.0113512193713623        2.4920638687290489E-003
   6.4384236651766908        5.3777236425766308E-003   2.0113512193713623        2.6601160076883874E-003
   6.6658406759127811        5.7189999901334151E-003   2.0113512193713623        2.8392963752179351E-003
   6.9012904753346884        6.0818936000842962E-003   2.0113512193713623        3.0303072563311246E-003
   7.1450567963692624        6.4680648014447039E-003   2.0113512193713623        3.2338958868604294E-003
   7.3974330131920443        6.8793295804124924E-003   2.0113512193713623        3.4508577691002239E-003
   7.6587243988323896        7.3176749051791813E-003   2.0113512193713623        3.6820423281652623E-003
   7.9292442763577622        7.7852647622213772E-003   2.0113512193713623        3.9283535791905999E-003
   8.2093202460023029        8.2844641583135863E-003   2.0113512193713623        4.1907600831556768E-003
   8.4992881560440416        8.8178434658234637E-003   2.0113512193713623        4.4702942487168471E-003
   8.7994991583321234        9.3882074189766337E-003   2.0113512193713623        4.7680641581751325E-003
   9.1103132457223861        9.9986015370166059E-003   2.0113512193713623        5.0852529591120391E-003
   9.4321068148357909        1.0652347195638704E-002   2.0113512193713623        5.4231324607442108E-003
   9.7652657388916850        1.1353051396000671E-002   2.0113512193713623        5.7830626156855115E-003
   10.110193474162946        1.2104649836596345E-002   2.0113512193713623        6.1665071207873427E-003
   10.467303634806061        1.2911421373237628E-002   2.0113512193713623        6.5750330081238940E-003
   10.837027566606025        1.3778038364003238E-002   2.0113512193713623        7.0103272106494929E-003
   11.219811965471335        1.4709600159623967E-002   2.0113512193713623        7.4742029728912451E-003
   11.616115840724994        1.5711667804992467E-002   2.0113512193713623        7.9686055771000432E-003
   12.026419117330413        1.6790332110598449E-002   2.0113512193713623        8.4956332280699716E-003
   12.451213803399156        1.7952242242393061E-002   2.0113512193713623        9.0575372173133401E-003
   12.891014326336300        1.9204687741176694E-002   2.0113512193713623        9.6567473598290696E-003
   13.346348065368609        2.0555630582622539E-002   2.0113512193713623        1.0295872609112595E-002
   13.817766430769083        2.2013797495400365E-002   2.0113512193713623        1.0977730463059294E-002
   14.305834715756038        2.3588712412553590E-002   2.0113512193713623        1.1705348201395790E-002
   14.811143972217785        2.5290797348161798E-002   2.0113512193713623        1.2481996936235789E-002
   15.334300133051286        2.7131402137022947E-002   2.0113512193713623        1.3311193649142454E-002
   15.875936741648431        2.9122913088960114E-002   2.0113512193713623        1.4196740635502436E-002
   16.436703292225193        3.1278778178749723E-002   2.0113512193713623        1.5142728500339063E-002
   17.017278874447534        3.3613624650485320E-002   2.0113512193713623        1.6153581810408348E-002
   17.618359675531394        3.6143279320802510E-002   2.0113512193713623        1.7234063170508487E-002
   18.240671728221173        3.8884889040232899E-002   2.0113512193713623        1.8389322421733842E-002
   18.884968846184627        4.1856986676558378E-002   2.0113512193713623        1.9624923373371884E-002
   19.552019805756849        4.5079501092600442E-002   2.0113512193713623        2.0946850230793772E-002
   20.242632201214423        4.8573936223912949E-002   2.0112012724205410        2.2361543989234997E-002
   20.957638264717446        5.2363370419938250E-002   2.0108255418846710        2.3875956239400573E-002
   21.697899624358065        5.6472531608466305E-002   2.0105204544246202        2.5497717326854467E-002
   22.464312967141105        6.0927866571478938E-002   2.0102727267423601        2.7234990894776323E-002
   23.257792778673313        6.5757451111781995E-002   2.0100715769671238        2.9096558838717545E-002
   24.079299719823517        7.0991134441797124E-002   2.0099082464199420        3.1091933563235991E-002
   24.929823759061236        7.6660382585554160E-002   2.0097756245086749        3.3231371396020934E-002
   25.810395145829254        8.2798243201979260E-002   2.0096679369665860        3.5525953992937905E-002
   26.722064579292049        8.9439050180362120E-002   2.0095804969005853        3.7987593918791134E-002
   27.665935811728254        9.6618446362350674E-002   2.0095094969016607        4.0629180706330453E-002
   28.643146268414043       0.10437300225674494        2.0094518459862640        4.3464595522392811E-002
   29.654879655490589       0.11274003084112456        2.0094050340732172        4.6508814628372940E-002
   30.702343174827575       0.12163589719548755        1.9939254100904551        4.9724979452032983E-002
   31.786804983723918       0.13116813196983412        1.9744032088829955        5.3160862596921196E-002
   32.909571928103169       0.14143471772354407        1.9585514794855223        5.6861447488899861E-002
   34.072004028335677       0.15247090637650756        1.9456800485102705        6.0845860427030614E-002
   35.275488300232773       0.16431150720625179        1.9352287116874431        6.5134725273946856E-002
   36.521481794408061       0.17699125122557235        1.9267423857144326        6.9750379402199691E-002
   37.811486012809581       0.19054465024038675        1.9198516185579260        7.4716859020321866E-002
   39.147055493126302       0.20500633921604292        1.9142564208061410        8.0060003389152382E-002
   40.529808025860810       0.22041162451254157        1.9097131813999497        8.5807574976968240E-002
   41.961393513511240       0.23679674404227843        1.9060241645849398        9.1989209116808746E-002
   43.443545167355794       0.25420021535867277        1.9030287392395686        9.8636710659372406E-002
   44.978049075047366       0.27266342598951748        1.9005964995807043       0.10578401744321438     
   46.566763998623138       0.29223191016273004        1.8986215475676258       0.11346738355349598     
   48.211585595230147       0.31295602348260787        1.8970179272135823       0.12172530446846640     
   49.914505239722644       0.33489280788675585        1.8957158119634354       0.13059890973795521     
   51.677575059319224       0.35810666463522212        1.8946585142555459       0.14013191470005307     
   53.502930680545909       0.38267063796648254        1.8938000000754123       0.15037087070436031     
   55.392750120602578       0.40866665996547796        1.8931029042450376       0.16136507600990158     
   57.349321371645829       0.43618699425303964        1.8925368730711065       0.17316711348199040     
   59.375002227322796       0.46533388785902829        1.8920772643976582       0.18583280253740539     
   61.472246417894510       0.49621970875932647        1.8917040671793919       0.19942154769204326     
   63.643556378429672       0.52896552725483037        1.8914010387253766       0.21399623187335426     
   65.891560899834928       0.56370100632279452        1.8911549842460782       0.22962393177803267     
   68.218968971510208       0.60056191384166990        1.8909551917646108       0.24637583999769977     
   70.628585269218178       0.63694813767497127        1.8899823131264109       0.26312777418575189     
   73.123328588587739       0.66828662161160823        1.8870845691775984       0.27788543955836015     
   75.706175661273647       0.70276358895094970        1.8847316607796447       0.29425687131497991     
   78.380253523498894       0.74037200347656529        1.8828211350748327       0.31227798596068868     
   81.148784610322849       0.78110705359973487        1.8812698173644071       0.33199541723476017     
   84.015122474940881       0.82496188501801737        1.8800101643429807       0.35346600386775412     
   86.982687236203873       0.87192246513817828        1.8789873520362386       0.37675556709912272     
   90.055071705548812       0.92196580705651998        1.8781568440551693       0.40193897600735784     
   93.235978303002270       0.97505642626196809        1.8774824842512470       0.42909894207129157     
   96.529260096906100        1.0311452602829407        1.8769349114627512       0.45832559727835931     
   99.938826062156153        1.0901671191844409        1.8764902960093464       0.48971485146031141     
   103.46886588546354        1.1520443862141290        1.8761292707500241       0.52336962693572397     
   107.12359379692580        1.2166830408406519        1.8758361241121646       0.55939667430136841     
   110.90736836557576        1.2839755770433821        1.8755980963502947       0.59790672968238923     
   114.82483910697920        1.3538047218488689        1.8754048191400763       0.63901513261583565     
   118.88068277378797        1.4260397904726825        1.8752478811893747       0.68283815060463793     
   123.07973629915718        1.5005398298025272        1.8751204514858224       0.72949319818443725     
   127.42715949490271        1.5771567941203293        1.8750169792798628       0.77909955365616457     
   131.92808807993632        1.6557290513249974        1.8749329624281521       0.83177321331389054     
   136.58805281121437        1.7360876625932917        1.8748647412148749       0.88763030919375807     
   141.41261684513370        1.8180481886052480        1.8748093466994293       0.94678139934022842     
   146.40753387824964        1.9014110016117749        1.8747643677338566        1.0093315882856713     
   151.57894168226974        1.9859614293926424        1.8747278450655895        1.0753811798857800     
   156.93294936957258        2.0714596179178475        1.8746981895694645        1.1450184479747310     
   162.47613596373097        2.1576453757936913        1.8746741094726183        1.2183237941760883     
   168.21511902855468        2.2442282779424585        1.8746545568256727        1.2953617950291421     
   174.15674278185460        2.2927253828274181        1.8662520191063514        1.3304357464783059     
   180.30830831190286        2.3299544844399951        1.8561295947995007        1.3528943467506218     
   186.67715947709803        2.3723234467134464        1.8479103509214374        1.3831237708145456     
   193.27089166569760        2.4186116873903631        1.8412365297962374        1.4208736638583719     
   200.09760727912413        2.4677402225649114        1.8358174244007852        1.4659006398691747     
   207.16537088595135        2.5187342988964589        1.8314172459166758        1.5179546481225732     
   214.48286737908427        2.5707043741504472        1.8278443256185788        1.5767776091314722     
   222.05883252794877        2.6228262228578703        1.8249431724563676        1.6420973965972212     
   229.90230130529540        2.6743332690363393        1.8225875084137102        1.7136301761664239     
   238.02291179328489        2.7245137625925024        1.8206747223974324        1.7910859623821009     
   246.43025707061713        2.7727054365909387        1.8191215878375098        1.8741662454073129     
   255.13466811288930        2.8183016063545940        1.8178604512688774        1.9625755698093645     
   264.14653641505117        2.8607500474464449        1.8168364288897547        2.0560191664492375     
   273.47660938458705        2.8995585975745053        1.8160049482465415        2.1542098788673374     
   283.13635184814427        2.9343002369974545        1.8153297906186503        2.2568759030104828     
   293.13729579387660        2.9646138219039995        1.8147815736074395        2.3637574242890906     
   303.49136818478553        2.9902084502552602        1.8143364350612563        2.4746131025489002     
   314.21129214162710        3.0108658558190000        1.8139749850535127        2.5892269750952055     
   325.30973137660959        3.0264389410125530        1.8136814966580845        2.7074013134603550     
   336.80032369109853        3.0368529518408987        1.8134431857238749        2.8289690190040320     
   348.69678677735646        3.0421019656142598        1.8132496811218344        2.9537847341189196     
   361.01330816366544        3.0422464188746137        1.8130925602090062        3.0817289226938058     
   373.76502243504467        3.0054471963740150        1.7722267509624667        3.1791600148227439     
   386.96715283564077        2.8583212790597794        1.6040010702602305        3.1583805850414555     
   400.63544401132759        2.7243604962143473        1.4674060113559517        3.1446110148172970     
   414.78669160661980        2.6015016493507148        1.3564915881472355        3.1386863524774071     
   429.43761284149554        2.4880270225990699        1.2664318415717728        3.1414095788786374     
   444.60621081975989        2.3825093648939881        1.1933038314821764        3.1534445262035486     
   460.31059410826708        2.2837820364916643        1.1339250768456157        3.1752600491433749     
   476.56949149896485        2.1908985576319018        1.0857110083788695        3.2071170334506771     
   493.40288198244309        2.1030969915558599        1.0465614546729540        3.2490877072550695     
   510.83065126063684        2.0197780631475188        1.0147729930527574        3.3010868874971204     
   528.87421463804299        1.9404704555084262       0.98896094016021141        3.3629154833752892     
   547.55511287104378        1.8648144905338222       0.96800197309008285        3.4342938238518124     
   566.89562449487210        1.7925384055995037       0.95098381433116541        3.5148941222097529     
   586.91951519858117        1.7234380656587658       0.93716516468189626        3.6043673058946624     
   607.65068989177485        1.6573666660843640       0.92594464595142134        3.7023532530065935     
   629.11387223602765        1.5942188511853090       0.91683386446712545        3.8084927527939958     
   651.33543626567803        1.5339175795763214       0.90943596090152112        3.9224361931391076     
   674.34163286578985        1.4764101336665723       0.90342904763421616        4.0438352036623044     
   698.16073213207346        1.4216549493161572       0.89855146768621041        4.1723515074425350     
   722.82116976782140        1.3616686771690940       0.88652505674949511        4.2886746474222415     
   748.35235540965130        1.3035891582527805       0.87446759592384360        4.4091154274519608     
   774.78566186873422        1.2497955379810712       0.86467700522776314        4.5392132529439673     
   802.15264573967897        1.1999555276655309       0.85672720484378773        4.6780446289645408     
   830.48594444209971        1.1537882012082437       0.85027216511862425        4.8247531924613263     
   859.82037403360118        1.1110512117859239       0.84503070899532273        4.9785361458745445     
   890.19058800385733        1.0715355857506743       0.84077477729145000        5.1386152907948892     
   921.63390537915473        1.0350546710137529       0.83731898457144061        5.3042371962646238     
   954.18786380243341        1.0014420980693037       0.83451293709736241        5.4746475149901128     
   987.89128659474920       0.97054605190088350       0.83223449650250281        5.6490853482117656     
   1022.7855886411724       0.94222514150843528       0.83038441549356157        5.8267799572393457     
   1058.9119914466876       0.91634847303134470       0.82888219583637368        6.0069276822741031     
   1096.3148872627712       0.89279113208639516       0.82766240188375362        6.1887015156267502     
   1135.0389283928459       0.87143503510944453       0.82667194903632524        6.3712303323024058     
   1175.1302964981960       0.85216686226212335       0.82586772601596847        6.5536009003654883     
   1216.6382559936744       0.83487671575366718       0.82521470142525544        6.7348618114860042     
   1259.6123598874483       0.81945890463664539       0.82468445608019769        6.9140099381945657     
   1304.1038583964914       0.80581071434376328       0.82425391007889759        7.0899988717828375     
   1350.1674228314519       0.79383167996230231       0.82390430913592028        7.2617496335109628     
   1397.8574692241625       0.66710023320019518       0.69180401942898373        6.4077737597086353     
   1447.2325992722181       0.55022598495407948       0.56507996310927522        5.5985255023836160     
   1498.3517579647787       0.45548794914818297       0.46218209076818129        4.9292796321907453     
   1551.2759091786245       0.36574087232233871       0.37538091497967785        4.0902799666516296     
   1606.0700862978565       0.29383426601234525       0.30480319673017425        3.3819355460573899     
   1662.7990190437411       0.23643395597867767       0.24749584899719540        2.7918275530183547     
   1721.5324161293761       0.19052914874660587       0.20096260342877983        2.3009000788695566     
   1782.3403946248577       0.15375269510358441       0.16317836497262078        1.8931036326721489     
   1845.2954731357936       0.12423858139044126       0.13249850529823851        1.5549068643476327     
   1910.4750110852074       0.10051246947561542       0.10758663098005231        1.2748982633759058     
   1977.9568210713478        8.1408965451591472E-002   8.7358594269303119E-002   1.0434800681357523     
   2047.8213808026539        6.6004214933562649E-002   7.0933932740286976E-002  0.85257493735498269     
   2120.1545400970977        5.3564019160741980E-002   5.7597199519461899E-002  0.69538633457779686     
   2195.0417479108573        4.3504716950849044E-002   4.6768104625717809E-002  0.56621438339534214     
   2272.5750259096239        3.5360431476619089E-002   3.7974940190291157E-002  0.46027234134426531     
   2352.8469348264384        2.8759262410382236E-002   3.0835033705068737E-002  0.37355575078476555     
   2435.9532056335870        2.3403440330419599E-002   2.5037607635227350E-002  0.30271612546312932     
   2521.9959596104222        1.9053959782475354E-002   2.0330130118911965E-002  0.24495711978920298     
   2611.0779162676686        1.5518932687696644E-002   1.6507734951096913E-002  0.19795263915486200     
   2703.3053132971791        1.2643861452671906E-002   1.3404045366227453E-002  0.15976992864770725     
   2798.7914800504532        1.0304071151707925E-002   1.0883866796913675E-002  0.12880605885907101     
   2897.6492167059700        8.3989785837630167E-003   8.8375446260792918E-003  0.10373755962816712     
   3000.0000000000000        6.8471342626128476E-003   7.1759424781101724E-003   8.3472113864424172E-002
