         200   4370.0000000000000     
   3.0000000000000000        4.8593841592073773E-004   2.9650784811129679E-003   7.4709497265028932E-004
   3.1059655287322618        5.0335165705886540E-004   2.9650784811129679E-003   7.6599390070969885E-004
   3.2156739552243598        5.2076651390717526E-004   2.9650784811129679E-003   7.8515178970354745E-004
   3.3292574962321346        5.3814125915164308E-004   2.9650784811129679E-003   8.0451175123698109E-004
   3.4468529954360925        5.5543481998121492E-004   2.9650784811129679E-003   8.2401433781949349E-004
   3.5686022069563790        5.7260708853198040E-004   2.9650784811129679E-003   8.4359811944850077E-004
   3.6946518254059528        5.8961917233330387E-004   2.9650784811129679E-003   8.6320026740861516E-004
   3.8251536998800524        6.0643364963997850E-004   2.9650784811129679E-003   8.8275720943177137E-004
   3.9602651907155879        6.2301481642060372E-004   2.9650784811129679E-003   9.0220533250677927E-004
   4.1001490688558144        6.3932885054018146E-004   2.9650784811129679E-003   9.2148163386007525E-004
   4.2449739038313119        6.5534401442701425E-004   2.9650784811129679E-003   9.4052444820690625E-004
   4.3949142193596993        6.7103080242232908E-004   2.9650784811129679E-003   9.5927412831148902E-004
   4.5501507036585132        6.8636207037754303E-004   2.9650784811129679E-003   9.7767370797183532E-004
   4.7108703059600501        7.0131313034719979E-004   2.9650784811129679E-003   9.9566951259889868E-004
   4.8772669425686850        7.1586187641521724E-004   2.9650784811129679E-003   1.0132117829607401E-003
   5.0495410155906377        7.2998877625855233E-004   2.9650784811129679E-003   1.0302550998735603E-003
   5.2279001269311909        7.4367695046805786E-004   2.9650784811129679E-003   1.0467588655954118E-003
   5.4125592113782046        7.5691217300422975E-004   2.9650784811129679E-003   1.0626876317637241E-003
   5.6037407956130689        7.6968286045439919E-004   2.9650784811129679E-003   1.0780113479384402E-003
   5.8016752663703963        7.8198003963744127E-004   2.9650784811129679E-003   1.0927055134387048E-003
   6.0066011480696169        7.9379729455158479E-004   2.9650784811129679E-003   1.1067512316635412E-003
   6.2187653902530293        8.0513069389462203E-004   2.9650784811129679E-003   1.1201351691152656E-003
   6.4384236651766908        8.1597870061881402E-004   2.9650784811129679E-003   1.1328494242323461E-003
   6.6658406759127811        8.2634206520227379E-004   2.9650784811129679E-003   1.1448913137329074E-003
   6.9012904753346884        8.3622370451339140E-004   2.9650784811129679E-003   1.1562630863415403E-003
   7.1450567963692624        8.4562856830481430E-004   2.9650784811129679E-003   1.1669715754241464E-003
   7.3974330131920443        8.5456348258849653E-004   2.9650784811129679E-003   1.1770277886996171E-003
   7.6587243988323896        8.6303706244020967E-004   2.9650784811129679E-003   1.1864465491523246E-003
   7.9292442763577622        8.7105941395118028E-004   2.9650784811129679E-003   1.1952458844631379E-003
   8.2093202460023029        8.7864216012195314E-004   2.9650784811129679E-003   1.2034467707435601E-003
   8.4992881560440416        8.8579808806835809E-004   2.9650784811129679E-003   1.2110724614049762E-003
   8.7994991583321234        8.9254116745148535E-004   2.9650784811129679E-003   1.2181482315295076E-003
   9.1103132457223861        8.9888622149988343E-004   2.9650784811129679E-003   1.2247007662998955E-003
   9.4321068148357909        9.0484893249608391E-004   2.9650784811129679E-003   1.2307579260047560E-003
   9.7652657388916850        9.1044554226045373E-004   2.9650784811129679E-003   1.2363482193435882E-003
   10.110193474162946        9.1569285231538858E-004   2.9650784811129679E-003   1.2415006126361874E-003
   10.467303634806061        9.2060795780289292E-004   2.9650784811129679E-003   1.2462441000671695E-003
   10.837027566606025        9.2520823531295668E-004   2.9650784811129679E-003   1.2506075561307267E-003
   11.219811965471335        9.2951117845731788E-004   2.9650784811129679E-003   1.2546194655905318E-003
   11.616115840724994        9.3353426096758247E-004   2.9650784811129679E-003   1.2583077111422926E-003
   12.026419117330413        9.3729493224204178E-004   2.9650784811129679E-003   1.2616995080504401E-003
   12.451213803399156        9.4081044127707839E-004   2.9650784811129679E-003   1.2648212029894013E-003
   12.891014326336300        9.4409785709917058E-004   2.9650784811129679E-003   1.2676982717323196E-003
   13.346348065368609        9.4717392736663351E-004   2.9650784811129679E-003   1.2703551887352103E-003
   13.817766430769083        9.5005510980898406E-004   2.9650784811129679E-003   1.2728154637644106E-003
   14.305834715756038        9.5275746282213211E-004   2.9650784811129679E-003   1.2751015675817388E-003
   14.811143972217785        9.5529668786306632E-004   2.9650784811129679E-003   1.2772349977371021E-003
   15.334300133051286        9.5768804831393515E-004   2.9650784811129679E-003   1.2792362464853014E-003
   15.875936741648431        9.5994642172568545E-004   2.9650784811129679E-003   1.2811248869211242E-003
   16.436703292225193        9.6208624246186798E-004   2.9650784811129679E-003   1.2829195709679242E-003
   17.017278874447534        9.6412156198373545E-004   2.9650784811129679E-003   1.2846381286113128E-003
   17.618359675531394        9.6606601049759185E-004   2.9650784811129679E-003   1.2862975858747205E-003
   18.240671728221173        9.6793285791133454E-004   2.9650784811129679E-003   1.2879142669258254E-003
   18.884968846184627        9.6973502250936796E-004   2.9650784811129679E-003   1.2895038524552919E-003
   19.552019805756849        9.7148506144259397E-004   2.9650784811129679E-003   1.2910814194638418E-003
   20.242632201214423        9.7319526515095018E-004   2.9650303586908839E-003   1.2926614711264957E-003
   20.957638264717446        9.7487764828217552E-004   2.9649097756224187E-003   1.2942580725223071E-003
   21.697899624358065        9.7654399807361016E-004   2.9648118640113810E-003   1.2958852169983447E-003
   22.464312967141105        9.7820592541358821E-004   2.9647323608536147E-003   1.2975564473822238E-003
   23.257792778673313        9.7987487055990947E-004   2.9646678059271352E-003   1.2992850729500651E-003
   24.079299719823517        9.8156221146059931E-004   2.9646153883121878E-003   1.3010843022009519E-003
   24.929823759061236        9.8327927808519191E-004   2.9645728260089422E-003   1.3029672760387818E-003
   25.810395145829254        9.8503743112383002E-004   2.9645382658840098E-003   1.3049471609713384E-003
   26.722064579292049        9.8684808289004728E-004   2.9645102037744431E-003   1.3070371717305094E-003
   27.665935811728254        9.8872282702581896E-004   2.9644874177698097E-003   1.3092507103973654E-003
   28.643146268414043        9.9067346840560865E-004   2.9644689158818478E-003   1.3116013873844914E-003
   29.654879655490589        9.9271212060951281E-004   2.9644538925510909E-003   1.3141031137949822E-003
   30.702343174827575        9.9263158977946344E-004   2.7043218155683329E-003   1.3136124875621153E-003
   31.786804983723918        9.9172134371386953E-004   2.3759728893729148E-003   1.3119662256781347E-003
   32.909571928103169        9.9109992737436031E-004   2.1093585731546496E-003   1.3107574434045688E-003
   34.072004028335677        9.9074258835177439E-004   1.8928706630869491E-003   1.3099511121998887E-003
   35.275488300232773        9.9062902914477647E-004   1.7170869393863222E-003   1.3095176164902168E-003
   36.521481794408061        9.9074289612126288E-004   1.5743532388690549E-003   1.3094321950202117E-003
   37.811486012809581        9.9107135747293000E-004   1.4584556527077277E-003   1.3096744741414820E-003
   39.147055493126302        9.9160472480459166E-004   1.3643485817823322E-003   1.3102280124215055E-003
   40.529808025860810        9.9233612977030075E-004   1.2879346689954709E-003   1.3110798909965061E-003
   41.961393513511240        9.9326121613774166E-004   1.2258881458062135E-003   1.3122203043005531E-003
   43.443545167355794        9.9437790743429184E-004   1.1755073160422721E-003   1.3136422249374186E-003
   44.978049075047366        9.9568615576038958E-004   1.1345988512768720E-003   1.3153410340938259E-003
   46.566763998623138        9.9718773611307638E-004   1.1013816251100328E-003   1.3173141936189678E-003
   48.211585595230147        9.9888599943589334E-004   1.0744099216796325E-003   1.3195608509119828E-003
   49.914505239722644        1.0007857172775383E-003   1.0525093101848410E-003   1.3220815516003118E-003
   51.677575059319224        1.0028928328921743E-003   1.0347263479376287E-003   1.3248778172662884E-003
   53.502930680545909        1.0052142569963716E-003   1.0202867770011611E-003   1.3279517706944915E-003
   55.392750120602578        1.0077575656192198E-003   1.0085621428307916E-003   1.3313056221321970E-003
   57.349321371645829        1.0105308126353110E-003   9.9904191884692389E-004   1.3349413001458317E-003
   59.375002227322796        1.0135421778201990E-003   9.9131164228682326E-004   1.3388598605120403E-003
   61.472246417894510        1.0167996714616186E-003   9.8503474222954158E-004   1.3430609699225157E-003
   63.643556378429672        1.0203106967707539E-003   9.7993802867625416E-004   1.3475422119783229E-003
   65.891560899834928        1.0240817794218487E-003   9.7579957506620327E-004   1.3522986226534462E-003
   68.218968971510208        1.0281180839387034E-003   9.7243921390336655E-004   1.3573219746698918E-003
   70.628585269218178        1.0288984046403604E-003   9.6870340723852178E-004   1.3578008463622714E-003
   73.123328588587739        1.0204136360873332E-003   9.6305102922926368E-004   1.3454699865046791E-003
   75.706175661273647        1.0130793172348285E-003   9.5846141471489998E-004   1.3345103162566128E-003
   78.380253523498894        1.0067589461117854E-003   9.5473471778419617E-004   1.3247807045253376E-003
   81.148784610322849        1.0013347420440900E-003   9.5170869676002403E-004   1.3161544785157456E-003
   84.015122474940881        9.9670504865388742E-004   9.4925160076969335E-004   1.3085172890223064E-003
   86.982687236203873        9.9278222966447602E-004   9.4725648943744733E-004   1.3017656667310841E-003
   90.055071705548812        9.8949056740009109E-004   9.4563648948864853E-004   1.2958054818559082E-003
   93.235978303002270        9.8676467922279736E-004   9.4432107425757473E-004   1.2905511436941280E-003
   96.529260096906100        9.8454799128626217E-004   9.4325297147042928E-004   1.2859247536600167E-003
   99.938826062156153        9.8279150123172171E-004   9.4238569863481266E-004   1.2818556132908243E-003
   103.46886588546354        9.8145252603229244E-004   9.4168147794704716E-004   1.2782794306728654E-003
   107.12359379692580        9.8049386570506734E-004   9.4110966220397425E-004   1.2751381939368448E-003
   110.90736836557576        9.7988287571371710E-004   9.4064536207582932E-004   1.2723795986908377E-003
   114.82483910697920        9.7959074009602051E-004   9.4026835297080131E-004   1.2699565959572625E-003
   118.88068277378797        9.7959189523539312E-004   9.3996222771023437E-004   1.2678272273028716E-003
   123.07973629915718        9.7986346774084311E-004   9.3971366163028312E-004   1.2659541610915940E-003
   127.42715949490271        9.8038485870945158E-004   9.3951182736476640E-004   1.2643042986861550E-003
   131.92808807993632        9.8113734603727932E-004   9.3934794297284953E-004   1.2628485857957483E-003
   136.58805281121437        9.8210382869039149E-004   9.3921486976399516E-004   1.2615615217377195E-003
   141.41261684513370        9.8326852132561032E-004   9.3910681648307005E-004   1.2604209593892804E-003
   146.40753387824964        9.8461676608314593E-004   9.3901907991270691E-004   1.2594077258037137E-003
   151.57894168226974        9.8613492391361364E-004   9.3894783830869208E-004   1.2585052833760306E-003
   156.93294936957258        9.8781011981802745E-004   9.3888999190227130E-004   1.2576995113593266E-003
   162.47613596373097        9.8963027088319220E-004   9.3884302094406427E-004   1.2569783337712764E-003
   168.21511902855468        9.9158385308068908E-004   9.3880488129007011E-004   1.2563315195047440E-003
   174.15674278185460        9.6090237677641554E-004   9.2548263512824420E-004   1.2209532115480390E-003
   180.30830831190286        9.2356110381273699E-004   9.0943578473981490E-004   1.1784866488738349E-003
   186.67715947709803        8.9370795393535333E-004   8.9640600325476319E-004   1.1439588129223861E-003
   193.27089166569760        8.6994700678314765E-004   8.8582614551823639E-004   1.1158804037706188E-003
   200.09760727912413        8.5114116752028554E-004   8.7723536025930652E-004   1.0930412744832526E-003
   207.16537088595135        8.3636556831880927E-004   8.7025985679527608E-004   1.0744599150399857E-003
   214.48286737908427        8.2486630982656257E-004   8.6459578702943437E-004   1.0593384407724105E-003
   222.05883252794877        8.1602972388401026E-004   8.5999665451566250E-004   1.0470295214820514E-003
   229.90230130529540        8.0935558725080462E-004   8.5626227356975495E-004   1.0370073541354934E-003
   238.02291179328489        8.0443577895378704E-004   8.5322997714571292E-004   1.0288445510469183E-003
   246.43025707061713        8.0093749973408782E-004   8.5076782804381417E-004   1.0221943201638084E-003
   255.13466811288930        7.9858873694363289E-004   8.4876857675551007E-004   1.0167745763660612E-003
   264.14653641505117        7.9716718390336107E-004   8.4714521723075389E-004   1.0123562897789685E-003
   273.47660938458705        7.9649079581527605E-004   8.4582708976661965E-004   1.0087532528501042E-003
   283.13635184814427        7.9641029459498480E-004   8.4475677764425650E-004   1.0058139389342372E-003
   293.13729579387660        7.9680311670386858E-004   8.4388770161141120E-004   1.0034152107093425E-003
   303.49136818478553        7.9756842433280600E-004   8.4318203353859968E-004   1.0014568528512386E-003
   314.21129214162710        7.9862316090382167E-004   8.4260903501361215E-004   9.9985722404493781E-004
   325.30973137660959        7.9989874642710194E-004   8.4214377449604071E-004   9.9854991460919572E-004
   336.80032369109853        8.0133856152773053E-004   8.4176598556016957E-004   9.9748075635397036E-004
   348.69678677735646        8.0289573830809020E-004   8.4145922708964952E-004   9.9660564044948838E-004
   361.01330816366544        8.0453149451659796E-004   8.4121014685900348E-004   9.9588859416059215E-004
   373.76502243504467        8.0427412124194661E-004   8.3840898621856603E-004   9.9183557908370779E-004
   386.96715283564077        7.9791860536875306E-004   8.2751935628724849E-004   9.7705953477476588E-004
   400.63544401132759        7.9300000192344510E-004   8.1867724825888488E-004   9.6506463872871864E-004
   414.78669160661980        7.8923955997449685E-004   8.1149750603553964E-004   9.5532694059324234E-004
   429.43761284149554        7.8640929755520450E-004   8.0566773433943999E-004   9.4742159900149982E-004
   444.60621081975989        7.8432261250200642E-004   8.0093399235566442E-004   9.4100337063499431E-004
   460.31059410826708        7.8282714423701192E-004   7.9709027086751069E-004   9.3579225830396477E-004
   476.56949149896485        7.8179856327280849E-004   7.9396926484218372E-004   9.3156093658009224E-004
   493.40288198244309        7.8113557407866890E-004   7.9143502542015269E-004   9.2812474155715597E-004
   510.83065126063684        7.8075588641461960E-004   7.8937728618744447E-004   9.2533394238820553E-004
   528.87421463804299        7.8059277376475364E-004   7.8770641344914568E-004   9.2306686756598645E-004
   547.55511287104378        7.8059233759618623E-004   7.8634969196534027E-004   9.2122484842364005E-004
   566.89562449487210        7.8071119914724060E-004   7.8524806794323275E-004   9.1972778737734655E-004
   586.91951519858117        7.8091462921344573E-004   7.8435355540387003E-004   9.1851062901164050E-004
   607.65068989177485        7.8117498645625006E-004   7.8362722577273098E-004   9.1752062504747603E-004
   629.11387223602765        7.8147043774315513E-004   7.8303746421947232E-004   9.1671496272200217E-004
   651.33543626567803        7.8178391468267485E-004   7.8255858113954896E-004   9.1605887608653934E-004
   674.34163286578985        7.8210221562782691E-004   7.8216974001709045E-004   9.1552418828998107E-004
   698.16073213207346        7.8241531367016174E-004   7.8185400320228144E-004   9.1508801354969987E-004
   722.82116976782140        7.7191760883677245E-004   7.7079911537029076E-004   8.9406335569631860E-004
   748.35235540965130        7.6036322690757195E-004   7.5875390091230312E-004   8.7111591708267618E-004
   774.78566186873422        7.5101232184408568E-004   7.4897325419821456E-004   8.5248071766484516E-004
   802.15264573967897        7.4344424877111071E-004   7.4103152816585975E-004   8.3734722966421549E-004
   830.48594444209971        7.3731798903375965E-004   7.3458304461291798E-004   8.2505721721801747E-004
   859.82037403360118        7.3235701369692597E-004   7.2934691206476602E-004   8.1507582146478927E-004
   890.19058800385733        7.2833756286238617E-004   7.2509530297119385E-004   8.0696923529595193E-004
   921.63390537915473        7.2507825903473722E-004   7.2164302018655469E-004   8.0038483213804349E-004
   954.18786380243341        7.2243242797720680E-004   7.1883982272289912E-004   7.9503655155157269E-004
   987.89128659474920        7.2028139172988391E-004   7.1656369626545569E-004   7.9069208312170902E-004
   1022.7855886411724        7.1852912243731970E-004   7.1471549432313916E-004   7.8716266077264092E-004
   1058.9119914466876        7.1709810375190529E-004   7.1321480042121021E-004   7.8429518373223316E-004
   1096.3148872627712        7.1592566529324884E-004   7.1199624537331575E-004   7.8196520251939700E-004
   1135.0389283928459        7.1496127478319659E-004   7.1100679849637560E-004   7.8007176149512815E-004
   1175.1302964981960        7.1416417366908388E-004   7.1020339229897257E-004   7.7853287537936065E-004
   1216.6382559936744        7.1350149201166433E-004   7.0955103096392868E-004   7.7728192718516209E-004
   1259.6123598874483        7.1294678925988564E-004   7.0902132417168320E-004   7.7626487712685599E-004
   1304.1038583964914        7.1247879106077505E-004   7.0859121546184168E-004   7.7543784104954167E-004
   1350.1674228314519        7.1208038198838463E-004   7.0824196959708185E-004   7.7476516216914992E-004
   1397.8574692241625        6.2109136331725556E-004   6.1786328228472800E-004   6.7509089160087358E-004
   1447.2325992722181        5.3923519837385315E-004   5.3656651050796049E-004   5.8531344566546022E-004
   1498.3517579647787        4.7277024640785713E-004   4.7055485426075006E-004   5.1241564146833961E-004
   1551.2759091786245        3.8484140471928003E-004   3.8308056100514804E-004   4.1713228712814701E-004
   1606.0700862978565        3.1244972582555674E-004   3.1105518405451839E-004   3.3870166516851012E-004
   1662.7990190437411        2.5367459054108615E-004   2.5257237354601151E-004   2.7501868447485058E-004
   1721.5324161293761        2.0595413537772056E-004   2.0508465878378438E-004   2.2330902500947804E-004
   1782.3403946248577        1.6720998989941505E-004   1.6652540686837625E-004   1.8132205777508781E-004
   1845.2954731357936        1.3575425539938041E-004   1.3521625558598444E-004   1.4723002094777109E-004
   1910.4750110852074        1.1021540737052020E-004   1.0979340000469486E-004   1.1954773259220402E-004
   1977.9568210713478        8.9480842980385600E-005   8.9150454820318708E-005   9.7070357753110696E-005
   2047.8213808026539        7.2647044160602418E-005   7.2388897954286284E-005   7.8819434746416254E-005
   2120.1545400970977        5.8979884741088835E-005   5.8778607605651277E-005   6.3999895219340669E-005
   2195.0417479108573        4.7883975535312675E-005   4.7727391143839539E-005   5.1966877604239446E-005
   2272.5750259096239        3.8875383164323163E-005   3.8753865238517057E-005   4.2196191574955187E-005
   2352.8469348264384        3.1561559119379842E-005   3.1467508173636908E-005   3.4262593462005915E-005
   2435.9532056335870        2.5623742181072030E-005   2.5551167884091509E-005   2.7820736749960513E-005
   2521.9959596104222        2.0802944864248916E-005   2.0747132687025551E-005   2.2590002694768679E-005
   2611.0779162676686        1.6889090168205947E-005   1.6846334253122157E-005   1.8342742122727205E-005
   2703.3053132971791        1.3711591716863456E-005   1.3678983170763576E-005   1.4894077619396586E-005
   2798.7914800504532        1.1131852820144570E-005   1.1107111821848243E-005   1.2093782860672875E-005
   2897.6492167059700        9.0374743732978113E-006   9.0188164026659610E-006   9.8200123213926981E-006
   3000.0000000000000        7.3371015475776776E-006   7.3231322119930787E-006   7.9737207372668041E-006
