         200   4370.0000000000000     
   3.0000000000000000        6.1579426583100874E-003  0.12657625389206342        5.7439838374759326E-003
   3.1059655287322618        6.6287927511628512E-003  0.12657625389206342        6.2438030114248724E-003
   3.2156739552243598        7.1353316352539622E-003  0.12657625389206342        6.7897682813060712E-003
   3.3292574962321346        7.6795340395706436E-003  0.12657625389206342        7.3861519715868445E-003
   3.4468529954360925        8.2633272306893001E-003  0.12657625389206342        8.0375985990265263E-003
   3.5686022069563790        8.8885730158699133E-003  0.12657625389206342        8.7491513634148782E-003
   3.6946518254059528        9.5570503990865495E-003  0.12657625389206342        9.5262771994417978E-003
   3.8251536998800524        1.0270441585518184E-002  0.12657625389206342        1.0374892120292554E-002
   3.9602651907155879        1.1030321737601403E-002  0.12657625389206342        1.1301386181597635E-002
   4.1001490688558144        1.1838149364752202E-002  0.12657625389206342        1.2312642989187526E-002
   4.2449739038313119        1.2695262584013519E-002  0.12657625389206342        1.3416058662649361E-002
   4.3949142193596993        1.3602877173754791E-002  0.12657625389206342        1.4619554061886038E-002
   4.5501507036585132        1.4562087608834097E-002  0.12657625389206342        1.5931580217694360E-002
   4.7108703059600501        1.5573869496026115E-002  0.12657625389206342        1.7361113287467127E-002
   4.8772669425686850        1.6639087272811756E-002  0.12657625389206342        1.8917642879165985E-002
   5.0495410155906377        1.7758494990010684E-002  0.12657625389206342        2.0611134498784187E-002
   5.2279001269311909        1.8932744282933935E-002  0.12657625389206342        2.2451983684376686E-002
   5.4125592113782046        2.0162387485494086E-002  0.12657625389206342        2.4450942130239035E-002
   5.6037407956130689        2.1447879477417206E-002  0.12657625389206342        2.6619017542458403E-002
   5.8016752663703963        2.2789576828578260E-002  0.12657625389206342        2.8967341502862756E-002
   6.0066011480696169        2.4187733716649045E-002  0.12657625389206342        3.1507000545452572E-002
   6.2187653902530293        2.5642494320852114E-002  0.12657625389206342        3.4248825843108642E-002
   6.4384236651766908        2.7153881651179879E-002  0.12657625389206342        3.7203137491931854E-002
   6.6658406759127811        2.8721783041114560E-002  0.12657625389206342        4.0379440495533769E-002
   6.9012904753346884        3.0345932793263367E-002  0.12657625389206342        4.3786071327679768E-002
   7.1450567963692624        3.2025892702002554E-002  0.12657625389206342        4.7429796514739893E-002
   7.3974330131920443        3.3761028754312757E-002  0.12657625389206342        5.1315362179405029E-002
   7.6587243988323896        3.5550503346442296E-002  0.12657625389206342        5.5445045366396030E-002
   7.9292442763577622        3.7393226477324522E-002  0.12657625389206342        5.9818090106031091E-002
   8.2093202460023029        3.9287877872832402E-002  0.12657625389206342        6.4430302967327796E-002
   8.4992881560440416        4.1232848483620639E-002  0.12657625389206342        6.9273478961063312E-002
   8.7994991583321234        4.3226274524958190E-002  0.12657625389206342        7.4335098746390507E-002
   9.1103132457223861        4.5265985066782165E-002  0.12657625389206342        7.9597895916856065E-002
   9.4321068148357909        4.7349548014512140E-002  0.12657625389206342        8.5039790711126051E-002
   9.7652657388916850        4.9474225669128957E-002  0.12657625389206342        9.0633747805595050E-002
   10.110193474162946        5.1637033144740448E-002  0.12657625389206342        9.6348087248897291E-002
   10.467303634806061        5.3834701837102525E-002  0.12657625389206342       0.10214675610209946     
   10.837027566606025        5.6063742156097683E-002  0.12657625389206342       0.10799007966430763     
   11.219811965471335        5.8320446457869796E-002  0.12657625389206342       0.11383556491458093     
   11.616115840724994        6.0600893180379728E-002  0.12657625389206342       0.11963889317326029     
   12.026419117330413        6.2901020563245910E-002  0.12657625389206342       0.12535523045495961     
   12.451213803399156        6.5216600604472846E-002  0.12657625389206342       0.13094036061214726     
   12.891014326336300        6.7543322136500605E-002  0.12657625389206342       0.13635209746450053     
   13.346348065368609        6.9876764470439320E-002  0.12657625389206342       0.14155135963834276     
   13.817766430769083        7.2212480494836875E-002  0.12657625389206342       0.14650336195400013     
   14.305834715756038        7.4545968430688309E-002  0.12657625389206342       0.15117835206137734     
   14.811143972217785        7.6872753087248960E-002  0.12657625389206342       0.15555234001172338     
   15.334300133051286        7.9188355237025027E-002  0.12657625389206342       0.15960733162927859     
   15.875936741648431        8.1488370190441708E-002  0.12657625389206342       0.16333150782449596     
   16.436703292225193        8.3768435224089693E-002  0.12657625389206342       0.16671895656943583     
   17.017278874447534        8.6024305388504557E-002  0.12657625389206342       0.16976937749306134     
   17.618359675531394        8.8251819962176584E-002  0.12657625389206342       0.17248745266222978     
   18.240671728221173        9.0446969289681808E-002  0.12657625389206342       0.17488224944872105     
   18.884968846184627        9.2605899973553396E-002  0.12657625389206342       0.17696646842460934     
   19.552019805756849        9.4724889575130006E-002  0.12657625389206342       0.17875566134941973     
   20.242632201214423        9.6800442153853652E-002  0.12657143999246659       0.18026756970745958     
   20.957638264717446        9.8829255227718002E-002  0.12655937753260837       0.18152141155280074     
   21.697899624358065       0.10080825081645416       0.12654958299932245       0.18253732951872306     
   22.464312967141105       0.10273460447565239       0.12654162994537083       0.18333581845501973     
   23.257792778673313       0.10460571721434592       0.12653517222938118       0.18393729755508353     
   24.079299719823517       0.10641930076090135       0.12652992866256690       0.18436179279268985     
   24.929823759061236       0.10817334745164139       0.12652567096635045       0.18462865205065895     
   25.810395145829254       0.10986616662016790       0.12652221376356904       0.18475635910159341     
   26.722064579292049       0.11149635858523869       0.12651940658612285       0.18476240316679365     
   27.665935811728254       0.11306288730623786       0.12651712720088476       0.18466320848841539     
   28.643146268414043       0.11456505067124674       0.12651527637486351       0.18447409928808409     
   29.654879655490589       0.11600250808053397       0.12651377352436799       0.18420930204156277     
   30.702343174827575       0.11724932696379972       0.11671705392146453       0.18367847162747603     
   31.786804983723918       0.11837831343425424       0.10435159220348224       0.18300870204651595     
   32.909571928103169       0.11945290586567310        9.4311026032417936E-002  0.18231307286426041     
   34.072004028335677       0.12047201867830828        8.6158196067763537E-002  0.18159921637087617     
   35.275488300232773       0.12143512609686687        7.9538266070578775E-002  0.18087411984685176     
   36.521481794408061       0.12234226011763644        7.4162983958153642E-002  0.18014416101324268     
   37.811486012809581       0.12319394863444952        6.9798336930096877E-002  0.17941517943019922     
   39.147055493126302       0.12399118455697872        6.6254310164415214E-002  0.17869251937344544     
   40.529808025860810       0.12473539265209102        6.3376599174963591E-002  0.17798106458609131     
   41.961393513511240       0.12542837392101069        6.1039957127369135E-002  0.17728528552962305     
   43.443545167355794       0.12607229243016160        5.9142639450760079E-002  0.17660923588830102     
   44.978049075047366       0.12666961595628601        5.7602046457631437E-002  0.17595658298799211     
   46.566763998623138       0.12722308022429901        5.6351101789400067E-002  0.17533060532337214     
   48.211585595230147       0.12773563023592080        5.5335360486080329E-002  0.17473420523968858     
   49.914505239722644       0.12821039172813234        5.4510594051857056E-002  0.17416987801935338     
   51.677575059319224       0.12865060726845648        5.3840896296337863E-002  0.17363971272341894     
   53.502930680545909       0.12905958941771439        5.3297109040177593E-002  0.17314536703054509     
   55.392750120602578       0.12944065706755492        5.2855564989247011E-002  0.17268805724754260     
   57.349321371645829       0.12979709496713157        5.2497037959531395E-002  0.17226851779330699     
   59.375002227322796       0.13013208894842065        5.2205919483887336E-002  0.17188699050070633     
   61.472246417894510       0.13044867657620515        5.1969534464252079E-002  0.17154319904679430     
   63.643556378429672       0.13074968855835453        5.1777594697428493E-002  0.17123634017825762     
   65.891560899834928       0.13103771268439707        5.1621742536497976E-002  0.17096506057610147     
   68.218968971510208       0.13131504423211929        5.1495192960718680E-002  0.17072746201981015     
   70.628585269218178       0.13118828954811979        5.1302476318757007E-002  0.16992542870998148     
   73.123328588587739       0.12999347834059299        5.0912086071888664E-002  0.16755432578359741     
   75.706175661273647       0.12890600274670619        5.0595097232791347E-002  0.16538666756562279     
   78.380253523498894       0.12791260326825848        5.0337707133898811E-002  0.16340393168221368     
   81.148784610322849       0.12700199396145789        5.0128710302349035E-002  0.16158895833731465     
   84.015122474940881       0.12616456228553749        4.9959007159941810E-002  0.15992580222303887     
   86.982687236203873       0.12539214080652061        4.9821211703896751E-002  0.15839969525931769     
   90.055071705548812       0.12467776476312920        4.9709323896870376E-002  0.15699694237413458     
   93.235978303002270       0.12401550987593483        4.9618472705398195E-002  0.15570493220647338     
   96.529260096906100       0.12340032724605099        4.9544702531133106E-002  0.15451209500745733     
   99.938826062156153       0.12282792679317590        4.9484802988702663E-002  0.15340790914762337     
   103.46886588546354       0.12229462387136247        4.9436164895550319E-002  0.15238279356931503     
   107.12359379692580       0.12179728507930912        4.9396671555095008E-002  0.15142815313008062     
   110.90736836557576       0.12133322092188109        4.9364603947204821E-002  0.15053628747199171     
   114.82483910697920       0.12090009815135622        4.9338565229103626E-002  0.14970030919883173     
   118.88068277378797       0.12049591007443267        4.9317422213571278E-002  0.14891414913553358     
   123.07973629915718       0.12011890490241109        4.9300254612049219E-002  0.14817246120014846     
   127.42715949490271       0.11976752828703129        4.9286314615712881E-002  0.14747053677871982     
   131.92808807993632       0.11944041530308466        4.9274995686208529E-002  0.14680430327131930     
   136.58805281121437       0.11913632463735416        4.9265804778811255E-002  0.14617019641846718     
   141.41261684513370       0.11885413943506093        4.9258341911510961E-002  0.14556515762302452     
   146.40753387824964       0.11859283200813769        4.9252282249310650E-002  0.14498655190382559     
   151.57894168226974       0.11835143701071042        4.9247361837524317E-002  0.14443209475056334     
   156.93294936957258       0.11812905687860012        4.9243366585818509E-002  0.14389984823443489     
   162.47613596373097       0.11792482550922451        4.9240122463797741E-002  0.14338812009422669     
   168.21511902855468       0.11773791556302925        4.9237488289488186E-002  0.14289546347043927     
   174.15674278185460       0.11374750129231415        4.8779521551808376E-002  0.13845087552220872     
   180.30830831190286       0.10901093212820713        4.8228316244695535E-002  0.13323457161199909     
   186.67715947709803       0.10517453912407222        4.7780746501647514E-002  0.12895648288846878     
   193.27089166569760       0.10206832316409385        4.7417331028098968E-002  0.12543887814956570     
   200.09760727912413        9.9554383779597744E-002   4.7122239697877419E-002  0.12253782892258111     
   207.16537088595135        9.7521030012849036E-002   4.6882632894293695E-002  0.12013696318787100     
   214.48286737908427        9.5877565627338526E-002   4.6688073511036689E-002  0.11814191107504229     
   222.05883252794877        9.4550443279328156E-002   4.6530094456683935E-002  0.11647625575761153     
   229.90230130529540        9.3479907955585750E-002   4.6401819402929353E-002  0.11507798144735633     
   238.02291179328489        9.2617327405968675E-002   4.6297660777329164E-002  0.11389665213341842     
   246.43025707061713        9.1923127976700741E-002   4.6213086569991443E-002  0.11289126544584008     
   255.13466811288930        9.1364970746748611E-002   4.6144412787056305E-002  0.11202831438968636     
   264.14653641505117        9.0916404898540637E-002   4.6088650792413297E-002  0.11128040219182060     
   273.47660938458705        9.0555695612021023E-002   4.6043373442896413E-002  0.11062500961841229     
   283.13635184814427        9.0264893355966117E-002   4.6006608488538693E-002  0.11004351713187718     
   293.13729579387660        9.0029112309813683E-002   4.5976755943647210E-002  0.10952047722962799     
   303.49136818478553        8.9835911422751935E-002   4.5952516421412168E-002  0.10904296588537307     
   314.21129214162710        8.9674804364339403E-002   4.5932834065043490E-002  0.10860007033632035     
   325.30973137660959        8.9536883718447022E-002   4.5916852482348489E-002  0.10818253022136298     
   336.80032369109853        8.9414491929681636E-002   4.5903875526660719E-002  0.10778237996265590     
   348.69678677735646        8.9300983538535647E-002   4.5893338449735248E-002  0.10739273653140273     
   361.01330816366544        8.9190521500856046E-002   4.5884782605958650E-002  0.10700759137392103     
   373.76502243504467        8.8857221631524583E-002   4.5613720859019262E-002  0.10624981242471400     
   386.96715283564077        8.7824161174746077E-002   4.4518109125694316E-002  0.10432701652148070     
   400.63544401132759        8.6947857989836633E-002   4.3628499711572628E-002  0.10268706669809437     
   414.78669160661980        8.6193554617090232E-002   4.2906141847094528E-002  0.10127066660042791     
   429.43761284149554        8.5532523777423750E-002   4.2319605269346861E-002  0.10002958368175517     
   444.60621081975989        8.4940917644741140E-002   4.1843340851486166E-002   9.8924485904643658E-002
   460.31059410826708        8.4398950582401322E-002   4.1456621891464998E-002   9.7923414966215178E-002
   476.56949149896485        8.3890163029157458E-002   4.1142615736738747E-002   9.7000416444357973E-002
   493.40288198244309        8.3400830947900198E-002   4.0887644496821113E-002   9.6134446519350561E-002
   510.83065126063684        8.2919542095171314E-002   4.0680614206379986E-002   9.5308584934169646E-002
   528.87421463804299        8.2436772810359146E-002   4.0512506769440411E-002   9.4509253562235107E-002
   547.55511287104378        8.1944624565788299E-002   4.0376006265209645E-002   9.3725718805136818E-002
   566.89562449487210        8.1436562183067343E-002   4.0265171258699245E-002   9.2949598130775246E-002
   586.91951519858117        8.0907197386398275E-002   4.0175173853836676E-002   9.2174453065728829E-002
   607.65068989177485        8.0352164918587154E-002   4.0102097425054918E-002   9.1395529839479503E-002
   629.11387223602765        7.9767976187232595E-002   4.0042761186661967E-002   9.0609469616857868E-002
   651.33543626567803        7.9151891559508206E-002   3.9994580493234885E-002   8.9814059368570037E-002
   674.34163286578985        7.8501883224820351E-002   3.9955458971305223E-002   8.9008109325626208E-002
   698.16073213207346        7.7816504879249876E-002   3.9923692514489892E-002   8.8191215724598260E-002
   722.82116976782140        7.5847622276314905E-002   3.8652111839609801E-002   8.5067964887383440E-002
   748.35235540965130        7.3722450864086589E-002   3.7265569345910195E-002   8.1706724532112973E-002
   774.78566186873422        7.1817970250939236E-002   3.6139704602509488E-002   7.8804236657067747E-002
   802.15264573967897        7.0086278369198965E-002   3.5225520745045723E-002   7.6275539772495807E-002
   830.48594444209971        6.8488958725437671E-002   3.4483226243169969E-002   7.4052180706536200E-002
   859.82037403360118        6.6995282986624202E-002   3.3880487262807193E-002   7.2078998627270532E-002
   890.19058800385733        6.5580915880292565E-002   3.3391078236891074E-002   7.0311746670927086E-002
   921.63390537915473        6.4226611338918604E-002   3.2993680847424364E-002   6.8714832418753632E-002
   954.18786380243341        6.2917385721751776E-002   3.2671000631547362E-002   6.7259793359193049E-002
   987.89128659474920        6.1641691929956714E-002   3.2408992340595952E-002   6.5923865536115109E-002
   1022.7855886411724        6.0390744364674988E-002   3.2196243074993663E-002   6.4688839408271248E-002
   1058.9119914466876        5.9158106534205265E-002   3.2023495975112844E-002   6.3540271557398081E-002
   1096.3148872627712        5.7939147592855511E-002   3.1883226297000314E-002   6.2466639553296448E-002
   1135.0389283928459        5.6730796731211355E-002   3.1769329600106928E-002   6.1458850429221779E-002
   1175.1302964981960        5.5531212008791020E-002   3.1676848321646876E-002   6.0509718795170440E-002
   1216.6382559936744        5.4339502046619102E-002   3.1601754041222077E-002   5.9613550537681810E-002
   1259.6123598874483        5.3155616530161931E-002   3.1540778707058181E-002   5.8765898744196986E-002
   1304.1038583964914        5.1980142179942998E-002   3.1491268255817509E-002   5.7963276585209639E-002
   1350.1674228314519        5.0814128361880803E-002   3.1451066046556120E-002   5.7202930127906768E-002
   1397.8574692241625        4.3004102061547499E-002   2.7154538616367040E-002   4.8941406618309091E-002
   1447.2325992722181        3.6110639259735289E-002   2.3253412308179781E-002   4.1590505064311216E-002
   1498.3517579647787        3.0559446643658696E-002   2.0085761204638623E-002   3.5669155337252186E-002
   1551.2759091786245        2.4267778768688873E-002   1.6343775975977554E-002   2.8718839024918969E-002
   1606.0700862978565        1.9224992891071796E-002   1.3270880232122247E-002   2.3081792334913472E-002
   1662.7990190437411        1.5228222866487904E-002   1.0775765494666948E-002   1.8560283704665691E-002
   1721.5324161293761        1.2061720343909102E-002   8.7497462948189480E-003   1.4932057228213303E-002
   1782.3403946248577        9.5539358176253125E-003   7.1046516613216286E-003   1.2019458871253498E-002
   1845.2954731357936        7.5684478736460729E-003   5.7688758307371905E-003   9.6803285134818683E-003
   1910.4750110852074        5.9968056052766353E-003   4.6842333336081492E-003   7.8008323119342395E-003
   1977.9568210713478        4.7529686925541006E-003   3.8035212695645320E-003   6.2899326686197800E-003
   2047.8213808026539        3.7686630483555767E-003   3.0884050295020287E-003   5.0747334779430520E-003
   2120.1545400970977        2.9897250325711285E-003   2.5077346455952003E-003   4.0968191212529433E-003
   2195.0417479108573        2.3732739000592909E-003   2.0362447698365010E-003   3.3094410727034381E-003
   2272.5750259096239        1.8853213277898449E-003   1.6533976299910255E-003   2.6750991622896559E-003
   2352.8469348264384        1.4989846928747258E-003   1.3425319801211560E-003   2.1637560970012917E-003
   2435.9532056335870        1.1929930743889165E-003   1.0901168222330494E-003   1.7513186059409181E-003
   2521.9959596104222        9.5051592103694992E-004   8.8515712697849447E-004   1.4184429610289138E-003
   2611.0779162676686        7.5825833477388780E-004   7.1873318846310595E-004   1.1496153585285759E-003
   2703.3053132971791        6.0571232926615785E-004   5.8360109929755141E-004   9.3237515953514729E-004
   2798.7914800504532        4.8457109060467539E-004   4.7387459932737104E-004   7.5670379942049829E-004
   2897.6492167059700        3.8827863981323076E-004   3.8477941680696050E-004   6.1455604302586644E-004
   3000.0000000000000        3.1165204994325053E-004   3.1243462733070165E-004   4.9945425812098821E-004
