         200   4370.0000000000000     
   3.0000000000000000        3.0081102351230860E-003  0.44801744677256594        1.5020678746502827E-003
   3.1059655287322618        3.2125579253171918E-003  0.44801744677256594        1.6010013799999609E-003
   3.2156739552243598        3.4299461982433971E-003  0.44801744677256594        1.7067385204175781E-003
   3.3292574962321346        3.6609688003101195E-003  0.44801744677256594        1.8197428804327613E-003
   3.4468529954360925        3.9063521697817235E-003  0.44801744677256594        1.9405080170991095E-003
   3.5686022069563790        4.1668597691544261E-003  0.44801744677256594        2.0695593506750180E-003
   3.6946518254059528        4.4432970171182423E-003  0.44801744677256594        2.2074559031707705E-003
   3.8251536998800524        4.7365179441075100E-003  0.44801744677256594        2.3547923402312257E-003
   3.9602651907155879        5.0474338023637835E-003  0.44801744677256594        2.5122013296940732E-003
   4.1001490688558144        5.3770225545552467E-003  0.44801744677256594        2.6803555445625853E-003
   4.2449739038313119        5.7263417220456796E-003  0.44801744677256594        2.8599704088144058E-003
   4.3949142193596993        6.0965433944536532E-003  0.44801744677256594        3.0518068106867992E-003
   4.5501507036585132        6.4888925289984132E-003  0.44801744677256594        3.2566741437884687E-003
   4.7108703059600501        6.9047886915186221E-003  0.44801744677256594        3.4754335019900814E-003
   4.8772669425686850        7.3457937927813082E-003  0.44801744677256594        3.7090020750798797E-003
   5.0495410155906377        7.8136619164845007E-003  0.44801744677256594        3.9583563480153393E-003
   5.2279001269311909        8.3103782474098723E-003  0.44801744677256594        4.2245374117292666E-003
   5.4125592113782046        8.8382034272843513E-003  0.44801744677256594        4.5086560562253540E-003
   5.6037407956130689        9.3997260642794851E-003  0.44801744677256594        4.8118986799661730E-003
   5.8016752663703963        9.9979239427408426E-003  0.44801744677256594        5.1355339488106033E-003
   6.0066011480696169        1.0636234609610782E-002  0.44801744677256594        5.4809203022442576E-003
   6.2187653902530293        1.1318635714866108E-002  0.44801744677256594        5.8495144120936753E-003
   6.4384236651766908        1.2049735034012054E-002  0.44801744677256594        6.2428807061778932E-003
   6.6658406759127811        1.2834869492221375E-002  0.44801744677256594        6.6627020763841060E-003
   6.9012904753346884        1.3680211749905021E-002  0.44801744677256594        7.1107918974268984E-003
   7.1450567963692624        1.4592882027436714E-002  0.44801744677256594        7.5891074890576254E-003
   7.3974330131920443        1.5581060369548297E-002  0.44801744677256594        8.0997643785313371E-003
   7.6587243988323896        1.6654105809221754E-002  0.44801744677256594        8.6450569839787838E-003
   7.9292442763577622        1.7822643520881788E-002  0.44801744677256594        9.2274685508032667E-003
   8.2093202460023029        1.9098680320868321E-002  0.44801744677256594        9.8497041224162012E-003
   8.4992881560440416        2.0495648934702623E-002  0.44801744677256594        1.0514699572560524E-002
   8.7994991583321234        2.2028485620880348E-002  0.44801744677256594        1.1225661662928437E-002
   9.1103132457223861        2.3713613619382224E-002  0.44801744677256594        1.1986080026893749E-002
   9.4321068148357909        2.5568961846541206E-002  0.44801744677256594        1.2799774622057293E-002
   9.7652657388916850        2.7613869326075097E-002  0.44801744677256594        1.3670911108303182E-002
   10.110193474162946        2.9869035904475708E-002  0.44801744677256594        1.4604056819718084E-002
   10.467303634806061        3.2356343206882007E-002  0.44801744677256594        1.5604200011145165E-002
   10.837027566606025        3.5098736994406993E-002  0.44801744677256594        1.6676812349299026E-002
   11.219811965471335        3.8120021429465523E-002  0.44801744677256594        1.7827889020818274E-002
   11.616115840724994        4.1444622310474369E-002  0.44801744677256594        1.9063989102992843E-002
   12.026419117330413        4.5097438842557618E-002  0.44801744677256594        2.0392316116799182E-002
   12.451213803399156        4.9103556476439332E-002  0.44801744677256594        2.1820749386387960E-002
   12.891014326336300        5.3488143900925600E-002  0.44801744677256594        2.3357941554794578E-002
   13.346348065368609        5.8276198142852502E-002  0.44801744677256594        2.5013355959223559E-002
   13.817766430769083        6.3492531510957781E-002  0.44801744677256594        2.6797380495528475E-002
   14.305834715756038        6.9161592186542192E-002  0.44801744677256594        2.8721371780118000E-002
   14.811143972217785        7.5307582031889267E-002  0.44801744677256594        3.0797787962206058E-002
   15.334300133051286        8.1954378698148173E-002  0.44801744677256594        3.3040240465970455E-002
   15.875936741648431        8.9125802017461342E-002  0.44801744677256594        3.5463648702349894E-002
   16.436703292225193        9.6845635412133022E-002  0.44801744677256594        3.8084300134932310E-002
   17.017278874447534       0.10513802618002739       0.44801744677256594        4.0920030170388214E-002
   17.618359675531394       0.11402756891537641       0.44801744677256594        4.3990291119848229E-002
   18.240671728221173       0.12353975961271381       0.44801744677256594        4.7316350533111048E-002
   18.884968846184627       0.13370124518817225       0.44801744677256594        5.0921431702655146E-002
   19.552019805756849       0.14453985907218170       0.44801744677256594        5.4830796289691425E-002
   20.242632201214423       0.15608518536784893       0.44797316620396876        5.9072036815935730E-002
   20.957638264717446       0.16836844329303963       0.44786220988457326        6.3675185213257546E-002
   21.697899624358065       0.18142255910895086       0.44777211504683923        6.8672949024888297E-002
   22.464312967141105       0.19528213279748025       0.44769895902354090        7.4100912690342635E-002
   23.257792778673313       0.20998283576626209       0.44763955783950948        7.9997636216626936E-002
   24.079299719823517       0.22556147120638959       0.44759132498476367        8.6405071612857903E-002
   24.929823759061236       0.24205504895093702       0.44755216064292686        9.3368667552891971E-002
   25.810395145829254       0.25950020508327326       0.44752035962551079       0.10093768207757414     
   26.722064579292049       0.27793186406735210       0.44749453785441456       0.10916523538338772     
   27.665935811728254       0.29738281167629915       0.44747357097042278       0.11810881055259559     
   28.643146268414043       0.31788214211660792       0.44745654618065567       0.12783029946582430     
   29.654879655490589       0.33945428683310597       0.44744272223748460       0.13839631418016501     
   30.702343174827575       0.36190384204214587       0.43153528452710743       0.14977730750410109     
   31.786804983723918       0.38536478304747007       0.41146101011152281       0.16210631379955392     
   32.909571928103169       0.40994619102389090       0.39516100569578300       0.17551468221157826     
   34.072004028335677       0.43563806208459832       0.38192558030636414       0.19008718321337029     
   35.275488300232773       0.46242026698881922       0.37117868751689365       0.20591339614480600     
   36.521481794408061       0.49026284238019474       0.36245237461026991       0.22308797449427190     
   37.811486012809581       0.51912501437319425       0.35536674172678778       0.24170990392117511     
   39.147055493126302       0.54895524129196427       0.34961331597908463       0.26188199731436085     
   40.529808025860810       0.57969156573758507       0.34494159716999334       0.28371022240741228     
   41.961393513511240       0.61126131628706459       0.34114825772629281       0.30730211178539518     
   43.443545167355794       0.64358289224385290       0.33806812399878167       0.33276618469715497     
   44.978049075047366       0.67656595935067620       0.33556710242658983       0.36020976100234386     
   46.566763998623138       0.71011294694663418       0.33353630025182995       0.38973723574037145     
   48.211585595230147       0.74411952442506135       0.33188733071691728       0.42144696399277803     
   49.914505239722644       0.77847718798665744       0.33054839262410968       0.45542953244393658     
   51.677575059319224       0.81307393187936572       0.32946119533003299       0.49176393138015101     
   53.502930680545909       0.84779614495141054       0.32857840301278501       0.53051449442612242     
   55.392750120602578       0.88252926650648367       0.32786159383516589       0.57172623770979658     
   57.349321371645829       0.91716045299098525       0.32727955572417150       0.61542234594849343     
   59.375002227322796       0.95157910137006430       0.32680694966215684       0.66159933920038849     
   61.472246417894510       0.98567849287542331       0.32642319870646191       0.71022378687760590     
   63.643556378429672        1.0193560914832056       0.32611160083503898       0.76122764873751469     
   65.891560899834928        1.0525157168044559       0.32585858811961188       0.81450703646595923     
   68.218968971510208        1.0850675338624693       0.32565314565661996       0.86991884222536542     
   70.628585269218178        1.1137410628596960       0.32501775834391000       0.92538182704858341     
   73.123328588587739        1.1331124801958157       0.32328349568068909       0.97716988327364085     
   75.706175661273647        1.1525930598403529       0.32187531012094767        1.0304451476425300     
   78.380253523498894        1.1720114499433134       0.32073188494070048        1.0848031179467159     
   81.148784610322849        1.1912230637216157       0.31980344114735298        1.1398219550137945     
   84.015122474940881        1.2101077036369172       0.31904955493715986        1.1950704037782944     
   86.982687236203873        1.2285666425857433       0.31843741486322757        1.2501147170457767     
   90.055071705548812        1.2465209277017655       0.31794036646677842        1.3045293392949915     
   93.235978303002270        1.2639086474265546       0.31753677075570885        1.3579042760784059     
   96.529260096906100        1.2806829372681459       0.31720905545054012        1.4098538694783580     
   99.938826062156153        1.2968093618700731       0.31694295879260792        1.4600224409683324     
   103.46886588546354        1.3122649296196942       0.31672688979590224        1.5080934211254020     
   107.12359379692580        1.3270348775683829       0.31655144528532164        1.5537897083246313     
   110.90736836557576        1.3411114227848284       0.31640898871651901        1.5968781802857197     
   114.82483910697920        1.3544924881497520       0.31629331478008388        1.6371720886749446     
   118.88068277378797        1.3671791008154204       0.31619938942534087        1.6745275151919095     
   123.07973629915718        1.3791744875218055       0.31612312437882445        1.7088433549064010     
   127.42715949490271        1.3904831947949936       0.31606119758796403        1.7400597143086978     
   131.92808807993632        1.4011090289636161       0.31601091457760644        1.7681518048156750     
   136.58805281121437        1.4110552376968781       0.31597008505466612        1.7931291317772204     
   141.41261684513370        1.4203229098416033       0.31593693214620300        1.8150290932364674     
   146.40753387824964        1.4289108818408185       0.31591001281102421        1.8339141300869140     
   151.57894168226974        1.4368156784052470       0.31588815446154728        1.8498683028288778     
   156.93294936957258        1.4440306547489294       0.31587040602669475        1.8629920353075531     
   162.47613596373097        1.4505467250732553       0.31585599439694545        1.8734000592680840     
   168.21511902855468        1.4563518429746818       0.31584429238801970        1.8812168876187030     
   174.15674278185460        1.4323152782226030       0.31372929684037704        1.8488037855778086     
   180.30830831190286        1.4008205411489001       0.31118355619281568        1.8046332309715152     
   186.67715947709803        1.3745052481189584       0.30911645619796213        1.7656580694408470     
   193.27089166569760        1.3523029567394267       0.30743802253444868        1.7310400664972101     
   200.09760727912413        1.3333433631243190       0.30607514379508610        1.7000311118458991     
   207.16537088595135        1.3169154151670801       0.30496852023496429        1.6719729510090122     
   214.48286737908427        1.3024346834358094       0.30406994809871812        1.6462902778110593     
   222.05883252794877        1.2894202885314039       0.30334032214094958        1.6224881450014106     
   229.90230130529540        1.2774747300933675       0.30274788405264141        1.6001449764460156     
   238.02291179328489        1.2662680313089767       0.30226682764124141        1.5789054612056095     
   246.43025707061713        1.2555263859911943       0.30187622182780571        1.5584757925766526     
   255.13466811288930        1.2450212983880464       0.30155905209379918        1.5386151661400427     
   264.14653641505117        1.2345627346173016       0.30130151542911188        1.5191313378401399     
   273.47660938458705        1.2239925944954069       0.30109240207771298        1.4998741249596756     
   283.13635184814427        1.2131794780487399       0.30092260320693592        1.4807294431754838     
   293.13729579387660        1.2020155914526915       0.30078472928594441        1.4616158229697356     
   303.49136818478553        1.1904133461203026       0.30067277909926166        1.4424792837810458     
   314.21129214162710        1.1783025095953523       0.30058187617434257        1.4232885868732301     
   325.30973137660959        1.1656292482646418       0.30050806526549584        1.4040330854946650     
   336.80032369109853        1.1523534049504918       0.30044813122068609        1.3847174578255923     
   348.69678677735646        1.1384482348985929       0.30039946575123355        1.3653601309175900     
   361.01330816366544        1.1238988812497739       0.30035995060325688        1.3459896856210667     
   373.76502243504467        1.1056296612035228       0.29744948395623622        1.3216771434275019     
   386.96715283564077        1.0771409074008582       0.28554467757767327        1.2820700497575868     
   400.63544401132759        1.0504459633004550       0.27587827158225287        1.2466419740640167     
   414.78669160661980        1.0251129421417715       0.26802920402385255        1.2146542589874449     
   429.43761284149554        1.0008037548329747       0.26165595684180598        1.1855182322378612     
   444.60621081975989       0.97725498175344017       0.25648091580566834        1.1587625393740537     
   460.31059410826708       0.95426616171424616       0.25227886666550392        1.1340119022892761     
   476.56949149896485       0.93168752988396752       0.24886690751976909        1.1109668779203419     
   493.40288198244309       0.90940983320866575       0.24609641579264172        1.0893877615582925     
   510.83065126063684       0.88735838238441911       0.24384684557790881        1.0690840498277632     
   528.87421463804299       0.86548443172683631       0.24202020715602099        1.0499023839489143     
   547.55511287104378       0.84376159550339869       0.24053700647094670        1.0317202369532534     
   566.89562449487210       0.82218052622404858       0.23933268449050510        1.0144387023657104     
   586.91951519858117       0.80074436919488967       0.23835478178384875       0.99797680837738356     
   607.65068989177485       0.77946713374188192       0.23756074069335842       0.98226868957938807     
   629.11387223602765       0.75837027420588987       0.23691599912313394       0.96725973954392741     
   651.33543626567803       0.73747974690983653       0.23639247257719878       0.95290361942010426     
   674.34163286578985       0.71682592986948990       0.23596738207328952       0.93916153959037152     
   698.16073213207346       0.69644013691034090       0.23562221096365640       0.92599938579003027     
   722.82116976782140       0.65833754957309554       0.21737428005160325       0.87957878802774792     
   748.35235540965130       0.61884466656107950       0.19745103462927874       0.83043207055679713     
   774.78566186873422       0.58343556953265729       0.18127347087119716       0.78878369199377163     
   802.15264573967897       0.55143900276466351       0.16813755225627172       0.75331876176164270     
   830.48594444209971       0.52231356269211793       0.15747151381625793       0.72295874995539255     
   859.82037403360118       0.49562155939010055       0.14881075030851501       0.69681834037591261     
   890.19058800385733       0.47101089785353983       0.14177842625098847       0.67417304900513675     
   921.63390537915473       0.44819597472799888       0.13606821848129183       0.65442809474711983     
   954.18786380243341       0.42694641102233361       0.13143162265890931       0.63709682159419545     
   987.89128659474920       0.40707529394759884       0.12766682244035862       0.62178034800013016     
   1022.7855886411724       0.38842984625655164       0.12460982573721011       0.60815117346230008     
   1058.9119914466876       0.37088602711754903       0.12212762062445051       0.59594127063558955     
   1096.3148872627712       0.35434111749287800       0.12011208396759063       0.58493001035956282     
   1135.0389283928459       0.33871068498613482       0.11847550098848225       0.57493640859739004     
   1175.1302964981960       0.32392428611502844       0.11714663640906851       0.56581144160562358     
   1216.6382559936744       0.30992209335296456       0.11606760580920268       0.55743191050968466     
   1259.6123598874483       0.29665363911305942       0.11519145051444948       0.54969631440919575     
   1304.1038583964914       0.28407541782074758       0.11448003425745112       0.54252060950593117     
   1350.1674228314519       0.27214902745715736       0.11390236823908101       0.53583483426910394     
   1397.8574692241625       0.22509400774164456        9.6772583445032867E-002  0.45946351045024791     
   1447.2325992722181       0.18419594365454234        8.0768496879794094E-002  0.39123741081995278     
   1498.3517579647787       0.15172262747645879        6.7773438923543650E-002  0.33620449993287727     
   1551.2759091786245       0.11832275942698818        5.5093683353343914E-002  0.27104792425251617     
   1606.0700862978565        9.2136986699654047E-002   4.4735174686886578E-002  0.21809192532081678     
   1662.7990190437411        7.1780921887726321E-002   3.6324323884864229E-002  0.17553486422861364     
   1721.5324161293761        5.5952524494572144E-002   2.9494760115250380E-002  0.14132311303134679     
   1782.3403946248577        4.3641169233664297E-002   2.3949265429236505E-002  0.11381207331518503     
   1845.2954731357936        3.4061967043084368E-002   1.9446461992047991E-002   9.1682909113712519E-002
   1910.4750110852074        2.6605211845749346E-002   1.5790210806505594E-002   7.3877099141692201E-002
   1977.9568210713478        2.0797847360470141E-002   1.2821394319225823E-002   5.9546021609656545E-002
   2047.8213808026539        1.6272560583476991E-002   1.0410789343438922E-002   4.8008421078579042E-002
   2120.1545400970977        1.2744030533650254E-002   8.4533915970032830E-003   3.8716939857467048E-002
   2195.0417479108573        9.9908825175274354E-003   6.8640334243546984E-003   3.1232400396241325E-002
   2272.5750259096239        7.8410623750545180E-003   5.5734834849537904E-003   2.5201594443292272E-002
   2352.8469348264384        6.1610075747542134E-003   4.5255779272334899E-003   2.0340895925672117E-002
   2435.9532056335870        4.8469243898924446E-003   3.6747047383992801E-003   1.6422256140164074E-002
   2521.9959596104222        3.8180952558148911E-003   2.9838004720198884E-003   1.3262165057285729E-002
   2611.0779162676686        3.0117957924748352E-003   2.4227974464975138E-003   1.0713135709926228E-002
   2703.3053132971791        2.3792219698064083E-003   1.9672769754444557E-003   8.6564793825518460E-003
   2798.7914800504532        1.8823662818099767E-003   1.5973969028276228E-003   6.9966061589893302E-003
   2897.6492167059700        1.4916511912028802E-003   1.2970635048844129E-003   5.6566408994022975E-003
   3000.0000000000000        1.1840069200890334E-003   1.0531944669382421E-003   4.5746136205386638E-003
