         200   4370.0000000000000     
   3.0000000000000000        2.3870918921048245E-003   2.8868560746086850E-002   6.9841640293504224E-003
   3.1059655287322618        2.5198497508445599E-003   2.8868560746086850E-002   7.2215152407261078E-003
   3.2156739552243598        2.6573673237273139E-003   2.8868560746086850E-002   7.4626973207714007E-003
   3.3292574962321346        2.7995689261689923E-003   2.8868560746086850E-002   7.7071187552630403E-003
   3.4468529954360925        2.9463546944032181E-003   2.8868560746086850E-002   7.9541400361851089E-003
   3.5686022069563790        3.0975999951680382E-003   2.8868560746086850E-002   8.2030798020243482E-003
   3.6946518254059528        3.2531547701989071E-003   2.8868560746086850E-002   8.4532213443706226E-003
   3.8251536998800524        3.4128433904318666E-003   2.8868560746086850E-002   8.7038202990270836E-003
   3.9602651907155879        3.5764649788006912E-003   2.8868560746086850E-002   8.9541132279008801E-003
   4.1001490688558144        3.7437934820867464E-003   2.8868560746086850E-002   9.2033258052008557E-003
   4.2449739038313119        3.9145786512650846E-003   2.8868560746086850E-002   9.4506822363271802E-003
   4.3949142193596993        4.0885470398017171E-003   2.8868560746086850E-002   9.6954143167961044E-003
   4.5501507036585132        4.2654033582961220E-003   2.8868560746086850E-002   9.9367704826710587E-003
   4.7108703059600501        4.4448319728013844E-003   2.8868560746086850E-002   1.0174024379224364E-002
   4.8772669425686850        4.6264993229268095E-003   2.8868560746086850E-002   1.0406483797767072E-002
   5.0495410155906377        4.8100552295425817E-003   2.8868560746086850E-002   1.0633497165108419E-002
   5.2279001269311909        4.9951357208777554E-003   2.8868560746086850E-002   1.0854460943576767E-002
   5.4125592113782046        5.1813653512658240E-003   2.8868560746086850E-002   1.1068825160279037E-002
   5.6037407956130689        5.3683597722051484E-003   2.8868560746086850E-002   1.1276098028200692E-002
   5.8016752663703963        5.5557283887976063E-003   2.8868560746086850E-002   1.1475849419316357E-002
   6.0066011480696169        5.7430770675157691E-003   2.8868560746086850E-002   1.1667713166089602E-002
   6.2187653902530293        5.9300108625016225E-003   2.8868560746086850E-002   1.1851388205845059E-002
   6.4384236651766908        6.1161367291709965E-003   2.8868560746086850E-002   1.2026638617970686E-002
   6.6658406759127811        6.3010661956695337E-003   2.8868560746086850E-002   1.2193292634979315E-002
   6.9012904753346884        6.4844179646147571E-003   2.8868560746086850E-002   1.2351240733740566E-002
   7.1450567963692624        6.6658204195130469E-003   2.8868560746086850E-002   1.2500432931788015E-002
   7.3974330131920443        6.8449137485873781E-003   2.8868560746086850E-002   1.2640875223372575E-002
   7.6587243988323896        7.0213535100084982E-003   2.8868560746086850E-002   1.2772626708673619E-002
   7.9292442763577622        7.1948098275688753E-003   2.8868560746086850E-002   1.2895793142106855E-002
   8.2093202460023029        7.3649732110101238E-003   2.8868560746086850E-002   1.3010525327993168E-002
   8.4992881560440416        7.5315521630044523E-003   2.8868560746086850E-002   1.3117011568092942E-002
   8.7994991583321234        7.6942787246357530E-003   2.8868560746086850E-002   1.3215475739017558E-002
   9.1103132457223861        7.8529058254726107E-003   2.8868560746086850E-002   1.3306170188269181E-002
   9.4321068148357909        8.0072122165488965E-003   2.8868560746086850E-002   1.3389373644997024E-002
   9.7652657388916850        8.1569995600945053E-003   2.8868560746086850E-002   1.3465384840028074E-002
   10.110193474162946        8.3020967092535050E-003   2.8868560746086850E-002   1.3534520505809956E-002
   10.467303634806061        8.4423565527277887E-003   2.8868560746086850E-002   1.3597109866706536E-002
   10.837027566606025        8.5776592349466555E-003   2.8868560746086850E-002   1.3653492716701522E-002
   11.219811965471335        8.7079107588150708E-003   2.8868560746086850E-002   1.3704015614772243E-002
   11.616115840724994        8.8330416485436734E-003   2.8868560746086850E-002   1.3749028713963924E-002
   12.026419117330413        8.9530091795818750E-003   2.8868560746086850E-002   1.3788884262985192E-002
   12.451213803399156        9.0677937984969485E-003   2.8868560746086850E-002   1.3823933315537900E-002
   12.891014326336300        9.1774011967245290E-003   2.8868560746086850E-002   1.3854524739647914E-002
   13.346348065368609        9.2818586740826842E-003   2.8868560746086850E-002   1.3881002703946979E-002
   13.817766430769083        9.3812167034953917E-003   2.8868560746086850E-002   1.3903705979927921E-002
   14.305834715756038        9.4755453135586705E-003   2.8868560746086850E-002   1.3922966115408426E-002
   14.811143972217785        9.5649352244164786E-003   2.8868560746086850E-002   1.3939107003683010E-002
   15.334300133051286        9.6494943223702535E-003   2.8868560746086850E-002   1.3952443653205415E-002
   15.875936741648431        9.7293484496427246E-003   2.8868560746086850E-002   1.3963281996624046E-002
   16.436703292225193        9.8046380360326309E-003   2.8868560746086850E-002   1.3971918168583595E-002
   17.017278874447534        9.8755186227932178E-003   2.8868560746086850E-002   1.3978638528256428E-002
   17.618359675531394        9.9421577059108021E-003   2.8868560746086850E-002   1.3983719361344380E-002
   18.240671728221173        1.0004734890500870E-002   2.8868560746086850E-002   1.3987427081477617E-002
   18.884968846184627        1.0063440058155966E-002   2.8868560746086850E-002   1.3990018329698515E-002
   19.552019805756849        1.0118470944886665E-002   2.8868560746086850E-002   1.3991740225769985E-002
   20.242632201214423        1.0170034020029915E-002   2.8868079358509751E-002   1.3992829782545093E-002
   20.957638264717446        1.0218341938289785E-002   2.8866873118494091E-002   1.3993515355897535E-002
   21.697899624358065        1.0263612853359317E-002   2.8865893670013191E-002   1.3994020196797789E-002
   22.464312967141105        1.0306069716576622E-002   2.8865098368554300E-002   1.3994558181525965E-002
   23.257792778673313        1.0345938453730517E-002   2.8864452600151504E-002   1.3995336410996930E-002
   24.079299719823517        1.0383448763365298E-002   2.8863928246065314E-002   1.3996555964214934E-002
   24.929823759061236        1.0418832514538949E-002   2.8863502478550965E-002   1.3998412667296845E-002
   25.810395145829254        1.0452323756204166E-002   2.8863156759983920E-002   1.4001097930837831E-002
   26.722064579292049        1.0484157628301032E-002   2.8862876043628687E-002   1.4004799524237038E-002
   27.665935811728254        1.0514571382499309E-002   2.8862648106233030E-002   1.4009702530488957E-002
   28.643146268414043        1.0543803541503239E-002   2.8862463024546949E-002   1.4015990158354388E-002
   29.654879655490589        1.0572094356241265E-002   2.8862312740241217E-002   1.4023844675592395E-002
   30.702343174827575        1.0577284031884323E-002   2.6292553984092786E-002   1.4000557230406366E-002
   31.786804983723918        1.0572499739521639E-002   2.3048904220722758E-002   1.3965310346645091E-002
   32.909571928103169        1.0569140648136847E-002   2.0415110123288300E-002   1.3934732534799783E-002
   34.072004028335677        1.0567064119273396E-002   1.8276498109537936E-002   1.3908485207461102E-002
   35.275488300232773        1.0566168810861651E-002   1.6539989206059688E-002   1.3886282785414060E-002
   36.521481794408061        1.0566389287425870E-002   1.5129970482160476E-002   1.3867886458169418E-002
   37.811486012809581        1.0567691451807826E-002   1.3985056800598392E-002   1.3853099824469802E-002
   39.147055493126302        1.0570068477690405E-002   1.3055404366903721E-002   1.3841763979676959E-002
   40.529808025860810        1.0573537244528015E-002   1.2300536753961519E-002   1.3833752943827689E-002
   41.961393513511240        1.0578135020064147E-002   1.1687599801212062E-002   1.3828969450835931E-002
   43.443545167355794        1.0583916619215258E-002   1.1189904351326701E-002   1.3827340375938101E-002
   44.978049075047366        1.0590951540143669E-002   1.0785783242743761E-002   1.3828812690016720E-002
   46.566763998623138        1.0599321341658896E-002   1.0457641320538263E-002   1.3833349163195358E-002
   48.211585595230147        1.0609116765409146E-002   1.0191196838860160E-002   1.3840923898268458E-002
   49.914505239722644        1.0620435322275454E-002   9.9748479866928492E-003   1.3851518052899149E-002
   51.677575059319224        1.0633378304774647E-002   9.7991760210386809E-003   1.3865115194368605E-002
   53.502930680545909        1.0648048008961273E-002   9.6565323054220668E-003   1.3881696753323319E-002
   55.392750120602578        1.0664544328985731E-002   9.5407085465537798E-003   1.3901236846290785E-002
   57.349321371645829        1.0682962107361122E-002   9.4466614222634294E-003   1.3923698046599892E-002
   59.375002227322796        1.0703387532674049E-002   9.3702965928561983E-003   1.3949026201303158E-002
   61.472246417894510        1.0725895051866300E-002   9.3082891862190046E-003   1.3977145989070201E-002
   63.643556378429672        1.0750543540669741E-002   9.2579404492742975E-003   1.4007955743750675E-002
   65.891560899834928        1.0777373933770134E-002   9.2170580433882255E-003   1.4041324314604888E-002
   68.218968971510208        1.0806405746832021E-002   9.1838621538296791E-003   1.4077086786217243E-002
   70.628585269218178        1.0802339990621823E-002   9.1475123453810293E-003   1.4066052442765658E-002
   73.123328588587739        1.0705503345025772E-002   9.0935680369582401E-003   1.3924766587792682E-002
   75.706175661273647        1.0620505768960035E-002   9.0497663696778585E-003   1.3798516601554265E-002
   78.380253523498894        1.0545978833884109E-002   9.0142000844260738E-003   1.3685806422438291E-002
   81.148784610322849        1.0480737654360250E-002   8.9853208036783060E-003   1.3585269834865446E-002
   84.015122474940881        1.0423754877913239E-002   8.9618711434274086E-003   1.3495653983099294E-002
   86.982687236203873        1.0374140281693730E-002   8.9428305023258933E-003   1.3415810663293268E-002
   90.055071705548812        1.0331119985330331E-002   8.9273697923839806E-003   1.3344685481108511E-002
   93.235978303002270        1.0294021622433211E-002   8.9148159319003533E-003   1.3281314358904599E-002
   96.529260096906100        1.0262259777615492E-002   8.9046223344299430E-003   1.3224818087097905E-002
   99.938826062156153        1.0235324713937019E-002   8.8963453874078956E-003   1.3174399820931255E-002
   103.46886588546354        1.0212769996729052E-002   8.8896245527580655E-003   1.3129337679561332E-002
   107.12359379692580        1.0194205516085323E-002   8.8841673443486521E-003   1.3088984629374956E-002
   110.90736836557576        1.0179288396764963E-002   8.8797362271670933E-003   1.3052762164987830E-002
   114.82483910697920        1.0167715810499805E-002   8.8761381848198578E-003   1.3020154817473211E-002
   118.88068277378797        1.0159220077980710E-002   8.8732166329624097E-003   1.2990708127674227E-002
   123.07973629915718        1.0153562826139587E-002   8.8708444056877465E-003   1.2964022513409874E-002
   127.42715949490271        1.0150530518213787E-002   8.8689181704197893E-003   1.2939747801891742E-002
   131.92808807993632        1.0149931045081590E-002   8.8673541154028045E-003   1.2917580735988745E-002
   136.58805281121437        1.0151590184563486E-002   8.8660841114841620E-003   1.2897258120978250E-002
   141.41261684513370        1.0155348971341824E-002   8.8650528889610836E-003   1.2878554349634513E-002
   146.40753387824964        1.0161061233147070E-002   8.8642155619804638E-003   1.2861276339636697E-002
   151.57894168226974        1.0168591935038955E-002   8.8635356571593396E-003   1.2845259044347227E-002
   156.93294936957258        1.0177814978163559E-002   8.8629835913944174E-003   1.2830363140011293E-002
   162.47613596373097        1.0188612474955895E-002   8.8625353170836592E-003   1.2816470058650166E-002
   168.21511902855468        1.0200872791313794E-002   8.8621713256352673E-003   1.2803480103342660E-002
   174.15674278185460        9.8788575267136827E-003   8.7724066973883588E-003   1.2436669093215710E-002
   180.30830831190286        9.4892049021111941E-003   8.6643180070273412E-003   1.1998195261822577E-002
   186.67715947709803        9.1768104304940298E-003   8.5765517487075490E-003   1.1641145129207034E-002
   193.27089166569760        8.9272435008016533E-003   8.5052877349436982E-003   1.1350222530051433E-002
   200.09760727912413        8.7287596158909294E-003   8.4474217546837756E-003   1.1113007175365525E-002
   207.16537088595135        8.5718148998586551E-003   8.4004360212977715E-003   1.0919432363770843E-002
   214.48286737908427        8.4486362741649119E-003   8.3622838688015393E-003   1.0761319859210569E-002
   222.05883252794877        8.3529020103260115E-003   8.3313049415867074E-003   1.0632038691834989E-002
   229.90230130529540        8.2794632873401733E-003   8.3061508249855261E-003   1.0526205764685362E-002
   238.02291179328489        8.2241224819457198E-003   8.2857258231111720E-003   1.0439447634862684E-002
   246.43025707061713        8.1834594966603211E-003   8.2691412307796183E-003   1.0368217302858094E-002
   255.13466811288930        8.1546807509976851E-003   8.2556746346423588E-003   1.0309630532542474E-002
   264.14653641505117        8.1355048514159256E-003   8.2447399776368804E-003   1.0261346354694527E-002
   273.47660938458705        8.1240647613502730E-003   8.2358613087468221E-003   1.0221461891754428E-002
   283.13635184814427        8.1188301979148655E-003   8.2286518793084247E-003   1.0188428728256498E-002
   293.13729579387660        8.1185454666504262E-003   8.2227979398785487E-003   1.0160988621451551E-002
   303.49136818478553        8.1221778366816228E-003   8.2180446869987850E-003   1.0138117383613922E-002
   314.21129214162710        8.1288767349744183E-003   8.2141850722678260E-003   1.0118980271395519E-002
   325.30973137660959        8.1379400587220166E-003   8.2110511613255437E-003   1.0102898019401741E-002
   336.80032369109853        8.1487878833535476E-003   8.2085064431832097E-003   1.0089315992764705E-002
   348.69678677735646        8.1609400755613803E-003   8.2064401734459301E-003   1.0077782098176452E-002
   361.01330816366544        8.1739990133016648E-003   8.2047624139309182E-003   1.0067927011753868E-002
   373.76502243504467        8.1677540490654784E-003   8.1773626124100936E-003   1.0024399586626216E-002
   386.96715283564077        8.0991807010132120E-003   8.0688027093135210E-003   9.8725248782632422E-003
   400.63544401132759        8.0455331912706925E-003   7.9806547743714838E-003   9.7489225354856057E-003
   414.78669160661980        8.0039210915663992E-003   7.9090791446264387E-003   9.6482633727726537E-003
   429.43761284149554        7.9719820414589204E-003   7.8509615176367772E-003   9.5662267962488088E-003
   444.60621081975989        7.9477832080500337E-003   7.8037703298476481E-003   9.4993015347019909E-003
   460.31059410826708        7.9297467956163086E-003   7.7654518530108595E-003   9.4446392910403250E-003
   476.56949149896485        7.9165850438896197E-003   7.7343382050898517E-003   9.3999263953073800E-003
   493.40288198244309        7.9072479431935277E-003   7.7090740971436054E-003   9.3632816161658711E-003
   510.83065126063684        7.9008813759350975E-003   7.6885602713194648E-003   9.3331774402260499E-003
   528.87421463804299        7.8967909688104614E-003   7.6719031595809794E-003   9.3083697896574596E-003
   547.55511287104378        7.8944137435051961E-003   7.6583778558066739E-003   9.2878465638969853E-003
   566.89562449487210        7.8932939401269563E-003   7.6473956463245117E-003   9.2707823702008890E-003
   586.91951519858117        7.8930634100534917E-003   7.6384781537003734E-003   9.2565024659267952E-003
   607.65068989177485        7.8934254761806981E-003   7.6312372947483663E-003   9.2444550155581472E-003
   629.11387223602765        7.8941414851918888E-003   7.6253578977921992E-003   9.2341869013255751E-003
   651.33543626567803        7.8950198307676609E-003   7.6205838603750492E-003   9.2253244861583688E-003
   674.34163286578985        7.8959067908382728E-003   7.6167074610079310E-003   9.2175590800536028E-003
   698.16073213207346        7.8966791120654387E-003   7.6135598464208091E-003   9.2106337205008024E-003
   722.82116976782140        7.7860215044787077E-003   7.4998189387481679E-003   8.9942928602197245E-003
   748.35235540965130        7.6643800639067628E-003   7.3758655253397280E-003   8.7581981195556224E-003
   774.78566186873422        7.5653050063111786E-003   7.2752160475091955E-003   8.5656830218067675E-003
   802.15264573967897        7.4844338244142352E-003   7.1934903087522628E-003   8.4084813308310368E-003
   830.48594444209971        7.4182232493743006E-003   7.1271310462847452E-003   8.2798750243951221E-003
   859.82037403360118        7.3637933644559207E-003   7.0732476966220148E-003   8.1744009398628855E-003
   890.19058800385733        7.3188074190606535E-003   7.0294957599948650E-003   8.0876249389674002E-003
   921.63390537915473        7.2813649193039431E-003   6.9939694323649217E-003   8.0159403743810202E-003
   954.18786380243341        7.2499233191103563E-003   6.9651226322278402E-003   7.9564207581768395E-003
   987.89128659474920        7.2232294149397400E-003   6.9416997496603971E-003   7.9066902294169968E-003
   1022.7855886411724        7.2002647655018265E-003   6.9226805001304202E-003   7.8648204502478093E-003
   1058.9119914466876        7.1802041760481317E-003   6.9072373436574542E-003   7.8292517962466682E-003
   1096.3148872627712        7.1623782408230989E-003   6.8946975870479337E-003   7.7987222155959839E-003
   1135.0389283928459        7.1462466691619708E-003   6.8845155086622858E-003   7.7722159398639660E-003
   1175.1302964981960        7.1313745538036455E-003   6.8762479148499226E-003   7.7489177742608665E-003
   1216.6382559936744        7.1174134566567180E-003   6.8695346749540077E-003   7.7281765034499820E-003
   1259.6123598874483        7.1040875684042094E-003   6.8640836333612055E-003   7.7094771968768544E-003
   1304.1038583964914        7.0911811294575742E-003   6.8596575234810362E-003   7.6924162708379099E-003
   1350.1674228314519        7.0785282892714052E-003   6.8560635470344715E-003   7.6766812846804635E-003
   1397.8574692241625        6.1617098479339535E-003   5.9731524912840020E-003   6.6755714048709093E-003
   1447.2325992722181        5.3371218297512592E-003   5.1788001240671358E-003   5.7743679369574308E-003
   1498.3517579647787        4.6670341779072987E-003   4.5337989234307324E-003   5.0423849915693141E-003
   1551.2759091786245        3.7925562788340967E-003   3.6907751881958429E-003   4.0989331591922895E-003
   1606.0700862978565        3.0738696515663433E-003   2.9968494158404513E-003   3.3237153804193931E-003
   1662.7990190437411        2.4912763669426002E-003   2.4333989880912380E-003   2.6952078527716443E-003
   1721.5324161293761        2.0190377160913889E-003   1.9758803947993353E-003   2.1856433019882683E-003
   1782.3403946248577        1.6362876335140925E-003   1.6043827393939782E-003   1.7725201942380684E-003
   1845.2954731357936        1.3260945587680716E-003   1.3027359045524355E-003   1.4375868613979088E-003
   1910.4750110852074        1.0747139462742633E-003   1.0578003631970877E-003   1.1660323565130738E-003
   1977.9568210713478        8.7100798586658198E-004   8.5891668792555814E-004   9.4585855235040559E-004
   2047.8213808026539        7.0594297339511710E-004   6.9742810172748683E-004   7.6733660059478763E-004
   2120.1545400970977        5.7218888476278198E-004   5.6630027370332123E-004   6.2257410614546837E-004
   2195.0417479108573        4.6380967374293382E-004   4.5982774633305758E-004   5.0518058149293728E-004
   2272.5750259096239        3.7598843410908722E-004   3.7337265011231317E-004   4.0997068909261268E-004
   2352.8469348264384        3.0482465287215459E-004   3.0317251832584746E-004   3.3274552354359651E-004
   2435.9532056335870        2.4715693715996660E-004   2.4617176138771508E-004   2.7010144580470410E-004
   2521.9959596104222        2.0042185796961297E-004   1.9988746582850472E-004   2.1927796632757377E-004
   2611.0779162676686        1.6254440881857256E-004   1.6230537073020870E-004   1.7803982834343088E-004
   2703.3053132971791        1.3184331886577954E-004   1.3178964642302567E-004   1.4457509079450609E-004
   2798.7914800504532        1.0695569310235048E-004   1.0701104910422054E-004   1.1741407080914758E-004
   2897.6492167059700        8.6778775363775140E-005   8.6891445805849395E-005   9.5366786347559422E-005
   3000.0000000000000        7.0418385021474205E-005   7.0554440551575163E-005   7.7467521845995177E-005
