         200   4370.0000000000000     
   3.0000000000000000        1.5091789284933611E-003   1.9672002545697624        7.3272520647012565E-004
   3.1059655287322618        1.6162237353772580E-003   1.9672002545697624        7.8118991352121522E-004
   3.2156739552243598        1.7306432826358672E-003   1.9672002545697624        8.3302784568366889E-004
   3.3292574962321346        1.8528924864043620E-003   1.9672002545697624        8.8847556860110035E-004
   3.4468529954360925        1.9834504102626180E-003   1.9672002545697624        9.4778576912606051E-004
   3.5686022069563790        2.1228227210838843E-003   1.9672002545697624        1.0112283127744423E-003
   3.6946518254059528        2.2715444172367255E-003   1.9672002545697624        1.0790912252358076E-003
   3.8251536998800524        2.4301833772148286E-003   1.9672002545697624        1.1516818188052769E-003
   3.9602651907155879        2.5993447868642152E-003   1.9672002545697624        1.2293279677446541E-003
   4.1001490688558144        2.7796757557197790E-003   1.9672002545697624        1.3123791972753666E-003
   4.2449739038313119        2.9718713249172212E-003   1.9672002545697624        1.4012081229014908E-003
   4.3949142193596993        3.1766810364751326E-003   1.9672002545697624        1.4962118528399414E-003
   4.5501507036585132        3.3949164421442387E-003   1.9672002545697624        1.5978135247686780E-003
   4.7108703059600501        3.6274593424812911E-003   1.9672002545697624        1.7064638830544450E-003
   4.8772669425686850        3.8752718319416441E-003   1.9672002545697624        1.8226434078229335E-003
   5.0495410155906377        4.1394055558220729E-003   1.9672002545697624        1.9468637946690450E-003
   5.2279001269311909        4.4210136414622727E-003   1.9672002545697624        2.0796704158286094E-003
   5.4125592113782046        4.7213627693980641E-003   1.9672002545697624        2.2216445923685089E-003
   5.6037407956130689        5.0418464281227994E-003   1.9672002545697624        2.3734061747236615E-003
   5.8016752663703963        5.3839992313302115E-003   1.9672002545697624        2.5356163803015876E-003
   6.0066011480696169        5.7495123632766536E-003   1.9672002545697624        2.7089809161811814E-003
   6.2187653902530293        6.1402502435657811E-003   1.9672002545697624        2.8942534162291300E-003
   6.4384236651766908        6.5582685346208518E-003   1.9672002545697624        3.0922392231557279E-003
   6.6658406759127811        7.0058336538660164E-003   1.9672002545697624        3.3037995471861888E-003
   6.9012904753346884        7.4854439987974766E-003   1.9672002545697624        3.5298560342054146E-003
   7.1450567963692624        7.9998531474204070E-003   1.9672002545697624        3.7713957775337269E-003
   7.3974330131920443        8.5520945113110643E-003   1.9672002545697624        4.0294764135477609E-003
   7.6587243988323896        9.1455137790575243E-003   1.9672002545697624        4.3052341069007424E-003
   7.9292442763577622        9.7837908326332493E-003   1.9672002545697624        4.5998857089627355E-003
   8.2093202460023029        1.0470988277465471E-002   1.9672002545697624        4.9147421339037099E-003
   8.4992881560440416        1.1211575811890289E-002   1.9672002545697624        5.2512091601056568E-003
   8.7994991583321234        1.2010491366175009E-002   1.9672002545697624        5.6108034244842812E-003
   9.1103132457223861        1.2873174325420731E-002   1.9672002545697624        5.9951536771373085E-003
   9.4321068148357909        1.3805642464342014E-002   1.9672002545697624        6.4060194058911234E-003
   9.7652657388916850        1.4814537367512709E-002   1.9672002545697624        6.8452926487167082E-003
   10.110193474162946        1.5907221689696112E-002   1.9672002545697624        7.3150196820397787E-003
   10.467303634806061        1.7091840192870088E-002   1.9672002545697624        7.8174035346010046E-003
   10.837027566606025        1.8377437688077744E-002   1.9672002545697624        8.3548276211026489E-003
   11.219811965471335        1.9774057857297866E-002   1.9672002545697624        8.9298673938957417E-003
   11.616115840724994        2.1292848096915021E-002   1.9672002545697624        9.5453014967233213E-003
   12.026419117330413        2.2946219099588879E-002   1.9672002545697624        1.0204142252181414E-002
   12.451213803399156        2.4747948424616539E-002   1.9672002545697624        1.0909640926170552E-002
   12.891014326336300        2.6713368261917919E-002   1.9672002545697624        1.1665325128561711E-002
   13.346348065368609        2.8859477359001341E-002   1.9672002545697624        1.2475005750298090E-002
   13.817766430769083        3.1205146865509049E-002   1.9672002545697624        1.3342820850530695E-002
   14.305834715756038        3.3771229657644966E-002   1.9672002545697624        1.4273244686030275E-002
   14.811143972217785        3.6580775798707894E-002   1.9672002545697624        1.5271139254887272E-002
   15.334300133051286        3.9659127783436748E-002   1.9672002545697624        1.6341765875976674E-002
   15.875936741648431        4.3034139327538627E-002   1.9672002545697624        1.7490845710537918E-002
   16.436703292225193        4.6736248121817064E-002   1.9672002545697624        1.8724574358854357E-002
   17.017278874447534        5.0798696278737510E-002   1.9672002545697624        2.0049692825464628E-002
   17.618359675531394        5.5257575124395351E-002   1.9672002545697624        2.1473505579122101E-002
   18.240671728221173        6.0152031506980140E-002   1.9672002545697624        2.3003958865754095E-002
   18.884968846184627        6.5524366905900064E-002   1.9672002545697624        2.4649691212414847E-002
   19.552019805756849        7.1420013031077798E-002   1.9672002545697624        2.6420057906013619E-002
   20.242632201214423        7.7887787795362956E-002   1.9670088149246201        2.8325212168954374E-002
   20.957638264717446        8.4979791358094761E-002   1.9665504676778127        3.0376186957331401E-002
   21.697899624358065        9.2751390895218846E-002   1.9662032580327589        3.2585087657223503E-002
   22.464312967141105       0.10126113560672688        1.9659402365817886        3.4964992159266191E-002
   23.257792778673313       0.11057029068534306        1.9657409925261422        3.7530061991708621E-002
   24.079299719823517       0.12074272607158115        1.9655900601090233        4.0295719989698262E-002
   24.929823759061236       0.13184412203501922        1.9654757249813668        4.3278694021441695E-002
   25.810395145829254       0.14394128594983707        1.9653891127815000        4.6497155339300010E-002
   26.722064579292049       0.15710082823784377        1.9653235022926734        4.9970751353463905E-002
   27.665935811728254       0.17138833299290185        1.9652738006860950        5.3720835497671100E-002
   28.643146268414043       0.18686660346798886        1.9652361504606399        5.7770512094803994E-002
   29.654879655490589       0.20359417731381318        1.9652076293147864        6.2144804328983588E-002
   30.702343174827575       0.22146995031818523        1.9456692657984886        6.6803762743879211E-002
   31.786804983723918       0.24063788850438131        1.9223843289738280        7.1819834184738099E-002
   32.909571928103169       0.26120797523835265        1.9047453997420696        7.7257378438324531E-002
   34.072004028335677       0.28319794008837107        1.8913833954712254        8.3147877487108168E-002
   35.275488300232773       0.30661306219240358        1.8812614076536052        8.9525573036742398E-002
   36.521481794408061       0.33144565956491001        1.8735937455876108        9.6427684743457101E-002
   37.811486012809581       0.35767375997123885        1.8677852974233042       0.10389427689093557     
   39.147055493126302       0.38526096990435393        1.8633852508658262       0.11196828228178510     
   40.529808025860810       0.41415701421307688        1.8600520870370922       0.12069552595522551     
   41.961393513511240       0.44429806772282898        1.8575271481892390       0.13012445736096151     
   43.443545167355794       0.47560948010093812        1.8556144430791854       0.14030637114036348     
   44.978049075047366       0.50800744505163264        1.8541655205276024       0.15129507861157357     
   46.566763998623138       0.54140231657336890        1.8530679193598698       0.16314686642177254     
   48.211585595230147       0.57570127903539892        1.8522364643308811       0.17592000823414478     
   49.914505239722644       0.61081341830416980        1.8516066160935305       0.18967494912063018     
   51.677575059319224       0.64665310139673315        1.8511294901056452       0.20447376503999745     
   53.502930680545909       0.68314469491271557        1.8507680532290609       0.22038004555920129     
   55.392750120602578       0.72022598152295758        1.8504942575029455       0.23745822337751160     
   57.349321371645829       0.75785356358546996        1.8502868503077616       0.25577386639662358     
   59.375002227322796       0.79600576268069623        1.8501297341057490       0.27539306723668794     
   61.472246417894510       0.83468633052148189        1.8500107139920681       0.29638247753732677     
   63.643556378429672       0.87392615671754126        1.8499205538546903       0.31880869326607852     
   65.891560899834928       0.91378651441140224        1.8498522552677221       0.34273898935775504     
   68.218968971510208       0.95435915802886817        1.8498005173587426       0.36824093288393978     
   70.628585269218178       0.99225938206096775        1.8487236158591294       0.39376393214971506     
   73.123328588587739        1.0221361505500739        1.8452999545387483       0.41680080447360551     
   75.706175661273647        1.0546239477902726        1.8427064620151725       0.44223860938521342     
   78.380253523498894        1.0895785436998737        1.8407418257599428       0.47000348572627987     
   81.148784610322849        1.1269361937163938        1.8392535640509604       0.50004923986693262     
   84.015122474940881        1.1666990643100748        1.8381261623220722       0.53235379215711520     
   86.982687236203873        1.2089208717152449        1.8372721327667778       0.56691541545875990     
   90.055071705548812        1.2536961783763867        1.8366251837541507       0.60375162981331776     
   93.235978303002270        1.3011484060894010        1.8361351034959927       0.64289675675789459     
   96.529260096906100        1.3514201964637125        1.8357638533811744       0.68440106303480308     
   99.938826062156153        1.4046624419248499        1.8354826253761147       0.72832844097326033     
   103.46886588546354        1.4610288838545160        1.8352695854982990       0.77475827471847181     
   107.12359379692580        1.5206637616632765        1.8351082026623595       0.82378113574649969     
   110.90736836557576        1.5836956872515493        1.8349859525371983       0.87549916545443640     
   114.82483910697920        1.6502326086810755        1.8348933438664461       0.93002685907771310     
   118.88068277378797        1.7203502429288555        1.8348231905689898       0.98748598088594763     
   123.07973629915718        1.7940874297143530        1.8347700483042348        1.0480055744228893     
   127.42715949490271        1.8714426870803318        1.8347297912125273        1.1117222763326928     
   131.92808807993632        1.9523622605112980        1.8346992958102610        1.1787728253167999     
   136.58805281121437        2.0367424102045804        1.8346761944951215        1.2492973276527994     
   141.41261684513370        2.1244185869594197        1.8346586946927870        1.3234305540241613     
   146.40753387824964        2.2151649546559948        1.8346454383076656        1.4013004456038596     
   151.57894168226974        2.3086958347534519        1.8346353961403969        1.4830269593264365     
   156.93294936957258        2.4046575376176111        1.8346277890352236        1.5687109981279992     
   162.47613596373097        2.5026382244741883        1.8346220263916493        1.6584374139847133     
   168.21511902855468        2.6021626891953393        1.8346176610504190        1.7522631383101774     
   174.15674278185460        2.5327057277674694        1.7972567115106342        1.7102890315281496     
   180.30830831190286        2.4267045064889148        1.7547659416466845        1.6284815573560261     
   186.67715947709803        2.3561740053874192        1.7225781605969865        1.5682735600497801     
   193.27089166569760        2.3132091906465466        1.6981953925102418        1.5272543331893575     
   200.09760727912413        2.2915649956600936        1.6797246078066894        1.5035298313569627     
   207.16537088595135        2.2862676453228166        1.6657326877326946        1.4955420109682072     
   214.48286737908427        2.2933206605468137        1.6551333274649545        1.5019349803546238     
   222.05883252794877        2.3094879547061575        1.6471040569043809        1.5214699942521930     
   229.90230130529540        2.3321298491140285        1.6410217537570473        1.5529761430203493     
   238.02291179328489        2.3590815086803052        1.6364142001135675        1.5953327528516941     
   246.43025707061713        2.3885581173168728        1.6329239032284670        1.6474663852099500     
   255.13466811288930        2.4190869183333947        1.6302798833991006        1.7083651336195480     
   264.14653641505117        2.4494511660433971        1.6282769747290231        1.7770880508750486     
   273.47660938458705        2.4786499952941048        1.6267597388087864        1.8527782050277879     
   283.13635184814427        2.5058675996232380        1.6256103804616324        1.9346729959751328     
   293.13729579387660        2.5304462106512653        1.6247397138452291        2.0221009310350930     
   303.49136818478553        2.5518674479267123        1.6240801697108944        2.1144818175804825     
   314.21129214162710        2.5697368215139060        1.6235805423648721        2.2113249732201221     
   325.30973137660959        2.5837685859250201        1.6232020665174980        2.3122141367029636     
   336.80032369109853        2.5937758025672419        1.6229153580573499        2.4168084608591371     
   348.69678677735646        2.5996587141585628        1.6226981694968712        2.5248259040483148     
   361.01330816366544        2.6013959610794837        1.6225336456269903        2.6360385145440381     
   373.76502243504467        2.5610127041111794        1.5739446444833944        2.7111484548107696     
   386.96715283564077        2.3975916243658340        1.3818388461709648        2.6535492364555573     
   400.63544401132759        2.2593607503319775        1.2363155769173850        2.6118320273797515     
   414.78669160661980        2.1407683241184654        1.1260766997654110        2.5855767461657662     
   429.43761284149554        2.0374537609406689        1.0425689558923799        2.5743425548307939     
   444.60621081975989        1.9460076482734963       0.97930897028818320        2.5775133654785254     
   460.31059410826708        1.8637931713334874       0.93138800833916324        2.5942732301770195     
   476.56949149896485        1.7887881074252174       0.89508709962189659        2.6236564587854518     
   493.40288198244309        1.7194568173268436       0.86758791384140865        2.6646298347937778     
   510.83065126063684        1.6546536175064848       0.84675683299042837        2.7161663599114316     
   528.87421463804299        1.5935326086903114       0.83097657341646403        2.7773056644202843     
   547.55511287104378        1.5354854996896947       0.81902264691194093        2.8471832675709097     
   566.89562449487210        1.4800844968964209       0.80996735300287359        2.9250451364264793     
   586.91951519858117        1.4270366273806472       0.80310765669494233        3.0102497225439793     
   607.65068989177485        1.3761526587071340       0.79791127160862774        3.1022522656207969     
   629.11387223602765        1.3273172597930885       0.79397492532078162        3.2005923963911198     
   651.33543626567803        1.2804655751291858       0.79099300774100645        3.3048814922166962     
   674.34163286578985        1.2355702658612906       0.78873415663570134        3.4147779616878138     
   698.16073213207346        1.1926240491224378       0.78702299930134678        3.5299819011610061     
   722.82116976782140        1.1427073213384502       0.77667241064078552        3.6287288464776446     
   748.35235540965130        1.0944512866393066       0.76634804546029400        3.7309405227263044     
   774.78566186873422        1.0503913954794668       0.75852698405449870        3.8426808231543084     
   802.15264573967897        1.0100021058850222       0.75260234176366769        3.9626215029241227     
   830.48594444209971       0.97287998694156375       0.74811432878907880        4.0896360604328832     
   859.82037403360118       0.93871042618028711       0.74471450473688450        4.2227546242943692     
   890.19058800385733       0.90724656391713665       0.74213908267618456        4.3611136027074995     
   921.63390537915473       0.87828813257040694       0.74018811196462841        4.5039363761155640     
   954.18786380243341       0.85167090285707348       0.73871020468502213        4.6504958781130226     
   987.89128659474920       0.82725569876907157       0.73759066586385391        4.8000977606671658     
   1022.7855886411724       0.80492054460239371       0.73674257673552190        4.9520680853453243     
   1058.9119914466876       0.78455748218696164       0.73610013541590658        5.1057261970701218     
   1096.3148872627712       0.76606674935796226       0.73561346403975225        5.2603872956786759     
   1135.0389283928459       0.74935590084044523       0.73524479875670312        5.4153404842935720     
   1175.1302964981960       0.73433713721430638       0.73496552880378674        5.5698473737143424     
   1216.6382559936744       0.72092557554488323       0.73475397221775229        5.7231430658067932     
   1259.6123598874483       0.70903942817303900       0.73459371301104315        5.8744229377233674     
   1304.1038583964914       0.69859878287112520       0.73447231405331637        6.0228484443422419     
   1350.1674228314519       0.68952490923573062       0.73438035017114323        6.1675550219034454     
   1397.8574692241625       0.55405302517998667       0.58255532661716847        5.2521109371574752     
   1447.2325992722181       0.43531040216564110       0.44581202266008141        4.4447848133609051     
   1498.3517579647787       0.34465597660353664       0.34222567809923021        3.8258158171118972     
   1551.2759091786245       0.25796714294773299       0.25936958111523084        2.9684516928941718     
   1606.0700862978565       0.19301991611671121       0.19647870148315993        2.2913723513356135     
   1662.7990190437411       0.14465944551002019       0.14883783644582374        1.7660031586712917     
   1721.5324161293761       0.10858400377712821       0.11274824407202273        1.3589077102695544     
   1782.3403946248577        8.1625749573895096E-002   8.5409509066275507E-002   1.0439290191183683     
   1845.2954731357936        6.1446243257075220E-002   6.4699972288924809E-002  0.80060499309464794     
   1910.4750110852074        4.6315660821349150E-002   4.9011786527413628E-002  0.61293748829892558     
   1977.9568210713478        3.4953029514576003E-002   3.7127608152313848E-002  0.46844448970843544     
   2047.8213808026539        2.6407364198023572E-002   2.8125149586619828E-002  0.35739076607636555     
   2120.1545400970977        1.9971126454818140E-002   2.1305477866904027E-002  0.27219039312986271     
   2195.0417479108573        1.5117404629503409E-002   1.6139465530955532E-002  0.20694713611499541     
   2272.5750259096239        1.1452595903006036E-002   1.2226033664084722E-002  0.15707851775780912     
   2352.8469348264384        8.6824652229096719E-003   9.2615148171194261E-003  0.11903342230672422     
   2435.9532056335870        6.5865296986337904E-003   7.0158435351280884E-003   9.0062854430673703E-002
   2521.9959596104222        4.9992475132715573E-003   5.3146703698402232E-003   6.8042164594599233E-002
   2611.0779162676686        3.7962394924897307E-003   4.0259907448950659E-003   5.1334122678332518E-002
   2703.3053132971791        2.8838511314011489E-003   3.0497949523167599E-003   3.8678864126025586E-002
   2798.7914800504532        2.1914437103689776E-003   2.3102930939109391E-003   2.9108741624575420E-002
   2897.6492167059700        1.6657230463965067E-003   1.7501083988123950E-003   2.1882950693047198E-002
   3000.0000000000000        1.2663816245314112E-003   1.3257492423549276E-003   1.6434896657004500E-002
