         200   4370.0000000000000     
   3.0000000000000000        7.6188208502842893E-004   3.0193887188645248E-003   1.2626299213790667E-003
   3.1059655287322618        7.8583755728971042E-004   3.0193887188645248E-003   1.2824932833284388E-003
   3.2156739552243598        8.0974605429379133E-004   3.0193887188645248E-003   1.3024483814949987E-003
   3.3292574962321346        8.3356139310817559E-004   3.0193887188645248E-003   1.3224368460330912E-003
   3.4468529954360925        8.5723795734521911E-004   3.0193887188645248E-003   1.3424001969989238E-003
   3.5686022069563790        8.8073091812936218E-004   3.0193887188645248E-003   1.3622802535827349E-003
   3.6946518254059528        9.0399639984893988E-004   3.0193887188645248E-003   1.3820195072021468E-003
   3.8251536998800524        9.2699168277817412E-004   3.0193887188645248E-003   1.4015615336648605E-003
   3.9602651907155879        9.4967542633976739E-004   3.0193887188645248E-003   1.4208514285815853E-003
   4.1001490688558144        9.7200781192848906E-004   3.0193887188645248E-003   1.4398361768668711E-003
   4.2449739038313119        9.9395077071123914E-004   3.0193887188645248E-003   1.4584650933232380E-003
   4.3949142193596993        1.0154681666628459E-003   3.0193887188645248E-003   1.4766902196881829E-003
   4.5501507036585132        1.0365259838598588E-003   3.0193887188645248E-003   1.4944667147362249E-003
   4.7108703059600501        1.0570924914294049E-003   3.0193887188645248E-003   1.5117532093929585E-003
   4.8772669425686850        1.0771384734791093E-003   3.0193887188645248E-003   1.5285121941833804E-003
   5.0495410155906377        1.0966372925419504E-003   3.0193887188645248E-003   1.5447102386486121E-003
   5.2279001269311909        1.1155650878998187E-003   3.0193887188645248E-003   1.5603182905223759E-003
   5.4125592113782046        1.1339008756195252E-003   3.0193887188645248E-003   1.5753118537386850E-003
   5.6037407956130689        1.1516266394657249E-003   3.0193887188645248E-003   1.5896711167298447E-003
   5.8016752663703963        1.1687273947311009E-003   3.0193887188645248E-003   1.6033810137219037E-003
   6.0066011480696169        1.1851912231309509E-003   3.0193887188645248E-003   1.6164312169494872E-003
   6.2187653902530293        1.2010092776646275E-003   3.0193887188645248E-003   1.6288160600773259E-003
   6.4384236651766908        1.2161757571392832E-003   3.0193887188645248E-003   1.6405343954731095E-003
   6.6658406759127811        1.2306878508402304E-003   3.0193887188645248E-003   1.6515893901752879E-003
   6.9012904753346884        1.2445456545799936E-003   3.0193887188645248E-003   1.6619882673097506E-003
   7.1450567963692624        1.2577520600334663E-003   3.0193887188645248E-003   1.6717420012312230E-003
   7.3974330131920443        1.2703126016975299E-003   3.0193887188645248E-003   1.6808649626688127E-003
   7.6587243988323896        1.2822353914640917E-003   3.0193887188645248E-003   1.6893746152841565E-003
   7.9292442763577622        1.2935307467083774E-003   3.0193887188645248E-003   1.6972909879924951E-003
   8.2093202460023029        1.3042112646100049E-003   3.0193887188645248E-003   1.7046364693124602E-003
   8.4992881560440416        1.3142913545937680E-003   3.0193887188645248E-003   1.7114352283332226E-003
   8.7994991583321234        1.3237872852595797E-003   3.0193887188645248E-003   1.7177130084516368E-003
   9.1103132457223861        1.3327167347052873E-003   3.0193887188645248E-003   1.7234966019400901E-003
   9.4321068148357909        1.3410988053710634E-003   3.0193887188645248E-003   1.7288136582142022E-003
   9.7652657388916850        1.3489536040397633E-003   3.0193887188645248E-003   1.7336922323721944E-003
   10.110193474162946        1.3563022386367358E-003   3.0193887188645248E-003   1.7381606280862851E-003
   10.467303634806061        1.3631664373666191E-003   3.0193887188645248E-003   1.7422470299770507E-003
   10.837027566606025        1.3695685210480522E-003   3.0193887188645248E-003   1.7459793808555729E-003
   11.219811965471335        1.3755311597006300E-003   3.0193887188645248E-003   1.7493851514422368E-003
   11.616115840724994        1.3810771673898228E-003   3.0193887188645248E-003   1.7524911608406053E-003
   12.026419117330413        1.3862294794185490E-003   3.0193887188645248E-003   1.7553235213902550E-003
   12.451213803399156        1.3910108925389031E-003   3.0193887188645248E-003   1.7579074693062800E-003
   12.891014326336300        1.3954440757135722E-003   3.0193887188645248E-003   1.7602673629364218E-003
   13.346348065368609        1.3995513609194063E-003   3.0193887188645248E-003   1.7624265754105479E-003
   13.817766430769083        1.4033547693780809E-003   3.0193887188645248E-003   1.7644075262668315E-003
   14.305834715756038        1.4068758503578275E-003   3.0193887188645248E-003   1.7662316237631560E-003
   14.811143972217785        1.4101357233094883E-003   3.0193887188645248E-003   1.7679193221097728E-003
   15.334300133051286        1.4131549597400110E-003   3.0193887188645248E-003   1.7694901016647138E-003
   15.875936741648431        1.4159536393994357E-003   3.0193887188645248E-003   1.7709625446730801E-003
   16.436703292225193        1.4185512684548368E-003   3.0193887188645248E-003   1.7723543429210491E-003
   17.017278874447534        1.4209668462935485E-003   3.0193887188645248E-003   1.7736823860841782E-003
   17.618359675531394        1.4232188124333658E-003   3.0193887188645248E-003   1.7749627881106667E-003
   18.240671728221173        1.4253251142188836E-003   3.0193887188645248E-003   1.7762109800499835E-003
   18.884968846184627        1.4273032116438775E-003   3.0193887188645248E-003   1.7774417702352602E-003
   19.552019805756849        1.4291700669138352E-003   3.0193887188645248E-003   1.7786693911393627E-003
   20.242632201214423        1.4309422484582392E-003   3.0193272802066747E-003   1.7799074863311792E-003
   20.957638264717446        1.4326359228198566E-003   3.0191801829862835E-003   1.7811693030382984E-003
   21.697899624358065        1.4342669124734883E-003   3.0190687531172567E-003   1.7824681196587173E-003
   22.464312967141105        1.4358507579796658E-003   3.0189843417356881E-003   1.7838167294995206E-003
   23.257792778673313        1.4374027417301039E-003   3.0189203984111257E-003   1.7852277360801423E-003
   24.079299719823517        1.4389380142857363E-003   3.0188719597236901E-003   1.7867136828563805E-003
   24.929823759061236        1.4404716364742362E-003   3.0188352661914644E-003   1.7882871046363644E-003
   25.810395145829254        1.4420186878438309E-003   3.0188074697686841E-003   1.7899606296760307E-003
   26.722064579292049        1.4435943288518102E-003   3.0187864134176268E-003   1.7917470240526451E-003
   27.665935811728254        1.4452139625739425E-003   3.0187704626985423E-003   1.7936593358710198E-003
   28.643146268414043        1.4468933105288007E-003   3.0187583796249563E-003   1.7957109403969826E-003
   29.654879655490589        1.4486485472323216E-003   3.0187492263436685E-003   1.7979156458372289E-003
   30.702343174827575        1.4476909475555208E-003   2.6899750491126318E-003   1.7962224206725119E-003
   31.786804983723918        1.4458618885223825E-003   2.2980018465089454E-003   1.7932903999059789E-003
   32.909571928103169        1.4445627841625391E-003   2.0010722205652137E-003   1.7911469692486869E-003
   34.072004028335677        1.4437147715919867E-003   1.7761393531632208E-003   1.7896721567352168E-003
   35.275488300232773        1.4432567061168624E-003   1.6057481680179673E-003   1.7887694741401535E-003
   36.521481794408061        1.4431419035211843E-003   1.4766725308743602E-003   1.7883619325064521E-003
   37.811486012809581        1.4433355185283980E-003   1.3788944674738084E-003   1.7883887570213680E-003
   39.147055493126302        1.4438123632928724E-003   1.3048251086549506E-003   1.7888025805686148E-003
   40.529808025860810        1.4445551130418015E-003   1.2487154051762245E-003   1.7895671032880389E-003
   41.961393513511240        1.4455527885857060E-003   1.2062111727609473E-003   1.7906551047931435E-003
   43.443545167355794        1.4467995263080337E-003   1.1740131404764436E-003   1.7920468179152009E-003
   44.978049075047366        1.4482934998780233E-003   1.1496223157495046E-003   1.7937285152159128E-003
   46.566763998623138        1.4500360294094278E-003   1.1311455533628252E-003   1.7956913337077544E-003
   48.211585595230147        1.4520307594403762E-003   1.1171490330806769E-003   1.7979301971192691E-003
   49.914505239722644        1.4542830435687150E-003   1.1065463145675551E-003   1.8004429796681326E-003
   51.677575059319224        1.4567993091783699E-003   1.0985144868273541E-003   1.8032296454334026E-003
   53.502930680545909        1.4595865543196799E-003   1.0924301426385929E-003   1.8062915250300795E-003
   55.392750120602578        1.4626518014647784E-003   1.0878211291621281E-003   1.8096305279638142E-003
   57.349321371645829        1.4660017580922591E-003   1.0843296847510228E-003   1.8132485602742915E-003
   59.375002227322796        1.4696423442339939E-003   1.0816848272043639E-003   1.8171467722053248E-003
   61.472246417894510        1.4735783476530089E-003   1.0796812703347894E-003   1.8213249235796806E-003
   63.643556378429672        1.4778129621586767E-003   1.0781635355837258E-003   1.8257806094511360E-003
   65.891560899834928        1.4823475768626520E-003   1.0770138130799362E-003   1.8305087463177825E-003
   68.218968971510208        1.4871813500451623E-003   1.0761428691717283E-003   1.8355008373231064E-003
   70.628585269218178        1.4877990868255358E-003   1.0741937388786939E-003   1.8344312218018816E-003
   73.123328588587739        1.4771814575515801E-003   1.0694768905467234E-003   1.8173790918364536E-003
   75.706175661273647        1.4688388233665437E-003   1.0659037827714288E-003   1.8032910933305194E-003
   78.380253523498894        1.4623537454628713E-003   1.0631970631586394E-003   1.7916755623833816E-003
   81.148784610322849        1.4573860613010324E-003   1.0611466545163567E-003   1.7821142752597692E-003
   84.015122474940881        1.4536583903203035E-003   1.0595934100605792E-003   1.7742528560527257E-003
   86.982687236203873        1.4509445583638153E-003   1.0584167960481525E-003   1.7677926135859952E-003
   90.055071705548812        1.4490600338083149E-003   1.0575254811412433E-003   1.7624827937554580E-003
   93.235978303002270        1.4478543846067555E-003   1.0568502875306861E-003   1.7581140647106388E-003
   96.529260096906100        1.4472050621504970E-003   1.0563388086427476E-003   1.7545124531204586E-003
   99.938826062156153        1.4470123918954216E-003   1.0559513550594587E-003   1.7515341375038615E-003
   103.46886588546354        1.4471954682920840E-003   1.0556578456558427E-003   1.7490605960229634E-003
   107.12359379692580        1.4476888468497198E-003   1.0554355052169739E-003   1.7469948157972071E-003
   110.90736836557576        1.4484397966528207E-003   1.0552670787153462E-003   1.7452576986279370E-003
   114.82483910697920        1.4494061060442065E-003   1.0551394898526364E-003   1.7437850580502706E-003
   118.88068277378797        1.4505541812660126E-003   1.0550428382176953E-003   1.7425252204837222E-003
   123.07973629915718        1.4518575306644913E-003   1.0549696230309673E-003   1.7414368134241079E-003
   127.42715949490271        1.4532955418753927E-003   1.0549141600110865E-003   1.7404869282922977E-003
   131.92808807993632        1.4548522959380572E-003   1.0548721458707206E-003   1.7396496770097840E-003
   136.58805281121437        1.4565157961467187E-003   1.0548403187156381E-003   1.7389048092481230E-003
   141.41261684513370        1.4582770720556291E-003   1.0548162088794908E-003   1.7382366970915455E-003
   146.40753387824964        1.4601295712582303E-003   1.0547979452861561E-003   1.7376333853861372E-003
   151.57894168226974        1.4620686649896742E-003   1.0547841099866023E-003   1.7370858062043890E-003
   156.93294936957258        1.4640910037767225E-003   1.0547736295219900E-003   1.7365871854112724E-003
   162.47613596373097        1.4661942790752656E-003   1.0547656902098964E-003   1.7361324571027923E-003
   168.21511902855468        1.4683766923109093E-003   1.0547596759898619E-003   1.7357178668991763E-003
   174.15674278185460        1.3247213623618745E-003   9.9555029747751896E-004   1.5803425765167818E-003
   180.30830831190286        1.1609194912486334E-003   9.2821095456334477E-004   1.4037230414373760E-003
   186.67715947709803        1.0372836877717137E-003   8.7719978124989090E-004   1.2698819346819569E-003
   193.27089166569760        9.4410480211656682E-004   8.3855798712266993E-004   1.1684479492387978E-003
   200.09760727912413        8.7401736633681770E-004   8.0928550020307230E-004   1.0915625031676190E-003
   207.16537088595135        8.2143953961406327E-004   7.8711111487403255E-004   1.0332770021331166E-003
   214.48286737908427        7.8213593257929937E-004   7.7031325599725856E-004   9.8908288070365374E-004
   222.05883252794877        7.5289620678826476E-004   7.5758847352425389E-004   9.5556687181866916E-004
   229.90230130529540        7.3128515760500254E-004   7.4794924367133195E-004   9.3014313295317194E-004
   238.02291179328489        7.1545481525636949E-004   7.4064719581983559E-004   9.1085205270064796E-004
   246.43025707061713        7.0400376697319180E-004   7.3511577571211287E-004   8.9621004011877726E-004
   255.13466811288930        6.9586770629828513E-004   7.3092553490142307E-004   8.8509239005563609E-004
   264.14653641505117        6.9023876393846135E-004   7.2775132661590945E-004   8.7664738428893903E-004
   273.47660938458705        6.8650300153977187E-004   7.2534681217096566E-004   8.7022953374312677E-004
   283.13635184814427        6.8419346642942475E-004   7.2352530985133072E-004   8.6534944174049755E-004
   293.13729579387660        6.8295488183034696E-004   7.2214547799529004E-004   8.6163634361039398E-004
   303.49136818478553        6.8251651637105755E-004   7.2110023290391384E-004   8.5880910551484684E-004
   314.21129214162710        6.8267182697762162E-004   7.2030842382888953E-004   8.5665444513194160E-004
   325.30973137660959        6.8326303247162460E-004   7.1970861556576449E-004   8.5501067985581044E-004
   336.80032369109853        6.8416942891653075E-004   7.1925424019492331E-004   8.5375504317027290E-004
   348.69678677735646        6.8529850723961509E-004   7.1891003991335692E-004   8.5279439342870718E-004
   361.01330816366544        6.8657926692579244E-004   7.1864930259729696E-004   8.5205798652917414E-004
   373.76502243504467        6.8564963829883727E-004   7.1535998450021371E-004   8.4737029024242825E-004
   386.96715283564077        6.7787940762306057E-004   7.0296092960473063E-004   8.3061066617006688E-004
   400.63544401132759        6.7227834752835657E-004   6.9356844369386429E-004   8.1791730935044525E-004
   414.78669160661980        6.6831355400962845E-004   6.8645331285746710E-004   8.0830308637264234E-004
   429.43761284149554        6.6557847262875319E-004   6.8106348543124997E-004   8.0102090464067189E-004
   444.60621081975989        6.6376279959692430E-004   6.7698050594242694E-004   7.9550462120431937E-004
   460.31059410826708        6.6263005239608182E-004   6.7388755069032165E-004   7.9132570223096820E-004
   476.56949149896485        6.6200009072025178E-004   6.7154458674079456E-004   7.8815955826356686E-004
   493.40288198244309        6.6173587604381160E-004   6.6976971103652899E-004   7.8576026409106297E-004
   510.83065126063684        6.6173338129479778E-004   6.6842521379973166E-004   7.8394168494654514E-004
   528.87421463804299        6.6191381472693130E-004   6.6740671094119659E-004   7.8256276446832783E-004
   547.55511287104378        6.6221770590879864E-004   6.6663517050749761E-004   7.8151673319105486E-004
   566.89562449487210        6.6260036778003424E-004   6.6605071607010226E-004   7.8072272426216649E-004
   586.91951519858117        6.6302844900942444E-004   6.6560797174986018E-004   7.8011947612175077E-004
   607.65068989177485        6.6347724997485526E-004   6.6527258226911873E-004   7.7966062595540247E-004
   629.11387223602765        6.6392869925185427E-004   6.6501851927810432E-004   7.7931106674512406E-004
   651.33543626567803        6.6436980895510662E-004   6.6482605783191122E-004   7.7904421068673781E-004
   674.34163286578985        6.6479143799561685E-004   6.6468026515359685E-004   7.7883994622586332E-004
   698.16073213207346        6.6518741120989060E-004   6.6456982218982420E-004   7.7868304398180362E-004
   722.82116976782140        6.5343237122698569E-004   6.5236431987593271E-004   7.5536068701233976E-004
   748.35235540965130        6.4125965880204832E-004   6.3979340764293898E-004   7.3132730337926478E-004
   774.78566186873422        6.3208655561944771E-004   6.3027050964560084E-004   7.1311902200496351E-004
   802.15264573967897        6.2517785683035383E-004   6.2305668516846404E-004   6.9932363549293265E-004
   830.48594444209971        6.1997722314550616E-004   6.1759209570288705E-004   6.8887123655423407E-004
   859.82037403360118        6.1606369694967107E-004   6.1345248140016009E-004   6.8095103378495656E-004
   890.19058800385733        6.1311919762645163E-004   6.1031665618263098E-004   6.7494922797088077E-004
   921.63390537915473        6.1090320954220996E-004   6.0794116082234651E-004   6.7040056763652712E-004
   954.18786380243341        6.0923417637622618E-004   6.0614166590177473E-004   6.6695280681133026E-004
   987.89128659474920        6.0797506212793991E-004   6.0477851920788148E-004   6.6433908283604457E-004
   1022.7855886411724        6.0702249981061784E-004   6.0374588874473486E-004   6.6235716627907506E-004
   1058.9119914466876        6.0629867785317085E-004   6.0296365436009994E-004   6.6085396510866658E-004
   1096.3148872627712        6.0574502748462426E-004   6.0237108493340795E-004   6.5971344001008699E-004
   1135.0389283928459        6.0531758077954356E-004   6.0192219932779913E-004   6.5884773923541393E-004
   1175.1302964981960        6.0498337138773059E-004   6.0158216117474632E-004   6.5819030835624918E-004
   1216.6382559936744        6.0471772888338589E-004   6.0132457058889946E-004   6.5769071429366095E-004
   1259.6123598874483        6.0450225754669288E-004   6.0112943951915821E-004   6.5731077671835547E-004
   1304.1038583964914        6.0432327427719095E-004   6.0098162455755107E-004   6.5702157292607186E-004
   1350.1674228314519        6.0417063413736210E-004   6.0086964964469272E-004   6.5680118794162899E-004
   1397.8574692241625        5.1265321941929389E-004   5.0999260476684968E-004   5.5640331330570432E-004
   1447.2325992722181        4.3546184255120404E-004   4.3335372614243409E-004   4.7158704426218065E-004
   1498.3517579647787        3.7698800118885048E-004   3.7529793066131019E-004   4.0733625917464025E-004
   1551.2759091786245        2.8685119051864396E-004   2.8559593186255303E-004   3.0994765140472311E-004
   1606.0700862978565        2.1727359631622779E-004   2.1634579351962531E-004   2.3479056408955539E-004
   1662.7990190437411        1.6457205034271731E-004   1.6388768649499538E-004   1.7785850137475980E-004
   1721.5324161293761        1.2465266846146747E-004   1.2414886777840800E-004   1.3473097886225816E-004
   1782.3403946248577        9.4415920596798930E-005   9.4045755970393040E-005   1.0206118048463049E-004
   1845.2954731357936        7.1513619920367391E-005   7.1242158767752831E-005   7.7313517765988893E-005
   1910.4750110852074        5.4166347549676812E-005   5.3967650274788728E-005   5.8566484094409742E-005
   1977.9568210713478        4.1026949887797484E-005   4.0881794243161179E-005   4.4365275464974866E-005
   2047.8213808026539        3.1074874551010238E-005   3.0969045292153228E-005   3.3607713073517712E-005
   2120.1545400970977        2.3536791641091160E-005   2.3459797324776244E-005   2.5458548179893150E-005
   2195.0417479108573        1.7827309579915723E-005   1.7771419756540327E-005   1.9285462887697250E-005
   2272.5750259096239        1.3502749031065397E-005   1.3462278275901392E-005   1.4609165320391351E-005
   2352.8469348264384        1.0227226548924747E-005   1.0197999870612944E-005   1.1066774831501608E-005
   2435.9532056335870        7.7462992101504053E-006   7.7252558438091557E-006   8.3833674964398760E-006
   2521.9959596104222        5.8671673552389003E-006   5.8520672713060929E-006   6.3506009930197057E-006
   2611.0779162676686        4.4438754998851487E-006   4.4330818344788691E-006   4.8107352668146011E-006
   2703.3053132971791        3.3658585451045553E-006   3.3581772683268116E-006   3.6442638263208890E-006
   2798.7914800504532        2.5493383443451698E-006   2.5439001219575549E-006   2.7606223191954139E-006
   2897.6492167059700        1.9308988869808091E-006   1.9270719290603683E-006   2.0912494514437723E-006
   3000.0000000000000        1.4624771728905075E-006   1.4598033765502158E-006   1.5841760509695710E-006
