         200   4370.0000000000000     
   3.0000000000000000        5.9805864198347073E-003  0.12244112719786293        5.3118975957235750E-003
   3.1059655287322618        6.4674020805668463E-003  0.12244112719786293        5.7793923503066218E-003
   3.2156739552243598        6.9947777629286003E-003  0.12244112719786293        6.2906465250080071E-003
   3.3292574962321346        7.5657145689642840E-003  0.12244112719786293        6.8498177388524734E-003
   3.4468529954360925        8.1833563082586002E-003  0.12244112719786293        7.4614493580441700E-003
   3.5686022069563790        8.8509937768314756E-003  0.12244112719786293        8.1305040101766098E-003
   3.6946518254059528        9.5720694311703606E-003  0.12244112719786293        8.8623978499080183E-003
   3.8251536998800524        1.0350184807964026E-002  0.12244112719786293        9.6630377045869385E-003
   3.9602651907155879        1.1189110676370453E-002  0.12244112719786293        1.0538861094721096E-002
   4.1001490688558144        1.2092795966004559E-002  0.12244112719786293        1.1496875079498210E-002
   4.2449739038313119        1.3065380647212251E-002  0.12244112719786293        1.2544699448746803E-002
   4.3949142193596993        1.4111207578669778E-002  0.12244112719786293        1.3690609466017630E-002
   4.5501507036585132        1.5234834051298690E-002  0.12244112719786293        1.4943579322526044E-002
   4.7108703059600501        1.6441040646000597E-002  0.12244112719786293        1.6313324206980756E-002
   4.8772669425686850        1.7734841531914017E-002  0.12244112719786293        1.7810346287124901E-002
   5.0495410155906377        1.9121481155733561E-002  0.12244112719786293        1.9445967924723279E-002
   5.2279001269311909        2.0606433649453710E-002  0.12244112719786293        2.1232370833949573E-002
   5.4125592113782046        2.2195390208984474E-002  0.12244112719786293        2.3182624251599612E-002
   5.6037407956130689        2.3894238315959285E-002  0.12244112719786293        2.5310705634385859E-002
   5.8016752663703963        2.5709030812892619E-002  0.12244112719786293        2.7631510004939096E-002
   6.0066011480696169        2.7645944037995009E-002  0.12244112719786293        3.0160844456751039E-002
   6.2187653902530293        2.9711224639713964E-002  0.12244112719786293        3.2915403683916225E-002
   6.4384236651766908        3.1911125163096063E-002  0.12244112719786293        3.5912721709023203E-002
   6.6658406759127811        3.4251829001600662E-002  0.12244112719786293        3.9171094267134540E-002
   6.9012904753346884        3.6739365806140449E-002  0.12244112719786293        4.2709465605634316E-002
   7.1450567963692624        3.9379518903812603E-002  0.12244112719786293        4.6547272837874180E-002
   7.3974330131920443        4.2177722401512796E-002  0.12244112719786293        5.0704234115086212E-002
   7.6587243988323896        4.5138980092742920E-002  0.12244112719786293        5.5200117961642869E-002
   7.9292442763577622        4.8267714182957791E-002  0.12244112719786293        6.0054344376826913E-002
   8.2093202460023029        5.1567729061709748E-002  0.12244112719786293        6.5285687799437969E-002
   8.4992881560440416        5.5042037787972474E-002  0.12244112719786293        7.0911686995884737E-002
   8.7994991583321234        5.8692846910396536E-002  0.12244112719786293        7.6948215913568194E-002
   9.1103132457223861        6.2521388220347612E-002  0.12244112719786293        8.3408718695829900E-002
   9.4321068148357909        6.6527928942962278E-002  0.12244112719786293        9.0303649742363601E-002
   9.7652657388916850        7.0711615147825188E-002  0.12244112719786293        9.7639556857647275E-002
   10.110193474162946        7.5070512650337901E-002  0.12244112719786293       0.10541844055965596     
   10.467303634806061        7.9601465933383755E-002  0.12244112719786293       0.11363676226957641     
   10.837027566606025        8.4300158131691477E-002  0.12244112719786293       0.12228480754094155     
   11.219811965471335        8.9161058129646587E-002  0.12244112719786293       0.13134589487963572     
   11.616115840724994        9.4177371618619540E-002  0.12244112719786293       0.14079568055184516     
   12.026419117330413        9.9341152543793693E-002  0.12244112719786293       0.15060191530519387     
   12.451213803399156       0.10464320646139429       0.12244112719786293       0.16072401755130944     
   12.891014326336300       0.11007324796267115       0.12244112719786293       0.17111338520325242     
   13.346348065368609       0.11561982287275356       0.12244112719786293       0.18171356012950882     
   13.817766430769083       0.12127049749484636       0.12244112719786293       0.19246122655909836     
   14.305834715756038       0.12701180046488952       0.12244112719786293       0.20328706465584157     
   14.811143972217785       0.13282944237322952       0.12244112719786293       0.21411743684654103     
   15.334300133051286       0.13870827768093891       0.12244112719786293       0.22487584191306820     
   15.875936741648431       0.14463255204049738       0.12244112719786293       0.23548508218101721     
   16.436703292225193       0.15058588335202786       0.12244112719786293       0.24586902541265243     
   17.017278874447534       0.15655153203689898       0.12244112719786293       0.25595486692075092     
   17.618359675531394       0.16251239823736835       0.12244112719786293       0.26567477920981303     
   18.240671728221173       0.16845129026244113       0.12244112719786293       0.27496779789899201     
   18.884968846184627       0.17435103793404277       0.12244112719786293       0.28378111937306433     
   19.552019805756849       0.18019452224449065       0.12244112719786293       0.29207092475305518     
   20.242632201214423       0.18596503734406650       0.12243696769413311       0.29980328710590853     
   20.957638264717446       0.19164630004532970       0.12242654499092510       0.30695416450099611     
   21.697899624358065       0.19722263045992300       0.12241808191501025       0.31350930316455594     
   22.464312967141105       0.20267912311027933       0.12241120998988807       0.31946373818941182     
   23.257792778673313       0.20800164904618215       0.12240563012823859       0.32482090804671310     
   24.079299719823517       0.21317717103244682       0.12240109936574907       0.32959191680291172     
   24.929823759061236       0.21819372278295771       0.12239742045576428       0.33379432273146825     
   25.810395145829254       0.22304056675578701       0.12239443322107546       0.33745107929124779     
   26.722064579292049       0.22770816333603836       0.12239200764803998       0.34058934360718057     
   27.665935811728254       0.23218841199232174       0.12239003811975865       0.34323955249345595     
   28.643146268414043       0.23647458852281983       0.12238843889285667       0.34543436629303725     
   29.654879655490589       0.24056143531932694       0.12238714033809547       0.34720784371152880     
   30.702343174827575       0.24433629322431322       0.11392335715846925       0.34843153448396741     
   31.786804983723918       0.24785940497741607       0.10324033360673095       0.34922767955049600     
   32.909571928103169       0.25118403987157395        9.4565881546257155E-002  0.34971196007233452     
   34.072004028335677       0.25430884165035272        8.7522321304663961E-002  0.34991629112762956     
   35.275488300232773       0.25723395914268954        8.1803095473578460E-002  0.34987142903465440     
   36.521481794408061       0.25996106440397848        7.7159171395857540E-002  0.34960674949460951     
   37.811486012809581       0.26249317158425589        7.3388375928677640E-002  0.34915007733548015     
   39.147055493126302       0.26483453815440888        7.0326547565996322E-002  0.34852757674273477     
   40.529808025860810       0.26699054832699998        6.7840376408254660E-002  0.34776367585516121     
   41.961393513511240       0.26896752488636827        6.5821656638969273E-002  0.34688104752812182     
   43.443545167355794       0.27077266046623555        6.4182486999644905E-002  0.34590056886744136     
   44.978049075047366       0.27241381512432639        6.2851506272471269E-002  0.34484134519263820     
   46.566763998623138       0.27389938566698518        6.1770764472656232E-002  0.34372072103408613     
   48.211585595230147       0.27523811965705458        6.0893224392607755E-002  0.34255434128858392     
   49.914505239722644       0.27643902007600918        6.0180675242204447E-002  0.34135615529710422     
   51.677575059319224       0.27751116743859278        5.9602096208285021E-002  0.34013849531604951     
   53.502930680545909       0.27846360149530497        5.9132296357928688E-002  0.33891212143392951     
   55.392750120602578       0.27930517764579937        5.8750828556498789E-002  0.33768631466350096     
   57.349321371645829       0.28004449206177845        5.8441082524386199E-002  0.33646890133198576     
   59.375002227322796       0.28068976419129466        5.8189573474212379E-002  0.33526635353358086     
   61.472246417894510       0.28124876695512480        5.7985350875037665E-002  0.33408384875225977     
   63.643556378429672       0.28172875099615746        5.7819526331138280E-002  0.33292537359327001     
   65.891560899834928       0.28213641742151058        5.7684879332604598E-002  0.33179375921866916     
   68.218968971510208       0.28247787259884460        5.7575548025020080E-002  0.33069078894447401     
   70.628585269218178       0.28241637141119796        5.7408899026906088E-002  0.32907320120592615     
   73.123328588587739       0.28138064115140821        5.7071102063001262E-002  0.32603264057955267     
   75.706175661273647       0.28039136534908332        5.6796817886340348E-002  0.32319230421166195     
   78.380253523498894       0.27944003029079129        5.6574103321510590E-002  0.32053494028037810     
   81.148784610322849       0.27851961461571856        5.6393262494339472E-002  0.31804466726633068     
   84.015122474940881       0.27762436075183955        5.6246421719678454E-002  0.31570685227461553     
   86.982687236203873       0.27674961315795732        5.6127190035318283E-002  0.31350808760585169     
   90.055071705548812       0.27589163252829824        5.6030375727546593E-002  0.31143603800430775     
   93.235978303002270       0.27504748737349560        5.5951763987390074E-002  0.30947943313221499     
   96.529260096906100       0.27421493413194997        5.5887932113788341E-002  0.30762798310621398     
   99.938826062156153       0.27339234878513219        5.5836102223737152E-002  0.30587237578975840     
   103.46886588546354       0.27257859377522264        5.5794016643144886E-002  0.30420410678716070     
   107.12359379692580       0.27177301351495298        5.5759843836300151E-002  0.30261556480189095     
   110.90736836557576       0.27097534559839398        5.5732096369062199E-002  0.30109991508429806     
   114.82483910697920       0.27018564089323271        5.5709565580987740E-002  0.29965100090327990     
   118.88068277378797       0.26940427384205717        5.5691270947574298E-002  0.29826340275387220     
   123.07973629915718       0.26863187126436461        5.5676416161323336E-002  0.29693233228969823     
   127.42715949490271       0.26786924586265942        5.5664354158040719E-002  0.29565353856691962     
   131.92808807993632       0.26711742249997456        5.5654560112078040E-002  0.29442336617055648     
   136.58805281121437       0.26637752941753412        5.5646607401580603E-002  0.29323858152083232     
   141.41261684513370       0.26565082497295289        5.5640149930021636E-002  0.29209642315902062     
   146.40753387824964       0.26493863423958536        5.5634906624098951E-002  0.29099450157232698     
   151.57894168226974       0.25195411338643336        5.4180819535565840E-002  0.27714417728224033     
   156.93294936957258       0.21578230335274481        4.9973551470237736E-002  0.23921028074061695     
   162.47613596373097       0.18649097115024707        4.6557273352320155E-002  0.20847761986869476     
   168.21511902855468       0.16277246154943367        4.3783311092366176E-002  0.18357068124533546     
   174.15674278185460       0.14356731424175875        4.1530922891498588E-002  0.16337697792842093     
   180.30830831190286       0.12801679003515376        3.9701996280643442E-002  0.14699623366288114     
   186.67715947709803       0.11542602368198278        3.8216937623349309E-002  0.13370103976021372     
   193.27089166569760       0.10523220220255208        3.7011107015783369E-002  0.12290300572978166     
   200.09760727912413        9.6979244035076739E-002   3.6031979312347751E-002  0.11412588481777478     
   207.16537088595135        9.0298224881270678E-002   3.5236952026577242E-002  0.10698485380235305     
   214.48286737908427        8.4890069877370869E-002   3.4591394320875574E-002  0.10116822777291860     
   222.05883252794877        8.0512783007392147E-002   3.4067211964981560E-002   9.6424009781340789E-002
   229.90230130529540        7.6970316934931490E-002   3.3641588959736318E-002   9.2548182248930314E-002
   238.02291179328489        7.4103723880876382E-002   3.3295985461997607E-002   8.9375412512351551E-002
   246.43025707061713        7.1784319178356232E-002   3.3015364037646308E-002   8.6771903707219419E-002
   255.13466811288930        6.9907644162575111E-002   3.2787501011914487E-002   8.4629063421903072E-002
   264.14653641505117        6.8389014059843559E-002   3.2602479941614741E-002   8.2858869011453520E-002
   273.47660938458705        6.7159642469050471E-002   3.2452247445062275E-002   8.1389819606865088E-002
   283.13635184814427        6.6163563121133862E-002   3.2330259498821838E-002   8.0163724045371032E-002
   293.13729579387660        6.5355245767733161E-002   3.2231207270823986E-002   7.9133235641894159E-002
   303.49136818478553        6.4697544309094246E-002   3.2150779331037993E-002   7.8259715385108883E-002
   314.21129214162710        6.4160068522334801E-002   3.2085472294145399E-002   7.7511538096978930E-002
   325.30973137660959        6.3717930412899956E-002   3.2032444608277158E-002   7.6862812405081749E-002
   336.80032369109853        6.3350638689130573E-002   3.1989386424186660E-002   7.6292222425596259E-002
   348.69678677735646        6.3041289202788342E-002   3.1954423879122583E-002   7.5782211929124502E-002
   361.01330816366544        6.2775862056218421E-002   3.1926035164138410E-002   7.5318257760953036E-002
   373.76502243504467        6.2384045161727929E-002   3.1713157645497841E-002   7.4621019904448999E-002
   386.96715283564077        6.1516618917387057E-002   3.0911049490531587E-002   7.3114231900473572E-002
   400.63544401132759        6.0783968930709857E-002   3.0259757665063353E-002   7.1833217910948058E-002
   414.78669160661980        6.0156890163991401E-002   2.9730912348535463E-002   7.0731025749354193E-002
   429.43761284149554        5.9611324934758500E-002   2.9301503135501932E-002   6.9769512337839942E-002
   444.60621081975989        5.9127376187843431E-002   2.8952825258233349E-002   6.8917622007516874E-002
   460.31059410826708        5.8688603882780931E-002   2.8669704493752623E-002   6.8150166253171621E-002
   476.56949149896485        5.8281393694018732E-002   2.8439817491127038E-002   6.7446730829214291E-002
   493.40288198244309        5.7894451191490122E-002   2.8253150531839247E-002   6.6790802872769353E-002
   510.83065126063684        5.7518435297970627E-002   2.8101581614460202E-002   6.6169137590968041E-002
   528.87421463804299        5.7145597655502763E-002   2.7978508501989494E-002   6.5571135062740760E-002
   547.55511287104378        5.6769552704508536E-002   2.7878575136664700E-002   6.4988436869592422E-002
   566.89562449487210        5.6385052934856468E-002   2.7797431735335911E-002   6.4414530197886510E-002
   586.91951519858117        5.5987803836195685E-002   2.7731543747675329E-002   6.3844421663688075E-002
   607.65068989177485        5.5574352347791088E-002   2.7678043773479391E-002   6.3274424325308831E-002
   629.11387223602765        5.5141961090191538E-002   2.7634603128173889E-002   6.2701925631718836E-002
   651.33543626567803        5.4688499799141116E-002   2.7599329567354541E-002   6.2125189125498678E-002
   674.34163286578985        5.4212405841802667E-002   2.7570688315330671E-002   6.1543251162944720E-002
   698.16073213207346        5.3712577940780763E-002   2.7547431779013185E-002   6.0955737064943283E-002
   722.82116976782140        5.2291849015759409E-002   2.6633095396568870E-002   5.8710901214833633E-002
   748.35235540965130        5.0760442504956330E-002   2.5636190848832584E-002   5.6296817902318268E-002
   774.78566186873422        4.9389342291447112E-002   2.4826709936468100E-002   5.4214871447635787E-002
   802.15264573967897        4.8144146483600096E-002   2.4169424603264340E-002   5.2403958988376631E-002
   830.48594444209971        4.6997278513676764E-002   2.3635725298668878E-002   5.0814813316423242E-002
   859.82037403360118        4.5926690906741410E-002   2.3202364450839185E-002   4.9407693505973571E-002
   890.19058800385733        4.4914930491644488E-002   2.2850486245983719E-002   4.8150678044877229E-002
   921.63390537915473        4.3948198373677527E-002   2.2564763113358362E-002   4.7018046094703898E-002
   954.18786380243341        4.3015752728170077E-002   2.2332760577457863E-002   4.5989185182342178E-002
   987.89128659474920        4.2109313154192078E-002   2.2144380302074284E-002   4.5047567128466720E-002
   1022.7855886411724        4.1222574304260358E-002   2.1991416572963753E-002   4.4179930427898133E-002
   1058.9119914466876        4.0350907309037877E-002   2.1867213838275213E-002   4.3375715591646900E-002
   1096.3148872627712        3.9490969472627632E-002   2.1766361912960774E-002   4.2626462621547553E-002
   1135.0389283928459        3.8640526082926632E-002   2.1684471790140058E-002   4.1925458544689029E-002
   1175.1302964981960        3.7798212569802973E-002   2.1617979051910857E-002   4.1267365123065079E-002
   1216.6382559936744        3.6963335322667774E-002   2.1563987320676749E-002   4.0647922247156999E-002
   1259.6123598874483        3.6135791849968235E-002   2.1520146913185514E-002   4.0063772126981638E-002
   1304.1038583964914        3.5315925225456464E-002   2.1484549595233458E-002   3.9512254773062409E-002
   1350.1674228314519        3.4504400367877705E-002   2.1455644772320426E-002   3.8991246354192315E-002
   1397.8574692241625        2.9826412290424442E-002   1.8897570513410001E-002   3.4081283192986714E-002
   1447.2325992722181        2.5669038056234671E-002   1.6566454519726530E-002   2.9693002209830212E-002
   1498.3517579647787        2.2293936261333629E-002   1.4673626252572789E-002   2.6146591349704654E-002
   1551.2759091786245        1.7705338821009435E-002   1.1949701663129624E-002   2.1069516687541624E-002
   1606.0700862978565        1.4015530617827579E-002   9.7029633674662729E-003   1.6934110658331433E-002
   1662.7990190437411        1.1093663397983020E-002   7.8786678820354280E-003   1.3617384312671607E-002
   1721.5324161293761        8.7807626391113152E-003   6.3973501597697179E-003   1.0956084869892007E-002
   1782.3403946248577        6.9505466201469348E-003   5.1945442655380123E-003   8.8197676162582155E-003
   1845.2954731357936        5.5026922373968843E-003   4.2178958650848433E-003   7.1040830111340752E-003
   1910.4750110852074        4.3575253293636172E-003   3.4248628309258696E-003   5.7254971620746857E-003
   1977.9568210713478        3.4518981635055547E-003   2.7809329072711903E-003   4.6172206357049349E-003
   2047.8213808026539        2.7357516343068707E-003   2.2580778622824302E-003   3.7257843179249375E-003
   2120.1545400970977        2.1694115040459695E-003   1.8335224925502159E-003   3.0083476550173682E-003
   2195.0417479108573        1.7214982960269002E-003   1.4887941163913901E-003   2.4306310109069446E-003
   2272.5750259096239        1.3671636970403968E-003   1.2088766046450079E-003   1.9651390861192995E-003
   2352.8469348264384        1.0867725683678751E-003   9.8158813845947569E-004   1.5898499153105506E-003
   2435.9532056335870        8.6480282007937086E-004   7.9703557016386911E-004   1.2871000969225316E-003
   2521.9959596104222        6.8898366428142522E-004   6.4717991778233061E-004   1.0427083741657212E-003
   2611.0779162676686        5.4963046713405188E-004   5.2549956571528139E-004   8.4530110489245531E-004
   2703.3053132971791        4.3909514657303856E-004   4.2669815329888047E-004   6.8574263361073477E-004
   2798.7914800504532        3.5133661019719079E-004   3.4647195947988356E-004   5.5668724951916048E-004
   2897.6492167059700        2.8159072201135849E-004   2.8133029011866254E-004   4.5223560141596851E-004
   3000.0000000000000        2.2609389588181388E-004   2.2843561924249125E-004   3.6763729526811825E-004
