         200   4370.0000000000000     
   3.0000000000000000        4.4012956969644310E-003   2.7642910309039342E-002   2.3282050700585123E-002
   3.1059655287322618        4.6483592964649432E-003   2.7642910309039342E-002   2.3541910032146483E-002
   3.2156739552243598        4.9052245643854677E-003   2.7642910309039342E-002   2.3789573985690118E-002
   3.3292574962321346        5.1719482170095145E-003   2.7642910309039342E-002   2.4025235418418611E-002
   3.4468529954360925        5.4485525091459907E-003   2.7642910309039342E-002   2.4249166041567887E-002
   3.5686022069563790        5.7350225292246140E-003   2.7642910309039342E-002   2.4461707922323984E-002
   3.6946518254059528        6.0313031365165672E-003   2.7642910309039342E-002   2.4663263659347835E-002
   3.8251536998800524        6.3372966128578965E-003   2.7642910309039342E-002   2.4854286407314890E-002
   3.9602651907155879        6.6528609614948768E-003   2.7642910309039342E-002   2.5035269788167242E-002
   4.1001490688558144        6.9778074689871294E-003   2.7642910309039342E-002   2.5206737129109858E-002
   4.2449739038313119        7.3118997624874241E-003   2.7642910309039342E-002   2.5369231604207468E-002
   4.3949142193596993        7.6548526777702785E-003   2.7642910309039342E-002   2.5523306379345044E-002
   4.5501507036585132        8.0063316156909672E-003   2.7642910309039342E-002   2.5669515334069484E-002
   4.7108703059600501        8.3659520090717202E-003   2.7642910309039342E-002   2.5808404303040950E-002
   4.8772669425686850        8.7332805155965736E-003   2.7642910309039342E-002   2.5940503539344805E-002
   5.0495410155906377        9.1078339285318895E-003   2.7642910309039342E-002   2.6066319947760510E-002
   5.2279001269311909        9.4890811481433100E-003   2.7642910309039342E-002   2.6186331210274656E-002
   5.4125592113782046        9.8764442411998551E-003   2.7642910309039342E-002   2.6300980300395470E-002
   5.6037407956130689        1.0269300191228316E-002   2.7642910309039342E-002   2.6410671056278534E-002
   5.8016752663703963        1.0666983091280375E-002   2.7642910309039342E-002   2.6515764737866512E-002
   6.0066011480696169        1.1068786793353307E-002   2.7642910309039342E-002   2.6616577586806290E-002
   6.2187653902530293        1.1473968025119330E-002   2.7642910309039342E-002   2.6713379394571215E-002
   6.4384236651766908        1.1881749978831692E-002   2.7642910309039342E-002   2.6806393069478851E-002
   6.6658406759127811        1.2291326369317131E-002   2.7642910309039342E-002   2.6895795177288240E-002
   6.9012904753346884        1.2701865948145419E-002   2.7642910309039342E-002   2.6981717413148296E-002
   7.1450567963692624        1.3112517449842452E-002   2.7642910309039342E-002   2.7064248945354658E-002
   7.3974330131920443        1.3522414327180793E-002   2.7642910309039342E-002   2.7143439439337561E-002
   7.6587243988323896        1.3930683474262991E-002   2.7642910309039342E-002   2.7219303473699975E-002
   7.9292442763577622        1.4336444535858013E-002   2.7642910309039342E-002   2.7291823721979584E-002
   8.2093202460023029        1.4738825163056720E-002   2.7642910309039342E-002   2.7360957538763775E-002
   8.4992881560440416        1.5136957725811169E-002   2.7642910309039342E-002   2.7426640497479445E-002
   8.7994991583321234        1.5529995219154658E-002   2.7642910309039342E-002   2.7488793497966395E-002
   9.1103132457223861        1.5917108156199164E-002   2.7642910309039342E-002   2.7547326751076854E-002
   9.4321068148357909        1.6297500064601050E-002   2.7642910309039342E-002   2.7602146730970462E-002
   9.7652657388916850        1.6670404261420035E-002   2.7642910309039342E-002   2.7653160074174503E-002
   10.110193474162946        1.7035098485305149E-002   2.7642910309039342E-002   2.7700279851875391E-002
   10.467303634806061        1.7390901265397132E-002   2.7642910309039342E-002   2.7743428913571982E-002
   10.837027566606025        1.7737184265994792E-002   2.7642910309039342E-002   2.7782544935217018E-002
   11.219811965471335        1.8073373073574459E-002   2.7642910309039342E-002   2.7817583404464736E-002
   11.616115840724994        1.8398947880889877E-002   2.7642910309039342E-002   2.7848520186470806E-002
   12.026419117330413        1.8713453284291907E-002   2.7642910309039342E-002   2.7875354380502770E-002
   12.451213803399156        1.9016492788201316E-002   2.7642910309039342E-002   2.7898109073279841E-002
   12.891014326336300        1.9307737794311882E-002   2.7642910309039342E-002   2.7916832803119993E-002
   13.346348065368609        1.9586921264927549E-002   2.7642910309039342E-002   2.7931599218010517E-002
   13.817766430769083        1.9853844804229265E-002   2.7642910309039342E-002   2.7942507138382845E-002
   14.305834715756038        2.0108371567369800E-002   2.7642910309039342E-002   2.7949679303297024E-002
   14.811143972217785        2.0350431508159263E-002   2.7642910309039342E-002   2.7953261280421190E-002
   15.334300133051286        2.0580013689957020E-002   2.7642910309039342E-002   2.7953419573194034E-002
   15.875936741648431        2.0797169854915948E-002   2.7642910309039342E-002   2.7950339698718654E-002
   16.436703292225193        2.1002006336877790E-002   2.7642910309039342E-002   2.7944223965207963E-002
   17.017278874447534        2.1194686165058981E-002   2.7642910309039342E-002   2.7935289058223383E-002
   17.618359675531394        2.1375420806062077E-002   2.7642910309039342E-002   2.7923763787369518E-002
   18.240671728221173        2.1544470575869227E-002   2.7642910309039342E-002   2.7909886544319001E-002
   18.884968846184627        2.1702139332814702E-002   2.7642910309039342E-002   2.7893903004151885E-002
   19.552019805756849        2.1848767370673729E-002   2.7642910309039342E-002   2.7876064335743359E-002
   20.242632201214423        2.1984732945612206E-002   2.7642494360725061E-002   2.7856623704202860E-002
   20.957638264717446        2.2110444416100009E-002   2.7641452095562853E-002   2.7835835825695956E-002
   21.697899624358065        2.2226337266884451E-002   2.7640605792160062E-002   2.7813958094327376E-002
   22.464312967141105        2.2332870962119639E-002   2.7639918603049023E-002   2.7791244847972053E-002
   23.257792778673313        2.2430522992548378E-002   2.7639360619645760E-002   2.7767948765809090E-002
   24.079299719823517        2.2519789518624371E-002   2.7638907545639257E-002   2.7744319498087755E-002
   24.929823759061236        2.2601180038970128E-002   2.7638539656461611E-002   2.7720603960818355E-002
   25.810395145829254        2.2675216141235580E-002   2.7638240934471221E-002   2.7697046130517579E-002
   26.722064579292049        2.2742427899569755E-002   2.7637998378368184E-002   2.7673887951498530E-002
   27.665935811728254        2.2803355034975038E-002   2.7637801426514841E-002   2.7651369092103108E-002
   28.643146268414043        2.2858544028636449E-002   2.7637641504616166E-002   2.7629728303493254E-002
   29.654879655490589        2.2908548085843191E-002   2.7637511649782748E-002   2.7609204102735437E-002
   30.702343174827575        2.2934572025479438E-002   2.5417392917852128E-002   2.7560567875296482E-002
   31.786804983723918        2.2948310633649882E-002   2.2615072441186518E-002   2.7501040216137657E-002
   32.909571928103169        2.2959968532173001E-002   2.0339630988194083E-002   2.7445573796376976E-002
   34.072004028335677        2.2969780916623869E-002   1.8491997404120272E-002   2.7393931296734803E-002
   35.275488300232773        2.2978019204576754E-002   1.6991756991889977E-002   2.7345927659094067E-002
   36.521481794408061        2.2984985242483380E-002   1.5773584676528948E-002   2.7301422346912477E-002
   37.811486012809581        2.2991005131429647E-002   1.4784447350394683E-002   2.7260314977852276E-002
   39.147055493126302        2.2996423440553776E-002   1.3981282939568169E-002   2.7222539596887710E-002
   40.529808025860810        2.3001597385489028E-002   1.3329122218392860E-002   2.7188059204529824E-002
   41.961393513511240        2.3006890808747339E-002   1.2799581146174830E-002   2.7156861354352226E-002
   43.443545167355794        2.3012668408973449E-002   1.2369601878342927E-002   2.7128951760695200E-002
   44.978049075047366        2.3019289641904504E-002   1.2020465275981074E-002   2.7104349981451729E-002
   46.566763998623138        2.3027102853964913E-002   1.1736970171721270E-002   2.7083083934976361E-002
   48.211585595230147        2.3036439248153202E-002   1.1506777986568276E-002   2.7065185239902582E-002
   49.914505239722644        2.3047607514735204E-002   1.1319865445831585E-002   2.7050683341046919E-002
   51.677575059319224        2.3060888308327563E-002   1.1168095315749088E-002   2.7039600978048292E-002
   53.502930680545909        2.3076529442887711E-002   1.1044859629315165E-002   2.7031949065313924E-002
   55.392750120602578        2.3094741057381560E-002   1.0944794790371599E-002   2.7027722068857250E-002
   57.349321371645829        2.3115692311352659E-002   1.0863543668519125E-002   2.7026893182981900E-002
   59.375002227322796        2.3139507842317487E-002   1.0797568997775848E-002   2.7029410293831962E-002
   61.472246417894510        2.3166265573180338E-002   1.0743998286385606E-002   2.7035192132268855E-002
   63.643556378429672        2.3195994412238612E-002   1.0700499972200236E-002   2.7044124785922774E-002
   65.891560899834928        2.3228674398511978E-002   1.0665180005031276E-002   2.7056059190632000E-002
   68.218968971510208        2.3264236149314877E-002   1.0636500730807028E-002   2.7070809033981239E-002
   70.628585269218178        2.3272009409156084E-002   1.0605080649939057E-002   2.7043574352471889E-002
   73.123328588587739        2.3200200637570587E-002   1.0558421353974799E-002   2.6899053898086570E-002
   75.706175661273647        2.3139207290972467E-002   1.0520534966752123E-002   2.6769584578515571E-002
   78.380253523498894        2.3087672234137057E-002   1.0489771798617575E-002   2.6653510769687562E-002
   81.148784610322849        2.3044386621429509E-002   1.0464792575655144E-002   2.6549341266783856E-002
   84.015122474940881        2.3008272309152953E-002   1.0444509719689457E-002   2.6455732180328654E-002
   86.982687236203873        2.2978368656015831E-002   1.0428040458436868E-002   2.6371475697260793E-002
   90.055071705548812        2.2953819674949697E-002   1.0414667669683289E-002   2.6295485172324096E-002
   93.235978303002270        2.2933865361363274E-002   1.0403809169334951E-002   2.6226787235402487E-002
   96.529260096906100        2.2917833426004779E-002   1.0394992185760215E-002   2.6164511800479504E-002
   99.938826062156153        2.2905133035505405E-002   1.0387833014902821E-002   2.6107885641843468E-002
   103.46886588546354        2.2895248187059059E-002   1.0382019808241718E-002   2.6056221079537357E-002
   107.12359379692580        2.2887733691109472E-002   1.0377299578994940E-002   2.6008913450756239E-002
   110.90736836557576        2.2882210000724258E-002   1.0373466870520749E-002   2.5965432294378234E-002
   114.82483910697920        2.2878358808143779E-002   1.0370354732694150E-002   2.5925313782520623E-002
   118.88068277378797        2.2875919195411477E-002   1.0367827727403389E-002   2.5888157790729872E-002
   123.07973629915718        2.2874683098155206E-002   1.0365775862104906E-002   2.5853620362939440E-002
   127.42715949490271        2.2874490956767555E-002   1.0364109758968305E-002   2.5821406968949138E-002
   131.92808807993632        2.2875227230924288E-002   1.0362756924756968E-002   2.5791269776172476E-002
   136.58805281121437        2.2876815615175339E-002   1.0361658430950143E-002   2.5762999205316311E-002
   141.41261684513370        2.2879214045231935E-002   1.0360766471847941E-002   2.5736421298860838E-002
   146.40753387824964        2.2882409545673853E-002   1.0360042223293287E-002   2.5711391573507675E-002
   151.57894168226974        2.1818567807804824E-002   1.0074884184616722E-002   2.4556966244577753E-002
   156.93294936957258        1.8727400233992806E-002   9.2492901552756607E-003   2.1258833209015941E-002
   162.47613596373097        1.6219624837373669E-002   8.5789124248989174E-003   1.8581807037571452E-002
   168.21511902855468        1.4185834718358483E-002   8.0345766127103355E-003   1.6408754760379337E-002
   174.15674278185460        1.2537102082956601E-002   7.5925895033747042E-003   1.4644635183821027E-002
   180.30830831190286        1.1201111619737253E-002   7.2336984447163933E-003   1.3212289205142041E-002
   186.67715947709803        1.0119158393454923E-002   6.9422847430825043E-003   1.2049177456432383E-002
   193.27089166569760        9.2435392754594576E-003   6.7056640822296181E-003   1.1104555480176673E-002
   200.09760727912413        8.5354727773778120E-003   6.5135294301544413E-003   1.0337225601125268E-002
   207.16537088595135        7.9634892253873119E-003   6.3575208825402529E-003   9.7138016469281527E-003
   214.48286737908427        7.5019977423076379E-003   6.2308428151704532E-003   9.2071671834714139E-003
   222.05883252794877        7.1302289587237676E-003   6.1279822851086022E-003   8.7953416229075553E-003
   229.90230130529540        6.8313082673295876E-003   6.0444620989867567E-003   8.4604874330792470E-003
   238.02291179328489        6.5915173207117123E-003   5.9766441753788483E-003   8.1881201639246066E-003
   246.43025707061713        6.3997217219097435E-003   5.9215777120938283E-003   7.9664991086929090E-003
   255.13466811288930        6.2468640151641143E-003   5.8768640521532946E-003   7.7860855267486897E-003
   264.14653641505117        6.1255883389946019E-003   5.8405572876282091E-003   7.6391446951403390E-003
   273.47660938458705        6.0299129937518440E-003   5.8110770999527852E-003   7.5193972285575511E-003
   283.13635184814427        5.9549698976692281E-003   5.7871393525823116E-003   7.4217416859058260E-003
   293.13729579387660        5.8968012677008321E-003   5.7677022911072221E-003   7.3420400043967835E-003
   303.49136818478553        5.8521849187747220E-003   5.7519198817507326E-003   7.2769314012707436E-003
   314.21129214162710        5.8184953924690789E-003   5.7391046536988460E-003   7.2236843240654448E-003
   325.30973137660959        5.7935952841501864E-003   5.7286990080012727E-003   7.1800825040396667E-003
   336.80032369109853        5.7757410860453315E-003   5.7202496819427897E-003   7.1443232474954913E-003
   348.69678677735646        5.7635118894677406E-003   5.7133889666265191E-003   7.1149430399128563E-003
   361.01330816366544        5.7557484934398885E-003   5.7078182368256814E-003   7.0907520983714738E-003
   373.76502243504467        5.7372153747658550E-003   5.6845810168802049E-003   7.0455917321226606E-003
   386.96715283564077        5.6764141135417258E-003   5.6036782633250007E-003   6.9251820456475302E-003
   400.63544401132759        5.6284018621752989E-003   5.5379872443244386E-003   6.8272206841944166E-003
   414.78669160661980        5.5907211463610117E-003   5.4846465046162474E-003   6.7474755426791821E-003
   429.43761284149554        5.5613656324635038E-003   5.4413351537450630E-003   6.6825152564939103E-003
   444.60621081975989        5.5386950895055728E-003   5.4061665792826718E-003   6.6295510195583038E-003
   460.31059410826708        5.5213715010609919E-003   5.3776102688981786E-003   6.5863203806295224E-003
   476.56949149896485        5.5083032032342064E-003   5.3544232567679338E-003   6.5509853487057080E-003
   493.40288198244309        5.4986000318172600E-003   5.3355955327127006E-003   6.5220512651866314E-003
   510.83065126063684        5.4915376798268193E-003   5.3203078901505035E-003   6.4983042900267516E-003
   528.87421463804299        5.4865266899348066E-003   5.3078944099660096E-003   6.4787556188040394E-003
   547.55511287104378        5.4830884592380405E-003   5.2978148659833879E-003   6.4626006210980426E-003
   566.89562449487210        5.4808346412835484E-003   5.2896305275500991E-003   6.4491829163937234E-003
   586.91951519858117        5.4794504975010224E-003   5.2829848905559511E-003   6.4379657675896033E-003
   607.65068989177485        5.4786813574085047E-003   5.2775887414197187E-003   6.4285100684078750E-003
   629.11387223602765        5.4783212416616503E-003   5.2732072028458159E-003   6.4204551725436281E-003
   651.33543626567803        5.4782036214193180E-003   5.2696494180504358E-003   6.4135036577200434E-003
   674.34163286578985        5.4781938321175469E-003   5.2667605854913218E-003   6.4074098178837913E-003
   698.16073213207346        5.4781828147668840E-003   5.2644148696242088E-003   6.4019692176005283E-003
   722.82116976782140        5.3981414609097344E-003   5.1825920459820721E-003   6.2460360890922943E-003
   748.35235540965130        5.3102540100703191E-003   5.0934413413367078E-003   6.0759231782650247E-003
   774.78566186873422        5.2386230476430705E-003   5.0210514682057714E-003   5.9371428741291279E-003
   802.15264573967897        5.1801018564779297E-003   4.9622720687725330E-003   5.8237446078427046E-003
   830.48594444209971        5.1321340873206464E-003   4.9145446617891147E-003   5.7308924919440129E-003
   859.82037403360118        5.0926415083626855E-003   4.8757902744834712E-003   5.6546542487661009E-003
   890.19058800385733        5.0599375080996722E-003   4.8443226781288871E-003   5.5918387631862364E-003
   921.63390537915473        5.0326501132753974E-003   4.8187711660358972E-003   5.5398510586917365E-003
   954.18786380243341        5.0096656599028623E-003   4.7980237538568556E-003   5.4965863296892572E-003
   987.89128659474920        4.9900794172608957E-003   4.7811773723954870E-003   5.4603367277011716E-003
   1022.7855886411724        4.9731563052589980E-003   4.7674982049502705E-003   5.4297171433910245E-003
   1058.9119914466876        4.9583010595234548E-003   4.7563910620031288E-003   5.4036085106438222E-003
   1096.3148872627712        4.9450312438925363E-003   4.7473721241047592E-003   5.3811065250718264E-003
   1135.0389283928459        4.9329580889144369E-003   4.7400488932402484E-003   5.3614847174169294E-003
   1175.1302964981960        4.9217693913559107E-003   4.7341026123446563E-003   5.3441614647921614E-003
   1216.6382559936744        4.9112158655716318E-003   4.7292742655430818E-003   5.3286735423255793E-003
   1259.6123598874483        4.9011011880103032E-003   4.7253537264817791E-003   5.3146561259333801E-003
   1304.1038583964914        4.8912728865796893E-003   4.7221703465021077E-003   5.3018247089873325E-003
   1350.1674228314519        4.8816149689584268E-003   4.7195854597783032E-003   5.2899604195634818E-003
   1397.8574692241625        4.3518086457097326E-003   4.2112746876625260E-003   4.7086204463424979E-003
   1447.2325992722181        3.8740049537146475E-003   3.7529781365132904E-003   4.1838656845387115E-003
   1498.3517579647787        3.4852612308391064E-003   3.3808487919826341E-003   3.7572916637868214E-003
   1551.2759091786245        2.8342022963663283E-003   2.7547331534718317E-003   3.0565420991650080E-003
   1606.0700862978565        2.2966223509860058E-003   2.2367985100208492E-003   2.4780761651818886E-003
   1662.7990190437411        1.8609371817382601E-003   1.8162484915253095E-003   2.0091805375166897E-003
   1721.5324161293761        1.5078599942568249E-003   1.4747642306302145E-003   1.6290974696563454E-003
   1782.3403946248577        1.2217572799782435E-003   1.1974845656277969E-003   1.3210091156652349E-003
   1845.2954731357936        9.8994531479880670E-004   9.7234039016149299E-004   1.0712770195475136E-003
   1910.4750110852074        8.0212959293279613E-004   7.8952457997800388E-004   8.6883636763792238E-004
   1977.9568210713478        6.4996957834746402E-004   6.4108111593092420E-004   7.0472587011138541E-004
   2047.8213808026539        5.2670178605529613E-004   5.2054872378471415E-004   5.7168094951718458E-004
   2120.1545400970977        4.2683949773959269E-004   4.2267709606915501E-004   4.6380981684001081E-004
   2195.0417479108573        3.4594047092236050E-004   3.4320777428037066E-004   3.7634308696351165E-004
   2272.5750259096239        2.8040088893493601E-004   2.7867912983527149E-004   3.0541179730612716E-004
   2352.8469348264384        2.2730330883315663E-004   2.2628292021817966E-004   2.4788377554488852E-004
   2435.9532056335870        1.8428377155105518E-004   1.8373850423406357E-004   2.0122069510482719E-004
   2521.9959596104222        1.4942599400308333E-004   1.4919267660689373E-004   1.6336435188045079E-004
   2611.0779162676686        1.2117925432272961E-004   1.2114202652251015E-004   1.3264851964143000E-004
   2703.3053132971791        9.8287446531255496E-005   9.8365597949981614E-005   1.0772280385553229E-004
   2798.7914800504532        7.9732624410481994E-005   7.9871265445267771E-005   8.7492095527951443E-005
   2897.6492167059700        6.4691373513953105E-005   6.4854328510721785E-005   7.1069852407325585E-005
   3000.0000000000000        5.2496207994763631E-005   5.2660659780551408E-005   5.7736721658255944E-005
