         200   4370.0000000000000     
   3.0000000000000000        3.1187532126320254E-003  0.43764881654631582        1.5361960235203767E-003
   3.1059655287322618        3.3362381830966598E-003  0.43764881654631582        1.6378238485249481E-003
   3.2156739552243598        3.5684075781996370E-003  0.43764881654631582        1.7465180812050133E-003
   3.3292574962321346        3.8161937156216560E-003  0.43764881654631582        1.8627736287003351E-003
   3.4468529954360925        4.0805915504892190E-003  0.43764881654631582        1.9871196451031058E-003
   3.5686022069563790        4.3626660353902292E-003  0.43764881654631582        2.1201220196775130E-003
   3.6946518254059528        4.6635602401653995E-003  0.43764881654631582        2.2623857760456275E-003
   3.8251536998800524        4.9845054314877442E-003  0.43764881654631582        2.4145578551818510E-003
   3.9602651907155879        5.3268333640007215E-003  0.43764881654631582        2.5773303008014294E-003
   4.1001490688558144        5.6919895781516036E-003  0.43764881654631582        2.7514431549712014E-003
   4.2449739038313119        6.0815503916359362E-003  0.43764881654631582        2.9376882002180738E-003
   4.3949142193596993        6.4972422346149051E-003  0.43764881654631582        3.1369127482207570E-003
   4.5501507036585132        6.9409645086425734E-003  0.43764881654631582        3.3500238466030721E-003
   4.7108703059600501        7.4148160513063614E-003  0.43764881654631582        3.5779927205678618E-003
   4.8772669425686850        7.9211280075695938E-003  0.43764881654631582        3.8218605373900767E-003
   5.0495410155906377        8.4624985264696358E-003  0.43764881654631582        4.0827429900911968E-003
   5.2279001269311909        9.0418371332029318E-003  0.43764881654631582        4.3618371409945766E-003
   5.4125592113782046        9.6624144797323400E-003  0.43764881654631582        4.6604280914729476E-003
   5.6037407956130689        1.0327920494951213E-002  0.43764881654631582        4.9798965466806453E-003
   5.8016752663703963        1.1042531560628784E-002  0.43764881654631582        5.3217271973938730E-003
   6.0066011480696169        1.1810987621023629E-002  0.43764881654631582        5.6875180124546379E-003
   6.2187653902530293        1.2638679994501873E-002  0.43764881654631582        6.0789905437959747E-003
   6.4384236651766908        1.3531750421618405E-002  0.43764881654631582        6.4980013550329854E-003
   6.6658406759127811        1.4497201551462349E-002  0.43764881654631582        6.9465546941860591E-003
   6.9012904753346884        1.5543018644479274E-002  0.43764881654631582        7.4268165413140354E-003
   7.1450567963692624        1.6678301778539656E-002  0.43764881654631582        7.9411301727322879E-003
   7.3974330131920443        1.7913405414408501E-002  0.43764881654631582        8.4920325498705242E-003
   7.6587243988323896        1.9260096970652570E-002  0.43764881654631582        9.0822776153732711E-003
   7.9292442763577622        2.0731689871306771E-002  0.43764881654631582        9.7148479542009010E-003
   8.2093202460023029        2.2343231554676539E-002  0.43764881654631582        1.0392991393186427E-002
   8.4992881560440416        2.4111626525329145E-002  0.43764881654631582        1.1120231659521385E-002
   8.7994991583321234        2.6055831557983435E-002  0.43764881654631582        1.1900412869026485E-002
   9.1103132457223861        2.8196967239842014E-002  0.43764881654631582        1.2737713458637232E-002
   9.4321068148357909        3.0558514435938548E-002  0.43764881654631582        1.3636699138758555E-002
   9.7652657388916850        3.3166409835092329E-002  0.43764881654631582        1.4602340786514872E-002
   10.110193474162946        3.6049247067346780E-002  0.43764881654631582        1.5640077401272282E-002
   10.467303634806061        3.9238359797248344E-002  0.43764881654631582        1.6755838756447244E-002
   10.837027566606025        4.2768028928939252E-002  0.43764881654631582        1.7956116479374333E-002
   11.219811965471335        4.6675618821984233E-002  0.43764881654631582        1.9248010850467505E-002
   11.616115840724994        5.1001706980133878E-002  0.43764881654631582        2.0639278338751343E-002
   12.026419117330413        5.5790352043101933E-002  0.43764881654631582        2.2138425047778350E-002
   12.451213803399156        6.1089190484407453E-002  0.43764881654631582        2.3754745703003701E-002
   12.891014326336300        6.6949766319212345E-002  0.43764881654631582        2.5498438232812438E-002
   13.346348065368609        7.3427632147889998E-002  0.43764881654631582        2.7380651548134866E-002
   13.817766430769083        8.0582721702408697E-002  0.43764881654631582        2.9413621349113770E-002
   14.305834715756038        8.8479423248139594E-002  0.43764881654631582        3.1610728313621619E-002
   14.811143972217785        9.7186959770317286E-002  0.43764881654631582        3.3986658994139364E-002
   15.334300133051286       0.10677937528520755       0.43764881654631582        3.6557476259238157E-002
   15.875936741648431       0.11733586277463359       0.43764881654631582        3.9340809788781371E-002
   16.436703292225193       0.12894058014334647       0.43764881654631582        4.2355940807270835E-002
   17.017278874447534       0.14168284756503025       0.43764881654631582        4.5624027355953188E-002
   17.618359675531394       0.15565669357402970       0.43764881654631582        4.9168205456845797E-002
   18.240671728221173       0.17096078570647386       0.43764881654631582        5.3013843092474373E-002
   18.884968846184627       0.18769788793978648       0.43764881654631582        5.7188732114783036E-002
   19.552019805756849       0.20597379414151373       0.43764881654631582        6.1723217688536051E-002
   20.242632201214423       0.22589700309001270       0.43761055542629590        6.6650579701324583E-002
   20.957638264717446       0.24757716645047376       0.43751468237886576        7.2007200164460369E-002
   21.697899624358065       0.27112375603675926       0.43743683492773971        7.7832879852096012E-002
   22.464312967141105       0.29664451644161655       0.43737362364847510        8.4171146890613113E-002
   23.257792778673313       0.32424285984089485       0.43732229739175460        9.1069430766333781E-002
   24.079299719823517       0.35401650548453284       0.43728062125473133        9.8579622385677773E-002
   24.929823759061236       0.38605435601183202       0.43724678086760471       0.10675827909318969     
   25.810395145829254       0.42043409182013852       0.43721930284321031       0.11566708222505132     
   26.722064579292049       0.45721839712011908       0.43719699125340156       0.12537299816035066     
   27.665935811728254       0.49645312266117059       0.43717887458303650       0.13594897564241523     
   28.643146268414043       0.53816339372827193       0.43716416412322934       0.14747411616538175     
   29.654879655490589       0.58235105603974346       0.43715221939068477       0.16003416430741227     
   30.702343174827575       0.62880637914194215       0.42340913802192653       0.17363303502098890     
   31.786804983723918       0.67758194711266317       0.40606615783608563       0.18841992651299982     
   32.909571928103169       0.72868484484142193       0.39198392264496823       0.20454578658819461     
   34.072004028335677       0.78199491650876807       0.38054930162067563       0.22212385168450227     
   35.275488300232773       0.83735797499005260       0.37126462488225137       0.24127465134384371     
   36.521481794408061       0.89458757039144132       0.36372560909010176       0.26212641963853522     
   37.811486012809581       0.95346446347235048       0.35760404334090751       0.28481425993540266     
   39.147055493126302        1.0137385651898798       0.35263342539091869       0.30947955249824288     
   40.529808025860810        1.0751318541990984       0.34859733795569919       0.33626911010151062     
   41.961393513511240        1.1373403685202055       0.34532011809468188       0.36533314880129725     
   43.443545167355794        1.2000407018149819       0.34265906559036419       0.39682443627578595     
   44.978049075047366        1.2628936307244525       0.34049833157463238       0.43089540091267686     
   46.566763998623138        1.3255505812216943       0.33874383917560053       0.46769574728150481     
   48.211585595230147        1.3876583928036235       0.33731922748707760       0.50736830115172848     
   49.914505239722644        1.4488681528728407       0.33616246454098642       0.55004657129907908     
   51.677575059319224        1.5088404812482141       0.33522319068535822       0.59584972644408396     
   53.502930680545909        1.5672530022111371       0.33446051058299003       0.64487862219985359     
   55.392750120602578        1.6238055174332409       0.33384123004975097       0.69720997309682220     
   57.349321371645829        1.6782282380699716       0.33333838370933372       0.75289349264466165     
   59.375002227322796        1.7302859585930568       0.33293008015626230       0.81194643623565854     
   61.472246417894510        1.7797835178959824       0.33259854213485546       0.87435051786703466     
   63.643556378429672        1.8265685699282166       0.33232934009057924       0.94004752413328008     
   65.891560899834928        1.8705362575212305       0.33211075213967312        1.0089397796135742     
   68.218968971510208        1.9116298177882984       0.33193326206002094        1.0808882797304926     
   70.628585269218178        1.9470819690588692       0.33138352681840588        1.1539940037508871     
   73.123328588587739        1.9723032209533136       0.32988250285061221        1.2249113555116888     
   75.706175661273647        1.9955855504344733       0.32866370230724684        1.2983484833980410     
   78.380253523498894        2.0169625065171486       0.32767405486956108        1.3739514624360927     
   81.148784610322849        2.0365232034771892       0.32687047625594262        1.4513559741728568     
   84.015122474940881        2.0544053315937920       0.32621797920662732        1.5301949258808731     
   86.982687236203873        2.0707868483684719       0.32568816504288722        1.6101029157068671     
   90.055071705548812        2.0858782008452645       0.32525796402890800        1.6907244447791849     
   93.235978303002270        2.0999131237930162       0.32490864737205960        1.7717160708437891     
   96.529260096906100        2.1131398879717525       0.32462500606552508        1.8527496973128394     
   99.938826062156153        2.1258120124376303       0.32439469639572854        1.9335107493995958     
   103.46886588546354        2.1381804483282774       0.32420768623306440        2.0137023608045759     
   107.12359379692580        2.1504844104344740       0.32405583702303165        2.0930366821773911     
   110.90736836557576        2.1629443311094780       0.32393253925004900        2.1712344163609383     
   114.82483910697920        2.1757556829475670       0.32383242214857405        2.2480237976829343     
   118.88068277378797        2.1890825382089738       0.32375112869075845        2.3231314901724893     
   123.07973629915718        2.2030536313098805       0.32368512042963815        2.3962827403637159     
   127.42715949490271        2.2177598360676765       0.32363152209110452        2.4672024959368128     
   131.92808807993632        2.2332513021962734       0.32358800157640971        2.5356097152725368     
   136.58805281121437        2.2495385433370303       0.32355266316209252        2.6012263218489089     
   141.41261684513370        2.2665921906976632       0.32352396894450863        2.6637756270743882     
   146.40753387824964        2.2843457546801504       0.32350066995517146        2.7229908363360420     
   151.57894168226974        2.2140213860538767       0.31678490923712260        2.6818584118211577     
   156.93294936957258        1.9721612759062002       0.29735191440132963        2.4402360817981270     
   162.47613596373097        1.7743229635321016       0.28157243137522331        2.2324857782941221     
   168.21511902855468        1.6122399118013002       0.26875974783917522        2.0538330104794538     
   174.15674278185460        1.4792277324398455       0.25835616822503737        1.9002817569087125     
   180.30830831190286        1.3698697196162939       0.24990851981473330        1.7684409722684700     
   186.67715947709803        1.2797759945358353       0.24304916672148211        1.6553945270957515     
   193.27089166569760        1.2053772935793727       0.23747954301179280        1.5585883974479950     
   200.09760727912413        1.1437630611787024       0.23295703973674570        1.4757556547610420     
   207.16537088595135        1.0925591637966374       0.22928487982233225        1.4048791132254499     
   214.48286737908427        1.0498195957208549       0.22630310652756902        1.3441573418638009     
   222.05883252794877        1.0139492847431804       0.22388195511602768        1.2919955312136020     
   229.90230130529540       0.98363647348325123       0.22191604052858058        1.2469914119649468     
   238.02291179328489       0.95779957685306882       0.22031972888822371        1.2079234143802426     
   246.43025707061713       0.93554745216897006       0.21902356363192022        1.1737421597229789     
   255.13466811288930       0.91614299016194933       0.21797108469937865        1.1435529170346952     
   264.14653641505117       0.89897769963475127       0.21711648892658242        1.1166035400794314     
   273.47660938458705       0.88354862975506732       0.21642257846394036        1.0922674605900267     
   283.13635184814427       0.86943994470383090       0.21585912705259488        1.0700275200222433     
   293.13729579387660       0.85630935850545076       0.21540161367211394        1.0494629064829850     
   303.49136818478553       0.84387556364063598       0.21503012421286272        1.0302344724712715     
   314.21129214162710       0.83190803696945237       0.21472847685144625        1.0120716774000988     
   325.30973137660959       0.82022000010263796       0.21448354671397268       0.99476302248631243     
   336.80032369109853       0.80866062640577852       0.21428466481339573       0.97814450420533872     
   348.69678677735646       0.79711051388020138       0.21412317594529295       0.96209251550079777     
   361.01330816366544       0.78547668115469182       0.21399205101027119       0.94651578675486459     
   373.76502243504467       0.77148096554004597       0.21181681004776345       0.92778239286269537     
   386.96715283564077       0.75039648701616868       0.20319278195170701       0.89838091016130717     
   400.63544401132759       0.73081213129687617       0.19619028613266515       0.87223904487799153     
   414.78669160661980       0.71238025446234310       0.19050429872564775       0.84877708153334952     
   429.43761284149554       0.69482736286239499       0.18588741870145434       0.82753238597334322     
   444.60621081975989       0.67793912066025397       0.18213853796583354       0.80813406740867499     
   460.31059410826708       0.66155093660921083       0.17909450779067299       0.79028628822456115     
   476.56949149896485       0.64553831340821277       0.17662283117538644       0.77375253580884829     
   493.40288198244309       0.62980885911415174       0.17461584359953872       0.75834313013318155     
   510.83065126063684       0.61429743333950382       0.17298621972167103       0.74390690166915407     
   528.87421463804299       0.59895952057550750       0.17166297425502772       0.73032193789838806     
   547.55511287104378       0.58376825502862106       0.17058852046103770       0.71749055530478911     
   566.89562449487210       0.56871030203677064       0.16971609076619298       0.70533373359029217     
   586.91951519858117       0.55378236293074834       0.16900768273760078       0.69378672839916311     
   607.65068989177485       0.53898977285913852       0.16843246694189135       0.68279676755487406     
   629.11387223602765       0.52434389798049530       0.16796540605576712       0.67232009069760845     
   651.33543626567803       0.50985991102430994       0.16758615523071257       0.66231964680351052     
   674.34163286578985       0.49555658741204767       0.16727821301540105       0.65276441951292130     
   698.16073213207346       0.48145376825436964       0.16702816566034315       0.64362728522507273     
   722.82116976782140       0.45462185896502433       0.15391025475393447       0.61059089924752219     
   748.35235540965130       0.42679396494850369       0.13958845023331629       0.57559293286182300     
   774.78566186873422       0.40190287289809845       0.12795922513209504       0.54597914944776593     
   802.15264573967897       0.37946435653241417       0.11851648351978183       0.52080362634074640     
   830.48594444209971       0.35908768234416122       0.11084921273587034       0.49929037729488457     
   859.82037403360118       0.34045682288440554       0.10462343177860638       0.48080238048595098     
   890.19058800385733       0.32331737273298172        9.9568252848537320E-002  0.46481830446109657     
   921.63390537915473       0.30746285892593206        9.5463475854821636E-002  0.45091017948177958     
   954.18786380243341       0.29272658786555861        9.2130463707369159E-002  0.43872787152539156     
   987.89128659474920       0.27897320704005174        8.9424140934832655E-002  0.42798446530134876     
   1022.7855886411724       0.26609201148270978        8.7226621992783221E-002  0.41844448298218195     
   1058.9119914466876       0.25399301491365867        8.5442291395460460E-002  0.40991529148595535     
   1096.3148872627712       0.24260166590136772        8.3993424938625619E-002  0.40223843269495951     
   1135.0389283928459       0.23185662019204839        8.2816968944046818E-002  0.39528401337375402     
   1175.1302964981960       0.22170666721520210        8.1861716005215190E-002  0.38894517361101472     
   1216.6382559936744       0.21210831900019450        8.1086055966127141E-002  0.38313366730201898     
   1259.6123598874483       0.20302487018361032        8.0456232631867408E-002  0.37777686427373985     
   1304.1038583964914       0.19442468884020181        7.9944831785793410E-002  0.37281469586373428     
   1350.1674228314519       0.18627989225353089        7.9529577161462625E-002  0.36819722309593006     
   1397.8574692241625       0.15697230213972307        6.8224506404484450E-002  0.32242880331081369     
   1447.2325992722181       0.13122208440726107        5.7619875062155657E-002  0.28135336427911328     
   1498.3517579647787       0.11053706949999480        4.9009086915236109E-002  0.24812080703553688     
   1551.2759091786245        8.6200110817311160E-002   3.9858210408012157E-002  0.20019170857710641     
   1606.0700862978565        6.7071248917489917E-002   3.2364218487143159E-002  0.16107074795140572     
   1662.7990190437411        5.2213378605072518E-002   2.6279283870821894E-002  0.12963416438394787     
   1721.5324161293761        4.0669740981066876E-002   2.1338351024158608E-002  0.10436385899213241     
   1782.3403946248577        3.1698354749549379E-002   1.7326393925664121E-002   8.4044230820777596E-002
   1845.2954731357936        2.4723472013982870E-002   1.4068784778816529E-002   6.7700568075372655E-002
   1910.4750110852074        1.9298240676804336E-002   1.1423624386775846E-002   5.4550628879523347E-002
   1977.9568210713478        1.5076260326665505E-002   9.2757971766427080E-003   4.3967345887253949E-002
   2047.8213808026539        1.1788796687477747E-002   7.5318150268327000E-003   3.5447368444678919E-002
   2120.1545400970977        9.2272844914997737E-003   6.1157112835191806E-003   2.8586311689805039E-002
   2195.0417479108573        7.2300410207713616E-003   4.9658703470758583E-003   2.3059739114928736E-002
   2272.5750259096239        5.6715131715015278E-003   4.0322059431770578E-003   1.8606742007968548E-002
   2352.8469348264384        4.4543183799424443E-003   3.2740856349111570E-003   1.5017824765601030E-002
   2435.9532056335870        3.5028421150130047E-003   2.6585108443570398E-003   1.2124553410503249E-002
   2521.9959596104222        2.7583293932913850E-003   2.1586675602453757E-003   9.7913973066112263E-003
   2611.0779162676686        2.1751591848430895E-003   1.7528029443802102E-003   7.9094360602025744E-003
   2703.3053132971791        1.7178629995487655E-003   1.4232509944053973E-003   6.3910211330553976E-003
   2798.7914800504532        1.3588399793034857E-003   1.1556566557669764E-003   5.1655648846066892E-003
   2897.6492167059700        1.0766269575019564E-003   9.3837672385538231E-004   4.1763016823071529E-003
   3000.0000000000000        8.5449525705519433E-004   7.6194663541643073E-004   3.3774737331393879E-003
