         200   4370.0000000000000     
   3.0000000000000000        1.8814793368611374E-003   1.8548803235732387        9.0883793874558811E-004
   3.1059655287322618        2.0163772239218366E-003   1.8548803235732387        9.6902397917482625E-004
   3.2156739552243598        2.1608670165233499E-003   1.8548803235732387        1.0334138903375771E-003
   3.3292574962321346        2.3155991622582322E-003   1.8548803235732387        1.1023054967365918E-003
   3.4468529954360925        2.4812677443601665E-003   1.8548803235732387        1.1760175578322781E-003
   3.5686022069563790        2.6586149487239593E-003   1.8548803235732387        1.2548912660341393E-003
   3.6946518254059528        2.8484359111654767E-003   1.8548803235732387        1.3392916796785138E-003
   3.8251536998800524        3.0515846432886688E-003   1.8548803235732387        1.4296093680300599E-003
   3.9602651907155879        3.2689811260120274E-003   1.8548803235732387        1.5262622760355319E-003
   4.1001490688558144        3.5016187018757829E-003   1.8548803235732387        1.6296973938088721E-003
   4.2449739038313119        3.7505733299949594E-003   1.8548803235732387        1.7403929006728667E-003
   4.3949142193596993        4.0170136732936472E-003   1.8548803235732387        1.8588603038354563E-003
   4.5501507036585132        4.3022125421902490E-003   1.8548803235732387        1.9856467862612920E-003
   4.7108703059600501        4.6075594695415461E-003   1.8548803235732387        2.1213376479011048E-003
   4.8772669425686850        4.9345758889904872E-003   1.8548803235732387        2.2665594801464647E-003
   5.0495410155906377        5.2849295749892071E-003   1.8548803235732387        2.4219825741704955E-003
   5.2279001269311909        5.6604529665496006E-003   1.8548803235732387        2.5883246007260790E-003
   5.4125592113782046        6.0631621367135949E-003   1.8548803235732387        2.7663541010185008E-003
   5.6037407956130689        6.4952778728528454E-003   1.8548803235732387        2.9568944109685980E-003
   5.8016752663703963        6.9592488175070355E-003   1.8548803235732387        3.1608279567459925E-003
   6.0066011480696169        7.4577768763617533E-003   1.8548803235732387        3.3791009591525433E-003
   6.2187653902530293        7.9938451471521337E-003   1.8548803235732387        3.6127285869759765E-003
   6.4384236651766908        8.5707486804579465E-003   1.8548803235732387        3.8628006020761793E-003
   6.6658406759127811        9.1921284517334900E-003   1.8548803235732387        4.1304875417752266E-003
   6.9012904753346884        9.8620090049820579E-003   1.8548803235732387        4.4170474871750593E-003
   7.1450567963692624        1.0584840324022298E-002   1.8548803235732387        4.7238334694143938E-003
   7.3974330131920443        1.1365543396219778E-002   1.8548803235732387        5.0523010658590217E-003
   7.6587243988323896        1.2209568688218479E-002   1.8548803235732387        5.4040197733303688E-003
   7.9292442763577622        1.3122941808696623E-002   1.8548803235732387        5.7806770650973638E-003
   8.2093202460023029        1.4112349443503525E-002   1.8548803235732387        6.1840968819796525E-003
   8.4992881560440416        1.5185193514929274E-002   1.8548803235732387        6.6162422033915593E-003
   8.7994991583321234        1.6349701227305478E-002   1.8548803235732387        7.0792372299273718E-003
   9.1103132457223861        1.7614998203495384E-002   1.8548803235732387        7.5753708354936210E-003
   9.4321068148357909        1.8991249000432392E-002   1.8548803235732387        8.1071225681718477E-003
   9.7652657388916850        2.0489755705201187E-002   1.8548803235732387        8.6771672004327012E-003
   10.110193474162946        2.2123137402801526E-002   1.8548803235732387        9.2884052322724734E-003
   10.467303634806061        2.3905460792531374E-002   1.8548803235732387        9.9439688202175858E-003
   10.837027566606025        2.5852460540237522E-002   1.8548803235732387        1.0647255453084925E-002
   11.219811965471335        2.7981736361895472E-002   1.8548803235732387        1.1401946420659535E-002
   11.616115840724994        3.0312963320733594E-002   1.8548803235732387        1.2212024902546586E-002
   12.026419117330413        3.2868190093188095E-002   1.8548803235732387        1.3081819878472106E-002
   12.451213803399156        3.5672054900146188E-002   1.8548803235732387        1.4016017304842018E-002
   12.891014326336300        3.8752133728863603E-002   1.8548803235732387        1.5019714152182204E-002
   13.346348065368609        4.2139172074246764E-002   1.8548803235732387        1.6098432679162129E-002
   13.817766430769083        4.5867463310321627E-002   1.8548803235732387        1.7258184299186227E-002
   14.305834715756038        4.9975073494538641E-002   1.8548803235732387        1.8505487689215436E-002
   14.811143972217785        5.4504231411175885E-002   1.8548803235732387        1.9847444328670322E-002
   15.334300133051286        5.9501522443315635E-002   1.8548803235732387        2.1291761275486092E-002
   15.875936741648431        6.5018275838268136E-002   1.8548803235732387        2.2846840493550950E-002
   16.436703292225193        7.1110709447168324E-002   1.8548803235732387        2.4521807195810884E-002
   17.017278874447534        7.7840308408486367E-002   1.8548803235732387        2.6326615353969976E-002
   17.618359675531394        8.5273907688406633E-002   1.8548803235732387        2.8272082540064827E-002
   18.240671728221173        9.3484031758264696E-002   1.8548803235732387        3.0370007834999890E-002
   18.884968846184627       0.10254904654964639        1.8548803235732387        3.2633253355439040E-002
   19.552019805756849       0.11255308542848522        1.8548803235732387        3.5075790994058866E-002
   20.242632201214423       0.12358642828456995        1.8547507602351037        3.7712863126516408E-002
   20.957638264717446       0.13574524558785059        1.8544261060677460        4.0561068389032819E-002
   21.697899624358065       0.14913145390163041        1.8541624918393083        4.3638562246403521E-002
   22.464312967141105       0.16385240685940033        1.8539484399677202        4.6965097788501130E-002
   23.257792778673313       0.18001986913658166        1.8537746342570873        5.0562131537763878E-002
   24.079299719823517       0.19774953470753090        1.8536335066729885        5.4453093218727391E-002
   24.929823759061236       0.21715928202065893        1.8535189132288437        5.8663470057995382E-002
   25.810395145829254       0.23836753091435151        1.8534258646049657        6.3221025123136473E-002
   26.722064579292049       0.26149038298140781        1.8533503110390164        6.8155867310002657E-002
   27.665935811728254       0.28663953293629751        1.8532889626966997        7.3500800871605515E-002
   28.643146268414043       0.31391846433633402        1.8532391487791477        7.9291412540590522E-002
   29.654879655490589       0.34341903337432711        1.8531987004226753        8.5566331466231549E-002
   30.702343174827575       0.37511202881512445        1.8398252214366804        9.2320817669177629E-002
   31.786804983723918       0.40911368587748442        1.8229591970414769        9.9626477619029555E-002
   32.909571928103169       0.44550783963274326        1.8092642426721974       0.10755508982238350     
   34.072004028335677       0.48429654517977244        1.7981440894413789       0.11615829929365860     
   35.275488300232773       0.52544983119361355        1.7891147540737657       0.12549147444198927     
   36.521481794408061       0.56890428686983596        1.7817830715772272       0.13561405971250209     
   37.811486012809581       0.61456026614815584        1.7758298572993858       0.14658935896772765     
   39.147055493126302       0.66228131396085577        1.7709959381744471       0.15848448604948406     
   40.529808025860810       0.71189491269686567        1.7670708486907356       0.17137024552562796     
   41.961393513511240       0.76319308580881140        1.7638837568799823       0.18532050293091396     
   43.443545167355794       0.81593734676702068        1.7612958869767852       0.20041218658230200     
   44.978049075047366       0.86986208647428687        1.7591945761161163       0.21672437893547550     
   46.566763998623138       0.92468103830229464        1.7574883346693642       0.23433772526821930     
   48.211585595230147       0.98009297932029737        1.7561029017602050       0.25333306815467643     
   49.914505239722644        1.0357916614135285        1.7549779513849415       0.27379097417243542     
   51.677575059319224        1.0914732322165761        1.7540645088512452       0.29579008695345382     
   53.502930680545909        1.1468460820459658        1.7533228034998902       0.31940603473236978     
   55.392750120602578        1.2016389279255060        1.7527205540324311       0.34470947776943844     
   57.349321371645829        1.2556120932636703        1.7522315366574686       0.37176559491637057     
   59.375002227322796        1.3085651241425249        1.7518344620132666       0.40063230183929305     
   61.472246417894510        1.3603457118063635        1.7515120417430958       0.43135956911152257     
   63.643556378429672        1.4108558661235173        1.7512502431250221       0.46398801592563582     
   65.891560899834928        1.4600600337681902        1.7510376666431833       0.49854978458345217     
   68.218968971510208        1.5079888195470965        1.7508650577846552       0.53506814725050234     
   70.628585269218178        1.5523710427468425        1.7500231672298419       0.57236939381651031     
   73.123328588587739        1.5892985286528725        1.7475149758426796       0.60835327372134440     
   75.706175661273647        1.6259817266588303        1.7454783761006893       0.64648696506573800     
   78.380253523498894        1.6626140496583424        1.7438246881964330       0.68672351227370576     
   81.148784610322849        1.6994657307723184        1.7424819188597471       0.72902379675541995     
   84.015122474940881        1.7368780336360841        1.7413916048378861       0.77335992680345766     
   86.982687236203873        1.7752546314703945        1.7405062923107004       0.81971718100842805     
   90.055071705548812        1.8150536694654869        1.7397874320518636       0.86809848460241501     
   93.235978303002270        1.8567760762002217        1.7392037284942325       0.91852596480058435     
   96.529260096906100        1.9009537396069009        1.7387297675866362       0.97104364116103214     
   99.938826062156153        1.9481344218702068        1.7383449231454047        1.0257173248409688     
   103.46886588546354        1.9988697774589157        1.7380324316133753        1.0826388891592431     
   107.12359379692580        2.0536957311132760        1.7377786935725985        1.1419220227289488     
   110.90736836557576        2.1131171846665122        1.7375726646091119        1.2037031372484446     
   114.82483910697920        2.1775932697479838        1.7374053702440515        1.2681419334574033     
   118.88068277378797        2.2475161947592861        1.7372695299409657        1.3354144248097004     
   123.07973629915718        2.3231968214167207        1.7371592310013304        1.4057116181548339     
   127.42715949490271        2.4048526605490408        1.7370696688797600        1.4792380631151898     
   131.92808807993632        2.4925882796278875        1.7369969466698143        1.5562011276632830     
   136.58805281121437        2.5863923500750223        1.7369378966424116        1.6368125619010743     
   141.41261684513370        2.6861227782530341        1.7368899489807204        1.7212762126115697     
   146.40753387824964        2.7915051268580608        1.7368510166747471        1.8097840684669035     
   151.57894168226974        2.7974413149953636        1.7101443563957830        1.8384447349140718     
   156.93294936957258        2.5941873560985163        1.6327738306595487        1.7334539549595223     
   162.47613596373097        2.4324163169066924        1.5699493968606388        1.6463446861799795     
   168.21511902855468        2.3046987802514365        1.5189369785662610        1.5746020058913630     
   174.15674278185460        2.2050498731629298        1.4775161666385994        1.5162547253353018     
   180.30830831190286        2.1286110868637800        1.4438826992156437        1.4697717574287175     
   186.67715947709803        2.0714073628868070        1.4165728707759322        1.4339792333227266     
   193.27089166569760        2.0301471657985934        1.3943979709103773        1.4079830388053192     
   200.09760727912413        2.0020709829467460        1.3763920763485253        1.3911035338456186     
   207.16537088595135        1.9848388183094972        1.3617717388469488        1.3828210189142272     
   214.48286737908427        1.9764400389466315        1.3499001066362883        1.3827256282195404     
   222.05883252794877        1.9751298621193272        1.3402605343942975        1.3904776967355290     
   229.90230130529540        1.9793801478675170        1.3324334420460218        1.4057744908113989     
   238.02291179328489        1.9878447180817498        1.3260778868731367        1.4283266431161710     
   246.43025707061713        1.9993333968880223        1.3209173345152183        1.4578398539864554     
   255.13466811288930        2.0127944006391760        1.3167269948879425        1.4940072298668625     
   264.14653641505117        2.0273002333028138        1.3133245072738666        1.5365032717457654     
   273.47660938458705        2.0420383124749870        1.3105617721544449        1.5849856015751409     
   283.13635184814427        2.0563041452692348        1.3083184467024946        1.6391014884684254     
   293.13729579387660        2.0694942785562795        1.3064969029271649        1.6984909953061469     
   303.49136818478553        2.0811016491007623        1.3050178547922460        1.7627959810562264     
   314.21129214162710        2.0907110010546712        1.3038168759859989        1.8316702021790991     
   325.30973137660959        2.0979930170409928        1.3028417111354391        1.9047806071892186     
   336.80032369109853        2.1027000278336421        1.3020498827354916        1.9818193764843459     
   348.69678677735646        2.1046598344585319        1.3014069309552185        2.0625020058625885     
   361.01330816366544        2.1037702498587518        1.3008848701382707        2.1465721805192972     
   373.76502243504467        2.0770213438256802        1.2711813177010822        2.2101289937894588     
   386.96715283564077        1.9715612447799644        1.1500033186106717        2.1912667152303671     
   400.63544401132759        1.8760516819248025        1.0516098042877591        2.1782104273329668     
   414.78669160661980        1.7889272255302624       0.97171482143737675        2.1713225725336232     
   429.43761284149554        1.7088815753289017       0.90684208712565972        2.1709813251716019     
   444.60621081975989        1.6348267011445643       0.85416579000426174        2.1775056214252255     
   460.31059410826708        1.5658700511563717       0.81139349361466029        2.1911121942689840     
   476.56949149896485        1.5012844743947493       0.77666345524941205        2.2119000439241074     
   493.40288198244309        1.4404818122261984       0.74846285850602867        2.2398571401012299     
   510.83065126063684        1.3829962131820950       0.72556467698452498        2.2748763807680730     
   528.87421463804299        1.3284587377851100       0.70697148176678570        2.3167811269090435     
   547.55511287104378        1.2765848520882070       0.69187410970112739        2.3653451809428883     
   566.89562449487210        1.2271569534985121       0.67961541995768271        2.4203131242233549     
   586.91951519858117        1.1800094372987011       0.66966143250677923        2.4814175678235659     
   607.65068989177485        1.1350207259734608       0.66157895661582400        2.5483855561014179     
   629.11387223602765        1.0921016009032907       0.65501618768655845        2.6209464406617800     
   651.33543626567803        1.0511855439899522       0.64968725605256905        2.6988377137902537     
   674.34163286578985        1.0122253951104396       0.64536029641475867        2.7817993020368870     
   698.16073213207346       0.97518387457427480       0.64184682940998683        2.8695796957144490     
   722.82116976782140       0.93431671937059235       0.63319630955706185        2.9482768682525804     
   748.35235540965130       0.89474989215360157       0.62452462227855710        3.0296289367033986     
   774.78566186873422       0.85819012668312511       0.61748326075013138        3.1176220753266084     
   802.15264573967897       0.82439615910218611       0.61176578972922846        3.2115936580016924     
   830.48594444209971       0.79316452782522340       0.60712334579543714        3.3109321869313462     
   859.82037403360118       0.76432032738835132       0.60335370730832216        3.4150678367998810     
   890.19058800385733       0.73771319642632338       0.60029285483296979        3.5234526819427625     
   921.63390537915473       0.71320945343627240       0.59780745975679395        3.6355607388049571     
   954.18786380243341       0.69069039204438187       0.59578935938427846        3.7508705609445734     
   987.89128659474920       0.67004815374227311       0.59415071219255411        3.8688614346804981     
   1022.7855886411724       0.65118274136352872       0.59282013984557136        3.9890111489302886     
   1058.9119914466876       0.63400188268895885       0.59173974827066977        4.1107803476040292     
   1096.3148872627712       0.61841787096780987       0.59086247635958533        4.2336189076061634     
   1135.0389283928459       0.60434800968096991       0.59015014583816117        4.3569517229044878     
   1175.1302964981960       0.59171313968882677       0.58957175121299255        4.4801797863499493     
   1216.6382559936744       0.58043667872358418       0.58910209801505264        4.6026824412587777     
   1259.6123598874483       0.57044506825901953       0.58872074725806112        4.7238076798059279     
   1304.1038583964914       0.56166690913498407       0.58841109995036822        4.8428771217820605     
   1350.1674228314519       0.55403245016395053       0.58815966806984155        4.9591923548392689     
   1397.8574692241625       0.47100984240224847       0.49482831024027202        4.4600851478740289     
   1447.2325992722181       0.39340273658428870       0.40518769873839389        3.9861528205078582     
   1498.3517579647787       0.32988151275494454       0.33240098036167715        3.5969140982310734     
   1551.2759091786245       0.26480823731698960       0.27000189917025674        2.9884957594714328     
   1606.0700862978565       0.21260006133225953       0.21923715006866468        2.4722899818026720     
   1662.7990190437411       0.17095814882706198       0.17801743935121311        2.0421194398669122     
   1721.5324161293761       0.13768201119449125       0.14454726498524048        1.6841143884103498     
   1782.3403946248577       0.11104311096983188       0.11737002785154896        1.3865981329299799     
   1845.2954731357936        8.9680084429190898E-002   9.5302788821006970E-002   1.1397298293627585     
   1910.4750110852074        7.2518305383884998E-002   7.7384314254538483E-002  0.93521314450364612     
   1977.9568210713478        5.8709106090546401E-002   6.2834804382190537E-002  0.76607241913311297     
   2047.8213808026539        4.7580326417926165E-002   5.1020965081641355E-002  0.62643830477566609     
   2120.1545400970977        3.8598274719271991E-002   4.1428193700217268E-002  0.51137272215694030     
   2195.0417479108573        3.1339057138152646E-002   3.3639102483994647E-002  0.41673446948607584     
   2272.5750259096239        2.5464615225274167E-002   2.7314404017611198E-002  0.33904533379432045     
   2352.8469348264384        2.0705306557749697E-002   2.2178851745294860E-002  0.27539480405027289     
   2435.9532056335870        1.6845408986419501E-002   1.8008911328262548E-002  0.22334813055110608     
   2521.9959596104222        1.3711905001649856E-002   1.4622943051811310E-002  0.18087085426208885     
   2611.0779162676686        1.1165985432481344E-002   1.1873591890084981E-002  0.14626942554091157     
   2703.3053132971791        9.0959648967966766E-003   9.6411872874293900E-003  0.11813543628574044     
   2798.7914800504532        7.4117741959671994E-003   7.8284872464597123E-003   9.5299633912584128E-002
   2897.6492167059700        6.0407914660686483E-003   6.3566200033703928E-003   7.6795541876382559E-002
   3000.0000000000000        4.9242418295735767E-003   5.1614720410896545E-003   6.1824507626123827E-002
