         200   4370.0000000000000     
   3.0000000000000000        1.7307796518875977E-003   9.8058916059252610        8.3702577102700312E-004
   3.1059655287322618        1.8545218337908734E-003   9.8058916059252610        8.9244282233878324E-004
   3.2156739552243598        1.9869890221104356E-003   9.8058916059252610        9.5172727600464154E-004
   3.3292574962321346        2.1287586268189215E-003   9.8058916059252610        1.0151524054712252E-003
   3.4468529954360925        2.2804447755879072E-003   9.8058916059252610        1.0830105416313332E-003
   3.5686022069563790        2.4427020729523275E-003   9.8058916059252610        1.1556144077451633E-003
   3.6946518254059528        2.6162297020504515E-003   9.8058916059252610        1.2332983874962183E-003
   3.8251536998800524        2.8017765081983169E-003   9.8058916059252610        1.3164199806333346E-003
   3.9602651907155879        3.0001471426015698E-003   9.8058916059252610        1.4053614526874422E-003
   4.1001490688558144        3.2122084696674801E-003   9.8058916059252610        1.5005312963278412E-003
   4.2449739038313119        3.4388976608635230E-003   9.8058916059252610        1.6023661203625730E-003
   4.3949142193596993        3.6812310264354949E-003   9.8058916059252610        1.7113325242987304E-003
   4.5501507036585132        3.9403140543713914E-003   9.8058916059252610        1.8279291556081059E-003
   4.7108703059600501        4.2173524408015885E-003   9.8058916059252610        1.9526888429197131E-003
   4.8772669425686850        4.5136654336458085E-003   9.8058916059252610        2.0861813932145294E-003
   5.0495410155906377        4.8306984425382877E-003   9.8058916059252610        2.2290156743238311E-003
   5.2279001269311909        5.1700390909295135E-003   9.8058916059252610        2.3818428559953383E-003
   5.4125592113782046        5.5334337516048668E-003   9.8058916059252610        2.5453594665142327E-003
   5.6037407956130689        5.9228058728513127E-003   9.8058916059252610        2.7203108368154833E-003
   5.8016752663703963        6.3402760243484657E-003   9.8058916059252610        2.9074948745566364E-003
   6.0066011480696169        6.7881838222768219E-003   9.8058916059252610        3.1077662021335955E-003
   6.2187653902530293        7.2691119328610202E-003   9.8058916059252610        3.3220406947422616E-003
   6.4384236651766908        7.7859124019479210E-003   9.8058916059252610        3.5513004567529743E-003
   6.6658406759127811        8.3417356162098066E-003   9.8058916059252610        3.7965992769333759E-003
   6.9012904753346884        8.9400622703383597E-003   9.8058916059252610        4.0590686055020997E-003
   7.1450567963692624        9.5847387955659107E-003   9.8058916059252610        4.3399240987103474E-003
   7.3974330131920443        1.0280015728929866E-002   9.8058916059252610        4.6404723188343067E-003
   7.6587243988323896        1.1030597177755636E-002   9.8058916059252610        4.9621208681721622E-003
   7.9292442763577622        1.1841678431706309E-002   9.8058916059252610        5.3063818067569067E-003
   8.2093202460023029        1.2719018873801440E-002   9.8058916059252610        5.6748882422637242E-003
   8.4992881560440416        1.3668986080298208E-002   9.8058916059252610        6.0693963350933822E-003
   8.7994991583321234        1.4698648851845176E-002   9.8058916059252610        6.4918051861044893E-003
   9.1103132457223861        1.5815836815508098E-002   9.8058916059252610        6.9441595811420512E-003
   9.4321068148357909        1.7029258826642486E-002   9.8058916059252610        7.4286732677274325E-003
   9.7652657388916850        1.8348583446939529E-002   9.8058916059252610        7.9477326190652009E-003
   10.110193474162946        1.9784589796762810E-002   9.8058916059252610        8.5039238959552284E-003
   10.467303634806061        2.1349274340555092E-002   9.8058916059252610        9.1000380653813960E-003
   10.837027566606025        2.3056035549232700E-002   9.8058916059252610        9.7391008102151351E-003
   11.219811965471335        2.4919836939557207E-002   9.8058916059252610        1.0424388617644491E-002
   11.616115840724994        2.6957380749707421E-002   9.8058916059252610        1.1159444464434565E-002
   12.026419117330413        2.9187357554385882E-002   9.8058916059252610        1.1948116852126284E-002
   12.451213803399156        3.1630622982634672E-002   9.8058916059252610        1.2794569039080435E-002
   12.891014326336300        3.4310489179090541E-002   9.8058916059252610        1.3703327042056282E-002
   13.346348065368609        3.7252914112830895E-002   9.8058916059252610        1.4679291484392532E-002
   13.817766430769083        4.0486818130241353E-002   9.8058916059252610        1.5727794233914971E-002
   14.305834715756038        4.4044266809502464E-002   9.8058916059252610        1.6854613493083658E-002
   14.811143972217785        4.7960797176851991E-002   9.8058916059252610        1.8066040675721758E-002
   15.334300133051286        5.2275574019955598E-002   9.8058916059252610        1.9368899439075611E-002
   15.875936741648431        5.7031713718336048E-002   9.8058916059252610        2.0770624630528478E-002
   16.436703292225193        6.2276398816643930E-002   9.8058916059252610        2.2279286006828568E-002
   17.017278874447534        6.8061194736691477E-002   9.8058916059252610        2.3903681309876492E-002
   17.618359675531394        7.4442111869474636E-002   9.8058916059252610        2.5653365427856251E-002
   18.240671728221173        8.1479889580037088E-002   9.8058916059252610        2.7538754083935139E-002
   18.884968846184627        8.9240119588170005E-002   9.8058916059252610        2.9571194432672213E-002
   19.552019805756849        9.7793177882879015E-002   9.8058916059252610        3.1763004163718488E-002
   20.242632201214423       0.10721454677107602        9.8056681236203165        3.4127634134614157E-002
   20.957638264717446       0.11758459669874771        9.8051330594275985        3.6679719052473046E-002
   21.697899624358065       0.12898846848650836        9.8047277347535040        3.9435194849906811E-002
   22.464312967141105       0.14151582076747632        9.8044206894700192        4.2411430298092016E-002
   23.257792778673313       0.15525997447618173        9.8041880964730499        4.5627277155596876E-002
   24.079299719823517       0.17031752917390172        9.8040119013884652        4.9103306160546582E-002
   24.929823759061236       0.18678691466328945        9.8038784291505383        5.2861876364738568E-002
   25.810395145829254       0.20476704044530891        9.8037773200304894        5.6927323536265451E-002
   26.722064579292049       0.22435492465480417        9.8037007278321457        6.1326015330223312E-002
   27.665935811728254       0.24564398808583476        9.8036427073025454        6.6086654829904154E-002
   28.643146268414043       0.26872090507460333        9.8035987552822625        7.1240348903131231E-002
   29.654879655490589       0.29366279388341626        9.8035654603426980        7.6820829427680773E-002
   30.702343174827575       0.32040738730064505        9.7916271707885620        8.2809312010964031E-002
   31.786804983723918       0.34908418671411828        9.7774048832970841        8.9280781793295114E-002
   32.909571928103169       0.37978291260695324        9.7666311404063446        9.6304796191416270E-002
   34.072004028335677       0.41250394512537497        9.7584697153772133       0.10392503570799201     
   35.275488300232773       0.44722194824559436        9.7522872712584245       0.11218860081380884     
   36.521481794408061       0.48388464253393199        9.7476039132956789       0.12114625507159826     
   37.811486012809581       0.52241042785264691        9.7440561510537371       0.13085217410324101     
   39.147055493126302       0.56268788792222790        9.7413686313242600       0.14136385136952387     
   40.529808025860810       0.60457640821280723        9.7393327566046537       0.15274194981314948     
   41.961393513511240       0.64790666428089749        9.7377905404301792       0.16504971025334503     
   43.443545167355794       0.69248476372856771        9.7366222726282974       0.17835292516188006     
   44.978049075047366       0.73809504948756721        9.7357372801871769       0.19271911684896206     
   46.566763998623138       0.78450547755477196        9.7350668725551461       0.20821700494935055     
   48.211585595230147       0.83147231771206498        9.7345590252482346       0.22491530248911587     
   49.914505239722644       0.87874840274778265        9.7341743180542384       0.24288230784420639     
   51.677575059319224       0.92608921887953422        9.7338828926138223       0.26218447528519440     
   53.502930680545909       0.97326101650177377        9.7336621293277510       0.28288548417098086     
   55.392750120602578        1.0200473828140952        9.7334948966846255       0.30504456361379007     
   57.349321371645829        1.0662584998914677        9.7333682137230237       0.32871608562081778     
   59.375002227322796        1.1117372447568297        9.7332722481719198       0.35394804908972943     
   61.472246417894510        1.1563663655679906        9.7331995514630165       0.38078152418273808     
   63.643556378429672        1.2000732588526619        9.7331444822393536       0.40924945404234903     
   65.891560899834928        1.2428363933278623        9.7331027659080718       0.43937742980856515     
   68.218968971510208        1.2846879176181214        9.7330711647308163       0.47118333083347197     
   70.628585269218178        1.3225528887433220        9.7318085817769706       0.50311260635738053     
   73.123328588587739        1.3516172645881963        9.7277392880641624       0.53263220030270086     
   75.706175661273647        1.3815154589875220        9.7246567159774617       0.56438023445645635     
   78.380253523498894        1.4121896165734256        9.7223215895694484       0.59822240409628524     
   81.148784610322849        1.4436861477978102        9.7205526721887132       0.63404896722179693     
   84.015122474940881        1.4761414196652862        9.7192126655881879       0.67177368705346685     
   86.982687236203873        1.5097668494657022        9.7181975835533034       0.71133228795787273     
   90.055071705548812        1.5448361623326676        9.7174286332094137       0.75268364562109402     
   93.235978303002270        1.5816707499089617        9.7168461338537124       0.79580890777735469     
   96.529260096906100        1.6206260964415780        9.7164048735721789       0.84071184525146592     
   99.938826062156153        1.6620763960181903        9.7160706117262414       0.88741695757959205     
   103.46886588546354        1.7064028233453707        9.7158173968915165       0.93597135187377845     
   107.12359379692580        1.7539758766054803        9.7156255805585960       0.98643929766535066     
   110.90736836557576        1.8051421987947671        9.7154802765640760        1.0389010630394326     
   114.82483910697920        1.8602123169174272        9.7153702037950946        1.0934512149713174     
   118.88068277378797        1.9194432459967050        9.7152868210227812        1.1501901845776439     
   123.07973629915718        1.9830271450987240        9.7152236572154980        1.2092201900126520     
   127.42715949490271        2.0510820359651309        9.7151758084609394        1.2706404093312600     
   131.92808807993632        2.1236361903704299        9.7151395622505028        1.3345336558028453     
   136.58805281121437        2.2006263343080543        9.7151121045005517        1.4009624752087726     
   141.41261684513370        2.2818858068208727        9.7150913045939795        1.4699527558955154     
   146.40753387824964        2.3671435837347095        9.7150755483261833        1.5414833158292749     
   151.57894168226974        2.4560270581218289        9.7150636124118641        1.6154747776941847     
   156.93294936957258        2.5480573705259535        9.7150545707624918        1.6917687941192285     
   162.47613596373097        2.6426633516512359        9.7150477214023887        1.7701198524537773     
   168.21511902855468        2.7391824429538674        9.7150425328472210        1.8501741495688686     
   174.15674278185460        2.5584156438430652        9.6317599519328763        1.7552507948651592     
   180.30830831190286        2.3183552604644349        9.5370410047697582        1.6091215470966773     
   186.67715947709803        2.1369603186433856        9.4652891221301907        1.4878979789383400     
   193.27089166569760        2.0012148608317926        9.4109359030783146        1.3870662444167203     
   200.09760727912413        1.9009346454268408        9.3697614718783839        1.3032327111936217     
   207.16537088595135        1.8281084560005660        9.3385711700212131        1.2337887324403682     
   214.48286737908427        1.7763892026102608        9.3149434445557233        1.1766329800231874     
   222.05883252794877        1.7407270859570043        9.2970448737268061        1.1299736863277392     
   229.90230130529540        1.7170846582606996        9.2834864149771494        1.0921849256499891     
   238.02291179328489        1.7022235759774436        9.2732154165578446        1.0617262515765327     
   246.43025707061713        1.6935436079370627        9.2654349680674652        1.0371204109243375     
   255.13466811288930        1.6889560993392880        9.2595410109723471        1.0169665818841294     
   264.14653641505117        1.6867881778759077        9.2550761965879609       0.99998284668923321     
   273.47660938458705        1.6857068974919240        9.2516940270150627       0.98505144990823379     
   283.13635184814427        1.6846600637682372        9.2491319173403070       0.97125609237626165     
   293.13729579387660        1.6828293046850664        9.2471910575841889       0.95790297291751558     
   303.49136818478553        1.6795924583952209        9.2457208247262610       0.94451975422135837     
   314.21129214162710        1.6744929733014042        9.2446070728140111       0.93083641776242754     
   325.30973137660959        1.6672152682981443        9.2437633876112351       0.91675478469684768     
   336.80032369109853        1.6575634688133656        9.2431242670781142       0.90230903822160791     
   348.69678677735646        1.6454444090869558        9.2426401178887598       0.88762787200930227     
   361.01330816366544        1.6308524458598956        9.2422733669969883       0.87289841886846586     
   373.76502243504467        1.6040038159963448        8.9078849263300590       0.83859546314069267     
   386.96715283564077        1.5435142690321315        7.5839588382238858       0.73737489304275261     
   400.63544401132759        1.4875333902076520        6.5810632760712835       0.64607792106000095     
   414.78669160661980        1.4347381112330557        5.8213354247147810       0.56536210125905018     
   429.43761284149554        1.3841591010685403        5.2458292107243594       0.49526432749506805     
   444.60621081975989        1.3350998869685982        4.8098634772048987       0.43529653353008096     
   460.31059410826708        1.2870804254796497        4.4796089390869547       0.38461993740874856     
   476.56949149896485        1.2397866336767969        4.2294357506931757       0.34220764409308785     
   493.40288198244309        1.1930298468168465        4.0399209636524622       0.30697406109399994     
   510.83065126063684        1.1467195977880891        3.8963604276128168       0.27786657613809801     
   528.87421463804299        1.1008343182534703        3.7876083883168077       0.25391455537342100     
   547.55511287104378        1.0554054071662025        3.7052261005687770       0.23425815977399958     
   566.89562449487210        1.0104998680886559        3.6428201766091788       0.21815588865429281     
   586.91951519858117       0.96620637561193279        3.5955455447223019       0.20498211882671893     
   607.65068989177485       0.92262882006669966        3.5597338730286117       0.19421962279104554     
   629.11387223602765       0.87987722412878666        3.5326059487906156       0.18544678735318190     
   651.33543626567803       0.83806061012322253        3.5120556139692414       0.17832401213887270     
   674.34163286578985       0.79728633628911094        3.4964884008307995       0.17258108255005175     
   698.16073213207346       0.75765314097368519        3.4846957019341147       0.16800420390250587     
   722.82116976782140       0.71707536115621229        3.4735859693273397       0.16155247543731918     
   748.35235540965130       0.67774258604452087        3.4645731532591646       0.15592219223850104     
   774.78566186873422       0.64033836585308901        3.4577456353754044       0.15179927086471431     
   802.15264573967897       0.60479092531754608        3.4525736262200217       0.14890958568436560     
   830.48594444209971       0.57105010452586835        3.4486557450966320       0.14704760727743002     
   859.82037403360118       0.53907911127716046        3.4456878155134714       0.14606021893933385     
   890.19058800385733       0.50885227626378715        3.4434395605433021       0.14583450247781496     
   921.63390537915473       0.48034867510810836        3.4417364301454096       0.14628830935485115     
   954.18786380243341       0.45355262331384283        3.4404462678696643       0.14736330181171856     
   987.89128659474920       0.42845144309539301        3.4394689489449637       0.14901968863840406     
   1022.7855886411724       0.40503439740774033        3.4387285962753893       0.15123244393842425     
   1058.9119914466876       0.38329512601576327        3.4381677670769859       0.15398829870174285     
   1096.3148872627712       0.36323040227740622        3.4377429196871150       0.15728386527811314     
   1135.0389283928459       0.34484349272002457        3.4374210875619644       0.16112392182096524     
   1175.1302964981960       0.32814529858913227        3.4371772944884946       0.16552041982069973     
   1216.6382559936744       0.31315634721301816        3.4369926128577521       0.17049194638016424     
   1259.6123598874483       0.29991096486674357        3.4368527120766430       0.17606294991296850     
   1304.1038583964914       0.28846005398355945        3.4367467349576821       0.18226360841302772     
   1350.1674228314519       0.27887470102278128        3.4366664536483356       0.18912999107237038     
   1397.8574692241625       0.22792746996548160        2.7128234442391808       0.16290003331944086     
   1447.2325992722181       0.18514390782824339        2.0578381492266584       0.13902373416455388     
   1498.3517579647787       0.15265988325215504        1.5616710208329556       0.12072661355313638     
   1551.2759091786245       0.11387740890653009        1.1830848178958453        9.5968865076791116E-002
   1606.0700862978565        8.5402674531580292E-002  0.89621522988597579        7.6195932465528374E-002
   1662.7990190437411        6.4698742549901461E-002  0.67890684740431273        6.0616004546180151E-002
   1721.5324161293761        4.9559851927750379E-002  0.51428828019259232        4.8313458035950232E-002
   1782.3403946248577        3.8414892423515992E-002  0.38958575267681722        3.8578870917631632E-002
   1845.2954731357936        3.0143486017533284E-002  0.29512155821889413        3.0860805175441545E-002
   1910.4750110852074        2.3945892112989250E-002  0.22356168479438601        2.4729436495519865E-002
   1977.9568210713478        1.9251171098667502E-002  0.16935335801877913        1.9849395961343864E-002
   2047.8213808026539        1.5651102945250312E-002  0.12828966810181380        1.5958198719137145E-002
   2120.1545400970977        1.2853396118327960E-002   9.7182511896611520E-002   1.2849863148302672E-002
   2195.0417479108573        1.0648676973432962E-002   7.3618334719612696E-002   1.0362648409766433E-002
   2272.5750259096239        8.8864905386178746E-003   5.5767660759863599E-002   8.3690522284153197E-003
   2352.8469348264384        7.4585801189332281E-003   4.2245345517150035E-002   6.7685320007737594E-003
   2435.9532056335870        6.2867084473982896E-003   3.2001971609211532E-002   5.4815736947781291E-003
   2521.9959596104222        5.3140044387390076E-003   2.4242263875521305E-002   4.4451418986588675E-003
   2611.0779162676686        4.4988821945823234E-003   1.8364098468271941E-002   3.6092444234286287E-003
   2703.3053132971791        3.8105928002791140E-003   1.3911292489531876E-002   2.9341226805339516E-003
   2798.7914800504532        3.2260759619240605E-003   1.0538138946530239E-002   2.3880844471114780E-003
   2897.6492167059700        2.7277894906787828E-003   7.9829202306768467E-003   1.9458671099487020E-003
   3000.0000000000000        2.3020796102943678E-003   6.0472542470977079E-003   1.5872575313397505E-003
