         200   4370.0000000000000     
   3.0000000000000000        5.9281709399424546E-003  0.12394619052039753        5.3592037943533946E-003
   3.1059655287322618        6.4020944537627727E-003  0.12394619052039753        5.8300396740053996E-003
   3.2156739552243598        6.9146000179642663E-003  0.12394619052039753        6.3448319211197217E-003
   3.3292574962321346        7.4684283428745214E-003  0.12394619052039753        6.9077346664636529E-003
   3.4468529954360925        8.0664306025516538E-003  0.12394619052039753        7.5232830318601278E-003
   3.5686022069563790        8.7115693857789060E-003  0.12394619052039753        8.1964253489516699E-003
   3.6946518254059528        9.4069199777249580E-003  0.12394619052039753        8.9325558328105480E-003
   3.8251536998800524        1.0155674304466825E-002  0.12394619052039753        9.7375497929081279E-003
   3.9602651907155879        1.0961147577298625E-002  0.12394619052039753        1.0617801302667587E-002
   4.1001490688558144        1.1826783906133549E-002  0.12394619052039753        1.1580259171814808E-002
   4.2449739038313119        1.2756165944753681E-002  0.12394619052039753        1.2632466673046357E-002
   4.3949142193596993        1.3753023862446631E-002  0.12394619052039753        1.3782600084465026E-002
   4.5501507036585132        1.4821244449631552E-002  0.12394619052039753        1.5039507078546725E-002
   4.7108703059600501        1.5964878194513629E-002  0.12394619052039753        1.6412742698825592E-002
   4.8772669425686850        1.7188148343874613E-002  0.12394619052039753        1.7912608052467457E-002
   5.0495410155906377        1.8495447791874051E-002  0.12394619052039753        1.9550174796560082E-002
   5.2279001269311909        1.9891339385625630E-002  0.12394619052039753        2.1337313952310519E-002
   5.4125592113782046        2.1380545758196399E-002  0.12394619052039753        2.3286711827272630E-002
   5.6037407956130689        2.2967932452386361E-002  0.12394619052039753        2.5411876314483210E-002
   5.8016752663703963        2.4658482515015692E-002  0.12394619052039753        2.7727129419139192E-002
   6.0066011480696169        2.6457261850622440E-002  0.12394619052039753        3.0247582263871493E-002
   6.2187653902530293        2.8369374984139335E-002  0.12394619052039753        3.2989088209854363E-002
   6.4384236651766908        3.0399911293954005E-002  0.12394619052039753        3.5968169099561326E-002
   6.6658406759127811        3.2553882214520755E-002  0.12394619052039753        3.9201909014297556E-002
   6.9012904753346884        3.4836150342572883E-002  0.12394619052039753        4.2707809399072712E-002
   7.1450567963692624        3.7251351783166034E-002  0.12394619052039753        4.6503599012841387E-002
   7.3974330131920443        3.9803809525053274E-002  0.12394619052039753        5.0606985690350811E-002
   7.6587243988323896        4.2497466997841259E-002  0.12394619052039753        5.5035387681710228E-002
   7.9292442763577622        4.5335757933572397E-002  0.12394619052039753        5.9805498750025762E-002
   8.2093202460023029        4.8321580978756988E-002  0.12394619052039753        6.4932955236463127E-002
   8.4992881560440416        5.1457149634473953E-002  0.12394619052039753        7.0431719327929160E-002
   8.7994991583321234        5.4743985524266313E-002  0.12394619052039753        7.6313628137710615E-002
   9.1103132457223861        5.8182773184910080E-002  0.12394619052039753        8.2587626498258543E-002
   9.4321068148357909        6.1773375444804275E-002  0.12394619052039753        8.9259217254952394E-002
   9.7652657388916850        6.5514698547204542E-002  0.12394619052039753        9.6329587951969650E-002
   10.110193474162946        6.9404734105827537E-002  0.12394619052039753       0.10379503485899465     
   10.467303634806061        7.3440437774333983E-002  0.12394619052039753       0.11164608420879350     
   10.837027566606025        7.7617787164723992E-002  0.12394619052039753       0.11986699685116056     
   11.219811965471335        8.1931738365529458E-002  0.12394619052039753       0.12843516974326807     
   11.616115840724994        8.6376185853203266E-002  0.12394619052039753       0.13732067874206297     
   12.026419117330413        9.0944064010476444E-002  0.12394619052039753       0.14648629435956323     
   12.451213803399156        9.5627263535265489E-002  0.12394619052039753       0.15588736518213797     
   12.891014326336300       0.10041677205572901       0.12394619052039753       0.16547242303867546     
   13.346348065368609       0.10530260604863538       0.12394619052039753       0.17518366500775062     
   13.817766430769083       0.11027397764893281       0.12394619052039753       0.18495820138624663     
   14.305834715756038       0.11531924254069097       0.12394619052039753       0.19472914212052811     
   14.811143972217785       0.12042609150942454       0.12394619052039753       0.20442739099518803     
   15.334300133051286       0.12558151453219327       0.12394619052039753       0.21398315501282081     
   15.875936741648431       0.13077201470902836       0.12394619052039753       0.22332800206834363     
   16.436703292225193       0.13598358778963379       0.12394619052039753       0.23239645248741203     
   17.017278874447534       0.14120195451607384       0.12394619052039753       0.24112790429565090     
   17.618359675531394       0.14641255319797675       0.12394619052039753       0.24946791687200370     
   18.240671728221173       0.15160076919569698       0.12394619052039753       0.25736960882636067     
   18.884968846184627       0.15675202826276810       0.12394619052039753       0.26479447243994009     
   19.552019805756849       0.16185181677155303       0.12394619052039753       0.27171273905998794     
   20.242632201214423       0.16688599195919665       0.12394042984127154       0.27810378137619335     
   20.957638264717446       0.17184078444035578       0.12392663754963219       0.28395575447718441     
   21.697899624358065       0.17670295033073594       0.12391618953948719       0.28926519197134604     
   22.464312967141105       0.18145991528691208       0.12390827486653029       0.29403626793694621     
   23.257792778673313       0.18609977159879404       0.12390227934208450       0.29827982427896227     
   24.079299719823517       0.19061154867017735       0.12389773758050694       0.30201255735045801     
   24.929823759061236       0.19498519114798030       0.12389429708111210       0.30525587853825420     
   25.810395145829254       0.19921169331796973       0.12389169080229533       0.30803494857912955     
   26.722064579292049       0.20328306965442355       0.12388971649350915       0.31037765757323971     
   27.665935811728254       0.20719256319464777       0.12388822090461306       0.31231385056195421     
   28.643146268414043       0.21093458959101050       0.12388708795815516       0.31387448851896266     
   29.654879655490589       0.21450481532551055       0.12388622971811064       0.31509101335404521     
   30.702343174827575       0.21775094120304561       0.11228351733255909       0.31576771797922726     
   31.786804983723918       0.22076810884409903        9.8450635365890576E-002  0.31607541947856233     
   32.909571928103169       0.22362925040398424        8.7971877020158296E-002  0.31615712760413706     
   34.072004028335677       0.22632978798447859        8.0033911402794311E-002  0.31603598595282129     
   35.275488300232773       0.22886716865471296        7.4020742296797504E-002  0.31573459683645427     
   36.521481794408061       0.23124073363653083        6.9465614442342519E-002  0.31527478815956633     
   37.811486012809581       0.23345144506164150        6.6014989754315481E-002  0.31467744209456888     
   39.147055493126302       0.23550170777818102        6.3401054181469615E-002  0.31396236662260019     
   40.529808025860810       0.23739519520978788        6.1420921610543022E-002  0.31314819792077125     
   41.961393513511240       0.23913662776201519        5.9920931238296025E-002  0.31225235608895313     
   43.443545167355794       0.24073166843583341        5.8784650550758974E-002  0.31129097420562957     
   44.978049075047366       0.24218671064880018        5.7923889158714145E-002  0.31027889307775308     
   46.566763998623138       0.24350873655334526        5.7271837254340506E-002  0.30922964044209822     
   48.211585595230147       0.24470513185455608        5.6777894781434170E-002  0.30815545763441693     
   49.914505239722644       0.24578358542783627        5.6403720851319561E-002  0.30706727317328741     
   51.677575059319224       0.24675191836820784        5.6120274624973564E-002  0.30597474649994560     
   53.502930680545909       0.24761796804369524        5.5905555826727529E-002  0.30488628116999794     
   55.392750120602578       0.24838945023973241        5.5742902005039778E-002  0.30380908222709319     
   57.349321371645829       0.24907388421367954        5.5619687616629471E-002  0.30274915406842179     
   59.375002227322796       0.24967847905973578        5.5526349597554335E-002  0.30171136752911859     
   61.472246417894510       0.25021006338388041        5.5455643320935818E-002  0.30069949282265090     
   63.643556378429672       0.25067500866293824        5.5402081889876949E-002  0.29971627271266843     
   65.891560899834928       0.25107919801155443        5.5361507749645766E-002  0.29876343987465809     
   68.218968971510208       0.25142797735511946        5.5330771811061691E-002  0.29784179887544338     
   70.628585269218178       0.25125074821721888        5.5199319327010249E-002  0.29620023039129156     
   73.123328588587739       0.24982281090216796        5.4827898966792972E-002  0.29269098127099019     
   75.706175661273647       0.24857783532127417        5.4546540550411082E-002  0.28958276223516133     
   78.380253523498894       0.24747586204882660        5.4333404425856061E-002  0.28681220145645109     
   81.148784610322849       0.24648501611054741        5.4171948414784774E-002  0.28432543957893436     
   84.015122474940881       0.24557995959762827        5.4049640768943974E-002  0.28207697908405865     
   86.982687236203873       0.24474067399672242        5.3956990259626025E-002  0.28002867461099346     
   90.055071705548812       0.24395142645918133        5.3886805152857140E-002  0.27814865894622265     
   93.235978303002270       0.24319998035534332        5.3833638157355299E-002  0.27641048463902296     
   96.529260096906100       0.24247692719715944        5.3793362604818457E-002  0.27479227948672280     
   99.938826062156153       0.24177517246212707        5.3762853218180445E-002  0.27327606759676315     
   103.46886588546354       0.24108945307219565        5.3739741309392033E-002  0.27184703781201941     
   107.12359379692580       0.24041603526464519        5.3722233482113142E-002  0.27049312105066503     
   110.90736836557576       0.23975239684767971        5.3708971017963181E-002  0.26920447298621863     
   114.82483910697920       0.23909696431051689        5.3698924245624537E-002  0.26797304536155203     
   118.88068277378797       0.23844896234447049        5.3691313573722511E-002  0.26679235351972341     
   123.07973629915718       0.23780822642604327        5.3685548365872873E-002  0.26565715729597900     
   127.42715949490271       0.23717504481655519        5.3681181022813940E-002  0.26456319771191283     
   131.92808807993632       0.23655009840631308        5.3677872689356941E-002  0.26350710157823054     
   136.58805281121437       0.23593430568811688        5.3675366513076972E-002  0.26248611966221114     
   141.41261684513370       0.23532879450002664        5.3673468024213973E-002  0.26149808270174191     
   146.40753387824964       0.23473481054955411        5.3672029887997338E-002  0.26054124969085191     
   151.57894168226974       0.23415363754209206        5.3670940450393625E-002  0.25961418003070624     
   156.93294936957258       0.23358659442941851        5.3670115183675558E-002  0.25871573047434987     
   162.47613596373097       0.23303493489363331        5.3669490015777442E-002  0.25784489723396520     
   168.21511902855468       0.23249985466832651        5.3669016436044929E-002  0.25700083167570908     
   174.15674278185460       0.20273064169184299        5.0178154927164820E-002  0.22579844506868352     
   180.30830831190286       0.16913243463540803        4.6208001903082357E-002  0.19064595588661004     
   186.67715947709803       0.14375156054305399        4.3200515414084269E-002  0.16404861509101618     
   193.27089166569760       0.12457836800648292        4.0922295443840621E-002  0.14391095711900909     
   200.09760727912413       0.11009435913993311        3.9196465528714003E-002  0.12865078594790297     
   207.16537088595135        9.9153302217804801E-002   3.7889121275541685E-002  0.11707456737346413     
   214.48286737908427        9.0888875035209246E-002   3.6898763078807559E-002  0.10828073698091005     
   222.05883252794877        8.4647003717973263E-002   3.6148542903948137E-002  0.10158896010728455     
   229.90230130529540        7.9933481048501606E-002   3.5580238909666884E-002   9.6485410622986600E-002
   238.02291179328489        7.6374722933264264E-002   3.5149729105070741E-002   9.2581809996576933E-002
   246.43025707061713        7.3688529949108419E-002   3.4823610920399144E-002   8.9584956345262937E-002
   255.13466811288930        7.1661384830335781E-002   3.4576565188940284E-002   8.7273052056056455E-002
   264.14653641505117        7.0131827082366788E-002   3.4389422100243039E-002   8.5478409903020455E-002
   273.47660938458705        6.8977586673693234E-002   3.4247658164304286E-002   8.4074057619180340E-002
   283.13635184814427        6.8105947984195822E-002   3.4140267111322203E-002   8.2963709513374187E-002
   293.13729579387660        6.7446565494964292E-002   3.4058915803470015E-002   8.2074314165636444E-002
   303.49136818478553        6.6945926763205696E-002   3.3997290863563387E-002   8.1350296231833805E-002
   314.21129214162710        6.6563206510035736E-002   3.3950607853934042E-002   8.0749246808203778E-002
   325.30973137660959        6.6267180674093137E-002   3.3915244714249837E-002   8.0238741510647582E-002
   336.80032369109853        6.6033831854057604E-002   3.3888455920736797E-002   7.9793842427039574E-002
   348.69678677735646        6.5844600096631192E-002   3.3868162764765841E-002   7.9395308099277792E-002
   361.01330816366544        6.5685031628727256E-002   3.3852790368792837E-002   7.9028193883700165E-002
   373.76502243504467        6.5314125277517093E-002   3.3566323212559680E-002   7.8293857759892768E-002
   386.96715283564077        6.4269440465829275E-002   3.2468682031688643E-002   7.6427056096094848E-002
   400.63544401132759        6.3444208736954333E-002   3.1637200970154454E-002   7.4938820877012258E-002
   414.78669160661980        6.2780531231744818E-002   3.1007325493422864E-002   7.3731648841113717E-002
   429.43761284149554        6.2234021716354074E-002   3.0530184566902770E-002   7.2731648335236682E-002
   444.60621081975989        6.1770537013562360E-002   3.0168733918820214E-002   7.1882727310901021E-002
   460.31059410826708        6.1363792282657405E-002   2.9894926351717740E-002   7.1142385482386702E-002
   476.56949149896485        6.0993490841901740E-002   2.9687512662692549E-002   7.0478428848658126E-002
   493.40288198244309        6.0643912685694058E-002   2.9530389665790673E-002   6.9866503100149732E-002
   510.83065126063684        6.0302882518584795E-002   2.9411366438043502E-002   6.9288297618524619E-002
   528.87421463804299        5.9960931757117530E-002   2.9321202252967617E-002   6.8730088343970305E-002
   547.55511287104378        5.9610718859615393E-002   2.9252900712255392E-002   6.8181728543767361E-002
   566.89562449487210        5.9246557736152734E-002   2.9201161183377056E-002   6.7635824476175027E-002
   586.91951519858117        5.8864056878148156E-002   2.9161966712299158E-002   6.7087104835992825E-002
   607.65068989177485        5.8459882565188678E-002   2.9132275956931544E-002   6.6531991331750487E-002
   629.11387223602765        5.8031548329220001E-002   2.9109784726444682E-002   6.5968218874294049E-002
   651.33543626567803        5.7577247801053465E-002   2.9092746846472960E-002   6.5394534952315453E-002
   674.34163286578985        5.7095776094228452E-002   2.9079840375057613E-002   6.4810526797322743E-002
   698.16073213207346        5.6586398305812045E-002   2.9070063279448638E-002   6.4216392357759236E-002
   722.82116976782140        5.4823970688738725E-002   2.7839256396178284E-002   6.1355815921980528E-002
   748.35235540965130        5.2994710072230868E-002   2.6571318859107462E-002   5.8407099767902572E-002
   774.78566186873422        5.1444311698088580E-002   2.5610812603973954E-002   5.6010737831460794E-002
   802.15264573967897        5.0099085643711905E-002   2.4883205993500881E-002   5.4034351679787908E-002
   830.48594444209971        4.8903642334277339E-002   2.4332032142338159E-002   5.2377939384934735E-002
   859.82037403360118        4.7816453072837863E-002   2.3914499009806398E-002   5.0965986441196869E-002
   890.19058800385733        4.6806603830190530E-002   2.3598210865453346E-002   4.9741656609529707E-002
   921.63390537915473        4.5851155279275913E-002   2.3358611727330576E-002   4.8662153656562027E-002
   954.18786380243341        4.4933305150418532E-002   2.3177109612346883E-002   4.7695412078408071E-002
   987.89128659474920        4.4040888845866960E-002   2.3039618805817900E-002   4.6817450499588395E-002
   1022.7855886411724        4.3165238810394239E-002   2.2935464795203590E-002   4.6010371855831948E-002
   1058.9119914466876        4.2300412622288709E-002   2.2856566436780149E-002   4.5260932509386925E-002
   1096.3148872627712        4.1442465309147400E-002   2.2796798219048786E-002   4.4559323583015030E-002
   1135.0389283928459        4.0589029856346957E-002   2.2751522355320544E-002   4.3898368283498516E-002
   1175.1302964981960        3.9738910297885906E-002   2.2717225151561524E-002   4.3272835726877991E-002
   1216.6382559936744        3.8891763833913018E-002   2.2691243841141275E-002   4.2678923282878513E-002
   1259.6123598874483        3.8047940381743243E-002   2.2671562373051440E-002   4.2113925193698408E-002
   1304.1038583964914        3.7208282228142354E-002   2.2656653340605133E-002   4.1575925709900180E-002
   1350.1674228314519        3.6373963410777199E-002   2.2645359236200212E-002   4.1063569075351074E-002
   1397.8574692241625        3.0234317326932849E-002   1.9150168316283279E-002   3.4514601974156470E-002
   1447.2325992722181        2.5099246761895073E-002   1.6163291488238828E-002   2.9010444733269053E-002
   1498.3517579647787        2.1198358831533350E-002   1.3900660388088393E-002   2.4852259077271788E-002
   1551.2759091786245        1.5721287245934926E-002   1.0575840047565968E-002   1.8708860449872709E-002
   1606.0700862978565        1.1604519562500462E-002   8.0114534275945049E-003   1.4027009463589543E-002
   1662.7990190437411        8.5650180774233878E-003   6.0688888207653547E-003   1.0522347996964075E-002
   1721.5324161293761        6.3215448466834891E-003   4.5973293777264021E-003   7.8976181181719170E-003
   1782.3403946248577        4.6660660891039334E-003   3.4825876748621693E-003   5.9309655878541628E-003
   1845.2954731357936        3.4447100130639168E-003   2.6381526895616352E-003   4.4566628874710586E-003
   1910.4750110852074        2.5437111420835564E-003   1.9984641704344319E-003   3.3508391806977571E-003
   1977.9568210713478        1.8790687908029000E-003   1.5138847180122159E-003   2.5209543838219258E-003
   2047.8213808026539        1.3887567621514202E-003   1.1468078949852267E-003   1.8978051600525045E-003
   2120.1545400970977        1.0269867306593630E-003   8.6873458748899443E-004   1.4296055059380558E-003
   2195.0417479108573        7.5999985952702857E-004   6.5808953067922826E-004   1.0776228672553601E-003
   2272.5750259096239        5.6288906279407355E-004   4.9851866163932394E-004   8.1284002178232573E-004
   2352.8469348264384        4.1730109565484230E-004   3.7763988700163526E-004   6.1353112367902249E-004
   2435.9532056335870        3.0970738418803099E-004   2.8607224759059186E-004   4.6341102700044886E-004
   2521.9959596104222        2.3013507098643937E-004   2.1670661414993441E-004   3.5026319513967245E-004
   2611.0779162676686        1.7123862420040942E-004   1.6416047698390279E-004   2.6492621709712670E-004
   2703.3053132971791        1.2760450098535901E-004   1.2435592275274003E-004   2.0052152070040296E-004
   2798.7914800504532        9.5241697752322912E-005   9.4202605097871444E-005   1.5188017300921545E-004
   2897.6492167059700        7.1209873685632320E-005   7.1360976149006253E-005   1.1511946083420819E-004
   3000.0000000000000        5.3339737790645776E-005   5.4057657301371780E-005   8.7317467148915109E-005
