         200   4370.0000000000000     
   3.0000000000000000        3.1278649682471692E-003   2.8660741716252068E-002   1.3807281328835264E-002
   3.1059655287322618        3.3031906741866576E-003   2.8660741716252068E-002   1.4063068813980591E-002
   3.2156739552243598        3.4852149357668229E-003   2.8660741716252068E-002   1.4314476663875293E-002
   3.3292574962321346        3.6739184618359683E-003   2.8660741716252068E-002   1.4561056058943499E-002
   3.4468529954360925        3.8692540583634451E-003   2.8660741716252068E-002   1.4802394201769859E-002
   3.5686022069563790        4.0711452197564673E-003   2.8660741716252068E-002   1.5038117899463981E-002
   3.6946518254059528        4.2794845436099896E-003   2.8660741716252068E-002   1.5267895661864667E-002
   3.8251536998800524        4.4941327278105701E-003   2.8660741716252068E-002   1.5491439257285322E-002
   3.9602651907155879        4.7149180978793810E-003   2.8660741716252068E-002   1.5708504558469720E-002
   4.1001490688558144        4.9416356933804396E-003   2.8660741716252068E-002   1.5918890769779245E-002
   4.2449739038313119        5.1740474745723773E-003   2.8660741716252068E-002   1.6122439721570576E-002
   4.3949142193596993        5.4118824596930230E-003   2.8660741716252068E-002   1.6319034067922806E-002
   4.5501507036585132        5.6548372583827269E-003   2.8660741716252068E-002   1.6508594983142184E-002
   4.7108703059600501        5.9025767263293158E-003   2.8660741716252068E-002   1.6691079239489155E-002
   4.8772669425686850        6.1547358365318331E-003   2.8660741716252068E-002   1.6866476569991799E-002
   5.0495410155906377        6.4109199884491439E-003   2.8660741716252068E-002   1.7034805404770856E-002
   5.2279001269311909        6.6707074147347644E-003   2.8660741716252068E-002   1.7196109791263479E-002
   5.4125592113782046        6.9336509244190660E-003   2.8660741716252068E-002   1.7350455559200232E-002
   5.6037407956130689        7.1992800644073655E-003   2.8660741716252068E-002   1.7497926652473957E-002
   5.8016752663703963        7.4671035045406342E-003   2.8660741716252068E-002   1.7638621584514905E-002
   6.0066011480696169        7.7366116334556256E-003   2.8660741716252068E-002   1.7772650104039774E-002
   6.2187653902530293        8.0072793518551847E-003   2.8660741716252068E-002   1.7900130148085797E-002
   6.4384236651766908        8.2785690483726301E-003   2.8660741716252068E-002   1.8021185147071909E-002
   6.6658406759127811        8.5499337409786057E-003   2.8660741716252068E-002   1.8135941732512918E-002
   6.9012904753346884        8.8208203639217227E-003   2.8660741716252068E-002   1.8244527882385980E-002
   7.1450567963692624        9.0906731766743059E-003   2.8660741716252068E-002   1.8347071522568880E-002
   7.3974330131920443        9.3589368711975013E-003   2.8660741716252068E-002   1.8443699446970691E-002
   7.6587243988323896        9.6250621202559668E-003   2.8660741716252068E-002   1.8534537514099409E-002
   7.9292442763577622        9.8885048211357351E-003   2.8660741716252068E-002   1.8619709049952853E-002
   8.2093202460023029        1.0148735585107259E-002   2.8660741716252068E-002   1.8699337131612207E-002
   8.4992881560440416        1.0405237028715261E-002   2.8660741716252068E-002   1.8773543162680286E-002
   8.7994991583321234        1.0657513379512233E-002   2.8660741716252068E-002   1.8842449612608291E-002
   9.1103132457223861        1.0905087700143904E-002   2.8660741716252068E-002   1.8906179285814197E-002
   9.4321068148357909        1.1147510988283392E-002   2.8660741716252068E-002   1.8964858101061962E-002
   9.7652657388916850        1.1384359210215968E-002   2.8660741716252068E-002   1.9018614763022135E-002
   10.110193474162946        1.1615241686889237E-002   2.8660741716252068E-002   1.9067583317389149E-002
   10.467303634806061        1.1839797828112879E-002   2.8660741716252068E-002   1.9111902951689529E-002
   10.837027566606025        1.2057703993763760E-002   2.8660741716252068E-002   1.9151719990722526E-002
   11.219811965471335        1.2268673030987774E-002   2.8660741716252068E-002   1.9187188168649588E-002
   11.616115840724994        1.2472453804119319E-002   2.8660741716252068E-002   1.9218468935589123E-002
   12.026419117330413        1.2668836467603445E-002   2.8660741716252068E-002   1.9245732500715429E-002
   12.451213803399156        1.2857648208347503E-002   2.8660741716252068E-002   1.9269157193815480E-002
   12.891014326336300        1.3038758106695770E-002   2.8660741716252068E-002   1.9288929991992516E-002
   13.346348065368609        1.3212072505453747E-002   2.8660741716252068E-002   1.9305245623092795E-002
   13.817766430769083        1.3377538809305003E-002   2.8660741716252068E-002   1.9318306504195443E-002
   14.305834715756038        1.3535140557411096E-002   2.8660741716252068E-002   1.9328321650673906E-002
   14.811143972217785        1.3684900235756485E-002   2.8660741716252068E-002   1.9335506151718682E-002
   15.334300133051286        1.3826874157153531E-002   2.8660741716252068E-002   1.9340079990903498E-002
   15.875936741648431        1.3961154395527316E-002   2.8660741716252068E-002   1.9342267214616092E-002
   16.436703292225193        1.4087863590828198E-002   2.8660741716252068E-002   1.9342294784277885E-002
   17.017278874447534        1.4207156136602166E-002   2.8660741716252068E-002   1.9340391597436234E-002
   17.618359675531394        1.4319213032599492E-002   2.8660741716252068E-002   1.9336787483057127E-002
   18.240671728221173        1.4424242172070641E-002   2.8660741716252068E-002   1.9331712236372353E-002
   18.884968846184627        1.4522475156649887E-002   2.8660741716252068E-002   1.9325394740545013E-002
   19.552019805756849        1.4614163030257959E-002   2.8660741716252068E-002   1.9318062371540896E-002
   20.242632201214423        1.4699577441883199E-002   2.8660582465229113E-002   1.9309939785721496E-002
   20.957638264717446        1.4779005997968055E-002   2.8660144910364931E-002   1.9301248825842353E-002
   21.697899624358065        1.4852750679823759E-002   2.8659736702089621E-002   1.9292209289282471E-002
   22.464312967141105        1.4921126183187925E-002   2.8659355869960858E-002   1.9283037033883128E-002
   23.257792778673313        1.4984456450378009E-002   2.8659000582236173E-002   1.9273944774440509E-002
   24.079299719823517        1.5043075428574127E-002   2.8658669123483912E-002   1.9265141882508968E-002
   24.929823759061236        1.5097323978772404E-002   2.8658359895506625E-002   1.9256834886979563E-002
   25.810395145829254        1.5147549393748287E-002   2.8658071405644994E-002   1.9249227804993354E-002
   26.722064579292049        1.5194103296516570E-002   2.8657802266308284E-002   1.9242522878115266E-002
   27.665935811728254        1.5237342739123796E-002   2.8657551178014114E-002   1.9236920972956553E-002
   28.643146268414043        1.5277628534218830E-002   2.8657316930087960E-002   1.9232622530547076E-002
   29.654879655490589        1.5315325523976011E-002   2.8657098391803033E-002   1.9229828333432931E-002
   30.702343174827575        1.5343224589287051E-002   2.7787741444767179E-002   1.9217411075941132E-002
   31.786804983723918        1.5364808292134756E-002   2.6556973466657252E-002   1.9200286611289408E-002
   32.909571928103169        1.5384053368642637E-002   2.5408752489639485E-002   1.9184075280050578E-002
   34.072004028335677        1.5401277322572461E-002   2.4337535992056472E-002   1.9168915852605654E-002
   35.275488300232773        1.5416796697323933E-002   2.3338171591500454E-002   1.9154947652659043E-002
   36.521481794408061        1.5430927242763246E-002   2.2405834068253055E-002   1.9142310293518688E-002
   37.811486012809581        1.5443982876855493E-002   2.1536027962721093E-002   1.9131144102266913E-002
   39.147055493126302        1.5456274962016309E-002   2.0724559323568197E-002   1.9121589825822662E-002
   40.529808025860810        1.5468111307216025E-002   1.9967511149975657E-002   1.9113788096141823E-002
   41.961393513511240        1.5479794573333389E-002   1.9261242159625526E-002   1.9107878787148060E-002
   43.443545167355794        1.5491621122171277E-002   1.8602342282020300E-002   1.9103999569154265E-002
   44.978049075047366        1.5503878919716881E-002   1.7987634494137712E-002   1.9102284571992218E-002
   46.566763998623138        1.5516845641465367E-002   1.7414151569898777E-002   1.9102862435075682E-002
   48.211585595230147        1.5530786109402487E-002   1.6879135146884054E-002   1.9105853997654659E-002
   49.914505239722644        1.5545950325550990E-002   1.6380002011410516E-002   1.9111369676201112E-002
   51.677575059319224        1.5562570610187300E-002   1.5914345489085806E-002   1.9119506491560551E-002
   53.502930680545909        1.5580859141687005E-002   1.5479917831948790E-002   1.9130344875893036E-002
   55.392750120602578        1.5601004829995036E-002   1.5074629511483879E-002   1.9143944908235386E-002
   57.349321371645829        1.5623171309421841E-002   1.4696523678723539E-002   1.9160343054636843E-002
   59.375002227322796        1.5647493954280275E-002   1.4343777217627854E-002   1.9179548221290376E-002
   61.472246417894510        1.5674077753548978E-002   1.4014687402903245E-002   1.9201538291224455E-002
   63.643556378429672        1.5702994521565639E-002   1.3707671364442724E-002   1.9226256102713193E-002
   65.891560899834928        1.5734282029045990E-002   1.3421246740215361E-002   1.9253607067655294E-002
   68.218968971510208        1.5767941987539790E-002   1.3154032474227384E-002   1.9283455980264239E-002
   70.628585269218178        1.5792339496845817E-002   1.2901652323510640E-002   1.9299375885783648E-002
   73.123328588587739        1.5784031150544900E-002   1.2657598698729559E-002   1.9268651397604829E-002
   75.706175661273647        1.5775480939962189E-002   1.2429915027890689E-002   1.9236848706645746E-002
   78.380253523498894        1.5766620170969713E-002   1.2217501988527189E-002   1.9203850581193362E-002
   81.148784610322849        1.5757385344096292E-002   1.2019335386919771E-002   1.9169563125194175E-002
   84.015122474940881        1.5747721949313877E-002   1.1834458662699729E-002   1.9133919767294158E-002
   86.982687236203873        1.5737588196564040E-002   1.1661982587981097E-002   1.9096885609384016E-002
   90.055071705548812        1.5726957636452422E-002   1.1501074398502731E-002   1.9058458577961981E-002
   93.235978303002270        1.5715821710036829E-002   1.1350958241908625E-002   1.9018671469437382E-002
   96.529260096906100        1.5704191228656929E-002   1.1210909499797120E-002   1.8977591417460218E-002
   99.938826062156153        1.5692097571000801E-002   1.1080255308091496E-002   1.8935319756852847E-002
   103.46886588546354        1.5679591977664782E-002   1.0958362582182022E-002   1.8891986684595168E-002
   107.12359379692580        1.5666745802028346E-002   1.0844645188084884E-002   1.8847750788372003E-002
   110.90736836557576        1.5653648725969405E-002   1.0738556022379947E-002   1.8802792952330595E-002
   114.82483910697920        1.5640406285754735E-002   1.0639581030239082E-002   1.8757309377535902E-002
   118.88068277378797        1.5627138296373098E-002   1.0547244280009985E-002   1.8711509019289620E-002
   123.07973629915718        1.5613975470928649E-002   1.0461101532249354E-002   1.8665606077950453E-002
   127.42715949490271        1.5601055750675908E-002   1.0380735382454988E-002   1.8619812530809011E-002
   131.92808807993632        1.5588522028509577E-002   1.0305760240346842E-002   1.8574336477710437E-002
   136.58805281121437        1.5576517527884847E-002   1.0235812814032358E-002   1.8529372914346715E-002
   141.41261684513370        1.5565183520761701E-002   1.0170556753960348E-002   1.8485103359508544E-002
   146.40753387824964        1.5554655679965231E-002   1.0109678108039952E-002   1.8441690893723446E-002
   151.57894168226974        1.5368691173986442E-002   1.0005881164973756E-002   1.8212443305608235E-002
   156.93294936957258        1.4801250576354692E-002   9.8039441556779933E-003   1.7579600173336440E-002
   162.47613596373097        1.4272523900058651E-002   9.6155487264634170E-003   1.6988416422831717E-002
   168.21511902855468        1.3780096600287567E-002   9.4397889581076914E-003   1.6436186947543192E-002
   174.15674278185460        1.3321685483821991E-002   9.2758192563976594E-003   1.5920373218995268E-002
   180.30830831190286        1.2895116010884458E-002   9.1228451064903487E-003   1.5438576205969546E-002
   186.67715947709803        1.2498347740624433E-002   8.9801309161078435E-003   1.4988563447900134E-002
   193.27089166569760        1.2129450251676242E-002   8.8469900759387352E-003   1.4568240397356247E-002
   200.09760727912413        1.1786586195135770E-002   8.7227774523234713E-003   1.4175629343769248E-002
   207.16537088595135        1.1468036326339864E-002   8.6068970831504922E-003   1.3808896287544921E-002
   214.48286737908427        1.1172162472557794E-002   8.4987874703360174E-003   1.3466306839987395E-002
   222.05883252794877        1.0897430612100604E-002   8.3979287574441046E-003   1.3146251059164889E-002
   229.90230130529540        1.0642394515139930E-002   8.3038357051917738E-003   1.2847223075897359E-002
   238.02291179328489        1.0405684040244062E-002   8.2160523858933882E-003   1.2567805755944276E-002
   246.43025707061713        1.0186022102658602E-002   8.1341576222900020E-003   1.2306689238198623E-002
   255.13466811288930        9.9821985406970438E-003   8.0577545934777256E-003   1.2062638816301126E-002
   264.14653641505117        9.7930853227842281E-003   7.9864759074623360E-003   1.1834511820934935E-002
   273.47660938458705        9.6176244617658842E-003   7.9199786368208871E-003   1.1621242324924660E-002
   283.13635184814427        9.4548191455164372E-003   7.8579405691691171E-003   1.1421829463686422E-002
   293.13729579387660        9.3037428792932808E-003   7.8000633879382686E-003   1.1235347879018354E-002
   303.49136818478553        9.1635293865459360E-003   7.7460686414099721E-003   1.1060934958552700E-002
   314.21129214162710        9.0333651281239834E-003   7.6956946981540852E-003   1.0897781082354308E-002
   325.30973137660959        8.9124976476449898E-003   7.6486998680692607E-003   1.0745139776498429E-002
   336.80032369109853        8.8002202991615246E-003   7.6048564378056495E-003   1.0602308431270205E-002
   348.69678677735646        8.6958798027590122E-003   7.5639535816207793E-003   1.0468637759412003E-002
   361.01330816366544        8.5988688732600935E-003   7.5257945126229941E-003   1.0343522557825035E-002
   373.76502243504467        8.5025751437461956E-003   7.4822770949109661E-003   1.0215736161890102E-002
   386.96715283564077        8.3913149166204223E-003   7.4135725633219960E-003   1.0058328356638084E-002
   400.63544401132759        8.2874081152438592E-003   7.3494767713432139E-003   9.9111555532908711E-003
   414.78669160661980        8.1903167435509287E-003   7.2896791429500488E-003   9.7735338541446604E-003
   429.43761284149554        8.0995462666920322E-003   7.2338927739628543E-003   9.6448321088921981E-003
   444.60621081975989        8.0146339390636118E-003   7.1818473516486962E-003   9.5244554287828298E-003
   460.31059410826708        7.9351541732490798E-003   7.1332926101241650E-003   9.4118529484978532E-003
   476.56949149896485        7.8607127283943385E-003   7.0879949486691686E-003   9.3065098287312305E-003
   493.40288198244309        7.7909421235748261E-003   7.0457348775609186E-003   9.2079411028604535E-003
   510.83065126063684        7.7255055154129724E-003   7.0063096363996748E-003   9.1156975791561855E-003
   528.87421463804299        7.6640879583029752E-003   6.9695281902627882E-003   9.0293539889622128E-003
   547.55511287104378        7.6063999370059986E-003   6.9352136717006213E-003   8.9485145299087084E-003
   566.89562449487210        7.5521728837362381E-003   6.9032009908374251E-003   8.8728071504282705E-003
   586.91951519858117        7.5011555764886682E-003   6.8733350302957533E-003   8.8018791783025883E-003
   607.65068989177485        7.4531162146358344E-003   6.8454721764653371E-003   8.7354009005921971E-003
   629.11387223602765        7.4078386523908279E-003   6.8194783789421402E-003   8.6730610041352418E-003
   651.33543626567803        7.3651193801692319E-003   6.7952276848352233E-003   8.6145631469358164E-003
   674.34163286578985        7.3247697626808552E-003   6.7726037412776186E-003   8.5596297588817760E-003
   698.16073213207346        7.2866106591545007E-003   6.7514969239986823E-003   8.5079954050895513E-003
   722.82116976782140        7.2167512165175231E-003   6.6980917436062614E-003   8.3957199185640714E-003
   748.35235540965130        7.1407389078763806E-003   6.6379901455809543E-003   8.2711116322523801E-003
   774.78566186873422        7.0692413007441991E-003   6.5819188667403262E-003   8.1543774536116526E-003
   802.15264573967897        7.0019285968370712E-003   6.5296082824468343E-003   8.0449522443156538E-003
   830.48594444209971        6.9384905704510469E-003   6.4808067223223395E-003   7.9423067270071243E-003
   859.82037403360118        6.8786332858725577E-003   6.4352777185104080E-003   7.8459426628714017E-003
   890.19058800385733        6.8220832240647560E-003   6.3928028265369061E-003   7.7553998643138389E-003
   921.63390537915473        6.7685807544843515E-003   6.3531762344025714E-003   7.6702458959516393E-003
   954.18786380243341        6.7178842833980458E-003   6.3162073934742479E-003   7.5900827890686582E-003
   987.89128659474920        6.6697676127459270E-003   6.2817184437203247E-003   7.5145426787864046E-003
   1022.7855886411724        6.6240180445620135E-003   6.2495422690076697E-003   7.4432845658446269E-003
   1058.9119914466876        6.5804400933920770E-003   6.2195244906550840E-003   7.3759996566924099E-003
   1096.3148872627712        6.5388510144595837E-003   6.1915196575810299E-003   7.3124037482443097E-003
   1135.0389283928459        6.4990844321190190E-003   6.1653931056022482E-003   7.2522420301557519E-003
   1175.1302964981960        6.4609886715132790E-003   6.1410191378009219E-003   7.1952855051112740E-003
   1216.6382559936744        6.4244254862591936E-003   6.1182796501676011E-003   7.1413280238206743E-003
   1259.6123598874483        6.3892727308164079E-003   6.0970652974860111E-003   7.0901890785989765E-003
   1304.1038583964914        6.3554228444067488E-003   6.0772740158194409E-003   7.0417102294779771E-003
   1350.1674228314519        6.3227815645750789E-003   6.0588099065544869E-003   6.9957519957781098E-003
   1397.8574692241625        6.0412869425794996E-003   5.7983310383004543E-003   6.6786985868754036E-003
   1447.2325992722181        5.7542002643918757E-003   5.5320361547562856E-003   6.3561472971976384E-003
   1498.3517579647787        5.4859012593937110E-003   5.2836016399638456E-003   6.0551587546593356E-003
   1551.2759091786245        5.1124327457893019E-003   4.9329890184239469E-003   5.6445154643316340E-003
   1606.0700862978565        4.7604496961417865E-003   4.6021339837923250E-003   5.2579211950756792E-003
   1662.7990190437411        4.4324513290885138E-003   4.2934728957325563E-003   4.8978974899422803E-003
   1721.5324161293761        4.1268592554077818E-003   4.0055101375950234E-003   4.5626609756975042E-003
   1782.3403946248577        3.8422057649984452E-003   3.7368610101913939E-003   4.2505522734359548E-003
   1845.2954731357936        3.5771143336193658E-003   3.4862330212202244E-003   3.9600149520870207E-003
   1910.4750110852074        3.3302851470310398E-003   3.2524117532908171E-003   3.6895800553841452E-003
   1977.9568210713478        3.1005082929525937E-003   3.0342728522609642E-003   3.4378809374779828E-003
   2047.8213808026539        2.8866482428402552E-003   2.8307668345423499E-003   3.2036365920755996E-003
   2120.1545400970977        2.6876324208325308E-003   2.6409076121563695E-003   2.9856394057053977E-003
   2195.0417479108573        2.5024641947089484E-003   2.4637842559254940E-003   2.7827695733055342E-003
   2272.5750259096239        2.3301999736810757E-003   2.2985385150015572E-003   2.5939700997177212E-003
   2352.8469348264384        2.1699613642834439E-003   2.1443757878714864E-003   2.4182601053494243E-003
   2435.9532056335870        2.0209245945554113E-003   2.0005543854037444E-003   2.2547231324073743E-003
   2521.9959596104222        1.8823127637933720E-003   1.8663774212967742E-003   2.1024984353657530E-003
   2611.0779162676686        1.7534035667443840E-003   1.7411996915161995E-003   1.9607891740942430E-003
   2703.3053132971791        1.6335207929195142E-003   1.6244189560562000E-003   1.8288527420020349E-003
   2798.7914800504532        1.5220280628255442E-003   1.5154693541100052E-003   1.7059934683454308E-003
   2897.6492167059700        1.4183361562465893E-003   1.4138281543083059E-003   1.5915702561130733E-003
   3000.0000000000000        1.3218901394401275E-003   1.3190028544323551E-003   1.4849819490846967E-003
