         200   4370.0000000000000     
   3.0000000000000000        2.0940990031310812E-003   6.6675508367181795        1.0094645935072491E-003
   3.1059655287322618        2.2448168602884335E-003   6.6675508367181795        1.0763490124642032E-003
   3.2156739552243598        2.4063639299354810E-003   6.6675508367181795        1.1479112484642931E-003
   3.3292574962321346        2.5794957103784191E-003   6.6675508367181795        1.2244838198045894E-003
   3.4468529954360925        2.7650213913768930E-003   6.6675508367181795        1.3064228390152939E-003
   3.5686022069563790        2.9638093763897193E-003   6.6675508367181795        1.3941097413405332E-003
   3.6946518254059528        3.1767932501847967E-003   6.6675508367181795        1.4879529508038645E-003
   3.8251536998800524        3.4049789760043215E-003   6.6675508367181795        1.5883897926526305E-003
   3.9602651907155879        3.6494534287102687E-003   6.6675508367181795        1.6958886617043556E-003
   4.1001490688558144        3.9113932941306894E-003   6.6675508367181795        1.8109509858006639E-003
   4.2449739038313119        4.1920761010238632E-003   6.6675508367181795        1.9341137299584675E-003
   4.3949142193596993        4.4928922413041356E-003   6.6675508367181795        2.0659519082018769E-003
   4.5501507036585132        4.8153585828678630E-003   6.6675508367181795        2.2070813422664639E-003
   4.7108703059600501        5.1611334387231143E-003   6.6675508367181795        2.3581615387641892E-003
   4.8772669425686850        5.5320345817413876E-003   6.6675508367181795        2.5198993978082134E-003
   5.0495410155906377        5.9300565449743126E-003   6.6675508367181795        2.6930520841603727E-003
   5.2279001269311909        6.3573924697099375E-003   6.6675508367181795        2.8784313300753766E-003
   5.4125592113782046        6.8164568679369500E-003   6.6675508367181795        3.0769075445450482E-003
   5.6037407956130689        7.3099109936604970E-003   6.6675508367181795        3.2894144225283375E-003
   5.8016752663703963        7.8406908067899413E-003   6.6675508367181795        3.5169539859571737E-003
   6.0066011480696169        8.4120378087244683E-003   6.6675508367181795        3.7606020995513468E-003
   6.2187653902530293        9.0275330874102673E-003   6.6675508367181795        4.0215145076159245E-003
   6.4384236651766908        9.6911349802758315E-003   6.6675508367181795        4.3009334413133329E-003
   6.6658406759127811        1.0407220847627076E-002   6.6675508367181795        4.6001948494681965E-003
   6.9012904753346884        1.1180633548728525E-002   6.6675508367181795        4.9207363098588306E-003
   7.1450567963692624        1.2016733330220509E-002   6.6675508367181795        5.2641056822725057E-003
   7.3974330131920443        1.2921454578832288E-002   6.6675508367181795        5.6319700050070851E-003
   7.6587243988323896        1.3901378214358544E-002   6.6675508367181795        6.0261286576206823E-003
   7.9292442763577622        1.4963789971101968E-002   6.6675508367181795        6.4485183661643830E-003
   8.2093202460023029        1.6116786291151999E-002   6.6675508367181795        6.9012344292516134E-003
   8.4992881560440416        1.7369344237520012E-002   6.6675508367181795        7.3865341452431042E-003
   8.7994991583321234        1.8731457557221460E-002   6.6675508367181795        7.9068622981094492E-003
   9.1103132457223861        2.0214230868644930E-002   6.6675508367181795        8.4648556778284464E-003
   9.4321068148357909        2.1830053908474836E-002   6.6675508367181795        9.0633730046253743E-003
   9.7652657388916850        2.3592728104626568E-002   6.6675508367181795        9.7055008127330117E-003
   10.110193474162946        2.5517689544670787E-002   6.6675508367181795        1.0394588622536513E-002
   10.467303634806061        2.7622176102884529E-002   6.6675508367181795        1.1134256533891513E-002
   10.837027566606025        2.9925501811912371E-002   6.6675508367181795        1.1928434187670450E-002
   11.219811965471335        3.2449305492218139E-002   6.6675508367181795        1.2781382710635322E-002
   11.616115840724994        3.5217816213309779E-002   6.6675508367181795        1.3697716320319710E-002
   12.026419117330413        3.8258224309244228E-002   6.6675508367181795        1.4682453259769889E-002
   12.451213803399156        4.1600955536672840E-002   6.6675508367181795        1.5741029857195627E-002
   12.891014326336300        4.5280102994257082E-002   6.6675508367181795        1.6879363251710397E-002
   13.346348065368609        4.9333720231330924E-002   6.6675508367181795        1.8103869248297547E-002
   13.817766430769083        5.3804288780191466E-002   6.6675508367181795        1.9421536584136576E-002
   14.305834715756038        5.8739000858013729E-002   6.6675508367181795        2.0839949473289616E-002
   14.811143972217785        6.4190238357899748E-002   6.6675508367181795        2.2367375598202632E-002
   15.334300133051286        7.0215814160779183E-002   6.6675508367181795        2.4012794360733870E-002
   15.875936741648431        7.6879443514523707E-002   6.6675508367181795        2.5786001116500291E-002
   16.436703292225193        8.4250920375538010E-002   6.6675508367181795        2.7697642242730761E-002
   17.017278874447534        9.2406573128609615E-002   6.6675508367181795        2.9759338475256726E-002
   17.618359675531394       0.10142935899579403        6.6675508367181795        3.1983727957904148E-002
   18.240671728221173       0.11140926618216561        6.6675508367181795        3.4384604495056585E-002
   18.884968846184627       0.12244348481565227        6.6675508367181795        3.6977014713190641E-002
   19.552019805756849       0.13463629710829481        6.6675508367181795        3.9777315680108831E-002
   20.242632201214423       0.14809951267591090        6.6674993210823938        4.2803391132675089E-002
   20.957638264717446       0.16295212215794450        6.6673577777717048        4.6074725760423839E-002
   21.697899624358065       0.17932007451253568        6.6672257277010338        4.9612565510532357E-002
   22.464312967141105       0.19733583908226959        6.6671025334579044        5.3440098003147626E-002
   23.257792778673313       0.21713707176877606        6.6669876024974348        5.7582528721293900E-002
   24.079299719823517       0.23886592478008772        6.6668803798997844        6.2067397532278551E-002
   24.929823759061236       0.26266678374829117        6.6667803486688584        6.6924682039989622E-002
   25.810395145829254       0.28868409877873147        6.6666870259487672        7.2187055222506194E-002
   26.722064579292049       0.31705869086921712        6.6665999628719455        7.7889971361047541E-002
   27.665935811728254       0.34792497028144359        6.6665187390727327        8.4072073700180758E-002
   28.643146268414043       0.38140601656473855        6.6664429629136626        9.0775297214054154E-002
   29.654879655490589       0.41760910330090112        6.6663722686193188        9.8045167822539969E-002
   30.702343174827575       0.45658960856766867        6.6634704123542399       0.10591754284167784     
   31.786804983723918       0.49841910707357295        6.6593937099944558       0.11445103238413032     
   32.909571928103169       0.54313876490989610        6.6555904300507294       0.12370925935118637     
   34.072004028335677       0.59073826823545139        6.6520422138952950       0.13375375715182519     
   35.275488300232773       0.64116459045694651        6.6487319951680535       0.14465019832823331     
   36.521481794408061       0.69431999281816958        6.6456437911777639       0.15646873233020731     
   37.811486012809581       0.75005836309024154        6.6427627115055428       0.16928362208029232     
   39.147055493126302       0.80818432969519916        6.6400748644255465       0.18317302975331276     
   40.529808025860810       0.86845405035465295        6.6375672755618140       0.19821866440220745     
   41.961393513511240       0.93057591253695449        6.6352278838073993       0.21450476539439542     
   43.443545167355794       0.99421660221264307        6.6330453939038181       0.23211774372024288     
   44.978049075047366        1.0590053668762585        6.6310092825213278       0.25114467045033773     
   46.566763998623138        1.1245421031701257        6.6291097212456798       0.27167203862815820     
   48.211585595230147        1.1904046380112001        6.6273375734866944       0.29378352417231163     
   49.914505239722644        1.2561611649497115        6.6256842828036335       0.31755869489344041     
   51.677575059319224        1.3213797639267557        6.6241418775110450       0.34307027818963454     
   53.502930680545909        1.3856408852670012        6.6227029123392969       0.37038203348799431     
   55.392750120602578        1.4485478490475197        6.6213604660928675       0.39954563899945578     
   57.349321371645829        1.5097410972973777        6.6201080570539093       0.43059932013394547     
   59.375002227322796        1.5689082182792060        6.6189396464713086       0.46356517124996044     
   61.472246417894510        1.6257954836879263        6.6178495943671507       0.49844800048579552     
   63.643556378429672        1.6802162976609381        6.6168326577627443       0.53523370805692916     
   65.891560899834928        1.7320616984519752        6.6158839265946749       0.57389069609419074     
   68.218968971510208        1.7813059221938738        6.6149988263580077       0.61437033866549384     
   70.628585269218178        1.8272907749722849        6.6138907215418943       0.65622365497966417     
   73.123328588587739        1.8686958002486325        6.6120705752026110       0.69855177037159333     
   75.706175661273647        1.9077668471778022        6.6103725156045847       0.74231738577554629     
   78.380253523498894        1.9448276775306854        6.6087883440260677       0.78742563250371234     
   81.148784610322849        1.9802884259259230        6.6073104220537564       0.83378845995248529     
   84.015122474940881        2.0146404961223983        6.6059316156823584       0.88133204941339782     
   86.982687236203873        2.0484479714238297        6.6046452930707096       0.93000212136698124     
   90.055071705548812        2.0823388248226955        6.6034452434819997       0.97977114734573068     
   93.235978303002270        2.1169918989601442        6.6023256806271613        1.0306414207246184     
   96.529260096906100        2.1531230108718331        6.6012812003187689        1.0826482218817588     
   99.938826062156153        2.1914675471643004        6.6003067843519547        1.1358590574963974     
   103.46886588546354        2.2327648501829458        6.5993977111962101        1.1903760979936069     
   107.12359379692580        2.2777357743788458        6.5985496094777343        1.2463293465992784     
   110.90736836557576        2.3270632907874425        6.5977583989117372        1.3038741070523303     
   114.82483910697920        2.3813733563850388        6.5970202456891025        1.3631873227817537     
   118.88068277378797        2.4412104379394397        6.5963316003224968        1.4244564191783178     
   123.07973629915718        2.5070188056798233        6.5956891496842989        1.4878730249429351     
   127.42715949490271        2.5791265656419529        6.5950897807813318        1.5536260313318471     
   131.92808807993632        2.6577237454957374        6.5945306178901104        1.6218859049594048     
   136.58805281121437        2.7428559642197037        6.5940089515880294        1.6927995309134412     
   141.41261684513370        2.8344086628015845        6.5935222733878422        1.7664721474137701     
   146.40753387824964        2.9321044287222158        6.5930682418420599        1.8429561094912854     
   151.57894168226974        3.0355063678337144        6.5926446569417889        1.9222392808050179     
   156.93294936957258        3.1440142661655588        6.5922494863609522        2.0042233851776832     
   162.47613596373097        3.2568836701720558        6.5918808153013710        2.0887159667803408     
   168.21511902855468        3.3732309603813020        6.5915368709694722        2.1754084035132011     
   174.15674278185460        3.3768322737662841        6.5567563788940904        2.2023270552505543     
   180.30830831190286        3.3311547350186572        6.5097667426777006        2.2024845474483077     
   186.67715947709803        3.2854903031203464        6.4659286962296134        2.2017700195452199     
   193.27089166569760        3.2390404123205929        6.4250313312246012        2.1992965726310505     
   200.09760727912413        3.1911901091207762        6.3868764795669701        2.1941302353156131     
   207.16537088595135        3.1414965665922736        6.3512810773675961        2.1853169984423420     
   214.48286737908427        3.0896663498753218        6.3180726471803546        2.1719192595294072     
   222.05883252794877        3.0355397957592158        6.2870915027783942        2.1530635239146583     
   229.90230130529540        2.9790692809978170        6.2581885914139255        2.1279955761695315     
   238.02291179328489        2.9202975857102924        6.2312238640910440        2.0961384350676924     
   246.43025707061713        2.8593444767805569        6.2060679462311654        2.0571513178884029     
   255.13466811288930        2.7963848313196054        6.1825989448875225        2.0109728696302875     
   264.14653641505117        2.7316394964371442        6.1607040069004393        1.9578518652104848     
   273.47660938458705        2.6653613405616379        6.1402777939833131        1.8983486779898593     
   283.13635184814427        2.5978230997241973        6.1212213309646089        1.8333069812502729     
   293.13729579387660        2.5293143416021677        6.1034429828390229        1.7638054057530566     
   303.49136818478553        2.4601330146422264        6.0868572165608814        1.6910825179272064     
   314.21129214162710        2.3905780249617630        6.0713836658347384        1.6164499968015369     
   325.30973137660959        2.3209509323133570        6.0569480898169772        1.5412148562532451     
   336.80032369109853        2.2515458150650209        6.0434805409545547        1.4665986333352625     
   348.69678677735646        2.1826517281902684        6.0309162591232575        1.3936869132933316     
   361.01330816366544        2.1145469289153400        6.0191947965647241        1.3233902763331289     
   373.76502243504467        2.0459001352825603        5.9542336814146095        1.2526681768854944     
   386.96715283564077        1.9726120325255159        5.7018408520508972        1.1716863626627989     
   400.63544401132759        1.9006875958955491        5.4663786792699138        1.0946158687954037     
   414.78669160661980        1.8302967309034726        5.2467062316112631        1.0219031420193201     
   429.43761284149554        1.7615838760909066        5.0417695384563173       0.95381866545575267     
   444.60621081975989        1.6946595432226337        4.8505755794916565       0.89047497633798356     
   460.31059410826708        1.6296051621298211        4.6722049784705124       0.83186054241101337     
   476.56949149896485        1.5664706465884481        4.5057995802562578       0.77786527824486262     
   493.40288198244309        1.5052734474795149        4.3505530678436859       0.72830504693238451     
   510.83065126063684        1.4460060202291529        4.2057205810353704       0.68294893388490163     
   528.87421463804299        1.3886332927951934        4.0706003343226875       0.64153366867430595     
   547.55511287104378        1.3331017507373479        3.9445425877977458       0.60378284018589556     
   566.89562449487210        1.2793419495437683        3.8269408676242138       0.56941688078684027     
   586.91951519858117        1.2272717722511390        3.7172253349156268       0.53816075045546252     
   607.65068989177485        1.1768054042569742        3.6148684110014884       0.50975251504219099     
   629.11387223602765        1.1278562923773545        3.5193776485865715       0.48394603403113212     
   651.33543626567803        1.0803400092442128        3.4302903473834796       0.46051263594817615     
   674.34163286578985        1.0341821565290883        3.3471790737337721       0.43924440014213839     
   698.16073213207346       0.98931694559090888        3.2696411121366764       0.41995221958345985     
   722.82116976782140       0.94517017758776789        3.1967806683547084       0.40175807959107124     
   748.35235540965130       0.90210383084853429        3.1286483075084135       0.38505532720381114     
   774.78566186873422       0.86026224173679311        3.0650847962441561       0.36993690975109844     
   802.15264573967897       0.81963499253896133        3.0057844827373148       0.35628082394691618     
   830.48594444209971       0.78022524012398919        2.9504620684670035       0.34398036252470066     
   859.82037403360118       0.74204681704280706        2.8988494887918557       0.33294232359335452     
   890.19058800385733       0.70512554543463679        2.8506991107332453       0.32308661683167644     
   921.63390537915473       0.66949350348566561        2.8057776217361075       0.31434392464822586     
   954.18786380243341       0.63518999012064992        2.7638690120992058       0.30665538511127649     
   987.89128659474920       0.60225812863378880        2.7247716561710997       0.29997114533753244     
   1022.7855886411724       0.57074201591579365        2.6882961077962939       0.29424927950832419     
   1058.9119914466876       0.54068804048835395        2.6542673602468514       0.28945555483999413     
   1096.3148872627712       0.51214098755879089        2.6225205272984482       0.28556226254722655     
   1135.0389283928459       0.48514620612648535        2.5929029509681705       0.28254814843407272     
   1175.1302964981960       0.45974866617744470        2.5652721387425745       0.28039781948556641     
   1216.6382559936744       0.43599295127153848        2.5394942055794529       0.27910144729694503     
   1259.6123598874483       0.41392648519454883        2.5154451955778421       0.27865475176921695     
   1304.1038583964914       0.39360053929294531        2.4930094070394437       0.27905879761678953     
   1350.1674228314519       0.37507213793130184        2.4720781273983352       0.28032005107641250     
   1397.8574692241625       0.34994311564160002        2.3275364527590616       0.27501250828790536     
   1447.2325992722181       0.32653254389429831        2.1722141433973317       0.26958778862749017     
   1498.3517579647787       0.30567035681322385        2.0273092843585134       0.26492429109663235     
   1551.2759091786245       0.28332461088702215        1.8913634752326034       0.25738276419511186     
   1606.0700862978565       0.26388306312073329        1.7645099335437986       0.25038899887268429     
   1662.7990190437411       0.24721487661859440        1.6461658006050437       0.24401108437636734     
   1721.5324161293761       0.23307958728731901        1.5357576401703812       0.23820394716311466     
   1782.3403946248577       0.22126424876038203        1.4327545429961097       0.23292711347271394     
   1845.2954731357936       0.21157787941886522        1.3366609529960785       0.22814400349723174     
   1910.4750110852074       0.20384668981764326        1.2470112488831047       0.22382139151838348     
   1977.9568210713478       0.19791055538268018        1.1633743406324859       0.21992939252680607     
   2047.8213808026539       0.19361876703385619        1.0853478444320108       0.21644095416758824     
   2120.1545400970977       0.19082664078736319        1.0125536830593131       0.21333147372396155     
   2195.0417479108573       0.18939303796758439       0.94464259602171430       0.21057882294514571     
   2272.5750259096239       0.18917789660461057       0.88128552029055440       0.20816282250989077     
   2352.8469348264384       0.19004082829639102       0.82217779670814384       0.20606527306684999     
   2435.9532056335870       0.19184009269462965       0.76703505331904553       0.20426965022161900     
   2521.9959596104222       0.19443243507711805       0.71559009607674695       0.20276088338490217     
   2611.0779162676686       0.19767326473818092       0.66759554649732022       0.20152532271945969     
   2703.3053132971791       0.20141752090717202       0.62282049898861791       0.20055051202582430     
   2798.7914800504532       0.20552111733579143       0.58104799615260039       0.19982503052306144     
   2897.6492167059700       0.20984223441675703       0.54207761690266387       0.19933843753395486     
   3000.0000000000000       0.21424353615871711       0.50572053034854547       0.19908108240639119     
