         200   4370.0000000000000     
   3.0000000000000000        3.1187532126320254E-003  0.43764881654631582        1.5361960235203767E-003
   3.1059655287322618        3.3362381830966598E-003  0.43764881654631582        1.6378238485249481E-003
   3.2156739552243598        3.5684075781996370E-003  0.43764881654631582        1.7465180812050133E-003
   3.3292574962321346        3.8161937156216560E-003  0.43764881654631582        1.8627736287003351E-003
   3.4468529954360925        4.0805915504892190E-003  0.43764881654631582        1.9871196451031058E-003
   3.5686022069563790        4.3626660353902292E-003  0.43764881654631582        2.1201220196775130E-003
   3.6946518254059528        4.6635602401653995E-003  0.43764881654631582        2.2623857760456275E-003
   3.8251536998800524        4.9845054314877442E-003  0.43764881654631582        2.4145578551818510E-003
   3.9602651907155879        5.3268333640007215E-003  0.43764881654631582        2.5773303008014294E-003
   4.1001490688558144        5.6919895781516036E-003  0.43764881654631582        2.7514431549712014E-003
   4.2449739038313119        6.0815503916359362E-003  0.43764881654631582        2.9376882002180738E-003
   4.3949142193596993        6.4972422346149051E-003  0.43764881654631582        3.1369127482207570E-003
   4.5501507036585132        6.9409645086425734E-003  0.43764881654631582        3.3500238466030721E-003
   4.7108703059600501        7.4148160513063614E-003  0.43764881654631582        3.5779927205678618E-003
   4.8772669425686850        7.9211280075695938E-003  0.43764881654631582        3.8218605373900767E-003
   5.0495410155906377        8.4624985264696358E-003  0.43764881654631582        4.0827429900911968E-003
   5.2279001269311909        9.0418371332029318E-003  0.43764881654631582        4.3618371409945766E-003
   5.4125592113782046        9.6624144797323400E-003  0.43764881654631582        4.6604280914729476E-003
   5.6037407956130689        1.0327920494951213E-002  0.43764881654631582        4.9798965466806453E-003
   5.8016752663703963        1.1042531560628784E-002  0.43764881654631582        5.3217271973938730E-003
   6.0066011480696169        1.1810987621023629E-002  0.43764881654631582        5.6875180124546379E-003
   6.2187653902530293        1.2638679994501873E-002  0.43764881654631582        6.0789905437959747E-003
   6.4384236651766908        1.3531750421618405E-002  0.43764881654631582        6.4980013550329854E-003
   6.6658406759127811        1.4497201551462349E-002  0.43764881654631582        6.9465546941860591E-003
   6.9012904753346884        1.5543018644479274E-002  0.43764881654631582        7.4268165413140354E-003
   7.1450567963692624        1.6678301778539656E-002  0.43764881654631582        7.9411301727322879E-003
   7.3974330131920443        1.7913405414408501E-002  0.43764881654631582        8.4920325498705242E-003
   7.6587243988323896        1.9260096970652570E-002  0.43764881654631582        9.0822776153732711E-003
   7.9292442763577622        2.0731689871306771E-002  0.43764881654631582        9.7148479542009010E-003
   8.2093202460023029        2.2343231554676539E-002  0.43764881654631582        1.0392991393186427E-002
   8.4992881560440416        2.4111626525329145E-002  0.43764881654631582        1.1120231659521385E-002
   8.7994991583321234        2.6055831557983435E-002  0.43764881654631582        1.1900412869026485E-002
   9.1103132457223861        2.8196967239842014E-002  0.43764881654631582        1.2737713458637232E-002
   9.4321068148357909        3.0558514435938548E-002  0.43764881654631582        1.3636699138758555E-002
   9.7652657388916850        3.3166409835092329E-002  0.43764881654631582        1.4602340786514872E-002
   10.110193474162946        3.6049247067346780E-002  0.43764881654631582        1.5640077401272282E-002
   10.467303634806061        3.9238359797248344E-002  0.43764881654631582        1.6755838756447244E-002
   10.837027566606025        4.2768028928939252E-002  0.43764881654631582        1.7956116479374333E-002
   11.219811965471335        4.6675618821984233E-002  0.43764881654631582        1.9248010850467505E-002
   11.616115840724994        5.1001706980133878E-002  0.43764881654631582        2.0639278338751343E-002
   12.026419117330413        5.5790352043101933E-002  0.43764881654631582        2.2138425047778350E-002
   12.451213803399156        6.1089190484407453E-002  0.43764881654631582        2.3754745703003701E-002
   12.891014326336300        6.6949766319212345E-002  0.43764881654631582        2.5498438232812438E-002
   13.346348065368609        7.3427632147889998E-002  0.43764881654631582        2.7380651548134866E-002
   13.817766430769083        8.0582721702408697E-002  0.43764881654631582        2.9413621349113770E-002
   14.305834715756038        8.8479423248139594E-002  0.43764881654631582        3.1610728313621619E-002
   14.811143972217785        9.7186959770317286E-002  0.43764881654631582        3.3986658994139364E-002
   15.334300133051286       0.10677937528520755       0.43764881654631582        3.6557476259238157E-002
   15.875936741648431       0.11733586277463359       0.43764881654631582        3.9340809788781371E-002
   16.436703292225193       0.12894058014334647       0.43764881654631582        4.2355940807270835E-002
   17.017278874447534       0.14168284756503025       0.43764881654631582        4.5624027355953188E-002
   17.618359675531394       0.15565669357402970       0.43764881654631582        4.9168205456845797E-002
   18.240671728221173       0.17096078570647386       0.43764881654631582        5.3013843092474373E-002
   18.884968846184627       0.18769788793978648       0.43764881654631582        5.7188732114783036E-002
   19.552019805756849       0.20597379414151373       0.43764881654631582        6.1723217688536051E-002
   20.242632201214423       0.22589700309001270       0.43763575404929284        6.6650583605599070E-002
   20.957638264717446       0.24757716645047376       0.43759986379876487        7.2007214871095362E-002
   21.697899624358065       0.27112375603675926       0.43756638068963349        7.7832904772363640E-002
   22.464312967141105       0.29664451644161655       0.43753514309721014        8.4171181510195897E-002
   23.257792778673313       0.32424285984089485       0.43750600077360197        9.1069474644324910E-002
   24.079299719823517       0.35401650548453284       0.43747881301126096        9.8579675155338373E-002
   24.929823759061236       0.38605435601183202       0.43745344871872699       0.10675834046435366     
   25.810395145829254       0.42043409182013852       0.43742978546125671       0.11566715198913849     
   26.722064579292049       0.45721839712011908       0.43740770942231372       0.12537307619849627     
   27.665935811728254       0.49645312266117059       0.43738711401241143       0.13594906193827569     
   28.643146268414043       0.53816339372827193       0.43736789992649061       0.14747421082349393     
   29.654879655490589       0.58235105603974346       0.43734997441717105       0.16003426757915815     
   30.702343174827575       0.62892644554371513       0.43254202429444383       0.17369077336405475     
   31.786804983723918       0.67786250559343109       0.42574283349513103       0.18855565768336477     
   32.909571928103169       0.72910508895651505       0.41939966106834542       0.20475052755420972     
   34.072004028335677       0.78253673787517131       0.41348188819483966       0.22238977491556927     
   35.275488300232773       0.83800561148574748       0.40796105132040489       0.24159493887215575     
   36.521481794408061       0.89532730399641336       0.40281049425143289       0.26249514086025427     
   37.811486012809581       0.95428435459410854       0.39800538250404993       0.28522626742298296     
   39.147055493126302        1.0146282221040672       0.39352254723096008       0.30993039602860456     
   40.529808025860810        1.0760822327162842       0.38934034955595131       0.33675496737642929     
   41.961393513511240        1.1383435962816493       0.38543867376779495       0.36585077078302919     
   43.443545167355794        1.2010899273813587       0.38179868144985862       0.39737110830038802     
   44.978049075047366        1.2639828908862736       0.37840282162089495       0.43146891670373350     
   46.566763998623138        1.3266746860401351       0.37523470229101458       0.46829439629313618     
   48.211585595230147        1.3888128247841607       0.37227908530589415       0.50799086741321864     
   49.914505239722644        1.4500489803655203       0.36952170009381241       0.55069234416877910     
   51.677575059319224        1.5100442823033444       0.36694925134754891       0.59651852044642073     
   53.502930680545909        1.5684767986076746       0.36454932172481935       0.64557080520414278     
   55.392750120602578        1.6250467168141041       0.36231036794264010       0.69792650005939549     
   57.349321371645829        1.6794845842358601       0.36022157968604407       0.75363594417715951     
   59.375002227322796        1.7315554877873889       0.35827288542731239       0.81271705850203735     
   61.472246417894510        1.7810645209137252       0.35645487871912745       0.87515226285962766     
   63.643556378429672        1.8278595588566249       0.35475881523594560       0.94088408808079582     
   65.891560899834928        1.8718359371340838       0.35317650589382732        1.0098156413088548     
   68.218968971510208        1.9129370603410574       0.35170032125865264        1.0818087383805683     
   70.628585269218178        1.9502189838980000       0.35018551379582824        1.1561023509767470     
   73.123328588587739        1.9818480775177996       0.34838901550053597        1.2312299086213596     
   75.706175661273647        2.0105513108353232       0.34671301774842339        1.3085104871796249     
   78.380253523498894        2.0364710432970012       0.34514942833869078        1.3876393785692311     
   81.148784610322849        2.0597922140028313       0.34369070809927221        1.4682901533257158     
   84.015122474940881        2.0807374819329083       0.34232981571261506        1.5501233205560454     
   86.982687236203873        2.0995605910821658       0.34106020550097066        1.6327920143935768     
   90.055071705548812        2.1165401482903303       0.33987574741985915        1.7159518443001502     
   93.235978303002270        2.1319715312694010       0.33877073035789584        1.7992646647086405     
   96.529260096906100        2.1461591199963737       0.33773982034094036        1.8824036352220066     
   99.938826062156153        2.1594077496036843       0.33677806436258623        1.9650530215817157     
   103.46886588546354        2.1720155381998714       0.33588080223627570        2.0469140371503656     
   107.12359379692580        2.1842651307513483       0.33504371938276833        2.1276972928676043     
   110.90736836557576        2.1964170410847830       0.33426278852993224        2.2071234123419976     
   114.82483910697920        2.2087037125628046       0.33353422567897212        2.2849227314274776     
   118.88068277378797        2.2213232978986390       0.33285452745884431        2.3608264890744475     
   123.07973629915718        2.2344358688462158       0.33222042378739658        2.4345671338361159     
   127.42715949490271        2.2481609667542894       0.33162884211662863        2.5058793125602334     
   131.92808807993632        2.2625749050107307       0.33107694408558125        2.5744938121754855     
   136.58805281121437        2.2777118437933357       0.33056205547351214        2.6401460995961812     
   141.41261684513370        2.2935637036130432       0.33008170038441270        2.7025741982343279     
   146.40753387824964        2.3100829658863336       0.32963356779177483        2.7615266672378924     
   151.57894168226974        2.2970061388318603       0.32693629624598353        2.7839034258313511     
   156.93294936957258        2.2176379525571059       0.31932324389965056        2.7268298690980015     
   162.47613596373097        2.1430436973545506       0.31222071093938580        2.6669020755501749     
   168.21511902855468        2.0727014939137001       0.30559454408895093        2.6044947106154090     
   174.15674278185460        2.0061485647428707       0.29941286433304931        2.5400255837901495     
   180.30830831190286        1.9429770289762320       0.29364571835549164        2.4739413068271823     
   186.67715947709803        1.8828352015361975       0.28826537422869808        2.4067075299398075     
   193.27089166569760        1.8254206229130117       0.28324594668950165        2.3387912757808529     
   200.09760727912413        1.7704730722545758       0.27856311411237206        2.2706433502374983     
   207.16537088595135        1.7177738051387317       0.27419440864573746        2.2026904375139909     
   214.48286737908427        1.6671348019525878       0.27011866173649685        2.1353176154981450     
   222.05883252794877        1.6183978539166117       0.26631627472726188        2.0688660470068734     
   229.90230130529540        1.5714275847078054       0.26276895403195616        2.0036258488761005     
   238.02291179328489        1.5261053753029838       0.25945951111565035        1.9398323115470495     
   246.43025707061713        1.4823292956894270       0.25637206753917352        1.8776725330928050     
   255.13466811288930        1.4400065108211135       0.25349166310120286        1.8172828470142286     
   264.14653641505117        1.3990543115431622       0.25080444707425709        1.7587590802972932     
   273.47660938458705        1.3593964434651611       0.24829749104847948        1.7021602403304605     
   283.13635184814427        1.3209602859306149       0.24595864757374700        1.6475129713933487     
   293.13729579387660        1.2836786758884078       0.24377667007539153        1.5948218490571688     
   303.49136818478553        1.2474878416805117       0.24174106088626673        1.5440730568966721     
   314.21129214162710        1.2123259014311243       0.23984195646634973        1.4952377619000095     
   325.30973137660959        1.1781357957223171       0.23807024506639174        1.4482804959889402     
   336.80032369109853        1.1448620615960337       0.23641734186254801        1.4031578534602975     
   348.69678677735646        1.1124539015492052       0.23487529869603838        1.3598249281569716     
   361.01330816366544        1.0808641526748128       0.23343669667464270        1.3182352747824977     
   373.76502243504467        1.0493016935300543       0.23139470991528024        1.2771239301249260     
   386.96715283564077        1.0158801438730005       0.22700522561089970        1.2334892103336572     
   400.63544401132759       0.98339443385629954       0.22291019044566496        1.1919152726212150     
   414.78669160661980       0.95179765533827143       0.21908976193534041        1.1523123225797662     
   429.43761284149554       0.92104943382140558       0.21552560997324610        1.1145980467265841     
   444.60621081975989       0.89111278021373208       0.21220046446858420        1.0786931321699540     
   460.31059410826708       0.86195646481487687       0.20909833610971049        1.0445238193408368     
   476.56949149896485       0.83355363020073281       0.20620430031056788        1.0120199332237527     
   493.40288198244309       0.80588053464133180       0.20350433402680770       0.98111338649614654     
   510.83065126063684       0.77891857459764990       0.20098548303879757       0.95174048698268610     
   528.87421463804299       0.75265132559226167       0.19863554225939969       0.92383872705226699     
   547.55511287104378       0.72706645873823161       0.19644321175139073       0.89734904322081710     
   566.89562449487210       0.70215439550577130       0.19439794403847166       0.87221450141776735     
   586.91951519858117       0.67790710610795568       0.19248982878026411       0.84837930071527834     
   607.65068989177485       0.65431953117753339       0.19070969060399939       0.82579039196013315     
   629.11387223602765       0.63138831148706576       0.18904896512344485       0.80439635218961103     
   651.33543626567803       0.60911066315304918       0.18749960529679471       0.78414653041285276     
   674.34163286578985       0.58748592479737283       0.18605417742104177       0.76499263941281914     
   698.16073213207346       0.56651311529985560       0.18470567767846952       0.74688669448433842     
   722.82116976782140       0.54164583073362982       0.17891361212940082       0.72125776549232345     
   748.35235540965130       0.51635225969599352       0.17212773333294734       0.69456692905638318     
   774.78566186873422       0.49209015025848202       0.16579690495773183       0.66950824463380421     
   802.15264573967897       0.46883339086659470       0.15989068455012106       0.64599340808062855     
   830.48594444209971       0.44655694870365742       0.15438065681436677       0.62393734771030429     
   859.82037403360118       0.42523580302867026       0.14924012292272587       0.60325737330368134     
   890.19058800385733       0.40484648180758137       0.14444441900977625       0.58387487243476299     
   921.63390537915473       0.38536479656411537       0.13997030750234637       0.56571329342920518     
   954.18786380243341       0.36676736668680060       0.13579627416500972       0.54869977676746939     
   987.89128659474920       0.34903069395084241       0.13190223739167020       0.53276441056989565     
   1022.7855886411724       0.33213046774331312       0.12826932863537469       0.51783974514816944     
   1058.9119914466876       0.31604294155236401       0.12488011749404086       0.50386211196004471     
   1096.3148872627712       0.30074329250480647       0.12171818155224860       0.49077022777842949     
   1135.0389283928459       0.28620697790469618       0.11876831630869086       0.47850640020099883     
   1175.1302964981960       0.27240914634150326       0.11601632972725741       0.46701599094899210     
   1216.6382559936744       0.25932423484247269       0.11344888706278468       0.45624704155398371     
   1259.6123598874483       0.24692701621212818       0.11105364249737470       0.44615106407718402     
   1304.1038583964914       0.23519215101677696       0.10881907231907297       0.43668255287814128     
   1350.1674228314519       0.22409389593092363       0.10673434892280556       0.42779862299059346     
   1397.8574692241625       0.20595684430147607       0.10090935319539471       0.40476818412579596     
   1447.2325992722181       0.18857079521112383        9.4934258932692861E-002  0.38195177869063790     
   1498.3517579647787       0.17273167229033273        8.9359913589526344E-002  0.36087262835238881     
   1551.2759091786245       0.15557712826167661        8.3390900326552234E-002  0.33390412469237840     
   1606.0700862978565       0.14011663708792968        7.7797881750500841E-002  0.30882353416072528     
   1662.7990190437411       0.12626274719246802        7.2580046086779829E-002  0.28571083917582502     
   1721.5324161293761       0.11384789085769786        6.7712110323712119E-002  0.26440396698248869     
   1782.3403946248577       0.10272185596716364        6.3170666480545118E-002  0.24475562449855776     
   1845.2954731357936        9.2749650026831623E-002   5.8933865310041578E-002  0.22663111980175182     
   1910.4750110852074        8.3809766577916708E-002   5.4981177401087024E-002  0.20990665700754416     
   1977.9568210713478        7.5793564340922215E-002   5.1293595838431384E-002  0.19446958324473257     
   2047.8213808026539        6.8603646837230761E-002   4.7853379374124580E-002  0.18021673262496546     
   2120.1545400970977        6.2152545235315916E-002   4.4643858446562400E-002  0.16705313510438907     
   2195.0417479108573        5.6362281030728455E-002   4.1649634034185062E-002  0.15489239589703840     
   2272.5750259096239        5.1162828477377305E-002   3.8856197628932991E-002  0.14365474283234689     
   2352.8469348264384        4.6491779031211204E-002   3.6250116698251900E-002  0.13326743344840833     
   2435.9532056335870        4.2293348870652510E-002   3.3818853179679628E-002  0.12366370328100715     
   2521.9959596104222        3.8517571736514301E-002   3.1550626390977075E-002  0.11478194944491532     
   2611.0779162676686        3.5119976952775619E-002   2.9434529325232790E-002  0.10656594081234903     
   2703.3053132971791        3.2060860497348138E-002   2.7460381271297376E-002   9.8964011548007283E-002
   2798.7914800504532        2.9304692487812787E-002   2.5618616498949500E-002   9.1928435819136609E-002
   2897.6492167059700        2.6819908766524861E-002   2.3900398369925011E-002   8.5415686746500658E-002
   3000.0000000000000        2.4578240003766721E-002   2.2297401261912500E-002   7.9385442244525900E-002
