         200   4370.0000000000000     
   3.0000000000000000        1.2021250074802927E-003   3.0292067400520283E-003   2.0149338896899753E-003
   3.1059655287322618        1.2368976197584714E-003   3.0292067400520283E-003   2.0369681666955668E-003
   3.2156739552243598        1.2715343258393155E-003   3.0292067400520283E-003   2.0590360908915618E-003
   3.3292574962321346        1.3059790228261666E-003   3.0292067400520283E-003   2.0810783139305448E-003
   3.4468529954360925        1.3401763155024230E-003   3.0292067400520283E-003   2.1030359631458401E-003
   3.5686022069563790        1.3740716277280236E-003   3.0292067400520283E-003   2.1248508444926188E-003
   3.6946518254059528        1.4076112563937769E-003   3.0292067400520283E-003   2.1464656269081913E-003
   3.8251536998800524        1.4407425046966673E-003   3.0292067400520283E-003   2.1678240971669802E-003
   3.9602651907155879        1.4734138735983861E-003   3.0292067400520283E-003   2.1888714717097036E-003
   4.1001490688558144        1.5055751673293200E-003   3.0292067400520283E-003   2.2095546704362641E-003
   4.2449739038313119        1.5371777514877514E-003   3.0292067400520283E-003   2.2298227024980712E-003
   4.3949142193596993        1.5681747760354129E-003   3.0292067400520283E-003   2.2496270374868918E-003
   4.5501507036585132        1.5985214321708790E-003   3.0292067400520283E-003   2.2689219994033818E-003
   4.7108703059600501        1.6281752023254359E-003   3.0292067400520283E-003   2.2876651492345517E-003
   4.8772669425686850        1.6570962262432119E-003   3.0292067400520283E-003   2.3058177247565000E-003
   5.0495410155906377        1.6852474460024407E-003   3.0292067400520283E-003   2.3233449156917752E-003
   5.2279001269311909        1.7125949608803204E-003   3.0292067400520283E-003   2.3402162382127043E-003
   5.4125592113782046        1.7391082522222321E-003   3.0292067400520283E-003   2.3564057864552909E-003
   5.6037407956130689        1.7647604032344603E-003   3.0292067400520283E-003   2.3718924345252079E-003
   5.8016752663703963        1.7895282843864140E-003   3.0292067400520283E-003   2.3866599667519543E-003
   6.0066011480696169        1.8133926986164466E-003   3.0292067400520283E-003   2.4006971310621297E-003
   6.2187653902530293        1.8363384819886381E-003   3.0292067400520283E-003   2.4139976135377941E-003
   6.4384236651766908        1.8583545570043300E-003   3.0292067400520283E-003   2.4265599353938201E-003
   6.6658406759127811        1.8794339373479282E-003   3.0292067400520283E-003   2.4383872765565439E-003
   6.9012904753346884        1.8995736843667157E-003   3.0292067400520283E-003   2.4494872325938346E-003
   7.1450567963692624        1.9187748169857968E-003   3.0292067400520283E-003   2.4598715138159704E-003
   7.3974330131920443        1.9370421515966364E-003   3.0292067400520283E-003   2.4695555830163102E-003
   7.6587243988323896        1.9543842606557695E-003   3.0292067400520283E-003   2.4785583400066882E-003
   7.9292442763577622        1.9708129767647955E-003   3.0292067400520283E-003   2.4869015617821695E-003
   8.2093202460023029        1.9863435372600830E-003   3.0292067400520283E-003   2.4946096775793126E-003
   8.4992881560440416        2.0009939326312400E-003   3.0292067400520283E-003   2.5017091449683459E-003
   8.7994991583321234        2.0147849955881852E-003   3.0292067400520283E-003   2.5082282143164564E-003
   9.1103132457223861        2.0277397614768635E-003   3.0292067400520283E-003   2.5141963564816049E-003
   9.4321068148357909        2.0398834974990226E-003   3.0292067400520283E-003   2.5196440365712375E-003
   9.7652657388916850        2.0512430955938283E-003   3.0292067400520283E-003   2.5246022182861681E-003
   10.110193474162946        2.0618470651623446E-003   3.0292067400520283E-003   2.5291021715310134E-003
   10.467303634806061        2.0717249756171739E-003   3.0292067400520283E-003   2.5331750664783267E-003
   10.837027566606025        2.0809074066067473E-003   3.0292067400520283E-003   2.5368518179872813E-003
   11.219811965471335        2.0894255843375261E-003   3.0292067400520283E-003   2.5401628235288448E-003
   11.616115840724994        2.0973110732786845E-003   3.0292067400520283E-003   2.5431377572049580E-003
   12.026419117330413        2.1045957270747657E-003   3.0292067400520283E-003   2.5458054876892938E-003
   12.451213803399156        2.1113113020808901E-003   3.0292067400520283E-003   2.5481938904402613E-003
   12.891014326336300        2.1174894551233472E-003   3.0292067400520283E-003   2.5503298237023520E-003
   13.346348065368609        2.1231614323652418E-003   3.0292067400520283E-003   2.5522390103665661E-003
   13.817766430769083        2.1283580891001018E-003   3.0292067400520283E-003   2.5539460517662628E-003
   14.305834715756038        2.1331096512844355E-003   3.0292067400520283E-003   2.5554743660128605E-003
   14.811143972217785        2.1374457584576001E-003   3.0292067400520283E-003   2.5568462313719643E-003
   15.334300133051286        2.1413952910494067E-003   3.0292067400520283E-003   2.5580827683648155E-003
   15.875936741648431        2.1449864333831607E-003   3.0292067400520283E-003   2.5592040050622052E-003
   16.436703292225193        2.1482465564251025E-003   3.0292067400520283E-003   2.5602288915949874E-003
   17.017278874447534        2.1512022949335121E-003   3.0292067400520283E-003   2.5611753808852584E-003
   17.618359675531394        2.1538794737875500E-003   3.0292067400520283E-003   2.5620604660181452E-003
   18.240671728221173        2.1563031861069728E-003   3.0292067400520283E-003   2.5629002690572807E-003
   18.884968846184627        2.1584977931643026E-003   3.0292067400520283E-003   2.5637101084283040E-003
   19.552019805756849        2.1604869143749292E-003   3.0292067400520283E-003   2.5645045614567158E-003
   20.242632201214423        2.1622935446589451E-003   3.0291925442317144E-003   2.5652975448559978E-003
   20.957638264717446        2.1639400494347862E-003   3.0291535400852154E-003   2.5661024035072188E-003
   21.697899624358065        2.1654482367907835E-003   3.0291171519275799E-003   2.5669321040262495E-003
   22.464312967141105        2.1668394361807541E-003   3.0290832041113005E-003   2.5677991918295834E-003
   23.257792778673313        2.1681345513146245E-003   3.0290515333527353E-003   2.5687159206010017E-003
   24.079299719823517        2.1693542110298859E-003   3.0290219867363222E-003   2.5696943851068839E-003
   24.929823759061236        2.1705188549055012E-003   3.0289944217968953E-003   2.5707466071534734E-003
   25.810395145829254        2.1716488853275764E-003   3.0289687054770747E-003   2.5718846576733151E-003
   26.722064579292049        2.1727647939596764E-003   3.0289447140854188E-003   2.5731207423438625E-003
   27.665935811728254        2.1738873677168520E-003   3.0289223317845654E-003   2.5744673569236972E-003
   28.643146268414043        2.1750378355071031E-003   3.0289014506535879E-003   2.5759373758847798E-003
   29.654879655490589        2.1762380565709680E-003   3.0288819698981941E-003   2.5775441817628610E-003
   30.702343174827575        2.1768416419803505E-003   2.9504618908791011E-003   2.5783170835322424E-003
   31.786804983723918        2.1771468017304650E-003   2.8394407350036967E-003   2.5786781503626161E-003
   32.909571928103169        2.1774961194720379E-003   2.7358657132805653E-003   2.5791123099449254E-003
   34.072004028335677        2.1779098867574054E-003   2.6392368637576206E-003   2.5796289467509442E-003
   35.275488300232773        2.1784091781833683E-003   2.5490894169083456E-003   2.5802379649829351E-003
   36.521481794408061        2.1790158269188180E-003   2.4649881148450020E-003   2.5809498271918345E-003
   37.811486012809581        2.1797523196199591E-003   2.3865274456196487E-003   2.5817755402557552E-003
   39.147055493126302        2.1806416450983915E-003   2.3133290947706668E-003   2.5827266318047544E-003
   40.529808025860810        2.1817070919025110E-003   2.2450397300971866E-003   2.5838151057154457E-003
   41.961393513511240        2.1829719619859611E-003   2.1813308905253102E-003   2.5850533384742824E-003
   43.443545167355794        2.1844593052781280E-003   2.1218949713927406E-003   2.5864540146732827E-003
   44.978049075047366        2.1861915591046021E-003   2.0664453900336851E-003   2.5880299722606591E-003
   46.566763998623138        2.1881902078809434E-003   2.0147144884696249E-003   2.5897940621987903E-003
   48.211585595230147        2.1904753648667040E-003   1.9664534492227098E-003   2.5917589191525241E-003
   49.914505239722644        2.1930654749201715E-003   1.9214292540684975E-003   2.5939368070449225E-003
   51.677575059319224        2.1959769124073637E-003   1.8794248094705787E-003   2.5963393284103831E-003
   53.502930680545909        2.1992236771180432E-003   1.8402373578164902E-003   2.5989771655592253E-003
   55.392750120602578        2.2028170082062869E-003   1.8036784136441677E-003   2.6018596947186769E-003
   57.349321371645829        2.2067652262319614E-003   1.7695714598211158E-003   2.6049947205603304E-003
   59.375002227322796        2.2110734218353345E-003   1.7377520425643073E-003   2.6083880199091044E-003
   61.472246417894510        2.2157433050763631E-003   1.7080665679115935E-003   2.6120429523516691E-003
   63.643556378429672        2.2207729340809157E-003   1.6803722534117118E-003   2.6159599216946717E-003
   65.891560899834928        2.2261567621411934E-003   1.6545353829223431E-003   2.6201360448874660E-003
   68.218968971510208        2.2318854495709094E-003   1.6304313785900672E-003   2.6245646125470775E-003
   70.628585269218178        2.2369105957003007E-003   1.6076481677056750E-003   2.6277667378733940E-003
   73.123328588587739        2.2391124101822442E-003   1.5855689914793200E-003   2.6267638243389351E-003
   75.706175661273647        2.2413619723507562E-003   1.5649707811604859E-003   2.6256538101210114E-003
   78.380253523498894        2.2436345770733383E-003   1.5457540826456038E-003   2.6244211432224838E-003
   81.148784610322849        2.2459054092454100E-003   1.5278262386195568E-003   2.6230516360467924E-003
   84.015122474940881        2.2481502104058516E-003   1.5111007104579969E-003   2.6215330589539781E-003
   86.982687236203873        2.2503458596705660E-003   1.4954970510083277E-003   2.6198557465059520E-003
   90.055071705548812        2.2524710605988335E-003   1.4809399212998748E-003   2.6180130412159401E-003
   93.235978303002270        2.2545068469823821E-003   1.4673591310992065E-003   2.6160017248689021E-003
   96.529260096906100        2.2564371006005978E-003   1.4546891252341710E-003   2.6138222664117759E-003
   99.938826062156153        2.2582489063066474E-003   1.4428690306710688E-003   2.6114790144497486E-003
   103.46886588546354        2.2599329871474168E-003   1.4318415731666789E-003   2.6089800191351703E-003
   107.12359379692580        2.2614837710959062E-003   1.4215537260325714E-003   2.6063370273646282E-003
   110.90736836557576        2.2628995583255222E-003   1.4119559936186107E-003   2.6035650783568631E-003
   114.82483910697920        2.2641825457408492E-003   1.4030018701326750E-003   2.6006819406619816E-003
   118.88068277378797        2.2653385949858032E-003   1.3946482987308754E-003   2.5977077496490120E-003
   123.07973629915718        2.2663770518470878E-003   1.3868550897173423E-003   2.5946642800881788E-003
   127.42715949490271        2.2673104420657458E-003   1.3795844811142711E-003   2.5915741587070797E-003
   131.92808807993632        2.2681539698773709E-003   1.3728015891302393E-003   2.5884604365940807E-003
   136.58805281121437        2.2689251208648227E-003   1.3664735472764770E-003   2.5853456402019372E-003
   141.41261684513370        2.2696430517385592E-003   1.3605699264986244E-003   2.5822514248081399E-003
   146.40753387824964        2.2703280532817465E-003   1.3550623240079682E-003   2.5791979343695059E-003
   151.57894168226974        2.2356293863180876E-003   1.3355362889384704E-003   2.5385227007931207E-003
   156.93294936957258        2.1241166421192442E-003   1.2851462135179403E-003   2.4162017627554063E-003
   162.47613596373097        2.0200193083831021E-003   1.2381352177618325E-003   2.3019920795758265E-003
   168.21511902855468        1.9228737639982976E-003   1.1942772443560377E-003   2.1953630477730937E-003
   174.15674278185460        1.8322426372910838E-003   1.1533612891051189E-003   2.0958174528189826E-003
   180.30830831190286        1.7477102524389593E-003   1.1151890938344087E-003   2.0028861074630382E-003
   186.67715947709803        1.6688875867373360E-003   1.0795771035309327E-003   1.9161329220139425E-003
   193.27089166569760        1.5954074354902269E-003   1.0463539860792548E-003   1.8351492142316263E-003
   200.09760727912413        1.5269209456985891E-003   1.0153587589340029E-003   1.7595494995698733E-003
   207.16537088595135        1.4631025321615002E-003   9.8644270950479056E-004   1.6889765316296774E-003
   214.48286737908427        1.4036424159182500E-003   9.5946572513523382E-004   1.6230926942280958E-003
   222.05883252794877        1.3482511891873667E-003   9.3429808416063231E-004   1.5615846887145199E-003
   229.90230130529540        1.2966565055840282E-003   9.1081870306017874E-004   1.5041595410210551E-003
   238.02291179328489        1.2486006784653944E-003   8.8891381254239650E-004   1.4505416076925092E-003
   246.43025707061713        1.2038441050862328E-003   8.6847831471605725E-004   1.4004761017432357E-003
   255.13466811288930        1.1621599583400211E-003   8.4941318941964331E-004   1.3537229093303249E-003
   264.14653641505117        1.1233372831883856E-003   8.3162675999436369E-004   1.3100598168047791E-003
   273.47660938458705        1.0871785463905780E-003   8.1503345451476659E-004   1.2692795702279177E-003
   283.13635184814427        1.0534978118073577E-003   7.9955287015423136E-004   1.2311876376409731E-003
   293.13729579387660        1.0221226341682577E-003   7.8511056689580276E-004   1.1956041981412836E-003
   303.49136818478553        9.9289198912204911E-004   7.7163706167077454E-004   1.1623616892943542E-003
   314.21129214162710        9.6565471444213667E-004   7.5906706863806646E-004   1.1313029336727149E-003
   325.30973137660959        9.4027125641546027E-004   7.4734027798880308E-004   1.1022830528963305E-003
   336.80032369109853        9.1661047732122323E-004   7.3639986758369011E-004   1.0751657736228889E-003
   348.69678677735646        8.9455124134102382E-004   7.2619322930941670E-004   1.0498252019539810E-003
   361.01330816366544        8.7398087185336154E-004   7.1667125821812884E-004   1.0261440411400331E-003
   373.76502243504467        8.5432235284140195E-004   7.0715591177576839E-004   1.0031697417192894E-003
   386.96715283564077        8.3429375903498726E-004   6.9603552916629706E-004   9.7871035287955526E-004
   400.63544401132759        8.1558284333143867E-004   6.8566110823689271E-004   9.5585945533312611E-004
   414.78669160661980        7.9809884057230340E-004   6.7598237975288007E-004   9.3451063360440662E-004
   429.43761284149554        7.8175825228115085E-004   6.6695290595860496E-004   9.1456569207650829E-004
   444.60621081975989        7.6648274912331836E-004   6.5852893455788325E-004   8.9593210961490927E-004
   460.31059410826708        7.5220015076655794E-004   6.5066995799885341E-004   8.7852426034225751E-004
   476.56949149896485        7.3884340181925787E-004   6.4333816612073698E-004   8.6226219568053865E-004
   493.40288198244309        7.2634978114082828E-004   6.3649803274148714E-004   8.4707072108912190E-004
   510.83065126063684        7.1466163743625429E-004   6.3011673945494770E-004   8.3288033518343172E-004
   528.87421463804299        7.0372487269553712E-004   6.2416336571798612E-004   8.1962543329349422E-004
   547.55511287104378        6.9348962879955771E-004   6.1860928410727178E-004   8.0724519109493713E-004
   566.89562449487210        6.8390954550894304E-004   6.1342777349479040E-004   7.9568271262800373E-004
   586.91951519858117        6.7494118754639299E-004   6.0859372688183038E-004   7.8488438770210687E-004
   607.65068989177485        6.6654447475576392E-004   6.0408389924717189E-004   7.7480045645428959E-004
   629.11387223602765        6.5868207787983123E-004   5.9987659345167468E-004   7.6538432118291103E-004
   651.33543626567803        6.5131895401624687E-004   5.9595142300400048E-004   7.5659202825979711E-004
   674.34163286578985        6.4442278608221437E-004   5.9228955525412856E-004   7.4838282645798182E-004
   698.16073213207346        6.3796309958411967E-004   5.8887324662962608E-004   7.4071814041613328E-004
   722.82116976782140        6.2918685183454605E-004   5.8296114171474899E-004   7.2834653763688200E-004
   748.35235540965130        6.2014449708297026E-004   5.7661483650933839E-004   7.1520965401314937E-004
   774.78566186873422        6.1168533740603220E-004   5.7069410460749298E-004   7.0294888468356534E-004
   802.15264573967897        6.0377119255777963E-004   5.6517047554758084E-004   6.9150566375826008E-004
   830.48594444209971        5.9636634790601972E-004   5.6001737471122863E-004   6.8082517254160408E-004
   859.82037403360118        5.8943714688424842E-004   5.5520983275923264E-004   6.7085576310452774E-004
   890.19058800385733        5.8295243343196238E-004   5.5072478349453297E-004   6.6154960487952309E-004
   921.63390537915473        5.7688274828375128E-004   5.4654049462040267E-004   6.5286153618695857E-004
   954.18786380243341        5.7120074924067255E-004   5.4263684554400676E-004   6.4474967479956704E-004
   987.89128659474920        5.6588084023228332E-004   5.3899505549941866E-004   6.3717488983173673E-004
   1022.7855886411724        5.6089889431979346E-004   5.3559747820067238E-004   6.3010041061224069E-004
   1058.9119914466876        5.5623258704698842E-004   5.3242781234697032E-004   6.2349230001645527E-004
   1096.3148872627712        5.5186083298491839E-004   5.2947069932911522E-004   6.1731864967242290E-004
   1135.0389283928459        5.4776410093261693E-004   5.2671191955836079E-004   6.1155001802747186E-004
   1175.1302964981960        5.4392415800813164E-004   5.2413820032598784E-004   6.0615905385914262E-004
   1216.6382559936744        5.4032387788860144E-004   5.2173707068089916E-004   6.0112020951440779E-004
   1259.6123598874483        5.3694744813672333E-004   5.1949698453883256E-004   5.9641000922759527E-004
   1304.1038583964914        5.3378015899849089E-004   5.1740716466733012E-004   5.9200672549422195E-004
   1350.1674228314519        5.3080824213109861E-004   5.1545748484863279E-004   5.8789012584235150E-004
   1397.8574692241625        5.0953171170705692E-004   4.9527504463786588E-004   5.6372941537876384E-004
   1447.2325992722181        4.8788615512664448E-004   4.7467795844172942E-004   5.3918911225624253E-004
   1498.3517579647787        4.6768177062575305E-004   4.5546231656693218E-004   5.1628856707451837E-004
   1551.2759091786245        4.3655718904159695E-004   4.2530130584257219E-004   4.8188328453981560E-004
   1606.0700862978565        4.0712552961034689E-004   3.9677639371569004E-004   4.4936981302798947E-004
   1662.7990190437411        3.7966249932803542E-004   3.7016494914844726E-004   4.1903502404061054E-004
   1721.5324161293761        3.5403648832778273E-004   3.4533802644245510E-004   3.9073339028725882E-004
   1782.3403946248577        3.3012562337699831E-004   3.2217624273048944E-004   3.6433020482015878E-004
   1845.2954731357936        3.0781612030346162E-004   3.0056816483045172E-004   3.3969971455669138E-004
   1910.4750110852074        2.8700103635278444E-004   2.8040909084655859E-004   3.1672370796973376E-004
   1977.9568210713478        2.6758134284587948E-004   2.6160208375277440E-004   2.9529267465967221E-004
   2047.8213808026539        2.4946457486639371E-004   2.4405666154338101E-004   2.7530429886575141E-004
   2120.1545400970977        2.3256380961401887E-004   2.2768780791215779E-004   2.5666232468825426E-004
   2195.0417479108573        2.1679871247355304E-004   2.1241698642464506E-004   2.3927770880443060E-004
   2272.5750259096239        2.0209353465903640E-004   1.9817020234760984E-004   2.2306641565795094E-004
   2352.8469348264384        1.8837808902791200E-004   1.8487894852243486E-004   2.0795050138902366E-004
   2435.9532056335870        1.7558679456048076E-004   1.7247927967071322E-004   1.9385707042927135E-004
   2521.9959596104222        1.6365795672098219E-004   1.6091111322323904E-004   1.8071749472015509E-004
   2611.0779162676686        1.5253438219339731E-004   1.5011882243579758E-004   1.6846810359597738E-004
   2703.3053132971791        1.4216260759045669E-004   1.4005048473974879E-004   1.5704934631569675E-004
   2798.7914800504532        1.3249232030423399E-004   1.3065731402607273E-004   1.4640516619677529E-004
   2897.6492167059700        1.2347696439959712E-004   1.2189424262217984E-004   1.3648367795638283E-004
   3000.0000000000000        1.1507260294950839E-004   1.1371880908410947E-004   1.2723592419934421E-004
