         200   4370.0000000000000     
   3.0000000000000000        4.4012956969644310E-003   2.7642910309039342E-002   2.3282050700585123E-002
   3.1059655287322618        4.6483592964649432E-003   2.7642910309039342E-002   2.3541910032146483E-002
   3.2156739552243598        4.9052245643854677E-003   2.7642910309039342E-002   2.3789573985690118E-002
   3.3292574962321346        5.1719482170095145E-003   2.7642910309039342E-002   2.4025235418418611E-002
   3.4468529954360925        5.4485525091459907E-003   2.7642910309039342E-002   2.4249166041567887E-002
   3.5686022069563790        5.7350225292246140E-003   2.7642910309039342E-002   2.4461707922323984E-002
   3.6946518254059528        6.0313031365165672E-003   2.7642910309039342E-002   2.4663263659347835E-002
   3.8251536998800524        6.3372966128578965E-003   2.7642910309039342E-002   2.4854286407314890E-002
   3.9602651907155879        6.6528609614948768E-003   2.7642910309039342E-002   2.5035269788167242E-002
   4.1001490688558144        6.9778074689871294E-003   2.7642910309039342E-002   2.5206737129109858E-002
   4.2449739038313119        7.3118997624874241E-003   2.7642910309039342E-002   2.5369231604207468E-002
   4.3949142193596993        7.6548526777702785E-003   2.7642910309039342E-002   2.5523306379345044E-002
   4.5501507036585132        8.0063316156909672E-003   2.7642910309039342E-002   2.5669515334069484E-002
   4.7108703059600501        8.3659520090717202E-003   2.7642910309039342E-002   2.5808404303040950E-002
   4.8772669425686850        8.7332805155965736E-003   2.7642910309039342E-002   2.5940503539344805E-002
   5.0495410155906377        9.1078339285318895E-003   2.7642910309039342E-002   2.6066319947760510E-002
   5.2279001269311909        9.4890811481433100E-003   2.7642910309039342E-002   2.6186331210274656E-002
   5.4125592113782046        9.8764442411998551E-003   2.7642910309039342E-002   2.6300980300395470E-002
   5.6037407956130689        1.0269300191228316E-002   2.7642910309039342E-002   2.6410671056278534E-002
   5.8016752663703963        1.0666983091280375E-002   2.7642910309039342E-002   2.6515764737866512E-002
   6.0066011480696169        1.1068786793353307E-002   2.7642910309039342E-002   2.6616577586806290E-002
   6.2187653902530293        1.1473968025119330E-002   2.7642910309039342E-002   2.6713379394571215E-002
   6.4384236651766908        1.1881749978831692E-002   2.7642910309039342E-002   2.6806393069478851E-002
   6.6658406759127811        1.2291326369317131E-002   2.7642910309039342E-002   2.6895795177288240E-002
   6.9012904753346884        1.2701865948145419E-002   2.7642910309039342E-002   2.6981717413148296E-002
   7.1450567963692624        1.3112517449842452E-002   2.7642910309039342E-002   2.7064248945354658E-002
   7.3974330131920443        1.3522414327180793E-002   2.7642910309039342E-002   2.7143439439337561E-002
   7.6587243988323896        1.3930683474262991E-002   2.7642910309039342E-002   2.7219303473699975E-002
   7.9292442763577622        1.4336444535858013E-002   2.7642910309039342E-002   2.7291823721979584E-002
   8.2093202460023029        1.4738825163056720E-002   2.7642910309039342E-002   2.7360957538763775E-002
   8.4992881560440416        1.5136957725811169E-002   2.7642910309039342E-002   2.7426640497479445E-002
   8.7994991583321234        1.5529995219154658E-002   2.7642910309039342E-002   2.7488793497966395E-002
   9.1103132457223861        1.5917108156199164E-002   2.7642910309039342E-002   2.7547326751076854E-002
   9.4321068148357909        1.6297500064601050E-002   2.7642910309039342E-002   2.7602146730970462E-002
   9.7652657388916850        1.6670404261420035E-002   2.7642910309039342E-002   2.7653160074174503E-002
   10.110193474162946        1.7035098485305149E-002   2.7642910309039342E-002   2.7700279851875391E-002
   10.467303634806061        1.7390901265397132E-002   2.7642910309039342E-002   2.7743428913571982E-002
   10.837027566606025        1.7737184265994792E-002   2.7642910309039342E-002   2.7782544935217018E-002
   11.219811965471335        1.8073373073574459E-002   2.7642910309039342E-002   2.7817583404464736E-002
   11.616115840724994        1.8398947880889877E-002   2.7642910309039342E-002   2.7848520186470806E-002
   12.026419117330413        1.8713453284291907E-002   2.7642910309039342E-002   2.7875354380502770E-002
   12.451213803399156        1.9016492788201316E-002   2.7642910309039342E-002   2.7898109073279841E-002
   12.891014326336300        1.9307737794311882E-002   2.7642910309039342E-002   2.7916832803119993E-002
   13.346348065368609        1.9586921264927549E-002   2.7642910309039342E-002   2.7931599218010517E-002
   13.817766430769083        1.9853844804229265E-002   2.7642910309039342E-002   2.7942507138382845E-002
   14.305834715756038        2.0108371567369800E-002   2.7642910309039342E-002   2.7949679303297024E-002
   14.811143972217785        2.0350431508159263E-002   2.7642910309039342E-002   2.7953261280421190E-002
   15.334300133051286        2.0580013689957020E-002   2.7642910309039342E-002   2.7953419573194034E-002
   15.875936741648431        2.0797169854915948E-002   2.7642910309039342E-002   2.7950339698718654E-002
   16.436703292225193        2.1002006336877790E-002   2.7642910309039342E-002   2.7944223965207963E-002
   17.017278874447534        2.1194686165058981E-002   2.7642910309039342E-002   2.7935289058223383E-002
   17.618359675531394        2.1375420806062077E-002   2.7642910309039342E-002   2.7923763787369518E-002
   18.240671728221173        2.1544470575869227E-002   2.7642910309039342E-002   2.7909886544319001E-002
   18.884968846184627        2.1702139332814702E-002   2.7642910309039342E-002   2.7893903004151885E-002
   19.552019805756849        2.1848767370673729E-002   2.7642910309039342E-002   2.7876064335743359E-002
   20.242632201214423        2.1984732945612206E-002   2.7642768302647107E-002   2.7856624332603722E-002
   20.957638264717446        2.2110444416100009E-002   2.7642378128778736E-002   2.7835838264801103E-002
   21.697899624358065        2.2226337266884451E-002   2.7642014123679226E-002   2.7813962352153335E-002
   22.464312967141105        2.2332870962119639E-002   2.7641674530277258E-002   2.7791250939451336E-002
   23.257792778673313        2.2430522992548378E-002   2.7641357715182117E-002   2.7767956712779523E-002
   24.079299719823517        2.2519789518624371E-002   2.7641062148719114E-002   2.7744329329345372E-002
   24.929823759061236        2.2601180038970128E-002   2.7640786405752960E-002   2.7720615712124627E-002
   25.810395145829254        2.2675216141235580E-002   2.7640529155258196E-002   2.7697059844628450E-002
   26.722064579292049        2.2742427899569755E-002   2.7640289159900522E-002   2.7673903678146750E-002
   27.665935811728254        2.2803355034975038E-002   2.7640065260913078E-002   2.7651386888054214E-002
   28.643146268414043        2.2858544028636449E-002   2.7639856378720268E-002   2.7629748232563672E-002
   29.654879655490589        2.2908548085843191E-002   2.7639661505036998E-002   2.7609226235849084E-002
   30.702343174827575        2.2947173517150220E-002   2.6864973671759301E-002   2.7579786592039184E-002
   31.786804983723918        2.2977756467841327E-002   2.5768230924958894E-002   2.7545922769910806E-002
   32.909571928103169        2.3004074981919569E-002   2.4745046173108177E-002   2.7512780769957973E-002
   34.072004028335677        2.3026647428278941E-002   2.3790480450833509E-002   2.7480539348257484E-002
   35.275488300232773        2.3045991474801557E-002   2.2899942447558910E-002   2.7449378221939998E-002
   36.521481794408061        2.3062623505344885E-002   2.2069132388816790E-002   2.7419477078357259E-002
   37.811486012809581        2.3077056274707304E-002   2.1294044350834356E-002   2.7391016166117058E-002
   39.147055493126302        2.3089796807528328E-002   2.0570941085169544E-002   2.7364175543124376E-002
   40.529808025860810        2.3101343749098315E-002   1.9896332135202328E-002   2.7339133973291591E-002
   41.961393513511240        2.3112183930663915E-002   1.9266972738278425E-002   2.7316068136425203E-002
   43.443545167355794        2.3122789200808819E-002   1.8679824165611616E-002   2.7295149952415609E-002
   44.978049075047366        2.3133612238862015E-002   1.8132055358043801E-002   2.7276545012006412E-002
   46.566763998623138        2.3145082549379317E-002   1.7621022207393571E-002   2.7260409798030391E-002
   48.211585595230147        2.3157601911332509E-002   1.7144266724803344E-002   2.7246889198180985E-002
   49.914505239722644        2.3171540501961831E-002   1.6699486997223012E-002   2.7236112809292716E-002
   51.677575059319224        2.3187232471216412E-002   1.6284538426539343E-002   2.7228192014953374E-002
   53.502930680545909        2.3204972204442148E-002   1.5897418034679499E-002   2.7223216413896571E-002
   55.392750120602578        2.3225010338941057E-002   1.5536263833612772E-002   2.7221250428050903E-002
   57.349321371645829        2.3247551315856253E-002   1.5199332066636113E-002   2.7222329678147500E-002
   59.375002227322796        2.3272750466365850E-002   1.4884998147045289E-002   2.7226457816975348E-002
   61.472246417894510        2.3300712430246836E-002   1.4591744768858241E-002   2.7233603489538710E-002
   63.643556378429672        2.3331489341643211E-002   1.4318161429576039E-002   2.7243697456955027E-002
   65.891560899834928        2.3365081461815096E-002   1.4062927189887147E-002   2.7256630649560565E-002
   68.218968971510208        2.3401436981489880E-002   1.3824811384734337E-002   2.7272252430206576E-002
   70.628585269218178        2.3430086656849904E-002   1.3599906293860415E-002   2.7275408664935510E-002
   73.123328588587739        2.3429992648138269E-002   1.3382399180306240E-002   2.7235985895839469E-002
   75.706175661273647        2.3430069080673781E-002   1.3179481407247126E-002   2.7195941832132361E-002
   78.380253523498894        2.3430145814530158E-002   1.2990173229117509E-002   2.7155151889411439E-002
   81.148784610322849        2.3430050544741926E-002   1.2813561857099851E-002   2.7113512916226823E-002
   84.015122474940881        2.3429615337590547E-002   1.2648794779026194E-002   2.7070946977917842E-002
   86.982687236203873        2.3428682814811381E-002   1.2495079491237064E-002   2.7027405786849097E-002
   90.055071705548812        2.3427111762652181E-002   1.2351673811964461E-002   2.6982871596961423E-002
   93.235978303002270        2.3424782059810668E-002   1.2217886280851478E-002   2.6937359505081911E-002
   96.529260096906100        2.3421598749158834E-002   1.2093071098610717E-002   2.6890917054617169E-002
   99.938826062156153        2.3417495322616527E-002   1.1976628590792449E-002   2.6843624589816626E-002
   103.46886588546354        2.3412435673763939E-002   1.1867994535471185E-002   2.6795590037932915E-002
   107.12359379692580        2.3406415599945541E-002   1.1766646554374149E-002   2.6746949383033833E-002
   110.90736836557576        2.3399462909867351E-002   1.1672097054310172E-002   2.6697860993876825E-002
   114.82483910697920        2.3391636366107388E-002   1.1583887895876577E-002   2.6648499150526566E-002
   118.88068277378797        2.3383024519838386E-002   1.1501594916063958E-002   2.6599052386488180E-002
   123.07973629915718        2.3373743024958048E-002   1.1424822196806661E-002   2.6549716359358960E-002
   127.42715949490271        2.3363931069570049E-002   1.1353197736055805E-002   2.6500686699706111E-002
   131.92808807993632        2.3353748365293088E-002   1.1286377885447611E-002   2.6452157919204470E-002
   136.58805281121437        2.3343369958820116E-002   1.1224038869537238E-002   2.6404313997128014E-002
   141.41261684513370        2.3332982466234768E-002   1.1165880924614638E-002   2.6357328220084068E-002
   146.40753387824964        2.3322778917894679E-002   1.1111624248184983E-002   2.6311357897261564E-002
   151.57894168226974        2.2949525176951112E-002   1.0964155963018618E-002   2.5881627860484722E-002
   156.93294936957258        2.1788607193283190E-002   1.0610004417213251E-002   2.4619351609019274E-002
   162.47613596373097        2.0705843217409196E-002   1.0279601720294653E-002   2.3441730552146278E-002
   168.21511902855468        1.9696248929899608E-002   9.9713590961682513E-003   2.2343120507266948E-002
   174.15674278185460        1.8755129143378377E-002   9.6837935650733627E-003   2.1318242310714421E-002
   180.30830831190286        1.7878029870148124E-002   9.4155117288370824E-003   2.0362125455919044E-002
   186.67715947709803        1.7060789056752894E-002   9.1652235260525090E-003   1.9470158947897727E-002
   193.27089166569760        1.6299485552320598E-002   8.9317248002857459E-003   1.8638031223169465E-002
   200.09760727912413        1.5590402352782060E-002   8.7138841339547187E-003   1.7861685326466904E-002
   207.16537088595135        1.4930076583599808E-002   8.5106563451793002E-003   1.7137369019617536E-002
   214.48286737908427        1.4315221245669228E-002   8.3210566941386739E-003   1.6461544673719745E-002
   222.05883252794877        1.3742771422413204E-002   8.1441734709831806E-003   1.5830935687489469E-002
   229.90230130529540        1.3209848952455418E-002   7.9791556764694117E-003   1.5242483838425228E-002
   238.02291179328489        1.2713736557057122E-002   7.8252037172229158E-003   1.4693317040302847E-002
   246.43025707061713        1.2251912125954761E-002   7.6815789442075512E-003   1.4180784002582004E-002
   255.13466811288930        1.1821992864851623E-002   7.5475854238893480E-003   1.3702389572337373E-002
   264.14653641505117        1.1421766247533476E-002   7.4225788343426540E-003   1.3255826609148131E-002
   273.47660938458705        1.1049163778793865E-002   7.3059577589309468E-003   1.2838944871892443E-002
   283.13635184814427        1.0702241321790399E-002   7.1971571104798241E-003   1.2449727312302060E-002
   293.13729579387660        1.0379197813773815E-002   7.0956537096359754E-003   1.2086309728636609E-002
   303.49136818478553        1.0078353219188802E-002   7.0009592154714230E-003   1.1746955158227677E-002
   314.21129214162710        9.7981318661238825E-003   6.9126147860149451E-003   1.1430034359088855E-002
   325.30973137660959        9.5370798778715467E-003   6.8301965518465435E-003   1.1134045057339290E-002
   336.80032369109853        9.2938318701271568E-003   6.7533051555868483E-003   1.0857574055013699E-002
   348.69678677735646        9.0671268840190177E-003   6.6815708568753775E-003   1.0599315203266636E-002
   361.01330816366544        8.8557922067945983E-003   6.6146485363003191E-003   1.0358051140015215E-002
   373.76502243504467        8.6538969110096439E-003   6.5458831199383793E-003   1.0124116671045614E-002
   386.96715283564077        8.4483060721518878E-003   6.4592557384246822E-003   9.8753254662174647E-003
   400.63544401132759        8.2563145334192609E-003   6.3784393716326193E-003   9.6429539562091597E-003
   414.78669160661980        8.0769741748207297E-003   6.3030424240277825E-003   9.4258981626951562E-003
   429.43761284149554        7.9094123785475381E-003   6.2327031471598850E-003   9.2231390031961482E-003
   444.60621081975989        7.7528103787772862E-003   6.1670807122115555E-003   9.0337162790660591E-003
   460.31059410826708        7.6064131827219784E-003   6.1058595668072035E-003   8.8567409297247122E-003
   476.56949149896485        7.4695189406842281E-003   6.0487451711510980E-003   8.6913824697637896E-003
   493.40288198244309        7.3414707102576983E-003   5.9954607775598110E-003   8.5368593959597502E-003
   510.83065126063684        7.2216638548902347E-003   5.9457507318269268E-003   8.3924485147737916E-003
   528.87421463804299        7.1095303501041863E-003   5.8993741640309570E-003   8.2574664333187591E-003
   547.55511287104378        7.0045456624307223E-003   5.8561080675713093E-003   8.1312783113222202E-003
   566.89562449487210        6.9062209792855843E-003   5.8157442858195818E-003   8.0132889645789570E-003
   586.91951519858117        6.8140971583201893E-003   5.7780872361566215E-003   7.9029360962996481E-003
   607.65068989177485        6.7277489742179940E-003   5.7429558407012396E-003   7.7996958888790708E-003
   629.11387223602765        6.6467787610457879E-003   5.7101810795180232E-003   7.7030758748563568E-003
   651.33543626567803        6.5708114839232593E-003   5.6796041425709555E-003   7.6126095766789461E-003
   674.34163286578985        6.4994991554347690E-003   5.6510783241921483E-003   7.5278622986084563E-003
   698.16073213207346        6.4325116479726141E-003   5.6244654025889556E-003   7.4484207274317484E-003
   722.82116976782140        6.3414763651181271E-003   5.5715806451608427E-003   7.3208938531931899E-003
   748.35235540965130        6.2474954691423201E-003   5.5136893615214911E-003   7.1853171822836197E-003
   774.78566186873422        6.1592967140909503E-003   5.4596801768403216E-003   7.0583500804715848E-003
   802.15264573967897        6.0764661269658363E-003   5.4092933822762514E-003   6.9393767623458606E-003
   830.48594444209971        5.9986146186867418E-003   5.3622865629564080E-003   6.8278213202528325E-003
   859.82037403360118        5.9253740391007953E-003   5.3184319474371645E-003   6.7231425063927729E-003
   890.19058800385733        5.8564022752232280E-003   5.2775191248238106E-003   6.6248413586596638E-003
   921.63390537915473        5.7913752666276597E-003   5.2393498521209093E-003   6.5324499942894867E-003
   954.18786380243341        5.7299920373445118E-003   5.2037405883689379E-003   6.4455388484450154E-003
   987.89128659474920        5.6719713909289720E-003   5.1705200145701026E-003   6.3637118393945515E-003
   1022.7855886411724        5.6170495236752506E-003   5.1395271605043152E-003   6.2866027199707823E-003
   1058.9119914466876        5.5649843418131570E-003   5.1106133249670307E-003   6.2138806644337083E-003
   1096.3148872627712        5.5155499033923859E-003   5.0836384060292750E-003   6.1452417828355543E-003
   1135.0389283928459        5.4685405375062184E-003   5.0584726919581744E-003   6.0804140243865554E-003
   1175.1302964981960        5.4237685838363567E-003   5.0349951085034437E-003   6.0191529803099390E-003
   1216.6382559936744        5.3810626333161537E-003   5.0130918950840597E-003   5.9612383531668358E-003
   1259.6123598874483        5.3402703711971913E-003   4.9926577277962106E-003   5.9064766107945433E-003
   1304.1038583964914        5.3012564740740897E-003   4.9735942962371915E-003   5.8546968005944210E-003
   1350.1674228314519        5.2639008310376790E-003   4.9558092285896397E-003   5.8057469244926817E-003
   1397.8574692241625        5.0436309091677024E-003   4.7597189201980987E-003   5.5572710889951185E-003
   1447.2325992722181        4.8197612293818413E-003   4.5594495049601155E-003   5.3054177215656282E-003
   1498.3517579647787        4.6104097742826148E-003   4.3726121375265862E-003   5.0703610328179409E-003
   1551.2759091786245        4.2955431280937012E-003   4.0829875072708553E-003   4.7250647495999682E-003
   1606.0700862978565        3.9982970712170770E-003   3.8091419811459581E-003   4.3995273496167230E-003
   1662.7990190437411        3.7213148072333408E-003   3.5536661708772356E-003   4.0964412786496616E-003
   1721.5324161293761        3.4632707567197230E-003   3.3153221689661058E-003   3.8143071220945474E-003
   1782.3403946248577        3.2229319758275139E-003   3.0929638732286662E-003   3.5517280851959077E-003
   1845.2954731357936        2.9991416063229826E-003   2.8855215002333403E-003   3.3073923908298092E-003
   1910.4750110852074        2.7908065952143642E-003   2.6919898884003642E-003   3.0800604298101041E-003
   1977.9568210713478        2.5969087984009480E-003   2.5114384206334152E-003   2.8685774265648700E-003
   2047.8213808026539        2.4164918724821345E-003   2.3429984494726811E-003   2.6718596245373641E-003
   2120.1545400970977        2.2486516516128001E-003   2.1858537993940212E-003   2.4888842218652950E-003
   2195.0417479108573        2.0925471464083066E-003   2.0392505030891682E-003   2.3187016895783222E-003
   2272.5750259096239        1.9473812893610833E-003   1.9024781945958318E-003   2.1604149936255549E-003
   2352.8469348264384        1.8124112598951472E-003   1.7748791898934003E-003   2.0131909481771603E-003
   2435.9532056335870        1.6869396532348719E-003   1.6558396000299850E-003   1.8762505703768361E-003
   2521.9959596104222        1.5703080520723170E-003   1.5447826189245758E-003   1.7488619330458561E-003
   2611.0779162676686        1.4619036268439475E-003   1.4411742174110609E-003   1.6303471409385706E-003
   2703.3053132971791        1.3611520747256959E-003   1.3445159272360287E-003   1.5200743190591690E-003
   2798.7914800504532        1.2675124524238080E-003   1.2543393908587871E-003   1.4174515795051083E-003
   2897.6492167059700        1.1804834218785496E-003   1.1702119485587142E-003   1.3219334426810209E-003
   3000.0000000000000        1.0995925192434659E-003   1.0917259609920058E-003   1.2330086316093474E-003
