         200   4370.0000000000000     
   3.0000000000000000        1.8638029004825370E-003   9.1038403708669016        9.0030777834981400E-004
   3.1059655287322618        1.9974242513652002E-003   9.1038403708669016        9.5992864477902865E-004
   3.2156739552243598        2.1405446305338364E-003   9.1038403708669016        1.0237137804244680E-003
   3.3292574962321346        2.2938077030510949E-003   9.1038403708669016        1.0919581782902780E-003
   3.4468529954360925        2.4579002379773655E-003   9.1038403708669016        1.1649775619661212E-003
   3.5686022069563790        2.6335565248766148E-003   9.1038403708669016        1.2431098678514750E-003
   3.6946518254059528        2.8215631691620026E-003   9.1038403708669016        1.3267166626796442E-003
   3.8251536998800524        3.0227649584300825E-003   9.1038403708669016        1.4161847707549623E-003
   3.9602651907155879        3.2380718882829545E-003   9.1038403708669016        1.5119281185408009E-003
   4.1001490688558144        3.4684664873422546E-003   9.1038403708669016        1.6143893854728539E-003
   4.2449739038313119        3.7150129904523982E-003   9.1038403708669016        1.7240421245198828E-003
   4.3949142193596993        3.9788673395727272E-003   9.1038403708669016        1.8413928770896265E-003
   4.5501507036585132        4.2612885313781344E-003   9.1038403708669016        1.9669834948358653E-003
   4.7108703059600501        4.5636510883294039E-003   9.1038403708669016        2.1013935536438981E-003
   4.8772669425686850        4.8874601106077432E-003   9.1038403708669016        2.2452434936497028E-003
   5.0495410155906377        5.2343655994201632E-003   9.1038403708669016        2.3991970001418068E-003
   5.2279001269311909        5.6061806280382409E-003   9.1038403708669016        2.5639646437240278E-003
   5.4125592113782046        6.0049001536067841E-003   9.1038403708669016        2.7403073331787476E-003
   5.6037407956130689        6.4327219199010969E-003   9.1038403708669016        2.9290401975138759E-003
   5.8016752663703963        6.8920694005622143E-003   9.1038403708669016        3.1310368356947432E-003
   6.0066011480696169        7.3856169866818649E-003   9.1038403708669016        3.3472339713154099E-003
   6.2187653902530293        7.9163176692738299E-003   9.1038403708669016        3.5786365519696987E-003
   6.4384236651766908        8.4874335236969304E-003   9.1038403708669016        3.8263233356870237E-003
   6.6658406759127811        9.1025693706588227E-003   9.1038403708669016        4.0914530095648152E-003
   6.9012904753346884        9.7657100684808620E-003   9.1038403708669016        4.3752708887352379E-003
   7.1450567963692624        1.0481261985583004E-002   9.1038403708669016        4.6791162471399687E-003
   7.3974330131920443        1.1254098121647800E-002   9.1038403708669016        5.0044298363540775E-003
   7.6587243988323896        1.2089616001698918E-002   9.1038403708669016        5.3527651450087713E-003
   7.9292442763577622        1.2993782874264132E-002   9.1038403708669016        5.7257924120703123E-003
   8.2093202460023029        1.3973220759881406E-002   9.1038403708669016        6.1253169350162862E-003
   8.4992881560440416        1.5035260022592586E-002   9.1038403708669016        6.5532816107967753E-003
   8.7994991583321234        1.6188048236618076E-002   9.1038403708669016        7.0117888984647719E-003
   9.1103132457223861        1.7440622479300956E-002   9.1038403708669016        7.5031042315960288E-003
   9.4321068148357909        1.8803048278180308E-002   9.1038403708669016        8.0296817600292222E-003
   9.7652657388916850        2.0286517000816514E-002   9.1038403708669016        8.5941688478841493E-003
   10.110193474162946        2.1903523228681242E-002   9.1038403708669016        9.1994362706878993E-003
   10.467303634806061        2.3667993676130233E-002   9.1038403708669016        9.8485840760158937E-003
   10.837027566606025        2.5595504827876085E-002   9.1038403708669016        1.0544974918127479E-002
   11.219811965471335        2.7703477395779923E-002   9.1038403708669016        1.1292252331372413E-002
   11.616115840724994        3.0011383675652269E-002   9.1038403708669016        1.2094358625349999E-002
   12.026419117330413        3.2541041769818181E-002   9.1038403708669016        1.2955578344342722E-002
   12.451213803399156        3.5316828024560591E-002   9.1038403708669016        1.3880549311176230E-002
   12.891014326336300        3.8366020099389810E-002   9.1038403708669016        1.4874316105198229E-002
   13.346348065368609        4.1719024317239589E-002   9.1038403708669016        1.5942344163951860E-002
   13.817766430769083        4.5409747691365132E-002   9.1038403708669016        1.7090582980798800E-002
   14.305834715756038        4.9475817360561739E-002   9.1038403708669016        1.8325483990381253E-002
   14.811143972217785        5.3958962947218553E-002   9.1038403708669016        1.9654075305369202E-002
   15.334300133051286        5.8905203993940662E-002   9.1038403708669016        2.1083984203679875E-002
   15.875936741648431        6.4365228030055552E-002   9.1038403708669016        2.2623525491369662E-002
   16.436703292225193        7.0394527735219870E-002   9.1038403708669016        2.4281729472914508E-002
   17.017278874447534        7.7053768766887618E-002   9.1038403708669016        2.6068446297652339E-002
   17.618359675531394        8.4408863625527145E-002   9.1038403708669016        2.7994380320409518E-002
   18.240671728221173        9.2531299117393676E-002   9.1038403708669016        3.0071206666969101E-002
   18.884968846184627       0.10149827718639542        9.1038403708669016        3.2311651743630015E-002
   19.552019805756849       0.11139263141647084        9.1038403708669016        3.4729539264956803E-002
   20.242632201214423       0.12230319087450488        9.1037852800134882        3.7339972880596178E-002
   20.957638264717446       0.13432451482667992        9.1036339135077373        4.0159395630878787E-002
   21.697899624358065       0.14755673660304533        9.1034926990788492        4.3205723242686123E-002
   22.464312967141105       0.16210524323061370        9.1033609550775196        4.6498494096682011E-002
   23.257792778673313       0.17807964450823327        9.1032380478358839        5.0058929035175080E-002
   24.079299719823517       0.19559327751274824        9.1031233839223074        5.3910197350105417E-002
   24.929823759061236       0.21476145979597699        9.1030164104608424        5.8077498829832375E-002
   25.810395145829254       0.23569983952765522        9.1029166110850994        6.2588277989844787E-002
   26.722064579292049       0.25852154017462625        9.1028235057758167        6.7472290790781014E-002
   27.665935811728254       0.28333506183047613        9.1027366449936942        7.2761947082070302E-002
   28.643146268414043       0.31024048428846790        9.1026556099213742        7.8492392026123334E-002
   29.654879655490589       0.33932604915587783        9.1025800093984035        8.4701756772534539E-002
   30.702343174827575       0.37063139962396507        9.0994779064552418        9.1417080351026248E-002
   31.786804983723918       0.40422168479120890        9.0951198980636576        9.8688626728098652E-002
   32.909571928103169       0.44013962040449650        9.0910541791448427       0.10657104114769539     
   34.072004028335677       0.47838441415357386        9.0872611242647210       0.11511578773290745     
   35.275488300232773       0.51892286491102713        9.0837224894274637       0.12437782023524289     
   36.521481794408061       0.56168795270360394        9.0804211890829816       0.13441590611636642     
   37.811486012809581       0.60657606976563483        9.0773413053239054       0.14529237295664918     
   39.147055493126302       0.65344644912310501        9.0744679878491041       0.15707300653863046     
   40.529808025860810       0.70212190050000811        9.0717873670074489       0.16982686240728964     
   41.961393513511240       0.75238942079492244        9.0692865494354642       0.18362555243451195     
   43.443545167355794       0.80400508166091278        9.0669534604642763       0.19854313426230963     
   44.978049075047366       0.85669739774748244        9.0647768506193422       0.21465507539381634     
   46.566763998623138       0.91017372410959907        9.0627462132931296       0.23203750590664904     
   48.211585595230147       0.96412592294382549        9.0608517814403182       0.25076568180089376     
   49.914505239722644        1.0182401677824757        9.0590844081972826       0.27091330625165078     
   51.677575059319224        1.0722043054362458        9.0574355718057014       0.29255067525921152     
   53.502930680545909        1.1257175845286045        9.0558973132476215       0.31574336150826049     
   55.392750120602578        1.1784986781460778        9.0544622337419476       0.34055005734177024     
   57.349321371645829        1.2302967864500201        9.0531234043107478       0.36702185185972319     
   59.375002227322796        1.2808991829359027        9.0518743695089761       0.39520030300831982     
   61.472246417894510        1.3301399975582373        9.0507091001814715       0.42511665137485338     
   63.643556378429672        1.3779063408482748        9.0496219915665623       0.45679041593493941     
   65.891560899834928        1.4241462258814301        9.0486077947901205       0.49023031772614128     
   68.218968971510208        1.4688722498881484        9.0476616196911159       0.52543408925573420     
   70.628585269218178        1.5113925230901379        9.0464763306826601       0.56199692140511481     
   73.123328588587739        1.5502769677430328        9.0445279066444240       0.59906980582490998     
   75.706175661273647        1.5878874018297462        9.0427101736041067       0.63769777685893803     
   78.380253523498894        1.6244955894258819        9.0410143550220194       0.67784184409468906     
   81.148784610322849        1.6604355639506179        9.0394322741555850       0.71946524247872279     
   84.015122474940881        1.6960988172546163        9.0379562942191942       0.76253820948223694     
   86.982687236203873        1.7319265726789481        9.0365793159821166       0.80704117408977594     
   90.055071705548812        1.7684025962129284        9.0352946909960874       0.85297012795163085     
   93.235978303002270        1.8060424011187854        9.0340962251740820       0.90033878945640156     
   96.529260096906100        1.8453823507062683        9.0329781334600110       0.94918142696885133     
   99.938826062156153        1.8869658464069810        9.0319350439831005       0.99955258322862606     
   103.46886588546354        1.9313322883742001        9.0309619024554237        1.0515303187804574     
   107.12359379692580        1.9789993367483254        9.0300540294237504        1.1052110658940117     
   110.90736836557576        2.0304490720907791        9.0292070570386986        1.1607087426719216     
   114.82483910697920        2.0861146381912592        9.0284168812974386        1.2181529298505998     
   118.88068277378797        2.1463614218318448        9.0276797025568261        1.2776797397477289     
   123.07973629915718        2.2114741437919521        9.0269919741913593        1.3394272043506861     
   127.42715949490271        2.2816461039541323        9.0263503638146911        1.4035298060240302     
   131.92808807993632        2.3569620212370199        9.0257517930322138        1.4701041788059548     
   136.58805281121437        2.4373953188052910        9.0251933614704249        1.5392447489384855     
   141.41261684513370        2.5227953453253749        9.0246723838525149        1.6110064813089049     
   146.40753387824964        2.6128862221582319        9.0241863537137110        1.6853940121008939     
   151.57894168226974        2.6730771478454050        9.0119602961825453        1.7423098400261510     
   156.93294936957258        2.6579086569661690        8.9742284857703343        1.7545875675386513     
   162.47613596373097        2.6455550438978253        8.9390269115644294        1.7679008490997179     
   168.21511902855468        2.6349799049350566        8.9061863030953763        1.7817727762607436     
   174.15674278185460        2.6252636275050087        8.8755486615860537        1.7956505797152356     
   180.30830831190286        2.6156072686711536        8.8469655324092873        1.8089077579664870     
   186.67715947709803        2.6053329684879487        8.8202994705842510        1.8208491279465711     
   193.27089166569760        2.5938796652499163        8.7954221835683679        1.8307235045394898     
   200.09760727912413        2.5807957656693139        8.7722131285199634        1.8377436643891023     
   207.16537088595135        2.5657311591543381        8.7505609502720159        1.8411138988176421     
   214.48286737908427        2.5484256930708575        8.7303607332405839        1.8400676320124543     
   222.05883252794877        2.5286995755052066        8.7115153425589700        1.8339114647218302     
   229.90230130529540        2.5064422948726031        8.6939341115549365        1.8220744109423124     
   238.02291179328489        2.4816016657656310        8.6775318504108618        1.8041556879211376     
   246.43025707061713        2.4541767297164334        8.6622298624057272        1.7799678808666000     
   255.13466811288930        2.4242076094629077        8.6479540017890120        1.7495642751719478     
   264.14653641505117        2.3917712365247157        8.6346356215844899        1.7132512563210633     
   273.47660938458705        2.3569753023548263        8.6222106460066161        1.6715767181496286     
   283.13635184814427        2.3199528068961830        8.6106188698624653        1.6252958153197627     
   293.13729579387660        2.2808613568279643        8.5998045528781208        1.5753238235809688     
   303.49136818478553        2.2398794959605230        8.5897156665151666        1.5226736256322684     
   314.21129214162710        2.1972029609835597        8.5803033250960379        1.4683892477526033     
   325.30973137660959        2.1530460682924324        8.5715223689686919        1.4134903615025460     
   336.80032369109853        2.1076355102930520        8.5633302500287698        1.3589176995258938     
   348.69678677735646        2.0612115597591214        8.5556875756112856        1.3055019767260789     
   361.01330816366544        2.0140238050265280        8.5485575762022936        1.2539410147422334     
   373.76502243504467        1.9640242631201861        8.4638345093919458        1.1998888051861123     
   386.96715283564077        1.9051910504462921        8.1076446820096866        1.1303020750252086     
   400.63544401132759        1.8461329424315602        7.7753482737110167        1.0635032662362851     
   414.78669160661980        1.7870580452689846        7.4653351429520249       0.99995917559804015     
   429.43761284149554        1.7281657351960673        7.1761178718307512       0.93998843098496854     
   444.60621081975989        1.6696381546096029        6.9062950586714908       0.88377273831233016     
   460.31059410826708        1.6116427525751149        6.6545692321178489       0.83138275661368666     
   476.56949149896485        1.5543284943786737        6.4197293192137090       0.78279756693348013     
   493.40288198244309        1.4978229525974684        6.2006374036575806       0.73792413009569668     
   510.83065126063684        1.4422369397396362        5.9962423001768297       0.69662020332402008     
   528.87421463804299        1.3876598156012603        5.8055536127297023       0.65870645748403267     
   547.55511287104378        1.3341654753781924        5.6276543947205786       0.62398359103873258     
   566.89562449487210        1.2818122193538124        5.4616887588740042       0.59224155004188883     
   586.91951519858117        1.2306432573893995        5.3068525190523586       0.56326696379867425     
   607.65068989177485        1.1806929804224831        5.1624011289226770       0.53685166565880005     
   629.11387223602765        1.1319876415121872        5.0276396213675234       0.51279591960795112     
   651.33543626567803        1.0845462021480974        4.9019150097869328       0.49091076214038126     
   674.34163286578985        1.0383866235560926        4.7846240776735218       0.47102186984948519     
   698.16073213207346       0.99352331678677797        4.6751984920637275       0.45296854042732371     
   722.82116976782140       0.94941311536003326        4.5725527997290314       0.43586358932797015     
   748.35235540965130       0.90650002833431653        4.4766221273667615       0.42014334095318595     
   774.78566186873422       0.86498160008956515        4.3871244158895317       0.40592810166583732     
   802.15264573967897       0.82487661029903059        4.3036293061451598       0.39311034584948040     
   830.48594444209971       0.78620625514843623        4.2257350965253559       0.38159602992653369     
   859.82037403360118       0.74899254152606287        4.1530643508020626       0.37130329697192305     
   890.19058800385733       0.71326099287082345        4.0852684006209214       0.36216241511382385     
   921.63390537915473       0.67903660127365262        4.0220187408486803       0.35411383398258800     
   954.18786380243341       0.64634636457653805        3.9630112288485311       0.34710806399986227     
   987.89128659474920       0.61521760164850814        3.9079619747909642       0.34110445234784686     
   1022.7855886411724       0.58567682878467664        3.8566042376318017       0.33607026980387844     
   1058.9119914466876       0.55775251576686546        3.8086916071062316       0.33198052356442836     
   1096.3148872627712       0.53147289245725182        3.7639919226643053       0.32881692599001566     
   1135.0389283928459       0.50686937497104112        3.7222902411753442       0.32656781726061451     
   1175.1302964981960       0.48397704355973575        3.6833859325356317       0.32522763205108102     
   1216.6382559936744       0.46283601518595296        3.6470904859999274       0.32479666507522548     
   1259.6123598874483       0.44349572561543127        3.6132293710988019       0.32528102943431209     
   1304.1038583964914       0.42601722141650916        3.5816396793175160       0.32669251616068873     
   1350.1674228314519       0.41047635747181133        3.5521683428713442       0.32904873713699223     
   1397.8574692241625       0.38587208917270377        3.3442318073134074       0.32296022012985498     
   1447.2325992722181       0.36295408593632666        3.1206736961537724       0.31656321899722939     
   1498.3517579647787       0.34285739193788067        2.9121096030902125       0.31098433213505877     
   1551.2759091786245       0.32174492260740656        2.7168195997172178       0.30282924038709530     
   1606.0700862978565       0.30371420984395775        2.5346028059244170       0.29528401122194303     
   1662.7990190437411       0.28861789004737615        2.3646092197682651       0.28840580770222535     
   1721.5324161293761       0.27621187175229373        2.2060151376864359       0.28214707735883721     
   1782.3403946248577       0.26628266902295855        2.0580579433664843       0.27646521501748511     
   1845.2954731357936       0.25864048170196208        1.9200258029884090       0.27132179081764751     
   1910.4750110852074       0.25311312653129370        1.7912498821078311       0.26668196092748014     
   1977.9568210713478       0.24954106607570362        1.6711109481744171       0.26251444636379995     
   2047.8213808026539       0.24777204828470048        1.5590310032296089       0.25879098116891724     
   2120.1545400970977       0.24765680474800811        1.4544669641371188       0.25548589836127172     
   2195.0417479108573       0.24904555121758401        1.3569171411031520       0.25257615126127564     
   2272.5750259096239       0.25178520152826261        1.2659088566664360       0.25004074987667357     
   2352.8469348264384       0.25571741909153201        1.1810044879259871       0.24786078847481158     
   2435.9532056335870       0.26067763543352990        1.1017955532164632       0.24601911666489962     
   2521.9959596104222       0.26649521733729170        1.0278982458121859       0.24450010315910348     
   2611.0779162676686       0.27299387588402474       0.95895722274365514       0.24328959114639440     
   2703.3053132971791       0.27999331608951589       0.89464080327015805       0.24237465313413403     
   2798.7914800504532       0.28731165046682250       0.83463734231711073       0.24174342233717341     
   2897.6492167059700       0.29476740633503662       0.77865894813689229       0.24138501692983902     
   3000.0000000000000       0.30218311171909246       0.72643437753884921       0.24128934429961110     
