         200   4370.0000000000000     
   3.0000000000000000        1.8814793368611374E-003   1.8548803235732387        9.0883793874558811E-004
   3.1059655287322618        2.0163772239218366E-003   1.8548803235732387        9.6902397917482625E-004
   3.2156739552243598        2.1608670165233499E-003   1.8548803235732387        1.0334138903375771E-003
   3.3292574962321346        2.3155991622582322E-003   1.8548803235732387        1.1023054967365918E-003
   3.4468529954360925        2.4812677443601665E-003   1.8548803235732387        1.1760175578322781E-003
   3.5686022069563790        2.6586149487239593E-003   1.8548803235732387        1.2548912660341393E-003
   3.6946518254059528        2.8484359111654767E-003   1.8548803235732387        1.3392916796785138E-003
   3.8251536998800524        3.0515846432886688E-003   1.8548803235732387        1.4296093680300599E-003
   3.9602651907155879        3.2689811260120274E-003   1.8548803235732387        1.5262622760355319E-003
   4.1001490688558144        3.5016187018757829E-003   1.8548803235732387        1.6296973938088721E-003
   4.2449739038313119        3.7505733299949594E-003   1.8548803235732387        1.7403929006728667E-003
   4.3949142193596993        4.0170136732936472E-003   1.8548803235732387        1.8588603038354563E-003
   4.5501507036585132        4.3022125421902490E-003   1.8548803235732387        1.9856467862612920E-003
   4.7108703059600501        4.6075594695415461E-003   1.8548803235732387        2.1213376479011048E-003
   4.8772669425686850        4.9345758889904872E-003   1.8548803235732387        2.2665594801464647E-003
   5.0495410155906377        5.2849295749892071E-003   1.8548803235732387        2.4219825741704955E-003
   5.2279001269311909        5.6604529665496006E-003   1.8548803235732387        2.5883246007260790E-003
   5.4125592113782046        6.0631621367135949E-003   1.8548803235732387        2.7663541010185008E-003
   5.6037407956130689        6.4952778728528454E-003   1.8548803235732387        2.9568944109685980E-003
   5.8016752663703963        6.9592488175070355E-003   1.8548803235732387        3.1608279567459925E-003
   6.0066011480696169        7.4577768763617533E-003   1.8548803235732387        3.3791009591525433E-003
   6.2187653902530293        7.9938451471521337E-003   1.8548803235732387        3.6127285869759765E-003
   6.4384236651766908        8.5707486804579465E-003   1.8548803235732387        3.8628006020761793E-003
   6.6658406759127811        9.1921284517334900E-003   1.8548803235732387        4.1304875417752266E-003
   6.9012904753346884        9.8620090049820579E-003   1.8548803235732387        4.4170474871750593E-003
   7.1450567963692624        1.0584840324022298E-002   1.8548803235732387        4.7238334694143938E-003
   7.3974330131920443        1.1365543396219778E-002   1.8548803235732387        5.0523010658590217E-003
   7.6587243988323896        1.2209568688218479E-002   1.8548803235732387        5.4040197733303688E-003
   7.9292442763577622        1.3122941808696623E-002   1.8548803235732387        5.7806770650973638E-003
   8.2093202460023029        1.4112349443503525E-002   1.8548803235732387        6.1840968819796525E-003
   8.4992881560440416        1.5185193514929274E-002   1.8548803235732387        6.6162422033915593E-003
   8.7994991583321234        1.6349701227305478E-002   1.8548803235732387        7.0792372299273718E-003
   9.1103132457223861        1.7614998203495384E-002   1.8548803235732387        7.5753708354936210E-003
   9.4321068148357909        1.8991249000432392E-002   1.8548803235732387        8.1071225681718477E-003
   9.7652657388916850        2.0489755705201187E-002   1.8548803235732387        8.6771672004327012E-003
   10.110193474162946        2.2123137402801526E-002   1.8548803235732387        9.2884052322724734E-003
   10.467303634806061        2.3905460792531374E-002   1.8548803235732387        9.9439688202175858E-003
   10.837027566606025        2.5852460540237522E-002   1.8548803235732387        1.0647255453084925E-002
   11.219811965471335        2.7981736361895472E-002   1.8548803235732387        1.1401946420659535E-002
   11.616115840724994        3.0312963320733594E-002   1.8548803235732387        1.2212024902546586E-002
   12.026419117330413        3.2868190093188095E-002   1.8548803235732387        1.3081819878472106E-002
   12.451213803399156        3.5672054900146188E-002   1.8548803235732387        1.4016017304842018E-002
   12.891014326336300        3.8752133728863603E-002   1.8548803235732387        1.5019714152182204E-002
   13.346348065368609        4.2139172074246764E-002   1.8548803235732387        1.6098432679162129E-002
   13.817766430769083        4.5867463310321627E-002   1.8548803235732387        1.7258184299186227E-002
   14.305834715756038        4.9975073494538641E-002   1.8548803235732387        1.8505487689215436E-002
   14.811143972217785        5.4504231411175885E-002   1.8548803235732387        1.9847444328670322E-002
   15.334300133051286        5.9501522443315635E-002   1.8548803235732387        2.1291761275486092E-002
   15.875936741648431        6.5018275838268136E-002   1.8548803235732387        2.2846840493550950E-002
   16.436703292225193        7.1110709447168324E-002   1.8548803235732387        2.4521807195810884E-002
   17.017278874447534        7.7840308408486367E-002   1.8548803235732387        2.6326615353969976E-002
   17.618359675531394        8.5273907688406633E-002   1.8548803235732387        2.8272082540064827E-002
   18.240671728221173        9.3484031758264696E-002   1.8548803235732387        3.0370007834999890E-002
   18.884968846184627       0.10254904654964639        1.8548803235732387        3.2633253355439040E-002
   19.552019805756849       0.11255308542848522        1.8548803235732387        3.5075790994058866E-002
   20.242632201214423       0.12358642828456995        1.8548360901394605        3.7712879000218524E-002
   20.957638264717446       0.13574524558785059        1.8547145552585556        4.0561128824080465E-002
   21.697899624358065       0.14913145390163041        1.8546011716621542        4.3638665724878227E-002
   22.464312967141105       0.16385240685940033        1.8544953920418092        4.6965242999040653E-002
   23.257792778673313       0.18001986913658166        1.8543967076142307        5.0562317372974189E-002
   24.079299719823517       0.19774953470753090        1.8543046419025238        5.4453318777300197E-002
   24.929823759061236       0.21715928202065893        1.8542187509926802        5.8663734650016210E-002
   25.810395145829254       0.23836753091435151        1.8541386202848651        6.3221328281390377E-002
   26.722064579292049       0.26149038298140781        1.8540638643630112        6.8156208807689592E-002
   27.665935811728254       0.28663953293629751        1.8539941222839553        7.3501180751131281E-002
   28.643146268414043       0.31391846433633402        1.8539290577717344        7.9291831154231357E-002
   29.654879655490589       0.34341903337432711        1.8538683567566046        8.5566789533963072E-002
   30.702343174827575       0.37518020757065595        1.8491575196276548        9.2351563204671527E-002
   31.786804983723918       0.40927299878925943        1.8425150958191787        9.9697893797909110E-002
   32.909571928103169       0.44574647192590555        1.8363181760984872       0.10766215521457348     
   34.072004028335677       0.48460421415241378        1.8305368476156760       0.11629665388946814     
   35.275488300232773       0.52581758644955345        1.8251433030925268       0.12565733426717801     
   36.521481794408061       0.56932433874003263        1.8201115009396365       0.13580414428819607     
   37.811486012809581       0.61502583482955253        1.8154171792746996       0.14680082836493827     
   39.147055493126302       0.66278649859506233        1.8110377034478862       0.15871488731650424     
   40.529808025860810       0.71243457761252704        1.8069519335043449       0.17161746736239938     
   41.961393513511240       0.76376276074935701        1.8031402175350255       0.18558273723600649     
   43.443545167355794       0.81653314119689246        1.7995841514752491       0.20068789705570936     
   44.978049075047366       0.87048061423222967        1.7962665890117202       0.21701227499430967     
   46.566763998623138       0.92531935232275286        1.7931715160999497       0.23463674114343711     
   48.211585595230147       0.98074851438009614        1.7902840459273677       0.25364234602793034     
   49.914505239722644        1.0364621849572582        1.7875902369547283       0.27410985125599541     
   51.677575059319224        1.0921568011196108        1.7850771004208901       0.29611808504653953     
   53.502930680545909        1.1475410051553234        1.7827325052866660       0.31974285177073042     
   55.392750120602578        1.2023437332073892        1.7805451744192442       0.34505498010206348     
   57.349321371645829        1.2563254995909026        1.7785045467539848       0.37211980984589887     
   59.375002227322796        1.3092860164990523        1.7766007829794823       0.40099540891870922     
   61.472246417894510        1.3610731198295523        1.7748246935301872       0.43173188959267095     
   63.643556378429672        1.4115889453364507        1.7731677356959485       0.46436999925264411     
   65.891560899834928        1.4607980495663566        1.7716219092061953       0.49894199194106170     
   68.218968971510208        1.5087311333172289        1.7701797605364755       0.53547123142369635     
   70.628585269218178        1.5546840746054884        1.7685962300248088       0.57356999511714235     
   73.123328588587739        1.5971816822038878        1.7664558049873611       0.61240073515438898     
   75.706175661273647        1.6386964902753223        1.7644589494597287       0.65307001213760474     
   78.380253523498894        1.6795238698562713        1.7625960220471941       0.69556978154064542     
   81.148784610322849        1.7200230598322799        1.7608580402571326       0.73989383474728054     
   84.015122474940881        1.7606123912978151        1.7592366147621541       0.78604208866316738     
   86.982687236203873        1.8017613940497348        1.7577239467613390       0.83402333431992148     
   90.055071705548812        1.8439836935498413        1.7563127326570651       0.88386056773370247     
   93.235978303002270        1.8878259594204325        1.7549961679865369       0.93559320305236826     
   96.529260096906100        1.9338568728794010        1.7537678976244546       0.98928037079064091     
   99.938826062156153        1.9826528320794565        1.7526220203467660        1.0450012517472047     
   103.46886588546354        2.0347870173178020        1.7515529838075450        1.1028597661923483     
   107.12359379692580        2.0908106686726207        1.7505556474322435        1.1629804856486832     
   110.90736836557576        2.1512389589779390        1.7496252129562893        1.2255097363776957     
   114.82483910697920        2.2165374068002701        1.7487571719614052        1.2906162717062295     
   118.88068277378797        2.2871017839599861        1.7479473503812364        1.3584842783254107     
   123.07973629915718        2.3632448229155054        1.7471918520997956        1.4293120901721583     
   127.42715949490271        2.4451852158530243        1.7464870163517523        1.5033107364913452     
   131.92808807993632        2.5330288600830424        1.7458294613922671        1.5806931515324845     
   136.58805281121437        2.6267666494656527        1.7452160010401776        1.6616757625671073     
   141.41261684513370        2.7262601360844831        1.7446436854068879        1.7464661578794074     
   146.40753387824964        2.8312403300069158        1.7441097610364065        1.8352591561570393     
   151.57894168226974        2.9056796538074958        1.7345331077466772        1.9064348206353166     
   156.93294936957258        2.9019227688250031        1.7052974837143520        1.9303938537365684     
   162.47613596373097        2.9013196744187191        1.6780223549148625        1.9569582054864727     
   168.21511902855468        2.9028450735898956        1.6525765660246687        1.9859870389621310     
   174.15674278185460        2.9055912261575823        1.6288376953312560        2.0173202778359389     
   180.30830831190286        2.9087707205639681        1.6066907161868591        2.0507836336422645     
   186.67715947709803        2.9117143821573608        1.5860291325145488        2.0861907146091880     
   193.27089166569760        2.9138658263854036        1.5667535397932992        2.1233489392063256     
   200.09760727912413        2.9147731573464895        1.5487705381793355        2.1620663579316108     
   207.16537088595135        2.9140785393469875        1.5319938466868595        2.2021542769815499     
   214.48286737908427        2.9115069230860282        1.5163421738927201        2.2434368369344111     
   222.05883252794877        2.9068544512785417        1.5017402570832352        2.2857535544990273     
   229.90230130529540        2.8999773374015536        1.4881178452762283        2.3289661588212742     
   238.02291179328489        2.8907812281180951        1.4754089311040901        2.3729650058310243     
   246.43025707061713        2.8792128478428038        1.4635525382255632        2.4176693851231694     
   255.13466811288930        2.8652516209827117        1.4524912165140245        2.4630344952772409     
   264.14653641505117        2.8489046076503763        1.4421717764414439        2.5090493012374209     
   273.47660938458705        2.8302017352767126        1.4325445703615438        2.5557383152620035     
   283.13635184814427        2.8091918154180036        1.4235629496676243        2.6031622149242577     
   293.13729579387660        2.7859417272296993        1.4151837252925705        2.6514122327397263     
   303.49136818478553        2.7605344742445492        1.4073665841220315        2.7006084308454237     
   314.21129214162710        2.7330672159697209        1.4000736482149814        2.7508973008952684     
   325.30973137660959        2.7036526650807038        1.3932699266553978        2.8024428217535338     
   336.80032369109853        2.6724156496141704        1.3869224520248509        2.8554260161441256     
   348.69678677735646        2.6394944166140943        1.3810007018244357        2.9100352994962413     
   361.01330816366544        2.6050382415992472        1.3754761860433298        2.9664628281707288     
   373.76502243504467        2.5614331710081393        1.3604169623961755        3.0157414611134268     
   386.96715283564077        2.4880978914197547        1.3112048523592155        3.0317830846315195     
   400.63544401132759        2.4139081245027105        1.2652939190508012        3.0474756753769303     
   414.78669160661980        2.3391919742151934        1.2224617011406484        3.0632777305522878     
   429.43761284149554        2.2642719885723235        1.1825026931150384        3.0796566116541619     
   444.60621081975989        2.1894538058279922        1.1452232736850514        3.0970770373812400     
   460.31059410826708        2.1150286672259764        1.1104441808441796        3.1159884803750550     
   476.56949149896485        2.0412677337697365        1.0779980896128674        3.1368164804485295     
   493.40288198244309        1.9684172659484387        1.0477277825246578        3.1599564237835320     
   510.83065126063684        1.8967033124075625        1.0194880250968956        3.1857667600100967     
   528.87421463804299        1.8263241887624071       0.99314198164467415        3.2145680735789557     
   547.55511287104378        1.7574565673746514       0.96856296444899603        3.2466394215409045     
   566.89562449487210        1.6902535738770035       0.94563272190484016        3.2822187062608847     
   586.91951519858117        1.6248437079824709       0.92424014557044021        3.3215046462485240     
   607.65068989177485        1.5613372279583806       0.90428236699405817        3.3646553847433474     
   629.11387223602765        1.4998254874133061       0.88566336771693033        3.4117910364410156     
   651.33543626567803        1.4403807776276001       0.86829292941741543        3.4629971939728246     
   674.34163286578985        1.3830632899553295       0.85208771013890938        3.5183224875915320     
   698.16073213207346        1.3279172884241368       0.83696918752565463        3.5777848849157388     
   722.82116976782140        1.2729709718938425       0.82082929172270092        3.6368751764325560     
   748.35235540965130        1.2197726757283196       0.80515151681372754        3.6989072792505762     
   774.78566186873422        1.1689805313944721       0.79052506897533359        3.7652506775212071     
   802.15264573967897        1.1205922920399236       0.77687961539580286        3.8357858737717359     
   830.48594444209971        1.0745988805061186       0.76414950671356341        3.9103646399489347     
   859.82037403360118        1.0309833918457461       0.75227305921390697        3.9888120693071101     
   890.19058800385733       0.98972519810886428       0.74119329066327966        4.0709191326415368     
   921.63390537915473       0.95079605027359071       0.73085651406659136        4.1564487022694365     
   954.18786380243341       0.91416374078966811       0.72121302394715059        4.2451272191084737     
   987.89128659474920       0.87979064146899533       0.71221642470762347        4.3366456746993798     
   1022.7855886411724       0.84763272389716882       0.70382312334541719        4.4306611996456793     
   1058.9119914466876       0.81764248602377931       0.69599284948013851        4.5267875975226168     
   1096.3148872627712       0.78976607058065695       0.68868766153632532        4.6246026155479480     
   1135.0389283928459       0.76394603759617652       0.68187243174995404        4.7236387154421422     
   1175.1302964981960       0.74012045607645816       0.67551437150891314        4.8233856156846864     
   1216.6382559936744       0.71822248491436402       0.66958267284575290        4.9232937956729943     
   1259.6123598874483       0.69818243296092752       0.66404881256400705        5.0227682130107425     
   1304.1038583964914       0.67992721769097331       0.65888616682208112        5.1211738888517031     
   1350.1674228314519       0.66338025204435525       0.65406972003095565        5.2178428423627041     
   1397.8574692241625       0.62141194302837821       0.61666681358857633        5.0952808988629901     
   1447.2325992722181       0.57902834385651147       0.57651817241136649        4.9521300290789432     
   1498.3517579647787       0.53989854528942316       0.53906229621244517        4.8133642336259612     
   1551.2759091786245       0.49913399385288787       0.50294494533477752        4.5739908918729881     
   1606.0700862978565       0.46184982129025354       0.46921248278822519        4.3372070332506372     
   1662.7990190437411       0.42783664231641660       0.43774281328736153        4.1066166168301592     
   1721.5324161293761       0.39675760090290824       0.40838345061515435        3.8823771027438809     
   1782.3403946248577       0.36831393039027249       0.38099321719042534        3.6646722677923247     
   1845.2954731357936       0.34223963816945174       0.35544033642347200        3.4536986541304326     
   1910.4750110852074       0.31829716806646202       0.33160099188456343        3.2496524427915916     
   1977.9568210713478       0.29627607087669544       0.30936054957988895        3.0527376440707368     
   2047.8213808026539       0.27598912379480484       0.28861200897407890        2.8631507379285916     
   2120.1545400970977       0.25726915755905566       0.26925483305749276        2.6810665017364381     
   2195.0417479108573       0.23996840541113126       0.25119614766728804        2.5066457669146782     
   2272.5750259096239       0.22395466631661554       0.23434844948158573        2.3400108477418402     
   2352.8469348264384       0.20911094463782093       0.21863072457291177        2.1812538195645534     
   2435.9532056335870       0.19533312291019123       0.20396735371764604        2.0304247014910759     
   2521.9959596104222       0.18252805709816819       0.19028728558330962        1.8875228428229038     
   2611.0779162676686       0.17061323341659468       0.17752473812445949        1.7525056927659151     
   2703.3053132971791       0.15951504853794368       0.16561830971103331        1.6252828054452095     
   2798.7914800504532       0.14916740743697143       0.15451030776932578        1.5057132159837532     
   2897.6492167059700       0.13951168299189290       0.14414743700535257        1.3936187785866812     
   3000.0000000000000       0.13049489571350781       0.13447948415073582        1.2887770704915071     
