         200   4370.0000000000000     
   3.0000000000000000        1.4384875174106274E-003   1.9362995752560082        6.9969257702446328E-004
   3.1059655287322618        1.5400539620053250E-003   1.9362995752560082        7.4595441049504373E-004
   3.2156739552243598        1.6485175700303252E-003   1.9362995752560082        7.9543156072534374E-004
   3.3292574962321346        1.7642838232919079E-003   1.9362995752560082        8.4834848110581444E-004
   3.4468529954360925        1.8877766589974426E-003   1.9362995752560082        9.0494468525364503E-004
   3.5686022069563790        2.0194403516420613E-003   1.9362995752560082        9.6547568722300467E-004
   3.6946518254059528        2.1597416458121010E-003   1.9362995752560082        1.0302138579266452E-003
   3.8251536998800524        2.3091726581184876E-003   1.9362995752560082        1.0994494075169706E-003
   3.9602651907155879        2.4682545989387272E-003   1.9362995752560082        1.1734914964842994E-003
   4.1001490688558144        2.6375416605700186E-003   1.9362995752560082        1.2526691548219748E-003
   4.2449739038313119        2.8176261971877324E-003   1.9362995752560082        1.3373325203629310E-003
   4.3949142193596993        3.0091444043775996E-003   1.9362995752560082        1.4278540262763000E-003
   4.5501507036585132        3.2127828419053917E-003   1.9362995752560082        1.5246297004896262E-003
   4.7108703059600501        3.4292855889645132E-003   1.9362995752560082        1.6280804872683935E-003
   4.8772669425686850        3.6594630143790270E-003   1.9362995752560082        1.7386540775134213E-003
   5.0495410155906377        3.9041997258014759E-003   1.9362995752560082        1.8568261039302802E-003
   5.2279001269311909        4.1644648971761967E-003   1.9362995752560082        1.9831022537476002E-003
   5.4125592113782046        4.4413225861144557E-003   1.9362995752560082        2.1180201843251914E-003
   5.6037407956130689        4.7359429825537657E-003   1.9362995752560082        2.2621517150376840E-003
   5.8016752663703963        5.0496144412259247E-003   1.9362995752560082        2.4161052462333046E-003
   6.0066011480696169        5.3837563208121988E-003   1.9362995752560082        2.5805284313457685E-003
   6.2187653902530293        5.7399326725072405E-003   1.9362995752560082        2.7561111291246388E-003
   6.4384236651766908        6.1198668459422822E-003   1.9362995752560082        2.9435886636394672E-003
   6.6658406759127811        6.5254571113277787E-003   1.9362995752560082        3.1437454202577408E-003
   6.9012904753346884        6.9587934336198341E-003   1.9362995752560082        3.3574188062706696E-003
   7.1450567963692624        7.4221755779227830E-003   1.9362995752560082        3.5855036053381779E-003
   7.3974330131920443        7.9181320148466912E-003   1.9362995752560082        3.8289563827060232E-003
   7.6587243988323896        8.4494452388362024E-003   1.9362995752560082        4.0888025818368963E-003
   7.9292442763577622        9.0191669996087936E-003   1.9362995752560082        4.3661380898339774E-003
   8.2093202460023029        9.6306566238010625E-003   1.9362995752560082        4.6621413282996321E-003
   8.4992881560440416        1.0287596919371098E-002   1.9362995752560082        4.9780734527955965E-003
   8.7994991583321234        1.0994041907893404E-002   1.9362995752560082        5.3152927827901974E-003
   9.1103132457223861        1.1754438726563123E-002   1.9362995752560082        5.6752553175907876E-003
   9.4321068148357909        1.2573687082323173E-002   1.9362995752560082        6.0595314731353225E-003
   9.7652657388916850        1.3457169636206889E-002   1.9362995752560082        6.4698069796436629E-003
   10.110193474162946        1.4410826631752409E-002   1.9362995752560082        6.9079022828695555E-003
   10.467303634806061        1.5441197324654956E-002   1.9362995752560082        7.3757739205539286E-003
   10.837027566606025        1.6555509689784274E-002   1.9362995752560082        7.8755354964706887E-003
   11.219811965471335        1.7761751861174128E-002   1.9362995752560082        8.4094673343899067E-003
   11.616115840724994        1.9068747585338049E-002   1.9362995752560082        8.9800255658010475E-003
   12.026419117330413        2.0486277616906547E-002   1.9362995752560082        9.5898690007384657E-003
   12.451213803399156        2.2025151843593320E-002   1.9362995752560082        1.0241862439415151E-002
   12.891014326336300        2.3697352967127602E-002   1.9362995752560082        1.0939109566896017E-002
   13.346348065368609        2.5516114970535391E-002   1.9362995752560082        1.1684957479897212E-002
   13.817766430769083        2.7496081678227206E-002   1.9362995752560082        1.2483035114639406E-002
   14.305834715756038        2.9653383907108481E-002   1.9362995752560082        1.3337259313006264E-002
   14.811143972217785        3.2005807261623373E-002   1.9362995752560082        1.4251879761507102E-002
   15.334300133051286        3.4572860000090799E-002   1.9362995752560082        1.5231486942847599E-002
   15.875936741648431        3.7375946092238557E-002   1.9362995752560082        1.6281064680665931E-002
   16.436703292225193        4.0438418150916554E-002   1.9362995752560082        1.7406000315598080E-002
   17.017278874447534        4.3785755288435986E-002   1.9362995752560082        1.8612146057621182E-002
   17.618359675531394        4.7445597808258036E-002   1.9362995752560082        1.9905831690669874E-002
   18.240671728221173        5.1447918123551775E-002   1.9362995752560082        2.1293931776563160E-002
   18.884968846184627        5.5825106400745360E-002   1.9362995752560082        2.2783907029502354E-002
   19.552019805756849        6.0611960836763852E-002   1.9362995752560082        2.4383821800370211E-002
   20.242632201214423        6.5845912336481266E-002   1.9362498615737977        2.6102438774317175E-002
   20.957638264717446        7.1566964176315112E-002   1.9361132692740197        2.7949251533082288E-002
   21.697899624358065        7.7817715310161115E-002   1.9359858381524004        2.9934593304827076E-002
   22.464312967141105        8.4643340689849481E-002   1.9358669530923669        3.2069660950253293E-002
   23.257792778673313        9.2091283033201812E-002   1.9357560422755304        3.4366555796703245E-002
   24.079299719823517       0.10021124962488145        1.9356525701924616        3.6838435789156951E-002
   24.929823759061236       0.10905468503957137        1.9355560379309560        3.9499546939977682E-002
   25.810395145829254       0.11867435964310032        1.9354659795248277        4.2365339113886423E-002
   26.722064579292049       0.12912347574338287        1.9353819618073460        4.5452487450309220E-002
   27.665935811728254       0.14045519522640262        1.9353035791167252        4.8779089130499734E-002
   28.643146268414043       0.15272145883869048        1.9352304535144946        5.2364695490119136E-002
   29.654879655490589       0.16597204464018572        1.9351622320196142        5.6230454058847905E-002
   30.702343174827575       0.18021202908471648        1.9298676095705452        6.0381239407191638E-002
   31.786804983723918       0.19550003130802804        1.9224020298599231        6.4848952374994995E-002
   32.909571928103169       0.21189148568744157        1.9154371628973497        6.9668533615308628E-002
   34.072004028335677       0.22941524810711053        1.9089393889121056        7.4868302186605826E-002
   35.275488300232773       0.24809210313562474        1.9028774546361049        8.0478552756115956E-002
   36.521481794408061       0.26793473805329415        1.8972220913013436        8.6531828296619248E-002
   37.811486012809581       0.28894700223189340        1.8919460303953590        9.3062877241198813E-002
   39.147055493126302       0.31112405295731332        1.8870238322914084       0.10010874879489708     
   40.529808025860810       0.33445296428167853        1.8824317372862942       0.10770889056489188     
   41.961393513511240       0.35891308181304638        1.8781476581272825       0.11590499903325567     
   43.443545167355794       0.38447822077845639        1.8741509100439131       0.12474130534627312     
   44.978049075047366       0.41111792137481196        1.8704222218827014       0.13426439538153326     
   46.566763998623138       0.43879994559762681        1.8669435950743003       0.14452329455861443     
   48.211585595230147       0.46749213754006824        1.8636982979723664       0.15556918168458603     
   49.914505239722644       0.49716617598272572        1.8606706613459962       0.16745570147554495     
   51.677575059319224       0.52779983325463109        1.8578460868144699       0.18023866500465555     
   53.502930680545909       0.55938026317625211        1.8552109400113883       0.19397612934961717     
   55.392750120602578       0.59190608606171169        1.8527525462962180       0.20872800798448984     
   57.349321371645829       0.62539112706592948        1.8504590358346817       0.22455651503790378     
   59.375002227322796       0.65986593519000170        1.8483193499882904       0.24152582495327921     
   61.472246417894510       0.69537997240546101        1.8463231603835260       0.25970227494510156     
   63.643556378429672       0.73200197693135283        1.8444608656632153       0.27915398047455642     
   65.891560899834928       0.76982177012975894        1.8427234741310259       0.29995158335236383     
   68.218968971510208       0.80894923092138205        1.8411026085917639       0.32216798247359735     
   70.628585269218178       0.84860968187632668        1.8393230237639717       0.34547171605747629     
   73.123328588587739       0.88709931900647687        1.8369180295919534       0.36910190478087446     
   75.706175661273647       0.92708274309716532        1.8346743509663122       0.39426382284757644     
   78.380253523498894       0.96871218999517950        1.8325811547591815       0.42103446890555085     
   81.148784610322849        1.0121450723137033        1.8306283481889787       0.44949426456178854     
   84.015122474940881        1.0575405228641206        1.8288065049580462       0.47972776706293596     
   86.982687236203873        1.1050543148860681        1.8271068622877868       0.51182331563428551     
   90.055071705548812        1.1548366120964932        1.8255212138128931       0.54587443874127883     
   93.235978303002270        1.2070273018505797        1.8240419139989390       0.58197941470649794     
   96.529260096906100        1.2617533416254172        1.8226618221896929       0.62024185723366909     
   99.938826062156153        1.3191242453064738        1.8213743077351003       0.66076961498245168     
   103.46886588546354        1.3792333075550598        1.8201731319865910       0.70367730393004835     
   107.12359379692580        1.4421510897696936        1.8190525189643265       0.74908299998395256     
   110.90736836557576        1.5079254210083282        1.8180070773100052       0.79710915718887554     
   114.82483910697920        1.5765821194930703        1.8170317413382990       0.84788386392041892     
   118.88068277378797        1.6481185432662522        1.8161218210436798       0.90153662077086272     
   123.07973629915718        1.7225038999227420        1.8152729387272915       0.95819884173577496     
   127.42715949490271        1.7996799839548638        1.8144809811316742        1.0180046921436543     
   131.92808807993632        1.8795526413683470        1.8137421485084049        1.0810846489597621     
   136.58805281121437        1.9619966243206381        1.8130528608455583        1.1475692023323445     
   141.41261684513370        2.0468464797558026        1.8124098036309702        1.2175813699484883     
   146.40753387824964        2.1338967584516211        1.8118098830652705        1.2912360319199110     
   151.57894168226974        2.2107364195824566        1.8081502845456356        1.3577874752436332     
   156.93294936957258        2.2609813063083064        1.7978041732165857        1.4021288370943876     
   162.47613596373097        2.3122954666308404        1.7881518559353904        1.4489251552339004     
   168.21511902855468        2.3642063406293494        1.7791469185199196        1.4981907645736221     
   174.15674278185460        2.4162706116715134        1.7707460375006372        1.5499305266396304     
   180.30830831190286        2.4680737853226566        1.7629085064263286        1.6041426930782601     
   186.67715947709803        2.5192233252303304        1.7555966377050833        1.6608162545017120     
   193.27089166569760        2.5693470502414972        1.7487752533554004        1.7199338078000883     
   200.09760727912413        2.6180915303644192        1.7424113003738271        1.7814750595007689     
   207.16537088595135        2.6651151629094501        1.7364742450292157        1.8454132089672743     
   214.48286737908427        2.7100908463561217        1.7309353193324328        1.9117222286022255     
   222.05883252794877        2.7527011813243734        1.7257678887771166        1.9803731292830420     
   229.90230130529540        2.7926406146475320        1.7209470924442076        2.0513376548352911     
   238.02291179328489        2.8296182601388638        1.7164495711752623        2.1245924937763521     
   246.43025707061713        2.8633572671903313        1.7122537462273648        2.2001148680146905     
   255.13466811288930        2.8936017858013221        1.7083392867396001        2.2778909816132118     
   264.14653641505117        2.9201181589276541        1.7046873696220990        2.3579112215889904     
   273.47660938458705        2.9427007282343958        1.7012804252113973        2.4401739829632350     
   283.13635184814427        2.9611768505286347        1.6981019451655517        2.5246897709891329     
   293.13729579387660        2.9754093981794876        1.6951366454291963        2.6114761422006758     
   303.49136818478553        2.9853013212621260        1.6923702597096444        2.7005609919920164     
   314.21129214162710        2.9907984962368124        1.6897893834907334        2.7919859674814336     
   325.30973137660959        2.9918907718033991        1.6873816339373306        2.8857987277934778     
   336.80032369109853        2.9886131324920528        1.6851353443040626        2.9820609348897342     
   348.69678677735646        2.9810449820698852        1.6830397130711316        3.0808394320786978     
   361.01330816366544        2.9693087966778764        1.6810846579901391        3.1822079454892043     
   373.76502243504467        2.9437139066704576        1.6667020366352179        3.2754391690899536     
   386.96715283564077        2.8781551730008381        1.6087013613518966        3.3292662537129520     
   400.63544401132759        2.8092603370907603        1.5545914048233973        3.3821160804727519     
   414.78669160661980        2.7374879671434345        1.5041099773697673        3.4343875155239529     
   429.43761284149554        2.6633117778313222        1.4570148731891788        3.4865273244127417     
   444.60621081975989        2.5872062483070346        1.4130778930538948        3.5390197225050417     
   460.31059410826708        2.5096455370594573        1.3720877613770162        3.5923667005115947     
   476.56949149896485        2.4310943518675194        1.3338472713775671        3.6470754247791310     
   493.40288198244309        2.3519992450790346        1.2981711288420972        3.7036473557993554     
   510.83065126063684        2.2727901461811677        1.2648881625271566        3.7625626712149880     
   528.87421463804299        2.1938687516925852        1.2338370998898331        3.8242767167792655     
   547.55511287104378        2.1156118532261017        1.2048686286318633        3.8892082272850099     
   566.89562449487210        2.0383661021845780        1.1778433791359035        3.9577361109800484     
   586.91951519858117        1.9624437243324984        1.1526304006126640        4.0301984741900334     
   607.65068989177485        1.8881271893260598        1.1291084538049438        4.1068854257485814     
   629.11387223602765        1.8156661961570790        1.1071643727573695        4.1880399277032874     
   651.33543626567803        1.7452755597466201        1.0866918274716146        4.2738602273399637     
   674.34163286578985        1.6771420119480969        1.0675925923329137        4.3644927378004450     
   698.16073213207346        1.6114187532063868        1.0497741220377748        4.4600401793520419     
   722.82116976782140        1.5455831255922312        1.0304631784273166        4.5544496864337836     
   748.35235540965130        1.4817468955859918        1.0116282303585458        4.6523074145088428     
   774.78566186873422        1.4208332429059969       0.99405632445568826        4.7555348957811310     
   802.15264573967897        1.3628804798317244       0.97766296436234401        4.8640210805323392     
   830.48594444209971        1.3079062857475738       0.96236928032032154        4.9776088868457027     
   859.82037403360118        1.2559078639524286       0.94810116681593504        5.0960982419351346     
   890.19058800385733        1.2068683354945273       0.93479016659576919        5.2192349576792543     
   921.63390537915473        1.1607536575789832       0.92237178123640118        5.3467201749991684     
   954.18786380243341        1.1175185530790475       0.91078629562661861        5.4781983090161246     
   987.89128659474920        1.0771062842447454       0.89997797107444899        5.6132591389486244     
   1022.7855886411724        1.0394489320309361       0.88989443586613615        5.7514407334217701     
   1058.9119914466876        1.0044721189331158       0.88048731001612879        5.8922161677074030     
   1096.3148872627712       0.97209276139830880       0.87171101131601647        6.0350049028854169     
   1135.0389283928459       0.94222326402299672       0.86352333801107695        6.1791599479095147     
   1175.1302964981960       0.91477123382928283       0.85588489855437100        6.3239722901890820     
   1216.6382559936744       0.88963961645103129       0.84875868090365658        6.4686766202226718     
   1259.6123598874483       0.86672951954102007       0.84211041789237784        6.6124428421964367     
   1304.1038583964914       0.84593988846355617       0.83590812419884497        6.7543847915998469     
   1350.1674228314519       0.82716756452030082       0.83012174662207761        6.8935707954423799     
   1397.8574692241625       0.77391038020048242       0.78252017507646787        6.7182144957156096     
   1447.2325992722181       0.72019829367880217       0.73140772824089806        6.5133156239353731     
   1498.3517579647787       0.67082785027861480       0.68372338763153917        6.3138910966783204     
   1551.2759091786245       0.62017346248019845       0.63790864221697163        6.0013672403547274     
   1606.0700862978565       0.57394667833269597       0.59512417926271544        5.6923254656018560     
   1662.7990190437411       0.53184244103344125       0.55520972276300973        5.3909047764946942     
   1721.5324161293761       0.49342084774054862       0.51797186730326794        5.0973593278045346     
   1782.3403946248577       0.45829369651658336       0.48323155074169244        4.8119825781078287     
   1845.2954731357936       0.42611724417771146       0.45082163465449399        4.5350882768885610     
   1910.4750110852074       0.39658624528296915       0.42058507686180202        4.2669917602828527     
   1977.9568210713478       0.36943176531422817       0.39237648169750466        4.0080191432569148     
   2047.8213808026539       0.34441590812423423       0.36606013536853127        3.7584855848771177     
   2120.1545400970977       0.32132747748799462       0.34150852207438581        3.5186751151228481     
   2195.0417479108573       0.29998080387920495       0.31860384516224144        3.2888494822795189     
   2272.5750259096239       0.28021069370249541       0.29723512006854669        3.0692146517189229     
   2352.8469348264384       0.26187171386338182       0.27729959303276375        2.8599308496797637     
   2435.9532056335870       0.24483509255399485       0.25870135265005018        2.6610964507598784     
   2521.9959596104222       0.22898617630403631       0.24135028118595317        2.4727364101795959     
   2611.0779162676686       0.21422385154273332       0.22516294418968286        2.2948139292739449     
   2703.3053132971791       0.20045829330478238       0.21006146309654475        2.1272229313565272     
   2798.7914800504532       0.18760912843584820       0.19597266371183023        1.9697852117105874     
   2897.6492167059700       0.17560530996588966       0.18282894911675451        1.8222687664332464     
   3000.0000000000000       0.16438279970965791       0.17056663147003678        1.6843793002718055     
