         200   4370.0000000000000     
   3.0000000000000000        1.4166893707327479E-003   11.008077494227818        6.8915125462682292E-004
   3.1059655287322618        1.5166860941602048E-003   11.008077494227818        7.3471523468214258E-004
   3.2156739552243598        1.6234664465101364E-003   11.008077494227818        7.8344569331414895E-004
   3.3292574962321346        1.7374277286019361E-003   11.008077494227818        8.3556359601979536E-004
   3.4468529954360925        1.8589850723191113E-003   11.008077494227818        8.9130471627127937E-004
   3.5686022069563790        1.9885732653537012E-003   11.008077494227818        9.5092055599014060E-004
   3.6946518254059528        2.1266488260327271E-003   11.008077494227818        1.0146791825464431E-003
   3.8251536998800524        2.2736928389841260E-003   11.008077494227818        1.0828661887872933E-003
   3.9602651907155879        2.4302146018736989E-003   11.008077494227818        1.1557857787398392E-003
   4.1001490688558144        2.5967554405971812E-003   11.008077494227818        1.2337616631498782E-003
   4.2449739038313119        2.7738938004109419E-003   11.008077494227818        1.3171382681919897E-003
   4.3949142193596993        2.9622508332463361E-003   11.008077494227818        1.4062818929361709E-003
   4.5501507036585132        3.1624968190151663E-003   11.008077494227818        1.5015819758903239E-003
   4.7108703059600501        3.3753582130796843E-003   11.008077494227818        1.6034523822641756E-003
   4.8772669425686850        3.6016262850326487E-003   11.008077494227818        1.7123331911469996E-003
   5.0495410155906377        3.8421649529500556E-003   11.008077494227818        1.8286918563233338E-003
   5.2279001269311909        4.0979209575990822E-003   11.008077494227818        1.9530252697967136E-003
   5.4125592113782046        4.3699340272946516E-003   11.008077494227818        2.0858616305070941E-003
   5.6037407956130689        4.6593479579510877E-003   11.008077494227818        2.2277625845311924E-003
   5.8016752663703963        4.9674224623177171E-003   11.008077494227818        2.3793255884449228E-003
   6.0066011480696169        5.2955458099694964E-003   11.008077494227818        2.5411865216459387E-003
   6.2187653902530293        5.6452482992425520E-003   11.008077494227818        2.7140225742882246E-003
   6.4384236651766908        6.0182166272330423E-003   11.008077494227818        2.8985554381309791E-003
   6.6658406759127811        6.4163092544936079E-003   11.008077494227818        3.0955548281021649E-003
   6.9012904753346884        6.8415728974945056E-003   11.008077494227818        3.3058423627982335E-003
   7.1450567963692624        7.2962603246719540E-003   11.008077494227818        3.5302958325796573E-003
   7.3974330131920443        7.7828489349894992E-003   11.008077494227818        3.7698535176181047E-003
   7.6587243988323896        8.3040656259040849E-003   11.008077494227818        4.0255211540273323E-003
   7.9292442763577622        8.8629017639169135E-003   11.008077494227818        4.2983734571993394E-003
   8.2093202460023029        9.4626508051115794E-003   11.008077494227818        4.5895660006852520E-003
   8.4992881560440416        1.0106923924653590E-002   11.008077494227818        4.9003353946911890E-003
   8.7994991583321234        1.0799696863337163E-002   11.008077494227818        5.2320134630592522E-003
   9.1103132457223861        1.1545331439527858E-002   11.008077494227818        5.5860277315726015E-003
   9.4321068148357909        1.2348633885562163E-002   11.008077494227818        5.9639178692605585E-003
   9.7652657388916850        1.3214884673822477E-002   11.008077494227818        6.3673365494443359E-003
   10.110193474162946        1.4149911719527054E-002   11.008077494227818        6.7980685049277749E-003
   10.467303634806061        1.5160131018727660E-002   11.008077494227818        7.2580318559041434E-003
   10.837027566606025        1.6252634600087867E-002   11.008077494227818        7.7492987037993104E-003
   11.219811965471335        1.7435260531440608E-002   11.008077494227818        8.2741045904197001E-003
   11.616115840724994        1.8716666808673971E-002   11.008077494227818        8.8348573986056084E-003
   12.026419117330413        2.0106450208049086E-002   11.008077494227818        9.4341637263389601E-003
   12.451213803399156        2.1615216718438256E-002   11.008077494227818        1.0074832100674147E-002
   12.891014326336300        2.3254721970326943E-002   11.008077494227818        1.0759905258673867E-002
   13.346348065368609        2.5037947512977193E-002   11.008077494227818        1.1492664545301217E-002
   13.817766430769083        2.6979255337022910E-002   11.008077494227818        1.2276667613841306E-002
   14.305834715756038        2.9094462219709859E-002   11.008077494227818        1.3115754322150926E-002
   14.811143972217785        3.1401002494671246E-002   11.008077494227818        1.4014090806707980E-002
   15.334300133051286        3.3917992293441439E-002   11.008077494227818        1.4976177210408783E-002
   15.875936741648431        3.6666396262230130E-002   11.008077494227818        1.6006899195444142E-002
   16.436703292225193        3.9669075704015205E-002   11.008077494227818        1.7111537824751451E-002
   17.017278874447534        4.2950958266730552E-002   11.008077494227818        1.8295829678651024E-002
   17.618359675531394        4.6539066143999198E-002   11.008077494227818        1.9565979171097116E-002
   18.240671728221173        5.0462676506815143E-002   11.008077494227818        2.0928724344685099E-002
   18.884968846184627        5.4753396717668629E-002   11.008077494227818        2.2391377256284321E-002
   19.552019805756849        5.9445144139858179E-002   11.008077494227818        2.3961840860071883E-002
   20.242632201214423        6.4574353372596968E-002   11.008015577958941        2.5648713500957338E-002
   20.957638264717446        7.0179901274177600E-002   11.007845458080794        2.7461311379778395E-002
   21.697899624358065        7.6303110609519040E-002   11.007686748058946        2.9409737630509955E-002
   22.464312967141105        8.2987707560072441E-002   11.007538681791967        3.1504959979345659E-002
   23.257792778673313        9.0279492048360444E-002   11.007400547104462        3.3758829513873233E-002
   24.079299719823517        9.8226301650908482E-002   11.007271677042302        3.6184228855283856E-002
   24.929823759061236       0.10687745672230423        11.007151450231632        3.8795101534813359E-002
   25.810395145829254       0.11628331315450635        11.007039286331459        4.1606563670870421E-002
   26.722064579292049       0.12649433777144595        11.006934645851114        4.4634922473339042E-002
   27.665935811728254       0.13756059071707558        11.006837023556164        4.7897865989723717E-002
   28.643146268414043       0.14953051113879692        11.006745948740370        5.1414490311657762E-002
   29.654879655490589       0.16244993401538099        11.006660981780922        5.5205433332439803E-002
   30.702343174827575       0.17632456614046510        11.003174455148249        5.9277351771678033E-002
   31.786804983723918       0.19120602614761584        10.998276385759045        6.3660561951416547E-002
   32.909571928103169       0.20714188172512860        10.993706827467324        6.8388164424966522E-002
   34.072004028335677       0.22415499002705574        10.989443722780365        7.3487667457690892E-002
   35.275488300232773       0.24225956140542454        10.985466566837038        7.8988435392452219E-002
   36.521481794408061       0.26146110098842079        10.981756156780660        8.4921934155503434E-002
   37.811486012809581       0.28175567122653894        10.978294602096272        9.1321662550921168E-002
   39.147055493126302       0.30313003153274048        10.975065212176778        9.8223213695177475E-002
   40.529808025860810       0.32556224260539746        10.972052398591108       0.10566433269347059     
   41.961393513511240       0.34902204749301491        10.969241670181139       0.11368472589959139     
   43.443545167355794       0.37347304463426229        10.966619455938940       0.12232628956712108     
   44.978049075047366       0.39887397221707815        10.964173112312301       0.13163287552315509     
   46.566763998623138       0.42518120100714030        10.961890830674802       0.14165030902432585     
   48.211585595230147       0.45235063927018893        10.959761633611746       0.15242603782138964     
   49.914505239722644       0.48034145048013493        10.957775240745288       0.16400936004601183     
   51.677575059319224       0.50911836237482133        10.955922074268374       0.17645104972270520     
   53.502930680545909       0.53865495979487388        10.954193188851212       0.18980334903489532     
   55.392750120602578       0.56893585395916457        10.952580268827649       0.20411950294999659     
   57.349321371645829       0.59996039440089755        10.951075526554318       0.21945410481073327     
   59.375002227322796       0.63174429414619993        10.949671706602878       0.23586268161112212     
   61.472246417894510       0.66432186037664342        10.948362032662338       0.25340181031101927     
   63.643556378429672       0.69774651006076727        10.947140205407552       0.27212867316018319     
   65.891560899834928       0.73209255896929504        10.946000325503949       0.29210171208564273     
   68.218968971510208       0.76745434867246232        10.944936896783140       0.31338030686230656     
   70.628585269218178       0.80307763125906917        10.943604954931978       0.33563287995860047     
   73.123328588587739       0.83731799397489082        10.941415939843994       0.35811176583688115     
   75.706175661273647       0.87272652581037324        10.939373753454788       0.38196283749504134     
   78.380253523498894       0.90944190889975562        10.937468535499224       0.40724380558867340     
   81.148784610322849       0.94760825334661958        10.935691099572002       0.43401424873222644     
   84.015122474940881       0.98737141723905697        10.934032865898569       0.46233622332906865     
   86.982687236203873        1.0288738202268173        10.932485858636467       0.49227383622619236     
   90.055071705548812        1.0722516797678483        10.931042608388207       0.52389441354378186     
   93.235978303002270        1.1176301062286447        10.929696156222088       0.55726786658216454     
   96.529260096906100        1.1651199710132647        10.928440002744285       0.59246691877996127     
   99.938826062156153        1.2148132103179250        10.927268112766388       0.62956565401792031     
   103.46886588546354        1.2667831884901164        10.926174807897956       0.66864122945003446     
   107.12359379692580        1.3210784729205174        10.925154830867598       0.70977001840540410     
   110.90736836557576        1.3777224024949657        10.924203274484812       0.75302735333453241     
   114.82483910697920        1.4367134189385116        10.923315527985160       0.79848716136231634     
   118.88068277378797        1.4980194006930194        10.922487322546257       0.84621620226209371     
   123.07973629915718        1.5615780033440481        10.921714673605941       0.89627198160008537     
   127.42715949490271        1.6272975053120171        10.920993837295368       0.94870015756556936     
   131.92808807993632        1.6950499070102099        10.920321355100349        1.0035246463375886     
   136.58805281121437        1.7646755887283581        10.919693968509771        1.0607455761569387     
   141.41261684513370        1.8359762253037979        10.919108660669282        1.1203262762432769     
   146.40753387824964        1.9087157515499920        10.918562615616375        1.1821849776435607     
   151.57894168226974        1.9709466412858880        10.914033371242152        1.2361469860982073     
   156.93294936957258        2.0070105683615109        10.900818854676910        1.2681229635267108     
   162.47613596373097        2.0434666152607601        10.888490482929400        1.3007030534481421     
   168.21511902855468        2.0798231384335235        10.876988973728421        1.3335310582527549     
   174.15674278185460        2.1156234942275747        10.866258992399059        1.3661782740794013     
   180.30830831190286        2.1504464517500064        10.856248546839568        1.3981433954140456     
   186.67715947709803        2.1839017952832900        10.846909500770275        1.4288531659317181     
   193.27089166569760        2.2156292958444102        10.838196923298394        1.4576723985319935     
   200.09760727912413        2.2452972934511273        10.830068597648246        1.4839209525153143     
   207.16537088595135        2.2725979330512405        10.822485524771391        1.5068956052367519     
   214.48286737908427        2.2972483591661188        10.815410960904249        1.5259048797021135     
   222.05883252794877        2.3189875766088552        10.808810887262933        1.5403063207200562     
   229.90230130529540        2.3375776822962417        10.802653550368605        1.5495508878189868     
   238.02291179328489        2.3528053947907321        10.796909114858398        1.5532260865068979     
   246.43025707061713        2.3644824669678046        10.791550019395830        1.5510927934697392     
   255.13466811288930        2.3724496470281200        10.786550296495134        1.5431119800833368     
   264.14653641505117        2.3765785794337502        10.781885904463266        1.5294556888751252     
   273.47660938458705        2.3767755876137984        10.777534402539429        1.5105005261894227     
   283.13635184814427        2.3729845537371572        10.773474705530385        1.4868027177277148     
   293.13729579387660        2.3651896283034608        10.769687291956284        1.4590614243523903     
   303.49136818478553        2.3534175823396750        10.766153940269403        1.4280713428065244     
   314.21129214162710        2.3377385181076957        10.762857529621687        1.3946716010211124     
   325.30973137660959        2.3182673722882212        10.759782244101689        1.3597014632893762     
   336.80032369109853        2.2951618345413141        10.756913182419961        1.3239575179358656     
   348.69678677735646        2.2686222256603665        10.754236548391797        1.2881666811685808     
   361.01330816366544        2.2388883814624498        10.751739464518248        1.2529657292604808     
   373.76502243504467        2.2033161543464788        10.650424152170233        1.2127379046930784     
   386.96715283564077        2.1542499032032389        10.204509465031247        1.1510807138655512     
   400.63544401132759        2.1026118869574812        9.7885069923247361        1.0909864274556862     
   414.78669160661980        2.0487010725694410        9.4004009949487415        1.0330407459867734     
   429.43761284149554        1.9928302125732467        9.0383293717498336       0.97768388091669978     
   444.60621081975989        1.9353155015930026        8.7005377054433186       0.92521772161316196     
   460.31059410826708        1.8764761422652132        8.3854016892987513       0.87582791343796940     
   476.56949149896485        1.8166278006174321        8.0914051788986203       0.82960123867659519     
   493.40288198244309        1.7560762857871515        7.8171236147733838       0.78654373497526808     
   510.83065126063684        1.6951190098450701        7.5612410161848889       0.74660276738029485     
   528.87421463804299        1.6340363649782896        7.3225175045426596       0.70967919839449811     
   547.55511287104378        1.5730945230122049        7.0998051527503243       0.67564463518781193     
   566.89562449487210        1.5125416343927238        6.8920324739844592       0.64435123120346505     
   586.91951519858117        1.4526046329915285        6.6981927061694648       0.61563979346070929     
   607.65068989177485        1.3934930142888433        6.5173537504085575       0.58934902266758349     
   629.11387223602765        1.3353965387114579        6.3486455761143192       0.56531953659865397     
   651.33543626567803        1.2784834680364936        6.1912507081848993       0.54339696412666016     
   674.34163286578985        1.2229058950581988        6.0444139787870670       0.52343653297461412     
   698.16073213207346        1.1687951040872888        5.9074238908589436       0.50530271799795223     
   722.82116976782140        1.1155284212154737        5.7788832402162376       0.48792199352943677     
   748.35235540965130        1.0637686830049351        5.6587400217538972       0.47191025300064726     
   774.78566186873422        1.0138356483944444        5.5466534196577131       0.45746891144499457     
   802.15264573967897       0.96579579106091384        5.4420844537208044       0.44450107193801186     
   830.48594444209971       0.91970293923514679        5.3445300343379971       0.43292166296195783     
   859.82037403360118       0.87559794306234096        5.2535174617763962       0.42265650499527335     
   890.19058800385733       0.83351371262768814        5.1686100650814639       0.41364257919633679     
   921.63390537915473       0.79347238958491606        5.0893964256420290       0.40582638476735605     
   954.18786380243341       0.75549037060679669        5.0154956363472438       0.39916408119747365     
   987.89128659474920       0.71957832006262978        4.9465521546269065       0.39362050805142806     
   1022.7855886411724       0.68574181400185785        4.8822319149861162       0.38916851580305967     
   1058.9119914466876       0.65398631090316739        4.8222263141225925       0.38578893688940830     
   1096.3148872627712       0.62431628029623532        4.7662445950242054       0.38346979060897457     
   1135.0389283928459       0.59674058085472947        4.7140175637108328       0.38220631415471462     
   1175.1302964981960       0.57127428965369087        4.6652939517843510       0.38200059635808126     
   1216.6382559936744       0.54794141551673048        4.6198376690861602       0.38286152939302670     
   1259.6123598874483       0.52678068945330847        4.5774301343033086       0.38480481701491853     
   1304.1038583964914       0.50784900364645214        4.5378673214158516       0.38785299169239135     
   1350.1674228314519       0.49122578475807177        4.5009575288975716       0.39203574997852164     
   1397.8574692241625       0.46135305147675298        4.2374341065854582       0.38494719368666075     
   1447.2325992722181       0.43364519564855314        3.9540666384778151       0.37739088726612091     
   1498.3517579647787       0.40963907586841786        3.6897045955037364       0.37081539027633431     
   1551.2759091786245       0.38491206667850997        3.4422649674929380       0.36159601919458040     
   1606.0700862978565       0.36403710633492403        3.2113926321243595       0.35310743258967614     
   1662.7990190437411       0.34679293460941890        2.9960073461875529       0.34540276967596922     
   1721.5324161293761       0.33285844375039914        2.7950654607348708       0.33842483746619773     
   1782.3403946248577       0.32195527769777016        2.6076007255904723       0.33212263456751578     
   1845.2954731357936       0.31383848873770964        2.4327112330157794       0.32645039335947745     
   1910.4750110852074       0.30828830476603925        2.2695495563442849       0.32136684529226051     
   1977.9568210713478       0.30510318444074519        2.1173311155048560       0.31683512207368536     
   2047.8213808026539       0.30409261184863989        1.9753235754818728       0.31282208014561547     
   2120.1545400970977       0.30507126768381104        1.8428388390403756       0.30929779252642553     
   2195.0417479108573       0.30785413688231755        1.7192412551412053       0.30623551488392259     
   2272.5750259096239       0.31225277991978945        1.6039319319528920       0.30361103303043019     
   2352.8469348264384       0.31807252012020959        1.4963563924754915       0.30140264526882432     
   2435.9532056335870       0.32511103073643649        1.3959970822395766       0.29959077173681231     
   2521.9959596104222       0.33315839879978298        1.3023677104195717       0.29815767521048481     
   2611.0779162676686       0.34199745580137197        1.2150180503403312       0.29708737198254787     
   2703.3053132971791       0.35140579566081215        1.1335278558455459       0.29636534668860409     
   2798.7914800504532       0.36115877220478565        1.0575022663700799       0.29597835879977946     
   2897.6492167059700       0.37103194609884027       0.98657651729084783       0.29591431763166037     
   3000.0000000000000       0.38080563974171866       0.92040693804064111       0.29616208049441700     
