         200   4370.0000000000000     
   3.0000000000000000        6.4987748440649743E-004   2.9844125359760462E-003   1.0646580321623891E-003
   3.1059655287322618        6.7124411523368987E-004   2.9844125359760462E-003   1.0840824961049751E-003
   3.2156739552243598        6.9259377307731118E-004   2.9844125359760462E-003   1.1036511065361046E-003
   3.3292574962321346        7.1388195931049918E-004   2.9844125359760462E-003   1.1233059069933411E-003
   3.4468529954360925        7.3506465375136056E-004   2.9844125359760462E-003   1.1429881385039279E-003
   3.5686022069563790        7.5609857687238869E-004   2.9844125359760462E-003   1.1626387106633831E-003
   3.6946518254059528        7.7694139720493015E-004   2.9844125359760462E-003   1.1821986450945678E-003
   3.8251536998800524        7.9755196503057462E-004   2.9844125359760462E-003   1.2016095625302762E-003
   3.9602651907155879        8.1789055699568042E-004   2.9844125359760462E-003   1.2208141956660367E-003
   4.1001490688558144        8.3791904037421939E-004   2.9844125359760462E-003   1.2397568366192861E-003
   4.2449739038313119        8.5760110495828365E-004   2.9844125359760462E-003   1.2583838530670593E-003
   4.3949142193596993        8.7690244630533811E-004   2.9844125359760462E-003   1.2766441575738990E-003
   4.5501507036585132        8.9579094456088484E-004   2.9844125359760462E-003   1.2944896651121487E-003
   4.7108703059600501        9.1423681553029132E-004   2.9844125359760462E-003   1.3118757097912903E-003
   4.8772669425686850        9.3221281303854054E-004   2.9844125359760462E-003   1.3287614880010210E-003
   5.0495410155906377        9.4969427584889728E-004   2.9844125359760462E-003   1.3451103260911815E-003
   5.2279001269311909        9.6665929040006037E-004   2.9844125359760462E-003   1.3608900217337580E-003
   5.4125592113782046        9.8308876124877844E-004   2.9844125359760462E-003   1.3760730570119499E-003
   5.6037407956130689        9.9896647021953302E-004   2.9844125359760462E-003   1.3906367552604588E-003
   5.8016752663703963        1.0142791091493524E-003   2.9844125359760462E-003   1.4045633645667678E-003
   6.0066011480696169        1.0290162855004386E-003   2.9844125359760462E-003   1.4178400662033842E-003
   6.2187653902530293        1.0431705007032429E-003   2.9844125359760462E-003   1.4304589086943094E-003
   6.4384236651766908        1.0567371016979249E-003   2.9844125359760462E-003   1.4424166706344269E-003
   6.6658406759127811        1.0697142067325033E-003   2.9844125359760462E-003   1.4537146576281037E-003
   6.9012904753346884        1.0821026070245284E-003   2.9844125359760462E-003   1.4643584406625579E-003
   7.1450567963692624        1.0939056463773909E-003   2.9844125359760462E-003   1.4743575447809655E-003
   7.3974330131920443        1.1051290650311710E-003   2.9844125359760462E-003   1.4837250845761327E-003
   7.6587243988323896        1.1157809240566036E-003   2.9844125359760462E-003   1.4924774510455133E-003
   7.9292442763577622        1.1258712582563365E-003   2.9844125359760462E-003   1.5006337667982082E-003
   8.2093202460023029        1.1354121300750735E-003   2.9844125359760462E-003   1.5082156715579506E-003
   8.4992881560440416        1.1444172016605103E-003   2.9844125359760462E-003   1.5152467226454542E-003
   8.7994991583321234        1.1529017686768921E-003   2.9844125359760462E-003   1.5217521793883721E-003
   9.1103132457223861        1.1608823524362618E-003   2.9844125359760462E-003   1.5277584575211043E-003
   9.4321068148357909        1.1683767088431654E-003   2.9844125359760462E-003   1.5332929287658525E-003
   9.7652657388916850        1.1754034503088072E-003   2.9844125359760462E-003   1.5383834508425620E-003
   10.110193474162946        1.1819820416179821E-003   2.9844125359760462E-003   1.5430582032800375E-003
   10.467303634806061        1.1881324591569604E-003   2.9844125359760462E-003   1.5473453036661631E-003
   10.837027566606025        1.1938751670932247E-003   2.9844125359760462E-003   1.5512726793202568E-003
   11.219811965471335        1.1992309012366729E-003   2.9844125359760462E-003   1.5548678264284588E-003
   11.616115840724994        1.2042204873458666E-003   2.9844125359760462E-003   1.5581576214364304E-003
   12.026419117330413        1.2088648236741931E-003   2.9844125359760462E-003   1.5611682634653634E-003
   12.451213803399156        1.2131846505381569E-003   2.9844125359760462E-003   1.5639250953290141E-003
   12.891014326336300        1.2172005634884203E-003   2.9844125359760462E-003   1.5664526017264927E-003
   13.346348065368609        1.2209328278106964E-003   2.9844125359760462E-003   1.5687742943481864E-003
   13.817766430769083        1.2244014057088786E-003   2.9844125359760462E-003   1.5709127447753799E-003
   14.305834715756038        1.2276258130667214E-003   2.9844125359760462E-003   1.5728895208458014E-003
   14.811143972217785        1.2306251608600828E-003   2.9844125359760462E-003   1.5747252460328182E-003
   15.334300133051286        1.2334180496720306E-003   2.9844125359760462E-003   1.5764395748102586E-003
   15.875936741648431        1.2360226237446220E-003   2.9844125359760462E-003   1.5780512709820985E-003
   16.436703292225193        1.2384564973230094E-003   2.9844125359760462E-003   1.5795782111948540E-003
   17.017278874447534        1.2407368185259251E-003   2.9844125359760462E-003   1.5810374759641645E-003
   17.618359675531394        1.2428802210042841E-003   2.9844125359760462E-003   1.5824453722511830E-003
   18.240671728221173        1.2449028887754100E-003   2.9844125359760462E-003   1.5838175284013007E-003
   18.884968846184627        1.2468205620326332E-003   2.9844125359760462E-003   1.5851689527019868E-003
   19.552019805756849        1.2486485266280896E-003   2.9844125359760462E-003   1.5865140768260733E-003
   20.242632201214423        1.2504017144200320E-003   2.9843965813815339E-003   1.5878668430774651E-003
   20.957638264717446        1.2520946944214648E-003   2.9843527448629027E-003   1.5892407708053178E-003
   21.697899624358065        1.2537417268617182E-003   2.9843118484379496E-003   1.5906491479322079E-003
   22.464312967141105        1.2553568208837976E-003   2.9842736946975295E-003   1.5921049606649217E-003
   23.257792778673313        1.2569537510884890E-003   2.9842381001281681E-003   1.5936209931542600E-003
   24.079299719823517        1.2585461766585551E-003   2.9842048928690134E-003   1.5952099567489268E-003
   24.929823759061236        1.2601476723109947E-003   2.9841739128043479E-003   1.5968845337240101E-003
   25.810395145829254        1.2617718247489413E-003   2.9841450103918065E-003   1.5986574746452301E-003
   26.722064579292049        1.2634322784320839E-003   2.9841180466153440E-003   1.6005416337028352E-003
   27.665935811728254        1.2651428841056801E-003   2.9840928912860660E-003   1.6025501092032039E-003
   28.643146268414043        1.2669177562817777E-003   2.9840694231123123E-003   1.6046962787769914E-003
   29.654879655490589        1.2687713926819149E-003   2.9840475288120021E-003   1.6069938987628243E-003
   30.702343174827575        1.2699668053241817E-003   2.8959092994181907E-003   1.6083751000634861E-003
   31.786804983723918        1.2708281855843063E-003   2.7711299285291353E-003   1.6093046360221336E-003
   32.909571928103169        1.2717290614064009E-003   2.6547194484856872E-003   1.6103146100353977E-003
   34.072004028335677        1.2726801854537064E-003   2.5461159399189142E-003   1.6114138674433887E-003
   35.275488300232773        1.2736926621082830E-003   2.4447970370808660E-003   1.6126115386944060E-003
   36.521481794408061        1.2747780082033760E-003   2.3502735430704727E-003   1.6139171094883412E-003
   37.811486012809581        1.2759481411303516E-003   2.2620896931701776E-003   1.6153404163297875E-003
   39.147055493126302        1.2772153769148695E-003   2.1798202905771750E-003   1.6168916620921401E-003
   40.529808025860810        1.2785924132115727E-003   2.1030682166577352E-003   1.6185814221469411E-003
   41.961393513511240        1.2800922524378755E-003   2.0314643060411579E-003   1.6204205831969402E-003
   43.443545167355794        1.2817281894751298E-003   1.9646628343838310E-003   1.6224203642835632E-003
   44.978049075047366        1.2835137015012926E-003   1.9023417044740454E-003   1.6245922164251042E-003
   46.566763998623138        1.2854623730895220E-003   1.8442000890153474E-003   1.6269477593896901E-003
   48.211585595230147        1.2875877379211859E-003   1.7899583360071109E-003   1.6294986065094311E-003
   49.914505239722644        1.2899032204490531E-003   1.7393545506129663E-003   1.6322562941275553E-003
   51.677575059319224        1.2924219461193669E-003   1.6921447361398182E-003   1.6352320311555371E-003
   53.502930680545909        1.2951566066166100E-003   1.6481010083873207E-003   1.6384364897215600E-003
   55.392750120602578        1.2981192116236719E-003   1.6070115239713004E-003   1.6418794340607821E-003
   57.349321371645829        1.3013209831998537E-003   1.5686778910035560E-003   1.6455694863649270E-003
   59.375002227322796        1.3047720677431859E-003   1.5329152758870560E-003   1.6495136490169179E-003
   61.472246417894510        1.3084813279261608E-003   1.4995510506409621E-003   1.6537168928960093E-003
   63.643556378429672        1.3124559860297211E-003   1.4684247386038422E-003   1.6581815546692291E-003
   65.891560899834928        1.3167014709589248E-003   1.4393860529588838E-003   1.6629069510635010E-003
   68.218968971510208        1.3212210344033248E-003   1.4122949776338911E-003   1.6678887293174688E-003
   70.628585269218178        1.3248527174248182E-003   1.3866886017624023E-003   1.6715355061565575E-003
   73.123328588587739        1.3252327265977570E-003   1.3618741262322858E-003   1.6706361219307154E-003
   75.706175661273647        1.3256040046144236E-003   1.3387240874500020E-003   1.6696092988820873E-003
   78.380253523498894        1.3259578619954217E-003   1.3171267103477750E-003   1.6684392858720108E-003
   81.148784610322849        1.3262859406119032E-003   1.2969778586727190E-003   1.6671115715566739E-003
   84.015122474940881        1.3265805532337372E-003   1.2781802728824574E-003   1.6656135259381609E-003
   86.982687236203873        1.3268350062161935E-003   1.2606435395539713E-003   1.6639350690840966E-003
   90.055071705548812        1.3270439181550895E-003   1.2442829862780785E-003   1.6620691869344614E-003
   93.235978303002270        1.3272034845076858E-003   1.2290197272389191E-003   1.6600124336968816E-003
   96.529260096906100        1.3273117019281964E-003   1.2147800859008036E-003   1.6577652433510651E-003
   99.938826062156153        1.3273685265072300E-003   1.2014956479175754E-003   1.6553321733836467E-003
   103.46886588546354        1.3273759694107643E-003   1.1891020435730658E-003   1.6527217498225528E-003
   107.12359379692580        1.3273381077531616E-003   1.1775396769181808E-003   1.6499464743244324E-003
   110.90736836557576        1.3272610288486975E-003   1.1667529204880888E-003   1.6470223995315991E-003
   114.82483910697920        1.3271526913313941E-003   1.1566895070773031E-003   1.6439685204858571E-003
   118.88068277378797        1.3270227295554080E-003   1.1473010457047420E-003   1.6408063676448665E-003
   123.07973629915718        1.3268821924900987E-003   1.1385423677366491E-003   1.6375592096113728E-003
   127.42715949490271        1.3267432314563153E-003   1.1303710330174419E-003   1.6342511890175260E-003
   131.92808807993632        1.3266187721976607E-003   1.1227478361447124E-003   1.6309068473254076E-003
   136.58805281121437        1.3265221436689633E-003   1.1156358389341288E-003   1.6275500996948363E-003
   141.41261684513370        1.3264667248361023E-003   1.1090008425996103E-003   1.6242038654054089E-003
   146.40753387824964        1.3264655822869138E-003   1.1028109256465083E-003   1.6208893945577154E-003
   151.57894168226974        1.3144533372609864E-003   1.0921233254209011E-003   1.6047555889970799E-003
   156.93294936957258        1.2762877474823825E-003   1.0711667408584485E-003   1.5607786522881014E-003
   162.47613596373097        1.2407327070073193E-003   1.0516154720876438E-003   1.5196256663332225E-003
   168.21511902855468        1.2076321889691753E-003   1.0333755047776943E-003   1.4811225186268672E-003
   174.15674278185460        1.1768380433226750E-003   1.0163590849963495E-003   1.4451047983563283E-003
   180.30830831190286        1.1482084619934654E-003   1.0004837597175340E-003   1.4114159718863505E-003
   186.67715947709803        1.1216096950184740E-003   9.8567319077109256E-004   1.3799093818589114E-003
   193.27089166569760        1.0969144551873445E-003   9.7185612333283765E-004   1.3504463878656007E-003
   200.09760727912413        1.0740008235483251E-003   9.5896560683169784E-004   1.3228950517942953E-003
   207.16537088595135        1.0527539759935382E-003   9.4693979361315809E-004   1.2971322025582602E-003
   214.48286737908427        1.0330637715867724E-003   9.3572041262469279E-004   1.2730405290401086E-003
   222.05883252794877        1.0148263652020261E-003   9.2525351429362343E-004   1.2505105109949335E-003
   229.90230130529540        9.9794319296397428E-004   9.1548874154027049E-004   1.2294391688092478E-003
   238.02291179328489        9.8232028174334704E-004   9.0637877917890911E-004   1.2097291498826236E-003
   246.43025707061713        9.6786945471355869E-004   8.9787991834769485E-004   1.1912901874912662E-003
   255.13466811288930        9.5450668937655989E-004   8.8995097783443531E-004   1.1740369682394236E-003
   264.14653641505117        9.4215320009525530E-004   8.8255383049531640E-004   1.1578904360483007E-003
   273.47660938458705        9.3073471812555209E-004   8.7565288806663909E-004   1.1427768042771675E-003
   283.13635184814427        9.2018098750594219E-004   8.6921471204645315E-004   1.1286267987374091E-003
   293.13729579387660        9.1042642464612153E-004   8.6320834378870049E-004   1.1153764504746857E-003
   303.49136818478553        9.0140951753892680E-004   8.5760488617835507E-004   1.1029662278200303E-003
   314.21129214162710        8.9307239612100066E-004   8.5237718767342192E-004   1.0913403632319403E-003
   325.30973137660959        8.8536140985737426E-004   8.4750016619971854E-004   1.0804475860490648E-003
   336.80032369109853        8.7822618310930383E-004   8.4295019016000512E-004   1.0702397494083862E-003
   348.69678677735646        8.7162012416893515E-004   8.3870538051628181E-004   1.0606724990706018E-003
   361.01330816366544        8.6549997285393656E-004   8.3474531515201084E-004   1.0517046049316142E-003
   373.76502243504467        8.5922749642398737E-004   8.3024962107298376E-004   1.0422292607401731E-003
   386.96715283564077        8.5126354690310516E-004   8.2321128476931481E-004   1.0295606852243149E-003
   400.63544401132759        8.4382827163547423E-004   8.1664508412485645E-004   1.0177082890051019E-003
   414.78669160661980        8.3688187113529328E-004   8.1051920262826681E-004   1.0066189535297416E-003
   429.43761284149554        8.3038786225838126E-004   8.0480424879609115E-004   9.9624371903044885E-004
   444.60621081975989        8.2431224575848898E-004   7.9947253083161962E-004   9.8653645916820681E-004
   460.31059410826708        8.1862389080145071E-004   7.9449841060863589E-004   9.7745451365504102E-004
   476.56949149896485        8.1329411796934598E-004   7.8985795723945874E-004   9.6895805455238563E-004
   493.40288198244309        8.0829636850609273E-004   7.8552868541709349E-004   9.6100960441799317E-004
   510.83065126063684        8.0360647909511558E-004   7.8148982364584869E-004   9.5357452971010445E-004
   528.87421463804299        7.9920205271684786E-004   7.7772180162955244E-004   9.4662010460573587E-004
   547.55511287104378        7.9506270873322448E-004   7.7420650043830196E-004   9.4011597835396690E-004
   566.89562449487210        7.9116975880990162E-004   7.7092700767871197E-004   9.3403373466426553E-004
   586.91951519858117        7.8750594564426968E-004   7.6786743257554525E-004   9.2834655956509514E-004
   607.65068989177485        7.8405558935456057E-004   7.6501306284034939E-004   9.2302954508056913E-004
   629.11387223602765        7.8080431410303553E-004   7.6235016587349123E-004   9.1805933432368640E-004
   651.33543626567803        7.7773882756259195E-004   7.5986583861334519E-004   9.1341385482182798E-004
   674.34163286578985        7.7484707647479964E-004   7.5754816145885836E-004   9.0907262034472126E-004
   698.16073213207346        7.7211785359285819E-004   7.5538590411027506E-004   9.0501619538381679E-004
   722.82116976782140        7.6594301353855119E-004   7.4977060425423288E-004   8.9433973282121394E-004
   748.35235540965130        7.5905544116543764E-004   7.4343498844472837E-004   8.8227529362013674E-004
   774.78566186873422        7.5260062280677997E-004   7.3752422912461840E-004   8.7101608940984830E-004
   802.15264573967897        7.4655056119913514E-004   7.3200990378647398E-004   8.6050884404483398E-004
   830.48594444209971        7.4087916998342497E-004   7.2686548257286604E-004   8.5070371718793444E-004
   859.82037403360118        7.3556194463994485E-004   7.2206603820168427E-004   8.4155376853775339E-004
   890.19058800385733        7.3057628634984871E-004   7.1758854332740695E-004   8.3301554286739296E-004
   921.63390537915473        7.2590087122900953E-004   7.1341130225808873E-004   8.2504800575178576E-004
   954.18786380243341        7.2151596022380731E-004   7.0951422829100910E-004   8.1761309218188628E-004
   987.89128659474920        7.1740310239871074E-004   7.0587857229360742E-004   8.1067520926481301E-004
   1022.7855886411724        7.1354490983918347E-004   7.0248671770243947E-004   8.0420086516818290E-004
   1058.9119914466876        7.0992530610912918E-004   6.9932239067378580E-004   7.9815908988985294E-004
   1096.3148872627712        7.0652908169809210E-004   6.9637025846772116E-004   7.9252068728011846E-004
   1135.0389283928459        7.0334213132547299E-004   6.9361612544625569E-004   7.8725862620281919E-004
   1175.1302964981960        7.0035124991878932E-004   6.9104674125654796E-004   7.8234768918489001E-004
   1216.6382559936744        6.9754397888018515E-004   6.8864965595294284E-004   7.7776420769832232E-004
   1259.6123598874483        6.9490876500112825E-004   6.8641334289881479E-004   7.7348630641245258E-004
   1304.1038583964914        6.9243479514919054E-004   6.8432704301434164E-004   7.6949361178989620E-004
   1350.1674228314519        6.9011187109241259E-004   6.8238064713784310E-004   7.6576702998815941E-004
   1397.8574692241625        6.6066576704858150E-004   6.5347067442876562E-004   7.3243313416556754E-004
   1447.2325992722181        6.3059655870194796E-004   6.2393034346462932E-004   6.9845484205179682E-004
   1498.3517579647787        6.0253829562115625E-004   5.9637127927154344E-004   6.6675477922792630E-004
   1551.2759091786245        5.6247151851090743E-004   5.5681066825729014E-004   6.2242377350541303E-004
   1606.0700862978565        5.2465116748200483E-004   5.1946543755811776E-004   5.8059974737262234E-004
   1662.7990190437411        4.8936699627286464E-004   4.8462534647628292E-004   5.4158194633779596E-004
   1721.5324161293761        4.5644883008051168E-004   4.5212157742410787E-004   5.0518157673900589E-004
   1782.3403946248577        4.2573898369311670E-004   4.2179783261185122E-004   4.7122385945153300E-004
   1845.2954731357936        3.9709016340164764E-004   3.9350822209339705E-004   4.3954565464089396E-004
   1910.4750110852074        3.7036388377580901E-004   3.6711566862078992E-004   4.0999366673067641E-004
   1977.9568210713478        3.4543186310897041E-004   3.4249326082671258E-004   3.8242595226522749E-004
   2047.8213808026539        3.2217430605206628E-004   3.1952253835052815E-004   3.5670999378909862E-004
   2120.1545400970977        3.0047860703692969E-004   2.9809219660504362E-004   3.3272124586467889E-004
   2195.0417479108573        2.8024070577068301E-004   2.7809941454561736E-004   3.1034461915372639E-004
   2272.5750259096239        2.6136252681904299E-004   2.5944731718905036E-004   2.8947163937917685E-004
   2352.8469348264384        2.4375323965102221E-004   2.4204621396480474E-004   2.7000183431342566E-004
   2435.9532056335870        2.2732803669796585E-004   2.2581238678240673E-004   2.5184137945961563E-004
   2521.9959596104222        2.1200721112963071E-004   2.1066717466656696E-004   2.3490207745920888E-004
   2611.0779162676686        1.9771694557499665E-004   1.9653775027301317E-004   2.1910223088624804E-004
   2703.3053132971791        1.8438831886065211E-004   1.8335613581812492E-004   2.0436554599996296E-004
   2798.7914800504532        1.7195655664341188E-004   1.7105845981693122E-004   1.9062030694597321E-004
   2897.6492167059700        1.6036180350444343E-004   1.5958571901562740E-004   1.7780023260022607E-004
   3000.0000000000000        1.4954765242702003E-004   1.4888232227291680E-004   1.6584285403563928E-004
