         200   4370.0000000000000     
   3.0000000000000000        5.1387853309891283E-003   2.7199223643833030E-002   2.8451006893816033E-002
   3.1059655287322618        5.4278747374727635E-003   2.7199223643833030E-002   2.8708556793711995E-002
   3.2156739552243598        5.7285999638625471E-003   2.7199223643833030E-002   2.8950479478348647E-002
   3.3292574962321346        6.0410583258192771E-003   2.7199223643833030E-002   2.9177365133310929E-002
   3.4468529954360925        6.3653081349018302E-003   2.7199223643833030E-002   2.9389887751270254E-002
   3.5686022069563790        6.7013652694433851E-003   2.7199223643833030E-002   2.9588790321362347E-002
   3.6946518254059528        7.0491992954926546E-003   2.7199223643833030E-002   2.9774869347958279E-002
   3.8251536998800524        7.4087303932179284E-003   2.7199223643833030E-002   2.9948959900686193E-002
   3.9602651907155879        7.7798270113497592E-003   2.7199223643833030E-002   3.0111921251278366E-002
   4.1001490688558144        8.1623026223089923E-003   2.7199223643833030E-002   3.0264622614151561E-002
   4.2449739038313119        8.5559142021640108E-003   2.7199223643833030E-002   3.0407930412099434E-002
   4.3949142193596993        8.9603604589059554E-003   2.7199223643833030E-002   3.0542696212600785E-002
   4.5501507036585132        9.3752806092055503E-003   2.7199223643833030E-002   3.0669745814537568E-002
   4.7108703059600501        9.8002532634103422E-003   2.7199223643833030E-002   3.0789869387295856E-002
   4.8772669425686850        1.0234797336092789E-002   2.7199223643833030E-002   3.0903813221999296E-002
   5.0495410155906377        1.0678370253820662E-002   2.7199223643833030E-002   3.1012271795132419E-002
   5.2279001269311909        1.1130369784151493E-002   2.7199223643833030E-002   3.1115881937357277E-002
   5.4125592113782046        1.1590134803451432E-002   2.7199223643833030E-002   3.1215217769720537E-002
   5.6037407956130689        1.2056946908550800E-002   2.7199223643833030E-002   3.1310786954605520E-002
   5.8016752663703963        1.2530032590918980E-002   2.7199223643833030E-002   3.1403028167920011E-002
   6.0066011480696169        1.3008566001556430E-002   2.7199223643833030E-002   3.1492309783193298E-002
   6.2187653902530293        1.3491672329840512E-002   2.7199223643833030E-002   3.1578929748670388E-002
   6.4384236651766908        1.3978431811453348E-002   2.7199223643833030E-002   3.1663116626508295E-002
   6.6658406759127811        1.4467884369471010E-002   2.7199223643833030E-002   3.1745031749007023E-002
   6.9012904753346884        1.4959034879141662E-002   2.7199223643833030E-002   3.1824772430876086E-002
   7.1450567963692624        1.5450859031441593E-002   2.7199223643833030E-002   3.1902376159490341E-002
   7.3974330131920443        1.5942309026055840E-002   2.7199223643833030E-002   3.1977825557417100E-002
   7.6587243988323896        1.6432324130363007E-002   2.7199223643833030E-002   3.2051054776447478E-002
   7.9292442763577622        1.6919830024189866E-002   2.7199223643833030E-002   3.2121954776534699E-002
   8.2093202460023029        1.7403757358287867E-002   2.7199223643833030E-002   3.2190381929596848E-002
   8.4992881560440416        1.7883038113055309E-002   2.7199223643833030E-002   3.2256163671770546E-002
   8.7994991583321234        1.8356625090238887E-002   2.7199223643833030E-002   3.2319107644169016E-002
   9.1103132457223861        1.8823488580820068E-002   2.7199223643833030E-002   3.2379007679498743E-002
   9.4321068148357909        1.9282635481002598E-002   2.7199223643833030E-002   3.2435652699834963E-002
   9.7652657388916850        1.9733105873843235E-002   2.7199223643833030E-002   3.2488832413138123E-002
   10.110193474162946        2.0173991178027390E-002   2.7199223643833030E-002   3.2538345330787977E-002
   10.467303634806061        2.0604430256983806E-002   2.7199223643833030E-002   3.2584003617432890E-002
   10.837027566606025        2.1023624833158529E-002   2.7199223643833030E-002   3.2625639575154748E-002
   11.219811965471335        2.1430840929182744E-002   2.7199223643833030E-002   3.2663109811001588E-002
   11.616115840724994        2.1825410154508833E-002   2.7199223643833030E-002   3.2696298786762890E-002
   12.026419117330413        2.2206742013289690E-002   2.7199223643833030E-002   3.2725122524534432E-002
   12.451213803399156        2.2574317652782647E-002   2.7199223643833030E-002   3.2749529898336675E-002
   12.891014326336300        2.2927701133991060E-002   2.7199223643833030E-002   3.2769504527379839E-002
   13.346348065368609        2.3266532078055398E-002   2.7199223643833030E-002   3.2785064577778245E-002
   13.817766430769083        2.3590534547078143E-002   2.7199223643833030E-002   3.2796262846394322E-002
   14.305834715756038        2.3899508683294598E-002   2.7199223643833030E-002   3.2803185306450648E-002
   14.811143972217785        2.4193337277287640E-002   2.7199223643833030E-002   3.2805949685531001E-002
   15.334300133051286        2.4471976587326586E-002   2.7199223643833030E-002   3.2804703105803405E-002
   15.875936741648431        2.4735460778753899E-002   2.7199223643833030E-002   3.2799619556841145E-002
   16.436703292225193        2.4983892171842222E-002   2.7199223643833030E-002   3.2790897032548894E-002
   17.017278874447534        2.5217443813478870E-002   2.7199223643833030E-002   3.2778754330839169E-002
   17.618359675531394        2.5436349440568329E-002   2.7199223643833030E-002   3.2763428081301393E-002
   18.240671728221173        2.5640903920618335E-002   2.7199223643833030E-002   3.2745169340440222E-002
   18.884968846184627        2.5831456722912191E-002   2.7199223643833030E-002   3.2724240498624949E-002
   19.552019805756849        2.6008403200381367E-002   2.7199223643833030E-002   3.2700912822873497E-002
   20.242632201214423        2.6172186280767246E-002   2.7198711166870063E-002   3.2675461812330747E-002
   20.957638264717446        2.6323286795682854E-002   2.7197484187971029E-002   3.2648166549832811E-002
   21.697899624358065        2.6462219705499907E-002   2.7196554720387255E-002   3.2619310587673138E-002
   22.464312967141105        2.6589530104596196E-002   2.7195850621535175E-002   3.2589174581893088E-002
   23.257792778673313        2.6705785883968877E-002   2.7195317252449312E-002   3.2558037898998686E-002
   24.079299719823517        2.6811578286221629E-002   2.7194913211861581E-002   3.2526176611984807E-002
   24.929823759061236        2.6907515335222745E-002   2.7194607140885858E-002   3.2493863692166544E-002
   25.810395145829254        2.6994220156207952E-002   2.7194375283178897E-002   3.2461368521606498E-002
   26.722064579292049        2.7072326558595691E-002   2.7194199646288077E-002   3.2428957913652003E-002
   27.665935811728254        2.7142480220329026E-002   2.7194066596896060E-002   3.2396895524855251E-002
   28.643146268414043        2.7205335150266602E-002   2.7193965808612726E-002   3.2365443458792491E-002
   29.654879655490589        2.7261553490160632E-002   2.7193889458543254E-002   3.2334862915623548E-002
   30.702343174827575        2.7288201885074793E-002   2.4486517292708353E-002   3.2269256414717569E-002
   31.786804983723918        2.7301300741922972E-002   2.1258717464119510E-002   3.2192400581646581E-002
   32.909571928103169        2.7313168108914460E-002   1.8813577364342825E-002   3.2122437162808583E-002
   34.072004028335677        2.7323666465903174E-002   1.6961312296166139E-002   3.2058411228703697E-002
   35.275488300232773        2.7332802949656225E-002   1.5558184137017497E-002   3.1999579932720817E-002
   36.521481794408061        2.7340700546993949E-002   1.4495279028505845E-002   3.1945372793350024E-002
   37.811486012809581        2.7347573235394843E-002   1.3690101495481570E-002   3.1895361749989151E-002
   39.147055493126302        2.7353705010787075E-002   1.3080159126689282E-002   3.1849234213328644E-002
   40.529808025860810        2.7359431653819280E-002   1.2618109960910119E-002   3.1806770333656455E-002
   41.961393513511240        2.7365124499891934E-002   1.2268098395851556E-002   3.1767824817235592E-002
   43.443545167355794        2.7371176272656166E-002   1.2002955772839359E-002   3.1732308952687339E-002
   44.978049075047366        2.7377988005043888E-002   1.1802103522354399E-002   3.1700177379179975E-002
   46.566763998623138        2.7385957408299213E-002   1.1649952074070552E-002   3.1671415207299089E-002
   48.211585595230147        2.7395468072324024E-002   1.1534694282294294E-002   3.1646027715430999E-002
   49.914505239722644        2.7406880205934389E-002   1.1447383586634770E-002   3.1624029610537237E-002
   51.677575059319224        2.7420521977054007E-002   1.1381243523919090E-002   3.1605437087220974E-002
   53.502930680545909        2.7436682262174644E-002   1.1331140493918290E-002   3.1590259869883439E-002
   55.392750120602578        2.7455603969471821E-002   1.1293186437848988E-002   3.1578494716336988E-002
   57.349321371645829        2.7477479491186698E-002   1.1264435279359459E-002   3.1570118853177155E-002
   59.375002227322796        2.7502446407707687E-002   1.1242655548808898E-002   3.1565085122267800E-002
   61.472246417894510        2.7530585035030173E-002   1.1226156766552323E-002   3.1563317440200488E-002
   63.643556378429672        2.7561916239832635E-002   1.1213658606125068E-002   3.1564707200672906E-002
   65.891560899834928        2.7596402150940384E-002   1.1204190933141294E-002   3.1569110455692544E-002
   68.218968971510208        2.7633946404491072E-002   1.1197018931129524E-002   3.1576346142135017E-002
   70.628585269218178        2.7636714791491570E-002   1.1181555305347273E-002   3.1530710162934017E-002
   73.123328588587739        2.7546490957384404E-002   1.1144633015768617E-002   3.1346813631678003E-002
   75.706175661273647        2.7476239355649534E-002   1.1116663636494491E-002   3.1191660915038794E-002
   78.380253523498894        2.7422254182635802E-002   1.1095476123494688E-002   3.1060269321667132E-002
   81.148784610322849        2.7381470921820705E-002   1.1079426045918132E-002   3.0948464264252549E-002
   84.015122474940881        2.7351349255236666E-002   1.1067267643199515E-002   3.0852761211922153E-002
   86.982687236203873        2.7329780567379804E-002   1.1058057407840723E-002   3.0770265158421694E-002
   90.055071705548812        2.7315012339810041E-002   1.1051080421348360E-002   3.0698577372174497E-002
   93.235978303002270        2.7305589218342079E-002   1.1045795177419325E-002   3.0635719836496302E-002
   96.529260096906100        2.7300304911902308E-002   1.1041791450717793E-002   3.0580067378437544E-002
   99.938826062156153        2.7298163788691189E-002   1.1038758562570082E-002   3.0530292111016429E-002
   103.46886588546354        2.7298349535216610E-002   1.1036461045577482E-002   3.0485311609160029E-002
   107.12359379692580        2.7300199995551430E-002   1.1034720621147593E-002   3.0444251876337477E-002
   110.90736836557576        2.7303186111049461E-002   1.1033402221311909E-002   3.0406410819118358E-002
   114.82483910697920        2.7306894662974361E-002   1.1032403488131530E-002   3.0371227989035288E-002
   118.88068277378797        2.7311013209343957E-002   1.1031646923704928E-002   3.0338262685685697E-002
   123.07973629915718        2.7315317280974180E-002   1.1031073813836712E-002   3.0307171700502216E-002
   127.42715949490271        2.7319659114927494E-002   1.1030639663417463E-002   3.0277690695121855E-002
   131.92808807993632        2.7323956904243763E-002   1.1030310787407904E-002   3.0249621728871780E-002
   136.58805281121437        2.7328185576767292E-002   1.1030061652529337E-002   3.0222817647262864E-002
   141.41261684513370        2.7332367368124690E-002   1.1029872926861417E-002   3.0197173513843083E-002
   146.40753387824964        2.7336563334702049E-002   1.1029729964095956E-002   3.0172616197294035E-002
   151.57894168226974        2.7340865219794362E-002   1.1029621664888398E-002   3.0149095587429262E-002
   156.93294936957258        2.7345387163960688E-002   1.1029539626475841E-002   3.0126579844375969E-002
   162.47613596373097        2.7350258550539963E-002   1.1029477479559180E-002   3.0105047489180074E-002
   168.21511902855468        2.7355616489654955E-002   1.1029430401773777E-002   3.0084484604714974E-002
   174.15674278185460        2.3399304496078743E-002   9.9731704405476192E-003   2.5878369791662598E-002
   180.30830831190286        1.8900220536563813E-002   8.7718594449262485E-003   2.1103324288796226E-002
   186.67715947709803        1.5495060478698730E-002   7.8618374466555303E-003   1.7487495472705922E-002
   193.27089166569760        1.2918591171737255E-002   7.1724809699412716E-003   1.4749217396962956E-002
   200.09760727912413        1.0969800116501623E-002   6.6502697501122643E-003   1.2675213099274590E-002
   207.16537088595135        9.4965096884658401E-003   6.2546862507177007E-003   1.1104150959599043E-002
   214.48286737908427        8.3833741943411672E-003   5.9550181562831785E-003   9.9138371129717604E-003
   222.05883252794877        7.5430674245903140E-003   5.7280123608569548E-003   9.0118246632264112E-003
   229.90230130529540        6.9094331421375044E-003   5.5560517756995595E-003   8.3281237343186751E-003
   238.02291179328489        6.4323387082792791E-003   5.4257857232711103E-003   7.8097298170430162E-003
   246.43025707061713        6.0738299495634923E-003   5.3271070681306992E-003   7.4165408990596975E-003
   255.13466811288930        5.8051349058502602E-003   5.2523545959154766E-003   7.1181768517488125E-003
   264.14653641505117        5.6044639382669230E-003   5.1957277987006644E-003   6.8916478085339020E-003
   273.47660938458705        5.4553017677208869E-003   5.1528320780589850E-003   6.7195437629375470E-003
   283.13635184814427        5.3451249797604487E-003   5.1203370956247555E-003   6.5886756590400920E-003
   293.13729579387660        5.2644425246940255E-003   5.0957213641810925E-003   6.4890605043420495E-003
   303.49136818478553        5.2060544696618510E-003   5.0770745469261207E-003   6.4131362564944410E-003
   314.21129214162710        5.1644955813839244E-003   5.0629489420851220E-003   6.3551724531657498E-003
   325.30973137660959        5.1356187906450527E-003   5.0522485664863479E-003   6.3108305761295615E-003
   336.80032369109853        5.1162724231342549E-003   5.0441426642676658E-003   6.2768211365830844E-003
   348.69678677735646        5.1040618408519324E-003   5.0380022482040968E-003   6.2506525316377015E-003
   361.01330816366544        5.0971654696777670E-003   5.0333507830843853E-003   6.2304357687100256E-003
   373.76502243504467        5.0811087628383472E-003   5.0126870238006282E-003   6.1916655753634564E-003
   386.96715283564077        5.0288619304346928E-003   4.9421102151608219E-003   6.0880645269107067E-003
   400.63544401132759        4.9909133685911425E-003   4.8886471337912171E-003   6.0093245340265989E-003
   414.78669160661980        4.9637441975482659E-003   4.8481470124738428E-003   5.9494081467528631E-003
   429.43761284149554        4.9446728774566271E-003   4.8174675113289338E-003   5.9037462934467388E-003
   444.60621081975989        4.9316543574576127E-003   4.7942267349558934E-003   5.8688761050229360E-003
   460.31059410826708        4.9231308240288828E-003   4.7766212873794848E-003   5.8421754986662860E-003
   476.56949149896485        4.9179155257547350E-003   4.7632848742649708E-003   5.8216569530290634E-003
   493.40288198244309        4.9151049044008407E-003   4.7531820830445538E-003   5.8058126542829989E-003
   510.83065126063684        4.9140118487359177E-003   4.7455290542453487E-003   5.7934990199214834E-003
   528.87421463804299        4.9141141532975429E-003   4.7397316219449006E-003   5.7838465069992616E-003
   547.55511287104378        4.9150155234275938E-003   4.7353399274160796E-003   5.7761936368058717E-003
   566.89562449487210        4.9164155683616732E-003   4.7320131473240108E-003   5.7700356292873589E-003
   586.91951519858117        4.9180870005959285E-003   4.7294929970843926E-003   5.7649858209852271E-003
   607.65068989177485        4.9198580011277941E-003   4.7275839226104260E-003   5.7607469850633345E-003
   629.11387223602765        4.9215988292720825E-003   4.7261377676211585E-003   5.7570890600213906E-003
   651.33543626567803        4.9232115907730644E-003   4.7250422555217917E-003   5.7538324519479144E-003
   674.34163286578985        4.9246222004079663E-003   4.7242123872741678E-003   5.7508358189822181E-003
   698.16073213207346        4.9257744832469450E-003   4.7235837335593963E-003   5.7479863752962525E-003
   722.82116976782140        4.8294770775514466E-003   4.6259864009528537E-003   5.5617183667313608E-003
   748.35235540965130        4.7297587110318859E-003   4.5254143107624281E-003   5.3695939096333415E-003
   774.78566186873422        4.6539872824674488E-003   4.4492274964317282E-003   5.2232899476019690E-003
   802.15264573967897        4.5962477983776803E-003   4.3915141505355918E-003   5.1116261781688358E-003
   830.48594444209971        4.5520577225257918E-003   4.3477953515813428E-003   5.0261280168443856E-003
   859.82037403360118        4.5180186801055764E-003   4.3146768590414872E-003   4.9603696874129643E-003
   890.19058800385733        4.4915565464271386E-003   4.2895890618511586E-003   4.9094841544267140E-003
   921.63390537915473        4.4707187785217256E-003   4.2705841933743530E-003   4.8697806312526029E-003
   954.18786380243341        4.4540260348219793E-003   4.2561875480001208E-003   4.8384646320990387E-003
   987.89128659474920        4.4403569084011645E-003   4.2452818547855098E-003   4.8134202092524397E-003
   1022.7855886411724        4.4288613926588430E-003   4.2370204174173916E-003   4.7930463905613381E-003
   1058.9119914466876        4.4188967517623072E-003   4.2307622441342162E-003   4.7761356232409518E-003
   1096.3148872627712        4.4099771570426409E-003   4.2260214628193158E-003   4.7617782700717379E-003
   1135.0389283928459        4.4017374082035224E-003   4.2224302068487301E-003   4.7492933004813628E-003
   1175.1302964981960        4.3939045198007646E-003   4.2197097719937895E-003   4.7381738967286688E-003
   1216.6382559936744        4.3862763596024005E-003   4.2176489491074420E-003   4.7280464095942219E-003
   1259.6123598874483        4.3787062848146020E-003   4.2160878261609811E-003   4.7186401501291761E-003
   1304.1038583964914        4.3710908551659721E-003   4.2149052501176043E-003   4.7097633131684101E-003
   1350.1674228314519        4.3633604936727894E-003   4.2140094081272728E-003   4.7012845916872149E-003
   1397.8574692241625        3.8214217842798400E-003   3.6936476638188848E-003   4.1094597485887945E-003
   1447.2325992722181        3.3640730104151050E-003   3.2549721804938890E-003   3.6095700649371888E-003
   1498.3517579647787        3.0164978209058736E-003   2.9226649416666012E-003   3.2300786258211388E-003
   1551.2759091786245        2.2930887728388918E-003   2.2266077360855096E-003   2.4564166039394179E-003
   1606.0700862978565        1.7331570281949979E-003   1.6867089610792853E-003   1.8576429022523519E-003
   1662.7990190437411        1.3099018079678389E-003   1.2777268507260596E-003   1.4049050874345502E-003
   1721.5324161293761        9.8998172664906516E-004   9.6790884806684620E-004   1.0625759076500056E-003
   1782.3403946248577        7.4818980937511664E-004   7.3321425282229103E-004   8.0372775437175274E-004
   1845.2954731357936        5.6545944995630706E-004   5.5542927664688527E-004   6.0799703599867213E-004
   1910.4750110852074        4.2736702248404940E-004   4.2075104787568472E-004   4.5998131291865847E-004
   1977.9568210713478        3.2301274139206955E-004   3.1872904748057564E-004   3.4804200948828620E-004
   2047.8213808026539        2.4415557859968506E-004   2.4144572150235370E-004   2.6337940125614756E-004
   2120.1545400970977        1.8456391931909543E-004   1.8290094634640746E-004   1.9933865195642984E-004
   2195.0417479108573        1.3953091403960387E-004   1.3855232619412535E-004   1.5089217154094149E-004
   2272.5750259096239        1.0549740072470309E-004   1.0495672245388986E-004   1.1423699268252641E-004
   2352.8469348264384        7.9775367273339360E-005   7.9507243875707290E-005   8.6499688852389057E-005
   2435.9532056335870        6.0333574499659257E-005   6.0228849594900969E-005   6.5507662400079701E-005
   2521.9959596104222        4.5636775324618656E-005   4.5624803453622056E-005   4.9617669809623317E-005
   2611.0779162676686        3.4525700794611644E-005   3.4561886939276299E-005   3.7587874715611430E-005
   2703.3053132971791        2.6124433795817294E-005   2.6181547601320733E-005   2.8479083143973493E-005
   2798.7914800504532        1.9770974781222624E-005   1.9833152574825825E-005   2.1580711553439939E-005
   2897.6492167059700        1.4965488555996855E-005   1.5024140005271735E-005   1.6355612763213958E-005
   3000.0000000000000        1.1330093212861263E-005   1.1381147729214736E-005   1.2397173737976190E-005
