         200   4370.0000000000000     
   3.0000000000000000        1.4527510965108659E-003   3.0478787646123777E-003   2.4328009840426700E-003
   3.1059655287322618        1.4937566251808951E-003   3.0478787646123777E-003   2.4558137032368909E-003
   3.2156739552243598        1.5345803126818036E-003   3.0478787646123777E-003   2.4788695191688670E-003
   3.3292574962321346        1.5751599869304250E-003   3.0478787646123777E-003   2.5019092295078659E-003
   3.4468529954360925        1.6154342157029258E-003   3.0478787646123777E-003   2.5248738108690507E-003
   3.5686022069563790        1.6553423630951383E-003   3.0478787646123777E-003   2.5477045308603730E-003
   3.6946518254059528        1.6948245877679647E-003   3.0478787646123777E-003   2.5703430655187910E-003
   3.8251536998800524        1.7338219452838444E-003   3.0478787646123777E-003   2.5927317160920728E-003
   3.9602651907155879        1.7722765703424984E-003   3.0478787646123777E-003   2.6148137107987026E-003
   4.1001490688558144        1.8101317696027968E-003   3.0478787646123777E-003   2.6365334904719330E-003
   4.2449739038313119        1.8473323057557538E-003   3.0478787646123777E-003   2.6578371330815065E-003
   4.3949142193596993        1.8838246514252396E-003   3.0478787646123777E-003   2.6786727814889521E-003
   4.5501507036585132        1.9195572932773379E-003   3.0478787646123777E-003   2.6989911102044961E-003
   4.7108703059600501        1.9544810372723472E-003   3.0478787646123777E-003   2.7187457916008442E-003
   4.8772669425686850        1.9885494586197351E-003   3.0478787646123777E-003   2.7378940303177967E-003
   5.0495410155906377        2.0217190979746821E-003   3.0478787646123777E-003   2.7563969284923186E-003
   5.2279001269311909        2.0539499099074049E-003   3.0478787646123777E-003   2.7742199568364582E-003
   5.4125592113782046        2.0852055619793638E-003   3.0478787646123777E-003   2.7913332944015014E-003
   5.6037407956130689        2.1154537301417723E-003   3.0478787646123777E-003   2.8077121120347621E-003
   5.8016752663703963        2.1446663546415500E-003   3.0478787646123777E-003   2.8233367741558307E-003
   6.0066011480696169        2.1728198484352091E-003   3.0478787646123777E-003   2.8381929520040934E-003
   6.2187653902530293        2.1998952519795413E-003   3.0478787646123777E-003   2.8522716453590158E-003
   6.4384236651766908        2.2258783302722689E-003   3.0478787646123777E-003   2.8655691135232838E-003
   6.6658406759127811        2.2507596100481203E-003   3.0478787646123777E-003   2.8780867198692824E-003
   6.9012904753346884        2.2745343570005345E-003   3.0478787646123777E-003   2.8898306973004894E-003
   7.1450567963692624        2.2972024947148120E-003   3.0478787646123777E-003   2.9008118444407011E-003
   7.3974330131920443        2.3187684374402716E-003   3.0478787646123777E-003   2.9110451495299467E-003
   7.6587243988323896        2.3392410594708607E-003   3.0478787646123777E-003   2.9205494571216436E-003
   7.9292442763577622        2.3586331244777655E-003   3.0478787646123777E-003   2.9293468710127318E-003
   8.2093202460023029        2.3769614676470417E-003   3.0478787646123777E-003   2.9374625060226288E-003
   8.4992881560440416        2.3942462349241240E-003   3.0478787646123777E-003   2.9449238151566049E-003
   8.7994991583321234        2.4105109935729702E-003   3.0478787646123777E-003   2.9517603231933270E-003
   9.1103132457223861        2.4257819804573647E-003   3.0478787646123777E-003   2.9580030041352159E-003
   9.4321068148357909        2.4400881370352278E-003   3.0478787646123777E-003   2.9636840209460286E-003
   9.7652657388916850        2.4534603922324242E-003   3.0478787646123777E-003   2.9688361828244499E-003
   10.110193474162946        2.4659316506646972E-003   3.0478787646123777E-003   2.9734927196568982E-003
   10.467303634806061        2.4775361317903939E-003   3.0478787646123777E-003   2.9776868351426050E-003
   10.837027566606025        2.4883093056497396E-003   3.0478787646123777E-003   2.9814515212593339E-003
   11.219811965471335        2.4982874585822903E-003   3.0478787646123777E-003   2.9848192639639944E-003
   11.616115840724994        2.5075073244717866E-003   3.0478787646123777E-003   2.9878218099923942E-003
   12.026419117330413        2.5160060192796515E-003   3.0478787646123777E-003   2.9904900618583723E-003
   12.451213803399156        2.5238205811165433E-003   3.0478787646123777E-003   2.9928538686716062E-003
   12.891014326336300        2.5309879595308993E-003   3.0478787646123777E-003   2.9949419845346770E-003
   13.346348065368609        2.5375446455096940E-003   3.0478787646123777E-003   2.9967819362157777E-003
   13.817766430769083        2.5435266868125985E-003   3.0478787646123777E-003   2.9984000237898516E-003
   14.305834715756038        2.5489694051274931E-003   3.0478787646123777E-003   2.9998212510324845E-003
   14.811143972217785        2.5539074388802457E-003   3.0478787646123777E-003   3.0010693594083077E-003
   15.334300133051286        2.5583745394687652E-003   3.0478787646123777E-003   3.0021668074306923E-003
   15.875936741648431        2.5624036377988753E-003   3.0478787646123777E-003   3.0031348295949411E-003
   16.436703292225193        2.5660267071840898E-003   3.0478787646123777E-003   3.0039934523377969E-003
   17.017278874447534        2.5692748462282384E-003   3.0478787646123777E-003   3.0047615707321520E-003
   17.618359675531394        2.5721781940441077E-003   3.0478787646123777E-003   3.0054569906228395E-003
   18.240671728221173        2.5747660143838375E-003   3.0478787646123777E-003   3.0060965157802659E-003
   18.884968846184627        2.5770666933207708E-003   3.0478787646123777E-003   3.0066960190673494E-003
   19.552019805756849        2.5791077304458711E-003   3.0478787646123777E-003   3.0072705134852051E-003
   20.242632201214423        2.5809158639106536E-003   3.0478275343067090E-003   3.0078341488783203E-003
   20.957638264717446        2.5825170683790124E-003   3.0477048780536689E-003   3.0084004140077114E-003
   21.697899624358065        2.5839366361416157E-003   3.0476119628362690E-003   3.0089825313110263E-003
   22.464312967141105        2.5851992660676109E-003   3.0475415768442733E-003   3.0095930465882602E-003
   23.257792778673313        2.5863291345607454E-003   3.0474882580352777E-003   3.0102441335768701E-003
   24.079299719823517        2.5873500608138036E-003   3.0474478676874028E-003   3.0109477294780569E-003
   24.929823759061236        2.5882856187907123E-003   3.0474172709761822E-003   3.0117156404733409E-003
   25.810395145829254        2.5891593150913971E-003   3.0473940930734523E-003   3.0125596756653068E-003
   26.722064579292049        2.5899947536933698E-003   3.0473765353445127E-003   3.0134917562005072E-003
   27.665935811728254        2.5908158676902653E-003   3.0473632349202694E-003   3.0145240775469933E-003
   28.643146268414043        2.5916471080749221E-003   3.0473531595121323E-003   3.0156692227709739E-003
   29.654879655490589        2.5925136636363072E-003   3.0473455270960824E-003   3.0169403054450027E-003
   30.702343174827575        2.5911030673136208E-003   2.7732830018173823E-003   3.0148864899459294E-003
   31.786804983723918        2.5889629936361532E-003   2.4465384673215342E-003   3.0117751324563640E-003
   32.909571928103169        2.5872749769049346E-003   2.1990212090943055E-003   3.0093334691438161E-003
   34.072004028335677        2.5859872267748134E-003   2.0115196539780764E-003   3.0074597980756452E-003
   35.275488300232773        2.5850633251455067E-003   1.8694834430772675E-003   3.0060734471320477E-003
   36.521481794408061        2.5844794095636892E-003   1.7618874168869628E-003   3.0051110635497540E-003
   37.811486012809581        2.5842218673109707E-003   1.6803807026587922E-003   3.0045236171824725E-003
   39.147055493126302        2.5842853241598630E-003   1.6186373028372991E-003   3.0042738440502481E-003
   40.529808025860810        2.5846709068818403E-003   1.5718648734414234E-003   3.0043341171238185E-003
   41.961393513511240        2.5853846975414825E-003   1.5364338145262178E-003   3.0046846517571891E-003
   43.443545167355794        2.5864363784695618E-003   1.5095938902645581E-003   3.0053119931942210E-003
   44.978049075047366        2.5878379948923924E-003   1.4892619680350941E-003   3.0062077259066433E-003
   46.566763998623138        2.5896028586543602E-003   1.4738599428840780E-003   3.0073673696655303E-003
   48.211585595230147        2.5917445058507801E-003   1.4621925980916892E-003   3.0087893824072322E-003
   49.914505239722644        2.5942758668843105E-003   1.4533542889880369E-003   3.0104743455039700E-003
   51.677575059319224        2.5972084379548700E-003   1.4466590460513022E-003   3.0124241679871694E-003
   53.502930680545909        2.6005516257079715E-003   1.4415872039037639E-003   3.0146414015329564E-003
   55.392750120602578        2.6043120822625467E-003   1.4377451811510686E-003   3.0171285286629082E-003
   57.349321371645829        2.6084933421029639E-003   1.4348347516338264E-003   3.0198874182675436E-003
   59.375002227322796        2.6130953618201886E-003   1.4326300275808799E-003   3.0229186767169319E-003
   61.472246417894510        2.6181142807911719E-003   1.4309598846927044E-003   3.0262211040930028E-003
   63.643556378429672        2.6235421000651528E-003   1.4296947177592717E-003   3.0297910602188850E-003
   65.891560899834928        2.6293667450055774E-003   1.4287363217724983E-003   3.0336220573104946E-003
   68.218968971510208        2.6355719103731030E-003   1.4280103125454107E-003   3.0377041996804887E-003
   70.628585269218178        2.6383741470103351E-003   1.4263849776410473E-003   3.0365727933664285E-003
   73.123328588587739        2.6318997910543562E-003   1.4224512287747449E-003   3.0217302194525965E-003
   75.706175661273647        2.6273960593003083E-003   1.4194713346439550E-003   3.0095376637263209E-003
   78.380253523498894        2.6244931537787431E-003   1.4172139893873662E-003   2.9995310264729160E-003
   81.148784610322849        2.6228852036411111E-003   1.4155039931983088E-003   2.9913221660838587E-003
   84.015122474940881        2.6223186348426257E-003   1.4142086211220836E-003   2.9845874327489208E-003
   86.982687236203873        2.6225828818972176E-003   1.4132273506398205E-003   2.9790579493569214E-003
   90.055071705548812        2.6235029169152852E-003   1.4124840134032144E-003   2.9745108352258291E-003
   93.235978303002270        2.6249332933996083E-003   1.4119209166247896E-003   2.9707620399276537E-003
   96.529260096906100        2.6267533586691529E-003   1.4114943543624516E-003   2.9676600308340441E-003
   99.938826062156153        2.6288633407731332E-003   1.4111712265053040E-003   2.9650805793334407E-003
   103.46886588546354        2.6311813672089974E-003   1.4109264460497009E-003   2.9629221137140293E-003
   107.12359379692580        2.6336407743750320E-003   1.4107410189619948E-003   2.9611021678851972E-003
   110.90736836557576        2.6361880944814008E-003   1.4106005549247428E-003   2.9595541150650119E-003
   114.82483910697920        2.6387814202324935E-003   1.4104941485896785E-003   2.9582244783146264E-003
   118.88068277378797        2.6413887519854259E-003   1.4104135432293581E-003   2.9570708056624339E-003
   123.07973629915718        2.6439868131767456E-003   1.4103524833568488E-003   2.9560597178982084E-003
   127.42715949490271        2.6465600138578203E-003   1.4103062284051915E-003   2.9551652810496532E-003
   131.92808807993632        2.6490992107464739E-003   1.4102711895263879E-003   2.9543677233361061E-003
   136.58805281121437        2.6516010017631686E-003   1.4102446463716387E-003   2.9536521840560952E-003
   141.41261684513370        2.6540666205877527E-003   1.4102245392929392E-003   2.9530077850019342E-003
   146.40753387824964        2.6565011776614775E-003   1.4102093078535269E-003   2.9524267434062087E-003
   151.57894168226974        2.6589129296521528E-003   1.4101977695147715E-003   2.9519036244450036E-003
   156.93294936957258        2.6613122970446054E-003   1.4101890290353447E-003   2.9514347665472946E-003
   162.47613596373097        2.6637113496599486E-003   1.4101824078218226E-003   2.9510177082149387E-003
   168.21511902855468        2.6661229054789392E-003   1.4101773920931881E-003   2.9506507936271089E-003
   174.15674278185460        2.2818424739301448E-003   1.2532638415143906E-003   2.5395480045490699E-003
   180.30830831190286        1.8440043155893977E-003   1.0748015484438750E-003   2.0720983619995016E-003
   186.67715947709803        1.5124704872724465E-003   9.3961206533088094E-004   1.7179816297035215E-003
   193.27089166569760        1.2615250571145864E-003   8.3720383130502104E-004   1.4497133193913569E-003
   200.09760727912413        1.0716631500376436E-003   7.5962607492260253E-004   1.2464678870283161E-003
   207.16537088595135        9.2810700076250904E-004   7.0085966167896376E-004   1.0924814636104560E-003
   214.48286737908427        8.1964694067651492E-004   6.5634208422584621E-004   9.7580651865972581E-004
   222.05883252794877        7.3778995299593529E-004   6.2261894763613625E-004   8.8739827412002807E-004
   229.90230130529540        6.7609718226662634E-004   5.9707312273584768E-004   8.2040483836638093E-004
   238.02291179328489        6.2968578938861041E-004   5.7772128252930541E-004   7.6963403550271085E-004
   246.43025707061713        5.9485647738231711E-004   5.6306194857027258E-004   7.3115529855590281E-004
   255.13466811288930        5.6880297878378642E-004   5.5195699934992826E-004   7.0198928022478877E-004
   264.14653641505117        5.4939860458753887E-004   5.4354473298673877E-004   6.7988017813938161E-004
   273.47660938458705        5.3503038695815490E-004   5.3717230428465600E-004   6.6311882309445531E-004
   283.13635184814427        5.2447445130562268E-004   5.3234497056371612E-004   6.5040980509271094E-004
   293.13729579387660        5.1680269052175318E-004   5.2868814906199151E-004   6.4077216421143932E-004
   303.49136818478553        5.1131062642633621E-004   5.2591804724995558E-004   6.3346252364222518E-004
   314.21129214162710        5.0746322390575634E-004   5.2381959993687830E-004   6.2791735499073730E-004
   325.30973137660959        5.0485427624995835E-004   5.2222999193942050E-004   6.2370987142988275E-004
   336.80032369109853        5.0317494397427494E-004   5.2102580925681428E-004   6.2051640782980432E-004
   348.69678677735646        5.0219047422871545E-004   5.2011361188652235E-004   6.1809176406443615E-004
   361.01330816366544        5.0172224177505572E-004   5.1942260753009119E-004   6.1625003894046971E-004
   373.76502243504467        5.0035738896232686E-004   5.1718832139962352E-004   6.1256948132065367E-004
   386.96715283564077        4.9545348612005532E-004   5.1001365008313568E-004   6.0247233459097152E-004
   400.63544401132759        4.9193498861250726E-004   5.0457871977407139E-004   5.9482473213127844E-004
   414.78669160661980        4.8946061472164679E-004   5.0046157330159706E-004   5.8903204691147586E-004
   429.43761284149554        4.8777013907394892E-004   4.9734276783120596E-004   5.8464422534091460E-004
   444.60621081975989        4.8666503678852481E-004   4.9498016551423785E-004   5.8132020350117747E-004
   460.31059410826708        4.8599406490045156E-004   4.9319043738435227E-004   5.7880180724653512E-004
   476.56949149896485        4.8564204535110498E-004   4.9183468919338565E-004   5.7689347776057837E-004
   493.40288198244309        4.8552137659863475E-004   4.9080766335044251E-004   5.7544704587311757E-004
   510.83065126063684        4.8556556558210624E-004   4.9002967455684171E-004   5.7435036423772641E-004
   528.87421463804299        4.8572425538772983E-004   4.8944032131125175E-004   5.7351844541108992E-004
   547.55511287104378        4.8595943925456463E-004   4.8899387204025073E-004   5.7288696124852673E-004
   566.89562449487210        4.8624256220971776E-004   4.8865567945032126E-004   5.7240719190411731E-004
   586.91951519858117        4.8655232018935817E-004   4.8839948694196053E-004   5.7204223178195358E-004
   607.65068989177485        4.8687294355508645E-004   4.8820541494957017E-004   5.7176415382402491E-004
   629.11387223602765        4.8719290685845135E-004   4.8805840225629905E-004   5.7155181432593156E-004
   651.33543626567803        4.8750394376157304E-004   4.8794703508927076E-004   5.7138920373910908E-004
   674.34163286578985        4.8780025474326054E-004   4.8786267264744972E-004   5.7126421556805097E-004
   698.16073213207346        4.8807794707573620E-004   4.8779876519877973E-004   5.7116768541047179E-004
   722.82116976782140        4.7890230245374409E-004   4.7831776077187472E-004   5.5303863012713488E-004
   748.35235540965130        4.6940399099272323E-004   4.6854836581101348E-004   5.3435146913213415E-004
   774.78566186873422        4.6224238363918452E-004   4.6114771341731982E-004   5.2019345011426895E-004
   802.15264573967897        4.5684547670750387E-004   4.5554154107363805E-004   5.0946655171417627E-004
   830.48594444209971        4.5278036049877120E-004   4.5129477426795772E-004   5.0133889847466862E-004
   859.82037403360118        4.4971940766697842E-004   4.4807770247878213E-004   4.9518008315069706E-004
   890.19058800385733        4.4741500083137501E-004   4.4564071823209508E-004   4.9051286415294508E-004
   921.63390537915473        4.4567984947808340E-004   4.4379461892186522E-004   4.8697549880388264E-004
   954.18786380243341        4.4437252440639597E-004   4.4239615425332621E-004   4.8429410848777564E-004
   987.89128659474920        4.4338622991239092E-004   4.4133679450318337E-004   4.8226120173595747E-004
   1022.7855886411724        4.4264036604023735E-004   4.4053429308911534E-004   4.8071954053682879E-004
   1058.9119914466876        4.4207422011854002E-004   4.3992638520511546E-004   4.7955009203131570E-004
   1096.3148872627712        4.4164205752195997E-004   4.3946587409313218E-004   4.7866263233150284E-004
   1135.0389283928459        4.4130951222211729E-004   4.3911702583994584E-004   4.7798885371915499E-004
   1175.1302964981960        4.4105078748625840E-004   4.3885276760972670E-004   4.7747700729512714E-004
   1216.6382559936744        4.4084655168244750E-004   4.3865258291949104E-004   4.7708787851637001E-004
   1259.6123598874483        4.4068236602918729E-004   4.3850093819760362E-004   4.7679177931333512E-004
   1304.1038583964914        4.4054746939297475E-004   4.3838606485235485E-004   4.7656621927964001E-004
   1350.1674228314519        4.4043386470443794E-004   4.3829904434587453E-004   4.7639415629020191E-004
   1397.8574692241625        3.8680664972922421E-004   3.8504198922435697E-004   4.1762349023823152E-004
   1447.2325992722181        3.4160042228090735E-004   3.4015597376757463E-004   3.6800893002985523E-004
   1498.3517579647787        3.0735411832419606E-004   3.0615373652070422E-004   3.3042412711323721E-004
   1551.2759091786245        2.3414939945373925E-004   2.3325753440702257E-004   2.5172751136516423E-004
   1606.0700862978565        1.7735672975134967E-004   1.7669819750795713E-004   1.9068741151533256E-004
   1662.7990190437411        1.3433875472835274E-004   1.3385357915354115E-004   1.4444917061939245E-004
   1721.5324161293761        1.0175400728996400E-004   1.0139730845799171E-004   1.0942257046309333E-004
   1782.3403946248577        7.7072608772038134E-005   7.6810902088254699E-005   8.2889408032469844E-005
   1845.2954731357936        5.8377925634941614E-005   5.8186299054137826E-005   6.2790344130944986E-005
   1910.4750110852074        4.4217553411551428E-005   4.4077522248797246E-005   4.7564784214741668E-005
   1977.9568210713478        3.3491904832963935E-005   3.3389784179013786E-005   3.6031179129876826E-005
   2047.8213808026539        2.5367967702249851E-005   2.5293648619839584E-005   2.7294373396177971E-005
   2120.1545400970977        1.9214516488955197E-005   1.9160547722014922E-005   2.0676005230944326E-005
   2195.0417479108573        1.4553724872948342E-005   1.4514623959412110E-005   1.5662527679275926E-005
   2272.5750259096239        1.1023435888860628E-005   1.0995177058926830E-005   1.1864677052485020E-005
   2352.8469348264384        8.3494792557199137E-006   8.3291113083750547E-006   8.9877352658815663E-006
   2435.9532056335870        6.3241597881334032E-006   6.3095231050335567E-006   6.8084198293717947E-006
   2521.9959596104222        4.7900985117945003E-006   4.7796156408342545E-006   5.1575235659743462E-006
   2611.0779162676686        3.6281533067150496E-006   3.6206739073326496E-006   3.9069366580385599E-006
   2703.3053132971791        2.7480699486151304E-006   2.7427566793514589E-006   2.9596011692840931E-006
   2798.7914800504532        2.0814596483578685E-006   2.0777042108257930E-006   2.2419648522840418E-006
   2897.6492167059700        1.5765548298063737E-006   1.5739161404229494E-006   1.6983454599987702E-006
   3000.0000000000000        1.1941203976198720E-006   1.1922793651592486E-006   1.2865361774784190E-006
