         200   4370.0000000000000     
   3.0000000000000000        3.0097157696178357E-003  0.42417376050262401        1.4720874590268326E-003
   3.1059655287322618        3.2222762207667023E-003  0.42417376050262401        1.5696929856398522E-003
   3.2156739552243598        3.4496023204482881E-003  0.42417376050262401        1.6741219338405611E-003
   3.3292574962321346        3.6926885430473718E-003  0.42417376050262401        1.7858581663879232E-003
   3.4468529954360925        3.9526022813545208E-003  0.42417376050262401        1.9054199160601674E-003
   3.5686022069563790        4.2304924079446743E-003  0.42417376050262401        2.0333623881633677E-003
   3.6946518254059528        4.5275987298365582E-003  0.42417376050262401        2.1702803017957812E-003
   3.8251536998800524        4.8452635318065353E-003  0.42417376050262401        2.3168108262024670E-003
   3.9602651907155879        5.1849454803569754E-003  0.42417376050262401        2.4736369324882129E-003
   4.1001490688558144        5.5482347109389683E-003  0.42417376050262401        2.6414904956608893E-003
   4.2449739038313119        5.9368717768434323E-003  0.42417376050262401        2.8211562428567521E-003
   4.3949142193596993        6.3527691443092385E-003  0.42417376050262401        3.0134757792012819E-003
   4.5501507036585132        6.7980364218856865E-003  0.42417376050262401        3.2193520505328977E-003
   4.7108703059600501        7.2750094208181909E-003  0.42417376050262401        3.4397540672546777E-003
   4.8772669425686850        7.7862858813180303E-003  0.42417376050262401        3.6757229426585326E-003
   5.0495410155906377        8.3347632658883654E-003  0.42417376050262401        3.9283768260059207E-003
   5.2279001269311909        8.9236865390199451E-003  0.42417376050262401        4.1989180578175921E-003
   5.4125592113782046        9.5567016359099262E-003  0.42417376050262401        4.4886401959272236E-003
   5.6037407956130689        1.0237917693519354E-002  0.42417376050262401        4.7989359464718339E-003
   5.8016752663703963        1.0971978725025722E-002  0.42417376050262401        5.1313059258643488E-003
   6.0066011480696169        1.1764145724127983E-002  0.42417376050262401        5.4873683456576903E-003
   6.2187653902530293        1.2620390076235916E-002  0.42417376050262401        5.8688697207758544E-003
   6.4384236651766908        1.3547498959490046E-002  0.42417376050262401        6.2776967108027293E-003
   6.6658406759127811        1.4553193136862000E-002  0.42417376050262401        6.7158892139551427E-003
   6.9012904753346884        1.5646257180394810E-002  0.42417376050262401        7.1856548440956992E-003
   7.1450567963692624        1.6836681753905937E-002  0.42417376050262401        7.6893849327356427E-003
   7.3974330131920443        1.8135815138048652E-002  0.42417376050262401        8.2296713809841340E-003
   7.6587243988323896        1.9556536895023530E-002  0.42417376050262401        8.8093303361714871E-003
   7.9292442763577622        2.1113407504173103E-002  0.42417376050262401        9.4314145003228551E-003
   8.2093202460023029        2.2822879743890152E-002  0.42417376050262401        1.0099249990271434E-002
   8.4992881560440416        2.4703446194731773E-002  0.42417376050262401        1.0816447766162800E-002
   8.7994991583321234        2.6775869097556512E-002  0.42417376050262401        1.1586948434698334E-002
   9.1103132457223861        2.9063328417040474E-002  0.42417376050262401        1.2415037023524840E-002
   9.4321068148357909        3.1591668609224313E-002  0.42417376050262401        1.3305396370125563E-002
   9.7652657388916850        3.4389547025769629E-002  0.42417376050262401        1.4263125971768979E-002
   10.110193474162946        3.7488705514700842E-002  0.42417376050262401        1.5293805570965909E-002
   10.467303634806061        4.0924126350101932E-002  0.42417376050262401        1.6403518939461088E-002
   10.837027566606025        4.4734332428392198E-002  0.42417376050262401        1.7598925888994168E-002
   11.219811965471335        4.8961621920364282E-002  0.42417376050262401        1.8887310396619506E-002
   11.616115840724994        5.3652304987889768E-002  0.42417376050262401        2.0276629597552193E-002
   12.026419117330413        5.8857097923229816E-002  0.42417376050262401        2.1775608840454447E-002
   12.451213803399156        6.4631336580382004E-002  0.42417376050262401        2.3393782655544332E-002
   12.891014326336300        7.1035444313562859E-002  0.42417376050262401        2.5141611583631100E-002
   13.346348065368609        7.8135148116312669E-002  0.42417376050262401        2.7030532517727884E-002
   13.817766430769083        8.6001983491461126E-002  0.42417376050262401        2.9073097639074980E-002
   14.305834715756038        9.4713458810803397E-002  0.42417376050262401        3.1283035951611214E-002
   14.811143972217785       0.10435353829109945       0.42417376050262401        3.3675418476620880E-002
   15.334300133051286       0.11501266739717128       0.42417376050262401        3.6266733089547108E-002
   15.875936741648431       0.12678814780116360       0.42417376050262401        3.9075080851673952E-002
   16.436703292225193       0.13978391207772986       0.42417376050262401        4.2120266534772022E-002
   17.017278874447534       0.15411068841541747       0.42417376050262401        4.5424031744804298E-002
   17.618359675531394       0.16988540063118318       0.42417376050262401        4.9010163721842734E-002
   18.240671728221173       0.18723096272973627       0.42417376050262401        5.2904759638844306E-002
   18.884968846184627       0.20627550764930758       0.42417376050262401        5.7136429527250891E-002
   19.552019805756849       0.22715098450349744       0.42417376050262401        6.1736437122277311E-002
   20.242632201214423       0.24999257115772874       0.42412662016832264        6.6739097003183950E-002
   20.957638264717446       0.27493666508441966       0.42401375617703940        7.2181959110355576E-002
   21.697899624358065       0.30211910065459152       0.42392825884586566        7.8106145552553269E-002
   22.464312967141105       0.33167310754313994       0.42386349211942337        8.4556677908427552E-002
   23.257792778673313       0.36372603506787082       0.42381443001745511        9.1582675218464540E-002
   24.079299719823517       0.39839751454662703       0.42377726423293538        9.9237946089550333E-002
   24.929823759061236       0.43579558117844103       0.42374911021010420       0.10758122293465933     
   25.810395145829254       0.47601363471828151       0.42372778271519962       0.11667665723373145     
   26.722064579292049       0.51912581309843620       0.42371162670752088       0.12659401643881482     
   27.665935811728254       0.56518464888435871       0.42369938812262542       0.13740943318939292     
   28.643146268414043       0.61421634405684433       0.42369011708467957       0.14920562189162892     
   29.654879655490589       0.66621763770190778       0.42368309400255250       0.16207242793076795     
   30.702343174827575       0.72092624911401593       0.40692986370205547       0.17599750582526943     
   31.786804983723918       0.77841564975031163       0.38695838197748567       0.19115508416893087     
   32.909571928103169       0.83868496222165978       0.37182947888250867       0.20771204100468127     
   34.072004028335677       0.90157447003042790       0.36036889274872635       0.22578621908922963     
   35.275488300232773       0.96688324771482448       0.35168726753161472       0.24550404514710839     
   36.521481794408061        1.0343711726691074       0.34511071660625176       0.26700094822002429     
   37.811486012809581        1.1037583263621285       0.34012881275849710       0.29042052011146363     
   39.147055493126302        1.1747273957842437       0.33635489444934857       0.31591394366231873     
   40.529808025860810        1.2469273120305624       0.33349604106306374       0.34363917610160316     
   41.961393513511240        1.3199758830458566       0.33133040194472607       0.37375891544540801     
   43.443545167355794        1.3934677986387976       0.32968987547744349       0.40643978937474340     
   44.978049075047366        1.4669793272009808       0.32844713513946744       0.44184943114191327     
   46.566763998623138        1.5400764045596702       0.32750572302281333       0.48015407097870522     
   48.211585595230147        1.6123207846838525       0.32679258435117442       0.52151427120928096     
   49.914505239722644        1.6832809725073865       0.32625236375035527       0.56608242727735181     
   51.677575059319224        1.7525390315549461       0.32584313296656070       0.61399755070997619     
   53.502930680545909        1.8196999379559700       0.32553312869084822       0.66538111322471749     
   55.392750120602578        1.8843982627924782       0.32529829419756640       0.72033091155525386     
   57.349321371645829        1.9463083223270679       0.32512040112277035       0.77891800471935613     
   59.375002227322796        2.0051495884018729       0.32498564261426427       0.84118089251990202     
   61.472246417894510        2.0606934779466477       0.32488355910666966       0.90712215140672003     
   63.643556378429672        2.1127669756588840       0.32480622879010140       0.97670366239133133     
   65.891560899834928        2.1612582264169409       0.32474764911725579        1.0498469414234837     
   68.218968971510208        2.2061173777732148       0.32470327353180695        1.1264309919358666     
   70.628585269218178        2.2439541543408033       0.32416939732092154        1.2041369769255534     
   73.123328588587739        2.2696436838365148       0.32250776023757838        1.2791926805541420     
   75.706175661273647        2.2935680009855979       0.32124903662291737        1.3577113855782443     
   78.380253523498894        2.3156084357705486       0.32029552161325492        1.4392511515771833     
   81.148784610322849        2.3357581258467524       0.31957320984992582        1.5233794679395447     
   84.015122474940881        2.3541042204757545       0.31902603758455267        1.6096762292815923     
   86.982687236203873        2.3708103315151736       0.31861154355416782        1.6977341747360004     
   90.055071705548812        2.3861008007708762       0.31829755383094038        1.7871642394329046     
   93.235978303002270        2.4002445342392109       0.31805969866520845        1.8775949718044584     
   96.529260096906100        2.4135401500953813       0.31787951642746543        1.9686737741305573     
   99.938826062156153        2.4263013151449067       0.31774302544943051        2.0600628947665407     
   103.46886588546354        2.4388442132556074       0.31763962884325891        2.1514425812165818     
   107.12359379692580        2.4514742563896372       0.31756130342502298        2.2424999462153026     
   110.90736836557576        2.4644755001661394       0.31750197064575553        2.3329272647760022     
   114.82483910697920        2.4781015291640589       0.31745702402657677        2.4224198749057049     
   118.88068277378797        2.4925665771073118       0.31742297588055141        2.5106647513294265     
   123.07973629915718        2.5080397477315053       0.31739718385571353        2.5973397849598867     
   127.42715949490271        2.5246412680831387       0.31737764551059450        2.6821143951234796     
   131.92808807993632        2.5424387276375127       0.31736284489612726        2.7646420922303769     
   136.58805281121437        2.5614480938621904       0.31735163292206792        2.8445706443162915     
   141.41261684513370        2.5816335044896692       0.31734313958181276        2.9215398515438138     
   146.40753387824964        2.6029107316723175       0.31733670573831685        2.9951917403180652     
   151.57894168226974        2.6251523515338451       0.31733183188078018        3.0651821274733955     
   156.93294936957258        2.6481915096605291       0.31732813985436070        3.1311850711901985     
   162.47613596373097        2.6718305042828563       0.31732534301747684        3.1929104722675756     
   168.21511902855468        2.6958459915782238       0.31732322434620919        3.2501090358390590     
   174.15674278185460        2.3762666326411193       0.29246528006112166        2.9097664009123010     
   180.30830831190286        2.0009589732376880       0.26419400619396888        2.4886666901813941     
   186.67715947709803        1.7132257754589051       0.24277783566692013        2.1550613673954042     
   193.27089166569760        1.4924157013892636       0.22655473788764507        1.8907326009391010     
   200.09760727912413        1.3227595714265699       0.21426518383703066        1.6813707536483207     
   207.16537088595135        1.1922114966330477       0.20495564659857052        1.5156598024801873     
   214.48286737908427        1.0915443851807962       0.19790335223192768        1.3845529689511065     
   222.05883252794877        1.0136905061748351       0.19256106947973689        1.2807793917236276     
   229.90230130529540       0.95322658708477603       0.18851420333511634        1.1984749750614467     
   238.02291179328489       0.90598626561979767       0.18544856316598360        1.1329175742402715     
   246.43025707061713       0.86877040546059703       0.18312629083643261        1.0803310171171081     
   255.13466811288930       0.83911796656466153       0.18136708974533683        1.0377139747667328     
   264.14653641505117       0.81513789665836456       0.18003445256968853        1.0027054644310196     
   273.47660938458705       0.79537622392401519       0.17902495821692666       0.97346332120447876     
   283.13635184814427       0.77871506147939640       0.17826023155492682       0.94856206449100500     
   293.13729579387660       0.76429681876646371       0.17768093269924209       0.92690977611768932     
   303.49136818478553       0.75146412902796045       0.17724210438643415       0.90767658167128984     
   314.21129214162710       0.73971400873183157       0.17690967685979508       0.89023700894562230     
   325.30973137660959       0.72866392393784807       0.17665785759722513       0.87412569378970473     
   336.80032369109853       0.71802377839031439       0.17646709585243106       0.85899930057762486     
   348.69678677735646       0.70757618752494733       0.17632258923855357       0.84460921900907293     
   361.01330816366544       0.69716016763807698       0.17621312312631282       0.83077847076385614     
   373.76502243504467       0.68463679573081859       0.17423539977043287       0.81409594093450421     
   386.96715283564077       0.66597430444253380       0.16666556257523998       0.78813098532793646     
   400.63544401132759       0.64905410886022541       0.16093128768068302       0.76575758344934108     
   414.78669160661980       0.63336591148258570       0.15658737739816164       0.74613823036465765     
   429.43761284149554       0.61853282037889923       0.15329679465047880       0.72864632200947399     
   444.60621081975989       0.60427834336181674       0.15080406514308928       0.71281275368941144     
   460.31059410826708       0.59040361796234908       0.14891576253391345       0.69828856992284205     
   476.56949149896485       0.57676850041621808       0.14748534257032478       0.68481473148127936     
   493.40288198244309       0.56327704436073400       0.14640175029363506       0.67219916578517225     
   510.83065126063684       0.54986784212657680       0.14558091150570160       0.66030065563978868     
   528.87421463804299       0.53650444344955628       0.14495909791692810       0.64901455118835194     
   547.55511287104378       0.52317007014787775       0.14448805915455110       0.63826389307920539     
   566.89562449487210       0.50986218299018815       0.14413123962464400       0.62799154570802229     
   586.91951519858117       0.49658816446039356       0.14386093656916310       0.61815434671455360     
   607.65068989177485       0.48336327307692295       0.14365617549764662       0.60871977159743240     
   629.11387223602765       0.47020783297286739       0.14350106565294304       0.59966257418765889     
   651.33543626567803       0.45714494620550727       0.14338356461545965       0.59096233136535270     
   674.34163286578985       0.44420016034846355       0.14329455566692384       0.58260263624166753     
   698.16073213207346       0.43139912409018155       0.14322712832974710       0.57456916914762879     
   722.82116976782140       0.40302932087137555       0.12748115113415623       0.53726776110561913     
   748.35235540965130       0.37436153719835752       0.11124817372566315       0.49930087055067424     
   774.78566186873422       0.34985470066514013        9.8951135516418015E-002  0.46904662735283109     
   802.15264573967897       0.32857376653949050        8.9635833047051430E-002  0.44472643854634319     
   830.48594444209971       0.30981417738684519        8.2579339795225998E-002  0.42497778913096895     
   859.82037403360118       0.29304470334719152        7.7233803670991905E-002  0.40875717856330018     
   890.19058800385733       0.27786607516914535        7.3184473044091300E-002  0.39526736897376835     
   921.63390537915473       0.26397695752882394        7.0116965944943530E-002  0.38389854722940814     
   954.18786380243341       0.25115075939460263        6.7793255473424158E-002  0.37418538116132527     
   987.89128659474920       0.23921652721955011        6.6033006966691121E-002  0.36577244718976359     
   1022.7855886411724       0.22804460529060153        6.4699558234498578E-002  0.35838789641758434     
   1058.9119914466876       0.21753706592914315        6.3689449114444588E-002  0.35182410600346636     
   1096.3148872627712       0.20761870641625949        6.2924256745094137E-002  0.34592167440470578     
   1135.0389283928459       0.19823197236337692        6.2344605104881108E-002  0.34055833931431373     
   1175.1302964981960       0.18933207454444648        6.1905509552050479E-002  0.33563985547553538     
   1216.6382559936744       0.18088334595380487        6.1572879581910697E-002  0.33109312634100774     
   1259.6123598874483       0.17285737050874825        6.1320904372148474E-002  0.32686145951273921     
   1304.1038583964914       0.16523078194354893        6.1130029049187969E-002  0.32290052010444220     
   1350.1674228314519       0.15798363753916678        6.0985434432896703E-002  0.31917529149489726     
   1397.8574692241625       0.12960127856895240        5.0516915818530239E-002  0.27379774545503305     
   1447.2325992722181       0.10603919003825117        4.1313270222674607E-002  0.23557022566634203     
   1498.3517579647787        8.8146084620528337E-002   3.4341287125005622E-002  0.20659601617247347     
   1551.2759091786245        6.3937323732426346E-002   2.6098490960998876E-002  0.15578596718089885     
   1606.0700862978565        4.6171202499578595E-002   1.9770235170364466E-002  0.11689275193150084     
   1662.7990190437411        3.3353616790389874E-002   1.4976478399794360E-002   8.7737638300001683E-002
   1721.5324161293761        2.4104617803556567E-002   1.1345042915710602E-002   6.5874641474506779E-002
   1782.3403946248577        1.7429292807884272E-002   8.5941431171885525E-003   4.9474806337659639E-002
   1845.2954731357936        1.2610119757113611E-002   6.5102917416101904E-003   3.7169203091616379E-002
   1910.4750110852074        9.1296148245731141E-003   4.9317027161324151E-003   2.7932598270186144E-002
   1977.9568210713478        6.6148431278915858E-003   3.7358835280540442E-003   2.0997551659619855E-002
   2047.8213808026539        4.7969117874077693E-003   2.8300310279524678E-003   1.5789041099591006E-002
   2120.1545400970977        3.4819016526686903E-003   2.1438166308412202E-003   1.1875967301678999E-002
   2195.0417479108573        2.5300505056733125E-003   1.6239980550682245E-003   8.9353350392994933E-003
   2272.5750259096239        1.8405167630623671E-003   1.2302176211219738E-003   6.7247807643801638E-003
   2352.8469348264384        1.3405850802109228E-003   9.3191946295491639E-004   5.0625848294030022E-003
   2435.9532056335870        9.7777804524821718E-004   7.0595375254885726E-004   3.8123702012297358E-003
   2521.9959596104222        7.1420192909976460E-004   5.3477696193811027E-004   2.8717320753120705E-003
   2611.0779162676686        5.2249976439688363E-004   4.0510642232185465E-004   2.1638195221136539E-003
   2703.3053132971791        3.8290056392226070E-004   3.0687887783023045E-004   1.6309056563732370E-003
   2798.7914800504532        2.8110421186240523E-004   2.3246813743322222E-004   1.2296051728181241E-003
   2897.6492167059700        2.0676830622494460E-004   1.7610079035012741E-004   9.2733373335871557E-004
   3000.0000000000000        1.5239968310365294E-004   1.3340058795398708E-004   6.9958261322995469E-004
