         200   4370.0000000000000     
   3.0000000000000000        5.9786215165142896E-003  0.12465146367577036        5.4602985155400331E-003
   3.1059655287322618        6.4507446020736093E-003  0.12465146367577036        5.9389832128529593E-003
   3.2156739552243598        6.9606140301970397E-003  0.12465146367577036        6.4622429628233505E-003
   3.3292574962321346        7.5107803127270056E-003  0.12465146367577036        7.0342709126204918E-003
   3.4468529954360925        8.1038681655826259E-003  0.12465146367577036        7.6596407725873089E-003
   3.5686022069563790        8.7425731857174172E-003  0.12465146367577036        8.3433380917815672E-003
   3.6946518254059528        9.4296589108334057E-003  0.12465146367577036        9.0907916668957912E-003
   3.8251536998800524        1.0167956666646678E-002  0.12465146367577036        9.9079071270102466E-003
   3.9602651907155879        1.0960368318678778E-002  0.12465146367577036        1.0801102523446768E-002
   4.1001490688558144        1.1809868349086792E-002  0.12465146367577036        1.1777341600972388E-002
   4.2449739038313119        1.2719510346041792E-002  0.12465146367577036        1.2844170158054023E-002
   4.3949142193596993        1.3692433361594330E-002  0.12465146367577036        1.4009750334969845E-002
   4.5501507036585132        1.4731869035441726E-002  0.12465146367577036        1.5282893704075319E-002
   4.7108703059600501        1.5841147469169706E-002  0.12465146367577036        1.6673090674345765E-002
   4.8772669425686850        1.7023705823107999E-002  0.12465146367577036        1.8190541172296664E-002
   5.0495410155906377        1.8283085993060128E-002  0.12465146367577036        1.9846169213375960E-002
   5.2279001269311909        1.9622936568626698E-002  0.12465146367577036        2.1651639846675199E-002
   5.4125592113782046        2.1047005665656936E-002  0.12465146367577036        2.3619360737339976E-002
   5.6037407956130689        2.2559128351171100E-002  0.12465146367577036        2.5762471385268167E-002
   5.8016752663703963        2.4163206941647291E-002  0.12465146367577036        2.8094815471435969E-002
   6.0066011480696169        2.5863183513342540E-002  0.12465146367577036        3.0630892255684338E-002
   6.2187653902530293        2.7663004289262813E-002  0.12465146367577036        3.3385782387694712E-002
   6.4384236651766908        2.9566575939222621E-002  0.12465146367577036        3.6375042957616059E-002
   6.6658406759127811        3.1577714223908940E-002  0.12465146367577036        3.9614566155747197E-002
   6.9012904753346884        3.3700085804669294E-002  0.12465146367577036        4.3120395602340482E-002
   7.1450567963692624        3.5937144400776548E-002  0.12465146367577036        4.6908494341171024E-002
   7.3974330131920443        3.8292059199445692E-002  0.12465146367577036        5.0994452492522817E-002
   7.6587243988323896        4.0767662293478432E-002  0.12465146367577036        5.5393173632809461E-002
   7.9292442763577622        4.3366337860275932E-002  0.12465146367577036        6.0118397117983266E-002
   8.2093202460023029        4.6090007894014733E-002  0.12465146367577036        6.5182325862996063E-002
   8.4992881560440416        4.8940003828587521E-002  0.12465146367577036        7.0594980795816734E-002
   8.7994991583321234        5.1917069229813151E-002  0.12465146367577036        7.6363731981319100E-002
   9.1103132457223861        5.5021236450616601E-002  0.12465146367577036        8.2492536439199932E-002
   9.4321068148357909        5.8251848923024777E-002  0.12465146367577036        8.8981414368528092E-002
   9.7652657388916850        6.1607447475173674E-002  0.12465146367577036        9.5825640518113264E-002
   10.110193474162946        6.5085815769855462E-002  0.12465146367577036       0.10301526381778427     
   10.467303634806061        6.8683878751177235E-002  0.12465146367577036       0.11053437814630469     
   10.837027566606025        7.2397761257363386E-002  0.12465146367577036       0.11836081276569953     
   11.219811965471335        7.6222755166842182E-002  0.12465146367577036       0.12646577331534700     
   11.616115840724994        8.0153289417454823E-002  0.12465146367577036       0.13481366944110837     
   12.026419117330413        8.4183024559406031E-002  0.12465146367577036       0.14336243225673426     
   12.451213803399156        8.8304782521492806E-002  0.12465146367577036       0.15206373881441987     
   12.891014326336300        9.2510673323992196E-002  0.12465146367577036       0.16086392627083354     
   13.346348065368609        9.6792036710316054E-002  0.12465146367577036       0.16970478471126735     
   13.817766430769083       0.10113958900805708       0.12465146367577036       0.17852502435312065     
   14.305834715756038       0.10554337663002152       0.12465146367577036       0.18726153831739434     
   14.811143972217785       0.10999294154617410       0.12465146367577036       0.19585122631537669     
   15.334300133051286       0.11447728670971324       0.12465146367577036       0.20423246298085532     
   15.875936741648431       0.11898505812467999       0.12465146367577036       0.21234694234189405     
   16.436703292225193       0.12350452169477602       0.12465146367577036       0.22014099593519487     
   17.017278874447534       0.12802375880554473       0.12465146367577036       0.22756709218215540     
   17.618359675531394       0.13253065296637107       0.12465146367577036       0.23458468506801819     
   18.240671728221173       0.13701308115204475       0.12465146367577036       0.24116108550882867     
   18.884968846184627       0.14145898660251890       0.12465146367577036       0.24727178475753583     
   19.552019805756849       0.14585638853896704       0.12465146367577036       0.25290038277131388     
   20.242632201214423       0.15019364201881943       0.12464993329448998       0.25803854946164057     
   20.957638264717446       0.15445943227754794       0.12464572845008240       0.26268536963114358     
   21.697899624358065       0.15864289850230248       0.12464180562251477       0.26684668387584171     
   22.464312967141105       0.16273375094295900       0.12463814587609687       0.27053424994190206     
   23.257792778673313       0.16672226219560604       0.12463473160802563       0.27376474074758028     
   24.079299719823517       0.17059949419680631       0.12463154633322944       0.27655893046180940     
   24.929823759061236       0.17435727449775740       0.12462857469324241       0.27894068266351535     
   25.810395145829254       0.17798830766959559       0.12462580234380559       0.28093612176805655     
   26.722064579292049       0.18148614669919569       0.12462321595035540       0.28257280960024650     
   27.665935811728254       0.18484536949986013       0.12462080302503795       0.28387913696299033     
   28.643146268414043       0.18806152915984709       0.12461855193343108       0.28488370054764600     
   29.654879655490589       0.19113122029007759       0.12461645180939999       0.28561485059251385     
   30.702343174827575       0.19401109522770982       0.12143084784716965       0.28603703597030566     
   31.786804983723918       0.19671663327563060       0.11692150278595223       0.28620117996697486     
   32.909571928103169       0.19926698226002390       0.11271459727330388       0.28616284770298356     
   34.072004028335677       0.20166253541599566       0.10878982436014394       0.28594618234135416     
   35.275488300232773       0.20390460774106359       0.10512830650774993       0.28557397976099019     
   36.521481794408061       0.20599547777181845       0.10171236485130558       0.28506763007399849     
   37.811486012809581       0.20793827521894315        9.8525528716503871E-002  0.28444710196575268     
   39.147055493126302       0.20973693047237929        9.5552432109037064E-002  0.28373094400147891     
   40.529808025860810       0.21139610922990112        9.2778723738808078E-002  0.28293629677604959     
   41.961393513511240       0.21292109066003104        9.0191062506008376E-002  0.28207893886016322     
   43.443545167355794       0.21431773596125150        8.7776954435469276E-002  0.28117329057116808     
   44.978049075047366       0.21559235224472759        8.5524759402220721E-002  0.28023246746234892     
   46.566763998623138       0.21675160958627313        8.3423605945107976E-002  0.27926830607431447     
   48.211585595230147       0.21780241255501051        8.1463387847382732E-002  0.27829142297218318     
   49.914505239722644       0.21875183972727727        7.9634640610398072E-002  0.27731121590934710     
   51.677575059319224       0.21960701575477073        7.7928546548385408E-002  0.27633592167375215     
   53.502930680545909       0.22037502679271018        7.6336870257639439E-002  0.27537263943790652     
   55.392750120602578       0.22106281211015844        7.4851956026230557E-002  0.27442738818875312     
   57.349321371645829       0.22167710759274023        7.3466634259739733E-002  0.27350510745459433     
   59.375002227322796       0.22222435155347994        7.2174225340678855E-002  0.27260971625752239     
   61.472246417894510       0.22271062612644910        7.0968490744784840E-002  0.27174413982505968     
   63.643556378429672       0.22314159022552760        6.9843631078812293E-002  0.27091036966796112     
   65.891560899834928       0.22352245183193795        6.8794215195686750E-002  0.27010947550588044     
   68.218968971510208       0.22385792250132813        6.7815183118113284E-002  0.26934167269142056     
   70.628585269218178       0.22402743492050037        6.6873425759491317E-002  0.26841226192538059     
   73.123328588587739       0.22378413664471858        6.5915768547932740E-002  0.26693541660603859     
   75.706175661273647       0.22348228803540460        6.5022346417740629E-002  0.26545970147930709     
   78.380253523498894       0.22312571091483438        6.4188845669050615E-002  0.26398591783222769     
   81.148784610322849       0.22271816890112792        6.3411247404367460E-002  0.26251499300467873     
   84.015122474940881       0.22226339591548341        6.2685798116910690E-002  0.26104800808675238     
   86.982687236203873       0.22176513470562698        6.2009008510020849E-002  0.25958626046456540     
   90.055071705548812       0.22122714160073439        6.1377610848171046E-002  0.25813122288457019     
   93.235978303002270       0.22065321070056168        6.0788560716001146E-002  0.25668457456094512     
   96.529260096906100       0.22004717362835041        6.0239014738254965E-002  0.25524816719828997     
   99.938826062156153       0.21941291638254054        5.9726332621693475E-002  0.25382403983289947     
   103.46886588546354       0.21875432993374119        5.9248030166204620E-002  0.25241428970811541     
   107.12359379692580       0.21807534385853927        5.8801807404159967E-002  0.25102114037029766     
   110.90736836557576       0.21737988473582628        5.8385517522390525E-002  0.24964684464533440     
   114.82483910697920       0.21667182607696533        5.7997143389153599E-002  0.24829358981421315     
   118.88068277378797       0.21595501072308204        5.7634817466610554E-002  0.24696354929004924     
   123.07973629915718       0.21523319761498225        5.7296796575954233E-002  0.24565878866490845     
   127.42715949490271       0.21451000596701061        5.6981442837673070E-002  0.24438118048460236     
   131.92808807993632       0.21378894577830848        5.6687243210062833E-002  0.24313247663551951     
   136.58805281121437       0.21307332097568629        5.6412772149450091E-002  0.24191415777535016     
   141.41261684513370       0.21236626258072844        5.6156709832891852E-002  0.24072751464540312     
   146.40753387824964       0.21167067804349204        5.5917824324234131E-002  0.23957358518626798     
   151.57894168226974       0.20818006143644899        5.5363519192550628E-002  0.23552870734102893     
   156.93294936957258       0.19864612720681687        5.4105234841466877E-002  0.22521638957253409     
   162.47613596373097       0.18977475465935104        5.2931329071429459E-002  0.21561715725566263     
   168.21511902855468       0.18152207631523967        5.1836157033161773E-002  0.20668105340773402     
   174.15674278185460       0.17384681751484510        5.0814449766954692E-002  0.19836152287778244     
   180.30830831190286       0.16670990700892924        4.9861256592409968E-002  0.19061490841888848     
   186.67715947709803       0.16007488435868858        4.8971993979963893E-002  0.18340081975350622     
   193.27089166569760       0.15390747163433918        4.8142383616518486E-002  0.17668160501045502     
   200.09760727912413       0.14817526074985771        4.7368405626811702E-002  0.17042195151373282     
   207.16537088595135       0.14284809964897846        4.6646346527112005E-002  0.16458925458836959     
   214.48286737908427       0.13789743934620136        4.5972707581578350E-002  0.15915285719016473     
   222.05883252794877       0.13329668570047534        4.5344249526539725E-002  0.15408439173050137     
   229.90230130529540       0.12902089223606786        4.4757948800349591E-002  0.14935740557376992     
   238.02291179328489       0.12504653094365653        4.4210964484078782E-002  0.14494707235714330     
   246.43025707061713       0.12135174543119277        4.3700672191263237E-002  0.14083044162685857     
   255.13466811288930       0.11791588217480771        4.3224599301676811E-002  0.13698589199201311     
   264.14653641505117       0.11471971786767134        4.2780456568793229E-002  0.13339336118584322     
   273.47660938458705       0.11174523002330090        4.2366107186628463E-002  0.13003407230834391     
   283.13635184814427       0.10897542182689293        4.1979543426127426E-002  0.12689032116004956     
   293.13729579387660       0.10639445475033046        4.1618906454818382E-002  0.12394561613932177     
   303.49136818478553       0.10398745758084504        4.1282461219572929E-002  0.12118445753768316     
   314.21129214162710       0.10174037998553161        4.0968577475714918E-002  0.11859216835450481     
   325.30973137660959        9.9640121334023585E-002   4.0675749234453829E-002  0.11615504656635048     
   336.80032369109853        9.7674255350148731E-002   4.0402557597166079E-002  0.11386005643716725     
   348.69678677735646        9.5831152764983552E-002   4.0147688893150221E-002  0.11169498404979987     
   361.01330816366544        9.4099849357107412E-002   3.9909916928816958E-002  0.10964830277239446     
   373.76502243504467        9.2406931773794804E-002   3.9612678428432156E-002  0.10760291988385852     
   386.96715283564077        9.0585315195776131E-002   3.9067669579840321E-002  0.10528600763595961     
   400.63544401132759        8.8863845728671106E-002   3.8559220239192074E-002  0.10309006864613240     
   414.78669160661980        8.7232755918987451E-002   3.8084866716282563E-002  0.10100368721669936     
   429.43761284149554        8.5682912975272640E-002   3.7642333101313478E-002   9.9016343540015941E-002
   444.60621081975989        8.4205642667815786E-002   3.7229475098589100E-002   9.7118213358545522E-002
   460.31059410826708        8.2792844358176479E-002   3.6844307437010761E-002   9.5300337450530792E-002
   476.56949149896485        8.1436920360207915E-002   3.6484977044349144E-002   9.3554548789736264E-002
   493.40288198244309        8.0130722451005693E-002   3.6149742785946612E-002   9.1873414998717914E-002
   510.83065126063684        7.8867656884419143E-002   3.5836996234972517E-002   9.0250377365686266E-002
   528.87421463804299        7.7641555745791097E-002   3.5545221978675420E-002   8.8679580555985557E-002
   547.55511287104378        7.6446779781288124E-002   3.5273016989877302E-002   8.7155990808793576E-002
   566.89562449487210        7.5278168623260797E-002   3.5019071668745336E-002   8.5675308466786546E-002
   586.91951519858117        7.4130997237063637E-002   3.4782155523762577E-002   8.4233881533973293E-002
   607.65068989177485        7.3001054243966357E-002   3.4561129318745165E-002   8.2828766048469962E-002
   629.11387223602765        7.1884593030416180E-002   3.4354929679056061E-002   8.1457618909893365E-002
   651.33543626567803        7.0778284568148039E-002   3.4162557464777005E-002   8.0118592462351298E-002
   674.34163286578985        6.9679299191401201E-002   3.3983089689598796E-002   7.8810384676673603E-002
   698.16073213207346        6.8585188477470860E-002   3.3815656742796303E-002   7.7532047249979252E-002
   722.82116976782140        6.7138825435251140E-002   3.3304737625882937E-002   7.5628709445817940E-002
   748.35235540965130        6.5609387195649987E-002   3.2719943953716885E-002   7.3596954126039518E-002
   774.78566186873422        6.4109548160503835E-002   3.2174365630783797E-002   7.1646655710854920E-002
   802.15264573967897        6.2636468634470768E-002   3.1665379186376061E-002   6.9774663678436377E-002
   830.48594444209971        6.1187780367262655E-002   3.1190535846260282E-002   6.7978206057069224E-002
   859.82037403360118        5.9761503221860128E-002   3.0747534758035936E-002   6.6254760444121541E-002
   890.19058800385733        5.8356131523853876E-002   3.0334250438348229E-002   6.4602140096603991E-002
   921.63390537915473        5.6970465616984954E-002   2.9948680318900044E-002   6.3018277863596012E-002
   954.18786380243341        5.5603696691701412E-002   2.9588970345246955E-002   6.1501321418098262E-002
   987.89128659474920        5.4255324049164236E-002   2.9253389924119858E-002   6.0049534618662692E-002
   1022.7855886411724        5.2925077416460437E-002   2.8940313001297683E-002   5.8661220337210641E-002
   1058.9119914466876        5.1612998820229378E-002   2.8648237459052091E-002   5.7334816430789304E-002
   1096.3148872627712        5.0319288148430959E-002   2.8375748045960627E-002   5.6068746786351369E-002
   1135.0389283928459        4.9044385865377127E-002   2.8121534468041064E-002   5.4861520902182610E-002
   1175.1302964981960        4.7788900075826424E-002   2.7884373683567682E-002   5.3711675109636418E-002
   1216.6382559936744        4.6553539207179029E-002   2.7663116530460649E-002   5.2617729597471720E-002
   1259.6123598874483        4.5339179357482905E-002   2.7456699070444394E-002   5.1578267615732580E-002
   1304.1038583964914        4.4146798137629652E-002   2.7264128212714830E-002   5.0591891085316941E-002
   1350.1674228314519        4.2977414667617543E-002   2.7084470855587996E-002   4.9657189394998989E-002
   1397.8574692241625        4.0181537777707325E-002   2.5840396050692330E-002   4.6893420682784764E-002
   1447.2325992722181        3.7422368362927880E-002   2.4564521055223696E-002   4.4152062438685490E-002
   1498.3517579647787        3.4866186946419492E-002   2.3374218856336337E-002   4.1623813837711680E-002
   1551.2759091786245        3.1812297795082656E-002   2.1820530885653611E-002   3.8467169869503236E-002
   1606.0700862978565        2.9001157647960369E-002   2.0357030262625697E-002   3.5540697961100799E-002
   1662.7990190437411        2.6435868098983521E-002   1.8991702105588919E-002   3.2851470450078440E-002
   1721.5324161293761        2.4096787094236804E-002   1.7717930719844854E-002   3.0379826367811363E-002
   1782.3403946248577        2.1965686748444763E-002   1.6529591041807672E-002   2.8107776833324914E-002
   1845.2954731357936        2.0025586480697907E-002   1.5420965874849179E-002   2.6018784643137557E-002
   1910.4750110852074        1.8260631394931906E-002   1.4386683378066645E-002   2.4097592375426618E-002
   1977.9568210713478        1.6656167298622113E-002   1.3421770095367869E-002   2.2330268511919504E-002
   2047.8213808026539        1.5198601423728043E-002   1.2521583752268322E-002   2.0704028609010137E-002
   2120.1545400970977        1.3875298784172986E-002   1.1681762497745631E-002   1.9207095378452475E-002
   2195.0417479108573        1.2674640367243178E-002   1.0898276937414615E-002   1.7828745502237890E-002
   2272.5750259096239        1.1585839700095727E-002   1.0167330693649154E-002   1.6559088319754875E-002
   2352.8469348264384        1.0598990826738895E-002   9.4854089346112311E-003   1.5389110699552877E-002
   2435.9532056335870        9.7049666536210381E-003   8.8492308805259018E-003   1.4310554801918451E-002
   2521.9959596104222        8.8953411597417591E-003   8.2557139319771392E-003   1.3315822208594050E-002
   2611.0779162676686        8.1624035751289743E-003   7.7020041003372230E-003   1.2397992491308255E-002
   2703.3053132971791        7.4990753623228887E-003   7.1854374436029420E-003   1.1550727155163599E-002
   2798.7914800504532        6.8988458492818244E-003   6.7035109391311931E-003   1.0768194255081598E-002
   2897.6492167059700        6.3557828391166294E-003   6.2539123425714802E-003   1.0045091431019313E-002
   3000.0000000000000        5.8644349814185540E-003   5.8344631248747241E-003   9.3765296338615377E-003
