         200   4370.0000000000000     
   3.0000000000000000        3.0821036834450806E-003  0.44279540317017352        1.5262782644134367E-003
   3.1059655287322618        3.2948647024969788E-003  0.44279540317017352        1.6270784885074471E-003
   3.2156739552243598        3.5216412609434299E-003  0.44279540317017352        1.7348576165076668E-003
   3.3292574962321346        3.7632720935287089E-003  0.44279540317017352        1.8500993449930329E-003
   3.4468529954360925        4.0206467389902155E-003  0.44279540317017352        1.9733200344664074E-003
   3.5686022069563790        4.2947116668828464E-003  0.44279540317017352        2.1050709768449627E-003
   3.6946518254059528        4.5864770834588078E-003  0.44279540317017352        2.2459405505352104E-003
   3.8251536998800524        4.8970255851030721E-003  0.44279540317017352        2.3965567302029725E-003
   3.9602651907155879        5.2275228990186573E-003  0.44279540317017352        2.5575899677500315E-003
   4.1001490688558144        5.5792295504059047E-003  0.44279540317017352        2.7297557584362361E-003
   4.2449739038313119        5.9535160608412919E-003  0.44279540317017352        2.9138180158549526E-003
   4.3949142193596993        6.3518803789891854E-003  0.44279540317017352        3.1105924632897027E-003
   4.5501507036585132        6.7759686976199317E-003  0.44279540317017352        3.3209504088736633E-003
   4.7108703059600501        7.2275997577626525E-003  0.44279540317017352        3.5458227237769079E-003
   4.8772669425686850        7.7087953369122690E-003  0.44279540317017352        3.7862050969222428E-003
   5.0495410155906377        8.2218125895856149E-003  0.44279540317017352        4.0431620975975883E-003
   5.2279001269311909        8.7691857563963957E-003  0.44279540317017352        4.3178334411446426E-003
   5.4125592113782046        9.3537731724147380E-003  0.44279540317017352        4.6114400581023099E-003
   5.6037407956130689        9.9788124717525867E-003  0.44279540317017352        4.9252910228461825E-003
   5.8016752663703963        1.0647984574964893E-002  0.44279540317017352        5.2607912664290402E-003
   6.0066011480696169        1.1365487273226799E-002  0.44279540317017352        5.6194501673469078E-003
   6.2187653902530293        1.2136119028742474E-002  0.44279540317017352        6.0028911220756246E-003
   6.4384236651766908        1.2965373303276384E-002  0.44279540317017352        6.4128622056640570E-003
   6.6658406759127811        1.3859543299923470E-002  0.44279540317017352        6.8512480414541811E-003
   6.9012904753346884        1.4825836464796356E-002  0.44279540317017352        7.3200830081494531E-003
   7.1450567963692624        1.5872497469830958E-002  0.44279540317017352        7.8215659220034466E-003
   7.3974330131920443        1.7008935972127898E-002  0.44279540317017352        8.3580755192075792E-003
   7.6587243988323896        1.8245868846737411E-002  0.44279540317017352        8.9321926554793360E-003
   7.9292442763577622        1.9595434753724366E-002  0.44279540317017352        9.5467111732729388E-003
   8.2093202460023029        2.1071353615502404E-002  0.44279540317017352        1.0204673009227208E-002
   8.4992881560440416        2.2689019422440095E-002  0.44279540317017352        1.0909378066652943E-002
   8.7994991583321234        2.4465650532524738E-002  0.44279540317017352        1.1664426893989289E-002
   9.1103132457223861        2.6420353237522742E-002  0.44279540317017352        1.2473733694324319E-002
   9.4321068148357909        2.8574251392399712E-002  0.44279540317017352        1.3341577058124521E-002
   9.7652657388916850        3.0950511137784822E-002  0.44279540317017352        1.4272616716172620E-002
   10.110193474162946        3.3574448413593257E-002  0.44279540317017352        1.5271953721061562E-002
   10.467303634806061        3.6473515092035086E-002  0.44279540317017352        1.6345151632725787E-002
   10.837027566606025        3.9677384710207222E-002  0.44279540317017352        1.7498304233636530E-002
   11.219811965471335        4.3217961187191067E-002  0.44279540317017352        1.8738079661451183E-002
   11.616115840724994        4.7129371560181516E-002  0.44279540317017352        2.0071765117536042E-002
   12.026419117330413        5.1448076553734123E-002  0.44279540317017352        2.1507355374966695E-002
   12.451213803399156        5.6212822755336539E-002  0.44279540317017352        2.3053588796051128E-002
   12.891014326336300        6.1464806376253699E-002  0.44279540317017352        2.4720055455169899E-002
   13.346348065368609        6.7247638093914860E-002  0.44279540317017352        2.6517240967502284E-002
   13.817766430769083        7.3607564432415576E-002  0.44279540317017352        2.8456654065346833E-002
   14.305834715756038        8.0593441221693957E-002  0.44279540317017352        3.0550879559952195E-002
   14.811143972217785        8.8257005920289303E-002  0.44279540317017352        3.2813728781280409E-002
   15.334300133051286        9.6652832768835073E-002  0.44279540317017352        3.5260303152901060E-002
   15.875936741648431       0.10583862608128947       0.44279540317017352        3.7907171446594966E-002
   16.436703292225193       0.11587510561902574       0.44279540317017352        4.0772445561219756E-002
   17.017278874447534       0.12682626813492334       0.44279540317017352        4.3875989091488238E-002
   17.618359675531394       0.13875912913500263       0.44279540317017352        4.7239506904982138E-002
   18.240671728221173       0.15174384064356350       0.44279540317017352        5.0886778751779105E-002
   18.884968846184627       0.16585344195864984       0.44279540317017352        5.4843832548594790E-002
   19.552019805756849       0.18116320927445081       0.44279540317017352        5.9139057126094512E-002
   20.242632201214423       0.19775066192543009       0.44278132598557457        6.3803555428599515E-002
   20.957638264717446       0.21569456129041922       0.44274264780014827        6.8871285479689390E-002
   21.697899624358065       0.23507411797748451       0.44270656374153661        7.4379337133804527E-002
   22.464312967141105       0.25596803072778224       0.44267289963013445        8.0368221859865530E-002
   23.257792778673313       0.27845266470037155       0.44264149354687526        8.6882011305543558E-002
   24.079299719823517       0.30260124706771602       0.44261219385412615        9.3968844315504646E-002
   24.929823759061236       0.32848161160478007       0.44258485927731472       0.10168109546439504     
   25.810395145829254       0.35615451671353698       0.44255935787103406       0.11007577887612945     
   26.722064579292049       0.38567084029525622       0.44253556697754198       0.11921466924201136     
   27.665935811728254       0.41707030780468662       0.44251337172753924       0.12916492466473586     
   28.643146268414043       0.45037853579679588       0.44249266510200408       0.13999920942863500     
   29.654879655490589       0.48560511573058540       0.44247334714899106       0.15179611468096843     
   30.702343174827575       0.52267121565115116       0.43728888141103095       0.16460711361551866     
   31.786804983723918       0.56157606973994190       0.42995723375068567       0.17853626332397241     
   32.909571928103169       0.60230111958138477       0.42311731608184844       0.19369653973634030     
   34.072004028335677       0.64477115674824514       0.41673611177046588       0.21019170137540072     
   35.275488300232773       0.68888599221553881       0.41078292823020102       0.22813167502584639     
   36.521481794408061       0.73452171061445415       0.40522902177297709       0.24763291855371322     
   37.811486012809581       0.78153002600327148       0.40004761308181863       0.26881761788382807     
   39.147055493126302       0.82973953061471195       0.39521371891532758       0.29181312004398263     
   40.529808025860810       0.87895765351462563       0.39070400581797166       0.31675114025538770     
   41.961393513511240       0.92897180216843422       0.38649678278099653       0.34376587970445471     
   43.443545167355794       0.97955404630093035       0.38257173611747808       0.37299325619840779     
   44.978049075047366        1.0304634406184519       0.37890994039725862       0.40456825587487483     
   46.566763998623138        1.0814505748979550       0.37549371994423597       0.43862277635188712     
   48.211585595230147        1.1322606949710561       0.37230664327681590       0.47528184861536205     
   49.914505239722644        1.1826401071921735       0.36933332226913501       0.51466146141988545     
   51.677575059319224        1.2323396857254185       0.36655942043455064       0.55686400013363324     
   53.502930680545909        1.2811201770445622       0.36397154800637049       0.60197465143951001     
   55.392750120602578        1.3287556280893420       0.36155725772635799       0.65005607976559243     
   57.349321371645829        1.3750394375350010       0.35930489270433436       0.70114579536946242     
   59.375002227322796        1.4197871148980690       0.35720359269313390       0.75525107353224419     
   61.472246417894510        1.4628402435851451       0.35524321460962704       0.81234597815195997     
   63.643556378429672        1.5040682892932775       0.35341432934440858       0.87236710354057112     
   65.891560899834928        1.5433722700699348       0.35170810651164813       0.93521365971988124     
   68.218968971510208        1.5806851151412920       0.35011631920251579        1.0007453342179573     
   70.628585269218178        1.6149665549133636       0.34848342683183459        1.0681674735659226     
   73.123328588587739        1.6442010219458625       0.34654825801760203        1.1359383714584297     
   75.706175661273647        1.6712543200041046       0.34474289110402839        1.2054590448173879     
   78.380253523498894        1.6961982687571413       0.34305860925866982        1.2764174325377278     
   81.148784610322849        1.7191352720712929       0.34148729136573913        1.3484775619491580     
   84.015122474940881        1.7401953440025537       0.34002135259302435        1.4212878482394231     
   86.982687236203873        1.7595316494672824       0.33865374200622728        1.4944871076064956     
   90.055071705548812        1.7773166915641556       0.33737785638677559        1.5677146341377164     
   93.235978303002270        1.7937367803767936       0.33618754378636190        1.6406151903799719     
   96.529260096906100        1.8089869146982864       0.33507705850490105        1.7128454011211631     
   99.938826062156153        1.8232648539283542       0.33404106521668681        1.7840757167761918     
   103.46886588546354        1.8367665903074977       0.33307454401843212        1.8539976302594088     
   107.12359379692580        1.8496799360909231       0.33217284729137025        1.9223192569453613     
   110.90736836557576        1.8621801098484096       0.33133163690088935        1.9887678247535079     
   114.82483910697920        1.8744256958870316       0.33054683676382296        2.0530909724870057     
   118.88068277378797        1.8865539401204583       0.32981467308622436        2.1150506240665479     
   123.07973629915718        1.8986781345140693       0.32913162337045682        2.1744241314366031     
   127.42715949490271        1.9108858107003071       0.32849437790056757        2.2310053726305048     
   131.92808807993632        1.9232363887373318       0.32789987922438285        2.2845997971959751     
   136.58805281121437        1.9357619029253295       0.32734524669982540        2.3350306483043597     
   141.41261684513370        1.9484664319674243       0.32682781331810695        2.3821362989268597     
   146.40753387824964        1.9613278156617386       0.32634508966610787        2.4257750997311165     
   151.57894168226974        1.9540278252249885       0.32436380223175498        2.4431461401932228     
   156.93294936957258        1.9019276461211365       0.31909195134104190        2.4047042139209291     
   162.47613596373097        1.8527709111942192       0.31417362252764269        2.3634012077610596     
   168.21511902855468        1.8062153179342557       0.30958516549052506        2.3196020006983451     
   174.15674278185460        1.7619573895171836       0.30530450479824034        2.2737001188345283     
   180.30830831190286        1.7197295082329254       0.30131089851845327        2.2261031989138367     
   186.67715947709803        1.6793006469890921       0.29758514297562733        2.1772228063649637     
   193.27089166569760        1.6404716433310771       0.29410931326376022        2.1274598604571500     
   200.09760727912413        1.6030704504697055       0.29086656725733173        2.0771912181097703     
   207.16537088595135        1.5669516598199007       0.28784134652354437        2.0267644183374744     
   214.48286737908427        1.5319892781317868       0.28501899236172668        1.9764861492382273     
   222.05883252794877        1.4980762514485286       0.28238593318525601        1.9266224093367976     
   229.90230130529540        1.4651198865229313       0.27992950113718212        1.8773953174820157     
   238.02291179328489        1.4330378647941857       0.27763779358121232        1.8289823320897654     
   246.43025707061713        1.4017585079891759       0.27549981509003291        1.7815231364335722     
   255.13466811288930        1.3712157353174563       0.27350520609338758        1.7351192332487244     
   264.14653641505117        1.3413501388005928       0.27164437530427377        1.6898429350932020     
   273.47660938458705        1.3121067116738294       0.26990837011788710        1.6457410038311866     
   283.13635184814427        1.2834331026205854       0.26828877872476498        1.6028384877378836     
   293.13729579387660        1.2552812804383482       0.26677781314947008        1.5611468456590947     
   303.49136818478553        1.2276063131446546       0.26536820401654454        1.5206667088271451     
   314.21129214162710        1.2003654568812949       0.26405312106791434        1.4813901735414969     
   325.30973137660959        1.1735206215514122       0.26282625464206366        1.4433070125126559     
   336.80032369109853        1.1470360407463402       0.26168165996032089        1.4064030634589690     
   348.69678677735646        1.1208807950424975       0.26061383311885755        1.3706648398587122     
   361.01330816366544        1.0950281051238291       0.25961763671787880        1.3360789278847687     
   373.76502243504467        1.0685777477705589       0.25786639545200080        1.3012103430884281     
   386.96715283564077        1.0393426610188023       0.25331508651844464        1.2625881167414406     
   400.63544401132759        1.0106328019518833       0.24906908201350483        1.2256052143208702     
   414.78669160661980       0.98242085522522393       0.24510780793133183        1.1902013587411298     
   429.43761284149554       0.95468627023690877       0.24141225839959193        1.1563225009897797     
   444.60621081975989       0.92741233777097198       0.23796452664084389        1.1239165097432984     
   460.31059410826708       0.90058819616047758       0.23474803387455506        1.0929352171386131     
   476.56949149896485       0.87420745483050233       0.23174730529841570        1.0633324742801546     
   493.40288198244309       0.84826687181864768       0.22894780088845387        1.0350626588145904     
   510.83065126063684       0.82276809285191066       0.22633608884916254        1.0080827121806235     
   528.87421463804299       0.79771473252018543       0.22389951413538015       0.98234918628629642     
   547.55511287104378       0.77311403788322419       0.22162636022150145       0.95782034290068752     
   566.89562449487210       0.74897548934524127       0.21950569078340165       0.93445501617097759     
   586.91951519858117       0.72530950450037679       0.21752723012180000       0.91221177816615029     
   607.65068989177485       0.70212870680952555       0.21568146460066284       0.89105056327245447     
   629.11387223602765       0.67944660807516744       0.21395951409538685       0.87093175905803522     
   651.33543626567803       0.65727641531704395       0.21235303489843646       0.85181553839401636     
   674.34163286578985       0.63563251109704455       0.21085431925269252       0.83366349666232131     
   698.16073213207346       0.61452799006775882       0.20945610513465984       0.81643683650606014     
   722.82116976782140       0.58884595813780261       0.20303569473226180       0.79049145018043110     
   748.35235540965130       0.56251184301143897       0.19548618887948635       0.76312441825233124     
   774.78566186873422       0.53718171592963981       0.18844294108428788       0.73738428664015687     
   802.15264573967897       0.51283636907493801       0.18187208314937445       0.71318329497249244     
   830.48594444209971       0.48945701135285979       0.17574200215503563       0.69043704581487375     
   859.82037403360118       0.46702419453532962       0.17002299480677358       0.66906365922737099     
   890.19058800385733       0.44551948169951183       0.16468762177035687       0.64898553402841241     
   921.63390537915473       0.42492312115268460       0.15971003050701738       0.63012725427349581     
   954.18786380243341       0.40521570952898195       0.15506628574600367       0.61241725423194626     
   987.89128659474920       0.38637727279539846       0.15073404606223365       0.59578701640174481     
   1022.7855886411724       0.36838657746324238       0.14669231959747803       0.58017052438715189     
   1058.9119914466876       0.35122264051249813       0.14292171447538760       0.56550560186638366     
   1096.3148872627712       0.33486302443662369       0.13940396023681531       0.55173241580120169     
   1135.0389283928459       0.31928531845402536       0.13612214139077658       0.53879470791676176     
   1175.1302964981960       0.30446654112263949       0.13306046884599915       0.52663920729163138     
   1216.6382559936744       0.29038272891622985       0.13020410727463846       0.51521521279966753     
   1259.6123598874483       0.27701007924194820       0.12753932156186698       0.50447541706694676     
   1304.1038583964914       0.26432448444260220       0.12505329121184869       0.49437538527931224     
   1350.1674228314519       0.25230122422645346       0.12273397016978096       0.48487316770926597     
   1397.8574692241625       0.23176455470045004       0.11597252050225035       0.45831393587667768     
   1447.2325992722181       0.21204978228044380       0.10902596626202758       0.43193374581769273     
   1498.3517579647787       0.19410884249690610       0.10254531665591964       0.40755835528141776     
   1551.2759091786245       0.17492306139278019        9.5693158780810320E-002  0.37717054891481983     
   1606.0700862978565       0.15763478845668286        8.9275029074016465E-002  0.34891864441543197     
   1662.7990190437411       0.14213940728450353        8.3287431210156290E-002  0.32287473376622922     
   1721.5324161293761       0.12824961118454367        7.7701352296439694E-002  0.29885780147314800     
   1782.3403946248577       0.11579758857183267        7.2489931085294071E-002  0.27670329703462054     
   1845.2954731357936       0.10463261307953216        6.7628095015122444E-002  0.25626069411783320     
   1910.4750110852074        9.4619085688747120E-002   6.3092286069525702E-002  0.23739158228291224     
   1977.9568210713478        8.5635825481061689E-002   5.8860693334459924E-002  0.21996996095863391     
   2047.8213808026539        7.7574243887805649E-002   5.4912958280993414E-002  0.20388038696644981     
   2120.1545400970977        7.0336859793503084E-002   5.1229952167270644E-002  0.18901653210875399     
   2195.0417479108573        6.3836803380247498E-002   4.7794004228143214E-002  0.17528162623693663     
   2272.5750259096239        5.7996087473396130E-002   4.4588465585136461E-002  0.16258626638831367     
   2352.8469348264384        5.2745228948593986E-002   4.1597922068772733E-002  0.15084888957504042     
   2435.9532056335870        4.8022134112755299E-002   3.8807985936536921E-002  0.13999459710582621     
   2521.9959596104222        4.3771192333400294E-002   3.6205138558798679E-002  0.12995424304759459     
   2611.0779162676686        3.9942916328445231E-002   3.3776863870374374E-002  0.12066468203225091     
   2703.3053132971791        3.6493125235835325E-002   3.1511479248763470E-002  0.11206786704971569     
   2798.7914800504532        3.3382280866355023E-002   2.9398007777571268E-002  0.10411015064211170     
   2897.6492167059700        3.0575257458395750E-002   2.7426309191790978E-002   9.6742585247771795E-002
   3000.0000000000000        2.8040589561410544E-002   2.5586829630093857E-002   8.9919805389811508E-002
