         200   4370.0000000000000     
   3.0000000000000000        1.6421818449597837E-003   1.9436365590437199        7.9552921084060800E-004
   3.1059655287322618        1.7591887070505449E-003   1.9436365590437199        8.4817714565194220E-004
   3.2156739552243598        1.8843643960516970E-003   1.9436365590437199        9.0449509347485877E-004
   3.3292574962321346        2.0182339780676082E-003   1.9436365590437199        9.6474155995542618E-004
   3.4468529954360925        2.1613536727296905E-003   1.9436365590437199        1.0291929067655825E-003
   3.5686022069563790        2.3143140333320377E-003   1.9436365590437199        1.0981445699605118E-003
   3.6946518254059528        2.4777434384161824E-003   1.9436365590437199        1.1719122069779704E-003
   3.8251536998800524        2.6523124967263180E-003   1.9436365590437199        1.2508330132786349E-003
   3.9602651907155879        2.8387394348729977E-003   1.9436365590437199        1.3352672140509185E-003
   4.1001490688558144        3.0377957141348366E-003   1.9436365590437199        1.4255993672900756E-003
   4.2449739038313119        3.2503132083684799E-003   1.9436365590437199        1.5222400625614350E-003
   4.3949142193596993        3.4771920413776275E-003   1.9436365590437199        1.6256275951886336E-003
   4.5501507036585132        3.7194095144057891E-003   1.9436365590437199        1.7362298026119655E-003
   4.7108703059600501        3.9780299089819029E-003   1.9436365590437199        1.8545459612581633E-003
   4.8772669425686850        4.2542163831661073E-003   1.9436365590437199        1.9811093012519609E-003
   5.0495410155906377        4.5492420995717868E-003   1.9436365590437199        2.1164888312112935E-003
   5.2279001269311909        4.8645044632944015E-003   1.9436365590437199        2.2612922493496852E-003
   5.4125592113782046        5.2015396837861065E-003   1.9436365590437199        2.4161686668089902E-003
   5.6037407956130689        5.5620388557241279E-003   1.9436365590437199        2.5818116852262597E-003
   5.8016752663703963        5.9478654636057416E-003   1.9436365590437199        2.7589627733877391E-003
   6.0066011480696169        6.3610744267397447E-003   1.9436365590437199        2.9484149744323312E-003
   6.2187653902530293        6.8039328347412912E-003   1.9436365590437199        3.1510169768314686E-003
   6.4384236651766908        7.2789425647080451E-003   1.9436365590437199        3.3676775841208866E-003
   6.6658406759127811        7.7888650207141742E-003   1.9436365590437199        3.5993706201498583E-003
   6.9012904753346884        8.3367482950350968E-003   1.9436365590437199        3.8471403085190464E-003
   7.1450567963692624        8.9259571197222564E-003   1.9436365590437199        4.1121071669886064E-003
   7.3974330131920443        9.5602050822648343E-003   1.9436365590437199        4.3954740256459601E-003
   7.6587243988323896        1.0243596478689759E-002   1.9436365590437199        4.6985352557099309E-003
   7.9292442763577622        1.0980656828689149E-002   1.9436365590437199        5.0226796388521330E-003
   8.2093202460023029        1.1776394919301396E-002   1.9436365590437199        5.3694056133560862E-003
   8.4992881560440416        1.2636337966217333E-002   1.9436365590437199        5.7403227462482255E-003
   8.7994991583321234        1.3566610424323215E-002   1.9436365590437199        6.1371699922112668E-003
   9.1103132457223861        1.4573981667784092E-002   1.9436365590437199        6.5618177810211759E-003
   9.4321068148357909        1.5665965902731293E-002   1.9436365590437199        7.0162893457566067E-003
   9.7652657388916850        1.6850886845927646E-002   1.9436365590437199        7.5027635732881912E-003
   10.110193474162946        1.8138004699085157E-002   1.9436365590437199        8.0235999291756351E-003
   10.467303634806061        1.9537602382324843E-002   1.9436365590437199        8.5813422672920744E-003
   10.837027566606025        2.1061140499795281E-002   1.9436365590437199        9.1787461602354653E-003
   11.219811965471335        2.2721391717355523E-002   1.9436365590437199        9.8187930930645709E-003
   11.616115840724994        2.4532583767279532E-002   1.9436365590437199        1.0504704209871839E-002
   12.026419117330413        2.6510609167583951E-002   1.9436365590437199        1.1239975753159806E-002
   12.451213803399156        2.8673169470376028E-002   1.9436365590437199        1.2028386572642635E-002
   12.891014326336300        3.1040021025569308E-002   1.9436365590437199        1.2874041667326188E-002
   13.346348065368609        3.3633130277102768E-002   1.9436365590437199        1.3781381906436923E-002
   13.817766430769083        3.6476941955002444E-002   1.9436365590437199        1.4755235299503693E-002
   14.305834715756038        3.9598530188773497E-002   1.9436365590437199        1.5800829467725250E-002
   14.811143972217785        4.3027877032198146E-002   1.9436365590437199        1.6923852061575029E-002
   15.334300133051286        4.6798003380124666E-002   1.9436365590437199        1.8130466579842758E-002
   15.875936741648431        5.0945248577445021E-002   1.9436365590437199        1.9427383550267015E-002
   16.436703292225193        5.5509369180804138E-002   1.9436365590437199        2.0821880323852095E-002
   17.017278874447534        6.0533816477850444E-002   1.9436365590437199        2.2321884827053266E-002
   17.618359675531394        6.6065794869057587E-002   1.9436365590437199        2.3935999956367873E-002
   18.240671728221173        7.2156516212946845E-002   1.9436365590437199        2.5673596558480682E-002
   18.884968846184627        7.8861317888948221E-002   1.9436365590437199        2.7544875498114699E-002
   19.552019805756849        8.6239620313559834E-002   1.9436365590437199        2.9560900510193059E-002
   20.242632201214423        9.4355227094561442E-002   1.9435888895811630        3.1733734725480515E-002
   20.957638264717446       0.10327616589648175        1.9434579139376313        3.4076490962155342E-002
   21.697899624358065       0.11307462611024847        1.9433357227658947        3.6603465828661357E-002
   22.464312967141105       0.12382679241077008        1.9432217262428881        3.9330211447923709E-002
   23.257792778673313       0.13561217580706750        1.9431153760633146        4.2273593825515154E-002
   24.079299719823517       0.14851336768290876        1.9430161587378172        4.5452004520497358E-002
   24.929823759061236       0.16261490105439813        1.9429235958693920        4.8885419492737371E-002
   25.810395145829254       0.17800221933417379        1.9428372406523167        5.2595567019599242E-002
   26.722064579292049       0.19475979608709929        1.9427566777316168        5.6605974332435659E-002
   27.665935811728254       0.21296984896675228        1.9426815181262624        6.0942241633337738E-002
   28.643146268414043       0.23270984277177553        1.9426113994385592        6.5632102731154399E-002
   29.654879655490589       0.25405030472818257        1.9425459832019989        7.0705627127027854E-002
   30.702343174827575       0.27701232209476412        1.9374662609850475        7.6177946457164553E-002
   31.786804983723918       0.30166056328800789        1.9303036808449541        8.2091194069577919E-002
   32.909571928103169       0.32804710920205166        1.9236214914211969        8.8491384581767585E-002
   34.072004028335677       0.35618765658068446        1.9173874374420568        9.5419090118659136E-002
   35.275488300232773       0.38607768055479058        1.9115715340911026       0.10291771853895126     
   36.521481794408061       0.41769172102910873        1.9061457005086158       0.11103383973531493     
   37.811486012809581       0.45098161979343793        1.9010837749076757       0.11981707032483790     
   39.147055493126302       0.48587631042308616        1.8963613501594860       0.12932011531153487     
   40.529808025860810       0.52228249884546463        1.8919556308771244       0.13959878099382705     
   41.961393513511240       0.56008514741621318        1.8878454262456992       0.15071161443163297     
   43.443545167355794       0.59915105000139290        1.8840108910111195       0.16272008659387244     
   44.978049075047366       0.63933116013595315        1.8804335361629632       0.17568809498216184     
   46.566763998623138       0.68046507853757865        1.8770960936255434       0.18968176957488334     
   48.211585595230147       0.72238484784661050        1.8739825108266228       0.20476871572080541     
   49.914505239722644       0.76492180609327909        1.8710777544899342       0.22101801702733373     
   51.677575059319224       0.80791145081230864        1.8683678187276871       0.23849935125545771     
   53.502930680545909       0.85120003306597680        1.8658396225407057       0.25728258078622562     
   55.392750120602578       0.89464968263590894        1.8634810057040545       0.27743667405749212     
   57.349321371645829       0.93814595457000693        1.8612805801350201       0.29902976054583719     
   59.375002227322796       0.98160245335290175        1.8592277360233187       0.32212813279638092     
   61.472246417894510        1.0249664452336151        1.8573125641849391       0.34679604108644546     
   63.643556378429672        1.0682221983021496        1.8555258529453946       0.37309477854553408     
   65.891560899834928        1.1113960027841738        1.8538589755472052       0.40108342683472781     
   68.218968971510208        1.1545575929603069        1.8523038947937656       0.43081837810362372     
   70.628585269218178        1.1969571215247836        1.8505972983439776       0.46194262227144484     
   73.123328588587739        1.2369843109546144        1.8482927459033229       0.49365411106247714     
   75.706175661273647        1.2772370483099031        1.8461427718564349       0.52713505848135678     
   78.380253523498894        1.3179402045522639        1.8441369955081761       0.56242821952273570     
   81.148784610322849        1.3593536600370906        1.8422657455900473       0.59957789734955447     
   84.015122474940881        1.4017681586721773        1.8405199894825395       0.63863204060209400     
   86.982687236203873        1.4454987880582766        1.8388913303741017       0.67964306926688478     
   90.055071705548812        1.4908802122327296        1.8373719046285637       0.72267102106840531     
   93.235978303002270        1.5382587349392207        1.8359543860181695       0.76778429008008919     
   96.529260096906100        1.5879853411451621        1.8346319321077516       0.81506159376971399     
   99.938826062156153        1.6404061927051468        1.8333981891684741       0.86459170444383460     
   103.46886588546354        1.6958576060669059        1.8322471791015560       0.91647743444856089     
   107.12359379692580        1.7546533646154188        1.8311733671540904       0.97083222115084844     
   110.90736836557576        1.8170775242567851        1.8301715871314781        1.0277816430637166     
   114.82483910697920        1.8833778692278123        1.8292369849107328        1.0874649388636228     
   118.88068277378797        1.9537526311926974        1.8283650663588387        1.1500297608553394     
   123.07973629915718        2.0283439507485976        1.8275516366063620        1.2156322717087027     
   127.42715949490271        2.1072327387103575        1.8267927541811548        1.2844372611815507     
   131.92808807993632        2.1904251455971835        1.8260847780267795        1.3566096283068447     
   136.58805281121437        2.2778539207512241        1.8254242776462783        1.4323173439797623     
   141.41261684513370        2.3693668795237275        1.8248080769541537        1.5117214005150641     
   146.40753387824964        2.4647265508372862        1.8242332113598989        1.5949734850256050     
   151.57894168226974        2.5396788249299314        1.8175988345987282        1.6652969567446336     
   156.93294936957258        2.5621583602847258        1.7977730373482934        1.6994660751433688     
   162.47613596373097        2.5867528549792160        1.7792767270605345        1.7360425738949432     
   168.21511902855468        2.6127147214558084        1.7620209622834069        1.7749614006604979     
   174.15674278185460        2.6393708808048548        1.7459227241612629        1.8161432738040326     
   180.30830831190286        2.6661240137385351        1.7309040087153045        1.8594989855133759     
   186.67715947709803        2.6924481845221040        1.7168925968738067        1.9049295682840799     
   193.27089166569760        2.7178852788004986        1.7038210786209087        1.9523310951402202     
   200.09760727912413        2.7420399571574179        1.6916261159425465        2.0016001939365147     
   207.16537088595135        2.7645709085318630        1.6802491983951382        2.0526339365508446     
   214.48286737908427        2.7851863062488813        1.6696351991487530        2.1053384159812571     
   222.05883252794877        2.8036354389102009        1.6597330796724410        2.1596283440951649     
   229.90230130529540        2.8197039348068773        1.6504952000824908        2.2154322803104645     
   238.02291179328489        2.8332095550557823        1.6418767982528844        2.2726977620774371     
   246.43025707061713        2.8439974401999972        1.6338365237893988        2.3313891154274153     
   255.13466811288930        2.8519390735466676        1.6263354175591229        2.3914946954629768     
   264.14653641505117        2.8569300921059257        1.6193374097043651        2.4530231140025025     
   273.47660938458705        2.8588905337384256        1.6128088322531957        2.5160055261550558     
   283.13635184814427        2.8577651393076811        1.6067180509973875        2.5804974439732589     
   293.13729579387660        2.8535240141649276        1.6010357777751045        2.6465730132124943     
   303.49136818478553        2.8461637992957738        1.5957346747183052        2.7143252588428637     
   314.21129214162710        2.8357080494091291        1.5907890553433357        2.7838660913000828     
   325.30973137660959        2.8222083844745653        1.5861751909688468        2.8553176631805623     
   336.80032369109853        2.8057434177768976        1.5818707251247668        2.9288156465855115     
   348.69678677735646        2.7864190577558507        1.5778549593346685        3.0044997749815621     
   361.01330816366544        2.7643667547400930        1.5741085734302016        3.0825125396749860     
   373.76502243504467        2.7306147425031515        1.5589816512169725        3.1527623966283831     
   386.96715283564077        2.6609753092522728        1.5035770691069603        3.1858626721265288     
   400.63544401132759        2.5893509093478606        1.4518890583241828        3.2183681981571066     
   414.78669160661980        2.5161324065425568        1.4036671647216816        3.2507065270010815     
   429.43761284149554        2.4417144778149744        1.3586800235581138        3.2833308994718799     
   444.60621081975989        2.3664828708228107        1.3167096497360780        3.3167094028855484     
   460.31059410826708        2.2908152394578591        1.2775542243018332        3.3513093366459374     
   476.56949149896485        2.2150738684275955        1.2410253673919396        3.3875869057923693     
   493.40288198244309        2.1395990607377220        1.2069460785074644        3.4259790144473801     
   510.83065126063684        2.0647123369949951        1.1751528479794848        3.4668925765141894     
   528.87421463804299        1.9907070350727802        1.1454916217767015        3.5107024615102507     
   547.55511287104378        1.9178530829598086        1.1178197707754196        3.5577441683978881     
   566.89562449487210        1.8463935453783942        1.0920041635013946        3.6083125762341983     
   586.91951519858117        1.7765420597548229        1.0679197104841620        3.6626625659361860     
   607.65068989177485        1.7084883847352228        1.0454505991000336        3.7210049727134304     
   629.11387223602765        1.6423966506877523        1.0244887286685214        3.7835083480827882     
   651.33543626567803        1.5784043115559694        1.0049325284907673        3.8503019642746530     
   674.34163286578985        1.5166289940034201       0.98668816950164007        3.9214712616752223     
   698.16073213207346        1.4571639797853444       0.96966724869822341        3.9970649942390510     
   722.82116976782140        1.3978208439987172       0.95149129741100302        4.0719083618418122     
   748.35235540965130        1.3403763532390955       0.93383439548506020        4.1498558597818018     
   774.78566186873422        1.2855963205842054       0.91736153779276253        4.2325067970032357     
   802.15264573967897        1.2334951329819748       0.90199351286654816        4.3197383911913958     
   830.48594444209971        1.1840738161173912       0.88765638391719548        4.4113914909410470     
   859.82037403360118        1.1373196447094411       0.87428068041669338        4.5072731962143608     
   890.19058800385733        1.0932112929723246       0.86180222682258378        4.6071479608692991     
   921.63390537915473        1.0517154302811291       0.85016055881434971        4.7107452708960666     
   954.18786380243341        1.0127914133839326       0.83929969620780143        4.8177498700303047     
   987.89128659474920       0.97639046067641333       0.82916738652982835        4.9278034056664284     
   1022.7855886411724       0.94245531515753178       0.81971453369530256        5.0405067598373323     
   1058.9119914466876       0.91092396451677082       0.81089578368165383        5.1554091405497129     
   1096.3148872627712       0.88172714478306491       0.80266840525433480        5.2720172664098532     
   1135.0389283928459       0.85479171927809605       0.79499283619945305        5.3897847875294245     
   1175.1302964981960       0.83004009148735525       0.78783214874430973        5.5081157921116679     
   1216.6382559936744       0.80739006884016085       0.78115164579297980        5.6263693780803825     
   1259.6123598874483       0.78675721644903351       0.77491920344488185        5.7438526074960388     
   1304.1038583964914       0.76805443287564934       0.76910483692458165        5.8598275223654435     
   1350.1674228314519       0.75119192744477914       0.76368037273140299        5.9735196651264344     
   1397.8574692241625       0.70401984620413038       0.71990692654005206        5.8247565453887846     
   1447.2325992722181       0.65622969724869451       0.67289328759975109        5.6512734029115679     
   1498.3517579647787       0.61215390869387853       0.62903284828784223        5.4828347378626532     
   1551.2759091786245       0.56662565274693766       0.58688306732770512        5.2091367304207647     
   1606.0700862978565       0.52497684449823900       0.54752088410771127        4.9386507746309514     
   1662.7990190437411       0.48695896984582154       0.51079913884360062        4.6751941919333486     
   1721.5324161293761       0.45219380305403095       0.47653989639633165        4.4189633839581868     
   1782.3403946248577       0.42034675662504817       0.44457841759783845        4.1701843646857002     
   1845.2954731357936       0.39112074642520206       0.41476093323364843        3.9290969702303409     
   1910.4750110852074       0.36425116304258792       0.38694296274631401        3.6959395213660327     
   1977.9568210713478       0.33950423527227314       0.36099074050098701        3.4709578413270679     
   2047.8213808026539       0.31667255408335565       0.33677940829402803        3.2543873820358766     
   2120.1545400970977       0.29557140099370460       0.31419165016641476        3.0464367613726369     
   2195.0417479108573       0.27603793324677101       0.29311909188340940        2.8472964206655518     
   2272.5750259096239       0.25792679423107817       0.27345962640840632        2.6571104519319260     
   2352.8469348264384       0.24110965691311947       0.25511871913539413        2.4759860409614238     
   2435.9532056335870       0.22547256023074538       0.23800813050193206        2.3039800672264650     
   2521.9959596104222       0.21091372659719942       0.22204495118697398        2.1410894736926527     
   2611.0779162676686       0.19734316125334000       0.20715242056499919        1.9872615404695737     
   2703.3053132971791       0.18468069685522071       0.19325888948767997        1.8423873788212035     
   2798.7914800504532       0.17285439923071874       0.18029703687955365        1.7062993206224268     
   2897.6492167059700       0.16180053259717814       0.16820467282123164        1.5787864902707185     
   3000.0000000000000       0.15146149455869309       0.15692320378823346        1.4595871037086212     
