         200   4370.0000000000000     
   3.0000000000000000        6.1579426583100874E-003  0.12657625389206342        5.7439838374759326E-003
   3.1059655287322618        6.6287927511628512E-003  0.12657625389206342        6.2438030114248724E-003
   3.2156739552243598        7.1353316352539622E-003  0.12657625389206342        6.7897682813060712E-003
   3.3292574962321346        7.6795340395706436E-003  0.12657625389206342        7.3861519715868445E-003
   3.4468529954360925        8.2633272306893001E-003  0.12657625389206342        8.0375985990265263E-003
   3.5686022069563790        8.8885730158699133E-003  0.12657625389206342        8.7491513634148782E-003
   3.6946518254059528        9.5570503990865495E-003  0.12657625389206342        9.5262771994417978E-003
   3.8251536998800524        1.0270441585518184E-002  0.12657625389206342        1.0374892120292554E-002
   3.9602651907155879        1.1030321737601403E-002  0.12657625389206342        1.1301386181597635E-002
   4.1001490688558144        1.1838149364752202E-002  0.12657625389206342        1.2312642989187526E-002
   4.2449739038313119        1.2695262584013519E-002  0.12657625389206342        1.3416058662649361E-002
   4.3949142193596993        1.3602877173754791E-002  0.12657625389206342        1.4619554061886038E-002
   4.5501507036585132        1.4562087608834097E-002  0.12657625389206342        1.5931580217694360E-002
   4.7108703059600501        1.5573869496026115E-002  0.12657625389206342        1.7361113287467127E-002
   4.8772669425686850        1.6639087272811756E-002  0.12657625389206342        1.8917642879165985E-002
   5.0495410155906377        1.7758494990010684E-002  0.12657625389206342        2.0611134498784187E-002
   5.2279001269311909        1.8932744282933935E-002  0.12657625389206342        2.2451983684376686E-002
   5.4125592113782046        2.0162387485494086E-002  0.12657625389206342        2.4450942130239035E-002
   5.6037407956130689        2.1447879477417206E-002  0.12657625389206342        2.6619017542458403E-002
   5.8016752663703963        2.2789576828578260E-002  0.12657625389206342        2.8967341502862756E-002
   6.0066011480696169        2.4187733716649045E-002  0.12657625389206342        3.1507000545452572E-002
   6.2187653902530293        2.5642494320852114E-002  0.12657625389206342        3.4248825843108642E-002
   6.4384236651766908        2.7153881651179879E-002  0.12657625389206342        3.7203137491931854E-002
   6.6658406759127811        2.8721783041114560E-002  0.12657625389206342        4.0379440495533769E-002
   6.9012904753346884        3.0345932793263367E-002  0.12657625389206342        4.3786071327679768E-002
   7.1450567963692624        3.2025892702002554E-002  0.12657625389206342        4.7429796514739893E-002
   7.3974330131920443        3.3761028754312757E-002  0.12657625389206342        5.1315362179405029E-002
   7.6587243988323896        3.5550503346442296E-002  0.12657625389206342        5.5445045366396030E-002
   7.9292442763577622        3.7393226477324522E-002  0.12657625389206342        5.9818090106031091E-002
   8.2093202460023029        3.9287877872832402E-002  0.12657625389206342        6.4430302967327796E-002
   8.4992881560440416        4.1232848483620639E-002  0.12657625389206342        6.9273478961063312E-002
   8.7994991583321234        4.3226274524958190E-002  0.12657625389206342        7.4335098746390507E-002
   9.1103132457223861        4.5265985066782165E-002  0.12657625389206342        7.9597895916856065E-002
   9.4321068148357909        4.7349548014512140E-002  0.12657625389206342        8.5039790711126051E-002
   9.7652657388916850        4.9474225669128957E-002  0.12657625389206342        9.0633747805595050E-002
   10.110193474162946        5.1637033144740448E-002  0.12657625389206342        9.6348087248897291E-002
   10.467303634806061        5.3834701837102525E-002  0.12657625389206342       0.10214675610209946     
   10.837027566606025        5.6063742156097683E-002  0.12657625389206342       0.10799007966430763     
   11.219811965471335        5.8320446457869796E-002  0.12657625389206342       0.11383556491458093     
   11.616115840724994        6.0600893180379728E-002  0.12657625389206342       0.11963889317326029     
   12.026419117330413        6.2901020563245910E-002  0.12657625389206342       0.12535523045495961     
   12.451213803399156        6.5216600604472846E-002  0.12657625389206342       0.13094036061214726     
   12.891014326336300        6.7543322136500605E-002  0.12657625389206342       0.13635209746450053     
   13.346348065368609        6.9876764470439320E-002  0.12657625389206342       0.14155135963834276     
   13.817766430769083        7.2212480494836875E-002  0.12657625389206342       0.14650336195400013     
   14.305834715756038        7.4545968430688309E-002  0.12657625389206342       0.15117835206137734     
   14.811143972217785        7.6872753087248960E-002  0.12657625389206342       0.15555234001172338     
   15.334300133051286        7.9188355237025027E-002  0.12657625389206342       0.15960733162927859     
   15.875936741648431        8.1488370190441708E-002  0.12657625389206342       0.16333150782449596     
   16.436703292225193        8.3768435224089693E-002  0.12657625389206342       0.16671895656943583     
   17.017278874447534        8.6024305388504557E-002  0.12657625389206342       0.16976937749306134     
   17.618359675531394        8.8251819962176584E-002  0.12657625389206342       0.17248745266222978     
   18.240671728221173        9.0446969289681808E-002  0.12657625389206342       0.17488224944872105     
   18.884968846184627        9.2605899973553396E-002  0.12657625389206342       0.17696646842460934     
   19.552019805756849        9.4724889575130006E-002  0.12657625389206342       0.17875566134941973     
   20.242632201214423        9.6800442153853652E-002  0.12657461040778697       0.18026757783741712     
   20.957638264717446        9.8829255227718002E-002  0.12657009480389309       0.18152144388428446     
   21.697899624358065       0.10080825081645416       0.12656588205932456       0.18253738717648615     
   22.464312967141105       0.10273460447565239       0.12656195183894695       0.18333590249908441     
   23.257792778673313       0.10460571721434592       0.12655828523902005       0.18393740899510552     
   24.079299719823517       0.10641930076090135       0.12655486455614132       0.18436193260299244     
   24.929823759061236       0.10817334745164139       0.12655167329677569       0.18462882118389357     
   25.810395145829254       0.10986616662016790       0.12654869605655017       0.18475655850166078     
   26.722064579292049       0.11149635858523869       0.12654591851540889       0.18476263377978108     
   27.665935811728254       0.11306288730623786       0.12654332726258166       0.18466347127329424     
   28.643146268414043       0.11456505067124674       0.12654090980380311       0.18447439522541706     
   29.654879655490589       0.11600250808053397       0.12653865446987558       0.18420963214144440     
   30.702343174827575       0.11733132111770671       0.12311915047080767       0.18381140135169030     
   31.786804983723918       0.11856990870913894       0.11827871135690547       0.18332037356944167     
   32.909571928103169       0.11973989340042739       0.11376291810634165       0.18278154121355214     
   34.072004028335677       0.12084203213628822       0.10954997275305096       0.18220485520641794     
   35.275488300232773       0.12187740141885595       0.10561961169432295       0.18159942232368673     
   36.521481794408061       0.12284742917543280       0.10195285801275965       0.18097355195109074     
   37.811486012809581       0.12375385779997786        9.8532031691625430E-002  0.18033483366184880     
   39.147055493126302       0.12459873725173573        9.5340638504184311E-002  0.17969019258883062     
   40.529808025860810       0.12538441253823579        9.2363273431530751E-002  0.17904593743819294     
   41.961393513511240       0.12611348491177377        8.9585615817236550E-002  0.17840781970471029     
   43.443545167355794       0.12678881563151204        8.6994254328775097E-002  0.17778104612639900     
   44.978049075047366       0.12741347905232370        8.4576694176896436E-002  0.17717032069904451     
   46.566763998623138       0.12799073897086657        8.2321265674520333E-002  0.17657985544435684     
   48.211585595230147       0.12852399960558475        8.0217120566262720E-002  0.17601339406409997     
   49.914505239722644       0.12901678677063064        7.8254099432335633E-002  0.17547419307073317     
   51.677575059319224       0.12947269111117313        7.6422737157404261E-002  0.17496503146399725     
   53.502930680545909       0.12989532821306513        7.4714193661662792E-002  0.17448819447904718     
   55.392750120602578       0.13028828047637475        7.3120251120357249E-002  0.17404547065341200     
   57.349321371645829       0.13065506221300749        7.1633213518925487E-002  0.17363811825653677     
   59.375002227322796       0.13099905896205141        7.0245910795791455E-002  0.17326685939057881     
   61.472246417894510       0.13132348211420650        6.8951646369424080E-002  0.17293185874907707     
   63.643556378429672       0.13163131347969617        6.7744195032055504E-002  0.17263271777720518     
   65.891560899834928       0.13192527239412194        6.6617726860187743E-002  0.17236845397819800     
   68.218968971510208       0.13220776842817980        6.5566810352864338E-002  0.17213750702270275     
   70.628585269218178       0.13234671933568284        6.4555853809395367E-002  0.17173805394851444     
   73.123328588587739       0.13207445490625175        6.3527689708134355E-002  0.17077156141159094     
   75.706175661273647       0.13176982818696573        6.2568489954351436E-002  0.16980073692732492     
   78.380253523498894       0.13143504706061399        6.1673623254833360E-002  0.16882502897557625     
   81.148784610322849       0.13107239712529198        6.0838774823369052E-002  0.16784417969001514     
   84.015122474940881       0.13068425130730937        6.0059914803681731E-002  0.16685825515666231     
   86.982687236203873       0.13027308758908754        5.9333297001913018E-002  0.16586769482375721     
   90.055071705548812       0.12984147751077818        5.8655413097632010E-002  0.16487328564357320     
   93.235978303002270       0.12939209102765151        5.8022994532376949E-002  0.16387617790551431     
   96.529260096906100       0.12892768060315046        5.7432988589236462E-002  0.16287785006896888     
   99.938826062156153       0.12845107790411364        5.6882560585098031E-002  0.16188010072938272     
   103.46886588546354       0.12796513996172837        5.6369043422231195E-002  0.16088493398864426     
   107.12359379692580       0.12747275799311716        5.5889967799385973E-002  0.15989457782245847     
   110.90736836557576       0.12697680947765086        5.5443028845668804E-002  0.15891138383528966     
   114.82483910697920       0.12648010668467521        5.5026060919324292E-002  0.15793772541440659     
   118.88068277378797       0.12598539780528392        5.4637058986253893E-002  0.15697600116249433     
   123.07973629915718       0.12549531566297159        5.4274151527243963E-002  0.15602853613199816     
   127.42715949490271       0.12501232882078084        5.3935580074969007E-002  0.15509749152391403     
   131.92808807993632       0.12453875359653496        5.3619720191012535E-002  0.15418489351849815     
   136.58805281121437       0.12407668388440701        5.3325041376974421E-002  0.15329250493488253     
   141.41261684513370       0.12362801087018792        5.3050126638805893E-002  0.15242187142678185     
   146.40753387824964       0.12319439054147724        5.2793653339854245E-002  0.15157426789322878     
   151.57894168226974       0.12277721905629882        5.2554378739291502E-002  0.15075065929120074     
   156.93294936957258       0.12237766318099301        5.2331154816956514E-002  0.14995176905737617     
   162.47613596373097       0.12199662013666691        5.2122899941805363E-002  0.14917800748781315     
   168.21511902855468       0.12163475454919911        5.1928612698382913E-002  0.14842955157397669     
   174.15674278185460       0.11995715849567166        5.1588018473370412E-002  0.14631807745889228     
   180.30830831190286       0.11783393827964111        5.1203024799932280E-002  0.14374909108278808     
   186.67715947709803       0.11586066289213708        5.0843852610118534E-002  0.14134122492754508     
   193.27089166569760       0.11402768992325057        5.0508773897980648E-002  0.13908376115785509     
   200.09760727912413       0.11232575646960519        5.0196165040327284E-002  0.13696649861079507     
   207.16537088595135       0.11074610703133679        4.9904526165169029E-002  0.13497990026987716     
   214.48286737908427       0.10928031164178123        4.9632444136952877E-002  0.13311485679806584     
   222.05883252794877       0.10792038083420837        4.9378610620649521E-002  0.13136282041306399     
   229.90230130529540       0.10665868359620249        4.9141804403039835E-002  0.12971569278528597     
   238.02291179328489       0.10548788745555995        4.8920878040097086E-002  0.12816573663298031     
   246.43025707061713       0.10440103937712344        4.8714771545018534E-002  0.12670567353867859     
   255.13466811288930       0.10339143269786633        4.8522486229218106E-002  0.12532850058250858     
   264.14653641505117       0.10245267814386658        4.8343097468545003E-002  0.12402757921435227     
   273.47660938458705       0.10157863977339826        4.8175742209415624E-002  0.12279654575241200     
   283.13635184814427       0.10076338658644543        4.8019609532275409E-002  0.12162924059146546     
   293.13729579387660       0.10000123447673545        4.7873948656736671E-002  0.12051976789797347     
   303.49136818478553        9.9286693487074057E-002   4.7738058796751325E-002  0.11946242497407834     
   314.21129214162710        9.8614428158072545E-002   4.7611281498290109E-002  0.11845164878489675     
   325.30973137660959        9.7979300674223113E-002   4.7493008494139233E-002  0.11748208887716091     
   336.80032369109853        9.7376294289740012E-002   4.7382666692707222E-002  0.11654850356725892     
   348.69678677735646        9.6800557413984120E-002   4.7279725503844516E-002  0.11564584029437340     
   361.01330816366544        9.6247372716088062E-002   4.7183689669310837E-002  0.11476920436699736     
   373.76502243504467        9.5637474647152651E-002   4.7004745098612619E-002  0.11378806108404151     
   386.96715283564077        9.4779995985444926E-002   4.6520618394562667E-002  0.11238672825677830     
   400.63544401132759        9.3952659926127627E-002   4.6068967189081836E-002  0.11103730491043960     
   414.78669160661980        9.3150034970129192E-002   4.5647603007208652E-002  0.10973284587248835     
   429.43761284149554        9.2366938415867919E-002   4.5254504177713047E-002  0.10846692620293986     
   444.60621081975989        9.1598367282745022E-002   4.4887765941047909E-002  0.10723353588206774     
   460.31059410826708        9.0839573856531811E-002   4.4545624797856710E-002  0.10602720624028951     
   476.56949149896485        9.0086049290597464E-002   4.4226434679909915E-002  0.10484298320245476     
   493.40288198244309        8.9333510854285522E-002   4.3928648952165535E-002  0.10367640421755991     
   510.83065126063684        8.8577978995242307E-002   4.3650838862811597E-002  0.10252360991829126     
   528.87421463804299        8.7815720622033550E-002   4.3391658283647272E-002  0.10138124184383335     
   547.55511287104378        8.7043326491574008E-002   4.3149860917617106E-002  0.10024654082628649     
   566.89562449487210        8.6257698826089357E-002   4.2924283458377357E-002   9.9117300547971909E-002
   586.91951519858117        8.5456035497040853E-002   4.2713832870826279E-002   9.7991815084139913E-002
   607.65068989177485        8.4635896795610344E-002   4.2517497181194561E-002   9.6868938819112918E-002
   629.11387223602765        8.3795187185919620E-002   4.2334331802876692E-002   9.5748018323315115E-002
   651.33543626567803        8.2932130623042402E-002   4.2163449208419294E-002   9.4628818158752029E-002
   674.34163286578985        8.2045344471975756E-002   4.2004029516969014E-002   9.3511573780029791E-002
   698.16073213207346        8.1133758069054637E-002   4.1855300260748199E-002   9.2396840806716424E-002
   722.82116976782140        7.9758808431142095E-002   4.1279189436703091E-002   9.0480125071616804E-002
   748.35235540965130        7.8254004630736132E-002   4.0608381228202851E-002   8.8374373623730171E-002
   774.78566186873422        7.6759772132514975E-002   3.9982556369244200E-002   8.6339357768328406E-002
   802.15264573967897        7.5273979047335751E-002   3.9398705515216605E-002   8.4372553026774391E-002
   830.48594444209971        7.3794973102575309E-002   3.8854019713262709E-002   8.2471883249116265E-002
   859.82037403360118        7.2321502068547816E-002   3.8345859689480719E-002   8.0635582675970721E-002
   890.19058800385733        7.0852807829564601E-002   3.7871787333218707E-002   7.8862283056009605E-002
   921.63390537915473        6.9388457055310104E-002   3.7429505527876328E-002   7.7150776552562028E-002
   954.18786380243341        6.7928433193906387E-002   3.7016887514907525E-002   7.5500108687799355E-002
   987.89128659474920        6.6473053508703431E-002   3.6631948156261307E-002   7.3909462742547366E-002
   1022.7855886411724        6.5022886979227396E-002   3.6272822229088945E-002   7.2378064160591990E-002
   1058.9119914466876        6.3578844622835959E-002   3.5937786676267770E-002   7.0905275502754994E-002
   1096.3148872627712        6.2142012039184950E-002   3.5625218083734728E-002   6.9490422319466269E-002
   1135.0389283928459        6.0713740299823508E-002   3.5333613432560987E-002   6.8132894552903056E-002
   1175.1302964981960        5.9295565849720226E-002   3.5061569789595536E-002   6.6832074062633265E-002
   1216.6382559936744        5.7889133397607727E-002   3.4807768967941896E-002   6.5587279406391863E-002
   1259.6123598874483        5.6496271106335004E-002   3.4570990539673732E-002   6.4397850793821224E-002
   1304.1038583964914        5.5118915130527669E-002   3.4350095344955846E-002   6.3263096959525131E-002
   1350.1674228314519        5.3759038687310585E-002   3.4144013036589205E-002   6.2182256943851419E-002
   1397.8574692241625        5.0059122123467852E-002   3.2440408683164931E-002   5.8481275871232398E-002
   1447.2325992722181        4.6406522668893072E-002   3.0694261071486120E-002   5.4804367201251182E-002
   1498.3517579647787        4.3032887286813461E-002   2.9065227389389627E-002   5.1415715401940919E-002
   1551.2759091786245        3.9273281902574300E-002   2.7129003051120801E-002   4.7517325036545349E-002
   1606.0700862978565        3.5817270946524385E-002   2.5309463779803410E-002   4.3909751870484931E-002
   1662.7990190437411        3.2662014510021417E-002   2.3611980252379903E-002   4.0593664328649769E-002
   1721.5324161293761        2.9783633352828756E-002   2.2028327316007072E-002   3.7545023771141335E-002
   1782.3403946248577        2.7159955398572966E-002   2.0550889809093097E-002   3.4741822645596457E-002
   1845.2954731357936        2.4770313013102032E-002   1.9172559662380607E-002   3.2163816933322716E-002
   1910.4750110852074        2.2595395691266253E-002   1.7886658180057781E-002   2.9792317748753919E-002
   1977.9568210713478        2.0617344979395557E-002   1.6687001969694283E-002   2.7610251553554198E-002
   2047.8213808026539        1.8819585400304140E-002   1.5567819389925764E-002   2.5601942341395782E-002
   2120.1545400970977        1.7186698985227535E-002   1.4523687443927971E-002   2.3752941351000978E-002
   2195.0417479108573        1.5704499356881348E-002   1.3549596471159553E-002   2.2050087081066323E-002
   2272.5750259096239        1.4359807563380914E-002   1.2640826515871447E-002   2.0481233842068135E-002
   2352.8469348264384        1.3140513331661257E-002   1.1793007662218889E-002   1.9035308852793937E-002
   2435.9532056335870        1.2035451493186744E-002   1.1002060986320885E-002   1.7702162688734188E-002
   2521.9959596104222        1.1034307617145666E-002   1.0264153957731715E-002   1.6472452071815431E-002
   2611.0779162676686        1.0127637205839542E-002   9.5757382729478591E-003   1.5337663967189226E-002
   2703.3053132971791        9.3067646219826133E-003   8.9335019094015453E-003   1.4289997867201509E-002
   2798.7914800504532        8.5637048684191683E-003   8.3343329121510594E-003   1.3322273481823174E-002
   2897.6492167059700        7.8911780567356531E-003   7.7753565168578124E-003   1.2427960035151420E-002
   3000.0000000000000        7.2824897832799605E-003   7.2538642045801675E-003   1.1601033200461004E-002
