         200   4370.0000000000000     
   3.0000000000000000        2.0466433299755598E-003   7.5322331656721735        9.8686403193114268E-004
   3.1059655287322618        2.1938556521254346E-003   7.5322331656721735        1.0522471638078734E-003
   3.2156739552243598        2.3516272663235346E-003   7.5322331656721735        1.1222022320721630E-003
   3.3292574962321346        2.5206914330003112E-003   7.5322331656721735        1.1970540547826603E-003
   3.4468529954360925        2.7018330470918329E-003   7.5322331656721735        1.2771504629543304E-003
   3.5686022069563790        2.8958939448989812E-003   7.5322331656721735        1.3628639800807923E-003
   3.6946518254059528        3.1037786429022056E-003   7.5322331656721735        1.4545934390590939E-003
   3.8251536998800524        3.3264612739173668E-003   7.5322331656721735        1.5527658382323442E-003
   3.9602651907155879        3.5649938234840585E-003   7.5322331656721735        1.6578384457110054E-003
   4.1001490688558144        3.8205147191562624E-003   7.5322331656721735        1.7703007014513892E-003
   4.2449739038313119        4.0942594949825526E-003   7.5322331656721735        1.8906766457574651E-003
   4.3949142193596993        4.3875724123687019E-003   7.5322331656721735        2.0195273531005194E-003
   4.5501507036585132        4.7019196246162430E-003   7.5322331656721735        2.1574536049629627E-003
   4.7108703059600501        5.0389036518891988E-003   7.5322331656721735        2.3050986761270855E-003
   4.8772669425686850        5.4002808094458536E-003   7.5322331656721735        2.4631519311100066E-003
   5.0495410155906377        5.7879779208380149E-003   7.5322331656721735        2.6323515996856599E-003
   5.2279001269311909        6.2041134399812448E-003   7.5322331656721735        2.8134889489952407E-003
   5.4125592113782046        6.6510194358048403E-003   7.5322331656721735        3.0074122637937825E-003
   5.6037407956130689        7.1312660851934415E-003   7.5322331656721735        3.2150313125420440E-003
   5.8016752663703963        7.6476886518392568E-003   7.5322331656721735        3.4373222325362407E-003
   6.0066011480696169        8.2034172157840531E-003   7.5322331656721735        3.6753328759443309E-003
   6.2187653902530293        8.8019094747318043E-003   7.5322331656721735        3.9301886616371203E-003
   6.4384236651766908        9.4469870060798888E-003   7.5322331656721735        4.2030989808853692E-003
   6.6658406759127811        1.0142875459533999E-002   7.5322331656721735        4.4953642084094372E-003
   6.9012904753346884        1.0894249245976069E-002   7.5322331656721735        4.8083833739960436E-003
   7.1450567963692624        1.1706281401145142E-002   7.5322331656721735        5.1436625540341105E-003
   7.3974330131920443        1.2584698080430343E-002   7.5322331656721735        5.5028234959034793E-003
   7.6587243988323896        1.3535848132644810E-002   7.5322331656721735        5.8876164019819165E-003
   7.9292442763577622        1.4566758856056690E-002   7.5322331656721735        6.2999247434362728E-003
   8.2093202460023029        1.5685237832748861E-002   7.5322331656721735        6.7417859023347236E-003
   8.4992881560440416        1.6899939693898580E-002   7.5322331656721735        7.2153944311705506E-003
   8.7994991583321234        1.8220496891212114E-002   7.5322331656721735        7.7231268341867165E-003
   9.1103132457223861        1.9657609663715776E-002   7.5322331656721735        8.2675458774704863E-003
   9.4321068148357909        2.1223213420526181E-002   7.5322331656721735        8.8514296780399133E-003
   9.7652657388916850        2.2930599683250449E-002   7.5322331656721735        9.4777773239443086E-003
   10.110193474162946        2.4794630191385496E-002   7.5322331656721735        1.0149843054551268E-002
   10.467303634806061        2.6831896651128756E-002   7.5322331656721735        1.0871143523552774E-002
   10.837027566606025        2.9060984083295782E-002   7.5322331656721735        1.1645495641512609E-002
   11.219811965471335        3.1502708958386735E-002   7.5322331656721735        1.2477037801980527E-002
   11.616115840724994        3.4180373402252530E-002   7.5322331656721735        1.3370250761999991E-002
   12.026419117330413        3.7120121283526042E-002   7.5322331656721735        1.4330007093176342E-002
   12.451213803399156        4.0351200427576880E-002   7.5322331656721735        1.5361584663915849E-002
   12.891014326336300        4.3906377248639619E-002   7.5322331656721735        1.6470727530686787E-002
   13.346348065368609        4.7822217118321721E-002   7.5322331656721735        1.7663663073176183E-002
   13.817766430769083        5.2139533293194491E-002   7.5322331656721735        1.8947174067520708E-002
   14.305834715756038        5.6903657337100566E-002   7.5322331656721735        2.0328620336076450E-002
   14.811143972217785        6.2164899250578713E-002   7.5322331656721735        2.1816024115601726E-002
   15.334300133051286        6.7978778290754424E-002   7.5322331656721735        2.3418097199770133E-002
   15.875936741648431        7.4406476082200343E-002   7.5322331656721735        2.5144342035658393E-002
   16.436703292225193        8.1515005271785568E-002   7.5322331656721735        2.7005085425216877E-002
   17.017278874447534        8.9377647968057458E-002   7.5322331656721735        2.9011598111665333E-002
   17.618359675531394        9.8074046019846206E-002   7.5322331656721735        3.1176136155059507E-002
   18.240671728221173       0.10769058837395733        7.5322331656721735        3.3512074909117437E-002
   18.884968846184627       0.11832057589760271        7.5322331656721735        3.6034002927435090E-002
   19.552019805756849       0.13006411637861404        7.5322331656721735        3.8757777347009505E-002
   20.242632201214423       0.14302854546544014        7.5321811895916930        4.1700733482759204E-002
   20.957638264717446       0.15732809562450797        7.5320383811725495        4.4881756247315024E-002
   21.697899624358065       0.17308368578159425        7.5319051508436221        4.8321435162580369E-002
   22.464312967141105       0.19042250553001597        7.5317808554952705        5.2042238807475966E-002
   23.257792778673313       0.20947673943617826        7.5316648972864702        5.6068587855902498E-002
   24.079299719823517       0.23038291358553356        7.5315567163375254        6.0427161640352757E-002
   24.929823759061236       0.25327973199826304        7.5314557910314548        6.5146997389686212E-002
   25.810395145829254       0.27830600732954297        7.5313616341966192        7.0259739351904146E-002
   26.722064579292049       0.30559712901516184        7.5312737929534972        7.5799721033432785E-002
   27.665935811728254       0.33528241290173788        7.5311918431792115        8.1804360017475750E-002
   28.643146268414043       0.36748039830127283        7.5311153897358594        8.8314256630015450E-002
   29.654879655490589       0.40229457693231807        7.5310440635787383        9.5373483649729349E-002
   30.702343174827575       0.43977729827686618        7.5281155285617620       0.10301621999927277     
   31.786804983723918       0.47999872495965645        7.5240013381408719       0.11129941424930971     
   32.909571928103169       0.52300013767112086        7.5201630844418004       0.12028490113763252     
   34.072004028335677       0.56877293217303559        7.5165822400166613       0.13003223846920664     
   35.275488300232773       0.61726777934193278        7.5132415815685683       0.14060499688070305     
   36.521481794408061       0.66839274087357337        7.5101249794344236       0.15207109531799798     
   37.811486012809581       0.72200978304179886        7.5072174062678814       0.16450245994597240     
   39.147055493126302       0.77793395394592479        7.5045048425991627       0.17797483298579875     
   40.529808025860810       0.83593416454496328        7.5019741947440570       0.19256745394008451     
   41.961393513511240       0.89573387552572115        7.4996132906854962       0.20836210456349555     
   43.443545167355794       0.95701694034212592        7.4974107312973990       0.22544280135056563     
   44.978049075047366        1.0194317002087763        7.4953558964808193       0.24389438073612127     
   46.566763998623138        1.0825987497807901        7.4934388674425136       0.26380136137203880     
   48.211585595230147        1.1461179134883086        7.4916504235751669       0.28524584780479695     
   49.914505239722644        1.2095801795228649        7.4899819297556762       0.30830636496825459     
   51.677575059319224        1.2725768128565629        7.4884253409934898       0.33305530395964733     
   53.502930680545909        1.3347113173613669        7.4869731435547155       0.35955695911578767     
   55.392750120602578        1.3956094706277742        7.4856183525986442       0.38786460679892965     
   57.349321371645829        1.4549329800623330        7.4843544268036295       0.41801926325387245     
   59.375002227322796        1.5123890446114576        7.4831752718881175       0.45004715249798810     
   61.472246417894510        1.5677413741643338        7.4820751960107783       0.48395861778798999     
   63.643556378429672        1.6208182043388153        7.4810489079800782       0.51974653100836632     
   65.891560899834928        1.6715223083636244        7.4800914525812816       0.55738758940367950     
   68.218968971510208        1.7198362045869140        7.4791982132437296       0.59684263194011666     
   70.628585269218178        1.7650992194402753        7.4780797927747038       0.63767302359208056     
   73.123328588587739        1.8059770380099391        7.4762424409780044       0.67899273180967967     
   75.706175661273647        1.8447308184575633        7.4745283299826166       0.72177700139275514     
   78.380253523498894        1.8816756959269072        7.4729291835660643       0.76594191969156045     
   81.148784610322849        1.9172085776992809        7.4714372911106981       0.81140932153853917     
   84.015122474940881        1.9518030446345542        7.4700454511750376       0.85811368161365975     
   86.982687236203873        1.9860008671707192        7.4687469692284560       0.90600701730230282     
   90.055071705548812        2.0204034551140322        7.4675355758254369       0.95506576933436660     
   93.235978303002270        2.0556591935335389        7.4664054299802993        1.0052937362877072     
   96.529260096906100        2.0924500516490947        7.4653510764210331        1.0567252249751140     
   99.938826062156153        2.1314747988851481        7.4643674495066801        1.1094244389180086     
   103.46886588546354        2.1734342143402166        7.4634497830751467        1.1634881297899735     
   107.12359379692580        2.2190094973279071        7.4625936644309370        1.2190391388255148     
   110.90736836557576        2.2688439128936628        7.4617949747192052        1.2762242234132843     
   114.82483910697920        2.3235247681833866        7.4610498438906916        1.3352107798190200     
   118.88068277378797        2.3835600330274356        7.4603546889054400        1.3961760896971911     
   123.07973629915718        2.4493607923936507        7.4597061653176011        1.4593013701520265     
   127.42715949490271        2.5212263514915647        7.4591011307074613        1.5247651173998258     
   131.92808807993632        2.5993233132132856        7.4585366821679866        1.5927276828995682     
   136.58805281121437        2.6836800625367223        7.4580100846649673        1.6633262748462512     
   141.41261684513370        2.7741716835597097        7.4575188059989674        1.7366570582287879     
   146.40753387824964        2.8705177130903867        7.4570604825892364        1.8127640166339842     
   151.57894168226974        2.9722856375286244        7.4566328936306920        1.8916274184994541     
   156.93294936957258        3.0788871086195675        7.4562339875861783        1.9731422912607017     
   162.47613596373097        3.1895965505419497        7.4558618315572200        2.0571104535840621     
   168.21511902855468        3.3035558276417278        7.4555146359924871        2.1432187241707408     
   174.15674278185460        3.3095216580096181        7.4222112984000148        2.1712653459811895     
   180.30830831190286        3.2682240710502173        7.3772243791265000        2.1732607325055313     
   186.67715947709803        3.2268274326199666        7.3352547276146973        2.1743312654762934     
   193.27089166569760        3.1845578796457126        7.2961004245358767        2.1736069826122928     
   200.09760727912413        3.1408180302988433        7.2595717477972315        2.1701741529061516     
   207.16537088595135        3.0951758215063787        7.2254934357652703        2.1631027702371539     
   214.48286737908427        3.0473429756415769        7.1937003620510120        2.1514833842494490     
   222.05883252794877        2.9971599432114631        7.1640396463179945        2.1344742274058741     
   229.90230130529540        2.9445752613304070        7.1363685885056931        2.1113551179143357     
   238.02291179328489        2.8896249928637974        7.1105531085619829        2.0815831251885442     
   246.43025707061713        2.8324198893759234        7.0864693459041455        2.0448480388856689     
   255.13466811288930        2.7731247072128520        7.0640006027111859        2.0011118512026536     
   264.14653641505117        2.7119494939401005        7.0430388356699112        1.9506353435928083     
   273.47660938458705        2.6491364155216037        7.0234831960532027        1.8939765104426280     
   283.13635184814427        2.5849482517454061        7.0052389270507378        1.8319608533220855     
   293.13729579387660        2.5196655407439930        6.9882182991773973        1.7656334193157432     
   303.49136818478553        2.4535785900957108        6.9723394248399186        1.6961866136447008     
   314.21129214162710        2.3869804063062521        6.9575253629862415        1.6248779596956844     
   325.30973137660959        2.3201683180502806        6.9437050369469588        1.5529574132906998     
   336.80032369109853        2.2534342469555422        6.9308114803615117        1.4815921879760878     
   348.69678677735646        2.1870670114026094        6.9187826932078531        1.4118204614829211     
   361.01330816366544        2.1213467123254306        6.9075608040350982        1.3445155059922334     
   373.76502243504467        2.0547011058477258        6.8347572676189952        1.2762132240626087     
   386.96715283564077        1.9823685477546260        6.5455532378045209        1.1959667096450692     
   400.63544401132759        1.9112508793924814        6.2757491811330377        1.1193976719382615     
   414.78669160661980        1.8415236088505582        6.0240377626183275        1.0469752585762009     
   429.43761284149554        1.7733383027755090        5.7892112912535438       0.97899708508832450     
   444.60621081975989        1.7068140948309858        5.5701319158681386       0.91560482183908987     
   460.31059410826708        1.6420423534402744        5.3657461702596576       0.85681603802644857     
   476.56949149896485        1.5790841075241224        5.1750707383634431       0.80254822768711886     
   493.40288198244309        1.5179688991900906        4.9971817027773575       0.75264229847253106     
   510.83065126063684        1.4587020067179779        4.8312255663110033       0.70688931118078535     
   528.87421463804299        1.4012616624183414        4.6763981888560169       0.66504465728108642     
   547.55511287104378        1.3456078589231109        4.5319550666950299       0.62684734493002869     
   566.89562449487210        1.2916845807835287        4.3972012724884442       0.59203017787572731     
   586.91951519858117        1.2394227736679182        4.2714838570113320       0.56032773066439656     
   607.65068989177485        1.1887490669330933        4.1541982948580731       0.53148531632434715     
   629.11387223602765        1.1395884901741362        4.0447803158684641       0.50526202782901231     
   651.33543626567803        1.0918671278574690        3.9426997354566540       0.48143275954391812     
   674.34163286578985        1.0455198822531495        3.8474667792625139       0.45979185908872844     
   698.16073213207346        1.0004889264066978        3.7586199961981679       0.44015145700618241     
   722.82116976782140       0.95620189622205620        3.6752044669538653       0.42163142532009656     
   748.35235540965130       0.91302957615444524        3.5972236150638643       0.40462595923389616     
   774.78566186873422       0.87112166050288342        3.5244720371655340       0.38922845639092374     
   802.15264573967897       0.83047028354088592        3.4565998996501426       0.37531654520794611     
   830.48594444209971       0.79108002147209366        3.3932806642703168       0.36278313981309240     
   859.82037403360118       0.75296515740234005        3.3342075178048720       0.35153474003838753     
   890.19058800385733       0.71615117967424791        3.2790970320797914       0.34149112715500646     
   921.63390537915473       0.68066926176328924        3.2276821693530096       0.33258305225226137     
   954.18786380243341       0.64655744141653460        3.1797156958532216       0.32475196250378829     
   987.89128659474920       0.61385745841408079        3.1349668410645384       0.31794855743887662     
   1022.7855886411724       0.58261215463625082        3.0932187745057020       0.31213170242163502     
   1058.9119914466876       0.55286701900188728        3.0542711923333754       0.30726819383018666     
   1096.3148872627712       0.52466657324192045        3.0179353741204866       0.30333156624763363     
   1135.0389283928459       0.49805677969975576        2.9840365952661494       0.30030201306490101     
   1175.1302964981960       0.47308438630770855        2.9524117660513638       0.29816577344686629     
   1216.6382559936744       0.44979723308634462        2.9229076484330245       0.29691482498444433     
   1259.6123598874483       0.42824776729496600        2.8953823687605924       0.29654685794771107     
   1304.1038583964914       0.40849440712158802        2.8697035007261418       0.29706506723269271     
   1350.1674228314519       0.39060384037387841        2.8457466174288810       0.29847821727094381     
   1397.8574692241625       0.36567159328870236        2.6792876646332466       0.29290767638905635     
   1447.2325992722181       0.34241947270874157        2.5003804960478608       0.28717176474977019     
   1498.3517579647787       0.32175885013358463        2.3334726117173421       0.28221906705911676     
   1551.2759091786245       0.29962464318907006        2.1769929129297285       0.27436431051522947     
   1606.0700862978565       0.28044790975955841        2.0309822360540921       0.26707928860775237     
   1662.7990190437411       0.26410102045864853        1.8947660396073440       0.26043250322476480     
   1721.5324161293761       0.25034600724630435        1.7676842882975923       0.25437785432541588     
   1782.3403946248577       0.23897260344217749        1.6491258961669493       0.24887394662982498     
   1845.2954731357936       0.22979234272980434        1.5385204693690582       0.24388336239708824     
   1910.4750110852074       0.22263345266382928        1.4353320695422136       0.23937210613879426     
   1977.9568210713478       0.21733695139508999        1.3390645044204093       0.23530959812610625     
   2047.8213808026539       0.21375210318544935        1.2492546230974817       0.23166815110392155     
   2120.1545400970977       0.21173279271290044        1.1654672519833482       0.22842257666074248     
   2195.0417479108573       0.21113477993754795        1.0873003860550412       0.22555021665923958     
   2272.5750259096239       0.21181317061180646        1.0143752679289622       0.22303039952208853     
   2352.8469348264384       0.21362089032880913       0.94634122950993460       0.22084447669368840     
   2435.9532056335870       0.21640771361972400       0.88287095363247181       0.21897550765098023     
   2521.9959596104222       0.22002024951259799       0.82365689520899499       0.21740803210210163     
   2611.0779162676686       0.22430223740286623       0.76841431721598497       0.21612803724267207     
   2703.3053132971791       0.22909570388176265       0.71687744322060076       0.21512272227839088     
   2798.7914800504532       0.23424275913745438       0.66879655140885330       0.21438033477257645     
   2897.6492167059700       0.23958715697163449       0.62394095355457890       0.21389011221548659     
   3000.0000000000000       0.24497698934615250       0.58209330195321085       0.21364208493546422     
