         200   4370.0000000000000     
   3.0000000000000000        1.4029233116798368E-003   3.0377459048274796E-003   2.3535954777306137E-003
   3.1059655287322618        1.4426783547236127E-003   3.0377459048274796E-003   2.3763919190135339E-003
   3.2156739552243598        1.4822634312346757E-003   3.0377459048274796E-003   2.3992305083746844E-003
   3.3292574962321346        1.5216177592364572E-003   3.0377459048274796E-003   2.4220520696518590E-003
   3.4468529954360925        1.5606812500393915E-003   3.0377459048274796E-003   2.4447976585301153E-003
   3.5686022069563790        1.5993945739539762E-003   3.0377459048274796E-003   2.4674086904889953E-003
   3.6946518254059528        1.6376991689868419E-003   3.0377459048274796E-003   2.4898270698889397E-003
   3.8251536998800524        1.6755373496904725E-003   3.0377459048274796E-003   2.5119954131465013E-003
   3.9602651907155879        1.7128524925383772E-003   3.0377459048274796E-003   2.5338573518270684E-003
   4.1001490688558144        1.7495891333747307E-003   3.0377459048274796E-003   2.5553578158132350E-003
   4.2449739038313119        1.7856932491675888E-003   3.0377459048274796E-003   2.5764434504008116E-003
   4.3949142193596993        1.8211125091816016E-003   3.0377459048274796E-003   2.5970630335007522E-003
   4.5501507036585132        1.8557965735620868E-003   3.0377459048274796E-003   2.6171679289268570E-003
   4.7108703059600501        1.8896973917580369E-003   3.0377459048274796E-003   2.6367125372254076E-003
   4.8772669425686850        1.9227696402302273E-003   3.0377459048274796E-003   2.6556548126386078E-003
   5.0495410155906377        1.9549709127678963E-003   3.0377459048274796E-003   2.6739566119388957E-003
   5.2279001269311909        1.9862621547641940E-003   3.0377459048274796E-003   2.6915841477622533E-003
   5.4125592113782046        2.0166079517059498E-003   3.0377459048274796E-003   2.7085083122698906E-003
   5.6037407956130689        2.0459768134823918E-003   3.0377459048274796E-003   2.7247049457536279E-003
   5.8016752663703963        2.0743414199067647E-003   3.0377459048274796E-003   2.7401550254062181E-003
   6.0066011480696169        2.1016788198377468E-003   3.0377459048274796E-003   2.7548447677271776E-003
   6.2187653902530293        2.1279705780895327E-003   3.0377459048274796E-003   2.7687656417645884E-003
   6.4384236651766908        2.1532028662493608E-003   3.0377459048274796E-003   2.7819142940677401E-003
   6.6658406759127811        2.1773664954762347E-003   3.0377459048274796E-003   2.7942923896316228E-003
   6.9012904753346884        2.2004568912424795E-003   3.0377459048274796E-003   2.8059063760748687E-003
   7.1450567963692624        2.2224740117225568E-003   3.0377459048274796E-003   2.8167671806804289E-003
   7.3974330131920443        2.2434221828008974E-003   3.0377459048274796E-003   2.8268898371945394E-003
   7.6587243988323896        2.2633100661242369E-003   3.0377459048274796E-003   2.8362931561024957E-003
   7.9292442763577622        2.2821501029043809E-003   3.0377459048274796E-003   2.8449991349366040E-003
   8.2093202460023029        2.2999586893772588E-003   3.0377459048274796E-003   2.8530327145369133E-003
   8.4992881560440416        2.3167554365891834E-003   3.0377459048274796E-003   2.8604211157954727E-003
   8.7994991583321234        2.3325632770627978E-003   3.0377459048274796E-003   2.8671935791413287E-003
   9.1103132457223861        2.3474077338776003E-003   3.0377459048274796E-003   2.8733807517580538E-003
   9.4321068148357909        2.3613169545643044E-003   3.0377459048274796E-003   2.8790144337987140E-003
   9.7652657388916850        2.3743210141676688E-003   3.0377459048274796E-003   2.8841270447661329E-003
   10.110193474162946        2.3864519041983034E-003   3.0377459048274796E-003   2.8887514042585495E-003
   10.467303634806061        2.3977428905934549E-003   3.0377459048274796E-003   2.8929202929839043E-003
   10.837027566606025        2.4082284519719110E-003   3.0377459048274796E-003   2.8966662728926820E-003
   11.219811965471335        2.4179438580840163E-003   3.0377459048274796E-003   2.9000213990369667E-003
   11.616115840724994        2.4269248118462977E-003   3.0377459048274796E-003   2.9030169915510713E-003
   12.026419117330413        2.4352073867212986E-003   3.0377459048274796E-003   2.9056835349531764E-003
   12.451213803399156        2.4428275798350193E-003   3.0377459048274796E-003   2.9080504730363012E-003
   12.891014326336300        2.4498213026619294E-003   3.0377459048274796E-003   2.9101461705268402E-003
   13.346348065368609        2.4562240213225075E-003   3.0377459048274796E-003   2.9119977834344201E-003
   13.817766430769083        2.4620707725730067E-003   3.0377459048274796E-003   2.9136312620918659E-003
   14.305834715756038        2.4673958885444778E-003   3.0377459048274796E-003   2.9150712830214882E-003
   14.811143972217785        2.4722330394087505E-003   3.0377459048274796E-003   2.9163412845922511E-003
   15.334300133051286        2.4766150347156537E-003   3.0377459048274796E-003   2.9174634468537297E-003
   15.875936741648431        2.4805738891212192E-003   3.0377459048274796E-003   2.9184587515511578E-003
   16.436703292225193        2.4841406883084941E-003   3.0377459048274796E-003   2.9193469977596355E-003
   17.017278874447534        2.4873456706702456E-003   3.0377459048274796E-003   2.9201468792090226E-003
   17.618359675531394        2.4902181439370279E-003   3.0377459048274796E-003   2.9208760254670154E-003
   18.240671728221173        2.4927865680393524E-003   3.0377459048274796E-003   2.9215510892700298E-003
   18.884968846184627        2.4950785527583542E-003   3.0377459048274796E-003   2.9221878168828688E-003
   19.552019805756849        2.4971208480935305E-003   3.0377459048274796E-003   2.9228011174911362E-003
   20.242632201214423        2.4989394678888673E-003   3.0377325116223751E-003   2.9234051430540560E-003
   20.957638264717446        2.5005596865779224E-003   3.0376957127250643E-003   2.9240133848220302E-003
   21.697899624358065        2.5020061182837441E-003   3.0376613819116413E-003   2.9246388666911271E-003
   22.464312967141105        2.5033028034715764E-003   3.0376293534655060E-003   2.9252941152345768E-003
   23.257792778673313        2.5044732758103950E-003   3.0375994733348823E-003   2.9259912997079648E-003
   24.079299719823517        2.5055407245647495E-003   3.0375715972498795E-003   2.9267423668265049E-003
   24.929823759061236        2.5065281008227244E-003   3.0375455908001441E-003   2.9275591425524635E-003
   25.810395145829254        2.5074582900085703E-003   3.0375213284512086E-003   2.9284534636041500E-003
   26.722064579292049        2.5083542685831839E-003   3.0374986935050008E-003   2.9294372821081615E-003
   27.665935811728254        2.5092393305558495E-003   3.0374775766734679E-003   2.9305228262024238E-003
   28.643146268414043        2.5101372674820300E-003   3.0374578761374078E-003   2.9317227085854198E-003
   29.654879655490589        2.5110725818610112E-003   3.0374394968013209E-003   2.9330500665807357E-003
   30.702343174827575        2.5114390631833152E-003   2.9634060940508461E-003   2.9335845093794409E-003
   31.786804983723918        2.5115224360349152E-003   2.8585952539833983E-003   2.9337265332694679E-003
   32.909571928103169        2.5116505143836336E-003   2.7608140252508313E-003   2.9339366586824916E-003
   34.072004028335677        2.5118470497175940E-003   2.6695904128375444E-003   2.9342244303028208E-003
   35.275488300232773        2.5121367291650143E-003   2.5844856455550630E-003   2.9345999781834804E-003
   36.521481794408061        2.5125451191516201E-003   2.5050888130277631E-003   2.9350740442837197E-003
   37.811486012809581        2.5130985266432928E-003   2.4310170868876361E-003   2.9356579654686698E-003
   39.147055493126302        2.5138237928755830E-003   2.3619133148764251E-003   2.9363636359463837E-003
   40.529808025860810        2.5147480226959361E-003   2.2974439295357285E-003   2.9372034448451167E-003
   41.961393513511240        2.5158982219717942E-003   2.2372988432897761E-003   2.9381901590253331E-003
   43.443545167355794        2.5173009383270923E-003   2.1811876583057465E-003   2.9393368282163712E-003
   44.978049075047366        2.5189818094419098E-003   2.1288398228161364E-003   2.9406566137996156E-003
   46.566763998623138        2.5209651253667482E-003   2.0800026511291403E-003   2.9421626235992095E-003
   48.211585595230147        2.5232733164079093E-003   2.0344412441512289E-003   2.9438676687118769E-003
   49.914505239722644        2.5259265681868977E-003   1.9919356182615967E-003   2.9457840831413934E-003
   51.677575059319224        2.5289423441547864E-003   1.9522808237302221E-003   2.9479234270884166E-003
   53.502930680545909        2.5323350212809255E-003   1.9152854448262412E-003   2.9502962185610536E-003
   55.392750120602578        2.5361154574547163E-003   1.8807715396118045E-003   2.9529115540581495E-003
   57.349321371645829        2.5402908165017995E-003   1.8485724649926617E-003   2.9557768413355184E-003
   59.375002227322796        2.5448642535399182E-003   1.8185329664228067E-003   2.9588973649274986E-003
   61.472246417894510        2.5498347894977735E-003   1.7905080416990573E-003   2.9622759170751384E-003
   63.643556378429672        2.5551970772095855E-003   1.7643628953534067E-003   2.9659122970790118E-003
   65.891560899834928        2.5609415249572770E-003   1.7399712910744483E-003   2.9698030088941246E-003
   68.218968971510208        2.5670541858861429E-003   1.7172156196608838E-003   2.9739407728692807E-003
   70.628585269218178        2.5725414108493006E-003   1.6957074043495793E-003   2.9769179074044480E-003
   73.123328588587739        2.5753995059167264E-003   1.6748653235188172E-003   2.9759008579049095E-003
   75.706175661273647        2.5783268116664044E-003   1.6554212301326796E-003   2.9747871100198860E-003
   78.380253523498894        2.5812929136060127E-003   1.6372812424972022E-003   2.9735612826349523E-003
   81.148784610322849        2.5842671204609497E-003   1.6203578948830724E-003   2.9722093360582784E-003
   84.015122474940881        2.5872192423406735E-003   1.6045694974217450E-003   2.9707191455991561E-003
   86.982687236203873        2.5901202575972370E-003   1.5898401104114813E-003   2.9690810851780835E-003
   90.055071705548812        2.5929431252699653E-003   1.5760986161212523E-003   2.9672884507218958E-003
   93.235978303002270        2.5956633706591520E-003   1.5632787570736988E-003   2.9653378724658038E-003
   96.529260096906100        2.5982597026591708E-003   1.5513186511504481E-003   2.9632295501704842E-003
   99.938826062156153        2.6007144345461114E-003   1.5401608360315385E-003   2.9609674369529015E-003
   103.46886588546354        2.6030140389389001E-003   1.5297512465474010E-003   2.9585590677306292E-003
   107.12359379692580        2.6051492328747279E-003   1.5200398270929193E-003   2.9560155578706926E-003
   110.90736836557576        2.6071152272419983E-003   1.5109798552573239E-003   2.9533512182363859E-003
   114.82483910697920        2.6089118146779230E-003   1.5025274309662534E-003   2.9505830196950391E-003
   118.88068277378797        2.6105431301373582E-003   1.4946419098491193E-003   2.9477302503608687E-003
   123.07973629915718        2.6120175086700526E-003   1.4872853540371662E-003   2.9448138210563524E-003
   127.42715949490271        2.6133471954408404E-003   1.4804221173547630E-003   2.9418555117437855E-003
   131.92808807993632        2.6145477933396904E-003   1.4740192705479686E-003   2.9388775596614065E-003
   136.58805281121437        2.6156378708816260E-003   1.4680457886361211E-003   2.9359017447800392E-003
   141.41261684513370        2.6166382724855937E-003   1.4624729475036147E-003   2.9329490483456441E-003
   146.40753387824964        2.6175715324617179E-003   1.4572739357688832E-003   2.9300390271718079E-003
   151.57894168226974        2.6184612434829125E-003   1.4524235616315611E-003   2.9271892793723405E-003
   156.93294936957258        2.6193313148789067E-003   1.4478985533892374E-003   2.9244153500337694E-003
   162.47613596373097        2.6202054080455067E-003   1.4436769851240417E-003   2.9217302305528624E-003
   168.21511902855468        2.6211062473921517E-003   1.4397385569812644E-003   2.9191444626521304E-003
   174.15674278185460        2.5227189558527656E-003   1.3957589099600723E-003   2.8111410741148576E-003
   180.30830831190286        2.3890046298063326E-003   1.3377201589846214E-003   2.6658039688310991E-003
   186.67715947709803        2.2642535961458891E-003   1.2835740606974755E-003   2.5301748573280497E-003
   193.27089166569760        2.1478866740274106E-003   1.2330601139167951E-003   2.4036070486352333E-003
   200.09760727912413        2.0393544716136632E-003   1.1859335534202572E-003   2.2854914959424765E-003
   207.16537088595135        1.9381451007722328E-003   1.1419682697860754E-003   2.1752644878940924E-003
   214.48286737908427        1.8437722718944191E-003   1.1009512293253521E-003   2.0723940147267168E-003
   222.05883252794877        1.7557824453803487E-003   1.0626851972880072E-003   1.9763869127614356E-003
   229.90230130529540        1.6737494979003043E-003   1.0269860727529132E-003   1.8867824612589150E-003
   238.02291179328489        1.5972708136755404E-003   9.9368087568761426E-004   1.8031475620113278E-003
   246.43025707061713        1.5259726468915523E-003   9.6260981045305938E-004   1.7250821080777516E-003
   255.13466811288930        1.4595015947487619E-003   9.3362232226834596E-004   1.6522092256274429E-003
   264.14653641505117        1.3975294540041251E-003   9.0657902174985194E-004   1.5841802125813658E-003
   273.47660938458705        1.3397492523112614E-003   8.8134980142966365E-004   1.5206698768302168E-003
   283.13635184814427        1.2858722693656075E-003   8.5781241317405455E-004   1.4613729928992807E-003
   293.13729579387660        1.2356310103473873E-003   8.3585367497774038E-004   1.4060073550104431E-003
   303.49136818478553        1.1887758544255919E-003   8.1536794160620761E-004   1.3543099247740726E-003
   314.21129214162710        1.1450725162796551E-003   7.9625594948171314E-004   1.3060338971394964E-003
   325.30973137660959        1.1043048166493343E-003   7.7842600081339409E-004   1.2609516632364880E-003
   336.80032369109853        1.0662695375974268E-003   7.6179170062267397E-004   1.2188490619257401E-003
   348.69678677735646        1.0307789529629251E-003   7.4627306112876914E-004   1.1795281353585087E-003
   361.01330816366544        9.9765834302928597E-004   7.3179542092381244E-004   1.1428043611375772E-003
   373.76502243504467        9.6636754165371275E-004   7.1778409937811973E-004   1.1078318853807007E-003
   386.96715283564077        9.3580963945626508E-004   7.0292146012192831E-004   1.0727816747660773E-003
   400.63544401132759        9.0726384365801861E-004   6.8905581528033320E-004   1.0400500728464748E-003
   414.78669160661980        8.8059360117266519E-004   6.7611997890056888E-004   1.0094829553826865E-003
   429.43761284149554        8.5567318515113817E-004   6.6405188588700224E-004   9.8093805816149081E-004
   444.60621081975989        8.3238449619238571E-004   6.5279306032045006E-004   9.5428133563315437E-004
   460.31059410826708        8.1061856126165785E-004   6.4228936295483686E-004   9.2938871036846171E-004
   476.56949149896485        7.9027397930897373E-004   6.3249025966741017E-004   9.0614433023709483E-004
   493.40288198244309        7.7125572757486742E-004   6.2334826892390650E-004   8.8443924835214613E-004
   510.83065126063684        7.5347629433815204E-004   6.1481952819289780E-004   8.6417276311369644E-004
   528.87421463804299        7.3685338478525573E-004   6.0686271147920271E-004   8.4524984828373271E-004
   547.55511287104378        7.2131098154895417E-004   5.9943955759336558E-004   8.2758241114432897E-004
   566.89562449487210        7.0677823219786578E-004   5.9251435315212651E-004   8.1108807068198713E-004
   586.91951519858117        6.9318859758317898E-004   5.8605354209200335E-004   7.9568923573538719E-004
   607.65068989177485        6.8048052144438964E-004   5.8002605692396617E-004   7.8131390452640078E-004
   629.11387223602765        6.6859653028842952E-004   5.7440289893786328E-004   7.6789467682723280E-004
   651.33543626567803        6.5748254808382998E-004   5.6915682113356481E-004   7.5536800974855870E-004
   674.34163286578985        6.4708857566908942E-004   5.6426265325450013E-004   7.4367500737286681E-004
   698.16073213207346        6.3736737221653527E-004   5.5969668062055627E-004   7.3275995245725492E-004
   722.82116976782140        6.2570412593477513E-004   5.5286588000347573E-004   7.1764997447452126E-004
   748.35235540965130        6.1401734189577039E-004   5.4570941537522100E-004   7.0204733559017644E-004
   774.78566186873422        6.0309307321361808E-004   5.3903285207461318E-004   6.8748489803406782E-004
   802.15264573967897        5.9288104272837842E-004   5.3280408514529078E-004   6.7389266669942466E-004
   830.48594444209971        5.8333416210203277E-004   5.2699314749455651E-004   6.6120511453944682E-004
   859.82037403360118        5.7440801583437200E-004   5.2157188223631457E-004   6.4936050175802378E-004
   890.19058800385733        5.6606143989492504E-004   5.1651427857876816E-004   6.3830164930677423E-004
   921.63390537915473        5.5825549404475716E-004   5.1179582991409014E-004   6.2797458095240771E-004
   954.18786380243341        5.5095401001519992E-004   5.0739384708595506E-004   6.1832925632889380E-004
   987.89128659474920        5.4412312023124443E-004   5.0328715180514945E-004   6.0931895163915276E-004
   1022.7855886411724        5.3773090803970705E-004   4.9945584508836961E-004   6.0089980257771469E-004
   1058.9119914466876        5.3174784056398360E-004   4.9588154463618402E-004   5.9303137536442872E-004
   1096.3148872627712        5.2614604994493286E-004   4.9254693118330772E-004   5.8567571588031382E-004
   1135.0389283928459        5.2089974110242792E-004   4.8943596989047293E-004   5.7879787652673047E-004
   1175.1302964981960        5.1598486616536137E-004   4.8653369367567494E-004   5.7236547145851028E-004
   1216.6382559936744        5.1137888089876034E-004   4.8382603956564663E-004   5.6634833525875841E-004
   1259.6123598874483        5.0706101078341979E-004   4.8129998752101995E-004   5.6071884153316854E-004
   1304.1038583964914        5.0301198028856315E-004   4.7894338450466125E-004   5.5545151269377035E-004
   1350.1674228314519        4.9921380529037755E-004   4.7674481160163754E-004   5.5052271014758907E-004
   1397.8574692241625        4.8059277388252985E-004   4.5973636979719886E-004   5.2937405049283397E-004
   1447.2325992722181        4.6175417596244170E-004   4.4243144280557418E-004   5.0801277805237845E-004
   1498.3517579647787        4.4416383401620573E-004   4.2628715537704757E-004   4.8807342665828048E-004
   1551.2759091786245        4.1459033322607699E-004   3.9811071749196452E-004   4.5548728087660249E-004
   1606.0700862978565        3.8657356902325096E-004   3.7140947515571003E-004   4.2463798967923663E-004
   1662.7990190437411        3.6042652160589163E-004   3.4649936755758176E-004   3.9585330763075853E-004
   1721.5324161293761        3.3602460159841847E-004   3.2325969282387987E-004   3.6899627564194684E-004
   1782.3403946248577        3.1325250675927742E-004   3.0157870053607987E-004   3.4394013224168369E-004
   1845.2954731357936        2.9200263988951532E-004   2.8135208171730096E-004   3.2056652432661608E-004
   1910.4750110852074        2.7217390699252217E-004   2.6248182832881939E-004   2.9876415177773250E-004
   1977.9568210713478        2.5367272630655345E-004   2.4487720077389220E-004   2.7842985630089089E-004
   2047.8213808026539        2.3641173047264216E-004   2.2845350179031366E-004   2.5946718395739574E-004
   2120.1545400970977        2.2030878271231814E-004   2.1313115037938524E-004   2.4178530474120927E-004
   2195.0417479108573        2.0528796472325220E-004   1.9883663113956865E-004   2.2530010582847427E-004
   2272.5750259096239        1.9127766187385675E-004   1.8550068000811124E-004   2.0993210354393414E-004
   2352.8469348264384        1.7821148781266359E-004   1.7305916966234527E-004   1.9560747753330089E-004
   2435.9532056335870        1.6602737078108565E-004   1.6145224300727183E-004   1.8225708985698550E-004
   2521.9959596104222        1.5466686678991266E-004   1.5062365870432303E-004   1.6981575610400840E-004
   2611.0779162676686        1.4407574555480891E-004   1.4052134636775881E-004   1.5822291075094592E-004
   2703.3053132971791        1.3420325770465856E-004   1.3109670297009845E-004   1.4742182626628907E-004
   2798.7914800504532        1.2500158694746201E-004   1.2230406142168515E-004   1.3735903408339475E-004
   2897.6492167059700        1.1642643121522282E-004   1.1410123534024244E-004   1.2798497764044068E-004
   3000.0000000000000        1.0843592555018978E-004   1.0644847794933549E-004   1.1925284860301711E-004
