         200   4370.0000000000000     
   3.0000000000000000        2.0615869071362058E-003   1.6989618014058436        9.9406681945398930E-004
   3.1059655287322618        2.2098804704698402E-003   1.6989618014058436        1.0599274422905740E-003
   3.2156739552243598        2.3688123559387777E-003   1.6989618014058436        1.1303934927078582E-003
   3.3292574962321346        2.5391216578262879E-003   1.6989618014058436        1.2057921883019060E-003
   3.4468529954360925        2.7215995716885250E-003   1.6989618014058436        1.2864739335883219E-003
   3.5686022069563790        2.9170947468467020E-003   1.6989618014058436        1.3728140130547619E-003
   3.6946518254059528        3.1265190725519839E-003   1.6989618014058436        1.4652142213819803E-003
   3.8251536998800524        3.3508546685813850E-003   1.6989618014058436        1.5641047347709016E-003
   3.9602651907155879        3.5911621837487117E-003   1.6989618014058436        1.6699462326197397E-003
   4.1001490688558144        3.8485894478461364E-003   1.6989618014058436        1.7832318157436850E-003
   4.2449739038313119        4.1243822120831585E-003   1.6989618014058436        1.9044894551392122E-003
   4.3949142193596993        4.4198958510233430E-003   1.6989618014058436        2.0342844463771392E-003
   4.5501507036585132        4.7366086178956624E-003   1.6989618014058436        2.1732221050364013E-003
   4.7108703059600501        5.0761362186136525E-003   1.6989618014058436        2.3219505766699212E-003
   4.8772669425686850        5.4402493602014193E-003   1.6989618014058436        2.4811644631048484E-003
   5.0495410155906377        5.8308905781929475E-003   1.6989618014058436        2.6516076220336453E-003
   5.2279001269311909        6.2501955062530873E-003   1.6989618014058436        2.8340773736525889E-003
   5.4125592113782046        6.7005150157591212E-003   1.6989618014058436        3.0294285142258952E-003
   5.6037407956130689        7.1844398843580303E-003   1.6989618014058436        3.2385778192437005E-003
   5.8016752663703963        7.7048279719705050E-003   1.6989618014058436        3.4625089688689065E-003
   6.0066011480696169        8.2648341721894714E-003   1.6989618014058436        3.7022779378486905E-003
   6.2187653902530293        8.8679434639415359E-003   1.6989618014058436        3.9590188951179614E-003
   6.4384236651766908        9.5180074569179273E-003   1.6989618014058436        4.2339506615408883E-003
   6.6658406759127811        1.0219284906157682E-002   1.6989618014058436        4.5283837776914602E-003
   6.9012904753346884        1.0976486768161714E-002   1.6989618014058436        4.8437282373466279E-003
   7.1450567963692624        1.1794826485280782E-002   1.6989618014058436        5.1815019465512625E-003
   7.3974330131920443        1.2680074954129738E-002   1.6989618014058436        5.5433394176418530E-003
   7.6587243988323896        1.3638630711882363E-002   1.6989618014058436        5.9310046543870690E-003
   7.9292442763577622        1.4677576224762923E-002   1.6989618014058436        6.3463960080573402E-003
   8.2093202460023029        1.5804780648538363E-002   1.6989618014058436        6.7915669807230494E-003
   8.4992881560440416        1.7028967290815836E-002   1.6989618014058436        7.2687295169770192E-003
   8.7994991583321234        1.8359845634010340E-002   1.6989618014058436        7.7802789796724914E-003
   9.1103132457223861        1.9808202304159341E-002   1.6989618014058436        8.3287985022502363E-003
   9.4321068148357909        2.1386070145824432E-002   1.6989618014058436        8.9170883077850111E-003
   9.7652657388916850        2.3106850597744723E-002   1.6989618014058436        9.5481713842640419E-003
   10.110193474162946        2.4985530087664038E-002   1.6989618014058436        1.0225327937577102E-002
   10.467303634806061        2.7038841796709737E-002   1.6989618014058436        1.0952102726397819E-002
   10.837027566606025        2.9285532018414211E-002   1.6989618014058436        1.1732343210896482E-002
   11.219811965471335        3.1746601324306137E-002   1.6989618014058436        1.2570220962795434E-002
   11.616115840724994        3.4445562180426659E-002   1.6989618014058436        1.3470252730531887E-002
   12.026419117330413        3.7408799555558550E-002   1.6989618014058436        1.4437350297426925E-002
   12.451213803399156        4.0665837264408679E-002   1.6989618014058436        1.5476834101828926E-002
   12.891014326336300        4.4249758360910822E-002   1.6989618014058436        1.6594494634765547E-002
   13.346348065368609        4.8197490674966738E-002   1.6989618014058436        1.7796609753555317E-002
   13.817766430769083        5.2550262827996186E-002   1.6989618014058436        1.9090017363457109E-002
   14.305834715756038        5.7353880930090285E-002   1.6989618014058436        2.0482137298048694E-002
   14.811143972217785        6.2659197253021187E-002   1.6989618014058436        2.1981057420649739E-002
   15.334300133051286        6.8522348479322259E-002   1.6989618014058436        2.3595561064488239E-002
   15.875936741648431        7.5005218928166487E-002   1.6989618014058436        2.5335229015623639E-002
   16.436703292225193        8.2175617769912890E-002   1.6989618014058436        2.7210473598321228E-002
   17.017278874447534        9.0107729157966943E-002   1.6989618014058436        2.9232659336675241E-002
   17.618359675531394        9.8882211940827705E-002   1.6989618014058436        3.1414144825461128E-002
   18.240671728221173       0.10858659969951413        1.6989618014058436        3.3768417959877138E-002
   18.884968846184627       0.11931547682378124        1.6989618014058436        3.6310190826418148E-002
   19.552019805756849       0.13117038252676635        1.6989618014058436        3.9055455818799927E-002
   20.242632201214423       0.14426024589068401        1.6989200688790882        4.2021689841900536E-002
   20.957638264717446       0.15870106201194475        1.6988054054393360        4.5227932529688430E-002
   21.697899624358065       0.17461568994687629        1.6986984324199188        4.8694965976433364E-002
   22.464312967141105       0.19213344350625691        1.6985986334565748        5.2445457087991997E-002
   23.257792778673313       0.21138881382099134        1.6985055285320301        5.6504044861417080E-002
   24.079299719823517       0.23252082154807047        1.6984186681088413        6.0897650526953388E-002
   24.929823759061236       0.25567084485952402        1.6983376333713835        6.5655579072891448E-002
   25.810395145829254       0.28098054484595336        1.6982620331608143        7.0809772359317624E-002
   26.722064579292049       0.30858831503526929        1.6981915038520448        7.6394894700553995E-002
   27.665935811728254       0.33862662606075528        1.6981257049092184        8.2448734545441077E-002
   28.643146268414043       0.37121729850779822        1.6980643190690259        8.9012308976982285E-002
   29.654879655490589       0.40646721670862335        1.6980070500188618        9.6130162710623385E-002
   30.702343174827575       0.44442796675620500        1.6935597618987104       0.10383502541798720     
   31.786804983723918       0.48517500044075262        1.6872889339859292       0.11218525031878113     
   32.909571928103169       0.52875521158099548        1.6814386874075502       0.12124432098288808     
   34.072004028335677       0.57516360370323028        1.6759807827227136       0.13107261247383703     
   35.275488300232773       0.62435447301124258        1.6708889682706782       0.14173466539890509     
   36.521481794408061       0.67623954667965991        1.6661386593018930       0.15329956612263584     
   37.811486012809581       0.73068449133059532        1.6617069512120792       0.16584065788144695     
   39.147055493126302       0.78750811453899860        1.6575724755974626       0.17943541926305515     
   40.529808025860810       0.84648318543512902        1.6537152751318076       0.19416523377939235     
   41.961393513511240       0.90733714591290027        1.6501167972891986       0.21011454060166157     
   43.443545167355794       0.96975805174869889        1.6467596675801870       0.22737066578109338     
   44.978049075047366        1.0333987246688661        1.6436276989045187       0.24602256550948401     
   46.566763998623138        1.0978846280519408        1.6407057730884600       0.26615988055178302     
   48.211585595230147        1.1628209242661607        1.6379798361296636       0.28787105234115318     
   49.914505239722644        1.2278045841670464        1.6354367264178515       0.31124240833520833     
   51.677575059319224        1.2924336126613865        1.6330641818197622       0.33635586265569961     
   53.502930680545909        1.3563191853415020        1.6308507499407205       0.36328722270421104     
   55.392750120602578        1.4190958082099925        1.6287857845224634       0.39210351099666185     
   57.349321371645829        1.4804352116158064        1.6268593153160569       0.42286195734910687     
   59.375002227322796        1.5400560524285103        1.6250620534489042       0.45560761484987800     
   61.472246417894510        1.5977351413075331        1.6233853234456124       0.49037234642029376     
   63.643556378429672        1.6533155832324855        1.6218210604993126       0.52717316170619166     
   65.891560899834928        1.7067170474463560        1.6203617118970925       0.56601335107406892     
   68.218968971510208        1.7579410837562888        1.6190002410856548       0.60688243635686345     
   70.628585269218178        1.8063181898315399        1.6175057355387490       0.64936335562181702     
   73.123328588587739        1.8504750044685148        1.6154866795884189       0.69258812134811754     
   75.706175661273647        1.8927812518550748        1.6136030522880123       0.73759123645482216     
   78.380253523498894        1.9335793309038107        1.6118457589413582       0.78432060521934777     
   81.148784610322849        1.9732956521651901        1.6102063263925055       0.83272825451510912     
   84.015122474940881        2.0124354879582480        1.6086768410162930       0.88277659674677056     
   86.982687236203873        2.0515742065156255        1.6072499462292871       0.93444283913770509     
   90.055071705548812        2.0913486266948551        1.6059187525716838       0.98772589530574251     
   93.235978303002270        2.1324438984336447        1.6046768414159533        1.0426495283931498     
   96.529260096906100        2.1755797277082203        1.6035182179931280        1.0992662311196550     
   99.938826062156153        2.2214928477844449        1.6024373156978411        1.1576575193942258     
   103.46886588546354        2.2709220234056571        1.6014288970203026        1.2179383742198406     
   107.12359379692580        2.3245852124778068        1.6004881128733213        1.2802521135637526     
   110.90736836557576        2.3831606340851472        1.5996104370695958        1.3447704597621033     
   114.82483910697920        2.4472682614645431        1.5987916168328724        1.4116929152037065     
   118.88068277378797        2.5174449873829814        1.5980277147799877        1.4812381587260095     
   123.07973629915718        2.5941265448934359        1.5973150557174542        1.5536413414824777     
   127.42715949490271        2.6776322989254755        1.5966501864572957        1.6291512286039136     
   131.92808807993632        2.7681427605266555        1.5960299170106296        1.7080179143095462     
   136.58805281121437        2.8656946722484964        1.5954512418631583        1.7904933093453341     
   141.41261684513370        2.9701645705325741        1.5949113783946214        1.8768175732605090     
   146.40753387824964        3.0812667658310136        1.5944077292789647        1.9672142626429476     
   151.57894168226974        3.1985574109047401        1.5939378540854654        2.0618860786376034     
   156.93294936957258        3.3214296451667558        1.5934994983909860        2.1609994920263804     
   162.47613596373097        3.4491340042077780        1.5930905381439353        2.2646861331661534     
   168.21511902855468        3.5807822160357023        1.5927090068159868        2.3730275020465883     
   174.15674278185460        3.5996406444353028        1.5669207632612341        2.4203160673801016     
   180.30830831190286        3.5690407350257449        1.5321297676592158        2.4416586509791944     
   186.67715947709803        3.5384601670183797        1.4996722003319740        2.4651452550799435     
   193.27089166569760        3.5071375794002608        1.4693919053437066        2.4904463377770507     
   200.09760727912413        3.4744865882664806        1.4411421595890668        2.5172318930308224     
   207.16537088595135        3.4400819172674493        1.4147874230750850        2.5451772806583945     
   214.48286737908427        3.4036373237636601        1.3901999939817105        2.5739742179098659     
   222.05883252794877        3.3649882776271438        1.3672616410719267        2.6033371365484426     
   229.90230130529540        3.3240706716183217        1.3458620061069742        2.6330125559038406     
   238.02291179328489        3.2808999548591977        1.3258973972008758        2.6627878918401393     
   246.43025707061713        3.2355569071166603        1.3072720257764823        2.6924955649391613     
   255.13466811288930        3.1881679519625106        1.2898956426359400        2.7220208287666514     
   264.14653641505117        3.1388956167943154        1.2736846916145972        2.7513024252826459     
   273.47660938458705        3.0879261864804466        1.2585611805388077        2.7803346859910927     
   283.13635184814427        3.0354592442456432        1.2444518284676331        2.8091674410023528     
   293.13729579387660        2.9817047913254924        1.2312887890986990        2.8379007954843121     
   303.49136818478553        2.9268766820055947        1.2190087340035280        2.8666811958778444     
   314.21129214162710        2.8711870896293523        1.2075521602011337        2.8956960038775295     
   325.30973137660959        2.8148484886415548        1.1968640999779516        2.9251635850918922     
   336.80032369109853        2.7580663556216907        1.1868927643607756        2.9553279251024578     
   348.69678677735646        2.7010420827353987        1.1775902051342644        2.9864478281649749     
   361.01330816366544        2.6439693190544671        1.1689116669467123        3.0187897016894976     
   373.76502243504467        2.5808255501600388        1.1529065376091476        3.0446725665696754     
   386.96715283564077        2.4952190590596315        1.1098998471296697        3.0417223449506130     
   400.63544401132759        2.4102293246499342        1.0697780702553237        3.0387054162612777     
   414.78669160661980        2.3261255186156244        1.0323467970010867        3.0361365422418443     
   429.43761284149554        2.2431579784121074       0.99742643514841012        3.0345215992683148     
   444.60621081975989        2.1615476842839385       0.96484777815776879        3.0343449141161751     
   460.31059410826708        2.0814913579013403       0.93445416813289994        3.0360596166432230     
   476.56949149896485        2.0031574441826057       0.90609937900059512        3.0400803660861562     
   493.40288198244309        1.9266833134222596       0.87964601769006512        3.0467790116083071     
   510.83065126063684        1.8521824996113079       0.85496716311547061        3.0564818240766223     
   528.87421463804299        1.7797390548082919       0.83194323393914649        3.0694696345432586     
   547.55511287104378        1.7094160943031571       0.81046351717775622        3.0859780201344984     
   566.89562449487210        1.6412558727218507       0.79042467220697366        3.1061993777706318     
   586.91951519858117        1.5752806650638524       0.77172960084585807        3.1302863874271161     
   607.65068989177485        1.5115009705124813       0.75428840587885460        3.1583534564382689     
   629.11387223602765        1.4499162920707360       0.73801717633093111        3.1904801752786649     
   651.33543626567803        1.3905161833657773       0.72283706999371033        3.2267154897454531     
   674.34163286578985        1.3332880767514319       0.70867525394600794        3.2670774522702368     
   698.16073213207346        1.2782139790729266       0.69546310713810489        3.3115588234112607     
   722.82116976782140        1.2233838154167245       0.68121665201366821        3.3560446367592993     
   748.35235540965130        1.1702188682699430       0.66734034360749861        3.4035179124727541     
   774.78566186873422        1.1193100093536066       0.65439455874512553        3.4552100249985762     
   802.15264573967897        1.0706341500121852       0.64231704625939356        3.5110063679766439     
   830.48594444209971        1.0241699654375820       0.63104970027793739        3.5707706314122913     
   859.82037403360118       0.97989587009427737       0.62053792489962389        3.6343462258805341     
   890.19058800385733       0.93779307493710806       0.61073128547724809        3.7015499015373510     
   921.63390537915473       0.89784049500845886       0.60158226396022163        3.7721761316079254     
   954.18786380243341       0.86001735119114753       0.59304686631698755        3.8459897319843259     
   987.89128659474920       0.82430060783932757       0.58508402807117676        3.9227259795621445     
   1022.7855886411724       0.79066293625898310       0.57765516530690575        4.0020913011687451     
   1058.9119914466876       0.75907485982078970       0.57072463494209114        4.0837546094592065     
   1096.3148872627712       0.72950095556781602       0.56425885510650142        4.1673527143534947     
   1135.0389283928459       0.70190210671214015       0.55822673441822368        4.2524817669813659     
   1175.1302964981960       0.67623402283966882       0.55259925186525016        4.3386986617631509     
   1216.6382559936744       0.65244635817581853       0.54734913949277553        4.4255233726378362     
   1259.6123598874483       0.63048462807324746       0.54245115158364854        4.5124328164757284     
   1304.1038583964914       0.61028943464879648       0.53788172352879726        4.5988649753004109     
   1350.1674228314519       0.59179620533067001       0.53361871417423945        4.6842243242822246     
   1397.8574692241625       0.55317440175830568       0.50332615870689901        4.5913484346857834     
   1447.2325992722181       0.51456362499202402       0.47086645259731919        4.4818659269986316     
   1498.3517579647787       0.47889583256711243       0.44058381543091180        4.3760557721289226     
   1551.2759091786245       0.44099428376770955       0.41107399955179597        4.1621142216736482     
   1606.0700862978565       0.40639791900090705       0.38350331130377674        3.9498034558360775     
   1662.7990190437411       0.37493018868160011       0.35778208072717244        3.7429140595995283     
   1721.5324161293761       0.34627163933482402       0.33378567565360523        3.5415702477182811     
   1782.3403946248577       0.32013777323011616       0.31139870684717680        3.3459233718328201     
   1845.2954731357936       0.29627427081389723       0.29051346882187040        3.1561399181421654     
   1910.4750110852074       0.27445312102321218       0.27102876220099043        2.9723898515723555     
   1977.9568210713478       0.25447148586453705       0.25285089272484373        2.7948541138673129     
   2047.8213808026539       0.23614821265246519       0.23589240521879018        2.6237108813959513     
   2120.1545400970977       0.21932099779485331       0.22007112736746898        2.4591227503770048     
   2195.0417479108573       0.20384581046088948       0.20531114996068170        2.3012436137751844     
   2272.5750259096239       0.18959343889105434       0.19154095355910911        2.1501961927959381     
   2352.8469348264384       0.17644915052470991       0.17869432272606126        2.0060791351130174     
   2435.9532056335870       0.16431058093359441       0.16670945129968048        1.8689558150114898     
   2521.9959596104222       0.15308600871528102       0.15552826661080829        1.7388458907350375     
   2611.0779162676686       0.14269399976252553       0.14509700275769014        1.6157326067238529     
   2703.3053132971791       0.13306183496063240       0.13536547410095756        1.4995566507526565     
   2798.7914800504532       0.12412422749596039       0.12628652653907815        1.3902130500664154     
   2897.6492167059700       0.11582321916302092       0.11781660001670434        1.2875627018300280     
   3000.0000000000000       0.10810653896569951       0.10991465352277943        1.1914253007545881     
