         200   4370.0000000000000     
   3.0000000000000000        5.9780020270540470E-003  0.12064849313678368        5.1144362714724226E-003
   3.1059655287322618        6.4762573472505304E-003  0.12064849313678368        5.5650946438428614E-003
   3.2156739552243598        7.0172427934187247E-003  0.12064849313678368        6.0580527533638032E-003
   3.3292574962321346        7.6042966049818641E-003  0.12064849313678368        6.5973567767057687E-003
   3.4468529954360925        8.2409495267448968E-003  0.12064849313678368        7.1874340666517504E-003
   3.5686022069563790        8.9309343599304203E-003  0.12064849313678368        7.8331274235553701E-003
   3.6946518254059528        9.6781958334864002E-003  0.12064849313678368        8.5397304818516252E-003
   3.8251536998800524        1.0486903106794980E-002  0.12064849313678368        9.3130263425529915E-003
   3.9602651907155879        1.1361464797639333E-002  0.12064849313678368        1.0159329542070279E-002
   4.1001490688558144        1.2306542303527243E-002  0.12064849313678368        1.1085527555136938E-002
   4.2449739038313119        1.3327066683910788E-002  0.12064849313678368        1.2099127294604869E-002
   4.3949142193596993        1.4428253810314783E-002  0.12064849313678368        1.3208302129267629E-002
   4.5501507036585132        1.5615618422887100E-002  0.12064849313678368        1.4421940716866201E-002
   4.7108703059600501        1.6894984475871840E-002  0.12064849313678368        1.5749695829654499E-002
   4.8772669425686850        1.8272496062261615E-002  0.12064849313678368        1.7202038545564333E-002
   5.0495410155906377        1.9754612856540718E-002  0.12064849313678368        1.8790301907233031E-002
   5.2279001269311909        2.1348107302247916E-002  0.12064849313678368        2.0526732488150082E-002
   5.4125592113782046        2.3060047830725888E-002  0.12064849313678368        2.2424533791873889E-002
   5.6037407956130689        2.4897772138723302E-002  0.12064849313678368        2.4497905254653930E-002
   5.8016752663703963        2.6868848358868266E-002  0.12064849313678368        2.6762073477721235E-002
   6.0066011480696169        2.8981023244302438E-002  0.12064849313678368        2.9233312699471953E-002
   6.2187653902530293        3.1242156953245819E-002  0.12064849313678368        3.1928950879874768E-002
   6.4384236651766908        3.3660144550193581E-002  0.12064849313678368        3.4867357053734727E-002
   6.6658406759127811        3.6242824906065028E-002  0.12064849313678368        3.8067904827226412E-002
   6.9012904753346884        3.8997878243318705E-002  0.12064849313678368        4.1550906065889945E-002
   7.1450567963692624        4.1932714095703753E-002  0.12064849313678368        4.5337507989727237E-002
   7.3974330131920443        4.5054347129869256E-002  0.12064849313678368        4.9449539760238234E-002
   7.6587243988323896        4.8369296778522107E-002  0.12064849313678368        5.3909344786529118E-002
   7.9292442763577622        5.1883407925356652E-002  0.12064849313678368        5.8739449348991050E-002
   8.2093202460023029        5.5601799969625491E-002  0.12064849313678368        6.3962333233287122E-002
   8.4992881560440416        5.9528661558523849E-002  0.12064849313678368        6.9599906964480374E-002
   8.7994991583321234        6.3667223240443549E-002  0.12064849313678368        7.5673143501163276E-002
   9.1103132457223861        6.8019557204524211E-002  0.12064849313678368        8.2201362448721990E-002
   9.4321068148357909        7.2586578973101654E-002  0.12064849313678368        8.9201702188388923E-002
   9.7652657388916850        7.7367859791851429E-002  0.12064849313678368        9.6688205689073797E-002
   10.110193474162946        8.2361664029191511E-002  0.12064849313678368       0.10467115061681317     
   10.467303634806061        8.7564779160380427E-002  0.12064849313678368       0.11315597587989640     
   10.837027566606025        9.2972576187431669E-002  0.12064849313678368       0.12214251483971907     
   11.219811965471335        9.8578941632111422E-002  0.12064849313678368       0.13162400513903857     
   11.616115840724994       0.10437621425882494       0.12064849313678368       0.14158612084416883     
   12.026419117330413       0.11035530799094208       0.12064849313678368       0.15200639970492977     
   12.451213803399156       0.11650559563481547       0.12064849313678368       0.16285339927461975     
   12.891014326336300       0.12281508782456564       0.12064849313678368       0.17408656527618921     
   13.346348065368609       0.12927034079738234       0.12064849313678368       0.18565588796124638     
   13.817766430769083       0.13585667574172222       0.12064849313678368       0.19750242604579954     
   14.305834715756038       0.14255811205611935       0.12064849313678368       0.20955867436946571     
   14.811143972217785       0.14935762572611730       0.12064849313678368       0.22174988455544789     
   15.334300133051286       0.15623710868626681       0.12064849313678368       0.23399520860190706     
   15.875936741648431       0.16317766300876277       0.12064849313678368       0.24620976191616042     
   16.436703292225193       0.17015958506088832       0.12064849313678368       0.25830638349095236     
   17.017278874447534       0.17716268947193034       0.12064849313678368       0.27019815037206824     
   17.618359675531394       0.18416631401219924       0.12064849313678368       0.28180037714982781     
   18.240671728221173       0.19114964343161955       0.12064849313678368       0.29303308307620307     
   18.884968846184627       0.19809185193686607       0.12064849313678368       0.30382294242136854     
   19.552019805756849       0.20497214716599246       0.12064849313678368       0.31410479938839131     
   20.242632201214423       0.21177020537657773       0.12064715335499672       0.32382340256860992     
   20.957638264717446       0.21846619174205489       0.12064347219787165       0.33293406574672174     
   21.697899624358065       0.22504098164116787       0.12064003793413887       0.34140320857526218     
   22.464312967141105       0.23147637033607965       0.12063683398643087       0.34920842225293969     
   23.257792778673313       0.23775508269302631       0.12063384494426445       0.35633792842710010     
   24.079299719823517       0.24386115141886389       0.12063105637568150       0.36279016327899827     
   24.929823759061236       0.24977989825400812       0.12062845483501766       0.36857264039432641     
   25.810395145829254       0.25549812487458401       0.12062602776450249       0.37370090631765601     
   26.722064579292049       0.26100408037458306       0.12062376349030958       0.37819720625782316     
   27.665935811728254       0.26628774867382621       0.12062165107986969       0.38208942403869250     
   28.643146268414043       0.27134077640222554       0.12061968034775586       0.38540974608774387     
   29.654879655490589       0.27615658030039575       0.12061784178114286       0.38819357356878204     
   30.702343174827575       0.28069442694016511       0.11782884940924424       0.39042609324813704     
   31.786804983723918       0.28496598057098349       0.11388092328426969       0.39216516449485894     
   32.909571928103169       0.28898694932481422       0.11019778261678720       0.39347451401369143     
   34.072004028335677       0.29275745361037325       0.10676164869753675       0.39439292810869830     
   35.275488300232773       0.29627917991376806       0.10355599426429170       0.39495847257810368     
   36.521481794408061       0.29955543236903348       0.10056534149237396       0.39520809336254098     
   37.811486012809581       0.30259093937452941        9.7775270326429867E-002  0.39517725570154694     
   39.147055493126302       0.30539175584105105        9.5172327857103681E-002  0.39489969506481004     
   40.529808025860810       0.30796514055967189        9.2743949547343177E-002  0.39440722677412865     
   41.961393513511240       0.31031934545364348        9.0478455280467648E-002  0.39372962955350077     
   43.443545167355794       0.31246354523431413        8.8364906596389167E-002  0.39289454602658369     
   44.978049075047366       0.31440760589655131        8.6393112579832385E-002  0.39192745117873273     
   46.566763998623138       0.31616193777474616        8.4553555279758510E-002  0.39085163403248518     
   48.211585595230147       0.31773728264428874        8.2837386715677239E-002  0.38968824171319827     
   49.914505239722644       0.31914460781884157        8.1236320730517106E-002  0.38845628143719318     
   51.677575059319224       0.32039490311474056        7.9742637451095374E-002  0.38717270456077985     
   53.502930680545909       0.32149904877431512        7.8349126791469589E-002  0.38585246662253397     
   55.392750120602578       0.32246765502471114        7.7049086185142224E-002  0.38450864473273910     
   57.349321371645829       0.32331098245479778        7.5836238660906205E-002  0.38315248522074336     
   59.375002227322796       0.32403881412921659        7.4704736221761811E-002  0.38179353584263259     
   61.472246417894510       0.32466038390429319        7.3649117047293586E-002  0.38043973502536232     
   63.643556378429672       0.32518429942329591        7.2664303775757791E-002  0.37909755101539711     
   65.891560899834928       0.32561852011132053        7.1745541444486013E-002  0.37777204138764020     
   68.218968971510208       0.32597031586732816        7.0888400049500935E-002  0.37646699278803702     
   70.628585269218178       0.32613684497568463        7.0063850134800973E-002  0.37501095337647955     
   73.123328588587739       0.32590428692501910        6.9225264436475406E-002  0.37306057430226797     
   75.706175661273647       0.32558578717702247        6.8442927069926995E-002  0.37111033302054292     
   78.380253523498894       0.32518697194196677        6.7713060684586865E-002  0.36916329269410697     
   81.148784610322849       0.32471325343077573        6.7032146077631832E-002  0.36722233850677799     
   84.015122474940881       0.32416987713767015        6.6396896439265107E-002  0.36529021750930513     
   86.982687236203873       0.32356198188889518        6.5804256318913942E-002  0.36336962878366758     
   90.055071705548812       0.32289462039734240        6.5251364279055785E-002  0.36146318277653061     
   93.235978303002270       0.32217280380453794        6.4735554435541076E-002  0.35957346156204351     
   96.529260096906100       0.32140151755141327        6.4254336947751359E-002  0.35770299954714818     
   99.938826062156153       0.32058576008926076        6.3805399806625154E-002  0.35585433324427912     
   103.46886588546354       0.31973049766796452        6.3386567688195172E-002  0.35402986852090274     
   107.12359379692580       0.31884072625054777        6.2995826594198723E-002  0.35223200741879140     
   110.90736836557576       0.31792143734722283        6.2631296638180803E-002  0.35046306215043876     
   114.82483910697920       0.31697757073008137        6.2291211491010037E-002  0.34872517326899727     
   118.88068277378797       0.31601406232904777        6.1973935817512302E-002  0.34702041474277528     
   123.07973629915718       0.31503579087668188        6.1677943179208460E-002  0.34535070853724942     
   127.42715949490271       0.31404751701232941        6.1401799344395554E-002  0.34371774695476409     
   131.92808807993632       0.31305393706615975        6.1144179397311163E-002  0.34212311130552098     
   136.58805281121437       0.31205955973426652        6.0903835041046642E-002  0.34056809970928464     
   141.41261684513370       0.31106875708135567        6.0679610554503799E-002  0.33905384522196913     
   146.40753387824964       0.31008569675625841        6.0470427175858855E-002  0.33758124383939730     
   151.57894168226974       0.30911427464844227        6.0275271307492613E-002  0.33615089389037722     
   156.93294936957258       0.30815816396774665        6.0093206607349056E-002  0.33476320973256840     
   162.47613596373097       0.30722069216548603        5.9923350881308658E-002  0.33341828206233665     
   168.21511902855468       0.30630489150805124        5.9764887360260553E-002  0.33211599393368457     
   174.15674278185460       0.29382934554994017        5.8234769029436445E-002  0.31882518668556731     
   180.30830831190286       0.27734299229900056        5.6223953579933657E-002  0.30139234853171099     
   186.67715947709803       0.26201458054364157        5.4348003302986357E-002  0.28518230961713242     
   193.27089166569760       0.24776401332149750        5.2597892852730629E-002  0.27010765366586620     
   200.09760727912413       0.23451582670423282        5.0965142072679388E-002  0.25608662748022110     
   207.16537088595135       0.22220005658493083        4.9441917156781923E-002  0.24304393178456399     
   214.48286737908427       0.21075070558384423        4.8020837321928522E-002  0.23090898558977599     
   222.05883252794877       0.20010653440621645        4.6695069156373156E-002  0.21961666301336791     
   229.90230130529540       0.19021033251358987        4.5458234284112671E-002  0.20910643132849113     
   238.02291179328489       0.18100837083977880        4.4304339624388456E-002  0.19932168975819342     
   246.43025707061713       0.17245097373175752        4.3227848884045496E-002  0.19021030734258879     
   255.13466811288930       0.16449142201112671        4.2223545929477288E-002  0.18172339577676244     
   264.14653641505117       0.15708646981105615        4.1286601464371055E-002  0.17381580716308931     
   273.47660938458705       0.15019580523965165        4.0412507774446528E-002  0.16644551610677602     
   283.13635184814427       0.14378163766452490        3.9597029440577247E-002  0.15957314182940627     
   293.13729579387660       0.13780899859346468        3.8836245149485263E-002  0.15316224164395431     
   303.49136818478553       0.13224529273903535        3.8126494707486788E-002  0.14717881023888543     
   314.21129214162710       0.12705995266703388        3.7464339020315485E-002  0.14159089476616665     
   325.30973137660959       0.12222472824163537        3.6846601118594335E-002  0.13636890111822059     
   336.80032369109853       0.11771304171281424        3.6270287754626380E-002  0.13148490169502064     
   348.69678677735646       0.11350025883859910        3.5732627665028598E-002  0.12691293881758628     
   361.01330816366544       0.10956337069464706        3.5231034124382318E-002  0.12262870067395960     
   373.76502243504467       0.10583790633968314        3.4711803811900213E-002  0.11853710049608344     
   386.96715283564077       0.10219681900821181        3.4045381972758068E-002  0.11443828986915738     
   400.63544401132759        9.8783190100003804E-002   3.3423664095000895E-002  0.11058578984495909     
   414.78669160661980        9.5578657302409054E-002   3.2843637645966609E-002  0.10695932539647668     
   429.43761284149554        9.2566202902779240E-002   3.2302519705713094E-002  0.10354023579580739     
   444.60621081975989        8.9729779883361616E-002   3.1797688288404832E-002  0.10031109873346493     
   460.31059410826708        8.7054507988339760E-002   3.1326715859112522E-002   9.7255996891332380E-002
   476.56949149896485        8.4526506124604467E-002   3.0887336532050363E-002   9.4360366070444956E-002
   493.40288198244309        8.2132766168861726E-002   3.0477421295618288E-002   9.1610878664942580E-002
   510.83065126063684        7.9861319775259385E-002   3.0095003409699405E-002   8.8995650806642609E-002
   528.87421463804299        7.7700975870263284E-002   2.9738229869236285E-002   8.6503942079848087E-002
   547.55511287104378        7.5641481411841419E-002   2.9405385091161289E-002   8.4126325649577269E-002
   566.89562449487210        7.3673405585163984E-002   2.9094867732796112E-002   8.1854524351541585E-002
   586.91951519858117        7.1788046422803828E-002   2.8805173182937308E-002   7.9681257574029080E-002
   607.65068989177485        6.9977541857853348E-002   2.8534908414893957E-002   7.7600312145903863E-002
   629.11387223602765        6.8234765950423132E-002   2.8282773163389011E-002   7.5606356132204566E-002
   651.33543626567803        6.6553239720488350E-002   2.8047545707594625E-002   7.3694766017173466E-002
   674.34163286578985        6.4927241138158995E-002   2.7828097445222324E-002   7.1861680502501885E-002
   698.16073213207346        6.3351610491098248E-002   2.7623365040180842E-002   7.0103711031635291E-002
   722.82116976782140        6.1524884262919528E-002   2.7135748986550415E-002   6.7868318633033983E-002
   748.35235540965130        5.9669546525988430E-002   2.6590409232283108E-002   6.5570013861379325E-002
   774.78566186873422        5.7877401407176537E-002   2.6081639109207466E-002   6.3382951744787197E-002
   802.15264573967897        5.6143867094527532E-002   2.5606992142713111E-002   6.1302473301236365E-002
   830.48594444209971        5.4464920280615434E-002   2.5164184768524209E-002   5.9324271844068591E-002
   859.82037403360118        5.2836992380450101E-002   2.4751071364445293E-002   5.7444254247636821E-002
   890.19058800385733        5.1257061756704005E-002   2.4365669845810244E-002   5.5658642756304291E-002
   921.63390537915473        4.9722455322946696E-002   2.4006112750375355E-002   5.3963750361314643E-002
   954.18786380243341        4.8230939658537031E-002   2.3670671110056610E-002   5.2356097885150714E-002
   987.89128659474920        4.6780623461173544E-002   2.3357731088464905E-002   5.0832322008432129E-002
   1022.7855886411724        4.5369871867068694E-002   2.3065776335387242E-002   4.9389110227530793E-002
   1058.9119914466876        4.3997392037921794E-002   2.2793406075555765E-002   4.8023315942845500E-002
   1096.3148872627712        4.2662068279983284E-002   2.2539300539452318E-002   4.6731817008636822E-002
   1135.0389283928459        4.1363048858892026E-002   2.2302237833899154E-002   4.5511630379763073E-002
   1175.1302964981960        4.0099669479859525E-002   2.2081077431380658E-002   4.4359860713529917E-002
   1216.6382559936744        3.8871386937216042E-002   2.1874747699633764E-002   4.3273665362720939E-002
   1259.6123598874483        3.7677847931805113E-002   2.1682256480457594E-002   4.2250338959315202E-002
   1304.1038583964914        3.6518823257514349E-002   2.1502677683299529E-002   4.1287271775838699E-002
   1350.1674228314519        3.5394151338850835E-002   2.1335141159477475E-002   4.0381921268057681E-002
   1397.8574692241625        3.3186093774798489E-002   2.0449595726703858E-002   3.8258415408458139E-002
   1447.2325992722181        3.1020019933657991E-002   1.9545316847826625E-002   3.6169778529562359E-002
   1498.3517579647787        2.9007896966885990E-002   1.8701687854580599E-002   3.4244090506080897E-002
   1551.2759091786245        2.6437635788800321E-002   1.7461689726988236E-002   3.1626233114742872E-002
   1606.0700862978565        2.4069699818818135E-002   1.6290536104352552E-002   2.9196776047665476E-002
   1662.7990190437411        2.1910749021335843E-002   1.5197944142285659E-002   2.6966565575019252E-002
   1721.5324161293761        1.9943995224921046E-002   1.4178619688745389E-002   2.4918901141287388E-002
   1782.3403946248577        1.8153861254478879E-002   1.3227661214962440E-002   2.3038514512573955E-002
   1845.2954731357936        1.6525839358591813E-002   1.2340493584146989E-002   2.1311382411615575E-002
   1910.4750110852074        1.5046388002493612E-002   1.1512818027419585E-002   1.9724580151504946E-002
   1977.9568210713478        1.3702993535613873E-002   1.0740654579874265E-002   1.8266315789487148E-002
   2047.8213808026539        1.2484051973944746E-002   1.0020288301801206E-002   1.6925778603358931E-002
   2120.1545400970977        1.1378781015864108E-002   9.3482286599229653E-003   1.5693020364452925E-002
   2195.0417479108573        1.0377267311060524E-002   8.7212511664894674E-003   1.4558990735838400E-002
   2272.5750259096239        9.4703118873690172E-003   8.1363178033817731E-003   1.3515352074016194E-002
   2352.8469348264384        8.6494688736683343E-003   7.5906158570450246E-003   1.2554513657749775E-002
   2435.9532056335870        7.9069593828919402E-003   7.0815199120485431E-003   1.1669528587209113E-002
   2521.9959596104222        7.2356056046894851E-003   6.6065631450671486E-003   1.0854012758090883E-002
   2611.0779162676686        6.6288412775308758E-003   6.1634616765673302E-003   1.0102157879631493E-002
   2703.3053132971791        6.0806414642381214E-003   5.7500837101709225E-003   9.4086505942243600E-003
   2798.7914800504532        5.5854680782755186E-003   5.3644262238156919E-003   8.7686088474775090E-003
   2897.6492167059700        5.1382773540220947E-003   5.0046388641059062E-003   8.1775989260117841E-003
   3000.0000000000000        4.7344380319654048E-003   4.6689782821507609E-003   7.6315386728360215E-003
