         200   4370.0000000000000     
   3.0000000000000000        1.4384875174106274E-003   1.9362995752560082        6.9969257702446328E-004
   3.1059655287322618        1.5400539620053250E-003   1.9362995752560082        7.4595441049504373E-004
   3.2156739552243598        1.6485175700303252E-003   1.9362995752560082        7.9543156072534374E-004
   3.3292574962321346        1.7642838232919079E-003   1.9362995752560082        8.4834848110581444E-004
   3.4468529954360925        1.8877766589974426E-003   1.9362995752560082        9.0494468525364503E-004
   3.5686022069563790        2.0194403516420613E-003   1.9362995752560082        9.6547568722300467E-004
   3.6946518254059528        2.1597416458121010E-003   1.9362995752560082        1.0302138579266452E-003
   3.8251536998800524        2.3091726581184876E-003   1.9362995752560082        1.0994494075169706E-003
   3.9602651907155879        2.4682545989387272E-003   1.9362995752560082        1.1734914964842994E-003
   4.1001490688558144        2.6375416605700186E-003   1.9362995752560082        1.2526691548219748E-003
   4.2449739038313119        2.8176261971877324E-003   1.9362995752560082        1.3373325203629310E-003
   4.3949142193596993        3.0091444043775996E-003   1.9362995752560082        1.4278540262763000E-003
   4.5501507036585132        3.2127828419053917E-003   1.9362995752560082        1.5246297004896262E-003
   4.7108703059600501        3.4292855889645132E-003   1.9362995752560082        1.6280804872683935E-003
   4.8772669425686850        3.6594630143790270E-003   1.9362995752560082        1.7386540775134213E-003
   5.0495410155906377        3.9041997258014759E-003   1.9362995752560082        1.8568261039302802E-003
   5.2279001269311909        4.1644648971761967E-003   1.9362995752560082        1.9831022537476002E-003
   5.4125592113782046        4.4413225861144557E-003   1.9362995752560082        2.1180201843251914E-003
   5.6037407956130689        4.7359429825537657E-003   1.9362995752560082        2.2621517150376840E-003
   5.8016752663703963        5.0496144412259247E-003   1.9362995752560082        2.4161052462333046E-003
   6.0066011480696169        5.3837563208121988E-003   1.9362995752560082        2.5805284313457685E-003
   6.2187653902530293        5.7399326725072405E-003   1.9362995752560082        2.7561111291246388E-003
   6.4384236651766908        6.1198668459422822E-003   1.9362995752560082        2.9435886636394672E-003
   6.6658406759127811        6.5254571113277787E-003   1.9362995752560082        3.1437454202577408E-003
   6.9012904753346884        6.9587934336198341E-003   1.9362995752560082        3.3574188062706696E-003
   7.1450567963692624        7.4221755779227830E-003   1.9362995752560082        3.5855036053381779E-003
   7.3974330131920443        7.9181320148466912E-003   1.9362995752560082        3.8289563827060232E-003
   7.6587243988323896        8.4494452388362024E-003   1.9362995752560082        4.0888025818368963E-003
   7.9292442763577622        9.0191669996087936E-003   1.9362995752560082        4.3661380898339774E-003
   8.2093202460023029        9.6306566238010625E-003   1.9362995752560082        4.6621413282996321E-003
   8.4992881560440416        1.0287596919371098E-002   1.9362995752560082        4.9780734527955965E-003
   8.7994991583321234        1.0994041907893404E-002   1.9362995752560082        5.3152927827901974E-003
   9.1103132457223861        1.1754438726563123E-002   1.9362995752560082        5.6752553175907876E-003
   9.4321068148357909        1.2573687082323173E-002   1.9362995752560082        6.0595314731353225E-003
   9.7652657388916850        1.3457169636206889E-002   1.9362995752560082        6.4698069796436629E-003
   10.110193474162946        1.4410826631752409E-002   1.9362995752560082        6.9079022828695555E-003
   10.467303634806061        1.5441197324654956E-002   1.9362995752560082        7.3757739205539286E-003
   10.837027566606025        1.6555509689784274E-002   1.9362995752560082        7.8755354964706887E-003
   11.219811965471335        1.7761751861174128E-002   1.9362995752560082        8.4094673343899067E-003
   11.616115840724994        1.9068747585338049E-002   1.9362995752560082        8.9800255658010475E-003
   12.026419117330413        2.0486277616906547E-002   1.9362995752560082        9.5898690007384657E-003
   12.451213803399156        2.2025151843593320E-002   1.9362995752560082        1.0241862439415151E-002
   12.891014326336300        2.3697352967127602E-002   1.9362995752560082        1.0939109566896017E-002
   13.346348065368609        2.5516114970535391E-002   1.9362995752560082        1.1684957479897212E-002
   13.817766430769083        2.7496081678227206E-002   1.9362995752560082        1.2483035114639406E-002
   14.305834715756038        2.9653383907108481E-002   1.9362995752560082        1.3337259313006264E-002
   14.811143972217785        3.2005807261623373E-002   1.9362995752560082        1.4251879761507102E-002
   15.334300133051286        3.4572860000090799E-002   1.9362995752560082        1.5231486942847599E-002
   15.875936741648431        3.7375946092238557E-002   1.9362995752560082        1.6281064680665931E-002
   16.436703292225193        4.0438418150916554E-002   1.9362995752560082        1.7406000315598080E-002
   17.017278874447534        4.3785755288435986E-002   1.9362995752560082        1.8612146057621182E-002
   17.618359675531394        4.7445597808258036E-002   1.9362995752560082        1.9905831690669874E-002
   18.240671728221173        5.1447918123551775E-002   1.9362995752560082        2.1293931776563160E-002
   18.884968846184627        5.5825106400745360E-002   1.9362995752560082        2.2783907029502354E-002
   19.552019805756849        6.0611960836763852E-002   1.9362995752560082        2.4383821800370211E-002
   20.242632201214423        6.5845912336481266E-002   1.9361077159711351        2.6102404078749208E-002
   20.957638264717446        7.1566964176315112E-002   1.9356483640175177        2.7949123202625041E-002
   21.697899624358065        7.7817715310161115E-002   1.9353003932816151        2.9934379422225401E-002
   22.464312967141105        8.4643340689849481E-002   1.9350367952820897        3.2069368240944043E-002
   23.257792778673313        9.2091283033201812E-002   1.9348371144792804        3.4366189789366459E-002
   24.079299719823517       0.10021124962488145        1.9346858512151275        3.6838000949455503E-002
   24.929823759061236       0.10905468503957137        1.9345712654624647        3.9499046784265024E-002
   25.810395145829254       0.11867435964310032        1.9344844634068332        4.2364776301754628E-002
   26.722064579292049       0.12912347574338287        1.9344187090984346        4.5451863859477450E-002
   27.665935811728254       0.14045519522640262        1.9343688985448884        4.8778405911103405E-002
   28.643146268414043       0.15272145883869048        1.9343311657893472        5.2363953102465208E-002
   29.654879655490589       0.16597204464018572        1.9343025821245414        5.6229652292381027E-002
   30.702343174827575       0.18009966671709343        1.9147342375706966        6.0331445065813866E-002
   31.786804983723918       0.19524583850328206        1.8914135768789555        6.4737229482876843E-002
   32.909571928103169       0.21152212885604824        1.8737475859133517        6.9506381063009867E-002
   34.072004028335677       0.22895237944219704        1.8603650815884210        7.4665044360227834E-002
   35.275488300232773       0.24755330486525226        1.8502275645662396        8.0241749046087524E-002
   36.521481794408061       0.26733428616424559        1.8425481387345688        8.6267603901360401E-002
   37.811486012809581       0.28829648859586449        1.8367307792199059        9.2776192268416088E-002
   39.147055493126302       0.31043288998815799        1.8323239820888959        9.9803616172459614E-002
   40.529808025860810       0.33372879453265564        1.8289857045034656       0.10738855252325287     
   41.961393513511240       0.35816211126734748        1.8264568918817465       0.11557207035355326     
   43.443545167355794       0.38370548841923297        1.8245412522899034       0.12439788880654273     
   44.978049075047366       0.41032751877596318        1.8230901067940590       0.13391217543730163     
   46.566763998623138       0.43799519497539502        1.8219908216811014       0.14416361291001376     
   48.211585595230147       0.46667573663426887        1.8211580910296241       0.15520309843019475     
   49.914505239722644       0.49634031523880068        1.8205272764759488       0.16708404418359329     
   51.677575059319224       0.52696629127969818        1.8200494184789768       0.17986206839991511     
   53.502930680545909       0.55854048413760116        1.8196874270841150       0.19359506719666353     
   55.392750120602578       0.59106124266446358        1.8194132112992276       0.20834281883975128     
   57.349321371645829       0.62454217148520408        1.8192054858988758       0.22416742282402374     
   59.375002227322796       0.65901364054733624        1.8190481286483948       0.24113295560002304     
   61.472246417894510       0.69452496636994754        1.8189289259334658       0.25930566971861518     
   63.643556378429672       0.73114476899839032        1.8188386274719577       0.27875360674196908     
   65.891560899834928       0.76896277355802745        1.8187702241009487       0.29954734302228614     
   68.218968971510208       0.80808878036271592        1.8187184068154034       0.32175971866616437     
   70.628585269218178       0.84513143581057126        1.8176375337321227       0.34388082681304677     
   73.123328588587739       0.87471320298798505        1.8142010339041150       0.36347645193608846     
   75.706175661273647       0.90748926912568084        1.8115978159519852       0.38534911837641000     
   78.380253523498894       0.94328207170897371        1.8096258124383795       0.40943800075962200     
   81.148784610322849       0.98198141393714367        1.8081319698446274       0.43571096750232607     
   84.015122474940881        1.0235301630385742        1.8070003404324706       0.46416050341223336     
   86.982687236203873        1.0679104979963303        1.8061431083217934       0.49479951762382046     
   90.055071705548812        1.1151343378861336        1.8054937332923868       0.52765955080880722     
   93.235978303002270        1.1652328081973355        1.8050018152650840       0.56278786642224476     
   96.529260096906100        1.2182485417973965        1.8046291729864397       0.60024601809854017     
   99.938826062156153        1.2742269401003277        1.8043468903946309       0.64010717273166395     
   103.46886588546354        1.3332136116328173        1.8041330516310998       0.68245730885584788     
   107.12359379692580        1.3952447497479668        1.8039710636200044       0.72739091474510564     
   110.90736836557576        1.4603442405263152        1.8038483550648159       0.77501102340222783     
   114.82483910697920        1.5285218804872098        1.8037553991175606       0.82542976722762296     
   118.88068277378797        1.5997647899463716        1.8036849827497932       0.87876363441713223     
   123.07973629915718        1.6740357945592368        1.8036316412049951       0.93513352539108408     
   127.42715949490271        1.7512725567614889        1.8035912331518040       0.99466525525692184     
   131.92808807993632        1.8313777103199425        1.8035606233937702        1.0574828907119085     
   136.58805281121437        1.9142226581603285        1.8035374354501952        1.1237122373594495     
   141.41261684513370        1.9996376475127238        1.8035198700247355        1.1934732286436551     
   146.40753387824964        2.0874114282909462        1.8035065639290284        1.2668791272603597     
   151.57894168226974        2.1772919396063903        1.8034964841042853        1.3440361185818039     
   156.93294936957258        2.2689770782503356        1.8034888484729641        1.4250335567576022     
   162.47613596373097        2.3621222357338958        1.8034830642198521        1.5099474610209396     
   168.21511902855468        2.4563328807457538        1.8034786825088771        1.5988298932211484     
   174.15674278185460        2.4315605539310559        1.7771903912496292        1.5799203048071291     
   180.30830831190286        2.3809154929739611        1.7472929805786368        1.5300045543730210     
   186.67715947709803        2.3549851463009963        1.7246449722767818        1.4984503167548762     
   193.27089166569760        2.3481156746750158        1.7074887373316621        1.4834884263844255     
   200.09760727912413        2.3558126483273902        1.6944922998120355        1.4836393045960168     
   207.16537088595135        2.3744661387219610        1.6846472868393960        1.4975989864887678     
   214.48286737908427        2.4011471108358693        1.6771893512032767        1.5241664644896680     
   222.05883252794877        2.4334545714243117        1.6715397854244833        1.5622046892896706     
   229.90230130529540        2.4694031570332711        1.6672601473853614        1.6106273566992344     
   238.02291179328489        2.5073408012588194        1.6640181745072844        1.6684039035970615     
   246.43025707061713        2.5458832013299237        1.6615623272804245        1.7345653077764545     
   255.13466811288930        2.5838707690408249        1.6597019386145095        1.8082207698188437     
   264.14653641505117        2.6203306814992740        1.6582926494150558        1.8885610412604614     
   273.47660938458705        2.6544522468354455        1.6572250899065446        1.9748646956920624     
   283.13635184814427        2.6855682921213067        1.6564163768937428        2.0665015625262937     
   293.13729579387660        2.7131375186756510        1.6558037573184436        2.1629232235401168     
   303.49136818478553        2.7367338721725742        1.6553396880181448        2.2636603099381456     
   314.21129214162710        2.7560372945794320        1.6549881395761135        2.3683197246673870     
   325.30973137660959        2.7708233416922936        1.6547218359088909        2.4765692142261093     
   336.80032369109853        2.7809572318561733        1.6545201017298359        2.5881404666698211     
   348.69678677735646        2.7863850925985689        1.6543672832328671        2.7028137606757281     
   361.01330816366544        2.7871274533660642        1.6542515207338853        2.8204155647601277     
   373.76502243504467        2.7447229235113149        1.6050290223867840        2.9003656571496701     
   386.96715283564077        2.5771714881773939        1.4102950013499520        2.8428255042928572     
   400.63544401132759        2.4347871079503554        1.2627808106013354        2.8016005851155565     
   414.78669160661980        2.3119757827190264        1.1510337420017951        2.7763877828759904     
   429.43761284149554        2.2043507902934656        1.0663835185574124        2.7667976463543926     
   444.60621081975989        2.1084892203193850        1.0022580654182907        2.7722159612658310     
   460.31059410826708        2.0217511252545752       0.95368149097721644        2.7917992620948060     
   476.56949149896485        1.9421191148800818       0.91688394512538296        2.8245423879193199     
   493.40288198244309        1.8680682567966116       0.88900853964926285        2.8693725556319074     
   510.83065126063684        1.7984682068387494       0.86789246625486416        2.9252290614130749     
   528.87421463804299        1.7324912199395370       0.85189631503591345        2.9911264045233636     
   547.55511287104378        1.6695492270373948       0.83977884541316605        3.0661832731719110     
   566.89562449487210        1.6092356140714930       0.83059966492994552        3.1496362130119890     
   586.91951519858117        1.5512786032658545       0.82364612028491591        3.2408404824222576     
   607.65068989177485        1.4955099130638252       0.81837864282404138        3.3392525329286356     
   629.11387223602765        1.4418342681362182       0.81438844290524814        3.4444164897422933     
   651.33543626567803        1.3902054448421961       0.81136572934943263        3.5559506371229173     
   674.34163286578985        1.3406134548006998       0.80907597462821290        3.6735211428073860     
   698.16073213207346        1.2930664596069814       0.80734140674284671        3.7968365476043746     
   722.82116976782140        1.2377762516119082       0.79607799527859036        3.9022555676780017     
   748.35235540965130        1.1842381294221493       0.78481662726985524        4.0114745250711037     
   774.78566186873422        1.1352471998885982       0.77628575402294520        4.1311123436068975     
   802.15264573967897        1.0902335857363796       0.76982341217521122        4.2597482211623401     
   830.48594444209971        1.0487604931773113       0.76492808303378168        4.3961810460664417     
   859.82037403360118        1.0104878328853675       0.76121970298838804        4.5393796219309541     
   890.19058800385733       0.97514930476460882       0.75841054474026903        4.6884274625452891     
   921.63390537915473       0.94252920857089617       0.75628251083474385        4.8425011435020586     
   954.18786380243341       0.91245100834831716       0.75467047392327502        5.0008293083037438     
   987.89128659474920       0.88476531138535297       0.75344932972265621        5.1626739494487861     
   1022.7855886411724       0.85934126518113974       0.75252427102787001        5.3273167105026076     
   1058.9119914466876       0.83606317839336830       0.75182352400878250        5.4940292028547599     
   1096.3148872627712       0.81482407889172948       0.75129268406168748        5.6620755310823965     
   1135.0389283928459       0.79552485533621209       0.75089056002288357        5.8306882758064909     
   1175.1302964981960       0.77807132100726284       0.75058594451785443        5.9990667911109696     
   1216.6382559936744       0.76237230704264047       0.75035518780513177        6.1663781694474986     
   1259.6123598874483       0.74833995355910221       0.75018038404025111        6.3317427455733792     
   1304.1038583964914       0.73588836197931995       0.75004796734296009        6.4942403456082163     
   1350.1674228314519       0.72493282258473501       0.74994765714445755        6.6529189208037680     
   1397.8574692241625       0.58220211755619833       0.59516070333471649        5.6717843483087220     
   1447.2325992722181       0.45757739003010978       0.45580544500425374        4.8072207243910050     
   1498.3517579647787       0.36254169769820621       0.35024048212814984        4.1444467977005619     
   1551.2759091786245       0.27086863795279431       0.26545327729062246        3.2169792293579400     
   1606.0700862978565       0.20230022110712984       0.20108724778847203        2.4841074233168521     
   1662.7990190437411       0.15134248311889267       0.15232893271256992        1.9152251675212086     
   1721.5324161293761       0.11340257871005950       0.11539283353503424        1.4742400367177211     
   1782.3403946248577        8.5104666308709970E-002   8.7412849247550342E-002   1.1329072127942281     
   1845.2954731357936        6.3961581766416309E-002   6.6217555701249486E-002  0.86912286045636744     
   1910.4750110852074        4.8137103341901105E-002   5.0161392494943960E-002  0.66559821776036698     
   1977.9568210713478        3.6274154355559717E-002   3.7998462347113578E-002  0.50883861663714958     
   2047.8213808026539        2.7367255632263849E-002   2.8784844776150897E-002  0.38831440019111590     
   2120.1545400970977        2.0669814649092833E-002   2.1805212853776554E-002  0.29581691351815936     
   2195.0417479108573        1.5626928851304869E-002   1.6518028060537291E-002  0.22496300648610917     
   2272.5750259096239        1.1824896918018505E-002   1.2512803893355942E-002  0.17078950018307013     
   2352.8469348264384        8.9550498683917054E-003   9.4787501691949039E-003  0.12944851732780946     
   2435.9532056335870        6.7865219609070469E-003   7.1804050858630623E-003   9.7959999163286279E-002
   2521.9959596104222        5.1462920086839496E-003   5.4393297060023119E-003   7.4019704284152263E-002
   2611.0779162676686        3.9045895551970918E-003   4.1204231929545723E-003   5.5851266030615722E-002
   2703.3053132971791        2.9638663503735690E-003   3.1213300406156999E-003   4.2087203734939030E-002
   2798.7914800504532        2.2506666538277785E-003   2.3644826453572835E-003   3.1676815789754072E-002
   2897.6492167059700        1.7096565767291550E-003   1.7911584237482231E-003   2.3815429498886324E-002
   3000.0000000000000        1.2990477371356019E-003   1.3568456244386032E-003   1.7887399576617627E-002
