         200   4370.0000000000000     
   3.0000000000000000        1.6219413226791865E-003   10.395729390452752        7.8575008928692593E-004
   3.1059655287322618        1.7374889716886843E-003   10.395729390452752        8.3775042134059464E-004
   3.2156739552243598        1.8610996734733476E-003   10.395729390452752        8.9337542777730974E-004
   3.3292574962321346        1.9932908354109531E-003   10.395729390452752        9.5288037702913580E-004
   3.4468529954360925        2.1346104282006194E-003   10.395729390452752        1.0165381603322143E-003
   3.5686022069563790        2.2856401112622319E-003   10.395729390452752        1.0846404921109624E-003
   3.6946518254059528        2.4469986685288496E-003   10.395729390452752        1.1574990393714113E-003
   3.8251536998800524        2.6193463495575772E-003   10.395729390452752        1.2354467180995142E-003
   3.9602651907155879        2.8033901848001242E-003   10.395729390452752        1.3188391619888629E-003
   4.1001490688558144        2.9998895314024871E-003   10.395729390452752        1.4080560042759038E-003
   4.2449739038313119        3.2096631647192150E-003   10.395729390452752        1.5035025497817866E-003
   4.3949142193596993        3.4335970253599251E-003   10.395729390452752        1.6056114220903968E-003
   4.5501507036585132        3.6726530468072149E-003   10.395729390452752        1.7148443703267533E-003
   4.7108703059600501        3.9278788513542355E-003   10.395729390452752        1.8316941351719290E-003
   4.8772669425686850        4.2004195159878648E-003   10.395729390452752        1.9566869245843700E-003
   5.0495410155906377        4.4915285836803591E-003   10.395729390452752        2.0903842077407272E-003
   5.2279001269311909        4.8025821467566820E-003   10.395729390452752        2.2333855814765150E-003
   5.4125592113782046        5.1350932523043123E-003   10.395729390452752        2.3863314510120218E-003
   5.6037407956130689        5.4907278084211399E-003   10.395729390452752        2.5499060603293754E-003
   5.8016752663703963        5.8713218967140881E-003   10.395729390452752        2.7248408178109280E-003
   6.0066011480696169        6.2789006056776335E-003   10.395729390452752        2.9119179482778534E-003
   6.2187653902530293        6.7156985326436505E-003   10.395729390452752        3.1119745042981011E-003
   6.4384236651766908        7.1841821425894514E-003   10.395729390452752        3.3259067713423776E-003
   6.6658406759127811        7.6870742209454047E-003   10.395729390452752        3.5546751031130903E-003
   6.9012904753346884        8.2273807155573749E-003   10.395729390452752        3.7993092252281797E-003
   7.1450567963692624        8.8084203312133128E-003   10.395729390452752        4.0609140474978109E-003
   7.3974330131920443        9.4338563576473137E-003   10.395729390452752        4.3406755985148414E-003
   7.6587243988323896        1.0107738001563020E-002   10.395729390452752        4.6398701300242300E-003
   7.9292442763577622        1.0834530538453499E-002   10.395729390452752        4.9598669428054312E-003
   8.2093202460023029        1.1619176553541508E-002   10.395729390452752        5.3021434312804294E-003
   8.4992881560440416        1.2467130672542508E-002   10.395729390452752        5.6682865298398125E-003
   8.7994991583321234        1.3384437329496368E-002   10.395729390452752        6.0600107302721017E-003
   9.1103132457223861        1.4377777831100171E-002   10.395729390452752        6.4791601349311100E-003
   9.4321068148357909        1.5454568914746218E-002   10.395729390452752        6.9277295017065232E-003
   9.7652657388916850        1.6623026546539799E-002   10.395729390452752        7.4078670491495033E-003
   10.110193474162946        1.7892291123269573E-002   10.395729390452752        7.9218990483587819E-003
   10.467303634806061        1.9272512463899438E-002   10.395729390452752        8.4723335727470810E-003
   10.837027566606025        2.0775002527929878E-002   10.395729390452752        9.0618874600648710E-003
   11.219811965471335        2.2412367760808714E-002   10.395729390452752        9.6935003067687604E-003
   11.616115840724994        2.4198649845713304E-002   10.395729390452752        1.0370348019819458E-002
   12.026419117330413        2.6149532116149149E-002   10.395729390452752        1.1095877772197241E-002
   12.451213803399156        2.8282481218002604E-002   10.395729390452752        1.1873815393411619E-002
   12.891014326336300        3.0616988656174900E-002   10.395729390452752        1.2708208312604710E-002
   13.346348065368609        3.3174722810055991E-002   10.395729390452752        1.3603435124813839E-002
   13.817766430769083        3.5979791919987084E-002   10.395729390452752        1.4564256148307987E-002
   14.305834715756038        3.9058891127167317E-002   10.395729390452752        1.5595825694263694E-002
   14.811143972217785        4.2441574629977996E-002   10.395729390452752        1.6703751633932399E-002
   15.334300133051286        4.6160381590791805E-002   10.395729390452752        1.7894110955397832E-002
   15.875936741648431        5.0251107965140394E-002   10.395729390452752        1.9173519926738096E-002
   16.436703292225193        5.4752899109130747E-002   10.395729390452752        2.0549153550097978E-002
   17.017278874447534        5.9708517781105329E-002   10.395729390452752        2.2028828093039816E-002
   17.618359675531394        6.5164394977832260E-002   10.395729390452752        2.3621025042170195E-002
   18.240671728221173        7.1170872928614251E-002   10.395729390452752        2.5334982685777274E-002
   18.884968846184627        7.7782312402871687E-002   10.395729390452752        2.7180757166027362E-002
   19.552019805756849        8.5057040291514396E-002   10.395729390452752        2.9169254670566983E-002
   20.242632201214423        9.3057633375029064E-002   10.395500263599411        3.1312375390428422E-002
   20.957638264717446       0.10185074719968265        10.394951685156739        3.3623055407070689E-002
   21.697899624358065       0.11150703802743346        10.394536123096113        3.6115368735200527E-002
   22.464312967141105       0.12210097919853252        10.394221322693216        3.8804641623457210E-002
   23.257792778673313       0.13371017887459766        10.393982855036825        4.1707492896005671E-002
   24.079299719823517       0.14641511045619146        10.393802209748982        4.4842041712011442E-002
   24.929823759061236       0.16029795874628330        10.393665366369405        4.8227964256500652E-002
   25.810395145829254       0.17544156700144861        10.393561703511059        5.1886657526736435E-002
   26.722064579292049       0.19192754298308667        10.393483176804432        5.5841282875185132E-002
   27.665935811728254       0.20983494457666507        10.393423690835823        6.0117032904376311E-002
   28.643146268414043       0.22923776910663324        10.393378628708385        6.4741186761086866E-002
   29.654879655490589       0.25020274626715866        10.393344492830218        6.9743303341245705E-002
   30.702343174827575       0.27265710742846261        10.381103352576345        7.5099001571887050E-002
   31.786804983723918       0.29672879107364014        10.366520272678393        8.0879102209421405E-002
   32.909571928103169       0.32250994188480037        10.355473220404299        8.7148387342107822E-002
   34.072004028335677       0.35000680918356514        10.347104755531680        9.3944779171831597E-002
   35.275488300232773       0.37920583109278566        10.340765474554384       0.10130924183628563     
   36.521481794408061       0.41007274069093103        10.335963308700089       0.10928600713438753     
   37.811486012809581       0.44255068970222533        10.332325546472045       0.11792237097424149     
   39.147055493126302       0.47655992908548556        10.329569849474220       0.12726864382947695     
   40.529808025860810       0.51199839530812941        10.327482328481842       0.13737806978754974     
   41.961393513511240       0.54874214213134775        10.325900989213764       0.14830637201729613     
   43.443545167355794       0.58664881412689607        10.324703084677843       0.16011182413512479     
   44.978049075047366       0.62555993527673426        10.323795641660288       0.17285464141458368     
   46.566763998623138       0.66530532325253700        10.323108227060638       0.18659665818316701     
   48.211585595230147       0.70570685999744598        10.322587496632593       0.20140043999781795     
   49.914505239722644       0.74658523888597872        10.322193030148199       0.21732913095549417     
   51.677575059319224       0.78776480516157321        10.321894211798163       0.23444542126594972     
   53.502930680545909       0.82908007624487723        10.321667848167069       0.25281097606788466     
   55.392750120602578       0.87038086476311904        10.321496373149557       0.27248521156425776     
   57.349321371645829       0.91153971035888737        10.321366476481963       0.29352518888919465     
   59.375002227322796       0.95245651158163414        10.321268076467204       0.31598449679013957     
   61.472246417894510       0.99306407915255546        10.321193535580957       0.33991293673663664     
   63.643556378429672        1.0333315187044212        10.321137069355739       0.36535555865360969     
   65.891560899834928        1.0732691344864587        10.321094294760373       0.39235335532109405     
   68.218968971510208        1.1129298994181662        10.321061891921323       0.42094282327761995     
   70.628585269218178        1.1491773492374326        10.319771198351354       0.44960391065520577     
   73.123328588587739        1.1770830520658593        10.315611491093003       0.47586858705391794     
   75.706175661273647        1.2064730108240829        10.312460428921499       0.50437133706409498     
   78.380253523498894        1.2372505153656743        10.310073419540005       0.53500209724583303     
   81.148784610322849        1.2694102543252146        10.308265199493130       0.56767505758953452     
   84.015122474940881        1.3030240516568123        10.306895419974701       0.60232644535598401     
   86.982687236203873        1.3382263893089175        10.305857784353798       0.63891196844781395     
   90.055071705548812        1.3752025994335504        10.305071749097461       0.67740692192571705     
   93.235978303002270        1.4141755363121697        10.304476307487951       0.71780458650683854     
   96.529260096906100        1.4553938048979069        10.304025243070996       0.76011597766374861     
   99.938826062156153        1.4991185209753435        10.303683554432917       0.80436770993443729     
   103.46886588546354        1.5456143292223339        10.303424713547914       0.85060365182418451     
   107.12359379692580        1.5951344955181928        10.303228635346480       0.89887985068947063     
   110.90736836557576        1.6479109862852592        10.303080102917194       0.94926366506917137     
   114.82483910697920        1.7041455494275659        10.302967584497919        1.0018325604833900     
   118.88068277378797        1.7639955019845801        10.302882349086671        1.0566665117260059     
   123.07973629915718        1.8275656369364450        10.302817781875230        1.1138446144174352     
   127.42715949490271        1.8949017974854589        10.302768869993779        1.1734409897228004     
   131.92808807993632        1.9659777525819977        10.302731818447397        1.2355123859069475     
   136.58805281121437        2.0406952519623793        10.302703750627810        1.3000948109861239     
   141.41261684513370        2.1188735612171055        10.302682488578796        1.3671879049315094     
   146.40753387824964        2.2002490324649981        10.302666382230596        1.4367449494561058     
   151.57894168226974        2.2844775059149742        10.302654181118328        1.5086620143569613     
   156.93294936957258        2.3711290353896914        10.302644938577188        1.5827575540917747     
   162.47613596373097        2.4596997337075930        10.302637937034683        1.6587641009307865     
   168.21511902855468        2.5496108303214062        10.302632633197677        1.7363073357853842     
   174.15674278185460        2.4160197743189280        10.235577200807887        1.6599889821117517     
   180.30830831190286        2.2343936617233955        10.159314038669139        1.5378032517681777     
   186.67715947709803        2.0996554163762222        10.101542857470557        1.4370498885787124     
   193.27089166569760        2.0012714802368667        10.057780247333248        1.3541541932120111     
   200.09760727912413        1.9309860828809293        10.024628566316716        1.2863463380862201     
   207.16537088595135        1.8822903466232626        9.9995156283150823        1.2313946375781408     
   214.48286737908427        1.8500141577551465        9.9804917148097871        1.1873904142086882     
   222.05883252794877        1.8300308564129253        9.9660806423679986        1.1526057396826388     
   229.90230130529540        1.8190293272720246        9.9551640204149017        1.1254036160413461     
   238.02291179328489        1.8143438629546957        9.9468943041517992        1.1042050644157066     
   246.43025707061713        1.8138253302007852        9.9406298594709241        1.0875028577101722     
   255.13466811288930        1.8157414689248970        9.9358843273567476        1.0738992509526559     
   264.14653641505117        1.8187006829413417        9.9322894725413491        1.0621578117217905     
   273.47660938458705        1.8215926425436046        9.9295663115029011        1.0512478025314029     
   283.13635184814427        1.8235419825069294        9.9275034234388446        1.0403728641945542     
   293.13729579387660        1.8238713088398308        9.9259407360705616        1.0289796815914498     
   303.49136818478553        1.8220719233234344        9.9247569749521816        1.0167449284305250     
   314.21129214162710        1.8177797163440854        9.9238602352268099        1.0035458366148655     
   325.30973137660959        1.8107555626044292        9.9231809402880149       0.98942218852011121     
   336.80032369109853        1.8008681725979119        9.9226663510289228       0.97453228746279819     
   348.69678677735646        1.7880801918283942        9.9222765372774706       0.95911288513882564     
   361.01330816366544        1.7724354480325410        9.9219812470154984       0.94344269767835787     
   373.76502243504467        1.7434702699484690        9.5630670316333859       0.90650532575386533     
   386.96715283564077        1.6782592300141652        8.1417986064655796       0.79728543408461294     
   400.63544401132759        1.6177844031929607        7.0651646394838483       0.69877661670961122     
   414.78669160661980        1.5606464592395555        6.2495774125578105       0.61169290017483191     
   429.43761284149554        1.5058220725937148        5.6317568123138253       0.53606912683455199     
   444.60621081975989        1.4525778466215673        5.1637364771358572       0.47137240505746375     
   460.31059410826708        1.4004103871504290        4.8091998066130746       0.41669358584193378     
   476.56949149896485        1.3489925743046134        4.5406325076664649       0.37092318770611443     
   493.40288198244309        1.2981303726219959        4.3371835497955349       0.33289025991430210     
   510.83065126063684        1.2477339381290586        4.1830676525363382       0.30146036177997909     
   528.87421463804299        1.1977863133475277        4.0663195643971486       0.27558776855272277     
   547.55511287104378        1.1483265435124357        3.9778800771619758       0.25434623681910695     
   566.89562449487210        1.0994311401401073        3.9108857259938707       0.23693703809976327     
   586.91951519858117        1.0511991985552309        3.8601352028220171       0.22268629730789996     
   607.65068989177485        1.0037455974172336        3.8216904598050512       0.21103694024907921     
   629.11387223602765       0.95719128830392219        3.7925679411794353       0.20153491294915621     
   651.33543626567803       0.91165567078968168        3.7705066325681491       0.19381450879413087     
   674.34163286578985       0.86725598152365591        3.7537948321887344       0.18758475116665568     
   698.16073213207346       0.82409980745070599        3.7411350691249696       0.18261540894298822     
   722.82116976782140       0.77994973901486109        3.7292088081030141       0.17564281058330572     
   748.35235540965130       0.73715703235374674        3.7195336506633003       0.16956005180141845     
   774.78566186873422       0.69645610810891256        3.7122043864302383       0.16510259154412546     
   802.15264573967897       0.65777042062581770        3.7066522923367189       0.16197580595327513     
   830.48594444209971       0.62104641460045285        3.7024464906858361       0.15995879340937161     
   859.82037403360118       0.58624468037144750        3.6992604514091081       0.15888698302403706     
   890.19058800385733       0.55333760914846641        3.6968469747957444       0.15863901320607890     
   921.63390537915473       0.52230252270953936        3.6950186833255612       0.15912660235574869     
   954.18786380243341       0.49312226377765689        3.6936337085245317       0.16028707559058603     
   987.89128659474920       0.46578279984787019        3.6925845675686317       0.16207771114653122     
   1022.7855886411724       0.44027208300353271        3.6917898072423330       0.16447168111385932     
   1058.9119914466876       0.41658271246764367        3.6911877633583461       0.16745482050577562     
   1096.3148872627712       0.39471057848858176        3.6907316944278747       0.17102361601564098     
   1135.0389283928459       0.37465851109524539        3.6903862112341232       0.17518336331129380     
   1175.1302964981960       0.35643750301671878        3.6901245020912046       0.17994710338120687     
   1216.6382559936744       0.34006884760926559        3.6899262484221738       0.18533504882600954     
   1259.6123598874483       0.32558864791701025        3.6897760664953574       0.19137375154586608     
   1304.1038583964914       0.31305079393274465        3.6896623012411705       0.19809596497149984     
   1350.1674228314519       0.30253083408817671        3.6895761201517510       0.20554082319914208     
   1397.8574692241625       0.24570883530111065        2.9122593007117410       0.17616818603624107     
   1447.2325992722181       0.19822989716271211        2.2089096091945617       0.14946654343695423     
   1498.3517579647787       0.16235784436449557        1.6761052861753545       0.12896134844431242     
   1551.2759091786245       0.12115202016834184        1.2697716485374184       0.10249211051548870     
   1606.0700862978565        9.0913418156785261E-002  0.96188259090384476        8.1374226998004409E-002
   1662.7990190437411        6.8918175355149824E-002  0.72865161803454814        6.4734676787260442E-002
   1721.5324161293761        5.2827843950710704E-002  0.55197114144787585        5.1595523972974490E-002
   1782.3403946248577        4.0976522545252088E-002  0.41813142721495389        4.1199062794751662E-002
   1845.2954731357936        3.2176012662526107E-002  0.31674566508681851        3.2956322222053080E-002
   1910.4750110852074        2.5577986664267704E-002  0.23994246630266663        2.6408222087738926E-002
   1977.9568210713478        2.0576683450650338E-002  0.18176219434487259        2.1196567128908095E-002
   2047.8213808026539        1.6738881250036010E-002  0.13768969129844727        1.7041007762775336E-002
   2120.1545400970977        1.3754306242826650E-002  0.10430325575425578        1.3721544336466938E-002
   2195.0417479108573        1.1400642904712521E-002   7.9012487376650231E-002   1.1065429869282991E-002
   2272.5750259096239        9.5180882948670605E-003   5.9853861250683080E-002   8.9364868974340615E-003
   2352.8469348264384        7.9916228461343226E-003   4.5340740755805048E-002   7.2273329257796452E-003
   2435.9532056335870        6.7380922090302308E-003   3.4346815741366152E-002   5.8530454789955770E-003
   2521.9959596104222        5.6970267136266231E-003   2.6018539752920566E-002   4.7463023306531646E-003
   2611.0779162676686        4.8241891913110343E-003   1.9709670205584569E-002   3.8537121533778781E-003
   2703.3053132971791        4.0868532332427442E-003   1.4930598829875444E-002   3.1328135970374094E-003
   2798.7914800504532        3.4604605900189593E-003   1.1310288037040924E-002   2.5497604971840009E-003
   2897.6492167059700        2.9263169553501319E-003   8.5678436812986394E-003   2.0775736711449388E-003
   3000.0000000000000        2.4698607031930727E-003   6.4903478417708610E-003   1.6946668471348530E-003
