         200   4370.0000000000000     
   3.0000000000000000        3.5788667452234459E-003   2.8288780487367732E-002   1.7297170714910638E-002
   3.1059655287322618        3.7798268718156982E-003   2.8288780487367732E-002   1.7555496512236118E-002
   3.2156739552243598        3.9886124435491287E-003   2.8288780487367732E-002   1.7806338383065196E-002
   3.3292574962321346        4.2052322862857544E-003   2.8288780487367732E-002   1.8049464710561913E-002
   3.4468529954360925        4.4296648898873589E-003   2.8288780487367732E-002   1.8284701004291491E-002
   3.5686022069563790        4.6618565403579258E-003   2.8288780487367732E-002   1.8511929159054221E-002
   3.6946518254059528        4.9017192125303515E-003   2.8288780487367732E-002   1.8731085105079755E-002
   3.8251536998800524        5.1491290936196343E-003   2.8288780487367732E-002   1.8942155897563859E-002
   3.9602651907155879        5.4039256793898703E-003   2.8288780487367732E-002   1.9145176175114957E-002
   4.1001490688558144        5.6659103227792778E-003   2.8288780487367732E-002   1.9340223237085518E-002
   4.2449739038313119        5.9348460361311473E-003   2.8288780487367732E-002   1.9527412410034993E-002
   4.3949142193596993        6.2104571792553284E-003   2.8288780487367732E-002   1.9706891666984697E-002
   4.5501507036585132        6.4924295744173792E-003   2.8288780487367732E-002   1.9878836112245019E-002
   4.7108703059600501        6.7804107359490853E-003   2.8288780487367732E-002   2.0043442261872765E-002
   4.8772669425686850        7.0740114968377904E-003   2.8288780487367732E-002   2.0200922961865819E-002
   5.0495410155906377        7.3728058113243849E-003   2.8288780487367732E-002   2.0351501239948475E-002
   5.2279001269311909        7.6763329987863125E-003   2.8288780487367732E-002   2.0495405634919413E-002
   5.4125592113782046        7.9840992323637356E-003   2.8288780487367732E-002   2.0632865255623047E-002
   5.6037407956130689        8.2955795419189429E-003   2.8288780487367732E-002   2.0764105398446864E-002
   5.8016752663703963        8.6102201178559993E-003   2.8288780487367732E-002   2.0889343674173083E-002
   6.0066011480696169        8.9274409132802223E-003   2.8288780487367732E-002   2.1008786707731906E-002
   6.2187653902530293        9.2466385403444946E-003   2.8288780487367732E-002   2.1122627460785609E-002
   6.4384236651766908        9.5671894536287303E-003   2.8288780487367732E-002   2.1231043211884008E-002
   6.6658406759127811        9.8884534090724757E-003   2.8288780487367732E-002   2.1334194212407908E-002
   6.9012904753346884        1.0209777181502098E-002   2.8288780487367732E-002   2.1432223019076373E-002
   7.1450567963692624        1.0530498517432802E-002   2.8288780487367732E-002   2.1525254485974785E-002
   7.3974330131920443        1.0849949820556761E-002   2.8288780487367732E-002   2.1613396254401198E-002
   7.6587243988323896        1.1167464839230231E-002   2.8288780487367732E-002   2.1696740579073129E-002
   7.9292442763577622        1.1482377927497553E-002   2.8288780487367732E-002   2.1775364642114953E-002
   8.2093202460023029        1.1794035614954533E-002   2.8288780487367732E-002   2.1849334516346120E-002
   8.4992881560440416        1.2101793686281096E-002   2.8288780487367732E-002   2.1918705765347098E-002
   8.7994991583321234        1.2405029065756858E-002   2.8288780487367732E-002   2.1983527908741078E-002
   9.1103132457223861        1.2703136922679069E-002   2.8288780487367732E-002   2.2043845629825549E-002
   9.4321068148357909        1.2995542089781015E-002   2.8288780487367732E-002   2.2099703212936452E-002
   9.7652657388916850        1.3281696007391170E-002   2.8288780487367732E-002   2.2151145960211695E-002
   10.110193474162946        1.3561087377845948E-002   2.8288780487367732E-002   2.2198224226002403E-002
   10.467303634806061        1.3833238774030204E-002   2.8288780487367732E-002   2.2240994685739347E-002
   10.837027566606025        1.4097715495968180E-002   2.8288780487367732E-002   2.2279523549628834E-002
   11.219811965471335        1.4354125570056704E-002   2.8288780487367732E-002   2.2313887952500024E-002
   11.616115840724994        1.4602119706355356E-002   2.8288780487367732E-002   2.2344177192999425E-002
   12.026419117330413        1.4841398222944247E-002   2.8288780487367732E-002   2.2370494505955237E-002
   12.451213803399156        1.5071706348653685E-002   2.8288780487367732E-002   2.2392957025275100E-002
   12.891014326336300        1.5292840593059883E-002   2.8288780487367732E-002   2.2411696694086127E-002
   13.346348065368609        1.5504643505780848E-002   2.8288780487367732E-002   2.2426859636261037E-002
   13.817766430769083        1.5707008678357601E-002   2.8288780487367732E-002   2.2438606163145299E-002
   14.305834715756038        1.5899875039969591E-002   2.8288780487367732E-002   2.2447109666631403E-002
   14.811143972217785        1.6083230564877943E-002   2.8288780487367732E-002   2.2452555897549683E-002
   15.334300133051286        1.6257106226824820E-002   2.8288780487367732E-002   2.2455141552675549E-002
   15.875936741648431        1.6421578537194843E-002   2.8288780487367732E-002   2.2455073045338236E-002
   16.436703292225193        1.6576763305284202E-002   2.8288780487367732E-002   2.2452564980449060E-002
   17.017278874447534        1.6722817167699921E-002   2.8288780487367732E-002   2.2447838646724713E-002
   17.618359675531394        1.6859931314991923E-002   2.8288780487367732E-002   2.2441120563482003E-002
   18.240671728221173        1.6988331831728837E-002   2.8288780487367732E-002   2.2432640932625092E-002
   18.884968846184627        1.7108275744682645E-002   2.8288780487367732E-002   2.2422632240959219E-002
   19.552019805756849        1.7220045725923745E-002   2.8288780487367732E-002   2.2411328227665797E-002
   20.242632201214423        1.7323951395076191E-002   2.8288189872487171E-002   2.2398961061542703E-002
   20.957638264717446        1.7420323503978329E-002   2.8286775814786502E-002   2.2385762100613042E-002
   21.697899624358065        1.7509511849864448E-002   2.8285704630273550E-002   2.2371964585629078E-002
   22.464312967141105        1.7591883076212508E-002   2.8284893176706901E-002   2.2357796814542672E-002
   23.257792778673313        1.7667816298688660E-002   2.8284278484258848E-002   2.2343484657946396E-002
   24.079299719823517        1.7737703825327206E-002   2.8283812839165100E-002   2.2329250921660201E-002
   24.929823759061236        1.7801947246675581E-002   2.8283460101216209E-002   2.2315315764899504E-002
   25.810395145829254        1.7860956674326880E-002   2.8283192891913556E-002   2.2301896826353588E-002
   26.722064579292049        1.7915148088052401E-002   2.8282990475475760E-002   2.2289210013544825E-002
   27.665935811728254        1.7964944458442045E-002   2.8282837139898844E-002   2.2277469659816244E-002
   28.643146268414043        1.8010773629153150E-002   2.8282720984316785E-002   2.2266889614605778E-002
   29.654879655490589        1.8053068472891891E-002   2.8282632993069524E-002   2.2257683972670968E-002
   30.702343174827575        1.8065059815335700E-002   2.5161807502245108E-002   2.2209020897128780E-002
   31.786804983723918        1.8064877653972161E-002   2.1441077811667132E-002   2.2147825328731750E-002
   32.909571928103169        1.8066382096679930E-002   1.8622530860185650E-002   2.2094630123755291E-002
   34.072004028335677        1.8069074070539606E-002   1.6487399191565909E-002   2.2048282353791398E-002
   35.275488300232773        1.8072621083019366E-002   1.4869993875662922E-002   2.2007864584567213E-002
   36.521481794408061        1.8076825106840042E-002   1.3644768395297480E-002   2.1972652915228423E-002
   37.811486012809581        1.8081595955659165E-002   1.2716629070555204E-002   2.1942083997941699E-002
   39.147055493126302        1.8086929231844212E-002   1.2013540031078096E-002   2.1915725928932431E-002
   40.529808025860810        1.8092887875191012E-002   1.1480929540677033E-002   2.1893253772336529E-002
   41.961393513511240        1.8099586370485272E-002   1.1077466348621404E-002   2.1874429426151535E-002
   43.443545167355794        1.8107177571677270E-002   1.0771832764735102E-002   2.1859083232401152E-002
   44.978049075047366        1.8115840986566430E-002   1.0540307586135209E-002   2.1847099427054477E-002
   46.566763998623138        1.8125772755648348E-002   1.0364920498596483E-002   2.1838402863525914E-002
   48.211585595230147        1.8137176489403946E-002   1.0232061241298664E-002   2.1832947734059610E-002
   49.914505239722644        1.8150255703606538E-002   1.0131416989828007E-002   2.1830707106993915E-002
   51.677575059319224        1.8165206540564156E-002   1.0055176420972641E-002   2.1831664066844197E-002
   53.502930680545909        1.8182211647842311E-002   9.9974219624524002E-003   2.1835803488373468E-002
   55.392750120602578        1.8201434186790374E-002   9.9536717949097377E-003   2.1843104480776050E-002
   57.349321371645829        1.8223013533887378E-002   9.9205299352184695E-003   2.1853533778262366E-002
   59.375002227322796        1.8247060649396820E-002   9.8954241373327388E-003   2.1867039550650221E-002
   61.472246417894510        1.8273654760380117E-002   9.8764057618880192E-003   2.1883546065563652E-002
   63.643556378429672        1.8302839817467106E-002   9.8619989587872010E-003   2.1902948507657439E-002
   65.891560899834928        1.8334623247201001E-002   9.8510854406503711E-003   2.1925109552486714E-002
   68.218968971510208        1.8368973875521485E-002   9.8428181743255849E-003   2.1949855829271909E-002
   70.628585269218178        1.8362440485136969E-002   9.8250077181010805E-003   2.1914495822268662E-002
   73.123328588587739        1.8248129001410179E-002   9.7824948950374167E-003   2.1722337659058458E-002
   75.706175661273647        1.8156235795435585E-002   9.7502905738577113E-003   2.1561452218519211E-002
   78.380253523498894        1.8082654527481989E-002   9.7258949851334216E-003   2.1426569977367204E-002
   81.148784610322849        1.8024027049155768E-002   9.7074147089654186E-003   2.1313221336971330E-002
   84.015122474940881        1.7977604104820622E-002   9.6934153598077222E-003   2.1217635099154503E-002
   86.982687236203873        1.7941134775224781E-002   9.6828105703796758E-003   2.1136649368549837E-002
   90.055071705548812        1.7912774773878998E-002   9.6747771738689824E-003   2.1067624893582954E-002
   93.235978303002270        1.7891014821658204E-002   9.6686916726022362E-003   2.1008372161379598E-002
   96.529260096906100        1.7874621341908942E-002   9.6640817275852695E-003   2.0957083378272828E-002
   99.938826062156153        1.7862589071823722E-002   9.6605896191958394E-003   2.0912274801999767E-002
   103.46886588546354        1.7854101263904808E-002   9.6579442270896682E-003   2.0872732276427729E-002
   107.12359379692580        1.7848498846938336E-002   9.6559402788868928E-003   2.0837470481906786E-002
   110.90736836557576        1.7845253679356802E-002   9.6544222555036956E-003   2.0805693233638262E-002
   114.82483910697920        1.7843946949484220E-002   9.6532723006263216E-003   2.0776760378294252E-002
   118.88068277378797        1.7844251369773360E-002   9.6524011821239042E-003   2.0750162771209092E-002
   123.07973629915718        1.7845915831335653E-002   9.6517412956785373E-003   2.0725497982984158E-002
   127.42715949490271        1.7848752718338069E-002   9.6512414090201733E-003   2.0702450121415191E-002
   131.92808807993632        1.7852626758062099E-002   9.6508627367394434E-003   2.0680775464967313E-002
   136.58805281121437        1.7857445803187072E-002   9.6505758794743143E-003   2.0660286486259741E-002
   141.41261684513370        1.7863152279063179E-002   9.6503585781904516E-003   2.0640842110778022E-002
   146.40753387824964        1.7869716009592296E-002   9.6501939689307911E-003   2.0622337165906085E-002
   151.57894168226974        1.7877128067850280E-002   9.6500692717600405E-003   2.0604693640365657E-002
   156.93294936957258        1.7885394485099747E-002   9.6499748116234182E-003   2.0587855413779072E-002
   162.47613596373097        1.7894531855466363E-002   9.6499032548239445E-003   2.0571780966672254E-002
   168.21511902855468        1.7904562136439039E-002   9.6498490488257510E-003   2.0556440200905933E-002
   174.15674278185460        1.5846201639746961E-002   9.0981951731256578E-003   1.8355390700578310E-002
   180.30830831190286        1.3504921007664627E-002   8.4707938798252863E-003   1.5857407161538224E-002
   186.67715947709803        1.1735436545049145E-002   7.9955222967565756E-003   1.3965011653089859E-002
   193.27089166569760        1.0399183012447537E-002   7.6354963362751374E-003   1.2531097287902011E-002
   200.09760727912413        9.3911349910496822E-003   7.3627642994496482E-003   1.1444274456678420E-002
   207.16537088595135        8.6317708688915130E-003   7.1561653421163465E-003   1.0620282805503468E-002
   214.48286737908427        8.0608052363575298E-003   6.9996595324680923E-003   9.9953016868586514E-003
   222.05883252794877        7.6325857881951262E-003   6.8811026141045650E-003   9.5210458587360360E-003
   229.90230130529540        7.3125165487636758E-003   6.7912938186155724E-003   9.1609580449139479E-003
   238.02291179328489        7.0743706290202716E-003   6.7232605698859726E-003   8.8873512095323879E-003
   246.43025707061713        6.8982812676251348E-003   6.6717242765514939E-003   8.6792765071435161E-003
   255.13466811288930        6.7691781696928811E-003   6.6326837633819951E-003   8.5208619346663177E-003
   264.14653641505117        6.6756378058860444E-003   6.6031096348361717E-003   8.4000948854645562E-003
   273.47660938458705        6.6089919663814842E-003   6.5807067510652434E-003   8.3078765865457534E-003
   283.13635184814427        6.5626585520464674E-003   6.5637357967667388E-003   8.2373123672126996E-003
   293.13729579387660        6.5316398737625039E-003   6.5508798903448533E-003   8.1831818459456342E-003
   303.49136818478553        6.5121361648951080E-003   6.5411413319662473E-003   8.1415288689997475E-003
   314.21129214162710        6.5012556209077792E-003   6.5337640393432527E-003   8.1093537039306947E-003
   325.30973137660959        6.4967962087703578E-003   6.5281756200963534E-003   8.0843836606906191E-003
   336.80032369109853        6.4970783795352677E-003   6.5239422004790201E-003   8.0648938773769212E-003
   348.69678677735646        6.5008199429855973E-003   6.5207352832080305E-003   8.0495763602475342E-003
   361.01330816366544        6.5070406069162633E-003   6.5183059911741734E-003   8.0374379681295658E-003
   373.76502243504467        6.4927804970297976E-003   6.4873794638755635E-003   7.9885710084178305E-003
   386.96715283564077        6.4133878190658087E-003   6.3707483368175269E-003   7.8257142829271428E-003
   400.63544401132759        6.3554647630191478E-003   6.2823983595898204E-003   7.7020345073444546E-003
   414.78669160661980        6.3137433741625674E-003   6.2154702158232610E-003   7.6080166598585424E-003
   429.43761284149554        6.2842081792111324E-003   6.1647710574868585E-003   7.5364608567087630E-003
   444.60621081975989        6.2637962888373953E-003   6.1263647028452642E-003   7.4819113802873953E-003
   460.31059410826708        6.2501745295998161E-003   6.0972709646503918E-003   7.4402382171052392E-003
   476.56949149896485        6.2415657215712950E-003   6.0752319843899397E-003   7.4083119932162270E-003
   493.40288198244309        6.2366171968504290E-003   6.0585366995056277E-003   7.3837599137646613E-003
   510.83065126063684        6.2343009483778735E-003   6.0458897494456553E-003   7.3647837408014069E-003
   528.87421463804299        6.2338363673333577E-003   6.0363092501814729E-003   7.3500177094938746E-003
   547.55511287104378        6.2346318783238451E-003   6.0290517913580508E-003   7.3384245399892465E-003
   566.89562449487210        6.2362399456257966E-003   6.0235541481648992E-003   7.3292145213160057E-003
   586.91951519858117        6.2383228894921129E-003   6.0193894945276983E-003   7.3217847371765087E-003
   607.65068989177485        6.2406264948499336E-003   6.0162346691420730E-003   7.3156738279071976E-003
   629.11387223602765        6.2429599271665113E-003   6.0138448375592693E-003   7.3105268822373894E-003
   651.33543626567803        6.2451803973042827E-003   6.0120344580122890E-003   7.3060690965797538E-003
   674.34163286578985        6.2471811391059352E-003   6.0106630660367154E-003   7.3020863926658696E-003
   698.16073213207346        6.2488825469110233E-003   6.0096241894893520E-003   7.2984100928650325E-003
   722.82116976782140        6.1329930804040339E-003   5.8916381039226641E-003   7.0735027908839631E-003
   748.35235540965130        6.0129756354077588E-003   5.7701137647286670E-003   6.8416156072679223E-003
   774.78566186873422        5.9218536954926742E-003   5.6780549017846627E-003   6.6650947274175219E-003
   802.15264573967897        5.8524888828309345E-003   5.6083180969770897E-003   6.5304382700874198E-003
   830.48594444209971        5.7994725786947986E-003   5.5554913321837155E-003   6.4274118365721510E-003
   859.82037403360118        5.7587052412958820E-003   5.5154732425389029E-003   6.3482550817583706E-003
   890.19058800385733        5.7270824245791961E-003   5.4851588882323110E-003   6.2870897630118196E-003
   921.63390537915473        5.7022499920506217E-003   5.4621947231370043E-003   6.2394577661081954E-003
   954.18786380243341        5.6824248364463108E-003   5.4447988152623531E-003   6.2019829407661646E-003
   987.89128659474920        5.6662556350434755E-003   5.4316211318827228E-003   6.1721080856848368E-003
   1022.7855886411724        5.6527183113882044E-003   5.4216385838909940E-003   6.1478974147568741E-003
   1058.9119914466876        5.6410385221952672E-003   5.4140766412948006E-003   6.1278897266267163E-003
   1096.3148872627712        5.6306308393679547E-003   5.4083482099231877E-003   6.1109831252688243E-003
   1135.0389283928459        5.6210548899469828E-003   5.4040087852590055E-003   6.0963513232666243E-003
   1175.1302964981960        5.6119810468850707E-003   5.4007216004402234E-003   6.0833780232159886E-003
   1216.6382559936744        5.6031646498984258E-003   5.3982314449807466E-003   6.0716074395672382E-003
   1259.6123598874483        5.5944274397339471E-003   5.3963450922748200E-003   6.0607078706268157E-003
   1304.1038583964914        5.5856427606065786E-003   5.3949161493946915E-003   6.0504427344290068E-003
   1350.1674228314519        5.5767243355620043E-003   5.3938336760594834E-003   6.0406484837423327E-003
   1397.8574692241625        4.7581240496427169E-003   4.6053311438487635E-003   5.1443370216524139E-003
   1447.2325992722181        4.0669635568681469E-003   3.9397980190168892E-003   4.3865955188033970E-003
   1498.3517579647787        3.5424301651816002E-003   3.4356406556177365E-003   3.8119301009036954E-003
   1551.2759091786245        2.6909288223843030E-003   2.6150404928234846E-003   2.8966768604494781E-003
   1606.0700862978565        2.0342118598887875E-003   1.9809561250267540E-003   2.1908958697641032E-003
   1662.7990190437411        1.5377080188190629E-003   1.5006268950141378E-003   1.6571599974557598E-003
   1721.5324161293761        1.1623542112269192E-003   1.1367609974744658E-003   1.2535201033021279E-003
   1782.3403946248577        8.7861361969860156E-004   8.6112382076623123E-004   9.4826478073342939E-004
   1845.2954731357936        6.6414118358436660E-004   6.5232417268287020E-004   7.1740835056502655E-004
   1910.4750110852074        5.0203044400327598E-004   4.9415126416796394E-004   5.4280530329915439E-004
   1977.9568210713478        3.7950318802263203E-004   3.7433147828098322E-004   4.1074170136287869E-004
   2047.8213808026539        2.8689641672241219E-004   2.8356604008645479E-004   3.1084668724718932E-004
   2120.1545400970977        2.1690188056759457E-004   2.1480810163376725E-004   2.3527575097996158E-004
   2195.0417479108573        1.6399845119923433E-004   1.6272284403785501E-004   1.7810142321293896E-004
   2272.5750259096239        1.2401039028094301E-004   1.2326647157594143E-004   1.3483923234335323E-004
   2352.8469348264384        9.3783376334544887E-005   9.3377319605153944E-005   1.0210023323055773E-004
   2435.9532056335870        7.0933298559749006E-005   7.0735800461977863E-005   7.7321619240713869E-005
   2521.9959596104222        5.3657825092411662E-005   5.3584071668630727E-005   5.8564710800958955E-005
   2611.0779162676686        4.0595728094376836E-005   4.0591224215131824E-005   4.4364194199313637E-005
   2703.3053132971791        3.0718284123623452E-005   3.0748930776017842E-005   3.3611716780542649E-005
   2798.7914800504532        2.3247850370505995E-005   2.3293055280000109E-005   2.5468614683796820E-005
   2897.6492167059700        1.7597163891854201E-005   1.7645108227597516E-005   1.9300858500891783E-005
   3000.0000000000000        1.3322164835107154E-005   1.3366594252037334E-005   1.4628456562143077E-005
