         200   4370.0000000000000     
   3.0000000000000000        1.6421818449597837E-003   1.9436365590437199        7.9552921084060800E-004
   3.1059655287322618        1.7591887070505449E-003   1.9436365590437199        8.4817714565194220E-004
   3.2156739552243598        1.8843643960516970E-003   1.9436365590437199        9.0449509347485877E-004
   3.3292574962321346        2.0182339780676082E-003   1.9436365590437199        9.6474155995542618E-004
   3.4468529954360925        2.1613536727296905E-003   1.9436365590437199        1.0291929067655825E-003
   3.5686022069563790        2.3143140333320377E-003   1.9436365590437199        1.0981445699605118E-003
   3.6946518254059528        2.4777434384161824E-003   1.9436365590437199        1.1719122069779704E-003
   3.8251536998800524        2.6523124967263180E-003   1.9436365590437199        1.2508330132786349E-003
   3.9602651907155879        2.8387394348729977E-003   1.9436365590437199        1.3352672140509185E-003
   4.1001490688558144        3.0377957141348366E-003   1.9436365590437199        1.4255993672900756E-003
   4.2449739038313119        3.2503132083684799E-003   1.9436365590437199        1.5222400625614350E-003
   4.3949142193596993        3.4771920413776275E-003   1.9436365590437199        1.6256275951886336E-003
   4.5501507036585132        3.7194095144057891E-003   1.9436365590437199        1.7362298026119655E-003
   4.7108703059600501        3.9780299089819029E-003   1.9436365590437199        1.8545459612581633E-003
   4.8772669425686850        4.2542163831661073E-003   1.9436365590437199        1.9811093012519609E-003
   5.0495410155906377        4.5492420995717868E-003   1.9436365590437199        2.1164888312112935E-003
   5.2279001269311909        4.8645044632944015E-003   1.9436365590437199        2.2612922493496852E-003
   5.4125592113782046        5.2015396837861065E-003   1.9436365590437199        2.4161686668089902E-003
   5.6037407956130689        5.5620388557241279E-003   1.9436365590437199        2.5818116852262597E-003
   5.8016752663703963        5.9478654636057416E-003   1.9436365590437199        2.7589627733877391E-003
   6.0066011480696169        6.3610744267397447E-003   1.9436365590437199        2.9484149744323312E-003
   6.2187653902530293        6.8039328347412912E-003   1.9436365590437199        3.1510169768314686E-003
   6.4384236651766908        7.2789425647080451E-003   1.9436365590437199        3.3676775841208866E-003
   6.6658406759127811        7.7888650207141742E-003   1.9436365590437199        3.5993706201498583E-003
   6.9012904753346884        8.3367482950350968E-003   1.9436365590437199        3.8471403085190464E-003
   7.1450567963692624        8.9259571197222564E-003   1.9436365590437199        4.1121071669886064E-003
   7.3974330131920443        9.5602050822648343E-003   1.9436365590437199        4.3954740256459601E-003
   7.6587243988323896        1.0243596478689759E-002   1.9436365590437199        4.6985352557099309E-003
   7.9292442763577622        1.0980656828689149E-002   1.9436365590437199        5.0226796388521330E-003
   8.2093202460023029        1.1776394919301396E-002   1.9436365590437199        5.3694056133560862E-003
   8.4992881560440416        1.2636337966217333E-002   1.9436365590437199        5.7403227462482255E-003
   8.7994991583321234        1.3566610424323215E-002   1.9436365590437199        6.1371699922112668E-003
   9.1103132457223861        1.4573981667784092E-002   1.9436365590437199        6.5618177810211759E-003
   9.4321068148357909        1.5665965902731293E-002   1.9436365590437199        7.0162893457566067E-003
   9.7652657388916850        1.6850886845927646E-002   1.9436365590437199        7.5027635732881912E-003
   10.110193474162946        1.8138004699085157E-002   1.9436365590437199        8.0235999291756351E-003
   10.467303634806061        1.9537602382324843E-002   1.9436365590437199        8.5813422672920744E-003
   10.837027566606025        2.1061140499795281E-002   1.9436365590437199        9.1787461602354653E-003
   11.219811965471335        2.2721391717355523E-002   1.9436365590437199        9.8187930930645709E-003
   11.616115840724994        2.4532583767279532E-002   1.9436365590437199        1.0504704209871839E-002
   12.026419117330413        2.6510609167583951E-002   1.9436365590437199        1.1239975753159806E-002
   12.451213803399156        2.8673169470376028E-002   1.9436365590437199        1.2028386572642635E-002
   12.891014326336300        3.1040021025569308E-002   1.9436365590437199        1.2874041667326188E-002
   13.346348065368609        3.3633130277102768E-002   1.9436365590437199        1.3781381906436923E-002
   13.817766430769083        3.6476941955002444E-002   1.9436365590437199        1.4755235299503693E-002
   14.305834715756038        3.9598530188773497E-002   1.9436365590437199        1.5800829467725250E-002
   14.811143972217785        4.3027877032198146E-002   1.9436365590437199        1.6923852061575029E-002
   15.334300133051286        4.6798003380124666E-002   1.9436365590437199        1.8130466579842758E-002
   15.875936741648431        5.0945248577445021E-002   1.9436365590437199        1.9427383550267015E-002
   16.436703292225193        5.5509369180804138E-002   1.9436365590437199        2.0821880323852095E-002
   17.017278874447534        6.0533816477850444E-002   1.9436365590437199        2.2321884827053266E-002
   17.618359675531394        6.6065794869057587E-002   1.9436365590437199        2.3935999956367873E-002
   18.240671728221173        7.2156516212946845E-002   1.9436365590437199        2.5673596558480682E-002
   18.884968846184627        7.8861317888948221E-002   1.9436365590437199        2.7544875498114699E-002
   19.552019805756849        8.6239620313559834E-002   1.9436365590437199        2.9560900510193059E-002
   20.242632201214423        9.4355227094561442E-002   1.9434525889857841        3.1733706758913502E-002
   20.957638264717446       0.10327616589648175        1.9430121255201982        3.4076387813187184E-002
   21.697899624358065       0.11307462611024847        1.9426784632922460        3.6603294395508183E-002
   22.464312967141105       0.12382679241077008        1.9424257044055622        3.9329977480513326E-002
   23.257792778673313       0.13561217580706750        1.9422342344494126        4.2273302065611161E-002
   24.079299719823517       0.14851336768290876        1.9420891911095075        4.5451658817342942E-002
   24.929823759061236       0.16261490105439813        1.9419793171069542        4.8885022899594475E-002
   25.810395145829254       0.17800221933417379        1.9418960843396991        5.2595121870078886E-002
   26.722064579292049       0.19475979608709929        1.9418330338392578        5.6605482298906419E-002
   27.665935811728254       0.21296984896675228        1.9417852714887007        6.0941703764412325E-002
   28.643146268414043       0.23270984277177553        1.9417490902987853        6.5631519470350175E-002
   29.654879655490589       0.25405030472818257        1.9417216819902754        7.0704998309416428E-002
   30.702343174827575       0.27690451960882817        1.9229474702642855        7.6129923356555912E-002
   31.786804983723918       0.30141668611775868        1.9005732158053321        8.1983138905372413E-002
   32.909571928103169       0.32769274158357115        1.8836241515245595        8.8334307463393588E-002
   34.072004028335677       0.35574357201932377        1.8707847401107123        9.5221922524159383E-002
   35.275488300232773       0.38556074775786997        1.8610586269257237       0.10268770364779056     
   36.521481794408061       0.41711563663632339        1.8536908499177061       0.11077684751266728     
   37.811486012809581       0.45035750525596185        1.8481095722780763       0.11953785359907103     
   39.147055493126302       0.48521319618085557        1.8438816131451119       0.12902251680869400     
   40.529808025860810       0.52158771730218267        1.8406788105685348       0.13928590060370122     
   41.961393513511240       0.55936465270429914        1.8382526229992626       0.15038594451194981     
   43.443545167355794       0.59840967661233724        1.8364147244831786       0.16238362042728879     
   44.978049075047366       0.63857283359968997        1.8350224698206612       0.17534241418685242     
   46.566763998623138       0.67969298624840679        1.8339677962346326       0.18932811394609039     
   48.211585595230147       0.72160157806485858        1.8331688597148621       0.20440803911729163     
   49.914505239722644       0.76412946037188689        1.8325636450716309       0.22065103156721957     
   51.677575059319224       0.80711173557908500        1.8321051796550361       0.23812656258062248     
   53.502930680545909       0.85039433388111463        1.8317578787064170       0.25690431604984409     
   55.392750120602578       0.89383912461389647        1.8314947912309354       0.27705310449322751     
   57.349321371645829       0.93733145124485662        1.8312954958067520       0.29864091971046547     
   59.375002227322796       0.98078474647138447        1.8311445244766626       0.32173393201794281     
   61.472246417894510        1.0241461369928058        1.8310301592830087       0.34639628293670599     
   63.643556378429672        1.0673997775211361        1.8309435253414628       0.37268916936272883     
   65.891560899834928        1.1105718659508050        1.8308778979371232       0.40067158859412594     
   68.218968971510208        1.1537320611455995        1.8308281835166154       0.43039986037871941     
   70.628585269218178        1.1936274940471061        1.8297941458904603       0.46032578474303470     
   73.123328588587739        1.2251337216231499        1.8265068246625016       0.48793598475517558     
   75.706175661273647        1.2584921483384335        1.8240166125096273       0.51804248516674345     
   78.380253523498894        1.2936121713706368        1.8221302137503217       0.55055491392849343     
   81.148784610322849        1.3304976850794115        1.8207012189255216       0.58540898120573037     
   84.015122474940881        1.3692325610901432        1.8196187135930708       0.62256395409614462     
   86.982687236203873        1.4099658326021243        1.8187986939638752       0.66199977475933780     
   90.055071705548812        1.4528999234183115        1.8181775083314207       0.70371710397953058     
   93.235978303002270        1.4982770991766630        1.8177069444860849       0.74773566765032118     
   96.529260096906100        1.5463676824720802        1.8173504786242083       0.79409424777408866     
   99.938826062156153        1.5974565068890492        1.8170804499314139       0.84284885495329365     
   103.46886588546354        1.6518342733100249        1.8168758939174836       0.89407536821800848     
   107.12359379692580        1.7097818889880487        1.8167209378126654       0.94786512572717296     
   110.90736836557576        1.7715605057415635        1.8166035560409426        1.0043255516626999     
   114.82483910697920        1.8374025807044831        1.8165146353152135        1.0635809798003133     
   118.88068277378797        1.9074965509543071        1.8164472757248922        1.1257669080844901     
   123.07973629915718        1.9819784505921281        1.8163962497387640        1.1910296670352825     
   127.42715949490271        2.0609252359074013        1.8163575958008382        1.2595262185938494     
   131.92808807993632        2.1443399826311613        1.8163283148136617        1.3314154324904968     
   136.58805281121437        2.2321522342229900        1.8163061334596871        1.4068608392999047     
   141.41261684513370        2.3242056910092406        1.8162893305500809        1.4860204585401522     
   146.40753387824964        2.4202573311160016        1.8162766020725345        1.5690443338656042     
   151.57894168226974        2.5199795530645299        1.8162669598134005        1.6560723982839474     
   156.93294936957258        2.6229528871522407        1.8162596556451507        1.7472218137079651     
   162.47613596373097        2.7286786150823774        1.8162541224867090        1.8425893780394202     
   168.21511902855468        2.8365758936362129        1.8162499309859876        1.9422382180783506     
   174.15674278185460        2.7107020582209977        1.7645396172798449        1.8746266661945266     
   180.30830831190286        2.5344549366555928        1.7057287209585246        1.7579375058427349     
   186.67715947709803        2.4076114540767879        1.6611780512439458        1.6669851036412870     
   193.27089166569760        2.3193400808694693        1.6274301937547169        1.5983699611318256     
   200.09760727912413        2.2611157018275181        1.6018650320113137        1.5495265170587278     
   207.16537088595135        2.2261834754306973        1.5824990058498001        1.5184615974659972     
   214.48286737908427        2.2091480394356471        1.5678285755475434        1.5035488065221667     
   222.05883252794877        2.2056737866991383        1.5567153714331969        1.5033867049659397     
   229.90230130529540        2.2122544936598389        1.5482969384196750        1.5167003436592410     
   238.02291179328489        2.2260414183830206        1.5419196861249092        1.5422865614514243     
   246.43025707061713        2.2447109383020689        1.5370888137049070        1.5789882421555883     
   255.13466811288930        2.2663649531353194        1.5334292618409564        1.6256944266386222     
   264.14653641505117        2.2894518471553464        1.5306570632078393        1.6813480251852253     
   273.47660938458705        2.3127068475022994        1.5285570776183608        1.7449618033687373     
   283.13635184814427        2.3351058730916110        1.5269662663714261        1.8156352478944642     
   293.13729579387660        2.3558267600299998        1.5257611885563680        1.8925597761418149     
   303.49136818478553        2.3742205984565810        1.5248483224956220        1.9750248779037742     
   314.21129214162710        2.3897883866448368        1.5241567950853139        2.0624204265006476     
   325.30973137660959        2.4021599143536645        1.5236329518155587        2.1542247312596183     
   336.80032369109853        2.4110787031465639        1.5232361225376152        2.2500052352363307     
   348.69678677735646        2.4163867044149705        1.5229355148067309        2.3494020717634001     
   361.01330816366544        2.4180124662175633        1.5227077995573930        2.4521217026390687     
   373.76502243504467        2.3802561687089772        1.4770269403589757        2.5213840473878766     
   386.96715283564077        2.2271027192083519        1.2965963265881124        2.4669212859609555     
   400.63544401132759        2.0977122591208381        1.1599171996693955        2.4274895587898979     
   414.78669160661980        1.9868496545918688        1.0563780642519836        2.4026166138416083     
   429.43761284149554        1.8904021562446776       0.97794548379896629        2.3918355369538462     
   444.60621081975989        1.8051532779949571       0.91853010888592657        2.3945356000618627     
   460.31059410826708        1.7286144494939100       0.87352153208654681        2.4099333338798861     
   476.56949149896485        1.6588761888203016       0.83942680252692636        2.4371139997415616     
   493.40288198244309        1.5944875618931569       0.81359887327045233        2.4751044863236205     
   510.83065126063684        1.5343651080314442       0.79403379644054728        2.5229397828180211     
   528.87421463804299        1.4777080174663999       0.77921257841690650        2.5797180525815420     
   547.55511287104378        1.4239395174737521       0.76798514897370485        2.6446273634983291     
   566.89562449487210        1.3726531370381456       0.75948018841425746        2.7169590408851576     
   586.91951519858117        1.3235697351063584       0.75303738853005731        2.7961095076405575     
   607.65068989177485        1.2765081764310720       0.74815681252063959        2.8815656863631820     
   629.11387223602765        1.2313572666113459       0.74445969674917356        2.9728934731152270     
   651.33543626567803        1.1880537181411515       0.74165900450636080        3.0697259794150948     
   674.34163286578985        1.1465698703536844       0.73953743454372800        3.1717405679820714     
   698.16073213207346        1.1068973119840990       0.73793027239241338        3.2786538845078033     
   722.82116976782140        1.0606591328759727       0.72821062772306333        3.3700190927463036     
   748.35235540965130        1.0159592265528903       0.71851567292584384        3.4645505137916741     
   774.78566186873422       0.97517776313239146       0.71117141151413310        3.5679454539176927     
   802.15264573967897       0.93782080450351080       0.70560795669680088        3.6789574189856831     
   830.48594444209971       0.90350928455623758       0.70139354911267116        3.7965299594521436     
   859.82037403360118       0.87194773784354240       0.69820099054579721        3.9197544375485380     
   890.19058800385733       0.84290444880048054       0.69578257546402256        4.0478230915372579     
   921.63390537915473       0.81619160837324911       0.69395054293431291        4.1800109386126625     
   954.18786380243341       0.79165534067260113       0.69256273419064851        4.3156409753727605     
   987.89128659474920       0.76916538803731938       0.69151144647705109        4.4540684657289873     
   1022.7855886411724       0.74860773438423511       0.69071505990805104        4.5946694303551316     
   1058.9119914466876       0.72988156578354380       0.69011178411872753        4.7368154335165391     
   1096.3148872627712       0.71289382996009809       0.68965478197763097        4.8798758473457271     
   1135.0389283928459       0.69755836553426209       0.68930859185436666        5.0231974222546008     
   1175.1302964981960       0.68379339858161448       0.68904634720083024        5.1661028608461370     
   1216.6382559936744       0.67151992072053546       0.68884768786412642        5.3078915689082464     
   1259.6123598874483       0.66066182518902072       0.68869719863425949        5.4478272436697379     
   1304.1038583964914       0.65114476766653784       0.68858320059302214        5.5851430128166761     
   1350.1674228314519       0.64289551861097494       0.68849684315941062        5.7190484739194130     
   1397.8574692241625       0.51850960516619504       0.54650813326556580        4.9013221170456305     
   1447.2325992722181       0.40909834045892807       0.41858605366581458        4.1798816977629585     
   1498.3517579647787       0.32534927973925643       0.32168199890845134        3.6277429468899003     
   1551.2759091786245       0.24346829327911387       0.24380942414662524        2.8159401648561642     
   1606.0700862978565       0.18210896042894439       0.18469150800071521        2.1740063021540235     
   1662.7990190437411       0.13643725832173442       0.13990872421914405        1.6758447735211337     
   1721.5324161293761       0.10238005618225128       0.10598422661032997        1.2897768422593787     
   1782.3403946248577        7.6939039195622824E-002   8.0285603009256551E-002  0.99102020400587865     
   1845.2954731357936        5.7901794034102949E-002   6.0818477318113864E-002  0.76018760020296894     
   1910.4750110852074        4.3632379997649934E-002   4.6071460648028639E-002  0.58212054647869582     
   1977.9568210713478        3.2919829227263400E-002   3.4900240516391026E-002  0.44499140423193595     
   2047.8213808026539        2.4865483169285496E-002   2.6437859425408168E-002  0.33957454814254745     
   2120.1545400970977        1.8800995337812872E-002   2.0027314951751262E-002  0.25868039091962813     
   2195.0417479108573        1.4228829501581983E-002   1.5171223164324619E-002  0.19672004499799237     
   2272.5750259096239        1.0777464255065112E-002   1.1492566762921375E-002  0.14934923292138533     
   2352.8469348264384        8.1692704677941656E-003   8.7058959827834518E-003  0.11320083583118112     
   2435.9532056335870        6.1962803752284214E-003   6.5949475063633439E-003   8.5667769747932679E-002
   2521.9959596104222        4.7024001748017762E-003   4.9958314958460778E-003   6.4734612172370171E-002
   2611.0779162676686        3.5703860125474440E-003   3.7844626224554181E-003   4.8847922282382113E-002
   2703.3053132971791        2.7119822417736102E-003   2.8668309826173689E-003   3.6811996587111949E-002
   2798.7914800504532        2.0606407987453961E-003   2.1716934823829796E-003   2.7708210410162751E-002
   2897.6492167059700        1.5661667987028765E-003   1.6451155107470156E-003   2.0833086903039026E-002
   3000.0000000000000        1.1906060482209104E-003   1.2462146021579017E-003   1.5648421344086338E-002
