         200   4370.0000000000000     
   3.0000000000000000        1.0547242207131992E-003   3.0381682229565017E-003   1.7706592072095526E-003
   3.1059655287322618        1.0858032464482841E-003   3.0381682229565017E-003   1.7916777428467999E-003
   3.2156739552243598        1.1167803876886151E-003   3.0381682229565017E-003   1.8127434764801246E-003
   3.3292574962321346        1.1476034636791024E-003   3.0381682229565017E-003   1.8337984720560746E-003
   3.4468529954360925        1.1782208718539747E-003   3.0381682229565017E-003   1.8547851617921850E-003
   3.5686022069563790        1.2085817293767292E-003   3.0381682229565017E-003   1.8756465941741885E-003
   3.6946518254059528        1.2386359605318692E-003   3.0381682229565017E-003   1.8963266575264682E-003
   3.8251536998800524        1.2683344515039014E-003   3.0381682229565017E-003   1.9167703632583727E-003
   3.9602651907155879        1.2976292530200856E-003   3.0381682229565017E-003   1.9369241754170624E-003
   4.1001490688558144        1.3264737010987493E-003   3.0381682229565017E-003   1.9567362954849383E-003
   4.2449739038313119        1.3548226694520863E-003   3.0381682229565017E-003   1.9761570463676108E-003
   4.3949142193596993        1.3826327851986508E-003   3.0381682229565017E-003   1.9951392350532502E-003
   4.5501507036585132        1.4098626697937645E-003   3.0381682229565017E-003   2.0136385306180212E-003
   4.7108703059600501        1.4364731688651464E-003   3.0381682229565017E-003   2.0316138259013996E-003
   4.8772669425686850        1.4624276816822403E-003   3.0381682229565017E-003   2.0490276498233121E-003
   5.0495410155906377        1.4876922881999655E-003   3.0381682229565017E-003   2.0658464187159557E-003
   5.2279001269311909        1.5122360609254590E-003   3.0381682229565017E-003   2.0820407809543987E-003
   5.4125592113782046        1.5360312572587143E-003   3.0381682229565017E-003   2.0975858426706090E-003
   5.6037407956130689        1.5590535050331456E-003   3.0381682229565017E-003   2.1124613458807237E-003
   5.8016752663703963        1.5812819555728736E-003   3.0381682229565017E-003   2.1266517784061748E-003
   6.0066011480696169        1.6026993996483838E-003   3.0381682229565017E-003   2.1401464112202713E-003
   6.2187653902530293        1.6232923429685877E-003   3.0381682229565017E-003   2.1529392617599644E-003
   6.4384236651766908        1.6430510391831888E-003   3.0381682229565017E-003   2.1650289846368766E-003
   6.6658406759127811        1.6619694797134414E-003   3.0381682229565017E-003   2.1764186938829063E-003
   6.9012904753346884        1.6800453410192205E-003   3.0381682229565017E-003   2.1871157232227520E-003
   7.1450567963692624        1.6972798910927240E-003   3.0381682229565017E-003   2.1971313327660033E-003
   7.3974330131920443        1.7136778343070926E-003   3.0381682229565017E-003   2.2064803585086371E-003
   7.6587243988323896        1.7292472641740951E-003   3.0381682229565017E-003   2.2151809088617087E-003
   7.9292442763577622        1.7439992094664659E-003   3.0381682229565017E-003   2.2232538266641123E-003
   8.2093202460023029        1.7579477567913899E-003   3.0381682229565017E-003   2.2307224760977967E-003
   8.4992881560440416        1.7711094596729047E-003   3.0381682229565017E-003   2.2376121447442131E-003
   8.7994991583321234        1.7835034140811659E-003   3.0381682229565017E-003   2.2439498223595523E-003
   9.1103132457223861        1.7951506806473028E-003   3.0381682229565017E-003   2.2497636535120402E-003
   9.4321068148357909        1.8060743089281072E-003   3.0381682229565017E-003   2.2550827264553441E-003
   9.7652657388916850        1.8162987906355883E-003   3.0381682229565017E-003   2.2599365997050540E-003
   10.110193474162946        1.8258500531337389E-003   3.0381682229565017E-003   2.2643551239620230E-003
   10.467303634806061        1.8347549585639930E-003   3.0381682229565017E-003   2.2683680546772716E-003
   10.837027566606025        1.8430412605485488E-003   3.0381682229565017E-003   2.2720049091056391E-003
   11.219811965471335        1.8507372787066225E-003   3.0381682229565017E-003   2.2752947181396625E-003
   11.616115840724994        1.8578716229049330E-003   3.0381682229565017E-003   2.2782658315701840E-003
   12.026419117330413        1.8644731519984064E-003   3.0381682229565017E-003   2.2809458454673814E-003
   12.451213803399156        1.8705706274369284E-003   3.0381682229565017E-003   2.2833614227461517E-003
   12.891014326336300        1.8761927146276622E-003   3.0381682229565017E-003   2.2855382762609084E-003
   13.346348065368609        1.8813677038610191E-003   3.0381682229565017E-003   2.2875010555283262E-003
   13.817766430769083        1.8861235316800227E-003   3.0381682229565017E-003   2.2892733657480097E-003
   14.305834715756038        1.8904875665242439E-003   3.0381682229565017E-003   2.2908777080363745E-003
   14.811143972217785        1.8944866510037185E-003   3.0381682229565017E-003   2.2923355264894466E-003
   15.334300133051286        1.8981469460276276E-003   3.0381682229565017E-003   2.2936671897446741E-003
   15.875936741648431        1.9014939913306939E-003   3.0381682229565017E-003   2.2948920587590421E-003
   16.436703292225193        1.9045525989163554E-003   3.0381682229565017E-003   2.2960284988264531E-003
   17.017278874447534        1.9073469267080745E-003   3.0381682229565017E-003   2.2970939618981870E-003
   17.618359675531394        1.9099004108374049E-003   3.0381682229565017E-003   2.2981050199121274E-003
   18.240671728221173        1.9122358403146501E-003   3.0381682229565017E-003   2.2990774541309625E-003
   18.884968846184627        1.9143753581577143E-003   3.0381682229565017E-003   2.3000263196299659E-003
   19.552019805756849        1.9163404506620867E-003   3.0381682229565017E-003   2.3009660020376693E-003
   20.242632201214423        1.9181520607549399E-003   3.0381533012928674E-003   2.3019102982785866E-003
   20.957638264717446        1.9198305814523856E-003   3.0381123028340603E-003   2.3028724992815060E-003
   21.697899624358065        1.9213959233328531E-003   3.0380740541216590E-003   2.3038655843327254E-003
   22.464312967141105        1.9228675878865686E-003   3.0380383705271626E-003   2.3049021674883571E-003
   23.257792778673313        1.9242647104745344E-003   3.0380050804181104E-003   2.3059946193524179E-003
   24.079299719823517        1.9256062038747641E-003   3.0379740230602483E-003   2.3071551989926721E-003
   24.929823759061236        1.9269108293924159E-003   3.0379450487040562E-003   2.3083961280597875E-003
   25.810395145829254        1.9281973350858005E-003   3.0379180174888269E-003   2.3097297063099328E-003
   26.722064579292049        1.9294845609888053E-003   3.0378927993986796E-003   2.3111683830740462E-003
   27.665935811728254        1.9307916316291598E-003   3.0378692726733968E-003   2.3127249095774229E-003
   28.643146268414043        1.9321380794530398E-003   3.0378473238739717E-003   2.3144124128435272E-003
   29.654879655490589        1.9335440162151071E-003   3.0378268470524221E-003   2.3162445176835912E-003
   30.702343174827575        1.9343266878881667E-003   2.9553575476456684E-003   2.3172048478629741E-003
   31.786804983723918        1.9347965856714520E-003   2.8386038105171151E-003   2.3177351866346921E-003
   32.909571928103169        1.9353107203555248E-003   2.7296806889373034E-003   2.3183427194513606E-003
   34.072004028335677        1.9358870208164539E-003   2.6280624054013323E-003   2.3190367625213447E-003
   35.275488300232773        1.9365440943241857E-003   2.5332601919919985E-003   2.3198271067526761E-003
   36.521481794408061        1.9373012247506818E-003   2.4448163162653414E-003   2.3207240657488744E-003
   37.811486012809581        1.9381782907316588E-003   2.3623043276498733E-003   2.3217384638518452E-003
   39.147055493126302        1.9391956526760444E-003   2.2853263774035466E-003   2.3228816229082065E-003
   40.529808025860810        1.9403739979137653E-003   2.2135108890049947E-003   2.3241653309417302E-003
   41.961393513511240        1.9417341070011843E-003   2.1465124412813046E-003   2.3256017480451038E-003
   43.443545167355794        1.9432966539444433E-003   2.0840075463927580E-003   2.3272033644543026E-003
   44.978049075047366        1.9450819084257036E-003   2.0256948239675749E-003   2.3289828574056671E-003
   46.566763998623138        1.9471094630888574E-003   1.9712927954982284E-003   2.3309529690254635E-003
   48.211585595230147        1.9493978796901457E-003   1.9205397958077094E-003   2.3331262865927474E-003
   49.914505239722644        1.9519644529079954E-003   1.8731907747674323E-003   2.3355151075095475E-003
   51.677575059319224        1.9548248595201200E-003   1.8290174292086784E-003   2.3381311524937405E-003
   53.502930680545909        1.9579928955218732E-003   1.7878065321225870E-003   2.3409853136959198E-003
   55.392750120602578        1.9614801207316788E-003   1.7493598655936990E-003   2.3440872630905436E-003
   57.349321371645829        1.9652957120532186E-003   1.7134917980212311E-003   2.3474451884148402E-003
   59.375002227322796        1.9694461521714856E-003   1.6800293840453365E-003   2.3510653193455468E-003
   61.472246417894510        1.9739350595527729E-003   1.6488110988742725E-003   2.3549515219697397E-003
   63.643556378429672        1.9787628878268470E-003   1.6196867874799341E-003   2.3591047295556077E-003
   65.891560899834928        1.9839269177472350E-003   1.5925158292823260E-003   2.3635225884321796E-003
   68.218968971510208        1.9894210110488367E-003   1.5671672138462334E-003   2.3681988763096240E-003
   70.628585269218178        1.9941474352309888E-003   1.5432077690914294E-003   2.3715942221254845E-003
   73.123328588587739        1.9958827985315430E-003   1.5199891956650311E-003   2.3706067505681497E-003
   75.706175661273647        1.9976496085220667E-003   1.4983280134797353E-003   2.3695045295232882E-003
   78.380253523498894        1.9994270169938298E-003   1.4781196360970604E-003   2.3682717278802421E-003
   81.148784610322849        2.0011941819518806E-003   1.4592666246156323E-003   2.3668938828414494E-003
   84.015122474940881        2.0029308577868537E-003   1.4416779745802732E-003   2.3653585149784073E-003
   86.982687236203873        2.0046179181320285E-003   1.4252690873582763E-003   2.3636557587317936E-003
   90.055071705548812        2.0062379560798157E-003   1.4099607361069341E-003   2.3617788294035143E-003
   93.235978303002270        2.0077757360759006E-003   1.3956791084216453E-003   2.3597244763210556E-003
   96.529260096906100        2.0092186433430643E-003   1.3823552661517023E-003   2.3574932472615615E-003
   99.938826062156153        2.0105569951141085E-003   1.3699251949068844E-003   2.3550896931893535E-003
   103.46886588546354        2.0117843917487298E-003   1.3583286648032595E-003   2.3525221894160281E-003
   107.12359379692580        2.0128977736335448E-003   1.3475099127069868E-003   2.3498029303569198E-003
   110.90736836557576        2.0138975313474272E-003   1.3374168887419669E-003   2.3469475107569370E-003
   114.82483910697920        2.0147874855649039E-003   1.3280006871819153E-003   2.3439743401162953E-003
   118.88068277378797        2.0155746632896628E-003   1.3192160292319563E-003   2.3409042620035673E-003
   123.07973629915718        2.0162690901254134E-003   1.3110206512045790E-003   2.3377597969696990E-003
   127.42715949490271        2.0168834751753662E-003   1.3033748424128796E-003   2.3345643234986891E-003
   131.92808807993632        2.0174327489892751E-003   1.2962419188852967E-003   2.3313416326484256E-003
   136.58805281121437        2.0179336592844560E-003   1.2895873180559579E-003   2.3281149460829755E-003
   141.41261684513370        2.0184042202380193E-003   1.2833790405773580E-003   2.3249065601148554E-003
   146.40753387824964        2.0188632084530236E-003   1.2775872179331732E-003   2.3217371889922324E-003
   151.57894168226974        1.9898205093382020E-003   1.2601806395176891E-003   2.2871883412920145E-003
   156.93294936957258        1.8967137229243681E-003   1.2171003180795471E-003   2.1845342588553726E-003
   162.47613596373097        1.8098132758439767E-003   1.1769088956337850E-003   2.0886623079823456E-003
   168.21511902855468        1.7287331598210174E-003   1.1394131075013211E-003   1.9991316974936886E-003
   174.15674278185460        1.6531089544450999E-003   1.1044325584656652E-003   1.9155290288522518E-003
   180.30830831190286        1.5825940303638689E-003   1.0717977503504252E-003   1.8374638260875253E-003
   186.67715947709803        1.5168636952154430E-003   1.0413517552507489E-003   1.7645728397894748E-003
   193.27089166569760        1.4556111742126548E-003   1.0129480950646713E-003   1.6965153232052818E-003
   200.09760727912413        1.3985447426347836E-003   9.8644913991681937E-004   1.6329695538275994E-003
   207.16537088595135        1.3453918480987757E-003   9.6172774996581081E-004   1.5736371324176250E-003
   214.48286737908427        1.2958929207691750E-003   9.3866413776890097E-004   1.5182358103535381E-003
   222.05883252794877        1.2498052053429550E-003   9.1714739952278150E-004   1.4665034903918002E-003
   229.90230130529540        1.2069000332855209E-003   8.9707401648981958E-004   1.4181949263783130E-003
   238.02291179328489        1.1669608561857749E-003   8.7834672313496826E-004   1.3730792551818719E-003
   246.43025707061713        1.1297861209267467E-003   8.6087566742092071E-004   1.3309430079979116E-003
   255.13466811288930        1.0951848846610106E-003   8.4457619338414809E-004   1.2915849459753407E-003
   264.14653641505117        1.0629794122358185E-003   8.2936992329062000E-004   1.2548188077681887E-003
   273.47660938458705        1.0330031628908944E-003   8.1518369856647206E-004   1.2204708607301414E-003
   283.13635184814427        1.0050992985327438E-003   8.0194877988980077E-004   1.1883780357974344E-003
   293.13729579387660        9.7912227120189733E-004   7.8960152576311254E-004   1.1583896178160547E-003
   303.49136818478553        9.5493612154104901E-004   7.7808253256557078E-004   1.1303651907076920E-003
   314.21129214162710        9.3241320209603098E-004   7.6733598503999235E-004   1.1041730648512799E-003
   325.30973137660959        9.1143563178058731E-004   7.5731032212141231E-004   1.0796918951804816E-003
   336.80032369109853        8.9189266318690191E-004   7.4795696448136037E-004   1.0568075681056822E-003
   348.69678677735646        8.7368199862943919E-004   7.3923093551654835E-004   1.0354146986079112E-003
   361.01330816366544        8.5670851769028623E-004   7.3109025360817677E-004   1.0154151262890521E-003
   373.76502243504467        8.4036742812188339E-004   7.2280427133309690E-004   9.9579521236109101E-004
   386.96715283564077        8.2328086247323434E-004   7.1262029468711224E-004   9.7418348965674516E-004
   400.63544401132759        8.0731763054607650E-004   7.0311946506901399E-004   9.5398828328415700E-004
   414.78669160661980        7.9239971275286026E-004   6.9425574622897722E-004   9.3511613262826107E-004
   429.43761284149554        7.7845536930658699E-004   6.8598661076163059E-004   9.1748081131384426E-004
   444.60621081975989        7.6541735050545323E-004   6.7827199058855458E-004   9.0100107611390643E-004
   460.31059410826708        7.5322373167063307E-004   6.7107478914781320E-004   8.8560174563024024E-004
   476.56949149896485        7.4181703713878746E-004   6.6436038013131316E-004   8.7121262333415838E-004
   493.40288198244309        7.3114356183073565E-004   6.5809622888436268E-004   8.5776768082813665E-004
   510.83065126063684        7.2115399574889370E-004   6.5225228051644024E-004   8.4520588964573579E-004
   528.87421463804299        7.1180212396723035E-004   6.4680021818808164E-004   8.3346963249678258E-004
   547.55511287104378        7.0304540851368557E-004   6.4171382508455322E-004   8.2250548683703592E-004
   566.89562449487210        6.9484434921570693E-004   6.3696863016442175E-004   8.1226347242081018E-004
   586.91951519858117        6.8716198785465392E-004   6.3254164059572851E-004   8.0269648388317971E-004
   607.65068989177485        6.7996427111910061E-004   6.2841156873384403E-004   7.9376079284010110E-004
   629.11387223602765        6.7321952824857202E-004   6.2455854447482600E-004   7.8541544042847302E-004
   651.33543626567803        6.6689806726841639E-004   6.2096389799777183E-004   7.7762178015899712E-004
   674.34163286578985        6.6097254725770358E-004   6.1761038247991492E-004   7.7034397484731544E-004
   698.16073213207346        6.5541721549568265E-004   6.1448174846890789E-004   7.6354808867598394E-004
   722.82116976782140        6.4734387089932703E-004   6.0869845644383744E-004   7.5171986346272784E-004
   748.35235540965130        6.3891348187816320E-004   6.0242977136983392E-004   7.3900857723323830E-004
   774.78566186873422        6.3102404359596689E-004   5.9658145451475754E-004   7.2714512246798595E-004
   802.15264573967897        6.2364025834109186E-004   5.9112538363233723E-004   7.1607297763611388E-004
   830.48594444209971        6.1672912661921142E-004   5.8603530913196053E-004   7.0573924096775556E-004
   859.82037403360118        6.1025956374131701E-004   5.8128656706840154E-004   6.9609407156267177E-004
   890.19058800385733        6.0420281010739368E-004   5.7685637336170575E-004   6.8709131333758269E-004
   921.63390537915473        5.9853167831152958E-004   5.7272326151763472E-004   6.7868738185710451E-004
   954.18786380243341        5.9322094330094114E-004   5.6886735703348288E-004   6.7084185262074965E-004
   987.89128659474920        5.8824699387236608E-004   5.6527010884634772E-004   6.6351694751499806E-004
   1022.7855886411724        5.8358757172245485E-004   5.6191408649774620E-004   6.5667715393205876E-004
   1058.9119914466876        5.7922208148907764E-004   5.5878318806415906E-004   6.5028967984636559E-004
   1096.3148872627712        5.7513106234180467E-004   5.5586224278384659E-004   6.4432367339349226E-004
   1135.0389283928459        5.7129648162003899E-004   5.5313720498442851E-004   6.3875064448395372E-004
   1175.1302964981960        5.6770149451937249E-004   5.5059496429249216E-004   6.3354409957922821E-004
   1216.6382559936744        5.6433026389431909E-004   5.4822320228614034E-004   6.2867926428827534E-004
   1259.6123598874483        5.6116815406642283E-004   5.4601051409848447E-004   6.2413334281639303E-004
   1304.1038583964914        5.5820153317216595E-004   5.4394625431081352E-004   6.1988520653599472E-004
   1350.1674228314519        5.5541762253092622E-004   5.4202042055668718E-004   6.1591515174353199E-004
   1397.8574692241625        5.3325874272705845E-004   5.2081085596960067E-004   5.9071228852571435E-004
   1447.2325992722181        5.1068175963140772E-004   4.9914744198251008E-004   5.6507654571986705E-004
   1498.3517579647787        4.8960958038124904E-004   4.7893699080522162E-004   5.4115540260578387E-004
   1551.2759091786245        4.5704839691170293E-004   4.4722134537417455E-004   5.0513175689555841E-004
   1606.0700862978565        4.2625783956754020E-004   4.1722625859025027E-004   4.7108836543031767E-004
   1662.7990190437411        3.9752821882716073E-004   3.8924325953000800E-004   4.3932704185391724E-004
   1721.5324161293761        3.7072161745094450E-004   3.6313675663066184E-004   4.0969504152217856E-004
   1782.3403946248577        3.4571029815875972E-004   3.3878121402914290E-004   3.8205097170194508E-004
   1845.2954731357936        3.2237498452783095E-004   3.1605945527446249E-004   3.5626284320756403E-004
   1910.4750110852074        3.0060356045717848E-004   2.9486138213261483E-004   3.3220659663663152E-004
   1977.9568210713478        2.8029219637711543E-004   2.7508506144090927E-004   3.0976732021665003E-004
   2047.8213808026539        2.6134394074876771E-004   2.5663534774887794E-004   2.8883767510043244E-004
   2120.1545400970977        2.4366765502714275E-004   2.3942284300783122E-004   2.6931670846555567E-004
   2195.0417479108573        2.2717911068594439E-004   2.2336496301358924E-004   2.5111106068489406E-004
   2272.5750259096239        2.1179889732961883E-004   2.0838389934259017E-004   2.3413265558911759E-004
   2352.8469348264384        1.9745344502204306E-004   1.9440761397561098E-004   2.1829983362030213E-004
   2435.9532056335870        1.8407402603169820E-004   1.8136886589306006E-004   2.0353625646713725E-004
   2521.9959596104222        1.7159600256957570E-004   1.6920447586866942E-004   1.8977008574702173E-004
   2611.0779162676686        1.5995946967604059E-004   1.5785595015448917E-004   1.7693470190698914E-004
   2703.3053132971791        1.4910844784721708E-004   1.4726869009144285E-004   1.6496782294539929E-004
   2798.7914800504532        1.3899027598405342E-004   1.3739139513327869E-004   1.5381084430879263E-004
   2897.6492167059700        1.2955624381140546E-004   1.2817667481847760E-004   1.4340954474261120E-004
   3000.0000000000000        1.2076039971362981E-004   1.1957987923923642E-004   1.3371277901499056E-004
