         200   4370.0000000000000     
   3.0000000000000000        1.6219413226791865E-003   10.395729390452752        7.8575008928692593E-004
   3.1059655287322618        1.7374889716886843E-003   10.395729390452752        8.3775042134059464E-004
   3.2156739552243598        1.8610996734733476E-003   10.395729390452752        8.9337542777730974E-004
   3.3292574962321346        1.9932908354109531E-003   10.395729390452752        9.5288037702913580E-004
   3.4468529954360925        2.1346104282006194E-003   10.395729390452752        1.0165381603322143E-003
   3.5686022069563790        2.2856401112622319E-003   10.395729390452752        1.0846404921109624E-003
   3.6946518254059528        2.4469986685288496E-003   10.395729390452752        1.1574990393714113E-003
   3.8251536998800524        2.6193463495575772E-003   10.395729390452752        1.2354467180995142E-003
   3.9602651907155879        2.8033901848001242E-003   10.395729390452752        1.3188391619888629E-003
   4.1001490688558144        2.9998895314024871E-003   10.395729390452752        1.4080560042759038E-003
   4.2449739038313119        3.2096631647192150E-003   10.395729390452752        1.5035025497817866E-003
   4.3949142193596993        3.4335970253599251E-003   10.395729390452752        1.6056114220903968E-003
   4.5501507036585132        3.6726530468072149E-003   10.395729390452752        1.7148443703267533E-003
   4.7108703059600501        3.9278788513542355E-003   10.395729390452752        1.8316941351719290E-003
   4.8772669425686850        4.2004195159878648E-003   10.395729390452752        1.9566869245843700E-003
   5.0495410155906377        4.4915285836803591E-003   10.395729390452752        2.0903842077407272E-003
   5.2279001269311909        4.8025821467566820E-003   10.395729390452752        2.2333855814765150E-003
   5.4125592113782046        5.1350932523043123E-003   10.395729390452752        2.3863314510120218E-003
   5.6037407956130689        5.4907278084211399E-003   10.395729390452752        2.5499060603293754E-003
   5.8016752663703963        5.8713218967140881E-003   10.395729390452752        2.7248408178109280E-003
   6.0066011480696169        6.2789006056776335E-003   10.395729390452752        2.9119179482778534E-003
   6.2187653902530293        6.7156985326436505E-003   10.395729390452752        3.1119745042981011E-003
   6.4384236651766908        7.1841821425894514E-003   10.395729390452752        3.3259067713423776E-003
   6.6658406759127811        7.6870742209454047E-003   10.395729390452752        3.5546751031130903E-003
   6.9012904753346884        8.2273807155573749E-003   10.395729390452752        3.7993092252281797E-003
   7.1450567963692624        8.8084203312133128E-003   10.395729390452752        4.0609140474978109E-003
   7.3974330131920443        9.4338563576473137E-003   10.395729390452752        4.3406755985148414E-003
   7.6587243988323896        1.0107738001563020E-002   10.395729390452752        4.6398701300242300E-003
   7.9292442763577622        1.0834530538453499E-002   10.395729390452752        4.9598669428054312E-003
   8.2093202460023029        1.1619176553541508E-002   10.395729390452752        5.3021434312804294E-003
   8.4992881560440416        1.2467130672542508E-002   10.395729390452752        5.6682865298398125E-003
   8.7994991583321234        1.3384437329496368E-002   10.395729390452752        6.0600107302721017E-003
   9.1103132457223861        1.4377777831100171E-002   10.395729390452752        6.4791601349311100E-003
   9.4321068148357909        1.5454568914746218E-002   10.395729390452752        6.9277295017065232E-003
   9.7652657388916850        1.6623026546539799E-002   10.395729390452752        7.4078670491495033E-003
   10.110193474162946        1.7892291123269573E-002   10.395729390452752        7.9218990483587819E-003
   10.467303634806061        1.9272512463899438E-002   10.395729390452752        8.4723335727470810E-003
   10.837027566606025        2.0775002527929878E-002   10.395729390452752        9.0618874600648710E-003
   11.219811965471335        2.2412367760808714E-002   10.395729390452752        9.6935003067687604E-003
   11.616115840724994        2.4198649845713304E-002   10.395729390452752        1.0370348019819458E-002
   12.026419117330413        2.6149532116149149E-002   10.395729390452752        1.1095877772197241E-002
   12.451213803399156        2.8282481218002604E-002   10.395729390452752        1.1873815393411619E-002
   12.891014326336300        3.0616988656174900E-002   10.395729390452752        1.2708208312604710E-002
   13.346348065368609        3.3174722810055991E-002   10.395729390452752        1.3603435124813839E-002
   13.817766430769083        3.5979791919987084E-002   10.395729390452752        1.4564256148307987E-002
   14.305834715756038        3.9058891127167317E-002   10.395729390452752        1.5595825694263694E-002
   14.811143972217785        4.2441574629977996E-002   10.395729390452752        1.6703751633932399E-002
   15.334300133051286        4.6160381590791805E-002   10.395729390452752        1.7894110955397832E-002
   15.875936741648431        5.0251107965140394E-002   10.395729390452752        1.9173519926738096E-002
   16.436703292225193        5.4752899109130747E-002   10.395729390452752        2.0549153550097978E-002
   17.017278874447534        5.9708517781105329E-002   10.395729390452752        2.2028828093039816E-002
   17.618359675531394        6.5164394977832260E-002   10.395729390452752        2.3621025042170195E-002
   18.240671728221173        7.1170872928614251E-002   10.395729390452752        2.5334982685777274E-002
   18.884968846184627        7.7782312402871687E-002   10.395729390452752        2.7180757166027362E-002
   19.552019805756849        8.5057040291514396E-002   10.395729390452752        2.9169254670566983E-002
   20.242632201214423        9.3057633375029064E-002   10.395612064609843        3.1312375430644683E-002
   20.957638264717446       0.10185074719968265        10.395304269548662        3.3623055550096488E-002
   21.697899624358065       0.11150703802743346        10.395036377253003        3.6115368963954231E-002
   22.464312967141105       0.12210097919853252        10.394803213411592        3.8804641923304947E-002
   23.257792778673313       0.13371017887459766        10.394600278381564        4.1707493254439128E-002
   24.079299719823517       0.14641511045619146        10.394423651989783        4.4842042118371749E-002
   24.929823759061236       0.16029795874628330        10.394269923566112        4.8227964701739866E-002
   25.810395145829254       0.17544156700144861        10.394136123862358        5.1886658003213501E-002
   26.722064579292049       0.19192754298308667        10.394019670784838        5.5841283376492780E-002
   27.665935811728254       0.20983494457666507        10.393918314765173        6.0117033425196392E-002
   28.643146268414043       0.22923776910663324        10.393830098610296        6.4741187297069666E-002
   29.654879655490589       0.25020274626715866        10.393753318434538        6.9743303888913352E-002
   30.702343174827575       0.27271867726480264        10.387296372274303        7.5125821015225733E-002
   31.786804983723918       0.29686301167898932        10.378696564570257        8.0937661098168898E-002
   32.909571928103169       0.32269750469066788        10.371211641910181        8.7230360495590839E-002
   34.072004028335677       0.35023241501306657        10.364697033807088        9.4043562037978076E-002
   35.275488300232773       0.37945741032814101        10.359027020038893       0.10141961556042034     
   36.521481794408061       0.41034082297532132        10.354092070793923       0.10940386817854050     
   37.811486012809581       0.44282789290208641        10.349796891796727       0.11804451213797444     
   39.147055493126302       0.47684054603698739        10.346058542788073       0.12739257737593707     
   40.529808025860810       0.51227805962970641        10.342804817953507       0.13750188457040743     
   41.961393513511240       0.54901755820560705        10.339972926254422       0.14842861815452763     
   43.443545167355794       0.58691753901768562        10.337508162962177       0.16023141995535375     
   44.978049075047366       0.62582020277603745        10.335362933295105       0.17297079841783652     
   46.566763998623138       0.66555590200245984        10.333495802369807       0.18670882054206892     
   48.211585595230147       0.70594693949143539        10.331870737916848       0.20150823591113576     
   49.914505239722644       0.74681433750094928        10.330456347948280       0.21743233333504963     
   51.677575059319224       0.78798269652642361        10.329225320477651       0.23454391614745845     
   53.502930680545909       0.82928673013691823        10.328153878339965       0.25290473710827810     
   55.392750120602578       0.87057640011294668        10.327221344628590       0.27257427958193520     
   57.349321371645829       0.91172435742087399        10.326409705235291       0.29360965519604987     
   59.375002227322796       0.95263058209604579        10.325703287336664       0.31606448982224922     
   61.472246417894510       0.99322794261450431        10.325088446545992       0.33998861120367885     
   63.643556378429672        1.0334855839010917        10.324553317541570       0.36542708688013764     
   65.891560899834928        1.0734138347289426        10.324087563032979       0.39242092015171925     
   68.218968971510208        1.1130656812982536        10.323682189262385       0.42100661251993771     
   70.628585269218178        1.1508925841264610        10.322684976841868       0.45042671536740003     
   73.123328588587739        1.1839447418401470        10.320083214576366       0.47919503238089073     
   75.706175661273647        1.2171290450349443        10.317818760961742       0.50958745937594541     
   78.380253523498894        1.2506346021344668        10.315847872686552       0.54161534622910867     
   81.148784610322849        1.2846856000928077        10.314132491736304       0.57529146796635888     
   84.015122474940881        1.3195373572819549        10.312639485709958       0.61063222226646230     
   86.982687236203873        1.3554702913965693        10.311340042275802       0.64765857896882950     
   90.055071705548812        1.3927851753771341        10.310209059591035       0.68639899439719076     
   93.235978303002270        1.4317956207184579        10.309224698287085       0.72688997835414881     
   96.529260096906100        1.4728211866184109        10.308367945529797       0.76917757330674152     
   99.938826062156153        1.5161782090851643        10.307622271653994       0.81331660648487603     
   103.46886588546354        1.5621741672561031        10.306973259746901       0.85937347774119188     
   107.12359379692580        1.6110955740215958        10.306408386659379       0.90742204639795254     
   110.90736836557576        1.6632003022140240        10.305916749952175       0.95754357312897753     
   114.82483910697920        1.7187104405087457        10.305488844285493        1.0098261976537419     
   118.88068277378797        1.7777995440807604        10.305116412913335        1.0643579558378280     
   123.07973629915718        1.8405856014459943        10.304792267653943        1.1212238954926448     
   127.42715949490271        1.9071253812923914        10.304510141459396        1.1805024099128083     
   131.92808807993632        1.9774019466954935        10.304264593217885        1.2422532430820625     
   136.58805281121437        2.0513250259008027        10.304050875481915        1.3065144132731379     
   141.41261684513370        2.1287208646071032        10.303864864414841        1.3732868816993036     
   146.40753387824964        2.2093319164864513        10.303702969875092        1.4425247751071515     
   151.57894168226974        2.2928192973161248        10.303562061781907        1.5141247047467661     
   156.93294936957258        2.3787576092541634        10.303439422568786        1.5879055386113512     
   162.47613596373097        2.4666467298516470        10.303332681120317        1.6636001843215067     
   168.21511902855468        2.5559109366079085        10.303239777783856        1.7408347810708404     
   174.15674278185460        2.5283982832764589        10.268014691696473        1.7390001582312946     
   180.30830831190286        2.4586423470268950        10.223034828839580        1.7051312984050773     
   186.67715947709803        2.3980733458460417        10.183886218883069        1.6737814773819113     
   193.27089166569760        2.3453068680095366        10.149813266715435        1.6440816016936595     
   200.09760727912413        2.2991702150159576        10.120157203409651        1.6152409327734609     
   207.16537088595135        2.2586587678151449        10.094346079397292        1.5865620342054252     
   214.48286737908427        2.2228929759596405        10.071880860535725        1.5574532920770723     
   222.05883252794877        2.1910919505108892        10.052328064352308        1.5274470707504293     
   229.90230130529540        2.1625496572751866        10.035310308425849        1.4962121217762316     
   238.02291179328489        2.1366187468684359        10.020498570229675        1.4635605121311741     
   246.43025707061713        2.1127031654284307        10.007607189216682        1.4294506585373656     
   255.13466811288930        2.0902505297365992        9.9963869224919240        1.3939756594152635     
   264.14653641505117        2.0687524897725673        9.9866212669804177        1.3573487200446233     
   273.47660938458705        2.0477445512167076        9.9781217388107493        1.3198774647224927     
   283.13635184814427        2.0268075911228176        9.9707240074891441        1.2819335793002633     
   293.13729579387660        2.0055722526772817        9.9642853284964481        1.2439253309146678     
   303.49136818478553        1.9837211718976526        9.9586814308973821        1.2062679793130811     
   314.21129214162710        1.9609907039024499        9.9538039685296109        1.1693584708713787     
   325.30973137660959        1.9371744960020234        9.9495588742046355        1.1335603121895066     
   336.80032369109853        1.9121220550464586        9.9458640729610703        1.0991880405637395     
   348.69678677735646        1.8857403387723586        9.9426482709651562        1.0665040004051687     
   361.01330816366544        1.8579915335923753        9.9398494010255067        1.0357156728609618     
   373.76502243504467        1.8235226865941652        9.7554049152981097       0.99607434686865715     
   386.96715283564077        1.7687795463066447        8.9705790852784428       0.91911570499378104     
   400.63544401132759        1.7139155586306933        8.2875067361997452       0.84589634771699551     
   414.78669160661980        1.6588760975838099        7.6929812977494443       0.77704047224579953     
   429.43761284149554        1.6036552414330356        7.1755366975645725       0.71296615329549906     
   444.60621081975989        1.5482842022856895        6.7251686242359314       0.65388995591235910     
   460.31059410826708        1.4928295604284643        6.3331869035339103       0.59985828449489553     
   476.56949149896485        1.4373851068787005        5.9920260185141743       0.55077845302786577     
   493.40288198244309        1.3820639422523890        5.6950899398952561       0.50645265412211982     
   510.83065126063684        1.3269975213127108        5.4366519311164447       0.46661502767643454     
   528.87421463804299        1.2723252990029124        5.2117153329820498       0.43095586407508168     
   547.55511287104378        1.2181946917079602        5.0159398328807390       0.39914780022396651     
   566.89562449487210        1.1647549958779724        4.8455468289413588       0.37086130972917969     
   586.91951519858117        1.1121519624746719        4.6972419304740853       0.34577597813020733     
   607.65068989177485        1.0605285909335469        4.5681634883454283       0.32359041366434538     
   629.11387223602765        1.0100206940843486        4.4558201997994455       0.30402572837846420     
   651.33543626567803       0.96075318267334353        4.3580400115516946       0.28682721976193498     
   674.34163286578985       0.91284273565788077        4.2729371258858722       0.27176644116482790     
   698.16073213207346       0.86639209706644704        4.1988661574414676       0.25863893734790028     
   722.82116976782140       0.82026341155882709        4.1331681814178545       0.24567784309064836     
   748.35235540965130       0.77556385075179934        4.0756260121305017       0.23406687320436578     
   774.78566186873422       0.73274746944724911        4.0255430546354622       0.22416061703302614     
   802.15264573967897       0.69184544622051836        3.9819529224316939       0.21579815643475464     
   830.48594444209971       0.65288066554557844        3.9440142959719231       0.20884005587327736     
   859.82037403360118       0.61586692131659360        3.9109936671020877       0.20316602189861702     
   890.19058800385733       0.58081284142578138        3.8822541969324802       0.19867348833604923     
   921.63390537915473       0.54771935563886198        3.8572402344635486       0.19527533984434770     
   954.18786380243341       0.51658385920577043        3.8354691173910767       0.19289880192874825     
   987.89128659474920       0.48740026485403759        3.8165206481741585       0.19148390789673592     
   1022.7855886411724       0.46015968574619048        3.8000284757354046       0.19098236997627902     
   1058.9119914466876       0.43485464692733949        3.7856745305182069       0.19135670639959557     
   1096.3148872627712       0.41147860132765907        3.7731812923052144       0.19257938416814291     
   1135.0389283928459       0.39003048028233722        3.7623076951257488       0.19463214928713840     
   1175.1302964981960       0.37051641342210878        3.7528438710717804       0.19750546158484902     
   1216.6382559936744       0.35295223334668779        3.7446068458830233       0.20119822820173663     
   1259.6123598874483       0.33736836863033709        3.7374376802645863       0.20571729824645110     
   1304.1038583964914       0.32381297593291131        3.7311980043866813       0.21107732535840229     
   1350.1674228314519       0.31235592143639845        3.7257671799036030       0.21730090704721142     
   1397.8574692241625       0.27738373876368078        3.3093742343976134       0.20448778359392389     
   1447.2325992722181       0.24542373126248371        2.8818409752465830       0.19109340667435473     
   1498.3517579647787       0.21869917861175331        2.5097337311855910       0.17948716883733035     
   1551.2759091786245       0.18896645622181768        2.1844162513651693       0.16361468763495055     
   1606.0700862978565       0.16461761844496384        1.9012254456918372       0.14927613432991202     
   1662.7990190437411       0.14490055125309662        1.6547506209986518       0.13645530295057148     
   1721.5324161293761       0.12896842511250742        1.4402264151582085       0.12496733594207018     
   1782.3403946248577       0.11612512397748317        1.2535134301189426       0.11465279673427752     
   1845.2954731357936       0.10579615890481721        1.0910079767866094       0.10537347323241530     
   1910.4750110852074        9.7505589478280974E-002  0.94956816294657775        9.7009014871968641E-002
   1977.9568210713478        9.0858321303277326E-002  0.82646480618545926        8.9454978999369439E-002
   2047.8213808026539        8.5524906919037635E-002  0.71932192700653885        8.2620248749335601E-002
   2120.1545400970977        8.1229732906877669E-002  0.62606801721706062        7.6424961879571846E-002
   2195.0417479108573        7.7742186915518319E-002  0.54490457332393816        7.0799470201941384E-002
   2272.5750259096239        7.4868973434755737E-002  0.47426237541946359        6.5682395585169168E-002
   2352.8469348264384        7.2448729533988065E-002  0.41277833174800088        6.1019961351006964E-002
   2435.9532056335870        7.0347387148276208E-002  0.35926575795761972        5.6764782635437501E-002
   2521.9959596104222        6.8454547525053602E-002  0.31269003806756801        5.2874896077266781E-002
   2611.0779162676686        6.6680723296597341E-002  0.27215246023594442        4.9313338701706212E-002
   2703.3053132971791        6.4954826451831232E-002  0.23687062131543471        4.6047357538399239E-002
   2798.7914800504532        6.3222007213678960E-002  0.20616237967479528        4.3047776145044007E-002
   2897.6492167059700        6.1441904493657169E-002  0.17943549333744904        4.0288796744498465E-002
   3000.0000000000000        5.9586723425525012E-002  0.15617322274553844        3.7747315845574919E-002
