         200   4370.0000000000000     
   3.0000000000000000        5.9786215165142896E-003  0.12465146367577036        5.4602985155400331E-003
   3.1059655287322618        6.4507446020736093E-003  0.12465146367577036        5.9389832128529593E-003
   3.2156739552243598        6.9606140301970397E-003  0.12465146367577036        6.4622429628233505E-003
   3.3292574962321346        7.5107803127270056E-003  0.12465146367577036        7.0342709126204918E-003
   3.4468529954360925        8.1038681655826259E-003  0.12465146367577036        7.6596407725873089E-003
   3.5686022069563790        8.7425731857174172E-003  0.12465146367577036        8.3433380917815672E-003
   3.6946518254059528        9.4296589108334057E-003  0.12465146367577036        9.0907916668957912E-003
   3.8251536998800524        1.0167956666646678E-002  0.12465146367577036        9.9079071270102466E-003
   3.9602651907155879        1.0960368318678778E-002  0.12465146367577036        1.0801102523446768E-002
   4.1001490688558144        1.1809868349086792E-002  0.12465146367577036        1.1777341600972388E-002
   4.2449739038313119        1.2719510346041792E-002  0.12465146367577036        1.2844170158054023E-002
   4.3949142193596993        1.3692433361594330E-002  0.12465146367577036        1.4009750334969845E-002
   4.5501507036585132        1.4731869035441726E-002  0.12465146367577036        1.5282893704075319E-002
   4.7108703059600501        1.5841147469169706E-002  0.12465146367577036        1.6673090674345765E-002
   4.8772669425686850        1.7023705823107999E-002  0.12465146367577036        1.8190541172296664E-002
   5.0495410155906377        1.8283085993060128E-002  0.12465146367577036        1.9846169213375960E-002
   5.2279001269311909        1.9622936568626698E-002  0.12465146367577036        2.1651639846675199E-002
   5.4125592113782046        2.1047005665656936E-002  0.12465146367577036        2.3619360737339976E-002
   5.6037407956130689        2.2559128351171100E-002  0.12465146367577036        2.5762471385268167E-002
   5.8016752663703963        2.4163206941647291E-002  0.12465146367577036        2.8094815471435969E-002
   6.0066011480696169        2.5863183513342540E-002  0.12465146367577036        3.0630892255684338E-002
   6.2187653902530293        2.7663004289262813E-002  0.12465146367577036        3.3385782387694712E-002
   6.4384236651766908        2.9566575939222621E-002  0.12465146367577036        3.6375042957616059E-002
   6.6658406759127811        3.1577714223908940E-002  0.12465146367577036        3.9614566155747197E-002
   6.9012904753346884        3.3700085804669294E-002  0.12465146367577036        4.3120395602340482E-002
   7.1450567963692624        3.5937144400776548E-002  0.12465146367577036        4.6908494341171024E-002
   7.3974330131920443        3.8292059199445692E-002  0.12465146367577036        5.0994452492522817E-002
   7.6587243988323896        4.0767662293478432E-002  0.12465146367577036        5.5393173632809461E-002
   7.9292442763577622        4.3366337860275932E-002  0.12465146367577036        6.0118397117983266E-002
   8.2093202460023029        4.6090007894014733E-002  0.12465146367577036        6.5182325862996063E-002
   8.4992881560440416        4.8940003828587521E-002  0.12465146367577036        7.0594980795816734E-002
   8.7994991583321234        5.1917069229813151E-002  0.12465146367577036        7.6363731981319100E-002
   9.1103132457223861        5.5021236450616601E-002  0.12465146367577036        8.2492536439199932E-002
   9.4321068148357909        5.8251848923024777E-002  0.12465146367577036        8.8981414368528092E-002
   9.7652657388916850        6.1607447475173674E-002  0.12465146367577036        9.5825640518113264E-002
   10.110193474162946        6.5085815769855462E-002  0.12465146367577036       0.10301526381778427     
   10.467303634806061        6.8683878751177235E-002  0.12465146367577036       0.11053437814630469     
   10.837027566606025        7.2397761257363386E-002  0.12465146367577036       0.11836081276569953     
   11.219811965471335        7.6222755166842182E-002  0.12465146367577036       0.12646577331534700     
   11.616115840724994        8.0153289417454823E-002  0.12465146367577036       0.13481366944110837     
   12.026419117330413        8.4183024559406031E-002  0.12465146367577036       0.14336243225673426     
   12.451213803399156        8.8304782521492806E-002  0.12465146367577036       0.15206373881441987     
   12.891014326336300        9.2510673323992196E-002  0.12465146367577036       0.16086392627083354     
   13.346348065368609        9.6792036710316054E-002  0.12465146367577036       0.16970478471126735     
   13.817766430769083       0.10113958900805708       0.12465146367577036       0.17852502435312065     
   14.305834715756038       0.10554337663002152       0.12465146367577036       0.18726153831739434     
   14.811143972217785       0.10999294154617410       0.12465146367577036       0.19585122631537669     
   15.334300133051286       0.11447728670971324       0.12465146367577036       0.20423246298085532     
   15.875936741648431       0.11898505812467999       0.12465146367577036       0.21234694234189405     
   16.436703292225193       0.12350452169477602       0.12465146367577036       0.22014099593519487     
   17.017278874447534       0.12802375880554473       0.12465146367577036       0.22756709218215540     
   17.618359675531394       0.13253065296637107       0.12465146367577036       0.23458468506801819     
   18.240671728221173       0.13701308115204475       0.12465146367577036       0.24116108550882867     
   18.884968846184627       0.14145898660251890       0.12465146367577036       0.24727178475753583     
   19.552019805756849       0.14585638853896704       0.12465146367577036       0.25290038277131388     
   20.242632201214423       0.15019364201881943       0.12464843938024797       0.25803854643897528     
   20.957638264717446       0.15445943227754794       0.12464050538035276       0.26268535688309957     
   21.697899624358065       0.15864289850230248       0.12463359994971474       0.26684665982875577     
   22.464312967141105       0.16273375094295900       0.12462758971067381       0.27053421296123209     
   23.257792778673313       0.16672226219560604       0.12462235867642391       0.27376468914614260     
   24.079299719823517       0.17059949419680631       0.12461780579708752       0.27655886250653688     
   24.929823759061236       0.17435727449775740       0.12461384315619060       0.27894059658142595     
   25.810395145829254       0.17798830766959559       0.12461039421574471       0.28093601575094096     
   26.722064579292049       0.18148614669919569       0.12460739241740104       0.28257268180878958     
   27.665935811728254       0.18484536949986013       0.12460477977427958       0.28387898552915564     
   28.643146268414043       0.18806152915984709       0.12460250583602711       0.28488352357651342     
   29.654879655490589       0.19113122029007759       0.12460052668176745       0.28561464616280230     
   30.702343174827575       0.19397201872684836       0.11837550604827547       0.28597636351608091     
   31.786804983723918       0.19662223092558936       0.11005535210738966       0.28605311889337903     
   32.909571928103169       0.19912096478680813       0.10281382870239146       0.28593148647614169     
   34.072004028335677       0.20146836438472304        9.6511066577047000E-002  0.28563570848829678     
   35.275488300232773       0.20366551309584568        9.1025433755757709E-002  0.28518863387140675     
   36.521481794408061       0.20571447254431888        8.6250962183617039E-002  0.28461166114078879     
   37.811486012809581       0.20761817035337399        8.2095456422329113E-002  0.28392472891146370     
   39.147055493126302       0.20938034838024744        7.8478673314255176E-002  0.28314632094723946     
   40.529808025860810       0.21100549624059997        7.5330755077407066E-002  0.28229348203397098     
   41.961393513511240       0.21249872941587231        7.2590952550297752E-002  0.28138186911952867     
   43.443545167355794       0.21386575581167586        7.0206339925807867E-002  0.28042575661644636     
   44.978049075047366       0.21511273972291978        6.8130870138254918E-002  0.27943809466180181     
   46.566763998623138       0.21624621784055825        6.6324455708902205E-002  0.27843053740548973     
   48.211585595230147       0.21727297073831611        6.4752236087498041E-002  0.27741350598307596     
   49.914505239722644       0.21819996087119875        6.3383840109841272E-002  0.27639619085928824     
   51.677575059319224       0.21903420470657486        6.2192843937184862E-002  0.27538661324979269     
   53.502930680545909       0.21978268736153822        6.1156243604819915E-002  0.27439165036613061     
   55.392750120602578       0.22045225418326755        6.0254034590312595E-002  0.27341709575654038     
   57.349321371645829       0.22104955310708810        5.9468788579100353E-002  0.27246766093901587     
   59.375002227322796       0.22158094052070429        5.8785342406195533E-002  0.27154703704174343     
   61.472246417894510       0.22205242206840933        5.8190495381283507E-002  0.27065792304480929     
   63.643556378429672       0.22246958560270894        5.7672768026417263E-002  0.26980208826255836     
   65.891560899834928       0.22283757262895115        5.7222159205437689E-002  0.26898038535293395     
   68.218968971510208       0.22316103288916428        5.6829967624992581E-002  0.26819282036079567     
   70.628585269218178       0.22319678905957724        5.6432346133474191E-002  0.26705130409847783     
   73.123328588587739       0.22249301439095945        5.5934857973046023E-002  0.26484829671359167     
   75.706175661273647       0.22177164793549747        5.5501867273607591E-002  0.26271379022870017     
   78.380253523498894       0.22103542462933654        5.5125009789190084E-002  0.26064790228275941     
   81.148784610322849       0.22028708681681808        5.4797008370808920E-002  0.25865066817047971     
   84.015122474940881       0.21952935970666015        5.4511527705869638E-002  0.25672197646994338     
   86.982687236203873       0.21876495247372366        5.4263058530881099E-002  0.25486157671047177     
   90.055071705548812       0.21799651368027240        5.4046801072319212E-002  0.25306897949525442     
   93.235978303002270       0.21722663149881233        5.3858579380892752E-002  0.25134348066842743     
   96.529260096906100       0.21645780748666404        5.3694757974602443E-002  0.24968412878875509     
   99.938826062156153       0.21569246330307740        5.3552176183147615E-002  0.24808977320951131     
   103.46886588546354       0.21493287643320383        5.3428077319836967E-002  0.24655896901641058     
   107.12359379692580       0.21418122723809607        5.3320066808305359E-002  0.24509012031494073     
   110.90736836557576       0.21343956185829283        5.3226059971355238E-002  0.24368144687881724     
   114.82483910697920       0.21270975952975010        5.3144239273986149E-002  0.24233096917238070     
   118.88068277378797       0.21199358136141094        5.3073025927296770E-002  0.24103664336575834     
   123.07973629915718       0.21129264161631789        5.3011045464692041E-002  0.23979634382091525     
   127.42715949490271       0.21060838393028938        5.2957099551414623E-002  0.23860785642758120     
   131.92808807993632       0.20994214096683167        5.2910147781612953E-002  0.23746901174176294     
   136.58805281121437       0.20929507243464926        5.2869282386365804E-002  0.23637759967620059     
   141.41261684513370       0.20866822410769265        5.2833714838631626E-002  0.23533148811032739     
   146.40753387824964       0.20806250592916695        5.2802758660263897E-002  0.23432859697026054     
   151.57894168226974       0.20747867362441674        5.2775815342265803E-002  0.23336687627667144     
   156.93294936957258       0.20691737923825432        5.2752365253325183E-002  0.23244439397855199     
   162.47613596373097       0.20637911521419949        5.2731955007722375E-002  0.23155924527205127     
   168.21511902855468       0.20586425955852086        5.2714190775164427E-002  0.23070962660821825     
   174.15674278185460       0.19302857045011107        5.1225710817544789E-002  0.21707044014475357     
   180.30830831190286       0.17686291245186617        4.9329938567546520E-002  0.19998971585634079     
   186.67715947709803       0.16283773480349592        4.7679936907523743E-002  0.18514714936669852     
   193.27089166569760       0.15067056191363665        4.6243859670020919E-002  0.17224546033324156     
   200.09760727912413       0.14011563080988715        4.4993941633627896E-002  0.16102657508407348     
   207.16537088595135       0.13096000238987837        4.3906076763974566E-002  0.15126733661111053     
   214.48286737908427       0.12301831980815836        4.2959232202812690E-002  0.14277382241286582     
   222.05883252794877       0.11612992694773019        4.2135137906832744E-002  0.13537820672235532     
   229.90230130529540       0.11015527593736500        4.1417888289037544E-002  0.12893489271773020     
   238.02291179328489       0.10497297510194285        4.0793615993323762E-002  0.12331734163297681     
   246.43025707061713       0.10047782726475987        4.0250281246699368E-002  0.11841598305670967     
   255.13466811288930        9.6578213661671186E-002   3.9777379175787317E-002  0.11413542318588894     
   264.14653641505117        9.3194645607361681E-002   3.9365784796750479E-002  0.11039292316217260     
   273.47660938458705        9.0257975216807312E-002   3.9007554054842880E-002  0.10711650773698454     
   283.13635184814427        8.7707927527718596E-002   3.8695760890932310E-002  0.10424341779224779     
   293.13729579387660        8.5492101263943479E-002   3.8424389032821887E-002  0.10171908117424847     
   303.49136818478553        8.3564799878344101E-002   3.8188200816910871E-002   9.9495888915131905E-002
   314.21129214162710        8.1886074645839871E-002   3.7982629763111543E-002   9.7532196686729300E-002
   325.30973137660959        8.0421093491110957E-002   3.7803711209146718E-002   9.5791694363736954E-002
   336.80032369109853        7.9139302696654867E-002   3.7647985930724485E-002   9.4242524071114608E-002
   348.69678677735646        7.8013971125013973E-002   3.7512449097170490E-002   9.2856836793347344E-002
   361.01330816366544        7.7021626803297188E-002   3.7394484754330166E-002   9.1610212673021649E-002
   373.76502243504467        7.6016498315793282E-002   3.7142101486276266E-002   9.0270415565254322E-002
   386.96715283564077        7.4690952388362625E-002   3.6408926554519133E-002   8.8335625959894276E-002
   400.63544401132759        7.3511052826155832E-002   3.5770808511298761E-002   8.6603155769458082E-002
   414.78669160661980        7.2454197086689834E-002   3.5215409936110775E-002   8.5042649896970315E-002
   429.43761284149554        7.1500514827066222E-002   3.4732019360880828E-002   8.3627741587355475E-002
   444.60621081975989        7.0632441731941914E-002   3.4311290877186519E-002   8.2335434232022192E-002
   460.31059410826708        6.9834522348634756E-002   3.3945106227888495E-002   8.1145818816357559E-002
   476.56949149896485        6.9093131895819671E-002   3.3626397797272396E-002   8.0041667916682366E-002
   493.40288198244309        6.8396246786840822E-002   3.3349003653437723E-002   7.9008097718531081E-002
   510.83065126063684        6.7733326869074670E-002   3.3107573947377893E-002   7.8032392005890586E-002
   528.87421463804299        6.7095095395625623E-002   3.2897440859654813E-002   7.7103670137141520E-002
   547.55511287104378        6.6473462875073816E-002   3.2714549721983073E-002   7.6212763668296560E-002
   566.89562449487210        6.5861388183954900E-002   3.2555370609552450E-002   7.5351996001280050E-002
   586.91951519858117        6.5252758394480526E-002   3.2416825941864555E-002   7.4514989122075881E-002
   607.65068989177485        6.4642345632564366E-002   3.2296242400422413E-002   7.3696575986706106E-002
   629.11387223602765        6.4025709411229481E-002   3.2191292639899213E-002   7.2892633625634695E-002
   651.33543626567803        6.3399107470802227E-002   3.2099947554016878E-002   7.2099931887022198E-002
   674.34163286578985        6.2759487445103943E-002   3.2020445453036367E-002   7.1316086323884739E-002
   698.16073213207346        6.2104373416192314E-002   3.1951249237574031E-002   7.0539378348070683E-002
   722.82116976782140        6.0739851460932866E-002   3.1199823989417771E-002   6.8494446461547370E-002
   748.35235540965130        5.9242714025660240E-002   3.0342339200775097E-002   6.6241279548773735E-002
   774.78566186873422        5.7830482881277553E-002   2.9596010469097014E-002   6.4182462321649314E-002
   802.15264573967897        5.6489098782644805E-002   2.8946436847480744E-002   6.2294247959366666E-002
   830.48594444209971        5.5206661290437165E-002   2.8381081118036857E-002   6.0556321024465565E-002
   859.82037403360118        5.3973121903221656E-002   2.7889012652110471E-002   5.8951256110455555E-002
   890.19058800385733        5.2780155572406506E-002   2.7460741371946758E-002   5.7464234073355831E-002
   921.63390537915473        5.1620837093828746E-002   2.7087987049570428E-002   5.6082521880098220E-002
   954.18786380243341        5.0489559212281689E-002   2.6763557123611552E-002   5.4795282991047911E-002
   987.89128659474920        4.9381827301483473E-002   2.6481189873249034E-002   5.3593246894369624E-002
   1022.7855886411724        4.8294078368108451E-002   2.6235425989595686E-002   5.2468437577994048E-002
   1058.9119914466876        4.7223645382338621E-002   2.6021525647756075E-002   5.1414070927280967E-002
   1096.3148872627712        4.6168541020257046E-002   2.5835353283015512E-002   5.0424276773543386E-002
   1135.0389283928459        4.5127446716816302E-002   2.5673316566383195E-002   4.9494043085143082E-002
   1175.1302964981960        4.4099584594560287E-002   2.5532288077725767E-002   4.8619051662620962E-002
   1216.6382559936744        4.3084602362248585E-002   2.5409541162020401E-002   4.7795545440161756E-002
   1259.6123598874483        4.2082576090347941E-002   2.5302707329698592E-002   4.7020302111589952E-002
   1304.1038583964914        4.1093910585961381E-002   2.5209724614280993E-002   4.6290525670888469E-002
   1350.1674228314519        4.0119249787987206E-002   2.5128795281207383E-002   4.5603760084406038E-002
   1397.8574692241625        3.5958926923650693E-002   2.2970700180282008E-002   4.1312966826818114E-002
   1447.2325992722181        3.2043809509713403E-002   2.0876554408541175E-002   3.7247830502061194E-002
   1498.3517579647787        2.8652267065996200E-002   1.9053896650097209E-002   3.3736827792751944E-002
   1551.2759091786245        2.4382019520825499E-002   1.6609901431547270E-002   2.9107325287505179E-002
   1606.0700862978565        2.0709986845840200E-002   1.4456570368561981E-002   2.5082543310416740E-002
   1662.7990190437411        1.7589330499959352E-002   1.2582420905998166E-002   2.1624770370542744E-002
   1721.5324161293761        1.4938567877418556E-002   1.0951218102290853E-002   1.8653048377928132E-002
   1782.3403946248577        1.2688034218454936E-002   9.5314867321575434E-003   1.6098148331275538E-002
   1845.2954731357936        1.0778125098474913E-002   8.2958250031935164E-003   1.3900763826171066E-002
   1910.4750110852074        9.1578410956143514E-003   7.2203425419588001E-003   1.2010028945787577E-002
   1977.9568210713478        7.7837026840870691E-003   6.2842871448169184E-003   1.0382449906763189E-002
   2047.8213808026539        6.6186136524495759E-003   5.4695922984743951E-003   8.9807633469319876E-003
   2120.1545400970977        5.6309210755765126E-003   4.7605066337154034E-003   7.7730013091170070E-003
   2195.0417479108573        4.7937199923386723E-003   4.1433546591010577E-003   6.7318316256608614E-003
   2272.5750259096239        4.0840800739505049E-003   3.6062043136172845E-003   5.8337823386531516E-003
   2352.8469348264384        3.4825360368611453E-003   3.1386908969972976E-003   5.0587688668952812E-003
   2435.9532056335870        2.9725501279962651E-003   2.7317910785899153E-003   4.3895674309088750E-003
   2521.9959596104222        2.5400687542758899E-003   2.3776378278101556E-003   3.8113847484050733E-003
   2611.0779162676686        2.1731887855298195E-003   2.0693975042746738E-003   3.3115520707730725E-003
   2703.3053132971791        1.8618190829267328E-003   1.8011208576295390E-003   2.8791949956454232E-003
   2798.7914800504532        1.5974018195420929E-003   1.5676210077413177E-003   2.5049638881481191E-003
   2897.6492167059700        1.3727051531508749E-003   1.3643946549992314E-003   2.1808470818683186E-003
   3000.0000000000000        1.1815997935960248E-003   1.1875126063676351E-003   1.8999459448992388E-003
