         200   4370.0000000000000     
   3.0000000000000000        9.1998705425593767E-004   3.0227337761235019E-003   1.5383883102514373E-003
   3.1059655287322618        9.4781448416709894E-004   3.0227337761235019E-003   1.5589682373634412E-003
   3.2156739552243598        9.7556597586238056E-004   3.0227337761235019E-003   1.5796098049105686E-003
   3.3292574962321346        1.0031919671642082E-003   3.0227337761235019E-003   1.6002545743264238E-003
   3.4468529954360925        1.0306434679033878E-003   3.0227337761235019E-003   1.6208443608498250E-003
   3.5686022069563790        1.0578722400340144E-003   3.0227337761235019E-003   1.6413215531973096E-003
   3.6946518254059528        1.0848309229082584E-003   3.0227337761235019E-003   1.6616294004688234E-003
   3.8251536998800524        1.1114732117670373E-003   3.0227337761235019E-003   1.6817123470512197E-003
   3.9602651907155879        1.1377540713953152E-003   3.0227337761235019E-003   1.7015164014337844E-003
   4.1001490688558144        1.1636298682355833E-003   3.0227337761235019E-003   1.7209894490684257E-003
   4.2449739038313119        1.1890586125537291E-003   3.0227337761235019E-003   1.7400816509268858E-003
   4.3949142193596993        1.2140001599151887E-003   3.0227337761235019E-003   1.7587458101235537E-003
   4.5501507036585132        1.2384164280162865E-003   3.0227337761235019E-003   1.7769377437903103E-003
   4.7108703059600501        1.2622715970056224E-003   3.0227337761235019E-003   1.7946166305216067E-003
   4.8772669425686850        1.2855323933830571E-003   3.0227337761235019E-003   1.8117454008924499E-003
   5.0495410155906377        1.3081681876324061E-003   3.0227337761235019E-003   1.8282909645971324E-003
   5.2279001269311909        1.3301512537201524E-003   3.0227337761235019E-003   1.8442245259517080E-003
   5.4125592113782046        1.3514569186000658E-003   3.0227337761235019E-003   1.8595217805831557E-003
   5.6037407956130689        1.3720637037471673E-003   3.0227337761235019E-003   1.8741630648183103E-003
   5.8016752663703963        1.3919534365961907E-003   3.0227337761235019E-003   1.8881334386466569E-003
   6.0066011480696169        1.4111113285614418E-003   3.0227337761235019E-003   1.9014226988852531E-003
   6.2187653902530293        1.4295260173398361E-003   3.0227337761235019E-003   1.9140253218035777E-003
   6.4384236651766908        1.4471895722829029E-003   3.0227337761235019E-003   1.9259403370931211E-003
   6.6658406759127811        1.4640974627102622E-003   3.0227337761235019E-003   1.9371711375229732E-003
   6.9012904753346884        1.4802484900750524E-003   3.0227337761235019E-003   1.9477252307675710E-003
   7.1450567963692624        1.4956446858385402E-003   3.0227337761235019E-003   1.9576139416173201E-003
   7.3974330131920443        1.5102911565695648E-003   3.0227337761235019E-003   1.9668520607969055E-003
   7.6587243988323896        1.5241960277692910E-003   3.0227337761235019E-003   1.9754575431250136E-003
   7.9292442763577622        1.5373700268563593E-003   3.0227337761235019E-003   1.9834509763076804E-003
   8.2093202460023029        1.5498265832451189E-003   3.0227337761235019E-003   1.9908553731899955E-003
   8.4992881560440416        1.5615812933487000E-003   3.0227337761235019E-003   1.9976955848376773E-003
   8.7994991583321234        1.5726519827307067E-003   3.0227337761235019E-003   2.0039980881684212E-003
   9.1103132457223861        1.5830581865549423E-003   3.0227337761235019E-003   2.0097904509564723E-003
   9.4321068148357909        1.5928211693509657E-003   3.0227337761235019E-003   2.0151011314483765E-003
   9.7652657388916850        1.6019634359844034E-003   3.0227337761235019E-003   2.0199590170929690E-003
   10.110193474162946        1.6105087265575941E-003   3.0227337761235019E-003   2.0243932576537865E-003
   10.467303634806061        1.6184815702736284E-003   3.0227337761235019E-003   2.0284328886177915E-003
   10.837027566606025        1.6259072492377303E-003   3.0227337761235019E-003   2.0321066987738150E-003
   11.219811965471335        1.6328115104368539E-003   3.0227337761235019E-003   2.0354429915612118E-003
   11.616115840724994        1.6392203222294920E-003   3.0227337761235019E-003   2.0384693984484958E-003
   12.026419117330413        1.6451598415169655E-003   3.0227337761235019E-003   2.0412128151182478E-003
   12.451213803399156        1.6506561069164747E-003   3.0227337761235019E-003   2.0436992275950768E-003
   12.891014326336300        1.6557350444218722E-003   3.0227337761235019E-003   2.0459537027967150E-003
   13.346348065368609        1.6604222202510101E-003   3.0227337761235019E-003   2.0480002786663139E-003
   13.817766430769083        1.6647428644271211E-003   3.0227337761235019E-003   2.0498619892606084E-003
   14.305834715756038        1.6687216806902170E-003   3.0227337761235019E-003   2.0515608064331733E-003
   14.811143972217785        1.6723828886770367E-003   3.0227337761235019E-003   2.0531176916814822E-003
   15.334300133051286        1.6757500852561857E-003   3.0227337761235019E-003   2.0545525774360745E-003
   15.875936741648431        1.6788463030177146E-003   3.0227337761235019E-003   2.0558844384874451E-003
   16.436703292225193        1.6816939149612365E-003   3.0227337761235019E-003   2.0571313022586198E-003
   17.017278874447534        1.6843147049451952E-003   3.0227337761235019E-003   2.0583103338001024E-003
   17.618359675531394        1.6867298065930789E-003   3.0227337761235019E-003   2.0594378661278299E-003
   18.240671728221173        1.6889597746916854E-003   3.0227337761235019E-003   2.0605294910313091E-003
   18.884968846184627        1.6910245879248388E-003   3.0227337761235019E-003   2.0616001216115622E-003
   19.552019805756849        1.6929436382099336E-003   3.0227337761235019E-003   2.0626640446198266E-003
   20.242632201214423        1.6947358396488504E-003   3.0227035435806938E-003   2.0637349703991822E-003
   20.957638264717446        1.6964196211707886E-003   3.0226242308978900E-003   2.0648261421114065E-003
   21.697899624358065        1.6980129894439170E-003   3.0225552003663742E-003   2.0659506199348400E-003
   22.464312967141105        1.6995335969142531E-003   3.0224951186687533E-003   2.0671210719944077E-003
   23.257792778673313        1.7009987758184980E-003   3.0224428263363012E-003   2.0683499471919205E-003
   24.079299719823517        1.7024256735100884E-003   3.0223973132181494E-003   2.0696496056654798E-003
   24.929823759061236        1.7038313100339493E-003   3.0223577004522464E-003   2.0710323825658458E-003
   25.810395145829254        1.7052327023217432E-003   3.0223232229222232E-003   2.0725106971311085E-003
   26.722064579292049        1.7066469494133895E-003   3.0222932152737460E-003   2.0740971118125453E-003
   27.665935811728254        1.7080914102706652E-003   3.0222670978376598E-003   2.0758044802827113E-003
   28.643146268414043        1.7095838050457813E-003   3.0222443662841288E-003   2.0776460082148123E-003
   29.654879655490589        1.7111423690747711E-003   3.0222245815556075E-003   2.0796353675140745E-003
   30.702343174827575        1.7113757583625559E-003   2.8569474313481467E-003   2.0797298636094654E-003
   31.786804983723918        1.7110020990070954E-003   2.6360302341588665E-003   2.0789684731265766E-003
   32.909571928103169        1.7107365520099937E-003   2.4437528958573067E-003   2.0783826216128724E-003
   34.072004028335677        1.7105902471042311E-003   2.2764016000550082E-003   2.0779754933535404E-003
   35.275488300232773        1.7105751925810795E-003   2.1307467676686034E-003   2.0777510850349436E-003
   36.521481794408061        1.7107042444584868E-003   2.0039747289213425E-003   2.0777141924265248E-003
   37.811486012809581        1.7109910500128103E-003   1.8936375053302773E-003   2.0778704059095472E-003
   39.147055493126302        1.7114499495135538E-003   1.7976044760432991E-003   2.0782260744674789E-003
   40.529808025860810        1.7120958480038783E-003   1.7140207732889441E-003   2.0787882573334664E-003
   41.961393513511240        1.7129440330615939E-003   1.6412733819015386E-003   2.0795646363494513E-003
   43.443545167355794        1.7140100025113034E-003   1.5779570128622912E-003   2.0805634402352559E-003
   44.978049075047366        1.7153092308511005E-003   1.5228490218834097E-003   2.0817933120599315E-003
   46.566763998623138        1.7168569443024983E-003   1.4748850039661638E-003   2.0832631733926437E-003
   48.211585595230147        1.7186678316032931E-003   1.4331393398120734E-003   2.0849820091994641E-003
   49.914505239722644        1.7207558405876258E-003   1.3968056125545148E-003   2.0869587067573817E-003
   51.677575059319224        1.7231338822338688E-003   1.3651822149352128E-003   2.0892017706518975E-003
   53.502930680545909        1.7258135965818391E-003   1.3376583443844299E-003   2.0917190530729333E-003
   55.392750120602578        1.7288050324601105E-003   1.3137028396930572E-003   2.0945173545605321E-003
   57.349321371645829        1.7321164941511453E-003   1.2928529432688265E-003   2.0976021302065244E-003
   59.375002227322796        1.7357542385737759E-003   1.2747060418989010E-003   2.1009770045286188E-003
   61.472246417894510        1.7397222819666258E-003   1.2589116301087288E-003   2.1046433424222709E-003
   63.643556378429672        1.7440220802213478E-003   1.2451649041517470E-003   2.1085996654562644E-003
   65.891560899834928        1.7486524574440042E-003   1.2332003132960001E-003   2.1128412726373405E-003
   68.218968971510208        1.7536093151178515E-003   1.2227868203091232E-003   2.1173596507015557E-003
   70.628585269218178        1.7566806869630347E-003   1.2130932665682546E-003   2.1190328403922986E-003
   73.123328588587739        1.7537463500359239E-003   1.2029610464124694E-003   2.1120586969096584E-003
   75.706175661273647        1.7511625271689258E-003   1.1941424303305494E-003   2.1054208616356233E-003
   78.380253523498894        1.7489016751518196E-003   1.1864670657627005E-003   2.0991003482246705E-003
   81.148784610322849        1.7469380795687832E-003   1.1797867407885626E-003   2.0930814152275729E-003
   84.015122474940881        1.7452479701080279E-003   1.1739724256400528E-003   2.0873512071942829E-003
   86.982687236203873        1.7438096665475828E-003   1.1689119144899075E-003   2.0818995238230695E-003
   90.055071705548812        1.7426035855108094E-003   1.1645074515201877E-003   2.0767181939783498E-003
   93.235978303002270        1.7416123054680797E-003   1.1606739861891046E-003   2.0718007602959689E-003
   96.529260096906100        1.7408205322524484E-003   1.1573374755205154E-003   2.0671419595208753E-003
   99.938826062156153        1.7402150598199229E-003   1.1544335469124841E-003   2.0627374173454462E-003
   103.46886588546354        1.7397846311209201E-003   1.1519060555987915E-003   2.0585829544052074E-003
   107.12359379692580        1.7395198616069873E-003   1.1497062318260340E-003   2.0546745814018501E-003
   110.90736836557576        1.7394130592072407E-003   1.1477916174816268E-003   2.0510080441769750E-003
   114.82483910697920        1.7394580624996048E-003   1.1461251952730443E-003   2.0475784893585862E-003
   118.88068277378797        1.7396500700216444E-003   1.1446748103913929E-003   2.0443805764904844E-003
   123.07973629915718        1.7399854443356070E-003   1.1434124694103922E-003   2.0414082510221906E-003
   127.42715949490271        1.7404615456290959E-003   1.1423137661380168E-003   2.0386546243849569E-003
   131.92808807993632        1.7410765146372036E-003   1.1413575108817598E-003   2.0361122364816655E-003
   136.58805281121437        1.7418291358788970E-003   1.1405252153331824E-003   2.0337728545375875E-003
   141.41261684513370        1.7427186133357913E-003   1.1398008197541320E-003   2.0316277789039971E-003
   146.40753387824964        1.7437444127344117E-003   1.1391703428114519E-003   2.0296678484059668E-003
   151.57894168226974        1.7449061385573922E-003   1.1386215948182370E-003   2.0278834957953417E-003
   156.93294936957258        1.7462032839275965E-003   1.1381439925701455E-003   2.0262650211160115E-003
   162.47613596373097        1.7476351864222466E-003   1.1377283020706935E-003   2.0248025325578238E-003
   168.21511902855468        1.7492007775522175E-003   1.1373665022742490E-003   2.0234861870593672E-003
   174.15674278185460        1.6450418537474402E-003   1.0941005206622605E-003   1.9098611476560557E-003
   180.30830831190286        1.5114578707776331E-003   1.0389408670362238E-003   1.7651248895999172E-003
   186.67715947709803        1.3953986752906081E-003   9.9093218875257274E-004   1.6391351603854401E-003
   193.27089166569760        1.2946111573661082E-003   9.4914788528417898E-004   1.5294635304350336E-003
   200.09760727912413        1.2071260669429399E-003   9.1278009587886634E-004   1.4339926451983846E-003
   207.16537088595135        1.1312296798128099E-003   8.8112742800060717E-004   1.3508841804994909E-003
   214.48286737908427        1.0654236310806099E-003   8.5357790667417942E-004   1.2785342006465059E-003
   222.05883252794877        1.0084037697095725E-003   8.2959994417288884E-004   1.2155495305538025E-003
   229.90230130529540        9.5903265769639329E-004   8.0873074932048599E-004   1.1607173748362099E-003
   238.02291179328489        9.1631699907291340E-004   7.9056683559090542E-004   1.1129804225841770E-003
   246.43025707061713        8.7939292519284746E-004   7.7475789207101867E-004   1.0714207725047113E-003
   255.13466811288930        8.4750561744618860E-004   7.6099826750083564E-004   1.0352375749867286E-003
   264.14653641505117        8.1999832894550859E-004   7.4902246007876210E-004   1.0037351964016497E-003
   273.47660938458705        7.9629841742358699E-004   7.3859932848062795E-004   9.7630801970070987E-004
   283.13635184814427        7.7590590105817070E-004   7.2952735112454784E-004   9.5242799846756811E-004
   293.13729579387660        7.5838568785697687E-004   7.2163147771610737E-004   9.3163640116912159E-004
   303.49136818478553        7.4335834555472433E-004   7.1475931246512856E-004   9.1353379744462976E-004
   314.21129214162710        7.3049255240841102E-004   7.0877798843049127E-004   8.9777186217926549E-004
   325.30973137660959        7.1950004247965996E-004   7.0357214924596961E-004   8.8404809657717152E-004
   336.80032369109853        7.1012894208023324E-004   6.9904114483940378E-004   8.7209847699960385E-004
   348.69678677735646        7.0216002066677055E-004   6.9509754623867039E-004   8.6169357824518239E-004
   361.01330816366544        6.9540212090088091E-004   6.9166523927705992E-004   8.5263358464315929E-004
   373.76502243504467        6.8858892577486667E-004   6.8720469747611860E-004   8.4278028975823217E-004
   386.96715283564077        6.7901499232865569E-004   6.7826943435971932E-004   8.2746790143190809E-004
   400.63544401132759        6.7078459945661153E-004   6.7049263735190115E-004   8.1414247135839027E-004
   414.78669160661980        6.6371837373827567E-004   6.6372394929557917E-004   8.0254578669214328E-004
   429.43761284149554        6.5765996311956424E-004   6.5783282864949279E-004   7.9245369495803614E-004
   444.60621081975989        6.5247257519659800E-004   6.5270537606002238E-004   7.8367064823597703E-004
   460.31059410826708        6.4803707385069614E-004   6.4824265366057818E-004   7.7602680854254734E-004
   476.56949149896485        6.4424958639422696E-004   6.4435852783791177E-004   7.6937433973344642E-004
   493.40288198244309        6.4101953385525660E-004   6.4097790262181164E-004   7.6358437094238996E-004
   510.83065126063684        6.3826828179614880E-004   6.3803557896299431E-004   7.5854503377295612E-004
   528.87421463804299        6.3592738146275006E-004   6.3547466976255566E-004   7.5415874003117956E-004
   547.55511287104378        6.3393753911436524E-004   6.3324576044505106E-004   7.5034073747599537E-004
   566.89562449487210        6.3224737799107698E-004   6.3130583152686698E-004   7.4701725884228484E-004
   586.91951519858117        6.3081240956264456E-004   6.2961737628167928E-004   7.4412400566321781E-004
   607.65068989177485        6.2959428311753465E-004   6.2814781475737855E-004   7.4160514037773916E-004
   629.11387223602765        6.2855994751468975E-004   6.2686878340529456E-004   7.3941206584667897E-004
   651.33543626567803        6.2768095073330299E-004   6.2575555334055250E-004   7.3750242553204321E-004
   674.34163286578985        6.2693292628921121E-004   6.2478665470558879E-004   7.3583945742996257E-004
   698.16073213207346        6.2629498466187385E-004   6.2394335474396604E-004   7.3439109734193641E-004
   722.82116976782140        6.1975819577915730E-004   6.1721804302940924E-004   7.2166203303352750E-004
   748.35235540965130        6.1231148574787079E-004   6.0960088212245241E-004   7.0720639654563296E-004
   774.78566186873422        6.0583353182991698E-004   6.0297113648267813E-004   6.9462363309980338E-004
   802.15264573967897        6.0019627245268747E-004   5.9720088042413940E-004   6.8367108368563021E-004
   830.48594444209971        5.9528851178851578E-004   5.9217874403422351E-004   6.7413750252700493E-004
   859.82037403360118        5.9101358079460559E-004   5.8780762896390828E-004   6.6583872213912105E-004
   890.19058800385733        5.8728780201105905E-004   5.8400323348536162E-004   6.5861485468005011E-004
   921.63390537915473        5.8403840422036242E-004   5.8069200314062269E-004   6.5232640269895356E-004
   954.18786380243341        5.8120239060799209E-004   5.7781004537088467E-004   6.4685219994763262E-004
   987.89128659474920        5.7872511517271304E-004   5.7530173640802675E-004   6.4208676772742172E-004
   1022.7855886411724        5.7655911285881781E-004   5.7311858042473536E-004   6.3793814983779994E-004
   1058.9119914466876        5.7466333585518773E-004   5.7121847287364461E-004   6.3432651517992893E-004
   1096.3148872627712        5.7300211082962160E-004   5.6956467693762330E-004   6.3118221489370091E-004
   1135.0389283928459        5.7154457873850612E-004   5.6812528144073384E-004   6.2844475412445595E-004
   1175.1302964981960        5.7026398554801993E-004   5.6687250505939497E-004   6.2606147139728928E-004
   1216.6382559936744        5.6913709941961669E-004   5.6578212652423664E-004   6.2398645706035949E-004
   1259.6123598874483        5.6814382524073318E-004   5.6483310620121746E-004   6.2217983554350076E-004
   1304.1038583964914        5.6726673833523711E-004   5.6400712734505306E-004   6.2060689456747392E-004
   1350.1674228314519        5.6649070136620037E-004   5.6328822042066187E-004   6.1923737206561716E-004
   1397.8574692241625        5.2267968490291061E-004   5.1982540481188835E-004   5.7069150963464407E-004
   1447.2325992722181        4.8053741712321695E-004   4.7802449836819319E-004   5.2396593326660944E-004
   1498.3517579647787        4.4385677633490084E-004   4.4164272042908847E-004   4.8329791076647899E-004
   1551.2759091786245        3.8703398720128606E-004   3.8514536527874040E-004   4.2144433320965040E-004
   1606.0700862978565        3.3682060673554081E-004   3.3521457657192916E-004   3.6680285861712667E-004
   1662.7990190437411        2.9312040138331343E-004   2.9175736628559215E-004   3.1924639513250183E-004
   1721.5324161293761        2.5508812606624820E-004   2.5393352956586829E-004   2.7785529072709542E-004
   1782.3403946248577        2.2198942945542643E-004   2.2101322841891873E-004   2.4183070819083302E-004
   1845.2954731357936        1.9318490955906538E-004   1.9236107837912892E-004   2.1047720384037246E-004
   1910.4750110852074        1.6811704760354113E-004   1.6742311670065677E-004   1.8318846087683922E-004
   1977.9568210713478        1.4630152803331376E-004   1.4571814756889504E-004   1.5943781349584790E-004
   2047.8213808026539        1.2731670161092188E-004   1.2682725014373977E-004   1.3876676152741859E-004
   2120.1545400970977        1.1079495212739515E-004   1.1038518644498577E-004   1.2077556486730798E-004
   2195.0417479108573        9.6417117910673083E-005   9.6074853317789667E-005   1.0511716949325758E-004
   2272.5750259096239        8.3904739583877554E-005   8.3619573744123934E-005   9.1488769811965599E-005
   2352.8469348264384        7.3015950025038297E-005   7.2779014192408264E-005   7.9627339146213109E-005
   2435.9532056335870        6.3540200698095477E-005   6.3343944403570381E-005   6.9303893993375202E-005
   2521.9959596104222        5.5293941658813270E-005   5.5131946054371484E-005   6.0318796898625858E-005
   2611.0779162676686        4.8117749604977930E-005   4.7984562760679711E-005   5.2498636650444567E-005
   2703.3053132971791        4.1872849079679045E-005   4.1763845106591044E-005   4.5692446764829066E-005
   2798.7914800504532        3.6438263034869282E-005   3.6349521286046129E-005   3.9768608690418879E-005
   2897.6492167059700        3.1708970638392742E-005   3.1637170151170987E-005   3.4612851918377632E-005
   3000.0000000000000        2.7593351904266735E-005   2.7535682763529002E-005   3.0125475772167601E-005
