         200   4370.0000000000000     
   3.0000000000000000        3.0821036834450806E-003  0.44279540317017352        1.5262782644134367E-003
   3.1059655287322618        3.2948647024969788E-003  0.44279540317017352        1.6270784885074471E-003
   3.2156739552243598        3.5216412609434299E-003  0.44279540317017352        1.7348576165076668E-003
   3.3292574962321346        3.7632720935287089E-003  0.44279540317017352        1.8500993449930329E-003
   3.4468529954360925        4.0206467389902155E-003  0.44279540317017352        1.9733200344664074E-003
   3.5686022069563790        4.2947116668828464E-003  0.44279540317017352        2.1050709768449627E-003
   3.6946518254059528        4.5864770834588078E-003  0.44279540317017352        2.2459405505352104E-003
   3.8251536998800524        4.8970255851030721E-003  0.44279540317017352        2.3965567302029725E-003
   3.9602651907155879        5.2275228990186573E-003  0.44279540317017352        2.5575899677500315E-003
   4.1001490688558144        5.5792295504059047E-003  0.44279540317017352        2.7297557584362361E-003
   4.2449739038313119        5.9535160608412919E-003  0.44279540317017352        2.9138180158549526E-003
   4.3949142193596993        6.3518803789891854E-003  0.44279540317017352        3.1105924632897027E-003
   4.5501507036585132        6.7759686976199317E-003  0.44279540317017352        3.3209504088736633E-003
   4.7108703059600501        7.2275997577626525E-003  0.44279540317017352        3.5458227237769079E-003
   4.8772669425686850        7.7087953369122690E-003  0.44279540317017352        3.7862050969222428E-003
   5.0495410155906377        8.2218125895856149E-003  0.44279540317017352        4.0431620975975883E-003
   5.2279001269311909        8.7691857563963957E-003  0.44279540317017352        4.3178334411446426E-003
   5.4125592113782046        9.3537731724147380E-003  0.44279540317017352        4.6114400581023099E-003
   5.6037407956130689        9.9788124717525867E-003  0.44279540317017352        4.9252910228461825E-003
   5.8016752663703963        1.0647984574964893E-002  0.44279540317017352        5.2607912664290402E-003
   6.0066011480696169        1.1365487273226799E-002  0.44279540317017352        5.6194501673469078E-003
   6.2187653902530293        1.2136119028742474E-002  0.44279540317017352        6.0028911220756246E-003
   6.4384236651766908        1.2965373303276384E-002  0.44279540317017352        6.4128622056640570E-003
   6.6658406759127811        1.3859543299923470E-002  0.44279540317017352        6.8512480414541811E-003
   6.9012904753346884        1.4825836464796356E-002  0.44279540317017352        7.3200830081494531E-003
   7.1450567963692624        1.5872497469830958E-002  0.44279540317017352        7.8215659220034466E-003
   7.3974330131920443        1.7008935972127898E-002  0.44279540317017352        8.3580755192075792E-003
   7.6587243988323896        1.8245868846737411E-002  0.44279540317017352        8.9321926554793360E-003
   7.9292442763577622        1.9595434753724366E-002  0.44279540317017352        9.5467111732729388E-003
   8.2093202460023029        2.1071353615502404E-002  0.44279540317017352        1.0204673009227208E-002
   8.4992881560440416        2.2689019422440095E-002  0.44279540317017352        1.0909378066652943E-002
   8.7994991583321234        2.4465650532524738E-002  0.44279540317017352        1.1664426893989289E-002
   9.1103132457223861        2.6420353237522742E-002  0.44279540317017352        1.2473733694324319E-002
   9.4321068148357909        2.8574251392399712E-002  0.44279540317017352        1.3341577058124521E-002
   9.7652657388916850        3.0950511137784822E-002  0.44279540317017352        1.4272616716172620E-002
   10.110193474162946        3.3574448413593257E-002  0.44279540317017352        1.5271953721061562E-002
   10.467303634806061        3.6473515092035086E-002  0.44279540317017352        1.6345151632725787E-002
   10.837027566606025        3.9677384710207222E-002  0.44279540317017352        1.7498304233636530E-002
   11.219811965471335        4.3217961187191067E-002  0.44279540317017352        1.8738079661451183E-002
   11.616115840724994        4.7129371560181516E-002  0.44279540317017352        2.0071765117536042E-002
   12.026419117330413        5.1448076553734123E-002  0.44279540317017352        2.1507355374966695E-002
   12.451213803399156        5.6212822755336539E-002  0.44279540317017352        2.3053588796051128E-002
   12.891014326336300        6.1464806376253699E-002  0.44279540317017352        2.4720055455169899E-002
   13.346348065368609        6.7247638093914860E-002  0.44279540317017352        2.6517240967502284E-002
   13.817766430769083        7.3607564432415576E-002  0.44279540317017352        2.8456654065346833E-002
   14.305834715756038        8.0593441221693957E-002  0.44279540317017352        3.0550879559952195E-002
   14.811143972217785        8.8257005920289303E-002  0.44279540317017352        3.2813728781280409E-002
   15.334300133051286        9.6652832768835073E-002  0.44279540317017352        3.5260303152901060E-002
   15.875936741648431       0.10583862608128947       0.44279540317017352        3.7907171446594966E-002
   16.436703292225193       0.11587510561902574       0.44279540317017352        4.0772445561219756E-002
   17.017278874447534       0.12682626813492334       0.44279540317017352        4.3875989091488238E-002
   17.618359675531394       0.13875912913500263       0.44279540317017352        4.7239506904982138E-002
   18.240671728221173       0.15174384064356350       0.44279540317017352        5.0886778751779105E-002
   18.884968846184627       0.16585344195864984       0.44279540317017352        5.4843832548594790E-002
   19.552019805756849       0.18116320927445081       0.44279540317017352        5.9139057126094512E-002
   20.242632201214423       0.19775066192543009       0.44276758424237012        6.3803553164094723E-002
   20.957638264717446       0.21569456129041922       0.44269460348746587        6.8871276659802763E-002
   21.697899624358065       0.23507411797748451       0.44263108400831819        7.4379321698121642E-002
   22.464312967141105       0.25596803072778224       0.44257579893292670        8.0368199737374371E-002
   23.257792778673313       0.27845266470037155       0.44252768135874848        8.6881982410492317E-002
   24.079299719823517       0.30260124706771602       0.44248580178030805        9.3968808541938370E-002
   24.929823759061236       0.32848161160478007       0.44244935149950521       0.10168105267934546     
   25.810395145829254       0.35615451671353698       0.44241762648303379       0.11007572891063715     
   26.722064579292049       0.38567084029525622       0.44239001449512266       0.11921461187946154     
   27.665935811728254       0.41707030780468662       0.44236598214450290       0.12916485962505206     
   28.643146268414043       0.45037853579679588       0.44234506536450985       0.13999913634741110     
   29.654879655490589       0.48560511573058540       0.44232686014975725       0.15179603308153700     
   30.702343174827575       0.52260498326057692       0.43221179836327339       0.16457548742407110     
   31.786804983723918       0.56141606326082183       0.41869842960683029       0.17845948208820456     
   32.909571928103169       0.60205362847794353       0.40693694336205372       0.19357702801406476     
   34.072004028335677       0.64444204817152839       0.39670016777003098       0.21003171026808132     
   35.275488300232773       0.68848074073248977       0.38779055146927371       0.22793329298997550     
   36.521481794408061       0.73404542313806664       0.38003598401416439       0.24739807785475657     
   37.811486012809581       0.78098746692009158       0.37328672407008384       0.26854809861654128     
   39.147055493126302       0.82913514475933836       0.36741244287303643       0.29151054991971281     
   40.529808025860810       0.87829558727274804       0.36229967930497109       0.31641698955606140     
   41.961393513511240       0.92825592448567951       0.35784976622262671       0.34340145160018681     
   43.443545167355794       0.97878796630044418       0.35397674296308684       0.37259966981046339     
   44.978049075047366        1.0296505253581549       0.35060582112902899       0.40414642322686151     
   46.566763998623138        1.0805939653562044       0.34767189172288560       0.43817337144594598     
   48.211585595230147        1.1313633219612265       0.34511833518281398       0.47480526914312310     
   49.914505239722644        1.1817047047087124       0.34289582348624081       0.51415778122828504     
   51.677575059319224        1.2313688043965410       0.34096143974971710       0.55633291414860964     
   53.502930680545909        1.2801161962444336       0.33927782155661307       0.60141541250051200     
   55.392750120602578        1.3277207679991658       0.33781247810322990       0.64946742921562561     
   57.349321371645829        1.3739757692632371       0.33653710279293686       0.70052588691657380     
   59.375002227322796        1.4186965706893648       0.33542706802371802       0.75459739344254118     
   61.472246417894510        1.4617246260265637       0.33446093359177986       0.81165526211746342     
   63.643556378429672        1.5029292805008529       0.33362005483985863       0.87163525259959107     
   65.891560899834928        1.5422114394319175       0.33288818819339222       0.93443565343062662     
   68.218968971510208        1.5795039271642939       0.33225120124731150       0.99991514262017334     
   70.628585269218178        1.6127782292655470       0.33140368308390911        1.0666718929215364     
   73.123328588587739        1.6383718575638191       0.32987737910039877        1.1320614104383393     
   75.706175661273647        1.6621189598793791       0.32854895466350847        1.1992453189919399     
   78.380253523498894        1.6840829734290441       0.32739274809331215        1.2679014742448742     
   81.148784610322849        1.7043582004248656       0.32638643294594971        1.3376880020146689     
   84.015122474940881        1.7230664027779179       0.32551057235112374        1.4082520415566737     
   86.982687236203873        1.7403520481222032       0.32474826377429589        1.4792359684470615     
   90.055071705548812        1.7563781245424925       0.32408478141084973        1.5502871967566310     
   93.235978303002270        1.7713204464714829       0.32350731336184185        1.6210626814711073     
   96.529260096906100        1.7853623681267861       0.32300470589317359        1.6912344436905096     
   99.938826062156153        1.7986888147708413       0.32256726200287816        1.7604905283187424     
   103.46886588546354        1.8114816867608168       0.32218652411907150        1.8285409037134681     
   107.12359379692580        1.8239135891277323       0.32185514563185402        1.8951119961992058     
   110.90736836557576        1.8361434951808602       0.32156673070838987        1.9599479942065046     
   114.82483910697920        1.8483128797244035       0.32131570311364044        2.0228111599912486     
   118.88068277378797        1.8605412421571337       0.32109721909054811        2.0834751147555970     
   123.07973629915718        1.8729237057990289       0.32090706174712141        2.1417254720168963     
   127.42715949490271        1.8855294783504366       0.32074155456749603        2.1973607231077068     
   131.92808807993632        1.8983997270683881       0.32059750556496353        2.2501874293217790     
   136.58805281121437        1.9115485872731433       0.32047212968566746        2.3000266131847038     
   141.41261684513370        1.9249627844802373       0.32036300771230536        2.3467115720430081     
   146.40753387824964        1.9386035748154715       0.32026803351570032        2.3900931926491928     
   151.57894168226974        1.9524094607920668       0.32018537085785093        2.4300452620099255     
   156.93294936957258        1.9662978727219378       0.32011342549912547        2.4664651505353903     
   162.47613596373097        1.9801697545780963       0.32005080644274214        2.4992815549803473     
   168.21511902855468        1.9939120035853364       0.31999630540920199        2.5284546316627732     
   174.15674278185460        1.9133119515749750       0.31314491567093411        2.4419328495701431     
   180.30830831190286        1.8037343775556149       0.30440911191768705        2.3145576554434899     
   186.67715947709803        1.7068141353369441       0.29680583009176803        2.1969649226552015     
   193.27089166569760        1.6209009750903081       0.29018832162188535        2.0886861692148919     
   200.09760727912413        1.5445706640810890       0.28442864311958432        1.9892361411517341     
   207.16537088595135        1.4765956033235750       0.27941571289478945        1.8981100051851814     
   214.48286737908427        1.4159070401446272       0.27505261059115121        1.8147708037833261     
   222.05883252794877        1.3615755466361028       0.27125514702776249        1.7386610496776735     
   229.90230130529540        1.3127872122525313       0.26795002854469741        1.6692076029024241     
   238.02291179328489        1.2688249322579341       0.26507335374161850        1.6058306329015393     
   246.43025707061713        1.2290581393684830       0.26256964280332712        1.5479609097205784     
   255.13466811288930        1.1929270280893995       0.26039048880104770        1.4950446973767093     
   264.14653641505117        1.1599365542030362       0.25849384339904402        1.4465579861969335     
   273.47660938458705        1.1296471529312682       0.25684310003591698        1.4020113151613052     
   283.13635184814427        1.1016675182875870       0.25540634311982191        1.3609532820851120     
   293.13729579387660        1.0756515385828924       0.25415584939801156        1.3229764270291551     
   303.49136818478553        1.0512927603027975       0.25306748348115010        1.2877163327706194     
   314.21129214162710        1.0283199411841781       0.25212020282370756        1.2548498517712046     
   325.30973137660959        1.0064958595717775       0.25129573808367728        1.2240960979185420     
   336.80032369109853       0.98561234102956352       0.25057814900001019        1.1952105998775844     
   348.69678677735646       0.96548962351589740       0.24995358917787777        1.1679846567382648     
   361.01330816366544       0.94597328336120334       0.24941000418293130        1.1422405930460033     
   373.76502243504467       0.92519062505329053       0.24730530251614993        1.1150156555361865     
   386.96715283564077       0.89904265830498964       0.23987709543504460        1.0798243738408855     
   400.63544401132759       0.87416383429229938       0.23341196308815623        1.0474481982454313     
   414.78669160661980       0.85035288519588248       0.22778490813803673        1.0175600497748079     
   429.43761284149554       0.82744195180315772       0.22288740668465429       0.98988176993970345     
   444.60621081975989       0.80529064359904501       0.21862477007989309       0.96417396862717375     
   460.31059410826708       0.78378461607356897       0.21491474770039304       0.94023212975014281     
   476.56949149896485       0.76283165300590972       0.21168573356124781       0.91788019556344558     
   493.40288198244309       0.74235814658683441       0.20887529766902302       0.89696534215951562     
   510.83065126063684       0.72230825092160122       0.20642923769825267       0.87735597701388346     
   528.87421463804299       0.70263958421324779       0.20430026134814974       0.85893654347219484     
   547.55511287104378       0.68332276034246420       0.20244728849667881       0.84160651021669031     
   566.89562449487210       0.66433870424725849       0.20083455549271845       0.82527738438513243     
   586.91951519858117       0.64567622704740668       0.19943088163946429       0.80987033644782791     
   607.65068989177485       0.62733178366437270       0.19820918204553761       0.79531582606457807     
   629.11387223602765       0.60930735375629386       0.19714587706808645       0.78155170497250215     
   651.33543626567803       0.59160854969294707       0.19622040869159868       0.76852172082856296     
   674.34163286578985       0.57424498643717115       0.19541492824772849       0.75617576544521614     
   698.16073213207346       0.55722762829153627       0.19471386251918424       0.74446790844914501     
   722.82116976782140       0.53057272050991744       0.18413469105627478       0.71462145773993102     
   748.35235540965130       0.50264897520475427       0.17199234378196257       0.68226400165142476     
   774.78566186873422       0.47662457217669685       0.16142401328693790       0.65328496525949642     
   802.15264573967897       0.45231560388949665       0.15222577607227594       0.62729014034478980     
   830.48594444209971       0.42956294781851628       0.14422009983014017       0.60393240164237316     
   859.82037403360118       0.40822787360586832       0.13725220223573997       0.58290539128037477     
   890.19058800385733       0.38819073575131391       0.13118769977431208       0.56394043927705928     
   921.63390537915473       0.36934624078634509       0.12590934091565451       0.54680019632027210     
   954.18786380243341       0.35160284163769129       0.12131527594873236       0.53127642716425705     
   987.89128659474920       0.33487999774281368       0.11731683625836509       0.51718585379194959     
   1022.7855886411724       0.31910596551232911       0.11383671572173627       0.50436674139983906     
   1058.9119914466876       0.30421773946052655       0.11080779641364830       0.49267738310641601     
   1096.3148872627712       0.29015835129057538       0.10817151698863578       0.48199254110112755     
   1135.0389283928459       0.27687711983644808       0.10587700854883830       0.47220239596285868     
   1175.1302964981960       0.26432822753248464       0.10387998550244575       0.46321027529611619     
   1216.6382559936744       0.25246960057550982       0.10214183726111654       0.45493079445898477     
   1259.6123598874483       0.24126320318792807       0.10062902501082575       0.44728910240045749     
   1304.1038583964914       0.23067405729473411        9.9312350434129754E-002  0.44021930625143313     
   1350.1674228314519       0.22066948553637633        9.8166356849317918E-002  0.43366318284120531     
   1397.8574692241625       0.19346897857648748        8.8244573600901821E-002  0.39340758197131143     
   1447.2325992722181       0.16833801373394144        7.8412059923055930E-002  0.35513941752661432     
   1498.3517579647787       0.14687299039818777        6.9854247194940891E-002  0.32203911531152679     
   1551.2759091786245       0.12298028906026169        6.0845913463337301E-002  0.27819989469085232     
   1606.0700862978565       0.10288059420540174        5.2957763370678153E-002  0.23999858004539554     
   1662.7990190437411        8.6113829805839121E-002   4.6092320099598023E-002  0.20710363883572996     
   1721.5324161293761        7.2123885964246667E-002   4.0116846672223268E-002  0.17876830775262992     
   1782.3403946248577        6.0447733248821467E-002   3.4916042053103218E-002  0.15435332774339597     
   1845.2954731357936        5.0699462470585530E-002   3.0389527134254780E-002  0.13331017632690884     
   1910.4750110852074        4.2557290232475772E-002   2.6449785948112758E-002  0.11516740841203134     
   1977.9568210713478        3.5753553104759674E-002   2.3020798369462327E-002   9.9520950777057582E-002
   2047.8213808026539        3.0065343633236263E-002   2.0036382578443056E-002   8.6023662980844504E-002
   2120.1545400970977        2.5306904487385477E-002   1.7438837663813184E-002   7.4376829170777217E-002
   2195.0417479108573        2.1323830754290674E-002   1.5178067135109639E-002   6.4324248932509501E-002
   2272.5750259096239        1.7987401213303840E-002   1.3210361091048950E-002   5.5645153906832279E-002
   2352.8469348264384        1.5190590011467131E-002   1.1497751235545573E-002   4.8149989094922935E-002
   2435.9532056335870        1.2844276640933934E-002   1.0007183019888373E-002   4.1675624034190922E-002
   2521.9959596104222        1.0874177231997439E-002   8.7098376901456227E-003   3.6081445539724234E-002
   2611.0779162676686        9.2185009614522105E-003   7.5806820398821350E-003   3.1246610935272080E-002
   2703.3053132971791        7.8257617047965897E-003   6.5979225880409137E-003   2.7067029377454092E-002
   2798.7914800504532        6.6530086905321351E-003   5.7425585921404556E-003   2.3452897548217978E-002
   2897.6492167059700        5.6644914343518659E-003   4.9980934233749908E-003   2.0327008217286596E-002
   3000.0000000000000        4.8303458736160343E-003   4.3501335382058548E-003   1.7622667721500538E-002
