         200   4370.0000000000000     
   3.0000000000000000        1.4029233116798368E-003   3.0377459048274796E-003   2.3535954777306137E-003
   3.1059655287322618        1.4426783547236127E-003   3.0377459048274796E-003   2.3763919190135339E-003
   3.2156739552243598        1.4822634312346757E-003   3.0377459048274796E-003   2.3992305083746844E-003
   3.3292574962321346        1.5216177592364572E-003   3.0377459048274796E-003   2.4220520696518590E-003
   3.4468529954360925        1.5606812500393915E-003   3.0377459048274796E-003   2.4447976585301153E-003
   3.5686022069563790        1.5993945739539762E-003   3.0377459048274796E-003   2.4674086904889953E-003
   3.6946518254059528        1.6376991689868419E-003   3.0377459048274796E-003   2.4898270698889397E-003
   3.8251536998800524        1.6755373496904725E-003   3.0377459048274796E-003   2.5119954131465013E-003
   3.9602651907155879        1.7128524925383772E-003   3.0377459048274796E-003   2.5338573518270684E-003
   4.1001490688558144        1.7495891333747307E-003   3.0377459048274796E-003   2.5553578158132350E-003
   4.2449739038313119        1.7856932491675888E-003   3.0377459048274796E-003   2.5764434504008116E-003
   4.3949142193596993        1.8211125091816016E-003   3.0377459048274796E-003   2.5970630335007522E-003
   4.5501507036585132        1.8557965735620868E-003   3.0377459048274796E-003   2.6171679289268570E-003
   4.7108703059600501        1.8896973917580369E-003   3.0377459048274796E-003   2.6367125372254076E-003
   4.8772669425686850        1.9227696402302273E-003   3.0377459048274796E-003   2.6556548126386078E-003
   5.0495410155906377        1.9549709127678963E-003   3.0377459048274796E-003   2.6739566119388957E-003
   5.2279001269311909        1.9862621547641940E-003   3.0377459048274796E-003   2.6915841477622533E-003
   5.4125592113782046        2.0166079517059498E-003   3.0377459048274796E-003   2.7085083122698906E-003
   5.6037407956130689        2.0459768134823918E-003   3.0377459048274796E-003   2.7247049457536279E-003
   5.8016752663703963        2.0743414199067647E-003   3.0377459048274796E-003   2.7401550254062181E-003
   6.0066011480696169        2.1016788198377468E-003   3.0377459048274796E-003   2.7548447677271776E-003
   6.2187653902530293        2.1279705780895327E-003   3.0377459048274796E-003   2.7687656417645884E-003
   6.4384236651766908        2.1532028662493608E-003   3.0377459048274796E-003   2.7819142940677401E-003
   6.6658406759127811        2.1773664954762347E-003   3.0377459048274796E-003   2.7942923896316228E-003
   6.9012904753346884        2.2004568912424795E-003   3.0377459048274796E-003   2.8059063760748687E-003
   7.1450567963692624        2.2224740117225568E-003   3.0377459048274796E-003   2.8167671806804289E-003
   7.3974330131920443        2.2434221828008974E-003   3.0377459048274796E-003   2.8268898371945394E-003
   7.6587243988323896        2.2633100661242369E-003   3.0377459048274796E-003   2.8362931561024957E-003
   7.9292442763577622        2.2821501029043809E-003   3.0377459048274796E-003   2.8449991349366040E-003
   8.2093202460023029        2.2999586893772588E-003   3.0377459048274796E-003   2.8530327145369133E-003
   8.4992881560440416        2.3167554365891834E-003   3.0377459048274796E-003   2.8604211157954727E-003
   8.7994991583321234        2.3325632770627978E-003   3.0377459048274796E-003   2.8671935791413287E-003
   9.1103132457223861        2.3474077338776003E-003   3.0377459048274796E-003   2.8733807517580538E-003
   9.4321068148357909        2.3613169545643044E-003   3.0377459048274796E-003   2.8790144337987140E-003
   9.7652657388916850        2.3743210141676688E-003   3.0377459048274796E-003   2.8841270447661329E-003
   10.110193474162946        2.3864519041983034E-003   3.0377459048274796E-003   2.8887514042585495E-003
   10.467303634806061        2.3977428905934549E-003   3.0377459048274796E-003   2.8929202929839043E-003
   10.837027566606025        2.4082284519719110E-003   3.0377459048274796E-003   2.8966662728926820E-003
   11.219811965471335        2.4179438580840163E-003   3.0377459048274796E-003   2.9000213990369667E-003
   11.616115840724994        2.4269248118462977E-003   3.0377459048274796E-003   2.9030169915510713E-003
   12.026419117330413        2.4352073867212986E-003   3.0377459048274796E-003   2.9056835349531764E-003
   12.451213803399156        2.4428275798350193E-003   3.0377459048274796E-003   2.9080504730363012E-003
   12.891014326336300        2.4498213026619294E-003   3.0377459048274796E-003   2.9101461705268402E-003
   13.346348065368609        2.4562240213225075E-003   3.0377459048274796E-003   2.9119977834344201E-003
   13.817766430769083        2.4620707725730067E-003   3.0377459048274796E-003   2.9136312620918659E-003
   14.305834715756038        2.4673958885444778E-003   3.0377459048274796E-003   2.9150712830214882E-003
   14.811143972217785        2.4722330394087505E-003   3.0377459048274796E-003   2.9163412845922511E-003
   15.334300133051286        2.4766150347156537E-003   3.0377459048274796E-003   2.9174634468537297E-003
   15.875936741648431        2.4805738891212192E-003   3.0377459048274796E-003   2.9184587515511578E-003
   16.436703292225193        2.4841406883084941E-003   3.0377459048274796E-003   2.9193469977596355E-003
   17.017278874447534        2.4873456706702456E-003   3.0377459048274796E-003   2.9201468792090226E-003
   17.618359675531394        2.4902181439370279E-003   3.0377459048274796E-003   2.9208760254670154E-003
   18.240671728221173        2.4927865680393524E-003   3.0377459048274796E-003   2.9215510892700298E-003
   18.884968846184627        2.4950785527583542E-003   3.0377459048274796E-003   2.9221878168828688E-003
   19.552019805756849        2.4971208480935305E-003   3.0377459048274796E-003   2.9228011174911362E-003
   20.242632201214423        2.4989394678888673E-003   3.0376942166273858E-003   2.9234050592969693E-003
   20.957638264717446        2.5005596865779224E-003   3.0375704640776577E-003   2.9240130704683669E-003
   21.697899624358065        2.5020061182837441E-003   3.0374767183877572E-003   2.9246383349212147E-003
   22.464312967141105        2.5033028034715764E-003   3.0374057032885771E-003   2.9252933764150036E-003
   23.257792778673313        2.5044732758103950E-003   3.0373519079181970E-003   2.9259903616898880E-003
   24.079299719823517        2.5055407245647495E-003   3.0373111565630074E-003   2.9267412351970117E-003
   24.929823759061236        2.5065281008227244E-003   3.0372802863796043E-003   2.9275578208561820E-003
   25.810395145829254        2.5074582900085703E-003   3.0372569013137059E-003   2.9284519535319538E-003
   26.722064579292049        2.5083542685831839E-003   3.0372391866544863E-003   2.9294355836634750E-003
   27.665935811728254        2.5092393305558495E-003   3.0372257673515835E-003   2.9305209378371264E-003
   28.643146268414043        2.5101372674820300E-003   3.0372156018898507E-003   2.9317206273191754E-003
   29.654879655490589        2.5110725818610112E-003   3.0372079012555707E-003   2.9330477880992458E-003
   30.702343174827575        2.5097105714192050E-003   2.7606241031081897E-003   2.9310227571576692E-003
   31.786804983723918        2.5076121395647367E-003   2.4308736402782367E-003   2.9279316782750502E-003
   32.909571928103169        2.5059686276934262E-003   2.1810793152261965E-003   2.9255161344228751E-003
   34.072004028335677        2.5047266526301336E-003   1.9918528154583767E-003   2.9236734903890188E-003
   35.275488300232773        2.5038482924530404E-003   1.8485099241827149E-003   2.9223222644412599E-003
   36.521481794408061        2.5033082530467620E-003   1.7399240545226105E-003   2.9213984008148392E-003
   37.811486012809581        2.5030915511220619E-003   1.6576675088027029E-003   2.9208522563004781E-003
   39.147055493126302        2.5031915008981950E-003   1.5953560926400779E-003   2.9206460306948011E-003
   40.529808025860810        2.5036079811190221E-003   1.5481533742693801E-003   2.9207516273864953E-003
   41.961393513511240        2.5043458986202167E-003   1.5123963627745346E-003   2.9211488498779694E-003
   43.443545167355794        2.5054138488411260E-003   1.4853095211805071E-003   2.9218238854034602E-003
   44.978049075047366        2.5068228952844487E-003   1.4647905528196940E-003   2.9227680095811536E-003
   46.566763998623138        2.5085854928252418E-003   1.4492468347590303E-003   2.9239764808169804E-003
   48.211585595230147        2.5107144653313423E-003   1.4374721547288898E-003   2.9254475406760710E-003
   49.914505239722644        2.5132221946238347E-003   1.4285525364648511E-003   2.9271815999540943E-003
   51.677575059319224        2.5161198087842829E-003   1.4217956997803322E-003   2.9291804407450112E-003
   53.502930680545909        2.5194165400816322E-003   1.4166771985691955E-003   2.9314465305498032E-003
   55.392750120602578        2.5231190705869585E-003   1.4127998306344542E-003   2.9339823070843596E-003
   57.349321371645829        2.5272311720097706E-003   1.4098626262468567E-003   2.9367896322844600E-003
   59.375002227322796        2.5317532458533111E-003   1.4076376195516641E-003   2.9398691378227197E-003
   61.472246417894510        2.5366820773244422E-003   1.4059521119693615E-003   2.9432196762443829E-003
   63.643556378429672        2.5420105052370054E-003   1.4046753059701422E-003   2.9468376789744469E-003
   65.891560899834928        2.5477274654042838E-003   1.4037080930963237E-003   2.9507167427057050E-003
   68.218968971510208        2.5538178174691452E-003   1.4029754048540599E-003   2.9548470590947478E-003
   70.628585269218178        2.5564631265744603E-003   1.4013346423443207E-003   2.9537189963493400E-003
   73.123328588587739        2.5497347317369858E-003   1.3973631504769839E-003   2.9387619080197304E-003
   75.706175661273647        2.5449900384497039E-003   1.3943546652614349E-003   2.9264721753793593E-003
   78.380253523498894        2.5418575091148339E-003   1.3920756615342018E-003   2.9163836704839273E-003
   81.148784610322849        2.5400301976866491E-003   1.3903492585052265E-003   2.9081062651996796E-003
   84.015122474940881        2.5392539715587328E-003   1.3890414577683843E-003   2.9013144385610012E-003
   86.982687236203873        2.5393181056257747E-003   1.3880507723249534E-003   2.8957376058964864E-003
   90.055071705548812        2.5400476999097401E-003   1.3873003030168674E-003   2.8911513633290524E-003
   93.235978303002270        2.5412976400520653E-003   1.3867318035137082E-003   2.8873703272857278E-003
   96.529260096906100        2.5429477323413554E-003   1.3863011485295345E-003   2.8842418131308869E-003
   99.938826062156153        2.5448987316150622E-003   1.3859749203689695E-003   2.8816406060622034E-003
   103.46886588546354        2.5470692952459014E-003   1.3857277913269894E-003   2.8794642927018397E-003
   107.12359379692580        2.5493932595154344E-003   1.3855405851285691E-003   2.8776296908036270E-003
   110.90736836557576        2.5518175825288685E-003   1.3853987733859850E-003   2.8760695620612870E-003
   114.82483910697920        2.5543006746850607E-003   1.3852913461178289E-003   2.8747299043608318E-003
   118.88068277378797        2.5568107309395655E-003   1.3852099673761107E-003   2.8735678122062337E-003
   123.07973629915718        2.5593245240507546E-003   1.3851483216546017E-003   2.8725495111369330E-003
   127.42715949490271        2.5618263550078709E-003   1.3851016229021980E-003   2.8716487198378140E-003
   131.92808807993632        2.5643068149955573E-003   1.3850662478371030E-003   2.8708453599586665E-003
   136.58805281121437        2.5667620742570989E-003   1.3850394500096825E-003   2.8701242988885224E-003
   141.41261684513370        2.5691927884731866E-003   1.3850191500103079E-003   2.8694744180587117E-003
   146.40753387824964        2.5716033486111347E-003   1.3850037724303468E-003   2.8688877235861889E-003
   151.57894168226974        2.5740011660923324E-003   1.3849921233850984E-003   2.8683585976259050E-003
   156.93294936957258        2.5763957116791874E-003   1.3849832990437034E-003   2.8678832239818048E-003
   162.47613596373097        2.5787980220466755E-003   1.3849766143018605E-003   2.8674590145992334E-003
   168.21511902855468        2.5812198236330468E-003   1.3849715504489926E-003   2.8670842160691701E-003
   174.15674278185460        2.2135666660619393E-003   1.2347979063697212E-003   2.4736175775969108E-003
   180.30830831190286        1.7946626847052561E-003   1.0640011785944374E-003   2.0262255668524617E-003
   186.67715947709803        1.4775025632227279E-003   9.3461854572527965E-004   1.6872994756683480E-003
   193.27089166569760        1.2374743419128721E-003   8.3660909528102676E-004   1.4305353594115558E-003
   200.09760727912413        1.0559103154017307E-003   7.6236356861938330E-004   1.2360021996017970E-003
   207.16537088595135        9.1866682099145717E-004   7.0612137363012053E-004   1.0886132389435067E-003
   214.48286737908427        8.1501502901158880E-004   6.6351597824572308E-004   9.7693413007741590E-004
   222.05883252794877        7.3682606469261725E-004   6.3124136560491412E-004   8.9230858954807580E-004
   229.90230130529540        6.7793698501031428E-004   6.0679282117449146E-004   8.2817902101331973E-004
   238.02291179328489        6.3367404201893930E-004   5.8827220863029851E-004   7.7957624564677661E-004
   246.43025707061713        6.0049620011403738E-004   5.7424254315592885E-004   7.4273849729014011E-004
   255.13466811288930        5.7571712139799528E-004   5.6361458945034567E-004   7.1481436529724528E-004
   264.14653641505117        5.5730087450784661E-004   5.5556365867227354E-004   6.9364490116207626E-004
   273.47660938458705        5.4370321087456421E-004   5.4946494755761239E-004   6.7759430604651723E-004
   283.13635184814427        5.3375229878901520E-004   5.4484496431504833E-004   6.6542276461248556E-004
   293.13729579387660        5.2655939828851004E-004   5.4134521579222679E-004   6.5619140284008701E-004
   303.49136818478553        5.2144982924937685E-004   5.3869409931849076E-004   6.4918872302945128E-004
   314.21129214162710        5.1791112012321164E-004   5.3668578748793051E-004   6.4387534943611440E-004
   325.30973137660959        5.1555412734237546E-004   5.3516445858567266E-004   6.3984277422397579E-004
   336.80032369109853        5.1408294028212681E-004   5.3401199966399040E-004   6.3678118170962987E-004
   348.69678677735646        5.1327258970198988E-004   5.3313898428774143E-004   6.3445585185680788E-004
   361.01330816366544        5.1295186568171976E-004   5.3247766092959095E-004   6.3268881776333487E-004
   373.76502243504467        5.1151717270736736E-004   5.3000275478376100E-004   6.2871358568523472E-004
   386.96715283564077        5.0593990363025565E-004   5.2180272044144633E-004   6.1726937501505996E-004
   400.63544401132759        5.0191721996893700E-004   5.1559106094981185E-004   6.0860171518492003E-004
   414.78669160661980        4.9906708017689384E-004   5.1088551543038846E-004   6.0203659092659338E-004
   429.43761284149554        4.9709817719195280E-004   5.0732098810417705E-004   5.9706386976591229E-004
   444.60621081975989        4.9578826922578212E-004   5.0462073616485239E-004   5.9329696371290428E-004
   460.31059410826708        4.9496804669877899E-004   5.0257523031780943E-004   5.9044324215643364E-004
   476.56949149896485        4.9450857108664689E-004   5.0102572634263664E-004   5.8828104901072111E-004
   493.40288198244309        4.9431176787916075E-004   4.9985192383502621E-004   5.8664244333558858E-004
   510.83065126063684        4.9430318836792551E-004   4.9896274932875750E-004   5.8540031322510788E-004
   528.87421463804299        4.9442643485940279E-004   4.9828916908509083E-004   5.8445833063745800E-004
   547.55511287104378        4.9463892525687561E-004   4.9777891583545689E-004   5.8374358283678552E-004
   566.89562449487210        4.9490864477531882E-004   4.9739239069313196E-004   5.8320084721915082E-004
   586.91951519858117        4.9521167990981070E-004   4.9709958461545412E-004   5.8278829099044907E-004
   607.65068989177485        4.9553030014493895E-004   4.9687777696290911E-004   5.8247425704902457E-004
   629.11387223602765        4.9585151216057150E-004   4.9670975405560075E-004   5.8223477603922772E-004
   651.33543626567803        4.9616595683049419E-004   4.9658247092945371E-004   5.8205169728885891E-004
   674.34163286578985        4.9646702649543985E-004   4.9648605188952531E-004   5.8191129349763598E-004
   698.16073213207346        4.9675023632135508E-004   4.9641301115348343E-004   5.8180317182965119E-004
   722.82116976782140        4.8749484686896004E-004   4.8683949282377813E-004   5.6350158824555610E-004
   748.35235540965130        4.7791409033692736E-004   4.7697653813027460E-004   5.4463887641659626E-004
   774.78566186873422        4.7069126183756993E-004   4.6950501102406046E-004   5.3034795021814464E-004
   802.15264573967897        4.6524902266285411E-004   4.6384514937948117E-004   5.1952044739183917E-004
   830.48594444209971        4.6115043778291947E-004   4.5955771205443704E-004   5.1131665814641513E-004
   859.82037403360118        4.5806484514829705E-004   4.5630983094925977E-004   5.0510023837222937E-004
   890.19058800385733        4.5574234432230681E-004   4.5384950814420096E-004   5.0038945215565857E-004
   921.63390537915473        4.5399392797224720E-004   4.5198572907400496E-004   4.9681915034043771E-004
   954.18786380243341        4.5267687944984785E-004   4.5057387156168969E-004   4.9411287538893940E-004
   987.89128659474920        4.5168343917427071E-004   4.4950436651438090E-004   4.9206118221823152E-004
   1022.7855886411724        4.5093228733646845E-004   4.4869417968908259E-004   4.9050535257923861E-004
   1058.9119914466876        4.5036217579037498E-004   4.4808044998097653E-004   4.8932523325434551E-004
   1096.3148872627712        4.4992697273010552E-004   4.4761552863717283E-004   4.8842975141807899E-004
   1135.0389283928459        4.4959201914440277E-004   4.4726333952721672E-004   4.8774995689222295E-004
   1175.1302964981960        4.4933130326631129E-004   4.4699655054361120E-004   4.8723361435415783E-004
   1216.6382559936744        4.4912533662980100E-004   4.4679444872072006E-004   4.8684114098511069E-004
   1259.6123598874483        4.4895956706229791E-004   4.4664135172469685E-004   4.8654257023948082E-004
   1304.1038583964914        4.4882315215387429E-004   4.4652537825814803E-004   4.8631520111756479E-004
   1350.1674228314519        4.4870803713813060E-004   4.4643752437198078E-004   4.8614183232410362E-004
   1397.8574692241625        3.9368704112983282E-004   3.9181511966253227E-004   4.2568891858392813E-004
   1447.2325992722181        3.4724855645478994E-004   3.4572236227970029E-004   3.7458295239481263E-004
   1498.3517579647787        3.1206881895713489E-004   3.1080598897402013E-004   3.3586832442878225E-004
   1551.2759091786245        2.3773239906599715E-004   2.3679376094715149E-004   2.5586452809514185E-004
   1606.0700862978565        1.8007046339662899E-004   1.7937697423947390E-004   1.9382136775408277E-004
   1662.7990190437411        1.3639408711608461E-004   1.3588282369776273E-004   1.4682327883244818E-004
   1721.5324161293761        1.0331064944634094E-004   1.0293451005012162E-004   1.1122105721710486E-004
   1782.3403946248577        7.8251541576601321E-005   7.7975369299254898E-005   8.4251839422242196E-005
   1845.2954731357936        5.9270787797588998E-005   5.9068413904190433E-005   6.3822449933272660E-005
   1910.4750110852074        4.4893748552939399E-005   4.4745745482810010E-005   4.8346651796902774E-005
   1977.9568210713478        3.4004003076150671E-005   3.3895979364876320E-005   3.6623481023453943E-005
   2047.8213808026539        2.5755786982903602E-005   2.5677104921791610E-005   2.7743072785643776E-005
   2120.1545400970977        1.9508211960443002E-005   1.9451025101664146E-005   2.1015918015224264E-005
   2195.0417479108573        1.4776137462654012E-005   1.4734668291938098E-005   1.5920030572930750E-005
   2272.5750259096239        1.1191863181679252E-005   1.1161865937929308E-005   1.2059749763692110E-005
   2352.8469348264384        8.4770225159835882E-006   8.4553821469108372E-006   9.1355140834865615E-006
   2435.9532056335870        6.4207416168631744E-006   6.4051766200048598E-006   6.9203714956134843E-006
   2521.9959596104222        4.8632330961092758E-006   4.8520754810863457E-006   5.2423338991846786E-006
   2611.0779162676686        3.6835317225462796E-006   3.6755639806450120E-006   3.9711859273766481E-006
   2703.3053132971791        2.7900023307831795E-006   2.7843373682123522E-006   3.0082744002221890E-006
   2798.7914800504532        2.1132098501295366E-006   2.1092025836073457E-006   2.2788381284409132E-006
   2897.6492167059700        1.6005947970792393E-006   1.5977769946579442E-006   1.7262796141742593E-006
   3000.0000000000000        1.2123219546772334E-006   1.2103545366431707E-006   1.3076982640409132E-006
