         200   4370.0000000000000     
   3.0000000000000000        3.0773886798007178E-003  0.43002767782098600        1.5082765047453937E-003
   3.1059655287322618        3.2939156484837508E-003  0.43002767782098600        1.6082166702421829E-003
   3.2156739552243598        3.5253615167180636E-003  0.43002767782098600        1.7151324090005301E-003
   3.3292574962321346        3.7727152115314545E-003  0.43002767782098600        1.8295165843301010E-003
   3.4468529954360925        4.0370365901926906E-003  0.43002767782098600        1.9518968124950457E-003
   3.5686022069563790        4.3194647439906619E-003  0.43002767782098600        2.0828380659908509E-003
   3.6946518254059528        4.6212271563686978E-003  0.43002767782098600        2.2229452072790820E-003
   3.8251536998800524        4.9436509240460107E-003  0.43002767782098600        2.3728659195644485E-003
   3.9602651907155879        5.2881763078518208E-003  0.43002767782098600        2.5332940546182320E-003
   4.1001490688558144        5.6563714106729213E-003  0.43002767782098600        2.7049727167432918E-003
   4.2449739038313119        6.0499506918501060E-003  0.43002767782098600        2.8886982035029171E-003
   4.3949142193596993        6.4707959725065142E-003  0.43002767782098600        3.0853240162689705E-003
   4.5501507036585132        6.9209811265730581E-003  0.43002767782098600        3.2957653075479060E-003
   4.7108703059600501        7.4028005450234779E-003  0.43002767782098600        3.5210035848926660E-003
   4.8772669425686850        7.9188042253958354E-003  0.43002767782098600        3.7620927472243860E-003
   5.0495410155906377        8.4718348293138079E-003  0.43002767782098600        4.0201639802549287E-003
   5.2279001269311909        9.0650746940558677E-003  0.43002767782098600        4.2964329109153382E-003
   5.4125592113782046        9.7020984404651723E-003  0.43002767782098600        4.5922066170055774E-003
   5.6037407956130689        1.0386934264719615E-002  0.43002767782098600        4.9088915483376004E-003
   5.8016752663703963        1.1124134582088177E-002  0.43002767782098600        5.2480022830326779E-003
   6.0066011480696169        1.1918856997402425E-002  0.43002767782098600        5.6111712120621481E-003
   6.2187653902530293        1.2776956464306384E-002  0.43002767782098600        6.0001592537506799E-003
   6.4384236651766908        1.3705089296954893E-002  0.43002767782098600        6.4168677092187555E-003
   6.6658406759127811        1.4710829410403012E-002  0.43002767782098600        6.8633513796955261E-003
   6.9012904753346884        1.5802796798124696E-002  0.43002767782098600        7.3418330773523258E-003
   7.1450567963692624        1.6990797830285464E-002  0.43002767782098600        7.8547196728629698E-003
   7.3974330131920443        1.8285974507887711E-002  0.43002767782098600        8.4046189912336620E-003
   7.6587243988323896        1.9700975447429638E-002  0.43002767782098600        8.9943636339064673E-003
   7.9292442763577622        2.1250102495746100E-002  0.43002767782098600        9.6270232126320614E-003
   8.2093202460023029        2.2949518289942107E-002  0.43002767782098600        1.0305941539018648E-002
   8.4992881560440416        2.4817389533584630E-002  0.43002767782098600        1.1034747921453598E-002
   8.7994991583321234        2.6874111286575235E-002  0.43002767782098600        1.1817402367806477E-002
   9.1103132457223861        2.9142448886336724E-002  0.43002767782098600        1.2658210237385698E-002
   9.4321068148357909        3.1647776524627275E-002  0.43002767782098600        1.3561876088534337E-002
   9.7652657388916850        3.4418216676819921E-002  0.43002767782098600        1.4533522413234226E-002
   10.110193474162946        3.7484899830402381E-002  0.43002767782098600        1.5578753741281622E-002
   10.467303634806061        4.0882107630437606E-002  0.43002767782098600        1.6703680311758423E-002
   10.837027566606025        4.4647556679066794E-002  0.43002767782098600        1.7914990613237720E-002
   11.219811965471335        4.8822615204750036E-002  0.43002767782098600        1.9219999633619814E-002
   11.616115840724994        5.3452519736929896E-002  0.43002767782098600        2.0626697951424428E-002
   12.026419117330413        5.8586745262015676E-002  0.43002767782098600        2.2143847405790878E-002
   12.451213803399156        6.4279195401671832E-002  0.43002767782098600        2.3781021921219003E-002
   12.891014326336300        7.0588642640024471E-002  0.43002767782098600        2.5548725039218539E-002
   13.346348065368609        7.7578919897727250E-002  0.43002767782098600        2.7458440076373436E-002
   13.817766430769083        8.5319397099616653E-002  0.43002767782098600        2.9522769790939561E-002
   14.305834715756038        9.3885123825840286E-002  0.43002767782098600        3.1755497664795025E-002
   14.811143972217785       0.10335728796477467       0.43002767782098600        3.4171753830080920E-002
   15.334300133051286       0.11382322780553639       0.43002767782098600        3.6788089541129131E-002
   15.875936741648431       0.12537679212412439       0.43002767782098600        3.9622674197064646E-002
   16.436703292225193       0.13811811606757859       0.43002767782098600        4.2695385325107311E-002
   17.017278874447534       0.15215378586852094       0.43002767782098600        4.6028042288986389E-002
   17.618359675531394       0.16759626025613436       0.43002767782098600        4.9644514278563791E-002
   18.240671728221173       0.18456368557930627       0.43002767782098600        5.3570984893791404E-002
   18.884968846184627       0.20317916340577497       0.43002767782098600        5.7836154446374674E-002
   19.552019805756849       0.22356940821136287       0.43002767782098600        6.2471379366912237E-002
   20.242632201214423       0.24586420851059268       0.42998011614826037        6.7511069320670997E-002
   20.957638264717446       0.27019450454908250       0.42986624338313284        7.2992869867908830E-002
   21.697899624358065       0.29669069340669130       0.42977998188022948        7.8957998244090805E-002
   22.464312967141105       0.32548068573679023       0.42971463627137402        8.5451567665423236E-002
   23.257792778673313       0.35668676406278510       0.42966513565429887        9.2522781852250144E-002
   24.079299719823517       0.39042384459219776       0.42962763768348228       0.10022552507930702     
   24.929823759061236       0.42679575300176703       0.42959923202111994       0.10861859095154884     
   25.810395145829254       0.46589231771350764       0.42957771390191812       0.11776617273296636     
   26.722064579292049       0.50778491931939163       0.42956141349248816       0.12773805226261983     
   27.665935811728254       0.55252425714188214       0.42954906551960997       0.13861034281580012     
   28.643146268414043       0.60013579725796240       0.42953971161749743       0.15046569451457484     
   29.654879655490589       0.65061676425164150       0.42953262576334289       0.16339383223186935     
   30.702343174827575       0.70370467925788815       0.41262527330115212       0.17738170493487576     
   31.786804983723918       0.75947766915313875       0.39247006234849868       0.19260363318253834     
   32.909571928103169       0.81794074717556631       0.37720197971112834       0.20922636173892964     
   34.072004028335677       0.87894059090666798       0.36563596100740525       0.22736719101868783     
   35.275488300232773       0.94228434361941460       0.35687446849142979       0.24715184905722143     
   36.521481794408061        1.0077415390474358       0.35023741606489500       0.26871487949881262     
   37.811486012809581        1.0750434857942894       0.34520968079807263       0.29219876358397745     
   39.147055493126302        1.1438855530054839       0.34140104402850441       0.31775330776425015     
   40.529808025860810        1.2139306469351738       0.33851589039404056       0.34553478236159746     
   41.961393513511240        1.2848117021921197       0.33633032830709125       0.37570383827669807     
   43.443545167355794        1.3561393758529472       0.33467470968662549       0.40842464715634125     
   44.978049075047366        1.4275065237413449       0.33342053666047128       0.44386192442176708     
   46.566763998623138        1.4984959606804293       0.33247046394847957       0.48217847097606603     
   48.211585595230147        1.5686863321414231       0.33175076470114384       0.52353086238128232     
   49.914505239722644        1.6376626256310873       0.33120557429811592       0.56806691250044272     
   51.677575059319224        1.7050226737739873       0.33079257876330997       0.61592043026907628     
   53.502930680545909        1.7703861314364537       0.33047972257870728       0.66720705403341551     
   55.392750120602578        1.8334008570986251       0.33024272770690311       0.72201813086063804     
   57.349321371645829        1.8937526769544939       0.33006319809067514       0.78041768774539200     
   59.375002227322796        1.9511705474539440       0.32992719986059599       0.84243667798875499     
   61.472246417894510        2.0054330757060339       0.32982417722768681       0.90806971038916251     
   63.643556378429672        2.0563719695144087       0.32974613550474624       0.97727040990384062     
   65.891560899834928        2.1038774381499858       0.32968701692356001        1.0499518879571088     
   68.218968971510208        2.1478989823308665       0.32964223310139751        1.1259847721263163     
   70.628585269218178        2.1850101293758857       0.32910322439934547        1.2030302540515498     
   73.123328588587739        2.2100297973896530       0.32742557796377342        1.2772811544038081     
   75.706175661273647        2.2334301983752778       0.32615472694180542        1.3548741563461844     
   78.380253523498894        2.2550786704594548       0.32519202511403650        1.4353605035688839     
   81.148784610322849        2.2749528389036593       0.32446275410337605        1.5183020856317968     
   84.015122474940881        2.2931230172034582       0.32391031000481280        1.6032744405815722     
   86.982687236203873        2.3097349340919613       0.32349182245442604        1.6898672441544236     
   90.055071705548812        2.3249943236652575       0.32317480753867800        1.7776896102246389     
   93.235978303002270        2.3391511351273890       0.32293466071301213        1.8663695198115684     
   96.529260096906100        2.3524850775439385       0.32275274247591251        1.9555550199034375     
   99.938826062156153        2.3652913644126903       0.32261493645010592        2.0449102609460037     
   103.46886588546354        2.3778685906535215       0.32251054365005855        2.1341185298191405     
   107.12359379692580        2.3905058273770616       0.32243146359098007        2.2228713128938731     
   110.90736836557576        2.4034723951622179       0.32237155915898996        2.3108666071244492     
   114.82483910697920        2.4170090561908668       0.32232617949322973        2.3978068411531908     
   118.88068277378797        2.4313193900972427       0.32229180330399537        2.4833877607328043     
   123.07973629915718        2.4465642057331753       0.32226576278108604        2.5672977726820125     
   127.42715949490271        2.4628579007036953       0.32224603619013809        2.6492185801984975     
   131.92808807993632        2.4802647654140411       0.32223109297639191        2.7288180588280331     
   136.58805281121437        2.4987999384090016       0.32221977297847815        2.8057601583424998     
   141.41261684513370        2.5184291260623053       0.32221119780755270        2.8797028208131419     
   146.40753387824964        2.5390718883480563       0.32220470197599343        2.9503078527825410     
   151.57894168226974        2.5606065546550423       0.32219978116036763        3.0172520276277588     
   156.93294936957258        2.5828737696963802       0.32219605356243103        3.0802313117119859     
   162.47613596373097        2.6056847003146419       0.32219322977890186        3.1389775943643277     
   168.21511902855468        2.6288259711237250       0.32219109069490048        3.1932632470988054     
   174.15674278185460        2.3231016387897183       0.29840081672268021        2.8656556997285985     
   180.30830831190286        1.9640134820458968       0.27134385069463091        2.4602359146937083     
   186.67715947709803        1.6887090723406595       0.25084754758766264        2.1387291214982791     
   193.27089166569760        1.4774243500017861       0.23532126435238251        1.8837724549036259     
   200.09760727912413        1.3150676389435085       0.22355957126384898        1.6816976464159796     
   207.16537088595135        1.1901105527184279       0.21464989729650163        1.5216622288497710     
   214.48286737908427        1.0937223559010634       0.20790051309843960        1.3949699254986592     
   222.05883252794877        1.0191388598526205       0.20278769209088665        1.2946135188721750     
   229.90230130529540       0.96116964780997904       0.19891464695292890        1.2149328631476979     
   238.02291179328489       0.91582718122306506       0.19598068216944442        1.1513677879994684     
   246.43025707061713       0.88004958375122344       0.19375815608788949        1.1002727619243717     
   255.13466811288930       0.85148135936684721       0.19207451620728239        1.0587525903441497     
   264.14653641505117       0.82831253732413301       0.19079911846756062        1.0245321781537919     
   273.47660938458705       0.80915149092758243       0.18983298391923686       0.99583839704073840     
   283.13635184814427       0.79292829163722167       0.18910110379909392       0.97130074883887718     
   293.13729579387660       0.77882221522817652       0.18854668698957955       0.94987066131587317     
   303.49136818478553       0.76620426314116852       0.18812670723176639       0.93075215665448285     
   314.21129214162710       0.75459329657755836       0.18780855813323882       0.91334607087004505     
   325.30973137660959       0.74362360617308865       0.18756755501238234       0.89720732487256383     
   336.80032369109853       0.73301808274671110       0.18738498686661728       0.88200814618180001     
   348.69678677735646       0.72256938130056458       0.18724668710124845       0.86751181612255479     
   361.01330816366544       0.71212430537466265       0.18714192277778555       0.85355041479084426     
   373.76502243504467       0.69923907754962988       0.18487636406734939       0.83622555945419408     
   386.96715283564077       0.67927927188328430       0.17615473631269624       0.80815318665313185     
   400.63544401132759       0.66135053536560207       0.16954796132089819       0.78415292204185516     
   414.78669160661980       0.64487221962815466       0.16454310223253860       0.76327152152749966     
   429.43761284149554       0.62941429574060526       0.16075184000573697       0.74479487067866923     
   444.60621081975989       0.61466010880779975       0.15787982858780356       0.72818738315046216     
   460.31059410826708       0.60038050858582614       0.15570421080095984       0.71304956704309730     
   476.56949149896485       0.58641251704581243       0.15405614491347058       0.69908393613624054     
   493.40288198244309       0.57264298493804533       0.15280767837034498       0.68606919981098158     
   510.83065126063684       0.55899758249252840       0.15186194464181982       0.67384202096374435     
   528.87421463804299       0.54543014741054996       0.15114551884371824       0.66228102001929412     
   547.55511287104378       0.53191662943562634       0.15060280905518089       0.65129663768378043     
   566.89562449487210       0.51844904795572178       0.15019169755632092       0.64082225848887664     
   586.91951519858117       0.50503071625470797       0.14988026646869482       0.63080759042546908     
   607.65068989177485       0.49167386317924811       0.14964434992275608       0.62121475979727081     
   629.11387223602765       0.47839655607007070       0.14946563929903939       0.61201450023195503     
   651.33543626567803       0.46522021258787688       0.14933025986044707       0.60318335870076012     
   674.34163286578985       0.45216912953406940       0.14922770773205371       0.59470264858676525     
   698.16073213207346       0.43926801555868800       0.14915002097074292       0.58655631954126175     
   722.82116976782140       0.41066083206546777       0.13325385006009019       0.54889981133078347     
   748.35235540965130       0.38175617423759639       0.11686803183083760       0.51057761450544858     
   774.78566186873422       0.35705280097625358       0.10445521144771736       0.48003634118337418     
   802.15264573967897       0.33560665223259040        9.5052201194423688E-002  0.45548082568732773     
   830.48594444209971       0.31670632454692937        8.7929267868596311E-002  0.43553616017864827     
   859.82037403360118       0.29981537653491458        8.2533401105190252E-002  0.41914958202164376     
   890.19058800385733       0.28453057142988936        7.8445944199852610E-002  0.40551693863617361     
   921.63390537915473       0.27054753534592324        7.5349555134635066E-002  0.39402323220770963     
   954.18786380243341       0.25763734799061117        7.3003965878544380E-002  0.38419924081196744     
   987.89128659474920       0.24562725882611389        7.1227143836363083E-002  0.37568660882579685     
   1022.7855886411724       0.23438621506556678        6.9881140081543433E-002  0.36821126554010902     
   1058.9119914466876       0.22381519991645410        6.8861520327482800E-002  0.36156390378212172     
   1096.3148872627712       0.21383814910713983        6.8089123326053991E-002  0.35558383266690863     
   1135.0389283928459       0.20439682424332456        6.7504014003604479E-002  0.35014780342191920     
   1175.1302964981960       0.19544588551041017        6.7060784167641677E-002  0.34516081007141025     
   1216.6382559936744       0.18694921588406174        6.6725022335960546E-002  0.34054916378029559     
   1259.6123598874483       0.17887803002204827        6.6470674665687485E-002  0.33625571190122422     
   1304.1038583964914       0.17120865362542365        6.6278002165272118E-002  0.33223575779716524     
   1350.1674228314519       0.16392088261327289        6.6132046125301477E-002  0.32845399642972567     
   1397.8574692241625       0.13434757274108669        5.4598004912890040E-002  0.28129976781244598     
   1447.2325992722181       0.10971831389749119        4.4432157798377947E-002  0.24149556465521105     
   1498.3517579647787        9.1012597721947350E-002   3.6731283887306898E-002  0.21132944124556685     
   1551.2759091786245        6.6089801842467918E-002   2.7909732244492051E-002  0.15935762187969824     
   1606.0700862978565        4.7785964314415223E-002   2.1142294044513361E-002  0.11958263476217390     
   1662.7990190437411        3.4565413155041871E-002   1.6015849450005136E-002   8.9763794316803466E-002
   1721.5324161293761        2.5014310045555609E-002   1.2132391506962267E-002   6.7401096341544162E-002
   1782.3403946248577        1.8112417019959168E-002   9.1905786288571188E-003   5.0624989662856210E-002
   1845.2954731357936        1.3123266916408765E-002   6.9621074878773075E-003   3.8036010790998824E-002
   1910.4750110852074        9.5151940654721635E-003   5.2739640204631077E-003   2.8585950511494908E-002
   1977.9568210713478        6.9046520710724394E-003   3.9951547053204122E-003   2.1490091967341866E-002
   2047.8213808026539        5.0147998663331705E-003   3.0264358330829360E-003   1.6160411160448727E-002
   2120.1545400970977        3.6457611501900188E-003   2.2925979987686489E-003   1.2156019781358085E-002
   2195.0417479108573        2.6533113810845539E-003   1.7367038941164621E-003   9.1465584276713315E-003
   2272.5750259096239        1.9332611775504775E-003   1.3155950073619183E-003   6.8841158989035797E-003
   2352.8469348264384        1.4103853763197045E-003   9.9659488831637180E-004   5.1827972743961892E-003
   2435.9532056335870        1.0303231391911197E-003   7.5494710556548187E-004   3.9030806049629402E-003
   2521.9959596104222        7.5376653934235919E-004   5.7189060626225234E-004   2.9401912654815356E-003
   2611.0779162676686        5.5229731980287341E-004   4.3322090133192669E-004   2.2154938748116361E-003
   2703.3053132971791        4.0534729443624309E-004   3.2817634262958606E-004   1.6699168017373647E-003
   2798.7914800504532        2.9801719105174173E-004   2.4860147971132696E-004   1.2590609326914865E-003
   2897.6492167059700        2.1951460236817124E-004   1.8832222575857946E-004   9.4957825421981986E-004
   3000.0000000000000        1.6200788079593297E-004   1.4265861948177148E-004   7.1638399344244399E-004
