         200   4370.0000000000000     
   3.0000000000000000        2.0466433299755598E-003   7.5322331656721735        9.8686403193114268E-004
   3.1059655287322618        2.1938556521254346E-003   7.5322331656721735        1.0522471638078734E-003
   3.2156739552243598        2.3516272663235346E-003   7.5322331656721735        1.1222022320721630E-003
   3.3292574962321346        2.5206914330003112E-003   7.5322331656721735        1.1970540547826603E-003
   3.4468529954360925        2.7018330470918329E-003   7.5322331656721735        1.2771504629543304E-003
   3.5686022069563790        2.8958939448989812E-003   7.5322331656721735        1.3628639800807923E-003
   3.6946518254059528        3.1037786429022056E-003   7.5322331656721735        1.4545934390590939E-003
   3.8251536998800524        3.3264612739173668E-003   7.5322331656721735        1.5527658382323442E-003
   3.9602651907155879        3.5649938234840585E-003   7.5322331656721735        1.6578384457110054E-003
   4.1001490688558144        3.8205147191562624E-003   7.5322331656721735        1.7703007014513892E-003
   4.2449739038313119        4.0942594949825526E-003   7.5322331656721735        1.8906766457574651E-003
   4.3949142193596993        4.3875724123687019E-003   7.5322331656721735        2.0195273531005194E-003
   4.5501507036585132        4.7019196246162430E-003   7.5322331656721735        2.1574536049629627E-003
   4.7108703059600501        5.0389036518891988E-003   7.5322331656721735        2.3050986761270855E-003
   4.8772669425686850        5.4002808094458536E-003   7.5322331656721735        2.4631519311100066E-003
   5.0495410155906377        5.7879779208380149E-003   7.5322331656721735        2.6323515996856599E-003
   5.2279001269311909        6.2041134399812448E-003   7.5322331656721735        2.8134889489952407E-003
   5.4125592113782046        6.6510194358048403E-003   7.5322331656721735        3.0074122637937825E-003
   5.6037407956130689        7.1312660851934415E-003   7.5322331656721735        3.2150313125420440E-003
   5.8016752663703963        7.6476886518392568E-003   7.5322331656721735        3.4373222325362407E-003
   6.0066011480696169        8.2034172157840531E-003   7.5322331656721735        3.6753328759443309E-003
   6.2187653902530293        8.8019094747318043E-003   7.5322331656721735        3.9301886616371203E-003
   6.4384236651766908        9.4469870060798888E-003   7.5322331656721735        4.2030989808853692E-003
   6.6658406759127811        1.0142875459533999E-002   7.5322331656721735        4.4953642084094372E-003
   6.9012904753346884        1.0894249245976069E-002   7.5322331656721735        4.8083833739960436E-003
   7.1450567963692624        1.1706281401145142E-002   7.5322331656721735        5.1436625540341105E-003
   7.3974330131920443        1.2584698080430343E-002   7.5322331656721735        5.5028234959034793E-003
   7.6587243988323896        1.3535848132644810E-002   7.5322331656721735        5.8876164019819165E-003
   7.9292442763577622        1.4566758856056690E-002   7.5322331656721735        6.2999247434362728E-003
   8.2093202460023029        1.5685237832748861E-002   7.5322331656721735        6.7417859023347236E-003
   8.4992881560440416        1.6899939693898580E-002   7.5322331656721735        7.2153944311705506E-003
   8.7994991583321234        1.8220496891212114E-002   7.5322331656721735        7.7231268341867165E-003
   9.1103132457223861        1.9657609663715776E-002   7.5322331656721735        8.2675458774704863E-003
   9.4321068148357909        2.1223213420526181E-002   7.5322331656721735        8.8514296780399133E-003
   9.7652657388916850        2.2930599683250449E-002   7.5322331656721735        9.4777773239443086E-003
   10.110193474162946        2.4794630191385496E-002   7.5322331656721735        1.0149843054551268E-002
   10.467303634806061        2.6831896651128756E-002   7.5322331656721735        1.0871143523552774E-002
   10.837027566606025        2.9060984083295782E-002   7.5322331656721735        1.1645495641512609E-002
   11.219811965471335        3.1502708958386735E-002   7.5322331656721735        1.2477037801980527E-002
   11.616115840724994        3.4180373402252530E-002   7.5322331656721735        1.3370250761999991E-002
   12.026419117330413        3.7120121283526042E-002   7.5322331656721735        1.4330007093176342E-002
   12.451213803399156        4.0351200427576880E-002   7.5322331656721735        1.5361584663915849E-002
   12.891014326336300        4.3906377248639619E-002   7.5322331656721735        1.6470727530686787E-002
   13.346348065368609        4.7822217118321721E-002   7.5322331656721735        1.7663663073176183E-002
   13.817766430769083        5.2139533293194491E-002   7.5322331656721735        1.8947174067520708E-002
   14.305834715756038        5.6903657337100566E-002   7.5322331656721735        2.0328620336076450E-002
   14.811143972217785        6.2164899250578713E-002   7.5322331656721735        2.1816024115601726E-002
   15.334300133051286        6.7978778290754424E-002   7.5322331656721735        2.3418097199770133E-002
   15.875936741648431        7.4406476082200343E-002   7.5322331656721735        2.5144342035658393E-002
   16.436703292225193        8.1515005271785568E-002   7.5322331656721735        2.7005085425216877E-002
   17.017278874447534        8.9377647968057458E-002   7.5322331656721735        2.9011598111665333E-002
   17.618359675531394        9.8074046019846206E-002   7.5322331656721735        3.1176136155059507E-002
   18.240671728221173       0.10769058837395733        7.5322331656721735        3.3512074909117437E-002
   18.884968846184627       0.11832057589760271        7.5322331656721735        3.6034002927435090E-002
   19.552019805756849       0.13006411637861404        7.5322331656721735        3.8757777347009505E-002
   20.242632201214423       0.14302854546544014        7.5320325751468271        4.1700733436473528E-002
   20.957638264717446       0.15732809562450797        7.5315523187455993        4.4881756076907052E-002
   21.697899624358065       0.17308368578159425        7.5311885123613216        4.8321434879857419E-002
   22.464312967141105       0.19042250553001597        7.5309129183954626        5.2042238422274865E-002
   23.257792778673313       0.20947673943617826        7.5307041504061338        5.6068587376333322E-002
   24.079299719823517       0.23038291358553356        7.5305460033680980        6.0427161072996054E-002
   24.929823759061236       0.25327973199826304        7.5304262029824205        6.5146996739752078E-002
   25.810395145829254       0.27830600732954297        7.5303354506899165        7.0259738623350970E-002
   26.722064579292049       0.30559712901516184        7.5302667039973894        7.5799720229043369E-002
   27.665935811728254       0.33528241290173788        7.5302146266370986        8.1804359138886049E-002
   28.643146268414043       0.36748039830127283        7.5301751767180525        8.8314255677689982E-002
   29.654879655490589       0.40229457693231807        7.5301452922517171        9.5373482622872208E-002
   30.702343174827575       0.43969451190444653        7.5194281897151827       0.10297953036286832     
   31.786804983723918       0.47981144072343734        7.5066607215567469       0.11121618125599221     
   32.909571928103169       0.52272800285546950        7.4969890411476232       0.12016359969440096     
   34.072004028335677       0.56843189968604413        7.4896624606486029       0.12987974961232115     
   35.275488300232773       0.61687080342184852        7.4841124281046216       0.14042690701657465     
   36.521481794408061       0.66795033978539875        7.4799081379227772       0.15187193778335295     
   37.811486012809581       0.72153049744756370        7.4767232816551319       0.16428591130702741     
   39.147055493126302       0.77742471872618668        7.4743106723901347       0.17774387164336322     
   40.529808025860810       0.83540061058196302        7.4724830503797932       0.19232448809692074     
   41.961393513511240       0.89518057526525785        7.4710985898341349       0.20810907549895394     
   43.443545167355794       0.95644760640742277        7.4700498259155266       0.22518126587210710     
   44.978049075047366        1.0188493471906308        7.4692553606919141       0.24362557725998110     
   46.566763998623138        1.0820058254224509        7.4686535300721602       0.26352626231055420     
   48.211585595230147        1.1455164054310460        7.4681976312356007       0.28496520110585388     
   49.914505239722644        1.2089717016431976        7.4678522763233159       0.30802072665931379     
   51.677575059319224        1.2719626755959159        7.4675906612326690       0.33276506401893602     
   53.502930680545909        1.3340925847504459        7.4673924801575744       0.35926236220297830     
   55.392750120602578        1.3949870066841012        7.4672423539948509       0.38756576961502137     
   57.349321371645829        1.4543074863086312        7.4671286296253028       0.41771618974619928     
   59.375002227322796        1.5117610906180872        7.4670424805358095       0.44973974849553267     
   61.472246417894510        1.5671114222704627        7.4669772200833817       0.48364670604906662     
   63.643556378429672        1.6201866296783194        7.4669277839740218       0.51942986772664379     
   65.891560899834928        1.6708894148853779        7.4668903348694631       0.55706588245111710     
   68.218968971510208        1.7192022377755551        7.4668619662245002       0.59651556123923810     
   70.628585269218178        1.7623565794591483        7.4657300704466278       0.63622157887234143     
   73.123328588587739        1.7960614366737244        7.4620820535200370       0.67363041892791531     
   75.706175661273647        1.8290161959446485        7.4593186070983251       0.71310550341579204     
   78.380253523498894        1.8612701553468725        7.4572252264618992       0.75445678807264316     
   81.148784610322849        1.8930044441328995        7.4556394376243160       0.79752208588635509     
   84.015122474940881        1.9245181704073773        7.4544381562459447       0.84216943092510643     
   86.982687236203873        1.9562129383879758        7.4535281613656288       0.88829829367406421     
   90.055071705548812        1.9885783938805768        7.4528388172022382       0.93584331305889967     
   93.235978303002270        2.0221748315881087        7.4523166215438721       0.98477477180146256     
   96.529260096906100        2.0576157419938004        7.4519210430750515        1.0350997069097310     
   99.938826062156153        2.0955476288805768        7.4516213859458427        1.0868597356069627     
   103.46886588546354        2.1366321799571857        7.4513943853731952        1.1401324266694148     
   107.12359379692580        2.1815221828046156        7.4512224269748213        1.1950240299776844     
   110.90736836557576        2.2308408544556300        7.4510921656890012        1.2516666523014459     
   114.82483910697920        2.2851618169208541        7.4509934882887432        1.3102145774307419     
   118.88068277378797        2.3449840105157209        7.4509187377826080        1.3708333240685264     
   123.07973629915718        2.4107126117434117        7.4508621130574202        1.4336935557429586     
   127.42715949490271        2.4826428638009346        7.4508192178822723        1.4989643709697507     
   131.92808807993632        2.5609381002171050        7.4507867240888741        1.5667978830636773     
   136.58805281121437        2.6456233989345788        7.4507621089237617        1.6373241956068274     
   141.41261684513370        2.7365698623918093        7.4507434623436417        1.7106335020867158     
   146.40753387824964        2.8334919468195561        7.4507293372556855        1.7867649139132171     
   151.57894168226974        2.9359507445852411        7.4507186370161467        1.8656948878209736     
   156.93294936957258        3.0433500680893237        7.4507105314105404        1.9473156384003196     
   162.47613596373097        3.1549551765958337        7.4507043911357576        2.0314271030602762     
   168.21511902855468        3.2698975423557806        7.4506997397297914        2.1177150545113022     
   174.15674278185460        2.9763390974850630        7.3278215232190496        1.9802793165033854     
   180.30830831190286        2.5960310336439774        7.1880688024480150        1.7809313710114887     
   186.67715947709803        2.3031327511845139        7.0822027522050774        1.6159058275603047     
   193.27089166569760        2.0785578198772789        7.0020074958950094        1.4779621274822545     
   200.09760727912413        1.9074000757068705        6.9412568334485165        1.3617609123484125     
   207.16537088595135        1.7779630841551444        6.8952372177669785        1.2633799965049262     
   214.48286737908427        1.6810058927595546        6.8603757774920044        1.1799038414655447     
   222.05883252794877        1.6092019226306786        6.8339673972663926        1.1091100589161480     
   229.90230130529540        1.5567155081043675        6.8139626193789455        1.0492116218282095     
   238.02291179328489        1.5188841521832028        6.7988083126945433       0.99866896093083724     
   246.43025707061713        1.4919795846956720        6.7873286787045508       0.95607522143562917     
   255.13466811288930        1.4730166210731976        6.7786324614764419       0.92009447026095204     
   264.14653641505117        1.4596101241461883        6.7720448675826264       0.88945929202923002     
   273.47660938458705        1.4498597088500913        6.7670546579774884       0.86299559118002389     
   283.13635184814427        1.4422597677753850        6.7632744027204232       0.83966141385268955     
   293.13729579387660        1.4356287248244517        6.7604107683613348       0.81858411610397175     
   303.49136818478553        1.4290515328831754        6.7582415187210509       0.79907955144272091     
   314.21129214162710        1.4218335116094953        6.7565982375754938       0.78065283580026290     
   325.30973137660959        1.4134635907529001        6.7553534253589556       0.76298422024170809     
   336.80032369109853        1.4035830492980923        6.7544104373288008       0.74589979870671475     
   348.69678677735646        1.3919609406179780        6.7536961011954704       0.72933986434554310     
   361.01330816366544        1.3784728179336130        6.7531549799467419       0.71332493671653907     
   373.76502243504467        1.3558912130685510        6.5088675323997416       0.68243356550661927     
   386.96715283564077        1.3085489533238146        5.5423365920935970       0.59966297380286104     
   400.63544401132759        1.2642567104344768        4.8101736719544776       0.52539703750891509     
   414.78669160661980        1.2220305087029326        4.2555351002508797       0.46003968960882474     
   429.43761284149554        1.1811587947358111        3.8353873539700549       0.40348740914833903     
   444.60621081975989        1.1411399653487899        3.5171109984050988       0.35523353247056533     
   460.31059410826708        1.1016389310197889        3.2760089972170112       0.31451887523598138     
   476.56949149896485        1.0624480080963923        3.0933703067418428       0.28046192512220297     
   493.40288198244309        1.0234553605754610        2.9550152225978432       0.25215739800177966     
   510.83065126063684       0.98462403666826859        2.8502089942624362       0.22874342801103165     
   528.87421463804299       0.94596888877545693        2.7708146747869922       0.20943525313278433     
   547.55511287104378       0.90754434043294918        2.7106715665296583       0.19354397600806963     
   566.89562449487210       0.86943071016491669        2.6651121830359630       0.18047945208093535     
   586.91951519858117       0.83172317904918014        2.6305993844585105       0.16974613343564376     
   607.65068989177485       0.79452693381403150        2.6044551087115511       0.16093567694016186     
   629.11387223602765       0.75794994479576250        2.5846503942657328       0.15371587339035439     
   651.33543626567803       0.72209727150344138        2.5696476425132411       0.14781933830545715     
   674.34163286578985       0.68707081803179537        2.5582828138511142       0.14303328613192970     
   698.16073213207346       0.65296362478250769        2.5496735656039839       0.13918916562898090     
   722.82116976782140       0.61790711115225272        2.5411983236836995       0.13356126933907495     
   748.35235540965130       0.58386929148661160        2.5342423328908268       0.12860102678893662     
   774.78566186873422       0.55146587936473124        2.5289729308328761       0.12493770959164074     
   802.15264573967897       0.52063410483415762        2.5249812319239751       0.12233112445383629     
   830.48594444209971       0.49133017275568153        2.5219574550249848       0.12060112110089137     
   859.82037403360118       0.46352191064826576        2.5196668401163689       0.11961336087632587     
   890.19058800385733       0.43718666664590067        2.5179316620372623       0.11926858968783656     
   921.63390537915473       0.41230563336663262        2.5166172050154949       0.11949434102301948     
   954.18786380243341       0.38886416057253392        2.5156214721786605       0.12023883363020177     
   987.89128659474920       0.36684969259910960        2.5148671883465683       0.12146634349151705     
   1022.7855886411724       0.34625070159305471        2.5142957924239013       0.12315387239092734     
   1058.9119914466876       0.32705867397557825        2.5138629507115029       0.12528852335487314     
   1096.3148872627712       0.30926683100303748        2.5135350582403904       0.12786582518866824     
   1135.0389283928459       0.29287286108645583        2.5132866718001843       0.13088824238525165     
   1175.1302964981960       0.27787964986514119        2.5130985150285858       0.13436428622536439     
   1216.6382559936744       0.26429668417160718        2.5129559798083640       0.13830801531946343     
   1259.6123598874483       0.25214334833384755        2.5128480059478120       0.14273836820428965     
   1304.1038583964914       0.24145089905480002        2.5127662139908757       0.14767901817186999     
   1350.1674228314519       0.23226508153951916        2.5127042537728399       0.15315847390103687     
   1397.8574692241625       0.19182566293652684        1.9841634565949551       0.13365906244273912     
   1447.2325992722181       0.15783235079466035        1.5059161890346413       0.11600269854320798     
   1498.3517579647787       0.13182024796966371        1.1436323710399112       0.10260961910293422     
   1551.2759091786245        9.7555001431714014E-002  0.86641096652705496        8.1582832240116546E-002
   1606.0700862978565        7.2469218328763546E-002  0.65632716420348602        6.4748070856770534E-002
   1662.7990190437411        5.4335004507563962E-002  0.49718526427172116        5.1489738268208997E-002
   1721.5324161293761        4.1162768757726148E-002  0.37662980639688115        4.1025221783793378E-002
   1782.3403946248577        3.1538424254687357E-002  0.28530614493238071        3.2748564974931074E-002
   1845.2954731357936        2.4456001881118752E-002  0.21612698483796552        2.6189058088277279E-002
   1910.4750110852074        1.9199350672282119E-002  0.16372139382670448        2.0980026785268155E-002
   1977.9568210713478        1.5258686663904515E-002  0.12402289707902482        1.6835540072791245E-002
   2047.8213808026539        1.2270669824151162E-002   9.3950639594221549E-002   1.3531930004230872E-002
   2120.1545400970977        9.9760409538208160E-003   7.1169871160736101E-002   1.0893767590584545E-002
   2195.0417479108573        8.1897690937300371E-003   5.3913068254880576E-002   8.7833697088756640E-003
   2272.5750259096239        6.7794360062560510E-003   4.0840447049131139E-002   7.0922495293905680E-003
   2352.8469348264384        5.6501839351927197E-003   3.0937621789349678E-002   5.7348962097914791E-003
   2435.9532056335870        4.7338035625939939E-003   2.3436070460291735E-002   4.6437112101592086E-003
   2521.9959596104222        3.9810026926012333E-003   1.7753387548789787E-002   3.7651258292964924E-003
   2611.0779162676686        3.3559782982511329E-003   1.3448618444442102E-002   3.0566708979456194E-003
   2703.3053132971791        2.8324696526466080E-003   1.0187685776352323E-002   2.4845821690669088E-003
   2798.7914800504532        2.3909712781397829E-003   7.7174172231356279E-003   2.0219540451490181E-003
   2897.6492167059700        2.0168074382365016E-003   5.8461485838946937E-003   1.6473456358598627E-003
   3000.0000000000000        1.6987009035892297E-003   4.4285982862845149E-003   1.3436063030167816E-003
