         200   4370.0000000000000     
   3.0000000000000000        5.9780020270540470E-003  0.12064849313678368        5.1144362714724226E-003
   3.1059655287322618        6.4762573472505304E-003  0.12064849313678368        5.5650946438428614E-003
   3.2156739552243598        7.0172427934187247E-003  0.12064849313678368        6.0580527533638032E-003
   3.3292574962321346        7.6042966049818641E-003  0.12064849313678368        6.5973567767057687E-003
   3.4468529954360925        8.2409495267448968E-003  0.12064849313678368        7.1874340666517504E-003
   3.5686022069563790        8.9309343599304203E-003  0.12064849313678368        7.8331274235553701E-003
   3.6946518254059528        9.6781958334864002E-003  0.12064849313678368        8.5397304818516252E-003
   3.8251536998800524        1.0486903106794980E-002  0.12064849313678368        9.3130263425529915E-003
   3.9602651907155879        1.1361464797639333E-002  0.12064849313678368        1.0159329542070279E-002
   4.1001490688558144        1.2306542303527243E-002  0.12064849313678368        1.1085527555136938E-002
   4.2449739038313119        1.3327066683910788E-002  0.12064849313678368        1.2099127294604869E-002
   4.3949142193596993        1.4428253810314783E-002  0.12064849313678368        1.3208302129267629E-002
   4.5501507036585132        1.5615618422887100E-002  0.12064849313678368        1.4421940716866201E-002
   4.7108703059600501        1.6894984475871840E-002  0.12064849313678368        1.5749695829654499E-002
   4.8772669425686850        1.8272496062261615E-002  0.12064849313678368        1.7202038545564333E-002
   5.0495410155906377        1.9754612856540718E-002  0.12064849313678368        1.8790301907233031E-002
   5.2279001269311909        2.1348107302247916E-002  0.12064849313678368        2.0526732488150082E-002
   5.4125592113782046        2.3060047830725888E-002  0.12064849313678368        2.2424533791873889E-002
   5.6037407956130689        2.4897772138723302E-002  0.12064849313678368        2.4497905254653930E-002
   5.8016752663703963        2.6868848358868266E-002  0.12064849313678368        2.6762073477721235E-002
   6.0066011480696169        2.8981023244302438E-002  0.12064849313678368        2.9233312699471953E-002
   6.2187653902530293        3.1242156953245819E-002  0.12064849313678368        3.1928950879874768E-002
   6.4384236651766908        3.3660144550193581E-002  0.12064849313678368        3.4867357053734727E-002
   6.6658406759127811        3.6242824906065028E-002  0.12064849313678368        3.8067904827226412E-002
   6.9012904753346884        3.8997878243318705E-002  0.12064849313678368        4.1550906065889945E-002
   7.1450567963692624        4.1932714095703753E-002  0.12064849313678368        4.5337507989727237E-002
   7.3974330131920443        4.5054347129869256E-002  0.12064849313678368        4.9449539760238234E-002
   7.6587243988323896        4.8369296778522107E-002  0.12064849313678368        5.3909344786529118E-002
   7.9292442763577622        5.1883407925356652E-002  0.12064849313678368        5.8739449348991050E-002
   8.2093202460023029        5.5601799969625491E-002  0.12064849313678368        6.3962333233287122E-002
   8.4992881560440416        5.9528661558523849E-002  0.12064849313678368        6.9599906964480374E-002
   8.7994991583321234        6.3667223240443549E-002  0.12064849313678368        7.5673143501163276E-002
   9.1103132457223861        6.8019557204524211E-002  0.12064849313678368        8.2201362448721990E-002
   9.4321068148357909        7.2586578973101654E-002  0.12064849313678368        8.9201702188388923E-002
   9.7652657388916850        7.7367859791851429E-002  0.12064849313678368        9.6688205689073797E-002
   10.110193474162946        8.2361664029191511E-002  0.12064849313678368       0.10467115061681317     
   10.467303634806061        8.7564779160380427E-002  0.12064849313678368       0.11315597587989640     
   10.837027566606025        9.2972576187431669E-002  0.12064849313678368       0.12214251483971907     
   11.219811965471335        9.8578941632111422E-002  0.12064849313678368       0.13162400513903857     
   11.616115840724994       0.10437621425882494       0.12064849313678368       0.14158612084416883     
   12.026419117330413       0.11035530799094208       0.12064849313678368       0.15200639970492977     
   12.451213803399156       0.11650559563481547       0.12064849313678368       0.16285339927461975     
   12.891014326336300       0.12281508782456564       0.12064849313678368       0.17408656527618921     
   13.346348065368609       0.12927034079738234       0.12064849313678368       0.18565588796124638     
   13.817766430769083       0.13585667574172222       0.12064849313678368       0.19750242604579954     
   14.305834715756038       0.14255811205611935       0.12064849313678368       0.20955867436946571     
   14.811143972217785       0.14935762572611730       0.12064849313678368       0.22174988455544789     
   15.334300133051286       0.15623710868626681       0.12064849313678368       0.23399520860190706     
   15.875936741648431       0.16317766300876277       0.12064849313678368       0.24620976191616042     
   16.436703292225193       0.17015958506088832       0.12064849313678368       0.25830638349095236     
   17.017278874447534       0.17716268947193034       0.12064849313678368       0.27019815037206824     
   17.618359675531394       0.18416631401219924       0.12064849313678368       0.28180037714982781     
   18.240671728221173       0.19114964343161955       0.12064849313678368       0.29303308307620307     
   18.884968846184627       0.19809185193686607       0.12064849313678368       0.30382294242136854     
   19.552019805756849       0.20497214716599246       0.12064849313678368       0.31410479938839131     
   20.242632201214423       0.21177020537657773       0.12064332253657657       0.32382339653604625     
   20.957638264717446       0.21846619174205489       0.12063094301943164       0.33293404143136890     
   21.697899624358065       0.22504098164116787       0.12062156522173834       0.34140316463836007     
   22.464312967141105       0.23147637033607965       0.12061446126598328       0.34920835738350015     
   23.257792778673313       0.23775508269302631       0.12060907987617438       0.35633784133891633     
   24.079299719823517       0.24386115141886389       0.12060500333713446       0.36279005270516318     
   24.929823759061236       0.24977989825400812       0.12060191525559157       0.36857250508098788     
   25.810395145829254       0.25549812487458401       0.12059957594359463       0.37370074501668582     
   26.722064579292049       0.26100408037458306       0.12059780386756065       0.37819701771963332     
   27.665935811728254       0.26628774867382621       0.12059646147509497       0.38208920700388321     
   28.643146268414043       0.27134077640222554       0.12059544457881216       0.38540949927920759     
   29.654879655490589       0.27615658030039575       0.12059467425016603       0.38819329568332939     
   30.702343174827575       0.28059636465824084       0.11017881878777082       0.39028246272105793     
   31.786804983723918       0.28474413826729117        9.7760920725033146E-002  0.39183442692028791     
   32.909571928103169       0.28866459964051483        8.8354048514678818E-002  0.39298581599521037     
   34.072004028335677       0.29235349311654801        8.1228067963448600E-002  0.39377114954437564     
   35.275488300232773       0.29580895319100547        7.5829993927090944E-002  0.39422481885416610     
   36.521481794408061       0.29903139853394228        7.1740816162424045E-002  0.39438060594220892     
   37.811486012809581       0.30202321502944207        6.8643160465517494E-002  0.39427125873395147     
   39.147055493126302       0.30478855550476330        6.6296607840809291E-002  0.39392818193605084     
   40.529808025860810       0.30733313413624797        6.4519025665545723E-002  0.39338119416165568     
   41.961393513511240       0.30966394910586781        6.3172471304528716E-002  0.39265836673556687     
   43.443545167355794       0.31178915664620072        6.2152422280580440E-002  0.39178588191243502     
   44.978049075047366       0.31371779591736604        6.1379709316752129E-002  0.39078796741095817     
   46.566763998623138       0.31545960581045934        6.0794356669369123E-002  0.38968684690491823     
   48.211585595230147       0.31702478310027460        6.0350940229310715E-002  0.38850275805893270     
   49.914505239722644       0.31842385236885745        6.0015041048424804E-002  0.38725393066427549     
   51.677575059319224       0.31966744400954672        5.9760588913756518E-002  0.38595665155720044     
   53.502930680545909       0.32076614639240203        5.9567833987111643E-002  0.38462530748332796     
   55.392750120602578       0.32173033284098973        5.9421818241289497E-002  0.38327248822706883     
   57.349321371645829       0.32257007150451500        5.9311207616632375E-002  0.38190902149363626     
   59.375002227322796       0.32329498923586286        5.9227417267734152E-002  0.38054409488703955     
   61.472246417894510       0.32391419306761504        5.9163943630240655E-002  0.37918533620193273     
   63.643556378429672       0.32443618775396510        5.9115861069239453E-002  0.37783894530978812     
   65.891560899834928       0.32486884922397985        5.9079437311804969E-002  0.37650974746035965     
   68.218968971510208       0.32521937973030951        5.9051845393279311E-002  0.37520132834271863     
   70.628585269218178       0.32506812873093699        5.8933973485290364E-002  0.37323412253512872     
   73.123328588587739       0.32376747972942160        5.8600984887609425E-002  0.36957100972239626     
   75.706175661273647       0.32260456994537395        5.8348739306721041E-002  0.36627403539131975     
   78.380253523498894       0.32154533244265054        5.8157656892204930E-002  0.36328569104585645     
   81.148784610322849       0.32056282364580496        5.8012907124899836E-002  0.36055754309613752     
   84.015122474940881       0.31963585266264477        5.7903254946838303E-002  0.35804900181981042     
   86.982687236203873       0.31874790940088565        5.7820191209691070E-002  0.35572627599531637     
   90.055071705548812       0.31788624972272850        5.7757268325583783E-002  0.35356128245647972     
   93.235978303002270       0.31704120521663526        5.7709602647631295E-002  0.35153081428859412     
   96.529260096906100       0.31620559608352489        5.7673494503876974E-002  0.34961573241066496     
   99.938826062156153       0.31537428819859853        5.7646141997227229E-002  0.34780034577827246     
   103.46886588546354       0.31454375849650562        5.7625421533511391E-002  0.34607171537293108     
   107.12359379692580       0.31371184891890747        5.7609725283444359E-002  0.34441930997334597     
   110.90736836557576       0.31287748298870849        5.7597835118520221E-002  0.34283453100613548     
   114.82483910697920       0.31204042736502480        5.7588827910002492E-002  0.34131032197724354     
   118.88068277378797       0.31120117875058401        5.7582004732719953E-002  0.33984100045170723     
   123.07973629915718       0.31036079076588052        5.7576836064863253E-002  0.33842196584969314     
   127.42715949490271       0.30952072333978353        5.7572920621348243E-002  0.33704945812478071     
   131.92808807993632       0.30868280992250602        5.7569954609151319E-002  0.33572051198826119     
   136.58805281121437       0.30784908940369171        5.7567707752989597E-002  0.33443268954303618     
   141.41261684513370       0.30702179814741942        5.7566005705358581E-002  0.33318407511645981     
   146.40753387824964       0.30620327059796965        5.7564716376572650E-002  0.33197312519070260     
   151.57894168226974       0.30539584774932826        5.7563739665711502E-002  0.33079853986848945     
   156.93294936957258       0.30460188718783171        5.7562999791335744E-002  0.32965928578093456     
   162.47613596373097       0.30382363337393392        5.7562439311071342E-002  0.32855441752620418     
   168.21511902855468       0.30306323468071716        5.7562014733778463E-002  0.32748311482503828     
   174.15674278185460       0.25916268616533478        5.2411580169248684E-002  0.28162178110895103     
   180.30830831190286       0.20960675460556943        4.6553917627801464E-002  0.22992640950230381     
   186.67715947709803       0.17216976020471583        4.2116597241496259E-002  0.19084546516517900     
   193.27089166569760       0.14388693549907849        3.8755254819699471E-002  0.16128860903265579     
   200.09760727912413       0.12251820446521310        3.6208922427616780E-002  0.13892243821555975     
   207.16537088595135       0.10637277015079001        3.4280034192293959E-002  0.12198672671333131     
   214.48286737908427        9.4172848129099998E-002   3.2818835070639374E-002  0.10915187091186526     
   222.05883252794877        8.4953837256768416E-002   3.1711941560627122E-002   9.9414577092479292E-002
   229.90230130529540        7.7987035061668597E-002   3.0873451709162118E-002   9.2017179279052924E-002
   238.02291179328489        7.2721737473470979E-002   3.0238266833211163E-002   8.6387242253758045E-002
   246.43025707061713        6.8742102477366035E-002   2.9757103950357966E-002   8.2092615686000653E-002
   255.13466811288930        6.5733654876153166E-002   2.9392606532144327E-002   7.8806535496677418E-002
   264.14653641505117        6.3458760114649293E-002   2.9116490963323027E-002   7.6282108629903894E-002
   273.47660938458705        6.1737642336554467E-002   2.8907328925426835E-002   7.4332561326722835E-002
   283.13635184814427        6.0434167976079659E-002   2.8748881494175788E-002   7.2816451843147875E-002
   293.13729579387660        5.9445248175654941E-002   2.8628853750707561E-002   7.1626668278628874E-002
   303.49136818478553        5.8692668966127889E-002   2.8537930781260209E-002   7.0681936506933482E-002
   314.21129214162710        5.8116973441702462E-002   2.8469053507470150E-002   6.9920463136103270E-002
   325.30973137660959        5.7672908437626388E-002   2.8416877851413790E-002   6.9295225463405455E-002
   336.80032369109853        5.7325888279226106E-002   2.8377352999011642E-002   6.8770290673268356E-002
   348.69678677735646        5.7049411407136548E-002   2.8347411971837540E-002   6.8318155308128500E-002
   361.01330816366544        5.6823061861483844E-002   2.8324731156383509E-002   6.7917673845418650E-002
   373.76502243504467        5.6463390437426285E-002   2.8106948670103400E-002   6.7270029887910712E-002
   386.96715283564077        5.5627080754612000E-002   2.7299170541123869E-002   6.5810597959799461E-002
   400.63544401132759        5.4961696631352162E-002   2.6687265459688018E-002   6.4637904011204103E-002
   414.78669160661980        5.4421551496987547E-002   2.6223726333285412E-002   6.3677306239722550E-002
   429.43761284149554        5.3971592240121734E-002   2.5872587899705392E-002   6.2872222448825982E-002
   444.60621081975989        5.3584824179962708E-002   2.5606588469914451E-002   6.2179690976852768E-002
   460.31059410826708        5.3240437408886121E-002   2.5405087498459520E-002   6.1567163560312457E-002
   476.56949149896485        5.2922336883826145E-002   2.5252447232619112E-002   6.1009997508643048E-002
   493.40288198244309        5.2618033505960060E-002   2.5136816985987537E-002   6.0489572039183120E-002
   510.83065126063684        5.2317837383717793E-002   2.5049225191974913E-002   5.9991922193540194E-002
   528.87421463804299        5.2014198600768030E-002   2.4982871398047491E-002   5.9506621433206890E-002
   547.55511287104378        5.1701256394286868E-002   2.4932606801816633E-002   5.9026015026528142E-002
   566.89562449487210        5.1374469515890864E-002   2.4894530551982014E-002   5.8544587345885947E-002
   586.91951519858117        5.1030332741901850E-002   2.4865686484298183E-002   5.8058475711094126E-002
   607.65068989177485        5.0666195048171603E-002   2.4843836408666064E-002   5.7565144110444402E-002
   629.11387223602765        5.0280093879578311E-002   2.4827284620706835E-002   5.7063087384520463E-002
   651.33543626567803        4.9870622498392185E-002   2.4814746072549930E-002   5.6551594862599731E-002
   674.34163286578985        4.9436872643552954E-002   2.4805247918222882E-002   5.6030619876455585E-002
   698.16073213207346        4.8978326087489511E-002   2.4798052739930090E-002   5.5500593206327421E-002
   722.82116976782140        4.7395455019182922E-002   2.3694522171370799E-002   5.2933946192676461E-002
   748.35235540965130        4.5753062386631654E-002   2.2557374173282886E-002   5.0287958841588376E-002
   774.78566186873422        4.4361513859605808E-002   2.1695945488318540E-002   4.8138573927987011E-002
   802.15264573967897        4.3154737400599663E-002   2.1043392522336994E-002   4.6367121604620441E-002
   830.48594444209971        4.2083075799907256E-002   2.0549073028573887E-002   4.4883922638111778E-002
   859.82037403360118        4.1109303352475160E-002   2.0174609025488444E-002   4.3621222532212657E-002
   890.19058800385733        4.0205712925182428E-002   1.9890946447755346E-002   4.2527991482644641E-002
   921.63390537915473        3.9351747199482999E-002   1.9676062297476708E-002   4.1565773769453494E-002
   954.18786380243341        3.8532349442938048E-002   1.9513282380747381E-002   4.0705726340702186E-002
   987.89128659474920        3.7736618035189448E-002   1.9389973944149545E-002   3.9926250225203214E-002
   1022.7855886411724        3.6956783108499404E-002   1.9296563566114238E-002   3.9211200642343638E-002
   1058.9119914466876        3.6187513418908850E-002   1.9225803684250607E-002   3.8548605192990880E-002
   1096.3148872627712        3.5425263958332433E-002   1.9172200642180011E-002   3.7929573129675175E-002
   1135.0389283928459        3.4667899078177300E-002   1.9131595047428670E-002   3.7347575635811876E-002
   1175.1302964981960        3.3914327698366456E-002   1.9100835648440700E-002   3.6797831382638209E-002
   1216.6382559936744        3.3164218642686351E-002   1.9077534346705959E-002   3.6276843175537248E-002
   1259.6123598874483        3.2417856268535210E-002   1.9059883049711061E-002   3.5782100319307744E-002
   1304.1038583964914        3.1675961296612688E-002   1.9046511904915672E-002   3.5311804083638827E-002
   1350.1674228314519        3.0939547500115690E-002   1.9036382803253541E-002   3.4864662095679615E-002
   1397.8574692241625        2.6131648852005803E-002   1.6366468999639946E-002   2.9792127989202416E-002
   1447.2325992722181        2.2101114739250534E-002   1.4087314437189691E-002   2.5528283563233313E-002
   1498.3517579647787        1.9020411389453200E-002   1.2360799990182593E-002   2.2299426617377667E-002
   1551.2759091786245        1.4102382476873281E-002   9.4102585484471084E-003   1.6793966420135763E-002
   1606.0700862978565        1.0400331057632814E-002   7.1284973830384162E-003   1.2588955925451187E-002
   1662.7990190437411        7.6694230359781344E-003   5.4000261585202295E-003   9.4420320412506916E-003
   1721.5324161293761        5.6555151332442748E-003   4.0906498095849633E-003   7.0857619007428652E-003
   1782.3403946248577        4.1707676955540602E-003   3.0987657047281680E-003   5.3206266276887935E-003
   1845.2954731357936        3.0763608505448058E-003   2.3473973497518674E-003   3.9976369642734447E-003
   1910.4750110852074        2.2697450820549224E-003   1.7782100011926759E-003   3.0054704159807482E-003
   1977.9568210713478        1.6752665660227969E-003   1.3470368826461762E-003   2.2609874609328998E-003
   2047.8213808026539        1.2371117246715690E-003   1.0204162268599205E-003   1.7020328476460953E-003
   2120.1545400970977        9.1411549142790516E-004   7.7298985626503139E-004   1.2821073298032567E-003
   2195.0417479108573        6.7595521117347899E-004   5.8556035301829228E-004   9.6644108562632218E-004
   2272.5750259096239        5.0027970053073321E-004   4.4357606357062126E-004   7.2899152738683485E-004
   2352.8469348264384        3.7063439777415596E-004   3.3601954633472367E-004   5.5026394231011454E-004
   2435.9532056335870        2.7490170053824306E-004   2.5454373376064863E-004   4.1564823937723159E-004
   2521.9959596104222        2.0415734416676356E-004   1.9282300593972978E-004   3.1418620405461103E-004
   2611.0779162676686        1.5183435863947746E-004   1.4606806881600428E-004   2.3766120425560604E-004
   2703.3053132971791        1.1309757696228922E-004   1.1065044288404535E-004   1.7990475393289183E-004
   2798.7914800504532        8.4385757632544008E-005   8.3820374166140244E-005   1.3628196752511935E-004
   2897.6492167059700        6.3077628713593224E-005   6.3496160381724696E-005   1.0331155627788901E-004
   3000.0000000000000        4.7241084213873170E-005   4.8099870028417564E-005   7.8373841294082931E-005
