         200   4370.0000000000000     
   3.0000000000000000        9.1998705425593767E-004   3.0227337761235019E-003   1.5383883102514373E-003
   3.1059655287322618        9.4781448416709894E-004   3.0227337761235019E-003   1.5589682373634412E-003
   3.2156739552243598        9.7556597586238056E-004   3.0227337761235019E-003   1.5796098049105686E-003
   3.3292574962321346        1.0031919671642082E-003   3.0227337761235019E-003   1.6002545743264238E-003
   3.4468529954360925        1.0306434679033878E-003   3.0227337761235019E-003   1.6208443608498250E-003
   3.5686022069563790        1.0578722400340144E-003   3.0227337761235019E-003   1.6413215531973096E-003
   3.6946518254059528        1.0848309229082584E-003   3.0227337761235019E-003   1.6616294004688234E-003
   3.8251536998800524        1.1114732117670373E-003   3.0227337761235019E-003   1.6817123470512197E-003
   3.9602651907155879        1.1377540713953152E-003   3.0227337761235019E-003   1.7015164014337844E-003
   4.1001490688558144        1.1636298682355833E-003   3.0227337761235019E-003   1.7209894490684257E-003
   4.2449739038313119        1.1890586125537291E-003   3.0227337761235019E-003   1.7400816509268858E-003
   4.3949142193596993        1.2140001599151887E-003   3.0227337761235019E-003   1.7587458101235537E-003
   4.5501507036585132        1.2384164280162865E-003   3.0227337761235019E-003   1.7769377437903103E-003
   4.7108703059600501        1.2622715970056224E-003   3.0227337761235019E-003   1.7946166305216067E-003
   4.8772669425686850        1.2855323933830571E-003   3.0227337761235019E-003   1.8117454008924499E-003
   5.0495410155906377        1.3081681876324061E-003   3.0227337761235019E-003   1.8282909645971324E-003
   5.2279001269311909        1.3301512537201524E-003   3.0227337761235019E-003   1.8442245259517080E-003
   5.4125592113782046        1.3514569186000658E-003   3.0227337761235019E-003   1.8595217805831557E-003
   5.6037407956130689        1.3720637037471673E-003   3.0227337761235019E-003   1.8741630648183103E-003
   5.8016752663703963        1.3919534365961907E-003   3.0227337761235019E-003   1.8881334386466569E-003
   6.0066011480696169        1.4111113285614418E-003   3.0227337761235019E-003   1.9014226988852531E-003
   6.2187653902530293        1.4295260173398361E-003   3.0227337761235019E-003   1.9140253218035777E-003
   6.4384236651766908        1.4471895722829029E-003   3.0227337761235019E-003   1.9259403370931211E-003
   6.6658406759127811        1.4640974627102622E-003   3.0227337761235019E-003   1.9371711375229732E-003
   6.9012904753346884        1.4802484900750524E-003   3.0227337761235019E-003   1.9477252307675710E-003
   7.1450567963692624        1.4956446858385402E-003   3.0227337761235019E-003   1.9576139416173201E-003
   7.3974330131920443        1.5102911565695648E-003   3.0227337761235019E-003   1.9668520607969055E-003
   7.6587243988323896        1.5241960277692910E-003   3.0227337761235019E-003   1.9754575431250136E-003
   7.9292442763577622        1.5373700268563593E-003   3.0227337761235019E-003   1.9834509763076804E-003
   8.2093202460023029        1.5498265832451189E-003   3.0227337761235019E-003   1.9908553731899955E-003
   8.4992881560440416        1.5615812933487000E-003   3.0227337761235019E-003   1.9976955848376773E-003
   8.7994991583321234        1.5726519827307067E-003   3.0227337761235019E-003   2.0039980881684212E-003
   9.1103132457223861        1.5830581865549423E-003   3.0227337761235019E-003   2.0097904509564723E-003
   9.4321068148357909        1.5928211693509657E-003   3.0227337761235019E-003   2.0151011314483765E-003
   9.7652657388916850        1.6019634359844034E-003   3.0227337761235019E-003   2.0199590170929690E-003
   10.110193474162946        1.6105087265575941E-003   3.0227337761235019E-003   2.0243932576537865E-003
   10.467303634806061        1.6184815702736284E-003   3.0227337761235019E-003   2.0284328886177915E-003
   10.837027566606025        1.6259072492377303E-003   3.0227337761235019E-003   2.0321066987738150E-003
   11.219811965471335        1.6328115104368539E-003   3.0227337761235019E-003   2.0354429915612118E-003
   11.616115840724994        1.6392203222294920E-003   3.0227337761235019E-003   2.0384693984484958E-003
   12.026419117330413        1.6451598415169655E-003   3.0227337761235019E-003   2.0412128151182478E-003
   12.451213803399156        1.6506561069164747E-003   3.0227337761235019E-003   2.0436992275950768E-003
   12.891014326336300        1.6557350444218722E-003   3.0227337761235019E-003   2.0459537027967150E-003
   13.346348065368609        1.6604222202510101E-003   3.0227337761235019E-003   2.0480002786663139E-003
   13.817766430769083        1.6647428644271211E-003   3.0227337761235019E-003   2.0498619892606084E-003
   14.305834715756038        1.6687216806902170E-003   3.0227337761235019E-003   2.0515608064331733E-003
   14.811143972217785        1.6723828886770367E-003   3.0227337761235019E-003   2.0531176916814822E-003
   15.334300133051286        1.6757500852561857E-003   3.0227337761235019E-003   2.0545525774360745E-003
   15.875936741648431        1.6788463030177146E-003   3.0227337761235019E-003   2.0558844384874451E-003
   16.436703292225193        1.6816939149612365E-003   3.0227337761235019E-003   2.0571313022586198E-003
   17.017278874447534        1.6843147049451952E-003   3.0227337761235019E-003   2.0583103338001024E-003
   17.618359675531394        1.6867298065930789E-003   3.0227337761235019E-003   2.0594378661278299E-003
   18.240671728221173        1.6889597746916854E-003   3.0227337761235019E-003   2.0605294910313091E-003
   18.884968846184627        1.6910245879248388E-003   3.0227337761235019E-003   2.0616001216115622E-003
   19.552019805756849        1.6929436382099336E-003   3.0227337761235019E-003   2.0626640446198266E-003
   20.242632201214423        1.6947358396488504E-003   3.0227035435806938E-003   2.0637349703991822E-003
   20.957638264717446        1.6964196211707886E-003   3.0226242308978900E-003   2.0648261421114065E-003
   21.697899624358065        1.6980129894439170E-003   3.0225552003663742E-003   2.0659506199348400E-003
   22.464312967141105        1.6995335969142531E-003   3.0224951186687533E-003   2.0671210719944077E-003
   23.257792778673313        1.7009987758184980E-003   3.0224428263363012E-003   2.0683499471919205E-003
   24.079299719823517        1.7024256735100884E-003   3.0223973132181494E-003   2.0696496056654798E-003
   24.929823759061236        1.7038313100339493E-003   3.0223577004522464E-003   2.0710323825658458E-003
   25.810395145829254        1.7052327023217432E-003   3.0223232229222232E-003   2.0725106971311085E-003
   26.722064579292049        1.7066469494133895E-003   3.0222932152737460E-003   2.0740971118125453E-003
   27.665935811728254        1.7080914102706652E-003   3.0222670978376598E-003   2.0758044802827113E-003
   28.643146268414043        1.7095838050457813E-003   3.0222443662841288E-003   2.0776460082148123E-003
   29.654879655490589        1.7111423690747711E-003   3.0222245815556075E-003   2.0796353675140745E-003
   30.702343174827575        1.7113757583625559E-003   2.8569474313481467E-003   2.0797298636094654E-003
   31.786804983723918        1.7110020990070954E-003   2.6360302341588665E-003   2.0789684731265766E-003
   32.909571928103169        1.7107365520099937E-003   2.4437528958573067E-003   2.0783826216128724E-003
   34.072004028335677        1.7105902471042311E-003   2.2764016000550082E-003   2.0779754933535404E-003
   35.275488300232773        1.7105751925810795E-003   2.1307467676686034E-003   2.0777510850349436E-003
   36.521481794408061        1.7107042444584868E-003   2.0039747289213425E-003   2.0777141924265248E-003
   37.811486012809581        1.7109910500128103E-003   1.8936375053302773E-003   2.0778704059095472E-003
   39.147055493126302        1.7114499495135538E-003   1.7976044760432991E-003   2.0782260744674789E-003
   40.529808025860810        1.7120958480038783E-003   1.7140207732889441E-003   2.0787882573334664E-003
   41.961393513511240        1.7129440330615939E-003   1.6412733819015386E-003   2.0795646363494513E-003
   43.443545167355794        1.7140100025113034E-003   1.5779570128622912E-003   2.0805634402352559E-003
   44.978049075047366        1.7153092308511005E-003   1.5228490218834097E-003   2.0817933120599315E-003
   46.566763998623138        1.7168569443024983E-003   1.4748850039661638E-003   2.0832631733926437E-003
   48.211585595230147        1.7186678316032931E-003   1.4331393398120734E-003   2.0849820091994641E-003
   49.914505239722644        1.7207558405876258E-003   1.3968056125545148E-003   2.0869587067573817E-003
   51.677575059319224        1.7231338822338688E-003   1.3651822149352128E-003   2.0892017706518975E-003
   53.502930680545909        1.7258135965818391E-003   1.3376583443844299E-003   2.0917190530729333E-003
   55.392750120602578        1.7288050324601105E-003   1.3137028396930572E-003   2.0945173545605321E-003
   57.349321371645829        1.7321164941511453E-003   1.2928529432688265E-003   2.0976021302065244E-003
   59.375002227322796        1.7357542385737759E-003   1.2747060418989010E-003   2.1009770045286188E-003
   61.472246417894510        1.7397222819666258E-003   1.2589116301087288E-003   2.1046433424222709E-003
   63.643556378429672        1.7440220802213478E-003   1.2451649041517470E-003   2.1085996654562644E-003
   65.891560899834928        1.7486524574440042E-003   1.2332003132960001E-003   2.1128412726373405E-003
   68.218968971510208        1.7536093151178515E-003   1.2227868203091232E-003   2.1173596507015557E-003
   70.628585269218178        1.7566806869630347E-003   1.2130932665682546E-003   2.1190328403922986E-003
   73.123328588587739        1.7537463500359239E-003   1.2029610464124694E-003   2.1120586969096584E-003
   75.706175661273647        1.7511625271689258E-003   1.1941424303305494E-003   2.1054208616356233E-003
   78.380253523498894        1.7489016751518196E-003   1.1864670657627005E-003   2.0991003482246705E-003
   81.148784610322849        1.7469380795687832E-003   1.1797867407885626E-003   2.0930814152275729E-003
   84.015122474940881        1.7452479701080279E-003   1.1739724256400528E-003   2.0873512071942829E-003
   86.982687236203873        1.7438096665475828E-003   1.1689119144899075E-003   2.0818995238230695E-003
   90.055071705548812        1.7426035855108094E-003   1.1645074515201877E-003   2.0767181939783498E-003
   93.235978303002270        1.7416123054680797E-003   1.1606739861891046E-003   2.0718007602959689E-003
   96.529260096906100        1.7408205322524484E-003   1.1573374755205154E-003   2.0671419595208753E-003
   99.938826062156153        1.7402150598199229E-003   1.1544335469124841E-003   2.0627374173454462E-003
   103.46886588546354        1.7397846311209201E-003   1.1519060555987915E-003   2.0585829544052074E-003
   107.12359379692580        1.7395198616069873E-003   1.1497062318260340E-003   2.0546745814018501E-003
   110.90736836557576        1.7394130592072407E-003   1.1477916174816268E-003   2.0510080441769750E-003
   114.82483910697920        1.7394580624996048E-003   1.1461251952730443E-003   2.0475784893585862E-003
   118.88068277378797        1.7396500700216444E-003   1.1446748103913929E-003   2.0443805764904844E-003
   123.07973629915718        1.7399854443356070E-003   1.1434124694103922E-003   2.0414082510221906E-003
   127.42715949490271        1.7404615456290959E-003   1.1423137661380168E-003   2.0386546243849569E-003
   131.92808807993632        1.7410765146372036E-003   1.1413575108817598E-003   2.0361122364816655E-003
   136.58805281121437        1.7418291358788970E-003   1.1405252153331824E-003   2.0337728545375875E-003
   141.41261684513370        1.7427186133357913E-003   1.1398008197541320E-003   2.0316277789039971E-003
   146.40753387824964        1.7437444127344117E-003   1.1391703428114519E-003   2.0296678484059668E-003
   151.57894168226974        1.6978802517876440E-003   1.1194933306712756E-003   1.9777948965809897E-003
   156.93294936957258        1.5565271448921688E-003   1.0610423636104210E-003   1.8243840068288830E-003
   162.47613596373097        1.4336298658406198E-003   1.0101684161192576E-003   1.6908234611668156E-003
   168.21511902855468        1.3268322496746538E-003   9.6588983897877398E-004   1.5745460732200867E-003
   174.15674278185460        1.2340759380265812E-003   9.2735202518070940E-004   1.4733159862337579E-003
   180.30830831190286        1.1535603098626116E-003   8.9380988183950384E-004   1.3851831312976252E-003
   186.67715947709803        1.0837161813646327E-003   8.6461618929876754E-004   1.3084530639793895E-003
   193.27089166569760        1.0231732053074391E-003   8.3920748920338171E-004   1.2416502307284905E-003
   200.09760727912413        9.7073316758381281E-004   8.1709252790384298E-004   1.1834878722887237E-003
   207.16537088595135        9.2535279621147495E-004   7.9784479421968982E-004   1.1328486295866130E-003
   214.48286737908427        8.8611949299061870E-004   7.8109215107262234E-004   1.0887574531110802E-003
   222.05883252794877        8.5223848159455271E-004   7.6651134422599156E-004   1.0503672952729521E-003
   229.90230130529540        8.2301616916870106E-004   7.5382095407414986E-004   1.0169406720549428E-003
   238.02291179328489        7.9784649733306997E-004   7.4277562369398718E-004   9.8783455232863025E-004
   246.43025707061713        7.7620196667529506E-004   7.3316233182649281E-004   9.6249061279796036E-004
   255.13466811288930        7.5762135437674625E-004   7.2479521438983800E-004   9.4042165244797747E-004
   264.14653641505117        7.4170299931460113E-004   7.1751282186610481E-004   9.2120441477205515E-004
   273.47660938458705        7.2809636244624447E-004   7.1117459906834871E-004   9.0447035250686082E-004
   283.13635184814427        7.1649511913920722E-004   7.0565800233754212E-004   8.8989806568446868E-004
   293.13729579387660        7.0663239832145070E-004   7.0085658499244113E-004   8.7720829186489757E-004
   303.49136818478553        6.9827521996072991E-004   6.9667767637427553E-004   8.6615782013226711E-004
   314.21129214162710        6.9121995261783625E-004   6.9304048116090183E-004   8.5653451069505335E-004
   325.30973137660959        6.8528919572988635E-004   6.8987485207043769E-004   8.4815409243307730E-004
   336.80032369109853        6.8032782028295559E-004   6.8711958460057501E-004   8.4085569280448538E-004
   348.69678677735646        6.7620064507900384E-004   6.8472151389399106E-004   8.3449948683313624E-004
   361.01330816366544        6.7278970338456253E-004   6.8263435553585824E-004   8.2896366496158086E-004
   373.76502243504467        6.6889251325391477E-004   6.7934459024832766E-004   8.2217803503011934E-004
   386.96715283564077        6.6185910463371575E-004   6.7142832252583542E-004   8.0953588963946844E-004
   400.63544401132759        6.5584207656983686E-004   6.6453840710472493E-004   7.9853472177973217E-004
   414.78669160661980        6.5070421233691617E-004   6.5854163386079882E-004   7.8896117634627214E-004
   429.43761284149554        6.4632578714346716E-004   6.5332234847295830E-004   7.8063005266008065E-004
   444.60621081975989        6.4260199530774141E-004   6.4877964089917297E-004   7.7337979494120556E-004
   460.31059410826708        6.3944151195827702E-004   6.4482585634633382E-004   7.6707009793116861E-004
   476.56949149896485        6.3676470249525105E-004   6.4138468405185167E-004   7.6157884163309379E-004
   493.40288198244309        6.3450214537134940E-004   6.3838959214113219E-004   7.5679958101065609E-004
   510.83065126063684        6.3259359775086723E-004   6.3578281699573592E-004   7.5263992250788046E-004
   528.87421463804299        6.3098667992265631E-004   6.3351395903603564E-004   7.4901927411709097E-004
   547.55511287104378        6.2963607573942486E-004   6.3153923902424872E-004   7.4586765075777188E-004
   566.89562449487210        6.2850259496832848E-004   6.2982054350528289E-004   7.4312414426636302E-004
   586.91951519858117        6.2755239016719616E-004   6.2832464309538552E-004   7.4073567002620256E-004
   607.65068989177485        6.2675636783730913E-004   6.2702267332577803E-004   7.3865613344132675E-004
   629.11387223602765        6.2608954833773560E-004   6.2588950528398167E-004   7.3684542114919708E-004
   651.33543626567803        6.2553052754124778E-004   6.2490323021693048E-004   7.3526857456386509E-004
   674.34163286578985        6.2506106688295317E-004   6.2404482673284931E-004   7.3389525566582654E-004
   698.16073213207346        6.2466563114633175E-004   6.2329769839654630E-004   7.3269900595144199E-004
   722.82116976782140        6.1833994734915179E-004   6.1665609048207662E-004   7.2018938284541031E-004
   748.35235540965130        6.1107700094219306E-004   6.0911178109091673E-004   7.0592475819868485E-004
   774.78566186873422        6.0475901225938368E-004   6.0254544319913333E-004   6.9350827352250067E-004
   802.15264573967897        5.9926100033727092E-004   5.9683037461865198E-004   6.8270048019804285E-004
   830.48594444209971        5.9447445343620818E-004   5.9185627059315604E-004   6.7329292680896836E-004
   859.82037403360118        5.9030504413720437E-004   5.8752696143484493E-004   6.6510388139376419E-004
   890.19058800385733        5.8667112891307637E-004   5.8375895168855357E-004   6.5797556971821595E-004
   921.63390537915473        5.8350171163518898E-004   5.8047939038070515E-004   6.5177033740304883E-004
   954.18786380243341        5.8073533748049318E-004   5.7762499602922101E-004   6.4636861795487892E-004
   987.89128659474920        5.7831870265767768E-004   5.7514067685892093E-004   6.4166632410406980E-004
   1022.7855886411724        5.7620551188292774E-004   5.7297840086287851E-004   6.3757271146354638E-004
   1058.9119914466876        5.7435573234297904E-004   5.7109646618708470E-004   6.3400899971382131E-004
   1096.3148872627712        5.7273457560855006E-004   5.6945848737009438E-004   6.3090645559356231E-004
   1135.0389283928459        5.7131195053542643E-004   5.6803285843860427E-004   6.2820537842634718E-004
   1175.1302964981960        5.7006177084318796E-004   5.6679206377321554E-004   6.2585379715918361E-004
   1216.6382559936744        5.6896138615007360E-004   5.6571211375992195E-004   6.2380640331923909E-004
   1259.6123598874483        5.6799120573416159E-004   5.6477216999047824E-004   6.2202384295309760E-004
   1304.1038583964914        5.6713424344278108E-004   5.6395409090332542E-004   6.2047185754903226E-004
   1350.1674228314519        5.6637574379343324E-004   5.6324205969808972E-004   6.1912058056263033E-004
   1397.8574692241625        5.2258000850054210E-004   5.1978522836436793E-004   5.7059059728448830E-004
   1447.2325992722181        4.8045105444158477E-004   4.7798953045203056E-004   5.2387883354508818E-004
   1498.3517579647787        4.4378201056945768E-004   4.4161228580292654E-004   4.8322281820998620E-004
   1551.2759091786245        3.8696931975568311E-004   3.8511887619684001E-004   4.2137967029393623E-004
   1606.0700862978565        3.3676472937886620E-004   3.3519152157199142E-004   3.6674724733338576E-004
   1662.7990190437411        2.9307217136094834E-004   2.9173730013533480E-004   3.1919863150954044E-004
   1721.5324161293761        2.5504654530555650E-004   2.5391606481964951E-004   2.7781432351657820E-004
   1782.3403946248577        2.2195362591459364E-004   2.2099802782704801E-004   2.4179561968635391E-004
   1845.2954731357936        1.9315412132551071E-004   1.9234784839165217E-004   2.1044719345101996E-004
   1910.4750110852074        1.6809060922195806E-004   1.6741160186742738E-004   1.8316283091853846E-004
   1977.9568210713478        1.4627885828774289E-004   1.4570812553489634E-004   1.5941595641910458E-004
   2047.8213808026539        1.2729729307590476E-004   1.2681852736600693E-004   1.3874814890709196E-004
   2120.1545400970977        1.1077836214799069E-004   1.1037759450046867E-004   1.2075973781416941E-004
   2195.0417479108573        9.6402960483476380E-005   9.6068245592791522E-005   1.0510372997091429E-004
   2272.5750259096239        8.3892678508484616E-005   8.3613822653919934E-005   9.1477373232298154E-005
   2352.8469348264384        7.3005692705714834E-005   7.2774008681654792E-005   7.9617687637876443E-005
   2435.9532056335870        6.3531492795731480E-005   6.3339587807120169E-005   6.9295730546690707E-005
   2521.9959596104222        5.5286562431513803E-005   5.5128154253233713E-005   6.0311900230833718E-005
   2611.0779162676686        4.8111507703989778E-005   4.7981262533992599E-005   5.2492816570234944E-005
   2703.3053132971791        4.1867578903972215E-005   4.1760972721218623E-005   4.5687540136558085E-005
   2798.7914800504532        3.6433821542037465E-005   3.6347021280767163E-005   3.9764475897992564E-005
   2897.6492167059700        3.1705234458691477E-005   3.1634994246520992E-005   3.4609373682947616E-005
   3000.0000000000000        2.7590214868948099E-005   2.7533788946228689E-005   3.0122550424069547E-005
