         200   4370.0000000000000     
   3.0000000000000000        3.5788667452234459E-003   2.8288780487367732E-002   1.7297170714910638E-002
   3.1059655287322618        3.7798268718156982E-003   2.8288780487367732E-002   1.7555496512236118E-002
   3.2156739552243598        3.9886124435491287E-003   2.8288780487367732E-002   1.7806338383065196E-002
   3.3292574962321346        4.2052322862857544E-003   2.8288780487367732E-002   1.8049464710561913E-002
   3.4468529954360925        4.4296648898873589E-003   2.8288780487367732E-002   1.8284701004291491E-002
   3.5686022069563790        4.6618565403579258E-003   2.8288780487367732E-002   1.8511929159054221E-002
   3.6946518254059528        4.9017192125303515E-003   2.8288780487367732E-002   1.8731085105079755E-002
   3.8251536998800524        5.1491290936196343E-003   2.8288780487367732E-002   1.8942155897563859E-002
   3.9602651907155879        5.4039256793898703E-003   2.8288780487367732E-002   1.9145176175114957E-002
   4.1001490688558144        5.6659103227792778E-003   2.8288780487367732E-002   1.9340223237085518E-002
   4.2449739038313119        5.9348460361311473E-003   2.8288780487367732E-002   1.9527412410034993E-002
   4.3949142193596993        6.2104571792553284E-003   2.8288780487367732E-002   1.9706891666984697E-002
   4.5501507036585132        6.4924295744173792E-003   2.8288780487367732E-002   1.9878836112245019E-002
   4.7108703059600501        6.7804107359490853E-003   2.8288780487367732E-002   2.0043442261872765E-002
   4.8772669425686850        7.0740114968377904E-003   2.8288780487367732E-002   2.0200922961865819E-002
   5.0495410155906377        7.3728058113243849E-003   2.8288780487367732E-002   2.0351501239948475E-002
   5.2279001269311909        7.6763329987863125E-003   2.8288780487367732E-002   2.0495405634919413E-002
   5.4125592113782046        7.9840992323637356E-003   2.8288780487367732E-002   2.0632865255623047E-002
   5.6037407956130689        8.2955795419189429E-003   2.8288780487367732E-002   2.0764105398446864E-002
   5.8016752663703963        8.6102201178559993E-003   2.8288780487367732E-002   2.0889343674173083E-002
   6.0066011480696169        8.9274409132802223E-003   2.8288780487367732E-002   2.1008786707731906E-002
   6.2187653902530293        9.2466385403444946E-003   2.8288780487367732E-002   2.1122627460785609E-002
   6.4384236651766908        9.5671894536287303E-003   2.8288780487367732E-002   2.1231043211884008E-002
   6.6658406759127811        9.8884534090724757E-003   2.8288780487367732E-002   2.1334194212407908E-002
   6.9012904753346884        1.0209777181502098E-002   2.8288780487367732E-002   2.1432223019076373E-002
   7.1450567963692624        1.0530498517432802E-002   2.8288780487367732E-002   2.1525254485974785E-002
   7.3974330131920443        1.0849949820556761E-002   2.8288780487367732E-002   2.1613396254401198E-002
   7.6587243988323896        1.1167464839230231E-002   2.8288780487367732E-002   2.1696740579073129E-002
   7.9292442763577622        1.1482377927497553E-002   2.8288780487367732E-002   2.1775364642114953E-002
   8.2093202460023029        1.1794035614954533E-002   2.8288780487367732E-002   2.1849334516346120E-002
   8.4992881560440416        1.2101793686281096E-002   2.8288780487367732E-002   2.1918705765347098E-002
   8.7994991583321234        1.2405029065756858E-002   2.8288780487367732E-002   2.1983527908741078E-002
   9.1103132457223861        1.2703136922679069E-002   2.8288780487367732E-002   2.2043845629825549E-002
   9.4321068148357909        1.2995542089781015E-002   2.8288780487367732E-002   2.2099703212936452E-002
   9.7652657388916850        1.3281696007391170E-002   2.8288780487367732E-002   2.2151145960211695E-002
   10.110193474162946        1.3561087377845948E-002   2.8288780487367732E-002   2.2198224226002403E-002
   10.467303634806061        1.3833238774030204E-002   2.8288780487367732E-002   2.2240994685739347E-002
   10.837027566606025        1.4097715495968180E-002   2.8288780487367732E-002   2.2279523549628834E-002
   11.219811965471335        1.4354125570056704E-002   2.8288780487367732E-002   2.2313887952500024E-002
   11.616115840724994        1.4602119706355356E-002   2.8288780487367732E-002   2.2344177192999425E-002
   12.026419117330413        1.4841398222944247E-002   2.8288780487367732E-002   2.2370494505955237E-002
   12.451213803399156        1.5071706348653685E-002   2.8288780487367732E-002   2.2392957025275100E-002
   12.891014326336300        1.5292840593059883E-002   2.8288780487367732E-002   2.2411696694086127E-002
   13.346348065368609        1.5504643505780848E-002   2.8288780487367732E-002   2.2426859636261037E-002
   13.817766430769083        1.5707008678357601E-002   2.8288780487367732E-002   2.2438606163145299E-002
   14.305834715756038        1.5899875039969591E-002   2.8288780487367732E-002   2.2447109666631403E-002
   14.811143972217785        1.6083230564877943E-002   2.8288780487367732E-002   2.2452555897549683E-002
   15.334300133051286        1.6257106226824820E-002   2.8288780487367732E-002   2.2455141552675549E-002
   15.875936741648431        1.6421578537194843E-002   2.8288780487367732E-002   2.2455073045338236E-002
   16.436703292225193        1.6576763305284202E-002   2.8288780487367732E-002   2.2452564980449060E-002
   17.017278874447534        1.6722817167699921E-002   2.8288780487367732E-002   2.2447838646724713E-002
   17.618359675531394        1.6859931314991923E-002   2.8288780487367732E-002   2.2441120563482003E-002
   18.240671728221173        1.6988331831728837E-002   2.8288780487367732E-002   2.2432640932625092E-002
   18.884968846184627        1.7108275744682645E-002   2.8288780487367732E-002   2.2422632240959219E-002
   19.552019805756849        1.7220045725923745E-002   2.8288780487367732E-002   2.2411328227665797E-002
   20.242632201214423        1.7323951395076191E-002   2.8288478059312335E-002   2.2398961716073064E-002
   20.957638264717446        1.7420323503978329E-002   2.8287684663249650E-002   2.2385764468978577E-002
   21.697899624358065        1.7509511849864448E-002   2.8286994123603606E-002   2.2371968439656803E-002
   22.464312967141105        1.7591883076212508E-002   2.8286393102674209E-002   2.2357801954289120E-002
   23.257792778673313        1.7667816298688660E-002   2.8285870001838256E-002   2.2343490908177853E-002
   24.079299719823517        1.7737703825327206E-002   2.8285414716158017E-002   2.2329258128792880E-002
   24.929823759061236        1.7801947246675581E-002   2.8285018454029587E-002   2.2315323794277205E-002
   25.810395145829254        1.7860956674326880E-002   2.8284673561692009E-002   2.2301905559864537E-002
   26.722064579292049        1.7915148088052401E-002   2.8284373383343341E-002   2.2289219347514648E-002
   27.665935811728254        1.7964944458442045E-002   2.8284112120324296E-002   2.2277479503185336E-002
   28.643146268414043        1.8010773629153150E-002   2.8283884727624501E-002   2.2266899887320401E-002
   29.654879655490589        1.8053068472891891E-002   2.8283686813178100E-002   2.2257694604286084E-002
   30.702343174827575        1.8078033590450925E-002   2.6650967326575074E-002   2.2228623447534405E-002
   31.786804983723918        1.8093160138596798E-002   2.4468598821326119E-002   2.2190593035906175E-002
   32.909571928103169        1.8105904658504847E-002   2.2569154084921546E-002   2.2154426971807122E-002
   34.072004028335677        1.8116612921876860E-002   2.0915945543810849E-002   2.2120217628844530E-002
   35.275488300232773        1.8125632957293938E-002   1.9477069245896185E-002   2.2088061809185738E-002
   36.521481794408061        1.8133314444424922E-002   1.8224729870654221E-002   2.2058059537549905E-002
   37.811486012809581        1.8140007219843046E-002   1.7134744641865204E-002   2.2030314619321027E-002
   39.147055493126302        1.8146059829531661E-002   1.6186065855215630E-002   2.2004933853251533E-002
   40.529808025860810        1.8151817738116961E-002   1.5360369880597117E-002   2.1982025984367749E-002
   41.961393513511240        1.8157621057971418E-002   1.4641722270439018E-002   2.1961700954635774E-002
   43.443545167355794        1.8163802316977937E-002   1.4016240635618229E-002   2.1944067439010891E-002
   44.978049075047366        1.8170683620660134E-002   1.3471846874381020E-002   2.1929231386378853E-002
   46.566763998623138        1.8178573811209253E-002   1.2998026078989937E-002   2.1917293436232832E-002
   48.211585595230147        1.8187765179375832E-002   1.2585634360102913E-002   2.1908346467921485E-002
   49.914505239722644        1.8198530542033183E-002   1.2226705390090393E-002   2.1902472152668166E-002
   51.677575059319224        1.8211119827152317E-002   1.1914308221054236E-002   2.1899737972627453E-002
   53.502930680545909        1.8225757013684302E-002   1.1642408934820237E-002   2.1900193670850211E-002
   55.392750120602578        1.8242636691301359E-002   1.1405760364084454E-002   2.1903867610182908E-002
   57.349321371645829        1.8261921692593573E-002   1.1199791078429628E-002   2.1910763135206842E-002
   59.375002227322796        1.8283740144718917E-002   1.1020523794028713E-002   2.1920854983601485E-002
   61.472246417894510        1.8308183437396364E-002   1.0864495982303927E-002   2.1934085940671887E-002
   63.643556378429672        1.8335303786517688E-002   1.0728696587053192E-002   2.1950363379065641E-002
   65.891560899834928        1.8365113759418201E-002   1.0610502319725892E-002   2.1969557043520362E-002
   68.218968971510208        1.8397584932029833E-002   1.0507630839310014E-002   2.1991496663771440E-002
   70.628585269218178        1.8410569655854307E-002   1.0412218569811482E-002   2.1984277490177079E-002
   73.123328588587739        1.8363154550949275E-002   1.0313361954920644E-002   2.1889351037267905E-002
   75.706175661273647        1.8319248976535526E-002   1.0227321726769571E-002   2.1798692925472665E-002
   78.380253523498894        1.8278644160212968E-002   1.0152435813557568E-002   2.1712133445531152E-002
   81.148784610322849        1.8241143203930596E-002   1.0087258162148440E-002   2.1629526188176814E-002
   84.015122474940881        1.8206561401656968E-002   1.0030529873120664E-002   2.1550742760267073E-002
   86.982687236203873        1.8174727642997209E-002   9.9811561925029126E-003   2.1475670385112902E-002
   90.055071705548812        1.8145483573237454E-002   9.9381833501342703E-003   2.1404205081459557E-002
   93.235978303002270        1.8118684612931344E-002   9.9007815368982767E-003   2.1336249933564217E-002
   96.529260096906100        1.8094199597101152E-002   9.8682283407406576E-003   2.1271711134828383E-002
   99.938826062156153        1.8071911287182909E-002   9.8398957001484631E-003   2.1210497329620912E-002
   103.46886588546354        1.8051714539613555E-002   9.8152358297946864E-003   2.1152513633733522E-002
   107.12359379692580        1.8033517594727058E-002   9.7937728998358248E-003   2.1097665075316362E-002
   110.90736836557576        1.8017240603635992E-002   9.7750926609543615E-003   2.1045853466575941E-002
   114.82483910697920        1.8002814485066201E-002   9.7588339480576373E-003   2.0996975421835668E-002
   118.88068277378797        1.7990181322473361E-002   9.7446830376466172E-003   2.0950926133188559E-002
   123.07973629915718        1.7979292843233328E-002   9.7323668074126742E-003   2.0907597772904209E-002
   127.42715949490271        1.7970109194764359E-002   9.7216471344676800E-003   2.0866878716783065E-002
   131.92808807993632        1.7962598775629810E-002   9.7123172782119498E-003   2.0828657810886903E-002
   136.58805281121437        1.7956736245468424E-002   9.7041968545282416E-003   2.0792821302884675E-002
   141.41261684513370        1.7952501984098958E-002   9.6971291740312240E-003   2.0759256882111030E-002
   146.40753387824964        1.7949880426153732E-002   9.6909778256237238E-003   2.0727852930389614E-002
   151.57894168226974        1.7465687398162979E-002   9.5568636375255259E-003   2.0186827801778509E-002
   156.93294936957258        1.6001981105743409E-002   9.1619611882904402E-003   1.8610057566646833E-002
   162.47613596373097        1.4729879833876540E-002   8.8182500834664349E-003   1.7237887064061059E-002
   168.21511902855468        1.3624771114016601E-002   8.5190981713480912E-003   1.6043715441243171E-002
   174.15674278185460        1.2665177012952111E-002   8.2587316141758647E-003   1.5004397740986565E-002
   180.30830831190286        1.1832329684673603E-002   8.0321164660595596E-003   1.4099767143586951E-002
   186.67715947709803        1.1109890979124125E-002   7.8348800255649345E-003   1.3312316784584171E-002
   193.27089166569760        1.0483608260007675E-002   7.6632154936658731E-003   1.2626815562023564E-002
   200.09760727912413        9.9410324095681735E-003   7.5138038958588596E-003   1.2029993331822135E-002
   207.16537088595135        9.4713352328903364E-003   7.3837636663074370E-003   1.1510336966660999E-002
   214.48286737908427        9.0650544763556540E-003   7.2705805977869497E-003   1.1057808321214562E-002
   222.05883252794877        8.7139576816333709E-003   7.1720707420036521E-003   1.0663694118123165E-002
   229.90230130529540        8.4108674480656027E-003   7.0863327909532646E-003   1.0320414074742521E-002
   238.02291179328489        8.1495180785571292E-003   7.0117090808751205E-003   1.0021363681933715E-002
   246.43025707061713        7.9244610956260581E-003   6.9467604120236120E-003   9.7608125171591391E-003
   255.13466811288930        7.7309367301882613E-003   6.8902310621270901E-003   9.5337634462861059E-003
   264.14653641505117        7.5648034715900562E-003   6.8410302569305182E-003   9.3358779466803897E-003
   273.47660938458705        7.4224498863814251E-003   6.7982083870369771E-003   9.1633805078247827E-003
   283.13635184814427        7.3007224435985467E-003   6.7609375313098267E-003   9.0129803741846991E-003
   293.13729579387660        7.1968758813587179E-003   6.7284985219191618E-003   8.8818197189937959E-003
   303.49136818478553        7.1085152390545697E-003   6.7002652636614134E-003   8.7674108145855342E-003
   314.21129214162710        7.0335485180780680E-003   6.6756918926749037E-003   8.6675846232026361E-003
   325.30973137660959        6.9701543919946408E-003   6.6543044846634758E-003   8.5804578275462361E-003
   336.80032369109853        6.9167409219620312E-003   6.6356895339302491E-003   8.5043867158851299E-003
   348.69678677735646        6.8719215916510507E-003   6.6194878516812120E-003   8.4379430410593103E-003
   361.01330816366544        6.8344868989972073E-003   6.6053867343000248E-003   8.3798827823273053E-003
   373.76502243504467        6.7921113037926932E-003   6.5783544652205294E-003   8.3092534545752880E-003
   386.96715283564077        6.7176783431015658E-003   6.5042027086078284E-003   8.1794783292911018E-003
   400.63544401132759        6.6537694672407204E-003   6.4396648039666436E-003   8.0664070530496370E-003
   414.78669160661980        6.5989637830047255E-003   6.3834929707703427E-003   7.9678628928214808E-003
   429.43761284149554        6.5520220491359681E-003   6.3346038738703418E-003   7.8819563496696898E-003
   444.60621081975989        6.5118595483931608E-003   6.2920522879232298E-003   7.8070387675222321E-003
   460.31059410826708        6.4775310370017089E-003   6.2550171496309516E-003   7.7416777072214131E-003
   476.56949149896485        6.4482118909047073E-003   6.2227836553394702E-003   7.6846253947354514E-003
   493.40288198244309        6.4231825232492802E-003   6.1947286003335347E-003   7.6347928431630633E-003
   510.83065126063684        6.4018175984362838E-003   6.1703109122383864E-003   7.5912331674883420E-003
   528.87421463804299        6.3835720655372047E-003   6.1490584977023756E-003   7.5531183401878321E-003
   547.55511287104378        6.3679728342337892E-003   6.1305612761801530E-003   7.5197269313340498E-003
   566.89562449487210        6.3546088447458630E-003   6.1144622385678228E-003   7.4904283277439643E-003
   586.91951519858117        6.3431227503702803E-003   6.1004501249051733E-003   7.4646697965037676E-003
   607.65068989177485        6.3332048023302780E-003   6.0882545614329110E-003   7.4419680172405234E-003
   629.11387223602765        6.3245860523192723E-003   6.0776401653838850E-003   7.4218987423227360E-003
   651.33543626567803        6.3170326274767617E-003   6.0684017172554549E-003   7.4040883550733358E-003
   674.34163286578985        6.3103415720996607E-003   6.0603610434861333E-003   7.3882086734960630E-003
   698.16073213207346        6.3043358731385262E-003   6.0533626851063818E-003   7.3739694148372194E-003
   722.82116976782140        6.2371552219264272E-003   5.9855827929898697E-003   7.2445769450836363E-003
   748.35235540965130        6.1602086664763198E-003   5.9084300370231607E-003   7.0971444519131021E-003
   774.78566186873422        6.0928593543977854E-003   5.8412786201481985E-003   6.9682641515089339E-003
   802.15264573967897        6.0337953723151793E-003   5.7828328077270839E-003   6.8554782938684460E-003
   830.48594444209971        5.9818734850745174E-003   5.7319645553616924E-003   6.7566448550951830E-003
   859.82037403360118        5.9360957551598962E-003   5.6876903725734023E-003   6.6698945447935410E-003
   890.19058800385733        5.8955946489780090E-003   5.6491563833952364E-003   6.5936036802433096E-003
   921.63390537915473        5.8596122037637005E-003   5.6156175688870848E-003   6.5263555480231583E-003
   954.18786380243341        5.8274893658390690E-003   5.5864267736247886E-003   6.4669207807336792E-003
   987.89128659474920        5.7986521213195790E-003   5.5610205951727148E-003   6.4142314382844047E-003
   1022.7855886411724        5.7726001670617855E-003   5.5389078286349506E-003   6.3673597837205428E-003
   1058.9119914466876        5.7489001969581064E-003   5.5196620051594430E-003   6.3255053130535470E-003
   1096.3148872627712        5.7271756634552796E-003   5.5029110245999966E-003   6.2879753175584122E-003
   1135.0389283928459        5.7071021797525925E-003   5.4883316648007760E-003   6.2541754716217502E-003
   1175.1302964981960        5.6884008937111673E-003   5.4756425340851686E-003   6.2235967237659374E-003
   1216.6382559936744        5.6708330186474266E-003   5.4645982998800567E-003   6.1958043666100740E-003
   1259.6123598874483        5.6541969412293811E-003   5.4549858557839271E-003   6.1704313280744648E-003
   1304.1038583964914        5.6383238469431473E-003   5.4466196750110945E-003   6.1471690594104176E-003
   1350.1674228314519        5.6230740054045505E-003   5.4393380052160413E-003   6.1257597729212510E-003
   1397.8574692241625        5.1780568510573621E-003   5.0143154447982010E-003   5.6346237103053753E-003
   1447.2325992722181        4.7500752963202083E-003   4.6054623099106955E-003   5.1622593852639412E-003
   1498.3517579647787        4.3769821046812218E-003   4.2496134724406337E-003   4.7508618330009030E-003
   1551.2759091786245        3.8099102965962490E-003   3.7058309745244510E-003   4.1368365099766751E-003
   1606.0700862978565        3.3097046675293826E-003   3.2254018169822819E-003   3.5954559679952786E-003
   1662.7990190437411        2.8750581332699266E-003   2.8072607968275170E-003   3.1250444103073146E-003
   1721.5324161293761        2.4974160100388562E-003   2.4433235452657170E-003   2.7163080782270292E-003
   1782.3403946248577        2.1693446077535659E-003   2.1265676326176633E-003   2.3611769788450853E-003
   1845.2954731357936        1.8843710292083971E-003   1.8508794517996794E-003   2.0526296761194792E-003
   1910.4750110852074        1.6368518620319844E-003   1.6109288275393968E-003   1.7845495729904453E-003
   1977.9568210713478        1.4218854237590447E-003   1.4020857408483054E-003   1.5516285385005588E-003
   2047.8213808026539        1.2352057823342036E-003   1.2203193764418773E-003   1.3492509696167955E-003
   2120.1545400970977        1.0730958267182874E-003   1.0621154502545584E-003   1.1733986075790222E-003
   2195.0417479108573        9.3233051248434509E-004   9.2442282679497520E-004   1.0205881987586974E-003
   2272.5750259096239        8.1009892683756848E-004   8.0457934689993221E-004   8.8778629696454009E-004
   2352.8469348264384        7.0396223536120246E-004   7.0027254487247097E-004   7.7236309981693746E-004
   2435.9532056335870        6.1180037017403543E-004   6.0948922765672328E-004   6.7203416726810991E-004
   2521.9959596104222        5.3176824151277696E-004   5.3047418401682225E-004   5.8481254872459190E-004
   2611.0779162676686        4.6226618288704283E-004   4.6170276214759539E-004   5.0897648097953199E-004
   2703.3053132971791        4.0190464346796464E-004   4.0184762628322303E-004   4.4303088986963600E-004
   2798.7914800504532        3.4947517315253194E-004   3.4975153288804460E-004   3.8567578134274889E-004
   2897.6492167059700        3.0393128678048506E-004   3.0440975190668167E-004   3.3578546871177383E-004
   3000.0000000000000        2.6436259115159076E-004   2.6494564205884564E-004   2.9238045917604340E-004
