         200   4370.0000000000000     
   3.0000000000000000        5.9786215165142896E-003  0.12465146367577036        5.4602985155400331E-003
   3.1059655287322618        6.4507446020736093E-003  0.12465146367577036        5.9389832128529593E-003
   3.2156739552243598        6.9606140301970397E-003  0.12465146367577036        6.4622429628233505E-003
   3.3292574962321346        7.5107803127270056E-003  0.12465146367577036        7.0342709126204918E-003
   3.4468529954360925        8.1038681655826259E-003  0.12465146367577036        7.6596407725873089E-003
   3.5686022069563790        8.7425731857174172E-003  0.12465146367577036        8.3433380917815672E-003
   3.6946518254059528        9.4296589108334057E-003  0.12465146367577036        9.0907916668957912E-003
   3.8251536998800524        1.0167956666646678E-002  0.12465146367577036        9.9079071270102466E-003
   3.9602651907155879        1.0960368318678778E-002  0.12465146367577036        1.0801102523446768E-002
   4.1001490688558144        1.1809868349086792E-002  0.12465146367577036        1.1777341600972388E-002
   4.2449739038313119        1.2719510346041792E-002  0.12465146367577036        1.2844170158054023E-002
   4.3949142193596993        1.3692433361594330E-002  0.12465146367577036        1.4009750334969845E-002
   4.5501507036585132        1.4731869035441726E-002  0.12465146367577036        1.5282893704075319E-002
   4.7108703059600501        1.5841147469169706E-002  0.12465146367577036        1.6673090674345765E-002
   4.8772669425686850        1.7023705823107999E-002  0.12465146367577036        1.8190541172296664E-002
   5.0495410155906377        1.8283085993060128E-002  0.12465146367577036        1.9846169213375960E-002
   5.2279001269311909        1.9622936568626698E-002  0.12465146367577036        2.1651639846675199E-002
   5.4125592113782046        2.1047005665656936E-002  0.12465146367577036        2.3619360737339976E-002
   5.6037407956130689        2.2559128351171100E-002  0.12465146367577036        2.5762471385268167E-002
   5.8016752663703963        2.4163206941647291E-002  0.12465146367577036        2.8094815471435969E-002
   6.0066011480696169        2.5863183513342540E-002  0.12465146367577036        3.0630892255684338E-002
   6.2187653902530293        2.7663004289262813E-002  0.12465146367577036        3.3385782387694712E-002
   6.4384236651766908        2.9566575939222621E-002  0.12465146367577036        3.6375042957616059E-002
   6.6658406759127811        3.1577714223908940E-002  0.12465146367577036        3.9614566155747197E-002
   6.9012904753346884        3.3700085804669294E-002  0.12465146367577036        4.3120395602340482E-002
   7.1450567963692624        3.5937144400776548E-002  0.12465146367577036        4.6908494341171024E-002
   7.3974330131920443        3.8292059199445692E-002  0.12465146367577036        5.0994452492522817E-002
   7.6587243988323896        4.0767662293478432E-002  0.12465146367577036        5.5393173632809461E-002
   7.9292442763577622        4.3366337860275932E-002  0.12465146367577036        6.0118397117983266E-002
   8.2093202460023029        4.6090007894014733E-002  0.12465146367577036        6.5182325862996063E-002
   8.4992881560440416        4.8940003828587521E-002  0.12465146367577036        7.0594980795816734E-002
   8.7994991583321234        5.1917069229813151E-002  0.12465146367577036        7.6363731981319100E-002
   9.1103132457223861        5.5021236450616601E-002  0.12465146367577036        8.2492536439199932E-002
   9.4321068148357909        5.8251848923024777E-002  0.12465146367577036        8.8981414368528092E-002
   9.7652657388916850        6.1607447475173674E-002  0.12465146367577036        9.5825640518113264E-002
   10.110193474162946        6.5085815769855462E-002  0.12465146367577036       0.10301526381778427     
   10.467303634806061        6.8683878751177235E-002  0.12465146367577036       0.11053437814630469     
   10.837027566606025        7.2397761257363386E-002  0.12465146367577036       0.11836081276569953     
   11.219811965471335        7.6222755166842182E-002  0.12465146367577036       0.12646577331534700     
   11.616115840724994        8.0153289417454823E-002  0.12465146367577036       0.13481366944110837     
   12.026419117330413        8.4183024559406031E-002  0.12465146367577036       0.14336243225673426     
   12.451213803399156        8.8304782521492806E-002  0.12465146367577036       0.15206373881441987     
   12.891014326336300        9.2510673323992196E-002  0.12465146367577036       0.16086392627083354     
   13.346348065368609        9.6792036710316054E-002  0.12465146367577036       0.16970478471126735     
   13.817766430769083       0.10113958900805708       0.12465146367577036       0.17852502435312065     
   14.305834715756038       0.10554337663002152       0.12465146367577036       0.18726153831739434     
   14.811143972217785       0.10999294154617410       0.12465146367577036       0.19585122631537669     
   15.334300133051286       0.11447728670971324       0.12465146367577036       0.20423246298085532     
   15.875936741648431       0.11898505812467999       0.12465146367577036       0.21234694234189405     
   16.436703292225193       0.12350452169477602       0.12465146367577036       0.22014099593519487     
   17.017278874447534       0.12802375880554473       0.12465146367577036       0.22756709218215540     
   17.618359675531394       0.13253065296637107       0.12465146367577036       0.23458468506801819     
   18.240671728221173       0.13701308115204475       0.12465146367577036       0.24116108550882867     
   18.884968846184627       0.14145898660251890       0.12465146367577036       0.24727178475753583     
   19.552019805756849       0.14585638853896704       0.12465146367577036       0.25290038277131388     
   20.242632201214423       0.15019364201881943       0.12464843938024797       0.25803854643897528     
   20.957638264717446       0.15445943227754794       0.12464050538035276       0.26268535688309957     
   21.697899624358065       0.15864289850230248       0.12463359994971474       0.26684665982875577     
   22.464312967141105       0.16273375094295900       0.12462758971067381       0.27053421296123209     
   23.257792778673313       0.16672226219560604       0.12462235867642391       0.27376468914614260     
   24.079299719823517       0.17059949419680631       0.12461780579708752       0.27655886250653688     
   24.929823759061236       0.17435727449775740       0.12461384315619060       0.27894059658142595     
   25.810395145829254       0.17798830766959559       0.12461039421574471       0.28093601575094096     
   26.722064579292049       0.18148614669919569       0.12460739241740104       0.28257268180878958     
   27.665935811728254       0.18484536949986013       0.12460477977427958       0.28387898552915564     
   28.643146268414043       0.18806152915984709       0.12460250583602711       0.28488352357651342     
   29.654879655490589       0.19113122029007759       0.12460052668176745       0.28561464616280230     
   30.702343174827575       0.19397201872684836       0.11837550604827547       0.28597636351608091     
   31.786804983723918       0.19662223092558936       0.11005535210738966       0.28605311889337903     
   32.909571928103169       0.19912096478680813       0.10281382870239146       0.28593148647614169     
   34.072004028335677       0.20146836438472304        9.6511066577047000E-002  0.28563570848829678     
   35.275488300232773       0.20366551309584568        9.1025433755757709E-002  0.28518863387140675     
   36.521481794408061       0.20571447254431888        8.6250962183617039E-002  0.28461166114078879     
   37.811486012809581       0.20761817035337399        8.2095456422329113E-002  0.28392472891146370     
   39.147055493126302       0.20938034838024744        7.8478673314255176E-002  0.28314632094723946     
   40.529808025860810       0.21100549624059997        7.5330755077407066E-002  0.28229348203397098     
   41.961393513511240       0.21249872941587231        7.2590952550297752E-002  0.28138186911952867     
   43.443545167355794       0.21386575581167586        7.0206339925807867E-002  0.28042575661644636     
   44.978049075047366       0.21511273972291978        6.8130870138254918E-002  0.27943809466180181     
   46.566763998623138       0.21624621784055825        6.6324455708902205E-002  0.27843053740548973     
   48.211585595230147       0.21727297073831611        6.4752236087498041E-002  0.27741350598307596     
   49.914505239722644       0.21819996087119875        6.3383840109841272E-002  0.27639619085928824     
   51.677575059319224       0.21903420470657486        6.2192843937184862E-002  0.27538661324979269     
   53.502930680545909       0.21978268736153822        6.1156243604819915E-002  0.27439165036613061     
   55.392750120602578       0.22045225418326755        6.0254034590312595E-002  0.27341709575654038     
   57.349321371645829       0.22104955310708810        5.9468788579100353E-002  0.27246766093901587     
   59.375002227322796       0.22158094052070429        5.8785342406195533E-002  0.27154703704174343     
   61.472246417894510       0.22205242206840933        5.8190495381283507E-002  0.27065792304480929     
   63.643556378429672       0.22246958560270894        5.7672768026417263E-002  0.26980208826255836     
   65.891560899834928       0.22283757262895115        5.7222159205437689E-002  0.26898038535293395     
   68.218968971510208       0.22316103288916428        5.6829967624992581E-002  0.26819282036079567     
   70.628585269218178       0.22319678905957724        5.6432346133474191E-002  0.26705130409847783     
   73.123328588587739       0.22249301439095945        5.5934857973046023E-002  0.26484829671359167     
   75.706175661273647       0.22177164793549747        5.5501867273607591E-002  0.26271379022870017     
   78.380253523498894       0.22103542462933654        5.5125009789190084E-002  0.26064790228275941     
   81.148784610322849       0.22028708681681808        5.4797008370808920E-002  0.25865066817047971     
   84.015122474940881       0.21952935970666015        5.4511527705869638E-002  0.25672197646994338     
   86.982687236203873       0.21876495247372366        5.4263058530881099E-002  0.25486157671047177     
   90.055071705548812       0.21799651368027240        5.4046801072319212E-002  0.25306897949525442     
   93.235978303002270       0.21722663149881233        5.3858579380892752E-002  0.25134348066842743     
   96.529260096906100       0.21645780748666404        5.3694757974602443E-002  0.24968412878875509     
   99.938826062156153       0.21569246330307740        5.3552176183147615E-002  0.24808977320951131     
   103.46886588546354       0.21493287643320383        5.3428077319836967E-002  0.24655896901641058     
   107.12359379692580       0.21418122723809607        5.3320066808305359E-002  0.24509012031494073     
   110.90736836557576       0.21343956185829283        5.3226059971355238E-002  0.24368144687881724     
   114.82483910697920       0.21270975952975010        5.3144239273986149E-002  0.24233096917238070     
   118.88068277378797       0.21199358136141094        5.3073025927296770E-002  0.24103664336575834     
   123.07973629915718       0.21129264161631789        5.3011045464692041E-002  0.23979634382091525     
   127.42715949490271       0.21060838393028938        5.2957099551414623E-002  0.23860785642758120     
   131.92808807993632       0.20994214096683167        5.2910147781612953E-002  0.23746901174176294     
   136.58805281121437       0.20929507243464926        5.2869282386365804E-002  0.23637759967620059     
   141.41261684513370       0.20866822410769265        5.2833714838631626E-002  0.23533148811032739     
   146.40753387824964       0.20806250592916695        5.2802758660263897E-002  0.23432859697026054     
   151.57894168226974       0.20191860535688186        5.2119806508419880E-002  0.22757993521404257     
   156.93294936957258       0.18457017004870352        5.0108144674139543E-002  0.20919819361191758     
   162.47613596373097       0.16951208544745566        4.8357255276183071E-002  0.19322790910371279     
   168.21511902855468       0.15644375242170810        4.6833353650791658E-002  0.17934865148969756     
   174.15674278185460       0.14510374278120919        4.5507027447951182E-002  0.16728267240233824     
   180.30830831190286       0.13526441769055259        4.4352633380711701E-002  0.15678887192992302     
   186.67715947709803       0.12672829634202545        4.3347896589534800E-002  0.14765869700999923     
   193.27089166569760       0.11932371573186379        4.2473424962960221E-002  0.13971134163820975     
   200.09760727912413       0.11290126538219537        4.1712311403169985E-002  0.13278981088652972     
   207.16537088595135       0.10733143312120096        4.1049877003949790E-002  0.12675831884464306     
   214.48286737908427       0.10250142511601835        4.0473314210605613E-002  0.12149882172255444     
   222.05883252794877        9.8313419703035726E-002   3.9971497831488317E-002  0.11690911544255679     
   229.90230130529540        9.4682386787097020E-002   3.9534742465165550E-002  0.11290047748799220     
   238.02291179328489        9.1534295607419075E-002   3.9154603851724742E-002  0.10939573301722376     
   246.43025707061713        8.8804923276171746E-002   3.8823750602855374E-002  0.10632798920120133     
   255.13466811288930        8.6438265090322181E-002   3.8535785977860650E-002  0.10363892711229665     
   264.14653641505117        8.4385653822238615E-002   3.8285153493251997E-002  0.10127788219864135     
   273.47660938458705        8.2604671874432198E-002   3.8067015769608699E-002   9.9200690223727933E-002
   283.13635184814427        8.1058258901409122E-002   3.7877155316368726E-002   9.7368743331626192E-002
   293.13729579387660        7.9714104057920218E-002   3.7711908640235312E-002   9.5748371297596363E-002
   303.49136818478553        7.8543935964517128E-002   3.7568086366647296E-002   9.4310096536357801E-002
   314.21129214162710        7.7522941899896905E-002   3.7442907825341924E-002   9.3028027178064396E-002
   325.30973137660959        7.6629385570320382E-002   3.7333958811442101E-002   9.1879485587079285E-002
   336.80032369109853        7.5844099649771707E-002   3.7239132896815463E-002   9.0844469632912817E-002
   348.69678677735646        7.5150211847684403E-002   3.7156600347587977E-002   8.9905397727061839E-002
   361.01330816366544        7.4532806219755804E-002   3.7084768228766322E-002   8.9046761733956356E-002
   373.76502243504467        7.3853548391836277E-002   3.6872537048186479E-002   8.8044067510418322E-002
   386.96715283564077        7.2811247242351954E-002   3.6174308830617175E-002   8.6402193824008697E-002
   400.63544401132759        7.1877559906546887E-002   3.5566606623929860E-002   8.4924291810816829E-002
   414.78669160661980        7.1034747762712208E-002   3.5037681069608653E-002   8.3585067684211617E-002
   429.43761284149554        7.0267153288538386E-002   3.4577331260697647E-002   8.2362534240267654E-002
   444.60621081975989        6.9560879141896473E-002   3.4176656760620962E-002   8.1237501939365575E-002
   460.31059410826708        6.8903648079744931E-002   3.3827926268202448E-002   8.0193356063748458E-002
   476.56949149896485        6.8284596131453268E-002   3.3524409044966078E-002   7.9215725413900775E-002
   493.40288198244309        6.7694101498821602E-002   3.3260236866916267E-002   7.8292205797210676E-002
   510.83065126063684        6.7123704958666347E-002   3.3030314885096022E-002   7.7412224723876211E-002
   528.87421463804299        6.6565941575980614E-002   3.2830197771242214E-002   7.6566764206457028E-002
   547.55511287104378        6.6014292509963435E-002   3.2656024122451839E-002   7.5748267598495470E-002
   566.89562449487210        6.5463081309646662E-002   3.2504432267448827E-002   7.4950456854525435E-002
   586.91951519858117        6.4907382567199190E-002   3.2372491318320082E-002   7.4168170153283031E-002
   607.65068989177485        6.4342998124222242E-002   3.2257655380043243E-002   7.3397295163606185E-002
   629.11387223602765        6.3766382502301114E-002   3.2157708039987708E-002   7.2634626673272348E-002
   651.33543626567803        6.3174572662390016E-002   3.2070716909035700E-002   7.1877735277527777E-002
   674.34163286578985        6.2565192020518495E-002   3.1995004268223395E-002   7.1124933192582701E-002
   698.16073213207346        6.1936353813000243E-002   3.1929106283865180E-002   7.0375111703959728E-002
   722.82116976782140        6.0594655680461455E-002   3.1180551679477857E-002   6.8353487482681871E-002
   748.35235540965130        5.9117335436342393E-002   3.0325565352669233E-002   6.6120480598755207E-002
   774.78566186873422        5.7722303319714958E-002   2.9581411206332456E-002   6.4079067082763480E-002
   802.15264573967897        5.6395837850033062E-002   2.8933730253744617E-002   6.2205855756348127E-002
   830.48594444209971        5.5126333050697217E-002   2.8370021806831503E-002   6.0480843547026091E-002
   859.82037403360118        5.3903997604309806E-002   2.7879387085617591E-002   5.8886879760858823E-002
   890.19058800385733        5.2720730260701974E-002   2.7452363663681010E-002   5.7409385816506744E-002
   921.63390537915473        5.1569801554884651E-002   2.7080695439227587E-002   5.6035840058313260E-002
   954.18786380243341        5.0445774737550221E-002   2.6757210807924151E-002   5.4755590695556827E-002
   987.89128659474920        4.9344304044896557E-002   2.6475666293786840E-002   5.3559528728125035E-002
   1022.7855886411724        4.8261956623447698E-002   2.6230618494770399E-002   5.2439819222115915E-002
   1058.9119914466876        4.7196178760488858E-002   2.6017341396453526E-002   5.1389800609995956E-002
   1096.3148872627712        4.6145082226323943E-002   2.5831711483956993E-002   5.0403709359888041E-002
   1135.0389283928459        4.5107434729636686E-002   2.5670146895294281E-002   4.9476625698375000E-002
   1175.1302964981960        4.4082533622062166E-002   2.5529529322726653E-002   4.8604311212847987E-002
   1216.6382559936744        4.3070092252443341E-002   2.5407140055912773E-002   4.7783077764894454E-002
   1259.6123598874483        4.2070243740565207E-002   2.5300617506375439E-002   4.7009762310804323E-002
   1304.1038583964914        4.1083442535183659E-002   2.5207905715607128E-002   4.6281619789480033E-002
   1350.1674228314519        4.0110375784279000E-002   2.5127212187124642E-002   4.5596237929315012E-002
   1397.8574692241625        3.5951414159667613E-002   2.2969322318481110E-002   4.1306617828497247E-002
   1447.2325992722181        3.2037457727275287E-002   2.0875355174688637E-002   3.7242474076765765E-002
   1498.3517579647787        2.8646904169259347E-002   1.9052852886613833E-002   3.3732309774019482E-002
   1551.2759091786245        2.4377497799469051E-002   1.6608992981538801E-002   2.9103512408239395E-002
   1606.0700862978565        2.0706179703965096E-002   1.4455779691294640E-002   2.5079325756674410E-002
   1662.7990190437411        1.7586129544564798E-002   1.2581732732114268E-002   2.1622055249340643E-002
   1721.5324161293761        1.4935880449012846E-002   1.0950619144240508E-002   1.8650757122390633E-002
   1782.3403946248577        1.2685781195119617E-002   9.5309654238741569E-003   1.6096214527103692E-002
   1845.2954731357936        1.0776239012119835E-002   8.2953712773044426E-003   1.3899131373746374E-002
   1910.4750110852074        9.1562645074795522E-003   7.2199476377343046E-003   1.2008650499629325E-002
   1977.9568210713478        7.7823867531057536E-003   6.2839434365334190E-003   1.0381285525746946E-002
   2047.8213808026539        6.6175169102428858E-003   5.4692931485251627E-003   8.9797793564133695E-003
   2120.1545400970977        5.6300083730982742E-003   4.7602462659877831E-003   7.7721693378384835E-003
   2195.0417479108573        4.7929615743510694E-003   4.1431280454398752E-003   6.7311277744360777E-003
   2272.5750259096239        4.0834507974092269E-003   3.6060070784709407E-003   5.8331864884492591E-003
   2352.8469348264384        3.4820146852132632E-003   3.1385192316936983E-003   5.0582640820299339E-003
   2435.9532056335870        2.9721188273072146E-003   2.7316416679724715E-003   4.3891394585374947E-003
   2521.9959596104222        2.5397124739889401E-003   2.3775077869960170E-003   3.8110215971903926E-003
   2611.0779162676686        2.1728949044043191E-003   2.0692843221352063E-003   3.3112436499413743E-003
   2703.3053132971791        1.8615770207662402E-003   1.8010223484201285E-003   2.8789328132353977E-003
   2798.7914800504532        1.5972027235940135E-003   1.5675352694048364E-003   2.5047407978064993E-003
   2897.6492167059700        1.3725416266525845E-003   1.3643200317787953E-003   2.1806570662204019E-003
   3000.0000000000000        1.1814656682904790E-003   1.1874476574068127E-003   1.8997839367098925E-003
