         200   4370.0000000000000     
   3.0000000000000000        3.0821036834450806E-003  0.44279540317017352        1.5262782644134367E-003
   3.1059655287322618        3.2948647024969788E-003  0.44279540317017352        1.6270784885074471E-003
   3.2156739552243598        3.5216412609434299E-003  0.44279540317017352        1.7348576165076668E-003
   3.3292574962321346        3.7632720935287089E-003  0.44279540317017352        1.8500993449930329E-003
   3.4468529954360925        4.0206467389902155E-003  0.44279540317017352        1.9733200344664074E-003
   3.5686022069563790        4.2947116668828464E-003  0.44279540317017352        2.1050709768449627E-003
   3.6946518254059528        4.5864770834588078E-003  0.44279540317017352        2.2459405505352104E-003
   3.8251536998800524        4.8970255851030721E-003  0.44279540317017352        2.3965567302029725E-003
   3.9602651907155879        5.2275228990186573E-003  0.44279540317017352        2.5575899677500315E-003
   4.1001490688558144        5.5792295504059047E-003  0.44279540317017352        2.7297557584362361E-003
   4.2449739038313119        5.9535160608412919E-003  0.44279540317017352        2.9138180158549526E-003
   4.3949142193596993        6.3518803789891854E-003  0.44279540317017352        3.1105924632897027E-003
   4.5501507036585132        6.7759686976199317E-003  0.44279540317017352        3.3209504088736633E-003
   4.7108703059600501        7.2275997577626525E-003  0.44279540317017352        3.5458227237769079E-003
   4.8772669425686850        7.7087953369122690E-003  0.44279540317017352        3.7862050969222428E-003
   5.0495410155906377        8.2218125895856149E-003  0.44279540317017352        4.0431620975975883E-003
   5.2279001269311909        8.7691857563963957E-003  0.44279540317017352        4.3178334411446426E-003
   5.4125592113782046        9.3537731724147380E-003  0.44279540317017352        4.6114400581023099E-003
   5.6037407956130689        9.9788124717525867E-003  0.44279540317017352        4.9252910228461825E-003
   5.8016752663703963        1.0647984574964893E-002  0.44279540317017352        5.2607912664290402E-003
   6.0066011480696169        1.1365487273226799E-002  0.44279540317017352        5.6194501673469078E-003
   6.2187653902530293        1.2136119028742474E-002  0.44279540317017352        6.0028911220756246E-003
   6.4384236651766908        1.2965373303276384E-002  0.44279540317017352        6.4128622056640570E-003
   6.6658406759127811        1.3859543299923470E-002  0.44279540317017352        6.8512480414541811E-003
   6.9012904753346884        1.4825836464796356E-002  0.44279540317017352        7.3200830081494531E-003
   7.1450567963692624        1.5872497469830958E-002  0.44279540317017352        7.8215659220034466E-003
   7.3974330131920443        1.7008935972127898E-002  0.44279540317017352        8.3580755192075792E-003
   7.6587243988323896        1.8245868846737411E-002  0.44279540317017352        8.9321926554793360E-003
   7.9292442763577622        1.9595434753724366E-002  0.44279540317017352        9.5467111732729388E-003
   8.2093202460023029        2.1071353615502404E-002  0.44279540317017352        1.0204673009227208E-002
   8.4992881560440416        2.2689019422440095E-002  0.44279540317017352        1.0909378066652943E-002
   8.7994991583321234        2.4465650532524738E-002  0.44279540317017352        1.1664426893989289E-002
   9.1103132457223861        2.6420353237522742E-002  0.44279540317017352        1.2473733694324319E-002
   9.4321068148357909        2.8574251392399712E-002  0.44279540317017352        1.3341577058124521E-002
   9.7652657388916850        3.0950511137784822E-002  0.44279540317017352        1.4272616716172620E-002
   10.110193474162946        3.3574448413593257E-002  0.44279540317017352        1.5271953721061562E-002
   10.467303634806061        3.6473515092035086E-002  0.44279540317017352        1.6345151632725787E-002
   10.837027566606025        3.9677384710207222E-002  0.44279540317017352        1.7498304233636530E-002
   11.219811965471335        4.3217961187191067E-002  0.44279540317017352        1.8738079661451183E-002
   11.616115840724994        4.7129371560181516E-002  0.44279540317017352        2.0071765117536042E-002
   12.026419117330413        5.1448076553734123E-002  0.44279540317017352        2.1507355374966695E-002
   12.451213803399156        5.6212822755336539E-002  0.44279540317017352        2.3053588796051128E-002
   12.891014326336300        6.1464806376253699E-002  0.44279540317017352        2.4720055455169899E-002
   13.346348065368609        6.7247638093914860E-002  0.44279540317017352        2.6517240967502284E-002
   13.817766430769083        7.3607564432415576E-002  0.44279540317017352        2.8456654065346833E-002
   14.305834715756038        8.0593441221693957E-002  0.44279540317017352        3.0550879559952195E-002
   14.811143972217785        8.8257005920289303E-002  0.44279540317017352        3.2813728781280409E-002
   15.334300133051286        9.6652832768835073E-002  0.44279540317017352        3.5260303152901060E-002
   15.875936741648431       0.10583862608128947       0.44279540317017352        3.7907171446594966E-002
   16.436703292225193       0.11587510561902574       0.44279540317017352        4.0772445561219756E-002
   17.017278874447534       0.12682626813492334       0.44279540317017352        4.3875989091488238E-002
   17.618359675531394       0.13875912913500263       0.44279540317017352        4.7239506904982138E-002
   18.240671728221173       0.15174384064356350       0.44279540317017352        5.0886778751779105E-002
   18.884968846184627       0.16585344195864984       0.44279540317017352        5.4843832548594790E-002
   19.552019805756849       0.18116320927445081       0.44279540317017352        5.9139057126094512E-002
   20.242632201214423       0.19775066192543009       0.44276758424237012        6.3803553164094723E-002
   20.957638264717446       0.21569456129041922       0.44269460348746587        6.8871276659802763E-002
   21.697899624358065       0.23507411797748451       0.44263108400831819        7.4379321698121642E-002
   22.464312967141105       0.25596803072778224       0.44257579893292670        8.0368199737374371E-002
   23.257792778673313       0.27845266470037155       0.44252768135874848        8.6881982410492317E-002
   24.079299719823517       0.30260124706771602       0.44248580178030805        9.3968808541938370E-002
   24.929823759061236       0.32848161160478007       0.44244935149950521       0.10168105267934546     
   25.810395145829254       0.35615451671353698       0.44241762648303379       0.11007572891063715     
   26.722064579292049       0.38567084029525622       0.44239001449512266       0.11921461187946154     
   27.665935811728254       0.41707030780468662       0.44236598214450290       0.12916485962505206     
   28.643146268414043       0.45037853579679588       0.44234506536450985       0.13999913634741110     
   29.654879655490589       0.48560511573058540       0.44232686014975725       0.15179603308153700     
   30.702343174827575       0.52260498326057692       0.43221179836327339       0.16457548742407110     
   31.786804983723918       0.56141606326082183       0.41869842960683029       0.17845948208820456     
   32.909571928103169       0.60205362847794353       0.40693694336205372       0.19357702801406476     
   34.072004028335677       0.64444204817152839       0.39670016777003098       0.21003171026808132     
   35.275488300232773       0.68848074073248977       0.38779055146927371       0.22793329298997550     
   36.521481794408061       0.73404542313806664       0.38003598401416439       0.24739807785475657     
   37.811486012809581       0.78098746692009158       0.37328672407008384       0.26854809861654128     
   39.147055493126302       0.82913514475933836       0.36741244287303643       0.29151054991971281     
   40.529808025860810       0.87829558727274804       0.36229967930497109       0.31641698955606140     
   41.961393513511240       0.92825592448567951       0.35784976622262671       0.34340145160018681     
   43.443545167355794       0.97878796630044418       0.35397674296308684       0.37259966981046339     
   44.978049075047366        1.0296505253581549       0.35060582112902899       0.40414642322686151     
   46.566763998623138        1.0805939653562044       0.34767189172288560       0.43817337144594598     
   48.211585595230147        1.1313633219612265       0.34511833518281398       0.47480526914312310     
   49.914505239722644        1.1817047047087124       0.34289582348624081       0.51415778122828504     
   51.677575059319224        1.2313688043965410       0.34096143974971710       0.55633291414860964     
   53.502930680545909        1.2801161962444336       0.33927782155661307       0.60141541250051200     
   55.392750120602578        1.3277207679991658       0.33781247810322990       0.64946742921562561     
   57.349321371645829        1.3739757692632371       0.33653710279293686       0.70052588691657380     
   59.375002227322796        1.4186965706893648       0.33542706802371802       0.75459739344254118     
   61.472246417894510        1.4617246260265637       0.33446093359177986       0.81165526211746342     
   63.643556378429672        1.5029292805008529       0.33362005483985863       0.87163525259959107     
   65.891560899834928        1.5422114394319175       0.33288818819339222       0.93443565343062662     
   68.218968971510208        1.5795039271642939       0.33225120124731150       0.99991514262017334     
   70.628585269218178        1.6127782292655470       0.33140368308390911        1.0666718929215364     
   73.123328588587739        1.6383718575638191       0.32987737910039877        1.1320614104383393     
   75.706175661273647        1.6621189598793791       0.32854895466350847        1.1992453189919399     
   78.380253523498894        1.6840829734290441       0.32739274809331215        1.2679014742448742     
   81.148784610322849        1.7043582004248656       0.32638643294594971        1.3376880020146689     
   84.015122474940881        1.7230664027779179       0.32551057235112374        1.4082520415566737     
   86.982687236203873        1.7403520481222032       0.32474826377429589        1.4792359684470615     
   90.055071705548812        1.7563781245424925       0.32408478141084973        1.5502871967566310     
   93.235978303002270        1.7713204464714829       0.32350731336184185        1.6210626814711073     
   96.529260096906100        1.7853623681267861       0.32300470589317359        1.6912344436905096     
   99.938826062156153        1.7986888147708413       0.32256726200287816        1.7604905283187424     
   103.46886588546354        1.8114816867608168       0.32218652411907150        1.8285409037134681     
   107.12359379692580        1.8239135891277323       0.32185514563185402        1.8951119961992058     
   110.90736836557576        1.8361434951808602       0.32156673070838987        1.9599479942065046     
   114.82483910697920        1.8483128797244035       0.32131570311364044        2.0228111599912486     
   118.88068277378797        1.8605412421571337       0.32109721909054811        2.0834751147555970     
   123.07973629915718        1.8729237057990289       0.32090706174712141        2.1417254720168963     
   127.42715949490271        1.8855294783504366       0.32074155456749603        2.1973607231077068     
   131.92808807993632        1.8983997270683881       0.32059750556496353        2.2501874293217790     
   136.58805281121437        1.9115485872731433       0.32047212968566746        2.3000266131847038     
   141.41261684513370        1.9249627844802373       0.32036300771230536        2.3467115720430081     
   146.40753387824964        1.9386035748154715       0.32026803351570032        2.3900931926491928     
   151.57894168226974        1.9122849389542473       0.31715523014531616        2.3850378002066894     
   156.93294936957258        1.8029001760262744       0.30789962590295461        2.2790738072572632     
   162.47613596373097        1.7069210905785013       0.29984382891785616        2.1797889221674192     
   168.21511902855468        1.6224926315105261       0.29283239682297729        2.0869264593345260     
   174.15674278185460        1.5480284028200775       0.28673000415410427        2.0002686642789995     
   180.30830831190286        1.4821686833819439       0.28141866680901723        1.9196069830947746     
   186.67715947709803        1.4237507300500252       0.27679589873318738        1.8447264742670857     
   193.27089166569760        1.3717754522613361       0.27277247732168375        1.7753876528095820     
   200.09760727912413        1.3253800282677970       0.26927061345327963        1.7113169178850525     
   207.16537088595135        1.2838200652950633       0.26622276985888027        1.6522113265461433     
   214.48286737908427        1.2464466886379919       0.26357001930949520        1.5977367775133007     
   222.05883252794877        1.2126947722846191       0.26126117508513413        1.5475407104227379     
   229.90230130529540        1.1820685832143243       0.25925167490348139        1.5012591121384491     
   238.02291179328489        1.1541304984989169       0.25750266694235568        1.4585247508150709     
   246.43025707061713        1.1284950157018498       0.25598041967313168        1.4189798823526341     
   255.13466811288930        1.1048192353760928       0.25465550185676106        1.3822798312666082     
   264.14653641505117        1.0827995340951722       0.25350234825594942        1.3481024031113242     
   273.47660938458705        1.0621661042306727       0.25249870221267895        1.3161506770545268     
   283.13635184814427        1.0426787006894562       0.25162515916159583        1.2861547255157535     
   293.13729579387660        1.0241251661209705       0.25086486346447989        1.2578751716470162     
   303.49136818478553        1.0063182250024176       0.25020314089119078        1.2311020420948489     
   314.21129214162710       0.98909287203214580       0.24962719764953042        1.2056530221224895     
   325.30973137660959       0.97230609832542414       0.24912592604509470        1.1813740222739193     
   336.80032369109853       0.95583372701336478       0.24868963445634529        1.1581346186530577     
   348.69678677735646       0.93957044992806338       0.24830990432489555        1.1358276368687872     
   361.01330816366544       0.92342795086186258       0.24797940659790541        1.1143655983429097     
   373.76502243504467       0.90559226959757921       0.24606016962103566        1.0908665731135800     
   386.96715283564077       0.88201633291325654       0.23879338332569830        1.0589157294848197     
   400.63544401132759       0.85938054405588260       0.23246874339267456        1.0293532093961151     
   414.78669160661980       0.83752432382931363       0.22696396877503511        1.0019076261500328     
   429.43761284149554       0.81631563823131525       0.22217289388250056       0.97634920081680987     
   444.60621081975989       0.79564576586382052       0.21800288772579465       0.95248075450533154     
   460.31059410826708       0.77542819357141834       0.21437348705233722       0.93013442757299047     
   476.56949149896485       0.75559518948212501       0.21121464193162434       0.90916605344806001     
   493.40288198244309       0.73609468942068346       0.20846527902311113       0.88945058432063806     
   510.83065126063684       0.71688969964254068       0.20607237386052049       0.87088051692934809     
   528.87421463804299       0.69795439515654556       0.20398966184197989       0.85336128285790569     
   547.55511287104378       0.67927384834235716       0.20217695554883514       0.83681055861399234     
   566.89562449487210       0.66084162218543185       0.20059926850224860       0.82115568220891133     
   586.91951519858117       0.64265757669142387       0.19922609758649723       0.80633160979193219     
   607.65068989177485       0.62472778108754401       0.19803094648620714       0.79228076758840560     
   629.11387223602765       0.60706259050689704       0.19699074796272203       0.77895142110523841     
   651.33543626567803       0.58967491704600505       0.19608539074238646       0.76629639669394489     
   674.34163286578985       0.57258070778578263       0.19529741402246284       0.75427347417909307     
   698.16073213207346       0.55579644239492143       0.19461158300392864       0.74284361091081108     
   722.82116976782140       0.52934314798713133       0.18404567120172338       0.71323640906373076     
   748.35235540965130       0.50159369045021496       0.17191486445938423       0.68108466785471167     
   774.78566186873422       0.47571986244121617       0.16135657849308527       0.65228217284156831     
   802.15264573967897       0.45154088834373313       0.15216708362026768       0.62643858045727052     
   830.48594444209971       0.42890036699787099       0.14416901626631112       0.60321015690573743     
   859.82037403360118       0.40766193658275435       0.13720774121721957       0.58229352325758976     
   890.19058800385733       0.38770800600653782       0.13114900268124860       0.56342261427699447     
   921.63390537915473       0.36893507249935747       0.12587566056834867       0.54636236352325784     
   954.18786380243341       0.35125314417587811       0.12128596196918361       0.53090652492098500     
   987.89128659474920       0.33458303428823610       0.11729132254247678       0.51687355231281074     
   1022.7855886411724       0.31885417943222949       0.11381450963998280       0.50410321593586582     
   1058.9119914466876       0.30400459929286883       0.11078846912784157       0.49245510890923427     
   1096.3148872627712       0.28997821972329646       0.10815469531943775       0.48180511693274491     
   1135.0389283928459       0.27672513626048012       0.10586236766457502       0.47204438557030709     
   1175.1302964981960       0.26420020693830248       0.10386724266209450       0.46307707019778144     
   1216.6382559936744       0.25236194580884891       0.10213074642057236       0.45481849492764087     
   1259.6123598874483       0.24117282662306566       0.10061937200250196       0.44719441246706071     
   1304.1038583964914       0.23059831322419880        9.9303948841591355E-002  0.44013944382121800     
   1350.1674228314519       0.22060611140072578        9.8159044451093247E-002  0.43359580260713537     
   1397.8574692241625       0.19341604248722419        8.8238209181821278E-002  0.39335072703917917     
   1447.2325992722181       0.16829386972659954        7.8406520596246879E-002  0.35509142792874770     
   1498.3517579647787       0.14683623851208633        6.9849425994276987E-002  0.32199858667035847     
   1551.2759091786245       0.12294974093137866        6.0841717283020909E-002  0.27816561955633357     
   1606.0700862978565       0.10285524326833159        5.2954111189099831E-002  0.23996957317124648     
   1662.7990190437411        8.6092824942141710E-002   4.6089141386758785E-002  0.20707907259066441     
   1721.5324161293761        7.2106509113373768E-002   4.0114080052202523E-002  0.17874748642567373     
   1782.3403946248577        6.0433379674723182E-002   3.4913634101606555E-002  0.15433566635090093     
   1845.2954731357936        5.0687623886720948E-002   3.0387431349536777E-002  0.13329518291428627     
   1910.4750110852074        4.2547540324355711E-002   2.6447961863883363E-002  0.11515466922447293     
   1977.9568210713478        3.5745534921400098E-002   2.3019210762086732E-002   9.9510117617693405E-002
   2047.8213808026539        3.0058758872296271E-002   2.0035000788452471E-002   8.6014442690383372E-002
   2120.1545400970977        2.5301504365076163E-002   1.7437635011027085E-002   7.4368974839345944E-002
   2195.0417479108573        2.1319408111172129E-002   1.5177020394204148E-002   6.4317552410964388E-002
   2272.5750259096239        1.7983783900828932E-002   1.3209450051111736E-002   5.5639439648873114E-002
   2352.8469348264384        1.5187635197096989E-002   1.1496958304111501E-002   4.8145108903497942E-002
   2435.9532056335870        1.2841866021514737E-002   1.0006492884067858E-002   4.1671452701656418E-002
   2521.9959596104222        1.0872213001699696E-002   8.7092370245068582E-003   3.6077877213054638E-002
   2611.0779162676686        9.2169023770197860E-003   7.5801592453845178E-003   3.1243556023913217E-002
   2703.3053132971791        7.8244622169406138E-003   6.5974675686103889E-003   2.7064411987335477E-002
   2798.7914800504532        6.6519535432300603E-003   5.7421625620710558E-003   2.3450653341591174E-002
   2897.6492167059700        5.6636356327440119E-003   4.9977487346350331E-003   2.0325082585344920E-002
   3000.0000000000000        4.8296525073165762E-003   4.3498335354006023E-003   1.7621014283350212E-002
