         200   4370.0000000000000     
   3.0000000000000000        1.6421818449597837E-003   1.9436365590437199        7.9552921084060800E-004
   3.1059655287322618        1.7591887070505449E-003   1.9436365590437199        8.4817714565194220E-004
   3.2156739552243598        1.8843643960516970E-003   1.9436365590437199        9.0449509347485877E-004
   3.3292574962321346        2.0182339780676082E-003   1.9436365590437199        9.6474155995542618E-004
   3.4468529954360925        2.1613536727296905E-003   1.9436365590437199        1.0291929067655825E-003
   3.5686022069563790        2.3143140333320377E-003   1.9436365590437199        1.0981445699605118E-003
   3.6946518254059528        2.4777434384161824E-003   1.9436365590437199        1.1719122069779704E-003
   3.8251536998800524        2.6523124967263180E-003   1.9436365590437199        1.2508330132786349E-003
   3.9602651907155879        2.8387394348729977E-003   1.9436365590437199        1.3352672140509185E-003
   4.1001490688558144        3.0377957141348366E-003   1.9436365590437199        1.4255993672900756E-003
   4.2449739038313119        3.2503132083684799E-003   1.9436365590437199        1.5222400625614350E-003
   4.3949142193596993        3.4771920413776275E-003   1.9436365590437199        1.6256275951886336E-003
   4.5501507036585132        3.7194095144057891E-003   1.9436365590437199        1.7362298026119655E-003
   4.7108703059600501        3.9780299089819029E-003   1.9436365590437199        1.8545459612581633E-003
   4.8772669425686850        4.2542163831661073E-003   1.9436365590437199        1.9811093012519609E-003
   5.0495410155906377        4.5492420995717868E-003   1.9436365590437199        2.1164888312112935E-003
   5.2279001269311909        4.8645044632944015E-003   1.9436365590437199        2.2612922493496852E-003
   5.4125592113782046        5.2015396837861065E-003   1.9436365590437199        2.4161686668089902E-003
   5.6037407956130689        5.5620388557241279E-003   1.9436365590437199        2.5818116852262597E-003
   5.8016752663703963        5.9478654636057416E-003   1.9436365590437199        2.7589627733877391E-003
   6.0066011480696169        6.3610744267397447E-003   1.9436365590437199        2.9484149744323312E-003
   6.2187653902530293        6.8039328347412912E-003   1.9436365590437199        3.1510169768314686E-003
   6.4384236651766908        7.2789425647080451E-003   1.9436365590437199        3.3676775841208866E-003
   6.6658406759127811        7.7888650207141742E-003   1.9436365590437199        3.5993706201498583E-003
   6.9012904753346884        8.3367482950350968E-003   1.9436365590437199        3.8471403085190464E-003
   7.1450567963692624        8.9259571197222564E-003   1.9436365590437199        4.1121071669886064E-003
   7.3974330131920443        9.5602050822648343E-003   1.9436365590437199        4.3954740256459601E-003
   7.6587243988323896        1.0243596478689759E-002   1.9436365590437199        4.6985352557099309E-003
   7.9292442763577622        1.0980656828689149E-002   1.9436365590437199        5.0226796388521330E-003
   8.2093202460023029        1.1776394919301396E-002   1.9436365590437199        5.3694056133560862E-003
   8.4992881560440416        1.2636337966217333E-002   1.9436365590437199        5.7403227462482255E-003
   8.7994991583321234        1.3566610424323215E-002   1.9436365590437199        6.1371699922112668E-003
   9.1103132457223861        1.4573981667784092E-002   1.9436365590437199        6.5618177810211759E-003
   9.4321068148357909        1.5665965902731293E-002   1.9436365590437199        7.0162893457566067E-003
   9.7652657388916850        1.6850886845927646E-002   1.9436365590437199        7.5027635732881912E-003
   10.110193474162946        1.8138004699085157E-002   1.9436365590437199        8.0235999291756351E-003
   10.467303634806061        1.9537602382324843E-002   1.9436365590437199        8.5813422672920744E-003
   10.837027566606025        2.1061140499795281E-002   1.9436365590437199        9.1787461602354653E-003
   11.219811965471335        2.2721391717355523E-002   1.9436365590437199        9.8187930930645709E-003
   11.616115840724994        2.4532583767279532E-002   1.9436365590437199        1.0504704209871839E-002
   12.026419117330413        2.6510609167583951E-002   1.9436365590437199        1.1239975753159806E-002
   12.451213803399156        2.8673169470376028E-002   1.9436365590437199        1.2028386572642635E-002
   12.891014326336300        3.1040021025569308E-002   1.9436365590437199        1.2874041667326188E-002
   13.346348065368609        3.3633130277102768E-002   1.9436365590437199        1.3781381906436923E-002
   13.817766430769083        3.6476941955002444E-002   1.9436365590437199        1.4755235299503693E-002
   14.305834715756038        3.9598530188773497E-002   1.9436365590437199        1.5800829467725250E-002
   14.811143972217785        4.3027877032198146E-002   1.9436365590437199        1.6923852061575029E-002
   15.334300133051286        4.6798003380124666E-002   1.9436365590437199        1.8130466579842758E-002
   15.875936741648431        5.0945248577445021E-002   1.9436365590437199        1.9427383550267015E-002
   16.436703292225193        5.5509369180804138E-002   1.9436365590437199        2.0821880323852095E-002
   17.017278874447534        6.0533816477850444E-002   1.9436365590437199        2.2321884827053266E-002
   17.618359675531394        6.6065794869057587E-002   1.9436365590437199        2.3935999956367873E-002
   18.240671728221173        7.2156516212946845E-002   1.9436365590437199        2.5673596558480682E-002
   18.884968846184627        7.8861317888948221E-002   1.9436365590437199        2.7544875498114699E-002
   19.552019805756849        8.6239620313559834E-002   1.9436365590437199        2.9560900510193059E-002
   20.242632201214423        9.4355227094561442E-002   1.9435423560212348        3.1733725177592896E-002
   20.957638264717446       0.10327616589648175        1.9432952218489967        3.4076453317676954E-002
   21.697899624358065       0.11307462611024847        1.9430801263225015        3.6603399161661318E-002
   22.464312967141105       0.12382679241077008        1.9428929148944767        3.9330114803913296E-002
   23.257792778673313       0.13561217580706750        1.9427299747209990        4.2273466213772821E-002
   24.079299719823517       0.14851336768290876        1.9425881582247848        4.5451844903016861E-002
   24.929823759061236       0.16261490105439813        1.9424647269176434        4.8885226770878289E-002
   25.810395145829254       0.17800221933417379        1.9423572967369713        5.2595340016417157E-002
   26.722064579292049       0.19475979608709929        1.9422637944734609        5.6605711770655383E-002
   27.665935811728254       0.21296984896675228        1.9421824139083361        6.0941942105310710E-002
   28.643146268414043       0.23270984277177553        1.9421115835761997        6.5631764660758207E-002
   29.654879655490589       0.25405030472818257        1.9420499353967009        7.0705248719675373E-002
   30.702343174827575       0.27697471255622036        1.9321858798712008        7.6161007237270387E-002
   31.786804983723918       0.30156970487581092        1.9190256625825826        8.2050741400892427E-002
   32.909571928103169       0.32790657333865658        1.9075715450040520        8.8428884795296897E-002
   34.072004028335677       0.35600077488135590        1.8976022920698696        9.5335901849578700E-002
   35.275488300232773       0.38584756170901890        1.8889255151247890       0.10281510011549524     
   36.521481794408061       0.41742126495700027        1.8813736015695661       0.11091295509078862     
   37.811486012809581       0.45067353191416654        1.8748007233330324       0.11967899464177190     
   39.147055493126302       0.48553311470078397        1.8690799575964567       0.12916583974480952     
   40.529808025860810       0.52190654977241213        1.8641008083766171       0.13942921648273399     
   41.961393513511240       0.55967864194254613        1.8597671870469055       0.15052759502291055     
   43.443545167355794       0.59871603753910418        1.8559953793964210       0.16252237136370881     
   44.978049075047366       0.63886955264219569        1.8527125515095528       0.17547736947640993     
   46.566763998623138       0.67997865959195447        1.8498552959139907       0.18945864627155690     
   48.211585595230147       0.72187528168803550        1.8473684727145425       0.20453373404435396     
   49.914505239722644       0.76439064519813560        1.8452040430019747       0.22077164230277568     
   51.677575059319224       0.80736014353264707        1.8433202114607001       0.23824197350973100     
   53.502930680545909       0.85062993050534508        1.8416805920843897       0.25701451318374502     
   55.392750120602578       0.89406204549331125        1.8402535431673821       0.27715815163057850     
   57.349321371645829       0.93754195887538572        1.8390114978631718       0.29874093889861880     
   59.375002227322796       0.98098319623930141        1.8379304721748948       0.32182908774768992     
   61.472246417894510        1.0243329501116822        1.8369895862060828       0.34648676919815180     
   63.643556378429672        1.0675754199675729        1.8361706825494097       0.37277519919369811     
   65.891560899834928        1.1107368315996919        1.8354579421315762       0.40075338543419231     
   68.218968971510208        1.1538868589036553        1.8348376018765677       0.43047765119648801     
   70.628585269218178        1.1954263168659980        1.8337905877365606       0.46118679732140855     
   73.123328588587739        1.2322933474969668        1.8315148946180200       0.49137491450471665     
   75.706175661273647        1.2696073658610674        1.8295342365170164       0.52341856419313215     
   78.380253523498894        1.3075749479180647        1.8278103523079425       0.55735509156381280     
   81.148784610322849        1.3464385079273660        1.8263099536451133       0.59322402624771797     
   84.015122474940881        1.3864725226286683        1.8250040604875362       0.63106909875327433     
   86.982687236203873        1.4279775164004358        1.8238674714454863       0.67093899876976215     
   90.055071705548812        1.4712756569488021        1.8228782305962934       0.71289035683302304     
   93.235978303002270        1.5167032705915469        1.8220172356179030       0.75698837444490008     
   96.529260096906100        1.5646041529762817        1.8212678564836455       0.80330863864239366     
   99.938826062156153        1.6153202720880560        1.8206156351295448       0.85193675518109335     
   103.46886588546354        1.6691866219570182        1.8200479614606646       0.90297217725509882     
   107.12359379692580        1.7265184821270463        1.8195538818073689       0.95652480658768912     
   110.90736836557576        1.7876037999677099        1.8191238600923580        1.0127164712765262     
   114.82483910697920        1.8526961005607507        1.8187495822446311        1.0716824698256937     
   118.88068277378797        1.9220006819264099        1.8184238263052899        1.1335664770452791     
   123.07973629915718        1.9956673311802546        1.8181403049605538        1.1985207500949668     
   127.42715949490271        2.0737844469640554        1.8178935365881861        1.2667063882369261     
   131.92808807993632        2.1563648931073551        1.8176787619906396        1.3382850421132519     
   136.58805281121437        2.2433466662333741        1.8174918287002675        1.4134219853068981     
   141.41261684513370        2.3345809056458382        1.8173291297054739        1.4922762611060023     
   146.40753387824964        2.4298311296235009        1.8171875248037130        1.5749984481317663     
   151.57894168226974        2.4814039074419445        1.8049945354884209        1.6282953197163477     
   156.93294936957258        2.4330256300799316        1.7683066608702436        1.6096367491515409     
   162.47613596373097        2.3961215810073870        1.7363746484375948        1.5967976326981972     
   168.21511902855468        2.3689070556306357        1.7085823471620691        1.5893795381632336     
   174.15674278185460        2.3498899194267575        1.6843933465043055        1.5870582244537246     
   180.30830831190286        2.3378162826830327        1.6633399745721356        1.5895781174816150     
   186.67715947709803        2.3316232372694765        1.6450159914896827        1.5967462867674136     
   193.27089166569760        2.3303955119649906        1.6290677317741529        1.6084253495516923     
   200.09760727912413        2.3333299927713118        1.6151868506161304        1.6245267467307372     
   207.16537088595135        2.3397066149576493        1.6031056400631361        1.6450016903187752     
   214.48286737908427        2.3488659792744699        1.5925905211145897        1.6698343424376765     
   222.05883252794877        2.3601923457474112        1.5834385970264162        1.6990317575845171     
   229.90230130529540        2.3731025964252179        1.5754732293660016        1.7326160546018148     
   238.02291179328489        2.3870403636129853        1.5685404151375926        1.7706180084376042     
   246.43025707061713        2.4014723695619229        1.5625064474474570        1.8130670816892569     
   255.13466811288930        2.4158902044125821        1.5572546651268642        1.8599890209389207     
   264.14653641505117        2.4298118437980176        1.5526837312781081        1.9113976684072516     
   273.47660938458705        2.4427863193857853        1.5487054237324998        1.9672927509683342     
   283.13635184814427        2.4543990145840784        1.5452428256035753        2.0276599539951938     
   293.13729579387660        2.4642757181412600        1.5422291235828158        2.0924660538402189     
   303.49136818478553        2.4720877922541771        1.5396061511474011        2.1616609161935223     
   314.21129214162710        2.4775562241845788        1.5373231955581244        2.2351813928195088     
   325.30973137660959        2.4804538978846611        1.5353362275232290        2.3129473765366124     
   336.80032369109853        2.4806077762256638        1.5336068308586963        2.3948711882594451     
   348.69678677735646        2.4778990205804399        1.5321016356184343        2.4808539014977429     
   361.01330816366544        2.4722624518783376        1.5307915904985361        2.5707905546833976     
   373.76502243504467        2.4455673446418347        1.5065593021339814        2.6457435908771889     
   386.96715283564077        2.3529008351333114        1.4062622245024765        2.6538150028139866     
   400.63544401132759        2.2630317533211688        1.3189687667657892        2.6636141682135022     
   414.78669160661980        2.1758493972282089        1.2429911908841929        2.6756716698945122     
   429.43761284149554        2.0912777727201823        1.1768641863315430        2.6905625254885992     
   444.60621081975989        2.0092630725527125        1.1193092488083192        2.7088708481588397     
   460.31059410826708        1.9297765520342369        1.0692158146123543        2.7311575863455135     
   476.56949149896485        1.8528072552428236        1.0256170459928233        2.7579369526739179     
   493.40288198244309        1.7783554460769855       0.98767000119679316        2.7896613883315617     
   510.83065126063684        1.7064351823333650       0.95464283002332628        2.8267101033209165     
   528.87421463804299        1.6370637835166526       0.92589698275083476        2.8693888925379780     
   547.55511287104378        1.5702647230071995       0.90087778768749549        2.9179283603045607     
   566.89562449487210        1.5060621208440477       0.87910235715210316        2.9724889392751148     
   586.91951519858117        1.4444761499806387       0.86014968339220399        3.0331687311334945     
   607.65068989177485        1.3855255346764050       0.84365406100627061        3.1000057839103299     
   629.11387223602765        1.3292234315649345       0.82929711313110488        3.1729857290654975     
   651.33543626567803        1.2755742442631250       0.81680126149576571        3.2520501519620013     
   674.34163286578985        1.2245772544759641       0.80592550995471723        3.3370949872838316     
   698.16073213207346        1.1762209026021035       0.79645958593929100        3.4279817550764307     
   722.82116976782140        1.1260748524240809       0.78374563810432807        3.5140265779464483     
   748.35235540965130        1.0777849117763081       0.77136261073045076        3.6035754228231860     
   774.78566186873422        1.0327089878281273       0.76058479958244318        3.6997511888209069     
   802.15264573967897       0.99072021128055920       0.75120423908228950        3.8021443437788287     
   830.48594444209971       0.95169442974450491       0.74303987795727988        3.9103299350789427     
   859.82037403360118       0.91550840104712405       0.73593386585759812        4.0238691782475344     
   890.19058800385733       0.88204260615842345       0.72974915557940534        4.1422977529276883     
   921.63390537915473       0.85117765076612351       0.72436617148586269        4.2651340302226401     
   954.18786380243341       0.82279710394100192       0.71968104504716179        4.3918669234729935     
   987.89128659474920       0.79678624748613691       0.71560335009905607        4.5219575120758684     
   1022.7855886411724       0.77303141308529322       0.71205424819182994        4.6548416123907836     
   1058.9119914466876       0.75142223244958073       0.70896529101922001        4.7899168096326710     
   1096.3148872627712       0.73184953695774069       0.70627675645933352        4.9265532204129228     
   1135.0389283928459       0.71420736091596171       0.70393676731409571        5.0640809364471231     
   1175.1302964981960       0.69839218744673237       0.70190016018278412        5.2017939571531091     
   1216.6382559936744       0.68430257274068840       0.70012755915548686        5.3389551081501780     
   1259.6123598874483       0.67184031728541671       0.69858476062702468        5.4747872518332530     
   1304.1038583964914       0.66090982841180090       0.69724198752414857        5.6084806217979200     
   1350.1674228314519       0.65141779924302501       0.69607327857435342        5.7392015069495166     
   1397.8574692241625       0.58104603705413793       0.61987023892546766        5.3631161852982565     
   1447.2325992722181       0.51170058567769305       0.54196505803645734        4.9753409436346159     
   1498.3517579647787       0.45134391989267841       0.47415961474475843        4.6312236917663681     
   1551.2759091786245       0.38936622948734800       0.41276223510033017        4.1151591345500513     
   1606.0700862978565       0.33615597265716551       0.35925115641441735        3.6454608608503363     
   1662.7990190437411       0.29064463110833499       0.31267784444938185        3.2243775517089994     
   1721.5324161293761       0.25164351376093924       0.27214184741562819        2.8473701320309930     
   1782.3403946248577       0.21815921740113023       0.23686099424540635        2.5103178219666238     
   1845.2954731357936       0.18935901707234948       0.20615434019468373        2.2094612614936842     
   1910.4750110852074       0.16454303565905623       0.17942820058814057        1.9413583381482369     
   1977.9568210713478       0.14312381837151500       0.15616687543854188        1.7028737913017977     
   2047.8213808026539       0.12460650998862111       0.13592140516366333        1.4911387809405350     
   2120.1545400970977       0.10857295119953601       0.11830036237362995        1.3035201593149794     
   2195.0417479108573        9.4670354855184768E-002  0.10296390601425767        1.1376156688348786     
   2272.5750259096239        8.2599162534714152E-002   8.9615519926565870E-002  0.99121715959016088     
   2352.8469348264384        7.2105470037201927E-002   7.7997637449735202E-002  0.86230868928291049     
   2435.9532056335870        6.2973149039960138E-002   6.7886025457339128E-002  0.74904552430223870     
   2521.9959596104222        5.5017545046794257E-002   5.9085185310132897E-002  0.64973870224464736     
   2611.0779162676686        4.8081085212588422E-002   5.1425298500154364E-002  0.56285217762494788     
   2703.3053132971791        4.2028705985423430E-002   4.4758523940965800E-002  0.48698835996770629     
   2798.7914800504532        3.6744199681738497E-002   3.8955965729970114E-002  0.42087712711436559     
   2897.6492167059700        3.2127780521600674E-002   3.3905715195082009E-002  0.36337344486426609     
   3000.0000000000000        2.8093143099336609E-002   2.9510130426370788E-002  0.31344300224915844     
