         200   4370.0000000000000     
   3.0000000000000000        1.6219413226791865E-003   10.395729390452752        7.8575008928692593E-004
   3.1059655287322618        1.7374889716886843E-003   10.395729390452752        8.3775042134059464E-004
   3.2156739552243598        1.8610996734733476E-003   10.395729390452752        8.9337542777730974E-004
   3.3292574962321346        1.9932908354109531E-003   10.395729390452752        9.5288037702913580E-004
   3.4468529954360925        2.1346104282006194E-003   10.395729390452752        1.0165381603322143E-003
   3.5686022069563790        2.2856401112622319E-003   10.395729390452752        1.0846404921109624E-003
   3.6946518254059528        2.4469986685288496E-003   10.395729390452752        1.1574990393714113E-003
   3.8251536998800524        2.6193463495575772E-003   10.395729390452752        1.2354467180995142E-003
   3.9602651907155879        2.8033901848001242E-003   10.395729390452752        1.3188391619888629E-003
   4.1001490688558144        2.9998895314024871E-003   10.395729390452752        1.4080560042759038E-003
   4.2449739038313119        3.2096631647192150E-003   10.395729390452752        1.5035025497817866E-003
   4.3949142193596993        3.4335970253599251E-003   10.395729390452752        1.6056114220903968E-003
   4.5501507036585132        3.6726530468072149E-003   10.395729390452752        1.7148443703267533E-003
   4.7108703059600501        3.9278788513542355E-003   10.395729390452752        1.8316941351719290E-003
   4.8772669425686850        4.2004195159878648E-003   10.395729390452752        1.9566869245843700E-003
   5.0495410155906377        4.4915285836803591E-003   10.395729390452752        2.0903842077407272E-003
   5.2279001269311909        4.8025821467566820E-003   10.395729390452752        2.2333855814765150E-003
   5.4125592113782046        5.1350932523043123E-003   10.395729390452752        2.3863314510120218E-003
   5.6037407956130689        5.4907278084211399E-003   10.395729390452752        2.5499060603293754E-003
   5.8016752663703963        5.8713218967140881E-003   10.395729390452752        2.7248408178109280E-003
   6.0066011480696169        6.2789006056776335E-003   10.395729390452752        2.9119179482778534E-003
   6.2187653902530293        6.7156985326436505E-003   10.395729390452752        3.1119745042981011E-003
   6.4384236651766908        7.1841821425894514E-003   10.395729390452752        3.3259067713423776E-003
   6.6658406759127811        7.6870742209454047E-003   10.395729390452752        3.5546751031130903E-003
   6.9012904753346884        8.2273807155573749E-003   10.395729390452752        3.7993092252281797E-003
   7.1450567963692624        8.8084203312133128E-003   10.395729390452752        4.0609140474978109E-003
   7.3974330131920443        9.4338563576473137E-003   10.395729390452752        4.3406755985148414E-003
   7.6587243988323896        1.0107738001563020E-002   10.395729390452752        4.6398701300242300E-003
   7.9292442763577622        1.0834530538453499E-002   10.395729390452752        4.9598669428054312E-003
   8.2093202460023029        1.1619176553541508E-002   10.395729390452752        5.3021434312804294E-003
   8.4992881560440416        1.2467130672542508E-002   10.395729390452752        5.6682865298398125E-003
   8.7994991583321234        1.3384437329496368E-002   10.395729390452752        6.0600107302721017E-003
   9.1103132457223861        1.4377777831100171E-002   10.395729390452752        6.4791601349311100E-003
   9.4321068148357909        1.5454568914746218E-002   10.395729390452752        6.9277295017065232E-003
   9.7652657388916850        1.6623026546539799E-002   10.395729390452752        7.4078670491495033E-003
   10.110193474162946        1.7892291123269573E-002   10.395729390452752        7.9218990483587819E-003
   10.467303634806061        1.9272512463899438E-002   10.395729390452752        8.4723335727470810E-003
   10.837027566606025        2.0775002527929878E-002   10.395729390452752        9.0618874600648710E-003
   11.219811965471335        2.2412367760808714E-002   10.395729390452752        9.6935003067687604E-003
   11.616115840724994        2.4198649845713304E-002   10.395729390452752        1.0370348019819458E-002
   12.026419117330413        2.6149532116149149E-002   10.395729390452752        1.1095877772197241E-002
   12.451213803399156        2.8282481218002604E-002   10.395729390452752        1.1873815393411619E-002
   12.891014326336300        3.0616988656174900E-002   10.395729390452752        1.2708208312604710E-002
   13.346348065368609        3.3174722810055991E-002   10.395729390452752        1.3603435124813839E-002
   13.817766430769083        3.5979791919987084E-002   10.395729390452752        1.4564256148307987E-002
   14.305834715756038        3.9058891127167317E-002   10.395729390452752        1.5595825694263694E-002
   14.811143972217785        4.2441574629977996E-002   10.395729390452752        1.6703751633932399E-002
   15.334300133051286        4.6160381590791805E-002   10.395729390452752        1.7894110955397832E-002
   15.875936741648431        5.0251107965140394E-002   10.395729390452752        1.9173519926738096E-002
   16.436703292225193        5.4752899109130747E-002   10.395729390452752        2.0549153550097978E-002
   17.017278874447534        5.9708517781105329E-002   10.395729390452752        2.2028828093039816E-002
   17.618359675531394        6.5164394977832260E-002   10.395729390452752        2.3621025042170195E-002
   18.240671728221173        7.1170872928614251E-002   10.395729390452752        2.5334982685777274E-002
   18.884968846184627        7.7782312402871687E-002   10.395729390452752        2.7180757166027362E-002
   19.552019805756849        8.5057040291514396E-002   10.395729390452752        2.9169254670566983E-002
   20.242632201214423        9.3057633375029064E-002   10.395612064609843        3.1312375430644683E-002
   20.957638264717446       0.10185074719968265        10.395304269548662        3.3623055550096488E-002
   21.697899624358065       0.11150703802743346        10.395036377253003        3.6115368963954231E-002
   22.464312967141105       0.12210097919853252        10.394803213411592        3.8804641923304947E-002
   23.257792778673313       0.13371017887459766        10.394600278381564        4.1707493254439128E-002
   24.079299719823517       0.14641511045619146        10.394423651989783        4.4842042118371749E-002
   24.929823759061236       0.16029795874628330        10.394269923566112        4.8227964701739866E-002
   25.810395145829254       0.17544156700144861        10.394136123862358        5.1886658003213501E-002
   26.722064579292049       0.19192754298308667        10.394019670784838        5.5841283376492780E-002
   27.665935811728254       0.20983494457666507        10.393918314765173        6.0117033425196392E-002
   28.643146268414043       0.22923776910663324        10.393830098610296        6.4741187297069666E-002
   29.654879655490589       0.25020274626715866        10.393753318434538        6.9743303888913352E-002
   30.702343174827575       0.27271867726480264        10.387296372274303        7.5125821015225733E-002
   31.786804983723918       0.29686301167898932        10.378696564570257        8.0937661098168898E-002
   32.909571928103169       0.32269750469066788        10.371211641910181        8.7230360495590839E-002
   34.072004028335677       0.35023241501306657        10.364697033807088        9.4043562037978076E-002
   35.275488300232773       0.37945741032814101        10.359027020038893       0.10141961556042034     
   36.521481794408061       0.41034082297532132        10.354092070793923       0.10940386817854050     
   37.811486012809581       0.44282789290208641        10.349796891796727       0.11804451213797444     
   39.147055493126302       0.47684054603698739        10.346058542788073       0.12739257737593707     
   40.529808025860810       0.51227805962970641        10.342804817953507       0.13750188457040743     
   41.961393513511240       0.54901755820560705        10.339972926254422       0.14842861815452763     
   43.443545167355794       0.58691753901768562        10.337508162962177       0.16023141995535375     
   44.978049075047366       0.62582020277603745        10.335362933295105       0.17297079841783652     
   46.566763998623138       0.66555590200245984        10.333495802369807       0.18670882054206892     
   48.211585595230147       0.70594693949143539        10.331870737916848       0.20150823591113576     
   49.914505239722644       0.74681433750094928        10.330456347948280       0.21743233333504963     
   51.677575059319224       0.78798269652642361        10.329225320477651       0.23454391614745845     
   53.502930680545909       0.82928673013691823        10.328153878339965       0.25290473710827810     
   55.392750120602578       0.87057640011294668        10.327221344628590       0.27257427958193520     
   57.349321371645829       0.91172435742087399        10.326409705235291       0.29360965519604987     
   59.375002227322796       0.95263058209604579        10.325703287336664       0.31606448982224922     
   61.472246417894510       0.99322794261450431        10.325088446545992       0.33998861120367885     
   63.643556378429672        1.0334855839010917        10.324553317541570       0.36542708688013764     
   65.891560899834928        1.0734138347289426        10.324087563032979       0.39242092015171925     
   68.218968971510208        1.1130656812982536        10.323682189262385       0.42100661251993771     
   70.628585269218178        1.1508925841264610        10.322684976841868       0.45042671536740003     
   73.123328588587739        1.1839447418401470        10.320083214576366       0.47919503238089073     
   75.706175661273647        1.2171290450349443        10.317818760961742       0.50958745937594541     
   78.380253523498894        1.2506346021344668        10.315847872686552       0.54161534622910867     
   81.148784610322849        1.2846856000928077        10.314132491736304       0.57529146796635888     
   84.015122474940881        1.3195373572819549        10.312639485709958       0.61063222226646230     
   86.982687236203873        1.3554702913965693        10.311340042275802       0.64765857896882950     
   90.055071705548812        1.3927851753771341        10.310209059591035       0.68639899439719076     
   93.235978303002270        1.4317956207184579        10.309224698287085       0.72688997835414881     
   96.529260096906100        1.4728211866184109        10.308367945529797       0.76917757330674152     
   99.938826062156153        1.5161782090851643        10.307622271653994       0.81331660648487603     
   103.46886588546354        1.5621741672561031        10.306973259746901       0.85937347774119188     
   107.12359379692580        1.6110955740215958        10.306408386659379       0.90742204639795254     
   110.90736836557576        1.6632003022140240        10.305916749952175       0.95754357312897753     
   114.82483910697920        1.7187104405087457        10.305488844285493        1.0098261976537419     
   118.88068277378797        1.7777995440807604        10.305116412913335        1.0643579558378280     
   123.07973629915718        1.8405856014459943        10.304792267653943        1.1212238954926448     
   127.42715949490271        1.9071253812923914        10.304510141459396        1.1805024099128083     
   131.92808807993632        1.9774019466954935        10.304264593217885        1.2422532430820625     
   136.58805281121437        2.0513250259008027        10.304050875481915        1.3065144132731379     
   141.41261684513370        2.1287208646071032        10.303864864414841        1.3732868816993036     
   146.40753387824964        2.2093319164864513        10.303702969875092        1.4425247751071515     
   151.57894168226974        2.2473603408255873        10.287910582873581        1.4834141916804322     
   156.93294936957258        2.1891476262698437        10.240351914460989        1.4570972611721311     
   162.47613596373097        2.1417144703818010        10.198958293085068        1.4349638188122622     
   168.21511902855468        2.1032351112153531        10.162930999202759        1.4163003305941533     
   174.15674278185460        2.0721828408445124        10.131574681250660        1.4004245891857585     
   180.30830831190286        2.0472775472124214        10.104283093904442        1.3866810502412330     
   186.67715947709803        2.0274412270374946        10.080529626458159        1.3744405293886446     
   193.27089166569760        2.0117557250772098        10.059855820644575        1.3631013883856227     
   200.09760727912413        1.9994277017833570        10.041861967603516        1.3520944781726263     
   207.16537088595135        1.9897612978478645        10.026201036227882        1.3408926348838819     
   214.48286737908427        1.9821344208541953        10.012570236935263        1.3290209135290940     
   222.05883252794877        1.9759827729148374        10.000706553699940        1.3160705489976101     
   229.90230130529540        1.9707876593571869        9.9903810092717613        1.3017119236167143     
   238.02291179328489        1.9660685248896628        9.9813939688262092        1.2857058419586560     
   246.43025707061713        1.9613796658792080        9.9735721074735348        1.2679133434246446     
   255.13466811288930        1.9563089162566842        9.9667641967793408        1.2482979198125581     
   264.14653641505117        1.9504792853406487        9.9608388732354740        1.2269248374715478     
   273.47660938458705        1.9435514311288342        9.9556817740201780        1.2039523825693415     
   283.13635184814427        1.9352266714555897        9.9511931914033624        1.1796172060562307     
   293.13729579387660        1.9252509036152663        9.9472865149716583        1.1542180113842193     
   303.49136818478553        1.9134175549461359        9.9438863431816600        1.1280944663111645     
   314.21129214162710        1.8995695170465436        9.9409269368655266        1.1016055217367471     
   325.30973137660959        1.8836017280449155        9.9383512206404259        1.0751123774079467     
   336.80032369109853        1.8654603583716232        9.9361093954222017        1.0489596935640935     
   348.69678677735646        1.8451435032136028        9.9341582035891101        1.0234652883472601     
   361.01330816366544        1.8226991130202894        9.9324599857961537       0.99891075677791374     
   373.76502243504467        1.7928546558597191        9.7489734742876912       0.96469754864750656     
   386.96715283564077        1.7421305310845299        8.9649814253572639       0.89256295103183647     
   400.63544401132759        1.6907492942620281        8.2826347567868339       0.82338912967215072     
   414.78669160661980        1.6387200395295753        7.6887409286234005       0.75790367602884501     
   429.43761284149554        1.5860950051108120        7.1718460497981473       0.69662252728215524     
   444.60621081975989        1.5329584339102957        6.7219564372545424       0.63985187919345532     
   460.31059410826708        1.4794247535232719        6.3303911490061111       0.58771791191065614     
   476.56949149896485        1.4256307291529919        5.9895927055414724       0.54019772372304842     
   493.40288198244309        1.3717278298701963        5.6929720850504415       0.49715373903730170     
   510.83065126063684        1.3178813904031095        5.4348086349268412       0.45837140224204287     
   528.87421463804299        1.2642606609394427        5.2101110043118934       0.42358439072998599     
   547.55511287104378        1.2110389458535387        5.0145434916435434       0.39250162545736983     
   566.89562449487210        1.1583878728720265        4.8443315093512505       0.36482367983720437     
   586.91951519858117        1.1064722982807249        4.6961841666308004       0.34025487796677978     
   607.65068989177485        1.0554513618828039        4.5672428544996055       0.31851389755506893     
   629.11387223602765        1.0054744026663647        4.4550189169050149       0.29933793686928478     
   651.33543626567803       0.95667757165250489        4.3573426081025399       0.28248499664440002     
   674.34163286578985       0.90918676437582480        4.2723301338044291       0.26773644718731665     
   698.16073213207346       0.86311225275070225        4.1983378566701131       0.25489526985382566     
   722.82116976782140       0.81732225491847654        4.1327083703040861       0.24220565221452459     
   748.35235540965130       0.77292882650566941        4.0752258109193384       0.23084913817996441     
   774.78566186873422       0.73038994839608573        4.0251947360741021       0.22118106388583872     
   802.15264573967897       0.68973994144984996        3.9816497603802161       0.21304246964909021     
   830.48594444209971       0.65100422947933967        3.9437504358421003       0.20629524190729814     
   859.82037403360118       0.61419869141726380        3.9107640141718645       0.20081996023343263     
   890.19058800385733       0.57933368399946927        3.8820543162030483       0.19651461164150463     
   921.63390537915473       0.54641162265172183        3.8570662665539772       0.19329244858036948     
   954.18786380243341       0.51543120110899177        3.8353177029268086       0.19108095157389676     
   987.89128659474920       0.48638750516839618        3.8163888630776874       0.18982036849715397     
   1022.7855886411724       0.45927273861967222        3.7999137754448511       0.18946263573730057     
   1058.9119914466876       0.43408044986680316        3.7855746999707778       0.18997052139133641     
   1096.3148872627712       0.41080507643361486        3.7730944039308354       0.19131679707645610     
   1135.0389283928459       0.38944649475050014        3.7622320710828454       0.19348356201687583     
   1175.1302964981960       0.37001174826307887        3.7527780509281330       0.19646168103884395     
   1216.6382559936744       0.35251755428724169        3.7445495587556912       0.20025051430747948     
   1259.6123598874483       0.33699518910495324        3.7373878199212749       0.20485739472173542     
   1304.1038583964914       0.32349361994841574        3.7311546079371856       0.21029748361117326     
   1350.1674228314519       0.31208348420056936        3.7257294094310502       0.21659390142159304     
   1397.8574692241625       0.27715203963603807        3.3093413604882937       0.20384883732008546     
   1447.2325992722181       0.24522726844573470        2.8818123631572594       0.19051501414664604     
   1498.3517579647787       0.21853307838952160        2.5097088284079163       0.17896293724233342     
   1551.2759091786245       0.18882642296959926        2.1843945769830335       0.16314297694461025     
   1606.0700862978565       0.16449988530291779        1.9012065812071905       0.14885128312470911     
   1662.7990190437411       0.14480182959452786        1.6547342021053772       0.13607217994261450     
   1721.5324161293761       0.12888585774031711        1.4402121248334347       0.12462140648332366     
   1782.3403946248577       0.11605623882550685        1.2535009924120355       0.11434004998468343     
   1845.2954731357936       0.10573882618729200        1.0909971515037509       0.10509035963566339     
   1910.4750110852074        9.7457982074117377E-002  0.94955874106866678        9.6752392058975845E-002
   1977.9568210713478        9.0818877471341472E-002  0.82645660577309943        8.9222062273257630E-002
   2047.8213808026539        8.5492296738027121E-002  0.71931478969545426        8.2408568655184922E-002
   2120.1545400970977        8.1202828094591548E-002  0.62606180519705912        7.6232327551919901E-002
   2195.0417479108573        7.7720033251460971E-002  0.54489916663007154        7.0623935557976858E-002
   2272.5750259096239        7.4850766732742297E-002  0.47425766965701999        6.5522231329696229E-002
   2352.8469348264384        7.2433794011486252E-002  0.41277423604724228        6.0873629005664204E-002
   2435.9532056335870        7.0335156617423455E-002  0.35926219322341624        5.6630912332799162E-002
   2521.9959596104222        6.8444549040816205E-002  0.31268693547053888        5.2752267412269883E-002
   2611.0779162676686        6.6672562787093159E-002  0.27214975986397200        4.9200863063307912E-002
   2703.3053132971791        6.4948176417006703E-002  0.23686827101962535        4.5944063016060785E-002
   2798.7914800504532        6.3216596192905955E-002  0.20616033407465095        4.2952794520917673E-002
   2897.6492167059700        6.1437507949399825E-002  0.17943371292886279        4.0201351342028561E-002
   3000.0000000000000        5.9583156091737415E-002  0.15617167315163349        3.7666711568533205E-002
