         200   4370.0000000000000     
   3.0000000000000000        1.4877486715606156E-003   10.938664766671135        7.2236548830545931E-004
   3.1059655287322618        1.5932496393616714E-003   10.938664766671135        7.7014429164326873E-004
   3.2156739552243598        1.7060136116144049E-003   10.938664766671135        8.2124831493225455E-004
   3.3292574962321346        1.8264874425872706E-003   10.938664766671135        8.7591069703102950E-004
   3.4468529954360925        1.9551415172372453E-003   10.938664766671135        9.3438045093722252E-004
   3.5686022069563790        2.0924721504706960E-003   10.938664766671135        9.9692350211737875E-004
   3.6946518254059528        2.2390042578782085E-003   10.938664766671135        1.0638236512595873E-003
   3.8251536998800524        2.3952948386666444E-003   10.938664766671135        1.1353836791325551E-003
   3.9602651907155879        2.5619373284929414E-003   10.938664766671135        1.2119265974538573E-003
   4.1001490688558144        2.7395661432872867E-003   10.938664766671135        1.2937967152030811E-003
   4.2449739038313119        2.9288625988690741E-003   10.938664766671135        1.3813610494449618E-003
   4.3949142193596993        3.1305613883712753E-003   10.938664766671135        1.4750106989398369E-003
   4.5501507036585132        3.3454579898395437E-003   10.938664766671135        1.5751623493447837E-003
   4.7108703059600501        3.5744167974634438E-003   10.938664766671135        1.6822598175492288E-003
   4.8772669425686850        3.8183810350641912E-003   10.938664766671135        1.7967761392572818E-003
   5.0495410155906377        4.0783818970276881E-003   10.938664766671135        1.9192150158634255E-003
   5.2279001269311909        4.3555503249967991E-003   10.938664766671135        2.0501132282270793E-003
   5.4125592113782046        4.6511289242435480E-003   10.938664766671135        2.1900428637260001E-003
   5.6037407956130689        4.9664850465680338E-003   10.938664766671135        2.3396138469161942E-003
   5.8016752663703963        5.3031249197388365E-003   10.938664766671135        2.4994767233526205E-003
   6.0066011480696169        5.6627088874669773E-003   10.938664766671135        2.6703257242890500E-003
   6.2187653902530293        6.0470678492797634E-003   10.938664766671135        2.8529021412381562E-003
   6.4384236651766908        6.4582210212461169E-003   10.938664766671135        3.0479980405317421E-003
   6.6658406759127811        6.8983951767758647E-003   10.938664766671135        3.2564603491302187E-003
   6.9012904753346884        7.3700455722569671E-003   10.938664766671135        3.4791953440620723E-003
   7.1450567963692624        7.8758788158098583E-003   10.938664766671135        3.7171735791171664E-003
   7.3974330131920443        8.4188771654760478E-003   10.938664766671135        3.9714348942757414E-003
   7.6587243988323896        9.0023304886559987E-003   10.938664766671135        4.2430962719217291E-003
   7.9292442763577622        9.6298578728565599E-003   10.938664766671135        4.5333539525969982E-003
   8.2093202460023029        1.0305455405277577E-002   10.938664766671135        4.8434966014665806E-003
   8.4992881560440416        1.1033520200315441E-002   10.938664766671135        5.1749060869223582E-003
   8.7994991583321234        1.1818910578594617E-002   10.938664766671135        5.5290732242998354E-003
   9.1103132457223861        1.2666978802575085E-002   10.938664766671135        5.9075990002057134E-003
   9.4321068148357909        1.3583646784128130E-002   10.938664766671135        6.3122129038463079E-003
   9.7652657388916850        1.4575450807858778E-002   10.938664766671135        6.7447746991568733E-003
   10.110193474162946        1.5649637208406814E-002   10.938664766671135        7.2072957691927146E-003
   10.467303634806061        1.6814222422587715E-002   10.938664766671135        7.7019415765707099E-003
   10.837027566606025        1.8078108956274600E-002   10.938664766671135        8.2310549182679233E-003
   11.219811965471335        1.9451182512982931E-002   10.938664766671135        8.7971673789798126E-003
   11.616115840724994        2.0944414975425867E-002   10.938664766671135        9.4030102930025752E-003
   12.026419117330413        2.2570021107045677E-002   10.938664766671135        1.0051544735756096E-002
   12.451213803399156        2.4341560048382106E-002   10.938664766671135        1.0745966681276520E-002
   12.891014326336300        2.6274119404748327E-002   10.938664766671135        1.1489743789692364E-002
   13.346348065368609        2.8384424519069622E-002   10.938664766671135        1.2286622203717431E-002
   13.817766430769083        3.0691039768044420E-002   10.938664766671135        1.3140669707982338E-002
   14.305834715756038        3.3214474543995662E-002   10.938664766671135        1.4056284574043421E-002
   14.811143972217785        3.5977393106463508E-002   10.938664766671135        1.5038246237788462E-002
   15.334300133051286        3.9004705620642441E-002   10.938664766671135        1.6091726637660390E-002
   15.875936741648431        4.2323779987091380E-002   10.938664766671135        1.7222349702123704E-002
   16.436703292225193        4.5964509244577983E-002   10.938664766671135        1.8436205631402348E-002
   17.017278874447534        4.9959523278612021E-002   10.938664766671135        1.9739920624355613E-002
   17.618359675531394        5.4344226710115670E-002   10.938664766671135        2.1140674527449100E-002
   18.240671728221173        5.9156994372885421E-002   10.938664766671135        2.2646277735282449E-002
   18.884968846184627        6.4439259902764182E-002   10.938664766671135        2.4265220691287861E-002
   19.552019805756849        7.0235481167621558E-002   10.938664766671135        2.6006697742123077E-002
   20.242632201214423        7.6593379290319702E-002   10.938483805536222        2.7880728506890398E-002
   20.957638264717446        8.3563821269720492E-002   10.938030361009215        2.9898189157650096E-002
   21.697899624358065        9.1200786840623604E-002   10.937662170974571        3.2070895940200420E-002
   22.464312967141105        9.9561263125333838E-002   10.937363204691595        3.4411698712215305E-002
   23.257792778673313       0.10870476069971823        10.937120450228004        3.6934509548180249E-002
   24.079299719823517       0.11869317340180159        10.936923337308924        3.9654476478459114E-002
   24.929823759061236       0.12958996165354469        10.936763284627324        4.2588025141601052E-002
   25.810395145829254       0.14145943940478994        10.936633323599604        4.5752993041792929E-002
   26.722064579292049       0.15436542650652815        10.936527797922066        4.9168659364733587E-002
   27.665935811728254       0.16837038110321698        10.936442112682627        5.2855967787210217E-002
   28.643146268414043       0.18353361980514116        10.936372537576087        5.6837566274775451E-002
   29.654879655490589       0.19990979926554839        10.936316043350191        6.1137966515145047E-002
   30.702343174827575       0.21744363474779277        10.926518696151268        6.5738942004650108E-002
   31.786804983723918       0.23623402322612108        10.914172547891351        7.0694568276498976E-002
   32.909571928103169       0.25636151267396790        10.904147663953452        7.6057692555134684E-002
   34.072004028335677       0.27784165832334135        10.896007567790654        8.1860487519786751E-002
   35.275488300232773       0.30067632401818317        10.889397977378302        8.8137437091774032E-002
   36.521481794408061       0.32485329360846144        10.884031090850923        9.4925590076175292E-002
   37.811486012809581       0.35034506765822548        10.879673260909815       0.10226444848411674     
   39.147055493126302       0.37710882287095104        10.876134769514632       0.11019599331761404     
   40.529808025860810       0.40508702208389785        10.873261553185527       0.11876469355455373     
   41.961393513511240       0.43420782978640987        10.870928560709570       0.12801721314247350     
   43.443545167355794       0.46438785334752142        10.869034206429385       0.13800258248587757     
   44.978049075047366       0.49553387123186038        10.867496019668970       0.14877181593221647     
   46.566763998623138       0.52754616374806207        10.866247028835360       0.16037779715336267     
   48.211585595230147       0.56032123704315306        10.865232874005525       0.17287471391471632     
   49.914505239722644       0.59375685968562042        10.864409395763547       0.18631814038074412     
   51.677575059319224       0.62775548555916805        10.863740744000486       0.20076440055571834     
   53.502930680545909       0.66222896284107413        10.863197806078743       0.21627033992546424     
   55.392750120602578       0.69710201276239059        10.862756951669891       0.23289255557540853     
   57.349321371645829       0.73231757998135172        10.862398984618972       0.25068756696361971     
   59.375002227322796       0.76783980421876441        10.862108320837606       0.26971111396138447     
   61.472246417894510       0.80365773488552894        10.861872305024715       0.29001809492656050     
   63.643556378429672       0.83978714737498084        10.861680665046199       0.31166189411198425     
   65.891560899834928       0.87627372968546458        10.861525056308791       0.33469503588983585     
   68.218968971510208       0.91319328793989174        10.861398704389183       0.35916877742176329     
   70.628585269218178       0.94810379143745904        10.860298318787773       0.38395030116971973     
   73.123328588587739       0.97676019372822909        10.856810457676444       0.40702217909030558     
   75.706175661273647        1.0068137370406078        10.853978386297896       0.43189700606987252     
   78.380253523498894        1.0383237839758366        10.851678787566680       0.45857376688938362     
   81.148784610322849        1.0713818975256295        10.849811548497559       0.48705809465870986     
   84.015122474940881        1.1061067708449996        10.848295370786582       0.51736264880442651     
   86.982687236203873        1.1426376528449529        10.847064265715899       0.54950652031026825     
   90.055071705548812        1.1811296039261625        10.846064627189897       0.58351646088220710     
   93.235978303002270        1.2217465259528386        10.845252935965011       0.61942627987556675     
   96.529260096906100        1.2646553478266189        10.844593851564062       0.65727723727683995     
   99.938826062156153        1.3100183761311350        10.844058691461303       0.69711668098549573     
   103.46886588546354        1.3579898495387224        10.843624144453525       0.73900009629035357     
   107.12359379692580        1.4087061614723959        10.843271299351903       0.78298714512505696     
   110.90736836557576        1.4622810991934643        10.842984797925714       0.82914151391753055     
   114.82483910697920        1.5188018134183054        10.842752160371427       0.87753053273183956     
   118.88068277378797        1.5783191398186638        10.842563262461606       0.92821892808292206     
   123.07973629915718        1.6408437821197603        10.842409882067997       0.98126639277165317     
   127.42715949490271        1.7063435441616361        10.842285338046960        1.0367244968741940     
   131.92808807993632        1.7747334426713306        10.842184211406749        1.0946258023987354     
   136.58805281121437        1.8458780048820820        10.842102097140966        1.1549812636319130     
   141.41261684513370        1.9195826266792935        10.842035421692874        1.2177660685871690     
   146.40753387824964        1.9955938631991894        10.841981282891252        1.2829105591420964     
   151.57894168226974        2.0736014761374726        10.841937322487368        1.3502901710717798     
   156.93294936957258        2.1532326427313353        10.841901627735346        1.4197062329760544     
   162.47613596373097        2.2340614092834192        10.841872643796510        1.4908779270714567     
   168.21511902855468        2.3156057766834408        10.841849109309658        1.5634223204476780     
   174.15674278185460        2.2729638584505394        10.804634191647178        1.5404381181832323     
   180.30830831190286        2.1945155887248213        10.759781733767907        1.4836136341579902     
   186.67715947709803        2.1343246910223477        10.723362267574366        1.4351008997024306     
   193.27089166569760        2.0890210211384352        10.693790568953812        1.3936343557611937     
   200.09760727912413        2.0557903333875234        10.669778515208137        1.3581359256103462     
   207.16537088595135        2.0322587985113199        10.650281326181405        1.3276661965896355     
   214.48286737908427        2.0163997268702216        10.634449717831583        1.3013784256710583     
   222.05883252794877        2.0064685212137299        10.621594709380600        1.2784896173358713     
   229.90230130529540        2.0009517867585198        10.611156762990664        1.2582602351898386     
   238.02291179328489        1.9985311208290151        10.602681208950814        1.2399879854925728     
   246.43025707061713        1.9980571757649495        10.595799270363969        1.2230161769001477     
   255.13466811288930        1.9985304009506997        10.590211174754655        1.2067481717056818     
   264.14653641505117        1.9990873998424901        10.585673732020132        1.1906699570033814     
   273.47660938458705        1.9989907245301712        10.581989441637068        1.1743702093016188     
   283.13635184814427        1.9976209976069468        10.578997818469661        1.1575550505773884     
   293.13729579387660        1.9944703808778723        10.576568669121732        1.1400557283507740     
   303.49136818478553        1.9891368025791898        10.574596260409377        1.1218244390839904     
   314.21129214162710        1.9813179938692895        10.572994675575925        1.1029206128930056     
   325.30973137660959        1.9708061914437323        10.571694228618275        1.0834923892468276     
   336.80032369109853        1.9574812555179446        10.570638272968207        1.0637509632676687     
   348.69678677735646        1.9413049402513947        10.569780854157360        1.0439477416870691     
   361.01330816366544        1.9223137464279441        10.569084651458168        1.0243512939294126     
   373.76502243504467        1.8921006662334627        10.279910663524891       0.98801619380815597     
   386.96715283564077        1.8307771373463326        9.0883960827378623       0.89189879329694477     
   400.63544401132759        1.7709704541426363        8.1209159473120618       0.80207171683534295     
   414.78669160661980        1.7121968853105947        7.3353274930338532       0.71951796024520664     
   429.43761284149554        1.6541166726728456        6.6974492526920475       0.64477918596231687     
   444.60621081975989        1.5965043124478746        6.1794956922013604       0.57798564205302116     
   460.31059410826708        1.5392321005787164        5.7589258265120495       0.51894383987683657     
   476.56949149896485        1.4822493310632612        5.4174335802783773       0.46722856585766914     
   493.40288198244309        1.4255639436204990        5.1401437879162710       0.42227025046758948     
   510.83065126063684        1.3692330754216426        4.9149913892863779       0.38343144363057508     
   528.87421463804299        1.3133455060252535        4.7321689019400770       0.35005578696465128     
   547.55511287104378        1.2580159818656875        4.5837200161453975       0.32150725500001087     
   566.89562449487210        1.2033744676417149        4.4631832216753144       0.29719041204239682     
   586.91951519858117        1.1495570082136650        4.3653080192974025       0.27656154085097567     
   607.65068989177485        1.0967037340460775        4.2858349470795263       0.25913519540197472     
   629.11387223602765        1.0449521722577579        4.2213047936832426       0.24448357533326115     
   651.33543626567803       0.99443181771268929        4.1689066703475239       0.23223391009759042     
   674.34163286578985       0.94526567832718034        4.1263607004716034       0.22206581615365145     
   698.16073213207346       0.89756357539716902        4.0918136110929657       0.21370555055818327     
   722.82116976782140       0.84951017345051461        4.0618476757249242       0.20441887603295450     
   748.35235540965130       0.80292311797143956        4.0369720533079558       0.19630850214684004     
   774.78566186873422       0.75845352716469050        4.0167731871522667       0.18995455800840091     
   802.15264573967897       0.71608859704711680        4.0003720364040705       0.18511074468419927     
   830.48594444209971       0.67581746123645248        3.9870547108733083       0.18157783936558539     
   859.82037403360118       0.63762814554299907        3.9762411170890291       0.17919593582636720     
   890.19058800385733       0.60150986164191778        3.9674607485165274       0.17783816985084142     
   921.63390537915473       0.56744900514158558        3.9603311383857189       0.17740502536537203     
   954.18786380243341       0.53543235452661808        3.9545420109352105       0.17781996836533798     
   987.89128659474920       0.50544626460675979        3.9498413837669539       0.17902566886370905     
   1022.7855886411724       0.47747670371428846        3.9460245008191470       0.18098111187223914     
   1058.9119914466876       0.45151306664888646        3.9429252870195080       0.18365909490962204     
   1096.3148872627712       0.42754729077502790        3.9404087427627501       0.18704453312509028     
   1135.0389283928459       0.40557824530243558        3.9383653497622961       0.19113279782491216     
   1175.1302964981960       0.38561330366689128        3.9367061655872200       0.19592866142958229     
   1216.6382559936744       0.36767080188753826        3.9353589173247232       0.20144568363709828     
   1259.6123598874483       0.35178500718249162        3.9342649736509454       0.20770529184911440     
   1304.1038583964914       0.33800934297352375        3.9333767186595980       0.21473653970778370     
   1350.1674228314519       0.32642054130290959        3.9326554605788178       0.22257620122863025     
   1397.8574692241625       0.27566652624140664        3.2929525951348091       0.19925934543192220     
   1447.2325992722181       0.23126321156450144        2.6759592920492721       0.17654205252115859     
   1498.3517579647787       0.19598436979161757        2.1749707664291984       0.15789314954404551     
   1551.2759091786245       0.15727383027797356        1.7661062798973208       0.13436667850601217     
   1606.0700862978565       0.12713810328354919        1.4340495704398839       0.11436653867420087     
   1662.7990190437411       0.10385790698201980        1.1644278004547177        9.7533411628857800E-002
   1721.5324161293761        8.5807303716965683E-002  0.94549643249523529        8.3334968532183029E-002
   1782.3403946248577        7.1746174639797669E-002  0.76772772301736114        7.1333891413070727E-002
   1845.2954731357936        6.0727683841900262E-002  0.62338396265269758        6.1169535787431679E-002
   1910.4750110852074        5.2028518303489167E-002  0.50617763723324061        5.2543511059344149E-002
   1977.9568210713478        4.5096760621936884E-002  0.41100800756045458        4.5208964042837446E-002
   2047.8213808026539        3.9511186746792271E-002  0.33373264082223592        3.8960901931818205E-002
   2120.1545400970977        3.4950570506020656E-002  0.27098547559704189        3.3628545213993541E-002
   2195.0417479108573        3.1170806740768421E-002  0.22003634170598768        2.9069729995991615E-002
   2272.5750259096239        2.7986661845815535E-002  0.17866593018568641        2.5165434859373687E-002
   2352.8469348264384        2.5258469770105003E-002  0.14507382899398469        2.1816134905115029E-002
   2435.9532056335870        2.2881474561606635E-002  0.11779788026936290        1.8938297232811194E-002
   2521.9959596104222        2.0777655311961851E-002   9.5649962588225459E-002   1.6461592046905851E-002
   2611.0779162676686        1.8889591259176559E-002   7.7666213706125684E-002   1.4326863735415687E-002
   2703.3053132971791        1.7175450416845279E-002   6.3063857944414659E-002   1.2484171298718292E-002
   2798.7914800504532        1.5605096177621970E-002   5.1206826805874725E-002   1.0891223409896374E-002
   2897.6492167059700        1.4157215648674034E-002   4.1579213114327891E-002   9.5122685794805546E-003
   3000.0000000000000        1.2816816991814394E-002   3.3761644689524077E-002   8.3169014320949759E-003
