         200   4370.0000000000000     
   3.0000000000000000        7.6188208502842893E-004   3.0193887188645248E-003   1.2626299213790667E-003
   3.1059655287322618        7.8583755728971042E-004   3.0193887188645248E-003   1.2824932833284388E-003
   3.2156739552243598        8.0974605429379133E-004   3.0193887188645248E-003   1.3024483814949987E-003
   3.3292574962321346        8.3356139310817559E-004   3.0193887188645248E-003   1.3224368460330912E-003
   3.4468529954360925        8.5723795734521911E-004   3.0193887188645248E-003   1.3424001969989238E-003
   3.5686022069563790        8.8073091812936218E-004   3.0193887188645248E-003   1.3622802535827349E-003
   3.6946518254059528        9.0399639984893988E-004   3.0193887188645248E-003   1.3820195072021468E-003
   3.8251536998800524        9.2699168277817412E-004   3.0193887188645248E-003   1.4015615336648605E-003
   3.9602651907155879        9.4967542633976739E-004   3.0193887188645248E-003   1.4208514285815853E-003
   4.1001490688558144        9.7200781192848906E-004   3.0193887188645248E-003   1.4398361768668711E-003
   4.2449739038313119        9.9395077071123914E-004   3.0193887188645248E-003   1.4584650933232380E-003
   4.3949142193596993        1.0154681666628459E-003   3.0193887188645248E-003   1.4766902196881829E-003
   4.5501507036585132        1.0365259838598588E-003   3.0193887188645248E-003   1.4944667147362249E-003
   4.7108703059600501        1.0570924914294049E-003   3.0193887188645248E-003   1.5117532093929585E-003
   4.8772669425686850        1.0771384734791093E-003   3.0193887188645248E-003   1.5285121941833804E-003
   5.0495410155906377        1.0966372925419504E-003   3.0193887188645248E-003   1.5447102386486121E-003
   5.2279001269311909        1.1155650878998187E-003   3.0193887188645248E-003   1.5603182905223759E-003
   5.4125592113782046        1.1339008756195252E-003   3.0193887188645248E-003   1.5753118537386850E-003
   5.6037407956130689        1.1516266394657249E-003   3.0193887188645248E-003   1.5896711167298447E-003
   5.8016752663703963        1.1687273947311009E-003   3.0193887188645248E-003   1.6033810137219037E-003
   6.0066011480696169        1.1851912231309509E-003   3.0193887188645248E-003   1.6164312169494872E-003
   6.2187653902530293        1.2010092776646275E-003   3.0193887188645248E-003   1.6288160600773259E-003
   6.4384236651766908        1.2161757571392832E-003   3.0193887188645248E-003   1.6405343954731095E-003
   6.6658406759127811        1.2306878508402304E-003   3.0193887188645248E-003   1.6515893901752879E-003
   6.9012904753346884        1.2445456545799936E-003   3.0193887188645248E-003   1.6619882673097506E-003
   7.1450567963692624        1.2577520600334663E-003   3.0193887188645248E-003   1.6717420012312230E-003
   7.3974330131920443        1.2703126016975299E-003   3.0193887188645248E-003   1.6808649626688127E-003
   7.6587243988323896        1.2822353914640917E-003   3.0193887188645248E-003   1.6893746152841565E-003
   7.9292442763577622        1.2935307467083774E-003   3.0193887188645248E-003   1.6972909879924951E-003
   8.2093202460023029        1.3042112646100049E-003   3.0193887188645248E-003   1.7046364693124602E-003
   8.4992881560440416        1.3142913545937680E-003   3.0193887188645248E-003   1.7114352283332226E-003
   8.7994991583321234        1.3237872852595797E-003   3.0193887188645248E-003   1.7177130084516368E-003
   9.1103132457223861        1.3327167347052873E-003   3.0193887188645248E-003   1.7234966019400901E-003
   9.4321068148357909        1.3410988053710634E-003   3.0193887188645248E-003   1.7288136582142022E-003
   9.7652657388916850        1.3489536040397633E-003   3.0193887188645248E-003   1.7336922323721944E-003
   10.110193474162946        1.3563022386367358E-003   3.0193887188645248E-003   1.7381606280862851E-003
   10.467303634806061        1.3631664373666191E-003   3.0193887188645248E-003   1.7422470299770507E-003
   10.837027566606025        1.3695685210480522E-003   3.0193887188645248E-003   1.7459793808555729E-003
   11.219811965471335        1.3755311597006300E-003   3.0193887188645248E-003   1.7493851514422368E-003
   11.616115840724994        1.3810771673898228E-003   3.0193887188645248E-003   1.7524911608406053E-003
   12.026419117330413        1.3862294794185490E-003   3.0193887188645248E-003   1.7553235213902550E-003
   12.451213803399156        1.3910108925389031E-003   3.0193887188645248E-003   1.7579074693062800E-003
   12.891014326336300        1.3954440757135722E-003   3.0193887188645248E-003   1.7602673629364218E-003
   13.346348065368609        1.3995513609194063E-003   3.0193887188645248E-003   1.7624265754105479E-003
   13.817766430769083        1.4033547693780809E-003   3.0193887188645248E-003   1.7644075262668315E-003
   14.305834715756038        1.4068758503578275E-003   3.0193887188645248E-003   1.7662316237631560E-003
   14.811143972217785        1.4101357233094883E-003   3.0193887188645248E-003   1.7679193221097728E-003
   15.334300133051286        1.4131549597400110E-003   3.0193887188645248E-003   1.7694901016647138E-003
   15.875936741648431        1.4159536393994357E-003   3.0193887188645248E-003   1.7709625446730801E-003
   16.436703292225193        1.4185512684548368E-003   3.0193887188645248E-003   1.7723543429210491E-003
   17.017278874447534        1.4209668462935485E-003   3.0193887188645248E-003   1.7736823860841782E-003
   17.618359675531394        1.4232188124333658E-003   3.0193887188645248E-003   1.7749627881106667E-003
   18.240671728221173        1.4253251142188836E-003   3.0193887188645248E-003   1.7762109800499835E-003
   18.884968846184627        1.4273032116438775E-003   3.0193887188645248E-003   1.7774417702352602E-003
   19.552019805756849        1.4291700669138352E-003   3.0193887188645248E-003   1.7786693911393627E-003
   20.242632201214423        1.4309422484582392E-003   3.0193420887690394E-003   1.7799075179208699E-003
   20.957638264717446        1.4326359228198566E-003   3.0192252451075397E-003   1.7811694132069923E-003
   21.697899624358065        1.4342669124734883E-003   3.0191303698378809E-003   1.7824682922584012E-003
   22.464312967141105        1.4358507579796658E-003   3.0190533321561202E-003   1.7838169508618245E-003
   23.257792778673313        1.4374027417301039E-003   3.0189907791453728E-003   1.7852279946731493E-003
   24.079299719823517        1.4389380142857363E-003   3.0189399870554430E-003   1.7867139689878337E-003
   24.929823759061236        1.4404716364742362E-003   3.0188987446537001E-003   1.7882874101948039E-003
   25.810395145829254        1.4420186878438309E-003   3.0188652562743584E-003   1.7899609479065221E-003
   26.722064579292049        1.4435943288518102E-003   3.0188380644001352E-003   1.7917473493622407E-003
   27.665935811728254        1.4452139625739425E-003   3.0188159850133168E-003   1.7936596636607886E-003
   28.643146268414043        1.4468933105288007E-003   3.0187980568882364E-003   1.7957112669165049E-003
   29.654879655490589        1.4486485472323216E-003   3.0187834994466656E-003   1.7979159680589980E-003
   30.702343174827575        1.4483443886438938E-003   2.7665811055981576E-003   1.7971710531596188E-003
   31.786804983723918        1.4472358424014371E-003   2.4482413340534458E-003   1.7952887148825012E-003
   32.909571928103169        1.4464124477819799E-003   2.1897542986338220E-003   1.7938408045289917E-003
   34.072004028335677        1.4458555444126140E-003   1.9798656517249374E-003   1.7927925168799755E-003
   35.275488300232773        1.4455510291849938E-003   1.8094403937759229E-003   1.7921147643345189E-003
   36.521481794408061        1.4454888203439995E-003   1.6710576856584186E-003   1.7917835543086785E-003
   37.811486012809581        1.4456623994098213E-003   1.5586930389130183E-003   1.7917794785774267E-003
   39.147055493126302        1.4460683678963690E-003   1.4674546608672732E-003   1.7920872102711045E-003
   40.529808025860810        1.4467060384666596E-003   1.3933700953373429E-003   1.7926950485443287E-003
   41.961393513511240        1.4475770253558698E-003   1.3332149541402105E-003   1.7935944718304559E-003
   43.443545167355794        1.4486848902094346E-003   1.2843698976842002E-003   1.7947797513266017E-003
   44.978049075047366        1.4500347650604035E-003   1.2447084574031015E-003   1.7962475450988028E-003
   46.566763998623138        1.4516330141516995E-003   1.2125038014846995E-003   1.7979965262138067E-003
   48.211585595230147        1.4534868535315941E-003   1.1863542842388433E-003   1.8000269532535830E-003
   49.914505239722644        1.4556040761604628E-003   1.1651212753762163E-003   1.8023403376706089E-003
   51.677575059319224        1.4579926918874807E-003   1.1478803962761701E-003   1.8049389927525974E-003
   53.502930680545909        1.4606606357820005E-003   1.1338809909289961E-003   1.8078256264843307E-003
   55.392750120602578        1.4636153909089536E-003   1.1225137621504871E-003   1.8110028074316096E-003
   57.349321371645829        1.4668637738128962E-003   1.1132837458894486E-003   1.8144725704423294E-003
   59.375002227322796        1.4704115647352660E-003   1.1057891135706093E-003   1.8182358189612433E-003
   61.472246417894510        1.4742632381861318E-003   1.0997035540611076E-003   1.8222918042566667E-003
   63.643556378429672        1.4784215615600798E-003   1.0947622050913313E-003   1.8266374420665616E-003
   65.891560899834928        1.4828874254251951E-003   1.0907499051516381E-003   1.8312668610964320E-003
   68.218968971510208        1.4876594522726533E-003   1.0874919788435491E-003   1.8361707209864156E-003
   70.628585269218178        1.4893197871284590E-003   1.0838709735089473E-003   1.8365636436149457E-003
   73.123328588587739        1.4820401033942903E-003   1.0783940433629529E-003   1.8242581026636383E-003
   75.706175661273647        1.4759004542152353E-003   1.0739468888996413E-003   1.8133631536956054E-003
   78.380253523498894        1.4707598069756964E-003   1.0703358673559086E-003   1.8037266090487503E-003
   81.148784610322849        1.4664950508652575E-003   1.0674037729803108E-003   1.7952121264879124E-003
   84.015122474940881        1.4629986683529035E-003   1.0650229444017949E-003   1.7876971793619001E-003
   86.982687236203873        1.4601768493769411E-003   1.0630897606369611E-003   1.7810716296029839E-003
   90.055071705548812        1.4579476632240079E-003   1.0615200449276519E-003   1.7752361299399875E-003
   93.235978303002270        1.4562396661395042E-003   1.0602454597315176E-003   1.7701011962556396E-003
   96.529260096906100        1.4549905883413023E-003   1.0592105104863735E-003   1.7655861999259579E-003
   99.938826062156153        1.4541462496761145E-003   1.0583701575003577E-003   1.7616186960615224E-003
   103.46886588546354        1.4536595263489993E-003   1.0576877955797771E-003   1.7581334633204487E-003
   107.12359379692580        1.4534895765638189E-003   1.0571337288000850E-003   1.7550722104047220E-003
   110.90736836557576        1.4536010544309982E-003   1.0566838403877250E-003   1.7523828686270074E-003
   114.82483910697920        1.4539634817070425E-003   1.0563185335152412E-003   1.7500190238484803E-003
   118.88068277378797        1.4545506655463073E-003   1.0560219102771458E-003   1.7479396484329254E-003
   123.07973629915718        1.4553401794932944E-003   1.0557810596025631E-003   1.7461085588504682E-003
   127.42715949490271        1.4563129446284249E-003   1.0555854902030129E-003   1.7444939545507546E-003
   131.92808807993632        1.4574527421743568E-003   1.0554266927260774E-003   1.7430681677809551E-003
   136.58805281121437        1.4587459232908442E-003   1.0552977500637099E-003   1.7418071255724979E-003
   141.41261684513370        1.4601809663479788E-003   1.0551930507193498E-003   1.7406901020748098E-003
   146.40753387824964        1.4617481802590359E-003   1.0551080374618551E-003   1.7396993000627127E-003
   151.57894168226974        1.4634394581624416E-003   1.0550390071726529E-003   1.7388194767054758E-003
   156.93294936957258        1.4652478515415040E-003   1.0549829562987293E-003   1.7380376914676468E-003
   162.47613596373097        1.4671674546842192E-003   1.0549374433028642E-003   1.7373429091828486E-003
   168.21511902855468        1.4691929986881322E-003   1.0549004874905647E-003   1.7367257763830188E-003
   174.15674278185460        1.3592835476848720E-003   1.0094120766836084E-003   1.6171685117347279E-003
   180.30830831190286        1.2263101820830168E-003   9.5459078998137519E-004   1.4732321174885160E-003
   186.67715947709803        1.1186914034388316E-003   9.1007679694417754E-004   1.3563256375995945E-003
   193.27089166569760        1.0316819842170880E-003   8.7393254432116302E-004   1.2613683888957965E-003
   200.09760727912413        9.6142059617496459E-004   8.4458361351685493E-004   1.1842324617309368E-003
   207.16537088595135        9.0477100550373577E-004   8.2075301336557635E-004   1.1215702163205072E-003
   214.48286737908427        8.5918049692776995E-004   8.0140269943988025E-004   1.0706607407734905E-003
   222.05883252794877        8.2257535242036771E-004   7.8569055929923412E-004   1.0292969357476357E-003
   229.90230130529540        7.9326912842612757E-004   7.7293269320492135E-004   9.9568650010661559E-004
   238.02291179328489        7.6988951711708217E-004   7.6257337735136143E-004   9.6837309418629409E-004
   246.43025707061713        7.5132157296803413E-004   7.5416187113353829E-004   9.4617549375257046E-004
   255.13466811288930        7.3665743744994144E-004   7.4733177516996094E-004   9.2813342682964231E-004
   264.14653641505117        7.2515901997330910E-004   7.4178584835110639E-004   9.1346776779187918E-004
   273.47660938458705        7.1622546594831435E-004   7.3728269403282309E-004   9.0154562768785017E-004
   283.13635184814427        7.0936725933551468E-004   7.3362615793379812E-004   8.9185256592192699E-004
   293.13729579387660        7.0418593878215831E-004   7.3065711010140142E-004   8.8397107090829876E-004
   303.49136818478553        7.0035671393192363E-004   7.2824631727915010E-004   8.7756189064793876E-004
   314.21129214162710        6.9761464354456740E-004   7.2628876700243537E-004   8.7234917323703921E-004
   325.30973137660959        6.9574374379101096E-004   7.2469928497900348E-004   8.6810900812192516E-004
   336.80032369109853        6.9456764946175444E-004   7.2340863447346003E-004   8.6465921531022672E-004
   348.69678677735646        6.9394244293821369E-004   7.2236064725766686E-004   8.6185185123694320E-004
   361.01330816366544        6.9375059318657172E-004   7.2150970776451427E-004   8.5956662905003665E-004
   373.76502243504467        6.9215267687103732E-004   7.1848276731163231E-004   8.5459152335929127E-004
   386.96715283564077        6.8531458262538860E-004   7.0828138404193904E-004   8.4022882393700266E-004
   400.63544401132759        6.7996477768167299E-004   6.9999811514498899E-004   8.2856942230039911E-004
   414.78669160661980        6.7581671230429767E-004   6.9327214716812414E-004   8.1910410482350239E-004
   429.43761284149554        6.7263625695786883E-004   6.8781082884768392E-004   8.1141996746218238E-004
   444.60621081975989        6.7023191651436513E-004   6.8337626894244207E-004   8.0518145791551093E-004
   460.31059410826708        6.6844743830487543E-004   6.7977547843533245E-004   8.0011643058289510E-004
   476.56949149896485        6.6715536395284074E-004   6.7685172631040409E-004   7.9600392793235323E-004
   493.40288198244309        6.6625184882293010E-004   6.7447765595132379E-004   7.9266445324831214E-004
   510.83065126063684        6.6565251727977758E-004   6.7254997000475516E-004   7.8995246048810502E-004
   528.87421463804299        6.6528889139007221E-004   6.7098469980679607E-004   7.8774967450088193E-004
   547.55511287104378        6.6510559145962741E-004   6.6971372586793808E-004   7.8596017710113935E-004
   566.89562449487210        6.6505795563312345E-004   6.6868172671466183E-004   7.8450610017768529E-004
   586.91951519858117        6.6511011640226609E-004   6.6784374917904692E-004   7.8332419618962190E-004
   607.65068989177485        6.6523341433926189E-004   6.6716332505131119E-004   7.8236318004523567E-004
   629.11387223602765        6.6540508465071470E-004   6.6661083762240198E-004   7.8158142421575806E-004
   651.33543626567803        6.6560719019444605E-004   6.6616222092279935E-004   7.8094512318369535E-004
   674.34163286578985        6.6582571909363207E-004   6.6579795534663186E-004   7.8042687658055139E-004
   698.16073213207346        6.6604987206998062E-004   6.6550217373783900E-004   7.8000442774141298E-004
   722.82116976782140        6.5694491731930159E-004   6.5593514307133892E-004   7.6180804748128181E-004
   748.35235540965130        6.4693422148427411E-004   6.4551627328673727E-004   7.4195798006774615E-004
   774.78566186873422        6.3883245210052334E-004   6.3705620934360885E-004   7.2583818624190788E-004
   802.15264573967897        6.3227531791864243E-004   6.3018677503966355E-004   7.1274751938200638E-004
   830.48594444209971        6.2696747226687684E-004   6.2460896563821307E-004   7.0211657330606682E-004
   859.82037403360118        6.2266940789328486E-004   6.2007981562727768E-004   6.9348266937024308E-004
   890.19058800385733        6.1918730954679227E-004   6.1640225872902361E-004   6.8647054390915492E-004
   921.63390537915473        6.1636406098610754E-004   6.1341610311359230E-004   6.8077515863611499E-004
   954.18786380243341        6.1407259657350664E-004   6.1099139332895618E-004   6.7614905837275771E-004
   987.89128659474920        6.1221009423657782E-004   6.0902258943126364E-004   6.7239128445664394E-004
   1022.7855886411724        6.1069334672920095E-004   6.0742393168716335E-004   6.6933854629738180E-004
   1058.9119914466876        6.0945517835416787E-004   6.0612586145310688E-004   6.6685840556063856E-004
   1096.3148872627712        6.0844127126990632E-004   6.0507183568929218E-004   6.6484320871567130E-004
   1135.0389283928459        6.0760782084697614E-004   6.0421598391466715E-004   6.6320562553987765E-004
   1175.1302964981960        6.0691948846285960E-004   6.0352105360984875E-004   6.6187473608533387E-004
   1216.6382559936744        6.0634776929816773E-004   6.0295677409236571E-004   6.6079291471822250E-004
   1259.6123598874483        6.0586972864114816E-004   6.0249858830317194E-004   6.5991341566129307E-004
   1304.1038583964914        6.0546690808993293E-004   6.0212655286480908E-004   6.5919827822913401E-004
   1350.1674228314519        6.0512445336054308E-004   6.0182446217140991E-004   6.5861665880201023E-004
   1397.8574692241625        5.3417469172709151E-004   5.3138032015847972E-004   5.8065126458859881E-004
   1447.2325992722181        4.7026181554241190E-004   4.6793315843735972E-004   5.1032428048545034E-004
   1498.3517579647787        4.1836540686143324E-004   4.1641509519991068E-004   4.5321970153945786E-004
   1551.2759091786245        3.4071679048579913E-004   3.3916527852757719E-004   3.6911483186540038E-004
   1606.0700862978565        2.7662618729009178E-004   2.7539668904233406E-004   2.9971257307119168E-004
   1662.7990190437411        2.2459054281303418E-004   2.2361818411598643E-004   2.4336032212747191E-004
   1721.5324161293761        1.8234183333082498E-004   1.8157432795761359E-004   1.9760311573757840E-004
   1782.3403946248577        1.4804006586295940E-004   1.4743540067456488E-004   1.6044939885990646E-004
   1845.2954731357936        1.2019092844575963E-004   1.1971544279601286E-004   1.3028180679910335E-004
   1910.4750110852074        9.7580193179152509E-005   9.7206992167325624E-005   1.0578611988420938E-004
   1977.9568210713478        7.9222854808517327E-005   7.8930496396519746E-005   8.5896194256016890E-005
   2047.8213808026539        6.4319010911804885E-005   6.4090437459289501E-005   6.9746201137345988E-005
   2120.1545400970977        5.2218722373141915E-005   5.2040392672824876E-005   5.6632594366632188E-005
   2195.0417479108573        4.2394875036410532E-005   4.2256056710947106E-005   4.5984743993302403E-005
   2272.5750259096239        3.4419027829271192E-005   3.4311230679922725E-005   3.7338800613108965E-005
   2352.8469348264384        2.7943644123204007E-005   2.7860161179352984E-005   3.0318471528171625E-005
   2435.9532056335870        2.2686512588592085E-005   2.2622053568508632E-005   2.4618164062287519E-005
   2521.9959596104222        1.8418340948518274E-005   1.8368739509988013E-005   1.9989562350459033E-005
   2611.0779162676686        1.4953138696221428E-005   1.4915117682131779E-005   1.6231222643163137E-005
   2703.3053132971791        1.2139877579613451E-005   1.2110862855877823E-005   1.3179549384354614E-005
   2798.7914800504532        9.8558509065097609E-006   9.8338236344064561E-006   1.0701609328510816E-005
   2897.6492167059700        8.0015457026356740E-006   7.9849245526143501E-006   8.6895830345736970E-006
   3000.0000000000000        6.4960803581915731E-006   6.4836288478274523E-006   7.0558267163116626E-006
