         200   4370.0000000000000     
   3.0000000000000000        1.7307796518875977E-003   9.8058916059252610        8.3702577102700312E-004
   3.1059655287322618        1.8545218337908734E-003   9.8058916059252610        8.9244282233878324E-004
   3.2156739552243598        1.9869890221104356E-003   9.8058916059252610        9.5172727600464154E-004
   3.3292574962321346        2.1287586268189215E-003   9.8058916059252610        1.0151524054712252E-003
   3.4468529954360925        2.2804447755879072E-003   9.8058916059252610        1.0830105416313332E-003
   3.5686022069563790        2.4427020729523275E-003   9.8058916059252610        1.1556144077451633E-003
   3.6946518254059528        2.6162297020504515E-003   9.8058916059252610        1.2332983874962183E-003
   3.8251536998800524        2.8017765081983169E-003   9.8058916059252610        1.3164199806333346E-003
   3.9602651907155879        3.0001471426015698E-003   9.8058916059252610        1.4053614526874422E-003
   4.1001490688558144        3.2122084696674801E-003   9.8058916059252610        1.5005312963278412E-003
   4.2449739038313119        3.4388976608635230E-003   9.8058916059252610        1.6023661203625730E-003
   4.3949142193596993        3.6812310264354949E-003   9.8058916059252610        1.7113325242987304E-003
   4.5501507036585132        3.9403140543713914E-003   9.8058916059252610        1.8279291556081059E-003
   4.7108703059600501        4.2173524408015885E-003   9.8058916059252610        1.9526888429197131E-003
   4.8772669425686850        4.5136654336458085E-003   9.8058916059252610        2.0861813932145294E-003
   5.0495410155906377        4.8306984425382877E-003   9.8058916059252610        2.2290156743238311E-003
   5.2279001269311909        5.1700390909295135E-003   9.8058916059252610        2.3818428559953383E-003
   5.4125592113782046        5.5334337516048668E-003   9.8058916059252610        2.5453594665142327E-003
   5.6037407956130689        5.9228058728513127E-003   9.8058916059252610        2.7203108368154833E-003
   5.8016752663703963        6.3402760243484657E-003   9.8058916059252610        2.9074948745566364E-003
   6.0066011480696169        6.7881838222768219E-003   9.8058916059252610        3.1077662021335955E-003
   6.2187653902530293        7.2691119328610202E-003   9.8058916059252610        3.3220406947422616E-003
   6.4384236651766908        7.7859124019479210E-003   9.8058916059252610        3.5513004567529743E-003
   6.6658406759127811        8.3417356162098066E-003   9.8058916059252610        3.7965992769333759E-003
   6.9012904753346884        8.9400622703383597E-003   9.8058916059252610        4.0590686055020997E-003
   7.1450567963692624        9.5847387955659107E-003   9.8058916059252610        4.3399240987103474E-003
   7.3974330131920443        1.0280015728929866E-002   9.8058916059252610        4.6404723188343067E-003
   7.6587243988323896        1.1030597177755636E-002   9.8058916059252610        4.9621208681721622E-003
   7.9292442763577622        1.1841678431706309E-002   9.8058916059252610        5.3063818067569067E-003
   8.2093202460023029        1.2719018873801440E-002   9.8058916059252610        5.6748882422637242E-003
   8.4992881560440416        1.3668986080298208E-002   9.8058916059252610        6.0693963350933822E-003
   8.7994991583321234        1.4698648851845176E-002   9.8058916059252610        6.4918051861044893E-003
   9.1103132457223861        1.5815836815508098E-002   9.8058916059252610        6.9441595811420512E-003
   9.4321068148357909        1.7029258826642486E-002   9.8058916059252610        7.4286732677274325E-003
   9.7652657388916850        1.8348583446939529E-002   9.8058916059252610        7.9477326190652009E-003
   10.110193474162946        1.9784589796762810E-002   9.8058916059252610        8.5039238959552284E-003
   10.467303634806061        2.1349274340555092E-002   9.8058916059252610        9.1000380653813960E-003
   10.837027566606025        2.3056035549232700E-002   9.8058916059252610        9.7391008102151351E-003
   11.219811965471335        2.4919836939557207E-002   9.8058916059252610        1.0424388617644491E-002
   11.616115840724994        2.6957380749707421E-002   9.8058916059252610        1.1159444464434565E-002
   12.026419117330413        2.9187357554385882E-002   9.8058916059252610        1.1948116852126284E-002
   12.451213803399156        3.1630622982634672E-002   9.8058916059252610        1.2794569039080435E-002
   12.891014326336300        3.4310489179090541E-002   9.8058916059252610        1.3703327042056282E-002
   13.346348065368609        3.7252914112830895E-002   9.8058916059252610        1.4679291484392532E-002
   13.817766430769083        4.0486818130241353E-002   9.8058916059252610        1.5727794233914971E-002
   14.305834715756038        4.4044266809502464E-002   9.8058916059252610        1.6854613493083658E-002
   14.811143972217785        4.7960797176851991E-002   9.8058916059252610        1.8066040675721758E-002
   15.334300133051286        5.2275574019955598E-002   9.8058916059252610        1.9368899439075611E-002
   15.875936741648431        5.7031713718336048E-002   9.8058916059252610        2.0770624630528478E-002
   16.436703292225193        6.2276398816643930E-002   9.8058916059252610        2.2279286006828568E-002
   17.017278874447534        6.8061194736691477E-002   9.8058916059252610        2.3903681309876492E-002
   17.618359675531394        7.4442111869474636E-002   9.8058916059252610        2.5653365427856251E-002
   18.240671728221173        8.1479889580037088E-002   9.8058916059252610        2.7538754083935139E-002
   18.884968846184627        8.9240119588170005E-002   9.8058916059252610        2.9571194432672213E-002
   19.552019805756849        9.7793177882879015E-002   9.8058916059252610        3.1763004163718488E-002
   20.242632201214423       0.10721454677107602        9.8057219895699603        3.4127634152922963E-002
   20.957638264717446       0.11758459669874771        9.8052969722973859        3.6679719115254285E-002
   21.697899624358065       0.12898846848650836        9.8049518647594329        3.9435194946606973E-002
   22.464312967141105       0.14151582076747632        9.8046716412114296        4.2411430420016293E-002
   23.257792778673313       0.15525997447618173        9.8044441054625651        4.5627277295626330E-002
   24.079299719823517       0.17031752917390172        9.8042593499075483        4.9103306312896049E-002
   24.929823759061236       0.18678691466328945        9.8041093312169458        5.2861876524748219E-002
   25.810395145829254       0.20476704044530891        9.8039875176802234        5.6927323700223818E-002
   26.722064579292049       0.22435492465480417        9.8038886075975515        6.1326015495215741E-002
   27.665935811728254       0.24564398808583476        9.8038082941201647        6.6086654993684602E-002
   28.643146268414043       0.26872090507460333        9.8037430808024180        7.1240349064014066E-002
   29.654879655490589       0.29366279388341626        9.8036901283013353        7.6820829584448969E-002
   30.702343174827575       0.32043671591818895        9.7945088631632302        8.2822161794582350E-002
   31.786804983723918       0.34914585435112322        9.7829390759842472        8.9307855940401082E-002
   32.909571928103169       0.37986593168525246        9.7735445853938128        9.6341324737734893E-002
   34.072004028335677       0.41260003015648422        9.7659163617375349       0.10396741248736278     
   35.275488300232773       0.44732492512443678        9.7597224012568073       0.11223412989064896     
   36.521481794408061       0.48398997999606813        9.7546929998898388       0.12119294969979601     
   37.811486012809581       0.52251486603484265        9.7506092027476097       0.13089859737502474     
   39.147055493126302       0.56278914494045118        9.7472932218024173       0.14140899032767892     
   40.529808025860810       0.60467294892668833        9.7446006815261050       0.15278511620493779     
   41.961393513511240       0.64799751878500811        9.7424143942833936       0.16509046256336377     
   43.443545167355794       0.69256938515470501        9.7406391624133803       0.17839100745072967     
   44.978049075047366       0.73817320328212732        9.7391977012316939       0.19275441103164104     
   46.566763998623138       0.78457715556151120        9.7380272505106475       0.20824949365672363     
   48.211585595230147       0.83153767207605489        9.7370768686343787       0.22494504038123364     
   49.914505239722644       0.87880769510087653        9.7363051730572838       0.24290939943529136     
   51.677575059319224       0.92614278188002741        9.7356785680277085       0.26220905803730976     
   53.502930680545909       0.97330922486479365        9.7351697715939061       0.28290771563994027     
   55.392750120602578        1.0200906319283560        9.7347566393699889       0.30506461184649741     
   57.349321371645829        1.0662971900423168        9.7344211823101290       0.32873412196659735     
   59.375002227322796        1.1117717699581464        9.7341487962978750       0.35396424301638990     
   61.472246417894510        1.1563971057792122        9.7339276218337165       0.38079603958518282     
   63.643556378429672        1.2001005749041829        9.7337480327246393       0.40926244676836265     
   65.891560899834928        1.2428606236910915        9.7336022091092751       0.43938904603828960     
   68.218968971510208        1.2847093767455018        9.7334838025594248       0.47119370620473816     
   70.628585269218178        1.3233416366843220        9.7324504203628344       0.50350298630626622     
   73.123328588587739        1.3547881212272959        9.7291744066577088       0.53422279632939140     
   75.706175661273647        1.3862845303763283        9.7265143510093264       0.56680431343859883     
   78.380253523498894        1.4179667946654635        9.7243544264254052       0.60119738279615109     
   81.148784610322849        1.4500322703813877        9.7226006006319139       0.63735890762262171     
   84.015122474940881        1.4827341510653449        9.7211765132608967       0.67525539556361636     
   86.982687236203873        1.5163736175338682        9.7200201836493658       0.71486422519710913     
   90.055071705548812        1.5512928291631929        9.7190812616547859       0.75617703042754703     
   93.235978303002270        1.5878649090664925        9.7183188713267121       0.79920053196493235     
   96.529260096906100        1.6264841039724667        9.7176998187149728       0.84395826485058156     
   99.938826062156153        1.6675534007948678        9.7171971634270502       0.89048982440190771     
   103.46886588546354        1.7114751443439193        9.7167890101470213       0.93885368899982569     
   107.12359379692580        1.7586352690306328        9.7164575963229467       0.98912259045604445     
   110.90736836557576        1.8093915476443594        9.7161884965598855        1.0413830078187492     
   114.82483910697920        1.8640624151146421        9.7159699890586086        1.0957339943844178     
   118.88068277378797        1.9229104287911765        9.7157925645220011        1.1522791762681091     
   123.07973629915718        1.9861315217871756        9.7156485002213930        1.2111229889586586     
   127.42715949490271        2.0538461577589833        9.7155315208157642        1.2723660863876216     
   131.92808807993632        2.1260840726569081        9.7154365364546766        1.3360922137192233     
   136.58805281121437        2.2027826817618599        9.7153594096851226        1.4023644253667200     
   141.41261684513370        2.2837754369281176        9.7152967840028861        1.4712088139465220     
   146.40753387824964        2.3687909655382282        9.7152459335101202        1.5426041716492496     
   151.57894168226974        2.3736396346922515        9.6863467618967274        1.5642602998092698     
   156.93294936957258        2.2110750097886331        9.6026392060079253        1.4760381046992868     
   162.47613596373097        2.0818788283917407        9.5346691391980816        1.4014037314537211     
   168.21511902855468        1.9798356255834046        9.4794785506016037        1.3381426510484145     
   174.15674278185460        1.8999399232172827        9.4346651685494596        1.2844476602657406     
   180.30830831190286        1.8381320351087731        9.3982769531760884        1.2388358658622753     
   186.67715947709803        1.7910957865219490        9.3687303142114597        1.2000837345500162     
   193.27089166569760        1.7560921048429843        9.3447391799628310        1.1671660716254666     
   200.09760727912413        1.7308324978983496        9.3252585132486914        1.1392046018533868     
   207.16537088595135        1.7133851256622805        9.3094406975251758        1.1154274778636046     
   214.48286737908427        1.7020992443683525        9.2965967197014692        1.0951316623341936     
   222.05883252794877        1.6955523122095548        9.2861676186386042        1.0776596408704215     
   229.90230130529540        1.6925088409933173        9.2776994485705391        1.0623839506017347     
   238.02291179328489        1.6918911995412436        9.2708233418777670        1.0487037760441607     
   246.43025707061713        1.6927586393291527        9.2652401146629195        1.0360536836471224     
   255.13466811288930        1.6942920242665174        9.2607065654178111        1.0239176986248628     
   264.14653641505117        1.6957829119958117        9.2570253971769976        1.0118497037724798     
   273.47660938458705        1.6966255981397256        9.2540363803360872       0.99949164279925695     
   283.13635184814427        1.6963110283903158        9.2516093153929759       0.98658692152310734     
   293.13729579387660        1.6944217006363347        9.2496385781396544       0.97298739602886175     
   303.49136818478553        1.6906272655322006        9.2480383886199764       0.95865022651509224     
   314.21129214162710        1.6846799119453117        9.2467390436874037       0.94362639000569815     
   325.30973137660959        1.6764101996569747        9.2456840079944964       0.92804477995041601     
   336.80032369109853        1.6657216375985184        9.2448273249177007       0.91209026243297764     
   348.69678677735646        1.6525860843826643        9.2441317121947666       0.89598380207477957     
   361.01330816366544        1.6370379902619374        9.2435668920052176       0.87996244464720819     
   373.76502243504467        1.6117243018961960        8.9906739702966245       0.84937559483414915     
   386.96715283564077        1.5592475391502563        7.9485336308291776       0.76692535351535440     
   400.63544401132759        1.5081421447664114        7.1023416554907719       0.68973334869549674     
   414.78669160661980        1.4579805167335191        6.4152385082658121       0.61868553457023834     
   429.43761284149554        1.4084600153085927        5.8573278820360910       0.55428798083630337     
   444.60621081975989        1.3593773637985893        5.4043075765677395       0.49668705493087367     
   460.31059410826708        1.3106143937392756        5.0364624577024948       0.44574240361291467     
   476.56949149896485        1.2621201042273436        4.7377813914746900       0.40110598379971474     
   493.40288198244309        1.2138948363044917        4.4952540376321197       0.36229842338170215     
   510.83065126063684        1.1659820440036293        4.2983278724608400       0.32877652634892690     
   528.87421463804299        1.1184531867921128        4.1384249286802079       0.29997706668450025     
   547.55511287104378        1.0714027459202824        4.0085863394340491       0.27535195308294264     
   566.89562449487210        1.0249389416628207        3.9031606418111084       0.25438669726415386     
   586.91951519858117       0.97917583645804329        3.8175555654853217       0.23661071065844452     
   607.65068989177485       0.93423152666719189        3.7480456360264918       0.22160340902582895     
   629.11387223602765       0.89022235603529998        3.6916053061718221       0.20899394587716522     
   651.33543626567803       0.84725821293981440        3.6457760742672565       0.19845910575684236     
   674.34163286578985       0.80544377017898627        3.6085638804725391       0.18972108891443099     
   698.16073213207346       0.76487272383008276        3.5783477874148488       0.18254257401918067     
   722.82116976782140       0.72395503272148676        3.5521381711297257       0.17453201863965531     
   748.35235540965130       0.68427932357876853        3.5303806859448295       0.16753131896340862     
   774.78566186873422       0.64641417243863319        3.5127137297671140       0.16204989815901982     
   802.15264573967897       0.61034768376797377        3.4983684487350355       0.15787353315428879     
   830.48594444209971       0.57607000501458383        3.4867204381614125       0.15482896703005086     
   859.82037403360118       0.54357065790027936        3.4772623187779867       0.15277714735289250     
   890.19058800385733       0.51284043154230508        3.4695825616272895       0.15160775423398945     
   921.63390537915473       0.48386793328243183        3.4633466418101047       0.15123423896461949     
   954.18786380243341       0.45664228100878101        3.4582831763567925       0.15159001612949211     
   987.89128659474920       0.43115239956210089        3.4541717686396782       0.15262517081788005     
   1022.7855886411724       0.40738704853657448        3.4508333285879211       0.15430393864666661     
   1058.9119914466876       0.38533807071929299        3.4481225984923976       0.15660252532046676     
   1096.3148872627712       0.36499966118615518        3.4459215008287605       0.15950762590307047     
   1135.0389283928459       0.34637212869058048        3.4441342453306194       0.16301497799808143     
   1175.1302964981960       0.32946327689832439        3.4426830384219729       0.16712843972469085     
   1216.6382559936744       0.31429055519145604        3.4415046665356259       0.17185944954109622     
   1259.6123598874483       0.30088535003919881        3.4405478477322045       0.17722622666717855     
   1304.1038583964914       0.28929581406307930        3.4397709347170848       0.18325355541089544     
   1350.1674228314519       0.27959050143060821        3.4391400856977743       0.18997285883687995     
   1397.8574692241625       0.23838609686902845        2.8800136699232048       0.17131106452049050     
   1447.2325992722181       0.20203625441738310        2.3407024206688489       0.15307576514978979     
   1498.3517579647787       0.17292361574615928        1.9027904591239604       0.13817410205951158     
   1551.2759091786245       0.13872963132649271        1.5451009757653658       0.11762733744566545     
   1606.0700862978565       0.11207520684486180        1.2545968585261995       0.10012399968704581     
   1662.7990190437411        9.1491591924205556E-002   1.0187147575260902        8.5391620315071401E-002
   1721.5324161293761        7.5538035400520662E-002  0.82717981191709034        7.2964523888882846E-002
   1782.3403946248577        6.3115842048224208E-002  0.67165655173663352        6.2460141953101705E-002
   1845.2954731357936        5.3386309236483777E-002  0.54537554162774560        5.3562972916585155E-002
   1910.4750110852074        4.5708860877785466E-002  0.44283606830567118        4.6011969241772803E-002
   1977.9568210713478        3.9594815802622141E-002  0.35957568395371986        3.9591164515180938E-002
   2047.8213808026539        3.4671294520921596E-002  0.29197032752138063        3.4121209028027455E-002
   2120.1545400970977        3.0654001254925040E-002  0.23707515653450550        2.9452681029514240E-002
   2195.0417479108573        2.7326938263995668E-002  0.19250164621663118        2.5461191063993888E-002
   2272.5750259096239        2.4526230512373980E-002  0.15630820534876319        2.2042594372996775E-002
   2352.8469348264384        2.2128332726885337E-002  0.12691972011427047        1.9109802220969020E-002
   2435.9532056335870        2.0040587642723283E-002  0.10305700275176326        1.6589716381870383E-002
   2521.9959596104222        1.8193986067049080E-002   8.3680609830332917E-002   1.4420789610063961E-002
   2611.0779162676686        1.6537734457240091E-002   6.7947293969371464E-002   1.2551251103254177E-002
   2703.3053132971791        1.5034821043605652E-002   5.5172233718068571E-002   1.0937392278405371E-002
   2798.7914800504532        1.3658572818803305E-002   4.4798956305282557E-002   9.5421977652002561E-003
   2897.6492167059700        1.2390116011313096E-002   3.6376113649422691E-002   8.3343746873787133E-003
   3000.0000000000000        1.1216165893240553E-002   2.9536812561619948E-002   7.2873082169730898E-003
