         200   4370.0000000000000     
   3.0000000000000000        5.9281709399424546E-003  0.12394619052039753        5.3592037943533946E-003
   3.1059655287322618        6.4020944537627727E-003  0.12394619052039753        5.8300396740053996E-003
   3.2156739552243598        6.9146000179642663E-003  0.12394619052039753        6.3448319211197217E-003
   3.3292574962321346        7.4684283428745214E-003  0.12394619052039753        6.9077346664636529E-003
   3.4468529954360925        8.0664306025516538E-003  0.12394619052039753        7.5232830318601278E-003
   3.5686022069563790        8.7115693857789060E-003  0.12394619052039753        8.1964253489516699E-003
   3.6946518254059528        9.4069199777249580E-003  0.12394619052039753        8.9325558328105480E-003
   3.8251536998800524        1.0155674304466825E-002  0.12394619052039753        9.7375497929081279E-003
   3.9602651907155879        1.0961147577298625E-002  0.12394619052039753        1.0617801302667587E-002
   4.1001490688558144        1.1826783906133549E-002  0.12394619052039753        1.1580259171814808E-002
   4.2449739038313119        1.2756165944753681E-002  0.12394619052039753        1.2632466673046357E-002
   4.3949142193596993        1.3753023862446631E-002  0.12394619052039753        1.3782600084465026E-002
   4.5501507036585132        1.4821244449631552E-002  0.12394619052039753        1.5039507078546725E-002
   4.7108703059600501        1.5964878194513629E-002  0.12394619052039753        1.6412742698825592E-002
   4.8772669425686850        1.7188148343874613E-002  0.12394619052039753        1.7912608052467457E-002
   5.0495410155906377        1.8495447791874051E-002  0.12394619052039753        1.9550174796560082E-002
   5.2279001269311909        1.9891339385625630E-002  0.12394619052039753        2.1337313952310519E-002
   5.4125592113782046        2.1380545758196399E-002  0.12394619052039753        2.3286711827272630E-002
   5.6037407956130689        2.2967932452386361E-002  0.12394619052039753        2.5411876314483210E-002
   5.8016752663703963        2.4658482515015692E-002  0.12394619052039753        2.7727129419139192E-002
   6.0066011480696169        2.6457261850622440E-002  0.12394619052039753        3.0247582263871493E-002
   6.2187653902530293        2.8369374984139335E-002  0.12394619052039753        3.2989088209854363E-002
   6.4384236651766908        3.0399911293954005E-002  0.12394619052039753        3.5968169099561326E-002
   6.6658406759127811        3.2553882214520755E-002  0.12394619052039753        3.9201909014297556E-002
   6.9012904753346884        3.4836150342572883E-002  0.12394619052039753        4.2707809399072712E-002
   7.1450567963692624        3.7251351783166034E-002  0.12394619052039753        4.6503599012841387E-002
   7.3974330131920443        3.9803809525053274E-002  0.12394619052039753        5.0606985690350811E-002
   7.6587243988323896        4.2497466997841259E-002  0.12394619052039753        5.5035387681710228E-002
   7.9292442763577622        4.5335757933572397E-002  0.12394619052039753        5.9805498750025762E-002
   8.2093202460023029        4.8321580978756988E-002  0.12394619052039753        6.4932955236463127E-002
   8.4992881560440416        5.1457149634473953E-002  0.12394619052039753        7.0431719327929160E-002
   8.7994991583321234        5.4743985524266313E-002  0.12394619052039753        7.6313628137710615E-002
   9.1103132457223861        5.8182773184910080E-002  0.12394619052039753        8.2587626498258543E-002
   9.4321068148357909        6.1773375444804275E-002  0.12394619052039753        8.9259217254952394E-002
   9.7652657388916850        6.5514698547204542E-002  0.12394619052039753        9.6329587951969650E-002
   10.110193474162946        6.9404734105827537E-002  0.12394619052039753       0.10379503485899465     
   10.467303634806061        7.3440437774333983E-002  0.12394619052039753       0.11164608420879350     
   10.837027566606025        7.7617787164723992E-002  0.12394619052039753       0.11986699685116056     
   11.219811965471335        8.1931738365529458E-002  0.12394619052039753       0.12843516974326807     
   11.616115840724994        8.6376185853203266E-002  0.12394619052039753       0.13732067874206297     
   12.026419117330413        9.0944064010476444E-002  0.12394619052039753       0.14648629435956323     
   12.451213803399156        9.5627263535265489E-002  0.12394619052039753       0.15588736518213797     
   12.891014326336300       0.10041677205572901       0.12394619052039753       0.16547242303867546     
   13.346348065368609       0.10530260604863538       0.12394619052039753       0.17518366500775062     
   13.817766430769083       0.11027397764893281       0.12394619052039753       0.18495820138624663     
   14.305834715756038       0.11531924254069097       0.12394619052039753       0.19472914212052811     
   14.811143972217785       0.12042609150942454       0.12394619052039753       0.20442739099518803     
   15.334300133051286       0.12558151453219327       0.12394619052039753       0.21398315501282081     
   15.875936741648431       0.13077201470902836       0.12394619052039753       0.22332800206834363     
   16.436703292225193       0.13598358778963379       0.12394619052039753       0.23239645248741203     
   17.017278874447534       0.14120195451607384       0.12394619052039753       0.24112790429565090     
   17.618359675531394       0.14641255319797675       0.12394619052039753       0.24946791687200370     
   18.240671728221173       0.15160076919569698       0.12394619052039753       0.25736960882636067     
   18.884968846184627       0.15675202826276810       0.12394619052039753       0.26479447243994009     
   19.552019805756849       0.16185181677155303       0.12394619052039753       0.27171273905998794     
   20.242632201214423       0.16688599195919665       0.12394181833801093       0.27810378399033786     
   20.957638264717446       0.17184078444035578       0.12393086271389160       0.28395576413564327     
   21.697899624358065       0.17670295033073594       0.12392196691433117       0.28926520792720928     
   22.464312967141105       0.18145991528691208       0.12391474362233944       0.29403628941968124     
   23.257792778673313       0.18609977159879404       0.12390887845802941       0.29827985051479194     
   24.079299719823517       0.19061154867017735       0.12390411603413433       0.30201258758021027     
   24.929823759061236       0.19498519114798030       0.12390024901862423       0.30525591203201369     
   25.810395145829254       0.19921169331796973       0.12389710904430531       0.30803498464780543     
   26.722064579292049       0.20328306965442355       0.12389455944983636       0.31037769557704986     
   27.665935811728254       0.20719256319464777       0.12389248921804408       0.31231388991622622     
   28.643146268414043       0.21093458959101050       0.12389080822142834       0.31387452869742688     
   29.654879655490589       0.21450481532551055       0.12388944327055348       0.31509105389007575     
   30.702343174827575       0.21778568159663908       0.11498863223132276       0.31582067965848987     
   31.786804983723918       0.22084115551867611       0.10375398999510539       0.31618843936158192     
   32.909571928103169       0.22372758833114884        9.4631631982631942E-002  0.31631132120488881     
   34.072004028335677       0.22644360282059151        8.7224377004647122E-002  0.31621655343887634     
   35.275488300232773       0.22898914703629242        8.1209838539090529E-002  0.31593010185744952     
   36.521481794408061       0.23136550818102597        7.6326125109771950E-002  0.31547654071757736     
   37.811486012809581       0.23357515438923696        7.2360624349191452E-002  0.31487897379806862     
   39.147055493126302       0.23562164894697010        6.9140698260211728E-002  0.31415898904623368     
   40.529808025860810       0.23750954981218267        6.6526153477083863E-002  0.31333663386593513     
   41.961393513511240       0.23924424692366830        6.4403196968258136E-002  0.31243043453148239     
   43.443545167355794       0.24083190437930782        6.2679388687475898E-002  0.31145737959067593     
   44.978049075047366       0.24227928554017769        6.1279682675345788E-002  0.31043296139623233     
   46.566763998623138       0.24359364073135847        6.0143136695469925E-002  0.30937119457174861     
   48.211585595230147       0.24478254553834589        5.9220284770680885E-002  0.30828467597571546     
   49.914505239722644       0.24585381852597077        5.8470943093979592E-002  0.30718458526249920     
   51.677575059319224       0.24681536492145967        5.7862489090299639E-002  0.30608075153445996     
   53.502930680545909       0.24767507190966512        5.7368431091099341E-002  0.30498168489657018     
   55.392750120602578       0.24844067976345752        5.6967266172483946E-002  0.30389464908532282     
   57.349321371645829       0.24911971353853074        5.6641526381869388E-002  0.30282567103026942     
   59.375002227322796       0.24971937489678728        5.6377030643917268E-002  0.30177961782068691     
   61.472246417894510       0.25024647578958176        5.6162262996241073E-002  0.30076023713871874     
   63.643556378429672       0.25070736502265417        5.5987876090168046E-002  0.29977023654130663     
   65.891560899834928       0.25110789920460758        5.5846276584243383E-002  0.29881130513675930     
   68.218968971510208       0.25145339577439790        5.5731299946779285E-002  0.29788419923399245     
   70.628585269218178       0.25138890608169484        5.5556092876375196E-002  0.29642085635027388     
   73.123328588587739       0.25031306247365942        5.5201013635086234E-002  0.29347130400751692     
   75.706175661273647       0.24929776694042596        5.4912696605174290E-002  0.29072900674936358     
   78.380253523498894       0.24833326476987314        5.4678587577699611E-002  0.28817568080411715     
   81.148784610322849       0.24741142583696274        5.4488494620783541E-002  0.28579447990471929     
   84.015122474940881       0.24652549710486690        5.4334141217916444E-002  0.28356987036754217     
   86.982687236203873       0.24566992377340760        5.4208809434199916E-002  0.28148760457263716     
   90.055071705548812       0.24484014886564118        5.4107041938861344E-002  0.27953457374473129     
   93.235978303002270       0.24403249142542771        5.4024408286005389E-002  0.27769879949490395     
   96.529260096906100       0.24324401532200718        5.3957310663260226E-002  0.27596935165775394     
   99.938826062156153       0.24247244930403081        5.3902829066318630E-002  0.27433634150378683     
   103.46886588546354       0.24171604828480042        5.3858590314575121E-002  0.27279075775016437     
   107.12359379692580       0.24097357741763714        5.3822669167780966E-002  0.27132453910617943     
   110.90736836557576       0.24024421834117321        5.3793502092089607E-002  0.26993045762454626     
   114.82483910697920       0.23952748660274881        5.3769818589897350E-002  0.26860201926358140     
   118.88068277378797       0.23882323271534958        5.3750587971371548E-002  0.26733350887312868     
   123.07973629915718       0.23813156981920489        5.3734973188542860E-002  0.26611988298565220     
   127.42715949490271       0.23745280795758272        5.3722294072293619E-002  0.26495667496454411     
   131.92808807993632       0.23678747226392718        5.3711998945986300E-002  0.26384003881654311     
   136.58805281121437       0.23613620183496259        5.3703639361054080E-002  0.26276658258355451     
   141.41261684513370       0.23549977008403492        5.3696851514072705E-002  0.26173340609383305     
   146.40753387824964       0.23487902597646362        5.3691339951543127E-002  0.26073800272626940     
   151.57894168226974       0.22402329735501547        5.2477328730051009E-002  0.24910969231863500     
   156.93294936957258       0.19382643660152760        4.8966620367583133E-002  0.21739103744155677     
   162.47613596373097       0.16937258558560650        4.6115944829238649E-002  0.19168429899899181     
   168.21511902855468       0.14957061385766263        4.3801242663373492E-002  0.17084130512106505     
   174.15674278185460       0.13353645822414958        4.1921762209661761E-002  0.15393345341030013     
   180.30830831190286       0.12055351557207906        4.0395634602062226E-002  0.14020928603899249     
   186.67715947709803       0.11004190230247135        3.9156443809851359E-002  0.12906164512941781     
   193.27089166569760       0.10153190494746031        3.8150251779306005E-002  0.11999940887604708     
   200.09760727912413        9.4642854571708887E-002   3.7333229482889176E-002  0.11262505145397159     
   207.16537088595135        8.9066795836399953E-002   3.6669827746368941E-002  0.10661734730738420     
   214.48286737908427        8.4554045859517521E-002   3.6131149249854833E-002  0.10171610066790286     
   222.05883252794877        8.0902538843059341E-002   3.5693751073242269E-002   9.7710920194783391E-002
   229.90230130529540        7.7948538766703643E-002   3.5338594658064729E-002   9.4431442403077506E-002
   238.02291179328489        7.5559255289890354E-002   3.5050209637008403E-002   9.1739570759237402E-002
   246.43025707061713        7.3627138510076698E-002   3.4816048189280163E-002   8.9523510962993866E-002
   255.13466811288930        7.2064840973085076E-002   3.4625910404496155E-002   8.7692481291875291E-002
   264.14653641505117        7.0801501693833438E-002   3.4471521616178447E-002   8.6172847170754158E-002
   273.47660938458705        6.9779511696541605E-002   3.4346161768939835E-002   8.4904740686821453E-002
   283.13635184814427        6.8951944988290034E-002   3.4244370274712096E-002   8.3839378343685184E-002
   293.13729579387660        6.8280568506657091E-002   3.4161717237217594E-002   8.2937007139502236E-002
   303.49136818478553        6.7734129996561712E-002   3.4094605031292399E-002   8.2165120868228012E-002
   314.21129214162710        6.7286999558877500E-002   3.4040110295756744E-002   8.1497046682562829E-002
   325.30973137660959        6.6918123923354153E-002   3.3995861929042630E-002   8.0910882787009322E-002
   336.80032369109853        6.6610104975749151E-002   3.3959932502960859E-002   8.0388530611732137E-002
   348.69678677735646        6.6348525485508458E-002   3.3930758393438155E-002   7.9915021286473154E-002
   361.01330816366544        6.6121364381805214E-002   3.3907069743809165E-002   7.9477912005297219E-002
   373.76502243504467        6.5745029275931455E-002   3.3680195356338108E-002   7.8774455560667200E-002
   386.96715283564077        6.4839731426837272E-002   3.2807672609570175E-002   7.7176597901476782E-002
   400.63544401132759        6.4074933805738962E-002   3.2099205890977742E-002   7.5818665588667275E-002
   414.78669160661980        6.3420163638097188E-002   3.1523934881282363E-002   7.4650814222636863E-002
   429.43761284149554        6.2850311363673222E-002   3.1056829162778330E-002   7.3632552299292234E-002
   444.60621081975989        6.2344603988754514E-002   3.0677541934082297E-002   7.2730912982133342E-002
   460.31059410826708        6.1885873106099637E-002   3.0369566874157518E-002   7.1919157880784873E-002
   476.56949149896485        6.1459897695229096E-002   3.0119498803243099E-002   7.1175616364003075E-002
   493.40288198244309        6.1054877366157320E-002   2.9916444929472839E-002   7.0482758582452329E-002
   510.83065126063684        6.0661050741724482E-002   2.9751570246055962E-002   6.9826522485772466E-002
   528.87421463804299        6.0270319549895722E-002   2.9617692926044461E-002   6.9195652258395329E-002
   547.55511287104378        5.9876009172170688E-002   2.9508986719946124E-002   6.8581269570604009E-002
   566.89562449487210        5.9472634308250283E-002   2.9420719990613971E-002   6.7976453258943706E-002
   586.91951519858117        5.9055705926512915E-002   2.9349047900489068E-002   6.7375893150308994E-002
   607.65068989177485        5.8621615087660353E-002   2.9290851329180780E-002   6.6775663631621476E-002
   629.11387223602765        5.8167501668888830E-002   2.9243597164104993E-002   6.6172977513263773E-002
   651.33543626567803        5.7691140949869921E-002   2.9205227046579425E-002   6.5565975835224416E-002
   674.34163286578985        5.7190902627439429E-002   2.9174071467706262E-002   6.4953617980881659E-002
   698.16073213207346        5.6665639562523545E-002   2.9148773312061796E-002   6.4335487231460653E-002
   722.82116976782140        5.5172241932061501E-002   2.8186915203959870E-002   6.1975460568204729E-002
   748.35235540965130        5.3562439635695319E-002   2.7138389732216824E-002   5.9437654439500394E-002
   774.78566186873422        5.2121102827340858E-002   2.6286992918518420E-002   5.7249035251049726E-002
   802.15264573967897        5.0812073562448996E-002   2.5595672555267606E-002   5.5345350602611081E-002
   830.48594444209971        4.9606368100435942E-002   2.5034337654759188E-002   5.3674793567977802E-002
   859.82037403360118        4.8480814384321613E-002   2.4578536857744606E-002   5.2195574841511383E-002
   890.19058800385733        4.7417069469072023E-002   2.4208437973573575E-002   5.0874128123798254E-002
   921.63390537915473        4.6400631405621888E-002   2.3907919751338335E-002   4.9683408077522494E-002
   954.18786380243341        4.5420211516761864E-002   2.3663903843342837E-002   4.8601741666476447E-002
   987.89128659474920        4.4467108285785616E-002   2.3465769009308569E-002   4.7611751239659730E-002
   1022.7855886411724        4.3534696104837643E-002   2.3304884633177158E-002   4.6699494672218213E-002
   1058.9119914466876        4.2618111460387950E-002   2.3174250530567323E-002   4.5853871491110663E-002
   1096.3148872627712        4.1713842641459040E-002   2.3068176370501955E-002   4.5065989211899783E-002
   1135.0389283928459        4.0819542469117551E-002   2.2982045878012367E-002   4.4328792622130457E-002
   1175.1302964981960        3.9933778283821657E-002   2.2912110065323291E-002   4.3636672240995565E-002
   1216.6382559936744        3.9055822566686292E-002   2.2855322576901285E-002   4.2985152365250849E-002
   1259.6123598874483        3.8185569046296525E-002   2.2809212060051338E-002   4.2370706163081730E-002
   1304.1038583964914        3.7323379691812771E-002   2.2771771469893350E-002   4.1790540576797548E-002
   1350.1674228314519        3.6469954654352030E-002   2.2741369920267193E-002   4.1242426310676407E-002
   1397.8574692241625        3.1519688351834170E-002   2.0021777077928377E-002   3.6039272441417310E-002
   1447.2325992722181        2.7118002315720559E-002   1.7541870827165632E-002   3.1386130529570927E-002
   1498.3517579647787        2.3544597452234677E-002   1.5528227291599802E-002   2.7625529106674027E-002
   1551.2759091786245        1.8700371288684698E-002   1.2645414203268509E-002   2.2261914126844987E-002
   1606.0700862978565        1.4804871896066732E-002   1.0267870633066268E-002   1.7893220589837066E-002
   1662.7990190437411        1.1719810303027217E-002   8.3373645256540480E-003   1.4389212482177307E-002
   1721.5324161293761        9.2774701343200563E-003   6.7698043728772949E-003   1.1577502988651709E-002
   1782.3403946248577        7.3446161655308538E-003   5.4969710279560201E-003   9.3203403897704380E-003
   1845.2954731357936        5.8153931952672853E-003   4.4634620833104840E-003   7.5075230543611574E-003
   1910.4750110852074        4.6057268828054616E-003   3.6242586055570121E-003   6.0508269613661295E-003
   1977.9568210713478        3.6489764880184073E-003   2.9428390327473643E-003   4.8797084844784929E-003
   2047.8213808026539        2.8923092337800739E-003   2.3895433272527449E-003   3.9376897254500493E-003
   2120.1545400970977        2.2938487098528144E-003   1.9402703115882216E-003   3.1795168245333221E-003
   2195.0417479108573        1.8204704881213968E-003   1.5754718231373534E-003   2.5689770889073351E-003
   2272.5750259096239        1.4459417934300273E-003   1.2792574925567985E-003   2.0770231539509252E-003
   2352.8469348264384        1.1495312918425396E-003   1.0387362745744491E-003   1.6803887383251422E-003
   2435.9532056335870        9.1484849819657710E-004   8.4343904170915932E-004   1.3604114559362794E-003
   2521.9959596104222        7.2893461501322696E-004   6.8485878184271491E-004   1.1021072752440137E-003
   2611.0779162676686        5.8156077668342510E-004   5.5609419041906651E-004   8.9345815893582541E-004
   2703.3053132971791        4.6464810294326921E-004   4.5154055225349955E-004   7.2481042731987024E-004
   2798.7914800504532        3.7181439003485987E-004   3.6664358332555512E-004   5.8840151560296376E-004
   2897.6492167059700        2.9802582613671535E-004   2.9770936101717460E-004   4.7799705167950640E-004
   3000.0000000000000        2.3930523417627881E-004   2.4173515837757676E-004   3.8857668251695481E-004
