         200   4370.0000000000000     
   3.0000000000000000        3.9550782533553375E-003   2.8089111796400307E-002   2.0234573380445584E-002
   3.1059655287322618        4.1774108658423842E-003   2.8089111796400307E-002   2.0490850146511544E-002
   3.2156739552243598        4.4085154696007984E-003   2.8089111796400307E-002   2.0737228559189070E-002
   3.3292574962321346        4.6484262353093490E-003   2.8089111796400307E-002   2.0973696174393975E-002
   3.4468529954360925        4.8971450942224435E-003   2.8089111796400307E-002   2.1200309394433698E-002
   3.5686022069563790        5.1546394706284580E-003   2.8089111796400307E-002   2.1417188748231460E-002
   3.6946518254059528        5.4208397196869465E-003   2.8089111796400307E-002   2.1624512693652370E-002
   3.8251536998800524        5.6956372339645187E-003   2.8089111796400307E-002   2.1822511046707606E-002
   3.9602651907155879        5.9788831554979088E-003   2.8089111796400307E-002   2.2011458027195532E-002
   4.1001490688558144        6.2703864487699476E-003   2.8089111796400307E-002   2.2191664283408730E-002
   4.2449739038313119        6.5699133365679820E-003   2.8089111796400307E-002   2.2363469500979331E-002
   4.3949142193596993        6.8771865823179399E-003   2.8089111796400307E-002   2.2527234647721966E-002
   4.5501507036585132        7.1918852235430524E-003   2.8089111796400307E-002   2.2683334443666832E-002
   4.7108703059600501        7.5136444132341950E-003   2.8089111796400307E-002   2.2832149998419524E-002
   4.8772669425686850        7.8420568089742401E-003   2.8089111796400307E-002   2.2974062377182119E-002
   5.0495410155906377        8.1766719181852569E-003   2.8089111796400307E-002   2.3109445551750454E-002
   5.2279001269311909        8.5169981737129152E-003   2.8089111796400307E-002   2.3238661027600464E-002
   5.4125592113782046        8.8625041784620492E-003   2.8089111796400307E-002   2.3362052555235303E-002
   5.6037407956130689        9.2126205468915177E-003   2.8089111796400307E-002   2.3479941662918981E-002
   5.8016752663703963        9.5667421148690618E-003   2.8089111796400307E-002   2.3592623951408060E-002
   6.0066011480696169        9.9242305246073480E-003   2.8089111796400307E-002   2.3700366191852788E-002
   6.2187653902530293        1.0284417188870061E-002   2.8089111796400307E-002   2.3803404254175837E-002
   6.4384236651766908        1.0646606634236193E-002   2.8089111796400307E-002   2.3901941877913373E-002
   6.6658406759127811        1.1010080217034198E-002   2.8089111796400307E-002   2.3996150280920975E-002
   6.9012904753346884        1.1374100197850763E-002   2.8089111796400307E-002   2.4086168583908656E-002
   7.1450567963692624        1.1737914151650120E-002   2.8089111796400307E-002   2.4172105011013998E-002
   7.3974330131920443        1.2100759144078937E-002   2.8089111796400307E-002   2.4254038690638906E-002
   7.6587243988323896        1.2461869389802368E-002   2.8089111796400307E-002   2.4332022812668636E-002
   7.9292442763577622        1.2820475537105627E-002   2.8089111796400307E-002   2.4406086457314048E-002
   8.2093202460023029        1.3175818015403868E-002   2.8089111796400307E-002   2.4476239892011462E-002
   8.4992881560440416        1.3527143950772345E-002   2.8089111796400307E-002   2.4542476736379229E-002
   8.7994991583321234        1.3873721004542707E-002   2.8089111796400307E-002   2.4604779776751046E-002
   9.1103132457223861        1.4214834398407816E-002   2.8089111796400307E-002   2.4663123654172156E-002
   9.4321068148357909        1.4549800326965370E-002   2.8089111796400307E-002   2.4717480591279026E-002
   9.7652657388916850        1.4877962849219360E-002   2.8089111796400307E-002   2.4767823134242570E-002
   10.110193474162946        1.5198706498702126E-002   2.8089111796400307E-002   2.4814129338601380E-002
   10.467303634806061        1.5511452809423031E-002   2.8089111796400307E-002   2.4856385149392205E-002
   10.837027566606025        1.5815670897614882E-002   2.8089111796400307E-002   2.4894588564365022E-002
   11.219811965471335        1.6110877879335246E-002   2.8089111796400307E-002   2.4928751875542388E-002
   11.616115840724994        1.6396639215004311E-002   2.8089111796400307E-002   2.4958903617436856E-002
   12.026419117330413        1.6672577065770976E-002   2.8089111796400307E-002   2.4985090909181339E-002
   12.451213803399156        1.6938365241315027E-002   2.8089111796400307E-002   2.5007379858088492E-002
   12.891014326336300        1.7193736878545089E-002   2.8089111796400307E-002   2.5025856768231415E-002
   13.346348065368609        1.7438478697075498E-002   2.8089111796400307E-002   2.5040627689971524E-002
   13.817766430769083        1.7672437045516867E-002   2.8089111796400307E-002   2.5051818472242502E-002
   14.305834715756038        1.7895511546474258E-002   2.8089111796400307E-002   2.5059573607179447E-002
   14.811143972217785        1.8107659582830508E-002   2.8089111796400307E-002   2.5064055338295432E-002
   15.334300133051286        1.8308889470125128E-002   2.8089111796400307E-002   2.5065442023997433E-002
   15.875936741648431        1.8499263521567590E-002   2.8089111796400307E-002   2.5063926572819681E-002
   16.436703292225193        1.8678890920505835E-002   2.8089111796400307E-002   2.5059714578750895E-002
   17.017278874447534        1.8847929549725501E-002   2.8089111796400307E-002   2.5053022369049053E-002
   17.618359675531394        1.9006578757142782E-002   2.8089111796400307E-002   2.5044075153935003E-002
   18.240671728221173        1.9155079745753176E-002   2.8089111796400307E-002   2.5033104987724805E-002
   18.884968846184627        1.9293710967265162E-002   2.8089111796400307E-002   2.5020348922624950E-002
   19.552019805756849        1.9422781941570905E-002   2.8089111796400307E-002   2.5006047592741637E-002
   20.242632201214423        1.9542634682293444E-002   2.8088674580325605E-002   2.4990442211721843E-002
   20.957638264717446        1.9653636879183322E-002   2.8087579023336029E-002   2.4973774490276435E-002
   21.697899624358065        1.9756179379657287E-002   2.8086689447782854E-002   2.4956288257912046E-002
   22.464312967141105        1.9850673528715120E-002   2.8085967122158759E-002   2.4938223865279170E-002
   23.257792778673313        1.9937546015243432E-002   2.8085380608630649E-002   2.4919819811260586E-002
   24.079299719823517        2.0017239564533221E-002   2.8084904368598246E-002   2.4901311747430013E-002
   24.929823759061236        2.0090208324620246E-002   2.8084517668961168E-002   2.4882932819932427E-002
   25.810395145829254        2.0156916868623660E-002   2.8084203673083376E-002   2.4864913628625078E-002
   26.722064579292049        2.0217837067380114E-002   2.8083948714898367E-002   2.4847483057538089E-002
   27.665935811728254        2.0273449241304590E-002   2.8083741692743774E-002   2.4830868241487638E-002
   28.643146268414043        2.0324239656733401E-002   2.8083573593914189E-002   2.4815295773092542E-002
   29.654879655490589        2.0370700590876485E-002   2.8083437099502274E-002   2.4800992408986349E-002
   30.702343174827575        2.0392976130225778E-002   2.5748682341647018E-002   2.4757345775328590E-002
   31.786804983723918        2.0403273880454074E-002   2.2801663776834947E-002   2.4702363184169834E-002
   32.909571928103169        2.0412233869268284E-002   2.0408729684910226E-002   2.4651675029137846E-002
   34.072004028335677        2.0420011626451191E-002   1.8465693362485502E-002   2.4605012835852414E-002
   35.275488300232773        2.0426800817377348E-002   1.6887987891844765E-002   2.4562162343301032E-002
   36.521481794408061        2.0432827431416656E-002   1.5606915131465556E-002   2.4522955826286420E-002
   37.811486012809581        2.0438343819621015E-002   1.4566703604076404E-002   2.4487267529032585E-002
   39.147055493126302        2.0443623160575228E-002   1.3722067721417333E-002   2.4455007922361684E-002
   40.529808025860810        2.0448954006054870E-002   1.3036232618491546E-002   2.4426118256112683E-002
   41.961393513511240        2.0454634707344276E-002   1.2479348641925861E-002   2.4400566044896987E-002
   43.443545167355794        2.0460968168857913E-002   1.2027167353120273E-002   2.4378338918057036E-002
   44.978049075047366        2.0468256307263073E-002   1.1660003048615015E-002   2.4359440224017450E-002
   46.566763998623138        2.0476794764325890E-002   1.1361869647298588E-002   2.4343883666142496E-002
   48.211585595230147        2.0486867413579062E-002   1.1119791466459089E-002   2.4331688544517730E-002
   49.914505239722644        2.0498741528135529E-002   1.0923227678650411E-002   2.4322874095515774E-002
   51.677575059319224        2.0512662674264163E-002   1.0763620883260128E-002   2.4317454797310987E-002
   53.502930680545909        2.0528850243384578E-002   1.0634021910268935E-002   2.4315435242555368E-002
   55.392750120602578        2.0547492809531193E-002   1.0528790213713475E-002   2.4316805254480937E-002
   57.349321371645829        2.0568744907007094E-002   1.0443343682346019E-002   2.4321535080875454E-002
   59.375002227322796        2.0592723385443365E-002   1.0373962403114442E-002   2.4329570985065115E-002
   61.472246417894510        2.0619504978454977E-002   1.0317625562873757E-002   2.4340831174003510E-002
   63.643556378429672        2.0649123613087860E-002   1.0271881209039246E-002   2.4355201844902120E-002
   65.891560899834928        2.0681570027241896E-002   1.0234737491958272E-002   2.4372534500804247E-002
   68.218968971510208        2.0716790565690885E-002   1.0204577360642815E-002   2.4392643330739500E-002
   70.628585269218178        2.0722575780340678E-002   1.0171539795090799E-002   2.4368785547784030E-002
   73.123328588587739        2.0644520752703299E-002   1.0122487941435250E-002   2.4222283976369285E-002
   75.706175661273647        2.0577672888750863E-002   1.0082658846649811E-002   2.4091229219870513E-002
   78.380253523498894        2.0520646128587713E-002   1.0050318229627424E-002   2.3973945034266531E-002
   81.148784610322849        2.0472212863695424E-002   1.0024058142245896E-002   2.3868917855278119E-002
   84.015122474940881        2.0431284268181648E-002   1.0002735238374685E-002   2.3774779910265630E-002
   86.982687236203873        2.0396895352018815E-002   9.9854214796459891E-003   2.3690298393955755E-002
   90.055071705548812        2.0368190236593749E-002   9.9713629718320221E-003   2.3614361012741662E-002
   93.235978303002270        2.0344412047936959E-002   9.9599476780733564E-003   2.3545968566202467E-002
   96.529260096906100        2.0324893203086298E-002   9.9506785843364552E-003   2.3484225354795725E-002
   99.938826062156153        2.0309048006339085E-002   9.9431523112983675E-003   2.3428333052476807E-002
   103.46886588546354        2.0296364725281603E-002   9.9370410197214716E-003   2.3377579664150265E-002
   107.12359379692580        2.0286400893181979E-002   9.9320787503719681E-003   2.3331337094174020E-002
   110.90736836557576        2.0278777241295214E-002   9.9280495113683882E-003   2.3289052438454791E-002
   114.82483910697920        2.0273172636629925E-002   9.9247777918520207E-003   2.3250240513921411E-002
   118.88068277378797        2.0269319945130999E-002   9.9221212088250275E-003   2.3214480865552650E-002
   123.07973629915718        2.0267001131950027E-002   9.9199641296350855E-003   2.3181410281881126E-002
   127.42715949490271        2.0266042785715463E-002   9.9182125934076052E-003   2.3150716124127634E-002
   131.92808807993632        2.0266311766302680E-002   9.9167903896562187E-003   2.3122133498618989E-002
   136.58805281121437        2.0267710549612641E-002   9.9156355681712677E-003   2.3095436992506914E-002
   141.41261684513370        2.0270172621798432E-002   9.9146978719106583E-003   2.3070437964027881E-002
   146.40753387824964        2.0273657757582102E-002   9.9139364859236138E-003   2.3046978509783364E-002
   151.57894168226974        1.9387286085097464E-002   9.6759127077426180E-003   2.2081523097608899E-002
   156.93294936957258        1.6809900334425858E-002   8.9870484013071725E-003   1.9327841733635696E-002
   162.47613596373097        1.4719495179841230E-002   8.4276944405544205E-003   1.7092491141206496E-002
   168.21511902855468        1.3024772997837488E-002   7.9735081233029206E-003   1.5277732609764927E-002
   174.15674278185460        1.1651522106046036E-002   7.6047201564508407E-003   1.3804260809561082E-002
   180.30830831190286        1.0539390996056268E-002   7.3052663917405293E-003   1.2607691278602076E-002
   186.67715947709803        9.6393835629513674E-003   7.0621148059399350E-003   1.1635838458676096E-002
   193.27089166569760        8.9116828840221634E-003   6.8646817799806617E-003   1.0846358608398738E-002
   200.09760727912413        8.3239158694005198E-003   6.7043672680774744E-003   1.0204873905250995E-002
   207.16537088595135        7.8498099559514804E-003   6.5741958810144928E-003   9.6835246058984414E-003
   214.48286737908427        7.4679978214923538E-003   6.4684974433829598E-003   9.2596824507459371E-003
   222.05883252794877        7.1611350272131249E-003   6.3826720313978425E-003   8.9150046132313292E-003
   229.90230130529540        6.9151269266990861E-003   6.3129839364729073E-003   8.6346052444757678E-003
   238.02291179328489        6.7185126457378012E-003   6.2563975934886440E-003   8.4063962649403804E-003
   246.43025707061713        6.5619873118195381E-003   6.2104508936694025E-003   8.2205789970196379E-003
   255.13466811288930        6.4379793782770181E-003   6.1731424306131601E-003   8.0691920058435004E-003
   264.14653641505117        6.3403371890972254E-003   6.1428485654995077E-003   7.9457791226125261E-003
   273.47660938458705        6.2640559412212391E-003   6.1182507022460317E-003   7.8450984729832203E-003
   283.13635184814427        6.2050604673320525E-003   6.0982773749762818E-003   7.7628910014777000E-003
   293.13729579387660        6.1600353938616285E-003   6.0820593581346659E-003   7.6957015022200712E-003
   303.49136818478553        6.1262795655345715E-003   6.0688907327705521E-003   7.6407233223803666E-003
   314.21129214162710        6.1015903659603771E-003   6.0581978826892468E-003   7.5956748227090269E-003
   325.30973137660959        6.0841728304767955E-003   6.0495155549934038E-003   7.5587043681586774E-003
   336.80032369109853        6.0725614828152927E-003   6.0424655535056809E-003   7.5283054165445843E-003
   348.69678677735646        6.0655606387279484E-003   6.0367410669783577E-003   7.5032545032730734E-003
   361.01330816366544        6.0621937922467443E-003   6.0320929266282491E-003   7.4825566169043683E-003
   373.76502243504467        6.0460328236687112E-003   6.0078487374593016E-003   7.4378472991542960E-003
   386.96715283564077        5.9828161147820894E-003   5.9203070164502774E-003   7.3099549883101720E-003
   400.63544401132759        5.9329240471809796E-003   5.8492253213850822E-003   7.2059092585208860E-003
   414.78669160661980        5.8937960301243177E-003   5.7915073828879240E-003   7.1212141556249824E-003
   429.43761284149554        5.8633410503713913E-003   5.7446418557226047E-003   7.0522244520655128E-003
   444.60621081975989        5.8398492996733298E-003   5.7065873100047119E-003   6.9959775834774265E-003
   460.31059410826708        5.8219257476952715E-003   5.6756876379061277E-003   6.9500701834790948E-003
   476.56949149896485        5.8084320431775315E-003   5.6505978744835136E-003   6.9125498271981403E-003
   493.40288198244309        5.7984398485406222E-003   5.6302251270299595E-003   6.8818288397993763E-003
   510.83065126063684        5.7911937303119923E-003   5.6136829639853785E-003   6.8566178802141773E-003
   528.87421463804299        5.7860788811428714E-003   5.6002508201916509E-003   6.8358666804350819E-003
   547.55511287104378        5.7825961145096154E-003   5.5893441379286759E-003   6.8187206346843124E-003
   566.89562449487210        5.7803404041786221E-003   5.5804881838321238E-003   6.8044826367092874E-003
   586.91951519858117        5.7789835316509356E-003   5.5732971986789176E-003   6.7925826912581481E-003
   607.65068989177485        5.7782599598723595E-003   5.5674582357085958E-003   6.7825545288764848E-003
   629.11387223602765        5.7779549691080482E-003   5.5627171433406267E-003   6.7740152410917034E-003
   651.33543626567803        5.7778950166398691E-003   5.5588674028771642E-003   6.7666490954993953E-003
   674.34163286578985        5.7779398128863738E-003   5.5557415095939464E-003   6.7601953086483162E-003
   698.16073213207346        5.7779757931725965E-003   5.5532033017458658E-003   6.7544369499185509E-003
   722.82116976782140        5.6938757762021765E-003   5.4671308697163100E-003   6.5904851353411845E-003
   748.35235540965130        5.6015219768543265E-003   5.3733662772040393E-003   6.4116330467480602E-003
   774.78566186873422        5.5262521659966823E-003   5.2972299529524484E-003   6.2657230751554781E-003
   802.15264573967897        5.4647590448684627E-003   5.2354084961518934E-003   6.1464989951047749E-003
   830.48594444209971        5.4143558449188372E-003   5.1852110144239754E-003   6.0488765200764662E-003
   859.82037403360118        5.3728583402524810E-003   5.1444509402525764E-003   5.9687213884216748E-003
   890.19058800385733        5.3384939280282243E-003   5.1113547761643102E-003   5.9026785714575937E-003
   921.63390537915473        5.3098207129268519E-003   5.0844808761878451E-003   5.8480197997679154E-003
   954.18786380243341        5.2856682981042005E-003   5.0626597065583871E-003   5.8025321521210302E-003
   987.89128659474920        5.2650858861080455E-003   5.0449414608158072E-003   5.7644200533628221E-003
   1022.7855886411724        5.2473009887086496E-003   5.0305543444546909E-003   5.7322272439677378E-003
   1058.9119914466876        5.2316880670080605E-003   5.0188723646368370E-003   5.7047771718135255E-003
   1096.3148872627712        5.2177401652378002E-003   5.0093866624172255E-003   5.6811190765065512E-003
   1135.0389283928459        5.2050487701281178E-003   5.0016844265166243E-003   5.6604891661229196E-003
   1175.1302964981960        5.1932858369804612E-003   4.9954304029802294E-003   5.6422759341121899E-003
   1216.6382559936744        5.1821894437745842E-003   4.9903521708769610E-003   5.6259923526704846E-003
   1259.6123598874483        5.1715533275074974E-003   4.9862287290155325E-003   5.6112548487171265E-003
   1304.1038583964914        5.1612173083657436E-003   4.9828805970204620E-003   5.5977642921372431E-003
   1350.1674228314519        5.1510595414872911E-003   4.9801619325823875E-003   5.5852905593485030E-003
   1397.8574692241625        4.5909368839090990E-003   4.4427337070088039E-003   4.9701886137602713E-003
   1447.2325992722181        4.0856019173760557E-003   3.9579981794590933E-003   4.4147194781223456E-003
   1498.3517579647787        3.6744640616639067E-003   3.5644008161679203E-003   3.9631812594426372E-003
   1551.2759091786245        2.9880448733975141E-003   2.9042629488153092E-003   3.2240117656047152E-003
   1606.0700862978565        2.4212960491878546E-003   2.3582142714736356E-003   2.6138645798967409E-003
   1662.7990190437411        1.9619687042171608E-003   1.9148363583349906E-003   2.1192858193599725E-003
   1721.5324161293761        1.5897302583810450E-003   1.5548159747739616E-003   1.7183819221523425E-003
   1782.3403946248577        1.2880994700065296E-003   1.2624852796895660E-003   1.3934147333544025E-003
   1845.2954731357936        1.0437047992757785E-003   1.0251200430152808E-003   1.1299994024804476E-003
   1910.4750110852074        8.4569345501203706E-004   8.3238079954103621E-004   9.1646550849939221E-004
   1977.9568210713478        6.8527255351031062E-004   6.7587966908403275E-004   7.4336123337655408E-004
   2047.8213808026539        5.5531176705924268E-004   5.4880465268865785E-004   6.0302430137799392E-004
   2120.1545400970977        4.5002676123852997E-004   4.4562045070658884E-004   4.8924033906842053E-004
   2195.0417479108573        3.6473431257544390E-004   3.6183745105460008E-004   3.9697879763205262E-004
   2272.5750259096239        2.9563508760203661E-004   2.9380612433136218E-004   3.2215882871227904E-004
   2352.8469348264384        2.3965334849412396E-004   2.3856579368173331E-004   2.6147670233217540E-004
   2435.9532056335870        1.9429685856218987E-004   1.9371202232245247E-004   2.1225504220810814E-004
   2521.9959596104222        1.5754533789656477E-004   1.5729101105778573E-004   1.7232288053020103E-004
   2611.0779162676686        1.2776389691678908E-004   1.2771774236292657E-004   1.3992269082188844E-004
   2703.3053132971791        1.0362824421420584E-004   1.0370498543720934E-004   1.1363007462009249E-004
   2798.7914800504532        8.4065169141184893E-005   8.4206761230332865E-005   9.2289901564700957E-005
   2897.6492167059700        6.8206548206134246E-005   6.8374689260410133E-005   7.4967033519926542E-005
   3000.0000000000000        5.5348648205104690E-005   5.5519135444415268E-005   6.0902681819427070E-005
