         200   4370.0000000000000     
   3.0000000000000000        1.3018366476445985E-003   2.0113512193713623        6.3561004391496953E-004
   3.1059655287322618        1.3931358134314049E-003   2.0113512193713623        6.7758989989916076E-004
   3.2156739552243598        1.4905135105013215E-003   2.0113512193713623        7.2247996897805095E-004
   3.3292574962321346        1.5943031908457368E-003   2.0113512193713623        7.7048196940806592E-004
   3.4468529954360925        1.7048495815626670E-003   2.0113512193713623        8.2181084667983569E-004
   3.5686022069563790        1.8225098144582783E-003   2.0113512193713623        8.7669553633026019E-004
   3.6946518254059528        1.9476547631796758E-003   2.0113512193713623        9.3537963571575301E-004
   3.8251536998800524        2.0806710501016256E-003   2.0113512193713623        9.9812217350669246E-004
   3.9602651907155879        2.2219637616265392E-003   2.0113512193713623        1.0651984778118507E-003
   4.1001490688558144        2.3719592839831129E-003   2.0113512193713623        1.1369008510339132E-003
   4.2449739038313119        2.5311092509022705E-003   2.0113512193713623        1.2135395133485436E-003
   4.3949142193596993        2.6998948839559661E-003   2.0113512193713623        1.2954434783165512E-003
   4.5501507036585132        2.8788320145205731E-003   2.0113512193713623        1.3829615071243738E-003
   4.7108703059600501        3.0684765815092441E-003   2.0113512193713623        1.4764630594264140E-003
   4.8772669425686850        3.2694314400966572E-003   2.0113512193713623        1.5763396797558032E-003
   5.0495410155906377        3.4823523201227588E-003   2.0113512193713623        1.6830057851137164E-003
   5.2279001269311909        3.7079557043832095E-003   2.0113512193713623        1.7969002565460085E-003
   5.4125592113782046        3.9470264966384103E-003   2.0113512193713623        1.9184878265072615E-003
   5.6037407956130689        4.2004262636511028E-003   2.0113512193713623        2.0482606892184619E-003
   5.8016752663703963        4.4691018758392697E-003   2.0113512193713623        2.1867402885491251E-003
   6.0066011480696169        4.7540945153504181E-003   2.0113512193713623        2.3344793056362524E-003
   6.2187653902530293        5.0565490319418047E-003   2.0113512193713623        2.4920638687290489E-003
   6.4384236651766908        5.3777236425766308E-003   2.0113512193713623        2.6601160076883874E-003
   6.6658406759127811        5.7189999901334151E-003   2.0113512193713623        2.8392963752179351E-003
   6.9012904753346884        6.0818936000842962E-003   2.0113512193713623        3.0303072563311246E-003
   7.1450567963692624        6.4680648014447039E-003   2.0113512193713623        3.2338958868604294E-003
   7.3974330131920443        6.8793295804124924E-003   2.0113512193713623        3.4508577691002239E-003
   7.6587243988323896        7.3176749051791813E-003   2.0113512193713623        3.6820423281652623E-003
   7.9292442763577622        7.7852647622213772E-003   2.0113512193713623        3.9283535791905999E-003
   8.2093202460023029        8.2844641583135863E-003   2.0113512193713623        4.1907600831556768E-003
   8.4992881560440416        8.8178434658234637E-003   2.0113512193713623        4.4702942487168471E-003
   8.7994991583321234        9.3882074189766337E-003   2.0113512193713623        4.7680641581751325E-003
   9.1103132457223861        9.9986015370166059E-003   2.0113512193713623        5.0852529591120391E-003
   9.4321068148357909        1.0652347195638704E-002   2.0113512193713623        5.4231324607442108E-003
   9.7652657388916850        1.1353051396000671E-002   2.0113512193713623        5.7830626156855115E-003
   10.110193474162946        1.2104649836596345E-002   2.0113512193713623        6.1665071207873427E-003
   10.467303634806061        1.2911421373237628E-002   2.0113512193713623        6.5750330081238940E-003
   10.837027566606025        1.3778038364003238E-002   2.0113512193713623        7.0103272106494929E-003
   11.219811965471335        1.4709600159623967E-002   2.0113512193713623        7.4742029728912451E-003
   11.616115840724994        1.5711667804992467E-002   2.0113512193713623        7.9686055771000432E-003
   12.026419117330413        1.6790332110598449E-002   2.0113512193713623        8.4956332280699716E-003
   12.451213803399156        1.7952242242393061E-002   2.0113512193713623        9.0575372173133401E-003
   12.891014326336300        1.9204687741176694E-002   2.0113512193713623        9.6567473598290696E-003
   13.346348065368609        2.0555630582622539E-002   2.0113512193713623        1.0295872609112595E-002
   13.817766430769083        2.2013797495400365E-002   2.0113512193713623        1.0977730463059294E-002
   14.305834715756038        2.3588712412553590E-002   2.0113512193713623        1.1705348201395790E-002
   14.811143972217785        2.5290797348161798E-002   2.0113512193713623        1.2481996936235789E-002
   15.334300133051286        2.7131402137022947E-002   2.0113512193713623        1.3311193649142454E-002
   15.875936741648431        2.9122913088960114E-002   2.0113512193713623        1.4196740635502436E-002
   16.436703292225193        3.1278778178749723E-002   2.0113512193713623        1.5142728500339063E-002
   17.017278874447534        3.3613624650485320E-002   2.0113512193713623        1.6153581810408348E-002
   17.618359675531394        3.6143279320802510E-002   2.0113512193713623        1.7234063170508487E-002
   18.240671728221173        3.8884889040232899E-002   2.0113512193713623        1.8389322421733842E-002
   18.884968846184627        4.1856986676558378E-002   2.0113512193713623        1.9624923373371884E-002
   19.552019805756849        4.5079501092600442E-002   2.0113512193713623        2.0946850230793772E-002
   20.242632201214423        4.8573936223912949E-002   2.0112012724205410        2.2361543989234997E-002
   20.957638264717446        5.2363370419938250E-002   2.0108255418846710        2.3875956239400573E-002
   21.697899624358065        5.6472531608466305E-002   2.0105204544246202        2.5497717326854467E-002
   22.464312967141105        6.0927866571478938E-002   2.0102727267423601        2.7234990894776323E-002
   23.257792778673313        6.5757451111781995E-002   2.0100715769671238        2.9096558838717545E-002
   24.079299719823517        7.0991134441797124E-002   2.0099082464199420        3.1091933563235991E-002
   24.929823759061236        7.6660382585554160E-002   2.0097756245086749        3.3231371396020934E-002
   25.810395145829254        8.2798243201979260E-002   2.0096679369665860        3.5525953992937905E-002
   26.722064579292049        8.9439050180362120E-002   2.0095804969005853        3.7987593918791134E-002
   27.665935811728254        9.6618446362350674E-002   2.0095094969016607        4.0629180706330453E-002
   28.643146268414043       0.10437300225674494        2.0094518459862640        4.3464595522392811E-002
   29.654879655490589       0.11274003084112456        2.0094050340732172        4.6508814628372940E-002
   30.702343174827575       0.12163589719548755        1.9939254100904551        4.9724979452032983E-002
   31.786804983723918       0.13116813196983412        1.9744032088829955        5.3160862596921196E-002
   32.909571928103169       0.14143471772354407        1.9585514794855223        5.6861447488899861E-002
   34.072004028335677       0.15247090637650756        1.9456800485102705        6.0845860427030614E-002
   35.275488300232773       0.16431150720625179        1.9352287116874431        6.5134725273946856E-002
   36.521481794408061       0.17699125122557235        1.9267423857144326        6.9750379402199691E-002
   37.811486012809581       0.19054465024038675        1.9198516185579260        7.4716859020321866E-002
   39.147055493126302       0.20500633921604292        1.9142564208061410        8.0060003389152382E-002
   40.529808025860810       0.22041162451254157        1.9097131813999497        8.5807574976968240E-002
   41.961393513511240       0.23679674404227843        1.9060241645849398        9.1989209116808746E-002
   43.443545167355794       0.25420021535867277        1.9030287392395686        9.8636710659372406E-002
   44.978049075047366       0.27266342598951748        1.9005964995807043       0.10578401744321438     
   46.566763998623138       0.29223191016273004        1.8986215475676258       0.11346738355349598     
   48.211585595230147       0.31295602348260787        1.8970179272135823       0.12172530446846640     
   49.914505239722644       0.33489280788675585        1.8957158119634354       0.13059890973795521     
   51.677575059319224       0.35810666463522212        1.8946585142555459       0.14013191470005307     
   53.502930680545909       0.38267063796648254        1.8938000000754123       0.15037087070436031     
   55.392750120602578       0.40866665996547796        1.8931029042450376       0.16136507600990158     
   57.349321371645829       0.43618699425303964        1.8925368730711065       0.17316711348199040     
   59.375002227322796       0.46533388785902829        1.8920772643976582       0.18583280253740539     
   61.472246417894510       0.49621970875932647        1.8917040671793919       0.19942154769204326     
   63.643556378429672       0.52896552725483037        1.8914010387253766       0.21399623187335426     
   65.891560899834928       0.56370100632279452        1.8911549842460782       0.22962393177803267     
   68.218968971510208       0.60056191384166990        1.8909551917646108       0.24637583999769977     
   70.628585269218178       0.63694813767497127        1.8899823131264109       0.26312777418575189     
   73.123328588587739       0.66828662161160823        1.8870845691775984       0.27788543955836015     
   75.706175661273647       0.70276358895094970        1.8847316607796447       0.29425687131497991     
   78.380253523498894       0.74037200347656529        1.8828211350748327       0.31227798596068868     
   81.148784610322849       0.78110705359973487        1.8812698173644071       0.33199541723476017     
   84.015122474940881       0.82496188501801737        1.8800101643429807       0.35346600386775412     
   86.982687236203873       0.87192246513817828        1.8789873520362386       0.37675556709912272     
   90.055071705548812       0.92196580705651998        1.8781568440551693       0.40193897600735784     
   93.235978303002270       0.97505642626196809        1.8774824842512470       0.42909894207129157     
   96.529260096906100        1.0311452602829407        1.8769349114627512       0.45832559727835931     
   99.938826062156153        1.0901671191844409        1.8764902960093464       0.48971485146031141     
   103.46886588546354        1.1520443862141290        1.8761292707500241       0.52336962693572397     
   107.12359379692580        1.2166830408406519        1.8758361241121646       0.55939667430136841     
   110.90736836557576        1.2839755770433821        1.8755980963502947       0.59790672968238923     
   114.82483910697920        1.3538047218488689        1.8754048191400763       0.63901513261583565     
   118.88068277378797        1.4260397904726825        1.8752478811893747       0.68283815060463793     
   123.07973629915718        1.5005398298025272        1.8751204514858224       0.72949319818443725     
   127.42715949490271        1.5771567941203293        1.8750169792798628       0.77909955365616457     
   131.92808807993632        1.6557290513249974        1.8749329624281521       0.83177321331389054     
   136.58805281121437        1.7360876625932917        1.8748647412148749       0.88763030919375807     
   141.41261684513370        1.8180481886052480        1.8748093466994293       0.94678139934022842     
   146.40753387824964        1.9014110016117749        1.8747643677338566        1.0093315882856713     
   151.57894168226974        1.9711061054785743        1.8709428721145522        1.0585019243137150     
   156.93294936957258        2.0113982229260006        1.8599386085420906        1.0743708241523269     
   162.47613596373097        2.0576886341760630        1.8510032081200927        1.0970333949954951     
   168.21511902855468        2.1087421935580206        1.8437478083274896        1.1262921033721405     
   174.15674278185460        2.1635132563208486        1.8378566045712759        1.1619709930770130     
   180.30830831190286        2.2210993850929253        1.8330729800985659        1.2039051691589953     
   186.67715947709803        2.2806992829123134        1.8291887548408221        1.2519299676156117     
   193.27089166569760        2.3415854128776212        1.8260348607643502        1.3058768339097810     
   200.09760727912413        2.4030847309052565        1.8234739164288791        1.3655730015813581     
   207.16537088595135        2.4645586243372333        1.8213944934722048        1.4308360568834533     
   214.48286737908427        2.5253992505995506        1.8197060136714194        1.5014799518308186     
   222.05883252794877        2.5850195554649655        1.8183349955392958        1.5773107635976391     
   229.90230130529540        2.6428543469366566        1.8172217629951595        1.6581300818131091     
   238.02291179328489        2.6983639894097320        1.8163178244008911        1.7437396629287754     
   246.43025707061713        2.7510334872884248        1.8155838487973153        1.8339361906268803     
   255.13466811288930        2.8003829479582163        1.8149878647158086        1.9285211328063971     
   264.14653641505117        2.8459691206381463        1.8145039353363563        2.0272953130934788     
   273.47660938458705        2.8873936668290221        1.8141109967444840        2.1300640312617332     
   283.13635184814427        2.9243103457384869        1.8137919328074470        2.2366432814869515     
   293.13729579387660        2.9564272852561686        1.8135328580807166        2.3468549180344165     
   303.49136818478553        2.9835129367176259        1.8133224958612795        2.4605326404817576     
   314.21129214162710        3.0053997842428881        1.8131516829166410        2.5775286527503636     
   325.30973137660959        3.0219838865556041        1.8130129870639269        2.6977062829224105     
   336.80032369109853        3.0332271639664685        1.8129003668078993        2.8209528109119968     
   348.69678677735646        3.0391546741196613        1.8128089209919747        2.9471707541097376     
   361.01330816366544        3.0398529616281929        1.8127346692691617        3.0762824808713392     
   373.76502243504467        3.0035048453828153        1.7719361493410462        3.1747045688108204     
   386.96715283564077        2.8567456320010813        1.6037651064707856        3.1548062522360363     
   400.63544401132759        2.7230824221152963        1.4672144121239654        3.1417456987175898     
   414.78669160661980        2.6004647027004202        1.3563360126875608        3.1363885194347074     
   429.43761284149554        2.4871852360363094        1.2663055165171497        3.1395644027497007     
   444.60621081975989        2.3818254125258616        1.1932012575927220        3.1519598894292518     
   460.31059410826708        2.2832256783079243        1.1338417885159282        3.1740626216394232     
   476.56949149896485        2.1904453484141584        1.0856433794429206        3.2061487253706669     
   493.40288198244309        2.1027272100935521        1.0465065410770718        3.2483026079103388     
   510.83065126063684        2.0194758188258559        1.0147284039960123        3.3004487036720951     
   528.87421463804299        1.9402229597178027       0.98892473457145713        3.3623954843360084     
   547.55511287104378        1.8646114538343781       0.96797257474096077        3.4338692001181261     
   566.89562449487210        1.7923715482817550       0.95095994329092270        3.5145467052367181     
   586.91951519858117        1.7233007210566280       0.93714578178552344        3.6040825735546598     
   607.65068989177485        1.6572534576067526       0.92592890735486533        3.7021195527686190     
   629.11387223602765        1.5941254337695925       0.91682108495116643        3.8083007011776169     
   651.33543626567803        1.5338404330285775       0.90942558414244257        3.9222782091482986     
   674.34163286578985        1.4763463963601045       0.90342062185382677        4.0437051413150291     
   698.16073213207346        1.4216022873518663       0.89854462608959640        4.1722443703642247     
   722.82116976782140        1.3616251795549250       0.88651950148433289        4.2885861072778262     
   748.35235540965130        1.3035532543961881       0.87446308512775728        4.4090422200823651     
   774.78566186873422        1.2497659325927006       0.86467334253471717        4.5391527589048710     
   802.15264573967897        1.1999311487337916       0.85672423079661342        4.6779946741320408     
   830.48594444209971        1.1537681589862039       0.85026975023472984        4.8247119720117304     
   859.82037403360118        1.1110347662331035       0.84502874814888673        4.9785021615279810     
   890.19058800385733        1.0715221201604781       0.84077318511210442        5.1385872982341354     
   921.63390537915473        1.0350436710777100       0.83731769174771242        5.3042141622543433     
   954.18786380243341        1.0014331346499872       0.83451188734552506        5.4746285814060833     
   987.89128659474920       0.97053876705113840       0.83223364411898049        5.6490698024800521     
   1022.7855886411724       0.94221923698654830       0.83038372337200606        5.8267672079242718     
   1058.9119914466876       0.91634370064227200       0.82888163384354363        6.0069172385872616     
   1096.3148872627712       0.89278728572918509       0.82766194555471462        6.1886929706583373     
   1135.0389283928459       0.87143194400115220       0.82667157850457129        6.3712233488949366     
   1175.1302964981960       0.85216438526243243       0.82586742514946732        6.5535951994416237     
   1216.6382559936744       0.83487473657647449       0.82521445712655084        6.7348571623527596     
   1259.6123598874483       0.81945732775284708       0.82468425771362319        6.9140061503724732     
   1304.1038583964914       0.80580946153305333       0.82425374900806847        7.0899957882337468     
   1350.1674228314519       0.79383068740140406       0.82390417834902718        7.2617471249980099     
   1397.8574692241625       0.66709944897947471       0.69180391323189128        6.4077717187490340     
   1447.2325992722181       0.55022536700814384       0.56507987687896466        5.5985238414106293     
   1498.3517579647787       0.45548746350064678       0.46218202075057252        4.9292782796602035     
   1551.2759091786245       0.36574049162501532       0.37538085812637717        4.0902788668209880     
   1606.0700862978565       0.29383396832980541       0.30480315056621854        3.3819346516192574     
   1662.7990190437411       0.23643372377194383       0.24749581151272204        2.7918268253382883     
   1721.5324161293761       0.19052896804054059       0.20096257299199707        2.3008994865121455     
   1782.3403946248577       0.15375255479640734       0.16317834025844838        1.8931031500981998     
   1845.2954731357936       0.12423847269052081       0.13249848523068261        1.5549064708405858     
   1910.4750110852074       0.10051238544265349       0.10758661468552311        1.2748979421557407     
   1977.9568210713478        8.1408900621916594E-002   8.7358581038410765E-002   1.0434798056222250     
   2047.8213808026539        6.6004165018223246E-002   7.0933921996991153E-002  0.85257472256484168     
   2120.1545400970977        5.3563980802563770E-002   5.7597190796080285E-002  0.69538615863162534     
   2195.0417479108573        4.3504687528439286E-002   4.6768097542456540E-002  0.56621423911122348     
   2272.5750259096239        3.5360408948688901E-002   3.7974934438798104E-002  0.46027222291044489     
   2352.8469348264384        2.8759245191023720E-002   3.0835029034949973E-002  0.37355565349172970     
   2435.9532056335870        2.3403427190449137E-002   2.5037603843157525E-002  0.30271604548839082     
   2521.9959596104222        1.9053949771469982E-002   2.0330127039812948E-002  0.24495705402452353     
   2611.0779162676686        1.5518925072267296E-002   1.6507732450918595E-002  0.19795258506655627     
   2703.3053132971791        1.2643855668100199E-002   1.3404043336118273E-002  0.15976988416548404     
   2798.7914800504532        1.0304066764080163E-002   1.0883865148498069E-002  0.12880602228745189     
   2897.6492167059700        8.3989752602560506E-003   8.8375432875893462E-003  0.10373752957506747     
   3000.0000000000000        6.8471317484603061E-003   7.1759413912780750E-003   8.3472089184752671E-002
