         200   4370.0000000000000     
   3.0000000000000000        6.1579426583100874E-003  0.12657625389206342        5.7439838374759326E-003
   3.1059655287322618        6.6287927511628512E-003  0.12657625389206342        6.2438030114248724E-003
   3.2156739552243598        7.1353316352539622E-003  0.12657625389206342        6.7897682813060712E-003
   3.3292574962321346        7.6795340395706436E-003  0.12657625389206342        7.3861519715868445E-003
   3.4468529954360925        8.2633272306893001E-003  0.12657625389206342        8.0375985990265263E-003
   3.5686022069563790        8.8885730158699133E-003  0.12657625389206342        8.7491513634148782E-003
   3.6946518254059528        9.5570503990865495E-003  0.12657625389206342        9.5262771994417978E-003
   3.8251536998800524        1.0270441585518184E-002  0.12657625389206342        1.0374892120292554E-002
   3.9602651907155879        1.1030321737601403E-002  0.12657625389206342        1.1301386181597635E-002
   4.1001490688558144        1.1838149364752202E-002  0.12657625389206342        1.2312642989187526E-002
   4.2449739038313119        1.2695262584013519E-002  0.12657625389206342        1.3416058662649361E-002
   4.3949142193596993        1.3602877173754791E-002  0.12657625389206342        1.4619554061886038E-002
   4.5501507036585132        1.4562087608834097E-002  0.12657625389206342        1.5931580217694360E-002
   4.7108703059600501        1.5573869496026115E-002  0.12657625389206342        1.7361113287467127E-002
   4.8772669425686850        1.6639087272811756E-002  0.12657625389206342        1.8917642879165985E-002
   5.0495410155906377        1.7758494990010684E-002  0.12657625389206342        2.0611134498784187E-002
   5.2279001269311909        1.8932744282933935E-002  0.12657625389206342        2.2451983684376686E-002
   5.4125592113782046        2.0162387485494086E-002  0.12657625389206342        2.4450942130239035E-002
   5.6037407956130689        2.1447879477417206E-002  0.12657625389206342        2.6619017542458403E-002
   5.8016752663703963        2.2789576828578260E-002  0.12657625389206342        2.8967341502862756E-002
   6.0066011480696169        2.4187733716649045E-002  0.12657625389206342        3.1507000545452572E-002
   6.2187653902530293        2.5642494320852114E-002  0.12657625389206342        3.4248825843108642E-002
   6.4384236651766908        2.7153881651179879E-002  0.12657625389206342        3.7203137491931854E-002
   6.6658406759127811        2.8721783041114560E-002  0.12657625389206342        4.0379440495533769E-002
   6.9012904753346884        3.0345932793263367E-002  0.12657625389206342        4.3786071327679768E-002
   7.1450567963692624        3.2025892702002554E-002  0.12657625389206342        4.7429796514739893E-002
   7.3974330131920443        3.3761028754312757E-002  0.12657625389206342        5.1315362179405029E-002
   7.6587243988323896        3.5550503346442296E-002  0.12657625389206342        5.5445045366396030E-002
   7.9292442763577622        3.7393226477324522E-002  0.12657625389206342        5.9818090106031091E-002
   8.2093202460023029        3.9287877872832402E-002  0.12657625389206342        6.4430302967327796E-002
   8.4992881560440416        4.1232848483620639E-002  0.12657625389206342        6.9273478961063312E-002
   8.7994991583321234        4.3226274524958190E-002  0.12657625389206342        7.4335098746390507E-002
   9.1103132457223861        4.5265985066782165E-002  0.12657625389206342        7.9597895916856065E-002
   9.4321068148357909        4.7349548014512140E-002  0.12657625389206342        8.5039790711126051E-002
   9.7652657388916850        4.9474225669128957E-002  0.12657625389206342        9.0633747805595050E-002
   10.110193474162946        5.1637033144740448E-002  0.12657625389206342        9.6348087248897291E-002
   10.467303634806061        5.3834701837102525E-002  0.12657625389206342       0.10214675610209946     
   10.837027566606025        5.6063742156097683E-002  0.12657625389206342       0.10799007966430763     
   11.219811965471335        5.8320446457869796E-002  0.12657625389206342       0.11383556491458093     
   11.616115840724994        6.0600893180379728E-002  0.12657625389206342       0.11963889317326029     
   12.026419117330413        6.2901020563245910E-002  0.12657625389206342       0.12535523045495961     
   12.451213803399156        6.5216600604472846E-002  0.12657625389206342       0.13094036061214726     
   12.891014326336300        6.7543322136500605E-002  0.12657625389206342       0.13635209746450053     
   13.346348065368609        6.9876764470439320E-002  0.12657625389206342       0.14155135963834276     
   13.817766430769083        7.2212480494836875E-002  0.12657625389206342       0.14650336195400013     
   14.305834715756038        7.4545968430688309E-002  0.12657625389206342       0.15117835206137734     
   14.811143972217785        7.6872753087248960E-002  0.12657625389206342       0.15555234001172338     
   15.334300133051286        7.9188355237025027E-002  0.12657625389206342       0.15960733162927859     
   15.875936741648431        8.1488370190441708E-002  0.12657625389206342       0.16333150782449596     
   16.436703292225193        8.3768435224089693E-002  0.12657625389206342       0.16671895656943583     
   17.017278874447534        8.6024305388504557E-002  0.12657625389206342       0.16976937749306134     
   17.618359675531394        8.8251819962176584E-002  0.12657625389206342       0.17248745266222978     
   18.240671728221173        9.0446969289681808E-002  0.12657625389206342       0.17488224944872105     
   18.884968846184627        9.2605899973553396E-002  0.12657625389206342       0.17696646842460934     
   19.552019805756849        9.4724889575130006E-002  0.12657625389206342       0.17875566134941973     
   20.242632201214423        9.6800442153853652E-002  0.12657143999246659       0.18026756970745958     
   20.957638264717446        9.8829255227718002E-002  0.12655937753260837       0.18152141155280074     
   21.697899624358065       0.10080825081645416       0.12654958299932245       0.18253732951872306     
   22.464312967141105       0.10273460447565239       0.12654162994537083       0.18333581845501973     
   23.257792778673313       0.10460571721434592       0.12653517222938118       0.18393729755508353     
   24.079299719823517       0.10641930076090135       0.12652992866256690       0.18436179279268985     
   24.929823759061236       0.10817334745164139       0.12652567096635045       0.18462865205065895     
   25.810395145829254       0.10986616662016790       0.12652221376356904       0.18475635910159341     
   26.722064579292049       0.11149635858523869       0.12651940658612285       0.18476240316679365     
   27.665935811728254       0.11306288730623786       0.12651712720088476       0.18466320848841539     
   28.643146268414043       0.11456505067124674       0.12651527637486351       0.18447409928808409     
   29.654879655490589       0.11600250808053397       0.12651377352436799       0.18420930204156277     
   30.702343174827575       0.11724932696379972       0.11671705392146453       0.18367847162747603     
   31.786804983723918       0.11837831343425424       0.10435159220348224       0.18300870204651595     
   32.909571928103169       0.11945290586567310        9.4311026032417936E-002  0.18231307286426041     
   34.072004028335677       0.12047201867830828        8.6158196067763537E-002  0.18159921637087617     
   35.275488300232773       0.12143512609686687        7.9538266070578775E-002  0.18087411984685176     
   36.521481794408061       0.12234226011763644        7.4162983958153642E-002  0.18014416101324268     
   37.811486012809581       0.12319394863444952        6.9798336930096877E-002  0.17941517943019922     
   39.147055493126302       0.12399118455697872        6.6254310164415214E-002  0.17869251937344544     
   40.529808025860810       0.12473539265209102        6.3376599174963591E-002  0.17798106458609131     
   41.961393513511240       0.12542837392101069        6.1039957127369135E-002  0.17728528552962305     
   43.443545167355794       0.12607229243016160        5.9142639450760079E-002  0.17660923588830102     
   44.978049075047366       0.12666961595628601        5.7602046457631437E-002  0.17595658298799211     
   46.566763998623138       0.12722308022429901        5.6351101789400067E-002  0.17533060532337214     
   48.211585595230147       0.12773563023592080        5.5335360486080329E-002  0.17473420523968858     
   49.914505239722644       0.12821039172813234        5.4510594051857056E-002  0.17416987801935338     
   51.677575059319224       0.12865060726845648        5.3840896296337863E-002  0.17363971272341894     
   53.502930680545909       0.12905958941771439        5.3297109040177593E-002  0.17314536703054509     
   55.392750120602578       0.12944065706755492        5.2855564989247011E-002  0.17268805724754260     
   57.349321371645829       0.12979709496713157        5.2497037959531395E-002  0.17226851779330699     
   59.375002227322796       0.13013208894842065        5.2205919483887336E-002  0.17188699050070633     
   61.472246417894510       0.13044867657620515        5.1969534464252079E-002  0.17154319904679430     
   63.643556378429672       0.13074968855835453        5.1777594697428493E-002  0.17123634017825762     
   65.891560899834928       0.13103771268439707        5.1621742536497976E-002  0.17096506057610147     
   68.218968971510208       0.13131504423211929        5.1495192960718680E-002  0.17072746201981015     
   70.628585269218178       0.13118828954811979        5.1302476318757007E-002  0.16992542870998148     
   73.123328588587739       0.12999347834059299        5.0912086071888664E-002  0.16755432578359741     
   75.706175661273647       0.12890600274670619        5.0595097232791347E-002  0.16538666756562279     
   78.380253523498894       0.12791260326825848        5.0337707133898811E-002  0.16340393168221368     
   81.148784610322849       0.12700199396145789        5.0128710302349035E-002  0.16158895833731465     
   84.015122474940881       0.12616456228553749        4.9959007159941810E-002  0.15992580222303887     
   86.982687236203873       0.12539214080652061        4.9821211703896751E-002  0.15839969525931769     
   90.055071705548812       0.12467776476312920        4.9709323896870376E-002  0.15699694237413458     
   93.235978303002270       0.12401550987593483        4.9618472705398195E-002  0.15570493220647338     
   96.529260096906100       0.12340032724605099        4.9544702531133106E-002  0.15451209500745733     
   99.938826062156153       0.12282792679317590        4.9484802988702663E-002  0.15340790914762337     
   103.46886588546354       0.12229462387136247        4.9436164895550319E-002  0.15238279356931503     
   107.12359379692580       0.12179728507930912        4.9396671555095008E-002  0.15142815313008062     
   110.90736836557576       0.12133322092188109        4.9364603947204821E-002  0.15053628747199171     
   114.82483910697920       0.12090009815135622        4.9338565229103626E-002  0.14970030919883173     
   118.88068277378797       0.12049591007443267        4.9317422213571278E-002  0.14891414913553358     
   123.07973629915718       0.12011890490241109        4.9300254612049219E-002  0.14817246120014846     
   127.42715949490271       0.11976752828703129        4.9286314615712881E-002  0.14747053677871982     
   131.92808807993632       0.11944041530308466        4.9274995686208529E-002  0.14680430327131930     
   136.58805281121437       0.11913632463735416        4.9265804778811255E-002  0.14617019641846718     
   141.41261684513370       0.11885413943506093        4.9258341911510961E-002  0.14556515762302452     
   146.40753387824964       0.11859283200813769        4.9252282249310650E-002  0.14498655190382559     
   151.57894168226974       0.11660784462465838        4.9041642779261013E-002  0.14261638996929341     
   156.93294936957258       0.11134934261741199        4.8441160824089002E-002  0.13684399352051715     
   162.47613596373097       0.10708264975593132        4.7953572837822103E-002  0.13211037050781060     
   168.21511902855468       0.10362121795698738        4.7557659324452772E-002  0.12821863587232393     
   174.15674278185460       0.10081375108369219        4.7236187421626025E-002  0.12500954086122984     
   180.30830831190286        9.8537461120312975E-002   4.6975154036041973E-002  0.12235417348108175     
   186.67715947709803        9.6692839983682027E-002   4.6763199173116575E-002  0.12014833737634159     
   193.27089166569760        9.5199134435720853E-002   4.6591097108405054E-002  0.11830768451695978     
   200.09760727912413        9.3990745103134099E-002   4.6451351195239410E-002  0.11676384902723838     
   207.16537088595135        9.3014444687175846E-002   4.6337880997581016E-002  0.11546149676722373     
   214.48286737908427        9.2226909625341219E-002   4.6245743832257373E-002  0.11435567202050789     
   222.05883252794877        9.1592901006649158E-002   4.6170929952788271E-002  0.11340988704035665     
   229.90230130529540        9.1083673693775749E-002   4.6110182947751412E-002  0.11259442722593443     
   238.02291179328489        9.0675710408373245E-002   4.6060856719706493E-002  0.11188500359238235     
   246.43025707061713        9.0349741729898070E-002   4.6020805052225056E-002  0.11126174341250256     
   255.13466811288930        9.0089879400852987E-002   4.5988283322428450E-002  0.11070825321297276     
   264.14653641505117        8.9882975384594513E-002   4.5961876206856760E-002  0.11021097129461783     
   273.47660938458705        8.9718064017771867E-002   4.5940434287335796E-002  0.10975857608093202     
   283.13635184814427        8.9585919212270812E-002   4.5923023568710732E-002  0.10934151698235026     
   293.13729579387660        8.9478710732767072E-002   4.5908886348403226E-002  0.10895168046211141     
   303.49136818478553        8.9389710709949971E-002   4.5897407277951024E-002  0.10858208028143390     
   314.21129214162710        8.9313062022833387E-002   4.5888086337000436E-002  0.10822661419532870     
   325.30973137660959        8.9243601817816640E-002   4.5880517965317440E-002  0.10787991246916728     
   336.80032369109853        8.9176708450924597E-002   4.5874372489876601E-002  0.10753716324997692     
   348.69678677735646        8.9108193267130972E-002   4.5869382463785635E-002  0.10719403506566888     
   361.01330816366544        8.9034209737362022E-002   4.5865330686999863E-002  0.10684658604441850     
   373.76502243504467        8.8730487484143195E-002   4.5597926217244511E-002  0.10611935870075223     
   386.96715283564077        8.7721410182951820E-002   4.4505284133500932E-002  0.10422132450641261     
   400.63544401132759        8.6864554534505201E-002   4.3618086000806654E-002  0.10260144600006627     
   414.78669160661980        8.6126021816329626E-002   4.2897686083349998E-002  0.10120131672864131     
   429.43761284149554        8.5477780002989459E-002   4.2312739309772515E-002   9.9973424133009442E-002
   444.60621081975989        8.4896545441932189E-002   4.1837765803998811E-002   9.8879019985131100E-002
   460.31059410826708        8.4362989431584184E-002   4.1452095043593158E-002   9.7886618463489519E-002
   476.56949149896485        8.3861022914383604E-002   4.1138940000823493E-002   9.6970647972650856E-002
   493.40288198244309        8.3377222462909503E-002   4.0884659859050265E-002   9.6110375091829653E-002
   510.83065126063684        8.2900419309060003E-002   4.0678190723073521E-002   9.5289130829163057E-002
   528.87421463804299        8.2421287438281171E-002   4.0510538940417742E-002   9.4493540948393961E-002
   547.55511287104378        8.1932088459372568E-002   4.0374408420053465E-002   9.3713037019009543E-002
   566.89562449487210        8.1426417088764164E-002   4.0263873831219064E-002   9.2939370496416235E-002
   586.91951519858117        8.0898990482757421E-002   4.0174120363827684E-002   9.2166211700348818E-002
   607.65068989177485        8.0345528830329430E-002   4.0101242008304505E-002   9.1388895087785235E-002
   629.11387223602765        7.9762612869124769E-002   4.0042066600459565E-002   9.0604133475372758E-002
   651.33543626567803        7.9147559257145464E-002   3.9994016500537251E-002   8.9809772074380928E-002
   674.34163286578985        7.8498385810180690E-002   3.9955001017277642E-002   8.9004668382809321E-002
   698.16073213207346        7.7813683291154442E-002   3.9923320663268938E-002   8.8188457085851157E-002
   722.82116976782140        7.5845347510124242E-002   3.8651809902467228E-002   8.5065756784308527E-002
   748.35235540965130        7.3720618315003511E-002   3.7265324177256261E-002   8.1704959530334645E-002
   774.78566186873422        7.1816495133616140E-002   3.6139505529550579E-002   7.8802827575795556E-002
   802.15264573967897        7.0085091971734195E-002   3.5225359101041478E-002   7.6274416188856137E-002
   830.48594444209971        6.8488005384651884E-002   3.4483094990543681E-002   7.4051285813876572E-002
   859.82037403360118        6.6994517637177953E-002   3.3880380687809658E-002   7.2078286676328679E-002
   890.19058800385733        6.5580302047665948E-002   3.3390991699513040E-002   7.0311180865471987E-002
   921.63390537915473        6.4226119525566519E-002   3.2993610580480989E-002   6.8714383215210284E-002
   954.18786380243341        6.2916992083890538E-002   3.2670943575932462E-002   6.7259437069275715E-002
   987.89128659474920        6.1641377208241317E-002   3.2408946012250188E-002   6.5923583195212160E-002
   1022.7855886411724        6.0390493017260745E-002   3.2196205457130415E-002   6.4688615857660545E-002
   1058.9119914466876        5.9157906026986916E-002   3.2023465429944421E-002   6.3540094694761781E-002
   1096.3148872627712        5.7938987828624534E-002   3.1883201494820414E-002   6.2466499731243505E-002
   1135.0389283928459        5.6730669582138238E-002   3.1769309461140358E-002   6.1458739965658787E-002
   1175.1302964981960        5.5531110938944986E-002   3.1676831969093183E-002   6.0509631580320272E-002
   1216.6382559936744        5.4339421806371767E-002   3.1601740763214543E-002   5.9613481718359819E-002
   1259.6123598874483        5.3155552906816179E-002   3.1540767925531982E-002   5.8765844468766995E-002
   1304.1038583964914        5.1980091796718558E-002   3.1491259501372090E-002   5.7963233799974985E-002
   1350.1674228314519        5.0814088515502613E-002   3.1451058938088847E-002   5.7202896414381525E-002
   1397.8574692241625        4.3004070589973853E-002   2.7154532844392926E-002   4.8941380073714597E-002
   1447.2325992722181        3.6110614436211295E-002   2.3253407621430671E-002   4.1590484174961133E-002
   1498.3517579647787        3.0559427090525084E-002   2.0085757399074623E-002   3.5669138902007527E-002
   1551.2759091786245        2.4267763388197961E-002   1.6343772885913842E-002   2.8718826086289725E-002
   1606.0700862978565        1.9224980809746665E-002   1.3270877723040760E-002   2.3081782149665688E-002
   1662.7990190437411        1.5228213390061383E-002   1.0775763457328572E-002   1.8560275686971800E-002
   1721.5324161293761        1.2061712921395717E-002   8.7497446405333367E-003   1.4932050916433084E-002
   1782.3403946248577        9.5539300122688946E-003   7.1046503180686371E-003   1.2019453901746252E-002
   1845.2954731357936        7.5684433397220727E-003   5.7688747400349094E-003   9.6803245999487961E-003
   1910.4750110852074        5.9968020695390402E-003   4.6842324479756253E-003   7.8008292290965052E-003
   1977.9568210713478        4.7529659393145841E-003   3.8035205504453368E-003   6.2899302392494917E-003
   2047.8213808026539        3.7686609076107319E-003   3.0884044455874939E-003   5.0747315626591058E-003
   2120.1545400970977        2.9897233705417719E-003   2.5077341714661006E-003   4.0968176104787830E-003
   2195.0417479108573        2.3732726116093418E-003   2.0362443848504323E-003   3.3094398802892594E-003
   2272.5750259096239        1.8853203304352831E-003   1.6533973173885983E-003   2.6750982205220497E-003
   2352.8469348264384        1.4989839219927375E-003   1.3425317262930733E-003   2.1637553526482069E-003
   2435.9532056335870        1.1929924794302888E-003   1.0901166161282612E-003   1.7513180171511761E-003
   2521.9959596104222        9.5051546252831424E-004   8.8515695962476226E-004   1.4184424948971153E-003
   2611.0779162676686        7.5825798193493292E-004   7.1873305257459772E-004   1.1496149891712976E-003
   2703.3053132971791        6.0571205813389213E-004   5.8360098895802071E-004   9.3237486658530658E-004
   2798.7914800504532        4.8457088255557976E-004   4.7387450973346659E-004   7.5670356684646187E-004
   2897.6492167059700        3.8827848039388801E-004   3.8477934405798861E-004   6.1455585819908854E-004
   3000.0000000000000        3.1165192795648691E-004   3.1243456825971890E-004   4.9945411108935612E-004
