         200   4370.0000000000000     
   3.0000000000000000        1.2783320983798105E-003   11.940011588796995        6.2423859499952117E-004
   3.1059655287322618        1.3679397136515587E-003   11.940011588796995        6.6546574517007393E-004
   3.2156739552243598        1.4635036973750237E-003   11.940011588796995        7.0955043254112681E-004
   3.3292574962321346        1.5653487309204468E-003   11.940011588796995        7.5669061007361854E-004
   3.4468529954360925        1.6738101063153543E-003   11.940011588796995        8.0709718422960195E-004
   3.5686022069563790        1.7892347956942299E-003   11.940011588796995        8.6099475597133351E-004
   3.6946518254059528        1.9119827276492753E-003   11.940011588796995        9.1862227094355992E-004
   3.8251536998800524        2.0424287247263703E-003   11.940011588796995        9.8023376408630340E-004
   3.9602651907155879        2.1809651403098449E-003   11.940011588796995        1.0460991994529277E-003
   4.1001490688558144        2.3280046186628417E-003   11.940011588796995        1.1165051185146819E-003
   4.2449739038313119        2.4839839503011229E-003   11.940011588796995        1.1917555504578231E-003
   4.3949142193596993        2.6493683170212105E-003   11.940011588796995        1.2721728540177665E-003
   4.5501507036585132        2.8246562093557897E-003   11.940011588796995        1.3580986347110368E-003
   4.7108703059600501        3.0103848138939649E-003   11.940011588796995        1.4498946569754265E-003
   4.8772669425686850        3.2071366872159870E-003   11.940011588796995        1.5479441822521234E-003
   5.0495410155906377        3.4155455984728423E-003   11.940011588796995        1.6526527176091484E-003
   5.2279001269311909        3.6363042521318223E-003   11.940011588796995        1.7644495522750614E-003
   5.4125592113782046        3.8701718029955884E-003   11.940011588796995        1.8837890924294138E-003
   5.6037407956130689        4.1179819300469949E-003   11.940011588796995        2.0111524138502544E-003
   5.8016752663703963        4.3806512956890611E-003   11.940011588796995        2.1470489879566257E-003
   6.0066011480696169        4.6591883582726380E-003   11.940011588796995        2.2920186032187807E-003
   6.2187653902530293        4.9547025172438138E-003   11.940011588796995        2.4466335041511199E-003
   6.4384236651766908        5.2684135855713592E-003   11.940011588796995        2.6115007699994441E-003
   6.6658406759127811        5.6016616033316416E-003   11.940011588796995        2.7872649548288443E-003
   6.9012904753346884        5.9559170294254870E-003   11.940011588796995        2.9746110100834543E-003
   7.1450567963692624        6.3327913753778468E-003   11.940011588796995        3.1742675099204845E-003
   7.3974330131920443        6.7340477620818498E-003   11.940011588796995        3.3870098733069010E-003
   7.6587243988323896        7.1616158265143505E-003   11.940011588796995        3.6136658804354362E-003
   7.9292442763577622        7.6175975552742262E-003   11.940011588796995        3.8551162963672966E-003
   8.2093202460023029        8.1042906297047364E-003   11.940011588796995        4.1123045997855032E-003
   8.4992881560440416        8.6241925878757838E-003   11.940011588796995        4.3862362654651229E-003
   8.7994991583321234        9.1800290093416535E-003   11.940011588796995        4.6779903199338571E-003
   9.1103132457223861        9.7747596814538838E-003   11.940011588796995        4.9887187079973912E-003
   9.4321068148357909        1.0411612672356668E-002   11.940011588796995        5.3196595739966835E-003
   9.7652657388916850        1.1094093732769081E-002   11.940011588796995        5.6721367104322715E-003
   10.110193474162946        1.1826028124314821E-002   11.940011588796995        6.0475747904297677E-003
   10.467303634806061        1.2611574555679296E-002   11.940011588796995        6.4474989147516471E-003
   10.837027566606025        1.3455274040204093E-002   11.940011588796995        6.8735507741795130E-003
   11.219811965471335        1.4362082299889509E-002   11.940011588796995        7.3274948598848711E-003
   11.616115840724994        1.5337403304609918E-002   11.940011588796995        7.8112239994956355E-003
   12.026419117330413        1.6387155224416892E-002   11.940011588796995        8.3267797167404720E-003
   12.451213803399156        1.7517797860251795E-002   11.940011588796995        8.8763523069951607E-003
   12.891014326336300        1.8736411949285922E-002   11.940011588796995        9.4623056262110733E-003
   13.346348065368609        2.0050729685637623E-002   11.940011588796995        1.0087177588829632E-002
   13.817766430769083        2.1469223653497491E-002   11.940011588796995        1.0753708808062737E-002
   14.305834715756038        2.3001137227793202E-002   11.940011588796995        1.1464843678301291E-002
   14.811143972217785        2.4656581174134478E-002   11.940011588796995        1.2223763517591713E-002
   15.334300133051286        2.6446560586328244E-002   11.940011588796995        1.3033888398704552E-002
   15.875936741648431        2.8383077994143552E-002   11.940011588796995        1.3898915511807922E-002
   16.436703292225193        3.0479154567850750E-002   11.940011588796995        1.4822821885271771E-002
   17.017278874447534        3.2748940276262822E-002   11.940011588796995        1.5809908742627068E-002
   17.618359675531394        3.5207728301380165E-002   11.940011588796995        1.6864805209578251E-002
   18.240671728221173        3.7872065413140796E-002   11.940011588796995        1.7992516036508831E-002
   18.884968846184627        4.0759807611970789E-002   11.940011588796995        1.9198447315205713E-002
   19.552019805756849        4.3890119207921678E-002   11.940011588796995        2.0488412314659490E-002
   20.242632201214423        4.7283633535795087E-002   11.939824836271093        2.1868708670951743E-002
   20.957638264717446        5.0962435815192497E-002   11.939356879928885        2.3346127276248622E-002
   21.697899624358065        5.4950115874650603E-002   11.938976906521805        2.4927998940236049E-002
   22.464312967141105        5.9271810680957077E-002   11.938668372269229        2.6622246526106525E-002
   23.257792778673313        6.3954087528042186E-002   11.938417848811408        2.8437389252182449E-002
   24.079299719823517        6.9025048945380418E-002   11.938214427587596        3.0382650754340240E-002
   24.929823759061236        7.4514139903206850E-002   11.938049252658841        3.2467970398253040E-002
   25.810395145829254        8.0452067021685281E-002   11.937915132422431        3.4704080444499096E-002
   26.722064579292049        8.6870460610719638E-002   11.937806229553107        3.7102508761182644E-002
   27.665935811728254        9.3801839939628109E-002   11.937717802085492        3.9675717741231277E-002
   28.643146268414043       0.10127918443399152        11.937646000331524        4.2437114318104527E-002
   29.654879655490589       0.10933569299975200        11.937587698092262        4.5401145458820534E-002
   30.702343174827575       0.11789793943985702        11.927482279697132        4.8537414059448392E-002
   31.786804983723918       0.12705958602339079        11.914747926402574        5.1889059065378711E-002
   32.909571928103169       0.13690523645975355        11.904407825902004        5.5496823155044200E-002
   34.072004028335677       0.14746373601244511        11.896011777336380        5.9379112333877847E-002
   35.275488300232773       0.15876274501386056        11.889194358845106        6.3555708014877754E-002
   36.521481794408061       0.17082907146703083        11.883658719089908        6.8047962608442300E-002
   37.811486012809581       0.18368853510115052        11.879163864103553        7.2878767550892218E-002
   39.147055493126302       0.19736630991776441        11.875514110463239        7.8072634197216814E-002
   40.529808025860810       0.21188747793077922        11.872550550407400        8.3655787006874413E-002
   41.961393513511240       0.22727732931389608        11.870144200686253        8.9656087985028846E-002
   43.443545167355794       0.24356270400191565        11.868190281442704        9.6103295044645404E-002
   44.978049075047366       0.26077263291678898        11.866603728841200       0.10302899363930061     
   46.566763998623138       0.27893963701835589        11.865315465473405       0.11046673887441538     
   48.211585595230147       0.29810047800849998        11.864269422154743       0.11845194506346676     
   49.914505239722644       0.31829802256010131        11.863420050946566       0.12702222546727332     
   51.677575059319224       0.33958200567750196        11.862730374490161       0.13621730295316467     
   53.502930680545909       0.36201036284246391        11.862170364747287       0.14607920735256599     
   55.392750120602578       0.38564961052683105        11.861715648371332       0.15665214395384947     
   57.349321371645829       0.41057631396119598        11.861346425614736       0.16798296350935915     
   59.375002227322796       0.43687690520674421        11.861046622372138       0.18012106517633253     
   61.472246417894510       0.46464792189153509        11.860803185416669       0.19311867713693326     
   63.643556378429672       0.49399480832896481        11.860605519623196       0.20703069619993802     
   65.891560899834928       0.52503184406619663        11.860445018016033       0.22191530591277317     
   68.218968971510208       0.55787987141461826        11.860314693160886       0.23783382496561495     
   70.628585269218178       0.59003336694621344        11.859178737110831       0.25369800638753431     
   73.123328588587739       0.61709656139427416        11.855577894065027       0.26758251031337915     
   75.706175661273647       0.64692554158776261        11.852654083682914       0.28294446355683039     
   78.380253523498894       0.67950753249230400        11.850279994281109       0.29980733447146590     
   81.148784610322849       0.71483213833669434        11.848352269924476       0.31820349988432045     
   84.015122474940881       0.75288680979646738        11.846786978821291       0.33817351762203862     
   86.982687236203873       0.79365152738524902        11.845515994687768       0.35976469562222485     
   90.055071705548812       0.83709639384387857        11.844483974971450       0.38303081009844842     
   93.235978303002270       0.88317771734895123        11.843645990714307       0.40803058395260400     
   96.529260096906100       0.93183629095198328        11.842965556658557       0.43482682162423741     
   99.938826062156153       0.98299449447962961        11.842413061168388       0.46348433500360758     
   103.46886588546354        1.0365589480008712        11.841964437923059       0.49407038231077088     
   107.12359379692580        1.0924166730202740        11.841600163145518       0.52665091138034503     
   110.90736836557576        1.1504374255329097        11.841304381107433       0.56128965497926331     
   114.82483910697920        1.2104769059476437        11.841064207748204       0.59804733068457017     
   118.88068277378797        1.2723738349083511        11.840869190887366       0.63697661714989406     
   123.07973629915718        1.3359530995772386        11.840710842058085       0.67812016926069163     
   127.42715949490271        1.4010290705345729        11.840582263695101       0.72150841015023692     
   131.92808807993632        1.4674008466587696        11.840477861269790       0.76715141153875521     
   136.58805281121437        1.5348584879666418        11.840393087084824       0.81503735147073064     
   141.41261684513370        1.6031770714360158        11.840324251825674       0.86512194393915021     
   146.40753387824964        1.6721180256260768        11.840268359311265       0.91732178924136354     
   151.57894168226974        1.7271746854435821        11.835314797854650       0.95578453546952580     
   156.93294936957258        1.7533187217064343        11.821046585046211       0.96192495544149481     
   162.47613596373097        1.7845107340840756        11.809460876115274       0.97292970455294414     
   168.21511902855468        1.8194985669666810        11.800053468925384       0.98828878210405735     
   174.15674278185460        1.8572286250202215        11.792414888811615        1.0074608199625066     
   180.30830831190286        1.8968003766496226        11.786212404517867        1.0298553413792746     
   186.67715947709803        1.9374266245210576        11.781176088165742        1.0548186676789786     
   193.27089166569760        1.9784063586184473        11.777086724841961        1.0816287629190635     
   200.09760727912413        2.0191051849366839        11.773766184714182        1.1094987382747883     
   207.16537088595135        2.0589370750673193        11.771069988910694        1.1375860648639931     
   214.48286737908427        2.0973585604424994        11.768880693010830        1.1650161707390727     
   222.05883252794877        2.1338600672572814        11.767103020352879        1.1909103038694229     
   229.90230130529540        2.1679655491732301        11.765659594471598        1.2144244406003566     
   238.02291179328489        2.1992343716909528        11.764487540735884        1.2347925453601201     
   246.43025707061713        2.2272612679340806        11.763535862321529        1.2513675937537734     
   255.13466811288930        2.2516832477932320        11.762763104776282        1.2636615853003483     
   264.14653641505117        2.2721818020616240        11.762135638219799        1.2713722877992271     
   273.47660938458705        2.2884888651517850        11.761626151018561        1.2743983493235587     
   283.13635184814427        2.3003916260400863        11.761212450263120        1.2728374237943723     
   293.13729579387660        2.3077351209358432        11.760876531979259        1.2669685914976658     
   303.49136818478553        2.3104258527245740        11.760603774707102        1.2572224552139362     
   314.21129214162710        2.3084332898333955        11.760382297328974        1.2441418883448061     
   325.30973137660959        2.3017901675765571        11.760202463219295        1.2283409436799142     
   336.80032369109853        2.2905914005510075        11.760056438928908        1.2104631275548490     
   348.69678677735646        2.2749923489295347        11.759937869580435        1.1911472989817240     
   361.01330816366544        2.2552055169383425        11.759841594225392        1.1709993054937073     
   373.76502243504467        2.2220272881690963        11.438670388749049        1.1309328908450482     
   386.96715283564077        2.1534610694924767        10.113492073975534        1.0221216600131904     
   400.63544401132759        2.0859207659606871        9.0374803187575310       0.92018479599453773     
   414.78669160661980        2.0189684052646051        8.1637647967382723       0.82636027007090895     
   429.43761284149554        1.9523142048020687        7.4543295743774056       0.74133219554041130     
   444.60621081975989        1.8857850001214891        6.8782721450435398       0.66528626539143165     
   460.31059410826708        1.8193074605355102        6.4105228830155641       0.59802417259820917     
   476.56949149896485        1.7528860342678478        6.0307221431259643       0.53907656476621657     
   493.40288198244309        1.6865833616469337        5.7223260683556454       0.48780617963530321     
   510.83065126063684        1.6205108234707151        5.4719161438824457       0.44349608200186091     
   528.87421463804299        1.5548093826431286        5.2685846869360704       0.40540555874795386     
   547.55511287104378        1.4896441222709575        5.1034828514407522       0.37281479278436436     
   566.89562449487210        1.4251926634987802        4.9694242769677679       0.34504811399960433     
   586.91951519858117        1.3616352901978679        4.8605694649187257       0.32148710548419318     
   607.65068989177485        1.2991533633190957        4.7721811282506028       0.30157864874219270     
   629.11387223602765        1.2379220777281301        4.7004120023761589       0.28483478393961015     
   651.33543626567803        1.1781045860017312        4.6421358739099245       0.27083019123657848     
   674.34163286578985        1.1198542847010025        4.5948171104052857       0.25919948248022900     
   698.16073213207346        1.0633072600251643        4.5563945393169227       0.24963078617376788     
   722.82116976782140        1.0063690210163729        4.5229797311025486       0.23896123940368533     
   748.35235540965130       0.95114982240204882        4.4952178692671190       0.22963306331939104     
   774.78566186873422       0.89840800995502834        4.4726753928599878       0.22232213857276725     
   802.15264573967897       0.84813218647889865        4.4543712687105836       0.21674633313667824     
   830.48594444209971       0.80031222664850488        4.4395087762186867       0.21267774284841207     
   859.82037403360118       0.75493582528632508        4.4274405155114298       0.20993368618210437     
   890.19058800385733       0.71199134581567347        4.4176413886759738       0.20836943462409951     
   921.63390537915473       0.67146315282131641        4.4096845525384074       0.20787163310299397     
   954.18786380243341       0.63333546906489613        4.4032237310266922       0.20835326592940043     
   987.89128659474920       0.59759144163031819        4.3979777050259070       0.20974931107301806     
   1022.7855886411724       0.56421317506360158        4.3937179612790809       0.21201342604343473     
   1058.9119914466876       0.53318623723765357        4.3902591555510559       0.21511508170256136     
   1096.3148872627712       0.50449852917586080        4.3874506246613256       0.21903762980841726     
   1135.0389283928459       0.47814541487709350        4.3851701432645864       0.22377640672739890     
   1175.1302964981960       0.45413145020184498        4.3833184492223038       0.22933753641564336     
   1216.6382559936744       0.43247311758578938        4.3818148840252222       0.23573724182343536     
   1259.6123598874483       0.41320453543732572        4.3805940135433650       0.24300079847992095     
   1304.1038583964914       0.39638102539495573        4.3796026971480710       0.25116227131090246     
   1350.1674228314519       0.38208372841182753        4.3787977537842249       0.26026463862479310     
   1397.8574692241625       0.31927794284027555        3.6661792740721233       0.23134876789350522     
   1447.2325992722181       0.26483749972593484        2.9789202000017321       0.20328193510791143     
   1498.3517579647787       0.22192573601920024        2.4208770113387819       0.18015847923377976     
   1551.2759091786245       0.17786761918830349        1.9657759833232211       0.15324543740367794     
   1606.0700862978565       0.14363827397661777        1.5961781216414681       0.13041598366954041     
   1662.7990190437411       0.11720642647647200        1.2960738719420908       0.11120476372926508     
   1721.5324161293761        9.6721843742580346E-002   1.0523909010872063        9.5003067538684510E-002
   1782.3403946248577        8.0773527784669064E-002  0.85452429268678531        8.1310918691985506E-002
   1845.2954731357936        6.8284341407316110E-002  0.69386153943282258        6.9716074659872992E-002
   1910.4750110852074        5.8431568770307564E-002  0.56340428313648649        5.9877515398257135E-002
   1977.9568210713478        5.0587549891134308E-002  0.45747511314146089        5.1513170385114070E-002
   2047.8213808026539        4.4273332784890339E-002  0.37146326789434547        4.4388842395169964E-002
   2120.1545400970977        3.9123721638698608E-002  0.30162213102433105        3.8309455645291209E-002
   2195.0417479108573        3.4861225343398139E-002  0.24491286900869941        3.3112647929484700E-002
   2272.5750259096239        3.1275285834014926E-002  0.19886526569485122        2.8662510474504077E-002
   2352.8469348264384        2.8207132767498394E-002  0.16147536084957151        2.4845415456463463E-002
   2435.9532056335870        2.5537659216245952E-002  0.13111569023658121        2.1566008314475266E-002
   2521.9959596104222        2.3178125624713435E-002  0.10646380764391455        1.8744018739846661E-002
   2611.0779162676686        2.1063184264900708E-002   8.6446879985063271E-002   1.6311940038994083E-002
   2703.3053132971791        1.9145187688953354E-002   7.0193633743290532E-002   1.4212789384388214E-002
   2798.7914800504532        1.7389769936908380E-002   5.6996088776170718E-002   1.2398319275033600E-002
   2897.6492167059700        1.5772586619050424E-002   4.6280011274505740E-002   1.0827748658982003E-002
   3000.0000000000000        1.4276479919930661E-002   3.7578616328806977E-002   9.4663994885386144E-003
