         200   4370.0000000000000     
   3.0000000000000000        1.2021250074802927E-003   3.0292067400520283E-003   2.0149338896899753E-003
   3.1059655287322618        1.2368976197584714E-003   3.0292067400520283E-003   2.0369681666955668E-003
   3.2156739552243598        1.2715343258393155E-003   3.0292067400520283E-003   2.0590360908915618E-003
   3.3292574962321346        1.3059790228261666E-003   3.0292067400520283E-003   2.0810783139305448E-003
   3.4468529954360925        1.3401763155024230E-003   3.0292067400520283E-003   2.1030359631458401E-003
   3.5686022069563790        1.3740716277280236E-003   3.0292067400520283E-003   2.1248508444926188E-003
   3.6946518254059528        1.4076112563937769E-003   3.0292067400520283E-003   2.1464656269081913E-003
   3.8251536998800524        1.4407425046966673E-003   3.0292067400520283E-003   2.1678240971669802E-003
   3.9602651907155879        1.4734138735983861E-003   3.0292067400520283E-003   2.1888714717097036E-003
   4.1001490688558144        1.5055751673293200E-003   3.0292067400520283E-003   2.2095546704362641E-003
   4.2449739038313119        1.5371777514877514E-003   3.0292067400520283E-003   2.2298227024980712E-003
   4.3949142193596993        1.5681747760354129E-003   3.0292067400520283E-003   2.2496270374868918E-003
   4.5501507036585132        1.5985214321708790E-003   3.0292067400520283E-003   2.2689219994033818E-003
   4.7108703059600501        1.6281752023254359E-003   3.0292067400520283E-003   2.2876651492345517E-003
   4.8772669425686850        1.6570962262432119E-003   3.0292067400520283E-003   2.3058177247565000E-003
   5.0495410155906377        1.6852474460024407E-003   3.0292067400520283E-003   2.3233449156917752E-003
   5.2279001269311909        1.7125949608803204E-003   3.0292067400520283E-003   2.3402162382127043E-003
   5.4125592113782046        1.7391082522222321E-003   3.0292067400520283E-003   2.3564057864552909E-003
   5.6037407956130689        1.7647604032344603E-003   3.0292067400520283E-003   2.3718924345252079E-003
   5.8016752663703963        1.7895282843864140E-003   3.0292067400520283E-003   2.3866599667519543E-003
   6.0066011480696169        1.8133926986164466E-003   3.0292067400520283E-003   2.4006971310621297E-003
   6.2187653902530293        1.8363384819886381E-003   3.0292067400520283E-003   2.4139976135377941E-003
   6.4384236651766908        1.8583545570043300E-003   3.0292067400520283E-003   2.4265599353938201E-003
   6.6658406759127811        1.8794339373479282E-003   3.0292067400520283E-003   2.4383872765565439E-003
   6.9012904753346884        1.8995736843667157E-003   3.0292067400520283E-003   2.4494872325938346E-003
   7.1450567963692624        1.9187748169857968E-003   3.0292067400520283E-003   2.4598715138159704E-003
   7.3974330131920443        1.9370421515966364E-003   3.0292067400520283E-003   2.4695555830163102E-003
   7.6587243988323896        1.9543842606557695E-003   3.0292067400520283E-003   2.4785583400066882E-003
   7.9292442763577622        1.9708129767647955E-003   3.0292067400520283E-003   2.4869015617821695E-003
   8.2093202460023029        1.9863435372600830E-003   3.0292067400520283E-003   2.4946096775793126E-003
   8.4992881560440416        2.0009939326312400E-003   3.0292067400520283E-003   2.5017091449683459E-003
   8.7994991583321234        2.0147849955881852E-003   3.0292067400520283E-003   2.5082282143164564E-003
   9.1103132457223861        2.0277397614768635E-003   3.0292067400520283E-003   2.5141963564816049E-003
   9.4321068148357909        2.0398834974990226E-003   3.0292067400520283E-003   2.5196440365712375E-003
   9.7652657388916850        2.0512430955938283E-003   3.0292067400520283E-003   2.5246022182861681E-003
   10.110193474162946        2.0618470651623446E-003   3.0292067400520283E-003   2.5291021715310134E-003
   10.467303634806061        2.0717249756171739E-003   3.0292067400520283E-003   2.5331750664783267E-003
   10.837027566606025        2.0809074066067473E-003   3.0292067400520283E-003   2.5368518179872813E-003
   11.219811965471335        2.0894255843375261E-003   3.0292067400520283E-003   2.5401628235288448E-003
   11.616115840724994        2.0973110732786845E-003   3.0292067400520283E-003   2.5431377572049580E-003
   12.026419117330413        2.1045957270747657E-003   3.0292067400520283E-003   2.5458054876892938E-003
   12.451213803399156        2.1113113020808901E-003   3.0292067400520283E-003   2.5481938904402613E-003
   12.891014326336300        2.1174894551233472E-003   3.0292067400520283E-003   2.5503298237023520E-003
   13.346348065368609        2.1231614323652418E-003   3.0292067400520283E-003   2.5522390103665661E-003
   13.817766430769083        2.1283580891001018E-003   3.0292067400520283E-003   2.5539460517662628E-003
   14.305834715756038        2.1331096512844355E-003   3.0292067400520283E-003   2.5554743660128605E-003
   14.811143972217785        2.1374457584576001E-003   3.0292067400520283E-003   2.5568462313719643E-003
   15.334300133051286        2.1413952910494067E-003   3.0292067400520283E-003   2.5580827683648155E-003
   15.875936741648431        2.1449864333831607E-003   3.0292067400520283E-003   2.5592040050622052E-003
   16.436703292225193        2.1482465564251025E-003   3.0292067400520283E-003   2.5602288915949874E-003
   17.017278874447534        2.1512022949335121E-003   3.0292067400520283E-003   2.5611753808852584E-003
   17.618359675531394        2.1538794737875500E-003   3.0292067400520283E-003   2.5620604660181452E-003
   18.240671728221173        2.1563031861069728E-003   3.0292067400520283E-003   2.5629002690572807E-003
   18.884968846184627        2.1584977931643026E-003   3.0292067400520283E-003   2.5637101084283040E-003
   19.552019805756849        2.1604869143749292E-003   3.0292067400520283E-003   2.5645045614567158E-003
   20.242632201214423        2.1622935446589451E-003   3.0291925442317144E-003   2.5652975448559978E-003
   20.957638264717446        2.1639400494347862E-003   3.0291535400852154E-003   2.5661024035072188E-003
   21.697899624358065        2.1654482367907835E-003   3.0291171519275799E-003   2.5669321040262495E-003
   22.464312967141105        2.1668394361807541E-003   3.0290832041113005E-003   2.5677991918295834E-003
   23.257792778673313        2.1681345513146245E-003   3.0290515333527353E-003   2.5687159206010017E-003
   24.079299719823517        2.1693542110298859E-003   3.0290219867363222E-003   2.5696943851068839E-003
   24.929823759061236        2.1705188549055012E-003   3.0289944217968953E-003   2.5707466071534734E-003
   25.810395145829254        2.1716488853275764E-003   3.0289687054770747E-003   2.5718846576733151E-003
   26.722064579292049        2.1727647939596764E-003   3.0289447140854188E-003   2.5731207423438625E-003
   27.665935811728254        2.1738873677168520E-003   3.0289223317845654E-003   2.5744673569236972E-003
   28.643146268414043        2.1750378355071031E-003   3.0289014506535879E-003   2.5759373758847798E-003
   29.654879655490589        2.1762380565709680E-003   3.0288819698981941E-003   2.5775441817628610E-003
   30.702343174827575        2.1768416419803505E-003   2.9504618908791011E-003   2.5783170835322424E-003
   31.786804983723918        2.1771468017304650E-003   2.8394407350036967E-003   2.5786781503626161E-003
   32.909571928103169        2.1774961194720379E-003   2.7358657132805653E-003   2.5791123099449254E-003
   34.072004028335677        2.1779098867574054E-003   2.6392368637576206E-003   2.5796289467509442E-003
   35.275488300232773        2.1784091781833683E-003   2.5490894169083456E-003   2.5802379649829351E-003
   36.521481794408061        2.1790158269188180E-003   2.4649881148450020E-003   2.5809498271918345E-003
   37.811486012809581        2.1797523196199591E-003   2.3865274456196487E-003   2.5817755402557552E-003
   39.147055493126302        2.1806416450983915E-003   2.3133290947706668E-003   2.5827266318047544E-003
   40.529808025860810        2.1817070919025110E-003   2.2450397300971866E-003   2.5838151057154457E-003
   41.961393513511240        2.1829719619859611E-003   2.1813308905253102E-003   2.5850533384742824E-003
   43.443545167355794        2.1844593052781280E-003   2.1218949713927406E-003   2.5864540146732827E-003
   44.978049075047366        2.1861915591046021E-003   2.0664453900336851E-003   2.5880299722606591E-003
   46.566763998623138        2.1881902078809434E-003   2.0147144884696249E-003   2.5897940621987903E-003
   48.211585595230147        2.1904753648667040E-003   1.9664534492227098E-003   2.5917589191525241E-003
   49.914505239722644        2.1930654749201715E-003   1.9214292540684975E-003   2.5939368070449225E-003
   51.677575059319224        2.1959769124073637E-003   1.8794248094705787E-003   2.5963393284103831E-003
   53.502930680545909        2.1992236771180432E-003   1.8402373578164902E-003   2.5989771655592253E-003
   55.392750120602578        2.2028170082062869E-003   1.8036784136441677E-003   2.6018596947186769E-003
   57.349321371645829        2.2067652262319614E-003   1.7695714598211158E-003   2.6049947205603304E-003
   59.375002227322796        2.2110734218353345E-003   1.7377520425643073E-003   2.6083880199091044E-003
   61.472246417894510        2.2157433050763631E-003   1.7080665679115935E-003   2.6120429523516691E-003
   63.643556378429672        2.2207729340809157E-003   1.6803722534117118E-003   2.6159599216946717E-003
   65.891560899834928        2.2261567621411934E-003   1.6545353829223431E-003   2.6201360448874660E-003
   68.218968971510208        2.2318854495709094E-003   1.6304313785900672E-003   2.6245646125470775E-003
   70.628585269218178        2.2369105957003007E-003   1.6076481677056750E-003   2.6277667378733940E-003
   73.123328588587739        2.2391124101822442E-003   1.5855689914793200E-003   2.6267638243389351E-003
   75.706175661273647        2.2413619723507562E-003   1.5649707811604859E-003   2.6256538101210114E-003
   78.380253523498894        2.2436345770733383E-003   1.5457540826456038E-003   2.6244211432224838E-003
   81.148784610322849        2.2459054092454100E-003   1.5278262386195568E-003   2.6230516360467924E-003
   84.015122474940881        2.2481502104058516E-003   1.5111007104579969E-003   2.6215330589539781E-003
   86.982687236203873        2.2503458596705660E-003   1.4954970510083277E-003   2.6198557465059520E-003
   90.055071705548812        2.2524710605988335E-003   1.4809399212998748E-003   2.6180130412159401E-003
   93.235978303002270        2.2545068469823821E-003   1.4673591310992065E-003   2.6160017248689021E-003
   96.529260096906100        2.2564371006005978E-003   1.4546891252341710E-003   2.6138222664117759E-003
   99.938826062156153        2.2582489063066474E-003   1.4428690306710688E-003   2.6114790144497486E-003
   103.46886588546354        2.2599329871474168E-003   1.4318415731666789E-003   2.6089800191351703E-003
   107.12359379692580        2.2614837710959062E-003   1.4215537260325714E-003   2.6063370273646282E-003
   110.90736836557576        2.2628995583255222E-003   1.4119559936186107E-003   2.6035650783568631E-003
   114.82483910697920        2.2641825457408492E-003   1.4030018701326750E-003   2.6006819406619816E-003
   118.88068277378797        2.2653385949858032E-003   1.3946482987308754E-003   2.5977077496490120E-003
   123.07973629915718        2.2663770518470878E-003   1.3868550897173423E-003   2.5946642800881788E-003
   127.42715949490271        2.2673104420657458E-003   1.3795844811142711E-003   2.5915741587070797E-003
   131.92808807993632        2.2681539698773709E-003   1.3728015891302393E-003   2.5884604365940807E-003
   136.58805281121437        2.2689251208648227E-003   1.3664735472764770E-003   2.5853456402019372E-003
   141.41261684513370        2.2696430517385592E-003   1.3605699264986244E-003   2.5822514248081399E-003
   146.40753387824964        2.2703280532817465E-003   1.3550623240079682E-003   2.5791979343695059E-003
   151.57894168226974        2.2710009885529487E-003   1.3499240527282831E-003   2.5762032588870325E-003
   156.93294936957258        2.2716826580748565E-003   1.3451304596499706E-003   2.5732833550991016E-003
   162.47613596373097        2.2723933093282303E-003   1.3406583174279077E-003   2.5704515404664182E-003
   168.21511902855468        2.2731520633890072E-003   1.3364861212961840E-003   2.5677186217607662E-003
   174.15674278185460        2.1932758904148158E-003   1.2998497191044653E-003   2.4793620645971121E-003
   180.30830831190286        2.0847266479337699E-003   1.2518525608347416E-003   2.3606963035662852E-003
   186.67715947709803        1.9834853215464051E-003   1.2070745667274027E-003   2.2499397459143818E-003
   193.27089166569760        1.8890806140037816E-003   1.1653003062942991E-003   2.1465672352946716E-003
   200.09760727912413        1.8010651263574914E-003   1.1263273624448212E-003   2.0500838379158546E-003
   207.16537088595135        1.7190216455282023E-003   1.0899687461497270E-003   1.9600311937592006E-003
   214.48286737908427        1.6425535224589727E-003   1.0560482818106256E-003   1.8759764486755454E-003
   222.05883252794877        1.5712905050624950E-003   1.0244028593095851E-003   1.7975181571600019E-003
   229.90230130529540        1.5048844485930071E-003   9.9488023000410351E-004   1.7242811133895695E-003
   238.02291179328489        1.4430061877828927E-003   9.6733734205629526E-004   1.6559124670028852E-003
   246.43025707061713        1.3853499102836004E-003   9.4164204691973125E-004   1.5920861610047904E-003
   255.13466811288930        1.3316262889024372E-003   9.1766983809614790E-004   1.5324949973724473E-003
   264.14653641505117        1.2815664389546383E-003   8.9530544269985550E-004   1.4768547100394666E-003
   273.47660938458705        1.2349187343527691E-003   8.7444126384731758E-004   1.4249001824843143E-003
   283.13635184814427        1.1914464270727173E-003   8.5497620420400898E-004   1.3763825713426047E-003
   293.13729579387660        1.1509300676887221E-003   8.3681666398479151E-004   1.3310718210974742E-003
   303.49136818478553        1.1131648158208163E-003   8.1987527619853937E-004   1.2887535253581098E-003
   314.21129214162710        1.0779584086249301E-003   8.0406995138655279E-004   1.2492265332197409E-003
   325.30973137660959        1.0451334037350631E-003   7.8932485688001464E-004   1.2123053801329469E-003
   336.80032369109853        1.0145230419106917E-003   7.7556854535467247E-004   1.1778155841060923E-003
   348.69678677735646        9.8597328933617287E-004   7.6273486814072461E-004   1.1455959031243688E-003
   361.01330816366544        9.5934083764310618E-004   7.5076208139720330E-004   1.1154960682846712E-003
   373.76502243504467        9.3401995563660069E-004   7.3896026716798737E-004   1.0865325724230387E-003
   386.96715283564077        9.0870220117689378E-004   7.2570676991637307E-004   1.0564848222458280E-003
   400.63544401132759        8.8505063285808871E-004   7.1334232490547888E-004   1.0284196438330689E-003
   414.78669160661980        8.6295132662835678E-004   7.0180702024314314E-004   1.0022055120898110E-003
   429.43761284149554        8.4229943827116808E-004   6.9104551047152372E-004   9.7772104101973185E-004
   444.60621081975989        8.2299655186473056E-004   6.8100565071777506E-004   9.5485185959196753E-004
   460.31059410826708        8.0495191948126916E-004   6.7163916326105010E-004   9.3349211131674040E-004
   476.56949149896485        7.8808116949397587E-004   6.6290098518584101E-004   9.1354295907254452E-004
   493.40288198244309        7.7230531184896325E-004   6.5474877566875582E-004   8.9491145219372395E-004
   510.83065126063684        7.5755167193660182E-004   6.4714342106855685E-004   8.7751167728869137E-004
   528.87421463804299        7.4375198130823049E-004   6.4004806965560783E-004   8.6126255334392820E-004
   547.55511287104378        7.3084325081379162E-004   6.3342860268689519E-004   8.4608891326850015E-004
   566.89562449487210        7.1876684054083834E-004   6.2725317338078416E-004   8.3192045672842677E-004
   586.91951519858117        7.0746774473772020E-004   6.2149185870762774E-004   8.1869096017358242E-004
   607.65068989177485        6.9689514108635744E-004   6.1611695478028651E-004   8.0633896577953640E-004
   629.11387223602765        6.8700163585998925E-004   6.1110260250882417E-004   7.9480693518547627E-004
   651.33543626567803        6.7774268639083442E-004   6.0642450485991130E-004   7.8404061212187007E-004
   674.34163286578985        6.6907716041753030E-004   6.0206021669977799E-004   7.7398970324060561E-004
   698.16073213207346        6.6096623160319986E-004   5.9798859087937151E-004   7.6460661827572763E-004
   722.82116976782140        6.5064908218472907E-004   5.9146512082133916E-004   7.5063154974204169E-004
   748.35235540965130        6.4016886526487655E-004   5.8454846119923240E-004   7.3599829147217731E-004
   774.78566186873422        6.3036797946337212E-004   5.7809562195603337E-004   7.2234084620100827E-004
   802.15264573967897        6.2120181275661097E-004   5.7207557393602871E-004   7.0959377838899660E-004
   830.48594444209971        6.1262860875716375E-004   5.6645935420977745E-004   6.9769583566997974E-004
   859.82037403360118        6.0460899900276004E-004   5.6121974939647517E-004   6.8658930819018359E-004
   890.19058800385733        5.9710651885987902E-004   5.5633162029643626E-004   6.7622075100417058E-004
   921.63390537915473        5.9008668077046471E-004   5.5177128149044125E-004   6.6653970721233444E-004
   954.18786380243341        5.8351746374417314E-004   5.4751680411003567E-004   6.5749939125031825E-004
   987.89128659474920        5.7736888702986555E-004   5.4354771952643812E-004   6.4905610386481862E-004
   1022.7855886411724        5.7161269267432609E-004   5.3984479554869272E-004   6.4116879950249102E-004
   1058.9119914466876        5.6622273306298674E-004   5.3639026584734900E-004   6.3379961723156024E-004
   1096.3148872627712        5.6117432188782835E-004   5.3316739150604555E-004   6.2691298636501720E-004
   1135.0389283928459        5.5644459995928474E-004   5.3016067499477644E-004   6.2047611719369899E-004
   1175.1302964981960        5.5201224089459328E-004   5.2735565076146281E-004   6.1445858265080165E-004
   1216.6382559936744        5.4785723073984922E-004   5.2473872706711221E-004   6.0883199861535339E-004
   1259.6123598874483        5.4396110775569058E-004   5.2229732015909196E-004   6.0357032281086560E-004
   1304.1038583964914        5.4030671862136895E-004   5.2001968423475179E-004   5.9864949190175981E-004
   1350.1674228314519        5.3687803189146133E-004   5.1789478301403379E-004   5.9404713563520044E-004
   1397.8574692241625        5.1517300852056214E-004   4.9754887535396921E-004   5.6943017131521256E-004
   1447.2325992722181        4.9312533857430864E-004   4.7679928358007476E-004   5.4446165490200122E-004
   1498.3517579647787        4.7254350425566030E-004   4.5744136465996206E-004   5.2115940834726831E-004
   1551.2759091786245        4.4106457363360212E-004   4.2714762091655950E-004   4.8637716744231367E-004
   1606.0700862978565        4.1130023327321441E-004   3.9849887663933898E-004   4.5351045265948565E-004
   1662.7990190437411        3.8352490419553658E-004   3.7177190665383346E-004   4.2284497063554272E-004
   1721.5324161293761        3.5760579326694713E-004   3.4683720548348349E-004   3.9423409527874202E-004
   1782.3403946248577        3.3341996089218104E-004   3.2357487199699379E-004   3.6754210873278612E-004
   1845.2954731357936        3.1085264919910406E-004   3.0187298925930524E-004   3.4264230684825789E-004
   1910.4750110852074        2.8979601440958793E-004   2.8162640084349505E-004   3.1941556499903511E-004
   1977.9568210713478        2.7015020660864749E-004   2.6273774890118464E-004   2.9775150541926711E-004
   2047.8213808026539        2.5182199894312283E-004   2.4511615862679950E-004   2.7754697089485273E-004
   2120.1545400970977        2.3472374965993623E-004   2.2867624464192161E-004   2.5870487604952563E-004
   2195.0417479108573        2.1877445669002919E-004   2.1333912957026597E-004   2.4113537237039181E-004
   2272.5750259096239        2.0389772895271143E-004   1.9903049745318094E-004   2.2475362107427424E-004
   2352.8469348264384        1.9002277140484268E-004   1.8568154372924616E-004   2.0948089122657082E-004
   2435.9532056335870        1.7708341697996791E-004   1.7322804552125635E-004   1.9524350883704842E-004
   2521.9959596104222        1.6501739806590838E-004   1.6160965942997417E-004   1.8197207264960703E-004
   2611.0779162676686        1.5376696853755610E-004   1.5077051722475011E-004   1.6960215610293457E-004
   2703.3053132971791        1.4327812436136896E-004   1.4065847093104836E-004   1.5807346659336841E-004
   2798.7914800504532        1.3350001939121923E-004   1.3122452264993295E-004   1.4732921912267470E-004
   2897.6492167059700        1.2438557999938426E-004   1.2242340906134605E-004   1.3731682543646892E-004
   3000.0000000000000        1.1589035705071131E-004   1.1421248438800229E-004   1.2798664388735158E-004
