         200   4370.0000000000000     
   3.0000000000000000        4.4012956969644310E-003   2.7642910309039342E-002   2.3282050700585123E-002
   3.1059655287322618        4.6483592964649432E-003   2.7642910309039342E-002   2.3541910032146483E-002
   3.2156739552243598        4.9052245643854677E-003   2.7642910309039342E-002   2.3789573985690118E-002
   3.3292574962321346        5.1719482170095145E-003   2.7642910309039342E-002   2.4025235418418611E-002
   3.4468529954360925        5.4485525091459907E-003   2.7642910309039342E-002   2.4249166041567887E-002
   3.5686022069563790        5.7350225292246140E-003   2.7642910309039342E-002   2.4461707922323984E-002
   3.6946518254059528        6.0313031365165672E-003   2.7642910309039342E-002   2.4663263659347835E-002
   3.8251536998800524        6.3372966128578965E-003   2.7642910309039342E-002   2.4854286407314890E-002
   3.9602651907155879        6.6528609614948768E-003   2.7642910309039342E-002   2.5035269788167242E-002
   4.1001490688558144        6.9778074689871294E-003   2.7642910309039342E-002   2.5206737129109858E-002
   4.2449739038313119        7.3118997624874241E-003   2.7642910309039342E-002   2.5369231604207468E-002
   4.3949142193596993        7.6548526777702785E-003   2.7642910309039342E-002   2.5523306379345044E-002
   4.5501507036585132        8.0063316156909672E-003   2.7642910309039342E-002   2.5669515334069484E-002
   4.7108703059600501        8.3659520090717202E-003   2.7642910309039342E-002   2.5808404303040950E-002
   4.8772669425686850        8.7332805155965736E-003   2.7642910309039342E-002   2.5940503539344805E-002
   5.0495410155906377        9.1078339285318895E-003   2.7642910309039342E-002   2.6066319947760510E-002
   5.2279001269311909        9.4890811481433100E-003   2.7642910309039342E-002   2.6186331210274656E-002
   5.4125592113782046        9.8764442411998551E-003   2.7642910309039342E-002   2.6300980300395470E-002
   5.6037407956130689        1.0269300191228316E-002   2.7642910309039342E-002   2.6410671056278534E-002
   5.8016752663703963        1.0666983091280375E-002   2.7642910309039342E-002   2.6515764737866512E-002
   6.0066011480696169        1.1068786793353307E-002   2.7642910309039342E-002   2.6616577586806290E-002
   6.2187653902530293        1.1473968025119330E-002   2.7642910309039342E-002   2.6713379394571215E-002
   6.4384236651766908        1.1881749978831692E-002   2.7642910309039342E-002   2.6806393069478851E-002
   6.6658406759127811        1.2291326369317131E-002   2.7642910309039342E-002   2.6895795177288240E-002
   6.9012904753346884        1.2701865948145419E-002   2.7642910309039342E-002   2.6981717413148296E-002
   7.1450567963692624        1.3112517449842452E-002   2.7642910309039342E-002   2.7064248945354658E-002
   7.3974330131920443        1.3522414327180793E-002   2.7642910309039342E-002   2.7143439439337561E-002
   7.6587243988323896        1.3930683474262991E-002   2.7642910309039342E-002   2.7219303473699975E-002
   7.9292442763577622        1.4336444535858013E-002   2.7642910309039342E-002   2.7291823721979584E-002
   8.2093202460023029        1.4738825163056720E-002   2.7642910309039342E-002   2.7360957538763775E-002
   8.4992881560440416        1.5136957725811169E-002   2.7642910309039342E-002   2.7426640497479445E-002
   8.7994991583321234        1.5529995219154658E-002   2.7642910309039342E-002   2.7488793497966395E-002
   9.1103132457223861        1.5917108156199164E-002   2.7642910309039342E-002   2.7547326751076854E-002
   9.4321068148357909        1.6297500064601050E-002   2.7642910309039342E-002   2.7602146730970462E-002
   9.7652657388916850        1.6670404261420035E-002   2.7642910309039342E-002   2.7653160074174503E-002
   10.110193474162946        1.7035098485305149E-002   2.7642910309039342E-002   2.7700279851875391E-002
   10.467303634806061        1.7390901265397132E-002   2.7642910309039342E-002   2.7743428913571982E-002
   10.837027566606025        1.7737184265994792E-002   2.7642910309039342E-002   2.7782544935217018E-002
   11.219811965471335        1.8073373073574459E-002   2.7642910309039342E-002   2.7817583404464736E-002
   11.616115840724994        1.8398947880889877E-002   2.7642910309039342E-002   2.7848520186470806E-002
   12.026419117330413        1.8713453284291907E-002   2.7642910309039342E-002   2.7875354380502770E-002
   12.451213803399156        1.9016492788201316E-002   2.7642910309039342E-002   2.7898109073279841E-002
   12.891014326336300        1.9307737794311882E-002   2.7642910309039342E-002   2.7916832803119993E-002
   13.346348065368609        1.9586921264927549E-002   2.7642910309039342E-002   2.7931599218010517E-002
   13.817766430769083        1.9853844804229265E-002   2.7642910309039342E-002   2.7942507138382845E-002
   14.305834715756038        2.0108371567369800E-002   2.7642910309039342E-002   2.7949679303297024E-002
   14.811143972217785        2.0350431508159263E-002   2.7642910309039342E-002   2.7953261280421190E-002
   15.334300133051286        2.0580013689957020E-002   2.7642910309039342E-002   2.7953419573194034E-002
   15.875936741648431        2.0797169854915948E-002   2.7642910309039342E-002   2.7950339698718654E-002
   16.436703292225193        2.1002006336877790E-002   2.7642910309039342E-002   2.7944223965207963E-002
   17.017278874447534        2.1194686165058981E-002   2.7642910309039342E-002   2.7935289058223383E-002
   17.618359675531394        2.1375420806062077E-002   2.7642910309039342E-002   2.7923763787369518E-002
   18.240671728221173        2.1544470575869227E-002   2.7642910309039342E-002   2.7909886544319001E-002
   18.884968846184627        2.1702139332814702E-002   2.7642910309039342E-002   2.7893903004151885E-002
   19.552019805756849        2.1848767370673729E-002   2.7642910309039342E-002   2.7876064335743359E-002
   20.242632201214423        2.1984732945612206E-002   2.7642768302647107E-002   2.7856624332603722E-002
   20.957638264717446        2.2110444416100009E-002   2.7642378128778736E-002   2.7835838264801103E-002
   21.697899624358065        2.2226337266884451E-002   2.7642014123679226E-002   2.7813962352153335E-002
   22.464312967141105        2.2332870962119639E-002   2.7641674530277258E-002   2.7791250939451336E-002
   23.257792778673313        2.2430522992548378E-002   2.7641357715182117E-002   2.7767956712779523E-002
   24.079299719823517        2.2519789518624371E-002   2.7641062148719114E-002   2.7744329329345372E-002
   24.929823759061236        2.2601180038970128E-002   2.7640786405752960E-002   2.7720615712124627E-002
   25.810395145829254        2.2675216141235580E-002   2.7640529155258196E-002   2.7697059844628450E-002
   26.722064579292049        2.2742427899569755E-002   2.7640289159900522E-002   2.7673903678146750E-002
   27.665935811728254        2.2803355034975038E-002   2.7640065260913078E-002   2.7651386888054214E-002
   28.643146268414043        2.2858544028636449E-002   2.7639856378720268E-002   2.7629748232563672E-002
   29.654879655490589        2.2908548085843191E-002   2.7639661505036998E-002   2.7609226235849084E-002
   30.702343174827575        2.2947173517150220E-002   2.6864973671759301E-002   2.7579786592039184E-002
   31.786804983723918        2.2977756467841327E-002   2.5768230924958894E-002   2.7545922769910806E-002
   32.909571928103169        2.3004074981919569E-002   2.4745046173108177E-002   2.7512780769957973E-002
   34.072004028335677        2.3026647428278941E-002   2.3790480450833509E-002   2.7480539348257484E-002
   35.275488300232773        2.3045991474801557E-002   2.2899942447558910E-002   2.7449378221939998E-002
   36.521481794408061        2.3062623505344885E-002   2.2069132388816790E-002   2.7419477078357259E-002
   37.811486012809581        2.3077056274707304E-002   2.1294044350834356E-002   2.7391016166117058E-002
   39.147055493126302        2.3089796807528328E-002   2.0570941085169544E-002   2.7364175543124376E-002
   40.529808025860810        2.3101343749098315E-002   1.9896332135202328E-002   2.7339133973291591E-002
   41.961393513511240        2.3112183930663915E-002   1.9266972738278425E-002   2.7316068136425203E-002
   43.443545167355794        2.3122789200808819E-002   1.8679824165611616E-002   2.7295149952415609E-002
   44.978049075047366        2.3133612238862015E-002   1.8132055358043801E-002   2.7276545012006412E-002
   46.566763998623138        2.3145082549379317E-002   1.7621022207393571E-002   2.7260409798030391E-002
   48.211585595230147        2.3157601911332509E-002   1.7144266724803344E-002   2.7246889198180985E-002
   49.914505239722644        2.3171540501961831E-002   1.6699486997223012E-002   2.7236112809292716E-002
   51.677575059319224        2.3187232471216412E-002   1.6284538426539343E-002   2.7228192014953374E-002
   53.502930680545909        2.3204972204442148E-002   1.5897418034679499E-002   2.7223216413896571E-002
   55.392750120602578        2.3225010338941057E-002   1.5536263833612772E-002   2.7221250428050903E-002
   57.349321371645829        2.3247551315856253E-002   1.5199332066636113E-002   2.7222329678147500E-002
   59.375002227322796        2.3272750466365850E-002   1.4884998147045289E-002   2.7226457816975348E-002
   61.472246417894510        2.3300712430246836E-002   1.4591744768858241E-002   2.7233603489538710E-002
   63.643556378429672        2.3331489341643211E-002   1.4318161429576039E-002   2.7243697456955027E-002
   65.891560899834928        2.3365081461815096E-002   1.4062927189887147E-002   2.7256630649560565E-002
   68.218968971510208        2.3401436981489880E-002   1.3824811384734337E-002   2.7272252430206576E-002
   70.628585269218178        2.3430086656849904E-002   1.3599906293860415E-002   2.7275408664935510E-002
   73.123328588587739        2.3429992648138269E-002   1.3382399180306240E-002   2.7235985895839469E-002
   75.706175661273647        2.3430069080673781E-002   1.3179481407247126E-002   2.7195941832132361E-002
   78.380253523498894        2.3430145814530158E-002   1.2990173229117509E-002   2.7155151889411439E-002
   81.148784610322849        2.3430050544741926E-002   1.2813561857099851E-002   2.7113512916226823E-002
   84.015122474940881        2.3429615337590547E-002   1.2648794779026194E-002   2.7070946977917842E-002
   86.982687236203873        2.3428682814811381E-002   1.2495079491237064E-002   2.7027405786849097E-002
   90.055071705548812        2.3427111762652181E-002   1.2351673811964461E-002   2.6982871596961423E-002
   93.235978303002270        2.3424782059810668E-002   1.2217886280851478E-002   2.6937359505081911E-002
   96.529260096906100        2.3421598749158834E-002   1.2093071098610717E-002   2.6890917054617169E-002
   99.938826062156153        2.3417495322616527E-002   1.1976628590792449E-002   2.6843624589816626E-002
   103.46886588546354        2.3412435673763939E-002   1.1867994535471185E-002   2.6795590037932915E-002
   107.12359379692580        2.3406415599945541E-002   1.1766646554374149E-002   2.6746949383033833E-002
   110.90736836557576        2.3399462909867351E-002   1.1672097054310172E-002   2.6697860993876825E-002
   114.82483910697920        2.3391636366107388E-002   1.1583887895876577E-002   2.6648499150526566E-002
   118.88068277378797        2.3383024519838386E-002   1.1501594916063958E-002   2.6599052386488180E-002
   123.07973629915718        2.3373743024958048E-002   1.1424822196806661E-002   2.6549716359358960E-002
   127.42715949490271        2.3363931069570049E-002   1.1353197736055805E-002   2.6500686699706111E-002
   131.92808807993632        2.3353748365293088E-002   1.1286377885447611E-002   2.6452157919204470E-002
   136.58805281121437        2.3343369958820116E-002   1.1224038869537238E-002   2.6404313997128014E-002
   141.41261684513370        2.3332982466234768E-002   1.1165880924614638E-002   2.6357328220084068E-002
   146.40753387824964        2.3322778917894679E-002   1.1111624248184983E-002   2.6311357897261564E-002
   151.57894168226974        2.3312953548368404E-002   1.1061005939637325E-002   2.6266540029289142E-002
   156.93294936957258        2.3303697867324075E-002   1.1013783136425493E-002   2.6222993158407308E-002
   162.47613596373097        2.3295195183231580E-002   1.0969727020556295E-002   2.6180811993804353E-002
   168.21511902855468        2.3287617159054474E-002   1.0928625743566147E-002   2.6140070698671837E-002
   174.15674278185460        2.2454264100375237E-002   1.0669867650498280E-002   2.5227103457675218E-002
   180.30830831190286        2.1328802261465538E-002   1.0335449933062141E-002   2.4006734933441031E-002
   186.67715947709803        2.0279924581462928E-002   1.0023461575405746E-002   2.2868477501402210E-002
   193.27089166569760        1.9302603817203473E-002   9.7324015767467579E-003   2.1806794733140525E-002
   200.09760727912413        1.8392077530626879E-002   9.4608596064770095E-003   2.0816480141009737E-002
   207.16537088595135        1.7543911896693791E-002   9.2075328282078782E-003   1.9892720420111528E-002
   214.48286737908427        1.6753900862682296E-002   8.9711937475708461E-003   1.9030979858381293E-002
   222.05883252794877        1.6018125152785005E-002   8.7507059032566441E-003   1.8227058949197225E-002
   229.90230130529540        1.5332906584532112E-002   8.5450085107241155E-003   1.7477039462782971E-002
   238.02291179328489        1.4694774503153712E-002   8.3531048636927181E-003   1.6777242891332447E-002
   246.43025707061713        1.4100509612874739E-002   8.1740742240008595E-003   1.6124274219012850E-002
   255.13466811288930        1.3547071905491379E-002   8.0070490990625503E-003   1.5514939188241381E-002
   264.14653641505117        1.3031640275774019E-002   7.8512263310095490E-003   1.4946284628537134E-002
   273.47660938458705        1.2551578584876264E-002   7.7058562441215707E-003   1.4415558577869017E-002
   283.13635184814427        1.2104410144206851E-002   7.5702344479499448E-003   1.3920179910409175E-002
   293.13729579387660        1.1687841686530287E-002   7.4437087908334875E-003   1.3457763192508949E-002
   303.49136818478553        1.1299734838547791E-002   7.3256705477808184E-003   1.3026085940144646E-002
   314.21129214162710        1.0938084504514648E-002   7.2155477647347730E-003   1.2623063676167270E-002
   325.30973137660959        1.0601041259544506E-002   7.1128120814981663E-003   1.2246774307788866E-002
   336.80032369109853        1.0286868285846858E-002   7.0169656925350354E-003   1.1895409849507666E-002
   348.69678677735646        9.9939618687452901E-003   6.9275477104102793E-003   1.1567299197834951E-002
   361.01330816366544        9.7208304545352980E-003   6.8441279381058762E-003   1.1260884844173171E-002
   373.76502243504467        9.4612445405223809E-003   6.7599713633310597E-003   1.0966182504327515E-002
   386.96715283564077        9.2017936849224484E-003   6.6589851067180208E-003   1.0660710791969152E-002
   400.63544401132759        8.9595163672303441E-003   6.5647730664510221E-003   1.0375470647729741E-002
   414.78669160661980        8.7332242683756528E-003   6.4768787382880723E-003   1.0109099717196082E-002
   429.43761284149554        8.5218235010627655E-003   6.3948804123588289E-003   9.8603403589484582E-003
   444.60621081975989        8.3242872682684748E-003   6.3183807659483527E-003   9.6280077214594816E-003
   460.31059410826708        8.1396683777690913E-003   6.2470119424665044E-003   9.4110047857631426E-003
   476.56949149896485        7.9670858467938595E-003   6.1804305808318624E-003   9.2083069624206617E-003
   493.40288198244309        7.8057145561686060E-003   6.1183140611973889E-003   9.0189503497693640E-003
   510.83065126063684        7.6547946286019009E-003   6.0603643535309679E-003   8.8420431828144536E-003
   528.87421463804299        7.5136117181666901E-003   6.0063006626466364E-003   8.6767431680643808E-003
   547.55511287104378        7.3815057568399553E-003   5.9558630176044852E-003   8.5222682210141284E-003
   566.89562449487210        7.2578612526624613E-003   5.9088087588859842E-003   8.3778855760727276E-003
   586.91951519858117        7.1420997767654704E-003   5.8649098851799517E-003   8.2429035093968608E-003
   607.65068989177485        7.0336853995094173E-003   5.8239553041382740E-003   8.1166781770203485E-003
   629.11387223602765        6.9321167880712622E-003   5.7857479800169269E-003   7.9986048756211289E-003
   651.33543626567803        6.8369211170443067E-003   5.7501027793076288E-003   7.8881114694481051E-003
   674.34163286578985        6.7476596875638518E-003   5.7168486792233131E-003   7.7846654298345877E-003
   698.16073213207346        6.6639164851569959E-003   5.6858245470923028E-003   7.6877610843535463E-003
   722.82116976782140        6.5572389948793976E-003   5.6288244385446730E-003   7.5439210628141084E-003
   748.35235540965130        6.4486543833052077E-003   5.5670938639127534E-003   7.3931009287627556E-003
   774.78566186873422        6.3468195596677428E-003   5.5095028450896271E-003   7.2518848472748129E-003
   802.15264573967897        6.2512546166576290E-003   5.4557744496082396E-003   7.1195872646162943E-003
   830.48594444209971        6.1615086261077416E-003   5.4056501858881700E-003   6.9955672909594790E-003
   859.82037403360118        6.0771550999661099E-003   5.3588871769155322E-003   6.8792228882037865E-003
   890.19058800385733        5.9977978596419679E-003   5.3152610575593175E-003   6.7699993290594174E-003
   921.63390537915473        5.9230618226093594E-003   5.2745604375504301E-003   6.6673767156339141E-003
   954.18786380243341        5.8525987656214687E-003   5.2365896036797536E-003   6.5708779860456689E-003
   987.89128659474920        5.7860834780735287E-003   5.2011658752480388E-003   6.4800634902038683E-003
   1022.7855886411724        5.7232109780828997E-003   5.1681176066540662E-003   6.3945268766262336E-003
   1058.9119914466876        5.6637013961386993E-003   5.1372862349807688E-003   6.3139012108124736E-003
   1096.3148872627712        5.6072935391677939E-003   5.1085223668818824E-003   6.2378494671097651E-003
   1135.0389283928459        5.5537495195896545E-003   5.0816876882745048E-003   6.1660698595698525E-003
   1175.1302964981960        5.5028520776768753E-003   5.0566530953872913E-003   6.0982910723690244E-003
   1216.6382559936744        5.4544024912518124E-003   5.0332972831533263E-003   6.0342682373748999E-003
   1259.6123598874483        5.4082237087562822E-003   5.0115079426947210E-003   5.9737857552718066E-003
   1304.1038583964914        5.3641578543876123E-003   4.9911802437629408E-003   5.9166525568580567E-003
   1350.1674228314519        5.3220641249955760E-003   4.9722156885357765E-003   5.8626980121420534E-003
   1397.8574692241625        5.0973513949474679E-003   4.7750250132718077E-003   5.6095350894196892E-003
   1447.2325992722181        4.8693170655748031E-003   4.5737290200432781E-003   5.3533089079100815E-003
   1498.3517579647787        4.6560636729041380E-003   4.3859339270928728E-003   5.1141807168489442E-003
   1551.2759091786245        4.3375436787170723E-003   4.0954158161003859E-003   4.7650985301272005E-003
   1606.0700862978565        4.0368797768822210E-003   3.8207367246598694E-003   4.4360482385047738E-003
   1662.7990190437411        3.7567032522056289E-003   3.5644832651177002E-003   4.1297092611200454E-003
   1721.5324161293761        3.4956772954553316E-003   3.3254137618774133E-003   3.8445691757444164E-003
   1782.3403946248577        3.2525585532946592E-003   3.1023786241057344E-003   3.5792184505665514E-003
   1845.2954731357936        3.0261803285408918E-003   2.8943048120302372E-003   3.3323326747238071E-003
   1910.4750110852074        2.8154401097304155E-003   2.7001841044344446E-003   3.1026596212229557E-003
   1977.9568210713478        2.6193107672590138E-003   2.5190830514931536E-003   2.8890321091906020E-003
   2047.8213808026539        2.4368272696048076E-003   2.3501303616485945E-003   2.6903541220409471E-003
   2120.1545400970977        2.2670769384367322E-003   2.1925073749993200E-003   2.5055907308516542E-003
   2195.0417479108573        2.1092105727000925E-003   2.0454578292169261E-003   2.3337806247635730E-003
   2272.5750259096239        1.9624229847598519E-003   1.9082691960382336E-003   2.1740152199811046E-003
   2352.8469348264384        1.8259634610789703E-003   1.7802817895016174E-003   2.0254502090721570E-003
   2435.9532056335870        1.6991268567629995E-003   1.6608798520230969E-003   1.8872959020902050E-003
   2521.9959596104222        1.5812471296457878E-003   1.5494848217670592E-003   1.7588100883634283E-003
   2611.0779162676686        1.4717040479915692E-003   1.4455610440225230E-003   1.6393051356577543E-003
   2703.3053132971791        1.3699160900520935E-003   1.3486085332359704E-003   1.5281399572566606E-003
   2798.7914800504532        1.2753352636035583E-003   1.2581575062213480E-003   1.4247139712486590E-003
   2897.6492167059700        1.1874534539185941E-003   1.1737739862741905E-003   1.3284736027824257E-003
   3000.0000000000000        1.1057916219796183E-003   1.0950490932269885E-003   1.2389000030244861E-003
