         200   4370.0000000000000     
   3.0000000000000000        5.9805864198347073E-003  0.12244112719786293        5.3118975957235750E-003
   3.1059655287322618        6.4674020805668463E-003  0.12244112719786293        5.7793923503066218E-003
   3.2156739552243598        6.9947777629286003E-003  0.12244112719786293        6.2906465250080071E-003
   3.3292574962321346        7.5657145689642840E-003  0.12244112719786293        6.8498177388524734E-003
   3.4468529954360925        8.1833563082586002E-003  0.12244112719786293        7.4614493580441700E-003
   3.5686022069563790        8.8509937768314756E-003  0.12244112719786293        8.1305040101766098E-003
   3.6946518254059528        9.5720694311703606E-003  0.12244112719786293        8.8623978499080183E-003
   3.8251536998800524        1.0350184807964026E-002  0.12244112719786293        9.6630377045869385E-003
   3.9602651907155879        1.1189110676370453E-002  0.12244112719786293        1.0538861094721096E-002
   4.1001490688558144        1.2092795966004559E-002  0.12244112719786293        1.1496875079498210E-002
   4.2449739038313119        1.3065380647212251E-002  0.12244112719786293        1.2544699448746803E-002
   4.3949142193596993        1.4111207578669778E-002  0.12244112719786293        1.3690609466017630E-002
   4.5501507036585132        1.5234834051298690E-002  0.12244112719786293        1.4943579322526044E-002
   4.7108703059600501        1.6441040646000597E-002  0.12244112719786293        1.6313324206980756E-002
   4.8772669425686850        1.7734841531914017E-002  0.12244112719786293        1.7810346287124901E-002
   5.0495410155906377        1.9121481155733561E-002  0.12244112719786293        1.9445967924723279E-002
   5.2279001269311909        2.0606433649453710E-002  0.12244112719786293        2.1232370833949573E-002
   5.4125592113782046        2.2195390208984474E-002  0.12244112719786293        2.3182624251599612E-002
   5.6037407956130689        2.3894238315959285E-002  0.12244112719786293        2.5310705634385859E-002
   5.8016752663703963        2.5709030812892619E-002  0.12244112719786293        2.7631510004939096E-002
   6.0066011480696169        2.7645944037995009E-002  0.12244112719786293        3.0160844456751039E-002
   6.2187653902530293        2.9711224639713964E-002  0.12244112719786293        3.2915403683916225E-002
   6.4384236651766908        3.1911125163096063E-002  0.12244112719786293        3.5912721709023203E-002
   6.6658406759127811        3.4251829001600662E-002  0.12244112719786293        3.9171094267134540E-002
   6.9012904753346884        3.6739365806140449E-002  0.12244112719786293        4.2709465605634316E-002
   7.1450567963692624        3.9379518903812603E-002  0.12244112719786293        4.6547272837874180E-002
   7.3974330131920443        4.2177722401512796E-002  0.12244112719786293        5.0704234115086212E-002
   7.6587243988323896        4.5138980092742920E-002  0.12244112719786293        5.5200117961642869E-002
   7.9292442763577622        4.8267714182957791E-002  0.12244112719786293        6.0054344376826913E-002
   8.2093202460023029        5.1567729061709748E-002  0.12244112719786293        6.5285687799437969E-002
   8.4992881560440416        5.5042037787972474E-002  0.12244112719786293        7.0911686995884737E-002
   8.7994991583321234        5.8692846910396536E-002  0.12244112719786293        7.6948215913568194E-002
   9.1103132457223861        6.2521388220347612E-002  0.12244112719786293        8.3408718695829900E-002
   9.4321068148357909        6.6527928942962278E-002  0.12244112719786293        9.0303649742363601E-002
   9.7652657388916850        7.0711615147825188E-002  0.12244112719786293        9.7639556857647275E-002
   10.110193474162946        7.5070512650337901E-002  0.12244112719786293       0.10541844055965596     
   10.467303634806061        7.9601465933383755E-002  0.12244112719786293       0.11363676226957641     
   10.837027566606025        8.4300158131691477E-002  0.12244112719786293       0.12228480754094155     
   11.219811965471335        8.9161058129646587E-002  0.12244112719786293       0.13134589487963572     
   11.616115840724994        9.4177371618619540E-002  0.12244112719786293       0.14079568055184516     
   12.026419117330413        9.9341152543793693E-002  0.12244112719786293       0.15060191530519387     
   12.451213803399156       0.10464320646139429       0.12244112719786293       0.16072401755130944     
   12.891014326336300       0.11007324796267115       0.12244112719786293       0.17111338520325242     
   13.346348065368609       0.11561982287275356       0.12244112719786293       0.18171356012950882     
   13.817766430769083       0.12127049749484636       0.12244112719786293       0.19246122655909836     
   14.305834715756038       0.12701180046488952       0.12244112719786293       0.20328706465584157     
   14.811143972217785       0.13282944237322952       0.12244112719786293       0.21411743684654103     
   15.334300133051286       0.13870827768093891       0.12244112719786293       0.22487584191306820     
   15.875936741648431       0.14463255204049738       0.12244112719786293       0.23548508218101721     
   16.436703292225193       0.15058588335202786       0.12244112719786293       0.24586902541265243     
   17.017278874447534       0.15655153203689898       0.12244112719786293       0.25595486692075092     
   17.618359675531394       0.16251239823736835       0.12244112719786293       0.26567477920981303     
   18.240671728221173       0.16845129026244113       0.12244112719786293       0.27496779789899201     
   18.884968846184627       0.17435103793404277       0.12244112719786293       0.28378111937306433     
   19.552019805756849       0.18019452224449065       0.12244112719786293       0.29207092475305518     
   20.242632201214423       0.18596503734406650       0.12243970712691203       0.29980329192226868     
   20.957638264717446       0.19164630004532970       0.12243580536891706       0.30695418438843536     
   21.697899624358065       0.19722263045992300       0.12243216529990589       0.31350933991696572     
   22.464312967141105       0.20267912311027933       0.12242876934907830       0.31946379359507837     
   23.257792778673313       0.20800164904618215       0.12242560118244650       0.32482098387912867     
   24.079299719823517       0.21317717103244682       0.12242264550318764       0.32959201481506578     
   24.929823759061236       0.21819372278295771       0.12241988805987852       0.33379444465233482     
   25.810395145829254       0.22304056675578701       0.12241731554219852       0.33745122682493650     
   26.722064579292049       0.22770816333603836       0.12241491557674340       0.34058951843357904     
   27.665935811728254       0.23218841199232174       0.12241267657578732       0.34323975627163172     
   28.643146268414043       0.23647458852281983       0.12241058774352073       0.34543460066567649     
   29.654879655490589       0.24056143531932694       0.12240863899704300       0.34720811031119014     
   30.702343174827575       0.24440713129631356       0.11945439067856206       0.34853807369647755     
   31.786804983723918       0.24802493189891470       0.11527253895447753       0.34948030768591909     
   32.909571928103169       0.25143198003171097       0.11137116196240975       0.35009574410546784     
   34.072004028335677       0.25462851126981201       0.10773142755514632       0.35041743072332643     
   35.275488300232773       0.25761605871454951       0.10433582918422357       0.35047722003220649     
   36.521481794408061       0.26039750042268472       0.10116797192081958       0.35030554624514232     
   37.811486012809581       0.26297689980012456        9.8212581281209230E-002  0.34993124742073245     
   39.147055493126302       0.26535942754571495        9.5455407233755382E-002  0.34938145259941727     
   40.529808025860810       0.26755126290521580        9.2883140757652749E-002  0.34868150398791026     
   41.961393513511240       0.26955942003229161        9.0483409656833352E-002  0.34785493453953126     
   43.443545167355794       0.27139169389372209        8.8244627337038167E-002  0.34692342899038703     
   44.978049075047366       0.27305646859465782        8.6155999042927950E-002  0.34590684631810326     
   46.566763998623138       0.27456259716401932        8.4207442858402981E-002  0.34482323209601590     
   48.211585595230147       0.27591922390058565        8.2389586535529219E-002  0.34368888011832488     
   49.914505239722644       0.27713569742871019        8.0693652939391042E-002  0.34251833955626387     
   51.677575059319224       0.27822139898152015        7.9111464772856896E-002  0.34132449464413384     
   53.502930680545909       0.27918563010511682        7.7635384732345644E-002  0.34011861232887003     
   55.392750120602578       0.28003747385475736        7.6258313105660933E-002  0.33891043745706839     
   57.349321371645829       0.28078572473070595        7.4973600993599315E-002  0.33770822054006994     
   59.375002227322796       0.28143877471608209        7.3775053889080761E-002  0.33651882035240838     
   61.472246417894510       0.28200454690691490        7.2656886343644436E-002  0.33534776630206531     
   63.643556378429672       0.28249042248953921        7.1613720147746890E-002  0.33419936426213631     
   65.891560899834928       0.28290321621905667        7.0640518593961948E-002  0.33307673448614727     
   68.218968971510208       0.28324913320540407        6.9732589188260308E-002  0.33198192062639337     
   70.628585269218178       0.28341763091774297        6.8859130808055322E-002  0.33073253620126081     
   73.123328588587739       0.28318049144686774        6.7970664772135939E-002  0.32896535785450709     
   75.706175661273647       0.28286887859650733        6.7141792803300029E-002  0.32720011403760046     
   78.380253523498894       0.28248766779597151        6.6368512868489965E-002  0.32543877650058350     
   81.148784610322849       0.28204158572067911        6.5647096437409888E-002  0.32368328261467244     
   84.015122474940881       0.28153524987256590        6.4974061195876523E-002  0.32193556825868413     
   86.982687236203873       0.28097321979052031        6.4346169950525722E-002  0.32019764499721348     
   90.055071705548812       0.28036001116223430        6.3760391061230340E-002  0.31847155737761024     
   93.235978303002270       0.27970013200906468        6.3213900073046017E-002  0.31675942982029859     
   96.529260096906100       0.27899809194622244        6.2704059045890673E-002  0.31506343981911289     
   99.938826062156153       0.27825843183829335        6.2228418448931316E-002  0.31338585221620036     
   103.46886588546354       0.27748567688728087        6.1784673566660987E-002  0.31172888661392129     
   107.12359379692580       0.27668438668774392        6.1370690605173382E-002  0.31009481937857863     
   110.90736836557576       0.27585911786932527        6.0984477859542481E-002  0.30848589214329747     
   114.82483910697920       0.27501437551331170        6.0624163936725636E-002  0.30690422387018079     
   118.88068277378797       0.27415465013675416        6.0288016229354917E-002  0.30535189351280140     
   123.07973629915718       0.27328436411874529        5.9974417504096163E-002  0.30383085045035385     
   127.42715949490271       0.27240781262553887        5.9681848218989232E-002  0.30234283319776301     
   131.92808807993632       0.27152920722821239        5.9408904650291888E-002  0.30088946871773170     
   136.58805281121437       0.27065256333892879        5.9154264250518479E-002  0.29947210860793377     
   141.41261684513370       0.26978174328163157        5.8916702554543204E-002  0.29809193182041333     
   146.40753387824964       0.26892039531582845        5.8695076634168064E-002  0.29674987605220354     
   151.57894168226974       0.26807189482532995        5.8488312601464101E-002  0.29544658133152385     
   156.93294936957258       0.26723938843954648        5.8295418419342555E-002  0.29418249403420421     
   162.47613596373097       0.26642568866273270        5.8115459419451961E-002  0.29295774131446695     
   168.21511902855468       0.26563332091231084        5.7947570250026913E-002  0.29177223948479436     
   174.15674278185460       0.25545356753469006        5.6667976395851818E-002  0.28085054605215221     
   180.30830831190286       0.24201914744899600        5.5000314087646107E-002  0.26656819324986059     
   186.67715947709803       0.22952907628275551        5.3444501708291563E-002  0.25328402198353439     
   193.27089166569760       0.21791817411000147        5.1993054120791603E-002  0.24092680577315065     
   200.09760727912413       0.20712498948202293        5.0638938338928983E-002  0.22942990164316468     
   207.16537088595135       0.19709250991053953        4.9375657424815103E-002  0.21873190365315290     
   214.48286737908427       0.18776691694547812        4.8197090153451402E-002  0.20877522442341345     
   222.05883252794877       0.17909823462831828        4.7097569260242257E-002  0.19950670351884775     
   229.90230130529540       0.17103973875568493        4.6071804862791756E-002  0.19087690405575164     
   238.02291179328489       0.16354751426585554        4.5114826621880669E-002  0.18283957266222051     
   246.43025707061713       0.15658092352374428        4.4222043033388538E-002  0.17535208366424640     
   255.13466811288930       0.15010171535595512        4.3389128116324616E-002  0.16837443313806905     
   264.14653641505117       0.14407444763230304        4.2612076711768365E-002  0.16186964962234779     
   273.47660938458705       0.13846604965792103        4.1887150363660038E-002  0.15580328806534996     
   283.13635184814427       0.13324548749261772        4.1210836442912832E-002  0.15014303808072940     
   293.13729579387660       0.12838400986151133        4.0579882822955819E-002  0.14485896737565485     
   303.49136818478553       0.12385478369262698        3.9991253935781665E-002  0.13992311188800791     
   314.21129214162710       0.11963261386568737        3.9442097581362065E-002  0.13530916077078320     
   325.30973137660959       0.11569417980913882        3.8929778951969495E-002  0.13099271228647233     
   336.80032369109853       0.11201751142761547        3.8451815608768418E-002  0.12695070587661247     
   348.69678677735646       0.10858221115791626        3.8005909214787567E-002  0.12316167699067344     
   361.01330816366544       0.10536919636885532        3.7589914478929419E-002  0.11960549403828130     
   373.76502243504467       0.10230684204308695        3.7137598390299481E-002  0.11617276563794886     
   386.96715283564077        9.9244463828216806E-002   3.6487650614876375E-002  0.11262219734171977     
   400.63544401132759        9.6369128902055970E-002   3.5881301711141317E-002  0.10927967737949987     
   414.78669160661980        9.3665213188668203E-002   3.5315613616763296E-002  0.10612766028900500     
   429.43761284149554        9.1118210317654158E-002   3.4787872206064746E-002  0.10314998766220308     
   444.60621081975989        8.8714420342750386E-002   3.4295520309155940E-002  0.10033156518551882     
   460.31059410826708        8.6441119719812234E-002   3.3836190400192909E-002   9.7658598267169536E-002
   476.56949149896485        8.4286424279079522E-002   3.3407672606480712E-002   9.5118463739519932E-002
   493.40288198244309        8.2239185943501381E-002   3.3007890545955890E-002   9.2699611154851647E-002
   510.83065126063684        8.0289139648119442E-002   3.2634926096659328E-002   9.0391748875018468E-002
   528.87421463804299        7.8426683334452407E-002   3.2286972060140501E-002   8.8185584541402434E-002
   547.55511287104378        7.6643020162100936E-002   3.1962355262843606E-002   8.6072980184127040E-002
   566.89562449487210        7.4930063726808604E-002   3.1659513947559934E-002   8.4046813557681566E-002
   586.91951519858117        7.3280360632303310E-002   3.1376980697336014E-002   8.2100847725187304E-002
   607.65068989177485        7.1687191214503274E-002   3.1113396921343590E-002   8.0229800984855423E-002
   629.11387223602765        7.0144483462758825E-002   3.0867494497089080E-002   7.8429187670552847E-002
   651.33543626567803        6.8646737509802783E-002   3.0638081904895548E-002   7.6695168713059175E-002
   674.34163286578985        6.7189126904694127E-002   3.0424058441719457E-002   7.5024606592191304E-002
   698.16073213207346        6.5767328765361219E-002   3.0224387057322760E-002   7.3414808068142129E-002
   722.82116976782140        6.4062878990916158E-002   2.9723742238795332E-002   7.1282378239544975E-002
   748.35235540965130        6.2312529526675757E-002   2.9160835895576605E-002   6.9066588622277478E-002
   774.78566186873422        6.0614461717498617E-002   2.8635677171536301E-002   6.6952335091310600E-002
   802.15264573967897        5.8964625871469944E-002   2.8145740785753898E-002   6.4935395904073628E-002
   830.48594444209971        5.7359503806819583E-002   2.7688669615342217E-002   6.3011921166055404E-002
   859.82037403360118        5.5796012011577210E-002   2.7262248922911347E-002   6.1178296803008021E-002
   890.19058800385733        5.4271592357236206E-002   2.6864432776503175E-002   5.9431241006743310E-002
   921.63390537915473        5.2784023613904822E-002   2.6493293558821244E-002   5.7767581104357604E-002
   954.18786380243341        5.1331510869837026E-002   2.6147046607929478E-002   5.6184362899202610E-002
   987.89128659474920        4.9912592975095572E-002   2.5824026102230859E-002   5.4678755262939846E-002
   1022.7855886411724        4.8526059559887064E-002   2.5522666846548005E-002   5.3247979818563218E-002
   1058.9119914466876        4.7171035692600186E-002   2.5241522943570956E-002   5.1889419146955079E-002
   1096.3148872627712        4.5846820291393822E-002   2.4979232111112106E-002   5.0600471343930233E-002
   1135.0389283928459        4.4552971821702016E-002   2.4734533096136126E-002   4.9378659278343798E-002
   1175.1302964981960        4.3289232876941836E-002   2.4506248632235678E-002   4.8221575759389977E-002
   1216.6382559936744        4.2055463356936107E-002   2.4293272567523554E-002   4.7126844987871647E-002
   1259.6123598874483        4.0851708940629748E-002   2.4094580784208165E-002   4.6092205189726954E-002
   1304.1038583964914        3.9678134963078988E-002   2.3909217360329933E-002   4.5115465353298224E-002
   1350.1674228314519        3.8534968520502873E-002   2.3736284117810393E-002   4.4194475234305725E-002
   1397.8574692241625        3.6048570365771866E-002   2.2676735283849680E-002   4.1761409211675746E-002
   1447.2325992722181        3.3602124107934860E-002   2.1591702391037623E-002   3.9357186774304158E-002
   1498.3517579647787        3.1334025795745284E-002   2.0579442535827452E-002   3.7140567915766830E-002
   1551.2759091786245        2.8577448239736132E-002   1.9212544209801029E-002   3.4310784043434579E-002
   1606.0700862978565        2.6039372096875284E-002   1.7923960968250236E-002   3.1687084587484739E-002
   1662.7990190437411        2.3723764111525349E-002   1.6721816633842604E-002   2.9277218030071168E-002
   1721.5324161293761        2.1612846842955519E-002   1.5600286218747305E-002   2.7063387581597632E-002
   1782.3403946248577        1.9690121003356129E-002   1.4553976726086795E-002   2.5029312569665042E-002
   1845.2954731357936        1.7940214856136311E-002   1.3577854277741934E-002   2.3160029463893974E-002
   1910.4750110852074        1.6348774529450365E-002   1.2667189074452998E-002   2.1441736672559931E-002
   1977.9568210713478        1.4902531647285078E-002   1.1817602086875954E-002   1.9861834476273935E-002
   2047.8213808026539        1.3589177647244780E-002   1.1025005884497086E-002   1.8408763742594005E-002
   2120.1545400970977        1.2397270340732281E-002   1.0285559944093510E-002   1.7071879707098638E-002
   2195.0417479108573        1.1316286260675349E-002   9.5957164639104715E-003   1.5841492630202694E-002
   2272.5750259096239        1.0336455357834260E-002   8.9521328088232703E-003   1.4708669033938684E-002
   2352.8469348264384        9.4488041210529627E-003   8.3517142391836517E-003   1.3665270711747904E-002
   2435.9532056335870        8.6450639546437561E-003   7.7915720935379145E-003   1.2703844590104986E-002
   2521.9959596104222        7.9176011319849714E-003   7.2689922043035560E-003   1.1817536281383066E-002
   2611.0779162676686        7.2594294065957618E-003   6.7814616911583761E-003   1.1000105674651433E-002
   2703.3053132971791        6.6641352258552874E-003   6.3266350060596291E-003   1.0245840388459597E-002
   2798.7914800504532        6.1258197849706746E-003   5.9023082872662691E-003   9.5494877743554259E-003
   2897.6492167059700        5.6391083305321523E-003   5.5064456495360938E-003   8.9062745609779521E-003
   3000.0000000000000        5.1990623635898535E-003   5.1371289412948653E-003   8.3118025670591948E-003
