         200   4370.0000000000000     
   3.0000000000000000        5.9669784148919268E-003  0.12175042762878997        5.2052134053637792E-003
   3.1059655287322618        6.4577569188149922E-003  0.12175042762878997        5.6634653574742164E-003
   3.2156739552243598        6.9899499332418411E-003  0.12175042762878997        6.1646593803688704E-003
   3.3292574962321346        7.5666980978649611E-003  0.12175042762878997        6.7128878477080616E-003
   3.4468529954360925        8.1913060660409806E-003  0.12175042762878997        7.3126255344625832E-003
   3.5686022069563790        8.8672490372674502E-003  0.12175042762878997        7.9687633898859710E-003
   3.6946518254059528        9.5981796369141760E-003  0.12175042762878997        8.6866432330830797E-003
   3.8251536998800524        1.0387937470550852E-002  0.12175042762878997        9.4720954954776067E-003
   3.9602651907155879        1.1240561299061648E-002  0.12175042762878997        1.0331480050798914E-002
   4.1001490688558144        1.2160299767566773E-002  0.12175042762878997        1.1271726212065354E-002
   4.2449739038313119        1.3151625895534366E-002  0.12175042762878997        1.2300377374477150E-002
   4.3949142193596993        1.4219250223498781E-002  0.12175042762878997        1.3425635672905259E-002
   4.5501507036585132        1.5368133309520384E-002  0.12175042762878997        1.4656407876238949E-002
   4.7108703059600501        1.6603495102081839E-002  0.12175042762878997        1.6002350559046134E-002
   4.8772669425686850        1.7930825385167926E-002  0.12175042762878997        1.7473919867927273E-002
   5.0495410155906377        1.9355879846903280E-002  0.12175042762878997        1.9082409621257661E-002
   5.2279001269311909        2.0884678461818188E-002  0.12175042762878997        2.0839996269348217E-002
   5.4125592113782046        2.2523491058629230E-002  0.12175042762878997        2.2759774235473471E-002
   5.6037407956130689        2.4278814010925760E-002  0.12175042762878997        2.4855785259542098E-002
   5.8016752663703963        2.6157335993148512E-002  0.12175042762878997        2.7143038109394758E-002
   6.0066011480696169        2.8165891975356207E-002  0.12175042762878997        2.9637515406671984E-002
   6.2187653902530293        3.0311405062820845E-002  0.12175042762878997        3.2356163670302793E-002
   6.4384236651766908        3.2600816280565569E-002  0.12175042762878997        3.5316861973422833E-002
   6.6658406759127811        3.5041002928733064E-002  0.12175042762878997        3.8538363857285901E-002
   6.9012904753346884        3.7638686657919418E-002  0.12175042762878997        4.2040206380042522E-002
   7.1450567963692624        4.0400332898740086E-002  0.12175042762878997        4.5842579447864122E-002
   7.3974330131920443        4.3332039217774412E-002  0.12175042762878997        4.9966141588619076E-002
   7.6587243988323896        4.6439446291321948E-002  0.12175042762878997        5.4431818802744933E-002
   7.9292442763577622        4.9727575052924897E-002  0.12175042762878997        5.9260437443576286E-002
   8.2093202460023029        5.3200784365551604E-002  0.12175042762878997        6.4472458255005333E-002
   8.4992881560440416        5.6862584321820224E-002  0.12175042762878997        7.0087417457721707E-002
   8.7994991583321234        6.0715615942566976E-002  0.12175042762878997        7.6123524574457355E-002
   9.1103132457223861        6.4761469545689773E-002  0.12175042762878997        8.2596919136459362E-002
   9.4321068148357909        6.9000691257176450E-002  0.12175042762878997        8.9521122926607175E-002
   9.7652657388916850        7.3432613362389640E-002  0.12175042762878997        9.6906121676610710E-002
   10.110193474162946        7.8055393537079271E-002  0.12175042762878997       0.10475770636737872     
   10.467303634806061        8.2865861512156871E-002  0.12175042762878997       0.11307643925101406     
   10.837027566606025        8.7859578991276110E-002  0.12175042762878997       0.12185695096559997     
   11.219811965471335        9.3030780223493148E-002  0.12175042762878997       0.13108705170569163     
   11.616115840724994        9.8372316856417646E-002  0.12175042762878997       0.14074690471596360     
   12.026419117330413       0.10387577394107025       0.12175042762878997       0.15080862578888285     
   12.451213803399156       0.10953136492419097       0.12175042762878997       0.16123566198613939     
   12.891014326336300       0.11532809788496984       0.12175042762878997       0.17198289861185281     
   13.346348065368609       0.12125369160919362       0.12175042762878997       0.18299659441018151     
   13.817766430769083       0.12729477731530103       0.12175042762878997       0.19421516958492194     
   14.305834715756038       0.13343683689647326       0.12175042762878997       0.20556985038708597     
   14.811143972217785       0.13966443872715953       0.12175042762878997       0.21698620511346547     
   15.334300133051286       0.14596119856435796       0.12175042762878997       0.22838547893842168     
   15.875936741648431       0.15231004651990429       0.12175042762878997       0.23968673722480077     
   16.436703292225193       0.15869320952021784       0.12175042762878997       0.25080865265433627     
   17.017278874447534       0.16509250413804730       0.12175042762878997       0.26167190471107715     
   17.618359675531394       0.17148933713920986       0.12175042762878997       0.27220100860447966     
   18.240671728221173       0.17786499722387553       0.12175042762878997       0.28232647720906640     
   18.884968846184627       0.18420078069647769       0.12175042762878997       0.29198642010532760     
   19.552019805756849       0.19047802724212257       0.12175042762878997       0.30112767836194076     
   20.242632201214423       0.19667851265760977       0.12174635605950480       0.30970709114948936     
   20.957638264717446       0.20278446298635350       0.12173615369859667       0.31769177497466383     
   21.697899624358065       0.20877875226395948       0.12172786953726605       0.32505929680136769     
   22.464312967141105       0.21464508985716510       0.12172114288883033       0.33179739461099927     
   23.257792778673313       0.22036802583287757       0.12171568098885782       0.33790322492622143     
   24.079299719823517       0.22593329260259512       0.12171124600944946       0.34338274317022011     
   24.929823759061236       0.23132778502777282       0.12170764487386451       0.34824950507103775     
   25.810395145829254       0.23653973212132320       0.12170472079113814       0.35252359618661538     
   26.722064579292049       0.24155866554928349       0.12170234649619537       0.35623036464515490     
   27.665935811728254       0.24637568019460432       0.12170041860494259       0.35939942675684960     
   28.643146268414043       0.25098336750657807       0.12169885318667228       0.36206348300792990     
   29.654879655490589       0.25537591296966111       0.12169758208415037       0.36425737514973583     
   30.702343174827575       0.25944246940268556       0.11340861077410759       0.36585925961196497     
   31.786804983723918       0.26324168486255045       0.10294623528545244       0.36699000844764895     
   32.909571928103169       0.26682553098058864        9.4450946084273929E-002  0.36776490821392332     
   34.072004028335677       0.27019263502960633        8.7552864125771068E-002  0.36821849672028722     
   35.275488300232773       0.27334323786190601        8.1951763663955138E-002  0.36838432055659992     
   36.521481794408061       0.27627921439063935        7.7403755583039052E-002  0.36829464033856013     
   37.811486012809581       0.27900387872139154        7.3710842441221780E-002  0.36798018594353532     
   39.147055493126302       0.28152187752424307        7.0712253337955000E-002  0.36746999248243439     
   40.529808025860810       0.28383906377630402        6.8277431767508848E-002  0.36679128086338109     
   41.961393513511240       0.28596229327761996        6.6300406805395048E-002  0.36596940240986753     
   43.443545167355794       0.28789934938178541        6.4695092713072735E-002  0.36502777606793274     
   44.978049075047366       0.28965872402268167        6.3391602173300782E-002  0.36398789265836412     
   46.566763998623138       0.29124947599034856        6.2333182105125395E-002  0.36286931557286750     
   48.211585595230147       0.29268103024986036        6.1473766811379262E-002  0.36168973683516575     
   49.914505239722644       0.29396307478527905        6.0775934710800734E-002  0.36046498086209044     
   51.677575059319224       0.29510536962962503        6.0209305696700792E-002  0.35920908635420484     
   53.502930680545909       0.29611762034726796        5.9749209131796932E-002  0.35793435764999082     
   55.392750120602578       0.29700932539919950        5.9375620198283741E-002  0.35665146811117437     
   57.349321371645829       0.29778969734534450        5.9072271686657879E-002  0.35536949357244518     
   59.375002227322796       0.29846753952746441        5.8825957325468928E-002  0.35409602575787857     
   61.472246417894510       0.29905117409476972        5.8625952756960115E-002  0.35283724354775742     
   63.643556378429672       0.29954836459791734        5.8463553167077235E-002  0.35159803091998998     
   65.891560899834928       0.29996628987507140        5.8331687178927248E-002  0.35038202160576093     
   68.218968971510208       0.30031149966426196        5.8224614009325486E-002  0.34919171964578632     
   70.628585269218178       0.30025535883362670        5.8061550276509034E-002  0.34749529916421684     
   73.123328588587739       0.29923993756967643        5.7731219094502635E-002  0.34440328005330062     
   75.706175661273647       0.29826341401355183        5.7462996978961213E-002  0.34150725697182643     
   78.380253523498894       0.29731788507019291        5.7245204715230424E-002  0.33879065660711633     
   81.148784610322849       0.29639687599655090        5.7068360721418597E-002  0.33623821828691230     
   84.015122474940881       0.29549512114843918        5.6924765331750907E-002  0.33383587624629385     
   86.982687236203873       0.29460841074527233        5.6808168833156002E-002  0.33157074041009021     
   90.055071705548812       0.29373341230373057        5.6713494256002611E-002  0.32943094303328158     
   93.235978303002270       0.29286756897930222        5.6636619944447818E-002  0.32740563414188750     
   96.529260096906100       0.29200898535943404        5.6574198843876627E-002  0.32548489794674323     
   99.938826062156153       0.29115636507777015        5.6523514466355909E-002  0.32365975432436317     
   103.46886588546354       0.29030888038033503        5.6482359035526168E-002  0.32192198694377711     
   107.12359379692580       0.28946617382943879        5.6448941495158368E-002  0.32026423713447982     
   110.90736836557576       0.28862827201182262        5.6421807285470901E-002  0.31867988835675809     
   114.82483910697920       0.28779550687205463        5.6399774459094484E-002  0.31716296895070362     
   118.88068277378797       0.28696853121020749        5.6381884162479738E-002  0.31570821995858156     
   123.07973629915718       0.28614824798106497        5.6367357687629280E-002  0.31431099013322061     
   127.42715949490271       0.28533574320194427        5.6355562271365893E-002  0.31296714313408064     
   131.92808807993632       0.28453231693762121        5.6345984687417097E-002  0.31167312395630875     
   136.58805281121437       0.28373936989641613        5.6338207742863328E-002  0.31042578141964494     
   141.41261684513370       0.28295843392399944        5.6331892990391194E-002  0.30922242561724206     
   146.40753387824964       0.28219110580314233        5.6326765568809230E-002  0.30806072670974988     
   151.57894168226974       0.26796399309376456        5.4732745319566539E-002  0.29291817326158293     
   156.93294936957258       0.22830808187925444        5.0119541701189159E-002  0.25136556714612590     
   162.47613596373097       0.19619526970497400        4.6373646186510839E-002  0.21770689773004642     
   168.21511902855468       0.17019173160626566        4.3332039962196235E-002  0.19043424843407722     
   174.15674278185460       0.14913580665308487        4.0862331534567788E-002  0.16832803869915949     
   180.30830831190286       0.13208593961802148        3.8856942116081490E-002  0.15040131810836413     
   186.67715947709803       0.11828027518672576        3.7228598529470240E-002  0.13585663758016775     
   193.27089166569760       0.10710176350445716        3.5906424131357667E-002  0.12404894748469468     
   200.09760727912413        9.8050394106720465E-002   3.4832825921258623E-002  0.11445614158093184     
   207.16537088595135        9.0721731725198776E-002   3.3961090939204581E-002  0.10665634320025777     
   214.48286737908427        8.4787937180549763E-002   3.3253247013509242E-002  0.10030786504024143     
   222.05883252794877        7.9983764064644552E-002   3.2678489260175775E-002   9.5134463262561045E-002
   229.90230130529540        7.6094354112002147E-002   3.2211800293042131E-002   9.0912503884501450E-002
   238.02291179328489        7.2945533783396119E-002   3.1832851464126101E-002   8.7460775216482947E-002
   246.43025707061713        7.0396318557868404E-002   3.1525154462149867E-002   8.4632648772967056E-002
   255.13466811288930        6.8332292835729891E-002   3.1275306218948265E-002   8.2309141257526905E-002
   264.14653641505117        6.6660728861347870E-002   3.1072433509691480E-002   8.0393831714914002E-002
   273.47660938458705        6.5306337204540391E-002   3.0907705927342866E-002   7.8808424830791743E-002
   283.13635184814427        6.4207891407673925E-002   3.0773948052575606E-002   7.7489230391845243E-002
   293.13729579387660        6.3315614382115429E-002   3.0665338834072575E-002   7.6384458634703070E-002
   303.49136818478553        6.2588928322000636E-002   3.0577150856249867E-002   7.5451878090988134E-002
   314.21129214162710        6.1994669050037463E-002   3.0505542711909885E-002   7.4656958791729275E-002
   325.30973137660959        6.1505711630636742E-002   3.0447398683879620E-002   7.3971465879260276E-002
   336.80032369109853        6.1099757360373208E-002   3.0400186058593518E-002   7.3372190860701597E-002
   348.69678677735646        6.0758445955602459E-002   3.0361850174857732E-002   7.2840053498770596E-002
   361.01330816366544        6.0466583964961400E-002   3.0330722392968742E-002   7.2359304260146792E-002
   373.76502243504467        6.0068505597396057E-002   3.0134279945674698E-002   7.1675877612803959E-002
   386.96715283564077        5.9247597118185419E-002   2.9407370183274502E-002   7.0268337382590862E-002
   400.63544401132759        5.8552825909536914E-002   2.8817137577892053E-002   6.9068830926225580E-002
   414.78669160661980        5.7956682346053619E-002   2.8337872006281128E-002   6.8033836120289695E-002
   429.43761284149554        5.7436500080582098E-002   2.7948720310109008E-002   6.7127996103196030E-002
   444.60621081975989        5.6973527154132959E-002   2.7632731311181366E-002   6.6322525542628671E-002
   460.31059410826708        5.6552265012705237E-002   2.7376153384171157E-002   6.5594083582642446E-002
   476.56949149896485        5.6159875061595442E-002   2.7167818503865088E-002   6.4923762638447777E-002
   493.40288198244309        5.5785703250255177E-002   2.6998651747257917E-002   6.4296280326389205E-002
   510.83065126063684        5.5420936916946772E-002   2.6861292558179612E-002   6.3699395184879617E-002
   528.87421463804299        5.5058265425188803E-002   2.6749757665546985E-002   6.3123327850954689E-002
   547.55511287104378        5.4691665568047228E-002   2.6659193147041186E-002   6.2560389036742020E-002
   566.89562449487210        5.4316190511379848E-002   2.6585657015766265E-002   6.2004611617125359E-002
   586.91951519858117        5.3927795771264997E-002   2.6525946088806058E-002   6.1451446710696751E-002
   607.65068989177485        5.3523235717464493E-002   2.6477461787418034E-002   6.0897566923339190E-002
   629.11387223602765        5.3099945136801073E-002   2.6438093743393041E-002   6.0340649131908029E-002
   651.33543626567803        5.2655936635035337E-002   2.6406127112016110E-002   5.9779188161889416E-002
   674.34163286578985        5.2189764917101131E-002   2.6380171004258574E-002   5.9212401566465317E-002
   698.16073213207346        5.1700425044551190E-002   2.6359094790054619E-002   5.8640054906777754E-002
   722.82116976782140        5.0309913886139680E-002   2.5465592730532539E-002   5.6444781153495667E-002
   748.35235540965130        4.8811260917893978E-002   2.4491023074915696E-002   5.4083715117378639E-002
   774.78566186873422        4.7469729331659966E-002   2.3699677969927512E-002   5.2047954558754182E-002
   802.15264573967897        4.6251691895425488E-002   2.3057118617302391E-002   5.0277775218257735E-002
   830.48594444209971        4.5130195724432456E-002   2.2535376441821610E-002   4.8725013301636214E-002
   859.82037403360118        4.4083694111015932E-002   2.2111724715900363E-002   4.7350807903916818E-002
   890.19058800385733        4.3095131850324452E-002   2.1767730075988423E-002   4.6123933129308729E-002
   921.63390537915473        4.2151025572490890E-002   2.1488408353967224E-002   4.5019217047679326E-002
   954.18786380243341        4.1240879292684850E-002   2.1261603659347025E-002   4.4016475200571330E-002
   987.89128659474920        4.0356601621069334E-002   2.1077443901502086E-002   4.3099511006273482E-002
   1022.7855886411724        3.9492029993575366E-002   2.0927907209007706E-002   4.2255317994979461E-002
   1058.9119914466876        3.8642638324195920E-002   2.0806487142616199E-002   4.1473528712337136E-002
   1096.3148872627712        3.7805155451170074E-002   2.0707894728382397E-002   4.0745827110320834E-002
   1135.0389283928459        3.6977390588162948E-002   2.0627839291804242E-002   4.0065604488835636E-002
   1175.1302964981960        3.6158000816998097E-002   2.0562836273065595E-002   3.9427596390506213E-002
   1216.6382559936744        3.5346296527202267E-002   2.0510054185718891E-002   3.8827593408612811E-002
   1259.6123598874483        3.4542163120903337E-002   2.0467195989387219E-002   3.8262269375861725E-002
   1304.1038583964914        3.3745918934132133E-002   2.0432396202410424E-002   3.7728981942613732E-002
   1350.1674228314519        3.2958194626688475E-002   2.0404138970184942E-002   3.7225615019424931E-002
   1397.8574692241625        2.8652470361369246E-002   1.8076605509711213E-002   3.2730362897797932E-002
   1447.2325992722181        2.4822298675666266E-002   1.5956110375257047E-002   2.8712390967478192E-002
   1498.3517579647787        2.1705298555340639E-002   1.4234302819677351E-002   2.5462323891806072E-002
   1551.2759091786245        1.7234947073022918E-002   1.1594585547111187E-002   2.0520989385884300E-002
   1606.0700862978565        1.3637735832473795E-002   9.4146148578498831E-003   1.6491956121999024E-002
   1662.7990190437411        1.0790337202144213E-002   7.6445330043170669E-003   1.3260929488044264E-002
   1721.5324161293761        8.5372986226045083E-003   6.2072364476795563E-003   1.0668676196128674E-002
   1782.3403946248577        6.7551809573311904E-003   5.0401750238559867E-003   8.5879890226202588E-003
   1845.2954731357936        5.3459561462411657E-003   4.0925502422731290E-003   6.9171278888408442E-003
   1910.4750110852074        4.2318027019688396E-003   3.3230842241706031E-003   5.5746626934234890E-003
   1977.9568210713478        3.3510652656427611E-003   2.6982903341946501E-003   4.4954971657651813E-003
   2047.8213808026539        2.6548872971682946E-003   2.1909732714962692E-003   3.6275260149216050E-003
   2120.1545400970977        2.1045634633362455E-003   1.7790346564065030E-003   2.9290076525802641E-003
   2195.0417479108573        1.6694931721164714E-003   1.4445507704846617E-003   2.3665463937149124E-003
   2272.5750259096239        1.3254551144319315E-003   1.1729517274648819E-003   1.9133593740924934E-003
   2352.8469348264384        1.0533176974158239E-003   9.5241772257076743E-004   1.5479977405716654E-003
   2435.9532056335870        8.3796340424685772E-004   7.7334960845668564E-004   1.2532596040906755E-003
   2521.9959596104222        6.6744649182947247E-004   6.2794730217008313E-004   1.0153355660954778E-003
   2611.0779162676686        5.3234297136089341E-004   5.0988299469058524E-004   8.2315116979799277E-004
   2703.3053132971791        4.2521387506515458E-004   4.1401772033215051E-004   6.6781174862462337E-004
   2798.7914800504532        3.4018589443121140E-004   3.3617565418052803E-004   5.4216583514525129E-004
   2897.6492167059700        2.7262924764812616E-004   2.7296983704948346E-004   4.4047039843175611E-004
   3000.0000000000000        2.1888810939860371E-004   2.2164706734784697E-004   3.5810113535908716E-004
