         200   4370.0000000000000     
   3.0000000000000000        2.1077127336998460E-003   1.5927192362328648        1.0160233559068344E-003
   3.1059655287322618        2.2594165326220400E-003   1.5927192362328648        1.0833426771635756E-003
   3.2156739552243598        2.4220217904926044E-003   1.5927192362328648        1.1553703338638547E-003
   3.3292574962321346        2.5962893707648540E-003   1.5927192362328648        1.2324410332905959E-003
   3.4468529954360925        2.7830342622453459E-003   1.5927192362328648        1.3149132360954542E-003
   3.5686022069563790        2.9831311443673054E-003   1.5927192362328648        1.4031708972235802E-003
   3.6946518254059528        3.1975203996631369E-003   1.5927192362328648        1.4976251442282713E-003
   3.8251536998800524        3.4272153625783210E-003   1.5927192362328648        1.5987162037963355E-003
   3.9602651907155879        3.6733109116523811E-003   1.5927192362328648        1.7069155860864030E-003
   4.1001490688558144        3.9369924288182572E-003   1.5927192362328648        1.8227280630953541E-003
   4.2449739038313119        4.2195469039780836E-003   1.5927192362328648        1.9466941915078527E-003
   4.3949142193596993        4.5223750331028776E-003   1.5927192362328648        2.0793928435456875E-003
   4.5501507036585132        4.8470049184736247E-003   1.5927192362328648        2.2214439865676843E-003
   4.7108703059600501        5.1951071335773289E-003   1.5927192362328648        2.3735115821674909E-003
   4.8772669425686850        5.5685128538708970E-003   1.5927192362328648        2.5363073224244259E-003
   5.0495410155906377        5.9692312686705539E-003   1.5927192362328648        2.7105935234552525E-003
   5.2279001269311909        6.3994715725132810E-003   1.5927192362328648        2.8971874602643582E-003
   5.4125592113782046        6.8616658791017969E-003   1.5927192362328648        3.0969655069701691E-003
   5.6037407956130689        7.3584947646918308E-003   1.5927192362328648        3.3108677805239414E-003
   5.8016752663703963        7.8929154257141500E-003   1.5927192362328648        3.5399032192698350E-003
   6.0066011480696169        8.4681927330100496E-003   1.5927192362328648        3.7851551396728801E-003
   6.2187653902530293        9.0879335243477764E-003   1.5927192362328648        4.0477873177126034E-003
   6.4384236651766908        9.7561245483187096E-003   1.5927192362328648        4.3290506447930584E-003
   6.6658406759127811        1.0477174557879356E-002   1.5927192362328648        4.6302904116239567E-003
   6.9012904753346884        1.1255961152683173E-002   1.5927192362328648        4.9529542774659919E-003
   7.1450567963692624        1.2097883088293154E-002   1.5927192362328648        5.2986009865038861E-003
   7.3974330131920443        1.3008917504802294E-002   1.5927192362328648        5.6689093298153198E-003
   7.6587243988323896        1.3995692931647074E-002   1.5927192362328648        6.0656914026090318E-003
   7.9292442763577622        1.5065548115930227E-002   1.5927192362328648        6.4908976504825106E-003
   8.2093202460023029        1.6226638837792216E-002   1.5927192362328648        6.9466382454431968E-003
   8.4992881560440416        1.7488008546628703E-002   1.5927192362328648        7.4351865455771051E-003
   8.7994991583321234        1.8859725677115583E-002   1.5927192362328648        7.9590047620197567E-003
   9.1103132457223861        2.0352978876388299E-002   1.5927192362328648        8.5207485218281639E-003
   9.4321068148357909        2.1980252954319570E-002   1.5927192362328648        9.1232970068327625E-003
   9.7652657388916850        2.3755456943845957E-002   1.5927192362328648        9.7697588927406192E-003
   10.110193474162946        2.5694149384504809E-002   1.5927192362328648        1.0463507776259959E-002
   10.467303634806061        2.7813707540972104E-002   1.5927192362328648        1.1208189840335519E-002
   10.837027566606025        3.0133604834261342E-002   1.5927192362328648        1.2007763102884825E-002
   11.219811965471335        3.2675662589152207E-002   1.5927192362328648        1.2866519537910825E-002
   11.616115840724994        3.5464319010806510E-002   1.5927192362328648        1.3789106858183929E-002
   12.026419117330413        3.8527004806910646E-002   1.5927192362328648        1.4780579832892606E-002
   12.451213803399156        4.1894421626515188E-002   1.5927192362328648        1.5846414484628785E-002
   12.891014326336300        4.5600979851585441E-002   1.5927192362328648        1.6992571291967264E-002
   13.346348065368609        4.9685097058903144E-002   1.5927192362328648        1.8225513221917015E-002
   13.817766430769083        5.4189672777717517E-002   1.5927192362328648        1.9552280570432887E-002
   14.305834715756038        5.9162377681065789E-002   1.5927192362328648        2.0980513736259251E-002
   14.811143972217785        6.4656141277470186E-002   1.5927192362328648        2.2518541906059241E-002
   15.334300133051286        7.0729400884427390E-002   1.5927192362328648        2.4175411601124523E-002
   15.875936741648431        7.7446583281470915E-002   1.5927192362328648        2.5960991752431165E-002
   16.436703292225193        8.4878289832945611E-002   1.5927192362328648        2.7886009149942548E-002
   17.017278874447534        9.3101764019007591E-002   1.5927192362328648        2.9962172802227544E-002
   17.618359675531394       0.10220099542458023        1.5927192362328648        3.2202217478324781E-002
   18.240671728221173       0.11226713455910289        1.5927192362328648        3.4620043157169815E-002
   18.884968846184627       0.12339867496907320        1.5927192362328648        3.7230813144926524E-002
   19.552019805756849       0.13570135218303794        1.5927192362328648        4.0051012422855886E-002
   20.242632201214423       0.14928859258475849        1.5925596052793092        4.3098637672851138E-002
   20.957638264717446       0.16428117345715854        1.5921774148087142        4.6393305751690796E-002
   21.697899624358065       0.18080700738813424        1.5918878958499707        4.9956486194669011E-002
   22.464312967141105       0.19900070927138849        1.5916685767794996        5.3811554209820200E-002
   23.257792778673313       0.21900225858365624        1.5915024381587894        5.7983922266290934E-002
   24.079299719823517       0.24095631198439019        1.5913765839468825        6.2501360036004247E-002
   24.929823759061236       0.26500992863503725        1.5912812461946673        6.7394099992883552E-002
   25.810395145829254       0.29131039192598257        1.5912090250617663        7.2695098909319689E-002
   26.722064579292049       0.32000149268186567        1.5911543160965109        7.8440127077826438E-002
   27.665935811728254       0.35122073749260130        1.5911128726700694        8.4668182593642477E-002
   28.643146268414043       0.38509439914433152        1.5910814782251703        9.1421599856419983E-002
   29.654879655490589       0.42173302070329149        1.5910576960158702        9.8746357843161200E-002
   30.702343174827575       0.46109757129294210        1.5747707264220703       0.10663506808452682     
   31.786804983723918       0.50333368386604915        1.5553606560319440       0.11517823969630618     
   32.909571928103169       0.54853458203369987        1.5406570362380445       0.12446198938188600     
   34.072004028335677       0.59668907507389413        1.5295186146308424       0.13454682952713573     
   35.275488300232773       0.64774400828376333        1.5210810355423783       0.14549789960317849     
   36.521481794408061       0.70160213542842387        1.5146893557388472       0.15738528270743557     
   37.811486012809581       0.75811833567402132        1.5098474964469137       0.17028364280418840     
   39.147055493126302       0.81709865729891717        1.5061796654348041       0.18427203718655430     
   40.529808025860810       0.87830107161368609        1.5034011762757056       0.19943361773633794     
   41.961393513511240       0.94143614127675601        1.5012964146808367       0.21585469279150540     
   43.443545167355794        1.0061731418801474        1.4997020044790290       0.23362448435889918     
   44.978049075047366        1.0721443505506962        1.4984941983798410       0.25283375803969799     
   46.566763998623138        1.1389532198054984        1.4975792499697849       0.27357376411711498     
   48.211585595230147        1.2061817251624907        1.4968861580898074       0.29593420245921315     
   49.914505239722644        1.2734029659655719        1.4963611234412677       0.32000217635091965     
   51.677575059319224        1.3401907945500466        1.4959633964008405       0.34585971290623369     
   53.502930680545909        1.4061324741423336        1.4956621065468474       0.37358190437629751     
   55.392750120602578        1.4708393085725757        1.4954338734038342       0.40323403906915090     
   57.349321371645829        1.5339611365546564        1.4952609810190172       0.43487046384196226     
   59.375002227322796        1.5951965072286631        1.4951300106597887       0.46853205296513467     
   61.472246417894510        1.6543044351576648        1.4950307967859562       0.50424512270502109     
   63.643556378429672        1.7111129896529795        1.4949556402748576       0.54201972713098923     
   65.891560899834928        1.7655300627422625        1.4948987073146975       0.58185088698178977     
   68.218968971510208        1.8175490549386837        1.4948555791558036       0.62371866966823120     
   70.628585269218178        1.8643294241975843        1.4939574341139257       0.66605208653617343     
   73.123328588587739        1.9014603358196260        1.4911020300433311       0.70627621852521005     
   75.706175661273647        1.9379354613101425        1.4889390038512187       0.74887965744791440     
   78.380253523498894        1.9738327033709300        1.4873004567417096       0.79368663119687766     
   81.148784610322849        2.0093704009419286        1.4860592158173731       0.84054901839277574     
   84.015122474940881        2.0448931303006312        1.4851189395503530       0.88934860503513025     
   86.982687236203873        2.0808555885605227        1.4844066613077345       0.93999823194801391     
   90.055071705548812        2.1178075626255377        1.4838670925036841       0.99244592458204217     
   93.235978303002270        2.1563755148665917        1.4834583554724414        1.0466757575436252     
   96.529260096906100        2.1972440305971817        1.4831487252287159        1.1027097453913628     
   99.938826062156153        2.2411340764486862        1.4829141752790400        1.1606064418342252     
   103.46886588546354        2.2887839321162717        1.4827364956321964        1.2204638689737939     
   107.12359379692580        2.3409228379621010        1.4826018990224443        1.2824131620155745     
   110.90736836557576        2.3982485245517133        1.4824999398996359        1.3466175460015841     
   114.82483910697920        2.4614054346837495        1.4824227023604362        1.4132708120135351     
   118.88068277378797        2.5309569669797494        1.4823641930651550        1.4825879994034477     
   123.07973629915718        2.6073645870177447        1.4823198713215882        1.5548020701181795     
   127.42715949490271        2.6909701867397904        1.4822862960777834        1.6301605380021078     
   131.92808807993632        2.7819715263369682        1.4822608622840738        1.7089127643825017     
   136.58805281121437        2.8804156459885064        1.4822415953113484        1.7913100474600847     
   141.41261684513370        2.9861811496380186        1.4822270001156939        1.8775917132881490     
   146.40753387824964        3.0989753878341042        1.4822159440174074        1.9679799245624530     
   151.57894168226974        3.0406457738922281        1.4369334762420780        1.9634779371134654     
   156.93294936957258        2.6481580825251405        1.3112930524843103        1.7619107020423659     
   162.47613596373097        2.3504935363788526        1.2161161140400569        1.6002079099577282     
   168.21511902855468        2.1263013866987279        1.1440172919798060        1.4703726059785265     
   174.15674278185460        1.9592371863237226        1.0894012606694112        1.3664949298877149     
   180.30830831190286        1.8367066999860711        1.0480277401524740        1.2842162069239018     
   186.67715947709803        1.7489463556083971        1.0166863023786150        1.2203233388668020     
   193.27089166569760        1.6883243684514702       0.99294465309980628        1.1724248619620370     
   200.09760727912413        1.6488273789572909       0.97495953792436840        1.1387031651296182     
   207.16537088595135        1.6256832636798502       0.96133552042347503        1.1177281660203013     
   214.48286737908427        1.6150725811720283       0.95101485899729399        1.1083118666471949     
   222.05883252794877        1.6139180806642208       0.94319670951829648        1.1094097911806400     
   229.90230130529540        1.6197233367740780       0.93727433402681470        1.1200550305504822     
   238.02291179328489        1.6304526312110159       0.93278793107832614        1.1393243969799856     
   246.43025707061713        1.6444386163010236       0.92938940781672696        1.1663251142020783     
   255.13466811288930        1.6603132743538072       0.92681490966082380        1.2001993648941764     
   264.14653641505117        1.6769531839288241       0.92486466533199374        1.2401328682859996     
   273.47660938458705        1.6934385251734589       0.92338732350749753        1.2853681879235881     
   283.13635184814427        1.7090214614437833       0.92226818630877117        1.3352175506740300     
   293.13729579387660        1.7230996140722419       0.92142041293981392        1.3890667269089978     
   303.49136818478553        1.7351965599081789       0.92077821081306421        1.4463793068480713     
   314.21129214162710        1.7449458595479945       0.92029172063372500        1.5066981270637327     
   325.30973137660959        1.7520766288968495       0.91992319640395481        1.5696368431153531     
   336.80032369109853        1.7564030194770712       0.91964402663611222        1.6348802963040292     
   348.69678677735646        1.7578136085402754       0.91943254881653502        1.7021730985125416     
   361.01330816366544        1.7562629286605489       0.91927235092584225        1.7713151386591566     
   373.76502243504467        1.7307234991336606       0.89233357081556564        1.8191051418175264     
   386.96715283564077        1.6364225560442982       0.78599346268227599        1.7887439201180735     
   400.63544401132759        1.5553973800124516       0.70543909980370989        1.7680203487880441     
   414.78669160661980        1.4846037926730347       0.64441640179139825        1.7567766887071028     
   429.43761284149554        1.4216665375712578       0.59819071474064711        1.7547562285346143     
   444.60621081975989        1.3647440338685917       0.56317316832218578        1.7615527698535030     
   460.31059410826708        1.3124282320438498       0.53664653393490847        1.7766303388085114     
   476.56949149896485        1.2636553689642798       0.51655217659513986        1.7993747504445381     
   493.40288198244309        1.2176333708732090       0.50133001039733383        1.8291517378734845     
   510.83065126063684        1.1737876767923383       0.48979897172132314        1.8653509363046419     
   528.87421463804299        1.1317094517545736       0.48106381367711903        1.9074187290216325     
   547.55511287104378        1.0911208215898092       0.47444672117769721        1.9548704369619199     
   566.89562449487210        1.0518421355595533       0.46943416589863846        2.0072948166820930     
   586.91951519858117        1.0137656563794626       0.46563698302568585        2.0643521220906997     
   607.65068989177485       0.97683839907014869       0.46276052559006803        2.1257619501827314     
   629.11387223602765       0.94104486813233479       0.46058156226060770        2.1912944826125700     
   651.33543626567803       0.90639345347562028       0.45893092266168095        2.2607622060878301     
   674.34163286578985       0.87290976906223716       0.45768053629695077        2.3340039419075289     
   698.16073213207346       0.84062604550494013       0.45673332565798752        2.4108818984883005     
   722.82116976782140       0.80263245640007397       0.44897016365390480        2.4751867169506072     
   748.35235540965130       0.76567110588151377       0.44115681196397111        2.5418991945065357     
   774.78566186873422       0.73173676836730694       0.43523792956454621        2.6156203895703181     
   802.15264573967897       0.70043930384177944       0.43075423366208188        2.6954221326127938     
   830.48594444209971       0.67148133540363542       0.42735776103191003        2.7805297675732343     
   859.82037403360118       0.64463285679081150       0.42478481629978371        2.8702869434424230     
   890.19058800385733       0.61971523617611346       0.42283576878369333        2.9641178734978992     
   921.63390537915473       0.59658500268788761       0.42135929831411101        3.0615112841151690     
   954.18786380243341       0.57512586196417792       0.42024083639041893        3.1619927230007923     
   987.89128659474920       0.55524028118766233       0.41939358327728488        3.2651112093303496     
   1022.7855886411724       0.53684343988811123       0.41875175992948394        3.3704293832837160     
   1058.9119914466876       0.51986090615939884       0.41826556829614403        3.4775035896479394     
   1096.3148872627712       0.50422407033210026       0.41789726142663258        3.5858846382800795     
   1135.0389283928459       0.48986960270788593       0.41761826010674613        3.6951016181296650     
   1175.1302964981960       0.47673738736725180       0.41740691206544694        3.8046600239521355     
   1216.6382559936744       0.46476916598026058       0.41724680866149927        3.9140416891214853     
   1259.6123598874483       0.45390882704557844       0.41712552647884815        4.0226945835660946     
   1304.1038583964914       0.44410145759620634       0.41703365325130121        4.1300360155018145     
   1350.1674228314519       0.43529278803161975       0.41696405612434573        4.2354574285344562     
   1397.8574692241625       0.35514646499621877       0.33256687063956791        3.7223886606991208     
   1447.2325992722181       0.28493439047001545       0.25657940756667602        3.2711863238954564     
   1498.3517579647787       0.23091924268226513       0.19901707504731889        2.9289429939299603     
   1551.2759091786245       0.17139413550078128       0.15088911399666013        2.2798565642753532     
   1606.0700862978565       0.12705247058388749       0.11430213619706239        1.7634305843923879     
   1662.7990190437411        9.4353375856404104E-002   8.6586904963664751E-002   1.3619154409968746     
   1721.5324161293761        7.0194790707691759E-002   6.5591664911347131E-002   1.0501471842556860     
   1782.3403946248577        5.2313068319290820E-002   4.9687265154561427E-002  0.80841213104077880     
   1845.2954731357936        3.9052855990667108E-002   3.7639423452463787E-002  0.62126406518186328     
   1910.4750110852074        2.9201348367107589E-002   2.8512769356824914E-002  0.47660534150302963     
   1977.9568210713478        2.1869113826696120E-002   2.1599109173981779E-002  0.36497951328614464     
   2047.8213808026539        1.6402307535621809E-002   1.6361899047302696E-002  0.27899624499637610     
   2120.1545400970977        1.2319256251471591E-002   1.2394532407346392E-002  0.21288444048538688     
   2195.0417479108573        9.2647600717101625E-003   9.3891875981539485E-003  0.16214840132574132     
   2272.5750259096239        6.9760795813572744E-003   7.1125356309516431E-003  0.12328585231357403     
   2352.8469348264384        5.2586914915918647E-003   5.3879169600895864E-003   9.3576153566660505E-002
   2435.9532056335870        3.9682106534914136E-003   4.0814902441638126E-003   7.0907900253583345E-002
   2521.9959596104222        2.9972351703521196E-003   3.0918271134239795E-003   5.3645028915627745E-002
   2611.0779162676686        2.2657925475131875E-003   2.3421334677873533E-003   4.0523552706398215E-002
   2703.3053132971791        1.7141893123160242E-003   1.7742283279630828E-003   3.0568299321934073E-002
   2798.7914800504532        1.2977794882174005E-003   1.3440206693241775E-003   2.3028354199965993E-002
   2897.6492167059700        9.8314860905631524E-004   1.0181313651333531E-003   1.7327396226923503E-002
   3000.0000000000000        7.4521837770404444E-004   7.7125901850381203E-004   1.3023555647650644E-002
