         200   4370.0000000000000     
   3.0000000000000000        1.4527510965108659E-003   3.0478787646123777E-003   2.4328009840426700E-003
   3.1059655287322618        1.4937566251808951E-003   3.0478787646123777E-003   2.4558137032368909E-003
   3.2156739552243598        1.5345803126818036E-003   3.0478787646123777E-003   2.4788695191688670E-003
   3.3292574962321346        1.5751599869304250E-003   3.0478787646123777E-003   2.5019092295078659E-003
   3.4468529954360925        1.6154342157029258E-003   3.0478787646123777E-003   2.5248738108690507E-003
   3.5686022069563790        1.6553423630951383E-003   3.0478787646123777E-003   2.5477045308603730E-003
   3.6946518254059528        1.6948245877679647E-003   3.0478787646123777E-003   2.5703430655187910E-003
   3.8251536998800524        1.7338219452838444E-003   3.0478787646123777E-003   2.5927317160920728E-003
   3.9602651907155879        1.7722765703424984E-003   3.0478787646123777E-003   2.6148137107987026E-003
   4.1001490688558144        1.8101317696027968E-003   3.0478787646123777E-003   2.6365334904719330E-003
   4.2449739038313119        1.8473323057557538E-003   3.0478787646123777E-003   2.6578371330815065E-003
   4.3949142193596993        1.8838246514252396E-003   3.0478787646123777E-003   2.6786727814889521E-003
   4.5501507036585132        1.9195572932773379E-003   3.0478787646123777E-003   2.6989911102044961E-003
   4.7108703059600501        1.9544810372723472E-003   3.0478787646123777E-003   2.7187457916008442E-003
   4.8772669425686850        1.9885494586197351E-003   3.0478787646123777E-003   2.7378940303177967E-003
   5.0495410155906377        2.0217190979746821E-003   3.0478787646123777E-003   2.7563969284923186E-003
   5.2279001269311909        2.0539499099074049E-003   3.0478787646123777E-003   2.7742199568364582E-003
   5.4125592113782046        2.0852055619793638E-003   3.0478787646123777E-003   2.7913332944015014E-003
   5.6037407956130689        2.1154537301417723E-003   3.0478787646123777E-003   2.8077121120347621E-003
   5.8016752663703963        2.1446663546415500E-003   3.0478787646123777E-003   2.8233367741558307E-003
   6.0066011480696169        2.1728198484352091E-003   3.0478787646123777E-003   2.8381929520040934E-003
   6.2187653902530293        2.1998952519795413E-003   3.0478787646123777E-003   2.8522716453590158E-003
   6.4384236651766908        2.2258783302722689E-003   3.0478787646123777E-003   2.8655691135232838E-003
   6.6658406759127811        2.2507596100481203E-003   3.0478787646123777E-003   2.8780867198692824E-003
   6.9012904753346884        2.2745343570005345E-003   3.0478787646123777E-003   2.8898306973004894E-003
   7.1450567963692624        2.2972024947148120E-003   3.0478787646123777E-003   2.9008118444407011E-003
   7.3974330131920443        2.3187684374402716E-003   3.0478787646123777E-003   2.9110451495299467E-003
   7.6587243988323896        2.3392410594708607E-003   3.0478787646123777E-003   2.9205494571216436E-003
   7.9292442763577622        2.3586331244777655E-003   3.0478787646123777E-003   2.9293468710127318E-003
   8.2093202460023029        2.3769614676470417E-003   3.0478787646123777E-003   2.9374625060226288E-003
   8.4992881560440416        2.3942462349241240E-003   3.0478787646123777E-003   2.9449238151566049E-003
   8.7994991583321234        2.4105109935729702E-003   3.0478787646123777E-003   2.9517603231933270E-003
   9.1103132457223861        2.4257819804573647E-003   3.0478787646123777E-003   2.9580030041352159E-003
   9.4321068148357909        2.4400881370352278E-003   3.0478787646123777E-003   2.9636840209460286E-003
   9.7652657388916850        2.4534603922324242E-003   3.0478787646123777E-003   2.9688361828244499E-003
   10.110193474162946        2.4659316506646972E-003   3.0478787646123777E-003   2.9734927196568982E-003
   10.467303634806061        2.4775361317903939E-003   3.0478787646123777E-003   2.9776868351426050E-003
   10.837027566606025        2.4883093056497396E-003   3.0478787646123777E-003   2.9814515212593339E-003
   11.219811965471335        2.4982874585822903E-003   3.0478787646123777E-003   2.9848192639639944E-003
   11.616115840724994        2.5075073244717866E-003   3.0478787646123777E-003   2.9878218099923942E-003
   12.026419117330413        2.5160060192796515E-003   3.0478787646123777E-003   2.9904900618583723E-003
   12.451213803399156        2.5238205811165433E-003   3.0478787646123777E-003   2.9928538686716062E-003
   12.891014326336300        2.5309879595308993E-003   3.0478787646123777E-003   2.9949419845346770E-003
   13.346348065368609        2.5375446455096940E-003   3.0478787646123777E-003   2.9967819362157777E-003
   13.817766430769083        2.5435266868125985E-003   3.0478787646123777E-003   2.9984000237898516E-003
   14.305834715756038        2.5489694051274931E-003   3.0478787646123777E-003   2.9998212510324845E-003
   14.811143972217785        2.5539074388802457E-003   3.0478787646123777E-003   3.0010693594083077E-003
   15.334300133051286        2.5583745394687652E-003   3.0478787646123777E-003   3.0021668074306923E-003
   15.875936741648431        2.5624036377988753E-003   3.0478787646123777E-003   3.0031348295949411E-003
   16.436703292225193        2.5660267071840898E-003   3.0478787646123777E-003   3.0039934523377969E-003
   17.017278874447534        2.5692748462282384E-003   3.0478787646123777E-003   3.0047615707321520E-003
   17.618359675531394        2.5721781940441077E-003   3.0478787646123777E-003   3.0054569906228395E-003
   18.240671728221173        2.5747660143838375E-003   3.0478787646123777E-003   3.0060965157802659E-003
   18.884968846184627        2.5770666933207708E-003   3.0478787646123777E-003   3.0066960190673494E-003
   19.552019805756849        2.5791077304458711E-003   3.0478787646123777E-003   3.0072705134852051E-003
   20.242632201214423        2.5809158639106536E-003   3.0478275343067090E-003   3.0078341488783203E-003
   20.957638264717446        2.5825170683790124E-003   3.0477048780536689E-003   3.0084004140077114E-003
   21.697899624358065        2.5839366361416157E-003   3.0476119628362690E-003   3.0089825313110263E-003
   22.464312967141105        2.5851992660676109E-003   3.0475415768442733E-003   3.0095930465882602E-003
   23.257792778673313        2.5863291345607454E-003   3.0474882580352777E-003   3.0102441335768701E-003
   24.079299719823517        2.5873500608138036E-003   3.0474478676874028E-003   3.0109477294780569E-003
   24.929823759061236        2.5882856187907123E-003   3.0474172709761822E-003   3.0117156404733409E-003
   25.810395145829254        2.5891593150913971E-003   3.0473940930734523E-003   3.0125596756653068E-003
   26.722064579292049        2.5899947536933698E-003   3.0473765353445127E-003   3.0134917562005072E-003
   27.665935811728254        2.5908158676902653E-003   3.0473632349202694E-003   3.0145240775469933E-003
   28.643146268414043        2.5916471080749221E-003   3.0473531595121323E-003   3.0156692227709739E-003
   29.654879655490589        2.5925136636363072E-003   3.0473455270960824E-003   3.0169403054450027E-003
   30.702343174827575        2.5911030673136208E-003   2.7732830018173823E-003   3.0148864899459294E-003
   31.786804983723918        2.5889629936361532E-003   2.4465384673215342E-003   3.0117751324563640E-003
   32.909571928103169        2.5872749769049346E-003   2.1990212090943055E-003   3.0093334691438161E-003
   34.072004028335677        2.5859872267748134E-003   2.0115196539780764E-003   3.0074597980756452E-003
   35.275488300232773        2.5850633251455067E-003   1.8694834430772675E-003   3.0060734471320477E-003
   36.521481794408061        2.5844794095636892E-003   1.7618874168869628E-003   3.0051110635497540E-003
   37.811486012809581        2.5842218673109707E-003   1.6803807026587922E-003   3.0045236171824725E-003
   39.147055493126302        2.5842853241598630E-003   1.6186373028372991E-003   3.0042738440502481E-003
   40.529808025860810        2.5846709068818403E-003   1.5718648734414234E-003   3.0043341171238185E-003
   41.961393513511240        2.5853846975414825E-003   1.5364338145262178E-003   3.0046846517571891E-003
   43.443545167355794        2.5864363784695618E-003   1.5095938902645581E-003   3.0053119931942210E-003
   44.978049075047366        2.5878379948923924E-003   1.4892619680350941E-003   3.0062077259066433E-003
   46.566763998623138        2.5896028586543602E-003   1.4738599428840780E-003   3.0073673696655303E-003
   48.211585595230147        2.5917445058507801E-003   1.4621925980916892E-003   3.0087893824072322E-003
   49.914505239722644        2.5942758668843105E-003   1.4533542889880369E-003   3.0104743455039700E-003
   51.677575059319224        2.5972084379548700E-003   1.4466590460513022E-003   3.0124241679871694E-003
   53.502930680545909        2.6005516257079715E-003   1.4415872039037639E-003   3.0146414015329564E-003
   55.392750120602578        2.6043120822625467E-003   1.4377451811510686E-003   3.0171285286629082E-003
   57.349321371645829        2.6084933421029639E-003   1.4348347516338264E-003   3.0198874182675436E-003
   59.375002227322796        2.6130953618201886E-003   1.4326300275808799E-003   3.0229186767169319E-003
   61.472246417894510        2.6181142807911719E-003   1.4309598846927044E-003   3.0262211040930028E-003
   63.643556378429672        2.6235421000651528E-003   1.4296947177592717E-003   3.0297910602188850E-003
   65.891560899834928        2.6293667450055774E-003   1.4287363217724983E-003   3.0336220573104946E-003
   68.218968971510208        2.6355719103731030E-003   1.4280103125454107E-003   3.0377041996804887E-003
   70.628585269218178        2.6383741470103351E-003   1.4263849776410473E-003   3.0365727933664285E-003
   73.123328588587739        2.6318997910543562E-003   1.4224512287747449E-003   3.0217302194525965E-003
   75.706175661273647        2.6273960593003083E-003   1.4194713346439550E-003   3.0095376637263209E-003
   78.380253523498894        2.6244931537787431E-003   1.4172139893873662E-003   2.9995310264729160E-003
   81.148784610322849        2.6228852036411111E-003   1.4155039931983088E-003   2.9913221660838587E-003
   84.015122474940881        2.6223186348426257E-003   1.4142086211220836E-003   2.9845874327489208E-003
   86.982687236203873        2.6225828818972176E-003   1.4132273506398205E-003   2.9790579493569214E-003
   90.055071705548812        2.6235029169152852E-003   1.4124840134032144E-003   2.9745108352258291E-003
   93.235978303002270        2.6249332933996083E-003   1.4119209166247896E-003   2.9707620399276537E-003
   96.529260096906100        2.6267533586691529E-003   1.4114943543624516E-003   2.9676600308340441E-003
   99.938826062156153        2.6288633407731332E-003   1.4111712265053040E-003   2.9650805793334407E-003
   103.46886588546354        2.6311813672089974E-003   1.4109264460497009E-003   2.9629221137140293E-003
   107.12359379692580        2.6336407743750320E-003   1.4107410189619948E-003   2.9611021678851972E-003
   110.90736836557576        2.6361880944814008E-003   1.4106005549247428E-003   2.9595541150650119E-003
   114.82483910697920        2.6387814202324935E-003   1.4104941485896785E-003   2.9582244783146264E-003
   118.88068277378797        2.6413887519854259E-003   1.4104135432293581E-003   2.9570708056624339E-003
   123.07973629915718        2.6439868131767456E-003   1.4103524833568488E-003   2.9560597178982084E-003
   127.42715949490271        2.6465600138578203E-003   1.4103062284051915E-003   2.9551652810496532E-003
   131.92808807993632        2.6490992107464739E-003   1.4102711895263879E-003   2.9543677233361061E-003
   136.58805281121437        2.6516010017631686E-003   1.4102446463716387E-003   2.9536521840560952E-003
   141.41261684513370        2.6540666205877527E-003   1.4102245392929392E-003   2.9530077850019342E-003
   146.40753387824964        2.6565011776614775E-003   1.4102093078535269E-003   2.9524267434062087E-003
   151.57894168226974        2.4825168997360497E-003   1.3384468662041907E-003   2.7640203735041580E-003
   156.93294936957258        1.9949819462720610E-003   1.1393317892627022E-003   2.2422326023702251E-003
   162.47613596373097        1.6256733962114189E-003   9.8849527618375993E-004   1.8469558835661421E-003
   168.21511902855468        1.3460246175476564E-003   8.7423298644812909E-004   1.5475101067367579E-003
   174.15674278185460        1.1343650082416103E-003   7.8767744205125115E-004   1.3206543499535077E-003
   180.30830831190286        9.7425254959148657E-004   7.2210864281707524E-004   1.1487784622429124E-003
   186.67715947709803        8.5322493247268704E-004   6.7243869896341333E-004   1.0185512090288389E-003
   193.27089166569760        7.6183086189691095E-004   6.3481290798405286E-004   9.1987396369054716E-004
   200.09760727912413        6.9290116755672175E-004   6.0631007836240954E-004   8.4509477438651510E-004
   207.16537088595135        6.4100350934723259E-004   5.8471872096478865E-004   7.8842147474525687E-004
   214.48286737908427        6.0201661088850876E-004   5.6836252578095501E-004   7.4546409297160225E-004
   222.05883252794877        5.7281734743544737E-004   5.5597231418749802E-004   7.1289917941498885E-004
   229.90230130529540        5.5103735626065486E-004   5.4658652722186269E-004   6.8820897904872235E-004
   238.02291179328489        5.3488003278431482E-004   5.3947647106667568E-004   6.6948552977757873E-004
   246.43025707061713        5.2298359504646401E-004   5.3409048779408093E-004   6.5528439537163659E-004
   255.13466811288930        5.1431442304722224E-004   5.3001042038372439E-004   6.4451061521771037E-004
   264.14653641505117        5.0808855552633659E-004   5.2691967110116155E-004   6.3633505745060235E-004
   273.47660938458705        5.0371078392222443E-004   5.2457837820946856E-004   6.3012941621871325E-004
   283.13635184814427        5.0072889896875781E-004   5.2280476838893687E-004   6.2541739151333907E-004
   293.13729579387660        4.9879934624234617E-004   5.2146121625388088E-004   6.2183820721976304E-004
   303.49136818478553        4.9766076697904758E-004   5.2044345364169896E-004   6.1911837053862430E-004
   314.21129214162710        4.9711413702674119E-004   5.1967246348905995E-004   6.1705046256456603E-004
   325.30973137660959        4.9700779142874670E-004   5.1908842589852545E-004   6.1547730747780235E-004
   336.80032369109853        4.9722596892851621E-004   5.1864599735410434E-004   6.1427962183441785E-004
   348.69678677735646        4.9768020988831226E-004   5.1831084708114982E-004   6.1336696215924720E-004
   361.01330816366544        4.9830281203738834E-004   5.1805696529392631E-004   6.1267068601089420E-004
   373.76502243504467        4.9776504849476631E-004   5.1615381453070568E-004   6.0985791335069163E-004
   386.96715283564077        4.9348824283142298E-004   5.0922998622630802E-004   6.0041818153518155E-004
   400.63544401132759        4.9044519539947096E-004   5.0398507358203780E-004   5.9326861291336328E-004
   414.78669160661980        4.8833129615149292E-004   5.0001187202032072E-004   5.8785322589159303E-004
   429.43761284149554        4.8691410871545127E-004   4.9700210716291816E-004   5.8375122666785091E-004
   444.60621081975989        4.8601619307266189E-004   4.9472210685730540E-004   5.8064373268294236E-004
   460.31059410826708        4.8550228596102170E-004   4.9299495173949393E-004   5.7828936563857070E-004
   476.56949149896485        4.8526932796047690E-004   4.9168660362371717E-004   5.7650529289177208E-004
   493.40288198244309        4.8523891044447988E-004   4.9069548496656504E-004   5.7515299036226734E-004
   510.83065126063684        4.8535150661350529E-004   4.8994469645068344E-004   5.7412761311090809E-004
   528.87421463804299        4.8556204503018855E-004   4.8937594835016317E-004   5.7334970930853044E-004
   547.55511287104378        4.8583652438895621E-004   4.8894510797258071E-004   5.7275914221000077E-004
   566.89562449487210        4.8614942702612785E-004   4.8861873937349159E-004   5.7231036760983268E-004
   586.91951519858117        4.8648175256147037E-004   4.8837150394450606E-004   5.7196888656532165E-004
   607.65068989177485        4.8681947690423446E-004   4.8818421715536548E-004   5.7170859418821500E-004
   629.11387223602765        4.8715239803562581E-004   4.8804234436400232E-004   5.7150972729425845E-004
   651.33543626567803        4.8747325321354951E-004   4.8793487084929576E-004   5.7135732251552230E-004
   674.34163286578985        4.8777700314187961E-004   4.8785345791248826E-004   5.7124006534831127E-004
   698.16073213207346        4.8806033164836774E-004   4.8779178481522133E-004   5.7114939169852210E-004
   722.82116976782140        4.7888895715215410E-004   4.7831247296329027E-004   5.5302477291265667E-004
   748.35235540965130        4.6939388076902436E-004   4.6854436015552367E-004   5.3434097271965223E-004
   774.78566186873422        4.6223472436590711E-004   4.6114467903685791E-004   5.2018549972037277E-004
   802.15264573967897        4.5683967428377113E-004   4.5553924245739230E-004   5.0946053008567771E-004
   830.48594444209971        4.5277596482022029E-004   4.5129303300508279E-004   5.0133433800254770E-004
   859.82037403360118        4.4971607776896294E-004   4.4807638343023510E-004   4.9517662962368387E-004
   890.19058800385733        4.4741247838149312E-004   4.4563971901777789E-004   4.9051024920363016E-004
   921.63390537915473        4.4567793878312655E-004   4.4379386199296377E-004   4.8697351913274534E-004
   954.18786380243341        4.4437107720069049E-004   4.4239558086146304E-004   4.8429261005976875E-004
   987.89128659474920        4.4338513386334302E-004   4.4133636014361238E-004   4.8226006784113005E-004
   1022.7855886411724        4.4263953604693090E-004   4.4053396405128320E-004   4.8071868275330397E-004
   1058.9119914466876        4.4207359169656937E-004   4.3992613595021803E-004   4.7954944335549437E-004
   1096.3148872627712        4.4164158181527450E-004   4.3946568527654427E-004   4.7866214199801033E-004
   1135.0389283928459        4.4130915220854462E-004   4.3911688280683656E-004   4.7798848326027781E-004
   1175.1302964981960        4.4105051511067131E-004   4.3885265925834631E-004   4.7747672756333592E-004
   1216.6382559936744        4.4084634568671580E-004   4.3865250084071248E-004   4.7708766743015933E-004
   1259.6123598874483        4.4068221030290093E-004   4.3850087602095329E-004   4.7679162014372544E-004
   1304.1038583964914        4.4054735172725567E-004   4.3838601775188842E-004   4.7656609935507770E-004
   1350.1674228314519        4.4043377584846658E-004   4.3829900866613830E-004   4.7639406601574397E-004
   1397.8574692241625        3.8680658267280991E-004   3.8504196219600904E-004   4.1762342234958938E-004
   1447.2325992722181        3.4160037171331129E-004   3.4015595329295025E-004   3.6800887903012692E-004
   1498.3517579647787        3.0735408022224717E-004   3.0615372101068408E-004   3.3042408884432134E-004
   1551.2759091786245        2.3414937077044368E-004   2.3325752265776972E-004   2.5172748268349792E-004
   1606.0700862978565        1.7735670817999507E-004   1.7669818860761559E-004   1.9068739004635929E-004
   1662.7990190437411        1.3433873852301988E-004   1.3385357241129571E-004   1.4444915457047778E-004
   1721.5324161293761        1.0175399513003182E-004   1.0139730335057845E-004   1.0942255848233785E-004
   1782.3403946248577        7.7072599659005824E-005   7.6810898219266223E-005   8.2889399101221620E-005
   1845.2954731357936        5.8377918814372080E-005   5.8186296123276143E-005   6.2790337482513683E-005
   1910.4750110852074        4.4217548313913757E-005   4.4077520028599052E-005   4.7564779272829609E-005
   1977.9568210713478        3.3491901028627098E-005   3.3389782497160256E-005   3.6031175461797192E-005
   2047.8213808026539        2.5367964867439587E-005   2.5293647345790806E-005   2.7294370677520721E-005
   2120.1545400970977        1.9214514379961367E-005   1.9160546756892311E-005   2.0676003218858506E-005
   2195.0417479108573        1.4553723306512054E-005   1.4514623228306101E-005   1.5662526192209335E-005
   2272.5750259096239        1.1023434727378178E-005   1.0995176505096440E-005   1.1864675954944765E-005
   2352.8469348264384        8.3494783959965816E-006   8.3291108888351738E-006   8.9877344568968224E-006
   2435.9532056335870        6.3241591528941538E-006   6.3095227872209596E-006   6.8084192338214472E-006
   2521.9959596104222        4.7900980432693775E-006   4.7796154000835707E-006   5.1575231280660739E-006
   2611.0779162676686        3.6281529617801891E-006   3.6206737249582101E-006   3.9069363363974629E-006
   2703.3053132971791        2.7480696951348213E-006   2.7427565411979711E-006   2.9596009332770415E-006
   2798.7914800504532        2.0814594624292132E-006   2.0777041061712026E-006   2.2419646792690234E-006
   2897.6492167059700        1.5765546936794453E-006   1.5739160611443173E-006   1.6983453332633223E-006
   3000.0000000000000        1.1941202981402954E-006   1.1922793051037764E-006   1.2865360847068872E-006
