         200   4370.0000000000000     
   3.0000000000000000        2.0466433299755598E-003   7.5322331656721735        9.8686403193114268E-004
   3.1059655287322618        2.1938556521254346E-003   7.5322331656721735        1.0522471638078734E-003
   3.2156739552243598        2.3516272663235346E-003   7.5322331656721735        1.1222022320721630E-003
   3.3292574962321346        2.5206914330003112E-003   7.5322331656721735        1.1970540547826603E-003
   3.4468529954360925        2.7018330470918329E-003   7.5322331656721735        1.2771504629543304E-003
   3.5686022069563790        2.8958939448989812E-003   7.5322331656721735        1.3628639800807923E-003
   3.6946518254059528        3.1037786429022056E-003   7.5322331656721735        1.4545934390590939E-003
   3.8251536998800524        3.3264612739173668E-003   7.5322331656721735        1.5527658382323442E-003
   3.9602651907155879        3.5649938234840585E-003   7.5322331656721735        1.6578384457110054E-003
   4.1001490688558144        3.8205147191562624E-003   7.5322331656721735        1.7703007014513892E-003
   4.2449739038313119        4.0942594949825526E-003   7.5322331656721735        1.8906766457574651E-003
   4.3949142193596993        4.3875724123687019E-003   7.5322331656721735        2.0195273531005194E-003
   4.5501507036585132        4.7019196246162430E-003   7.5322331656721735        2.1574536049629627E-003
   4.7108703059600501        5.0389036518891988E-003   7.5322331656721735        2.3050986761270855E-003
   4.8772669425686850        5.4002808094458536E-003   7.5322331656721735        2.4631519311100066E-003
   5.0495410155906377        5.7879779208380149E-003   7.5322331656721735        2.6323515996856599E-003
   5.2279001269311909        6.2041134399812448E-003   7.5322331656721735        2.8134889489952407E-003
   5.4125592113782046        6.6510194358048403E-003   7.5322331656721735        3.0074122637937825E-003
   5.6037407956130689        7.1312660851934415E-003   7.5322331656721735        3.2150313125420440E-003
   5.8016752663703963        7.6476886518392568E-003   7.5322331656721735        3.4373222325362407E-003
   6.0066011480696169        8.2034172157840531E-003   7.5322331656721735        3.6753328759443309E-003
   6.2187653902530293        8.8019094747318043E-003   7.5322331656721735        3.9301886616371203E-003
   6.4384236651766908        9.4469870060798888E-003   7.5322331656721735        4.2030989808853692E-003
   6.6658406759127811        1.0142875459533999E-002   7.5322331656721735        4.4953642084094372E-003
   6.9012904753346884        1.0894249245976069E-002   7.5322331656721735        4.8083833739960436E-003
   7.1450567963692624        1.1706281401145142E-002   7.5322331656721735        5.1436625540341105E-003
   7.3974330131920443        1.2584698080430343E-002   7.5322331656721735        5.5028234959034793E-003
   7.6587243988323896        1.3535848132644810E-002   7.5322331656721735        5.8876164019819165E-003
   7.9292442763577622        1.4566758856056690E-002   7.5322331656721735        6.2999247434362728E-003
   8.2093202460023029        1.5685237832748861E-002   7.5322331656721735        6.7417859023347236E-003
   8.4992881560440416        1.6899939693898580E-002   7.5322331656721735        7.2153944311705506E-003
   8.7994991583321234        1.8220496891212114E-002   7.5322331656721735        7.7231268341867165E-003
   9.1103132457223861        1.9657609663715776E-002   7.5322331656721735        8.2675458774704863E-003
   9.4321068148357909        2.1223213420526181E-002   7.5322331656721735        8.8514296780399133E-003
   9.7652657388916850        2.2930599683250449E-002   7.5322331656721735        9.4777773239443086E-003
   10.110193474162946        2.4794630191385496E-002   7.5322331656721735        1.0149843054551268E-002
   10.467303634806061        2.6831896651128756E-002   7.5322331656721735        1.0871143523552774E-002
   10.837027566606025        2.9060984083295782E-002   7.5322331656721735        1.1645495641512609E-002
   11.219811965471335        3.1502708958386735E-002   7.5322331656721735        1.2477037801980527E-002
   11.616115840724994        3.4180373402252530E-002   7.5322331656721735        1.3370250761999991E-002
   12.026419117330413        3.7120121283526042E-002   7.5322331656721735        1.4330007093176342E-002
   12.451213803399156        4.0351200427576880E-002   7.5322331656721735        1.5361584663915849E-002
   12.891014326336300        4.3906377248639619E-002   7.5322331656721735        1.6470727530686787E-002
   13.346348065368609        4.7822217118321721E-002   7.5322331656721735        1.7663663073176183E-002
   13.817766430769083        5.2139533293194491E-002   7.5322331656721735        1.8947174067520708E-002
   14.305834715756038        5.6903657337100566E-002   7.5322331656721735        2.0328620336076450E-002
   14.811143972217785        6.2164899250578713E-002   7.5322331656721735        2.1816024115601726E-002
   15.334300133051286        6.7978778290754424E-002   7.5322331656721735        2.3418097199770133E-002
   15.875936741648431        7.4406476082200343E-002   7.5322331656721735        2.5144342035658393E-002
   16.436703292225193        8.1515005271785568E-002   7.5322331656721735        2.7005085425216877E-002
   17.017278874447534        8.9377647968057458E-002   7.5322331656721735        2.9011598111665333E-002
   17.618359675531394        9.8074046019846206E-002   7.5322331656721735        3.1176136155059507E-002
   18.240671728221173       0.10769058837395733        7.5322331656721735        3.3512074909117437E-002
   18.884968846184627       0.11832057589760271        7.5322331656721735        3.6034002927435090E-002
   19.552019805756849       0.13006411637861404        7.5322331656721735        3.8757777347009505E-002
   20.242632201214423       0.14302854546544014        7.5320809234898443        4.1700733451531552E-002
   20.957638264717446       0.15732809562450797        7.5316994416628704        4.4881756128486681E-002
   21.697899624358065       0.17308368578159425        7.5313896842422290        4.8321434959222274E-002
   22.464312967141105       0.19042250553001597        7.5311381646030222        5.2042238522241928E-002
   23.257792778673313       0.20947673943617826        7.5309339358368543        5.6068587491033668E-002
   24.079299719823517       0.23038291358553356        7.5307681051960316        6.0427161197671345E-002
   24.929823759061236       0.25327973199826304        7.5306334532468897        6.5146996870580093E-002
   25.810395145829254       0.27830600732954297        7.5305241173362392        7.0259738757297477E-002
   26.722064579292049       0.30559712901516184        7.5304353388289202        7.5799720363736653E-002
   27.665935811728254       0.33528241290173788        7.5303632520360750        8.1804359272511173E-002
   28.643146268414043       0.36748039830127283        7.5303047186606022        8.8314255808900802E-002
   29.654879655490589       0.40229457693231807        7.5302571901996229        9.5373482750716859E-002
   30.702343174827575       0.43972084045882015        7.5220150949002633       0.10299119861379394     
   31.786804983723918       0.47986680029610101        7.5116288015073440       0.11124078431741932     
   32.909571928103169       0.52280252980219200        7.5031952898066248       0.12019681983400046     
   34.072004028335677       0.56851815605194134        7.4963473705031278       0.12991831901215664     
   35.275488300232773       0.61696324665923774        7.4907870010839215       0.14046837969351711     
   36.521481794408061       0.66804490213888457        7.4862720659878654       0.15191450868033113     
   37.811486012809581       0.72162425250964812        7.4826060076049421       0.16432827282732884     
   39.147055493126302       0.77751561802978020        7.4796292241559943       0.17778510024837360     
   40.529808025860810       0.83548727601823747        7.4772121085384873       0.19236395484217486     
   41.961393513511240       0.89526213614169903        7.4752494604454176       0.20814637569133884     
   43.443545167355794       0.95652357179569936        7.4736558201513370       0.22521616382887247     
   44.978049075047366        1.0189195065299359        7.4723618085575430       0.24365796314238888     
   46.566763998623138        1.0820701713908603        7.4713110852898659       0.26355611846321458     
   48.211585595230147        1.1455750746105025        7.4704579196395855       0.28499257598489630     
   49.914505239722644        1.2090249289028938        7.4697651621541308       0.30804571460470165     
   51.677575059319224        1.2720107595660812        7.4692026536500258       0.33278778975580764     
   53.502930680545909        1.3341358618161021        7.4687459028942316       0.35928296898254319     
   55.392750120602578        1.3950258317891275        7.4683750306887520       0.38758441028251994     
   57.349321371645829        1.4543422187926587        7.4680738881188429       0.41773301999291862     
   59.375002227322796        1.5117920841907937        7.4678293649486402       0.44975492193992411     
   61.472246417894510        1.5671390180247240        7.4676308148076478       0.48366037070042289     
   63.643556378429672        1.6202111515347155        7.4674695961829336       0.51944216359790285     
   65.891560899834928        1.6709111666926284        7.4673386891204876       0.55707694000622510     
   68.218968971510208        1.7192215018203465        7.4672323945839176       0.59652550058631593     
   70.628585269218178        1.7630636908322197        7.4663058806140929       0.63659685305598535     
   73.123328588587739        1.7989040311864839        7.4633689400978920       0.67517147708471126     
   75.706175661273647        1.8332915375081396        7.4609842048946122       0.71547314439363008     
   78.380253523498894        1.8664492308397178        7.4590478363096748       0.75738608976980393     
   81.148784610322849        1.8986935586237139        7.4574755345750354       0.80080696974951326     
   84.015122474940881        1.9304283602738121        7.4561988427553683       0.84565061203734171     
   86.982687236203873        1.9621357101773245        7.4551621952953928       0.89185381237776418     
   90.055071705548812        1.9943666032762140        7.4543204533810972       0.93938103775264714     
   93.235978303002270        2.0277277098988602        7.4536369717948689       0.98822639948004976     
   96.529260096906100        2.0628672698633603        7.4530819922188689        1.0384159348879098     
   99.938826062156153        2.1004575988049758        7.4526313626386491        1.0900063665178890     
   103.46886588546354        2.1411793627542357        7.4522654539420108        1.1430872079026997     
   107.12359379692580        2.1856991873758349        7.4519683420325089        1.1977741039248280     
   110.90736836557576        2.2346502672027562        7.4517270945689100        1.2542064803491058     
   114.82483910697920        2.2886133134432178        7.4515312029789094        1.3125442392589188     
   118.88068277378797        2.3480922349257765        7.4513721421943249        1.3729571410072594     
   123.07973629915718        2.4134955914603022        7.4512429888026279        1.4356189588213366     
   127.42715949490271        2.4851208153361299        7.4511381169715136        1.5007009718947222     
   131.92808807993632        2.5631325526625415        7.4510529636590865        1.5683567385666826     
   136.58805281121437        2.6475564993000349        7.4509838196460700        1.6387172051188492     
   141.41261684513370        2.7382638588125525        7.4509276758322374        1.7118729497765568     
   146.40753387824964        2.8349687750563781        7.4508820884550646        1.7878631137645189     
   151.57894168226974        2.9372316963813558        7.4508450717599821        1.8666639168495400     
   156.93294936957258        3.0444555481698439        7.4508150151263735        1.9481671577252366     
   162.47613596373097        3.1559045009395614        7.4507906093081386        2.0321722285345514     
   168.21511902855468        3.2707088037254404        7.4507707921807542        2.1183642860979139     
   174.15674278185460        3.0724235350141909        7.3564095593676182        2.0340896968355304     
   180.30830831190286        2.7855912416147435        7.2426700343325843        1.8933374746620626     
   186.67715947709803        2.5477321723286415        7.1503153901783190        1.7706331618149898     
   193.27089166569760        2.3507055185252792        7.0753257215042140        1.6624914096848915     
   200.09760727912413        2.1877939995375972        7.0144345303123723        1.5661213165147383     
   207.16537088595135        2.0534151636004991        6.9649924010674091        1.4793304957705624     
   214.48286737908427        1.9428728349466673        6.9248456688839370        1.4004269516259187     
   222.05883252794877        1.8521919853629762        6.8922471754084302        1.3281459640353790     
   229.90230130529540        1.7779785824784557        6.8657780113789579        1.2615687659423140     
   238.02291179328489        1.7173163479085509        6.8442851983541555        1.2000431637160902     
   246.43025707061713        1.6676953691149012        6.8268335699886551        1.1431135211465511     
   255.13466811288930        1.6269472431446526        6.8126629454452932        1.0904458712994081     
   264.14653641505117        1.5932038977145559        6.8011566288263205        1.0417755299037608     
   273.47660938458705        1.5648594353617082        6.7918137865814296       0.99686355391224457     
   283.13635184814427        1.5405403752350466        6.7842274509772293       0.95547135560935181     
   293.13729579387660        1.5190833946679412        6.7780674698717762       0.91735533958267323     
   303.49136818478553        1.4995133495590551        6.7730657187809928       0.88226779028167179     
   314.21129214162710        1.4810243431865753        6.7690043248937153       0.84996452998299110     
   325.30973137660959        1.4629646629816149        6.7657065743068117       0.82021791009933198     
   336.80032369109853        1.4448196139240914        6.7630288192901480       0.79282207512583636     
   348.69678677735646        1.4261986514586860        6.7608545257750325       0.76760043174299741     
   361.01330816366544        1.4068211994433590        6.7590890536453676       0.74440576225344235     
   373.76502243504467        1.3810698745337537        6.5733960105806206       0.71138879880484407     
   386.96715283564077        1.3360440508465052        5.8118137902285518       0.63915226660489921     
   400.63544401132759        1.2924115546658232        5.1934280133650885       0.57259881515588318     
   414.78669160661980        1.2497349738301922        4.6913022241053772       0.51215314686838975     
   429.43761284149554        1.2076982353841639        4.2835886011022026       0.45795989969709255     
   444.60621081975989        1.1660825209816255        3.9525274214922868       0.40991066404864562     
   460.31059410826708        1.1247521018534041        3.6837111289436231       0.36770691477125744     
   476.56949149896485        1.0836372911387477        3.4654390009199254       0.33092234229845929     
   493.40288198244309        1.0427194229928360        3.2882032547919868       0.29906012064610166     
   510.83065126063684        1.0020224807539195        3.1442922473808235       0.27160180864022138     
   528.87421463804299       0.96159907718826076        3.0274373149371772       0.24803686794658464     
   547.55511287104378       0.92152519675328171        2.9325530106447228       0.22788578023157199     
   566.89562449487210       0.88189144098902217        2.8555093210022386       0.21071032942566972     
   586.91951519858117       0.84279557409142014        2.7929502762819176       0.19611802043566776     
   607.65068989177485       0.80434038136585173        2.7421533496023311       0.18376381612944390     
   629.11387223602765       0.76662824016669084        2.7009075114937229       0.17334733566683994     
   651.33543626567803       0.72975669347577876        2.6674161218323782       0.16460916203122281     
   674.34163286578985       0.69381919608823539        2.6402219483597058       0.15732764048520978     
   698.16073213207346       0.65889991979122831        2.6181404317253874       0.15131392530947163     
   722.82116976782140       0.62357205498081580        2.5987075028898157       0.14443155658892118     
   748.35235540965130       0.58926206247734447        2.5825012714312758       0.13836334464320652     
   774.78566186873422       0.55648098673521473        2.5693419022049637       0.13358232749328344     
   802.15264573967897       0.52521881759604117        2.5586567084535652       0.12990551818651538     
   830.48594444209971       0.49546729872765888        2.5499805975067553       0.12718471195700770     
   859.82037403360118       0.46721748046331407        2.5429356439844297       0.12530069546753958     
   890.19058800385733       0.44046125396940755        2.5372153173533016       0.12415860134709038     
   921.63390537915473       0.41518825342675875        2.5325704441496448       0.12368368578742338     
   954.18786380243341       0.39138810073408259        2.5287988826653307       0.12381811452648472     
   987.89128659474920       0.36904969102404467        2.5257364687641983       0.12451816688298850     
   1022.7855886411724       0.34816109072534962        2.5232498058190318       0.12575208934353754     
   1058.9119914466876       0.32871223932467580        2.5212306974994712       0.12749825480559560     
   1096.3148872627712       0.31069412412715641        2.5195911928463945       0.12974387830094627     
   1135.0389283928459       0.29410186629301616        2.5182599417375311       0.13248379313264397     
   1175.1302964981960       0.27893566352831961        2.5171789990249112       0.13571964708201179     
   1216.6382559936744       0.26520233540009858        2.5163012795930788       0.13945941733923248     
   1259.6123598874483       0.25291872331499304        2.5155885856920923       0.14371673204159841     
   1304.1038583964914       0.24211371145576782        2.5150098960117750       0.14851066018041720     
   1350.1674228314519       0.23283086707546402        2.5145400032306995       0.15386574125938116     
   1397.8574692241625       0.19976737876703385        2.1062672506033828       0.14007653226166242     
   1447.2325992722181       0.17060611862439726        1.7124759659538540       0.12667174986088134     
   1498.3517579647787       0.14709479033239858        1.3927238485289337       0.11583472976978768     
   1551.2759091786245       0.11706795601733713        1.1309353924706560        9.8610207599130778E-002
   1606.0700862978565        9.3700778533213944E-002  0.91830114202532331        8.3902351365560790E-002
   1662.7990190437411        7.5729790125595317E-002  0.74564743158467195        7.1529509384103268E-002
   1721.5324161293761        6.1866470420839870E-002  0.60545358517482339        6.1097989590149608E-002
   1782.3403946248577        5.1129807188519727E-002  0.49161846239045331        5.2284607588435748E-002
   1845.2954731357936        4.2772308052954615E-002  0.39918718057190150        4.4823033174093085E-002
   1910.4750110852074        3.6224213498793109E-002  0.32413349714011946        3.8493061596535781E-002
   1977.9568210713478        3.1051773639423186E-002  0.26319112707418241        3.3112638695121634E-002
   2047.8213808026539        2.6924724517861806E-002  0.21370744185933496        2.8530675879115886E-002
   2120.1545400970977        2.3591774590804387E-002  0.17352696646093368        2.4621375800809378E-002
   2195.0417479108573        2.0862323755496230E-002  0.14090142212706344        2.1280077027063908E-002
   2272.5750259096239        1.8591957976486176E-002  0.11440966275678038        1.8419202443871709E-002
   2352.8469348264384        1.6671859847755724E-002   9.2898785083348298E-002   1.5965556696880344E-002
   2435.9532056335870        1.5020385275626061E-002   7.5432488673551804E-002   1.3857734574689085E-002
   2521.9959596104222        1.3576632106567210E-002   6.1249953760318235E-002   1.2044059575468604E-002
   2611.0779162676686        1.2295620198777526E-002   4.9733966114742414E-002   1.0481083537453490E-002
   2703.3053132971791        1.1144398543623171E-002   4.0383271237349867E-002   9.1321404713465264E-003
   2798.7914800504532        1.0099041611966689E-002   3.2790559339523913E-002   7.9661920921482148E-003
   2897.6492167059700        9.1424311731820480E-003   2.6625466562979011E-002   6.9570085775939854E-003
   3000.0000000000000        8.2623617775996559E-003   2.1619445738917546E-002   6.0822895377725672E-003
