         200   4370.0000000000000     
   3.0000000000000000        1.4029233116798368E-003   3.0377459048274796E-003   2.3535954777306137E-003
   3.1059655287322618        1.4426783547236127E-003   3.0377459048274796E-003   2.3763919190135339E-003
   3.2156739552243598        1.4822634312346757E-003   3.0377459048274796E-003   2.3992305083746844E-003
   3.3292574962321346        1.5216177592364572E-003   3.0377459048274796E-003   2.4220520696518590E-003
   3.4468529954360925        1.5606812500393915E-003   3.0377459048274796E-003   2.4447976585301153E-003
   3.5686022069563790        1.5993945739539762E-003   3.0377459048274796E-003   2.4674086904889953E-003
   3.6946518254059528        1.6376991689868419E-003   3.0377459048274796E-003   2.4898270698889397E-003
   3.8251536998800524        1.6755373496904725E-003   3.0377459048274796E-003   2.5119954131465013E-003
   3.9602651907155879        1.7128524925383772E-003   3.0377459048274796E-003   2.5338573518270684E-003
   4.1001490688558144        1.7495891333747307E-003   3.0377459048274796E-003   2.5553578158132350E-003
   4.2449739038313119        1.7856932491675888E-003   3.0377459048274796E-003   2.5764434504008116E-003
   4.3949142193596993        1.8211125091816016E-003   3.0377459048274796E-003   2.5970630335007522E-003
   4.5501507036585132        1.8557965735620868E-003   3.0377459048274796E-003   2.6171679289268570E-003
   4.7108703059600501        1.8896973917580369E-003   3.0377459048274796E-003   2.6367125372254076E-003
   4.8772669425686850        1.9227696402302273E-003   3.0377459048274796E-003   2.6556548126386078E-003
   5.0495410155906377        1.9549709127678963E-003   3.0377459048274796E-003   2.6739566119388957E-003
   5.2279001269311909        1.9862621547641940E-003   3.0377459048274796E-003   2.6915841477622533E-003
   5.4125592113782046        2.0166079517059498E-003   3.0377459048274796E-003   2.7085083122698906E-003
   5.6037407956130689        2.0459768134823918E-003   3.0377459048274796E-003   2.7247049457536279E-003
   5.8016752663703963        2.0743414199067647E-003   3.0377459048274796E-003   2.7401550254062181E-003
   6.0066011480696169        2.1016788198377468E-003   3.0377459048274796E-003   2.7548447677271776E-003
   6.2187653902530293        2.1279705780895327E-003   3.0377459048274796E-003   2.7687656417645884E-003
   6.4384236651766908        2.1532028662493608E-003   3.0377459048274796E-003   2.7819142940677401E-003
   6.6658406759127811        2.1773664954762347E-003   3.0377459048274796E-003   2.7942923896316228E-003
   6.9012904753346884        2.2004568912424795E-003   3.0377459048274796E-003   2.8059063760748687E-003
   7.1450567963692624        2.2224740117225568E-003   3.0377459048274796E-003   2.8167671806804289E-003
   7.3974330131920443        2.2434221828008974E-003   3.0377459048274796E-003   2.8268898371945394E-003
   7.6587243988323896        2.2633100661242369E-003   3.0377459048274796E-003   2.8362931561024957E-003
   7.9292442763577622        2.2821501029043809E-003   3.0377459048274796E-003   2.8449991349366040E-003
   8.2093202460023029        2.2999586893772588E-003   3.0377459048274796E-003   2.8530327145369133E-003
   8.4992881560440416        2.3167554365891834E-003   3.0377459048274796E-003   2.8604211157954727E-003
   8.7994991583321234        2.3325632770627978E-003   3.0377459048274796E-003   2.8671935791413287E-003
   9.1103132457223861        2.3474077338776003E-003   3.0377459048274796E-003   2.8733807517580538E-003
   9.4321068148357909        2.3613169545643044E-003   3.0377459048274796E-003   2.8790144337987140E-003
   9.7652657388916850        2.3743210141676688E-003   3.0377459048274796E-003   2.8841270447661329E-003
   10.110193474162946        2.3864519041983034E-003   3.0377459048274796E-003   2.8887514042585495E-003
   10.467303634806061        2.3977428905934549E-003   3.0377459048274796E-003   2.8929202929839043E-003
   10.837027566606025        2.4082284519719110E-003   3.0377459048274796E-003   2.8966662728926820E-003
   11.219811965471335        2.4179438580840163E-003   3.0377459048274796E-003   2.9000213990369667E-003
   11.616115840724994        2.4269248118462977E-003   3.0377459048274796E-003   2.9030169915510713E-003
   12.026419117330413        2.4352073867212986E-003   3.0377459048274796E-003   2.9056835349531764E-003
   12.451213803399156        2.4428275798350193E-003   3.0377459048274796E-003   2.9080504730363012E-003
   12.891014326336300        2.4498213026619294E-003   3.0377459048274796E-003   2.9101461705268402E-003
   13.346348065368609        2.4562240213225075E-003   3.0377459048274796E-003   2.9119977834344201E-003
   13.817766430769083        2.4620707725730067E-003   3.0377459048274796E-003   2.9136312620918659E-003
   14.305834715756038        2.4673958885444778E-003   3.0377459048274796E-003   2.9150712830214882E-003
   14.811143972217785        2.4722330394087505E-003   3.0377459048274796E-003   2.9163412845922511E-003
   15.334300133051286        2.4766150347156537E-003   3.0377459048274796E-003   2.9174634468537297E-003
   15.875936741648431        2.4805738891212192E-003   3.0377459048274796E-003   2.9184587515511578E-003
   16.436703292225193        2.4841406883084941E-003   3.0377459048274796E-003   2.9193469977596355E-003
   17.017278874447534        2.4873456706702456E-003   3.0377459048274796E-003   2.9201468792090226E-003
   17.618359675531394        2.4902181439370279E-003   3.0377459048274796E-003   2.9208760254670154E-003
   18.240671728221173        2.4927865680393524E-003   3.0377459048274796E-003   2.9215510892700298E-003
   18.884968846184627        2.4950785527583542E-003   3.0377459048274796E-003   2.9221878168828688E-003
   19.552019805756849        2.4971208480935305E-003   3.0377459048274796E-003   2.9228011174911362E-003
   20.242632201214423        2.4989394678888673E-003   3.0377066750364953E-003   2.9234050865454436E-003
   20.957638264717446        2.5005596865779224E-003   3.0376083747355666E-003   2.9240131656179708E-003
   21.697899624358065        2.5020061182837441E-003   3.0375285563916492E-003   2.9246384841976544E-003
   22.464312967141105        2.5033028034715764E-003   3.0374637447689846E-003   2.9252935681529806E-003
   23.257792778673313        2.5044732758103950E-003   3.0374111190663872E-003   2.9259905860395279E-003
   24.079299719823517        2.5055407245647495E-003   3.0373683877991469E-003   2.9267414838704303E-003
   24.929823759061236        2.5065281008227244E-003   3.0373336906623890E-003   2.9275580869067802E-003
   25.810395145829254        2.5074582900085703E-003   3.0373055169666601E-003   2.9284522311635725E-003
   26.722064579292049        2.5083542685831839E-003   3.0372826405060576E-003   2.9294358680651412E-003
   27.665935811728254        2.5092393305558495E-003   3.0372640651692303E-003   2.9305212250405909E-003
   28.643146268414043        2.5101372674820300E-003   3.0372489822792560E-003   2.9317209140757514E-003
   29.654879655490589        2.5110725818610112E-003   3.0372367351374878E-003   2.9330480717736744E-003
   30.702343174827575        2.5102602837458478E-003   2.8250695367720920E-003   2.9318374029937417E-003
   31.786804983723918        2.5087679888019551E-003   2.5572637623201893E-003   2.9296462403493092E-003
   32.909571928103169        2.5075246713978172E-003   2.3398095611990963E-003   2.9278260444331105E-003
   34.072004028335677        2.5065275941824512E-003   2.1632391271583095E-003   2.9263481264489195E-003
   35.275488300232773        2.5057784093286063E-003   2.0198675717609696E-003   2.9251892038954798E-003
   36.521481794408061        2.5052826148217809E-003   1.9034520571731064E-003   2.9243307768634349E-003
   37.811486012809581        2.5050490575077421E-003   1.8089244362709184E-003   2.9237586328119207E-003
   39.147055493126302        2.5050893820715370E-003   1.7321694509490721E-003   2.9234623364103336E-003
   40.529808025860810        2.5054174636275116E-003   1.6698452419744824E-003   2.9234347550666845E-003
   41.961393513511240        2.5060488033264079E-003   1.6192392680574052E-003   2.9236716027071824E-003
   43.443545167355794        2.5069999256814887E-003   1.5781479896762117E-003   2.9241709985679976E-003
   44.978049075047366        2.5082877479723838E-003   1.5447824988397460E-003   2.9249330398508169E-003
   46.566763998623138        2.5099289684864896E-003   1.5176900850413233E-003   2.9259593847219345E-003
   48.211585595230147        2.5119394156519425E-003   1.4956916030935974E-003   2.9272528060818610E-003
   49.914505239722644        2.5143335234222566E-003   1.4778291715324776E-003   2.9288168062869021E-003
   51.677575059319224        2.5171237511400295E-003   1.4633251497534355E-003   2.9306551671652234E-003
   53.502930680545909        2.5203201193486303E-003   1.4515480426308366E-003   2.9327715323565415E-003
   55.392750120602578        2.5239296975963538E-003   1.4419852742352044E-003   2.9351689070798992E-003
   57.349321371645829        2.5279563493453118E-003   1.4342204522621370E-003   2.9378492714853877E-003
   59.375002227322796        2.5324003584989330E-003   1.4279155353407020E-003   2.9408130572795032E-003
   61.472246417894510        2.5372582467376526E-003   1.4227960117275899E-003   2.9440586953745958E-003
   63.643556378429672        2.5425224941506121E-003   1.4186390640070251E-003   2.9475820510931443E-003
   65.891560899834928        2.5481816171474638E-003   1.4152636859087481E-003   2.9513760633279183E-003
   68.218968971510208        2.5542200246344493E-003   1.4125229304140406E-003   2.9554302189908517E-003
   70.628585269218178        2.5577433143700325E-003   1.4094759436851696E-003   2.9555740009025726E-003
   73.123328588587739        2.5538257284967083E-003   1.4048657447157048E-003   2.9447126478992017E-003
   75.706175661273647        2.5509361286199369E-003   1.4011223581145806E-003   2.9351421367265784E-003
   78.380253523498894        2.5489357296927411E-003   1.3980827853327727E-003   2.9267129723291171E-003
   81.148784610322849        2.5477003578456901E-003   1.3956146986293745E-003   2.9192922056057538E-003
   84.015122474940881        2.5471189166428035E-003   1.3936106392080261E-003   2.9127614762328004E-003
   86.982687236203873        2.5470921405593215E-003   1.3919833842380264E-003   2.9070155363878965E-003
   90.055071705548812        2.5475315266168365E-003   1.3906620780404810E-003   2.9019605997403471E-003
   93.235978303002270        2.5483584740570078E-003   1.3895891975762298E-003   2.8975132664664756E-003
   96.529260096906100        2.5495035481456962E-003   1.3887180303682853E-003   2.8935993895501961E-003
   99.938826062156153        2.5509058132085062E-003   1.3880106643134225E-003   2.8901532553599102E-003
   103.46886588546354        2.5525123732761997E-003   1.3874362870365143E-003   2.8871165423104274E-003
   107.12359379692580        2.5542777818963512E-003   1.3869699020309259E-003   2.8844378874081284E-003
   110.90736836557576        2.5561636366704527E-003   1.3865912090332538E-003   2.8820721202882029E-003
   114.82483910697920        2.5581382284480085E-003   1.3862837124389640E-003   2.8799796378471553E-003
   118.88068277378797        2.5601759843683390E-003   1.3860340302063753E-003   2.8781260594207807E-003
   123.07973629915718        2.5622571004690503E-003   1.3858312944580353E-003   2.8764816519076561E-003
   127.42715949490271        2.5643671691030555E-003   1.3856666741652341E-003   2.8750208304262341E-003
   131.92808807993632        2.5664965290802511E-003   1.3855330065914296E-003   2.8737218526855911E-003
   136.58805281121437        2.5686399595184822E-003   1.3854244692697326E-003   2.8725662551256676E-003
   141.41261684513370        2.5707959679045905E-003   1.3853363387300672E-003   2.8715385529667517E-003
   146.40753387824964        2.5729663022934579E-003   1.3852647789289315E-003   2.8706257866648248E-003
   151.57894168226974        2.5751554453756469E-003   1.3852066727709814E-003   2.8698171110323988E-003
   156.93294936957258        2.5773698373309467E-003   1.3851594920192990E-003   2.8691035020148139E-003
   162.47613596373097        2.5796174858253463E-003   1.3851211815130366E-003   2.8684773376330447E-003
   168.21511902855468        2.5819071950903463E-003   1.3850900740051434E-003   2.8679321471387275E-003
   174.15674278185460        2.3000745609260656E-003   1.2697620505570779E-003   2.5656032732265378E-003
   180.30830831190286        1.9595566431771794E-003   1.1307521350341684E-003   2.2013502876709725E-003
   186.67715947709803        1.6831840684044914E-003   1.0178783448712657E-003   1.9055783794091243E-003
   193.27089166569760        1.4589398257411226E-003   9.2622764117555726E-004   1.6654092204100768E-003
   200.09760727912413        1.2770480373177110E-003   8.5180778281005798E-004   1.4703798137211460E-003
   207.16537088595135        1.1295715013743596E-003   7.9138071308652706E-004   1.3120051442026049E-003
   214.48286737908427        1.0100522931952188E-003   7.4231427072512710E-004   1.1833890031063439E-003
   222.05883252794877        9.1324701410113829E-004   7.0247311767998599E-004   1.0789377172658733E-003
   229.90230130529540        8.3489406024228813E-004   6.7012309463773429E-004   9.9410917648125687E-004
   238.02291179328489        7.7152800780671247E-004   6.4385505701395533E-004   9.2521300145571254E-004
   246.43025707061713        7.2033598216754478E-004   6.2252606531933423E-004   8.6925627284818708E-004
   255.13466811288930        6.7902977816578717E-004   6.0520704345712979E-004   8.2380626037170310E-004
   264.14653641505117        6.4575155366280535E-004   5.9114427942948719E-004   7.8688948425196300E-004
   273.47660938458705        6.1899116556973690E-004   5.7972566562038141E-004   7.5690322473601036E-004
   283.13635184814427        5.9752031788561143E-004   5.7045381512564543E-004   7.3254507562002112E-004
   293.13729579387660        5.8034137126363188E-004   5.6292522334693929E-004   7.1275836314876287E-004
   303.49136818478553        5.6664305495401804E-004   5.5681219450861793E-004   6.9668481368746510E-004
   314.21129214162710        5.5576520991517156E-004   5.5184844931095722E-004   6.8362687369567679E-004
   325.30973137660959        5.4717142456311789E-004   5.4781801195543159E-004   6.7301863096787566E-004
   336.80032369109853        5.4042490378294460E-004   5.4454531938402846E-004   6.6439992843348936E-004
   348.69678677735646        5.3517052826620537E-004   5.4188794625217027E-004   6.5739733850730714E-004
   361.01330816366544        5.3111926794412493E-004   5.3973022551677852E-004   6.5170747485810408E-004
   373.76502243504467        5.2692268227498530E-004   5.3648678243650445E-004   6.4509549750243567E-004
   386.96715283564077        5.1999152311061930E-004   5.2890935849403018E-004   6.3313589733556897E-004
   400.63544401132759        5.1450653292707679E-004   5.2275667915610655E-004   6.2342664246023177E-004
   414.78669160661980        5.1019120267095511E-004   5.1776073797472021E-004   6.1554399599347246E-004
   429.43761284149554        5.0682004943692596E-004   5.1370415828305043E-004   6.0914432937343179E-004
   444.60621081975989        5.0420894083113177E-004   5.1041023828103205E-004   6.0394836035033126E-004
   460.31059410826708        5.0220784458493179E-004   5.0773562882081718E-004   5.9972955915707190E-004
   476.56949149896485        5.0069449739903492E-004   5.0556391261649659E-004   5.9630398747426085E-004
   493.40288198244309        4.9956933330152662E-004   5.0380049121525748E-004   5.9352220842884349E-004
   510.83065126063684        4.9875146704568280E-004   5.0236863699912684E-004   5.9126304023752454E-004
   528.87421463804299        4.9817520327843554E-004   5.0120597939075178E-004   5.8942799910828179E-004
   547.55511287104378        4.9778734781075076E-004   5.0026192032543283E-004   5.8793721124584836E-004
   566.89562449487210        4.9754490279242452E-004   4.9949536789955747E-004   5.8672582911373358E-004
   586.91951519858117        4.9741321201639320E-004   4.9887293162069804E-004   5.8574117750456267E-004
   607.65068989177485        4.9736445580546968E-004   4.9836752348728888E-004   5.8494054140254101E-004
   629.11387223602765        4.9737638976028221E-004   4.9795714468266281E-004   5.8428924749143944E-004
   651.33543626567803        4.9743132551899132E-004   4.9762391939049656E-004   5.8375913619079019E-004
   674.34163286578985        4.9751528769867784E-004   4.9735334876048281E-004   5.8332738215457569E-004
   698.16073213207346        4.9761732789975412E-004   4.9713364692349283E-004   5.8297544398908162E-004
   722.82116976782140        4.9040567165961938E-004   4.8963170905407254E-004   5.6867097227279457E-004
   748.35235540965130        4.8249271786135982E-004   4.8145898279881985E-004   5.5307103745219210E-004
   774.78566186873422        4.7608713500817558E-004   4.7482277482822899E-004   5.4040260798415157E-004
   802.15264573967897        4.7090167139311571E-004   4.6943428190574860E-004   5.3011467461223287E-004
   830.48594444209971        4.6670339848769576E-004   4.6505895998653283E-004   5.2175975891392129E-004
   859.82037403360118        4.6330338730321828E-004   4.6150622307997727E-004   5.1497425638030009E-004
   890.19058800385733        4.6054871641261263E-004   4.5862148928073446E-004   5.0946325926106535E-004
   921.63390537915473        4.5831538659845219E-004   4.5627910158369564E-004   5.0498704770961256E-004
   954.18786380243341        4.5650308475889438E-004   4.5437712087677029E-004   5.0135115460365890E-004
   987.89128659474920        4.5503060893002455E-004   4.5283275995867234E-004   4.9839765288242383E-004
   1022.7855886411724        4.5383222186879812E-004   4.5157874753808417E-004   4.9599821749676104E-004
   1058.9119914466876        4.5285482857156464E-004   4.5056052071479466E-004   4.9404876907117130E-004
   1096.3148872627712        4.5205547562410296E-004   4.4973372623403809E-004   4.9246470561808693E-004
   1135.0389283928459        4.5139950412876484E-004   4.4906238256493494E-004   4.9117739639696341E-004
   1175.1302964981960        4.5085893652742982E-004   4.4851726824206035E-004   4.9013110675183468E-004
   1216.6382559936744        4.5041119055801274E-004   4.4807463846328665E-004   4.8928054934772338E-004
   1259.6123598874483        4.5003808322286679E-004   4.4771523028307836E-004   4.8858898674107706E-004
   1304.1038583964914        4.4972496870559667E-004   4.4742339980070704E-004   4.8802658514880345E-004
   1350.1674228314519        4.4946005102540829E-004   4.4718643508260929E-004   4.8756910357905579E-004
   1397.8574692241625        4.0677069341252237E-004   4.0481312435022376E-004   4.4056111210403332E-004
   1447.2325992722181        3.6829390670146484E-004   3.6662888166351257E-004   3.9813609733022726E-004
   1498.3517579647787        3.3704974114697096E-004   3.3562389773602507E-004   3.6368726826412458E-004
   1551.2759091786245        2.7474074894004143E-004   2.7360588732883037E-004   2.9646060606552531E-004
   1606.0700862978565        2.2306255272062413E-004   2.2216352982819620E-004   2.4071862880627431E-004
   1662.7990190437411        1.8110431270229995E-004   1.8039361798333824E-004   1.9545813080665964E-004
   1721.5324161293761        1.4703736220159598E-004   1.4647668338178517E-004   1.5870732577746323E-004
   1782.3403946248577        1.1937814257336991E-004   1.1893668420414689E-004   1.2886663204577113E-004
   1845.2954731357936        9.6921806885739569E-005   9.6574891437490598E-005   1.0463701316579465E-004
   1910.4750110852074        7.8689331335309021E-005   7.8417240886128161E-005   8.4962914743808143E-005
   1977.9568210713478        6.3886507869888076E-005   6.3673524004665761E-005   6.8988033190451077E-005
   2047.8213808026539        5.1868372098746338E-005   5.1701993454250408E-005   5.6016954750650217E-005
   2120.1545400970977        4.2110871726292091E-005   4.1981177660646885E-005   4.5484608226275646E-005
   2195.0417479108573        3.4188986168898162E-005   3.4088117573851238E-005   3.6932678191255323E-005
   2272.5750259096239        2.7757253707001827E-005   2.7678996966551667E-005   2.9988613201056797E-005
   2352.8469348264384        2.2535445393689094E-005   2.2474895289086362E-005   2.4350185461288100E-005
   2435.9532056335870        1.8296004048957647E-005   1.8249294463993561E-005   1.9771951819091959E-005
   2521.9959596104222        1.4854041433597595E-005   1.4818130247768809E-005   1.6054472478399747E-005
   2611.0779162676686        1.2059584106799552E-005   1.2032080718138095E-005   1.3035954133885271E-005
   2703.3053132971791        9.7908493873925769E-006   9.7698779556256982E-006   1.0585002145027382E-005
   2798.7914800504532        7.9488910215860890E-006   7.9329819756541954E-006   8.5948489923585144E-006
   2897.6492167059700        6.4534646567317999E-006   6.4414682332943672E-006   6.9788978382132289E-006
   3000.0000000000000        5.2393491684655518E-006   5.2303674235816457E-006   5.6667563312946283E-006
