         200   4370.0000000000000     
   3.0000000000000000        1.0547242207131992E-003   3.0381682229565017E-003   1.7706592072095526E-003
   3.1059655287322618        1.0858032464482841E-003   3.0381682229565017E-003   1.7916777428467999E-003
   3.2156739552243598        1.1167803876886151E-003   3.0381682229565017E-003   1.8127434764801246E-003
   3.3292574962321346        1.1476034636791024E-003   3.0381682229565017E-003   1.8337984720560746E-003
   3.4468529954360925        1.1782208718539747E-003   3.0381682229565017E-003   1.8547851617921850E-003
   3.5686022069563790        1.2085817293767292E-003   3.0381682229565017E-003   1.8756465941741885E-003
   3.6946518254059528        1.2386359605318692E-003   3.0381682229565017E-003   1.8963266575264682E-003
   3.8251536998800524        1.2683344515039014E-003   3.0381682229565017E-003   1.9167703632583727E-003
   3.9602651907155879        1.2976292530200856E-003   3.0381682229565017E-003   1.9369241754170624E-003
   4.1001490688558144        1.3264737010987493E-003   3.0381682229565017E-003   1.9567362954849383E-003
   4.2449739038313119        1.3548226694520863E-003   3.0381682229565017E-003   1.9761570463676108E-003
   4.3949142193596993        1.3826327851986508E-003   3.0381682229565017E-003   1.9951392350532502E-003
   4.5501507036585132        1.4098626697937645E-003   3.0381682229565017E-003   2.0136385306180212E-003
   4.7108703059600501        1.4364731688651464E-003   3.0381682229565017E-003   2.0316138259013996E-003
   4.8772669425686850        1.4624276816822403E-003   3.0381682229565017E-003   2.0490276498233121E-003
   5.0495410155906377        1.4876922881999655E-003   3.0381682229565017E-003   2.0658464187159557E-003
   5.2279001269311909        1.5122360609254590E-003   3.0381682229565017E-003   2.0820407809543987E-003
   5.4125592113782046        1.5360312572587143E-003   3.0381682229565017E-003   2.0975858426706090E-003
   5.6037407956130689        1.5590535050331456E-003   3.0381682229565017E-003   2.1124613458807237E-003
   5.8016752663703963        1.5812819555728736E-003   3.0381682229565017E-003   2.1266517784061748E-003
   6.0066011480696169        1.6026993996483838E-003   3.0381682229565017E-003   2.1401464112202713E-003
   6.2187653902530293        1.6232923429685877E-003   3.0381682229565017E-003   2.1529392617599644E-003
   6.4384236651766908        1.6430510391831888E-003   3.0381682229565017E-003   2.1650289846368766E-003
   6.6658406759127811        1.6619694797134414E-003   3.0381682229565017E-003   2.1764186938829063E-003
   6.9012904753346884        1.6800453410192205E-003   3.0381682229565017E-003   2.1871157232227520E-003
   7.1450567963692624        1.6972798910927240E-003   3.0381682229565017E-003   2.1971313327660033E-003
   7.3974330131920443        1.7136778343070926E-003   3.0381682229565017E-003   2.2064803585086371E-003
   7.6587243988323896        1.7292472641740951E-003   3.0381682229565017E-003   2.2151809088617087E-003
   7.9292442763577622        1.7439992094664659E-003   3.0381682229565017E-003   2.2232538266641123E-003
   8.2093202460023029        1.7579477567913899E-003   3.0381682229565017E-003   2.2307224760977967E-003
   8.4992881560440416        1.7711094596729047E-003   3.0381682229565017E-003   2.2376121447442131E-003
   8.7994991583321234        1.7835034140811659E-003   3.0381682229565017E-003   2.2439498223595523E-003
   9.1103132457223861        1.7951506806473028E-003   3.0381682229565017E-003   2.2497636535120402E-003
   9.4321068148357909        1.8060743089281072E-003   3.0381682229565017E-003   2.2550827264553441E-003
   9.7652657388916850        1.8162987906355883E-003   3.0381682229565017E-003   2.2599365997050540E-003
   10.110193474162946        1.8258500531337389E-003   3.0381682229565017E-003   2.2643551239620230E-003
   10.467303634806061        1.8347549585639930E-003   3.0381682229565017E-003   2.2683680546772716E-003
   10.837027566606025        1.8430412605485488E-003   3.0381682229565017E-003   2.2720049091056391E-003
   11.219811965471335        1.8507372787066225E-003   3.0381682229565017E-003   2.2752947181396625E-003
   11.616115840724994        1.8578716229049330E-003   3.0381682229565017E-003   2.2782658315701840E-003
   12.026419117330413        1.8644731519984064E-003   3.0381682229565017E-003   2.2809458454673814E-003
   12.451213803399156        1.8705706274369284E-003   3.0381682229565017E-003   2.2833614227461517E-003
   12.891014326336300        1.8761927146276622E-003   3.0381682229565017E-003   2.2855382762609084E-003
   13.346348065368609        1.8813677038610191E-003   3.0381682229565017E-003   2.2875010555283262E-003
   13.817766430769083        1.8861235316800227E-003   3.0381682229565017E-003   2.2892733657480097E-003
   14.305834715756038        1.8904875665242439E-003   3.0381682229565017E-003   2.2908777080363745E-003
   14.811143972217785        1.8944866510037185E-003   3.0381682229565017E-003   2.2923355264894466E-003
   15.334300133051286        1.8981469460276276E-003   3.0381682229565017E-003   2.2936671897446741E-003
   15.875936741648431        1.9014939913306939E-003   3.0381682229565017E-003   2.2948920587590421E-003
   16.436703292225193        1.9045525989163554E-003   3.0381682229565017E-003   2.2960284988264531E-003
   17.017278874447534        1.9073469267080745E-003   3.0381682229565017E-003   2.2970939618981870E-003
   17.618359675531394        1.9099004108374049E-003   3.0381682229565017E-003   2.2981050199121274E-003
   18.240671728221173        1.9122358403146501E-003   3.0381682229565017E-003   2.2990774541309625E-003
   18.884968846184627        1.9143753581577143E-003   3.0381682229565017E-003   2.3000263196299659E-003
   19.552019805756849        1.9163404506620867E-003   3.0381682229565017E-003   2.3009660020376693E-003
   20.242632201214423        1.9181520607549399E-003   3.0381106359988149E-003   2.3019102059656602E-003
   20.957638264717446        1.9198305814523856E-003   3.0379727605682155E-003   2.3028721530205056E-003
   21.697899624358065        1.9213959233328531E-003   3.0378683164384570E-003   2.3038649989622142E-003
   22.464312967141105        1.9228675878865686E-003   3.0377891969584955E-003   2.3049013547606096E-003
   23.257792778673313        1.9242647104745344E-003   3.0377292623561649E-003   2.3059935882665532E-003
   24.079299719823517        1.9256062038747641E-003   3.0376838603773234E-003   2.3071539560763784E-003
   24.929823759061236        1.9269108293924159E-003   3.0376494672287487E-003   2.3083946776185243E-003
   25.810395145829254        1.9281973350858005E-003   3.0376234134137968E-003   2.3097280506402659E-003
   26.722064579292049        1.9294845609888053E-003   3.0376036771233277E-003   2.3111665226525600E-003
   27.665935811728254        1.9307916316291598E-003   3.0375887263835643E-003   2.3127228432167253E-003
   28.643146268414043        1.9321380794530398E-003   3.0375774008196323E-003   2.3144101378304140E-003
   29.654879655490589        1.9335440162151071E-003   3.0375688213740409E-003   2.3162420298947456E-003
   30.702343174827575        1.9324012394508505E-003   2.7294690926094596E-003   2.3143776097147590E-003
   31.786804983723918        1.9304407221467912E-003   2.3621445106353374E-003   2.3113389614844927E-003
   32.909571928103169        1.9289813989923235E-003   2.0838868389347694E-003   2.3090479850205636E-003
   34.072004028335677        1.9279552749268646E-003   1.8730985224328987E-003   2.3073908611802901E-003
   35.275488300232773        1.9273112140488597E-003   1.7134221199650479E-003   2.3062766013880148E-003
   36.521481794408061        1.9270118442765328E-003   1.5924632020036232E-003   2.3056330899970247E-003
   37.811486012809581        1.9270310490844909E-003   1.5008337589032467E-003   2.3054038546211917E-003
   39.147055493126302        1.9273518415581221E-003   1.4314221356481302E-003   2.3055453148455364E-003
   40.529808025860810        1.9279645805874361E-003   1.3788408029495930E-003   2.3060244929321762E-003
   41.961393513511240        1.9288654295758121E-003   1.3390093825862495E-003   2.3068170781030328E-003
   43.443545167355794        1.9300550647449474E-003   1.3088360731081197E-003   2.3079058259706134E-003
   44.978049075047366        1.9315375209139271E-003   1.2859790271740783E-003   2.3092791784140084E-003
   46.566763998623138        1.9333192069669563E-003   1.2686641470372711E-003   2.3109301035311174E-003
   48.211585595230147        1.9354079835957327E-003   1.2555477760007208E-003   2.3128550381627494E-003
   49.914505239722644        1.9378124524576249E-003   1.2456117928269991E-003   2.3150530498061142E-003
   51.677575059319224        1.9405412330636485E-003   1.2380850339884857E-003   2.3175249914335451E-003
   53.502930680545909        1.9436023904849217E-003   1.2323832942499615E-003   2.3202727836165444E-003
   55.392750120602578        1.9470028328990418E-003   1.2280641113637061E-003   2.3232986466469366E-003
   57.349321371645829        1.9507479585716718E-003   1.2247922209633500E-003   2.3266045242858373E-003
   59.375002227322796        1.9548411828068193E-003   1.2223136811390636E-003   2.3301913626155918E-003
   61.472246417894510        1.9592836335948697E-003   1.2204361148036875E-003   2.3340585029936042E-003
   63.643556378429672        1.9640737438428083E-003   1.2190138204241760E-003   2.3382029546794346E-003
   65.891560899834928        1.9692071540519237E-003   1.2179363964184399E-003   2.3426189182257787E-003
   68.218968971510208        1.9746763964585247E-003   1.2171202204531439E-003   2.3472971147793192E-003
   70.628585269218178        1.9762327257308930E-003   1.2152908248844261E-003   2.3461852734327922E-003
   73.123328588587739        1.9672744979974707E-003   1.2108613215300276E-003   2.3298326889261670E-003
   75.706175661273647        1.9604833040537876E-003   1.2075058833725121E-003   2.3163653401855160E-003
   78.380253523498894        1.9554577777569572E-003   1.2049640540067025E-003   2.3052909919120462E-003
   81.148784610322849        1.9518689188531661E-003   1.2030385539016201E-003   2.2961944459088629E-003
   84.015122474940881        1.9494466767941937E-003   1.2015799313123702E-003   2.2887267829495191E-003
   86.982687236203873        1.9479692375265576E-003   1.2004749952728652E-003   2.2825961426108559E-003
   90.055071705548812        1.9472542593989201E-003   1.1996379782453668E-003   2.2775591613669773E-003
   93.235978303002270        1.9471519348619329E-003   1.1990039166533185E-003   2.2734138618070187E-003
   96.529260096906100        1.9475393244465259E-003   1.1985235964712012E-003   2.2699932232452566E-003
   99.938826062156153        1.9483157677823168E-003   1.1981597461147601E-003   2.2671597724493930E-003
   103.46886588546354        1.9493992178648209E-003   1.1978841169665792E-003   2.2648006662555568E-003
   107.12359379692580        1.9507231648754244E-003   1.1976753212516256E-003   2.2628238933773922E-003
   110.90736836557576        1.9522341734464147E-003   1.1975171550988454E-003   2.2611547368717178E-003
   114.82483910697920        1.9538899021684969E-003   1.1973973388029649E-003   2.2597328443896055E-003
   118.88068277378797        1.9556572865632024E-003   1.1973065750745064E-003   2.2585099024309266E-003
   123.07973629915718        1.9575111438816825E-003   1.1972378200727791E-003   2.2574475011960687E-003
   127.42715949490271        1.9594330106915414E-003   1.1971857357963075E-003   2.2565153610736069E-003
   131.92808807993632        1.9614099160063978E-003   1.1971462811090660E-003   2.2556899381569388E-003
   136.58805281121437        1.9634336211380491E-003   1.1971163928276827E-003   2.2549530810988274E-003
   141.41261684513370        1.9654996184680024E-003   1.1970937517350351E-003   2.2542910402309629E-003
   146.40753387824964        1.9676064443466552E-003   1.1970766007388092E-003   2.2536935336608202E-003
   151.57894168226974        1.8553374981520943E-003   1.1505230810606201E-003   2.1312839396106097E-003
   156.93294936957258        1.5397393915260538E-003   1.0213648459037148E-003   1.7926450385610424E-003
   162.47613596373097        1.3008761880815079E-003   9.2352304444021777E-004   1.5360801176236066E-003
   168.21511902855468        1.1202145598850940E-003   8.4940552449180255E-004   1.3416870875011600E-003
   174.15674278185460        9.8369429102273436E-004   7.9326029667145580E-004   1.1943896617067106E-003
   180.30830831190286        8.8064670856342301E-004   7.5072835724964793E-004   1.0827642221617367E-003
   186.67715947709803        8.0298454315858004E-004   7.1850938926880273E-004   9.9816286912366879E-004
   193.27089166569760        7.4457361302515375E-004   6.9410299657406496E-004   9.3403466688119494E-004
   200.09760727912413        7.0076006822118112E-004   6.7561431541813741E-004   8.8541580074401132E-004
   207.16537088595135        6.6801661960652083E-004   6.6160883849014683E-004   8.4854887037394443E-004
   214.48286737908427        6.4366645859772033E-004   6.5099920843965007E-004   8.2058604047834289E-004
   222.05883252794877        6.2568021956011844E-004   6.4296215827141015E-004   7.9937129904282197E-004
   229.90230130529540        6.1251814575219346E-004   6.3687396194463597E-004   7.8327125417417042E-004
   238.02291179328489        6.0301142796334117E-004   6.3226194401522651E-004   7.7104804953351854E-004
   246.43025707061713        5.9627331027689828E-004   6.2876826536085919E-004   7.6176448755395918E-004
   255.13466811288930        5.9163000697795510E-004   6.2612168372506755E-004   7.5471003852577547E-004
   264.14653641505117        5.8856971150477192E-004   6.2411683442495174E-004   7.4934658694740194E-004
   273.47660938458705        5.8670313702991351E-004   6.2259812844587116E-004   7.4526626454312337E-004
   283.13635184814427        5.8573388670566534E-004   6.2144765647862549E-004   7.4215978306896508E-004
   293.13729579387660        5.8543612172144526E-004   6.2057614626819533E-004   7.3979277719613673E-004
   303.49136818478553        5.8563744969019553E-004   6.1991596309765335E-004   7.3798748794540636E-004
   314.21129214162710        5.8620609123625860E-004   6.1941585165974469E-004   7.3660900840242410E-004
   325.30973137660959        5.8704110549419027E-004   6.1903700910489025E-004   7.3555502297997820E-004
   336.80032369109853        5.8806506351473126E-004   6.1875002285122075E-004   7.3474779714179333E-004
   348.69678677735646        5.8921840860958450E-004   6.1853262385546401E-004   7.3412831272757020E-004
   361.01330816366544        5.9045525914229425E-004   6.1836794057743135E-004   7.3365170463477640E-004
   373.76502243504467        5.8972193096899978E-004   6.1553891485805260E-004   7.2967869936377977E-004
   386.96715283564077        5.8297792042547047E-004   6.0473033160280527E-004   7.1511626969388584E-004
   400.63544401132759        5.7811081776013116E-004   5.9654265384856517E-004   7.0408724297348145E-004
   414.78669160661980        5.7465991235209929E-004   5.9034020659226734E-004   6.9573382462093201E-004
   429.43761284149554        5.7227370443283497E-004   5.8564175183432193E-004   6.8940681239166776E-004
   444.60621081975989        5.7068389107739525E-004   5.8208251089971711E-004   6.8461424637584589E-004
   460.31059410826708        5.6968598291859049E-004   5.7938630021035927E-004   6.8098374621000212E-004
   476.56949149896485        5.6912419541610860E-004   5.7734387672518336E-004   6.7823325676671627E-004
   493.40288198244309        5.6888000336583551E-004   5.7579667075029423E-004   6.7614908007139170E-004
   510.83065126063684        5.6886341981145629E-004   5.7462463703942927E-004   6.7456947421325718E-004
   528.87421463804299        5.6900627229414268E-004   5.7373678122824175E-004   6.7337186895400096E-004
   547.55511287104378        5.6925709147110021E-004   5.7306420907796683E-004   6.7246348810467201E-004
   566.89562449487210        5.6957718748968972E-004   5.7255472472623559E-004   6.7177406383977481E-004
   586.91951519858117        5.6993766922426310E-004   5.7216877282212169E-004   6.7125036453615904E-004
   607.65068989177485        5.7031712480270060E-004   5.7187640496376014E-004   6.7085210490377349E-004
   629.11387223602765        5.7069987201020496E-004   5.7165493155198637E-004   6.7054878041702200E-004
   651.33543626567803        5.7107462294706576E-004   5.7148715783195993E-004   6.7031728934416183E-004
   674.34163286578985        5.7143341573265879E-004   5.7136006650807935E-004   6.7014015746033682E-004
   698.16073213207346        5.7177085266237374E-004   5.7126379046293298E-004   6.7000415290040390E-004
   722.82116976782140        5.6147936903073266E-004   5.6058638970015253E-004   6.4960222910183320E-004
   748.35235540965130        5.5082353275116109E-004   5.4958925693382639E-004   6.2857809818656519E-004
   774.78566186873422        5.4279281611267229E-004   5.4125855096309934E-004   6.1264975913543566E-004
   802.15264573967897        5.3674399087089869E-004   5.3494784064568406E-004   6.0058181067235649E-004
   830.48594444209971        5.3219029925506440E-004   5.3016737485668010E-004   5.9143829645975053E-004
   859.82037403360118        5.2876341536316305E-004   5.2654600774785652E-004   5.8450993534323926E-004
   890.19058800385733        5.2618501134176171E-004   5.2380276321555962E-004   5.7925977536798774E-004
   921.63390537915473        5.2424461485768169E-004   5.2172466121479179E-004   5.7528081447745765E-004
   954.18786380243341        5.2278333366688099E-004   5.2015044892318751E-004   5.7226490805918379E-004
   987.89128659474920        5.2168122468983778E-004   5.1895795748781225E-004   5.6997860499007969E-004
   1022.7855886411724        5.2084780161315732E-004   5.1805460424730670E-004   5.6824499541697810E-004
   1058.9119914466876        5.2021493736551677E-004   5.1737029946315194E-004   5.6693015495185939E-004
   1096.3148872627712        5.1973134195846410E-004   5.1685191507403123E-004   5.6593257297729181E-004
   1135.0389283928459        5.1935850175400622E-004   5.1645922642023470E-004   5.6517539737639493E-004
   1175.1302964981960        5.1906753082331446E-004   5.1616175837293336E-004   5.6460040693337714E-004
   1216.6382559936744        5.1883680407346390E-004   5.1593641610505334E-004   5.6416348338603651E-004
   1259.6123598874483        5.1865018891025165E-004   5.1576571391248182E-004   5.6383122715582116E-004
   1304.1038583964914        5.1849567865821524E-004   5.1563640422297951E-004   5.6357833721098875E-004
   1350.1674228314519        5.1836436510457374E-004   5.1553844768964280E-004   5.6338564285612533E-004
   1397.8574692241625        4.4695275861921457E-004   4.4465380171135419E-004   4.8483117651831924E-004
   1447.2325992722181        3.8664315251904269E-004   3.8480091069212770E-004   4.1837454038771732E-004
   1498.3517579647787        3.4095659146768864E-004   3.3946090491000774E-004   3.6803145550772870E-004
   1551.2759091786245        2.5958614604715990E-004   2.5847445618876381E-004   2.8020114574611201E-004
   1606.0700862978565        1.9662255287308553E-004   1.9580062280307253E-004   2.1225700764346993E-004
   1662.7990190437411        1.4893061363228816E-004   1.4832417383037240E-004   1.6078882719587116E-004
   1721.5324161293761        1.1280568669318791E-004   1.1235913227544933E-004   1.2180035208905455E-004
   1782.3403946248577        8.5442933387386641E-005   8.5114747513306230E-005   9.2265959945878916E-005
   1845.2954731357936        6.4717416353417249E-005   6.4476682581286344E-005   6.9893403377186474E-005
   1910.4750110852074        4.9018886016860273E-005   4.8842639198637763E-005   5.2945583902632336E-005
   1977.9568210713478        3.7128258303826422E-005   3.6999474978892571E-005   4.0107316401295051E-005
   2047.8213808026539        2.8121998076813759E-005   2.8028085303494049E-005   3.0382199547962093E-005
   2120.1545400970977        2.1300288277387512E-005   2.1231949335813462E-005   2.3015144740924435E-005
   2195.0417479108573        1.6133382777253981E-005   1.6083765715138687E-005   1.7434518831236338E-005
   2272.5750259096239        1.2219775488273672E-005   1.2183839712745113E-005   1.3207028645470074E-005
   2352.8469348264384        9.2555087285937193E-006   9.2295518832471953E-006   1.0004620110357839E-005
   2435.9532056335870        7.0103235667349084E-006   6.9916307635243964E-006   7.5787545313057252E-006
   2521.9959596104222        5.3097447079113336E-006   5.2963286124778253E-006   5.7410848554110539E-006
   2611.0779162676686        4.0216883278850144E-006   4.0120964221530369E-006   4.3490098869643443E-006
   2703.3053132971791        3.0460971232776923E-006   3.0392696336934491E-006   3.2944926228590232E-006
   2798.7914800504532        2.3071547255698186E-006   2.3023199116784216E-006   2.4956605412541065E-006
   2897.6492167059700        1.7474716130260205E-006   1.7440685014386923E-006   1.8905324768141837E-006
   3000.0000000000000        1.3235521176402415E-006   1.3211738746962601E-006   1.4321269839980873E-006
