         200   4370.0000000000000     
   3.0000000000000000        1.6421818449597837E-003   1.9436365590437199        7.9552921084060800E-004
   3.1059655287322618        1.7591887070505449E-003   1.9436365590437199        8.4817714565194220E-004
   3.2156739552243598        1.8843643960516970E-003   1.9436365590437199        9.0449509347485877E-004
   3.3292574962321346        2.0182339780676082E-003   1.9436365590437199        9.6474155995542618E-004
   3.4468529954360925        2.1613536727296905E-003   1.9436365590437199        1.0291929067655825E-003
   3.5686022069563790        2.3143140333320377E-003   1.9436365590437199        1.0981445699605118E-003
   3.6946518254059528        2.4777434384161824E-003   1.9436365590437199        1.1719122069779704E-003
   3.8251536998800524        2.6523124967263180E-003   1.9436365590437199        1.2508330132786349E-003
   3.9602651907155879        2.8387394348729977E-003   1.9436365590437199        1.3352672140509185E-003
   4.1001490688558144        3.0377957141348366E-003   1.9436365590437199        1.4255993672900756E-003
   4.2449739038313119        3.2503132083684799E-003   1.9436365590437199        1.5222400625614350E-003
   4.3949142193596993        3.4771920413776275E-003   1.9436365590437199        1.6256275951886336E-003
   4.5501507036585132        3.7194095144057891E-003   1.9436365590437199        1.7362298026119655E-003
   4.7108703059600501        3.9780299089819029E-003   1.9436365590437199        1.8545459612581633E-003
   4.8772669425686850        4.2542163831661073E-003   1.9436365590437199        1.9811093012519609E-003
   5.0495410155906377        4.5492420995717868E-003   1.9436365590437199        2.1164888312112935E-003
   5.2279001269311909        4.8645044632944015E-003   1.9436365590437199        2.2612922493496852E-003
   5.4125592113782046        5.2015396837861065E-003   1.9436365590437199        2.4161686668089902E-003
   5.6037407956130689        5.5620388557241279E-003   1.9436365590437199        2.5818116852262597E-003
   5.8016752663703963        5.9478654636057416E-003   1.9436365590437199        2.7589627733877391E-003
   6.0066011480696169        6.3610744267397447E-003   1.9436365590437199        2.9484149744323312E-003
   6.2187653902530293        6.8039328347412912E-003   1.9436365590437199        3.1510169768314686E-003
   6.4384236651766908        7.2789425647080451E-003   1.9436365590437199        3.3676775841208866E-003
   6.6658406759127811        7.7888650207141742E-003   1.9436365590437199        3.5993706201498583E-003
   6.9012904753346884        8.3367482950350968E-003   1.9436365590437199        3.8471403085190464E-003
   7.1450567963692624        8.9259571197222564E-003   1.9436365590437199        4.1121071669886064E-003
   7.3974330131920443        9.5602050822648343E-003   1.9436365590437199        4.3954740256459601E-003
   7.6587243988323896        1.0243596478689759E-002   1.9436365590437199        4.6985352557099309E-003
   7.9292442763577622        1.0980656828689149E-002   1.9436365590437199        5.0226796388521330E-003
   8.2093202460023029        1.1776394919301396E-002   1.9436365590437199        5.3694056133560862E-003
   8.4992881560440416        1.2636337966217333E-002   1.9436365590437199        5.7403227462482255E-003
   8.7994991583321234        1.3566610424323215E-002   1.9436365590437199        6.1371699922112668E-003
   9.1103132457223861        1.4573981667784092E-002   1.9436365590437199        6.5618177810211759E-003
   9.4321068148357909        1.5665965902731293E-002   1.9436365590437199        7.0162893457566067E-003
   9.7652657388916850        1.6850886845927646E-002   1.9436365590437199        7.5027635732881912E-003
   10.110193474162946        1.8138004699085157E-002   1.9436365590437199        8.0235999291756351E-003
   10.467303634806061        1.9537602382324843E-002   1.9436365590437199        8.5813422672920744E-003
   10.837027566606025        2.1061140499795281E-002   1.9436365590437199        9.1787461602354653E-003
   11.219811965471335        2.2721391717355523E-002   1.9436365590437199        9.8187930930645709E-003
   11.616115840724994        2.4532583767279532E-002   1.9436365590437199        1.0504704209871839E-002
   12.026419117330413        2.6510609167583951E-002   1.9436365590437199        1.1239975753159806E-002
   12.451213803399156        2.8673169470376028E-002   1.9436365590437199        1.2028386572642635E-002
   12.891014326336300        3.1040021025569308E-002   1.9436365590437199        1.2874041667326188E-002
   13.346348065368609        3.3633130277102768E-002   1.9436365590437199        1.3781381906436923E-002
   13.817766430769083        3.6476941955002444E-002   1.9436365590437199        1.4755235299503693E-002
   14.305834715756038        3.9598530188773497E-002   1.9436365590437199        1.5800829467725250E-002
   14.811143972217785        4.3027877032198146E-002   1.9436365590437199        1.6923852061575029E-002
   15.334300133051286        4.6798003380124666E-002   1.9436365590437199        1.8130466579842758E-002
   15.875936741648431        5.0945248577445021E-002   1.9436365590437199        1.9427383550267015E-002
   16.436703292225193        5.5509369180804138E-002   1.9436365590437199        2.0821880323852095E-002
   17.017278874447534        6.0533816477850444E-002   1.9436365590437199        2.2321884827053266E-002
   17.618359675531394        6.6065794869057587E-002   1.9436365590437199        2.3935999956367873E-002
   18.240671728221173        7.2156516212946845E-002   1.9436365590437199        2.5673596558480682E-002
   18.884968846184627        7.8861317888948221E-002   1.9436365590437199        2.7544875498114699E-002
   19.552019805756849        8.6239620313559834E-002   1.9436365590437199        2.9560900510193059E-002
   20.242632201214423        9.4355227094561442E-002   1.9434969312968216        3.1733715857210819E-002
   20.957638264717446       0.10327616589648175        1.9431470581725112        3.4076419034743455E-002
   21.697899624358065       0.11307462611024847        1.9428629665359642        3.6603342519777052E-002
   22.464312967141105       0.12382679241077008        1.9426322872328570        3.9330038199907526E-002
   23.257792778673313       0.13561217580706750        1.9424449803903259        4.2273371847459218E-002
   24.079299719823517       0.14851336768290876        1.9422928900932050        4.5451734785470849E-002
   24.929823759061236       0.16261490105439813        1.9421693950934191        4.8885102732320398E-002
   25.810395145829254       0.17800221933417379        1.9420691185036740        5.2595203712882455E-002
   26.722064579292049       0.19475979608709929        1.9419876959783244        5.6605564689751454E-002
   27.665935811728254       0.21296984896675228        1.9419215821305580        6.0941785570161014E-002
   28.643146268414043       0.23270984277177553        1.9418678986953199        6.5631599832670237E-002
   29.654879655490589       0.25405030472818257        1.9418243083327886        7.0705076598931063E-002
   30.702343174827575       0.27693880403910009        1.9274035295194731        7.6145057281830159E-002
   31.786804983723918       0.30148877406386698        1.9092166887909068        8.2014938749583044E-002
   32.909571928103169       0.32778978883773896        1.8944492517196156        8.8377183840780790E-002
   34.072004028335677       0.35585589304994542        1.8824582542594330        9.5271650902888666E-002
   35.275488300232773       0.38568112518844483        1.8727218113154509       0.10274112688776317     
   36.521481794408061       0.41723877353052474        1.8648159682600667       0.11083164001336479     
   37.811486012809581       0.45047959091410217        1.8583965443722945       0.11959233434912311     
   39.147055493126302       0.48533156313680387        1.8531840701602380       0.12907550168843523     
   40.529808025860810       0.52170057101472245        1.8489515980842546       0.13933658594012435     
   41.961393513511240       0.55947085937791519        1.8455149179401156       0.15043381559616573     
   43.443545167355794       0.59850859697159209        1.8427243861198777       0.16242837974970598     
   44.978049075047366       0.63866419345720649        1.8404585168759671       0.17538392544243625     
   46.566763998623138       0.67977677606973463        1.8386186558210127       0.18936635846117741     
   48.211585595230147       0.72167797570381798        1.8371247265423309       0.20444308219901822     
   49.914505239722644       0.76419877166961647        1.8359116787710810       0.22068299650272064     
   51.677575059319224       0.80717434940481958        1.8349267024965423       0.23815561082756792     
   53.502930680545909       0.85045068826733539        1.8341269125296509       0.25693063219250506     
   55.392750120602578       0.89388968175966343        1.8334774995508223       0.27707688502304373     
   57.349321371645829       0.93737667907257360        1.8329501861245177       0.29866236464843227     
   59.375002227322796       0.98082510557086144        1.8325220156711632       0.32175323889421392     
   61.472246417894510        1.0241820715218619        1.8321743459439197       0.34641364252355594     
   63.643556378429672        1.0674317092713352        1.8318920452867935       0.37270476283247905     
   65.891560899834928        1.1106001905680827        1.8316628214621875       0.40068558567207080     
   68.218968971510208        1.1537571461840777        1.8314766952154278       0.43041241835855948     
   70.628585269218178        1.1944691262299312        1.8305716401202199       0.46072705491612892     
   73.123328588587739        1.2285119263012843        1.8278764638082681       0.48955741325966934     
   75.706175661273647        1.2635737113018359        1.8256880361589118       0.52049997171629814     
   78.380253523498894        1.2997698110867923        1.8239110663113602       0.55355464622120232     
   81.148784610322849        1.3372644805692457        1.8224681939184606       0.58872859704313518     
   84.015122474940881        1.3762656643732860        1.8212965973093014       0.62603748625129796     
   86.982687236203873        1.4170176954341245        1.8203452849955246       0.66550559531560649     
   90.055071705548812        1.4597956310710332        1.8195728339173736       0.70716823881349711     
   93.235978303002270        1.5048966317723365        1.8189456154324577       0.75107196847538193     
   96.529260096906100        1.5526321523467836        1.8184363208796253       0.79727605240494959     
   99.938826062156153        1.6033175883241668        1.8180227863993190       0.84585187583716903     
   103.46886588546354        1.6572661285644623        1.8176869987161675       0.89688660407291976     
   107.12359379692580        1.7147751010083254        1.8174143445796205       0.95047967189795812     
   110.90736836557576        1.7761175253478223        1.8171929562179567        1.0067441553319698     
   114.82483910697920        1.8415343222496310        1.8170131901075492        1.0658082088159027     
   118.88068277378797        1.9112198930286683        1.8168672229501144        1.1278098299511625     
   123.07973629915718        1.9853143662258235        1.8167487012572061        1.1928969030179026     
   127.42715949490271        2.0638973810244448        1.8166524623060096        1.2612272769876565     
   131.92808807993632        2.1469736566323485        1.8165743186768555        1.3329602626130952     
   136.58805281121437        2.2344735520356003        1.8165108664874112        1.4082595157750739     
   141.41261684513370        2.3262409631665322        1.8164593443417392        1.4872829804067602     
   146.40753387824964        2.4220325641067597        1.8164175096438886        1.5701804874248422     
   151.57894168226974        2.4511965232379209        1.7984658810354877        1.6073553633938138     
   156.93294936957258        2.3399586795334120        1.7464856721476627        1.5404762999271782     
   162.47613596373097        2.2566366682319914        1.7042780335016570        1.4870418171883741     
   168.21511902855468        2.1961760126817977        1.6700061175028571        1.4455667944379798     
   174.15674278185460        2.1544875400654480        1.6421781761024945        1.4149039816798379     
   180.30830831190286        2.1282332166271667        1.6195820434585571        1.3941743762629326     
   186.67715947709803        2.1146601403508045        1.6012343513176726        1.3827090574024685     
   193.27089166569760        2.1114665199712777        1.5863364827028488        1.3799947791083000     
   200.09760727912413        2.1167006134808837        1.5742394967817783        1.3856285702494946     
   207.16537088595135        2.1286835069101420        1.5644170457888344        1.3992789785343529     
   214.48286737908427        2.1459517535538031        1.5564412705659387        1.4206551511811776     
   222.05883252794877        2.1672141772744165        1.5499650708250132        1.4494819069835034     
   229.90230130529540        2.1913216028231512        1.5447065580854900        1.4854829756513324     
   238.02291179328489        2.2172465648878852        1.5404366751767093        1.5283724210449796     
   246.43025707061713        2.2440667080404451        1.5369696367019330        1.5778468678979642     
   255.13466811288930        2.2709576078405425        1.5341544208679430        1.6335895115139150     
   264.14653641505117        2.2971844550997988        1.5318685114051998        1.6952694758001341     
   273.47660938458705        2.3220992090144477        1.5300124099086285        1.7625486464693729     
   283.13635184814427        2.3451389778255827        1.5285052658833562        1.8350908269183788     
   293.13729579387660        2.3658224221742925        1.5272814894511968        1.9125635746070726     
   303.49136818478553        2.3837490865087436        1.5262878134967353        1.9946465010778036     
   314.21129214162710        2.3985979923405343        1.5254809541840353        2.0810397359551516     
   325.30973137660959        2.4101238307183555        1.5248258045369303        2.1714611347724091     
   336.80032369109853        2.4181553116359895        1.5242938266908339        2.2656573876109234     
   348.69678677735646        2.4225903651641434        1.5238618693333592        2.3633983422535030     
   361.01330816366544        2.4233922998638353        1.5235111307276856        2.4644805978133961     
   373.76502243504467        2.3936089904076558        1.4888429001638499        2.5411090331198807     
   386.96715283564077        2.2712318047226132        1.3467150874493541        2.5210667316901110     
   400.63544401132759        2.1604222993482698        1.2313108467375253        2.5073038089838739     
   414.78669160661980        2.0593778967468874        1.1376032492807047        2.5003168448895563     
   429.43761284149554        1.9665923073664200        1.0615150162537355        2.5006167278456970     
   444.60621081975989        1.8808089156576318       0.99973179695682701        2.5086388885989495     
   460.31059410826708        1.8009950141689788       0.94956482790088170        2.5246914617046676     
   476.56949149896485        1.7263074963450189       0.90883049967798102        2.5489364632860210     
   493.40288198244309        1.6560627331724151       0.87575445318054446        2.5813976663190181     
   510.83065126063684        1.5897176220961555       0.84889752800254659        2.6219798814416810     
   528.87421463804299        1.5268405137741372       0.82708985509568989        2.6704997282943719     
   547.55511287104378        1.4670969775000959       0.80938237943562419        2.7267100788339964     
   566.89562449487210        1.4102297887105122       0.79500435064277908        2.7903248678570391     
   586.91951519858117        1.3560418278250796       0.78332947174723855        2.8610401724649792     
   607.65068989177485        1.3043869640657750       0.77384965999657573        2.9385425474170321     
   629.11387223602765        1.2551566645754706       0.76615228918447575        3.0225188723871641     
   651.33543626567803        1.2082689119474497       0.75990206717281394        3.1126636704160284     
   674.34163286578985        1.1636643551443555       0.75482704271588252        3.2086729337932773     
   698.16073213207346        1.1212954237774753       0.75070615126544571        3.3102515407111319     
   722.82116976782140        1.0746756240541595       0.74081825374563581        3.4016253572851909     
   748.35235540965130        1.0295844072204612       0.73093035784373872        3.4960938454732067     
   774.78566186873422       0.98794349895928879       0.72290144172111970        3.5981658255832882     
   802.15264573967897       0.94947694164689678       0.71638209243404849        3.7070779876868061     
   830.48594444209971       0.91395171402382835       0.71108854333876592        3.8221243033680237     
   859.82037403360118       0.88116725107477067       0.70679021110522300        3.9426454369120845     
   890.19058800385733       0.85095090758783598       0.70330007248798254        4.0680061636334282     
   921.63390537915473       0.82314903666619299       0.70046609946761851        4.1975956819735893     
   954.18786380243341       0.79762506371916786       0.69816495947465773        4.3308077012882897     
   987.89128659474920       0.77425480450133222       0.69629649116724390        4.4670362402572783     
   1022.7855886411724       0.75292308133451114       0.69477930536079269        4.6056732099311102     
   1058.9119914466876       0.73352356341817049       0.69354738830903484        4.7460905022012394     
   1096.3148872627712       0.71595518725372542       0.69254707855893927        4.8876474947227821     
   1135.0389283928459       0.70012265094208315       0.69173484331366608        5.0296748025316829     
   1175.1302964981960       0.68593474093309492       0.69107532854333498        5.1714756893930938     
   1216.6382559936744       0.67330324270567232       0.69053980624160816        5.3123288242423801     
   1259.6123598874483       0.66214343054462743       0.69010497084382028        5.4514773137823980     
   1304.1038583964914       0.65237308390393678       0.68975189534116088        5.5881346647505028     
   1350.1674228314519       0.64391190680949761       0.68946520000941947        5.7214923196741614     
   1397.8574692241625       0.54606458280096826       0.57968378677030186        5.1186530104605064     
   1447.2325992722181       0.45473245741221291       0.47425521533357218        4.5463917787476609     
   1498.3517579647787       0.38011709961998136       0.38864893030879644        4.0754769884453035     
   1551.2759091786245       0.30542435616213359       0.31567918428674635        3.3843917375201773     
   1606.0700862978565       0.24546753635584068       0.25632636256156816        2.7989229799475743     
   1662.7990190437411       0.19758940441304138       0.20813335097235883        2.3111714192536899     
   1721.5324161293761       0.15928588341442443       0.16900089533313803        1.9053677651566849     
   1782.3403946248577       0.12858777936697924       0.13722597791257085        1.5682368993362021     
   1845.2954731357936       0.10394240807137992       0.11142553710815442        1.2885918937828535     
   1910.4750110852074        8.4122668749043741E-002   9.0475723598736305E-002   1.0570027963014694     
   1977.9568210713478        6.8158325804193579E-002   7.3464815814792750E-002  0.86554200095866396     
   2047.8213808026539        5.5280002740433397E-002   5.9652382772089077E-002  0.70754047012602483     
   2120.1545400970977        4.4876069151436299E-002   4.8436764459613160E-002  0.57738862404767255     
   2195.0417479108573        3.6460138771046743E-002   3.9329961992561897E-002  0.47038335490411665     
   2272.5750259096239        2.9643840536435897E-002   3.1935289366690614E-002  0.38257573337408857     
   2352.8469348264384        2.4117032124183990E-002   2.5930935481888878E-002  0.31066248858136741     
   2435.9532056335870        1.9631297197220451E-002   2.1055549814534565E-002  0.25188137347570028     
   2521.9959596104222        1.5987165107545023E-002   1.7096763943710350E-002  0.20392524949509608     
   2611.0779162676686        1.3024425212869268E-002   1.3882294213242573E-002  0.16487443699805213     
   2703.3053132971791        1.0614032523794111E-002   1.1272224928063535E-002  0.13313323260871934     
   2798.7914800504532        8.6518088119337776E-003   9.1528632789477891E-003  0.10737755385348098     
   2897.6492167059700        7.0536727936478614E-003   7.4319944550443320E-003   8.6513498272220005E-002
   3000.0000000000000        5.7515098105453731E-003   6.0346586029848374E-003   6.9637582786148580E-002
