         200   4370.0000000000000     
   3.0000000000000000        9.1998705425593767E-004   3.0227337761235019E-003   1.5383883102514373E-003
   3.1059655287322618        9.4781448416709894E-004   3.0227337761235019E-003   1.5589682373634412E-003
   3.2156739552243598        9.7556597586238056E-004   3.0227337761235019E-003   1.5796098049105686E-003
   3.3292574962321346        1.0031919671642082E-003   3.0227337761235019E-003   1.6002545743264238E-003
   3.4468529954360925        1.0306434679033878E-003   3.0227337761235019E-003   1.6208443608498250E-003
   3.5686022069563790        1.0578722400340144E-003   3.0227337761235019E-003   1.6413215531973096E-003
   3.6946518254059528        1.0848309229082584E-003   3.0227337761235019E-003   1.6616294004688234E-003
   3.8251536998800524        1.1114732117670373E-003   3.0227337761235019E-003   1.6817123470512197E-003
   3.9602651907155879        1.1377540713953152E-003   3.0227337761235019E-003   1.7015164014337844E-003
   4.1001490688558144        1.1636298682355833E-003   3.0227337761235019E-003   1.7209894490684257E-003
   4.2449739038313119        1.1890586125537291E-003   3.0227337761235019E-003   1.7400816509268858E-003
   4.3949142193596993        1.2140001599151887E-003   3.0227337761235019E-003   1.7587458101235537E-003
   4.5501507036585132        1.2384164280162865E-003   3.0227337761235019E-003   1.7769377437903103E-003
   4.7108703059600501        1.2622715970056224E-003   3.0227337761235019E-003   1.7946166305216067E-003
   4.8772669425686850        1.2855323933830571E-003   3.0227337761235019E-003   1.8117454008924499E-003
   5.0495410155906377        1.3081681876324061E-003   3.0227337761235019E-003   1.8282909645971324E-003
   5.2279001269311909        1.3301512537201524E-003   3.0227337761235019E-003   1.8442245259517080E-003
   5.4125592113782046        1.3514569186000658E-003   3.0227337761235019E-003   1.8595217805831557E-003
   5.6037407956130689        1.3720637037471673E-003   3.0227337761235019E-003   1.8741630648183103E-003
   5.8016752663703963        1.3919534365961907E-003   3.0227337761235019E-003   1.8881334386466569E-003
   6.0066011480696169        1.4111113285614418E-003   3.0227337761235019E-003   1.9014226988852531E-003
   6.2187653902530293        1.4295260173398361E-003   3.0227337761235019E-003   1.9140253218035777E-003
   6.4384236651766908        1.4471895722829029E-003   3.0227337761235019E-003   1.9259403370931211E-003
   6.6658406759127811        1.4640974627102622E-003   3.0227337761235019E-003   1.9371711375229732E-003
   6.9012904753346884        1.4802484900750524E-003   3.0227337761235019E-003   1.9477252307675710E-003
   7.1450567963692624        1.4956446858385402E-003   3.0227337761235019E-003   1.9576139416173201E-003
   7.3974330131920443        1.5102911565695648E-003   3.0227337761235019E-003   1.9668520607969055E-003
   7.6587243988323896        1.5241960277692910E-003   3.0227337761235019E-003   1.9754575431250136E-003
   7.9292442763577622        1.5373700268563593E-003   3.0227337761235019E-003   1.9834509763076804E-003
   8.2093202460023029        1.5498265832451189E-003   3.0227337761235019E-003   1.9908553731899955E-003
   8.4992881560440416        1.5615812933487000E-003   3.0227337761235019E-003   1.9976955848376773E-003
   8.7994991583321234        1.5726519827307067E-003   3.0227337761235019E-003   2.0039980881684212E-003
   9.1103132457223861        1.5830581865549423E-003   3.0227337761235019E-003   2.0097904509564723E-003
   9.4321068148357909        1.5928211693509657E-003   3.0227337761235019E-003   2.0151011314483765E-003
   9.7652657388916850        1.6019634359844034E-003   3.0227337761235019E-003   2.0199590170929690E-003
   10.110193474162946        1.6105087265575941E-003   3.0227337761235019E-003   2.0243932576537865E-003
   10.467303634806061        1.6184815702736284E-003   3.0227337761235019E-003   2.0284328886177915E-003
   10.837027566606025        1.6259072492377303E-003   3.0227337761235019E-003   2.0321066987738150E-003
   11.219811965471335        1.6328115104368539E-003   3.0227337761235019E-003   2.0354429915612118E-003
   11.616115840724994        1.6392203222294920E-003   3.0227337761235019E-003   2.0384693984484958E-003
   12.026419117330413        1.6451598415169655E-003   3.0227337761235019E-003   2.0412128151182478E-003
   12.451213803399156        1.6506561069164747E-003   3.0227337761235019E-003   2.0436992275950768E-003
   12.891014326336300        1.6557350444218722E-003   3.0227337761235019E-003   2.0459537027967150E-003
   13.346348065368609        1.6604222202510101E-003   3.0227337761235019E-003   2.0480002786663139E-003
   13.817766430769083        1.6647428644271211E-003   3.0227337761235019E-003   2.0498619892606084E-003
   14.305834715756038        1.6687216806902170E-003   3.0227337761235019E-003   2.0515608064331733E-003
   14.811143972217785        1.6723828886770367E-003   3.0227337761235019E-003   2.0531176916814822E-003
   15.334300133051286        1.6757500852561857E-003   3.0227337761235019E-003   2.0545525774360745E-003
   15.875936741648431        1.6788463030177146E-003   3.0227337761235019E-003   2.0558844384874451E-003
   16.436703292225193        1.6816939149612365E-003   3.0227337761235019E-003   2.0571313022586198E-003
   17.017278874447534        1.6843147049451952E-003   3.0227337761235019E-003   2.0583103338001024E-003
   17.618359675531394        1.6867298065930789E-003   3.0227337761235019E-003   2.0594378661278299E-003
   18.240671728221173        1.6889597746916854E-003   3.0227337761235019E-003   2.0605294910313091E-003
   18.884968846184627        1.6910245879248388E-003   3.0227337761235019E-003   2.0616001216115622E-003
   19.552019805756849        1.6929436382099336E-003   3.0227337761235019E-003   2.0626640446198266E-003
   20.242632201214423        1.6947358396488504E-003   3.0226889654398964E-003   2.0637349390266674E-003
   20.957638264717446        1.6964196211707886E-003   3.0225766807814103E-003   2.0648260247850018E-003
   21.697899624358065        1.6980129894439170E-003   3.0224855073526101E-003   2.0659504228158552E-003
   22.464312967141105        1.6995335969142531E-003   3.0224114755251579E-003   2.0671208008750590E-003
   23.257792778673313        1.7009987758184980E-003   3.0223513632061934E-003   2.0683496075204226E-003
   24.079299719823517        1.7024256735100884E-003   3.0223025529207367E-003   2.0696492025675272E-003
   24.929823759061236        1.7038313100339493E-003   3.0222629197139764E-003   2.0710319208668126E-003
   25.810395145829254        1.7052327023217432E-003   3.0222307379833679E-003   2.0725101813763741E-003
   26.722064579292049        1.7066469494133895E-003   3.0222046070810015E-003   2.0740965462878215E-003
   27.665935811728254        1.7080914102706652E-003   3.0221833891871368E-003   2.0758038690311905E-003
   28.643146268414043        1.7095838050457813E-003   3.0221661605811852E-003   2.0776453550542849E-003
   29.654879655490589        1.7111423690747711E-003   3.0221521711414996E-003   2.0796346760520818E-003
   30.702343174827575        1.7107181301248195E-003   2.7798135201313411E-003   2.0787687043636290E-003
   31.786804983723918        1.7095199328942699E-003   2.4739241528747014E-003   2.0768013989836140E-003
   32.909571928103169        1.7085977617815886E-003   2.2255466556964981E-003   2.0752542794171026E-003
   34.072004028335677        1.7079368826349748E-003   2.0238668433193866E-003   2.0740938442507257E-003
   35.275488300232773        1.7075270757414718E-003   1.8601069899224587E-003   2.0732922821853454E-003
   36.521481794408061        1.7073620982263507E-003   1.7271364885618398E-003   2.0728268395570019E-003
   37.811486012809581        1.7074392163999134E-003   1.6191664710921922E-003   2.0726793061194440E-003
   39.147055493126302        1.7077587361061725E-003   1.5314964649396131E-003   2.0728355042422971E-003
   40.529808025860810        1.7083235550134049E-003   1.4603093783765037E-003   2.0732848240632355E-003
   41.961393513511240        1.7091387051681032E-003   1.4025069304174063E-003   2.0740197705696249E-003
   43.443545167355794        1.7102109379497396E-003   1.3555722249596351E-003   2.0750355603013602E-003
   44.978049075047366        1.7115482847091183E-003   1.3174619605298957E-003   2.0763297073876212E-003
   46.566763998623138        1.7131596514151637E-003   1.2865168424449111E-003   2.0779016379080919E-003
   48.211585595230147        1.7150543717036710E-003   1.2613900439755038E-003   2.0797522536165607E-003
   49.914505239722644        1.7172418706323791E-003   1.2409874671487763E-003   2.0818835835890483E-003
   51.677575059319224        1.7197312503739852E-003   1.2244208861863317E-003   2.0842983304172509E-003
   53.502930680545909        1.7225309559975143E-003   1.2109690035552768E-003   2.0869994572136523E-003
   55.392750120602578        1.7256483648162577E-003   1.2000463519442415E-003   2.0899896581713980E-003
   57.349321371645829        1.7290895617470339E-003   1.1911773255572533E-003   2.0932709625493769E-003
   59.375002227322796        1.7328589683856114E-003   1.1839758115060660E-003   2.0968441514160308E-003
   61.472246417894510        1.7369590948101874E-003   1.1781282608254481E-003   2.1007082502195605E-003
   63.643556378429672        1.7413901681816732E-003   1.1733801701221578E-003   2.1048598713592002E-003
   65.891560899834928        1.7461500241431546E-003   1.1695247929449943E-003   2.1092927830315641E-003
   68.218968971510208        1.7512337768000022E-003   1.1663942855248436E-003   2.1139972644965382E-003
   70.628585269218178        1.7533556647053223E-003   1.1629156004287816E-003   2.1143247461265784E-003
   73.123328588587739        1.7469150709021589E-003   1.1576552678338290E-003   2.1023364884999837E-003
   75.706175661273647        1.7415858253513438E-003   1.1533839861204284E-003   2.0917393624704855E-003
   78.380253523498894        1.7372275671957164E-003   1.1499157705651400E-003   2.0823798430113414E-003
   81.148784610322849        1.7337170271897679E-003   1.1470996324723936E-003   2.0741206612321238E-003
   84.015122474940881        1.7309458987976914E-003   1.1448129591278820E-003   2.0668388084181485E-003
   86.982687236203873        1.7288191132665293E-003   1.1429562274736375E-003   2.0604240973274711E-003
   90.055071705548812        1.7272532022528948E-003   1.1414485897111692E-003   2.0547775370742612E-003
   93.235978303002270        1.7261750393405603E-003   1.1402244108603252E-003   2.0498103454570284E-003
   96.529260096906100        1.7255206718076034E-003   1.1392303910165028E-003   2.0454428806544714E-003
   99.938826062156153        1.7252343410370603E-003   1.1384232716839986E-003   2.0416039019474407E-003
   103.46886588546354        1.7252675924055699E-003   1.1377678953040352E-003   2.0382295596390303E-003
   107.12359379692580        1.7255785467389102E-003   1.1372357403443558E-003   2.0352630402113337E-003
   110.90736836557576        1.7261312082492888E-003   1.1368036437835933E-003   2.0326538214884096E-003
   114.82483910697920        1.7268949041355181E-003   1.1364527837950144E-003   2.0303570715565432E-003
   118.88068277378797        1.7278437069640929E-003   1.1361678911916428E-003   2.0283333466680955E-003
   123.07973629915718        1.7289559512138587E-003   1.1359365655000137E-003   2.0265480291038096E-003
   127.42715949490271        1.7302138235365271E-003   1.1357487303333023E-003   2.0249708476253302E-003
   131.92808807993632        1.7316028321068913E-003   1.1355962128606217E-003   2.0235756068948023E-003
   136.58805281121437        1.7331115098844889E-003   1.1354723695265574E-003   2.0223396380129590E-003
   141.41261684513370        1.7347309019810587E-003   1.1353718107538239E-003   2.0212435342932891E-003
   146.40753387824964        1.7364542190172229E-003   1.1352901595372727E-003   2.0202707213651532E-003
   151.57894168226974        1.6684660929028444E-003   1.1068277466582978E-003   1.9450501345599147E-003
   156.93294936957258        1.4677865777898375E-003   1.0244387913889961E-003   1.7287047892510072E-003
   162.47613596373097        1.3050515282184477E-003   9.5753942090102571E-004   1.5530004089771522E-003
   168.21511902855468        1.1731753574029729E-003   9.0321822030116382E-004   1.4102975632763882E-003
   174.15674278185460        1.0663927877958205E-003   8.5911075962860509E-004   1.2943925620565366E-003
   180.30830831190286        9.8001064705199393E-004   8.2329574846391133E-004   1.2002448679230169E-003
   186.67715947709803        9.1021502266025098E-004   7.9421454199257214E-004   1.1237657911280779E-003
   193.27089166569760        8.5390342979086559E-004   7.7060132732535908E-004   1.0616351915045696E-003
   200.09760727912413        8.0855088239257633E-004   7.5142752919585981E-004   1.0111554988308908E-003
   207.16537088595135        7.7210611246257283E-004   7.3585888311290316E-004   9.7013900452229754E-004
   214.48286737908427        7.4289913709701591E-004   7.2321722964254040E-004   9.3680752632834094E-004
   222.05883252794877        7.1957293143865139E-004   7.1295241266341525E-004   9.0971863107463375E-004
   229.90230130529540        7.0102352636034902E-004   7.0461763717579839E-004   8.8770093076963232E-004
   238.02291179328489        6.8635224794507928E-004   6.9784984613563070E-004   8.6980256407437968E-004
   246.43025707061713        6.7482857646481266E-004   6.9235456853042820E-004   8.5525143975100537E-004
   255.13466811288930        6.6585735768244102E-004   6.8789243387605353E-004   8.4341983807372336E-004
   264.14653641505117        6.5895437217218902E-004   6.8426925312119928E-004   8.3379840328370435E-004
   273.47660938458705        6.5372510540175511E-004   6.8132732067328742E-004   8.2597333035083331E-004
   283.13635184814427        6.4984785394751280E-004   6.7893848799370948E-004   8.1960820669221130E-004
   293.13729579387660        6.4706043613323291E-004   6.7699879471647562E-004   8.1442995444483673E-004
   303.49136818478553        6.4514886432345028E-004   6.7542381213144920E-004   8.1021663166373759E-004
   314.21129214162710        6.4393834454235801E-004   6.7414493508872770E-004   8.0678772412201821E-004
   325.30973137660959        6.4328612221140893E-004   6.7310651881213434E-004   8.0399666225928318E-004
   336.80032369109853        6.4307544694649197E-004   6.7226333060831219E-004   8.0172414944470419E-004
   348.69678677735646        6.4321085118004937E-004   6.7157867550275230E-004   7.9987326924374090E-004
   361.01330816366544        6.4361422240402828E-004   6.7102275262532389E-004   7.9836518740191006E-004
   373.76502243504467        6.4258456204783327E-004   6.6837784375794996E-004   7.9421151653743681E-004
   386.96715283564077        6.3654291832700258E-004   6.5895897057530444E-004   7.8114555824504797E-004
   400.63544401132759        6.3182468530813122E-004   6.5131108036124946E-004   7.7053901044897371E-004
   414.78669160661980        6.2817487833942995E-004   6.4510103631822016E-004   7.6192856789108533E-004
   429.43761284149554        6.2538508589664863E-004   6.4005863537019243E-004   7.5493855726256902E-004
   444.60621081975989        6.2328479691815364E-004   6.3596423402636701E-004   7.4926368663033778E-004
   460.31059410826708        6.2173484197610134E-004   6.3263964673784855E-004   7.4465635607568110E-004
   476.56949149896485        6.2062167235055351E-004   6.2994016474073576E-004   7.4091553971970911E-004
   493.40288198244309        6.1985276173343832E-004   6.2774820047003827E-004   7.3787793480934274E-004
   510.83065126063684        6.1935292164168906E-004   6.2596838012737648E-004   7.3541112816108683E-004
   528.87421463804299        6.1906113064928963E-004   6.2452317597207804E-004   7.3340751841760327E-004
   547.55511287104378        6.1892804227518469E-004   6.2334969370677338E-004   7.3177984493344103E-004
   566.89562449487210        6.1891386845215428E-004   6.2239685536197894E-004   7.3045726913433960E-004
   586.91951519858117        6.1898666820535864E-004   6.2162315595973132E-004   7.2938225419252704E-004
   607.65068989177485        6.1912093282479204E-004   6.2099492463069486E-004   7.2850814653347470E-004
   629.11387223602765        6.1929641649534773E-004   6.2048481645317290E-004   7.2779707879706617E-004
   651.33543626567803        6.1949718561086413E-004   6.2007061146846973E-004   7.2721829981589495E-004
   674.34163286578985        6.1971081190346784E-004   6.1973428734692115E-004   7.2674688552037308E-004
   698.16073213207346        6.1992773820545774E-004   6.1946119404287516E-004   7.2636259128042201E-004
   722.82116976782140        6.1138296154284062E-004   6.1048136995049739E-004   7.0928597717569055E-004
   748.35235540965130        6.0198653164338914E-004   6.0070094480771299E-004   6.9065465055214012E-004
   774.78566186873422        5.9438175943940822E-004   5.9275929433990249E-004   6.7552459030508611E-004
   802.15264573967897        5.8822679816003835E-004   5.8631080334500655E-004   6.6323769278111753E-004
   830.48594444209971        5.8324449072817458E-004   5.8107478941648541E-004   6.5325950737680453E-004
   859.82037403360118        5.7921007374712866E-004   5.7682317541629408E-004   6.4515575915148344E-004
   890.19058800385733        5.7594165682863863E-004   5.7337097083985612E-004   6.3857422183032910E-004
   921.63390537915473        5.7329178473313109E-004   5.7056780004828111E-004   6.3322858346577624E-004
   954.18786380243341        5.7114119961117064E-004   5.6829167096404437E-004   6.2888658025077272E-004
   987.89128659474920        5.6939339246446518E-004   5.6644351089099392E-004   6.2535959052410458E-004
   1022.7855886411724        5.6797026021102536E-004   5.6494281525717159E-004   6.2249434829748950E-004
   1058.9119914466876        5.6680874365590110E-004   5.6372428781448886E-004   6.2016654584649345E-004
   1096.3148872627712        5.6585784971949638E-004   5.6273485035201239E-004   6.1827513874031692E-004
   1135.0389283928459        5.6507645150829990E-004   5.6193144322742937E-004   6.1673815822450352E-004
   1175.1302964981960        5.6443136745341590E-004   5.6127909667101562E-004   6.1548903840651689E-004
   1216.6382559936744        5.6389582985452106E-004   5.6074939491886360E-004   6.1447369158129010E-004
   1259.6123598874483        5.6344829907981021E-004   5.6031928571264981E-004   6.1364824198813553E-004
   1304.1038583964914        5.6307143724030110E-004   5.5997004775972382E-004   6.1297705964222628E-004
   1350.1674228314519        5.6275128980546143E-004   5.5968646849688603E-004   6.1243119470648399E-004
   1397.8574692241625        4.9975120812821409E-004   4.9714685666389484E-004   5.4310516463396596E-004
   1447.2325992722181        4.4296708866537089E-004   4.4078779956239453E-004   4.8053205826691634E-004
   1498.3517579647787        3.9685867389993048E-004   3.9502516197554346E-004   4.2972341766597501E-004
   1551.2759091786245        3.2327465910938477E-004   3.2181558400638170E-004   3.5005616151953642E-004
   1606.0700862978565        2.6246547158414107E-004   2.6130901931453574E-004   2.8423734036803997E-004
   1662.7990190437411        2.1309394423566633E-004   2.1217919719892915E-004   2.3079472558158720E-004
   1721.5324161293761        1.7300820834282991E-004   1.7228605665628137E-004   1.8740010761534153E-004
   1782.3403946248577        1.4046250205807114E-004   1.3989347546801436E-004   1.5216475896180062E-004
   1845.2954731357936        1.1403903894144828E-004   1.1359150708243533E-004   1.2355482259724423E-004
   1910.4750110852074        9.2585771152247916E-005   9.2234455984526530E-005   1.0032393476337235E-004
   1977.9568210713478        7.5168133422309126E-005   7.4892877903167209E-005   8.1460999003864939E-005
   2047.8213808026539        6.1027183174630300E-005   6.0811948822493336E-005   6.6144891359169522E-005
   2120.1545400970977        4.9546260917646832E-005   4.9378313230152130E-005   5.3708391550931470E-005
   2195.0417479108573        4.0225241999753212E-005   4.0094486166969170E-005   4.3610332791915781E-005
   2272.5750259096239        3.2657621751570757E-005   3.2556070559973891E-005   3.5410815540704536E-005
   2352.8469348264384        2.6513656956913300E-005   2.6434999712732706E-005   2.8752976212595083E-005
   2435.9532056335870        2.1525584607474939E-005   2.1464842781603643E-005   2.3347000832838076E-005
   2521.9959596104222        1.7475851037602709E-005   1.7429103175097726E-005   1.8957394890092419E-005
   2611.0779162676686        1.4187987185022977E-005   1.4152148263044775E-005   1.5393115853922775E-005
   2703.3053132971791        1.1518696144737300E-005   1.1491342568159182E-005   1.2499015177211430E-005
   2798.7914800504532        9.3515525365665686E-006   9.3307832383701679E-006   1.0149023436711085E-005
   2897.6492167059700        7.5921372524829220E-006   7.5764629248083413E-006   8.2408883092075510E-006
   3000.0000000000000        6.1637087123282788E-006   6.1519646503984884E-006   6.6914913918749385E-006
