         200   4370.0000000000000     
   3.0000000000000000        1.6421818449597837E-003   1.9436365590437199        7.9552921084060800E-004
   3.1059655287322618        1.7591887070505449E-003   1.9436365590437199        8.4817714565194220E-004
   3.2156739552243598        1.8843643960516970E-003   1.9436365590437199        9.0449509347485877E-004
   3.3292574962321346        2.0182339780676082E-003   1.9436365590437199        9.6474155995542618E-004
   3.4468529954360925        2.1613536727296905E-003   1.9436365590437199        1.0291929067655825E-003
   3.5686022069563790        2.3143140333320377E-003   1.9436365590437199        1.0981445699605118E-003
   3.6946518254059528        2.4777434384161824E-003   1.9436365590437199        1.1719122069779704E-003
   3.8251536998800524        2.6523124967263180E-003   1.9436365590437199        1.2508330132786349E-003
   3.9602651907155879        2.8387394348729977E-003   1.9436365590437199        1.3352672140509185E-003
   4.1001490688558144        3.0377957141348366E-003   1.9436365590437199        1.4255993672900756E-003
   4.2449739038313119        3.2503132083684799E-003   1.9436365590437199        1.5222400625614350E-003
   4.3949142193596993        3.4771920413776275E-003   1.9436365590437199        1.6256275951886336E-003
   4.5501507036585132        3.7194095144057891E-003   1.9436365590437199        1.7362298026119655E-003
   4.7108703059600501        3.9780299089819029E-003   1.9436365590437199        1.8545459612581633E-003
   4.8772669425686850        4.2542163831661073E-003   1.9436365590437199        1.9811093012519609E-003
   5.0495410155906377        4.5492420995717868E-003   1.9436365590437199        2.1164888312112935E-003
   5.2279001269311909        4.8645044632944015E-003   1.9436365590437199        2.2612922493496852E-003
   5.4125592113782046        5.2015396837861065E-003   1.9436365590437199        2.4161686668089902E-003
   5.6037407956130689        5.5620388557241279E-003   1.9436365590437199        2.5818116852262597E-003
   5.8016752663703963        5.9478654636057416E-003   1.9436365590437199        2.7589627733877391E-003
   6.0066011480696169        6.3610744267397447E-003   1.9436365590437199        2.9484149744323312E-003
   6.2187653902530293        6.8039328347412912E-003   1.9436365590437199        3.1510169768314686E-003
   6.4384236651766908        7.2789425647080451E-003   1.9436365590437199        3.3676775841208866E-003
   6.6658406759127811        7.7888650207141742E-003   1.9436365590437199        3.5993706201498583E-003
   6.9012904753346884        8.3367482950350968E-003   1.9436365590437199        3.8471403085190464E-003
   7.1450567963692624        8.9259571197222564E-003   1.9436365590437199        4.1121071669886064E-003
   7.3974330131920443        9.5602050822648343E-003   1.9436365590437199        4.3954740256459601E-003
   7.6587243988323896        1.0243596478689759E-002   1.9436365590437199        4.6985352557099309E-003
   7.9292442763577622        1.0980656828689149E-002   1.9436365590437199        5.0226796388521330E-003
   8.2093202460023029        1.1776394919301396E-002   1.9436365590437199        5.3694056133560862E-003
   8.4992881560440416        1.2636337966217333E-002   1.9436365590437199        5.7403227462482255E-003
   8.7994991583321234        1.3566610424323215E-002   1.9436365590437199        6.1371699922112668E-003
   9.1103132457223861        1.4573981667784092E-002   1.9436365590437199        6.5618177810211759E-003
   9.4321068148357909        1.5665965902731293E-002   1.9436365590437199        7.0162893457566067E-003
   9.7652657388916850        1.6850886845927646E-002   1.9436365590437199        7.5027635732881912E-003
   10.110193474162946        1.8138004699085157E-002   1.9436365590437199        8.0235999291756351E-003
   10.467303634806061        1.9537602382324843E-002   1.9436365590437199        8.5813422672920744E-003
   10.837027566606025        2.1061140499795281E-002   1.9436365590437199        9.1787461602354653E-003
   11.219811965471335        2.2721391717355523E-002   1.9436365590437199        9.8187930930645709E-003
   11.616115840724994        2.4532583767279532E-002   1.9436365590437199        1.0504704209871839E-002
   12.026419117330413        2.6510609167583951E-002   1.9436365590437199        1.1239975753159806E-002
   12.451213803399156        2.8673169470376028E-002   1.9436365590437199        1.2028386572642635E-002
   12.891014326336300        3.1040021025569308E-002   1.9436365590437199        1.2874041667326188E-002
   13.346348065368609        3.3633130277102768E-002   1.9436365590437199        1.3781381906436923E-002
   13.817766430769083        3.6476941955002444E-002   1.9436365590437199        1.4755235299503693E-002
   14.305834715756038        3.9598530188773497E-002   1.9436365590437199        1.5800829467725250E-002
   14.811143972217785        4.3027877032198146E-002   1.9436365590437199        1.6923852061575029E-002
   15.334300133051286        4.6798003380124666E-002   1.9436365590437199        1.8130466579842758E-002
   15.875936741648431        5.0945248577445021E-002   1.9436365590437199        1.9427383550267015E-002
   16.436703292225193        5.5509369180804138E-002   1.9436365590437199        2.0821880323852095E-002
   17.017278874447534        6.0533816477850444E-002   1.9436365590437199        2.2321884827053266E-002
   17.618359675531394        6.6065794869057587E-002   1.9436365590437199        2.3935999956367873E-002
   18.240671728221173        7.2156516212946845E-002   1.9436365590437199        2.5673596558480682E-002
   18.884968846184627        7.8861317888948221E-002   1.9436365590437199        2.7544875498114699E-002
   19.552019805756849        8.6239620313559834E-002   1.9436365590437199        2.9560900510193059E-002
   20.242632201214423        9.4355227094561442E-002   1.9435888895811630        3.1733734725480515E-002
   20.957638264717446       0.10327616589648175        1.9434579139376313        3.4076490962155342E-002
   21.697899624358065       0.11307462611024847        1.9433357227658947        3.6603465828661357E-002
   22.464312967141105       0.12382679241077008        1.9432217262428881        3.9330211447923709E-002
   23.257792778673313       0.13561217580706750        1.9431153760633146        4.2273593825515154E-002
   24.079299719823517       0.14851336768290876        1.9430161587378172        4.5452004520497358E-002
   24.929823759061236       0.16261490105439813        1.9429235958693920        4.8885419492737371E-002
   25.810395145829254       0.17800221933417379        1.9428372406523167        5.2595567019599242E-002
   26.722064579292049       0.19475979608709929        1.9427566777316168        5.6605974332435659E-002
   27.665935811728254       0.21296984896675228        1.9426815181262624        6.0942241633337738E-002
   28.643146268414043       0.23270984277177553        1.9426113994385592        6.5632102731154399E-002
   29.654879655490589       0.25405030472818257        1.9425459832019989        7.0705627127027854E-002
   30.702343174827575       0.27701232209476412        1.9374662609850475        7.6177946457164553E-002
   31.786804983723918       0.30166056328800789        1.9303036808449541        8.2091194069577919E-002
   32.909571928103169       0.32804710920205166        1.9236214914211969        8.8491384581767585E-002
   34.072004028335677       0.35618765658068446        1.9173874374420568        9.5419090118659136E-002
   35.275488300232773       0.38607768055479058        1.9115715340911026       0.10291771853895126     
   36.521481794408061       0.41769172102910873        1.9061457005086158       0.11103383973531493     
   37.811486012809581       0.45098161979343793        1.9010837749076757       0.11981707032483790     
   39.147055493126302       0.48587631042308616        1.8963613501594860       0.12932011531153487     
   40.529808025860810       0.52228249884546463        1.8919556308771244       0.13959878099382705     
   41.961393513511240       0.56008514741621318        1.8878454262456992       0.15071161443163297     
   43.443545167355794       0.59915105000139290        1.8840108910111195       0.16272008659387244     
   44.978049075047366       0.63933116013595315        1.8804335361629632       0.17568809498216184     
   46.566763998623138       0.68046507853757865        1.8770960936255434       0.18968176957488334     
   48.211585595230147       0.72238484784661050        1.8739825108266228       0.20476871572080541     
   49.914505239722644       0.76492180609327909        1.8710777544899342       0.22101801702733373     
   51.677575059319224       0.80791145081230864        1.8683678187276871       0.23849935125545771     
   53.502930680545909       0.85120003306597680        1.8658396225407057       0.25728258078622562     
   55.392750120602578       0.89464968263590894        1.8634810057040545       0.27743667405749212     
   57.349321371645829       0.93814595457000693        1.8612805801350201       0.29902976054583719     
   59.375002227322796       0.98160245335290175        1.8592277360233187       0.32212813279638092     
   61.472246417894510        1.0249664452336151        1.8573125641849391       0.34679604108644546     
   63.643556378429672        1.0682221983021496        1.8555258529453946       0.37309477854553408     
   65.891560899834928        1.1113960027841738        1.8538589755472052       0.40108342683472781     
   68.218968971510208        1.1545575929603069        1.8523038947937656       0.43081837810362372     
   70.628585269218178        1.1969571215247836        1.8505972983439776       0.46194262227144484     
   73.123328588587739        1.2369843109546144        1.8482927459033229       0.49365411106247714     
   75.706175661273647        1.2772370483099031        1.8461427718564349       0.52713505848135678     
   78.380253523498894        1.3179402045522639        1.8441369955081761       0.56242821952273570     
   81.148784610322849        1.3593536600370906        1.8422657455900473       0.59957789734955447     
   84.015122474940881        1.4017681586721773        1.8405199894825395       0.63863204060209400     
   86.982687236203873        1.4454987880582766        1.8388913303741017       0.67964306926688478     
   90.055071705548812        1.4908802122327296        1.8373719046285637       0.72267102106840531     
   93.235978303002270        1.5382587349392207        1.8359543860181695       0.76778429008008919     
   96.529260096906100        1.5879853411451621        1.8346319321077516       0.81506159376971399     
   99.938826062156153        1.6404061927051468        1.8333981891684741       0.86459170444383460     
   103.46886588546354        1.6958576060669059        1.8322471791015560       0.91647743444856089     
   107.12359379692580        1.7546533646154188        1.8311733671540904       0.97083222115084844     
   110.90736836557576        1.8170775242567851        1.8301715871314781        1.0277816430637166     
   114.82483910697920        1.8833778692278123        1.8292369849107328        1.0874649388636228     
   118.88068277378797        1.9537526311926974        1.8283650663588387        1.1500297608553394     
   123.07973629915718        2.0283439507485976        1.8275516366063620        1.2156322717087027     
   127.42715949490271        2.1072327387103575        1.8267927541811548        1.2844372611815507     
   131.92808807993632        2.1904251455971835        1.8260847780267795        1.3566096283068447     
   136.58805281121437        2.2778539207512241        1.8254242776462783        1.4323173439797623     
   141.41261684513370        2.3693668795237275        1.8248080769541537        1.5117214005150641     
   146.40753387824964        2.4647265508372862        1.8242332113598989        1.5949734850256050     
   151.57894168226974        2.5636125937921008        1.8236968953534953        1.6822139724581402     
   156.93294936957258        2.6656146831318668        1.8231965557341727        1.7735593700746153     
   162.47613596373097        2.7702449971554506        1.8227297681073507        1.8691048773256813     
   168.21511902855468        2.8769352323194437        1.8222942878756738        1.9689112082476774     
   174.15674278185460        2.9218958478291399        1.8080098809325409        2.0277214301498176     
   180.30830831190286        2.9395905048449671        1.7888269866637609        2.0693090165570163     
   186.67715947709803        2.9569125390340618        1.7709306870182275        2.1130169501594374     
   193.27089166569760        2.9733300861970857        1.7542348814761308        2.1586937236551744     
   200.09760727912413        2.9883972284357121        1.7386586705470146        2.2061886857284394     
   207.16537088595135        3.0017439699812281        1.7241273208319221        2.2553532647112324     
   214.48286737908427        3.0130683636463567        1.7105704207065382        2.3060506111941348     
   222.05883252794877        3.0221261559487083        1.6979227803917314        2.3581565722181761     
   229.90230130529540        3.0287228125690659        1.6861235510848471        2.4115660059841826     
   238.02291179328489        3.0327060941016248        1.6751155596452187        2.4661988105833452     
   246.43025707061713        3.0339593298252128        1.6648459906211563        2.5219987191349280     
   255.13466811288930        3.0323969222735441        1.6552650828376656        2.5789408035645232     
   264.14653641505117        3.0279606580550755        1.6463267654926825        2.6370281529497941     
   273.47660938458705        3.0206176238917295        1.6379880356311356        2.6962939841282791     
   283.13635184814427        3.0103585124552796        1.6302084879551104        2.7568029275373722     
   293.13729579387660        2.9971975908749955        1.6229507136919525        2.8186449276152379     
   303.49136818478553        2.9811724668606745        1.6161797951129024        2.8819345168012389     
   314.21129214162710        2.9623433698519621        1.6098629237463029        2.9468096442009437     
   325.30973137660959        2.9407944395337715        1.6039697917547679        3.0134223125870059     
   336.80032369109853        2.9166314757921681        1.5984718439796930        3.0819402885701659     
   348.69678677735646        2.8899826859774866        1.5933426429613473        3.1525369389584701     
   361.01330816366544        2.8609965158477992        1.5885575117060124        3.2253887273049515     
   373.76502243504467        2.8207126539791112        1.5724615007808929        3.2902312628737729     
   386.96715283564077        2.7449498690918457        1.5161528266330404        3.3171884585012390     
   400.63544401132759        2.6676119993177543        1.4636213708278398        3.3436358961638644     
   414.78669160661980        2.5890862290445802        1.4146125923072470        3.3700448943240584     
   429.43761284149554        2.5097592389017001        1.3688913509197957        3.3969057407587093     
   444.60621081975989        2.4300043120149724        1.3262361044870028        3.4247158008153384     
   460.31059410826708        2.3501830109132351        1.2864417407731954        3.4539643318418962     
   476.56949149896485        2.2706381963615105        1.2493168059320918        3.4851222994561208     
   493.40288198244309        2.1916878481764259        1.2146814111704110        3.5186346188816460     
   510.83065126063684        2.1136291695545770        1.1823693786682501        3.5549106870285843     
   528.87421463804299        2.0367294893830574        1.1522241405404345        3.5943227679131975     
   547.55511287104378        1.9612319578847510        1.1241007402410672        3.6371999894179567     
   566.89562449487210        1.8873526130466260        1.0978638738563433        3.6838278214798641     
   586.91951519858117        1.8152783637879126        1.0733864107056637        3.7344494114192690     
   607.65068989177485        1.7451732827504385        1.0505506483348086        3.7892625709871299     
   629.11387223602765        1.6771772675391143        1.0292467220762607        3.8484220430134370     
   651.33543626567803        1.6114053577829015        1.0093714038003694        3.9120429506851084     
   674.34163286578985        1.5479550690309851       0.99082933333920242        3.9801969711332714     
   698.16073213207346        1.4869019356385262       0.97353066512954733        4.0529195389648223     
   722.82116976782140        1.4260424208302984       0.95509559492427831        4.1250623444673531     
   748.35235540965130        1.3671407836217626       0.93719695592678576        4.2004353907888863     
   774.78566186873422        1.3109528287989083       0.92049857167295634        4.2806153167292251     
   802.15264573967897        1.2574854030511708       0.90492014622705530        4.3654711976937328     
   830.48594444209971        1.2067342071741041       0.89038673054624529        4.4548369600552782     
   859.82037403360118        1.1586831143956255       0.87682790299557423        4.5485139014205735     
   890.19058800385733        1.1133091508402273       0.86417860941820523        4.6462619245700481     
   921.63390537915473        1.0705786714792642       0.85237755768886247        4.7478069240060883     
   954.18786380243341        1.0304518587780955       0.84136800120996214        4.8528310878295668     
   987.89128659474920       0.99288155982664095       0.83109697213036882        4.9609743464537503     
   1022.7855886411724       0.95781263826346219       0.82151470220038536        5.0718365119037383     
   1058.9119914466876       0.92518554617211968       0.81257521646469411        5.1849663929755083     
   1096.3148872627712       0.89493350823989493       0.80423519866406168        5.2998706714409547     
   1135.0389283928459       0.86698581589897972       0.79645454494633361        5.4160033411614261     
   1175.1302964981960       0.84126705806116464       0.78919582196814009        5.5327690225878330     
   1216.6382559936744       0.81769684716133872       0.78242385760264355        5.6495273650836246     
   1259.6123598874483       0.79619216920630698       0.77610608814743431        5.7655860052322909     
   1304.1038583964914       0.77666687985646032       0.77021211831159075        5.8802074266158746     
   1350.1674228314519       0.75903163833500187       0.76471338887673401        5.9926173510678034     
   1397.8574692241625       0.71113660525859812       0.72087065919895654        5.8426210472138314     
   1447.2325992722181       0.66267281712094861       0.67379238281449361        5.6679824018173433     
   1498.3517579647787       0.61797184149853190       0.62987164128474005        5.4984665044247114     
   1551.2759091786245       0.57186561791917800       0.58766560321431582        5.2237476348684746     
   1606.0700862978565       0.52968448965407300       0.54825093539788294        4.9523127750778126     
   1662.7990190437411       0.49117813215616901       0.51148022623433997        4.6879768825548309     
   1721.5324161293761       0.45596627425483838       0.47717530333016905        4.4309329585776016     
   1782.3403946248577       0.42371214252954253       0.44517120785802816        4.1814033085251436     
   1845.2954731357936       0.39411635646148790       0.41531396557124339        3.9396237695136338     
   1910.4750110852074       0.36691193406940209       0.38745890326543475        3.7058284174603755     
   1977.9568210713478       0.34186272210522234       0.36147207694584732        3.4802587110017469     
   2047.8213808026539       0.31875894030599372       0.33722846192588968        3.2631456752670740     
   2120.1545400970977       0.29741353164900008       0.31461058582023699        3.0546935112047535     
   2195.0417479108573       0.27766139388070094       0.29350992989053454        2.8550883848480546     
   2272.5750259096239       0.25935498622906222       0.27382425095308455        2.6644702890279919     
   2352.8469348264384       0.24236390675180228       0.25545888835168878        2.4829425982487154     
   2435.9532056335870       0.22657223063922641       0.23832548486737901        2.3105587085600816     
   2521.9959596104222       0.21187633051402788       0.22234102062979424        2.1473124367909504     
   2611.0779162676686       0.19818449073048389       0.20742863266262973        1.9931483443807381     
   2703.3053132971791       0.18541494690536425       0.19351657628228991        1.8479552224561291     
   2798.7914800504532       0.17349428777197051       0.18053744064899685        1.7115634603187340     
   2897.6492167059700       0.16235742618192042       0.16842895292080504        1.5837606190967237     
   3000.0000000000000       0.15194552093602509       0.15713244144602709        1.4642836672275772     
