         200   4370.0000000000000     
   3.0000000000000000        5.9786215165142896E-003  0.12465146367577036        5.4602985155400331E-003
   3.1059655287322618        6.4507446020736093E-003  0.12465146367577036        5.9389832128529593E-003
   3.2156739552243598        6.9606140301970397E-003  0.12465146367577036        6.4622429628233505E-003
   3.3292574962321346        7.5107803127270056E-003  0.12465146367577036        7.0342709126204918E-003
   3.4468529954360925        8.1038681655826259E-003  0.12465146367577036        7.6596407725873089E-003
   3.5686022069563790        8.7425731857174172E-003  0.12465146367577036        8.3433380917815672E-003
   3.6946518254059528        9.4296589108334057E-003  0.12465146367577036        9.0907916668957912E-003
   3.8251536998800524        1.0167956666646678E-002  0.12465146367577036        9.9079071270102466E-003
   3.9602651907155879        1.0960368318678778E-002  0.12465146367577036        1.0801102523446768E-002
   4.1001490688558144        1.1809868349086792E-002  0.12465146367577036        1.1777341600972388E-002
   4.2449739038313119        1.2719510346041792E-002  0.12465146367577036        1.2844170158054023E-002
   4.3949142193596993        1.3692433361594330E-002  0.12465146367577036        1.4009750334969845E-002
   4.5501507036585132        1.4731869035441726E-002  0.12465146367577036        1.5282893704075319E-002
   4.7108703059600501        1.5841147469169706E-002  0.12465146367577036        1.6673090674345765E-002
   4.8772669425686850        1.7023705823107999E-002  0.12465146367577036        1.8190541172296664E-002
   5.0495410155906377        1.8283085993060128E-002  0.12465146367577036        1.9846169213375960E-002
   5.2279001269311909        1.9622936568626698E-002  0.12465146367577036        2.1651639846675199E-002
   5.4125592113782046        2.1047005665656936E-002  0.12465146367577036        2.3619360737339976E-002
   5.6037407956130689        2.2559128351171100E-002  0.12465146367577036        2.5762471385268167E-002
   5.8016752663703963        2.4163206941647291E-002  0.12465146367577036        2.8094815471435969E-002
   6.0066011480696169        2.5863183513342540E-002  0.12465146367577036        3.0630892255684338E-002
   6.2187653902530293        2.7663004289262813E-002  0.12465146367577036        3.3385782387694712E-002
   6.4384236651766908        2.9566575939222621E-002  0.12465146367577036        3.6375042957616059E-002
   6.6658406759127811        3.1577714223908940E-002  0.12465146367577036        3.9614566155747197E-002
   6.9012904753346884        3.3700085804669294E-002  0.12465146367577036        4.3120395602340482E-002
   7.1450567963692624        3.5937144400776548E-002  0.12465146367577036        4.6908494341171024E-002
   7.3974330131920443        3.8292059199445692E-002  0.12465146367577036        5.0994452492522817E-002
   7.6587243988323896        4.0767662293478432E-002  0.12465146367577036        5.5393173632809461E-002
   7.9292442763577622        4.3366337860275932E-002  0.12465146367577036        6.0118397117983266E-002
   8.2093202460023029        4.6090007894014733E-002  0.12465146367577036        6.5182325862996063E-002
   8.4992881560440416        4.8940003828587521E-002  0.12465146367577036        7.0594980795816734E-002
   8.7994991583321234        5.1917069229813151E-002  0.12465146367577036        7.6363731981319100E-002
   9.1103132457223861        5.5021236450616601E-002  0.12465146367577036        8.2492536439199932E-002
   9.4321068148357909        5.8251848923024777E-002  0.12465146367577036        8.8981414368528092E-002
   9.7652657388916850        6.1607447475173674E-002  0.12465146367577036        9.5825640518113264E-002
   10.110193474162946        6.5085815769855462E-002  0.12465146367577036       0.10301526381778427     
   10.467303634806061        6.8683878751177235E-002  0.12465146367577036       0.11053437814630469     
   10.837027566606025        7.2397761257363386E-002  0.12465146367577036       0.11836081276569953     
   11.219811965471335        7.6222755166842182E-002  0.12465146367577036       0.12646577331534700     
   11.616115840724994        8.0153289417454823E-002  0.12465146367577036       0.13481366944110837     
   12.026419117330413        8.4183024559406031E-002  0.12465146367577036       0.14336243225673426     
   12.451213803399156        8.8304782521492806E-002  0.12465146367577036       0.15206373881441987     
   12.891014326336300        9.2510673323992196E-002  0.12465146367577036       0.16086392627083354     
   13.346348065368609        9.6792036710316054E-002  0.12465146367577036       0.16970478471126735     
   13.817766430769083       0.10113958900805708       0.12465146367577036       0.17852502435312065     
   14.305834715756038       0.10554337663002152       0.12465146367577036       0.18726153831739434     
   14.811143972217785       0.10999294154617410       0.12465146367577036       0.19585122631537669     
   15.334300133051286       0.11447728670971324       0.12465146367577036       0.20423246298085532     
   15.875936741648431       0.11898505812467999       0.12465146367577036       0.21234694234189405     
   16.436703292225193       0.12350452169477602       0.12465146367577036       0.22014099593519487     
   17.017278874447534       0.12802375880554473       0.12465146367577036       0.22756709218215540     
   17.618359675531394       0.13253065296637107       0.12465146367577036       0.23458468506801819     
   18.240671728221173       0.13701308115204475       0.12465146367577036       0.24116108550882867     
   18.884968846184627       0.14145898660251890       0.12465146367577036       0.24727178475753583     
   19.552019805756849       0.14585638853896704       0.12465146367577036       0.25290038277131388     
   20.242632201214423       0.15019364201881943       0.12464993329448998       0.25803854946164057     
   20.957638264717446       0.15445943227754794       0.12464572845008240       0.26268536963114358     
   21.697899624358065       0.15864289850230248       0.12464180562251477       0.26684668387584171     
   22.464312967141105       0.16273375094295900       0.12463814587609687       0.27053424994190206     
   23.257792778673313       0.16672226219560604       0.12463473160802563       0.27376474074758028     
   24.079299719823517       0.17059949419680631       0.12463154633322944       0.27655893046180940     
   24.929823759061236       0.17435727449775740       0.12462857469324241       0.27894068266351535     
   25.810395145829254       0.17798830766959559       0.12462580234380559       0.28093612176805655     
   26.722064579292049       0.18148614669919569       0.12462321595035540       0.28257280960024650     
   27.665935811728254       0.18484536949986013       0.12462080302503795       0.28387913696299033     
   28.643146268414043       0.18806152915984709       0.12461855193343108       0.28488370054764600     
   29.654879655490589       0.19113122029007759       0.12461645180939999       0.28561485059251385     
   30.702343174827575       0.19401109522770982       0.12143084784716965       0.28603703597030566     
   31.786804983723918       0.19671663327563060       0.11692150278595223       0.28620117996697486     
   32.909571928103169       0.19926698226002390       0.11271459727330388       0.28616284770298356     
   34.072004028335677       0.20166253541599566       0.10878982436014394       0.28594618234135416     
   35.275488300232773       0.20390460774106359       0.10512830650774993       0.28557397976099019     
   36.521481794408061       0.20599547777181845       0.10171236485130558       0.28506763007399849     
   37.811486012809581       0.20793827521894315        9.8525528716503871E-002  0.28444710196575268     
   39.147055493126302       0.20973693047237929        9.5552432109037064E-002  0.28373094400147891     
   40.529808025860810       0.21139610922990112        9.2778723738808078E-002  0.28293629677604959     
   41.961393513511240       0.21292109066003104        9.0191062506008376E-002  0.28207893886016322     
   43.443545167355794       0.21431773596125150        8.7776954435469276E-002  0.28117329057116808     
   44.978049075047366       0.21559235224472759        8.5524759402220721E-002  0.28023246746234892     
   46.566763998623138       0.21675160958627313        8.3423605945107976E-002  0.27926830607431447     
   48.211585595230147       0.21780241255501051        8.1463387847382732E-002  0.27829142297218318     
   49.914505239722644       0.21875183972727727        7.9634640610398072E-002  0.27731121590934710     
   51.677575059319224       0.21960701575477073        7.7928546548385408E-002  0.27633592167375215     
   53.502930680545909       0.22037502679271018        7.6336870257639439E-002  0.27537263943790652     
   55.392750120602578       0.22106281211015844        7.4851956026230557E-002  0.27442738818875312     
   57.349321371645829       0.22167710759274023        7.3466634259739733E-002  0.27350510745459433     
   59.375002227322796       0.22222435155347994        7.2174225340678855E-002  0.27260971625752239     
   61.472246417894510       0.22271062612644910        7.0968490744784840E-002  0.27174413982505968     
   63.643556378429672       0.22314159022552760        6.9843631078812293E-002  0.27091036966796112     
   65.891560899834928       0.22352245183193795        6.8794215195686750E-002  0.27010947550588044     
   68.218968971510208       0.22385792250132813        6.7815183118113284E-002  0.26934167269142056     
   70.628585269218178       0.22402743492050037        6.6873425759491317E-002  0.26841226192538059     
   73.123328588587739       0.22378413664471858        6.5915768547932740E-002  0.26693541660603859     
   75.706175661273647       0.22348228803540460        6.5022346417740629E-002  0.26545970147930709     
   78.380253523498894       0.22312571091483438        6.4188845669050615E-002  0.26398591783222769     
   81.148784610322849       0.22271816890112792        6.3411247404367460E-002  0.26251499300467873     
   84.015122474940881       0.22226339591548341        6.2685798116910690E-002  0.26104800808675238     
   86.982687236203873       0.22176513470562698        6.2009008510020849E-002  0.25958626046456540     
   90.055071705548812       0.22122714160073439        6.1377610848171046E-002  0.25813122288457019     
   93.235978303002270       0.22065321070056168        6.0788560716001146E-002  0.25668457456094512     
   96.529260096906100       0.22004717362835041        6.0239014738254965E-002  0.25524816719828997     
   99.938826062156153       0.21941291638254054        5.9726332621693475E-002  0.25382403983289947     
   103.46886588546354       0.21875432993374119        5.9248030166204620E-002  0.25241428970811541     
   107.12359379692580       0.21807534385853927        5.8801807404159967E-002  0.25102114037029766     
   110.90736836557576       0.21737988473582628        5.8385517522390525E-002  0.24964684464533440     
   114.82483910697920       0.21667182607696533        5.7997143389153599E-002  0.24829358981421315     
   118.88068277378797       0.21595501072308204        5.7634817466610554E-002  0.24696354929004924     
   123.07973629915718       0.21523319761498225        5.7296796575954233E-002  0.24565878866490845     
   127.42715949490271       0.21451000596701061        5.6981442837673070E-002  0.24438118048460236     
   131.92808807993632       0.21378894577830848        5.6687243210062833E-002  0.24313247663551951     
   136.58805281121437       0.21307332097568629        5.6412772149450091E-002  0.24191415777535016     
   141.41261684513370       0.21236626258072844        5.6156709832891852E-002  0.24072751464540312     
   146.40753387824964       0.21167067804349204        5.5917824324234131E-002  0.23957358518626798     
   151.57894168226974       0.21098920497307030        5.5694958104249868E-002  0.23845310481665927     
   156.93294936957258       0.21032424936019095        5.5487041878859000E-002  0.23736659705453084     
   162.47613596373097       0.20967790498845523        5.5293068190431081E-002  0.23631426868754382     
   168.21511902855468       0.20905199623374873        5.5112104296098287E-002  0.23529610746340493     
   174.15674278185460       0.20212672784513000        5.4188981523577817E-002  0.22774442974681983     
   180.30830831190286       0.19302142923814422        5.3009458872718893E-002  0.21794284928407315     
   186.67715947709803       0.18455649483424569        5.1909046677213015E-002  0.20881966449824202     
   193.27089166569760       0.17668799169441113        5.0882450766537878E-002  0.20032671893087425     
   200.09760727912413       0.16937443204263702        4.9924696772378846E-002  0.19241889463815651     
   207.16537088595135       0.16257726125275504        4.9031189468614012E-002  0.18505457086743499     
   214.48286737908427       0.15626002033885608        4.8197599367492086E-002  0.17819465684097782     
   222.05883252794877       0.15038879078114517        4.7419918063398736E-002  0.17180301770426137     
   229.90230130529540       0.14493179905405865        4.6694404069777762E-002  0.16584599668602670     
   238.02291179328489       0.13985912103633796        4.6017541910106916E-002  0.16029204734008340     
   246.43025707061713       0.13514300252490555        4.5386084054544591E-002  0.15511204464276060     
   255.13466811288930       0.13075725880694525        4.4796970775386774E-002  0.15027859350723335     
   264.14653641505117       0.12667756306446268        4.4247369259512753E-002  0.14576631593432218     
   273.47660938458705       0.12288115205957717        4.3734635330352871E-002  0.14155150412302173     
   283.13635184814427       0.11934660127026650        4.3256284536737556E-002  0.13761185137116955     
   293.13729579387660       0.11605399291682859        4.2810016678599266E-002  0.13392662492417476     
   303.49136818478553       0.11298467091828872        4.2393684725808060E-002  0.13047638580784221     
   314.21129214162710       0.11012105277705091        4.2005271342766444E-002  0.12724277381277990     
   325.30973137660959       0.10744679215074542        4.1642912953509865E-002  0.12420869311230542     
   336.80032369109853       0.10494642600675866        4.1304853751228957E-002  0.12135792193136023     
   348.69678677735646       0.10260552850254884        4.0989468142718651E-002  0.11867530029673634     
   361.01330816366544       0.10041054004828505        4.0695238782752607E-002  0.11614655550623168     
   373.76502243504467        9.8285623134675162E-002   4.0345328831405618E-002  0.11365201993471798     
   386.96715283564077        9.6061458638800362E-002   3.9751181200314234E-002  0.11091648429440686     
   400.63544401132759        9.3964816961331105E-002   3.9196889335041556E-002  0.10833022397804598     
   414.78669160661980        9.1983989705567010E-002   3.8679767415526499E-002  0.10587973967211280     
   429.43761284149554        9.0108057325589477E-002   3.8197334332666498E-002  0.10355259242089040     
   444.60621081975989        8.8326669807502270E-002   3.7747252457978574E-002  0.10133716245369521     
   460.31059410826708        8.6630180530076706E-002   3.7327357525463088E-002   9.9222842386441926E-002
   476.56949149896485        8.5009554874071483E-002   3.6935629387230787E-002   9.7199946488587610E-002
   493.40288198244309        8.3456301155631019E-002   3.6570169925416306E-002   9.5259639829831627E-002
   510.83065126063684        8.1962590549742420E-002   3.6229225695110015E-002   9.3394094945078165E-002
   528.87421463804299        8.0521098978127870E-002   3.5911144651765044E-002   9.1596291447947051E-002
   547.55511287104378        7.9125124108858774E-002   3.5614397269252869E-002   8.9860148585356583E-002
   566.89562449487210        7.7768521516763112E-002   3.5337555872333976E-002   8.8180421117761837E-002
   586.91951519858117        7.6445650377083507E-002   3.5079279026604675E-002   8.6552598356751803E-002
   607.65068989177485        7.5151460521691485E-002   3.4838324780706788E-002   8.4972969643968152E-002
   629.11387223602765        7.3881431743408471E-002   3.4613533884614557E-002   8.3438499818291642E-002
   651.33543626567803        7.2631517340349047E-002   3.4403817114516254E-002   8.1946708696815501E-002
   674.34163286578985        7.1398233979707584E-002   3.4208168266328033E-002   8.0495724651374542E-002
   698.16073213207346        7.0178525591836960E-002   3.4025639323969806E-002   7.9084068754938772E-002
   722.82116976782140        6.8614710723423053E-002   3.3500636698273620E-002   7.7056099224718483E-002
   748.35235540965130        6.6975455830455596E-002   3.2902704247217834E-002   7.4908106190983953E-002
   774.78566186873422        6.5372960889600540E-002   3.2344868211362780E-002   7.2849622515784779E-002
   802.15264573967897        6.3803951930787403E-002   3.1824446177499660E-002   7.0877093949074987E-002
   830.48594444209971        6.2265658607107803E-002   3.1338934353865783E-002   6.8987357886474990E-002
   859.82037403360118        6.0755724569969936E-002   3.0885980193945960E-002   6.7177508132698030E-002
   890.19058800385733        5.9272297893454243E-002   3.0463410460353529E-002   6.5444986447682305E-002
   921.63390537915473        5.7813851783011974E-002   3.0069177592337563E-002   6.3787357263711264E-002
   954.18786380243341        5.6379273478438227E-002   2.9701385879717043E-002   6.2202409633017527E-002
   987.89128659474920        5.4967776219629942E-002   2.9358265847334315E-002   6.0688055982124352E-002
   1022.7855886411724        5.3578817639158310E-002   2.9038154907797806E-002   5.9242254001125379E-002
   1058.9119914466876        5.2212185102623099E-002   2.8739517194736483E-002   5.7863108873516568E-002
   1096.3148872627712        5.0867834315161842E-002   2.8460905659743321E-002   5.6548720122920476E-002
   1135.0389283928459        4.9545975566215067E-002   2.8200980569969225E-002   5.5297286921193269E-002
   1175.1302964981960        4.8246997744063241E-002   2.7958491405151067E-002   5.4107048254698212E-002
   1216.6382559936744        4.6971398934554383E-002   2.7732263184553189E-002   5.2976239549743294E-002
   1259.6123598874483        4.5719856273323173E-002   2.7521208065999996E-002   5.1903175316263019E-002
   1304.1038583964914        4.4493157603557112E-002   2.7324310646543237E-002   5.0886203465840191E-002
   1350.1674228314519        4.3292140026103515E-002   2.7140616860153378E-002   4.9923673281099888E-002
   1397.8574692241625        4.0467140543760521E-002   2.5892776391997826E-002   4.7134568833014666E-002
   1447.2325992722181        3.7681195118413759E-002   2.4613388252759362E-002   4.4370201554478711E-002
   1498.3517579647787        3.5100428467271468E-002   2.3419808536271073E-002   4.1821093007568443E-002
   1551.2759091786245        3.2023996778892554E-002   2.1863062905758755E-002   3.8645607469895787E-002
   1606.0700862978565        2.9192215516701054E-002   2.0396709664788144E-002   3.5702077446869269E-002
   1662.7990190437411        2.6608053379522562E-002   1.9028720245065803E-002   3.2997417442184582E-002
   1721.5324161293761        2.4251741594549705E-002   1.7752466056750550E-002   3.0511821594902809E-002
   1782.3403946248577        2.2104933114732411E-002   1.6561810097439417E-002   2.8227167791355701E-002
   1845.2954731357936        2.0150534762053151E-002   1.5451024026690975E-002   2.6126795976165733E-002
   1910.4750110852074        1.8372584941940301E-002   1.4414725532947689E-002   2.4195335285809499E-002
   1977.9568210713478        1.6756329441231337E-002   1.3447931465984105E-002   2.2418750364240389E-002
   2047.8213808026539        1.5288081343111435E-002   1.2545990502713116E-002   2.0784161486322780E-002
   2120.1545400970977        1.3955116840365701E-002   1.1704532290104082E-002   1.9279703831989511E-002
   2195.0417479108573        1.2745734060314505E-002   1.0919519579779373E-002   1.7894574431620788E-002
   2272.5750259096239        1.1649068491798673E-002   1.0187148594310870E-002   1.6618809620340711E-002
   2352.8469348264384        1.0655141501750816E-002   9.5038976508402869E-003   1.5443330003709359E-002
   2435.9532056335870        9.7547581198817596E-003   8.8664795747807612E-003   1.4359817477152710E-002
   2521.9959596104222        8.9394288602049864E-003   8.2718057581924170E-003   1.3360618763585439E-002
   2611.0779162676686        8.2013841499180059E-003   7.7170166495259566E-003   1.2438763906506778E-002
   2703.3053132971791        7.5334908542963701E-003   7.1994431142906531E-003   1.1587869606900216E-002
   2798.7914800504532        6.9291875827399377E-003   6.7165772510157104E-003   1.0802063348318562E-002
   2897.6492167059700        6.3824954684008227E-003   6.2661023083832035E-003   1.0076006357814485E-002
   3000.0000000000000        5.8879199570975732E-003   5.8458355110109911E-003   9.4047766749004412E-003
