         200   4370.0000000000000     
   3.0000000000000000        2.0615869071362058E-003   1.6989618014058436        9.9406681945398930E-004
   3.1059655287322618        2.2098804704698402E-003   1.6989618014058436        1.0599274422905740E-003
   3.2156739552243598        2.3688123559387777E-003   1.6989618014058436        1.1303934927078582E-003
   3.3292574962321346        2.5391216578262879E-003   1.6989618014058436        1.2057921883019060E-003
   3.4468529954360925        2.7215995716885250E-003   1.6989618014058436        1.2864739335883219E-003
   3.5686022069563790        2.9170947468467020E-003   1.6989618014058436        1.3728140130547619E-003
   3.6946518254059528        3.1265190725519839E-003   1.6989618014058436        1.4652142213819803E-003
   3.8251536998800524        3.3508546685813850E-003   1.6989618014058436        1.5641047347709016E-003
   3.9602651907155879        3.5911621837487117E-003   1.6989618014058436        1.6699462326197397E-003
   4.1001490688558144        3.8485894478461364E-003   1.6989618014058436        1.7832318157436850E-003
   4.2449739038313119        4.1243822120831585E-003   1.6989618014058436        1.9044894551392122E-003
   4.3949142193596993        4.4198958510233430E-003   1.6989618014058436        2.0342844463771392E-003
   4.5501507036585132        4.7366086178956624E-003   1.6989618014058436        2.1732221050364013E-003
   4.7108703059600501        5.0761362186136525E-003   1.6989618014058436        2.3219505766699212E-003
   4.8772669425686850        5.4402493602014193E-003   1.6989618014058436        2.4811644631048484E-003
   5.0495410155906377        5.8308905781929475E-003   1.6989618014058436        2.6516076220336453E-003
   5.2279001269311909        6.2501955062530873E-003   1.6989618014058436        2.8340773736525889E-003
   5.4125592113782046        6.7005150157591212E-003   1.6989618014058436        3.0294285142258952E-003
   5.6037407956130689        7.1844398843580303E-003   1.6989618014058436        3.2385778192437005E-003
   5.8016752663703963        7.7048279719705050E-003   1.6989618014058436        3.4625089688689065E-003
   6.0066011480696169        8.2648341721894714E-003   1.6989618014058436        3.7022779378486905E-003
   6.2187653902530293        8.8679434639415359E-003   1.6989618014058436        3.9590188951179614E-003
   6.4384236651766908        9.5180074569179273E-003   1.6989618014058436        4.2339506615408883E-003
   6.6658406759127811        1.0219284906157682E-002   1.6989618014058436        4.5283837776914602E-003
   6.9012904753346884        1.0976486768161714E-002   1.6989618014058436        4.8437282373466279E-003
   7.1450567963692624        1.1794826485280782E-002   1.6989618014058436        5.1815019465512625E-003
   7.3974330131920443        1.2680074954129738E-002   1.6989618014058436        5.5433394176418530E-003
   7.6587243988323896        1.3638630711882363E-002   1.6989618014058436        5.9310046543870690E-003
   7.9292442763577622        1.4677576224762923E-002   1.6989618014058436        6.3463960080573402E-003
   8.2093202460023029        1.5804780648538363E-002   1.6989618014058436        6.7915669807230494E-003
   8.4992881560440416        1.7028967290815836E-002   1.6989618014058436        7.2687295169770192E-003
   8.7994991583321234        1.8359845634010340E-002   1.6989618014058436        7.7802789796724914E-003
   9.1103132457223861        1.9808202304159341E-002   1.6989618014058436        8.3287985022502363E-003
   9.4321068148357909        2.1386070145824432E-002   1.6989618014058436        8.9170883077850111E-003
   9.7652657388916850        2.3106850597744723E-002   1.6989618014058436        9.5481713842640419E-003
   10.110193474162946        2.4985530087664038E-002   1.6989618014058436        1.0225327937577102E-002
   10.467303634806061        2.7038841796709737E-002   1.6989618014058436        1.0952102726397819E-002
   10.837027566606025        2.9285532018414211E-002   1.6989618014058436        1.1732343210896482E-002
   11.219811965471335        3.1746601324306137E-002   1.6989618014058436        1.2570220962795434E-002
   11.616115840724994        3.4445562180426659E-002   1.6989618014058436        1.3470252730531887E-002
   12.026419117330413        3.7408799555558550E-002   1.6989618014058436        1.4437350297426925E-002
   12.451213803399156        4.0665837264408679E-002   1.6989618014058436        1.5476834101828926E-002
   12.891014326336300        4.4249758360910822E-002   1.6989618014058436        1.6594494634765547E-002
   13.346348065368609        4.8197490674966738E-002   1.6989618014058436        1.7796609753555317E-002
   13.817766430769083        5.2550262827996186E-002   1.6989618014058436        1.9090017363457109E-002
   14.305834715756038        5.7353880930090285E-002   1.6989618014058436        2.0482137298048694E-002
   14.811143972217785        6.2659197253021187E-002   1.6989618014058436        2.1981057420649739E-002
   15.334300133051286        6.8522348479322259E-002   1.6989618014058436        2.3595561064488239E-002
   15.875936741648431        7.5005218928166487E-002   1.6989618014058436        2.5335229015623639E-002
   16.436703292225193        8.2175617769912890E-002   1.6989618014058436        2.7210473598321228E-002
   17.017278874447534        9.0107729157966943E-002   1.6989618014058436        2.9232659336675241E-002
   17.618359675531394        9.8882211940827705E-002   1.6989618014058436        3.1414144825461128E-002
   18.240671728221173       0.10858659969951413        1.6989618014058436        3.3768417959877138E-002
   18.884968846184627       0.11931547682378124        1.6989618014058436        3.6310190826418148E-002
   19.552019805756849       0.13117038252676635        1.6989618014058436        3.9055455818799927E-002
   20.242632201214423       0.14426024589068401        1.6988793307853371        4.2021682598679257E-002
   20.957638264717446       0.15870106201194475        1.6986629756409373        4.5227904024280605E-002
   21.697899624358065       0.17461568994687629        1.6984746689277328        4.8694915584848487E-002
   22.464312967141105       0.19213344350625691        1.6983107735215377        5.2445384165236107E-002
   23.257792778673313       0.21138881382099134        1.6981681265357236        5.6503948735323606E-002
   24.079299719823517       0.23252082154807047        1.6980439724042300        6.0897530488949539E-002
   24.929823759061236       0.25567084485952402        1.6979359137005776        6.5655434366143781E-002
   25.810395145829254       0.28098054484595336        1.6978418632823711        7.0809602162170346E-002
   26.722064579292049       0.30858831503526929        1.6977600061456573        7.6394698104388009E-002
   27.665935811728254       0.33862662606075528        1.6976887610250029        8.2448510523010582E-002
   28.643146268414043       0.37121729850779822        1.6976267521712758        8.9012056339471665E-002
   29.654879655490589       0.40646721670862335        1.6975727818900448        9.6129880048201874E-002
   30.702343174827575       0.44439503965023308        1.6889368153716497       0.10382001505468293     
   31.786804983723918       0.48509545400964199        1.6774150628792501       0.11214928633527352     
   32.909571928103169       0.52863217260083162        1.6673869983827196       0.12118866110267716     
   34.072004028335677       0.57499998899918914        1.6586589308802855       0.13099841993335473     
   35.275488300232773       0.62415300423725140        1.6510624243636816       0.14164301477605229     
   36.521481794408061       0.67600276271229809        1.6444507342282575       0.15319144753628058     
   37.811486012809581       0.73041476076111356        1.6386961881943154       0.16571698055181766     
   39.147055493126302       0.78720764709497337        1.6336876655051951       0.17929701374481918     
   40.529808025860810       0.84615404247173132        1.6293284270765609       0.19401285276573144     
   41.961393513511240       0.90698125085734471        1.6255343474453792       0.20994885858211029     
   43.443545167355794       0.96937719885873008        1.6222321349328670       0.22719227663350347     
   44.978049075047366        1.0329945878606830        1.6193580235441187       0.24583197881695407     
   46.566763998623138        1.0974587688473516        1.6168565001226094       0.26595751620005953     
   48.211585595230147        1.1623747997043443        1.6146792897644577       0.28765723399289994     
   49.914505239722644        1.2273395534392133        1.6127843344693791       0.31101735540838876     
   51.677575059319224        1.2919509437980290        1.6111350424949478       0.33611968201514542     
   53.502930680545909        1.3558200612321509        1.6096995579416700       0.36303990036394085     
   55.392750120602578        1.4185813325951251        1.6084501785389045       0.39184490515653336     
   57.349321371645829        1.4799064141082232        1.6073627695497072       0.42259179320422868     
   59.375002227322796        1.5395138935668828        1.6064163330171564       0.45532548303918469     
   61.472246417894510        1.5971805170866529        1.6055925886200484       0.49007770591987887     
   63.643556378429672        1.6527493295748383        1.6048756395727508       0.52686534867910462     
   65.891560899834928        1.7061399438634544        1.6042516362979173       0.56569159369102917     
   68.218968971510208        1.7573538568926412        1.6037085292410527       0.60654587659463755     
   70.628585269218178        1.8049767010261402        1.6027911107027273       0.64862296596296931     
   73.123328588587739        1.8463620855307961        1.6007960413944664       0.69036313535135962     
   75.706175661273647        1.8860911035149663        1.5990596252866567       0.73393874671697268     
   78.380253523498894        1.9244901093356412        1.5975483193691375       0.77929346198641070     
   81.148784610322849        1.9619701959380322        1.5962329402004876       0.82637662659195943     
   84.015122474940881        1.9990223694988396        1.5950880813716228       0.87514942645912230     
   86.982687236203873        2.0362092264760028        1.5940916491657950       0.92558912338334876     
   90.055071705548812        2.0741566266302471        1.5932243951232303       0.97769562365367946     
   93.235978303002270        2.1135409699052459        1.5924695724971194        1.0314942950582107     
   96.529260096906100        2.1550756574867185        1.5918126019685226        1.0870394596844875     
   99.938826062156153        2.1994937449076923        1.5912408083487444        1.1444143713893857     
   103.46886588546354        2.2475328375064754        1.5907431365384914        1.2037353058339637     
   107.12359379692580        2.2999122057547199        1.5903099836040755        1.2651463146471107     
   110.90736836557576        2.3573134820790536        1.5899329893958005        1.3288191550831139     
   114.82483910697920        2.4203616750731953        1.5896048650803192        1.3949526356606443     
   118.88068277378797        2.4895998754456294        1.5893192792641737        1.4637641514307071     
   123.07973629915718        2.5654705231030204        1.5890707199445921        1.5354870862871894     
   127.42715949490271        2.6482995507545581        1.5888543814576772        1.6103681096678037     
   131.92808807993632        2.7382733580482062        1.5886660914794393        1.6886551364361209     
   136.58805281121437        2.8354332904663191        1.5885022095977959        1.7705979376181262     
   141.41261684513370        2.9396588006089024        1.5883595735945719        1.8564347829564765     
   146.40753387824964        3.0506650675744935        1.5882354304967543        1.9463876935176745     
   151.57894168226974        3.0811964591044103        1.5660090446275365        1.9915800798623513     
   156.93294936957258        2.9282781962986979        1.4988794204398064        1.9310911483511004     
   162.47613596373097        2.7962530358752535        1.4404518332200300        1.8795514081647475     
   168.21511902855468        2.6820123811313166        1.3895988808657367        1.8359463701695784     
   174.15674278185460        2.5829961579395153        1.3453390664029965        1.7993991150742039     
   180.30830831190286        2.4970942492723229        1.3068166673706276        1.7691595231952582     
   186.67715947709803        2.4225669920496937        1.2732883665151178        1.7445977067306755     
   193.27089166569760        2.3579649753836165        1.2441070445580953        1.7251936641917873     
   200.09760727912413        2.3020621902325051        1.2187085077055122        1.7105281777621073     
   207.16537088595135        2.2538068784728189        1.1966029174363650        1.7002752235137766     
   214.48286737908427        2.2122724221958241        1.1773628826659752        1.6941908953321896     
   222.05883252794877        2.1766276208583144        1.1606171531565004        1.6921040079075658     
   229.90230130529540        2.1461095076124290        1.1460425248051513        1.6939044859913468     
   238.02291179328489        2.1200050967437782        1.1333572106908851        1.6995321895378570     
   246.43025707061713        2.0976427410408496        1.1223165606773449        1.7089651241013621     
   255.13466811288930        2.0783837480981404        1.1127071140368390        1.7222087878058268     
   264.14653641505117        2.0616224414808939        1.1043434496205295        1.7392850712423049     
   273.47660938458705        2.0467861490777697        1.0970641429498873        1.7602230795163931     
   283.13635184814427        2.0333375454266518        1.0907284553820717        1.7850521732174702     
   293.13729579387660        2.0207793896926511        1.0852141352920437        1.8137941425263699     
   303.49136818478553        2.0086578905277692        1.0804147525074930        1.8464590428569678     
   314.21129214162710        1.9965659663795046        1.0762375154137600        1.8830434634072157     
   325.30973137660959        1.9841472024632674        1.0726018614315194        1.9235260743336198     
   336.80032369109853        1.9710966855244747        1.0694374985631361        1.9678707659934700     
   348.69678677735646        1.9571629441625162        1.0666833681628423        2.0160241389444584     
   361.01330816366544        1.9421473473500652        1.0642863136187168        2.0679182940962297     
   373.76502243504467        1.9135843572026954        1.0464994477927048        2.1098909143331412     
   386.96715283564077        1.8408155702686286       0.97716528616170051        2.1047508353582254     
   400.63544401132759        1.7704916473653185       0.91682037032794572        2.1021546479659379     
   414.78669160661980        1.7024459709184629       0.86429798731435048        2.1024686800797907     
   429.43761284149554        1.6365500396313553       0.81858518560468962        2.1060639274677651     
   444.60621081975989        1.5727031024701157       0.77879815057701940        2.1132958394229799     
   460.31059410826708        1.5108337168070685       0.74416916292140856        2.1244886066262536     
   476.56949149896485        1.4508933305907608       0.71402985934682794        2.1399246322370469     
   493.40288198244309        1.3928503763450304       0.68779752437318809        2.1598395542445639     
   510.83065126063684        1.3366914669617673       0.66496623877213157        2.1844190118538567     
   528.87421463804299        1.2824123726413543       0.64509458081282545        2.2138016530959255     
   547.55511287104378        1.2300194801586419       0.62779911263605104        2.2480802642779971     
   566.89562449487210        1.1795247236604207       0.61274601980444854        2.2873064608693960     
   586.91951519858117        1.1309412336398494       0.59964426473002463        2.3314967643963507     
   607.65068989177485        1.0842846075383579       0.58824103967383345        2.3806340729768944     
   629.11387223602765        1.0395690268324140       0.57831625454537894        2.4346725763269230     
   651.33543626567803       0.99680412593055945       0.56967802282954749        2.4935430733114146     
   674.34163286578985       0.95599733808268994       0.56215974679386693        2.5571507591732177     
   698.16073213207346       0.91714884905610961       0.55561606754447168        2.6253825200641945     
   722.82116976782140       0.87656507998745081       0.54617853791517734        2.6895487741670201     
   748.35235540965130       0.83730669714392347       0.53686293105406957        2.7564476418414836     
   774.78566186873422       0.80052184475245303       0.52875490961095106        2.8286430897570036     
   802.15264573967897       0.76611735289640881       0.52169802351049466        2.9058303775406769     
   830.48594444209971       0.73400239192422478       0.51555606999489778        2.9876966281620829     
   859.82037403360118       0.70408676637327861       0.51021030008966539        3.0739212235947289     
   890.19058800385733       0.67628306583541342       0.50555761478404837        3.1641661448164342     
   921.63390537915473       0.65050356260449183       0.50150805872307802        3.2580814642117035     
   954.18786380243341       0.62666247254855445       0.49798349282495247        3.3552953794135671     
   987.89128659474920       0.60467486045684171       0.49491589054247564        3.4554147503808332     
   1022.7855886411724       0.58445603389900480       0.49224594263074894        3.5580264619614086     
   1058.9119914466876       0.56592343513190146       0.48992215622843843        3.6626868304395090     
   1096.3148872627712       0.54899485840577944       0.48789960308079566        3.7689293405838455     
   1135.0389283928459       0.53359018322308671       0.48613925657762330        3.8762543698059106     
   1175.1302964981960       0.51963076790142837       0.48460714082005996        3.9841316595596585     
   1216.6382559936744       0.50703914989060073       0.48327363377099014        4.0920036253544074     
   1259.6123598874483       0.49574012983677945       0.48211300445772781        4.1992778810593760     
   1304.1038583964914       0.48566027234838671       0.48110285193586222        4.3053323338896030     
   1350.1674228314519       0.47672765833029063       0.48022364584330962        4.4095213928650416     
   1397.8574692241625       0.42663036238844776       0.42834994664779752        4.1688458416659424     
   1447.2325992722181       0.37737156516947518       0.37532762531638553        3.9197784811459555     
   1498.3517579647787       0.33435421199472615       0.32917919255228512        3.7001740434644717     
   1551.2759091786245       0.28716516590284946       0.28657866646821878        3.2932507386912682     
   1606.0700862978565       0.24678397485086620       0.24942620370147053        2.9210232301904755     
   1662.7990190437411       0.21242497516220968       0.21709059617501228        2.5869141588187681     
   1721.5324161293761       0.18313339739715531       0.18894666490894296        2.2873860033267168     
   1782.3403946248577       0.15811428328272126       0.16445135261147542        2.0192309514526299     
   1845.2954731357936       0.13670394789568252       0.14313188289928619        1.7795250757946974     
   1910.4750110852074       0.11834701956786740       0.12457606359952612        1.5655926658700667     
   1977.9568210713478       0.10257938994891959       0.10842584690144294        1.3749975960809369     
   2047.8213808026539        8.9011952727229601E-002   9.4369522509298753E-002   1.2055108523830402     
   2120.1545400970977        7.7317553236326012E-002   8.2135324428363049E-002   1.0550857998485668     
   2195.0417479108573        6.7221548021841826E-002   7.1487302787651419E-002  0.92185428471934827     
   2272.5750259096239        5.8491984352282547E-002   6.2219587964894248E-002  0.80409717217976584     
   2352.8469348264384        5.0933292946516440E-002   5.4153352771199058E-002  0.70024292905631169     
   2435.9532056335870        4.4379910718071049E-002   4.7132913316701559E-002  0.60885096180359488     
   2521.9959596104222        3.8691179367270290E-002   4.1022535916081772E-002  0.52859947448085454     
   2611.0779162676686        3.3747723444073507E-002   3.5704316465197297E-002  0.45828357218495491     
   2703.3053132971791        2.9447789128571794E-002   3.1075609669014508E-002  0.39680407729242839     
   2798.7914800504532        2.5704319259509285E-002   2.7046923774804256E-002  0.34315919396587957     
   2897.6492167059700        2.2442957292450712E-002   2.3540561175360439E-002  0.29644319953336740     
   3000.0000000000000        1.9599743852192760E-002   2.0488729602011500E-002  0.25583543925638003     
