         200   4370.0000000000000     
   3.0000000000000000        1.4029233116798368E-003   3.0377459048274796E-003   2.3535954777306137E-003
   3.1059655287322618        1.4426783547236127E-003   3.0377459048274796E-003   2.3763919190135339E-003
   3.2156739552243598        1.4822634312346757E-003   3.0377459048274796E-003   2.3992305083746844E-003
   3.3292574962321346        1.5216177592364572E-003   3.0377459048274796E-003   2.4220520696518590E-003
   3.4468529954360925        1.5606812500393915E-003   3.0377459048274796E-003   2.4447976585301153E-003
   3.5686022069563790        1.5993945739539762E-003   3.0377459048274796E-003   2.4674086904889953E-003
   3.6946518254059528        1.6376991689868419E-003   3.0377459048274796E-003   2.4898270698889397E-003
   3.8251536998800524        1.6755373496904725E-003   3.0377459048274796E-003   2.5119954131465013E-003
   3.9602651907155879        1.7128524925383772E-003   3.0377459048274796E-003   2.5338573518270684E-003
   4.1001490688558144        1.7495891333747307E-003   3.0377459048274796E-003   2.5553578158132350E-003
   4.2449739038313119        1.7856932491675888E-003   3.0377459048274796E-003   2.5764434504008116E-003
   4.3949142193596993        1.8211125091816016E-003   3.0377459048274796E-003   2.5970630335007522E-003
   4.5501507036585132        1.8557965735620868E-003   3.0377459048274796E-003   2.6171679289268570E-003
   4.7108703059600501        1.8896973917580369E-003   3.0377459048274796E-003   2.6367125372254076E-003
   4.8772669425686850        1.9227696402302273E-003   3.0377459048274796E-003   2.6556548126386078E-003
   5.0495410155906377        1.9549709127678963E-003   3.0377459048274796E-003   2.6739566119388957E-003
   5.2279001269311909        1.9862621547641940E-003   3.0377459048274796E-003   2.6915841477622533E-003
   5.4125592113782046        2.0166079517059498E-003   3.0377459048274796E-003   2.7085083122698906E-003
   5.6037407956130689        2.0459768134823918E-003   3.0377459048274796E-003   2.7247049457536279E-003
   5.8016752663703963        2.0743414199067647E-003   3.0377459048274796E-003   2.7401550254062181E-003
   6.0066011480696169        2.1016788198377468E-003   3.0377459048274796E-003   2.7548447677271776E-003
   6.2187653902530293        2.1279705780895327E-003   3.0377459048274796E-003   2.7687656417645884E-003
   6.4384236651766908        2.1532028662493608E-003   3.0377459048274796E-003   2.7819142940677401E-003
   6.6658406759127811        2.1773664954762347E-003   3.0377459048274796E-003   2.7942923896316228E-003
   6.9012904753346884        2.2004568912424795E-003   3.0377459048274796E-003   2.8059063760748687E-003
   7.1450567963692624        2.2224740117225568E-003   3.0377459048274796E-003   2.8167671806804289E-003
   7.3974330131920443        2.2434221828008974E-003   3.0377459048274796E-003   2.8268898371945394E-003
   7.6587243988323896        2.2633100661242369E-003   3.0377459048274796E-003   2.8362931561024957E-003
   7.9292442763577622        2.2821501029043809E-003   3.0377459048274796E-003   2.8449991349366040E-003
   8.2093202460023029        2.2999586893772588E-003   3.0377459048274796E-003   2.8530327145369133E-003
   8.4992881560440416        2.3167554365891834E-003   3.0377459048274796E-003   2.8604211157954727E-003
   8.7994991583321234        2.3325632770627978E-003   3.0377459048274796E-003   2.8671935791413287E-003
   9.1103132457223861        2.3474077338776003E-003   3.0377459048274796E-003   2.8733807517580538E-003
   9.4321068148357909        2.3613169545643044E-003   3.0377459048274796E-003   2.8790144337987140E-003
   9.7652657388916850        2.3743210141676688E-003   3.0377459048274796E-003   2.8841270447661329E-003
   10.110193474162946        2.3864519041983034E-003   3.0377459048274796E-003   2.8887514042585495E-003
   10.467303634806061        2.3977428905934549E-003   3.0377459048274796E-003   2.8929202929839043E-003
   10.837027566606025        2.4082284519719110E-003   3.0377459048274796E-003   2.8966662728926820E-003
   11.219811965471335        2.4179438580840163E-003   3.0377459048274796E-003   2.9000213990369667E-003
   11.616115840724994        2.4269248118462977E-003   3.0377459048274796E-003   2.9030169915510713E-003
   12.026419117330413        2.4352073867212986E-003   3.0377459048274796E-003   2.9056835349531764E-003
   12.451213803399156        2.4428275798350193E-003   3.0377459048274796E-003   2.9080504730363012E-003
   12.891014326336300        2.4498213026619294E-003   3.0377459048274796E-003   2.9101461705268402E-003
   13.346348065368609        2.4562240213225075E-003   3.0377459048274796E-003   2.9119977834344201E-003
   13.817766430769083        2.4620707725730067E-003   3.0377459048274796E-003   2.9136312620918659E-003
   14.305834715756038        2.4673958885444778E-003   3.0377459048274796E-003   2.9150712830214882E-003
   14.811143972217785        2.4722330394087505E-003   3.0377459048274796E-003   2.9163412845922511E-003
   15.334300133051286        2.4766150347156537E-003   3.0377459048274796E-003   2.9174634468537297E-003
   15.875936741648431        2.4805738891212192E-003   3.0377459048274796E-003   2.9184587515511578E-003
   16.436703292225193        2.4841406883084941E-003   3.0377459048274796E-003   2.9193469977596355E-003
   17.017278874447534        2.4873456706702456E-003   3.0377459048274796E-003   2.9201468792090226E-003
   17.618359675531394        2.4902181439370279E-003   3.0377459048274796E-003   2.9208760254670154E-003
   18.240671728221173        2.4927865680393524E-003   3.0377459048274796E-003   2.9215510892700298E-003
   18.884968846184627        2.4950785527583542E-003   3.0377459048274796E-003   2.9221878168828688E-003
   19.552019805756849        2.4971208480935305E-003   3.0377459048274796E-003   2.9228011174911362E-003
   20.242632201214423        2.4989394678888673E-003   3.0377194375603048E-003   2.9234051144590607E-003
   20.957638264717446        2.5005596865779224E-003   3.0376500027800581E-003   2.9240132700975793E-003
   21.697899624358065        2.5020061182837441E-003   3.0375895695729507E-003   2.9246386598954692E-003
   22.464312967141105        2.5033028034715764E-003   3.0375369706779989E-003   2.9252938100519533E-003
   23.257792778673313        2.5044732758103950E-003   3.0374911910311122E-003   2.9259908894299640E-003
   24.079299719823517        2.5055407245647495E-003   3.0374513462894451E-003   2.9267418443299667E-003
   24.929823759061236        2.5065281008227244E-003   3.0374166670477632E-003   2.9275585002797150E-003
   25.810395145829254        2.5074582900085703E-003   3.0373864834801925E-003   2.9284526935420135E-003
   26.722064579292049        2.5083542685831839E-003   3.0373602130981544E-003   2.9294363757701503E-003
   27.665935811728254        2.5092393305558495E-003   3.0373373484266905E-003   2.9305217746063410E-003
   28.643146268414043        2.5101372674820300E-003   3.0373174479471159E-003   2.9317215022338235E-003
   29.654879655490589        2.5110725818610112E-003   3.0373001272837805E-003   2.9330486954391791E-003
   30.702343174827575        2.5108360364807193E-003   2.8926001808683983E-003   2.9326905615387044E-003
   31.786804983723918        2.5100656234593901E-003   2.6991874398335403E-003   2.9315693229368949E-003
   32.909571928103169        2.5093971796823870E-003   2.5308488608865700E-003   2.9306017251200019E-003
   34.072004028335677        2.5088506115988640E-003   2.3843330022360241E-003   2.9297919384387206E-003
   35.275488300232773        2.5084470319727027E-003   2.2568123712699917E-003   2.9291450875379315E-003
   36.521481794408061        2.5082086598470473E-003   2.1458236034753394E-003   2.9286672134931704E-003
   37.811486012809581        2.5081586835838383E-003   2.0492234966278809E-003   2.9283652582559861E-003
   39.147055493126302        2.5083210349908453E-003   1.9651466947283908E-003   2.9282469959474905E-003
   40.529808025860810        2.5087201016247554E-003   1.8919692632687979E-003   2.9283209425082029E-003
   41.961393513511240        2.5093803633416973E-003   1.8282790094072221E-003   2.9285962337853100E-003
   43.443545167355794        2.5103260021571800E-003   1.7728456042940652E-003   2.9290824819806637E-003
   44.978049075047366        2.5115804518173572E-003   1.7245986243225782E-003   2.9297896025226684E-003
   46.566763998623138        2.5131659439832240E-003   1.6826061841936535E-003   2.9307276215091898E-003
   48.211585595230147        2.5151029954682889E-003   1.6460579053222467E-003   2.9319064272506907E-003
   49.914505239722644        2.5174099999114110E-003   1.6142477707093439E-003   2.9333355520350570E-003
   51.677575059319224        2.5201027512599832E-003   1.5865615240422538E-003   2.9350238722239013E-003
   53.502930680545909        2.5231940672504672E-003   1.5624644084041494E-003   2.9369793179129379E-003
   55.392750120602578        2.5266933563396154E-003   1.5414913927938641E-003   2.9392084882960256E-003
   57.349321371645829        2.5306064250414885E-003   1.5232373334946741E-003   2.9417163560317857E-003
   59.375002227322796        2.5349351640826662E-003   1.5073497431218935E-003   2.9445058313052686E-003
   61.472246417894510        2.5396774137852298E-003   1.4935217545531563E-003   2.9475773796757950E-003
   63.643556378429672        2.5448267299906131E-003   1.4814865124741230E-003   2.9509285235012335E-003
   65.891560899834928        2.5503724945066283E-003   1.4710115275376229E-003   2.9545535282205870E-003
   68.218968971510208        2.5562998055879103E-003   1.4618945269239776E-003   2.9584429267061020E-003
   70.628585269218178        2.5606559736542430E-003   1.4534068891936072E-003   2.9597926638913353E-003
   73.123328588587739        2.5598135391056648E-003   1.4445327843580936E-003   2.9534042441083336E-003
   75.706175661273647        2.5593318363292096E-003   1.4368091736970590E-003   2.9473441545200042E-003
   78.380253523498894        2.5591710204809961E-003   1.4300868572867701E-003   2.9415919958869666E-003
   81.148784610322849        2.5592924725983505E-003   1.4242360266450813E-003   2.9361301912134642E-003
   84.015122474940881        2.5596592339999376E-003   1.4191436735989241E-003   2.9309437351901593E-003
   86.982687236203873        2.5602364005238381E-003   1.4147115248914132E-003   2.9260200707667762E-003
   90.055071705548812        2.5609914960462304E-003   1.4108539630208158E-003   2.9213486125786530E-003
   93.235978303002270        2.5618947728279231E-003   1.4074964981504959E-003   2.9169205496863419E-003
   96.529260096906100        2.5629194696011959E-003   1.4045742812027211E-003   2.9127284561670194E-003
   99.938826062156153        2.5640419692745122E-003   1.4020309327059100E-003   2.9087660832323192E-003
   103.46886588546354        2.5652419981860995E-003   1.3998172793758738E-003   2.9050277866268358E-003
   107.12359379692580        2.5665026077450253E-003   1.3978906071876478E-003   2.9015085570173451E-003
   110.90736836557576        2.5678102180226796E-003   1.3962137300422021E-003   2.8982036275863087E-003
   114.82483910697920        2.5691546164896819E-003   1.3947542270752477E-003   2.8951081714657777E-003
   118.88068277378797        2.5705287579211983E-003   1.3934839361327150E-003   2.8922173841381877E-003
   123.07973629915718        2.5719286491590661E-003   1.3923783397252821E-003   2.8895262441147361E-003
   127.42715949490271        2.5733531899362126E-003   1.3914160621718654E-003   2.8870293549759520E-003
   131.92808807993632        2.5748037980091293E-003   1.3905785448989430E-003   2.8847211219356645E-003
   136.58805281121437        2.5762842433110734E-003   1.3898495952868453E-003   2.8825954990091170E-003
   141.41261684513370        2.5778001888519938E-003   1.3892151477312234E-003   2.8806461898252867E-003
   146.40753387824964        2.5793588686057393E-003   1.3886629569576647E-003   2.8788665728999474E-003
   151.57894168226974        2.4947917235437415E-003   1.3531289539329592E-003   2.7854605588454725E-003
   156.93294936957258        2.2350490370636731E-003   1.2464718916383711E-003   2.5058342511869152E-003
   162.47613596373097        2.0089504499332831E-003   1.1536408221183841E-003   2.2624466806393292E-003
   168.21511902855468        1.8121895812237589E-003   1.0728445034625888E-003   2.0506039050315174E-003
   174.15674278185460        1.6410062367927731E-003   1.0025235111224928E-003   1.8662188012139626E-003
   180.30830831190286        1.4921127829536744E-003   9.4131825393466324E-004   1.7057275500841670E-003
   186.67715947709803        1.3626459005096805E-003   8.8804773266707771E-004   1.5660342122883236E-003
   193.27089166569760        1.2501066856226315E-003   8.4168378960217051E-004   1.4444434109023199E-003
   200.09760727912413        1.1523115470352774E-003   8.0133002090384208E-004   1.3386051767124547E-003
   207.16537088595135        1.0673607523819886E-003   7.6620816007230545E-004   1.2464793343824909E-003
   214.48286737908427        9.9359372740707064E-004   7.3563915850428094E-004   1.1662859378644289E-003
   222.05883252794877        9.2956559886745881E-004   7.0903316544128347E-004   1.0964790142764351E-003
   229.90230130529540        8.7401660694818011E-004   6.8587666690879217E-004   1.0357128324985205E-003
   238.02291179328489        8.2584699227572446E-004   6.6572195348557563E-004   9.8281426280063568E-004
   246.43025707061713        7.8410069741909321E-004   6.4818031951226684E-004   9.3676491906070816E-004
   255.13466811288930        7.4794265264678582E-004   6.3291261376604126E-004   8.9667634513480431E-004
   264.14653641505117        7.1664663164831518E-004   6.1962423493992747E-004   8.6177686670371365E-004
   273.47660938458705        6.8957970154377029E-004   6.0805870817843893E-004   8.3139472054435677E-004
   283.13635184814427        6.6618947472910908E-004   5.9799242474878756E-004   8.0494423922694276E-004
   293.13729579387660        6.4599552052327250E-004   5.8923114850940894E-004   7.8191668095452477E-004
   303.49136818478553        6.2857907596287161E-004   5.8160578079997894E-004   7.6186911511196736E-004
   314.21129214162710        6.1357462485330731E-004   5.7496889220844116E-004   7.4441532453681139E-004
   325.30973137660959        6.0066433306101116E-004   5.6919248309015278E-004   7.2921994066192132E-004
   336.80032369109853        5.8957056979092493E-004   5.6416487193249011E-004   7.1599028631081794E-004
   348.69678677735646        5.8005179301576009E-004   5.5978904738072900E-004   7.0447206799537077E-004
   361.01330816366544        5.7189743992615565E-004   5.5598055300987647E-004   6.9444383867658596E-004
   373.76502243504467        5.6417619019867842E-004   5.5166413376171253E-004   6.8437717485124211E-004
   386.96715283564077        5.5498741178349853E-004   5.4447171762686054E-004   6.7103491260576650E-004
   400.63544401132759        5.4706832604489654E-004   5.3821180568606379E-004   6.5942325654458724E-004
   414.78669160661980        5.4025042933057027E-004   5.3276336834808457E-004   6.4931741341625246E-004
   429.43761284149554        5.3438694885648305E-004   5.2802132654860970E-004   6.4052222794926475E-004
   444.60621081975989        5.2934952917943706E-004   5.2389399730773834E-004   6.3286743571687584E-004
   460.31059410826708        5.2502642425206420E-004   5.2030174085451394E-004   6.2620514685481500E-004
   476.56949149896485        5.2132021709803294E-004   5.1717522416745015E-004   6.2040661990959978E-004
   493.40288198244309        5.1814594583733545E-004   5.1445399894627607E-004   6.1535962003437931E-004
   510.83065126063684        5.1542983547859221E-004   5.1208558339074642E-004   6.1096671238058172E-004
   528.87421463804299        5.1310762437730881E-004   5.1002418638282582E-004   6.0714289283878508E-004
   547.55511287104378        5.1112360309997333E-004   5.0823003179224497E-004   6.0381433223676039E-004
   566.89562449487210        5.0942944527279221E-004   5.0666849120078702E-004   6.0091676549635983E-004
   586.91951519858117        5.0798323919588103E-004   5.0530937366946561E-004   5.9839417218066396E-004
   607.65068989177485        5.0674879361039876E-004   5.0412645405301440E-004   5.9619789980539938E-004
   629.11387223602765        5.0569485042094525E-004   5.0309690118883229E-004   5.9428560146910765E-004
   651.33543626567803        5.0479442941382289E-004   5.0220080962721386E-004   5.9262036556057961E-004
   674.34163286578985        5.0402435810558061E-004   5.0142089726376506E-004   5.9117015368033790E-004
   698.16073213207346        5.0336469884383335E-004   5.0074208521632053E-004   5.8990701976471718E-004
   722.82116976782140        4.9778858560357343E-004   4.9514129099623324E-004   5.7921754749322223E-004
   748.35235540965130        4.9146586576637077E-004   4.8879175398384609E-004   5.6709008433899154E-004
   774.78566186873422        4.8596580472170115E-004   4.8326530970405903E-004   5.5653375257949005E-004
   802.15264573967897        4.8117982542298033E-004   4.7845532146012493E-004   5.4734498834901055E-004
   830.48594444209971        4.7701362793396755E-004   4.7426895316902973E-004   5.3934657984571193E-004
   859.82037403360118        4.7338521120411935E-004   4.7062526528277130E-004   5.3238403097252533E-004
   890.19058800385733        4.7022357611037119E-004   4.6745398530118011E-004   5.2632321380197285E-004
   921.63390537915473        4.6746696066227210E-004   4.6469379946721006E-004   5.2104710595765407E-004
   954.18786380243341        4.6506188370177681E-004   4.6229144802017975E-004   5.1645406331216927E-004
   987.89128659474920        4.6296194032302866E-004   4.6020056392402886E-004   5.1245560224713908E-004
   1022.7855886411724        4.6112681218987424E-004   4.5838072187407905E-004   5.0897458336681962E-004
   1058.9119914466876        4.5952162170093699E-004   4.5679682422894089E-004   5.0594403924597239E-004
   1096.3148872627712        4.5811604939297707E-004   4.5541824779672755E-004   5.0330554441932538E-004
   1135.0389283928459        4.5688385993003435E-004   4.5421839195875885E-004   5.0100835275757223E-004
   1175.1302964981960        4.5580230163185236E-004   4.5317409867170431E-004   4.9900828944596926E-004
   1216.6382559936744        4.5485161316063353E-004   4.5226517749345031E-004   4.9726684350626061E-004
   1259.6123598874483        4.5401469686689544E-004   4.5147409013949704E-004   4.9575056559633571E-004
   1304.1038583964914        4.5327672389143753E-004   4.5078556807954232E-004   4.9443033734220909E-004
   1350.1674228314519        4.5262480979237757E-004   4.5018629937816656E-004   4.9328077298912932E-004
   1397.8574692241625        4.2285496833952392E-004   4.2066577396850986E-004   4.6021974360822192E-004
   1447.2325992722181        3.9422690094656097E-004   3.9228172673155988E-004   4.2841448614308131E-004
   1498.3517579647787        3.6930801277050616E-004   3.6757742743654954E-004   4.0073238148270187E-004
   1551.2759091786245        3.2217498669383639E-004   3.2069851465812516E-004   3.4960027419877636E-004
   1606.0700862978565        2.8037798099632698E-004   2.7912270661901268E-004   3.0427267777463206E-004
   1662.7990190437411        2.4400228389220841E-004   2.4293724511169863E-004   2.6482249438346625E-004
   1721.5324161293761        2.1234436164081525E-004   2.1144251780034137E-004   2.3048681629910309E-004
   1782.3403946248577        1.8479298348457758E-004   1.8403081138584465E-004   2.0060295960708303E-004
   1845.2954731357936        1.6081594910595957E-004   1.6017306107156542E-004   1.7459401198957801E-004
   1910.4750110852074        1.3994921234390014E-004   1.3940799938349458E-004   1.5195699754393016E-004
   1977.9568210713478        1.2178965620363128E-004   1.2133494959820470E-004   1.3225501580211831E-004
   2047.8213808026539        1.0598632233003450E-004   1.0560508941821352E-004   1.1510771388745227E-004
   2120.1545400970977        9.2233225118887923E-005   9.1914296586555026E-005   1.0018348400608792E-004
   2195.0417479108573        8.0264708727113173E-005   7.9998529211726648E-005   8.7194424642443230E-005
   2272.5750259096239        6.9848994588900631E-005   6.9627406983537233E-005   7.5889341060964821E-005
   2352.8469348264384        6.0784760750830731E-005   6.0600811677679207E-005   6.6050037529733600E-005
   2435.9532056335870        5.2896752521278686E-005   5.2744523793269394E-005   5.7486559198747188E-005
   2521.9959596104222        4.6032186918602499E-005   4.5906649290853563E-005   5.0033295566541192E-005
   2611.0779162676686        4.0058362468387914E-005   3.9955246489159757E-005   4.3546392384229051E-005
   2703.3053132971791        3.4859763772240534E-005   3.4775449218770694E-005   3.7900614677103318E-005
   2798.7914800504532        3.0335689914541644E-005   3.0267110903780974E-005   3.2986777776607814E-005
   2897.6492167059700        2.6398721294768566E-005   2.6343283316220028E-005   2.8710088258097995E-005
   3000.0000000000000        2.2972592712252688E-005   2.2928102889074303E-005   2.4987839276786438E-005
