         200   4370.0000000000000     
   3.0000000000000000        3.0773886798007178E-003  0.43002767782098600        1.5082765047453937E-003
   3.1059655287322618        3.2939156484837508E-003  0.43002767782098600        1.6082166702421829E-003
   3.2156739552243598        3.5253615167180636E-003  0.43002767782098600        1.7151324090005301E-003
   3.3292574962321346        3.7727152115314545E-003  0.43002767782098600        1.8295165843301010E-003
   3.4468529954360925        4.0370365901926906E-003  0.43002767782098600        1.9518968124950457E-003
   3.5686022069563790        4.3194647439906619E-003  0.43002767782098600        2.0828380659908509E-003
   3.6946518254059528        4.6212271563686978E-003  0.43002767782098600        2.2229452072790820E-003
   3.8251536998800524        4.9436509240460107E-003  0.43002767782098600        2.3728659195644485E-003
   3.9602651907155879        5.2881763078518208E-003  0.43002767782098600        2.5332940546182320E-003
   4.1001490688558144        5.6563714106729213E-003  0.43002767782098600        2.7049727167432918E-003
   4.2449739038313119        6.0499506918501060E-003  0.43002767782098600        2.8886982035029171E-003
   4.3949142193596993        6.4707959725065142E-003  0.43002767782098600        3.0853240162689705E-003
   4.5501507036585132        6.9209811265730581E-003  0.43002767782098600        3.2957653075479060E-003
   4.7108703059600501        7.4028005450234779E-003  0.43002767782098600        3.5210035848926660E-003
   4.8772669425686850        7.9188042253958354E-003  0.43002767782098600        3.7620927472243860E-003
   5.0495410155906377        8.4718348293138079E-003  0.43002767782098600        4.0201639802549287E-003
   5.2279001269311909        9.0650746940558677E-003  0.43002767782098600        4.2964329109153382E-003
   5.4125592113782046        9.7020984404651723E-003  0.43002767782098600        4.5922066170055774E-003
   5.6037407956130689        1.0386934264719615E-002  0.43002767782098600        4.9088915483376004E-003
   5.8016752663703963        1.1124134582088177E-002  0.43002767782098600        5.2480022830326779E-003
   6.0066011480696169        1.1918856997402425E-002  0.43002767782098600        5.6111712120621481E-003
   6.2187653902530293        1.2776956464306384E-002  0.43002767782098600        6.0001592537506799E-003
   6.4384236651766908        1.3705089296954893E-002  0.43002767782098600        6.4168677092187555E-003
   6.6658406759127811        1.4710829410403012E-002  0.43002767782098600        6.8633513796955261E-003
   6.9012904753346884        1.5802796798124696E-002  0.43002767782098600        7.3418330773523258E-003
   7.1450567963692624        1.6990797830285464E-002  0.43002767782098600        7.8547196728629698E-003
   7.3974330131920443        1.8285974507887711E-002  0.43002767782098600        8.4046189912336620E-003
   7.6587243988323896        1.9700975447429638E-002  0.43002767782098600        8.9943636339064673E-003
   7.9292442763577622        2.1250102495746100E-002  0.43002767782098600        9.6270232126320614E-003
   8.2093202460023029        2.2949518289942107E-002  0.43002767782098600        1.0305941539018648E-002
   8.4992881560440416        2.4817389533584630E-002  0.43002767782098600        1.1034747921453598E-002
   8.7994991583321234        2.6874111286575235E-002  0.43002767782098600        1.1817402367806477E-002
   9.1103132457223861        2.9142448886336724E-002  0.43002767782098600        1.2658210237385698E-002
   9.4321068148357909        3.1647776524627275E-002  0.43002767782098600        1.3561876088534337E-002
   9.7652657388916850        3.4418216676819921E-002  0.43002767782098600        1.4533522413234226E-002
   10.110193474162946        3.7484899830402381E-002  0.43002767782098600        1.5578753741281622E-002
   10.467303634806061        4.0882107630437606E-002  0.43002767782098600        1.6703680311758423E-002
   10.837027566606025        4.4647556679066794E-002  0.43002767782098600        1.7914990613237720E-002
   11.219811965471335        4.8822615204750036E-002  0.43002767782098600        1.9219999633619814E-002
   11.616115840724994        5.3452519736929896E-002  0.43002767782098600        2.0626697951424428E-002
   12.026419117330413        5.8586745262015676E-002  0.43002767782098600        2.2143847405790878E-002
   12.451213803399156        6.4279195401671832E-002  0.43002767782098600        2.3781021921219003E-002
   12.891014326336300        7.0588642640024471E-002  0.43002767782098600        2.5548725039218539E-002
   13.346348065368609        7.7578919897727250E-002  0.43002767782098600        2.7458440076373436E-002
   13.817766430769083        8.5319397099616653E-002  0.43002767782098600        2.9522769790939561E-002
   14.305834715756038        9.3885123825840286E-002  0.43002767782098600        3.1755497664795025E-002
   14.811143972217785       0.10335728796477467       0.43002767782098600        3.4171753830080920E-002
   15.334300133051286       0.11382322780553639       0.43002767782098600        3.6788089541129131E-002
   15.875936741648431       0.12537679212412439       0.43002767782098600        3.9622674197064646E-002
   16.436703292225193       0.13811811606757859       0.43002767782098600        4.2695385325107311E-002
   17.017278874447534       0.15215378586852094       0.43002767782098600        4.6028042288986389E-002
   17.618359675531394       0.16759626025613436       0.43002767782098600        4.9644514278563791E-002
   18.240671728221173       0.18456368557930627       0.43002767782098600        5.3570984893791404E-002
   18.884968846184627       0.20317916340577497       0.43002767782098600        5.7836154446374674E-002
   19.552019805756849       0.22356940821136287       0.43002767782098600        6.2471379366912237E-002
   20.242632201214423       0.24586420851059268       0.43000332356804133        6.7511072728312568E-002
   20.957638264717446       0.27019450454908250       0.42993943211336005        7.2992881844914759E-002
   21.697899624358065       0.29669069340669130       0.42988382359124133        7.8958017180618775E-002
   22.464312967141105       0.32548068573679023       0.42983542392898039        8.5451592210764565E-002
   23.257792778673313       0.35668676406278510       0.42979329910012626        9.2522810877523426E-002
   24.079299719823517       0.39042384459219776       0.42975663536334380       0.10022555764603210     
   24.929823759061236       0.42679575300176703       0.42972472473886358       0.10861862628510560     
   25.810395145829254       0.46589231771350764       0.42969695087635956       0.11776621020057833     
   26.722064579292049       0.50778491931939163       0.42967277779022744       0.12773809135531122     
   27.665935811728254       0.55252425714188214       0.42965173851977173       0.13861038313407670     
   28.643146268414043       0.60013579725796240       0.42963342679495115       0.15046573575740363     
   29.654879655490589       0.65061676425164150       0.42961748892674395       0.16339387418879267     
   30.702343174827575       0.70381290272949426       0.42076176511666197       0.17743416528839362     
   31.786804983723918       0.75971359344229517       0.40893082753508125       0.19271880955131127     
   32.909571928103169       0.81827043293082602       0.39863366091907881       0.20938854496800371     
   34.072004028335677       0.87933714622554582       0.38967137658800793       0.22756381613515353     
   35.275488300232773       0.94272655330929822       0.38187101856996442       0.24737289928476908     
   36.521481794408061        1.0082127567283228       0.37508190438333311       0.26895240423228584     
   37.811486012809581        1.0755307356297992       0.36917293567542153       0.29244648711466126     
   39.147055493126302        1.1443788033125861       0.36403000977504052       0.31800631268379248     
   40.529808025860810        1.2144222227710761       0.35955379161409345       0.34578925342032790     
   41.961393513511240        1.2852958107339623       0.35565789823106359       0.37595685528562578     
   43.443545167355794        1.3566117230657271       0.35226707117220957       0.40867401767780798     
   44.978049075047366        1.4279640050989542       0.34931583328845678       0.44410604852881719     
   46.566763998623138        1.4989364117815864       0.34674718173321162       0.48241623184795723     
   48.211585595230147        1.5691083283299154       0.34451154615032148       0.52376153775853096     
   49.914505239722644        1.6380653203403044       0.34256573991721956       0.56829010236158706     
   51.677575059319224        1.7054056691015416       0.34087218935568958       0.61613599760754867     
   53.502930680545909        1.7707493742541007       0.33939818371632435       0.66741507564669833     
   55.392750120602578        1.8337445564436023       0.33811527734079150       0.72221885610422898     
   57.349321371645829        1.8940772375274508       0.33699868783886089       0.78061150299809356     
   59.375002227322796        1.9514765171559634       0.33602685377551905       0.84262407593577437     
   61.472246417894510        2.0057211038949330       0.33518100427894360       0.90825126294755709     
   63.643556378429672        2.0566427744946436       0.33444481597483078       0.97744674447815727     
   65.891560899834928        2.1041317811117310       0.33380406763380271        1.0501236664971987     
   68.218968971510208        2.1481376474120548       0.33324638635275550        1.1261526734237757     
   70.628585269218178        2.1869213118163309       0.33250394652660104        1.2042602377994864     
   73.123328588587739        2.2173415966307819       0.33116610698013238        1.2820627218332314     
   75.706175661273647        2.2446150609083411       0.33000171327785199        1.3624140071468360     
   78.380253523498894        2.2689246550830733       0.32898827238389644        1.4450121774098810     
   81.148784610322849        2.2905045209563051       0.32810621467134637        1.5295362958442063     
   84.015122474940881        2.3096334573851620       0.32733850328907133        1.6156553784566958     
   86.982687236203873        2.3266265156045969       0.32667032278786684        1.7030339115942723     
   90.055071705548812        2.3418267934079093       0.32608876567094136        1.7913414065077724     
   93.235978303002270        2.3555954167314179       0.32558260202259176        1.8802552301614532     
   96.529260096906100        2.3683017870903993       0.32514205534565177        1.9694645265868724     
   99.938826062156153        2.3803131691635615       0.32475862600122191        2.0586683343696435     
   103.46886588546354        2.3919856395897710       0.32442490073856273        2.1475801438998281     
   107.12359379692580        2.4036537996769325       0.32413444008993808        2.2359180483603240     
   110.90736836557576        2.4156226323281413       0.32388163796495434        2.3234037784683745     
   114.82483910697920        2.4281604003208379       0.32366160666900201        2.4097610558439202     
   118.88068277378797        2.4414915446029126       0.32347010054078462        2.4947047854991617     
   123.07973629915718        2.4557922704326045       0.32330342338024692        2.5779405346810376     
   127.42715949490271        2.4711878878053741       0.32315835263908499        2.6591652223987774     
   131.92808807993632        2.4877500426164434       0.32303209046962289        2.7380601015123616     
   136.58805281121437        2.5054983007344580       0.32292219570992353        2.8143006382754994     
   141.41261684513370        2.5244005380581855       0.32282654786196513        2.8875545403421841     
   146.40753387824964        2.5443766945690904       0.32274330085646397        2.9574916718116993     
   151.57894168226974        2.4917741213935343       0.31711797786036044        2.9447223818156614     
   156.93294936957258        2.2875878324319099       0.30022545368274550        2.7572314928100234     
   162.47613596373097        2.1085966209570173       0.28552271339941471        2.5837631633341029     
   168.21511902855468        1.9513916750858269       0.27272605711625564        2.4233734047910951     
   174.15674278185460        1.8130574407110380       0.26158850056122890        2.2752463895772008     
   180.30830831190286        1.6910949892339124       0.25189470940854425        2.1386619980044590     
   186.67715947709803        1.5833680051649730       0.24345763502165163        2.0129760721698737     
   193.27089166569760        1.4880418269838773       0.23611443605907195        1.8975857720261513     
   200.09760727912413        1.4035334311590579       0.22972313857975704        1.7919020044602025     
   207.16537088595135        1.3284787864169851       0.22416047943187223        1.6953415291305447     
   214.48286737908427        1.2616908909976750       0.21931890976021581        1.6073073218888447     
   222.05883252794877        1.2021380181395316       0.21510500801365595        1.5271944124852865     
   229.90230130529540        1.1489172175560456       0.21143744298876577        1.4543893115537072     
   238.02291179328489        1.1012334928131500       0.20824530571749766        1.3882750308616278     
   246.43025707061713        1.0583882073606576       0.20546703234643343        1.3282461477691723     
   255.13466811288930        1.0197615505252393       0.20304890753682173        1.2737121196642320     
   264.14653641505117       0.98480563289617706       0.20094427184020563        1.2241112659640334     
   273.47660938458705       0.95303406831518644       0.19911250433937455        1.1789156046353229     
   283.13635184814427       0.92401387758701281       0.19751818950868430        1.1376347902911068     
   293.13729579387660       0.89736179703384178       0.19613056390268657        1.0998225831312249     
   303.49136818478553       0.87273803439281150       0.19492284539231755        1.0650764388848564     
   314.21129214162710       0.84984128209835930       0.19387168386035059        1.0330362344518778     
   325.30973137660959       0.82840705573825180       0.19295680650866601        1.0033855674803756     
   336.80032369109853       0.80820230354548461       0.19216052503222852       0.97584624479780335     
   348.69678677735646       0.78902437912096257       0.19146747461018065       0.95017772508572451     
   361.01330816366544       0.77069764583617917       0.19086427889246765       0.92617250145116048     
   373.76502243504467       0.75188688108150614       0.18922994571092219       0.90173127471325487     
   386.96715283564077       0.72975136481786818       0.18400246336677054       0.87236294262495295     
   400.63544401132759       0.70875535773287812       0.17945272951754496       0.84537527870361306     
   414.78669160661980       0.68872178793536232       0.17549277927919690       0.82049274751555346     
   429.43761284149554       0.66950230737838834       0.17204624068671059       0.79748062939905529     
   444.60621081975989       0.65097226856515900       0.16904647811310039       0.77613661744604534     
   460.31059410826708       0.63302949447442058       0.16643560899307056       0.75628759999831274     
   476.56949149896485       0.61559094903282241       0.16416324175598468       0.73778432978185282     
   493.40288198244309       0.59858975039290008       0.16218544228895732       0.72049707963904042     
   510.83065126063684       0.58197440718316718       0.16046406656930887       0.70431395988555157     
   528.87421463804299       0.56570518924402657       0.15896583339409362       0.68913659492229473     
   547.55511287104378       0.54975368001579972       0.15766183328215641       0.67487925958206985     
   566.89562449487210       0.53410049368384793       0.15652689813401302       0.66146638584115947     
   586.91951519858117       0.51873321708561793       0.15553908503123900       0.64883058263729843     
   607.65068989177485       0.50364615430906823       0.15467933341319998       0.63691230294957057     
   629.11387223602765       0.48883852759547952       0.15393104948204644       0.62565826367165833     
   651.33543626567803       0.47431287384965404       0.15327976586201053       0.61502020265507040     
   674.34163286578985       0.46007530281412951       0.15271292183721188       0.60495506469358784     
   698.16073213207346       0.44613327806233088       0.15221955800418449       0.59542338212051593     
   722.82116976782140       0.42413681237091738       0.14345403745281357       0.57070748610639677     
   748.35235540965130       0.40108250179430621       0.13337090241525668       0.54388692250173187     
   774.78566186873422       0.37961839270369252       0.12459484774514377       0.51989101847743158     
   802.15264573967897       0.35958962209284084       0.11695653318802879       0.49838948911474951     
   830.48594444209971       0.34086216936249863       0.11030853401679870       0.47909139235719145     
   859.82037403360118       0.32331918086064393       0.10452231733356848       0.46173988690539364     
   890.19058800385733       0.30685984082314421        9.9486289630461827E-002  0.44610966520512163     
   921.63390537915473       0.29139543230951609        9.5103083982809089E-002  0.43200167342485224     
   954.18786380243341       0.27684879782367861        9.1288123301295487E-002  0.41924126373540771     
   987.89128659474920       0.26315205167934264        8.7967776219575120E-002  0.40767473724356251     
   1022.7855886411724       0.25024473616708709        8.5077846906480556E-002  0.39716650166702921     
   1058.9119914466876       0.23807374315170446        8.2562599919110941E-002  0.38759778663613370     
   1096.3148872627712       0.22659107757346986        8.0373405289883529E-002  0.37886368401363951     
   1135.0389283928459       0.21575403890883990        7.8468020941979480E-002  0.37087224523028595     
   1175.1302964981960       0.20552403713698636        7.6809671646329708E-002  0.36354258060306216     
   1216.6382559936744       0.19586566191601859        7.5366294757439972E-002  0.35680330076589117     
   1259.6123598874483       0.18674690665197460        7.4110039285450388E-002  0.35059186168743650     
   1304.1038583964914       0.17813835540796394        7.3016658635283074E-002  0.34485324357265085     
   1350.1674228314519       0.17001255551856492        7.2065013306189502E-002  0.33953886913861353     
   1397.8574692241625       0.15031526787816074        6.5178429017077003E-002  0.31145579811746166     
   1447.2325992722181       0.13209506037636032        5.8371528279048727E-002  0.28477773297631320     
   1498.3517579647787       0.11643108035068205        5.2447083759214259E-002  0.26165633828801899     
   1551.2759091786245        9.7286850379559531E-002   4.5696458390635394E-002  0.22608953123985839     
   1606.0700862978565        8.1180065516747557E-002   3.9772305033886284E-002  0.19500732463775081     
   1662.7990190437411        6.7775057925235388E-002   3.4616224289709362E-002  0.16824900928372555     
   1721.5324161293761        5.6616577270583099E-002   3.0128528119235665E-002  0.14520499683193769     
   1782.3403946248577        4.7326181669645244E-002   2.6222623213746230E-002  0.12535363315734382     
   1845.2954731357936        3.9588999372388391E-002   2.2823122920790903E-002  0.10824745967473896     
   1910.4750110852074        3.3142953421497638E-002   1.9864301055278338E-002   9.3502022889342631E-002
   1977.9568210713478        2.7770441356150855E-002   1.7289065032168590E-002   8.0787913982978826E-002
   2047.8213808026539        2.3290594083555213E-002   1.5047711024116077E-002   6.9822225422664391E-002
   2120.1545400970977        1.9552990659605102E-002   1.3096904530254933E-002   6.0361588675320682E-002
   2195.0417479108573        1.6432851063277170E-002   1.1399022116871131E-002   5.2197332825576738E-002
   2272.5750259096239        1.3826377182133427E-002   9.9212368023059733E-003   4.5149697229977297E-002
   2352.8469348264384        1.1647452700835585E-002   8.6350336615057376E-003   3.9064377636072109E-002
   2435.9532056335870        9.8245314319837500E-003   7.5155880887767534E-003   3.3808614607909918E-002
   2521.9959596104222        8.2981193474362305E-003   6.5412566422681029E-003   2.9268002516154464E-002
   2611.0779162676686        7.0188452607964236E-003   5.6932388995497686E-003   2.5344244308601313E-002
   2703.3053132971791        5.9456730564494444E-003   4.9551675346399988E-003   2.1952688604121882E-002
   2798.7914800504532        5.0444572501032684E-003   4.3127726222673760E-003   1.9020319388358346E-002
   2897.6492167059700        4.2868486700620148E-003   3.7536648749859408E-003   1.6484374919170028E-002
   3000.0000000000000        3.6492296182881667E-003   3.2670344630804089E-003   1.4290651018659490E-002
