         200   4370.0000000000000     
   3.0000000000000000        4.9859133426211092E-003   2.7220131078062520E-002   2.7471093477904229E-002
   3.1059655287322618        5.2664618499638277E-003   2.7220131078062520E-002   2.7729251970830537E-002
   3.2156739552243598        5.5582878746064188E-003   2.7220131078062520E-002   2.7972418668410270E-002
   3.3292574962321346        5.8614815442157931E-003   2.7220131078062520E-002   2.8201104439633362E-002
   3.4468529954360925        6.1760948831205307E-003   2.7220131078062520E-002   2.8415903499003931E-002
   3.5686022069563790        6.5021385340290772E-003   2.7220131078062520E-002   2.8617479851410128E-002
   3.6946518254059528        6.8395780491321348E-003   2.7220131078062520E-002   2.8806552924255029E-002
   3.8251536998800524        7.1883309682150929E-003   2.7220131078062520E-002   2.8983883584249338E-002
   3.9602651907155879        7.5482646077917118E-003   2.7220131078062520E-002   2.9150260591395402E-002
   4.1001490688558144        7.9191929821218528E-003   2.7220131078062520E-002   2.9306486993623929E-002
   4.2449739038313119        8.3008754007732749E-003   2.7220131078062520E-002   2.9453367914673727E-002
   4.3949142193596993        8.6930148245084448E-003   2.7220131078062520E-002   2.9591698873695015E-002
   4.5501507036585132        9.0952567546557662E-003   2.7220131078062520E-002   2.9722255136298292E-002
   4.7108703059600501        9.5071882279985694E-003   2.7220131078062520E-002   2.9845782009061884E-002
   4.8772669425686850        9.9283387743060968E-003   2.7220131078062520E-002   2.9962986665788699E-002
   5.0495410155906377        1.0358178752016016E-002   2.7220131078062520E-002   3.0074530180908849E-002
   5.2279001269311909        1.0796121190598097E-002   2.7220131078062520E-002   3.0181021625108186E-002
   5.4125592113782046        1.1241522599325853E-002   2.7220131078062520E-002   3.0283012857565385E-002
   5.6037407956130689        1.1693684587658848E-002   2.7220131078062520E-002   3.0380994586447989E-002
   5.8016752663703963        1.2151856023153464E-002   2.7220131078062520E-002   3.0475393609221128E-002
   6.0066011480696169        1.2615235752961321E-002   2.7220131078062520E-002   3.0566571229886267E-002
   6.2187653902530293        1.3082975910320023E-002   2.7220131078062520E-002   3.0654822839665800E-002
   6.4384236651766908        1.3554185819773868E-002   2.7220131078062520E-002   3.0740378634857308E-002
   6.6658406759127811        1.4027936504385646E-002   2.7220131078062520E-002   3.0823405430787876E-002
   6.9012904753346884        1.4503265785327622E-002   2.7220131078062520E-002   3.0904009514448876E-002
   7.1450567963692624        1.4979183949557658E-002   2.7220131078062520E-002   3.0982240461092717E-002
   7.3974330131920443        1.5454679241321680E-002   2.7220131078062520E-002   3.1058095711866476E-002
   7.6587243988323896        1.5928728050585431E-002   2.7220131078062520E-002   3.1131526578108550E-002
   7.9292442763577622        1.6400294241922870E-002   2.7220131078062520E-002   3.1202443119865041E-002
   8.2093202460023029        1.6868347061842238E-002   2.7220131078062520E-002   3.1270722357088408E-002
   8.4992881560440416        1.7331857562812133E-002   2.7220131078062520E-002   3.1336213528037844E-002
   8.7994991583321234        1.7789817395697374E-002   2.7220131078062520E-002   3.1398746841120539E-002
   9.1103132457223861        1.8241235522381945E-002   2.7220131078062520E-002   3.1458139094130907E-002
   9.4321068148357909        1.8685156632655648E-002   2.7220131078062520E-002   3.1514202204793354E-002
   9.7652657388916850        1.9120657768332425E-002   2.7220131078062520E-002   3.1566748581750667E-002
   10.110193474162946        1.9546865798972083E-002   2.7220131078062520E-002   3.1615598816178044E-002
   10.467303634806061        1.9962953589513176E-002   2.7220131078062520E-002   3.1660586262741194E-002
   10.837027566606025        2.0368154832759607E-002   2.7220131078062520E-002   3.1701563259013389E-002
   11.219811965471335        2.0761765376258491E-002   2.7220131078062520E-002   3.1738405083156646E-002
   11.616115840724994        2.1143144404585593E-002   2.7220131078062520E-002   3.1771013330810546E-002
   12.026419117330413        2.1511726279194673E-002   2.7220131078062520E-002   3.1799319468631078E-002
   12.451213803399156        2.1867014444711886E-002   2.7220131078062520E-002   3.1823286039614603E-002
   12.891014326336300        2.2208592278113601E-002   2.7220131078062520E-002   3.1842908483469066E-002
   13.346348065368609        2.2536115942955452E-002   2.7220131078062520E-002   3.1858214925525416E-002
   13.817766430769083        2.2849322942731440E-002   2.7220131078062520E-002   3.1869266264773981E-002
   14.305834715756038        2.3148024015392513E-002   2.7220131078062520E-002   3.1876154770342058E-002
   14.811143972217785        2.3432109466434797E-002   2.7220131078062520E-002   3.1879002730033898E-002
   15.334300133051286        2.3701540284306263E-002   2.7220131078062520E-002   3.1877960190169037E-002
   15.875936741648431        2.3956352430545166E-002   2.7220131078062520E-002   3.1873202549886626E-002
   16.436703292225193        2.4196647414597833E-002   2.7220131078062520E-002   3.1864927828763545E-002
   17.017278874447534        2.4422594792087478E-002   2.7220131078062520E-002   3.1853353621362566E-002
   17.618359675531394        2.4634422474176097E-002   2.7220131078062520E-002   3.1838714268631482E-002
   18.240671728221173        2.4832417176353597E-002   2.7220131078062520E-002   3.1821257621390028E-002
   18.884968846184627        2.5016918130270495E-002   2.7220131078062520E-002   3.1801242103039751E-002
   19.552019805756849        2.5188308675400627E-002   2.7220131078062520E-002   3.1778934383391556E-002
   20.242632201214423        2.5347017932535559E-002   2.7219866315545037E-002   3.1754605482998854E-002
   20.957638264717446        2.5493511477394294E-002   2.7219171732039433E-002   3.1728529446467132E-002
   21.697899624358065        2.5628287722049330E-002   2.7218567194821935E-002   3.1700983091539889E-002
   22.464312967141105        2.5751874084618466E-002   2.7218041027320339E-002   3.1672241386782631E-002
   23.257792778673313        2.5864819910051823E-002   2.7217583075447981E-002   3.1642577959227668E-002
   24.079299719823517        2.5967697048667891E-002   2.7217184492774448E-002   3.1612263210304935E-002
   24.929823759061236        2.6061093513173043E-002   2.7216837582635552E-002   3.1581564527071226E-002
   25.810395145829254        2.6145611879055904E-002   2.7216535644498777E-002   3.1550745846992995E-002
   26.722064579292049        2.6221865011501554E-002   2.7216272851501022E-002   3.1520068655966293E-002
   27.665935811728254        2.6290477246506155E-002   2.7216044127170016E-002   3.1489791462959521E-002
   28.643146268414043        2.6352080964413837E-002   2.7215845054820158E-002   3.1460171355507729E-002
   29.654879655490589        2.6407316417514485E-002   2.7215671789390116E-002   3.1431464652778900E-002
   30.702343174827575        2.6444369559090488E-002   2.5786227840779469E-002   3.1384866553935381E-002
   31.786804983723918        2.6470065381442080E-002   2.3875566833392578E-002   3.1330109316162813E-002
   32.909571928103169        2.6491200257641817E-002   2.2212605246105317E-002   3.1276866691447816E-002
   34.072004028335677        2.6508346258998002E-002   2.0765223152301272E-002   3.1225282421749545E-002
   35.275488300232773        2.6522077558250236E-002   1.9505488680205314E-002   3.1175504575030943E-002
   36.521481794408061        2.6532969049118230E-002   1.8409067060054924E-002   3.1127683595967431E-002
   37.811486012809581        2.6541593427684539E-002   1.7454786300290601E-002   3.1081973028921496E-002
   39.147055493126302        2.6548518255472428E-002   1.6624219161044049E-002   3.1038528263349466E-002
   40.529808025860810        2.6554302372822410E-002   1.5901323326144686E-002   3.0997504908522117E-002
   41.961393513511240        2.6559491611443692E-002   1.5272148205866755E-002   3.0959057921990853E-002
   43.443545167355794        2.6564614368112159E-002   1.4724539785192448E-002   3.0923337899337246E-002
   44.978049075047366        2.6570176471322284E-002   1.4247923700530841E-002   3.0890489433345325E-002
   46.566763998623138        2.6576656033310751E-002   1.3833094162776165E-002   3.0860647737814655E-002
   48.211585595230147        2.6584497982286300E-002   1.3472045707782579E-002   3.0833936115275195E-002
   49.914505239722644        2.6594109062043528E-002   1.3157803825270565E-002   3.0810461479844373E-002
   51.677575059319224        2.6605852708320998E-002   1.2884300478672665E-002   3.0790311558352719E-002
   53.502930680545909        2.6620044606870712E-002   1.2646252979868440E-002   3.0773551064128660E-002
   55.392750120602578        2.6636948331236494E-002   1.2439067440180168E-002   3.0760218588460897E-002
   57.349321371645829        2.6656772523082711E-002   1.2258741577763499E-002   3.0750322676856682E-002
   59.375002227322796        2.6679668047413976E-002   1.2101793285400807E-002   3.0743839176586400E-002
   61.472246417894510        2.6705726591092077E-002   1.1965191123477466E-002   3.0740708405542660E-002
   63.643556378429672        2.6734979326504656E-002   1.1846298915901905E-002   3.0740832956860330E-002
   65.891560899834928        2.6767398118951524E-002   1.1742819976696316E-002   3.0744075912726116E-002
   68.218968971510208        2.6802896202465731E-002   1.1652756119043466E-002   3.0750259951659066E-002
   70.628585269218178        2.6821968089876719E-002   1.1569213995013448E-002   3.0730756632074214E-002
   73.123328588587739        2.6788633388124712E-002   1.1482633822657788E-002   3.0633184268615561E-002
   75.706175661273647        2.6758826197020667E-002   1.1407278442635236E-002   3.0540023944917168E-002
   78.380253523498894        2.6732238283939093E-002   1.1341692186418941E-002   3.0451070107892390E-002
   81.148784610322849        2.6708564026877483E-002   1.1284608578013271E-002   3.0366137510648917E-002
   84.015122474940881        2.6687504258822707E-002   1.1234925053578489E-002   3.0285057706608418E-002
   86.982687236203873        2.6668770726554675E-002   1.1191682810432296E-002   3.0207678456638808E-002
   90.055071705548812        2.6652089049474279E-002   1.1154046521722662E-002   3.0133858438211619E-002
   93.235978303002270        2.6637202609998994E-002   1.1121289427622659E-002   3.0063466977061602E-002
   96.529260096906100        2.6623875347818304E-002   1.1092778828335313E-002   2.9996381222895156E-002
   99.938826062156153        2.6611894720242956E-002   1.1067964657746230E-002   2.9932486461056663E-002
   103.46886588546354        2.6601073029066554E-002   1.1046367156882434E-002   2.9871670576920525E-002
   107.12359379692580        2.6591250018578896E-002   1.1027569586510941E-002   2.9813828045020991E-002
   110.90736836557576        2.6582293540074235E-002   1.1011209140588443E-002   2.9758856797167419E-002
   114.82483910697920        2.6574099892833321E-002   1.0996969505067502E-002   2.9706655960917434E-002
   118.88068277378797        2.6566594502461235E-002   1.0984575915991768E-002   2.9657129482558102E-002
   123.07973629915718        2.6559731025546662E-002   1.0973789168563649E-002   2.9610183855396363E-002
   127.42715949490271        2.6553490010632865E-002   1.0964400711026469E-002   2.9565726474187672E-002
   131.92808807993632        2.6547877726711668E-002   1.0956229476723449E-002   2.9523669344482615E-002
   136.58805281121437        2.6542923276365024E-002   1.0949117482418246E-002   2.9483924706089529E-002
   141.41261684513370        2.6538676249412842E-002   1.0942927497091883E-002   2.9446408378771494E-002
   146.40753387824964        2.6535203173673871E-002   1.0937540049768000E-002   2.9411037852197851E-002
   151.57894168226974        2.5647150947197467E-002   1.0696892123004228E-002   2.8440078591942815E-002
   156.93294936957258        2.2962129397475294E-002   9.9776740260434545E-003   2.5569509348716990E-002
   162.47613596373097        2.0626380471795287E-002   9.3516884258157459E-003   2.3072417290308220E-002
   168.21511902855468        1.8594920637606070E-002   8.8068564822492267E-003   2.0900165979486896E-002
   174.15674278185460        1.6828513335435284E-002   8.3326625639173289E-003   1.9010446155601643E-002
   180.30830831190286        1.5292889490575922E-002   7.9199385712290602E-003   1.7366400291313290E-002
   186.67715947709803        1.3958233090054012E-002   7.5607206994264455E-003   1.5936038253870972E-002
   193.27089166569760        1.2798549249487905E-002   7.2480757963946808E-003   1.4691533816286293E-002
   200.09760727912413        1.1791146126608922E-002   6.9759591629152771E-003   1.3608648251156128E-002
   207.16537088595135        1.0916300693829985E-002   6.7391227325323422E-003   1.2666355903588271E-002
   214.48286737908427        1.0156789760495206E-002   6.5329874925327694E-003   1.1846328722012672E-002
   222.05883252794877        9.4976412895536252E-003   6.3535759159634823E-003   1.1132660714712266E-002
   229.90230130529540        8.9258135085413526E-003   6.1974252359380576E-003   1.0511517160375320E-002
   238.02291179328489        8.4299314547920581E-003   6.0615164238896138E-003   9.9708471801827573E-003
   246.43025707061713        8.0001151335860974E-003   5.9432283299514846E-003   9.5001971795637304E-003
   255.13466811288930        7.6277423636360109E-003   5.8402739635408686E-003   9.0904539318798407E-003
   264.14653641505117        7.3053210527291058E-003   5.7506667464902505E-003   8.7337075133445876E-003
   273.47660938458705        7.0263269210987045E-003   5.6726771978490879E-003   8.4230767047306608E-003
   283.13635184814427        6.7850704679562673E-003   5.6047974620305153E-003   8.1525660361602553E-003
   293.13729579387660        6.5766071510309021E-003   5.5457177509615268E-003   7.9169706677910383E-003
   303.49136818478553        6.3966303099443180E-003   5.4942977855638652E-003   7.7117616734689726E-003
   314.21129214162710        6.2413835320422753E-003   5.4495434084991592E-003   7.5329921504442288E-003
   325.30973137660959        6.1076027013579883E-003   5.4105914827293593E-003   7.3772365968853768E-003
   336.80032369109853        5.9924383636626478E-003   5.3766889088980568E-003   7.2415069420896207E-003
   348.69678677735646        5.8934129908574315E-003   5.3471815125846183E-003   7.1232081069000919E-003
   361.01330816366544        5.8083680034324014E-003   5.3214997807352641E-003   7.0200810383415913E-003
   373.76502243504467        5.7277579706941951E-003   5.2891123211725646E-003   6.9166481811239822E-003
   386.96715283564077        5.6321336803600774E-003   5.2265038250227346E-003   6.7801718329710938E-003
   400.63544401132759        5.5495649217084872E-003   5.1720125851813185E-003   6.6612920638699311E-003
   414.78669160661980        5.4783164076596096E-003   5.1245850640671588E-003   6.5577171941104788E-003
   429.43761284149554        5.4168772461175079E-003   5.0833065701398998E-003   6.4674577699288249E-003
   444.60621081975989        5.3639263717009311E-003   5.0473790220056762E-003   6.3887778035641718E-003
   460.31059410826708        5.3183137172258133E-003   5.0161091719158127E-003   6.3201688924791896E-003
   476.56949149896485        5.2790364356113248E-003   4.9888934902457809E-003   6.2603170644271412E-003
   493.40288198244309        5.2452193328581401E-003   4.9652057870333442E-003   6.2080755949525911E-003
   510.83065126063684        5.2161016962881711E-003   4.9445892190526546E-003   6.1624474741502630E-003
   528.87421463804299        5.1910197680386369E-003   4.9266451840839030E-003   6.1225610042333614E-003
   547.55511287104378        5.1693967733067551E-003   4.9110274391327407E-003   6.0876569186564160E-003
   566.89562449487210        5.1507306878472063E-003   4.8974345509745785E-003   6.0570718177874261E-003
   586.91951519858117        5.1345840840154649E-003   4.8856037137244099E-003   6.0302245973641727E-003
   607.65068989177485        5.1205769496918312E-003   4.8753066429121153E-003   6.0066075486943302E-003
   629.11387223602765        5.1083784427341204E-003   4.8663445979852515E-003   5.9857755093891719E-003
   651.33543626567803        5.0977000217093506E-003   4.8585443061175846E-003   5.9673370079433921E-003
   674.34163286578985        5.0882906777122731E-003   4.8517553301617227E-003   5.9509487804068045E-003
   698.16073213207346        5.0799308968947302E-003   4.8458464115643989E-003   5.9363078691821907E-003
   722.82116976782140        5.0208301871366720E-003   4.7891190699071032E-003   5.8256978115453720E-003
   748.35235540965130        4.9539220322665951E-003   4.7245605131489852E-003   5.7002795886564482E-003
   774.78566186873422        4.8953496047517506E-003   4.6683707049769941E-003   5.5906121094069635E-003
   802.15264573967897        4.8439734837481506E-003   4.6194654228365432E-003   5.4946056838257578E-003
   830.48594444209971        4.7988004797359833E-003   4.5769007611291424E-003   5.4104392890235789E-003
   859.82037403360118        4.7589634332934434E-003   4.5398537715998326E-003   5.3365240607456009E-003
   890.19058800385733        4.7237083819816807E-003   4.5076099625964376E-003   5.2714802848778039E-003
   921.63390537915473        4.6923765427668790E-003   4.4795459299783597E-003   5.2141045635077264E-003
   954.18786380243341        4.6643951303332884E-003   4.4551201581553941E-003   5.1633531652929762E-003
   987.89128659474920        4.6392653680990487E-003   4.4338612129232405E-003   5.1183199903515131E-003
   1022.7855886411724        4.6165526928300714E-003   4.4153580722937303E-003   5.0782185085145246E-003
   1058.9119914466876        4.5958809655708005E-003   4.3992538829924922E-003   5.0423707304106512E-003
   1096.3148872627712        4.5769235938326767E-003   4.3852372854561953E-003   5.0101906222975705E-003
   1135.0389283928459        4.5593995562602883E-003   4.3730378194059985E-003   4.9811760770055594E-003
   1175.1302964981960        4.5430676438347872E-003   4.3624200267523127E-003   4.9548977000790431E-003
   1216.6382559936744        4.5277216948854870E-003   4.3531786223222771E-003   4.9309894380819858E-003
   1259.6123598874483        4.5131880680043934E-003   4.3451352866048596E-003   4.9091428194436761E-003
   1304.1038583964914        4.4993218088423062E-003   4.3381347776858450E-003   4.8890991180083080E-003
   1350.1674228314519        4.4860033831035087E-003   4.3320417472183228E-003   4.8706426641683016E-003
   1397.8574692241625        4.1818513334029982E-003   4.0433016133389447E-003   4.5344465417066736E-003
   1447.2325992722181        3.8893099852332831E-003   3.7656263012365528E-003   4.2112138139558308E-003
   1498.3517579647787        3.6340086958857997E-003   3.5239492084757009E-003   3.9295116047167412E-003
   1551.2759091786245        3.1640617089197551E-003   3.0743984634460267E-003   3.4226750046020015E-003
   1606.0700862978565        2.7481704841250476E-003   2.6758291077748969E-003   2.9743513453769563E-003
   1662.7990190437411        2.3868507350287890E-003   2.3289346814762105E-003   2.5848703252471013E-003
   1721.5324161293761        2.0729761109249591E-003   2.0270083025657644E-003   2.2465167761799927E-003
   1782.3403946248577        1.8003541039296031E-003   1.7642240855231565E-003   1.9525920919419284E-003
   1845.2954731357936        1.5635927004185746E-003   1.5355101141295204E-003   1.6972687825661456E-003
   1910.4750110852074        1.3579910704121590E-003   1.3364444158826174E-003   1.4754711325539449E-003
   1977.9568210713478        1.1794664533610025E-003   1.1631858756960089E-003   1.2827950630567161E-003
   2047.8213808026539        1.0244659147197843E-003   1.0123904845195362E-003   1.1154118329792238E-003
   2120.1545400970977        8.8989394894620666E-004   8.8114275332914268E-004   9.6998895128368450E-004
   2195.0417479108573        7.7306515054950404E-004   7.6691142629288999E-004   8.4363828715647423E-004
   2272.5750259096239        6.7163931807600068E-004   6.6748794665330872E-004   7.3384531123127676E-004
   2352.8469348264384        5.8358636049046526E-004   5.8095386722963873E-004   6.3843065043365946E-004
   2435.9532056335870        5.0714187496055368E-004   5.0563902074222153E-004   5.5550165563704207E-004
   2521.9959596104222        4.4077064831606213E-004   4.4008726448954829E-004   4.8341260898948803E-004
   2611.0779162676686        3.8314198164346441E-004   3.8303373043005684E-004   4.2073783146901204E-004
   2703.3053132971791        3.3310026004214685E-004   3.3337724609609586E-004   3.6623969661006512E-004
   2798.7914800504532        2.8964075987148770E-004   2.9015774941998872E-004   3.1884236478918346E-004
   2897.6492167059700        2.5189366183905751E-004   2.5254170520823188E-004   2.7761449544391384E-004
   3000.0000000000000        2.1910249470212105E-004   2.1980184213527578E-004   2.4174591338419876E-004
