         200   4370.0000000000000     
   3.0000000000000000        1.8638029004825370E-003   9.1038403708669016        9.0030777834981400E-004
   3.1059655287322618        1.9974242513652002E-003   9.1038403708669016        9.5992864477902865E-004
   3.2156739552243598        2.1405446305338364E-003   9.1038403708669016        1.0237137804244680E-003
   3.3292574962321346        2.2938077030510949E-003   9.1038403708669016        1.0919581782902780E-003
   3.4468529954360925        2.4579002379773655E-003   9.1038403708669016        1.1649775619661212E-003
   3.5686022069563790        2.6335565248766148E-003   9.1038403708669016        1.2431098678514750E-003
   3.6946518254059528        2.8215631691620026E-003   9.1038403708669016        1.3267166626796442E-003
   3.8251536998800524        3.0227649584300825E-003   9.1038403708669016        1.4161847707549623E-003
   3.9602651907155879        3.2380718882829545E-003   9.1038403708669016        1.5119281185408009E-003
   4.1001490688558144        3.4684664873422546E-003   9.1038403708669016        1.6143893854728539E-003
   4.2449739038313119        3.7150129904523982E-003   9.1038403708669016        1.7240421245198828E-003
   4.3949142193596993        3.9788673395727272E-003   9.1038403708669016        1.8413928770896265E-003
   4.5501507036585132        4.2612885313781344E-003   9.1038403708669016        1.9669834948358653E-003
   4.7108703059600501        4.5636510883294039E-003   9.1038403708669016        2.1013935536438981E-003
   4.8772669425686850        4.8874601106077432E-003   9.1038403708669016        2.2452434936497028E-003
   5.0495410155906377        5.2343655994201632E-003   9.1038403708669016        2.3991970001418068E-003
   5.2279001269311909        5.6061806280382409E-003   9.1038403708669016        2.5639646437240278E-003
   5.4125592113782046        6.0049001536067841E-003   9.1038403708669016        2.7403073331787476E-003
   5.6037407956130689        6.4327219199010969E-003   9.1038403708669016        2.9290401975138759E-003
   5.8016752663703963        6.8920694005622143E-003   9.1038403708669016        3.1310368356947432E-003
   6.0066011480696169        7.3856169866818649E-003   9.1038403708669016        3.3472339713154099E-003
   6.2187653902530293        7.9163176692738299E-003   9.1038403708669016        3.5786365519696987E-003
   6.4384236651766908        8.4874335236969304E-003   9.1038403708669016        3.8263233356870237E-003
   6.6658406759127811        9.1025693706588227E-003   9.1038403708669016        4.0914530095648152E-003
   6.9012904753346884        9.7657100684808620E-003   9.1038403708669016        4.3752708887352379E-003
   7.1450567963692624        1.0481261985583004E-002   9.1038403708669016        4.6791162471399687E-003
   7.3974330131920443        1.1254098121647800E-002   9.1038403708669016        5.0044298363540775E-003
   7.6587243988323896        1.2089616001698918E-002   9.1038403708669016        5.3527651450087713E-003
   7.9292442763577622        1.2993782874264132E-002   9.1038403708669016        5.7257924120703123E-003
   8.2093202460023029        1.3973220759881406E-002   9.1038403708669016        6.1253169350162862E-003
   8.4992881560440416        1.5035260022592586E-002   9.1038403708669016        6.5532816107967753E-003
   8.7994991583321234        1.6188048236618076E-002   9.1038403708669016        7.0117888984647719E-003
   9.1103132457223861        1.7440622479300956E-002   9.1038403708669016        7.5031042315960288E-003
   9.4321068148357909        1.8803048278180308E-002   9.1038403708669016        8.0296817600292222E-003
   9.7652657388916850        2.0286517000816514E-002   9.1038403708669016        8.5941688478841493E-003
   10.110193474162946        2.1903523228681242E-002   9.1038403708669016        9.1994362706878993E-003
   10.467303634806061        2.3667993676130233E-002   9.1038403708669016        9.8485840760158937E-003
   10.837027566606025        2.5595504827876085E-002   9.1038403708669016        1.0544974918127479E-002
   11.219811965471335        2.7703477395779923E-002   9.1038403708669016        1.1292252331372413E-002
   11.616115840724994        3.0011383675652269E-002   9.1038403708669016        1.2094358625349999E-002
   12.026419117330413        3.2541041769818181E-002   9.1038403708669016        1.2955578344342722E-002
   12.451213803399156        3.5316828024560591E-002   9.1038403708669016        1.3880549311176230E-002
   12.891014326336300        3.8366020099389810E-002   9.1038403708669016        1.4874316105198229E-002
   13.346348065368609        4.1719024317239589E-002   9.1038403708669016        1.5942344163951860E-002
   13.817766430769083        4.5409747691365132E-002   9.1038403708669016        1.7090582980798800E-002
   14.305834715756038        4.9475817360561739E-002   9.1038403708669016        1.8325483990381253E-002
   14.811143972217785        5.3958962947218553E-002   9.1038403708669016        1.9654075305369202E-002
   15.334300133051286        5.8905203993940662E-002   9.1038403708669016        2.1083984203679875E-002
   15.875936741648431        6.4365228030055552E-002   9.1038403708669016        2.2623525491369662E-002
   16.436703292225193        7.0394527735219870E-002   9.1038403708669016        2.4281729472914508E-002
   17.017278874447534        7.7053768766887618E-002   9.1038403708669016        2.6068446297652339E-002
   17.618359675531394        8.4408863625527145E-002   9.1038403708669016        2.7994380320409518E-002
   18.240671728221173        9.2531299117393676E-002   9.1038403708669016        3.0071206666969101E-002
   18.884968846184627       0.10149827718639542        9.1038403708669016        3.2311651743630015E-002
   19.552019805756849       0.11139263141647084        9.1038403708669016        3.4729539264956803E-002
   20.242632201214423       0.12230319087450488        9.1036277595440485        3.7339972829264288E-002
   20.957638264717446       0.13432451482667992        9.1031187227956920        4.0159395441787558E-002
   21.697899624358065       0.14755673660304533        9.1027331145697286        4.3205722928797242E-002
   22.464312967141105       0.16210524323061370        9.1024410050717837        4.6498493668795077E-002
   23.257792778673313       0.17807964450823327        9.1022197262336935        5.0058928502193407E-002
   24.079299719823517       0.19559327751274824        9.1020521019109406        5.3910196719252595E-002
   24.929823759061236       0.21476145979597699        9.1019251222421165        5.8077498106829141E-002
   25.810395145829254       0.23569983952765522        9.1018289314328680        6.2588277179042515E-002
   26.722064579292049       0.25852154017462625        9.1017560649541807        6.7472289895253890E-002
   27.665935811728254       0.28333506183047613        9.1017008667515586        7.2761946103659186E-002
   28.643146268414043       0.31024048428846790        9.1016590527154229        7.8492390965429926E-002
   29.654879655490589       0.33932604915587783        9.1016273773613214        8.4701755628854319E-002
   30.702343174827575       0.37054370795144748        9.0902752443632249        9.1378462944753991E-002
   31.786804983723918       0.40402330349450416        9.0767512601428493        9.8601055404981819E-002
   32.909571928103169       0.43985136091881932        9.0665064996614131       0.10644346968438378     
   34.072004028335677       0.47802317463681498        9.0587457942632437       0.11495548515394541     
   35.275488300232773       0.51850236717252340        9.0528669033495532       0.12419068775955230     
   36.521481794408061       0.56121933824192516        9.0484134946257662       0.13420673312517381     
   37.811486012809581       0.60606838529844786        9.0450399247548052       0.14506504514985849     
   39.147055493126302       0.65290704044002701        9.0424843601569656       0.15683067433322817     
   40.529808025860810       0.70155673212716751        9.0405484453050882       0.16957207707888677     
   41.961393513511240       0.75180333610699379        9.0390819507471072       0.18336037631322274     
   43.443545167355794       0.80340201326335259        9.0379710439870369       0.19826922910933165     
   44.978049075047366       0.85608053885314561        9.0371295039875275       0.21437377365552984     
   46.566763998623138       0.90954566749666388        9.0364920128496173       0.23174986766550829     
   48.211585595230147       0.96348877402628752        9.0360091004510785       0.25047254036783045     
   49.914505239722644        1.0175956360630869        9.0356432820815744       0.27061530428553626     
   51.677575059319224        1.0715537790033600        9.0353661654039605       0.29224829371302352     
   53.502930680545909        1.1250621904594245        9.0351562414238060       0.31543694285018131     
   55.392750120602578        1.1778393316533267        9.0349972197735777       0.34023982467530661     
   57.349321371645829        1.2296342306234014        9.0348767568470052       0.36670792500534277     
   59.375002227322796        1.2802340210942427        9.0347855031299638       0.39488271292671401     
   61.472246417894510        1.3294727194354647        9.0347163757729998       0.42479535375930616     
   63.643556378429672        1.3772373438058898        9.0346640104054501       0.45646530488224579     
   65.891560899834928        1.4234758318780394        9.0346243423136219       0.48990123980348443     
   68.218968971510208        1.4682007189539648        9.0345942927296381       0.52510085843817156     
   70.628585269218178        1.5084830064679409        9.0333930279863441       0.56052080387702297     
   73.123328588587739        1.5397546095668728        9.0295213302269666       0.59363916173575648     
   75.706175661273647        1.5712103988862480        9.0265884410615875       0.62895745908234912     
   78.380253523498894        1.6028399990580264        9.0243667032564723       0.66632079390728749     
   81.148784610322849        1.6347484329745468        9.0226836806135040       0.70559928758478652     
   84.015122474940881        1.6671420202962994        9.0214087417865443       0.74668839418580746     
   86.982687236203873        1.7003132225881894        9.0204429499028880       0.78950848826015430     
   90.055071705548812        1.7346271880976618        9.0197113380966236       0.83400718841820398     
   93.235978303002270        1.7705059378339192        9.0191571236286023       0.88015914864171396     
   96.529260096906100        1.8084131572598845        9.0187372899758937       0.92796689844143432     
   99.938826062156153        1.8488367774440471        9.0184192591500612       0.97745901018605075     
   103.46886588546354        1.8922747104885485        9.0181783398708379        1.0286920196582039     
   107.12359379692580        1.9392144632460804        9.0179958377172067        1.0817443676575840     
   110.90736836557576        1.9901168398148250        9.0178575893651232        1.1367147354588130     
   114.82483910697920        2.0454004608173166        9.0177528614877005        1.1937196693782137     
   118.88068277378797        2.1054211312122648        9.0176735275994595        1.2528841075809469     
   123.07973629915718        2.1704573026093472        9.0176134308877494        1.3143364861518265     
   127.42715949490271        2.2406979655817265        9.0175679055634586        1.3782030887898473     
   131.92808807993632        2.3162243711152861        9.0175334193893182        1.4445936512303041     
   136.58805281121437        2.3970064345071838        9.0175072949273254        1.5135968921735024     
   141.41261684513370        2.4828892805085907        9.0174875050184564        1.5852632073207134     
   146.40753387824964        2.5735916400932584        9.0174725138403549        1.6595937321496717     
   151.57894168226974        2.6687089267210014        9.0174611575078156        1.7365288203286884     
   156.93294936957258        2.7677089044242993        9.0174525549010180        1.8159266310072704     
   162.47613596373097        2.8699477556758515        9.0174460381307995        1.8975548967122036     
   168.21511902855468        2.9746726378934345        9.0174411015204630        1.9810692823003107     
   174.15674278185460        2.7472591696228932        8.9176140724597435        1.8679546002562639     
   180.30830831190286        2.4490500394317154        8.8040784240515233        1.6984650044628375     
   186.67715947709803        2.2214833164823817        8.7180724372454392        1.5577206250568236     
   193.27089166569760        2.0490034947125491        8.6529215022640553        1.4401458741510849     
   200.09760727912413        1.9194507185705181        8.6035674301999148        1.3416047630283661     
   207.16537088595135        1.8232718143447761        8.5661809172427805        1.2589992924606836     
   214.48286737908427        1.7529089518651060        8.5378593489454015        1.1899330374686803     
   222.05883252794877        1.7023599976917378        8.5164050791767103        1.1324629859002189     
   229.90230130529540        1.6668357306113808        8.5001531206017482        1.0849072625539253     
   238.02291179328489        1.6425029435301202        8.4878417035066285        1.0457207595203690     
   246.43025707061713        1.6262908639198239        8.4785156046560832        1.0134371432082721     
   255.13466811288930        1.6157376184656169        8.4714507642991581       0.98665506654040303     
   264.14653641505117        1.6088746620111791        8.4660989776573246       0.96406676041887551     
   273.47660938458705        1.6041344081965156        8.4620449121615842       0.94449905562219327     
   283.13635184814427        1.6002781340485439        8.4589738182365846       0.92695445104987373     
   293.13729579387660        1.5963390465815366        8.4566473906581550       0.91064061287812170     
   303.49136818478553        1.5915762998760827        8.4548850838987182       0.89497832477147909     
   314.21129214162710        1.5854378231737780        8.4535500759693534       0.87959037793401773     
   325.30973137660959        1.5775305656808709        8.4525387857320649       0.86427717208221422     
   336.80032369109853        1.5675949783150231        8.4517726986258221       0.84898065922380683     
   348.69678677735646        1.5554848038967375        8.4511923692008573       0.83374825209170922     
   361.01330816366544        1.5411492860335607        8.4507527602150692       0.81869695279510180     
   373.76502243504467        1.5156107485983226        8.1449723429275753       0.78564330393054771     
   386.96715283564077        1.4592961177718582        6.9345654791455136       0.69064242622541727     
   400.63544401132759        1.4070665835506568        6.0176625772452255       0.60509327656796363     
   414.78669160661980        1.3577031422876880        5.3230771210407095       0.52956134066850391     
   429.43761284149554        1.3103150391557035        4.7969173317433285       0.46403390130861855     
   444.60621081975989        1.2642646269422473        4.3983332106459416       0.40801654237581730     
   460.31059410826708        1.2191149782776238        4.0963961438230143       0.36069813307282983     
   476.56949149896485        1.1745829795176026        3.8676739008772301       0.32110182405815729     
   493.40288198244309        1.1305016238086172        3.6944089421434616       0.28820374379815550     
   510.83065126063684        1.0867947514331882        3.5631579155554252       0.26101629050630759     
   528.87421463804299        1.0434497468276527        3.4637307526671366       0.23863192847536824     
   547.55511287104378        1.0005027716755768        3.3884122832751449       0.22024862479566271     
   566.89562449487210       0.95802259306784165        3.3313573167026482       0.20517586505919536     
   586.91951519858117       0.91609759612230768        3.2881362189142540       0.19283168077289972     
   607.65068989177485       0.87482983194704389        3.2553951968806571       0.18273526149142355     
   629.11387223602765       0.83432654831100650        3.2305933397431397       0.17449480730185729     
   651.33543626567803       0.79469353609975113        3.2118050806822489       0.16779474367645605     
   674.34163286578985       0.75603458417781844        3.1975726686148245       0.16238393061793424     
   698.16073213207346       0.71844495387378160        3.1867911273979219       0.15806358815646704     
   722.82116976782140       0.67994165719705646        3.1765534161485149       0.15194194213476109     
   748.35235540965130       0.64260842641282112        3.1682302588360916       0.14658993213946794     
   774.78566186873422       0.60709614229245101        3.1619251811589080       0.14266254953181665     
   802.15264573967897       0.57333698931818611        3.1571489330366846       0.13990007559673412     
   830.48594444209971       0.54128356194618787        3.1535308473379828       0.13810775862460548     
   859.82037403360118       0.51090102957580519        3.1507900230910395       0.13714047483732020     
   890.19058800385733       0.48216500152721742        3.1487138041097884       0.13689115549507924     
   921.63390537915473       0.45505546038295891        3.1471409968852959       0.13728184874125285     
   954.18786380243341       0.42955722245706651        3.1459495575506389       0.13825712824023745     
   987.89128659474920       0.40565779970584620        3.1450470228607994       0.13977910389024076     
   1022.7855886411724       0.38334636179030901        3.1443633218189819       0.14182383682956073     
   1058.9119914466876       0.36261602468076937        3.1438454071507498       0.14437849246495452     
   1096.3148872627712       0.34346262372284864        3.1434530689921889       0.14743955759349681     
   1135.0389283928459       0.32588786080199855        3.1431558633923489       0.15101121817471247     
   1175.1302964981960       0.30990032367543691        3.1429307253126577       0.15510441548031895     
   1216.6382559936744       0.29551729501466950        3.1427601754807575       0.15973633147104216     
   1259.6123598874483       0.28276863222031656        3.1426309798774579       0.16492965749933328     
   1304.1038583964914       0.27169929282775479        3.1425331121049482       0.17071246391651163     
   1350.1674228314519       0.26237262786151860        3.1424589739041995       0.17711834563836384     
   1397.8574692241625       0.21432994974352909        2.4806635600603664       0.15263302809036000     
   1447.2325992722181       0.17406236876355177        1.8818345953517528       0.13037731094124522     
   1498.3517579647787       0.14350669633694374        1.4282072390112286       0.11333675905942027     
   1551.2759091786245       0.10689232231364289        1.0819786802318536        9.0089640807011775E-002
   1606.0700862978565        8.0030862683784995E-002  0.81962489668351812        7.1521823471020221E-002
   1662.7990190437411        6.0520136291120602E-002  0.62088763514126821        5.6892970294033333E-002
   1721.5324161293761        4.6270519206540066E-002  0.47033733021031915        4.5342561913245649E-002
   1782.3403946248577        3.5794196580900009E-002  0.35629185003666158        3.6203961547418784E-002
   1845.2954731357936        2.8030647328482799E-002  0.26990054241213340        2.8959056368197775E-002
   1910.4750110852074        2.2223219725467935E-002  0.20445615817676341        2.3204048557171925E-002
   1977.9568210713478        1.7832014601411518E-002  0.15488046167973357        1.8623913824183651E-002
   2047.8213808026539        1.4471223458211254E-002  0.11732606460714777        1.4972118708849291E-002
   2120.1545400970977        1.1864771317661360E-002   8.8877318323232188E-002   1.2055220362301848E-002
   2195.0417479108573        9.8150295297435488E-003   6.7326929934288043E-002   9.7213392521461363E-003
   2272.5750259096239        8.1800861545633635E-003   5.1001770182370162E-002   7.8507587224840789E-003
   2352.8469348264384        6.8579113756677213E-003   3.8635068675700580E-002   6.3490843143631020E-003
   2435.9532056335870        5.7748336875109718E-003   2.9267090983497432E-002   5.1416708426675244E-003
   2521.9959596104222        4.8773561748478630E-003   2.2170525964925466E-002   4.1693476759661801E-003
   2611.0779162676686        4.1264063883605460E-003   1.6794707128173107E-002   3.3851913904302052E-003
   2703.3053132971791        3.4931346735242834E-003   1.2722436853608705E-002   2.7518867514046068E-003
   2798.7914800504532        2.9559415047571954E-003   9.6375521830680128E-003   2.2396912668812348E-003
   2897.6492167059700        2.4984272693843062E-003   7.3007018304450232E-003   1.8248980517440519E-003
   3000.0000000000000        2.1078556813860080E-003   5.5304573859194638E-003   1.4885399209237915E-003
