         200   4370.0000000000000     
   3.0000000000000000        1.2021250074802927E-003   3.0292067400520283E-003   2.0149338896899753E-003
   3.1059655287322618        1.2368976197584714E-003   3.0292067400520283E-003   2.0369681666955668E-003
   3.2156739552243598        1.2715343258393155E-003   3.0292067400520283E-003   2.0590360908915618E-003
   3.3292574962321346        1.3059790228261666E-003   3.0292067400520283E-003   2.0810783139305448E-003
   3.4468529954360925        1.3401763155024230E-003   3.0292067400520283E-003   2.1030359631458401E-003
   3.5686022069563790        1.3740716277280236E-003   3.0292067400520283E-003   2.1248508444926188E-003
   3.6946518254059528        1.4076112563937769E-003   3.0292067400520283E-003   2.1464656269081913E-003
   3.8251536998800524        1.4407425046966673E-003   3.0292067400520283E-003   2.1678240971669802E-003
   3.9602651907155879        1.4734138735983861E-003   3.0292067400520283E-003   2.1888714717097036E-003
   4.1001490688558144        1.5055751673293200E-003   3.0292067400520283E-003   2.2095546704362641E-003
   4.2449739038313119        1.5371777514877514E-003   3.0292067400520283E-003   2.2298227024980712E-003
   4.3949142193596993        1.5681747760354129E-003   3.0292067400520283E-003   2.2496270374868918E-003
   4.5501507036585132        1.5985214321708790E-003   3.0292067400520283E-003   2.2689219994033818E-003
   4.7108703059600501        1.6281752023254359E-003   3.0292067400520283E-003   2.2876651492345517E-003
   4.8772669425686850        1.6570962262432119E-003   3.0292067400520283E-003   2.3058177247565000E-003
   5.0495410155906377        1.6852474460024407E-003   3.0292067400520283E-003   2.3233449156917752E-003
   5.2279001269311909        1.7125949608803204E-003   3.0292067400520283E-003   2.3402162382127043E-003
   5.4125592113782046        1.7391082522222321E-003   3.0292067400520283E-003   2.3564057864552909E-003
   5.6037407956130689        1.7647604032344603E-003   3.0292067400520283E-003   2.3718924345252079E-003
   5.8016752663703963        1.7895282843864140E-003   3.0292067400520283E-003   2.3866599667519543E-003
   6.0066011480696169        1.8133926986164466E-003   3.0292067400520283E-003   2.4006971310621297E-003
   6.2187653902530293        1.8363384819886381E-003   3.0292067400520283E-003   2.4139976135377941E-003
   6.4384236651766908        1.8583545570043300E-003   3.0292067400520283E-003   2.4265599353938201E-003
   6.6658406759127811        1.8794339373479282E-003   3.0292067400520283E-003   2.4383872765565439E-003
   6.9012904753346884        1.8995736843667157E-003   3.0292067400520283E-003   2.4494872325938346E-003
   7.1450567963692624        1.9187748169857968E-003   3.0292067400520283E-003   2.4598715138159704E-003
   7.3974330131920443        1.9370421515966364E-003   3.0292067400520283E-003   2.4695555830163102E-003
   7.6587243988323896        1.9543842606557695E-003   3.0292067400520283E-003   2.4785583400066882E-003
   7.9292442763577622        1.9708129767647955E-003   3.0292067400520283E-003   2.4869015617821695E-003
   8.2093202460023029        1.9863435372600830E-003   3.0292067400520283E-003   2.4946096775793126E-003
   8.4992881560440416        2.0009939326312400E-003   3.0292067400520283E-003   2.5017091449683459E-003
   8.7994991583321234        2.0147849955881852E-003   3.0292067400520283E-003   2.5082282143164564E-003
   9.1103132457223861        2.0277397614768635E-003   3.0292067400520283E-003   2.5141963564816049E-003
   9.4321068148357909        2.0398834974990226E-003   3.0292067400520283E-003   2.5196440365712375E-003
   9.7652657388916850        2.0512430955938283E-003   3.0292067400520283E-003   2.5246022182861681E-003
   10.110193474162946        2.0618470651623446E-003   3.0292067400520283E-003   2.5291021715310134E-003
   10.467303634806061        2.0717249756171739E-003   3.0292067400520283E-003   2.5331750664783267E-003
   10.837027566606025        2.0809074066067473E-003   3.0292067400520283E-003   2.5368518179872813E-003
   11.219811965471335        2.0894255843375261E-003   3.0292067400520283E-003   2.5401628235288448E-003
   11.616115840724994        2.0973110732786845E-003   3.0292067400520283E-003   2.5431377572049580E-003
   12.026419117330413        2.1045957270747657E-003   3.0292067400520283E-003   2.5458054876892938E-003
   12.451213803399156        2.1113113020808901E-003   3.0292067400520283E-003   2.5481938904402613E-003
   12.891014326336300        2.1174894551233472E-003   3.0292067400520283E-003   2.5503298237023520E-003
   13.346348065368609        2.1231614323652418E-003   3.0292067400520283E-003   2.5522390103665661E-003
   13.817766430769083        2.1283580891001018E-003   3.0292067400520283E-003   2.5539460517662628E-003
   14.305834715756038        2.1331096512844355E-003   3.0292067400520283E-003   2.5554743660128605E-003
   14.811143972217785        2.1374457584576001E-003   3.0292067400520283E-003   2.5568462313719643E-003
   15.334300133051286        2.1413952910494067E-003   3.0292067400520283E-003   2.5580827683648155E-003
   15.875936741648431        2.1449864333831607E-003   3.0292067400520283E-003   2.5592040050622052E-003
   16.436703292225193        2.1482465564251025E-003   3.0292067400520283E-003   2.5602288915949874E-003
   17.017278874447534        2.1512022949335121E-003   3.0292067400520283E-003   2.5611753808852584E-003
   17.618359675531394        2.1538794737875500E-003   3.0292067400520283E-003   2.5620604660181452E-003
   18.240671728221173        2.1563031861069728E-003   3.0292067400520283E-003   2.5629002690572807E-003
   18.884968846184627        2.1584977931643026E-003   3.0292067400520283E-003   2.5637101084283040E-003
   19.552019805756849        2.1604869143749292E-003   3.0292067400520283E-003   2.5645045614567158E-003
   20.242632201214423        2.1622935446589451E-003   3.0291519543308239E-003   2.5652974565618454E-003
   20.957638264717446        2.1639400494347862E-003   3.0290207856564374E-003   2.5661020722243149E-003
   21.697899624358065        2.1654482367907835E-003   3.0289214220643279E-003   2.5669315438004731E-003
   22.464312967141105        2.1668394361807541E-003   3.0288461512400799E-003   2.5677984137481053E-003
   23.257792778673313        2.1681345513146245E-003   3.0287891320721007E-003   2.5687149331088889E-003
   24.079299719823517        2.1693542110298859E-003   3.0287459386086008E-003   2.5696931942743957E-003
   24.929823759061236        2.1705188549055012E-003   3.0287132184663172E-003   2.5707452169121039E-003
   25.810395145829254        2.1716488853275764E-003   3.0286884320025144E-003   2.5718830700173800E-003
   26.722064579292049        2.1727647939596764E-003   3.0286696557561090E-003   2.5731189575086176E-003
   27.665935811728254        2.1738873677168520E-003   3.0286554322740324E-003   2.5744653735317001E-003
   28.643146268414043        2.1750378355071031E-003   3.0286446576262135E-003   2.5759351910750123E-003
   29.654879655490589        2.1762380565709680E-003   3.0286364955156744E-003   2.5775417912980401E-003
   30.702343174827575        2.1750107327461747E-003   2.7356644100427685E-003   2.5756162860823334E-003
   31.786804983723918        2.1730048103919515E-003   2.3863754026787845E-003   2.5725683762461366E-003
   32.909571928103169        2.1714775667518757E-003   2.1217801354158168E-003   2.5702340145739000E-003
   34.072004028335677        2.1703675882928349E-003   1.9213414894663095E-003   2.5685046392035088E-003
   35.275488300232773        2.1696296308184502E-003   1.7695051712495868E-003   2.5672937263036644E-003
   36.521481794408061        2.1692316533419255E-003   1.6544853156235211E-003   2.5665329376786707E-003
   37.811486012809581        2.1691524057132392E-003   1.5673548626224201E-003   2.5661689909185119E-003
   39.147055493126302        2.1693793631679245E-003   1.5013513382843445E-003   2.5661609936119402E-003
   40.529808025860810        2.1699069749359086E-003   1.4513517400939876E-003   2.5664782256149244E-003
   41.961393513511240        2.1707351345160134E-003   1.4134760357078608E-003   2.5670982669105018E-003
   43.443545167355794        2.1718678759411300E-003   1.3847842306022452E-003   2.5680054392747914E-003
   44.978049075047366        2.1733121988028983E-003   1.3630494617428745E-003   2.5691894680620209E-003
   46.566763998623138        2.1750770510776301E-003   1.3465847392810379E-003   2.5706443503072662E-003
   48.211585595230147        2.1771723703808625E-003   1.3341123798354757E-003   2.5723673264215268E-003
   49.914505239722644        2.1796083353757120E-003   1.3246642517486390E-003   2.5743580558658524E-003
   51.677575059319224        2.1823946096721537E-003   1.3175070554911966E-003   2.5766177954861190E-003
   53.502930680545909        2.1855397435231664E-003   1.3120852702057811E-003   2.5791486979274418E-003
   55.392750120602578        2.1890505528367864E-003   1.3079781584659324E-003   2.5819530689201119E-003
   57.349321371645829        2.1929317650653886E-003   1.3048669173287262E-003   2.5850328056963435E-003
   59.375002227322796        2.1971855540761295E-003   1.3025100733889993E-003   2.5883887065676942E-003
   61.472246417894510        2.2018112617350574E-003   1.3007246952419153E-003   2.5920198905206525E-003
   63.643556378429672        2.2068050246623829E-003   1.2993722352749599E-003   2.5959231086834446E-003
   65.891560899834928        2.2121597364341970E-003   1.2983477126049811E-003   2.6000922962265429E-003
   68.218968971510208        2.2178647931437897E-003   1.2975716107410102E-003   2.6045179472600861E-003
   70.628585269218178        2.2198737804928603E-003   1.2958313787853066E-003   2.6033980287461424E-003
   73.123328588587739        2.2119012441805075E-003   1.2916172066374620E-003   2.5876892039226967E-003
   75.706175661273647        2.2060083467148766E-003   1.2884248862132747E-003   2.5747662492750585E-003
   78.380253523498894        2.2018083415231045E-003   1.2860066226606890E-003   2.5641482463223154E-003
   81.148784610322849        2.1989832182182428E-003   1.2841747267878820E-003   2.5554310609470932E-003
   84.015122474940881        2.1972710429521256E-003   1.2827870121395228E-003   2.5482762558161980E-003
   86.982687236203873        2.1964558488584609E-003   1.2817357902958329E-003   2.5424016177313497E-003
   90.055071705548812        2.1963594133014301E-003   1.2809394631317372E-003   2.5375724639885673E-003
   93.235978303002270        2.1968347323056791E-003   1.2803362251415037E-003   2.5335944731468257E-003
   96.529260096906100        2.1977607198038298E-003   1.2798792547383735E-003   2.5303072783187754E-003
   99.938826062156153        2.1990379004384005E-003   1.2795330922195953E-003   2.5275791216362482E-003
   103.46886588546354        2.2005850228695033E-003   1.2792708622162583E-003   2.5253020384937352E-003
   107.12359379692580        2.2023361455522509E-003   1.2790722166760820E-003   2.5233881562645457E-003
   110.90736836557576        2.2042383560360781E-003   1.2789217394459154E-003   2.5217662672539988E-003
   114.82483910697920        2.2062499302847407E-003   1.2788077477731382E-003   2.5203789986301779E-003
   118.88068277378797        2.2083385847834788E-003   1.2787213963368893E-003   2.5191805717573470E-003
   123.07973629915718        2.2104801661284503E-003   1.2786559837183375E-003   2.5181347452053783E-003
   127.42715949490271        2.2126575406683862E-003   1.2786064314119711E-003   2.5172131043738576E-003
   131.92808807993632        2.2148593653680327E-003   1.2785688947333062E-003   2.5163937166109963E-003
   136.58805281121437        2.2170793520763458E-003   1.2785404594093267E-003   2.5156598287773557E-003
   141.41261684513370        2.2193152286710499E-003   1.2785189189668861E-003   2.5149989056150969E-003
   146.40753387824964        2.2215680278364377E-003   1.2785026017311147E-003   2.5144017179318853E-003
   151.57894168226974        2.2238414368939241E-003   1.2784902408642970E-003   2.5138615794139565E-003
   156.93294936957258        2.2261409301883904E-003   1.2784808773064781E-003   2.5133737643565556E-003
   162.47613596373097        2.2284733541525375E-003   1.2784737840896621E-003   2.5129349279042808E-003
   168.21511902855468        2.2308461554421156E-003   1.2784684108071741E-003   2.5125427103291709E-003
   174.15674278185460        1.9325928872946660E-003   1.1564665241034246E-003   2.1928082984763119E-003
   180.30830831190286        1.5927239724759165E-003   1.0177106941688721E-003   1.8292699415656658E-003
   186.67715947709803        1.3355301325350271E-003   9.1259981273267689E-004   1.5538540381414686E-003
   193.27089166569760        1.1410146189130550E-003   8.3297660908609181E-004   1.3451910358321638E-003
   200.09760727912413        9.9400981397382662E-004   7.7265929618991654E-004   1.1870888057444607E-003
   207.16537088595135        8.8302341314346316E-004   7.2696794984665415E-004   1.0672907318117503E-003
   214.48286737908427        7.9933735360511720E-004   6.9235518487594644E-004   9.7650742341737445E-004
   222.05883252794877        7.3634576932483822E-004   6.6613518217961882E-004   9.0770638840704675E-004
   229.90230130529540        6.8903993272678341E-004   6.4627310333699407E-004   8.5556009869993646E-004
   238.02291179328489        6.5362097810540726E-004   6.3122689608267923E-004   8.1603144399759449E-004
   246.43025707061713        6.2721025568174423E-004   6.1982914917056340E-004   7.8606420763492071E-004
   255.13466811288930        6.0762352950186212E-004   6.1119496421788350E-004   7.6334173412137812E-004
   264.14653641505117        5.9320497282615975E-004   6.0465436126601346E-004   7.4610991691641509E-004
   273.47660938458705        5.8269824764124495E-004   5.9969974806429235E-004   7.3303964825315558E-004
   283.13635184814427        5.7514964026632765E-004   5.9594645830601800E-004   7.2312350947176295E-004
   293.13729579387660        5.6983546396867249E-004   5.9310325096140540E-004   7.1559856232392366E-004
   303.49136818478553        5.6620600635407046E-004   5.9094947511711363E-004   7.0988658528740596E-004
   314.21129214162710        5.6384343334893222E-004   5.8931791590373643E-004   7.0554918628652698E-004
   325.30973137660959        5.6243016937786714E-004   5.8808198324164073E-004   7.0225429196594917E-004
   336.80032369109853        5.6172450625628894E-004   5.8714572177910531E-004   6.9975000836746011E-004
   348.69678677735646        5.6154246059428228E-004   5.8643648118266660E-004   6.9784545490377621E-004
   361.01330816366544        5.6174384179399092E-004   5.8589921988609010E-004   6.9639586410083921E-004
   373.76502243504467        5.6037661082798446E-004   5.8301995196815919E-004   6.9199553686428723E-004
   386.96715283564077        5.5369038771951461E-004   5.7291672123185183E-004   6.7810040602671762E-004
   400.63544401132759        5.4885321715315610E-004   5.6526335949219088E-004   6.6757658986587394E-004
   414.78669160661980        5.4541137611714436E-004   5.5946567497791924E-004   6.5960568369321409E-004
   429.43761284149554        5.4301884901957246E-004   5.5507383458564788E-004   6.5356828488484400E-004
   444.60621081975989        5.4141162233587370E-004   5.5174686456939067E-004   6.4899500695183297E-004
   460.31059410826708        5.4038854794584185E-004   5.4922660469212611E-004   6.4553055010517090E-004
   476.56949149896485        5.3979643172813452E-004   5.4731746681117583E-004   6.4290579247807875E-004
   493.40288198244309        5.3951874370768756E-004   5.4587122926165108E-004   6.4091683198757253E-004
   510.83065126063684        5.3946702456541976E-004   5.4477568077652971E-004   6.3940933896127058E-004
   528.87421463804299        5.3957425801350132E-004   5.4394576515214390E-004   6.3826635889350396E-004
   547.55511287104378        5.3978984092772745E-004   5.4331708408816284E-004   6.3739936538646791E-004
   566.89562449487210        5.4007572075268203E-004   5.4284084794874437E-004   6.3674130879266030E-004
   586.91951519858117        5.4040346285259768E-004   5.4248008270798155E-004   6.3624139506373515E-004
   607.65068989177485        5.4075197251275328E-004   5.4220679435342510E-004   6.3586118343598812E-004
   629.11387223602765        5.4110577493057647E-004   5.4199977397635115E-004   6.3557156595523562E-004
   651.33543626567803        5.4145370341121047E-004   5.4184294892677251E-004   6.3535049846506406E-004
   674.34163286578985        5.4178785281186177E-004   5.4172415139897023E-004   6.3518130665979691E-004
   698.16073213207346        5.4210283054595128E-004   5.4163415818935900E-004   6.3505136435649558E-004
   722.82116976782140        5.3230770499590788E-004   5.3147820068561770E-004   6.1564302060172478E-004
   748.35235540965130        5.2216676238020586E-004   5.2101779712789475E-004   5.9564285975063891E-004
   774.78566186873422        5.1452369186793872E-004   5.1309368197658984E-004   5.8049026441980346E-004
   802.15264573967897        5.0876650418308625E-004   5.0709097399272737E-004   5.6901001328402948E-004
   830.48594444209971        5.0443207609837703E-004   5.0254382498494195E-004   5.6031174310915914E-004
   859.82037403360118        5.0116996079722519E-004   4.9909920335547897E-004   5.5372072380840921E-004
   890.19058800385733        4.9871533636232813E-004   4.9648984640079962E-004   5.4872615981675849E-004
   921.63390537915473        4.9686793939914919E-004   4.9451316884092749E-004   5.4494087518961050E-004
   954.18786380243341        4.9547658086464546E-004   4.9301578800488549E-004   5.4207173576295369E-004
   987.89128659474920        4.9442712903481460E-004   4.9188149764773411E-004   5.3989666228823228E-004
   1022.7855886411724        4.9363347847507981E-004   4.9102223372397727E-004   5.3824736245492745E-004
   1058.9119914466876        4.9303079755734101E-004   4.9037132731493218E-004   5.3699643544029589E-004
   1096.3148872627712        4.9257027461713395E-004   4.8987824334263946E-004   5.3604731517980001E-004
   1135.0389283928459        4.9221525461849366E-004   4.8950472036364849E-004   5.3532689289050798E-004
   1175.1302964981960        4.9193824349036983E-004   4.8922177062698483E-004   5.3477978308864686E-004
   1216.6382559936744        4.9171865625650751E-004   4.8900742647831053E-004   5.3436401620690947E-004
   1259.6123598874483        4.9154113461917612E-004   4.8884505562579684E-004   5.3404781919064886E-004
   1304.1038583964914        4.9139424674713383E-004   4.8872205706200120E-004   5.3380712298970151E-004
   1350.1674228314519        4.9126950972594365E-004   4.8862888142326213E-004   5.3362369021914843E-004
   1397.8574692241625        4.2372710099155436E-004   4.2157749259895974E-004   4.5938625711004137E-004
   1447.2325992722181        3.6670769435184845E-004   3.6498329696422040E-004   3.9660967945339293E-004
   1498.3517579647787        3.2351354797918247E-004   3.2211183138223040E-004   3.4905437354633813E-004
   1551.2759091786245        2.4630927965387016E-004   2.4526757914702458E-004   2.6575688434517773E-004
   1606.0700862978565        1.8656612428501041E-004   1.8579609551559552E-004   2.0131519941458666E-004
   1662.7990190437411        1.4131350243523424E-004   1.4074547860849405E-004   1.5250016221186392E-004
   1721.5324161293761        1.0703625969775898E-004   1.0661808820340083E-004   1.1552151872637261E-004
   1782.3403946248577        8.1073021322502887E-005   8.0765768424919849E-005   8.7509611548854775E-005
   1845.2954731357936        6.1407537888175790E-005   6.1182215377577736E-005   6.6290354624600305E-005
   1910.4750110852074        4.6511922079455788E-005   4.6347000984316905E-005   5.0216194171128173E-005
   1977.9568210713478        3.5229444355591410E-005   3.5108968954195522E-005   3.8039741027861475E-005
   2047.8213808026539        2.6683807047283201E-005   2.6595976762569924E-005   2.8815957143927536E-005
   2120.1545400970977        2.0210987576456849E-005   2.0147092641000477E-005   2.1828677945683277E-005
   2195.0417479108573        1.5308335322123587E-005   1.5261957946200539E-005   1.6535737472315674E-005
   2272.5750259096239        1.1594880351867490E-005   1.1561300544445350E-005   1.2526178507517328E-005
   2352.8469348264384        8.7822116516225027E-006   8.7579634769120333E-006   9.4888579887751499E-006
   2435.9532056335870        6.6518473658641415E-006   6.6343900165018939E-006   7.1880492991729970E-006
   2521.9959596104222        5.0382360311351537E-006   5.0257101467732015E-006   5.4451146387163744E-006
   2611.0779162676686        3.8160494112316993E-006   3.8070964197996903E-006   4.1248038992385606E-006
   2703.3053132971791        2.8903477049979780E-006   2.8839766854433975E-006   3.1246494010770682E-006
   2798.7914800504532        2.1891921844369544E-006   2.1846817650211735E-006   2.3669991779299412E-006
   2897.6492167059700        1.6581284903631136E-006   1.6549544799198735E-006   1.7930672256913803E-006
   3000.0000000000000        1.2558854937438700E-006   1.2536678581592573E-006   1.3582940261669332E-006
