         200   4370.0000000000000     
   3.0000000000000000        1.8814793368611374E-003   1.8548803235732387        9.0883793874558811E-004
   3.1059655287322618        2.0163772239218366E-003   1.8548803235732387        9.6902397917482625E-004
   3.2156739552243598        2.1608670165233499E-003   1.8548803235732387        1.0334138903375771E-003
   3.3292574962321346        2.3155991622582322E-003   1.8548803235732387        1.1023054967365918E-003
   3.4468529954360925        2.4812677443601665E-003   1.8548803235732387        1.1760175578322781E-003
   3.5686022069563790        2.6586149487239593E-003   1.8548803235732387        1.2548912660341393E-003
   3.6946518254059528        2.8484359111654767E-003   1.8548803235732387        1.3392916796785138E-003
   3.8251536998800524        3.0515846432886688E-003   1.8548803235732387        1.4296093680300599E-003
   3.9602651907155879        3.2689811260120274E-003   1.8548803235732387        1.5262622760355319E-003
   4.1001490688558144        3.5016187018757829E-003   1.8548803235732387        1.6296973938088721E-003
   4.2449739038313119        3.7505733299949594E-003   1.8548803235732387        1.7403929006728667E-003
   4.3949142193596993        4.0170136732936472E-003   1.8548803235732387        1.8588603038354563E-003
   4.5501507036585132        4.3022125421902490E-003   1.8548803235732387        1.9856467862612920E-003
   4.7108703059600501        4.6075594695415461E-003   1.8548803235732387        2.1213376479011048E-003
   4.8772669425686850        4.9345758889904872E-003   1.8548803235732387        2.2665594801464647E-003
   5.0495410155906377        5.2849295749892071E-003   1.8548803235732387        2.4219825741704955E-003
   5.2279001269311909        5.6604529665496006E-003   1.8548803235732387        2.5883246007260790E-003
   5.4125592113782046        6.0631621367135949E-003   1.8548803235732387        2.7663541010185008E-003
   5.6037407956130689        6.4952778728528454E-003   1.8548803235732387        2.9568944109685980E-003
   5.8016752663703963        6.9592488175070355E-003   1.8548803235732387        3.1608279567459925E-003
   6.0066011480696169        7.4577768763617533E-003   1.8548803235732387        3.3791009591525433E-003
   6.2187653902530293        7.9938451471521337E-003   1.8548803235732387        3.6127285869759765E-003
   6.4384236651766908        8.5707486804579465E-003   1.8548803235732387        3.8628006020761793E-003
   6.6658406759127811        9.1921284517334900E-003   1.8548803235732387        4.1304875417752266E-003
   6.9012904753346884        9.8620090049820579E-003   1.8548803235732387        4.4170474871750593E-003
   7.1450567963692624        1.0584840324022298E-002   1.8548803235732387        4.7238334694143938E-003
   7.3974330131920443        1.1365543396219778E-002   1.8548803235732387        5.0523010658590217E-003
   7.6587243988323896        1.2209568688218479E-002   1.8548803235732387        5.4040197733303688E-003
   7.9292442763577622        1.3122941808696623E-002   1.8548803235732387        5.7806770650973638E-003
   8.2093202460023029        1.4112349443503525E-002   1.8548803235732387        6.1840968819796525E-003
   8.4992881560440416        1.5185193514929274E-002   1.8548803235732387        6.6162422033915593E-003
   8.7994991583321234        1.6349701227305478E-002   1.8548803235732387        7.0792372299273718E-003
   9.1103132457223861        1.7614998203495384E-002   1.8548803235732387        7.5753708354936210E-003
   9.4321068148357909        1.8991249000432392E-002   1.8548803235732387        8.1071225681718477E-003
   9.7652657388916850        2.0489755705201187E-002   1.8548803235732387        8.6771672004327012E-003
   10.110193474162946        2.2123137402801526E-002   1.8548803235732387        9.2884052322724734E-003
   10.467303634806061        2.3905460792531374E-002   1.8548803235732387        9.9439688202175858E-003
   10.837027566606025        2.5852460540237522E-002   1.8548803235732387        1.0647255453084925E-002
   11.219811965471335        2.7981736361895472E-002   1.8548803235732387        1.1401946420659535E-002
   11.616115840724994        3.0312963320733594E-002   1.8548803235732387        1.2212024902546586E-002
   12.026419117330413        3.2868190093188095E-002   1.8548803235732387        1.3081819878472106E-002
   12.451213803399156        3.5672054900146188E-002   1.8548803235732387        1.4016017304842018E-002
   12.891014326336300        3.8752133728863603E-002   1.8548803235732387        1.5019714152182204E-002
   13.346348065368609        4.2139172074246764E-002   1.8548803235732387        1.6098432679162129E-002
   13.817766430769083        4.5867463310321627E-002   1.8548803235732387        1.7258184299186227E-002
   14.305834715756038        4.9975073494538641E-002   1.8548803235732387        1.8505487689215436E-002
   14.811143972217785        5.4504231411175885E-002   1.8548803235732387        1.9847444328670322E-002
   15.334300133051286        5.9501522443315635E-002   1.8548803235732387        2.1291761275486092E-002
   15.875936741648431        6.5018275838268136E-002   1.8548803235732387        2.2846840493550950E-002
   16.436703292225193        7.1110709447168324E-002   1.8548803235732387        2.4521807195810884E-002
   17.017278874447534        7.7840308408486367E-002   1.8548803235732387        2.6326615353969976E-002
   17.618359675531394        8.5273907688406633E-002   1.8548803235732387        2.8272082540064827E-002
   18.240671728221173        9.3484031758264696E-002   1.8548803235732387        3.0370007834999890E-002
   18.884968846184627       0.10254904654964639        1.8548803235732387        3.2633253355439040E-002
   19.552019805756849       0.11255308542848522        1.8548803235732387        3.5075790994058866E-002
   20.242632201214423       0.12358642828456995        1.8547096141307922        3.7712855472205743E-002
   20.957638264717446       0.13574524558785059        1.8543008994004084        4.0561042156010391E-002
   21.697899624358065       0.14913145390163041        1.8539912876432667        4.3638521861523775E-002
   22.464312967141105       0.16385240685940033        1.8537567476909329        4.6965046895737252E-002
   23.257792778673313       0.18001986913658166        1.8535790789451263        5.0562073118111346E-002
   24.079299719823517       0.19774953470753090        1.8534444903715099        5.4453029692682176E-002
   24.929823759061236       0.21715928202065893        1.8533425361191405        5.8663403373464346E-002
   25.810395145829254       0.23836753091435151        1.8532653027940509        6.3220956830369199E-002
   26.722064579292049       0.26149038298140781        1.8532067969920900        6.8155798625345487E-002
   27.665935811728254       0.28663953293629751        1.8531624773657067        7.3500732731481333E-002
   28.643146268414043       0.31391846433633402        1.8531289041265242        7.9291345647113085E-002
   29.654879655490589       0.34341903337432711        1.8531034714168941        8.5566266325572238E-002
   30.702343174827575       0.37508023431554244        1.8356927386040687        9.2306649171064625E-002
   31.786804983723918       0.40904683336880410        1.8149434214215214        9.9596674894303169E-002
   32.909571928103169       0.44541784050318001        1.7992252882719175       0.10751487190705372     
   34.072004028335677       0.48419238154243632        1.7873183431555122       0.11611161510711793     
   35.275488300232773       0.52533819625799805        1.7782985920036347       0.12544127877736785     
   36.521481794408061       0.56879009287856674        1.7714659021211590       0.13556253215152986     
   37.811486012809581       0.61444704704619224        1.7662899665278116       0.14653807749167161     
   39.147055493126302       0.66217154348774176        1.7623690642583949       0.15843456427639019     
   40.529808025860810       0.71179025506400917        1.7593988662275972       0.17132244098495641     
   41.961393513511240       0.76309459246903200        1.7571488812946303       0.18527530220371777     
   43.443545167355794       0.81584561056793492        1.7554444607370807       0.20036987216748059     
   44.978049075047366       0.86977736169022091        1.7541533190078991       0.21668508150310664     
   46.566763998623138       0.92460333377525505        1.7531752414232074       0.23430146440461383     
   48.211585595230147       0.98002213011322148        1.7524343279197874       0.25329978391603269     
   49.914505239722644        1.0357273838971961        1.7518730671806262       0.27376055155372614     
   51.677575059319224        1.0914151657636597        1.7514478979592867       0.29576237462120586     
   53.502930680545909        1.1467938204364019        1.7511258198514361       0.31938085933804966     
   55.392750120602578        1.2015920425277553        1.7508818391867242       0.34468665470770515     
   57.349321371645829        1.2555701501385261        1.7506970176554795       0.37174493642889589     
   59.375002227322796        1.3085276961508310        1.7505570106657828       0.40061362290062591     
   61.472246417894510        1.3603123870475751        1.7504509512803370       0.43134269164337374     
   63.643556378429672        1.4108262534389724        1.7503706091560807       0.46397277163082884     
   65.891560899834928        1.4600337662460243        1.7503097479626519       0.49853601678648007     
   68.218968971510208        1.5079655563270533        1.7502636440675881       0.53505571185986534     
   70.628585269218178        1.5515877461225538        1.7493013134765669       0.57197553612481400     
   73.123328588587739        1.5861542391561947        1.7462416466252575       0.60675438382654490     
   75.706175661273647        1.6212519821099516        1.7439238872556908       0.64405105027945364     
   78.380253523498894        1.6568827103292818        1.7421681258463386       0.68373416555025213     
   81.148784610322849        1.6931673968902576        1.7408380921219362       0.72569775048290341     
   84.015122474940881        1.7303318210208574        1.7398305527145022       0.76986100760568421     
   86.982687236203873        1.7686909530401327        1.7390673212859604       0.81616744380661022     
   90.055071705548812        1.8086353324450244        1.7384891541534151       0.86458713640765750     
   93.235978303002270        1.8506147928744543        1.7380511779110086       0.91511656214567338     
   96.529260096906100        1.8951229372760023        1.7377193981105097       0.96777989952253451     
   99.938826062156153        1.9426790814208976        1.7374680695110285        1.0226277820191423     
   103.46886588546354        1.9938139484351403        1.7372776794603975        1.0797406247151922     
   107.12359379692580        2.0490481790163906        1.7371334544137862        1.1392235658106977     
   110.90736836557576        2.1088756286151251        1.7370242015933355        1.2012067225005529     
   114.82483910697920        2.1737475511645625        1.7369414388275304        1.2658452357821299     
   118.88068277378797        2.2440506036606211        1.7368787440400923        1.3333118647805029     
   123.07973629915718        2.3200918367817427        1.7368312517180844        1.4037953559286840     
   127.42715949490271        2.4020862641559413        1.7367952746521553        1.4774987565478694     
   131.92808807993632        2.4901369235220554        1.7367680214390984        1.5546284921634228     
   136.58805281121437        2.5842317272081345        1.7367473761936847        1.6353958081369002     
   141.41261684513370        2.6842283994926754        1.7367317369232986        1.7200043637860436     
   146.40753387824964        2.7898527860525753        1.7367198899214060        1.8086462018851666     
   151.57894168226974        2.9007021287148937        1.7367109154103659        1.9014981726846474     
   156.93294936957258        3.0162392182678781        1.7367041170721793        1.9987072949754403     
   162.47613596373097        3.1358098249813526        1.7366989670973840        2.1003924013973068     
   168.21511902855468        3.2586438904661073        1.7366950658674960        2.2066292619774566     
   174.15674278185460        3.0335820765949517        1.6597127256179089        2.0985866919693414     
   180.30830831190286        2.7337693625639479        1.5721589108916114        1.9292982789628736     
   186.67715947709803        2.5078718089193810        1.5058347885587191        1.7931846768139270     
   193.27089166569760        2.3398982551327228        1.4555931862903646        1.6847651138753381     
   200.09760727912413        2.2173021384660281        1.4175334460935707        1.6000096469797729     
   207.16537088595135        2.1301857865785148        1.3887025733711784        1.5359307353099088     
   214.48286737908427        2.0706840936291115        1.3668621965535765        1.4902554374077555     
   222.05883252794877        2.0325191114151258        1.3503175853521598        1.4611891387001879     
   229.90230130529540        2.0106529420437567        1.3377847730596144        1.4472338114532131     
   238.02291179328489        2.0010273467431565        1.3282907370764077        1.4470638408573038     
   246.43025707061713        2.0003654463933098        1.3210988502784919        1.4594480208578322     
   255.13466811288930        2.0060165197995947        1.3156507488904929        1.4832080192775285     
   264.14653641505117        2.0158366097523830        1.3115236809372675        1.5172042806408521     
   273.47660938458705        2.0280945907959889        1.3083973597837060        1.5603409166774924     
   283.13635184814427        2.0413990435011189        1.3060290640784740        1.6115823737241135     
   293.13729579387660        2.0546388291576991        1.3042350230699191        1.6699672834894863     
   303.49136818478553        2.0669367575182442        1.3028760078031556        1.7346238895203872     
   314.21129214162710        2.0776123373077668        1.3018465070380365        1.8047816667321777     
   325.30973137660959        2.0861501340078732        1.3010666434505942        1.8797687205545262     
   336.80032369109853        2.0921755119629664        1.3004758699842460        1.9590160223616797     
   348.69678677735646        2.0954328162431906        1.3000283448618308        2.0420449832439256     
   361.01330816366544        2.0957680130816834        1.2996893372969462        2.1284610709057508     
   373.76502243504467        2.0627093814743644        1.2606793170979715        2.1866606089016032     
   386.96715283564077        1.9314717824497609        1.1069481104078756        2.1393335214754705     
   400.63544401132759        1.8205190647504774       0.99049421895657808        2.1052190621806610     
   414.78669160661980        1.7253643348514138       0.90227639441610452        2.0838390686298252     
   429.43761284149554        1.6424850493178020       0.83544995634738228        2.0747287684914544     
   444.60621081975989        1.5691285070773262       0.78482663311840228        2.0773110294497199     
   460.31059410826708        1.5031670520295088       0.74647824712022526        2.0908724415610811     
   476.56949149896485        1.4429701122634584       0.71742872050480988        2.1145983313557672     
   493.40288198244309        1.3873005637766256       0.69542270584951948        2.1476337071095122     
   510.83065126063684        1.3352364773642202       0.67875279154182522        2.1891381960554952     
   528.87421463804299        1.2860981965277580       0.66612475861674070        2.2383313225852919     
   547.55511287104378        1.2393980087710919       0.65655871968211088        2.2945137048272906     
   566.89562449487210        1.1947939709326338       0.64931228947644781        2.3570772252185819     
   586.91951519858117        1.1520529771599635       0.64382286958277701        2.4255056970496285     
   607.65068989177485        1.1110256153347660       0.63966450186684576        2.4993616704324233     
   629.11387223602765        1.0716220506713741       0.63651447063355227        2.5782761443831728     
   651.33543626567803        1.0337930873418066       0.63412821372815853        2.6619382333710160     
   674.34163286578985       0.99751968569429827       0.63232058527965640        2.7500752489783720     
   698.16073213207346       0.96279885019457867       0.63095124461343111        2.8424483849760329     
   722.82116976782140       0.92221025217787433       0.62237891627282949        2.9210353357923635     
   748.35235540965130       0.88293903970466892       0.61381836648704580        3.0023509348979718     
   774.78566186873422       0.84709733837689916       0.60733345585365683        3.0914291314559939     
   802.15264573967897       0.81424980006349079       0.60242097993799937        3.1871805523449344     
   830.48594444209971       0.78406267066782420       0.59869969946829960        3.2886840477830743     
   859.82037403360118       0.75627614041679370       0.59588070163619178        3.3951492806133583     
   890.19058800385733       0.73068677423608552       0.59374526489169688        3.5058754636241698     
   921.63390537915473       0.70712997003984568       0.59212759817660743        3.6202351714876415     
   954.18786380243341       0.68547112337180094       0.59090217669793366        3.7376438355159540     
   987.89128659474920       0.66559650305452411       0.58997389998085314        3.8575458141472825     
   1022.7855886411724       0.64740671984715292       0.58927069846880276        3.9794041661504220     
   1058.9119914466876       0.63081403204210706       0.58873801187695252        4.1026785824510794     
   1096.3148872627712       0.61573752861444353       0.58833448347863826        4.2268271496654890     
   1135.0389283928459       0.60210235798720502       0.58802880100279997        4.3512884523673172     
   1175.1302964981960       0.58983751247697025       0.58779724155155866        4.4754801515901086     
   1216.6382559936744       0.57887438966287352       0.58762182731004475        4.5987994648482609     
   1259.6123598874483       0.56914692075487194       0.58748894679936225        4.7206121872068598     
   1304.1038583964914       0.56059056343596525       0.58738828764953610        4.8402569384327636     
   1350.1674228314519       0.55314172687620844       0.58731203488453931        4.9570510599822315     
   1397.8574692241625       0.44772995193672432       0.46660499747295253        4.2782804258166474     
   1447.2325992722181       0.35484142451105621       0.35784309985480323        3.6794316345521678     
   1498.3517579647787       0.28358308967525170       0.27545334419041501        3.2220676473449261     
   1551.2759091786245       0.21198549370818473       0.20878407254981940        2.5025558233555323     
   1606.0700862978565       0.15836289342057608       0.15815896100294624        1.9327128741752999     
   1662.7990190437411       0.11850286685485889       0.11980961494808888        1.4903573078567989     
   1721.5324161293761        8.8818314860767439E-002   9.0758667492853537E-002   1.1474249542234352     
   1782.3403946248577        6.6672173763955400E-002   6.8751875453796615E-002  0.88195703171806106     
   1845.2954731357936        5.0121206450847867E-002   5.2081372265241906E-002  0.67677139453741275     
   1910.4750110852074        3.7730469118765785E-002   3.9452893242672087E-002  0.51843039494978482     
   1977.9568210713478        2.8439226152752864E-002   2.9886516378457292E-002  0.39644628727966713     
   2047.8213808026539        2.1461384243606677E-002   2.2639830185632141E-002  0.30263614446946280     
   2120.1545400970977        1.6213111693036991E-002   1.7150216372890763E-002  0.23062089670419220     
   2195.0417479108573        1.2260371239120778E-002   1.2991744551699314E-002  0.17544000695443823     
   2272.5750259096239        9.2794888841659165E-003   9.8415592473997341E-003  0.13323617864010323     
   2352.8469348264384        7.0289038051876123E-003   7.4552180451708918E-003  0.10101856494667333     
   2435.9532056335870        5.3278951780203667E-003   5.6475257404436895E-003   7.6470462461567246E-002
   2521.9959596104222        4.0409862020833942E-003   4.2781367009345770E-003   5.7800156007159584E-002
   2611.0779162676686        3.0665383198824258E-003   3.2407915382861984E-003   4.3626023020267239E-002
   2703.3053132971791        2.3281293118932421E-003   2.4549856920333562E-003   3.2884130114710440E-002
   2798.7914800504532        1.7681962280757199E-003   1.8597107604386102E-003   2.4756714816813772E-002
   2897.6492167059700        1.3433656533309579E-003   1.4087803100756083E-003   1.8617256940027940E-002
   3000.0000000000000        1.0208732007221106E-003   1.0671849983661995E-003   1.3986213951492457E-002
