         200   4370.0000000000000     
   3.0000000000000000        4.9859133426211092E-003   2.7220131078062520E-002   2.7471093477904229E-002
   3.1059655287322618        5.2664618499638277E-003   2.7220131078062520E-002   2.7729251970830537E-002
   3.2156739552243598        5.5582878746064188E-003   2.7220131078062520E-002   2.7972418668410270E-002
   3.3292574962321346        5.8614815442157931E-003   2.7220131078062520E-002   2.8201104439633362E-002
   3.4468529954360925        6.1760948831205307E-003   2.7220131078062520E-002   2.8415903499003931E-002
   3.5686022069563790        6.5021385340290772E-003   2.7220131078062520E-002   2.8617479851410128E-002
   3.6946518254059528        6.8395780491321348E-003   2.7220131078062520E-002   2.8806552924255029E-002
   3.8251536998800524        7.1883309682150929E-003   2.7220131078062520E-002   2.8983883584249338E-002
   3.9602651907155879        7.5482646077917118E-003   2.7220131078062520E-002   2.9150260591395402E-002
   4.1001490688558144        7.9191929821218528E-003   2.7220131078062520E-002   2.9306486993623929E-002
   4.2449739038313119        8.3008754007732749E-003   2.7220131078062520E-002   2.9453367914673727E-002
   4.3949142193596993        8.6930148245084448E-003   2.7220131078062520E-002   2.9591698873695015E-002
   4.5501507036585132        9.0952567546557662E-003   2.7220131078062520E-002   2.9722255136298292E-002
   4.7108703059600501        9.5071882279985694E-003   2.7220131078062520E-002   2.9845782009061884E-002
   4.8772669425686850        9.9283387743060968E-003   2.7220131078062520E-002   2.9962986665788699E-002
   5.0495410155906377        1.0358178752016016E-002   2.7220131078062520E-002   3.0074530180908849E-002
   5.2279001269311909        1.0796121190598097E-002   2.7220131078062520E-002   3.0181021625108186E-002
   5.4125592113782046        1.1241522599325853E-002   2.7220131078062520E-002   3.0283012857565385E-002
   5.6037407956130689        1.1693684587658848E-002   2.7220131078062520E-002   3.0380994586447989E-002
   5.8016752663703963        1.2151856023153464E-002   2.7220131078062520E-002   3.0475393609221128E-002
   6.0066011480696169        1.2615235752961321E-002   2.7220131078062520E-002   3.0566571229886267E-002
   6.2187653902530293        1.3082975910320023E-002   2.7220131078062520E-002   3.0654822839665800E-002
   6.4384236651766908        1.3554185819773868E-002   2.7220131078062520E-002   3.0740378634857308E-002
   6.6658406759127811        1.4027936504385646E-002   2.7220131078062520E-002   3.0823405430787876E-002
   6.9012904753346884        1.4503265785327622E-002   2.7220131078062520E-002   3.0904009514448876E-002
   7.1450567963692624        1.4979183949557658E-002   2.7220131078062520E-002   3.0982240461092717E-002
   7.3974330131920443        1.5454679241321680E-002   2.7220131078062520E-002   3.1058095711866476E-002
   7.6587243988323896        1.5928728050585431E-002   2.7220131078062520E-002   3.1131526578108550E-002
   7.9292442763577622        1.6400294241922870E-002   2.7220131078062520E-002   3.1202443119865041E-002
   8.2093202460023029        1.6868347061842238E-002   2.7220131078062520E-002   3.1270722357088408E-002
   8.4992881560440416        1.7331857562812133E-002   2.7220131078062520E-002   3.1336213528037844E-002
   8.7994991583321234        1.7789817395697374E-002   2.7220131078062520E-002   3.1398746841120539E-002
   9.1103132457223861        1.8241235522381945E-002   2.7220131078062520E-002   3.1458139094130907E-002
   9.4321068148357909        1.8685156632655648E-002   2.7220131078062520E-002   3.1514202204793354E-002
   9.7652657388916850        1.9120657768332425E-002   2.7220131078062520E-002   3.1566748581750667E-002
   10.110193474162946        1.9546865798972083E-002   2.7220131078062520E-002   3.1615598816178044E-002
   10.467303634806061        1.9962953589513176E-002   2.7220131078062520E-002   3.1660586262741194E-002
   10.837027566606025        2.0368154832759607E-002   2.7220131078062520E-002   3.1701563259013389E-002
   11.219811965471335        2.0761765376258491E-002   2.7220131078062520E-002   3.1738405083156646E-002
   11.616115840724994        2.1143144404585593E-002   2.7220131078062520E-002   3.1771013330810546E-002
   12.026419117330413        2.1511726279194673E-002   2.7220131078062520E-002   3.1799319468631078E-002
   12.451213803399156        2.1867014444711886E-002   2.7220131078062520E-002   3.1823286039614603E-002
   12.891014326336300        2.2208592278113601E-002   2.7220131078062520E-002   3.1842908483469066E-002
   13.346348065368609        2.2536115942955452E-002   2.7220131078062520E-002   3.1858214925525416E-002
   13.817766430769083        2.2849322942731440E-002   2.7220131078062520E-002   3.1869266264773981E-002
   14.305834715756038        2.3148024015392513E-002   2.7220131078062520E-002   3.1876154770342058E-002
   14.811143972217785        2.3432109466434797E-002   2.7220131078062520E-002   3.1879002730033898E-002
   15.334300133051286        2.3701540284306263E-002   2.7220131078062520E-002   3.1877960190169037E-002
   15.875936741648431        2.3956352430545166E-002   2.7220131078062520E-002   3.1873202549886626E-002
   16.436703292225193        2.4196647414597833E-002   2.7220131078062520E-002   3.1864927828763545E-002
   17.017278874447534        2.4422594792087478E-002   2.7220131078062520E-002   3.1853353621362566E-002
   17.618359675531394        2.4634422474176097E-002   2.7220131078062520E-002   3.1838714268631482E-002
   18.240671728221173        2.4832417176353597E-002   2.7220131078062520E-002   3.1821257621390028E-002
   18.884968846184627        2.5016918130270495E-002   2.7220131078062520E-002   3.1801242103039751E-002
   19.552019805756849        2.5188308675400627E-002   2.7220131078062520E-002   3.1778934383391556E-002
   20.242632201214423        2.5347017932535559E-002   2.7219614020600937E-002   3.1754604901314931E-002
   20.957638264717446        2.5493511477394294E-002   2.7218376075013536E-002   3.1728527339265761E-002
   21.697899624358065        2.5628287722049330E-002   2.7217438299885627E-002   3.1700979658357824E-002
   22.464312967141105        2.5751874084618466E-002   2.7216727907826144E-002   3.1672236802479846E-002
   23.257792778673313        2.5864819910051823E-002   2.7216189771508709E-002   3.1642572377066344E-002
   24.079299719823517        2.5967697048667891E-002   2.7215782119622351E-002   3.1612256764624452E-002
   24.929823759061236        2.6061093513173043E-002   2.7215473312996469E-002   3.1581557335669724E-002
   25.810395145829254        2.6145611879055904E-002   2.7215239382954594E-002   3.1550738013210837E-002
   26.722064579292049        2.6221865011501554E-002   2.7215062176228263E-002   3.1520060270529671E-002
   27.665935811728254        2.6290477246506155E-002   2.7214927937646093E-002   3.1489782605572961E-002
   28.643146268414043        2.6352080964413837E-002   2.7214826248521114E-002   3.1460162096259660E-002
   29.654879655490589        2.6407316417514485E-002   2.7214749216037767E-002   3.1431455053360112E-002
   30.702343174827575        2.6433011034508382E-002   2.4482470237684555E-002   3.1367460791421740E-002
   31.786804983723918        2.6445304100010884E-002   2.1224975849920048E-002   3.1292146163933471E-002
   32.909571928103169        2.6456598302077618E-002   1.8757341369685734E-002   3.1223796814021508E-002
   34.072004028335677        2.6466726051562278E-002   1.6888036151066963E-002   3.1161443737486683E-002
   35.275488300232773        2.6475665725784813E-002   1.5471999734168310E-002   3.1104331507130017E-002
   36.521481794408061        2.6483512701687608E-002   1.4399316293567041E-002   3.1051878420699539E-002
   37.811486012809581        2.6490454435817243E-002   1.3586731426392273E-002   3.1003646349410760E-002
   39.147055493126302        2.6496749487983858E-002   1.2971177814423331E-002   3.0959313661149030E-002
   40.529808025860810        2.6502709348377219E-002   1.2504877967987405E-002   3.0918652394123166E-002
   41.961393513511240        2.6508682312024422E-002   1.2151646426572595E-002   3.0881509954360366E-002
   43.443545167355794        2.6515039471388432E-002   1.1884064589939038E-002   3.0847791155177277E-002
   44.978049075047366        2.6522161810826807E-002   1.1681364573373675E-002   3.0817444910852518E-002
   46.566763998623138        2.6530428772376755E-002   1.1527813388295529E-002   3.0790451360059246E-002
   48.211585595230147        2.6540207644777020E-002   1.1411495267657458E-002   3.0766811508791757E-002
   49.914505239722644        2.6551844498792120E-002   1.1323381346037035E-002   3.0746536543551719E-002
   51.677575059319224        2.6565655680877081E-002   1.1256632819317871E-002   3.0729639833585117E-002
   53.502930680545909        2.6581920691205331E-002   1.1206068860056180E-002   3.0716128970175553E-002
   55.392750120602578        2.6600875587861776E-002   1.1167765640772391E-002   3.0705999196090693E-002
   57.349321371645829        2.6622708476713455E-002   1.1138749982306868E-002   3.0699226851895422E-002
   59.375002227322796        2.6647555193169494E-002   1.1116769886327246E-002   3.0695764420087823E-002
   61.472246417894510        2.6675496775699612E-002   1.1100119321403795E-002   3.0695535927157239E-002
   63.643556378429672        2.6706557160464411E-002   1.1087506182544154E-002   3.0698433221033713E-002
   65.891560899834928        2.6740703712006347E-002   1.1077951410486505E-002   3.0704313108777002E-002
   68.218968971510208        2.6777847256743682E-002   1.1070713428720893E-002   3.0712995441782250E-002
   70.628585269218178        2.6779799173792140E-002   1.1055103111485418E-002   3.0668316056821347E-002
   73.123328588587739        2.6687794115630867E-002   1.1017826655603167E-002   3.0484147742082832E-002
   75.706175661273647        2.6615899594203137E-002   1.0989588988208652E-002   3.0328884669909267E-002
   78.380253523498894        2.6560389224075488E-002   1.0968198240164411E-002   3.0197522748133976E-002
   81.148784610322849        2.6518184976313780E-002   1.0951994206895703E-002   3.0085866359102337E-002
   84.015122474940881        2.6486738580250194E-002   1.0939719178241972E-002   2.9990411254755593E-002
   86.982687236203873        2.6463937794123319E-002   1.0930420596384374E-002   2.9908244577216171E-002
   90.055071705548812        2.6448029676962130E-002   1.0923376685182163E-002   2.9836951864629167E-002
   93.235978303002270        2.6437560769824269E-002   1.0918040744090893E-002   2.9774541506653516E-002
   96.529260096906100        2.6431328196417261E-002   1.0913998612807641E-002   2.9719376751420060E-002
   99.938826062156153        2.6428340614978757E-002   1.0910936632564166E-002   2.9670119923764386E-002
   103.46886588546354        2.6427786248099508E-002   1.0908617077309304E-002   2.9625680389062353E-002
   107.12359379692580        2.6429007304849456E-002   1.0906859958365217E-002   2.9585177230441045E-002
   110.90736836557576        2.6431478480500138E-002   1.0905528912163327E-002   2.9547902506409405E-002
   114.82483910697920        2.6434789357157214E-002   1.0904520598925906E-002   2.9513290805899983E-002
   118.88068277378797        2.6438629118359827E-002   1.0903756777375539E-002   2.9480897135342871E-002
   123.07973629915718        2.6442773529544498E-002   1.0903178170117917E-002   2.9450374540673195E-002
   127.42715949490271        2.6447073547114074E-002   1.0902739855237233E-002   2.9421455396864790E-002
   131.92808807993632        2.6451444516694053E-002   1.0902407824580412E-002   2.9393938809514901E-002
   136.58805281121437        2.6455856947577249E-002   1.0902156299948102E-002   2.9367675004164741E-002
   141.41261684513370        2.6460327140105856E-002   1.0901965763984207E-002   2.9342556682057111E-002
   146.40753387824964        2.6464908805245779E-002   1.0901821429890100E-002   2.9318508615499658E-002
   151.57894168226974        2.4735140014911262E-002   1.0439473409589740E-002   2.7458638530027623E-002
   156.93294936957258        1.9927274795924585E-002   9.1566938327055890E-003   2.2344119438960131E-002
   162.47613596373097        1.6287479877293416E-002   8.1849442223888430E-003   1.8471398203445760E-002
   168.21511902855468        1.3532835250258685E-002   7.4488204997038079E-003   1.5538692313336122E-002
   174.15674278185460        1.1448900016171206E-002   6.8911947974018882E-003   1.3317564636201269E-002
   180.30830831190286        9.8731078049383494E-003   6.4687741659238606E-003   1.1635050057179732E-002
   186.67715947709803        8.6823403386776660E-003   6.1487803686727160E-003   1.0360304015867872E-002
   193.27089166569760        7.7832999066038142E-003   5.9063798585063457E-003   9.3942790187739843E-003
   200.09760727912413        7.1052713249779445E-003   5.7227531423195230E-003   8.6619759019402921E-003
   207.16537088595135        6.5947112550147910E-003   5.5836529157956725E-003   8.1066615810082791E-003
   214.48286737908427        6.2110282722808883E-003   5.4782797142298410E-003   7.6853649434122642E-003
   222.05883252794877        5.9234834954395455E-003   5.3984569774009747E-003   7.3655748388021568E-003
   229.90230130529540        5.7087823026889042E-003   5.3379899549261204E-003   7.1226765160343625E-003
   238.02291179328489        5.5492649657569448E-003   5.2921841075414420E-003   6.9380275027211427E-003
   246.43025707061713        5.4315538731466162E-003   5.2574854325357669E-003   6.7975221310065176E-003
   255.13466811288930        5.3455007223294649E-003   5.2311999938501998E-003   6.6904729085701421E-003
   264.14653641505117        5.2834122930757376E-003   5.2112881412781035E-003   6.6087908448215146E-003
   273.47660938458705        5.2394502167477219E-003   5.1962045888364764E-003   6.5463487872052363E-003
   283.13635184814427        5.2091803988968512E-003   5.1847782795379086E-003   6.4985035487026563E-003
   293.13729579387660        5.1892351448390005E-003   5.1761225751793998E-003   6.4617392127318861E-003
   303.49136818478553        5.1770529730068042E-003   5.1695657382332481E-003   6.4333910302061805E-003
   314.21129214162710        5.1706834400422168E-003   5.1645987089305265E-003   6.4114381692462101E-003
   325.30973137660959        5.1686401902637314E-003   5.1608361033821139E-003   6.3943493048341750E-003
   336.80032369109853        5.1697884604102245E-003   5.1579858003828029E-003   6.3809619308581823E-003
   348.69678677735646        5.1732608114093380E-003   5.1558266272456622E-003   6.3703942103242326E-003
   361.01330816366544        5.1783929531907654E-003   5.1541910184480042E-003   6.3619762768308465E-003
   373.76502243504467        5.1695749004156090E-003   5.1331759320948737E-003   6.3285781820779123E-003
   386.96715283564077        5.1164469181545994E-003   5.0538864140988694E-003   6.2176716791790022E-003
   400.63544401132759        5.0778894479178707E-003   4.9938233135694565E-003   6.1333982683987711E-003
   414.78669160661980        5.0503189100919148E-003   4.9483234509386347E-003   6.0692893960913319E-003
   429.43761284149554        5.0310029086824979E-003   4.9138565643647185E-003   6.0204500023953150E-003
   444.60621081975989        5.0178565556393594E-003   4.8877467133812864E-003   5.9831703894529025E-003
   460.31059410826708        5.0092909878962635E-003   4.8679678727204575E-003   5.9546417827505277E-003
   476.56949149896485        5.0040953587289017E-003   4.8529850789667305E-003   5.9327353477166417E-003
   493.40288198244309        5.0013475129346242E-003   4.8416350978366888E-003   5.9158362631766539E-003
   510.83065126063684        5.0003460690921757E-003   4.8330373023796041E-003   5.9027199871996752E-003
   528.87421463804299        5.0005579522002085E-003   4.8265241768703157E-003   5.8924556338830897E-003
   547.55511287104378        5.0015786522024479E-003   4.8215903275069484E-003   5.8843352861543963E-003
   566.89562449487210        5.0031016335924843E-003   4.8178528563026894E-003   5.8778189722074048E-003
   586.91951519858117        5.0048950764263397E-003   4.8150215934327925E-003   5.8724933384911443E-003
   607.65068989177485        5.0067838674213282E-003   4.8128768436520091E-003   5.8680409216208410E-003
   629.11387223602765        5.0086359269240401E-003   4.8112521607815931E-003   5.8642162925195904E-003
   651.33543626567803        5.0103517551000586E-003   4.8100214076774025E-003   5.8608281696899758E-003
   674.34163286578985        5.0118562087737087E-003   4.8090890921672199E-003   5.8577263191678117E-003
   698.16073213207346        5.0130924743340714E-003   4.8083828311306009E-003   5.8547911672127122E-003
   722.82116976782140        4.9159872910725091E-003   4.7098453923011645E-003   5.6667869385056959E-003
   748.35235540965130        4.8154228333280339E-003   4.6083194093197721E-003   5.4728836994827768E-003
   774.78566186873422        4.7390156364108338E-003   4.5314099884207985E-003   5.3252248071014073E-003
   802.15264573967897        4.6807973829892874E-003   4.4731492506539404E-003   5.2125266122883783E-003
   830.48594444209971        4.6362452522841777E-003   4.4290157934473709E-003   5.1262361969303203E-003
   859.82037403360118        4.6019304462642657E-003   4.3955831830322688E-003   5.0598683905894205E-003
   890.19058800385733        4.5752559027231483E-003   4.3702574364383210E-003   5.0085111719313782E-003
   921.63390537915473        4.5542517804412225E-003   4.3510723131115012E-003   4.9684396398739158E-003
   954.18786380243341        4.5374257221611290E-003   4.3365391203491147E-003   4.9368334769727918E-003
   987.89128659474920        4.5236465374373274E-003   4.3255299902653045E-003   4.9115571727914135E-003
   1022.7855886411724        4.5120568793422409E-003   4.3171901959143163E-003   4.8909949487694841E-003
   1058.9119914466876        4.5020085292159151E-003   4.3108726659411428E-003   4.8739280779404835E-003
   1096.3148872627712        4.4930115753012380E-003   4.3060869198938700E-003   4.8594384980876759E-003
   1135.0389283928459        4.4846978030986320E-003   4.3024616020560808E-003   4.8468388622033825E-003
   1175.1302964981960        4.4767920239706755E-003   4.2997153647822764E-003   4.8356176422258493E-003
   1216.6382559936744        4.4690905194165161E-003   4.2976349956769860E-003   4.8253977060380357E-003
   1259.6123598874483        4.4614455382749607E-003   4.2960590659991320E-003   4.8159058308570209E-003
   1304.1038583964914        4.4537528988135228E-003   4.2948652736157110E-003   4.8069484054102220E-003
   1350.1674228314519        4.4459425649176730E-003   4.2939609348623580E-003   4.7983928757847271E-003
   1397.8574692241625        3.8899665954911645E-003   3.7600372956145644E-003   4.1896677573222433E-003
   1447.2325992722181        3.4202056580035713E-003   3.3093696687945522E-003   3.6747938981466655E-003
   1498.3517579647787        3.0632191938488834E-003   2.9679780925836456E-003   3.2839437758255896E-003
   1551.2759091786245        2.3285479088025964E-003   2.2610469676902453E-003   2.4973067489929869E-003
   1606.0700862978565        1.7599785098113400E-003   1.7127975080734237E-003   1.8885898612991917E-003
   1662.7990190437411        1.3301890920454954E-003   1.2974896181981125E-003   1.4283274829245466E-003
   1721.5324161293761        1.0053262251024089E-003   9.8287962017484234E-004   1.0803038925458045E-003
   1782.3403946248577        7.5979559904160502E-004   7.4455497308459990E-004   8.1714635184005290E-004
   1845.2954731357936        5.7423744977329512E-004   5.6402017354735112E-004   6.1815436156732696E-004
   1910.4750110852074        4.3400623697807222E-004   4.2725885908593468E-004   4.6767042887718615E-004
   1977.9568210713478        3.2803436054294164E-004   3.2365887113448822E-004   3.5386307605811857E-004
   2047.8213808026539        2.4795381838508944E-004   2.4518019389640344E-004   2.6778659195477827E-004
   2120.1545400970977        1.8743690625147211E-004   1.8572989908463081E-004   2.0267563172695970E-004
   2195.0417479108573        1.4170413688346191E-004   1.4069533305332242E-004   1.5341903871343704E-004
   2272.5750259096239        1.0714137441709288E-004   1.0658010173820743E-004   1.1615057364552002E-004
   2352.8469348264384        8.1019051429805365E-005   8.0736992763090018E-005   8.7948958419067138E-005
   2435.9532056335870        6.1274497868131335E-005   6.1160417049225887E-005   6.6605381546702331E-005
   2521.9959596104222        4.6348688267292142E-005   4.6330488225840458E-005   5.0449184836896722E-005
   2611.0779162676686        3.5064381545363522E-005   3.5096460142138961E-005   3.8217796520215274E-005
   2703.3053132971791        2.6532068334401959E-005   2.6586501005101500E-005   2.8956328024690284E-005
   2798.7914800504532        2.0079466643759850E-005   2.0139914526608645E-005   2.1942312628050883E-005
   2897.6492167059700        1.5198970479071890E-005   1.5256520333839681E-005   1.6629614276718030E-005
   3000.0000000000000        1.1506817838631484E-005   1.1557181422182639E-005   1.2604811322388433E-005
