         200   4370.0000000000000     
   3.0000000000000000        1.4029233116798368E-003   3.0377459048274796E-003   2.3535954777306137E-003
   3.1059655287322618        1.4426783547236127E-003   3.0377459048274796E-003   2.3763919190135339E-003
   3.2156739552243598        1.4822634312346757E-003   3.0377459048274796E-003   2.3992305083746844E-003
   3.3292574962321346        1.5216177592364572E-003   3.0377459048274796E-003   2.4220520696518590E-003
   3.4468529954360925        1.5606812500393915E-003   3.0377459048274796E-003   2.4447976585301153E-003
   3.5686022069563790        1.5993945739539762E-003   3.0377459048274796E-003   2.4674086904889953E-003
   3.6946518254059528        1.6376991689868419E-003   3.0377459048274796E-003   2.4898270698889397E-003
   3.8251536998800524        1.6755373496904725E-003   3.0377459048274796E-003   2.5119954131465013E-003
   3.9602651907155879        1.7128524925383772E-003   3.0377459048274796E-003   2.5338573518270684E-003
   4.1001490688558144        1.7495891333747307E-003   3.0377459048274796E-003   2.5553578158132350E-003
   4.2449739038313119        1.7856932491675888E-003   3.0377459048274796E-003   2.5764434504008116E-003
   4.3949142193596993        1.8211125091816016E-003   3.0377459048274796E-003   2.5970630335007522E-003
   4.5501507036585132        1.8557965735620868E-003   3.0377459048274796E-003   2.6171679289268570E-003
   4.7108703059600501        1.8896973917580369E-003   3.0377459048274796E-003   2.6367125372254076E-003
   4.8772669425686850        1.9227696402302273E-003   3.0377459048274796E-003   2.6556548126386078E-003
   5.0495410155906377        1.9549709127678963E-003   3.0377459048274796E-003   2.6739566119388957E-003
   5.2279001269311909        1.9862621547641940E-003   3.0377459048274796E-003   2.6915841477622533E-003
   5.4125592113782046        2.0166079517059498E-003   3.0377459048274796E-003   2.7085083122698906E-003
   5.6037407956130689        2.0459768134823918E-003   3.0377459048274796E-003   2.7247049457536279E-003
   5.8016752663703963        2.0743414199067647E-003   3.0377459048274796E-003   2.7401550254062181E-003
   6.0066011480696169        2.1016788198377468E-003   3.0377459048274796E-003   2.7548447677271776E-003
   6.2187653902530293        2.1279705780895327E-003   3.0377459048274796E-003   2.7687656417645884E-003
   6.4384236651766908        2.1532028662493608E-003   3.0377459048274796E-003   2.7819142940677401E-003
   6.6658406759127811        2.1773664954762347E-003   3.0377459048274796E-003   2.7942923896316228E-003
   6.9012904753346884        2.2004568912424795E-003   3.0377459048274796E-003   2.8059063760748687E-003
   7.1450567963692624        2.2224740117225568E-003   3.0377459048274796E-003   2.8167671806804289E-003
   7.3974330131920443        2.2434221828008974E-003   3.0377459048274796E-003   2.8268898371945394E-003
   7.6587243988323896        2.2633100661242369E-003   3.0377459048274796E-003   2.8362931561024957E-003
   7.9292442763577622        2.2821501029043809E-003   3.0377459048274796E-003   2.8449991349366040E-003
   8.2093202460023029        2.2999586893772588E-003   3.0377459048274796E-003   2.8530327145369133E-003
   8.4992881560440416        2.3167554365891834E-003   3.0377459048274796E-003   2.8604211157954727E-003
   8.7994991583321234        2.3325632770627978E-003   3.0377459048274796E-003   2.8671935791413287E-003
   9.1103132457223861        2.3474077338776003E-003   3.0377459048274796E-003   2.8733807517580538E-003
   9.4321068148357909        2.3613169545643044E-003   3.0377459048274796E-003   2.8790144337987140E-003
   9.7652657388916850        2.3743210141676688E-003   3.0377459048274796E-003   2.8841270447661329E-003
   10.110193474162946        2.3864519041983034E-003   3.0377459048274796E-003   2.8887514042585495E-003
   10.467303634806061        2.3977428905934549E-003   3.0377459048274796E-003   2.8929202929839043E-003
   10.837027566606025        2.4082284519719110E-003   3.0377459048274796E-003   2.8966662728926820E-003
   11.219811965471335        2.4179438580840163E-003   3.0377459048274796E-003   2.9000213990369667E-003
   11.616115840724994        2.4269248118462977E-003   3.0377459048274796E-003   2.9030169915510713E-003
   12.026419117330413        2.4352073867212986E-003   3.0377459048274796E-003   2.9056835349531764E-003
   12.451213803399156        2.4428275798350193E-003   3.0377459048274796E-003   2.9080504730363012E-003
   12.891014326336300        2.4498213026619294E-003   3.0377459048274796E-003   2.9101461705268402E-003
   13.346348065368609        2.4562240213225075E-003   3.0377459048274796E-003   2.9119977834344201E-003
   13.817766430769083        2.4620707725730067E-003   3.0377459048274796E-003   2.9136312620918659E-003
   14.305834715756038        2.4673958885444778E-003   3.0377459048274796E-003   2.9150712830214882E-003
   14.811143972217785        2.4722330394087505E-003   3.0377459048274796E-003   2.9163412845922511E-003
   15.334300133051286        2.4766150347156537E-003   3.0377459048274796E-003   2.9174634468537297E-003
   15.875936741648431        2.4805738891212192E-003   3.0377459048274796E-003   2.9184587515511578E-003
   16.436703292225193        2.4841406883084941E-003   3.0377459048274796E-003   2.9193469977596355E-003
   17.017278874447534        2.4873456706702456E-003   3.0377459048274796E-003   2.9201468792090226E-003
   17.618359675531394        2.4902181439370279E-003   3.0377459048274796E-003   2.9208760254670154E-003
   18.240671728221173        2.4927865680393524E-003   3.0377459048274796E-003   2.9215510892700298E-003
   18.884968846184627        2.4950785527583542E-003   3.0377459048274796E-003   2.9221878168828688E-003
   19.552019805756849        2.4971208480935305E-003   3.0377459048274796E-003   2.9228011174911362E-003
   20.242632201214423        2.4989394678888673E-003   3.0376942166273858E-003   2.9234050592969693E-003
   20.957638264717446        2.5005596865779224E-003   3.0375704640776577E-003   2.9240130704683669E-003
   21.697899624358065        2.5020061182837441E-003   3.0374767183877572E-003   2.9246383349212147E-003
   22.464312967141105        2.5033028034715764E-003   3.0374057032885771E-003   2.9252933764150036E-003
   23.257792778673313        2.5044732758103950E-003   3.0373519079181970E-003   2.9259903616898880E-003
   24.079299719823517        2.5055407245647495E-003   3.0373111565630074E-003   2.9267412351970117E-003
   24.929823759061236        2.5065281008227244E-003   3.0372802863796043E-003   2.9275578208561820E-003
   25.810395145829254        2.5074582900085703E-003   3.0372569013137059E-003   2.9284519535319538E-003
   26.722064579292049        2.5083542685831839E-003   3.0372391866544863E-003   2.9294355836634750E-003
   27.665935811728254        2.5092393305558495E-003   3.0372257673515835E-003   2.9305209378371264E-003
   28.643146268414043        2.5101372674820300E-003   3.0372156018898507E-003   2.9317206273191754E-003
   29.654879655490589        2.5110725818610112E-003   3.0372079012555707E-003   2.9330477880992458E-003
   30.702343174827575        2.5097105714192050E-003   2.7606241031081897E-003   2.9310227571576692E-003
   31.786804983723918        2.5076121395647367E-003   2.4308736402782367E-003   2.9279316782750502E-003
   32.909571928103169        2.5059686276934262E-003   2.1810793152261965E-003   2.9255161344228751E-003
   34.072004028335677        2.5047266526301336E-003   1.9918528154583767E-003   2.9236734903890188E-003
   35.275488300232773        2.5038482924530404E-003   1.8485099241827149E-003   2.9223222644412599E-003
   36.521481794408061        2.5033082530467620E-003   1.7399240545226105E-003   2.9213984008148392E-003
   37.811486012809581        2.5030915511220619E-003   1.6576675088027029E-003   2.9208522563004781E-003
   39.147055493126302        2.5031915008981950E-003   1.5953560926400779E-003   2.9206460306948011E-003
   40.529808025860810        2.5036079811190221E-003   1.5481533742693801E-003   2.9207516273864953E-003
   41.961393513511240        2.5043458986202167E-003   1.5123963627745346E-003   2.9211488498779694E-003
   43.443545167355794        2.5054138488411260E-003   1.4853095211805071E-003   2.9218238854034602E-003
   44.978049075047366        2.5068228952844487E-003   1.4647905528196940E-003   2.9227680095811536E-003
   46.566763998623138        2.5085854928252418E-003   1.4492468347590303E-003   2.9239764808169804E-003
   48.211585595230147        2.5107144653313423E-003   1.4374721547288898E-003   2.9254475406760710E-003
   49.914505239722644        2.5132221946238347E-003   1.4285525364648511E-003   2.9271815999540943E-003
   51.677575059319224        2.5161198087842829E-003   1.4217956997803322E-003   2.9291804407450112E-003
   53.502930680545909        2.5194165400816322E-003   1.4166771985691955E-003   2.9314465305498032E-003
   55.392750120602578        2.5231190705869585E-003   1.4127998306344542E-003   2.9339823070843596E-003
   57.349321371645829        2.5272311720097706E-003   1.4098626262468567E-003   2.9367896322844600E-003
   59.375002227322796        2.5317532458533111E-003   1.4076376195516641E-003   2.9398691378227197E-003
   61.472246417894510        2.5366820773244422E-003   1.4059521119693615E-003   2.9432196762443829E-003
   63.643556378429672        2.5420105052370054E-003   1.4046753059701422E-003   2.9468376789744469E-003
   65.891560899834928        2.5477274654042838E-003   1.4037080930963237E-003   2.9507167427057050E-003
   68.218968971510208        2.5538178174691452E-003   1.4029754048540599E-003   2.9548470590947478E-003
   70.628585269218178        2.5564631265744603E-003   1.4013346423443207E-003   2.9537189963493400E-003
   73.123328588587739        2.5497347317369858E-003   1.3973631504769839E-003   2.9387619080197304E-003
   75.706175661273647        2.5449900384497039E-003   1.3943546652614349E-003   2.9264721753793593E-003
   78.380253523498894        2.5418575091148339E-003   1.3920756615342018E-003   2.9163836704839273E-003
   81.148784610322849        2.5400301976866491E-003   1.3903492585052265E-003   2.9081062651996796E-003
   84.015122474940881        2.5392539715587328E-003   1.3890414577683843E-003   2.9013144385610012E-003
   86.982687236203873        2.5393181056257747E-003   1.3880507723249534E-003   2.8957376058964864E-003
   90.055071705548812        2.5400476999097401E-003   1.3873003030168674E-003   2.8911513633290524E-003
   93.235978303002270        2.5412976400520653E-003   1.3867318035137082E-003   2.8873703272857278E-003
   96.529260096906100        2.5429477323413554E-003   1.3863011485295345E-003   2.8842418131308869E-003
   99.938826062156153        2.5448987316150622E-003   1.3859749203689695E-003   2.8816406060622034E-003
   103.46886588546354        2.5470692952459014E-003   1.3857277913269894E-003   2.8794642927018397E-003
   107.12359379692580        2.5493932595154344E-003   1.3855405851285691E-003   2.8776296908036270E-003
   110.90736836557576        2.5518175825288685E-003   1.3853987733859850E-003   2.8760695620612870E-003
   114.82483910697920        2.5543006746850607E-003   1.3852913461178289E-003   2.8747299043608318E-003
   118.88068277378797        2.5568107309395655E-003   1.3852099673761107E-003   2.8735678122062337E-003
   123.07973629915718        2.5593245240507546E-003   1.3851483216546017E-003   2.8725495111369330E-003
   127.42715949490271        2.5618263550078709E-003   1.3851016229021980E-003   2.8716487198378140E-003
   131.92808807993632        2.5643068149955573E-003   1.3850662478371030E-003   2.8708453599586665E-003
   136.58805281121437        2.5667620742570989E-003   1.3850394500096825E-003   2.8701242988885224E-003
   141.41261684513370        2.5691927884731866E-003   1.3850191500103079E-003   2.8694744180587117E-003
   146.40753387824964        2.5716033486111347E-003   1.3850037724303468E-003   2.8688877235861889E-003
   151.57894168226974        2.4051820979062439E-003   1.3163232273551632E-003   2.6885456839252217E-003
   156.93294936957258        1.9386870910541583E-003   1.1257605327965234E-003   2.1891440887252451E-003
   162.47613596373097        1.5853482254366319E-003   9.8140274326258682E-004   1.8108209292290174E-003
   168.21511902855468        1.3178253867593822E-003   8.7204824257422150E-004   1.5242137764256514E-003
   174.15674278185460        1.1153782509700397E-003   7.8921042826794502E-004   1.3070798941532424E-003
   180.30830831190286        9.6227046613432373E-004   7.2645793733170652E-004   1.1425654864117053E-003
   186.67715947709803        8.4657441637017608E-004   6.7892141481055307E-004   1.0179119007257870E-003
   193.27089166569760        7.5924414333773573E-004   6.4291172521766698E-004   9.2345425302560891E-004
   200.09760727912413        6.9341777530796745E-004   6.1563314793121435E-004   8.5186924631614467E-004
   207.16537088595135        6.4389564889222621E-004   5.9496918160545484E-004   7.9761348784491265E-004
   214.48286737908427        6.0673284997776560E-004   5.7931551702698736E-004   7.5648554921755370E-004
   222.05883252794877        5.7893973607060312E-004   5.6745748927906762E-004   7.2530471225538354E-004
   229.90230130529540        5.5824901185194242E-004   5.5847484023913705E-004   7.0166134336569332E-004
   238.02291179328489        5.4294059696223095E-004   5.5167017491590780E-004   6.8372940545629115E-004
   246.43025707061713        5.3171056457814814E-004   5.4651553016956799E-004   6.7012647424829282E-004
   255.13466811288930        5.2356908149807520E-004   5.4261070964245776E-004   6.5980458547284528E-004
   264.14653641505117        5.1776526822152366E-004   5.3965271409265952E-004   6.5197018195015902E-004
   273.47660938458705        5.1372891835222746E-004   5.3741198431445851E-004   6.4602190270968282E-004
   283.13635184814427        5.1102671918849981E-004   5.3571455450809673E-004   6.4150385994172869E-004
   293.13729579387660        5.0932937442159788E-004   5.3442871056765364E-004   6.3807072527516460E-004
   303.49136818478553        5.0838628947550400E-004   5.3345466285224178E-004   6.3546070250443702E-004
   314.21129214162710        5.0800657065958000E-004   5.3271678823610846E-004   6.3347522966619729E-004
   325.30973137660959        5.0804468250576049E-004   5.3215783620351638E-004   6.3196382948421139E-004
   336.80032369109853        5.0838949908413246E-004   5.3173441083126740E-004   6.3081228923566940E-004
   348.69678677735646        5.0895606044913937E-004   5.3141365591869404E-004   6.2993399830827562E-004
   361.01330816366544        5.0967931503352593E-004   5.3117067885128364E-004   6.2926321194512445E-004
   373.76502243504467        5.0903618431798604E-004   5.2901268439654295E-004   6.2611849022881766E-004
   386.96715283564077        5.0405907592169618E-004   5.2105271828922393E-004   6.1530345603447916E-004
   400.63544401132759        5.0049141972766022E-004   5.1502291439334551E-004   6.0711243756933736E-004
   414.78669160661980        4.9798627065533393E-004   5.1045513073690561E-004   6.0090840506876926E-004
   429.43761284149554        4.9627891698791427E-004   5.0699496026434653E-004   5.9620922904556864E-004
   444.60621081975989        4.9516729611452409E-004   5.0437376222773212E-004   5.9264955010324713E-004
   460.31059410826708        4.9449739176200044E-004   5.0238814161505149E-004   5.8995281203569230E-004
   476.56949149896485        4.9415186349740907E-004   5.0088400167970168E-004   5.8790953829373290E-004
   493.40288198244309        4.9404143485091143E-004   4.9974456399112268E-004   5.8636101873340857E-004
   510.83065126063684        4.9409832414488693E-004   4.9888142139465079E-004   5.8518713018907483E-004
   528.87421463804299        4.9427119212846679E-004   4.9822756121720136E-004   5.8429684245643414E-004
   547.55511287104378        4.9452129010891892E-004   4.9773224639244721E-004   5.8362125416173678E-004
   566.89562449487210        4.9481951014504282E-004   4.9735703735013235E-004   5.8310818193485134E-004
   586.91951519858117        4.9514414346247897E-004   4.9707280360707334E-004   5.8271809625930334E-004
   607.65068989177485        4.9547913011475106E-004   4.9685748970436350E-004   5.8242108393353586E-004
   629.11387223602765        4.9581274336443705E-004   4.9669438591825807E-004   5.8219449682300837E-004
   651.33543626567803        4.9613658457239027E-004   4.9657082919545991E-004   5.8202118549838385E-004
   674.34163286578985        4.9644477364949686E-004   4.9647723296672821E-004   5.8188818063185401E-004
   698.16073213207346        4.9673337755171262E-004   4.9640633060716568E-004   5.8178566390995883E-004
   722.82116976782140        4.8748207480498422E-004   4.8683443214912167E-004   5.6348832625702065E-004
   748.35235540965130        4.7790441439045253E-004   4.7697270453476786E-004   5.4462883086938926E-004
   774.78566186873422        4.7068393156274291E-004   4.6950210698317992E-004   5.3034034132724351E-004
   802.15264573967897        4.6524346947796448E-004   4.6384294949860529E-004   5.1951468441768160E-004
   830.48594444209971        4.6114623091750816E-004   4.5955604558622540E-004   5.1131229356576348E-004
   859.82037403360118        4.5806165828360265E-004   4.5630856855947256E-004   5.0509693318868606E-004
   890.19058800385733        4.5573993022240598E-004   4.5384855185039673E-004   5.0038694952933419E-004
   921.63390537915473        4.5399209934978492E-004   4.5198500465842742E-004   4.9681725570438495E-004
   954.18786380243341        4.5267549440779756E-004   4.5057332279945054E-004   4.9411144132457789E-004
   987.89128659474920        4.5168239020520324E-004   4.4950395081240561E-004   4.9206009702879993E-004
   1022.7855886411724        4.5093149299491329E-004   4.4869386478482888E-004   4.9050453164095707E-004
   1058.9119914466876        4.5036157436180788E-004   4.4808021143263963E-004   4.8932461244170767E-004
   1096.3148872627712        4.4992651745705096E-004   4.4761534793106401E-004   4.8842928214630162E-004
   1135.0389283928459        4.4959167459494842E-004   4.4726320263798830E-004   4.8774960234594476E-004
   1175.1302964981960        4.4933104259041874E-004   4.4699644684638434E-004   4.8723334663786083E-004
   1216.6382559936744        4.4912513948246462E-004   4.4679437016757523E-004   4.8684093896578950E-004
   1259.6123598874483        4.4895941802511970E-004   4.4664129221879713E-004   4.8654241790673501E-004
   1304.1038583964914        4.4882303954239989E-004   4.4652533318084822E-004   4.8631508634413705E-004
   1350.1674228314519        4.4870795209890244E-004   4.4643749022484135E-004   4.8614174592719517E-004
   1397.8574692241625        3.9368697695377750E-004   3.9181509379516706E-004   4.2568885361129105E-004
   1447.2325992722181        3.4724850805928755E-004   3.4572234268454791E-004   3.7458290358566244E-004
   1498.3517579647787        3.1206878249182734E-004   3.1080597413022114E-004   3.3586828780362226E-004
   1551.2759091786245        2.3773237161477136E-004   2.3679374970257902E-004   2.5586450064542411E-004
   1606.0700862978565        1.8007044275185609E-004   1.7937696572143964E-004   1.9382134720725023E-004
   1662.7990190437411        1.3639407160683954E-004   1.3588281724512543E-004   1.4682326347286543E-004
   1721.5324161293761        1.0331063780872981E-004   1.0293450516209366E-004   1.1122104575094165E-004
   1782.3403946248577        7.8251532855012440E-005   7.7975365596455871E-005   8.4251830874601600E-005
   1845.2954731357936        5.9270781269991674E-005   5.9068411099221875E-005   6.3822443570396898E-005
   1910.4750110852074        4.4893743674267009E-005   4.4745743357978761E-005   4.8346647067247475E-005
   1977.9568210713478        3.4003999435226324E-005   3.3895977755265499E-005   3.6623477512917660E-005
   2047.8213808026539        2.5755784269860531E-005   2.5677103702468621E-005   2.7743070183750933E-005
   2120.1545400970977        1.9508209942039478E-005   1.9451024177997655E-005   2.1015916089554863E-005
   2195.0417479108573        1.4776135963502805E-005   1.4734667592236158E-005   1.5920029149730803E-005
   2272.5750259096239        1.1191862070087397E-005   1.1161865407888292E-005   1.2059748713288419E-005
   2352.8469348264384        8.4770216931890426E-006   8.4553817453919888E-006   9.1355133092450389E-006
   2435.9532056335870        6.4207410089101512E-006   6.4051763158436735E-006   6.9203709256396176E-006
   2521.9959596104222        4.8632326477093069E-006   4.8520752506769262E-006   5.2423334800824554E-006
   2611.0779162676686        3.6835313924278532E-006   3.6755638061043238E-006   3.9711856195482275E-006
   2703.3053132971791        2.7900020881909186E-006   2.7843372359931379E-006   3.0082741743501056E-006
   2798.7914800504532        2.1132096721873106E-006   2.1092024834481125E-006   2.2788379628556354E-006
   2897.6492167059700        1.6005946667995406E-006   1.5977769187846594E-006   1.7262794928810799E-006
   3000.0000000000000        1.2123218594707305E-006   1.2103544791673377E-006   1.3076981752531005E-006
