         200   4370.0000000000000     
   3.0000000000000000        2.0466433299755598E-003   7.5322331656721735        9.8686403193114268E-004
   3.1059655287322618        2.1938556521254346E-003   7.5322331656721735        1.0522471638078734E-003
   3.2156739552243598        2.3516272663235346E-003   7.5322331656721735        1.1222022320721630E-003
   3.3292574962321346        2.5206914330003112E-003   7.5322331656721735        1.1970540547826603E-003
   3.4468529954360925        2.7018330470918329E-003   7.5322331656721735        1.2771504629543304E-003
   3.5686022069563790        2.8958939448989812E-003   7.5322331656721735        1.3628639800807923E-003
   3.6946518254059528        3.1037786429022056E-003   7.5322331656721735        1.4545934390590939E-003
   3.8251536998800524        3.3264612739173668E-003   7.5322331656721735        1.5527658382323442E-003
   3.9602651907155879        3.5649938234840585E-003   7.5322331656721735        1.6578384457110054E-003
   4.1001490688558144        3.8205147191562624E-003   7.5322331656721735        1.7703007014513892E-003
   4.2449739038313119        4.0942594949825526E-003   7.5322331656721735        1.8906766457574651E-003
   4.3949142193596993        4.3875724123687019E-003   7.5322331656721735        2.0195273531005194E-003
   4.5501507036585132        4.7019196246162430E-003   7.5322331656721735        2.1574536049629627E-003
   4.7108703059600501        5.0389036518891988E-003   7.5322331656721735        2.3050986761270855E-003
   4.8772669425686850        5.4002808094458536E-003   7.5322331656721735        2.4631519311100066E-003
   5.0495410155906377        5.7879779208380149E-003   7.5322331656721735        2.6323515996856599E-003
   5.2279001269311909        6.2041134399812448E-003   7.5322331656721735        2.8134889489952407E-003
   5.4125592113782046        6.6510194358048403E-003   7.5322331656721735        3.0074122637937825E-003
   5.6037407956130689        7.1312660851934415E-003   7.5322331656721735        3.2150313125420440E-003
   5.8016752663703963        7.6476886518392568E-003   7.5322331656721735        3.4373222325362407E-003
   6.0066011480696169        8.2034172157840531E-003   7.5322331656721735        3.6753328759443309E-003
   6.2187653902530293        8.8019094747318043E-003   7.5322331656721735        3.9301886616371203E-003
   6.4384236651766908        9.4469870060798888E-003   7.5322331656721735        4.2030989808853692E-003
   6.6658406759127811        1.0142875459533999E-002   7.5322331656721735        4.4953642084094372E-003
   6.9012904753346884        1.0894249245976069E-002   7.5322331656721735        4.8083833739960436E-003
   7.1450567963692624        1.1706281401145142E-002   7.5322331656721735        5.1436625540341105E-003
   7.3974330131920443        1.2584698080430343E-002   7.5322331656721735        5.5028234959034793E-003
   7.6587243988323896        1.3535848132644810E-002   7.5322331656721735        5.8876164019819165E-003
   7.9292442763577622        1.4566758856056690E-002   7.5322331656721735        6.2999247434362728E-003
   8.2093202460023029        1.5685237832748861E-002   7.5322331656721735        6.7417859023347236E-003
   8.4992881560440416        1.6899939693898580E-002   7.5322331656721735        7.2153944311705506E-003
   8.7994991583321234        1.8220496891212114E-002   7.5322331656721735        7.7231268341867165E-003
   9.1103132457223861        1.9657609663715776E-002   7.5322331656721735        8.2675458774704863E-003
   9.4321068148357909        2.1223213420526181E-002   7.5322331656721735        8.8514296780399133E-003
   9.7652657388916850        2.2930599683250449E-002   7.5322331656721735        9.4777773239443086E-003
   10.110193474162946        2.4794630191385496E-002   7.5322331656721735        1.0149843054551268E-002
   10.467303634806061        2.6831896651128756E-002   7.5322331656721735        1.0871143523552774E-002
   10.837027566606025        2.9060984083295782E-002   7.5322331656721735        1.1645495641512609E-002
   11.219811965471335        3.1502708958386735E-002   7.5322331656721735        1.2477037801980527E-002
   11.616115840724994        3.4180373402252530E-002   7.5322331656721735        1.3370250761999991E-002
   12.026419117330413        3.7120121283526042E-002   7.5322331656721735        1.4330007093176342E-002
   12.451213803399156        4.0351200427576880E-002   7.5322331656721735        1.5361584663915849E-002
   12.891014326336300        4.3906377248639619E-002   7.5322331656721735        1.6470727530686787E-002
   13.346348065368609        4.7822217118321721E-002   7.5322331656721735        1.7663663073176183E-002
   13.817766430769083        5.2139533293194491E-002   7.5322331656721735        1.8947174067520708E-002
   14.305834715756038        5.6903657337100566E-002   7.5322331656721735        2.0328620336076450E-002
   14.811143972217785        6.2164899250578713E-002   7.5322331656721735        2.1816024115601726E-002
   15.334300133051286        6.7978778290754424E-002   7.5322331656721735        2.3418097199770133E-002
   15.875936741648431        7.4406476082200343E-002   7.5322331656721735        2.5144342035658393E-002
   16.436703292225193        8.1515005271785568E-002   7.5322331656721735        2.7005085425216877E-002
   17.017278874447534        8.9377647968057458E-002   7.5322331656721735        2.9011598111665333E-002
   17.618359675531394        9.8074046019846206E-002   7.5322331656721735        3.1176136155059507E-002
   18.240671728221173       0.10769058837395733        7.5322331656721735        3.3512074909117437E-002
   18.884968846184627       0.11832057589760271        7.5322331656721735        3.6034002927435090E-002
   19.552019805756849       0.13006411637861404        7.5322331656721735        3.8757777347009505E-002
   20.242632201214423       0.14302854546544014        7.5320325751468271        4.1700733436473528E-002
   20.957638264717446       0.15732809562450797        7.5315523187455993        4.4881756076907052E-002
   21.697899624358065       0.17308368578159425        7.5311885123613216        4.8321434879857419E-002
   22.464312967141105       0.19042250553001597        7.5309129183954626        5.2042238422274865E-002
   23.257792778673313       0.20947673943617826        7.5307041504061338        5.6068587376333322E-002
   24.079299719823517       0.23038291358553356        7.5305460033680980        6.0427161072996054E-002
   24.929823759061236       0.25327973199826304        7.5304262029824205        6.5146996739752078E-002
   25.810395145829254       0.27830600732954297        7.5303354506899165        7.0259738623350970E-002
   26.722064579292049       0.30559712901516184        7.5302667039973894        7.5799720229043369E-002
   27.665935811728254       0.33528241290173788        7.5302146266370986        8.1804359138886049E-002
   28.643146268414043       0.36748039830127283        7.5301751767180525        8.8314255677689982E-002
   29.654879655490589       0.40229457693231807        7.5301452922517171        9.5373482622872208E-002
   30.702343174827575       0.43969451190444653        7.5194281897151827       0.10297953036286832     
   31.786804983723918       0.47981144072343734        7.5066607215567469       0.11121618125599221     
   32.909571928103169       0.52272800285546950        7.4969890411476232       0.12016359969440096     
   34.072004028335677       0.56843189968604413        7.4896624606486029       0.12987974961232115     
   35.275488300232773       0.61687080342184852        7.4841124281046216       0.14042690701657465     
   36.521481794408061       0.66795033978539875        7.4799081379227772       0.15187193778335295     
   37.811486012809581       0.72153049744756370        7.4767232816551319       0.16428591130702741     
   39.147055493126302       0.77742471872618668        7.4743106723901347       0.17774387164336322     
   40.529808025860810       0.83540061058196302        7.4724830503797932       0.19232448809692074     
   41.961393513511240       0.89518057526525785        7.4710985898341349       0.20810907549895394     
   43.443545167355794       0.95644760640742277        7.4700498259155266       0.22518126587210710     
   44.978049075047366        1.0188493471906308        7.4692553606919141       0.24362557725998110     
   46.566763998623138        1.0820058254224509        7.4686535300721602       0.26352626231055420     
   48.211585595230147        1.1455164054310460        7.4681976312356007       0.28496520110585388     
   49.914505239722644        1.2089717016431976        7.4678522763233159       0.30802072665931379     
   51.677575059319224        1.2719626755959159        7.4675906612326690       0.33276506401893602     
   53.502930680545909        1.3340925847504459        7.4673924801575744       0.35926236220297830     
   55.392750120602578        1.3949870066841012        7.4672423539948509       0.38756576961502137     
   57.349321371645829        1.4543074863086312        7.4671286296253028       0.41771618974619928     
   59.375002227322796        1.5117610906180872        7.4670424805358095       0.44973974849553267     
   61.472246417894510        1.5671114222704627        7.4669772200833817       0.48364670604906662     
   63.643556378429672        1.6201866296783194        7.4669277839740218       0.51942986772664379     
   65.891560899834928        1.6708894148853779        7.4668903348694631       0.55706588245111710     
   68.218968971510208        1.7192022377755551        7.4668619662245002       0.59651556123923810     
   70.628585269218178        1.7623565794591483        7.4657300704466278       0.63622157887234143     
   73.123328588587739        1.7960614366737244        7.4620820535200370       0.67363041892791531     
   75.706175661273647        1.8290161959446485        7.4593186070983251       0.71310550341579204     
   78.380253523498894        1.8612701553468725        7.4572252264618992       0.75445678807264316     
   81.148784610322849        1.8930044441328995        7.4556394376243160       0.79752208588635509     
   84.015122474940881        1.9245181704073773        7.4544381562459447       0.84216943092510643     
   86.982687236203873        1.9562129383879758        7.4535281613656288       0.88829829367406421     
   90.055071705548812        1.9885783938805768        7.4528388172022382       0.93584331305889967     
   93.235978303002270        2.0221748315881087        7.4523166215438721       0.98477477180146256     
   96.529260096906100        2.0576157419938004        7.4519210430750515        1.0350997069097310     
   99.938826062156153        2.0955476288805768        7.4516213859458427        1.0868597356069627     
   103.46886588546354        2.1366321799571857        7.4513943853731952        1.1401324266694148     
   107.12359379692580        2.1815221828046156        7.4512224269748213        1.1950240299776844     
   110.90736836557576        2.2308408544556300        7.4510921656890012        1.2516666523014459     
   114.82483910697920        2.2851618169208541        7.4509934882887432        1.3102145774307419     
   118.88068277378797        2.3449840105157209        7.4509187377826080        1.3708333240685264     
   123.07973629915718        2.4107126117434117        7.4508621130574202        1.4336935557429586     
   127.42715949490271        2.4826428638009346        7.4508192178822723        1.4989643709697507     
   131.92808807993632        2.5609381002171050        7.4507867240888741        1.5667978830636773     
   136.58805281121437        2.6456233989345788        7.4507621089237617        1.6373241956068274     
   141.41261684513370        2.7365698623918093        7.4507434623436417        1.7106335020867158     
   146.40753387824964        2.8334919468195561        7.4507293372556855        1.7867649139132171     
   151.57894168226974        2.7727568273068828        7.3945311142167718        1.7767366962427724     
   156.93294936957258        2.4058638701913453        7.2386045281004341        1.5896132071379308     
   162.47613596373097        2.1269347389661997        7.1204847809302976        1.4379794413160147     
   168.21511902855468        1.9158475084149624        7.0310062289592938        1.3142789096473526     
   174.15674278185460        1.7572343140969160        6.9632247693402869        1.2128702911672777     
   180.30830831190286        1.6392855965303106        6.9118779844690650        1.1295338825636230     
   186.67715947709803        1.5528749072536041        6.8729815588610323        1.0610977036606868     
   193.27089166569760        1.4908941269055236        6.8435168833203628        1.0051352004781013     
   200.09760727912413        1.4477651827369786        6.8211963790881809       0.95972929129831130     
   207.16537088595135        1.4190822243666328        6.8042882338068562       0.92329317849925230     
   214.48286737908427        1.4013374087381234        6.7914797327328191       0.89442889313930607     
   222.05883252794877        1.3917221054863780        6.7817769848309153       0.87183905691693175     
   229.90230130529540        1.3879741657270979        6.7744269953572465       0.85427790079523791     
   238.02291179328489        1.3882642175322761        6.7688591257594206       0.84054275562179148     
   246.43025707061713        1.3911094771054058        6.7646413739071924       0.82949654650846416     
   255.13466811288930        1.3953078835758006        6.7614462819423276       0.82010395253368418     
   264.14653641505117        1.3998874961594983        6.7590259228636693       0.81147291353176532     
   273.47660938458705        1.4040676126828076        6.7571924614638164       0.80288661448388332     
   283.13635184814427        1.4072285930868407        6.7558035514492474       0.79382061627347289     
   293.13729579387660        1.4088876466479423        6.7547514186780404       0.78394345751146233     
   303.49136818478553        1.4086799618309755        6.7539544109776113       0.77310055192877314     
   314.21129214162710        1.4063430886027859        6.7533506502565537       0.76128622934317303     
   325.30973137660959        1.4017041114081972        6.7528932916825406       0.74861066369101614     
   336.80032369109853        1.3946684309819080        6.7525468268462632       0.73526333156413914     
   348.69678677735646        1.3852104921077666        6.7522843713923342       0.72148118566428321     
   361.01330816366544        1.3733651714939428        6.7520855571138592       0.70752053790885694     
   373.76502243504467        1.3520282239025576        6.5080574188596811       0.67815347721166830     
   386.96715283564077        1.3056273786943482        5.5417229115851949       0.59650385468977818     
   400.63544401132759        1.2620462091973947        4.8097087926650124       0.52302230253964632     
   414.78669160661980        1.2203565737646540        4.2551829429980943       0.45821580816289248     
   429.43761284149554        1.1798895006272150        3.8351205854949177       0.40205423760505588     
   444.60621081975989        1.1401757980782128        3.5169089148632686       0.35408282078342157     
   460.31059410826708        1.1009049431053912        3.2758559140693428       0.31357858570731145     
   476.56949149896485        1.0618878289676139        3.0932543421903427       0.27968462087667134     
   493.40288198244309        1.0230266317115155        2.9549273766584743       0.25151160397010569     
   510.83065126063684       0.98429493128354195        2.8501424486294638       0.22820736993745663     
   528.87421463804299       0.94571548823571105        2.7707642648680699       0.20899263396982101     
   547.55511287104378       0.90734864721206931        2.7106333798025584       0.19318141107060338     
   566.89562449487210       0.86927915768467334        2.6650832555756274       0.18018515862563905     
   586.91951519858117       0.83160551584072540        2.6305774712109424       0.16950942804535943     
   607.65068989177485       0.79443538704883909        2.6044385088990021       0.16074688764394324     
   629.11387223602765       0.75787859833208315        2.5846378194667028       0.15356640241911326     
   651.33543626567803       0.72204160343806789        2.5696381168002662       0.14770172336750725     
   674.34163286578985       0.68702735549104899        2.5582755978704506       0.14294119899733621     
   698.16073213207346       0.65292968853770172        2.5496680993249199       0.13911735063185707     
   722.82116976782140       0.61788062450860259        2.5411941828457199       0.13350524458155397     
   748.35235540965130       0.58384863805009590        2.5342391960960460       0.12855740362811902     
   774.78566186873422       0.55144979657044157        2.5289705546353201       0.12490382167818342     
   802.15264573967897       0.52062160338448871        2.5249794318971217       0.12230484340802018     
   830.48594444209971       0.49132047576779164        2.5219560914568180       0.12058076288427379     
   859.82037403360118       0.46351440726377063        2.5196658071806612       0.11959760227328900     
   890.19058800385733       0.43718087616499773        2.5179308795610167       0.11925639621303830     
   921.63390537915473       0.41230117765030755        2.5166166122709006       0.11948490724228242     
   954.18786380243341       0.38886074237482182        2.5156210231603593       0.12023153417275773     
   987.89128659474920       0.36684707862059523        2.5148668482032770       0.12146069383303046     
   1022.7855886411724       0.34624870912411965        2.5142955347571698       0.12314949774141892     
   1058.9119914466876       0.32705716025999970        2.5138627555221054       0.12528513404665867     
   1096.3148872627712       0.30926568484465738        2.5135349103797213       0.12786319752780215     
   1135.0389283928459       0.29287199613588749        2.5132865597921699       0.13088620365804005     
   1175.1302964981960       0.27787899929899729        2.5130984301795412       0.13436270309626752     
   1216.6382559936744       0.26429619646900443        2.5129559155331682       0.13830678485631964     
   1259.6123598874483       0.25214298391369783        2.5128479572577977       0.14273741091329675     
   1304.1038583964914       0.24145062762434993        2.5127661771069048       0.14767827263797390     
   1350.1674228314519       0.23226488000558088        2.5127042258323402       0.15315789265853746     
   1397.8574692241625       0.19182551375843043        1.9841634354292876       0.13365860349793890     
   1447.2325992722181       0.15783224070177637        1.5059161730011383       0.11600233465708212     
   1498.3517579647787       0.13182016695804369        1.1436323588941453       0.10260933041927210     
   1551.2759091786245        9.7554941987825591E-002  0.86641095732631412        8.1582606328501367E-002
   1606.0700862978565        7.2469174830393002E-002  0.65632715723370383        6.4747893912884893E-002
   1662.7990190437411        5.4334972761811005E-002  0.49718525899192545        5.1489599487765381E-002
   1721.5324161293761        4.1162745648794269E-002  0.37662980239730837        4.1025112785479594E-002
   1782.3403946248577        3.1538407474560132E-002  0.28530614190260900        3.2748479248322637E-002
   1845.2954731357936        2.4455989725667399E-002  0.21612698254283286        2.6188990570188343E-002
   1910.4750110852074        1.9199341887291891E-002  0.16372139208808642        2.0979973533668619E-002
   1977.9568210713478        1.5258680328941253E-002  0.12402289576197927        1.6835498014164209E-002
   2047.8213808026539        1.2270665265701702E-002   9.3950638596524763E-002   1.3531896739181244E-002
   2120.1545400970977        9.9760376804732404E-003   7.1169870404956800E-002   1.0893741243782474E-002
   2195.0417479108573        8.1897667478453735E-003   5.3913067682357749E-002   8.7833488123528133E-003
   2272.5750259096239        6.7794343282613070E-003   4.0840446615431319E-002   7.0922329327415016E-003
   2352.8469348264384        5.6501827371344309E-003   3.0937621460811547E-002   5.7348830101089463E-003
   2435.9532056335870        4.7338027087042945E-003   2.3436070211415378E-002   4.6437006978382088E-003
   2521.9959596104222        3.9810020850416881E-003   1.7753387360259977E-002   3.7651174459654544E-003
   2611.0779162676686        3.3559778666623166E-003   1.3448618301626228E-002   3.0566642035587915E-003
   2703.3053132971791        2.8324693465378533E-003   1.0187685668165495E-002   2.4845768163603418E-003
   2798.7914800504532        2.3909710613547680E-003   7.7174171411815056E-003   2.0219497597400503E-003
   2897.6492167059700        2.0168072849300464E-003   5.8461485218122659E-003   1.6473422006076789E-003
   3000.0000000000000        1.6987007953235156E-003   4.4285982392555864E-003   1.3436035458809718E-003
