         200   4370.0000000000000     
   3.0000000000000000        3.0821036834450806E-003  0.44279540317017352        1.5262782644134367E-003
   3.1059655287322618        3.2948647024969788E-003  0.44279540317017352        1.6270784885074471E-003
   3.2156739552243598        3.5216412609434299E-003  0.44279540317017352        1.7348576165076668E-003
   3.3292574962321346        3.7632720935287089E-003  0.44279540317017352        1.8500993449930329E-003
   3.4468529954360925        4.0206467389902155E-003  0.44279540317017352        1.9733200344664074E-003
   3.5686022069563790        4.2947116668828464E-003  0.44279540317017352        2.1050709768449627E-003
   3.6946518254059528        4.5864770834588078E-003  0.44279540317017352        2.2459405505352104E-003
   3.8251536998800524        4.8970255851030721E-003  0.44279540317017352        2.3965567302029725E-003
   3.9602651907155879        5.2275228990186573E-003  0.44279540317017352        2.5575899677500315E-003
   4.1001490688558144        5.5792295504059047E-003  0.44279540317017352        2.7297557584362361E-003
   4.2449739038313119        5.9535160608412919E-003  0.44279540317017352        2.9138180158549526E-003
   4.3949142193596993        6.3518803789891854E-003  0.44279540317017352        3.1105924632897027E-003
   4.5501507036585132        6.7759686976199317E-003  0.44279540317017352        3.3209504088736633E-003
   4.7108703059600501        7.2275997577626525E-003  0.44279540317017352        3.5458227237769079E-003
   4.8772669425686850        7.7087953369122690E-003  0.44279540317017352        3.7862050969222428E-003
   5.0495410155906377        8.2218125895856149E-003  0.44279540317017352        4.0431620975975883E-003
   5.2279001269311909        8.7691857563963957E-003  0.44279540317017352        4.3178334411446426E-003
   5.4125592113782046        9.3537731724147380E-003  0.44279540317017352        4.6114400581023099E-003
   5.6037407956130689        9.9788124717525867E-003  0.44279540317017352        4.9252910228461825E-003
   5.8016752663703963        1.0647984574964893E-002  0.44279540317017352        5.2607912664290402E-003
   6.0066011480696169        1.1365487273226799E-002  0.44279540317017352        5.6194501673469078E-003
   6.2187653902530293        1.2136119028742474E-002  0.44279540317017352        6.0028911220756246E-003
   6.4384236651766908        1.2965373303276384E-002  0.44279540317017352        6.4128622056640570E-003
   6.6658406759127811        1.3859543299923470E-002  0.44279540317017352        6.8512480414541811E-003
   6.9012904753346884        1.4825836464796356E-002  0.44279540317017352        7.3200830081494531E-003
   7.1450567963692624        1.5872497469830958E-002  0.44279540317017352        7.8215659220034466E-003
   7.3974330131920443        1.7008935972127898E-002  0.44279540317017352        8.3580755192075792E-003
   7.6587243988323896        1.8245868846737411E-002  0.44279540317017352        8.9321926554793360E-003
   7.9292442763577622        1.9595434753724366E-002  0.44279540317017352        9.5467111732729388E-003
   8.2093202460023029        2.1071353615502404E-002  0.44279540317017352        1.0204673009227208E-002
   8.4992881560440416        2.2689019422440095E-002  0.44279540317017352        1.0909378066652943E-002
   8.7994991583321234        2.4465650532524738E-002  0.44279540317017352        1.1664426893989289E-002
   9.1103132457223861        2.6420353237522742E-002  0.44279540317017352        1.2473733694324319E-002
   9.4321068148357909        2.8574251392399712E-002  0.44279540317017352        1.3341577058124521E-002
   9.7652657388916850        3.0950511137784822E-002  0.44279540317017352        1.4272616716172620E-002
   10.110193474162946        3.3574448413593257E-002  0.44279540317017352        1.5271953721061562E-002
   10.467303634806061        3.6473515092035086E-002  0.44279540317017352        1.6345151632725787E-002
   10.837027566606025        3.9677384710207222E-002  0.44279540317017352        1.7498304233636530E-002
   11.219811965471335        4.3217961187191067E-002  0.44279540317017352        1.8738079661451183E-002
   11.616115840724994        4.7129371560181516E-002  0.44279540317017352        2.0071765117536042E-002
   12.026419117330413        5.1448076553734123E-002  0.44279540317017352        2.1507355374966695E-002
   12.451213803399156        5.6212822755336539E-002  0.44279540317017352        2.3053588796051128E-002
   12.891014326336300        6.1464806376253699E-002  0.44279540317017352        2.4720055455169899E-002
   13.346348065368609        6.7247638093914860E-002  0.44279540317017352        2.6517240967502284E-002
   13.817766430769083        7.3607564432415576E-002  0.44279540317017352        2.8456654065346833E-002
   14.305834715756038        8.0593441221693957E-002  0.44279540317017352        3.0550879559952195E-002
   14.811143972217785        8.8257005920289303E-002  0.44279540317017352        3.2813728781280409E-002
   15.334300133051286        9.6652832768835073E-002  0.44279540317017352        3.5260303152901060E-002
   15.875936741648431       0.10583862608128947       0.44279540317017352        3.7907171446594966E-002
   16.436703292225193       0.11587510561902574       0.44279540317017352        4.0772445561219756E-002
   17.017278874447534       0.12682626813492334       0.44279540317017352        4.3875989091488238E-002
   17.618359675531394       0.13875912913500263       0.44279540317017352        4.7239506904982138E-002
   18.240671728221173       0.15174384064356350       0.44279540317017352        5.0886778751779105E-002
   18.884968846184627       0.16585344195864984       0.44279540317017352        5.4843832548594790E-002
   19.552019805756849       0.18116320927445081       0.44279540317017352        5.9139057126094512E-002
   20.242632201214423       0.19775066192543009       0.44275416994741862        6.3803550953549809E-002
   20.957638264717446       0.21569456129041922       0.44265084953445560        6.8871268627530569E-002
   21.697899624358065       0.23507411797748451       0.44256695493619175        7.4379308583655712E-002
   22.464312967141105       0.25596803072778224       0.44249883343956059        8.0368182202286337E-002
   23.257792778673313       0.27845266470037155       0.44244352018748023        8.6881961043335940E-002
   24.079299719823517       0.30260124706771602       0.44239860667108155        9.3968783862525510E-002
   24.929823759061236       0.32848161160478007       0.44236213758131671       0.10168102514251411     
   25.810395145829254       0.35615451671353698       0.44233252507911791       0.11007569890925512     
   26.722064579292049       0.38567084029525622       0.44230848033729842       0.11921457974663709     
   27.665935811728254       0.41707030780468662       0.44228895637395516       0.12916482563527937     
   28.643146268414043       0.45037853579679588       0.44227310321373042       0.13999910071665206     
   29.654879655490589       0.48560511573058540       0.44226023062093894       0.15179599596600521     
   30.702343174827575       0.52254174645887841       0.42744088999096930       0.16454533923963985     
   31.786804983723918       0.56127353981188566       0.40873972960127086       0.17839113735923015     
   32.909571928103169       0.60184796478258251       0.39355467281561235       0.19347776000737338     
   34.072004028335677       0.64418690358808750       0.38122457271290333       0.20990771946038425     
   35.275488300232773       0.68818763719909570       0.37121278540811725       0.22778985290612805     
   36.521481794408061       0.73372404606451358       0.36308336693455134       0.24723965952987761     
   37.811486012809581       0.78064592654065612       0.35648240321983538       0.26837847788016583     
   39.147055493126302       0.82878020177350764       0.35112252143927786       0.29133289908366633     
   40.529808025860810       0.87793284776416902       0.34677035602917627       0.31623395571474527     
   41.961393513511240       0.92789000837748237       0.34323648736321111       0.34321522350702749     
   43.443545167355794       0.97842265246730531       0.34036703994671241       0.37241203465874800     
   44.978049075047366        1.0292888769499851       0.33803709244318680       0.40395881512723891     
   46.566763998623138        1.0802384377744576       0.33614520054195679       0.43798691276239310     
   48.211585595230147        1.1310158556667465       0.33460902328784026       0.47462080590251809     
   49.914505239722644        1.1813668052572976       0.33336167080539925       0.51397591380071694     
   51.677575059319224        1.2310416110936819       0.33234883962899675       0.55615402415456094     
   53.502930680545909        1.2798005411711861       0.33152643178630864       0.60123968690686225     
   55.392750120602578        1.3274172263473261       0.33085865355821620       0.64929488231491450     
   57.349321371645829        1.3736847028139558       0.33031642782983911       0.70035638102552300     
   59.375002227322796        1.4184181647427343       0.32987614881482324       0.75443065860050218     
   61.472246417894510        1.4614589210539637       0.32951864706788059       0.81149091516108973     
   63.643556378429672        1.5026761988222814       0.32922836301327807       0.87147281558414857     
   65.891560899834928        1.5419708083187278       0.32899265679177897       0.93427457138618863     
   68.218968971510208        1.5792754981717481       0.32880126693769407       0.99975480016979301     
   70.628585269218178        1.6115910579564101       0.32821007927604695        1.0659163191825107     
   73.123328588587739        1.6339411039282887       0.32659696153278112        1.1292212377772128     
   75.706175661273647        1.6551703211868656       0.32528714315266882        1.1946433334397033     
   78.380253523498894        1.6752336262689216       0.32422359062082384        1.2618173959101910     
   81.148784610322849        1.6941304713176997       0.32336000219881866        1.3303672583010424     
   84.015122474940881        1.7118995822127381       0.32265877784113911        1.3999130682089000     
   86.982687236203873        1.7286127008283239       0.32208939810670423        1.4700760175163070     
   90.055071705548812        1.7443691011547120       0.32162707045324146        1.5404866141873461     
   93.235978303002270        1.7592888657097228       0.32125166745550710        1.6107878222909120     
   96.529260096906100        1.7735067110147129       0.32094684432535586        1.6806393720274344     
   99.938826062156153        1.7871652638220201       0.32069933554284091        1.7497177520267477     
   103.46886588546354        1.8004098414093559       0.32049835979692520        1.8177213841834947     
   107.12359379692580        1.8133815957737789       0.32033517076046630        1.8843647279081439     
   110.90736836557576        1.8262126829693701       0.32020266533112618        1.9493793684937191     
   114.82483910697920        1.8390219668277532       0.32009507166423101        2.0125143426978975     
   118.88068277378797        1.8519100780441979       0.32000770735691270        2.0735295676868839     
   123.07973629915718        1.8649566404745090       0.31993676971734086        2.1321967372021051     
   127.42715949490271        1.8782183859920392       0.31987916875109895        2.1883005417783412     
   131.92808807993632        1.8917266249624132       0.31983239820248754        2.2416341532542705     
   136.58805281121437        1.9054879863379668       0.31979442077882525        2.2920059678432274     
   141.41261684513370        1.9194836760372957       0.31976358372858044        2.3392376429100854     
   146.40753387824964        1.9336711518146787       0.31973854481254166        2.3831696342673734     
   151.57894168226974        1.9479865883319636       0.31971821335287970        2.4236666673769651     
   156.93294936957258        1.9623462679348387       0.31970170471449250        2.4606184489886607     
   162.47613596373097        1.9766509913300963       0.31968829979253327        2.4939474736476681     
   168.21511902855468        1.9907882766278278       0.31967741521395659        2.5236090705358700     
   174.15674278185460        1.8668033813003100       0.30970139363403643        2.3852320987016484     
   180.30830831190286        1.7106090946025818       0.29767947566159825        2.2001984489731461     
   186.67715947709803        1.5819894403462724       0.28791787382569950        2.0417699887084391     
   193.27089166569760        1.4758631473287094       0.27999169648934596        1.9063162044445812     
   200.09760727912413        1.3880869190903149       0.27355568486078624        1.7906455055420534     
   207.16537088595135        1.3152814368272585       0.26832980386662569        1.6919363770196179     
   214.48286737908427        1.2546772286633519       0.26408641775241015        1.6076769290040809     
   222.05883252794877        1.2040047832966811       0.26064085725383512        1.5356438254036706     
   229.90230130529540        1.1613982624217896       0.25784314802598901        1.4738784576807578     
   238.02291179328489        1.1253198251340029       0.25557142379378595        1.4206692292568039     
   246.43025707061713        1.0945029428218405       0.25372684035077792        1.3745400085647279     
   255.13466811288930        1.0679005359111984       0.25222904892052500        1.3342268926983516     
   264.14653641505117        1.0446486089593783       0.25101286664338313        1.2986624761962113     
   273.47660938458705        1.0240332884490195       0.25002535695347566        1.2669531988093374     
   283.13635184814427        1.0054645095112977       0.24922350461307843        1.2383576318955116     
   293.13729579387660       0.98845646523839270       0.24857241355622023        1.2122685828641779     
   303.49136818478553       0.97260960746996794       0.24804374384959541        1.1881929718509687     
   314.21129214162710       0.95759607466196772       0.24761446700716377        1.1657338817402485     
   325.30973137660959       0.94314938822417860       0.24726590491287809        1.1445770711816186     
   336.80032369109853       0.92905344327402617       0.24698287444347206        1.1244752000582414     
   348.69678677735646       0.91513579932022693       0.24675305830630617        1.1052377414513728     
   361.01330816366544       0.90126056080437267       0.24656645333218855        1.0867199125439251     
   373.76502243504467       0.88473026891744666       0.24398555190926347        1.0646284291982884     
   386.96715283564077       0.85997561835036229       0.23383674339745425        1.0301221426769536     
   400.63544401132759       0.83706718578032835       0.22559616389323103       0.99952353757828349     
   414.78669160661980       0.81558374500938957       0.21890485946429900       0.97213481926330136     
   429.43761284149554       0.79519314989045120       0.21347168708062267       0.94739871158336630     
   444.60621081975989       0.77563437108648758       0.20905998151848157       0.92486815649882870     
   460.31059410826708       0.75670612331034226       0.20547774836620289       0.90418625200321401     
   476.56949149896485       0.73825529383837707       0.20256906435076846       0.88506743380453479     
   493.40288198244309       0.72016737993196500       0.20020722921224771       0.86728253513629816     
   510.83065126063684       0.70236060166378378       0.19828947795975327       0.85064876207298068     
   528.87421463804299       0.68477803123153880       0.19673227467777132       0.83501867106278260     
   547.55511287104378       0.66738396714237513       0.19546785094346297       0.82027408458492701     
   566.89562449487210       0.65015903350035442       0.19444117039298603       0.80631943691779639     
   586.91951519858117       0.63309603175481377       0.19360751153307321       0.79307652311990651     
   607.65068989177485       0.61619821377621853       0.19293059409975752       0.78048167601571239     
   629.11387223602765       0.59947620406795676       0.19238095401929517       0.76848222006061417     
   651.33543626567803       0.58294537574563765       0.19193464935069304       0.75703370797144187     
   674.34163286578985       0.56662554852692570       0.19157226108605663       0.74609904351018019     
   698.16073213207346       0.55053803635823362       0.19127800384372237       0.73564594298612362     
   722.82116976782140       0.52009283524526428       0.17646650049397272       0.69823874076139514     
   748.35235540965130       0.48852842686726272       0.16029842685602488       0.65862647314346912     
   774.78566186873422       0.46028191009113240       0.14717004156643823       0.62509528807074932     
   802.15264573967897       0.43480655239143723       0.13651000626765961       0.59657705694092666     
   830.48594444209971       0.41166121167690001       0.12785432335717900       0.57219563289415976     
   859.82037403360118       0.39048911193777708       0.12082595728599971       0.55123183709912482     
   890.19058800385733       0.37100307536174193       0.11511909925168536       0.53309715393391555     
   921.63390537915473       0.35297004755431433       0.11048516247324346       0.51730848574244981     
   954.18786380243341       0.33620189901270053       0.10672248118831137       0.50347061204728683     
   987.89128659474920       0.32054588929979594       0.10366727778769043       0.49125967137397503     
   1022.7855886411724       0.30587710233232590       0.10118646972857397       0.48040985066687542     
   1058.9119914466876       0.29209401868822815        9.9172115430522470E-002  0.47070368820270730     
   1096.3148872627712       0.27911253615879394        9.7536471016305651E-002  0.46196227818507868     
   1135.0389283928459       0.26686346343641559        9.6208354358605669E-002  0.45403894560681923     
   1175.1302964981960       0.25528904440670064        9.5129956742183774E-002  0.44681300161566645     
   1216.6382559936744       0.24434023121458981        9.4254303914222168E-002  0.44018475547577207     
   1259.6123598874483       0.23397563061484786        9.3543288061956678E-002  0.43407213900377711     
   1304.1038583964914       0.22415956971287812        9.2965960915371987E-002  0.42840725949767733     
   1350.1674228314519       0.21486059711740560        9.2497174504063723E-002  0.42313365571051820     
   1397.8574692241625       0.18022067559916713        7.9120558055951820E-002  0.36849746038373499     
   1447.2325992722181       0.14984117134030034        6.6576129466844561E-002  0.31949529546211014     
   1498.3517579647787       0.12550774048423752        5.6390257509768046E-002  0.27988183133727601     
   1551.2759091786245        9.7916539047702755E-002   4.5854726563562952E-002  0.22577949060969080     
   1606.0700862978565        7.6236421738007237E-002   3.7233292061528069E-002  0.18166645528699399     
   1662.7990190437411        5.9386740253261766E-002   3.0232902176173877E-002  0.14621644435605011     
   1721.5324161293761        4.6287499922120230E-002   2.4548624775522478E-002  0.11771846428454438     
   1782.3403946248577        3.6100729193496175E-002   1.9933083991001216E-002   9.4802355883387493E-002
   1845.2954731357936        2.8175857495327371E-002   1.6185379938296642E-002   7.6369398946863315E-002
   1910.4750110852074        2.2007689059976993E-002   1.3142265226116565E-002   6.1537769438123356E-002
   1977.9568210713478        1.7204380298056616E-002   1.0671305581459810E-002   4.9600525569901119E-002
   2047.8213808026539        1.3461769777680524E-002   8.6649479504308687E-003   3.9990164861862021E-002
   2120.1545400970977        1.0543658775392081E-002   7.0357967850733288E-003   3.2250735819337711E-002
   2195.0417479108573        8.2668339124036660E-003   5.7129666531514972E-003   2.6016409006013781E-002
   2272.5750259096239        6.4889349349235605E-003   4.6388359908700449E-003   2.0992971408493193E-002
   2352.8469348264384        5.0994743899043368E-003   3.7666593657291227E-003   1.6944173386234510E-002
   2435.9532056335870        4.0126073540474698E-003   3.0584736892691512E-003   1.3680061160959553E-002
   2521.9959596104222        3.1615858742541805E-003   2.4834308842121987E-003   1.1047780762166835E-002
   2611.0779162676686        2.4945485584579956E-003   2.0165054805924235E-003   8.9244841445470999E-003
   2703.3053132971791        1.9711482011755747E-003   1.6373736931916941E-003   7.2113108331276947E-003
   2798.7914800504532        1.5599659880148906E-003   1.3295208040977188E-003   5.8286403429681890E-003
   2897.6492167059700        1.2365531348920073E-003   1.0795519328522327E-003   4.7124404294697471E-003
   3000.0000000000000        9.8184066665733642E-004   8.7657860865785256E-004   3.8110938473147390E-003
