         200   4370.0000000000000     
   3.0000000000000000        1.6421818449597837E-003   1.9436365590437199        7.9552921084060800E-004
   3.1059655287322618        1.7591887070505449E-003   1.9436365590437199        8.4817714565194220E-004
   3.2156739552243598        1.8843643960516970E-003   1.9436365590437199        9.0449509347485877E-004
   3.3292574962321346        2.0182339780676082E-003   1.9436365590437199        9.6474155995542618E-004
   3.4468529954360925        2.1613536727296905E-003   1.9436365590437199        1.0291929067655825E-003
   3.5686022069563790        2.3143140333320377E-003   1.9436365590437199        1.0981445699605118E-003
   3.6946518254059528        2.4777434384161824E-003   1.9436365590437199        1.1719122069779704E-003
   3.8251536998800524        2.6523124967263180E-003   1.9436365590437199        1.2508330132786349E-003
   3.9602651907155879        2.8387394348729977E-003   1.9436365590437199        1.3352672140509185E-003
   4.1001490688558144        3.0377957141348366E-003   1.9436365590437199        1.4255993672900756E-003
   4.2449739038313119        3.2503132083684799E-003   1.9436365590437199        1.5222400625614350E-003
   4.3949142193596993        3.4771920413776275E-003   1.9436365590437199        1.6256275951886336E-003
   4.5501507036585132        3.7194095144057891E-003   1.9436365590437199        1.7362298026119655E-003
   4.7108703059600501        3.9780299089819029E-003   1.9436365590437199        1.8545459612581633E-003
   4.8772669425686850        4.2542163831661073E-003   1.9436365590437199        1.9811093012519609E-003
   5.0495410155906377        4.5492420995717868E-003   1.9436365590437199        2.1164888312112935E-003
   5.2279001269311909        4.8645044632944015E-003   1.9436365590437199        2.2612922493496852E-003
   5.4125592113782046        5.2015396837861065E-003   1.9436365590437199        2.4161686668089902E-003
   5.6037407956130689        5.5620388557241279E-003   1.9436365590437199        2.5818116852262597E-003
   5.8016752663703963        5.9478654636057416E-003   1.9436365590437199        2.7589627733877391E-003
   6.0066011480696169        6.3610744267397447E-003   1.9436365590437199        2.9484149744323312E-003
   6.2187653902530293        6.8039328347412912E-003   1.9436365590437199        3.1510169768314686E-003
   6.4384236651766908        7.2789425647080451E-003   1.9436365590437199        3.3676775841208866E-003
   6.6658406759127811        7.7888650207141742E-003   1.9436365590437199        3.5993706201498583E-003
   6.9012904753346884        8.3367482950350968E-003   1.9436365590437199        3.8471403085190464E-003
   7.1450567963692624        8.9259571197222564E-003   1.9436365590437199        4.1121071669886064E-003
   7.3974330131920443        9.5602050822648343E-003   1.9436365590437199        4.3954740256459601E-003
   7.6587243988323896        1.0243596478689759E-002   1.9436365590437199        4.6985352557099309E-003
   7.9292442763577622        1.0980656828689149E-002   1.9436365590437199        5.0226796388521330E-003
   8.2093202460023029        1.1776394919301396E-002   1.9436365590437199        5.3694056133560862E-003
   8.4992881560440416        1.2636337966217333E-002   1.9436365590437199        5.7403227462482255E-003
   8.7994991583321234        1.3566610424323215E-002   1.9436365590437199        6.1371699922112668E-003
   9.1103132457223861        1.4573981667784092E-002   1.9436365590437199        6.5618177810211759E-003
   9.4321068148357909        1.5665965902731293E-002   1.9436365590437199        7.0162893457566067E-003
   9.7652657388916850        1.6850886845927646E-002   1.9436365590437199        7.5027635732881912E-003
   10.110193474162946        1.8138004699085157E-002   1.9436365590437199        8.0235999291756351E-003
   10.467303634806061        1.9537602382324843E-002   1.9436365590437199        8.5813422672920744E-003
   10.837027566606025        2.1061140499795281E-002   1.9436365590437199        9.1787461602354653E-003
   11.219811965471335        2.2721391717355523E-002   1.9436365590437199        9.8187930930645709E-003
   11.616115840724994        2.4532583767279532E-002   1.9436365590437199        1.0504704209871839E-002
   12.026419117330413        2.6510609167583951E-002   1.9436365590437199        1.1239975753159806E-002
   12.451213803399156        2.8673169470376028E-002   1.9436365590437199        1.2028386572642635E-002
   12.891014326336300        3.1040021025569308E-002   1.9436365590437199        1.2874041667326188E-002
   13.346348065368609        3.3633130277102768E-002   1.9436365590437199        1.3781381906436923E-002
   13.817766430769083        3.6476941955002444E-002   1.9436365590437199        1.4755235299503693E-002
   14.305834715756038        3.9598530188773497E-002   1.9436365590437199        1.5800829467725250E-002
   14.811143972217785        4.3027877032198146E-002   1.9436365590437199        1.6923852061575029E-002
   15.334300133051286        4.6798003380124666E-002   1.9436365590437199        1.8130466579842758E-002
   15.875936741648431        5.0945248577445021E-002   1.9436365590437199        1.9427383550267015E-002
   16.436703292225193        5.5509369180804138E-002   1.9436365590437199        2.0821880323852095E-002
   17.017278874447534        6.0533816477850444E-002   1.9436365590437199        2.2321884827053266E-002
   17.618359675531394        6.6065794869057587E-002   1.9436365590437199        2.3935999956367873E-002
   18.240671728221173        7.2156516212946845E-002   1.9436365590437199        2.5673596558480682E-002
   18.884968846184627        7.8861317888948221E-002   1.9436365590437199        2.7544875498114699E-002
   19.552019805756849        8.6239620313559834E-002   1.9436365590437199        2.9560900510193059E-002
   20.242632201214423        9.4355227094561442E-002   1.9434969312968216        3.1733715857210819E-002
   20.957638264717446       0.10327616589648175        1.9431470581725112        3.4076419034743455E-002
   21.697899624358065       0.11307462611024847        1.9428629665359642        3.6603342519777052E-002
   22.464312967141105       0.12382679241077008        1.9426322872328570        3.9330038199907526E-002
   23.257792778673313       0.13561217580706750        1.9424449803903259        4.2273371847459218E-002
   24.079299719823517       0.14851336768290876        1.9422928900932050        4.5451734785470849E-002
   24.929823759061236       0.16261490105439813        1.9421693950934191        4.8885102732320398E-002
   25.810395145829254       0.17800221933417379        1.9420691185036740        5.2595203712882455E-002
   26.722064579292049       0.19475979608709929        1.9419876959783244        5.6605564689751454E-002
   27.665935811728254       0.21296984896675228        1.9419215821305580        6.0941785570161014E-002
   28.643146268414043       0.23270984277177553        1.9418678986953199        6.5631599832670237E-002
   29.654879655490589       0.25405030472818257        1.9418243083327886        7.0705076598931063E-002
   30.702343174827575       0.27693880403910009        1.9274035295194731        7.6145057281830159E-002
   31.786804983723918       0.30148877406386698        1.9092166887909068        8.2014938749583044E-002
   32.909571928103169       0.32778978883773896        1.8944492517196156        8.8377183840780790E-002
   34.072004028335677       0.35585589304994542        1.8824582542594330        9.5271650902888666E-002
   35.275488300232773       0.38568112518844483        1.8727218113154509       0.10274112688776317     
   36.521481794408061       0.41723877353052474        1.8648159682600667       0.11083164001336479     
   37.811486012809581       0.45047959091410217        1.8583965443722945       0.11959233434912311     
   39.147055493126302       0.48533156313680387        1.8531840701602380       0.12907550168843523     
   40.529808025860810       0.52170057101472245        1.8489515980842546       0.13933658594012435     
   41.961393513511240       0.55947085937791519        1.8455149179401156       0.15043381559616573     
   43.443545167355794       0.59850859697159209        1.8427243861198777       0.16242837974970598     
   44.978049075047366       0.63866419345720649        1.8404585168759671       0.17538392544243625     
   46.566763998623138       0.67977677606973463        1.8386186558210127       0.18936635846117741     
   48.211585595230147       0.72167797570381798        1.8371247265423309       0.20444308219901822     
   49.914505239722644       0.76419877166961647        1.8359116787710810       0.22068299650272064     
   51.677575059319224       0.80717434940481958        1.8349267024965423       0.23815561082756792     
   53.502930680545909       0.85045068826733539        1.8341269125296509       0.25693063219250506     
   55.392750120602578       0.89388968175966343        1.8334774995508223       0.27707688502304373     
   57.349321371645829       0.93737667907257360        1.8329501861245177       0.29866236464843227     
   59.375002227322796       0.98082510557086144        1.8325220156711632       0.32175323889421392     
   61.472246417894510        1.0241820715218619        1.8321743459439197       0.34641364252355594     
   63.643556378429672        1.0674317092713352        1.8318920452867935       0.37270476283247905     
   65.891560899834928        1.1106001905680827        1.8316628214621875       0.40068558567207080     
   68.218968971510208        1.1537571461840777        1.8314766952154278       0.43041241835855948     
   70.628585269218178        1.1944691262299312        1.8305716401202199       0.46072705491612892     
   73.123328588587739        1.2285119263012843        1.8278764638082681       0.48955741325966934     
   75.706175661273647        1.2635737113018359        1.8256880361589118       0.52049997171629814     
   78.380253523498894        1.2997698110867923        1.8239110663113602       0.55355464622120232     
   81.148784610322849        1.3372644805692457        1.8224681939184606       0.58872859704313518     
   84.015122474940881        1.3762656643732860        1.8212965973093014       0.62603748625129796     
   86.982687236203873        1.4170176954341245        1.8203452849955246       0.66550559531560649     
   90.055071705548812        1.4597956310710332        1.8195728339173736       0.70716823881349711     
   93.235978303002270        1.5048966317723365        1.8189456154324577       0.75107196847538193     
   96.529260096906100        1.5526321523467836        1.8184363208796253       0.79727605240494959     
   99.938826062156153        1.6033175883241668        1.8180227863993190       0.84585187583716903     
   103.46886588546354        1.6572661285644623        1.8176869987161675       0.89688660407291976     
   107.12359379692580        1.7147751010083254        1.8174143445796205       0.95047967189795812     
   110.90736836557576        1.7761175253478223        1.8171929562179567        1.0067441553319698     
   114.82483910697920        1.8415343222496310        1.8170131901075492        1.0658082088159027     
   118.88068277378797        1.9112198930286683        1.8168672229501144        1.1278098299511625     
   123.07973629915718        1.9853143662258235        1.8167487012572061        1.1928969030179026     
   127.42715949490271        2.0638973810244448        1.8166524623060096        1.2612272769876565     
   131.92808807993632        2.1469736566323485        1.8165743186768555        1.3329602626130952     
   136.58805281121437        2.2344735520356003        1.8165108664874112        1.4082595157750739     
   141.41261684513370        2.3262409631665322        1.8164593443417392        1.4872829804067602     
   146.40753387824964        2.4220325641067597        1.8164175096438886        1.5701804874248422     
   151.57894168226974        2.5215200454081708        1.8163835401034181        1.6570916636646198     
   156.93294936957258        2.6242829303351569        1.8163559576834016        1.7481333140869311     
   162.47613596373097        2.7298212433966684        1.8163335609127529        1.8434018397631553     
   168.21511902855468        2.8375527146697523        1.8163153750993073        1.9429599548762102     
   174.15674278185460        2.7661639932758244        1.7765990460304577        1.9159958485661994     
   180.30830831190286        2.6435416701188870        1.7287296032472943        1.8457952454647011     
   186.67715947709803        2.5483991790732476        1.6898603943883632        1.7896866944364507     
   193.27089166569760        2.4761007046394266        1.6582995657949844        1.7463131538351426     
   200.09760727912413        2.4227728289005444        1.6326723496459932        1.7146431432693479     
   207.16537088595135        2.3851453836751162        1.6118636890133793        1.6938954548684506     
   214.48286737908427        2.3604213860496479        1.5949671730608490        1.6834682595915371     
   222.05883252794877        2.3461869164732971        1.5812474769590568        1.6828834149315555     
   229.90230130529540        2.3403394693454511        1.5701074257531442        1.6917374750335534     
   238.02291179328489        2.3410368076858550        1.5610617665328832        1.7096648710163294     
   246.43025707061713        2.3466594092204374        1.5537169167521476        1.7363091543444225     
   255.13466811288930        2.3557826293808621        1.5477529398446410        1.7713062890692470     
   264.14653641505117        2.3671557892903534        1.5429102876103604        1.8142727015892088     
   273.47660938458705        2.3796866962969747        1.5389781747222835        1.8648028645608201     
   283.13635184814427        2.3924300596957280        1.5357853210680501        1.9224740736816797     
   293.13729579387660        2.4045766152690518        1.5331927758382144        1.9868492381613809     
   303.49136818478553        2.4154449349082121        1.5310876937431217        2.0574869559974269     
   314.21129214162710        2.4244737933590579        1.5293783788655757        2.1339538342690938     
   325.30973137660959        2.4312135843101035        1.5279904577978207        2.2158275514382013     
   336.80032369109853        2.4353194054953131        1.5268634736600015        2.3027119877880016     
   348.69678677735646        2.4365425293822480        1.5259483808724781        2.3942367563895068     
   361.01330816366544        2.4347226717026498        1.5252053483420569        2.4900640616174603     
   373.76502243504467        2.4028038732511363        1.4902185773072762        2.5621704924673354     
   386.96715283564077        2.2786907501825424        1.3478321149119998        2.5380538582271286     
   400.63544401132759        2.1664725660916990        1.2322178571074509        2.5209809348905989     
   414.78669160661980        2.0642866918141087        1.1383397269469613        2.5113231485663512     
   429.43761284149554        1.9705772353525806        1.0621130256159466        2.5094783034931529     
   444.60621081975989        1.8840466733666719        1.0002173708312656        2.5157829575417159     
   460.31059410826708        1.8036287545905885       0.94995910598820976        2.5304615534738479     
   476.56949149896485        1.7284529405410802       0.90915064786215471        2.5536069324373871     
   493.40288198244309        1.6578132392544944       0.87601440829832111        2.5851867413189416     
   510.83065126063684        1.5911484145432453       0.84910860785100384        2.6250609330645562     
   528.87421463804299        1.5280121325028879       0.82726124849905003        2.6730105178900323     
   547.55511287104378        1.4680581316235106       0.80952154809113686        2.7287602820663217     
   566.89562449487210        1.4110196734920188       0.79511735360639391        2.7920020245260968     
   586.91951519858117        1.3566920025522931       0.78342122831550054        2.8624143570128697     
   607.65068989177485        1.3049228809485893       0.77392416483742366        2.9396700469295833     
   629.11387223602765        1.2555988926778605       0.76621278605274246        3.0234450468865748     
   651.33543626567803        1.2086341154927938       0.75995118964575925        3.1134251849815917     
   674.34163286578985        1.1639660807688175       0.75486692946338618        3.2092995225790468     
   698.16073213207346        1.1215447199109436       0.75073853865558993        3.3107673803327402     
   722.82116976782140        1.0748815371296379       0.74084455177959418        3.4020514943449438     
   748.35235540965130        1.0297543722558695       0.73095171147228244        3.4964460480758839     
   774.78566186873422       0.98808364771656287       0.72291878052014158        3.5984567231842175     
   802.15264573967897       0.94959234891479005       0.71639617125680888        3.7073180702550372     
   830.48594444209971       0.91404659176961500       0.71109997514207013        3.8223222835506934     
   859.82037403360118       0.88124510257131106       0.70679949354355032        3.9428085498944201     
   890.19058800385733       0.85101465225851169       0.70330760969552752        4.0681404190785484     
   921.63390537915473       0.82320110919254963       0.70047221955754002        4.1977060699584152     
   954.18786380243341       0.79766749559211947       0.69816992888811902        4.3308983654177124     
   987.89128659474920       0.77428929020461668       0.69630052626010586        4.4671106201841715     
   1022.7855886411724       0.75295103271262886       0.69478258179055941        4.6057341592367802     
   1058.9119914466876       0.73354615540005152       0.69355004872328052        4.7461403874640959     
   1096.3148872627712       0.71597339549933725       0.69254923877203012        4.8876882766850835     
   1135.0389283928459       0.70013728391971186       0.69173659737155713        5.0297081045272884     
   1175.1302964981960       0.68594646678597571       0.69107675281332737        5.1715028539249728     
   1216.6382559936744       0.67331261191983105       0.69054096272567411        5.3123509600028651     
   1259.6123598874483       0.66215089534468730       0.69010590989006915        5.4514953352777082     
   1304.1038583964914       0.65237901457648373       0.68975265783332407        5.5881493251447569     
   1350.1674228314519       0.64391660548714325       0.68946581914065452        5.7215042381348020     
   1397.8574692241625       0.54606829521837985       0.57968428949603357        5.1186627007572714     
   1447.2325992722181       0.45473538270249897       0.47425562353868811        4.5463996618089464     
   1498.3517579647787       0.38011939862372229       0.38864926176471087        4.0754834072706974     
   1551.2759091786245       0.30542615834274039       0.31567945342422238        3.3843969558087781     
   1606.0700862978565       0.24546894555329726       0.25632658109682038        2.7989272225443638     
   1662.7990190437411       0.19759050365500266       0.20813352841986713        2.3111748698120014     
   1721.5324161293761       0.15928673885770203       0.16900103941762809        1.9053705730940542     
   1782.3403946248577       0.12858844356622051       0.13722609490683310        1.5682391860372926     
   1845.2954731357936       0.10394292264523398       0.11142563210582701        1.2885937577078794     
   1910.4750110852074        8.4123066552141593E-002   9.0475800735301232E-002   1.0570043171994097     
   1977.9568210713478        6.8158632700974484E-002   7.3464878448428791E-002  0.86554324336874044     
   2047.8213808026539        5.5280239034337583E-002   5.9652433629708346E-002  0.70754148624137014     
   2120.1545400970977        4.4876250734968932E-002   4.8436805755172618E-002  0.57738945605788994     
   2195.0417479108573        3.6460278053602690E-002   3.9329995523967272E-002  0.47038403692548636     
   2272.5750259096239        2.9643947181259490E-002   3.1935316593646360E-002  0.38257629300496448     
   2352.8469348264384        2.4117113638794534E-002   2.5930957589734016E-002  0.31066294817581142     
   2435.9532056335870        1.9631359400441944E-002   2.1055567765789519E-002  0.25188175116723172     
   2521.9959596104222        1.5987212498578839E-002   1.7096778519837378E-002  0.20392556001915307     
   2611.0779162676686        1.3024461263501239E-002   1.3882306048820622E-002  0.16487469235742253     
   2703.3053132971791        1.0614059907340797E-002   1.1272234538384131E-002  0.13313344260334684     
   2798.7914800504532        8.6518295824965698E-003   9.1528710823717829E-003  0.10737772650284511     
   2897.6492167059700        7.0536885267760210E-003   7.4320007913133233E-003   8.6513640155900864E-002
   3000.0000000000000        5.7515217122759378E-003   6.0346637479321919E-003   6.9637699312716600E-002
