         200   4370.0000000000000     
   3.0000000000000000        1.6219413226791865E-003   10.395729390452752        7.8575008928692593E-004
   3.1059655287322618        1.7374889716886843E-003   10.395729390452752        8.3775042134059464E-004
   3.2156739552243598        1.8610996734733476E-003   10.395729390452752        8.9337542777730974E-004
   3.3292574962321346        1.9932908354109531E-003   10.395729390452752        9.5288037702913580E-004
   3.4468529954360925        2.1346104282006194E-003   10.395729390452752        1.0165381603322143E-003
   3.5686022069563790        2.2856401112622319E-003   10.395729390452752        1.0846404921109624E-003
   3.6946518254059528        2.4469986685288496E-003   10.395729390452752        1.1574990393714113E-003
   3.8251536998800524        2.6193463495575772E-003   10.395729390452752        1.2354467180995142E-003
   3.9602651907155879        2.8033901848001242E-003   10.395729390452752        1.3188391619888629E-003
   4.1001490688558144        2.9998895314024871E-003   10.395729390452752        1.4080560042759038E-003
   4.2449739038313119        3.2096631647192150E-003   10.395729390452752        1.5035025497817866E-003
   4.3949142193596993        3.4335970253599251E-003   10.395729390452752        1.6056114220903968E-003
   4.5501507036585132        3.6726530468072149E-003   10.395729390452752        1.7148443703267533E-003
   4.7108703059600501        3.9278788513542355E-003   10.395729390452752        1.8316941351719290E-003
   4.8772669425686850        4.2004195159878648E-003   10.395729390452752        1.9566869245843700E-003
   5.0495410155906377        4.4915285836803591E-003   10.395729390452752        2.0903842077407272E-003
   5.2279001269311909        4.8025821467566820E-003   10.395729390452752        2.2333855814765150E-003
   5.4125592113782046        5.1350932523043123E-003   10.395729390452752        2.3863314510120218E-003
   5.6037407956130689        5.4907278084211399E-003   10.395729390452752        2.5499060603293754E-003
   5.8016752663703963        5.8713218967140881E-003   10.395729390452752        2.7248408178109280E-003
   6.0066011480696169        6.2789006056776335E-003   10.395729390452752        2.9119179482778534E-003
   6.2187653902530293        6.7156985326436505E-003   10.395729390452752        3.1119745042981011E-003
   6.4384236651766908        7.1841821425894514E-003   10.395729390452752        3.3259067713423776E-003
   6.6658406759127811        7.6870742209454047E-003   10.395729390452752        3.5546751031130903E-003
   6.9012904753346884        8.2273807155573749E-003   10.395729390452752        3.7993092252281797E-003
   7.1450567963692624        8.8084203312133128E-003   10.395729390452752        4.0609140474978109E-003
   7.3974330131920443        9.4338563576473137E-003   10.395729390452752        4.3406755985148414E-003
   7.6587243988323896        1.0107738001563020E-002   10.395729390452752        4.6398701300242300E-003
   7.9292442763577622        1.0834530538453499E-002   10.395729390452752        4.9598669428054312E-003
   8.2093202460023029        1.1619176553541508E-002   10.395729390452752        5.3021434312804294E-003
   8.4992881560440416        1.2467130672542508E-002   10.395729390452752        5.6682865298398125E-003
   8.7994991583321234        1.3384437329496368E-002   10.395729390452752        6.0600107302721017E-003
   9.1103132457223861        1.4377777831100171E-002   10.395729390452752        6.4791601349311100E-003
   9.4321068148357909        1.5454568914746218E-002   10.395729390452752        6.9277295017065232E-003
   9.7652657388916850        1.6623026546539799E-002   10.395729390452752        7.4078670491495033E-003
   10.110193474162946        1.7892291123269573E-002   10.395729390452752        7.9218990483587819E-003
   10.467303634806061        1.9272512463899438E-002   10.395729390452752        8.4723335727470810E-003
   10.837027566606025        2.0775002527929878E-002   10.395729390452752        9.0618874600648710E-003
   11.219811965471335        2.2412367760808714E-002   10.395729390452752        9.6935003067687604E-003
   11.616115840724994        2.4198649845713304E-002   10.395729390452752        1.0370348019819458E-002
   12.026419117330413        2.6149532116149149E-002   10.395729390452752        1.1095877772197241E-002
   12.451213803399156        2.8282481218002604E-002   10.395729390452752        1.1873815393411619E-002
   12.891014326336300        3.0616988656174900E-002   10.395729390452752        1.2708208312604710E-002
   13.346348065368609        3.3174722810055991E-002   10.395729390452752        1.3603435124813839E-002
   13.817766430769083        3.5979791919987084E-002   10.395729390452752        1.4564256148307987E-002
   14.305834715756038        3.9058891127167317E-002   10.395729390452752        1.5595825694263694E-002
   14.811143972217785        4.2441574629977996E-002   10.395729390452752        1.6703751633932399E-002
   15.334300133051286        4.6160381590791805E-002   10.395729390452752        1.7894110955397832E-002
   15.875936741648431        5.0251107965140394E-002   10.395729390452752        1.9173519926738096E-002
   16.436703292225193        5.4752899109130747E-002   10.395729390452752        2.0549153550097978E-002
   17.017278874447534        5.9708517781105329E-002   10.395729390452752        2.2028828093039816E-002
   17.618359675531394        6.5164394977832260E-002   10.395729390452752        2.3621025042170195E-002
   18.240671728221173        7.1170872928614251E-002   10.395729390452752        2.5334982685777274E-002
   18.884968846184627        7.7782312402871687E-002   10.395729390452752        2.7180757166027362E-002
   19.552019805756849        8.5057040291514396E-002   10.395729390452752        2.9169254670566983E-002
   20.242632201214423        9.3057633375029064E-002   10.395555490054802        3.1312375410294045E-002
   20.957638264717446       0.10185074719968265        10.395119738014818        3.3623055475241262E-002
   21.697899624358065       0.11150703802743346        10.394765914009584        3.6115368840278224E-002
   22.464312967141105       0.12210097919853252        10.394478612785436        3.8804641756038566E-002
   23.257792778673313       0.13371017887459766        10.394245330109332        4.1707493048380638E-002
   24.079299719823517       0.14641511045619146        10.394055908137116        4.4842041877904533E-002
   24.929823759061236       0.16029795874628330        10.393902100386974        4.8227964430848508E-002
   25.810395145829254       0.17544156700144861        10.393777210175331        5.1886657705497503E-002
   26.722064579292049       0.19192754298308667        10.393675801895997        5.5841283055176778E-002
   27.665935811728254       0.20983494457666507        10.393593459921053        6.0117033083136658E-002
   28.643146268414043       0.22923776910663324        10.393526599494251        6.4741186936756942E-002
   29.654879655490589       0.25020274626715866        10.393472309558621        6.9743303512470475E-002
   30.702343174827575       0.27268718006167247        10.384058136575018        7.5112100956755357E-002
   31.786804983723918       0.29679202311060099        10.372194848031837        8.0906689680035199E-002
   32.909571928103169       0.32259506701173124        10.362562038813669        8.7185590985097289E-002
   34.072004028335677       0.35010533172364705        10.354740303037046        9.3987918250240485E-002
   35.275488300232773       0.37931142031470677        10.348389214700578       0.10135556682414677     
   36.521481794408061       0.41018075038001017        10.343232227913109       0.10933349365251102     
   37.811486012809581       0.44265777729820777        10.339044833356914       0.11796955650562035     
   39.147055493126302       0.47666375481693757        10.335644732892801       0.12731449876671577     
   40.529808025860810       0.51209738509085678        10.332883888486810       0.13742189581062283     
   41.961393513511240       0.54883530145512172        10.330642139697730       0.14834772229789420     
   43.443545167355794       0.58673558225042322        10.328821873898617       0.16015044077737184     
   44.978049075047366       0.62564007169619673        10.327343845853893       0.17289040667900984     
   46.566763998623138       0.66537881960478207        10.326143703239792       0.18662955656338717     
   48.211585595230147       0.70577387228720034        10.325169212157990       0.20143052896347904     
   49.914505239722644       0.74664603538223706        10.324377940273983       0.21735651837176878     
   51.677575059319224       0.78781972696159064        10.323735439582023       0.23447024821322854     
   53.502930680545909       0.82912950756964210        10.323213736044142       0.25283340381285990     
   55.392750120602578       0.87042521103166925        10.322790123517548       0.27250541185833527     
   57.349321371645829       0.91157938201110689        10.322446156611905       0.29354333673296384     
   59.375002227322796       0.95249191262685062        10.322166860734773       0.31600076523973220     
   61.472246417894510       0.99309559918910439        10.321940075535865       0.33992749322304500     
   63.643556378429672        1.0333595277163325        10.321755930625745       0.36536856252826805     
   65.891560899834928        1.0732939795315697        10.321606407769462       0.39236495625219830     
   68.218968971510208        1.1129519029260317        10.321484997492480       0.42095316038384506     
   70.628585269218178        1.1499836708861606        10.320428365522215       0.44999103557458908     
   73.123328588587739        1.1803243686658929        10.317079362969121       0.47744097178049161     
   75.706175661273647        1.2113480233070326        10.314360041879665       0.50675993435274069     
   78.380253523498894        1.2431560133909312        10.312151994662194       0.53792390547909741     
   81.148784610322849        1.2758973249797645        10.310359094024811       0.57091518743656244     
   84.015122474940881        1.3097632025637398        10.308903278307721       0.60572382131261049     
   86.982687236203873        1.3449798847049681        10.307721185932721       0.64234788558123845     
   90.055071705548812        1.3818026572863402        10.306761344967470       0.68079584542831850     
   93.235978303002270        1.4205072546780184        10.305981968754473       0.72108670813577680     
   96.529260096906100        1.4613819049693266        10.305349123789890       0.76325118842305528     
   99.938826062156153        1.5047171560596899        10.304835269455339       0.80733075028796819     
   103.46886588546354        1.5507992927653071        10.304418022612090       0.85338024536800283     
   107.12359379692580        1.5998973599152055        10.304079224962639       0.90146369732137266     
   110.90736836557576        1.6522547008271529        10.303804129717378       0.95165413836242096     
   114.82483910697920        1.7080811468957842        10.303580753918164        1.0040329766830345     
   118.88068277378797        1.7675396805278183        10.303399376402805        1.0586828692134183     
   123.07973629915718        1.8307389525295010        10.303252102382034        1.1156846748676899     
   127.42715949490271        1.8977273022191841        10.303132516701568        1.1751136127659207     
   131.92808807993632        1.9684799952155758        10.303035416110252        1.2370270673858197     
   136.58805281121437        2.0428994858302532        10.302956570973690        1.3014613417853484     
   141.41261684513370        2.1208051549536928        10.302892550005332        1.3684161412698959     
   146.40753387824964        2.2019329985092502        10.302840566575039        1.4378446478495550     
   151.57894168226974        2.2859381223527104        10.302798356320642        1.5096427141153732     
   156.93294936957258        2.3723895688714376        10.302764082646386        1.5836285081230534     
   162.47613596373097        2.4607822094273444        10.302736252614679        1.6595342231878778     
   168.21511902855468        2.5505358786873957        10.302713655081712        1.7369851784801085     
   174.15674278185460        2.4688622682301178        10.251212164813936        1.6973556133716734     
   180.30830831190286        2.3381819306877611        10.189137945165768        1.6167105640905852     
   186.67715947709803        2.2334233676300297        10.138734688558271        1.5465436658622209     
   193.27089166569760        2.1500251114237763        10.097808500734059        1.4851331325781971     
   200.09760727912413        2.0841991808860656        10.064576665314371        1.4310791480440375     
   207.16537088595135        2.0327722740031513        10.037593243415266        1.3832405955535325     
   214.48286737908427        1.9930535967693050        10.015682855878985        1.3406702382370745     
   222.05883252794877        1.9627447309567916        9.9978919776106370        1.3025674070693678     
   229.90230130529540        1.9398663258671527        9.9834462279790799        1.2682338979937171     
   238.02291179328489        1.9227050149023057        9.9717163601415777        1.2370420037630616     
   246.43025707061713        1.9097760155873491        9.9621919998803516        1.2084188546257826     
   255.13466811288930        1.8997923378025945        9.9544582726629489        1.1818374708849144     
   264.14653641505117        1.8916441566751878        9.9481786119651616        1.1568236249029511     
   273.47660938458705        1.8843815052630415        9.9430796840289908        1.1329656630754525     
   283.13635184814427        1.8772008277847201        9.9389393830872219        1.1099264777455280     
   293.13729579387660        1.8694344420415940        9.9355775260718282        1.0874553195540309     
   303.49136818478553        1.8605406436548269        9.9328477819856040        1.0653912676322710     
   314.21129214162710        1.8500944542451552        9.9306312450679428        1.0436597087829877     
   325.30973137660959        1.8377798513051469        9.9288314723485378        1.0222647029637255     
   336.80032369109853        1.8233803066101337        9.9273700669750138        1.0012725182640483     
   348.69678677735646        1.8067712709993808        9.9261834295840377       0.98079643489458890     
   361.01330816366544        1.7879112886020563        9.9252199096051665       0.96097873881431883     
   373.76502243504467        1.7588414877915817        9.6534321154659661       0.92588457291703119     
   386.96715283564077        1.7008313400946873        8.5343879353107788       0.83519186352096575     
   400.63544401132759        1.6444712325568456        7.6257519585282232       0.75059000907376727     
   414.78669160661980        1.5892670984279038        6.8879446316750004       0.67294254134796794     
   429.43761284149554        1.5348660723928811        6.2888634756301922       0.60271691198961341     
   444.60621081975989        1.4810277073150298        5.8024129304132614       0.54000701304845544     
   460.31059410826708        1.4276077666676243        5.4074230006740764       0.48461114839012520     
   476.56949149896485        1.3745380486894074        5.0867010247302202       0.43611555050146272     
   493.40288198244309        1.3218086246208156        4.8262765755771948       0.39397474625529405     
   510.83065126063684        1.2694584586574473        4.6148184151841045       0.35758244096411845     
   528.87421463804299        1.2175585686758701        4.4431155726295097       0.32631697183088199     
   547.55511287104378        1.1662063103855360        4.3036956575250649       0.29957775309929224     
   566.89562449487210        1.1155150099800941        4.1904901621653465       0.27680392666667319     
   586.91951519858117        1.0656051573308285        4.0985679336264695       0.25748442671611560     
   607.65068989177485        1.0166022766293663        4.0239285793302502       0.24116374086493331     
   629.11387223602765       0.96863048655506534        3.9633232843829407       0.22744096968654756     
   651.33543626567803       0.92180727111731697        3.9141121241374925       0.21596707912976396     
   674.34163286578985       0.87624474865334678        3.8741538888406315       0.20644220566844934     
   698.16073213207346       0.83204332820634042        3.8417080254547726       0.19861013526342061     
   722.82116976782140       0.78749619324603493        3.8135649896155672       0.18990345884076959     
   748.35235540965130       0.74430842746873671        3.7902026929878954       0.18229732719708605     
   774.78566186873422       0.70309014805307002        3.7712326389019264       0.17633688598387268     
   802.15264573967897       0.66382836235085374        3.7558292635655439       0.17179094585198842     
   830.48594444209971       0.62651219246867096        3.7433221067948592       0.16847240765793672     
   859.82037403360118       0.59112998955367058        3.7331663655086884       0.16623100717627259     
   890.19058800385733       0.55767140985547492        3.7249201567645231       0.16494744868861630     
   921.63390537915473       0.52612367016797423        3.7182242814242512       0.16452807659511351     
   954.18786380243341       0.49647448516011877        3.7127873395681910       0.16490078877754841     
   987.89128659474920       0.46871130289188800        3.7083726783227391       0.16601149633376641     
   1022.7855886411724       0.44282133109582150        3.7047879981034697       0.16782141325432609     
   1058.9119914466876       0.41879506643791808        3.7018773271306613       0.17030470908288328     
   1096.3148872627712       0.39662548321100249        3.6995138785938604       0.17344691349145419     
   1135.0389283928459       0.37631211008932319        3.6975947968276706       0.17724335583520842     
   1175.1302964981960       0.35786250708069289        3.6960365502757493       0.18169817000930910     
   1216.6382559936744       0.34129457197734420        3.6947712627982376       0.18682371180916957     
   1259.6123598874483       0.32664117460364217        3.6937438699486056       0.19263969429983183     
   1304.1038583964914       0.31395318772907427        3.6929096525673883       0.19917295484510378     
   1350.1674228314519       0.30330338641741711        3.6922322727235484       0.20645753555307114     
   1397.8574692241625       0.25737333135050078        3.0917999980823159       0.18550040208549942     
   1447.2325992722181       0.21702719813594334        2.5126648198478225       0.16505385117122834     
   1498.3517579647787       0.18484583353016704        2.0424164757775691       0.14830608857092659     
   1551.2759091786245       0.14831407860346135        1.6584751770740618       0.12623052966067666     
   1606.0700862978565       0.11985567239949531        1.3466548657573132       0.10744416673343601     
   1662.7990190437411        9.7875176494414851E-002   1.0934645465738189        9.1632254076841474E-002
   1721.5324161293761        8.0835710362314725E-002  0.88787542468655622        7.8294873222551020E-002
   1782.3403946248577        6.7565177609285848E-002  0.72094040198413667        6.7021327966458322E-002
   1845.2954731357936        5.7168762339704284E-002  0.58539332519992482        5.7472924089490694E-002
   1910.4750110852074        4.8962962217235728E-002  0.47532985760638169        4.9369428369553089E-002
   1977.9568210713478        4.2426293857068753E-002  0.38596011229704275        4.2479005479282926E-002
   2047.8213808026539        3.7160805382742586E-002  0.31339410707221388        3.6609130630571404E-002
   2120.1545400970977        3.2863052122854772E-002  0.25447091703418356        3.1599408518310557E-002
   2195.0417479108573        2.9302464932080503E-002  0.20662675566432176        2.7316317046224951E-002
   2272.5750259096239        2.6304097901805969E-002  0.16777756445044470        2.3648067541538944E-002
   2352.8469348264384        2.3736050751609904E-002  0.13623265313546079        2.0501181184287339E-002
   2435.9532056335870        2.1499396123919330E-002  0.11061897155478030        1.7797197962842112E-002
   2521.9959596104222        1.9520454487075990E-002   8.9820805489609246E-002   1.5470057665820944E-002
   2611.0779162676686        1.7744997297454435E-002   7.2933032963581085E-002   1.3464194668999865E-002
   2703.3053132971791        1.6133513783617215E-002   5.9220582680571995E-002   1.1732697663840601E-002
   2798.7914800504532        1.4657534594915153E-002   4.8086149809291906E-002   1.0235839989833967E-002
   2897.6492167059700        1.3296920191013211E-002   3.9045267896558371E-002   8.9400374507822185E-003
   3000.0000000000000        1.2037499319051449E-002   3.1704122391787860E-002   7.8167271701606415E-003
