         200   4370.0000000000000     
   3.0000000000000000        5.9281709399424546E-003  0.12394619052039753        5.3592037943533946E-003
   3.1059655287322618        6.4020944537627727E-003  0.12394619052039753        5.8300396740053996E-003
   3.2156739552243598        6.9146000179642663E-003  0.12394619052039753        6.3448319211197217E-003
   3.3292574962321346        7.4684283428745214E-003  0.12394619052039753        6.9077346664636529E-003
   3.4468529954360925        8.0664306025516538E-003  0.12394619052039753        7.5232830318601278E-003
   3.5686022069563790        8.7115693857789060E-003  0.12394619052039753        8.1964253489516699E-003
   3.6946518254059528        9.4069199777249580E-003  0.12394619052039753        8.9325558328105480E-003
   3.8251536998800524        1.0155674304466825E-002  0.12394619052039753        9.7375497929081279E-003
   3.9602651907155879        1.0961147577298625E-002  0.12394619052039753        1.0617801302667587E-002
   4.1001490688558144        1.1826783906133549E-002  0.12394619052039753        1.1580259171814808E-002
   4.2449739038313119        1.2756165944753681E-002  0.12394619052039753        1.2632466673046357E-002
   4.3949142193596993        1.3753023862446631E-002  0.12394619052039753        1.3782600084465026E-002
   4.5501507036585132        1.4821244449631552E-002  0.12394619052039753        1.5039507078546725E-002
   4.7108703059600501        1.5964878194513629E-002  0.12394619052039753        1.6412742698825592E-002
   4.8772669425686850        1.7188148343874613E-002  0.12394619052039753        1.7912608052467457E-002
   5.0495410155906377        1.8495447791874051E-002  0.12394619052039753        1.9550174796560082E-002
   5.2279001269311909        1.9891339385625630E-002  0.12394619052039753        2.1337313952310519E-002
   5.4125592113782046        2.1380545758196399E-002  0.12394619052039753        2.3286711827272630E-002
   5.6037407956130689        2.2967932452386361E-002  0.12394619052039753        2.5411876314483210E-002
   5.8016752663703963        2.4658482515015692E-002  0.12394619052039753        2.7727129419139192E-002
   6.0066011480696169        2.6457261850622440E-002  0.12394619052039753        3.0247582263871493E-002
   6.2187653902530293        2.8369374984139335E-002  0.12394619052039753        3.2989088209854363E-002
   6.4384236651766908        3.0399911293954005E-002  0.12394619052039753        3.5968169099561326E-002
   6.6658406759127811        3.2553882214520755E-002  0.12394619052039753        3.9201909014297556E-002
   6.9012904753346884        3.4836150342572883E-002  0.12394619052039753        4.2707809399072712E-002
   7.1450567963692624        3.7251351783166034E-002  0.12394619052039753        4.6503599012841387E-002
   7.3974330131920443        3.9803809525053274E-002  0.12394619052039753        5.0606985690350811E-002
   7.6587243988323896        4.2497466997841259E-002  0.12394619052039753        5.5035387681710228E-002
   7.9292442763577622        4.5335757933572397E-002  0.12394619052039753        5.9805498750025762E-002
   8.2093202460023029        4.8321580978756988E-002  0.12394619052039753        6.4932955236463127E-002
   8.4992881560440416        5.1457149634473953E-002  0.12394619052039753        7.0431719327929160E-002
   8.7994991583321234        5.4743985524266313E-002  0.12394619052039753        7.6313628137710615E-002
   9.1103132457223861        5.8182773184910080E-002  0.12394619052039753        8.2587626498258543E-002
   9.4321068148357909        6.1773375444804275E-002  0.12394619052039753        8.9259217254952394E-002
   9.7652657388916850        6.5514698547204542E-002  0.12394619052039753        9.6329587951969650E-002
   10.110193474162946        6.9404734105827537E-002  0.12394619052039753       0.10379503485899465     
   10.467303634806061        7.3440437774333983E-002  0.12394619052039753       0.11164608420879350     
   10.837027566606025        7.7617787164723992E-002  0.12394619052039753       0.11986699685116056     
   11.219811965471335        8.1931738365529458E-002  0.12394619052039753       0.12843516974326807     
   11.616115840724994        8.6376185853203266E-002  0.12394619052039753       0.13732067874206297     
   12.026419117330413        9.0944064010476444E-002  0.12394619052039753       0.14648629435956323     
   12.451213803399156        9.5627263535265489E-002  0.12394619052039753       0.15588736518213797     
   12.891014326336300       0.10041677205572901       0.12394619052039753       0.16547242303867546     
   13.346348065368609       0.10530260604863538       0.12394619052039753       0.17518366500775062     
   13.817766430769083       0.11027397764893281       0.12394619052039753       0.18495820138624663     
   14.305834715756038       0.11531924254069097       0.12394619052039753       0.19472914212052811     
   14.811143972217785       0.12042609150942454       0.12394619052039753       0.20442739099518803     
   15.334300133051286       0.12558151453219327       0.12394619052039753       0.21398315501282081     
   15.875936741648431       0.13077201470902836       0.12394619052039753       0.22332800206834363     
   16.436703292225193       0.13598358778963379       0.12394619052039753       0.23239645248741203     
   17.017278874447534       0.14120195451607384       0.12394619052039753       0.24112790429565090     
   17.618359675531394       0.14641255319797675       0.12394619052039753       0.24946791687200370     
   18.240671728221173       0.15160076919569698       0.12394619052039753       0.25736960882636067     
   18.884968846184627       0.15675202826276810       0.12394619052039753       0.26479447243994009     
   19.552019805756849       0.16185181677155303       0.12394619052039753       0.27171273905998794     
   20.242632201214423       0.16688599195919665       0.12394469784011586       0.27810378941161806     
   20.957638264717446       0.17184078444035578       0.12394059658220373       0.28395578638662644     
   21.697899624358065       0.17670295033073594       0.12393677039363642       0.28926524881115195     
   22.464312967141105       0.18145991528691208       0.12393320080520508       0.29403635071582335     
   23.257792778673313       0.18609977159879404       0.12392987064775236       0.29827993397230240     
   24.079299719823517       0.19061154867017735       0.12392676384231706       0.30201269491579252     
   24.929823759061236       0.19498519114798030       0.12392386540878954       0.30525604492961267     
   25.810395145829254       0.19921169331796973       0.12392116135628227       0.30803514476075311     
   26.722064579292049       0.20328306965442355       0.12391863867872913       0.31037788453133269     
   27.665935811728254       0.20719256319464777       0.12391628519591492       0.31231410931614756     
   28.643146268414043       0.21093458959101050       0.12391408956003197       0.31387478013182024     
   29.654879655490589       0.21450481532551055       0.12391204117263303       0.31509133893990160     
   30.702343174827575       0.21786017740041197       0.12080525082861579       0.31593441012626483     
   31.786804983723918       0.22101522944128524       0.11640746957831105       0.31645764768980461     
   32.909571928103169       0.22398833090919315       0.11230464534681840       0.31671960607311844     
   34.072004028335677       0.22677977861661547       0.10847697359074801       0.31674883154585348     
   35.275488300232773       0.22939097636229291       0.10490604381263002       0.31657255596045375     
   36.521481794408061       0.23182447962238420       0.10157461453301105       0.31621656546301563     
   37.811486012809581       0.23408385996564982        9.8466622571615536E-002  0.31570511355939418     
   39.147055493126302       0.23617364106071942        9.5567082097742145E-002  0.31506087326963450     
   40.529808025860810       0.23809921695037428        9.2861996880530817E-002  0.31430491108929776     
   41.961393513511240       0.23986670464167037        9.0338355886715752E-002  0.31345670454880370     
   43.443545167355794       0.24148290166707731        8.7983974249317143E-002  0.31253412874403380     
   44.978049075047366       0.24295512249434720        8.5787499826804406E-002  0.31155349788311976     
   46.566763998623138       0.24429109722823980        8.3738330124273813E-002  0.31052958666835939     
   48.211585595230147       0.24549881867569170        8.1826608958638566E-002  0.30947569214969334     
   49.914505239722644       0.24658646889172070        8.0043105988434435E-002  0.30840363869304332     
   51.677575059319224       0.24756226934956410        7.8379221682550487E-002  0.30732384696354015     
   53.502930680545909       0.24843438254752251        7.6826924385943143E-002  0.30624536918512596     
   55.392750120602578       0.24921078816909192        7.5378747793434744E-002  0.30517596465611724     
   57.349321371645829       0.24989921983924432        7.4027699690527499E-002  0.30412211331572542     
   59.375002227322796       0.25050706066381823        7.2767265717342502E-002  0.30308909532549655     
   61.472246417894510       0.25104128052373642        7.1591361694323771E-002  0.30208103458076985     
   63.643556378429672       0.25150836550881006        7.0494331708576413E-002  0.30110098030144583     
   65.891560899834928       0.25191429174385133        6.9470878982753420E-002  0.30015093127967762     
   68.218968971510208       0.25226448050866285        6.8516068726330481E-002  0.29923192295590917     
   70.628585269218178       0.25244172965942641        6.7597525299584224E-002  0.29815278093871850     
   73.123328588587739       0.25220523361101849        6.6663242500265424E-002  0.29653385692514195     
   75.706175661273647       0.25190218618598703        6.5791626938147538E-002  0.29491640854173512     
   78.380253523498894       0.25153690514058824        6.4978470201768848E-002  0.29330177996270906     
   81.148784610322849       0.25111360795566073        6.4219851486528368E-002  0.29169137028809738     
   84.015122474940881       0.25063644616673392        6.3512108900905348E-002  0.29008666356493101     
   86.982687236203873       0.25010955034966326        6.2851838314684036E-002  0.28848929812648666     
   90.055071705548812       0.24953703981668299        6.2235851750936190E-002  0.28690102425751457     
   93.235978303002270       0.24892305279762489        6.1661179102121613E-002  0.28532374238779812     
   96.529260096906100       0.24827175098434529        6.1125046393835300E-002  0.28375947188071587     
   99.938826062156153       0.24758734262836346        6.0624877776880859E-002  0.28221037460598464     
   103.46886588546354       0.24687403439416447        6.0158249685282474E-002  0.28067862322052911     
   107.12359379692580       0.24613607276351759        5.9722918288817199E-002  0.27916648507961994     
   110.90736836557576       0.24537770433734218        5.9316789173541426E-002  0.27767622705636846     
   114.82483910697920       0.24460312618207503        5.8937894441685623E-002  0.27621002325007099     
   118.88068277378797       0.24381651493129308        5.8584412138108111E-002  0.27477002117255317     
   123.07973629915718       0.24302197297120884        5.8254641631355575E-002  0.27335824923917612     
   127.42715949490271       0.24222347051431123        5.7946985019134901E-002  0.27197653284967455     
   131.92808807993632       0.24142488201186738        5.7659966189929072E-002  0.27062657956427888     
   136.58805281121437       0.24062988105290070        5.7392194394607791E-002  0.26930982156362721     
   141.41261684513370       0.23984197788388334        5.7142382024350277E-002  0.26802750725073293     
   146.40753387824964       0.23906446319256752        5.6909327211989637E-002  0.26678063534819169     
   151.57894168226974       0.23830035521619305        5.6691900690926014E-002  0.26556990180214263     
   156.93294936957258       0.23755244053435673        5.6489059266314569E-002  0.26439579705282445     
   162.47613596373097       0.23682318095875965        5.6299820070461352E-002  0.26325849109248350     
   168.21511902855468       0.23611475826121264        5.6123273126803222E-002  0.26215793663560555     
   174.15674278185460       0.22757788277104976        5.5021721960927472E-002  0.25293798606535500     
   180.30830831190286       0.21632883496503838        5.3598702941251651E-002  0.24091817667597462     
   186.67715947709803       0.20587064828842025        5.2271125651787945E-002  0.22973519715260157     
   193.27089166569760       0.19614887210288268        5.1032603012694605E-002  0.21932945677517982     
   200.09760727912413       0.18711213496420626        4.9877133765142308E-002  0.20964516860737942     
   207.16537088595135       0.17871274309340232        4.8799174061230820E-002  0.20063090486563012     
   214.48286737908427       0.17090564144497283        4.7793500649494024E-002  0.19223840657747371     
   222.05883252794877       0.16364895972991303        4.6855277643632051E-002  0.18442310004004017     
   229.90230130529540       0.15690352060420840        4.5979991178203068E-002  0.17714350753631294     
   238.02291179328489       0.15063247161178678        4.5163400054489627E-002  0.17036079449633321     
   246.43025707061713       0.14480167921559012        4.4401586334393166E-002  0.16403914658912863     
   255.13466811288930       0.13937898476928573        4.3690858651143513E-002  0.15814492275794009     
   264.14653641505117       0.13433455964104504        4.3027799395976229E-002  0.15264700359800018     
   273.47660938458705       0.12964054014663570        4.2409218538121268E-002  0.14751636578710026     
   283.13635184814427       0.12527074846219272        4.1832118745339868E-002  0.14272575237309290     
   293.13729579387660       0.12120089936913038        4.1293724972623250E-002  0.13824988056169868     
   303.49136818478553       0.11740829615122911        4.0791446964744849E-002  0.13406509740650055     
   314.21129214162710       0.11387159689193541        4.0322850934679376E-002  0.13014911534302914     
   325.30973137660959       0.11057101374910434        3.9885688596613289E-002  0.12648123252109703     
   336.80032369109853       0.10748787527726369        3.9477841681361786E-002  0.12304185462568182     
   348.69678677735646       0.10460481405970576        3.9097349014166734E-002  0.11981271570573052     
   361.01330816366544       0.10190555278648131        3.8742380014568617E-002  0.11677665977973627     
   373.76502243504467        9.9316045079420157E-002   3.8340971212712953E-002  0.11381859941317586     
   386.96715283564077        9.6675436706982032E-002   3.7717123792074578E-002  0.11067883367114011     
   400.63544401132759        9.4192044173664835E-002   3.7135124416269642E-002  0.10771777828602337     
   414.78669160661980        9.1852237936996248E-002   3.6592153008553320E-002  0.10491994250941489     
   429.43761284149554        8.9643341605379082E-002   3.6085604436071332E-002  0.10227105947812005     
   444.60621081975989        8.7553366824496687E-002   3.5613024218786954E-002   9.9757804156952373E-002
   460.31059410826708        8.5571164897778954E-002   3.5172139905055626E-002   9.7368007089352088E-002
   476.56949149896485        8.3686312552065212E-002   3.4760830365406781E-002   9.5090544571409058E-002
   493.40288198244309        8.1889025728127229E-002   3.4377102600335857E-002   9.2915253555978392E-002
   510.83065126063684        8.0170292598381834E-002   3.4019115515093359E-002   9.0833102184470646E-002
   528.87421463804299        7.8521684599826960E-002   3.3685134484014903E-002   8.8835959720241053E-002
   547.55511287104378        7.6935485570212708E-002   3.3373553524209870E-002   8.6916739497688508E-002
   566.89562449487210        7.5404612302497689E-002   3.3082873594919245E-002   8.5069277188177306E-002
   586.91951519858117        7.3922548581461134E-002   3.2811686207160420E-002   8.3288214881087952E-002
   607.65068989177485        7.2483438536972852E-002   3.2558687327876611E-002   8.1569068019439236E-002
   629.11387223602765        7.1082013112277867E-002   3.2322659759353667E-002   7.9908083413249772E-002
   651.33543626567803        6.9713524010520403E-002   3.2102459830507482E-002   7.8302104308514378E-002
   674.34163286578985        6.8373838581815158E-002   3.1897031039907382E-002   7.6748623990794518E-002
   698.16073213207346        6.7059287107304119E-002   3.1705377982782619E-002   7.5245549877208967E-002
   722.82116976782140        6.5435892059777206E-002   3.1196112298761049E-002   7.3180838697798165E-002
   748.35235540965130        6.3753266290086513E-002   3.0620254317182391E-002   7.1016572881835882E-002
   774.78566186873422        6.2115302337489242E-002   3.0083012471398371E-002   6.8947547615229129E-002
   802.15264573967897        6.0518367720332790E-002   2.9581803377527870E-002   6.6969891097904952E-002
   830.48594444209971        5.8959342328419720E-002   2.9114215678789034E-002   6.5080106573027277E-002
   859.82037403360118        5.7435525681837157E-002   2.8677983679976437E-002   6.3274937969412429E-002
   890.19058800385733        5.5944726502992738E-002   2.8271014375277952E-002   6.1551463246469526E-002
   921.63390537915473        5.4485080147835589E-002   2.7891335795788223E-002   5.9906872526692849E-002
   954.18786380243341        5.3055136811604439E-002   2.7537122217152349E-002   5.8338573154721574E-002
   987.89128659474920        5.1653771847524406E-002   2.7206669489694090E-002   5.6844092732650869E-002
   1022.7855886411724        5.0280104168197330E-002   2.6898376405421389E-002   5.5421006182039101E-002
   1058.9119914466876        4.8933580307711402E-002   2.6610763799075853E-002   5.4067040377882084E-002
   1096.3148872627712        4.7613814510867200E-002   2.6342438044381678E-002   5.2779926927055111E-002
   1135.0389283928459        4.6320673790295759E-002   2.6092108868745422E-002   5.1557508771423663E-002
   1175.1302964981960        4.5054203007994655E-002   2.5858571918609345E-002   5.0397683891621928E-002
   1216.6382559936744        4.3814557603371392E-002   2.5640695591175579E-002   4.9298365227054046E-002
   1259.6123598874483        4.2602072004648113E-002   2.5437432205223941E-002   4.8257562656524970E-002
   1304.1038583964914        4.1417193233374110E-002   2.5247803844451404E-002   4.7273339288260184E-002
   1350.1674228314519        4.0260422096130982E-002   2.5070891665036735E-002   4.6343781050361708E-002
   1397.8574692241625        3.7676584219168009E-002   2.3950854709880006E-002   4.3806633118154956E-002
   1447.2325992722181        3.5130327450842262E-002   2.2802690141129327E-002   4.1295151398800717E-002
   1498.3517579647787        3.2769285260861779E-002   2.1731532844589774E-002   3.8978936842808024E-002
   1551.2759091786245        2.9892633451507132E-002   2.0288048362703447E-002   3.6016296714483878E-002
   1606.0700862978565        2.7243706186945733E-002   1.8927331175095628E-002   3.3268747116806233E-002
   1662.7990190437411        2.4826812499253972E-002   1.7657891681341822E-002   3.0744595688679009E-002
   1721.5324161293761        2.2623397777974136E-002   1.6473578815058957E-002   2.8425280069006641E-002
   1782.3403946248577        2.0616243785255343E-002   1.5368697683354221E-002   2.6293819122377871E-002
   1845.2954731357936        1.8789311179639938E-002   1.4337932615298397E-002   2.4334604898119529E-002
   1910.4750110852074        1.7127624724822793E-002   1.3376289040933478E-002   2.2533240348262019E-002
   1977.9568210713478        1.5617343646018609E-002   1.2479142796060091E-002   2.0876581594047913E-002
   2047.8213808026539        1.4245630185943483E-002   1.1642177638798181E-002   1.9352569299749881E-002
   2120.1545400970977        1.3000551795348439E-002   1.0861338056247742E-002   1.7950096715267205E-002
   2195.0417479108573        1.1871135619745107E-002   1.0132877643310386E-002   1.6659052759821696E-002
   2272.5750259096239        1.0847195650187959E-002   9.4532666465953572E-003   1.5470113945628045E-002
   2352.8469348264384        9.9193776179711500E-003   8.8192370851956081E-003   1.4374785737478513E-002
   2435.9532056335870        9.0790631392343810E-003   8.2277385925049566E-003   1.3365287417694358E-002
   2521.9959596104222        8.3182963761783777E-003   7.6759050638276803E-003   1.2434461747084943E-002
   2611.0779162676686        7.6297971445118970E-003   7.1610829496416145E-003   1.1575791763516155E-002
   2703.3053132971791        7.0068826698141667E-003   6.6807953998425252E-003   1.0783310324995863E-002
   2798.7914800504532        6.4434069275498542E-003   6.2327151821233752E-003   1.0051529076126891E-002
   2897.6492167059700        5.9337703844338698E-003   5.8146924438771631E-003   9.3754594890733123E-003
   3000.0000000000000        5.4728281259854407E-003   5.4247016568095222E-003   8.7505036547512946E-003
