         200   4370.0000000000000     
   3.0000000000000000        3.9550782533553375E-003   2.8089111796400307E-002   2.0234573380445584E-002
   3.1059655287322618        4.1774108658423842E-003   2.8089111796400307E-002   2.0490850146511544E-002
   3.2156739552243598        4.4085154696007984E-003   2.8089111796400307E-002   2.0737228559189070E-002
   3.3292574962321346        4.6484262353093490E-003   2.8089111796400307E-002   2.0973696174393975E-002
   3.4468529954360925        4.8971450942224435E-003   2.8089111796400307E-002   2.1200309394433698E-002
   3.5686022069563790        5.1546394706284580E-003   2.8089111796400307E-002   2.1417188748231460E-002
   3.6946518254059528        5.4208397196869465E-003   2.8089111796400307E-002   2.1624512693652370E-002
   3.8251536998800524        5.6956372339645187E-003   2.8089111796400307E-002   2.1822511046707606E-002
   3.9602651907155879        5.9788831554979088E-003   2.8089111796400307E-002   2.2011458027195532E-002
   4.1001490688558144        6.2703864487699476E-003   2.8089111796400307E-002   2.2191664283408730E-002
   4.2449739038313119        6.5699133365679820E-003   2.8089111796400307E-002   2.2363469500979331E-002
   4.3949142193596993        6.8771865823179399E-003   2.8089111796400307E-002   2.2527234647721966E-002
   4.5501507036585132        7.1918852235430524E-003   2.8089111796400307E-002   2.2683334443666832E-002
   4.7108703059600501        7.5136444132341950E-003   2.8089111796400307E-002   2.2832149998419524E-002
   4.8772669425686850        7.8420568089742401E-003   2.8089111796400307E-002   2.2974062377182119E-002
   5.0495410155906377        8.1766719181852569E-003   2.8089111796400307E-002   2.3109445551750454E-002
   5.2279001269311909        8.5169981737129152E-003   2.8089111796400307E-002   2.3238661027600464E-002
   5.4125592113782046        8.8625041784620492E-003   2.8089111796400307E-002   2.3362052555235303E-002
   5.6037407956130689        9.2126205468915177E-003   2.8089111796400307E-002   2.3479941662918981E-002
   5.8016752663703963        9.5667421148690618E-003   2.8089111796400307E-002   2.3592623951408060E-002
   6.0066011480696169        9.9242305246073480E-003   2.8089111796400307E-002   2.3700366191852788E-002
   6.2187653902530293        1.0284417188870061E-002   2.8089111796400307E-002   2.3803404254175837E-002
   6.4384236651766908        1.0646606634236193E-002   2.8089111796400307E-002   2.3901941877913373E-002
   6.6658406759127811        1.1010080217034198E-002   2.8089111796400307E-002   2.3996150280920975E-002
   6.9012904753346884        1.1374100197850763E-002   2.8089111796400307E-002   2.4086168583908656E-002
   7.1450567963692624        1.1737914151650120E-002   2.8089111796400307E-002   2.4172105011013998E-002
   7.3974330131920443        1.2100759144078937E-002   2.8089111796400307E-002   2.4254038690638906E-002
   7.6587243988323896        1.2461869389802368E-002   2.8089111796400307E-002   2.4332022812668636E-002
   7.9292442763577622        1.2820475537105627E-002   2.8089111796400307E-002   2.4406086457314048E-002
   8.2093202460023029        1.3175818015403868E-002   2.8089111796400307E-002   2.4476239892011462E-002
   8.4992881560440416        1.3527143950772345E-002   2.8089111796400307E-002   2.4542476736379229E-002
   8.7994991583321234        1.3873721004542707E-002   2.8089111796400307E-002   2.4604779776751046E-002
   9.1103132457223861        1.4214834398407816E-002   2.8089111796400307E-002   2.4663123654172156E-002
   9.4321068148357909        1.4549800326965370E-002   2.8089111796400307E-002   2.4717480591279026E-002
   9.7652657388916850        1.4877962849219360E-002   2.8089111796400307E-002   2.4767823134242570E-002
   10.110193474162946        1.5198706498702126E-002   2.8089111796400307E-002   2.4814129338601380E-002
   10.467303634806061        1.5511452809423031E-002   2.8089111796400307E-002   2.4856385149392205E-002
   10.837027566606025        1.5815670897614882E-002   2.8089111796400307E-002   2.4894588564365022E-002
   11.219811965471335        1.6110877879335246E-002   2.8089111796400307E-002   2.4928751875542388E-002
   11.616115840724994        1.6396639215004311E-002   2.8089111796400307E-002   2.4958903617436856E-002
   12.026419117330413        1.6672577065770976E-002   2.8089111796400307E-002   2.4985090909181339E-002
   12.451213803399156        1.6938365241315027E-002   2.8089111796400307E-002   2.5007379858088492E-002
   12.891014326336300        1.7193736878545089E-002   2.8089111796400307E-002   2.5025856768231415E-002
   13.346348065368609        1.7438478697075498E-002   2.8089111796400307E-002   2.5040627689971524E-002
   13.817766430769083        1.7672437045516867E-002   2.8089111796400307E-002   2.5051818472242502E-002
   14.305834715756038        1.7895511546474258E-002   2.8089111796400307E-002   2.5059573607179447E-002
   14.811143972217785        1.8107659582830508E-002   2.8089111796400307E-002   2.5064055338295432E-002
   15.334300133051286        1.8308889470125128E-002   2.8089111796400307E-002   2.5065442023997433E-002
   15.875936741648431        1.8499263521567590E-002   2.8089111796400307E-002   2.5063926572819681E-002
   16.436703292225193        1.8678890920505835E-002   2.8089111796400307E-002   2.5059714578750895E-002
   17.017278874447534        1.8847929549725501E-002   2.8089111796400307E-002   2.5053022369049053E-002
   17.618359675531394        1.9006578757142782E-002   2.8089111796400307E-002   2.5044075153935003E-002
   18.240671728221173        1.9155079745753176E-002   2.8089111796400307E-002   2.5033104987724805E-002
   18.884968846184627        1.9293710967265162E-002   2.8089111796400307E-002   2.5020348922624950E-002
   19.552019805756849        1.9422781941570905E-002   2.8089111796400307E-002   2.5006047592741637E-002
   20.242632201214423        1.9542634682293444E-002   2.8088962529110920E-002   2.4990442868935522E-002
   20.957638264717446        1.9653636879183322E-002   2.8088552405349576E-002   2.4973777040259364E-002
   21.697899624358065        1.9756179379657287E-002   2.8088169788386574E-002   2.4956292707535060E-002
   22.464312967141105        1.9850673528715120E-002   2.8087812831310163E-002   2.4938230228517103E-002
   23.257792778673313        1.9937546015243432E-002   2.8087479817213108E-002   2.4919828109165158E-002
   24.079299719823517        2.0017239564533221E-002   2.8087169138207257E-002   2.4901322008168691E-002
   24.929823759061236        2.0090208324620246E-002   2.8086879296289054E-002   2.4882945078777974E-002
   25.810395145829254        2.0156916868623660E-002   2.8086608892376665E-002   2.4864927927966324E-002
   26.722064579292049        2.0217837067380114E-002   2.8086356625869922E-002   2.4847499446840456E-002
   27.665935811728254        2.0273449241304590E-002   2.8086121278753328E-002   2.4830886777328490E-002
   28.643146268414043        2.0324239656733401E-002   2.8085901716251735E-002   2.4815316519154001E-002
   29.654879655490589        2.0370700590876485E-002   2.8085696878525669E-002   2.4801015436085649E-002
   30.702343174827575        2.0406228301328745E-002   2.7271008043996941E-002   2.4777460291980927E-002
   31.786804983723918        2.0434240153588214E-002   2.6117634948305987E-002   2.4749337199105510E-002
   32.909571928103169        2.0458617760481947E-002   2.5041618017126288E-002   2.4722011154418754E-002
   34.072004028335677        2.0479814446797587E-002   2.4037763261439752E-002   2.4695648132497520E-002
   35.275488300232773        2.0498282843379682E-002   2.3101242298193138E-002   2.4670415067141290E-002
   36.521481794408061        2.0514474554666939E-002   2.2227533333918702E-002   2.4646479105483864E-002
   37.811486012809581        2.0528838223308865E-002   2.1412423598833691E-002   2.4624008133399135E-002
   39.147055493126302        2.0541817871799789E-002   2.0651982871546411E-002   2.4603170168913013E-002
   40.529808025860810        2.0553850784308367E-002   1.9942540465590682E-002   2.4584132438056044E-002
   41.961393513511240        2.0565364651390746E-002   1.9280684074882867E-002   2.4567060611208932E-002
   43.443545167355794        2.0576775060099570E-002   1.8663218065772882E-002   2.4552116524985228E-002
   44.978049075047366        2.0588481964304486E-002   1.8087165197267000E-002   2.4539456657193079E-002
   46.566763998623138        2.0600866354512165E-002   1.7549744832568298E-002   2.4529229594544844E-002
   48.211585595230147        2.0614286324426856E-002   1.7048372064481204E-002   2.4521573556979974E-002
   49.914505239722644        2.0629073809022694E-002   1.6580626120597429E-002   2.4516613026288523E-002
   51.677575059319224        2.0645530632138590E-002   1.6144251666407358E-002   2.4514455748477784E-002
   53.502930680545909        2.0663925161301524E-002   1.5737142299997529E-002   2.4515189238186279E-002
   55.392750120602578        2.0684488560018019E-002   1.5357339889522256E-002   2.4518877194460303E-002
   57.349321371645829        2.0707412465960126E-002   1.5003010639341960E-002   2.4525555954862593E-002
   59.375002227322796        2.0732846007291177E-002   1.4672446077162811E-002   2.4535231000999282E-002
   61.472246417894510        2.0760894014027528E-002   1.4364050550857248E-002   2.4547873729439010E-002
   63.643556378429672        2.0791614838330804E-002   1.4076340726581744E-002   2.4563418132833907E-002
   65.891560899834928        2.0825020484519390E-002   1.3807927458278768E-002   2.4581758688851065E-002
   68.218968971510208        2.0861075778184759E-002   1.3557516535459098E-002   2.4602748098680599E-002
   70.628585269218178        2.0888803216769773E-002   1.3321000123086573E-002   2.4610606750856460E-002
   73.123328588587739        2.0886123155954114E-002   1.3092268195717627E-002   2.4573956290765891E-002
   75.706175661273647        2.0883461979030151E-002   1.2878878515854755E-002   2.4536517371233135E-002
   78.380253523498894        2.0880681203639468E-002   1.2679800776544395E-002   2.4498167443158025E-002
   81.148784610322849        2.0877642665106264E-002   1.2494075082994561E-002   2.4458806286375766E-002
   84.015122474940881        2.0874214202827972E-002   1.2320804927738942E-002   2.4418359871980551E-002
   86.982687236203873        2.0870275086519532E-002   1.2159156908657853E-002   2.4376784771195720E-002
   90.055071705548812        2.0865720690982109E-002   1.2008350542467438E-002   2.4334069120259018E-002
   93.235978303002270        2.0860466683067579E-002   1.1867658684857117E-002   2.4290234823501483E-002
   96.529260096906100        2.0854452276605352E-002   1.1736402209000629E-002   2.4245337084550962E-002
   99.938826062156153        2.0847642860054933E-002   1.1613950493257951E-002   2.4199464574371381E-002
   103.46886588546354        2.0840031088220017E-002   1.1499710198099309E-002   2.4152734122455222E-002
   107.12359379692580        2.0831637985709500E-002   1.1393131987058380E-002   2.4105290858012964E-002
   110.90736836557576        2.0822512426816736E-002   1.1293703103892128E-002   2.4057302350174014E-002
   114.82483910697920        2.0812729589992772E-002   1.1200941766157404E-002   2.4008951916946353E-002
   118.88068277378797        2.0802389642096634E-002   1.1114401921212132E-002   2.3960436647479467E-002
   123.07973629915718        2.0791614783461396E-002   1.1033667218985013E-002   2.3911960099916061E-002
   127.42715949490271        2.0780545592315746E-002   1.0958346459647073E-002   2.3863725000192432E-002
   131.92808807993632        2.0769338222671404E-002   1.0888078260293201E-002   2.3815931955280947E-002
   136.58805281121437        2.0758159324521169E-002   1.0822522136511914E-002   2.3768770047890873E-002
   141.41261684513370        2.0747182728881666E-002   1.0761362854791937E-002   2.3722416606147104E-002
   146.40753387824964        2.0736584723268420E-002   1.0704306172968518E-002   2.3677031998686485E-002
   151.57894168226974        2.0726539420257383E-002   1.0651075623010582E-002   2.3632755424544613E-002
   156.93294936957258        2.0717215519991283E-002   1.0601415809049039E-002   2.3589706861014914E-002
   162.47613596373097        2.0708771533914466E-002   1.0555086104560359E-002   2.3547981915474938E-002
   168.21511902855468        2.0701353104693829E-002   1.0511863728291106E-002   2.3507655261563509E-002
   174.15674278185460        2.0005276476223372E-002   1.0287658061328968E-002   2.2739848362217430E-002
   180.30830831190286        1.9065754862639044E-002   1.0000891402532817E-002   2.1715796172745164E-002
   186.67715947709803        1.8190368097864049E-002   9.7333581522184229E-003   2.0760466028119956E-002
   193.27089166569760        1.7374913552036075E-002   9.4837711866576652E-003   1.9869238087456224E-002
   200.09760727912413        1.6615407423414327E-002   9.2509211327365653E-003   1.9037765522848787E-002
   207.16537088595135        1.5908138275847195E-002   9.0336907947485365E-003   1.8262028138443871E-002
   214.48286737908427        1.5249583221110448E-002   8.8310275835502064E-003   1.7538235819067594E-002
   222.05883252794877        1.4636457413511959E-002   8.6419569717898579E-003   1.6862878203407906E-002
   229.90230130529540        1.4065676213464844E-002   8.4655693257289586E-003   1.6232678971050379E-002
   238.02291179328489        1.3534327480022233E-002   8.3010099594013950E-003   1.5644561281832906E-002
   246.43025707061713        1.3039708294161208E-002   8.1474893302907105E-003   1.5095684867653954E-002
   255.13466811288930        1.2579265140096958E-002   8.0042635545130910E-003   1.4583376766680176E-002
   264.14653641505117        1.2150627054745278E-002   7.8706439158721924E-003   1.4105165441165293E-002
   273.47660938458705        1.1751577524571566E-002   7.7459875596678539E-003   1.3658747443671446E-002
   283.13635184814427        1.1380033411678243E-002   7.6296904637895768E-003   1.3241962020052161E-002
   293.13729579387660        1.1034064990461168E-002   7.5211934014286106E-003   1.2852812146568035E-002
   303.49136818478553        1.0711872325970354E-002   7.4199743845957348E-003   1.2489437100657339E-002
   314.21129214162710        1.0411767416004011E-002   7.3255429567588969E-003   1.2150091555327581E-002
   325.30973137660959        1.0132192845718561E-002   7.2374460435726748E-003   1.1833166183796068E-002
   336.80032369109853        9.8716861063925417E-003   7.1552567716305290E-003   1.1537147081918773E-002
   348.69678677735646        9.6288966425913444E-003   7.0785799251799446E-003   1.1260635009424496E-002
   361.01330816366544        9.4025685079080473E-003   7.0070466058191503E-003   1.1002325832720180E-002
   373.76502243504467        9.1862393771821576E-003   6.9333853139202355E-003   1.0751673165006663E-002
   386.96715283564077        8.9655650149367896E-003   6.8400814551124204E-003   1.0484432559585198E-002
   400.63544401132759        8.7594848865934181E-003   6.7530364729743511E-003   1.0234837580274206E-002
   414.78669160661980        8.5669821938674159E-003   6.6718285912291198E-003   1.0001701519881749E-002
   429.43761284149554        8.3871211212243335E-003   6.5960681810349432E-003   9.7839289282568437E-003
   444.60621081975989        8.2190235923576879E-003   6.5253881454843199E-003   9.5804876729475696E-003
   460.31059410826708        8.0618799169005790E-003   6.4594486121976741E-003   9.3904221013249717E-003
   476.56949149896485        7.9149373796004105E-003   6.3979323408401003E-003   9.2128395479359332E-003
   493.40288198244309        7.7774914011942220E-003   6.3405412544488386E-003   9.0469000335020519E-003
   510.83065126063684        7.6488934829147372E-003   6.2869999952378823E-003   8.8918262827394519E-003
   528.87421463804299        7.5285343653562833E-003   6.2370491291489439E-003   8.7468838487161742E-003
   547.55511287104378        7.4158514179131886E-003   6.1904484621924036E-003   8.6113905118919837E-003
   566.89562449487210        7.3103203051275824E-003   6.1469737948562095E-003   8.4847067267187389E-003
   586.91951519858117        7.2114485000694941E-003   6.1064144707317029E-003   8.3662283539926302E-003
   607.65068989177485        7.1187798502169632E-003   6.0685754560458865E-003   8.2553926633626481E-003
   629.11387223602765        7.0318877616385904E-003   6.0332747042920656E-003   8.1516706764315165E-003
   651.33543626567803        6.9503699180339974E-003   6.0003411657522454E-003   8.0545614091326722E-003
   674.34163286578985        6.8738530271301966E-003   5.9696168279749131E-003   7.9635980840983243E-003
   698.16073213207346        6.8019829680454899E-003   5.9409528162462921E-003   7.8783369610623284E-003
   722.82116976782140        6.7049273464847917E-003   5.8847175025562469E-003   7.7426438071631796E-003
   748.35235540965130        6.6048629684216775E-003   5.8232622912387346E-003   7.5985966893209259E-003
   774.78566186873422        6.5109587686181074E-003   5.7659281702967290E-003   7.4637007180134406E-003
   802.15264573967897        6.4227741320511044E-003   5.7124394425836457E-003   7.3373015967636099E-003
   830.48594444209971        6.3398949367219773E-003   5.6625387695797271E-003   7.2187874246792110E-003
   859.82037403360118        6.2619293547567859E-003   5.6159843576794434E-003   7.1075831478130160E-003
   890.19058800385733        6.1885132794163578E-003   5.5725528425836258E-003   7.0031586546547156E-003
   921.63390537915473        6.1193018239982955E-003   5.5320337769777239E-003   6.9050168647575858E-003
   954.18786380243341        6.0539746757234140E-003   5.4942323206760950E-003   6.8127014113943344E-003
   987.89128659474920        5.9922325741720989E-003   5.4589666078683832E-003   6.7257914978686674E-003
   1022.7855886411724        5.9337947673456463E-003   5.4260657586177275E-003   6.6438980146173226E-003
   1058.9119914466876        5.8784036003379685E-003   5.3953719173131642E-003   6.5666694646570531E-003
   1096.3148872627712        5.8258185954244961E-003   5.3667363570115484E-003   6.4937829429709505E-003
   1135.0389283928459        5.7758208280616142E-003   5.3400213806114871E-003   6.4249493355006161E-003
   1175.1302964981960        5.7282105146507006E-003   5.3150984602384791E-003   6.3599088536497560E-003
   1216.6382559936744        5.6828051347624997E-003   5.2918468319345284E-003   6.2984272785367524E-003
   1259.6123598874483        5.6394424470666282E-003   5.2701546878011476E-003   6.2402987721379248E-003
   1304.1038583964914        5.5979782454710714E-003   5.2499176652090161E-003   6.1853414279374351E-003
   1350.1674228314519        5.5582844620443170E-003   5.2310377057079417E-003   6.1333934197584606E-003
   1397.8574692241625        5.3252116834403172E-003   5.0236434873263602E-003   5.8703235946826349E-003
   1447.2325992722181        5.0882741389449071E-003   4.8117651972989992E-003   5.6036009299672241E-003
   1498.3517579647787        4.8667043389911463E-003   4.6140975610401451E-003   5.3546679658977971E-003
   1551.2759091786245        4.5343148320429010E-003   4.3084632650572888E-003   4.9899738571960710E-003
   1606.0700862978565        4.2205411753483265E-003   4.0194951044865441E-003   4.6461669037515313E-003
   1662.7990190437411        3.9281560542219537E-003   3.7499110948138480E-003   4.3260700447964621E-003
   1721.5324161293761        3.6557604460452022E-003   3.4984049672902792E-003   4.0281000571359676E-003
   1782.3403946248577        3.4020531101121589E-003   3.2637673282675033E-003   3.7507820665676900E-003
   1845.2954731357936        3.1658131150869928E-003   3.0448693174175909E-003   3.4927309550669377E-003
   1910.4750110852074        2.9458868731329730E-003   2.8406502648917432E-003   3.2526377882914842E-003
   1977.9568210713478        2.7411998591755473E-003   2.6501281619118072E-003   3.0292831918677793E-003
   2047.8213808026539        2.5507427717026613E-003   2.4723863914995702E-003   2.8215227619230944E-003
   2120.1545400970977        2.3735613725625738E-003   2.3065637062823145E-003   2.6282764371890377E-003
   2195.0417479108573        2.2087680968834087E-003   2.1518645024417517E-003   2.4485415106622770E-003
   2272.5750259096239        2.0555217261789284E-003   2.0075391853127521E-003   2.2813706877511993E-003
   2352.8469348264384        1.9130382877454411E-003   1.8728937514388255E-003   2.1258840795748048E-003
   2435.9532056335870        1.7805817320295332E-003   1.7472804109373659E-003   1.9812590191670065E-003
   2521.9959596104222        1.6574571467546013E-003   1.6300905046325450E-003   1.8467225160127779E-003
   2611.0779162676686        1.5430177252426394E-003   1.5207605125428403E-003   1.7215586266179372E-003
   2703.3053132971791        1.4366573131459324E-003   1.4187644393878853E-003   1.6050999959023166E-003
   2798.7914800504532        1.3378049545580376E-003   1.3236080634108378E-003   1.4967214881524134E-003
   2897.6492167059700        1.2459314865065304E-003   1.2348348320238608E-003   1.3958469707060228E-003
   3000.0000000000000        1.1605382117247205E-003   1.1520145947219497E-003   1.3019364257473476E-003
