         200   4370.0000000000000     
   3.0000000000000000        1.2783320983798105E-003   11.940011588796995        6.2423859499952117E-004
   3.1059655287322618        1.3679397136515587E-003   11.940011588796995        6.6546574517007393E-004
   3.2156739552243598        1.4635036973750237E-003   11.940011588796995        7.0955043254112681E-004
   3.3292574962321346        1.5653487309204468E-003   11.940011588796995        7.5669061007361854E-004
   3.4468529954360925        1.6738101063153543E-003   11.940011588796995        8.0709718422960195E-004
   3.5686022069563790        1.7892347956942299E-003   11.940011588796995        8.6099475597133351E-004
   3.6946518254059528        1.9119827276492753E-003   11.940011588796995        9.1862227094355992E-004
   3.8251536998800524        2.0424287247263703E-003   11.940011588796995        9.8023376408630340E-004
   3.9602651907155879        2.1809651403098449E-003   11.940011588796995        1.0460991994529277E-003
   4.1001490688558144        2.3280046186628417E-003   11.940011588796995        1.1165051185146819E-003
   4.2449739038313119        2.4839839503011229E-003   11.940011588796995        1.1917555504578231E-003
   4.3949142193596993        2.6493683170212105E-003   11.940011588796995        1.2721728540177665E-003
   4.5501507036585132        2.8246562093557897E-003   11.940011588796995        1.3580986347110368E-003
   4.7108703059600501        3.0103848138939649E-003   11.940011588796995        1.4498946569754265E-003
   4.8772669425686850        3.2071366872159870E-003   11.940011588796995        1.5479441822521234E-003
   5.0495410155906377        3.4155455984728423E-003   11.940011588796995        1.6526527176091484E-003
   5.2279001269311909        3.6363042521318223E-003   11.940011588796995        1.7644495522750614E-003
   5.4125592113782046        3.8701718029955884E-003   11.940011588796995        1.8837890924294138E-003
   5.6037407956130689        4.1179819300469949E-003   11.940011588796995        2.0111524138502544E-003
   5.8016752663703963        4.3806512956890611E-003   11.940011588796995        2.1470489879566257E-003
   6.0066011480696169        4.6591883582726380E-003   11.940011588796995        2.2920186032187807E-003
   6.2187653902530293        4.9547025172438138E-003   11.940011588796995        2.4466335041511199E-003
   6.4384236651766908        5.2684135855713592E-003   11.940011588796995        2.6115007699994441E-003
   6.6658406759127811        5.6016616033316416E-003   11.940011588796995        2.7872649548288443E-003
   6.9012904753346884        5.9559170294254870E-003   11.940011588796995        2.9746110100834543E-003
   7.1450567963692624        6.3327913753778468E-003   11.940011588796995        3.1742675099204845E-003
   7.3974330131920443        6.7340477620818498E-003   11.940011588796995        3.3870098733069010E-003
   7.6587243988323896        7.1616158265143505E-003   11.940011588796995        3.6136658804354362E-003
   7.9292442763577622        7.6175975552742262E-003   11.940011588796995        3.8551162963672966E-003
   8.2093202460023029        8.1042906297047364E-003   11.940011588796995        4.1123045997855032E-003
   8.4992881560440416        8.6241925878757838E-003   11.940011588796995        4.3862362654651229E-003
   8.7994991583321234        9.1800290093416535E-003   11.940011588796995        4.6779903199338571E-003
   9.1103132457223861        9.7747596814538838E-003   11.940011588796995        4.9887187079973912E-003
   9.4321068148357909        1.0411612672356668E-002   11.940011588796995        5.3196595739966835E-003
   9.7652657388916850        1.1094093732769081E-002   11.940011588796995        5.6721367104322715E-003
   10.110193474162946        1.1826028124314821E-002   11.940011588796995        6.0475747904297677E-003
   10.467303634806061        1.2611574555679296E-002   11.940011588796995        6.4474989147516471E-003
   10.837027566606025        1.3455274040204093E-002   11.940011588796995        6.8735507741795130E-003
   11.219811965471335        1.4362082299889509E-002   11.940011588796995        7.3274948598848711E-003
   11.616115840724994        1.5337403304609918E-002   11.940011588796995        7.8112239994956355E-003
   12.026419117330413        1.6387155224416892E-002   11.940011588796995        8.3267797167404720E-003
   12.451213803399156        1.7517797860251795E-002   11.940011588796995        8.8763523069951607E-003
   12.891014326336300        1.8736411949285922E-002   11.940011588796995        9.4623056262110733E-003
   13.346348065368609        2.0050729685637623E-002   11.940011588796995        1.0087177588829632E-002
   13.817766430769083        2.1469223653497491E-002   11.940011588796995        1.0753708808062737E-002
   14.305834715756038        2.3001137227793202E-002   11.940011588796995        1.1464843678301291E-002
   14.811143972217785        2.4656581174134478E-002   11.940011588796995        1.2223763517591713E-002
   15.334300133051286        2.6446560586328244E-002   11.940011588796995        1.3033888398704552E-002
   15.875936741648431        2.8383077994143552E-002   11.940011588796995        1.3898915511807922E-002
   16.436703292225193        3.0479154567850750E-002   11.940011588796995        1.4822821885271771E-002
   17.017278874447534        3.2748940276262822E-002   11.940011588796995        1.5809908742627068E-002
   17.618359675531394        3.5207728301380165E-002   11.940011588796995        1.6864805209578251E-002
   18.240671728221173        3.7872065413140796E-002   11.940011588796995        1.7992516036508831E-002
   18.884968846184627        4.0759807611970789E-002   11.940011588796995        1.9198447315205713E-002
   19.552019805756849        4.3890119207921678E-002   11.940011588796995        2.0488412314659490E-002
   20.242632201214423        4.7283633535795087E-002   11.939765528298471        2.1868708640674910E-002
   20.957638264717446        5.0962435815192497E-002   11.939176407105929        2.3346127171602515E-002
   21.697899624358065        5.4950115874650603E-002   11.938730132885716        2.4927998777775268E-002
   22.464312967141105        5.9271810680957077E-002   11.938392067124573        2.6622246319653368E-002
   23.257792778673313        6.3954087528042186E-002   11.938135975489930        2.8437389013217979E-002
   24.079299719823517        6.9025048945380418E-002   11.937941979592310        3.0382650492342719E-002
   24.929823759061236        7.4514139903206850E-002   11.937795022787782        3.2467970120993610E-002
   25.810395145829254        8.0452067021685281E-002   11.937683698714538        3.4704080158297186E-002
   26.722064579292049        8.6870460610719638E-002   11.937599368483061        3.7102508471127914E-002
   27.665935811728254        9.3801839939628109E-002   11.937535486197428        3.9675717451374340E-002
   28.643146268414043       0.10127918443399152        11.937487093748530        4.2437114031621981E-002
   29.654879655490589       0.10933569299975200        11.937450435054547        4.5401145178156903E-002
   30.702343174827575       0.11786565876015490        11.924310491529521        4.8523482561814428E-002
   31.786804983723918       0.12699171125107356        11.908656657310349        5.1859782487860960E-002
   32.909571928103169       0.13681386112398231        11.896798481525838        5.5457430662455634E-002
   34.072004028335677       0.14735797957476748        11.887815566894519        5.9333542413158372E-002
   35.275488300232773       0.15864940303182976        11.881010827828268        6.3506891756515069E-002
   36.521481794408061       0.17071313129798721        11.875856065685960        6.7998048199290409E-002
   37.811486012809581       0.18357358472876659        11.871951202841807        7.2829298053005212E-002
   39.147055493126302       0.19725486090834515        11.868993170364165        7.8024687822940669E-002
   40.529808025860810       0.21178121994373297        11.866752374333963        8.3610087525712778E-002
   41.961393513511240       0.22717732988015613        11.865054926132359        8.9613091272015430E-002
   43.443545167355794       0.24346956503452205        11.863769066139305        9.6063256788916224E-002
   44.978049075047366       0.26068661257826048        11.862794994635960       0.10299202198827294     
   46.566763998623138       0.27886074428589852        11.862057107011488       0.11043283522189136     
   48.211585595230147       0.29802854542292945        11.861498142248886       0.11842103537849680     
   49.914505239722644       0.31823276215509927        11.861074712287939       0.12699418434032367     
   51.677575059319224       0.33952305131116289        11.860753953371034       0.13619197176475800     
   53.502930680545909       0.36195730208283905        11.860510969119476       0.14605640793364269     
   55.392750120602578       0.38560200818748569        11.860326903646655       0.15663168864864274     
   57.349321371645829       0.41053372946619582        11.860187469390350       0.16796466258397036     
   59.375002227322796       0.43683890488287008        11.860081844410622       0.18010473204907709     
   61.472246417894510       0.46461408753466460        11.860001830402362       0.19310413201186308     
   63.643556378429672       0.49396474278944241        11.859941218176756       0.20701776842516392     
   65.891560899834928       0.52500517480388875        11.859895302881137       0.22190383547274212     
   68.218968971510208       0.55785625232596947        11.859860520882114       0.23782366323759699     
   70.628585269218178       0.58916641135948622        11.858472757455223       0.25331820857027482     
   73.123328588587739       0.61361139263190878        11.854000098955160       0.26605134934013447     
   75.706175661273647       0.64168375058008609        11.850611969904124       0.28063640235075776     
   78.380253523498894       0.67315771679124914        11.848045376358716       0.29700624316692176     
   81.148784610322849       0.70785698836726030        11.846101116760558       0.31512203426115326     
   84.015122474940881       0.74564060996097270        11.844628283307211       0.33496854084106986     
   86.982687236203873       0.78638990147991539        11.843512582251412       0.35654955339125233     
   90.055071705548812       0.82999974843886648        11.842667410451487       0.37988510789778068     
   93.235978303002270       0.87636960008979914        11.842027171412871       0.40500800311008711     
   96.529260096906100       0.92539764499559751        11.841542171634474       0.43196138532656669     
   99.938826062156153       0.97697461631185156        11.841174776407668       0.46079543030197551     
   103.46886588546354        1.0309838656997965        11.840896461898385       0.49156677908854313     
   107.12359379692580        1.0872954484549984        11.840685631957742       0.52433391771734084     
   110.90736836557576        1.1457668876393430        11.840525924845876       0.55915555749517420     
   114.82483910697920        1.2062451919374642        11.840404941220573       0.59608923368104327     
   118.88068277378797        1.2685629903382944        11.840313293211958       0.63518576763520773     
   123.07973629915718        1.3325410218944729        11.840243868353609       0.67648688888232700     
   127.42715949490271        1.3979909732455214        11.840191276637716       0.72002272424182412     
   131.92808807993632        1.4647103339781322        11.840151437556887       0.76580343688985719     
   136.58805281121437        1.5324884065098747        11.840121258084151       0.81381753485664665     
   141.41261684513370        1.6011001438335597        11.840098396407013       0.86402117663706490     
   146.40753387824964        1.6703073574957601        11.840081078314450       0.91633145282089390     
   151.57894168226974        1.7398597326539125        11.840067959264259       0.97061881541767681     
   156.93294936957258        1.8094873745320452        11.840058021370167        1.0266919215971038     
   162.47613596373097        1.8789057091704278        11.840050493073871        1.0842911526299543     
   168.21511902855468        1.9478082924326985        11.840044790208228        1.1430721834882491     
   174.15674278185460        1.9685077896606737        11.825876354792907        1.1479916069105671     
   180.30830831190286        1.9778719188994973        11.809763696242440        1.1376007677112052     
   186.67715947709803        1.9957415296775731        11.797557969511381        1.1358022802490324     
   193.27089166569760        2.0196691367539059        11.788311932831986        1.1410760173369792     
   200.09760727912413        2.0476788191163839        11.781307742320964        1.1519035580991408     
   207.16537088595135        2.0781518862636976        11.776001953997039        1.1667625141710074     
   214.48286737908427        2.1097473595513860        11.771982637016087        1.1841461715050994     
   222.05883252794877        2.1413398949131901        11.768937907646274        1.2025975662896309     
   229.90230130529540        2.1719779469522011        11.766631475587539        1.2207545950167635     
   238.02291179328489        2.2008543474951114        11.764884274045942        1.2373983718119668     
   246.43025707061713        2.2272824443106338        11.763560740437820        1.2514965559367799     
   255.13466811288930        2.2506840916145547        11.762558118248407        1.2622414694943469     
   264.14653641505117        2.2705774209297074        11.761798607803849        1.2690727294659083     
   273.47660938458705        2.2865712623163961        11.761223266279051        1.2716859190452185     
   283.13635184814427        2.2983609334864035        11.760787425303279        1.2700233340915783     
   293.13729579387660        2.3057237241485891        11.760457265272096        1.2642486791520477     
   303.49136818478553        2.3085168747224536        11.760207163674284        1.2547095982733991     
   314.21129214162710        2.3066746631405795        11.760017703119583        1.2418915069152401     
   325.30973137660959        2.3002052307127379        11.759874183665408        1.2263703967649398     
   336.80032369109853        2.2891868072940658        11.759765462747037        1.2087660143390648     
   348.69678677735646        2.2737638745189890        11.759683104034121        1.1897035992007292     
   361.01330816366544        2.2541422664475586        11.759620715968527        1.1697823087186487     
   373.76502243504467        2.2180512670676871        11.334589237153168        1.1234849624706267     
   386.96715283564077        2.1384343561283314        9.6508049207554905       0.98880275492463077     
   400.63544401132759        2.0639378331794007        8.3753108930240199       0.86749484898683082     
   414.78669160661980        1.9929808848724915        7.4090803365475635       0.76039763637660851     
   429.43761284149554        1.9244184224392891        6.6771449620489625       0.66748092508218282     
   444.60621081975989        1.8574407992253834        6.1226787639873281       0.58802380274696808     
   460.31059410826708        1.7915045767465148        5.7026572713240977       0.52086438534340673     
   476.56949149896485        1.7262698295338550        5.3844841536667394       0.46461581562476012     
   493.40288198244309        1.6615495860450589        5.1434570834916729       0.41783104274377236     
   510.83065126063684        1.5972765176156856        4.9608751544785550       0.37911700108313307     
   528.87421463804299        1.5334658287009910        4.8225630690925856       0.34719422550556139     
   547.55511287104378        1.4701959200717456        4.7177883348341787       0.32093197217849961     
   566.89562449487210        1.4075864843211663        4.6384197681464547       0.29935667285257539     
   586.91951519858117        1.3457808754668958        4.5782953514968412       0.28164792571259040     
   607.65068989177485        1.2849385283969290        4.5327496585132740       0.26712820496925505     
   629.11387223602765        1.2252234145285565        4.4982480547011514       0.25524568070526149     
   651.33543626567803        1.1667949719631214        4.4721119042167707       0.24555606331079730     
   674.34163286578985        1.1098078825475570        4.4523133447896086       0.23770587444658947     
   698.16073213207346        1.0544029061189208        4.4373152556752675       0.23141531279781938     
   722.82116976782140       0.99782787369605386        4.4230733768462622       0.22266328251043377     
   748.35235540965130       0.94298685801430548        4.4114948042225528       0.21502173298142663     
   774.78566186873422       0.89078903001008469        4.4027236375795393       0.20939828820987680     
   802.15264573967897       0.84114257537761661        4.3960792676996956       0.20542991087673226     
   830.48594444209971       0.79398299700513819        4.3910460493609351       0.20284436208371412     
   859.82037403360118       0.74926225872706331        4.3872332135102061       0.20143876899611229     
   890.19058800385733       0.70694614478893247        4.3843449282892575       0.20106347813706016     
   921.63390537915473       0.66700569831126844        4.3821569529827347       0.20160958464201770     
   954.18786380243341       0.62941816206302403        4.3804995090170493       0.20299974904298532     
   987.89128659474920       0.59416400917013379        4.3792439682337161       0.20518124508144625     
   1022.7855886411724       0.56122552004486603        4.3782928529455587       0.20812097284601017     
   1058.9119914466876       0.53059020820976832        4.3775723676328493       0.21180149186963473     
   1096.3148872627712       0.50224900411952189        4.3770265752500528       0.21621855242016741     
   1135.0389283928459       0.47620084956096637        4.3766131243812616       0.22137883379546566     
   1175.1302964981960       0.45245410385197493        4.3762999286181428       0.22729864065681774     
   1216.6382559936744       0.43102906298646282        4.3760626720650526       0.23400320549195766     
   1259.6123598874483       0.41196350911981361        4.3758829445146361       0.24152566586498173     
   1304.1038583964914       0.39531620514587623        4.3757467979696480       0.24990690182762670     
   1350.1674228314519       0.38117147090465447        4.3756436622833563       0.25919576738705941     
   1397.8574692241625       0.30346299777234459        3.4530945297567048       0.21895882525576768     
   1447.2325992722181       0.23952595225697912        2.6184360493372982       0.18254696357148420     
   1498.3517579647787       0.19190845187363817        1.9861621577360566       0.15443780673450649     
   1551.2759091786245       0.14314514888778884        1.5046432947618649       0.12264412206007337     
   1606.0700862978565       0.10745025771443990        1.1398035169699163        9.7361866769558728E-002
   1662.7990190437411        8.1479373066240396E-002  0.86343144655647597        7.7443605702424909E-002
   1721.5324161293761        6.2475449698683620E-002  0.65407010609996674        6.1717470645018986E-002
   1782.3403946248577        4.8474062399685040E-002  0.49547385076116668        4.9275605248559805E-002
   1845.2954731357936        3.8073843009543827E-002  0.37533460576689265        3.9412411358275265E-002
   1910.4750110852074        3.0274076475047953E-002  0.28432499927587768        3.1577970782351208E-002
   1977.9568210713478        2.4360041261518330E-002  0.21538303149013513        2.5343265444352597E-002
   2047.8213808026539        1.9820479644387008E-002  0.16315836867886632        2.0372556755775283E-002
   2120.1545400970977        1.6289144904422206E-002  0.12359639197586640        1.6402412675138287E-002
   2195.0417479108573        1.3503554413702481E-002   9.3627550647135002E-002   1.3226008168212794E-002
   2272.5750259096239        1.1274986113340640E-002   7.0925123505616861E-002   1.0680322322791060E-002
   2352.8469348264384        9.4675713593480298E-003   5.3727488431749737E-002   8.6368211127680634E-003
   2435.9532056335870        7.9830570301593039E-003   4.0699999926124386E-002   6.9938670496758892E-003
   2521.9959596104222        6.7499742124008180E-003   3.0831229712696841E-002   5.6708969275009284E-003
   2611.0779162676686        5.7160246122773522E-003   2.3355398705711853E-002   4.6040259825697637E-003
   2703.3053132971791        4.8425071473101131E-003   1.7692335028922607E-002   3.7424535858962549E-003
   2798.7914800504532        4.1003716165686219E-003   1.3402369690929053E-002   3.0456910159889468E-003
   2897.6492167059700        3.4674979860219424E-003   1.0152651116823140E-002   2.4814678742678914E-003
   3000.0000000000000        2.9266513699528979E-003   7.6908776251550272E-003   2.0239672492412277E-003
