         200   4370.0000000000000     
   3.0000000000000000        3.0081102351230860E-003  0.44801744677256594        1.5020678746502827E-003
   3.1059655287322618        3.2125579253171918E-003  0.44801744677256594        1.6010013799999609E-003
   3.2156739552243598        3.4299461982433971E-003  0.44801744677256594        1.7067385204175781E-003
   3.3292574962321346        3.6609688003101195E-003  0.44801744677256594        1.8197428804327613E-003
   3.4468529954360925        3.9063521697817235E-003  0.44801744677256594        1.9405080170991095E-003
   3.5686022069563790        4.1668597691544261E-003  0.44801744677256594        2.0695593506750180E-003
   3.6946518254059528        4.4432970171182423E-003  0.44801744677256594        2.2074559031707705E-003
   3.8251536998800524        4.7365179441075100E-003  0.44801744677256594        2.3547923402312257E-003
   3.9602651907155879        5.0474338023637835E-003  0.44801744677256594        2.5122013296940732E-003
   4.1001490688558144        5.3770225545552467E-003  0.44801744677256594        2.6803555445625853E-003
   4.2449739038313119        5.7263417220456796E-003  0.44801744677256594        2.8599704088144058E-003
   4.3949142193596993        6.0965433944536532E-003  0.44801744677256594        3.0518068106867992E-003
   4.5501507036585132        6.4888925289984132E-003  0.44801744677256594        3.2566741437884687E-003
   4.7108703059600501        6.9047886915186221E-003  0.44801744677256594        3.4754335019900814E-003
   4.8772669425686850        7.3457937927813082E-003  0.44801744677256594        3.7090020750798797E-003
   5.0495410155906377        7.8136619164845007E-003  0.44801744677256594        3.9583563480153393E-003
   5.2279001269311909        8.3103782474098723E-003  0.44801744677256594        4.2245374117292666E-003
   5.4125592113782046        8.8382034272843513E-003  0.44801744677256594        4.5086560562253540E-003
   5.6037407956130689        9.3997260642794851E-003  0.44801744677256594        4.8118986799661730E-003
   5.8016752663703963        9.9979239427408426E-003  0.44801744677256594        5.1355339488106033E-003
   6.0066011480696169        1.0636234609610782E-002  0.44801744677256594        5.4809203022442576E-003
   6.2187653902530293        1.1318635714866108E-002  0.44801744677256594        5.8495144120936753E-003
   6.4384236651766908        1.2049735034012054E-002  0.44801744677256594        6.2428807061778932E-003
   6.6658406759127811        1.2834869492221375E-002  0.44801744677256594        6.6627020763841060E-003
   6.9012904753346884        1.3680211749905021E-002  0.44801744677256594        7.1107918974268984E-003
   7.1450567963692624        1.4592882027436714E-002  0.44801744677256594        7.5891074890576254E-003
   7.3974330131920443        1.5581060369548297E-002  0.44801744677256594        8.0997643785313371E-003
   7.6587243988323896        1.6654105809221754E-002  0.44801744677256594        8.6450569839787838E-003
   7.9292442763577622        1.7822643520881788E-002  0.44801744677256594        9.2274685508032667E-003
   8.2093202460023029        1.9098680320868321E-002  0.44801744677256594        9.8497041224162012E-003
   8.4992881560440416        2.0495648934702623E-002  0.44801744677256594        1.0514699572560524E-002
   8.7994991583321234        2.2028485620880348E-002  0.44801744677256594        1.1225661662928437E-002
   9.1103132457223861        2.3713613619382224E-002  0.44801744677256594        1.1986080026893749E-002
   9.4321068148357909        2.5568961846541206E-002  0.44801744677256594        1.2799774622057293E-002
   9.7652657388916850        2.7613869326075097E-002  0.44801744677256594        1.3670911108303182E-002
   10.110193474162946        2.9869035904475708E-002  0.44801744677256594        1.4604056819718084E-002
   10.467303634806061        3.2356343206882007E-002  0.44801744677256594        1.5604200011145165E-002
   10.837027566606025        3.5098736994406993E-002  0.44801744677256594        1.6676812349299026E-002
   11.219811965471335        3.8120021429465523E-002  0.44801744677256594        1.7827889020818274E-002
   11.616115840724994        4.1444622310474369E-002  0.44801744677256594        1.9063989102992843E-002
   12.026419117330413        4.5097438842557618E-002  0.44801744677256594        2.0392316116799182E-002
   12.451213803399156        4.9103556476439332E-002  0.44801744677256594        2.1820749386387960E-002
   12.891014326336300        5.3488143900925600E-002  0.44801744677256594        2.3357941554794578E-002
   13.346348065368609        5.8276198142852502E-002  0.44801744677256594        2.5013355959223559E-002
   13.817766430769083        6.3492531510957781E-002  0.44801744677256594        2.6797380495528475E-002
   14.305834715756038        6.9161592186542192E-002  0.44801744677256594        2.8721371780118000E-002
   14.811143972217785        7.5307582031889267E-002  0.44801744677256594        3.0797787962206058E-002
   15.334300133051286        8.1954378698148173E-002  0.44801744677256594        3.3040240465970455E-002
   15.875936741648431        8.9125802017461342E-002  0.44801744677256594        3.5463648702349894E-002
   16.436703292225193        9.6845635412133022E-002  0.44801744677256594        3.8084300134932310E-002
   17.017278874447534       0.10513802618002739       0.44801744677256594        4.0920030170388214E-002
   17.618359675531394       0.11402756891537641       0.44801744677256594        4.3990291119848229E-002
   18.240671728221173       0.12353975961271381       0.44801744677256594        4.7316350533111048E-002
   18.884968846184627       0.13370124518817225       0.44801744677256594        5.0921431702655146E-002
   19.552019805756849       0.14453985907218170       0.44801744677256594        5.4830796289691425E-002
   20.242632201214423       0.15608518536784893       0.44795910379309939        5.9072034259182116E-002
   20.957638264717446       0.16836844329303963       0.44781941828548599        6.3675176547246887E-002
   21.697899624358065       0.18142255910895086       0.44771360297655693        6.8672935823460970E-002
   22.464312967141105       0.19528213279748025       0.44763344478831024        7.4100896217064560E-002
   23.257792778673313       0.20998283576626209       0.44757272334349785        7.9997617477611235E-002
   24.079299719823517       0.22556147120638959       0.44752672531155291        8.6405051401244964E-002
   24.929823759061236       0.24205504895093702       0.44749188063765977        9.3368646486304802E-002
   25.810395145829254       0.25950020508327326       0.44746548477908704       0.10093766062942909     
   26.722064579292049       0.27793186406735210       0.44744548938367390       0.10916521390896412     
   27.665935811728254       0.29738281167629915       0.44743034236535417       0.11810878931061272     
   28.643146268414043       0.31788214211660792       0.44741886811544646       0.12783027863622168     
   29.654879655490589       0.33945428683310597       0.44741017603588440       0.13839629387865832     
   30.702343174827575       0.36183903225784181       0.42668055648223496       0.14974667958972993     
   31.786804983723918       0.38522851115375256       0.40196883227999741       0.16204158206571992     
   32.909571928103169       0.40976273714817951       0.38324907548270870       0.17542705583644191     
   34.072004028335677       0.43542573533132656       0.36906831275113811       0.18998518780769766     
   35.275488300232773       0.46219271077018703       0.35832609888082090       0.20580344601210243     
   36.521481794408061       0.49003006979247005       0.35018859987544693       0.22297482820866074     
   37.811486012809581       0.51889422899604321       0.34402423833304263       0.24159702711547520     
   39.147055493126302       0.54873148558644869       0.33935457837973410       0.26177185072971709     
   40.529808025860810       0.57947823202576498       0.33581717452603926       0.28360449025440743     
   41.961393513511240       0.61106054784628805       0.33313751973867756       0.30720188226328937     
   43.443545167355794       0.64339589753238913       0.33110761338695727       0.33267209258560748     
   44.978049075047366       0.67639325668033912       0.32956990792721330       0.36012209980468940     
   46.566763998623138       0.70995455434095345       0.32840505111246854       0.38965604575044832     
   48.211585595230147       0.74397510567703151       0.32752264857396346       0.42137210105245959     
   49.914505239722644       0.77834616494774256       0.32685420630814166       0.45536072176461295     
   51.677575059319224       0.81295556944856717       0.32634784436646486       0.49170080922795328     
   53.502930680545909       0.84768961509214225       0.32596426040065896       0.53045664043369511     
   55.392750120602578       0.88243369549967199       0.32567368780763978       0.57167319964118446     
   57.349321371645829       0.91707495630037983       0.32545357171097317       0.61537365882335937     
   59.375002227322796       0.95150280832444101       0.32528682819429244       0.66155453971910294     
   61.472246417894510       0.98561056387299928       0.32516051510845961       0.71018242431213152     
   63.643556378429672        1.0192957292151896       0.32506483039753681       0.76118929292761239     
   65.891560899834928        1.0524621734086099       0.32499234680622535       0.81447128372241884     
   68.218968971510208        1.0850201146164411       0.32493743865048230       0.86988531940410396     
   70.628585269218178        1.1126739524848985       0.32427658533906051       0.92473906319613985     
   73.123328588587739        1.1289115906710909       0.32221970320157334       0.97455725482561006     
   75.706175661273647        1.1463509501230098       0.32066157348421082        1.0263946085054456     
   78.380253523498894        1.1645504078726021       0.31948125077062922        1.0797321697291988     
   81.148784610322849        1.1831528612965458       0.31858712642868797        1.1340603664052913     
   84.015122474940881        1.2018717827970868       0.31790980111496370        1.1888805257656501     
   86.982687236203873        1.2204790448825915       0.31739671352457444        1.2437065961341416     
   90.055071705548812        1.2387957877392775       0.31700803668320221        1.2980716984825154     
   93.235978303002270        1.2566837166709877       0.31671360413435684        1.3515323715424379     
   96.529260096906100        1.2740382968968349       0.31649056287581778        1.4036750627863657     
   99.938826062156153        1.2907822357268524       0.31632160549188498        1.4541201948910853     
   103.46886588546354        1.3068614016636846       0.31619361446758470        1.5025303117880859     
   107.12359379692580        1.3222390290209807       0.31609665818555632        1.5486098451629529     
   110.90736836557576        1.3368924460715774       0.31602321222370022        1.5921093577762875     
   114.82483910697920        1.3508101708327183       0.31596757438373219        1.6328278603827551     
   118.88068277378797        1.3639879418525021       0.31592542738058937        1.6706092306320488     
   123.07973629915718        1.3764267747793004       0.31589350033965480        1.7053422203381623     
   127.42715949490271        1.3881312515427138       0.31586931450902067        1.7369588491134453     
   131.92808807993632        1.3991067588294979       0.31585099334862687        1.7654281914505319     
   136.58805281121437        1.4093591873697082       0.31583711444004853        1.7907554717064438     
   141.41261684513370        1.4188929009898137       0.31582660083269515        1.8129754460981755     
   146.40753387824964        1.4277103544204663       0.31581863660398773        1.8321493438691516     
   151.57894168226974        1.4358118153358101       0.31581260342706235        1.8483612069305566     
   156.93294936957258        1.4431943267308867       0.31580803319733575        1.8617123601741634     
   162.47613596373097        1.4498523423304814       0.31580457109126875        1.8723191406252824     
   168.21511902855468        1.4557771191992572       0.31580194846258014        1.8803081328333680     
   174.15674278185460        1.4230363446223260       0.31305777600903850        1.8365821525057247     
   180.30830831190286        1.3834016065205756       0.30993747908263414        1.7815631738108442     
   186.67715947709803        1.3526940475499440       0.30757377904616279        1.7365785374512428     
   193.27089166569760        1.3286449739137993       0.30578323779304184        1.6993602245981700     
   200.09760727912413        1.3095218344284447       0.30442684126449454        1.6680679313892040     
   207.16537088595135        1.2940002395680095       0.30339934881516545        1.6412269866640099     
   214.48286737908427        1.2810641252436497       0.30262098797653686        1.6176659681444132     
   222.05883252794877        1.2699331769449149       0.30203136090384236        1.5964658624853241     
   229.90230130529540        1.2600062378187080       0.30158470879852933        1.5769124707179196     
   238.02291179328489        1.2508187211005291       0.30124635448021525        1.5584562161484039     
   246.43025707061713        1.2420113622796933       0.30099004557647691        1.5406807234168878     
   255.13466811288930        1.2333050678225723       0.30079588277421793        1.5232740467144410     
   264.14653641505117        1.2244833127588206       0.30064879977743741        1.5060084041510504     
   273.47660938458705        1.2153779778290683       0.30053738201321001        1.4887221672691633     
   283.13635184814427        1.2058585818580003       0.30045297922810027        1.4713054744051457     
   293.13729579387660        1.1958250854247954       0.30038904208655665        1.4536905407832725     
   303.49136818478553        1.1852017196903828       0.30034060866109125        1.4358423727030798     
   314.21129214162710        1.1739321911639318       0.30030391867695783        1.4177511637802465     
   325.30973137660959        1.1619773032723750       0.30027612541674925        1.3994281376914059     
   336.80032369109853        1.1493114271259246       0.30025507106706678        1.3808991844890490     
   348.69678677735646        1.1359216147573772       0.30023912189034280        1.3622024932305723     
   361.01330816366544        1.1218057785253428       0.30022704012935891        1.3433846262525677     
   373.76502243504467        1.1029061257079051       0.29640819339862901        1.3179254256745196     
   386.96715283564077        1.0712978642969766       0.28130760034435065        1.2731775032484800     
   400.63544401132759        1.0429618801023885       0.26986865530349102        1.2350311575026096     
   414.78669160661980        1.0169705098920327       0.26120326135257432        1.2019373746695232     
   429.43761284149554       0.99263601076513286       0.25463908438246174        1.1727347944127962     
   444.60621081975989       0.96945113039639885       0.24966649475934688        1.1465513157838325     
   460.31059410826708       0.94704782626558870       0.24589963841498655        1.1227353141505760     
   476.56949149896485       0.92516329116678830       0.24304618341854536        1.1008006322618316     
   493.40288198244309       0.90361395981217374       0.24088459320397057        1.0803850134476514     
   510.83065126063684       0.88227798302276972       0.23924715343081093        1.0612206630357155     
   528.87421463804299       0.86107834585718135       0.23800673653444065        1.0431084867491021     
   547.55511287104378       0.83997324083365055       0.23706709087495928        1.0259016279810780     
   566.89562449487210       0.81894650701548533       0.23635529399267399        1.0094910730287834     
   586.91951519858117       0.79800008497729324       0.23581608339449392       0.99379487451891590     
   607.65068989177485       0.77715023968194230       0.23540761838598773       0.97875170202136630     
   629.11387223602765       0.75642271022957563       0.23509819949319152       0.96431460385620871     
   651.33543626567803       0.73584879136463965       0.23486380404917501       0.95044641347795844     
   674.34163286578985       0.71546457204740876       0.23468624568492455       0.93711793941279098     
   698.16073213207346       0.69530706253291485       0.23455173912247376       0.92430448731261849     
   722.82116976782140       0.65199753030027441       0.21109782563744423       0.86802252250020351     
   748.35235540965130       0.60825692178155377       0.18692559656776350       0.81078672637513982     
   774.78566186873422       0.57071979464610834       0.16861430240450240       0.76504055077004085     
   802.15264573967897       0.53799542801415967       0.15474305626914517       0.72813516293162395     
   830.48594444209971       0.50903619252330246       0.14423536153025288       0.69804303155588898     
   859.82037403360118       0.48305241045901948       0.13627542168411944       0.67321253562695371     
   890.19058800385733       0.45945084965562805       0.13024563768151867       0.65245905571840279     
   921.63390537915473       0.43778396440696649       0.12567786909492024       0.63487688701998113     
   954.18786380243341       0.41771545129069171       0.12221767443095274       0.61977512621804220     
   987.89128659474920       0.39899176379280965       0.11959652064914184       0.60662607617807807     
   1022.7855886411724       0.38142072828481843       0.11761090658733911       0.59502600449097087     
   1058.9119914466876       0.36485737402001106       0.11610677161438282       0.58466642215218534     
   1096.3148872627712       0.34919043968476343       0.11496733768498958       0.57531025474340858     
   1135.0389283928459       0.33433489219298085       0.11410418905394985       0.56677545701900389     
   1175.1302964981960       0.32022462344793029       0.11345033991590125       0.55892147338421250     
   1216.6382559936744       0.30680699841555109       0.11295502672526885       0.55163905284543868     
   1259.6123598874483       0.29404013217564773       0.11257981505972049       0.54484327465571170     
   1304.1038583964914       0.28188958353409460       0.11229558611550124       0.53846754788159490     
   1350.1674228314519       0.27032590950167840       0.11208027292314687       0.53245910705888400     
   1397.8574692241625       0.21307470612264376        9.0346620952359569E-002  0.43607097146290680     
   1447.2325992722181       0.16615125137819917        7.1265028202568290E-002  0.35520311759525458     
   1498.3517579647787       0.13127155007559885        5.6810262344563461E-002  0.29427765699945452     
   1551.2759091786245        9.5478262799306060E-002   4.3113259201538273E-002  0.22156824331696581     
   1606.0700862978565        6.9266447458797897E-002   3.2659331708068534E-002  0.16630208370801422     
   1662.7990190437411        5.0273499761735625E-002   2.4740311466339968E-002  0.12485919703268715     
   1721.5324161293761        3.6507316750806575E-002   1.8741381507786838E-002   9.3771535249242144E-002
   1782.3403946248577        2.6526347327389732E-002   1.4197047652301682E-002   7.0444780729479503E-002
   1845.2954731357936        1.9286982265862340E-002   1.0754640785672903E-002   5.2936331514528354E-002
   1910.4750110852074        1.4033578411162038E-002   8.1468992909699417E-003   3.9790723931926293E-002
   1977.9568210713478        1.0219348919488266E-002   6.1714723327278044E-003   2.9918046407977336E-002
   2047.8213808026539        7.4483897663052273E-003   4.6750542565408438E-003   2.2501353888180829E-002
   2120.1545400970977        5.4339435219486554E-003   3.5414661416304635E-003   1.6927957015564338E-002
   2195.0417479108573        3.9684184869203994E-003   2.6827546924295671E-003   1.2738651330996371E-002
   2272.5750259096239        2.9013448402337356E-003   2.0322512613082351E-003   9.5887550851292535E-003
   2352.8469348264384        2.1237133810429088E-003   1.5394792527037321E-003   7.2197529067705817E-003
   2435.9532056335870        1.5564764780974984E-003   1.1661964350130614E-003   5.4375771599332393E-003
   2521.9959596104222        1.1422740246429068E-003   8.8342187329923968E-004   4.0964627488452466E-003
   2611.0779162676686        8.3948945883005404E-004   6.6921333558595366E-004   3.0869895763145274E-003
   2703.3053132971791        6.1789383063528907E-004   5.0694688145546069E-004   2.3269456046325463E-003
   2798.7914800504532        4.5551035158900689E-004   3.8402446640438740E-004   1.7545286424734607E-003
   2897.6492167059700        3.3636226044483756E-004   2.9090873611453439E-004   1.3233119508657320E-003
   3000.0000000000000        2.4881350260069155E-004   2.2037037063531905E-004   9.9836755444426112E-004
