         200   4370.0000000000000     
   3.0000000000000000        2.3870918921048245E-003   2.8868560746086850E-002   6.9841640293504224E-003
   3.1059655287322618        2.5198497508445599E-003   2.8868560746086850E-002   7.2215152407261078E-003
   3.2156739552243598        2.6573673237273139E-003   2.8868560746086850E-002   7.4626973207714007E-003
   3.3292574962321346        2.7995689261689923E-003   2.8868560746086850E-002   7.7071187552630403E-003
   3.4468529954360925        2.9463546944032181E-003   2.8868560746086850E-002   7.9541400361851089E-003
   3.5686022069563790        3.0975999951680382E-003   2.8868560746086850E-002   8.2030798020243482E-003
   3.6946518254059528        3.2531547701989071E-003   2.8868560746086850E-002   8.4532213443706226E-003
   3.8251536998800524        3.4128433904318666E-003   2.8868560746086850E-002   8.7038202990270836E-003
   3.9602651907155879        3.5764649788006912E-003   2.8868560746086850E-002   8.9541132279008801E-003
   4.1001490688558144        3.7437934820867464E-003   2.8868560746086850E-002   9.2033258052008557E-003
   4.2449739038313119        3.9145786512650846E-003   2.8868560746086850E-002   9.4506822363271802E-003
   4.3949142193596993        4.0885470398017171E-003   2.8868560746086850E-002   9.6954143167961044E-003
   4.5501507036585132        4.2654033582961220E-003   2.8868560746086850E-002   9.9367704826710587E-003
   4.7108703059600501        4.4448319728013844E-003   2.8868560746086850E-002   1.0174024379224364E-002
   4.8772669425686850        4.6264993229268095E-003   2.8868560746086850E-002   1.0406483797767072E-002
   5.0495410155906377        4.8100552295425817E-003   2.8868560746086850E-002   1.0633497165108419E-002
   5.2279001269311909        4.9951357208777554E-003   2.8868560746086850E-002   1.0854460943576767E-002
   5.4125592113782046        5.1813653512658240E-003   2.8868560746086850E-002   1.1068825160279037E-002
   5.6037407956130689        5.3683597722051484E-003   2.8868560746086850E-002   1.1276098028200692E-002
   5.8016752663703963        5.5557283887976063E-003   2.8868560746086850E-002   1.1475849419316357E-002
   6.0066011480696169        5.7430770675157691E-003   2.8868560746086850E-002   1.1667713166089602E-002
   6.2187653902530293        5.9300108625016225E-003   2.8868560746086850E-002   1.1851388205845059E-002
   6.4384236651766908        6.1161367291709965E-003   2.8868560746086850E-002   1.2026638617970686E-002
   6.6658406759127811        6.3010661956695337E-003   2.8868560746086850E-002   1.2193292634979315E-002
   6.9012904753346884        6.4844179646147571E-003   2.8868560746086850E-002   1.2351240733740566E-002
   7.1450567963692624        6.6658204195130469E-003   2.8868560746086850E-002   1.2500432931788015E-002
   7.3974330131920443        6.8449137485873781E-003   2.8868560746086850E-002   1.2640875223372575E-002
   7.6587243988323896        7.0213535100084982E-003   2.8868560746086850E-002   1.2772626708673619E-002
   7.9292442763577622        7.1948098275688753E-003   2.8868560746086850E-002   1.2895793142106855E-002
   8.2093202460023029        7.3649732110101238E-003   2.8868560746086850E-002   1.3010525327993168E-002
   8.4992881560440416        7.5315521630044523E-003   2.8868560746086850E-002   1.3117011568092942E-002
   8.7994991583321234        7.6942787246357530E-003   2.8868560746086850E-002   1.3215475739017558E-002
   9.1103132457223861        7.8529058254726107E-003   2.8868560746086850E-002   1.3306170188269181E-002
   9.4321068148357909        8.0072122165488965E-003   2.8868560746086850E-002   1.3389373644997024E-002
   9.7652657388916850        8.1569995600945053E-003   2.8868560746086850E-002   1.3465384840028074E-002
   10.110193474162946        8.3020967092535050E-003   2.8868560746086850E-002   1.3534520505809956E-002
   10.467303634806061        8.4423565527277887E-003   2.8868560746086850E-002   1.3597109866706536E-002
   10.837027566606025        8.5776592349466555E-003   2.8868560746086850E-002   1.3653492716701522E-002
   11.219811965471335        8.7079107588150708E-003   2.8868560746086850E-002   1.3704015614772243E-002
   11.616115840724994        8.8330416485436734E-003   2.8868560746086850E-002   1.3749028713963924E-002
   12.026419117330413        8.9530091795818750E-003   2.8868560746086850E-002   1.3788884262985192E-002
   12.451213803399156        9.0677937984969485E-003   2.8868560746086850E-002   1.3823933315537900E-002
   12.891014326336300        9.1774011967245290E-003   2.8868560746086850E-002   1.3854524739647914E-002
   13.346348065368609        9.2818586740826842E-003   2.8868560746086850E-002   1.3881002703946979E-002
   13.817766430769083        9.3812167034953917E-003   2.8868560746086850E-002   1.3903705979927921E-002
   14.305834715756038        9.4755453135586705E-003   2.8868560746086850E-002   1.3922966115408426E-002
   14.811143972217785        9.5649352244164786E-003   2.8868560746086850E-002   1.3939107003683010E-002
   15.334300133051286        9.6494943223702535E-003   2.8868560746086850E-002   1.3952443653205415E-002
   15.875936741648431        9.7293484496427246E-003   2.8868560746086850E-002   1.3963281996624046E-002
   16.436703292225193        9.8046380360326309E-003   2.8868560746086850E-002   1.3971918168583595E-002
   17.017278874447534        9.8755186227932178E-003   2.8868560746086850E-002   1.3978638528256428E-002
   17.618359675531394        9.9421577059108021E-003   2.8868560746086850E-002   1.3983719361344380E-002
   18.240671728221173        1.0004734890500870E-002   2.8868560746086850E-002   1.3987427081477617E-002
   18.884968846184627        1.0063440058155966E-002   2.8868560746086850E-002   1.3990018329698515E-002
   19.552019805756849        1.0118470944886665E-002   2.8868560746086850E-002   1.3991740225769985E-002
   20.242632201214423        1.0170034020029915E-002   2.8867926481748879E-002   1.3992829446073187E-002
   20.957638264717446        1.0218341938289785E-002   2.8866407917959018E-002   1.3993514183030797E-002
   21.697899624358065        1.0263612853359317E-002   2.8865257567437356E-002   1.3994018360614962E-002
   22.464312967141105        1.0306069716576622E-002   2.8864386143306012E-002   1.3994555828813463E-002
   23.257792778673313        1.0345938453730517E-002   2.8863726021945282E-002   1.3995333665756997E-002
   24.079299719823517        1.0383448763365298E-002   2.8863225963299901E-002   1.3996552930731749E-002
   24.929823759061236        1.0418832514538949E-002   2.8862847156214278E-002   1.3998409432837287E-002
   25.810395145829254        1.0452323756204166E-002   2.8862560198778846E-002   1.4001094568011808E-002
   26.722064579292049        1.0484157628301032E-002   2.8862342822732062E-002   1.4004796093061645E-002
   27.665935811728254        1.0514571382499309E-002   2.8862178154872541E-002   1.4009699080184053E-002
   28.643146268414043        1.0543803541503239E-002   2.8862053414799478E-002   1.4015986728907692E-002
   29.654879655490589        1.0572094356241265E-002   2.8861958920549453E-002   1.4023841299118673E-002
   30.702343174827575        1.0570481962820602E-002   2.5511990584269589E-002   1.3990540574587502E-002
   31.786804983723918        1.0558197410907742E-002   2.1518070820279393E-002   1.3944200322671912E-002
   32.909571928103169        1.0549886365068315E-002   1.8492575470869139E-002   1.3906268973765656E-002
   34.072004028335677        1.0544779501983828E-002   1.6200674344158294E-002   1.3875514950687420E-002
   35.275488300232773        1.0542285794868860E-002   1.4464513000880377E-002   1.3850942648450118E-002
   36.521481794408061        1.0541958790783231E-002   1.3149326822812229E-002   1.3831752862946051E-002
   37.811486012809581        1.0543469521567787E-002   1.2153039991707096E-002   1.3817310487961388E-002
   39.147055493126302        1.0546584342097844E-002   1.1398327490628763E-002   1.3807116079806392E-002
   40.529808025860810        1.0551146942554114E-002   1.0826610719720044E-002   1.3800781818197654E-002
   41.961393513511240        1.0557063497998889E-002   1.0393523731198926E-002   1.3798011233155574E-002
   43.443545167355794        1.0564290710015989E-002   1.0065449371399639E-002   1.3798581616641086E-002
   44.978049075047366        1.0572825642891033E-002   9.8169247368331720E-003   1.3802329334616231E-002
   46.566763998623138        1.0582697347999701E-002   9.6286600647062220E-003   1.3809137006430969E-002
   48.211585595230147        1.0593959388950984E-002   9.4860457772736884E-003   1.3818922135918000E-002
   49.914505239722644        1.0606683883806381E-002   9.3780118434734199E-003   1.3831627456296932E-002
   51.677575059319224        1.0620955652233319E-002   9.2961734031426369E-003   1.3847211902482282E-002
   53.502930680545909        1.0636867236284382E-002   9.2341783934200318E-003   1.3865642675094568E-002
   55.392750120602578        1.0654513735523475E-002   9.1872159227871612E-003   1.3886887341630808E-002
   57.349321371645829        1.0673988857139579E-002   9.1516406621678925E-003   1.3910907583885404E-002
   59.375002227322796        1.0695380244900680E-002   9.1246915014641210E-003   1.3937652350341997E-002
   61.472246417894510        1.0718765606616590E-002   9.1042767248250157E-003   1.3967052185744932E-002
   63.643556378429672        1.0744208256870398E-002   9.0888121196466519E-003   1.3999013073083369E-002
   65.891560899834928        1.0771754320048241E-002   9.0770972896519406E-003   1.4033412619504831E-002
   68.218968971510208        1.0801428889245583E-002   9.0682230093051819E-003   1.4070095207418462E-002
   70.628585269218178        1.0786588309584405E-002   9.0490838446133075E-003   1.4044043343228436E-002
   73.123328588587739        1.0655397955713249E-002   9.0033808944381677E-003   1.3854059589745409E-002
   75.706175661273647        1.0547956354422041E-002   8.9687599876097368E-003   1.3695219114764654E-002
   78.380253523498894        1.0459964044438401E-002   8.9425337740673128E-003   1.3562540002033770E-002
   81.148784610322849        1.0387933066588011E-002   8.9226667532471219E-003   1.3451723027188087E-002
   84.015122474940881        1.0329033895060701E-002   8.9076169044972307E-003   1.3359078856497333E-002
   86.982687236203873        1.0280973585098668E-002   8.8962163404339416E-003   1.3281465933811163E-002
   90.055071705548812        1.0241893721406489E-002   8.8875801244876415E-003   1.3216226407012603E-002
   93.235978303002270        1.0210290617015325E-002   8.8810379722346934E-003   1.3161130086770754E-002
   96.529260096906100        1.0184948635449657E-002   8.8760821007531406E-003   1.3114318176423358E-002
   99.938826062156153        1.0164886889254718E-002   8.8723279474359294E-003   1.3074252899032751E-002
   103.46886588546354        1.0149313702992584E-002   8.8694840472921983E-003   1.3039667598972252E-002
   107.12359379692580        1.0137592097864242E-002   8.8673297244722758E-003   1.3009527727078068E-002
   110.90736836557576        1.0129209224330816E-002   8.8656977898688566E-003   1.2982992029883407E-002
   114.82483910697920        1.0123751927266340E-002   8.8644615433277410E-003   1.2959379593418219E-002
   118.88068277378797        1.0120887344663159E-002   8.8635250568127790E-003   1.2938144022249401E-002
   123.07973629915718        1.0120346073717880E-002   8.8628156530338609E-003   1.2918848789703957E-002
   127.42715949490271        1.0121908876330155E-002   8.8622782552937283E-003   1.2901146751832425E-002
   131.92808807993632        1.0125395729766791E-002   8.8618711677580075E-003   1.2884764956345052E-002
   136.58805281121437        1.0130657104403874E-002   8.8615627849607369E-003   1.2869488947026364E-002
   141.41261684513370        1.0137566598191396E-002   8.8613291775681384E-003   1.2855152511899989E-002
   146.40753387824964        1.0146015271441416E-002   8.8611522161656398E-003   1.2841627391306712E-002
   151.57894168226974        1.0155907516396275E-002   8.8610181618222414E-003   1.2828814876712049E-002
   156.93294936957258        1.0167156758151328E-002   8.8609166134749982E-003   1.2816640363765744E-002
   162.47613596373097        1.0179683610343630E-002   8.8608396871124370E-003   1.2805046778243807E-002
   168.21511902855468        1.0193412819486436E-002   8.8607814135409340E-003   1.2793991252721166E-002
   174.15674278185460        9.7711460704464192E-003   8.7442131434286186E-003   1.2321558734634364E-002
   180.30830831190286        9.2899757700842626E-003   8.6116523916604498E-003   1.1786731612530811E-002
   186.67715947709803        8.9303804498932979E-003   8.5112344310690428E-003   1.1380152683517475E-002
   193.27089166569760        8.6630164785827021E-003   8.4351661913521087E-003   1.1070733152672336E-002
   200.09760727912413        8.4656268347893891E-003   8.3775418857937583E-003   1.0834931207687176E-002
   207.16537088595135        8.3213421166634140E-003   8.3338905363447152E-003   1.0654937617755694E-002
   214.48286737908427        8.2173578613134787E-003   8.3008231391228891E-003   1.0517261430048505E-002
   222.05883252794877        8.1439606998109631E-003   8.2757737896978715E-003   1.0411694021317261E-002
   229.90230130529540        8.0937732076353571E-003   8.2567984997637643E-003   1.0330504242073711E-002
   238.02291179328489        8.0611867858241103E-003   8.2424240655808133E-003   1.0267834334055013E-002
   246.43025707061713        8.0419357714001608E-003   8.2315351977051872E-003   1.0219249808522487E-002
   255.13466811288930        8.0327688057055674E-003   8.2232865061095013E-003   1.0181387945597831E-002
   264.14653641505117        8.0312045587871746E-003   8.2170379236555374E-003   1.0151700978359122E-002
   273.47660938458705        8.0353442035243500E-003   8.2123045207343499E-003   1.0128256191008522E-002
   283.13635184814427        8.0437309360798844E-003   8.2087188053651654E-003   1.0109585920897911E-002
   293.13729579387660        8.0552430085301299E-003   8.2060025396542852E-003   1.0094576006585634E-002
   303.49136818478553        8.0690131212104322E-003   8.2039449241638682E-003   1.0082379117748889E-002
   314.21129214162710        8.0843682392845104E-003   8.2023862097229550E-003   1.0072349734547995E-002
   325.30973137660959        8.1007825012694226E-003   8.2012054581617373E-003   1.0063996081957417E-002
   336.80032369109853        8.1178440510733668E-003   8.2003109982793348E-003   1.0056942068035937E-002
   348.69678677735646        8.1352276547509705E-003   8.1996334233861452E-003   1.0050899968173654E-002
   361.01330816366544        8.1526756513697392E-003   8.1991201493752091E-003   1.0045648826354257E-002
   373.76502243504467        8.1436690370051308E-003   8.1642693083500001E-003   9.9946291552609236E-003
   386.96715283564077        8.0558210014233071E-003   8.0274394081079371E-003   9.8068482223368988E-003
   400.63544401132759        7.9921314286753344E-003   7.9237885314046800E-003   9.6641963207381616E-003
   414.78669160661980        7.9466553912915395E-003   7.8452694304925151E-003   9.5557143685505806E-003
   429.43761284149554        7.9148596813500803E-003   7.7857899334447360E-003   9.4731099387207248E-003
   444.60621081975989        7.8932854710979886E-003   7.7407321705059186E-003   9.4100995832804464E-003
   460.31059410826708        7.8792972945872872E-003   7.7065998304069070E-003   9.3619268622689919E-003
   476.56949149896485        7.8708874521460984E-003   7.6807440271874925E-003   9.3249879299011542E-003
   493.40288198244309        7.8665279101561864E-003   7.6611573677522592E-003   9.2965504236632995E-003
   510.83065126063684        7.8650576385140697E-003   7.6463201544051517E-003   9.2745438264989176E-003
   528.87421463804299        7.8655955865405813E-003   7.6350804554357965E-003   9.2573957978709272E-003
   547.55511287104378        7.8674747201355286E-003   7.6265661128938986E-003   9.2439124061745280E-003
   566.89562449487210        7.8701912554936179E-003   7.6201163598249013E-003   9.2331849111757878E-003
   586.91951519858117        7.8733660511305387E-003   7.6152304502388728E-003   9.2245197417702464E-003
   607.65068989177485        7.8767146859782707E-003   7.6115292561092585E-003   9.2173863740863411E-003
   629.11387223602765        7.8800247452220796E-003   7.6087255413093240E-003   9.2113768574030360E-003
   651.33543626567803        7.8831384431782801E-003   7.6066016310028153E-003   9.2061754355085672E-003
   674.34163286578985        7.8859389070815196E-003   7.6049927343733717E-003   9.2015361863924758E-003
   698.16073213207346        7.8883401378960025E-003   7.6037739398892214E-003   9.1972653193714924E-003
   722.82116976782140        7.7457344035591139E-003   7.4583467650362889E-003   8.9202246006351554E-003
   748.35235540965130        7.5980275400435639E-003   7.3085455916764522E-003   8.6345892018847049E-003
   774.78566186873422        7.4859441677715115E-003   7.1950660551601420E-003   8.4172371039296142E-003
   802.15264573967897        7.4006892312926814E-003   7.1091025744629433E-003   8.2515260474501501E-003
   830.48594444209971        7.3355996042452310E-003   7.0439838385509415E-003   8.1248411271271880E-003
   859.82037403360118        7.2856255057084339E-003   6.9946541583883392E-003   8.0276166801843424E-003
   890.19058800385733        7.2469434005654598E-003   6.9572861226936166E-003   7.9526065007833133E-003
   921.63390537915473        7.2166542365133934E-003   6.9289785515575268E-003   7.8943143465451324E-003
   954.18786380243341        7.1925623742468796E-003   6.9075348849754331E-003   7.8485770131281642E-003
   987.89128659474920        7.1730039022344016E-003   6.8912909584868867E-003   7.8122401045758088E-003
   1022.7855886411724        7.1567177418516287E-003   6.8789856259732739E-003   7.7829145478713370E-003
   1058.9119914466876        7.1427500255895199E-003   6.8696641362922797E-003   7.7587955688405456E-003
   1096.3148872627712        7.1303791334976921E-003   6.8626027875396461E-003   7.7385206724780607E-003
   1135.0389283928459        7.1190615711518093E-003   6.8572536458721099E-003   7.7210664826110609E-003
   1175.1302964981960        7.1083896818482121E-003   6.8532015839874814E-003   7.7056679492065695E-003
   1216.6382559936744        7.0980598933069296E-003   6.8501320078667447E-003   7.6917574733151332E-003
   1259.6123598874483        7.0878498143369245E-003   6.8478067300615630E-003   7.6789200695976572E-003
   1304.1038583964914        7.0776000447776190E-003   6.8460452942740481E-003   7.6668578045600826E-003
   1350.1674228314519        7.0672004087794548E-003   6.8447109461358957E-003   7.6553627219743950E-003
   1397.8574692241625        5.8870340170909452E-003   5.7055865428923989E-003   6.3684322283046827E-003
   1447.2325992722181        4.8930688076176468E-003   4.7460251510181841E-003   5.2832853789268721E-003
   1498.3517579647787        4.1394396776661393E-003   4.0191342972096143E-003   4.4608816823304507E-003
   1551.2759091786245        3.1420064317248630E-003   3.0563005443464985E-003   3.3871052032772310E-003
   1606.0700862978565        2.3755986363691375E-003   2.3152212364821977E-003   2.5621377150139911E-003
   1662.7990190437411        1.7960669816375610E-003   1.7538415977416775E-003   1.9381783550544824E-003
   1721.5324161293761        1.3578695581341633E-003   1.3285772304129329E-003   1.4662403684998204E-003
   1782.3403946248577        1.0265661340867645E-003   1.0064292347977907E-003   1.1092863070456429E-003
   1845.2954731357936        7.7609838259008745E-004   7.6239688430538395E-004   8.3929735491738554E-004
   1910.4750110852074        5.8674730413419459E-004   5.7753399299580513E-004   6.3507328265356169E-004
   1977.9568210713478        4.4360648470547360E-004   4.3749590263550278E-004   4.8058874674878011E-004
   2047.8213808026539        3.3540161814873655E-004   3.3141476969584849E-004   3.6372288178617074E-004
   2120.1545400970977        2.5360426623618945E-004   2.5105466617248345E-004   2.7530593447133874E-004
   2195.0417479108573        1.9177029829656092E-004   1.9018057967948952E-004   2.0840792685942675E-004
   2272.5750259096239        1.4502495913202806E-004   1.4406636731290336E-004   1.5778510475517989E-004
   2352.8469348264384        1.0968518432817313E-004   1.0913374134054517E-004   1.1947413589630921E-004
   2435.9532056335870        8.2966683437353671E-005   8.2671708545249499E-005   9.0477425976171242E-005
   2521.9959596104222        6.2764187373993014E-005   6.2625809374108565E-005   6.8527097624856661E-005
   2611.0779162676686        4.7487366767391110E-005   4.7440558188240997E-005   5.1908817096564575E-005
   2703.3053132971791        3.5934132120400610E-005   3.5937483234665904E-005   3.9325738348405718E-005
   2798.7914800504532        2.7195621745928200E-005   2.7223508671138180E-005   2.9796479430935311E-005
   2897.6492167059700        2.0585358592278040E-005   2.0622531096194221E-005   2.2579059170395829E-005
   3000.0000000000000        1.5584175767464668E-005   1.5622063750321479E-005   1.7111726400363565E-005
