         200   4370.0000000000000     
   3.0000000000000000        3.0938917710555815E-003  0.44024178934268465        1.5281003997664442E-003
   3.1059655287322618        3.3085135038128520E-003  0.44024178934268465        1.6291053083315669E-003
   3.2156739552243598        3.5374446812530291E-003  0.44024178934268465        1.7371177862438264E-003
   3.3292574962321346        3.7815675463325521E-003  0.44024178934268465        1.8526259836272286E-003
   3.4468529954360925        4.0418207696683488E-003  0.44024178934268465        1.9761514155820516E-003
   3.5686022069563790        4.3192061437383848E-003  0.44024178934268465        2.1082513330379928E-003
   3.6946518254059528        4.6147959859620417E-003  0.44024178934268465        2.2495209929435651E-003
   3.8251536998800524        4.9297424304410630E-003  0.44024178934268465        2.4005962967479093E-003
   3.9602651907155879        5.2652888515771056E-003  0.44024178934268465        2.5621568146180374E-003
   4.1001490688558144        5.6227822377516645E-003  0.44024178934268465        2.7349285076514718E-003
   4.2449739038313119        6.0036891518126783E-003  0.44024178934268465        2.9196872755948341E-003
   4.3949142193596993        6.4096139546130013E-003  0.44024178934268465        3.1172625354245211E-003
   4.5501507036585132        6.8423204523914982E-003  0.44024178934268465        3.3285411993295411E-003
   4.7108703059600501        7.3037570555306618E-003  0.44024178934268465        3.5544718702914548E-003
   4.8772669425686850        7.7960881856949564E-003  0.44024178934268465        3.7960703334718976E-003
   5.0495410155906377        8.3217274827221237E-003  0.44024178934268465        4.0544238623996722E-003
   5.2279001269311909        8.8833804675907228E-003  0.44024178934268465        4.3306977502389973E-003
   5.4125592113782046        9.4840924848351195E-003  0.44024178934268465        4.6261416544173765E-003
   5.6037407956130689        1.0127304870039161E-002  0.44024178934268465        4.9420968144223030E-003
   5.8016752663703963        1.0816919942939200E-002  0.44024178934268465        5.2800040660143819E-003
   6.0066011480696169        1.1557375682244509E-002  0.44024178934268465        5.6414127449196409E-003
   6.2187653902530293        1.2353730774573420E-002  0.44024178934268465        6.0279905813400026E-003
   6.4384236651766908        1.3211760464011046E-002  0.44024178934268465        6.4415346953262381E-003
   6.6658406759127811        1.4138063255467475E-002  0.44024178934268465        6.8839838122285255E-003
   6.9012904753346884        1.5140178051795050E-002  0.44024178934268465        7.3574318271166740E-003
   7.1450567963692624        1.6226710754958736E-002  0.44024178934268465        7.8641428572878824E-003
   7.3974330131920443        1.7407466950377551E-002  0.44024178934268465        8.4065671008068284E-003
   7.6587243988323896        1.8693601336517249E-002  0.44024178934268465        8.9873634864764389E-003
   7.9292442763577622        2.0097740788649360E-002  0.44024178934268465        9.6094108625390112E-003
   8.2093202460023029        2.1634157295613902E-002  0.44024178934268465        1.0275843711335509E-002
   8.4992881560440416        2.3318875576928674E-002  0.44024178934268465        1.0990062332319120E-002
   8.7994991583321234        2.5169845452237497E-002  0.44024178934268465        1.1755776257622840E-002
   9.1103132457223861        2.7207029683618801E-002  0.44024178934268465        1.2577017624062783E-002
   9.4321068148357909        2.9452567201820438E-002  0.44024178934268465        1.3458192817521940E-002
   9.7652657388916850        3.1930834216140028E-002  0.44024178934268465        1.4404099679734789E-002
   10.110193474162946        3.4668599241887421E-002  0.44024178934268465        1.5419988844844412E-002
   10.467303634806061        3.7695059273787399E-002  0.44024178934268465        1.6511585523758702E-002
   10.837027566606025        4.1041987313267109E-002  0.44024178934268465        1.7685158641580788E-002
   11.219811965471335        4.4743806338824521E-002  0.44024178934268465        1.8947566101710462E-002
   11.616115840724994        4.8837652028947208E-002  0.44024178934268465        2.0306300703880700E-002
   12.026419117330413        5.3363562580103052E-002  0.44024178934268465        2.1769580792560268E-002
   12.451213803399156        5.8364504335421695E-002  0.44024178934268465        2.3346387575296636E-002
   12.891014326336300        6.3886617881038207E-002  0.44024178934268465        2.5046576084184494E-002
   13.346348065368609        6.9979251037124560E-002  0.44024178934268465        2.6880920772363797E-002
   13.817766430769083        7.6695253502527636E-002  0.44024178934268465        2.8861246751518181E-002
   14.305834715756038        8.4090998794128236E-002  0.44024178934268465        3.1000485132132109E-002
   14.811143972217785        9.2226706226681332E-002  0.44024178934268465        3.3312828161715151E-002
   15.334300133051286       0.10116640859410113       0.44024178934268465        3.5813795965630502E-002
   15.875936741648431       0.11097825673187851       0.44024178934268465        3.8520419799798436E-002
   16.436703292225193       0.12173436607842973       0.44024178934268465        4.1451321999781625E-002
   17.017278874447534       0.13351103904344000       0.44024178934268465        4.4626932166586267E-002
   17.618359675531394       0.14638840487762053       0.44024178934268465        4.8069582180510599E-002
   18.240671728221173       0.16045043734686992       0.44024178934268465        5.1803749160946738E-002
   18.884968846184627       0.17578455489960068       0.44024178934268465        5.5856237410042267E-002
   19.552019805756849       0.19248076136392597       0.44024178934268465        6.0256299054139650E-002
   20.242632201214423       0.21063148248234015       0.44021465573518292        6.5035999826171781E-002
   20.957638264717446       0.23033029280731099       0.44014347286383915        7.0230372637201818E-002
   21.697899624358065       0.25167085648712006       0.44008151818937857        7.5877714192709167E-002
   22.464312967141105       0.27474567925741261       0.44002759506383721        8.2019881894934671E-002
   23.257792778673313       0.29964390835837784       0.43998066286785487        8.8702449695675464E-002
   24.079299719823517       0.32645025867951544       0.43993981499435775        9.5975239506791182E-002
   24.929823759061236       0.35524234258833515       0.43990426266755289       0.10389250694313759     
   25.810395145829254       0.38608864322754016       0.43987331919801997       0.11251336998503535     
   26.722064579292049       0.41904525047293356       0.43984638743243876       0.12190194884038080     
   27.665935811728254       0.45415432262602989       0.43982294711965370       0.13212802277037297     
   28.643146268414043       0.49144068988659612       0.43980254562529913       0.14326717495025429     
   29.654879655490589       0.53090964021187947       0.43978478889667638       0.15540124478663966     
   30.702343174827575       0.57241123688417161       0.42991997836246848       0.16855515270404955     
   31.786804983723918       0.61596949029934511       0.41674093730509520       0.18285416229727131     
   32.909571928103169       0.66158145662911394       0.40527043628426407       0.19843099109407633     
   34.072004028335677       0.70915060413934006       0.39528692378978997       0.21539406318836093     
   35.275488300232773       0.75855095259996352       0.38659773598255676       0.23385842411211757     
   36.521481794408061       0.80962860073360021       0.37903502051796728       0.25394612825344676     
   37.811486012809581       0.86220116827688076       0.37245274073909840       0.27578542256088429     
   39.147055493126302       0.91605940091702098       0.36672379228266472       0.29951016609201508     
   40.529808025860810       0.97096961163423501       0.36173752111707835       0.32525900916476619     
   41.961393513511240        1.0266752558387484       0.35739770117499398       0.35317343827106534     
   43.443545167355794        1.0829025003602157       0.35362049850454169       0.38339695934429879     
   44.978049075047366        1.1393631953599570       0.35033297501184757       0.41607232950698730     
   46.566763998623138        1.1957603604963107       0.34747163252945817       0.45133928531158440     
   48.211585595230147        1.2517921163648211       0.34498125229263737       0.48933058384722594     
   49.914505239722644        1.3071592642691001       0.34281372667948029       0.53016969863729335     
   51.677575059319224        1.3615696652198082       0.34092720059232579       0.57396604615229296     
   53.502930680545909        1.4147445946300403       0.33928523597996607       0.62081122235580577     
   55.392750120602578        1.4664230234762810       0.33785614587790741       0.67077346508199431     
   57.349321371645829        1.5163687156646461       0.33661232400929292       0.72389494370131924     
   59.375002227322796        1.5643736761320315       0.33552975207165747       0.78018655024934203     
   61.472246417894510        1.6102628314325289       0.33458752030288513       0.83962493194430399     
   63.643556378429672        1.6538963040552312       0.33376744532413022       0.90214825086222694     
   65.891560899834928        1.6951735494312548       0.33305368543522756       0.96765652762761123     
   68.218968971510208        1.7340338298216924       0.33243245787408326        1.0360097253596245     
   70.628585269218178        1.7685062840860855       0.33160502300574829        1.1058237582434733     
   73.123328588587739        1.7950299791176607       0.33011333000564724        1.1744930625279513     
   75.706175661273647        1.8193422806364801       0.32881502936889512        1.2451401012481118     
   78.380253523498894        1.8415425608113365       0.32768504132846127        1.3174496763644041     
   81.148784610322849        1.8617668800994782       0.32670154572245319        1.3910883447968143     
   84.015122474940881        1.8801836540477286       0.32584554643759062        1.4657132009306841     
   86.982687236203873        1.8969878369568995       0.32510052422690683        1.5409777874069972     
   90.055071705548812        1.9123955446839116       0.32445208721309199        1.6165415989022063     
   93.235978303002270        1.9266371074490090       0.32388771402413691        1.6920738214111049     
   96.529260096906100        1.9399504771294807       0.32339650385177993        1.7672580421049622     
   99.938826062156153        1.9525739756116438       0.32296897958653520        1.8417920269926220     
   103.46886588546354        1.9647403838209763       0.32259687544326943        1.9153928314916444     
   107.12359379692580        1.9766695322963270       0.32227301140628400        1.9877897717318649     
   110.90736836557576        1.9885628514497411       0.32199113667680285        2.0587247831472668     
   114.82483910697920        2.0005985637470554       0.32174580146837578        2.1279519625716232     
   118.88068277378797        2.0129264715020185       0.32153227186260824        2.1952296103309563     
   123.07973629915718        2.0256649711805021       0.32134642659117246        2.2603205221631333     
   127.42715949490271        2.0388991938099288       0.32118467250811988        2.3229929133049567     
   131.92808807993632        2.0526787216766826       0.32104389000930567        2.3830151979249208     
   136.58805281121437        2.0670187600252250       0.32092135719569220        2.4401636193394745     
   141.41261684513370        2.0819000102574825       0.32081470970896642        2.4942204658975120     
   146.40753387824964        2.0972711446926176       0.32072188917924410        2.5449810336961622     
   151.57894168226974        2.1130522885205036       0.32064110100767756        2.5922609427639527     
   156.93294936957258        2.1291373824074524       0.32057078710614789        2.6358982014167225     
   162.47613596373097        2.1453998918929935       0.32050958802058704        2.6757637634990075     
   168.21511902855468        2.1616960743281073       0.32045632287084658        2.7117631679212382     
   174.15674278185460        2.0610097215413714       0.31195937119612227        2.6067280625822220     
   180.30830831190286        1.9245221082970347       0.30112032744508010        2.4521280456563379     
   186.67715947709803        1.8039421967613216       0.29168647262296449        2.3098107685073028     
   193.27089166569760        1.6972189111726941       0.28347572683998234        2.1791195294616190     
   200.09760727912413        1.6025825193095511       0.27632934294197248        2.0594053932073240     
   207.16537088595135        1.5185081541358281       0.27010949511088217        1.9500193564896711     
   214.48286737908427        1.4436688906503081       0.26469592835787109        1.8502915303713536     
   222.05883252794877        1.3769114422710962       0.25998418403883844        1.7595392441483919     
   229.90230130529540        1.3172265329942647       0.25588332224612687        1.6770677539558840     
   238.02291179328489        1.2637256119840776       0.25231405662056861        1.6021770324068294     
   246.43025707061713        1.2156279064671252       0.24920754997657277        1.5341796347193737     
   255.13466811288930        1.1722407985396803       0.24650374088949492        1.4724049668743628     
   264.14653641505117        1.1329521184708697       0.24415045742832692        1.4162153986671191     
   273.47660938458705        1.0972184860776264       0.24210227960290043        1.3650118422215340     
   283.13635184814427        1.0645562458340032       0.24031960779466788        1.3182381996925707     
   293.13729579387660        1.0345373491699406       0.23876804407552318        1.2753886189042951     
   303.49136818478553        1.0067823602193819       0.23741764219800590        1.2360069353218044     
   314.21129214162710       0.98095486655085085       0.23624229339432887        1.1996851384925553     
   325.30973137660959       0.95675963488267390       0.23521932977921201        1.1660647757787994     
   336.80032369109853       0.93393655783122853       0.23432897329996505        1.1348306598432689     
   348.69678677735646       0.91225952027497925       0.23355404389124032        1.1057102167002302     
   361.01330816366544       0.89153259137757390       0.23287958488219468        1.0784682506310375     
   373.76502243504467       0.86996513022152089       0.23077278150164698        1.0502826593912884     
   386.96715283564077       0.84369812738389349       0.22372624586921455        1.0150580251025350     
   400.63544401132759       0.81887517957521494       0.21759330087275325       0.98279013413418737     
   414.78669160661980       0.79527673524119169       0.21225537170912870       0.95313087174934086     
   429.43761284149554       0.77271817468485138       0.20760951058485724       0.92578332846240396     
   444.60621081975989       0.75104372875742753       0.20356589408418646       0.90049147257892015     
   460.31059410826708       0.73012489061723773       0.20004649773338096       0.87703604749362951     
   476.56949149896485       0.70985638262568440       0.19698339476106455       0.85522799156521656     
   493.40288198244309       0.69015256149493354       0.19431736291232860       0.83490307517727602     
   510.83065126063684       0.67094642219872624       0.19199698485139094       0.81591970029125260     
   528.87421463804299       0.65218529545626847       0.18997739822061899       0.79815361841981403     
   547.55511287104378       0.63383024573287583       0.18821963365088457       0.78149673653313545     
   566.89562449487210       0.61585335758058868       0.18668976507641830       0.76585402777911438     
   586.91951519858117       0.59823530138037928       0.18535821390730386       0.75114106740531839     
   607.65068989177485       0.58096497760564925       0.18419928691095933       0.73728350444152524     
   629.11387223602765       0.56403739579748791       0.18319061599886166       0.72421509290696284     
   651.33543626567803       0.54745179119124421       0.18231269945447792       0.71187613386443849     
   674.34163286578985       0.53121187438767192       0.18154860569847597       0.70021358838088466     
   698.16073213207346       0.51532325727589900       0.18088356168678865       0.68917910768067259     
   722.82116976782140       0.49048066094986648       0.17101724277863403       0.66127578478170035     
   748.35235540965130       0.46447715473473522       0.15969595330098785       0.63105766867175039     
   774.78566186873422       0.44026122720709820       0.14984224658954204       0.60400765098402720     
   802.15264573967897       0.41765881209913325       0.14126598832261239       0.57975535576069004     
   830.48594444209971       0.39651926272426385       0.13380165081405920       0.55797464861402279     
   859.82037403360118       0.37671122102741694       0.12730491802140675       0.53837771307264526     
   890.19058800385733       0.35812135881114893       0.12165049335765424       0.52071214883626471     
   921.63390537915473       0.34064994399262860       0.11672905376646568       0.50475500916234495     
   954.18786380243341       0.32421024357774331       0.11244563654946120       0.49031071822258682     
   987.89128659474920       0.30872595053451762       0.10871756880680029       0.47720717324775236     
   1022.7855886411724       0.29412910915617835       0.10547277180650066       0.46529254174831780     
   1058.9119914466876       0.28036003500688400       0.10264866609476321       0.45443382564160706     
   1096.3148872627712       0.26736479304395117       0.10019065020703836       0.44451352745888306     
   1135.0389283928459       0.25509540911974460        9.8051294967973268E-002  0.43542864936394909     
   1175.1302964981960       0.24350853591357394        9.6189309349297161E-002  0.42708855976565463     
   1216.6382559936744       0.23256440334471062        9.4568693586085065E-002  0.41941324564237187     
   1259.6123598874483       0.22222707637489478        9.3158176737575274E-002  0.41233259179536069     
   1304.1038583964914       0.21246353749049904        9.1930534857972007E-002  0.40578490048624533     
   1350.1674228314519       0.20324297789381202        9.0862032630183678E-002  0.39971568004926716     
   1397.8574692241625       0.17871790316376721        8.1794160276862052E-002  0.36381696514574907     
   1447.2325992722181       0.15601072543325309        7.2801329764088027E-002  0.32966216950533700     
   1498.3517579647787       0.13656940688607874        6.4974342490488196E-002  0.30010091631524843     
   1551.2759091786245       0.11435442093317509        5.6598741358263358E-002  0.25927831007704816     
   1606.0700862978565        9.5655996816490160E-002   4.9261200651300421E-002  0.22367342436116894     
   1662.7990190437411        8.0060012825006216E-002   4.2874979689331981E-002  0.19301466862002931     
   1721.5324161293761        6.7048452102767830E-002   3.7316606813346608E-002  0.16660589286127908     
   1782.3403946248577        5.6190068069255229E-002   3.2478829241483875E-002  0.14385117956398147     
   1845.2954731357936        4.7125495967244087E-002   2.8268274537582593E-002  0.12423920853544043     
   1910.4750110852074        3.9555132065434651E-002   2.4603535531777191E-002  0.10733052025445412     
   1977.9568210713478        3.3229799520128701E-002   2.1413898462696583E-002   9.2748465076906650E-002
   2047.8213808026539        2.7942017300991880E-002   1.8637801140019398E-002   8.0169469711782307E-002
   2120.1545400970977        2.3518909105375938E-002   1.6221570296871771E-002   6.9315104107407766E-002
   2195.0417479108573        1.9816797453177624E-002   1.4118606282672617E-002   5.9946571265526868E-002
   2272.5750259096239        1.6715921231867350E-002   1.2288250238729108E-002   5.1858103333967780E-002
   2352.8469348264384        1.4116718090014560E-002   1.0695184135486905E-002   4.4873027991001416E-002
   2435.9532056335870        1.1936293464548806E-002   9.3086607009153360E-003   3.8839303929906623E-002
   2521.9959596104222        1.0105561927084289E-002   8.1018727904223382E-003   3.3625878285237831E-002
   2611.0779162676686        8.5670639179848615E-003   7.0515345677742191E-003   2.9120125859297880E-002
   2703.3053132971791        7.2729279733703637E-003   6.1373737825036172E-003   2.5225035181304461E-002
   2798.7914800504532        6.1832233047600625E-003   5.3417159837212689E-003   2.1856911389357695E-002
   2897.6492167059700        5.2647166923196608E-003   4.6492160418380472E-003   1.8943799516435138E-002
   3000.0000000000000        4.4896496926852521E-003   4.0464851127787705E-003   1.6423543420414254E-002
