         200   4370.0000000000000     
   3.0000000000000000        1.5091789284933611E-003   1.9672002545697624        7.3272520647012565E-004
   3.1059655287322618        1.6162237353772580E-003   1.9672002545697624        7.8118991352121522E-004
   3.2156739552243598        1.7306432826358672E-003   1.9672002545697624        8.3302784568366889E-004
   3.3292574962321346        1.8528924864043620E-003   1.9672002545697624        8.8847556860110035E-004
   3.4468529954360925        1.9834504102626180E-003   1.9672002545697624        9.4778576912606051E-004
   3.5686022069563790        2.1228227210838843E-003   1.9672002545697624        1.0112283127744423E-003
   3.6946518254059528        2.2715444172367255E-003   1.9672002545697624        1.0790912252358076E-003
   3.8251536998800524        2.4301833772148286E-003   1.9672002545697624        1.1516818188052769E-003
   3.9602651907155879        2.5993447868642152E-003   1.9672002545697624        1.2293279677446541E-003
   4.1001490688558144        2.7796757557197790E-003   1.9672002545697624        1.3123791972753666E-003
   4.2449739038313119        2.9718713249172212E-003   1.9672002545697624        1.4012081229014908E-003
   4.3949142193596993        3.1766810364751326E-003   1.9672002545697624        1.4962118528399414E-003
   4.5501507036585132        3.3949164421442387E-003   1.9672002545697624        1.5978135247686780E-003
   4.7108703059600501        3.6274593424812911E-003   1.9672002545697624        1.7064638830544450E-003
   4.8772669425686850        3.8752718319416441E-003   1.9672002545697624        1.8226434078229335E-003
   5.0495410155906377        4.1394055558220729E-003   1.9672002545697624        1.9468637946690450E-003
   5.2279001269311909        4.4210136414622727E-003   1.9672002545697624        2.0796704158286094E-003
   5.4125592113782046        4.7213627693980641E-003   1.9672002545697624        2.2216445923685089E-003
   5.6037407956130689        5.0418464281227994E-003   1.9672002545697624        2.3734061747236615E-003
   5.8016752663703963        5.3839992313302115E-003   1.9672002545697624        2.5356163803015876E-003
   6.0066011480696169        5.7495123632766536E-003   1.9672002545697624        2.7089809161811814E-003
   6.2187653902530293        6.1402502435657811E-003   1.9672002545697624        2.8942534162291300E-003
   6.4384236651766908        6.5582685346208518E-003   1.9672002545697624        3.0922392231557279E-003
   6.6658406759127811        7.0058336538660164E-003   1.9672002545697624        3.3037995471861888E-003
   6.9012904753346884        7.4854439987974766E-003   1.9672002545697624        3.5298560342054146E-003
   7.1450567963692624        7.9998531474204070E-003   1.9672002545697624        3.7713957775337269E-003
   7.3974330131920443        8.5520945113110643E-003   1.9672002545697624        4.0294764135477609E-003
   7.6587243988323896        9.1455137790575243E-003   1.9672002545697624        4.3052341069007424E-003
   7.9292442763577622        9.7837908326332493E-003   1.9672002545697624        4.5998857089627355E-003
   8.2093202460023029        1.0470988277465471E-002   1.9672002545697624        4.9147421339037099E-003
   8.4992881560440416        1.1211575811890289E-002   1.9672002545697624        5.2512091601056568E-003
   8.7994991583321234        1.2010491366175009E-002   1.9672002545697624        5.6108034244842812E-003
   9.1103132457223861        1.2873174325420731E-002   1.9672002545697624        5.9951536771373085E-003
   9.4321068148357909        1.3805642464342014E-002   1.9672002545697624        6.4060194058911234E-003
   9.7652657388916850        1.4814537367512709E-002   1.9672002545697624        6.8452926487167082E-003
   10.110193474162946        1.5907221689696112E-002   1.9672002545697624        7.3150196820397787E-003
   10.467303634806061        1.7091840192870088E-002   1.9672002545697624        7.8174035346010046E-003
   10.837027566606025        1.8377437688077744E-002   1.9672002545697624        8.3548276211026489E-003
   11.219811965471335        1.9774057857297866E-002   1.9672002545697624        8.9298673938957417E-003
   11.616115840724994        2.1292848096915021E-002   1.9672002545697624        9.5453014967233213E-003
   12.026419117330413        2.2946219099588879E-002   1.9672002545697624        1.0204142252181414E-002
   12.451213803399156        2.4747948424616539E-002   1.9672002545697624        1.0909640926170552E-002
   12.891014326336300        2.6713368261917919E-002   1.9672002545697624        1.1665325128561711E-002
   13.346348065368609        2.8859477359001341E-002   1.9672002545697624        1.2475005750298090E-002
   13.817766430769083        3.1205146865509049E-002   1.9672002545697624        1.3342820850530695E-002
   14.305834715756038        3.3771229657644966E-002   1.9672002545697624        1.4273244686030275E-002
   14.811143972217785        3.6580775798707894E-002   1.9672002545697624        1.5271139254887272E-002
   15.334300133051286        3.9659127783436748E-002   1.9672002545697624        1.6341765875976674E-002
   15.875936741648431        4.3034139327538627E-002   1.9672002545697624        1.7490845710537918E-002
   16.436703292225193        4.6736248121817064E-002   1.9672002545697624        1.8724574358854357E-002
   17.017278874447534        5.0798696278737510E-002   1.9672002545697624        2.0049692825464628E-002
   17.618359675531394        5.5257575124395351E-002   1.9672002545697624        2.1473505579122101E-002
   18.240671728221173        6.0152031506980140E-002   1.9672002545697624        2.3003958865754095E-002
   18.884968846184627        6.5524366905900064E-002   1.9672002545697624        2.4649691212414847E-002
   19.552019805756849        7.1420013031077798E-002   1.9672002545697624        2.6420057906013619E-002
   20.242632201214423        7.7887787795362956E-002   1.9670549576305858        2.8325222428965714E-002
   20.957638264717446        8.4979791358094761E-002   1.9666908788912827        3.0376222209754701E-002
   21.697899624358065        9.2751390895218846E-002   1.9663952525121935        3.2585142062065441E-002
   22.464312967141105       0.10126113560672688        1.9661552071242425        3.4965060886957770E-002
   23.257792778673313       0.11057029068534306        1.9659602952137443        3.7530141072090677E-002
   24.079299719823517       0.12074272607158115        1.9658020297175156        4.0295806182108394E-002
   24.929823759061236       0.13184412203501922        1.9656735205503111        4.3278784702451355E-002
   25.810395145829254       0.14394128594983707        1.9655691725114386        4.6497248406292095E-002
   26.722064579292049       0.15710082823784377        1.9654844440532626        4.9970845141889181E-002
   27.665935811728254       0.17138833299290185        1.9654156458385015        5.3720928710333696E-002
   28.643146268414043       0.18686660346798886        1.9653597827382383        5.7770603741453340E-002
   29.654879655490589       0.20359417731381318        1.9653144225115349        6.2144893674884898E-002
   30.702343174827575       0.22150563020411895        1.9503066881682711        6.6819434046269027E-002
   31.786804983723918       0.24071291059673922        1.9313796038071618        7.1852735375887419E-002
   32.909571928103169       0.26130897254037561        1.9160111002051821        7.7301710746289554E-002
   34.072004028335677       0.28331483284489933        1.9035320432931024        8.3199261765379603E-002
   35.275488300232773       0.30673833926301025        1.8933993061273597        8.9580739747988039E-002
   36.521481794408061       0.33157380841569856        1.8851716782128507        9.6484228210880582E-002
   37.811486012809581       0.35780081479822656        1.8784909699311456       0.10395046056511673     
   39.147055493126302       0.38538415466936149        1.8730663367793967       0.11202288495320949     
   40.529808025860810       0.41427446133290929        1.8686615939637643       0.12074772056587556     
   41.961393513511240       0.44440859725387072        1.8650850335275084       0.13017371585287396     
   43.443545167355794       0.47571242674775993        1.8621809210451752       0.14035238986903076     
   44.978049075047366       0.50810252346679685        1.8598228260373151       0.15133772020648301     
   46.566763998623138       0.54148951683434987        1.8579080786702746       0.16318611460048202     
   48.211585595230147       0.57578078623508189        1.8563533432487114       0.17595593296215611     
   49.914505239722644       0.61088555073213313        1.8550909218175693       0.18970767974588593     
   51.677575059319224       0.64671826375009234        1.8540658548848286       0.20450346987791193     
   53.502930680545909       0.68320334305288444        1.8532335117417589       0.22040691643865473     
   55.392750120602578       0.72027859646156989        1.8525576662544063       0.23748246416205945     
   57.349321371645829       0.75790063229045157        1.8520088900346492       0.25579568445247242     
   59.375002227322796       0.79604776448892967        1.8515632921206211       0.27541266733620717     
   61.472246417894510       0.83472372766903857        1.8512014714858194       0.29640005756389243     
   63.643556378429672       0.87395938816387908        1.8509076805832445       0.31882444137284932     
   65.891560899834928       0.91381599190615581        1.8506691268547157       0.34275308212907818     
   68.218968971510208       0.95438526408647184        1.8504754248683890       0.36825353435848018     
   70.628585269218178       0.99313590894952841        1.8495329446738824       0.39416918398745365     
   73.123328588587739        1.0256544722452494        1.8467260645910293       0.41843480773498282     
   75.706175661273647        1.0599162870636847        1.8444469357806004       0.44470912295050286     
   78.380253523498894        1.0959915983739037        1.8425963179746996       0.47301148534756449     
   81.148784610322849        1.1339836741484621        1.8410936445637671       0.50336936528993093     
   84.015122474940881        1.1740239005820459        1.8398734901817264       0.53581871697835881     
   86.982687236203873        1.2162652468172364        1.8388827499565714       0.57040334161174033     
   90.055071705548812        1.2608779217617807        1.8380782840162082       0.60717626003911218     
   93.235978303002270        1.3080425191848277        1.8374250699518371       0.64619920882180670     
   96.529260096906100        1.3579445191392958        1.8368946672726829       0.68754332729232692     
   99.938826062156153        1.4107666437560846        1.8364639935200271       0.73128809692001384     
   103.46886588546354        1.4666860552348049        1.8361142888436621       0.77752424784908414     
   107.12359379692580        1.5258640948339408        1.8358303343350162       0.82635037037072734     
   110.90736836557576        1.5884417346303659        1.8355997703529143       0.87787406596924533     
   114.82483910697920        1.6545357373041742        1.8354125536900807       0.93221337649825331     
   118.88068277378797        1.7242280314806502        1.8352605368052692       0.98949224464871011     
   123.07973629915718        1.7975617211677355        1.8351371028845489        1.0498409330064435     
   127.42715949490271        1.8745381185974668        1.8350368752318684        1.1133966452876565     
   131.92808807993632        1.9551051809096844        1.8349554928765479        1.1802962758132305     
   136.58805281121437        2.0391600176619278        1.8348894108595855        1.2506798179590097     
   141.41261684513370        2.1265382833776267        1.8348357533367479        1.3246817805176112     
   146.40753387824964        2.2170138252842166        1.8347921847658739        1.4024297574433779     
   151.57894168226974        2.2594925230282787        1.8218115637077592        1.4437945888241215     
   156.93294936957258        2.2006226863862017        1.7842478340189316        1.4011669478555504     
   162.47613596373097        2.1619593936924990        1.7537462957830279        1.3696325327930408     
   168.21511902855468        2.1397948497313282        1.7289795428968504        1.3482312852264808     
   174.15674278185460        2.1311140743521308        1.7088695569824821        1.3362272475581338     
   180.30830831190286        2.1334398176332199        1.6925403609901906        1.3330565651061395     
   186.67715947709803        2.1447102505166522        1.6792813194676519        1.3382826133855554     
   193.27089166569760        2.1631824264153074        1.6685153082960795        1.3515557090789780     
   200.09760727912413        2.1873599336011309        1.6597733674899309        1.3725811484353414     
   207.16537088595135        2.2159357926612753        1.6526751294898288        1.4010917431203860     
   214.48286737908427        2.2477538153549652        1.6469113999677294        1.4368304019002858     
   222.05883252794877        2.2817770447724492        1.6422313453530242        1.4795349561679099     
   229.90230130529540        2.3170683432531476        1.6384312576785234        1.5289314350996859     
   238.02291179328489        2.3527783657460528        1.6353456077586708        1.5847335305952548     
   246.43025707061713        2.3881343728320457        1.6328401369482684        1.6466392545745847     
   255.13466811288930        2.4224390399156395        1.6308057086751555        1.7143396747872870     
   264.14653641505117        2.4550655036054838        1.6291537860109560        1.7875189166338683     
   273.47660938458705        2.4854582620670125        1.6278124659896620        1.8658616926868918     
   283.13635184814427        2.5131345240589642        1.6267233216407113        1.9490620166332944     
   293.13729579387660        2.5376826015049612        1.6258389541462208        2.0368228229284253     
   303.49136818478553        2.5587634819825205        1.6251208697877615        2.1288629999350794     
   314.21129214162710        2.5761111792208675        1.6245377893083333        2.2249245362356893     
   325.30973137660959        2.5895300902081977        1.6240643424950969        2.3247674631023778     
   336.80032369109853        2.5988947428239051        1.6236799063329690        2.4281807270795341     
   348.69678677735646        2.6041457565036321        1.6233677504228570        2.5349748744918337     
   361.01330816366544        2.6052868302624836        1.6231142876058140        2.6449854178827508     
   373.76502243504467        2.5736522638157391        1.5862916562818470        2.7285278784020672     
   386.96715283564077        2.4432378252264648        1.4350110382153318        2.7083522907468840     
   400.63544401132759        2.3249988782320967        1.3121749477349087        2.6946302829920876     
   414.78669160661980        2.2170400278539546        1.2124327298674407        2.6879623964975399     
   429.43761284149554        2.1177782360192232        1.1314445355086660        2.6889530591626039     
   444.60621081975989        2.0258935649635994        1.0656825750389731        2.6981141958638881     
   460.31059410826708        1.9403021294853404        1.0122849328719672        2.7158107201499102     
   476.56949149896485        1.8601198553586940       0.96892737862279477        2.7422422565694626     
   493.40288198244309        1.7846306364002527       0.93372128727612747        2.7774536526593812     
   510.83065126063684        1.7132664339852761       0.90513481878205970        2.8213574793107292     
   528.87421463804299        1.6455764475887358       0.88192276638406042        2.8737685555075454     
   547.55511287104378        1.5812121841660098       0.86307495742190288        2.9344312150842948     
   566.89562449487210        1.5199062698874573       0.84777100641599268        3.0030466634569981     
   586.91951519858117        1.4614543413784309       0.83534428386649850        3.0792960634641062     
   607.65068989177485        1.4057055051735057       0.82525398729889388        3.1628497188827653     
   629.11387223602765        1.3525481514964834       0.81706091803467507        3.2533777890431943     
   651.33543626567803        1.3018982159681785       0.81040819165467726        3.3505582111527703     
   674.34163286578985        1.2536952204001879       0.80500634368499635        3.4540700390498285     
   698.16073213207346        1.2078906831429517       0.80062007337167174        3.5636014091178136     
   722.82116976782140        1.1575786028703290       0.79009184219975648        3.6623619805818435     
   748.35235540965130        1.1089151255130636       0.77956326952974142        3.7645091488868632     
   774.78566186873422        1.0639477676453515       0.77101412745774256        3.8748425841062000     
   802.15264573967897        1.0223833595841156       0.76407236316216587        3.9925490321632617     
   830.48594444209971       0.98397419619998194       0.75843582361068274        4.1168753820498445     
   859.82037403360118       0.94850689315653991       0.75385898504667437        4.2471172997802578     
   890.19058800385733       0.91579763553695070       0.75014270623218926        4.3825948688503855     
   921.63390537915473       0.88568265342299313       0.74712510863753256        4.5226529453064224     
   954.18786380243341       0.85801624139290511       0.74467486847722553        4.6666396403787722     
   987.89128659474920       0.83266577540069053       0.74268533455095609        4.8139017747844983     
   1022.7855886411724       0.80950811439238191       0.74106984413969035        4.9637822679962698     
   1058.9119914466876       0.78842948602248875       0.73975810619952798        5.1156007884737900     
   1096.3148872627712       0.76932164863855801       0.73869298233486713        5.2686618995878902     
   1135.0389283928459       0.75208246703030701       0.73782811908288226        5.4222375508522411     
   1175.1302964981960       0.73661412665158243       0.73712587168310517        5.5755686944116256     
   1216.6382559936744       0.72282197237400070       0.73655565072547258        5.7278683961162997     
   1259.6123598874483       0.71061506468449243       0.73609264058352564        5.8783101520435235     
   1304.1038583964914       0.69990512621112133       0.73571668789099787        6.0260345639939512     
   1350.1674228314519       0.69060592014860644       0.73541141640914276        6.1701577697432741     
   1397.8574692241625       0.58401622342333492       0.61802476932030015        5.4940878472792738     
   1447.2325992722181       0.48485953942622517       0.50532493508540310        4.8526753263642339     
   1498.3517579647787       0.40404564992007275       0.41381450294844541        4.3239415425702292     
   1551.2759091786245       0.32467381542775370       0.33611148297538196        3.5896057767331269     
   1606.0700862978565       0.26098166921122151       0.27291705672932803        2.9682445513823001     
   1662.7990190437411       0.21011058812519939       0.22160475803944882        2.4506297280403420     
   1721.5324161293761       0.16940481706998101       0.17993945873539527        2.0200199477499372     
   1782.3403946248577       0.13677542523459077       0.14610791346015792        1.6623203784400253     
   1845.2954731357936       0.11057494859905308       0.11863754210898902        1.3656522332319969     
   1910.4750110852074        8.9501085930257976E-002   9.6331754343419965E-002   1.1200015552536029     
   1977.9568210713478        7.2523911747750983E-002   7.8219817520796972E-002  0.91694919421981680     
   2047.8213808026539        5.8826533660774998E-002   6.3513376347075698E-002  0.74941225036790959     
   2120.1545400970977        4.7759403435584637E-002   5.1571828436625083E-002  0.61143287320235562     
   2195.0417479108573        3.8805870446275710E-002   4.1875589233269429E-002  0.49801594749943290     
   2272.5750259096239        3.1553310649243368E-002   3.4002297277023780E-002  0.40496750037745510     
   2352.8469348264384        2.5672147327789489E-002   2.7609312281546245E-002  0.32877950385325955     
   2435.9532056335870        2.0898346145570703E-002   2.2418367840804022E-002  0.26651879025202319     
   2521.9959596104222        1.7019856095337078E-002   1.8203350012399828E-002  0.21573581034246939     
   2611.0779162676686        1.3866332435968173E-002   1.4780824100442380E-002  0.17439274855858247     
   2703.3053132971791        1.1300544737114821E-002   1.2001818382684442E-002  0.14079606551450577     
   2798.7914800504532        9.2116894510502340E-003   9.7452812959743212E-003  0.11354084492860572     
   2897.6492167059700        7.5103253025546792E-003   7.9130294364950313E-003   9.1466717102348091E-002
   3000.0000000000000        6.1239858278119468E-003   6.4252511830395591E-003   7.3615587477488198E-002
