         200   4370.0000000000000     
   3.0000000000000000        1.4877486715606156E-003   10.938664766671135        7.2236548830545931E-004
   3.1059655287322618        1.5932496393616714E-003   10.938664766671135        7.7014429164326873E-004
   3.2156739552243598        1.7060136116144049E-003   10.938664766671135        8.2124831493225455E-004
   3.3292574962321346        1.8264874425872706E-003   10.938664766671135        8.7591069703102950E-004
   3.4468529954360925        1.9551415172372453E-003   10.938664766671135        9.3438045093722252E-004
   3.5686022069563790        2.0924721504706960E-003   10.938664766671135        9.9692350211737875E-004
   3.6946518254059528        2.2390042578782085E-003   10.938664766671135        1.0638236512595873E-003
   3.8251536998800524        2.3952948386666444E-003   10.938664766671135        1.1353836791325551E-003
   3.9602651907155879        2.5619373284929414E-003   10.938664766671135        1.2119265974538573E-003
   4.1001490688558144        2.7395661432872867E-003   10.938664766671135        1.2937967152030811E-003
   4.2449739038313119        2.9288625988690741E-003   10.938664766671135        1.3813610494449618E-003
   4.3949142193596993        3.1305613883712753E-003   10.938664766671135        1.4750106989398369E-003
   4.5501507036585132        3.3454579898395437E-003   10.938664766671135        1.5751623493447837E-003
   4.7108703059600501        3.5744167974634438E-003   10.938664766671135        1.6822598175492288E-003
   4.8772669425686850        3.8183810350641912E-003   10.938664766671135        1.7967761392572818E-003
   5.0495410155906377        4.0783818970276881E-003   10.938664766671135        1.9192150158634255E-003
   5.2279001269311909        4.3555503249967991E-003   10.938664766671135        2.0501132282270793E-003
   5.4125592113782046        4.6511289242435480E-003   10.938664766671135        2.1900428637260001E-003
   5.6037407956130689        4.9664850465680338E-003   10.938664766671135        2.3396138469161942E-003
   5.8016752663703963        5.3031249197388365E-003   10.938664766671135        2.4994767233526205E-003
   6.0066011480696169        5.6627088874669773E-003   10.938664766671135        2.6703257242890500E-003
   6.2187653902530293        6.0470678492797634E-003   10.938664766671135        2.8529021412381562E-003
   6.4384236651766908        6.4582210212461169E-003   10.938664766671135        3.0479980405317421E-003
   6.6658406759127811        6.8983951767758647E-003   10.938664766671135        3.2564603491302187E-003
   6.9012904753346884        7.3700455722569671E-003   10.938664766671135        3.4791953440620723E-003
   7.1450567963692624        7.8758788158098583E-003   10.938664766671135        3.7171735791171664E-003
   7.3974330131920443        8.4188771654760478E-003   10.938664766671135        3.9714348942757414E-003
   7.6587243988323896        9.0023304886559987E-003   10.938664766671135        4.2430962719217291E-003
   7.9292442763577622        9.6298578728565599E-003   10.938664766671135        4.5333539525969982E-003
   8.2093202460023029        1.0305455405277577E-002   10.938664766671135        4.8434966014665806E-003
   8.4992881560440416        1.1033520200315441E-002   10.938664766671135        5.1749060869223582E-003
   8.7994991583321234        1.1818910578594617E-002   10.938664766671135        5.5290732242998354E-003
   9.1103132457223861        1.2666978802575085E-002   10.938664766671135        5.9075990002057134E-003
   9.4321068148357909        1.3583646784128130E-002   10.938664766671135        6.3122129038463079E-003
   9.7652657388916850        1.4575450807858778E-002   10.938664766671135        6.7447746991568733E-003
   10.110193474162946        1.5649637208406814E-002   10.938664766671135        7.2072957691927146E-003
   10.467303634806061        1.6814222422587715E-002   10.938664766671135        7.7019415765707099E-003
   10.837027566606025        1.8078108956274600E-002   10.938664766671135        8.2310549182679233E-003
   11.219811965471335        1.9451182512982931E-002   10.938664766671135        8.7971673789798126E-003
   11.616115840724994        2.0944414975425867E-002   10.938664766671135        9.4030102930025752E-003
   12.026419117330413        2.2570021107045677E-002   10.938664766671135        1.0051544735756096E-002
   12.451213803399156        2.4341560048382106E-002   10.938664766671135        1.0745966681276520E-002
   12.891014326336300        2.6274119404748327E-002   10.938664766671135        1.1489743789692364E-002
   13.346348065368609        2.8384424519069622E-002   10.938664766671135        1.2286622203717431E-002
   13.817766430769083        3.0691039768044420E-002   10.938664766671135        1.3140669707982338E-002
   14.305834715756038        3.3214474543995662E-002   10.938664766671135        1.4056284574043421E-002
   14.811143972217785        3.5977393106463508E-002   10.938664766671135        1.5038246237788462E-002
   15.334300133051286        3.9004705620642441E-002   10.938664766671135        1.6091726637660390E-002
   15.875936741648431        4.2323779987091380E-002   10.938664766671135        1.7222349702123704E-002
   16.436703292225193        4.5964509244577983E-002   10.938664766671135        1.8436205631402348E-002
   17.017278874447534        4.9959523278612021E-002   10.938664766671135        1.9739920624355613E-002
   17.618359675531394        5.4344226710115670E-002   10.938664766671135        2.1140674527449100E-002
   18.240671728221173        5.9156994372885421E-002   10.938664766671135        2.2646277735282449E-002
   18.884968846184627        6.4439259902764182E-002   10.938664766671135        2.4265220691287861E-002
   19.552019805756849        7.0235481167621558E-002   10.938664766671135        2.6006697742123077E-002
   20.242632201214423        7.6593379290319702E-002   10.938483805536222        2.7880728506890398E-002
   20.957638264717446        8.3563821269720492E-002   10.938030361009215        2.9898189157650096E-002
   21.697899624358065        9.1200786840623604E-002   10.937662170974571        3.2070895940200420E-002
   22.464312967141105        9.9561263125333838E-002   10.937363204691595        3.4411698712215305E-002
   23.257792778673313       0.10870476069971823        10.937120450228004        3.6934509548180249E-002
   24.079299719823517       0.11869317340180159        10.936923337308924        3.9654476478459114E-002
   24.929823759061236       0.12958996165354469        10.936763284627324        4.2588025141601052E-002
   25.810395145829254       0.14145943940478994        10.936633323599604        4.5752993041792929E-002
   26.722064579292049       0.15436542650652815        10.936527797922066        4.9168659364733587E-002
   27.665935811728254       0.16837038110321698        10.936442112682627        5.2855967787210217E-002
   28.643146268414043       0.18353361980514116        10.936372537576087        5.6837566274775451E-002
   29.654879655490589       0.19990979926554839        10.936316043350191        6.1137966515145047E-002
   30.702343174827575       0.21744363474779277        10.926518696151268        6.5738942004650108E-002
   31.786804983723918       0.23623402322612108        10.914172547891351        7.0694568276498976E-002
   32.909571928103169       0.25636151267396790        10.904147663953452        7.6057692555134684E-002
   34.072004028335677       0.27784165832334135        10.896007567790654        8.1860487519786751E-002
   35.275488300232773       0.30067632401818317        10.889397977378302        8.8137437091774032E-002
   36.521481794408061       0.32485329360846144        10.884031090850923        9.4925590076175292E-002
   37.811486012809581       0.35034506765822548        10.879673260909815       0.10226444848411674     
   39.147055493126302       0.37710882287095104        10.876134769514632       0.11019599331761404     
   40.529808025860810       0.40508702208389785        10.873261553185527       0.11876469355455373     
   41.961393513511240       0.43420782978640987        10.870928560709570       0.12801721314247350     
   43.443545167355794       0.46438785334752142        10.869034206429385       0.13800258248587757     
   44.978049075047366       0.49553387123186038        10.867496019668970       0.14877181593221647     
   46.566763998623138       0.52754616374806207        10.866247028835360       0.16037779715336267     
   48.211585595230147       0.56032123704315306        10.865232874005525       0.17287471391471632     
   49.914505239722644       0.59375685968562042        10.864409395763547       0.18631814038074412     
   51.677575059319224       0.62775548555916805        10.863740744000486       0.20076440055571834     
   53.502930680545909       0.66222896284107413        10.863197806078743       0.21627033992546424     
   55.392750120602578       0.69710201276239059        10.862756951669891       0.23289255557540853     
   57.349321371645829       0.73231757998135172        10.862398984618972       0.25068756696361971     
   59.375002227322796       0.76783980421876441        10.862108320837606       0.26971111396138447     
   61.472246417894510       0.80365773488552894        10.861872305024715       0.29001809492656050     
   63.643556378429672       0.83978714737498084        10.861680665046199       0.31166189411198425     
   65.891560899834928       0.87627372968546458        10.861525056308791       0.33469503588983585     
   68.218968971510208       0.91319328793989174        10.861398704389183       0.35916877742176329     
   70.628585269218178       0.94810379143745904        10.860298318787773       0.38395030116971973     
   73.123328588587739       0.97676019372822909        10.856810457676444       0.40702217909030558     
   75.706175661273647        1.0068137370406078        10.853978386297896       0.43189700606987252     
   78.380253523498894        1.0383237839758366        10.851678787566680       0.45857376688938362     
   81.148784610322849        1.0713818975256295        10.849811548497559       0.48705809465870986     
   84.015122474940881        1.1061067708449996        10.848295370786582       0.51736264880442651     
   86.982687236203873        1.1426376528449529        10.847064265715899       0.54950652031026825     
   90.055071705548812        1.1811296039261625        10.846064627189897       0.58351646088220710     
   93.235978303002270        1.2217465259528386        10.845252935965011       0.61942627987556675     
   96.529260096906100        1.2646553478266189        10.844593851564062       0.65727723727683995     
   99.938826062156153        1.3100183761311350        10.844058691461303       0.69711668098549573     
   103.46886588546354        1.3579898495387224        10.843624144453525       0.73900009629035357     
   107.12359379692580        1.4087061614723959        10.843271299351903       0.78298714512505696     
   110.90736836557576        1.4622810991934643        10.842984797925714       0.82914151391753055     
   114.82483910697920        1.5188018134183054        10.842752160371427       0.87753053273183956     
   118.88068277378797        1.5783191398186638        10.842563262461606       0.92821892808292206     
   123.07973629915718        1.6408437821197603        10.842409882067997       0.98126639277165317     
   127.42715949490271        1.7063435441616361        10.842285338046960        1.0367244968741940     
   131.92808807993632        1.7747334426713306        10.842184211406749        1.0946258023987354     
   136.58805281121437        1.8458780048820820        10.842102097140966        1.1549812636319130     
   141.41261684513370        1.9195826266792935        10.842035421692874        1.2177660685871690     
   146.40753387824964        1.9955938631991894        10.841981282891252        1.2829105591420964     
   151.57894168226974        2.0248450628165249        10.825150532080155        1.3132490221864448     
   156.93294936957258        1.9564907962267983        10.776441188146972        1.2652335876266316     
   162.47613596373097        1.9072339244798513        10.736889473534731        1.2263437045497088     
   168.21511902855468        1.8733630855998147        10.704774124648061        1.1953535928303010     
   174.15674278185460        1.8518676426200871        10.678697261980055        1.1712249628367717     
   180.30830831190286        1.8402837500543385        10.657522995464713        1.1530534581341347     
   186.67715947709803        1.8365741023967459        10.640329835491116        1.1400238946834080     
   193.27089166569760        1.8390316887446456        10.626369418213915        1.1313696754722622     
   200.09760727912413        1.8462071186173201        10.615033637531367        1.1263415967973684     
   207.16537088595135        1.8568528422782791        10.605829266215437        1.1241873778187772     
   214.48286737908427        1.8698825781723698        10.598355368230465        1.1241418107539587     
   222.05883252794877        1.8843406520631651        10.592286684642829        1.1254303447344349     
   229.90230130529540        1.8993812253383653        10.587359064860445        1.1272844456602038     
   238.02291179328489        1.9142545791666055        10.583357865180643        1.1289673063501693     
   246.43025707061713        1.9282965672253085        10.580108990789579        1.1298055898940200     
   255.13466811288930        1.9409242948588752        10.577470922970370        1.1292228418803030     
   264.14653641505117        1.9516316907748541        10.575328854813959        1.1267687962415389     
   273.47660938458705        1.9599883890212235        10.573589548872237        1.1221403112157171     
   283.13635184814427        1.9656389930566120        10.572177242183697        1.1151901395956829     
   293.13729579387660        1.9683017630858450        10.571030472126267        1.1059234041926591     
   303.49136818478553        1.9677681604296131        10.570099323428375        1.0944818753597851     
   314.21129214162710        1.9639012658061592        10.569343235897950        1.0811187417629164     
   325.30973137660959        1.9566338397871734        10.568729311672351        1.0661696968587329     
   336.80032369109853        1.9459651013552661        10.568230808637736        1.0500205057965823     
   348.69678677735646        1.9319575960338744        10.567826032282653        1.0330791308258387     
   361.01330816366544        1.9147327382228334        10.567497363973327        1.0157506679930508     
   373.76502243504467        1.8859548365571692        10.278621811907199       0.98122373624980330     
   386.96715283564077        1.8257948943548825        9.0873495561897499       0.88655600260422729     
   400.63544401132759        1.7669298229198134        8.1200661826793130       0.79782447858994698     
   414.78669160661980        1.7089170811119829        7.3346374979750122       0.71609708477761047     
   429.43761284149554        1.6514509059611959        6.6968889865441579       0.64198226702398076     
   444.60621081975989        1.5943337956488954        6.1790407652029993       0.57566210816757579     
   460.31059410826708        1.5374609700625552        5.7585564331895647       0.51698298246508390     
   476.56949149896485        1.4808004287246470        5.4171336381683819       0.46555009123305768     
   493.40288198244309        1.4243753160404182        5.1399002398020572       0.42081675493456439     
   510.83065126063684        1.3682550534740006        4.9147936316908138       0.38216234670357851     
   528.87421463804299        1.3125383229658918        4.7320083259893586       0.34894248357097968     
   547.55511287104378        1.2573478054005005        4.5835896310854709       0.32052927733510678     
   566.89562449487210        1.2028198049251788        4.4630773508660546       0.29633251315983694     
   586.91951519858117        1.1490954170323253        4.3652220539224684       0.27581159651176784     
   607.65068989177485        1.0963187783856601        4.2857651445934453       0.25848279993203560     
   629.11387223602765        1.0446305910281248        4.2212481150599919       0.24391921088952223     
   651.33543626567803       0.99416286541524712        4.1688606482274295       0.23174854042995438     
   674.34163286578985       0.94504059943265339        4.1263233311663781       0.22165075284445585     
   698.16073213207346       0.89737519559477008        4.0917832678250132       0.21335248450415120     
   722.82116976782140       0.84935257629597827        4.0618230374849329       0.20411964766346913     
   748.35235540965130       0.80279139415650325        4.0369520474084437       0.19605580764248959     
   774.78566186873422       0.75834357991414225        4.0167569426872962       0.18974187406019005     
   802.15264573967897       0.71599698889275387        4.0003588461627650       0.18493223792138222     
   830.48594444209971       0.67574129523744997        3.9870440005854659       0.18142836004836790     
   859.82037403360118       0.63756497241501187        3.9762324205095259       0.17907099058758949     
   890.19058800385733       0.60145760513858615        3.9674536870179873       0.17773387586023454     
   921.63390537915473       0.56740590346772901        3.9603254045637772       0.17731805660967795     
   954.18786380243341       0.53539691200014017        3.9545373551650616       0.17774749527742389     
   987.89128659474920       0.50541721233889536        3.9498376033479894       0.17896529827054741     
   1022.7855886411724       0.47745296700695278        3.9460214311804447       0.18093082963440574     
   1058.9119914466876       0.45149373701049977        3.9429227945166514       0.18361721188912905     
   1096.3148872627712       0.42753160250798272        3.9404067188909724       0.18700963738280166     
   1135.0389283928459       0.40556555498404473        3.9383637064113373       0.19110371166879095     
   1175.1302964981960       0.38560307254589055        3.9367048312096831       0.19590440434915568     
   1216.6382559936744       0.36766258063997248        3.9353578338318789       0.20142544053577305     
   1259.6123598874483       0.35177842248352159        3.9342640938723741       0.20768838565234751     
   1304.1038583964914       0.33800408591703779        3.9333760042919357       0.21472240836646761     
   1350.1674228314519       0.32641635738495600        3.9326548805238914       0.22256437843758267     
   1397.8574692241625       0.27566320660468491        3.2929521241384863       0.19924938657465788     
   1447.2325992722181       0.23126058555896495        2.6759589096079215       0.17653363398854821     
   1498.3517579647787       0.19598229853173163        2.1749704558930443       0.15788602375196459     
   1551.2759091786245       0.15727220118817792        1.7661060277463856       0.13436069632808656     
   1606.0700862978565       0.12713682548705510        1.4340493656974309       0.11436151173481031     
   1662.7990190437411       0.10385690738519467        1.1644276342067634        9.7529181912849608E-002
   1721.5324161293761        8.5806523761155981E-002  0.94549629750460062        8.3331404943661064E-002
   1782.3403946248577        7.1745567573301181E-002  0.76772761340716333        7.1330885062569419E-002
   1845.2954731357936        6.0727212471140088E-002  0.62338387365077896        6.1166996142229556E-002
   1910.4750110852074        5.2028153143048109E-002  0.50617756496513044        5.2541362785252614E-002
   1977.9568210713478        4.5096478369675418E-002  0.41100794887992514        4.5207144372195050E-002
   2047.8213808026539        3.9510969045499750E-002  0.33373259317448251        3.8959358510850021E-002
   2120.1545400970977        3.4950402939645839E-002  0.27098543690784060        3.3627234334153558E-002
   2195.0417479108573        3.1170678019016865E-002  0.22003631029090998        2.9068615114052034E-002
   2272.5750259096239        2.7986563152720471E-002  0.17866590467715329        2.5164485395270032E-002
   2352.8469348264384        2.5258394239143195E-002  0.14507380828147076        2.1815325232469079E-002
   2435.9532056335870        2.2881416858476937E-002  0.11779786345109690        1.8937605850791163E-002
   2521.9959596104222        2.0777611303383701E-002   9.5649948932067075E-002   1.6461000897436368E-002
   2611.0779162676686        1.8889557749552522E-002   7.7666202617547406E-002   1.4326357629533165E-002
   2703.3053132971791        1.7175424941172187E-002   6.3063848940647177E-002   1.2483737444899626E-002
   2798.7914800504532        1.5605076838798032E-002   5.1206819494961947E-002   1.0890851024188122E-002
   2897.6492167059700        1.4157200989423238E-002   4.1579207177970971E-002   9.5119485560990879E-003
   3000.0000000000000        1.2816805895131334E-002   3.3761639869298740E-002   8.3166260746636838E-003
