         200   4370.0000000000000     
   3.0000000000000000        3.1278649682471692E-003   2.8660741716252068E-002   1.3807281328835264E-002
   3.1059655287322618        3.3031906741866576E-003   2.8660741716252068E-002   1.4063068813980591E-002
   3.2156739552243598        3.4852149357668229E-003   2.8660741716252068E-002   1.4314476663875293E-002
   3.3292574962321346        3.6739184618359683E-003   2.8660741716252068E-002   1.4561056058943499E-002
   3.4468529954360925        3.8692540583634451E-003   2.8660741716252068E-002   1.4802394201769859E-002
   3.5686022069563790        4.0711452197564673E-003   2.8660741716252068E-002   1.5038117899463981E-002
   3.6946518254059528        4.2794845436099896E-003   2.8660741716252068E-002   1.5267895661864667E-002
   3.8251536998800524        4.4941327278105701E-003   2.8660741716252068E-002   1.5491439257285322E-002
   3.9602651907155879        4.7149180978793810E-003   2.8660741716252068E-002   1.5708504558469720E-002
   4.1001490688558144        4.9416356933804396E-003   2.8660741716252068E-002   1.5918890769779245E-002
   4.2449739038313119        5.1740474745723773E-003   2.8660741716252068E-002   1.6122439721570576E-002
   4.3949142193596993        5.4118824596930230E-003   2.8660741716252068E-002   1.6319034067922806E-002
   4.5501507036585132        5.6548372583827269E-003   2.8660741716252068E-002   1.6508594983142184E-002
   4.7108703059600501        5.9025767263293158E-003   2.8660741716252068E-002   1.6691079239489155E-002
   4.8772669425686850        6.1547358365318331E-003   2.8660741716252068E-002   1.6866476569991799E-002
   5.0495410155906377        6.4109199884491439E-003   2.8660741716252068E-002   1.7034805404770856E-002
   5.2279001269311909        6.6707074147347644E-003   2.8660741716252068E-002   1.7196109791263479E-002
   5.4125592113782046        6.9336509244190660E-003   2.8660741716252068E-002   1.7350455559200232E-002
   5.6037407956130689        7.1992800644073655E-003   2.8660741716252068E-002   1.7497926652473957E-002
   5.8016752663703963        7.4671035045406342E-003   2.8660741716252068E-002   1.7638621584514905E-002
   6.0066011480696169        7.7366116334556256E-003   2.8660741716252068E-002   1.7772650104039774E-002
   6.2187653902530293        8.0072793518551847E-003   2.8660741716252068E-002   1.7900130148085797E-002
   6.4384236651766908        8.2785690483726301E-003   2.8660741716252068E-002   1.8021185147071909E-002
   6.6658406759127811        8.5499337409786057E-003   2.8660741716252068E-002   1.8135941732512918E-002
   6.9012904753346884        8.8208203639217227E-003   2.8660741716252068E-002   1.8244527882385980E-002
   7.1450567963692624        9.0906731766743059E-003   2.8660741716252068E-002   1.8347071522568880E-002
   7.3974330131920443        9.3589368711975013E-003   2.8660741716252068E-002   1.8443699446970691E-002
   7.6587243988323896        9.6250621202559668E-003   2.8660741716252068E-002   1.8534537514099409E-002
   7.9292442763577622        9.8885048211357351E-003   2.8660741716252068E-002   1.8619709049952853E-002
   8.2093202460023029        1.0148735585107259E-002   2.8660741716252068E-002   1.8699337131612207E-002
   8.4992881560440416        1.0405237028715261E-002   2.8660741716252068E-002   1.8773543162680286E-002
   8.7994991583321234        1.0657513379512233E-002   2.8660741716252068E-002   1.8842449612608291E-002
   9.1103132457223861        1.0905087700143904E-002   2.8660741716252068E-002   1.8906179285814197E-002
   9.4321068148357909        1.1147510988283392E-002   2.8660741716252068E-002   1.8964858101061962E-002
   9.7652657388916850        1.1384359210215968E-002   2.8660741716252068E-002   1.9018614763022135E-002
   10.110193474162946        1.1615241686889237E-002   2.8660741716252068E-002   1.9067583317389149E-002
   10.467303634806061        1.1839797828112879E-002   2.8660741716252068E-002   1.9111902951689529E-002
   10.837027566606025        1.2057703993763760E-002   2.8660741716252068E-002   1.9151719990722526E-002
   11.219811965471335        1.2268673030987774E-002   2.8660741716252068E-002   1.9187188168649588E-002
   11.616115840724994        1.2472453804119319E-002   2.8660741716252068E-002   1.9218468935589123E-002
   12.026419117330413        1.2668836467603445E-002   2.8660741716252068E-002   1.9245732500715429E-002
   12.451213803399156        1.2857648208347503E-002   2.8660741716252068E-002   1.9269157193815480E-002
   12.891014326336300        1.3038758106695770E-002   2.8660741716252068E-002   1.9288929991992516E-002
   13.346348065368609        1.3212072505453747E-002   2.8660741716252068E-002   1.9305245623092795E-002
   13.817766430769083        1.3377538809305003E-002   2.8660741716252068E-002   1.9318306504195443E-002
   14.305834715756038        1.3535140557411096E-002   2.8660741716252068E-002   1.9328321650673906E-002
   14.811143972217785        1.3684900235756485E-002   2.8660741716252068E-002   1.9335506151718682E-002
   15.334300133051286        1.3826874157153531E-002   2.8660741716252068E-002   1.9340079990903498E-002
   15.875936741648431        1.3961154395527316E-002   2.8660741716252068E-002   1.9342267214616092E-002
   16.436703292225193        1.4087863590828198E-002   2.8660741716252068E-002   1.9342294784277885E-002
   17.017278874447534        1.4207156136602166E-002   2.8660741716252068E-002   1.9340391597436234E-002
   17.618359675531394        1.4319213032599492E-002   2.8660741716252068E-002   1.9336787483057127E-002
   18.240671728221173        1.4424242172070641E-002   2.8660741716252068E-002   1.9331712236372353E-002
   18.884968846184627        1.4522475156649887E-002   2.8660741716252068E-002   1.9325394740545013E-002
   19.552019805756849        1.4614163030257959E-002   2.8660741716252068E-002   1.9318062371540896E-002
   20.242632201214423        1.4699577441883199E-002   2.8660275257006804E-002   1.9309939093707058E-002
   20.957638264717446        1.4779005997968055E-002   2.8659106423754587E-002   1.9301246143351890E-002
   21.697899624358065        1.4852750679823759E-002   2.8658157348994632E-002   1.9292204613064436E-002
   22.464312967141105        1.4921126183187925E-002   2.8657386710665093E-002   1.9283030353539725E-002
   23.257792778673313        1.4984456450378009E-002   2.8656760968215317E-002   1.9273936072485159E-002
   24.079299719823517        1.5043075428574127E-002   2.8656252874897307E-002   1.9265131134358252E-002
   24.929823759061236        1.5097323978772404E-002   2.8655840310878519E-002   1.9256822060999122E-002
   25.810395145829254        1.5147549393748287E-002   2.8655505313405528E-002   1.9249212862524533E-002
   26.722064579292049        1.5194103296516570E-002   2.8655233302357815E-002   1.9242505773556906E-002
   27.665935811728254        1.5237342739123796E-002   2.8655012433539007E-002   1.9236901653773432E-002
   28.643146268414043        1.5277628534218830E-002   2.8654833091429431E-002   1.9232600937327007E-002
   29.654879655490589        1.5315325523976011E-002   2.8654687467597063E-002   1.9229804399911937E-002
   30.702343174827575        1.5329083156293305E-002   2.6163263429384846E-002   1.9196208101951912E-002
   31.786804983723918        1.5331764085778790E-002   2.3018490774292775E-002   1.9150772520507980E-002
   32.909571928103169        1.5334556974090576E-002   2.0464983379539656E-002   1.9109942945887488E-002
   34.072004028335677        1.5337461547014651E-002   1.8391563290650115E-002   1.9073402594925470E-002
   35.275488300232773        1.5340518005092306E-002   1.6707988887318642E-002   1.9040890257530651E-002
   36.521481794408061        1.5343801343648421E-002   1.5340952169556839E-002   1.9012193070243655E-002
   37.811486012809581        1.5347416017273668E-002   1.4230939220909683E-002   1.8987141830609726E-002
   39.147055493126302        1.5351491080316786E-002   1.3329625649624064E-002   1.8965605476589643E-002
   40.529808025860810        1.5356175628948766E-002   1.2597768883149762E-002   1.8947485913776315E-002
   41.961393513511240        1.5361634305709341E-002   1.2003516263748822E-002   1.8932713500154227E-002
   43.443545167355794        1.5368043228407648E-002   1.1520992207348559E-002   1.8921241567108858E-002
   44.978049075047366        1.5375585747227536E-002   1.1129190038702328E-002   1.8913042071532556E-002
   46.566763998623138        1.5384448461757618E-002   1.0811050961051415E-002   1.8908100656350318E-002
   48.211585595230147        1.5394816993407794E-002   1.0552728583110405E-002   1.8906411911502063E-002
   49.914505239722644        1.5406872343327709E-002   1.0342974755203502E-002   1.8907974311406409E-002
   51.677575059319224        1.5420786799165774E-002   1.0172657848583618E-002   1.8912785415972088E-002
   53.502930680545909        1.5436720276741239E-002   1.0034362382359871E-002   1.8920836923302212E-002
   55.392750120602578        1.5454816238640826E-002   9.9220693124321777E-003   1.8932109500488705E-002
   57.349321371645829        1.5475198726054601E-002   9.8308890536698990E-003   1.8946568174111410E-002
   59.375002227322796        1.5497968668773270E-002   9.7568520753121800E-003   1.8964157400470236E-002
   61.472246417894510        1.5523201074018255E-002   9.6967348582784833E-003   1.8984796710586459E-002
   63.643556378429672        1.5550941692010115E-002   9.6479209163571906E-003   1.9008376026374178E-002
   65.891560899834928        1.5581205600003563E-002   9.6082847406033702E-003   1.9034752702946009E-002
   68.218968971510208        1.5613974788610152E-002   9.5761007708899271E-003   1.9063747998393443E-002
   70.628585269218178        1.5615010645205043E-002   9.5408676210696260E-003   1.9046482159426704E-002
   73.123328588587739        1.5526456023816927E-002   9.4885970461851838E-003   1.8900404881147054E-002
   75.706175661273647        1.5449570862143160E-002   9.4461544160619262E-003   1.8769923664974302E-002
   78.380253523498894        1.5382958260736360E-002   9.4116916482376699E-003   1.8653404762216230E-002
   81.148784610322849        1.5325394868780385E-002   9.3837084067971786E-003   1.8549364769916938E-002
   84.015122474940881        1.5275807685281882E-002   9.3609863206680407E-003   1.8456454413647773E-002
   86.982687236203873        1.5233256100138442E-002   9.3425364547666291E-003   1.8373448973689560E-002
   90.055071705548812        1.5196913862102805E-002   9.3275554452697442E-003   1.8299235482909092E-002
   93.235978303002270        1.5166056411298532E-002   9.3153910942254253E-003   1.8232806970799372E-002
   96.529260096906100        1.5140048552596728E-002   9.3055137741614932E-003   1.8173254484406605E-002
   99.938826062156153        1.5118334973222623E-002   9.2974936365087836E-003   1.8119762285566728E-002
   103.46886588546354        1.5100429939190663E-002   9.2909813296293258E-003   1.8071598111779944E-002
   107.12359379692580        1.5085911370429306E-002   9.2856934423773772E-003   1.8028111475396014E-002
   110.90736836557576        1.5074413150566521E-002   9.2813998097545265E-003   1.7988725736874055E-002
   114.82483910697920        1.5065618908962271E-002   9.2779134040993656E-003   1.7952931286130860E-002
   118.88068277378797        1.5059257441723477E-002   9.2750824994199364E-003   1.7920282763991470E-002
   123.07973629915718        1.5055097260582096E-002   9.2727838753939966E-003   1.7890392020498583E-002
   127.42715949490271        1.5052942049659773E-002   9.2709174055519827E-003   1.7862921864637588E-002
   131.92808807993632        1.5052626738418950E-002   9.2694018785709296E-003   1.7837583256491263E-002
   136.58805281121437        1.5054013332284658E-002   9.2681712791458180E-003   1.7814127630038732E-002
   141.41261684513370        1.5056987255871821E-002   9.2671720524305137E-003   1.7792344200751844E-002
   146.40753387824964        1.5061453707817528E-002   9.2663607052481650E-003   1.7772054337561984E-002
   151.57894168226974        1.4549115475803773E-002   9.1276017716742323E-003   1.7204319414294979E-002
   156.93294936957258        1.3053870744830321E-002   8.7266426421584026E-003   1.5596814321354728E-002
   162.47613596373097        1.1842610187576574E-002   8.4010660734504354E-003   1.4291232868743880E-002
   168.21511902855468        1.0862167099865941E-002   8.1367031957372774E-003   1.3230675072654017E-002
   174.15674278185460        1.0069316254947303E-002   7.9220471295374396E-003   1.2368970790143220E-002
   180.30830831190286        9.4288975202426618E-003   7.7477476053687631E-003   1.1668635216778534E-002
   186.67715947709803        8.9123582264794884E-003   7.6062192270332724E-003   1.1099284849422821E-002
   193.27089166569760        8.4964872733175011E-003   7.4913017120934716E-003   1.0636265320338385E-002
   200.09760727912413        8.1624057930523557E-003   7.3979893332389605E-003   1.0259559312550775E-002
   207.16537088595135        7.8947849423824084E-003   7.3222220078643652E-003   9.9529440101019263E-003
   214.48286737908427        7.6811511629122009E-003   7.2606993637848397E-003   9.7032417950129075E-003
   222.05883252794877        7.5113720668135769E-003   7.2107439775666920E-003   9.4997697486295159E-003
   229.90230130529540        7.3772068374113901E-003   7.1701814493333469E-003   9.3338572242777345E-003
   238.02291179328489        7.2719480718559867E-003   7.1372449034657528E-003   9.1984619808125299E-003
   246.43025707061713        7.1901429931856119E-003   7.1105012493214836E-003   9.0878744426744606E-003
   255.13466811288930        7.1273483572050957E-003   7.0887855518599443E-003   8.9974542332783777E-003
   264.14653641505117        7.0799473219522457E-003   7.0711527587653490E-003   8.9234371316059598E-003
   273.47660938458705        7.0449909530579096E-003   7.0568353703538101E-003   8.8627656160842321E-003
   283.13635184814427        7.0200722603099806E-003   7.0452097311084518E-003   8.8129540803597792E-003
   293.13729579387660        7.0032268298569024E-003   7.0357699011527920E-003   8.7719848378190329E-003
   303.49136818478553        6.9928486226390396E-003   7.0281049945614951E-003   8.7382176876403730E-003
   314.21129214162710        6.9876231865244713E-003   7.0218811333153889E-003   8.7103179917470113E-003
   325.30973137660959        6.9864742239026095E-003   7.0168275131429186E-003   8.6872015604558660E-003
   336.80032369109853        6.9885192057586969E-003   7.0127240018516713E-003   8.6679851092394244E-003
   348.69678677735646        6.9930341163726741E-003   7.0093920174340218E-003   8.6519503309758338E-003
   361.01330816366544        6.9994245552204969E-003   7.0066865291524274E-003   8.6385120655428967E-003
   373.76502243504467        6.9893323440325021E-003   6.9810863776657364E-003   8.5956899386220829E-003
   386.96715283564077        6.9239301314853929E-003   6.8827197483590950E-003   8.4561969701477200E-003
   400.63544401132759        6.8725303681893323E-003   6.8028484976186418E-003   8.3426958509408376E-003
   414.78669160661980        6.8324326818858883E-003   6.7379934891146622E-003   8.2502865300107652E-003
   429.43761284149554        6.8014307701707308E-003   6.6853328390292701E-003   8.1749962671460227E-003
   444.60621081975989        6.7777198585254085E-003   6.6425726859397505E-003   8.1135964277725334E-003
   460.31059410826708        6.7598269403911088E-003   6.6078521372004533E-003   8.0634679103730716E-003
   476.56949149896485        6.7465498170637987E-003   6.5796599171991325E-003   8.0224831428796824E-003
   493.40288198244309        6.7369080924520666E-003   6.5567679923703263E-003   7.9889121310653607E-003
   510.83065126063684        6.7301040678187842E-003   6.5381803200995660E-003   7.9613500718064834E-003
   528.87421463804299        6.7254888424123265E-003   6.5230872342643392E-003   7.9386527493594140E-003
   547.55511287104378        6.7225358889533805E-003   6.5108318940818545E-003   7.9198892208916186E-003
   566.89562449487210        6.7208184432135040E-003   6.5008808633763718E-003   7.9043002098064027E-003
   586.91951519858117        6.7199911927890441E-003   6.4928006821466386E-003   7.8912649708380266E-003
   607.65068989177485        6.7197752864211740E-003   6.4862397064265123E-003   7.8802757928408892E-003
   629.11387223602765        6.7199457929289228E-003   6.4809123577053256E-003   7.8709157829482228E-003
   651.33543626567803        6.7203214873671558E-003   6.4765865803647670E-003   7.8628412052103303E-003
   674.34163286578985        6.7207563904822729E-003   6.4730741570048116E-003   7.8557681365305117E-003
   698.16073213207346        6.7211328603778899E-003   6.4702220888981201E-003   7.8494603452497133E-003
   722.82116976782140        6.6252964802482909E-003   6.3718737974159155E-003   7.6623042105494477E-003
   748.35235540965130        6.5199961157193379E-003   6.2647251606433949E-003   7.4581042039975134E-003
   774.78566186873422        6.4342026578097181E-003   6.1777210673726905E-003   7.2915547761570592E-003
   802.15264573967897        6.3641421074180898E-003   6.1070751589120519E-003   7.1555098173549337E-003
   830.48594444209971        6.3067488854172031E-003   6.0497124424276003E-003   7.0441617477926708E-003
   859.82037403360118        6.2595310834222774E-003   6.0031342377429289E-003   6.9527879775993038E-003
   890.19058800385733        6.2204666007971074E-003   5.9653138967224687E-003   6.8775557491028080E-003
   921.63390537915473        6.1879107333434914E-003   5.9346039915217225E-003   6.8153479444098136E-003
   954.18786380243341        6.1605285179446032E-003   5.9096680480495520E-003   6.7636357739704290E-003
   987.89128659474920        6.1372354458011811E-003   5.8894206835972268E-003   6.7203668161367859E-003
   1022.7855886411724        6.1171502950706893E-003   5.8729799370011299E-003   6.6838758862922702E-003
   1058.9119914466876        6.0995592809966913E-003   5.8596304606289727E-003   6.6528169290027877E-003
   1096.3148872627712        6.0838836687926836E-003   5.8487907605414644E-003   6.6261014747145356E-003
   1135.0389283928459        6.0696567450038187E-003   5.8399891003972845E-003   6.6028542978584905E-003
   1175.1302964981960        6.0565032971041663E-003   5.8328423717834890E-003   6.5823738501501420E-003
   1216.6382559936744        6.0441232465394887E-003   5.8270392681544969E-003   6.5641005610898749E-003
   1259.6123598874483        6.0322796923839139E-003   5.8223272424054832E-003   6.5475928595970677E-003
   1304.1038583964914        6.0207880060625897E-003   5.8185011949669655E-003   6.5325055354484331E-003
   1350.1674228314519        6.0095070231646220E-003   5.8153944658640459E-003   6.5185721887947405E-003
   1397.8574692241625        5.2933728043818252E-003   5.1268917516926298E-003   5.7342764417622448E-003
   1447.2325992722181        4.6482582721868414E-003   4.5066318223617192E-003   5.0270874287798341E-003
   1498.3517579647787        4.1237340393990929E-003   4.0029908493678431E-003   4.4524720486757837E-003
   1551.2759091786245        3.3522650961250711E-003   3.2601948205153715E-003   3.6207676863920769E-003
   1606.0700862978565        2.7167167629807139E-003   2.6472251614337843E-003   2.9357562143335313E-003
   1662.7990190437411        2.2015756754432602E-003   2.1495090794463878E-003   2.3804392368915730E-003
   1721.5324161293761        1.7840602953296497E-003   1.7453664069502839E-003   1.9302583270905424E-003
   1782.3403946248577        1.4457031330101992E-003   1.4172091309775459E-003   1.5653143122526484E-003
   1845.2954731357936        1.1715200807325581E-003   1.1507536037700034E-003   1.2694681532563457E-003
   1910.4750110852074        9.4934853508716710E-004   9.3439320722219898E-004   1.0296247947151433E-003
   1977.9568210713478        7.6933353163600256E-004   7.5871208470921993E-004   8.3517739663846208E-004
   2047.8213808026539        6.2348269403406532E-004   6.1606339291700311E-004   6.7752632130729210E-004
   2120.1545400970977        5.0531167424457601E-004   5.0023345368984892E-004   5.4969611291479862E-004
   2195.0417479108573        4.0956990020039278E-004   4.0618243065005326E-004   4.4603944120099058E-004
   2272.5750259096239        3.3199725122602241E-004   3.2981352641348445E-004   3.6197455719385322E-004
   2352.8469348264384        2.6914452902729622E-004   2.6780321844845035E-004   2.9379177643270459E-004
   2435.9532056335870        2.1821651976936451E-004   2.1745239428297360E-004   2.3848438375489352E-004
   2521.9959596104222        1.7694703462090014E-004   1.7656780691066476E-004   1.9361409203506823E-004
   2611.0779162676686        1.4350193490265918E-004   1.4337018702434629E-004   1.5720675599240538E-004
   2703.3053132971791        1.1639532797491260E-004   1.1641454728537164E-004   1.2766225873524925E-004
   2798.7914800504532        9.4422873782105303E-005   9.4526718707577877E-005   1.0368285090830492E-004
   2897.6492167059700        7.6610245493866934E-005   7.6754347560735648E-005   8.4217850542529104E-005
   3000.0000000000000        6.2167511308008983E-005   6.2323281674342941E-005   6.8414652329639374E-005
