         200   4370.0000000000000     
   3.0000000000000000        2.1077127336998460E-003   1.5927192362328648        1.0160233559068344E-003
   3.1059655287322618        2.2594165326220400E-003   1.5927192362328648        1.0833426771635756E-003
   3.2156739552243598        2.4220217904926044E-003   1.5927192362328648        1.1553703338638547E-003
   3.3292574962321346        2.5962893707648540E-003   1.5927192362328648        1.2324410332905959E-003
   3.4468529954360925        2.7830342622453459E-003   1.5927192362328648        1.3149132360954542E-003
   3.5686022069563790        2.9831311443673054E-003   1.5927192362328648        1.4031708972235802E-003
   3.6946518254059528        3.1975203996631369E-003   1.5927192362328648        1.4976251442282713E-003
   3.8251536998800524        3.4272153625783210E-003   1.5927192362328648        1.5987162037963355E-003
   3.9602651907155879        3.6733109116523811E-003   1.5927192362328648        1.7069155860864030E-003
   4.1001490688558144        3.9369924288182572E-003   1.5927192362328648        1.8227280630953541E-003
   4.2449739038313119        4.2195469039780836E-003   1.5927192362328648        1.9466941915078527E-003
   4.3949142193596993        4.5223750331028776E-003   1.5927192362328648        2.0793928435456875E-003
   4.5501507036585132        4.8470049184736247E-003   1.5927192362328648        2.2214439865676843E-003
   4.7108703059600501        5.1951071335773289E-003   1.5927192362328648        2.3735115821674909E-003
   4.8772669425686850        5.5685128538708970E-003   1.5927192362328648        2.5363073224244259E-003
   5.0495410155906377        5.9692312686705539E-003   1.5927192362328648        2.7105935234552525E-003
   5.2279001269311909        6.3994715725132810E-003   1.5927192362328648        2.8971874602643582E-003
   5.4125592113782046        6.8616658791017969E-003   1.5927192362328648        3.0969655069701691E-003
   5.6037407956130689        7.3584947646918308E-003   1.5927192362328648        3.3108677805239414E-003
   5.8016752663703963        7.8929154257141500E-003   1.5927192362328648        3.5399032192698350E-003
   6.0066011480696169        8.4681927330100496E-003   1.5927192362328648        3.7851551396728801E-003
   6.2187653902530293        9.0879335243477764E-003   1.5927192362328648        4.0477873177126034E-003
   6.4384236651766908        9.7561245483187096E-003   1.5927192362328648        4.3290506447930584E-003
   6.6658406759127811        1.0477174557879356E-002   1.5927192362328648        4.6302904116239567E-003
   6.9012904753346884        1.1255961152683173E-002   1.5927192362328648        4.9529542774659919E-003
   7.1450567963692624        1.2097883088293154E-002   1.5927192362328648        5.2986009865038861E-003
   7.3974330131920443        1.3008917504802294E-002   1.5927192362328648        5.6689093298153198E-003
   7.6587243988323896        1.3995692931647074E-002   1.5927192362328648        6.0656914026090318E-003
   7.9292442763577622        1.5065548115930227E-002   1.5927192362328648        6.4908976504825106E-003
   8.2093202460023029        1.6226638837792216E-002   1.5927192362328648        6.9466382454431968E-003
   8.4992881560440416        1.7488008546628703E-002   1.5927192362328648        7.4351865455771051E-003
   8.7994991583321234        1.8859725677115583E-002   1.5927192362328648        7.9590047620197567E-003
   9.1103132457223861        2.0352978876388299E-002   1.5927192362328648        8.5207485218281639E-003
   9.4321068148357909        2.1980252954319570E-002   1.5927192362328648        9.1232970068327625E-003
   9.7652657388916850        2.3755456943845957E-002   1.5927192362328648        9.7697588927406192E-003
   10.110193474162946        2.5694149384504809E-002   1.5927192362328648        1.0463507776259959E-002
   10.467303634806061        2.7813707540972104E-002   1.5927192362328648        1.1208189840335519E-002
   10.837027566606025        3.0133604834261342E-002   1.5927192362328648        1.2007763102884825E-002
   11.219811965471335        3.2675662589152207E-002   1.5927192362328648        1.2866519537910825E-002
   11.616115840724994        3.5464319010806510E-002   1.5927192362328648        1.3789106858183929E-002
   12.026419117330413        3.8527004806910646E-002   1.5927192362328648        1.4780579832892606E-002
   12.451213803399156        4.1894421626515188E-002   1.5927192362328648        1.5846414484628785E-002
   12.891014326336300        4.5600979851585441E-002   1.5927192362328648        1.6992571291967264E-002
   13.346348065368609        4.9685097058903144E-002   1.5927192362328648        1.8225513221917015E-002
   13.817766430769083        5.4189672777717517E-002   1.5927192362328648        1.9552280570432887E-002
   14.305834715756038        5.9162377681065789E-002   1.5927192362328648        2.0980513736259251E-002
   14.811143972217785        6.4656141277470186E-002   1.5927192362328648        2.2518541906059241E-002
   15.334300133051286        7.0729400884427390E-002   1.5927192362328648        2.4175411601124523E-002
   15.875936741648431        7.7446583281470915E-002   1.5927192362328648        2.5960991752431165E-002
   16.436703292225193        8.4878289832945611E-002   1.5927192362328648        2.7886009149942548E-002
   17.017278874447534        9.3101764019007591E-002   1.5927192362328648        2.9962172802227544E-002
   17.618359675531394       0.10220099542458023        1.5927192362328648        3.2202217478324781E-002
   18.240671728221173       0.11226713455910289        1.5927192362328648        3.4620043157169815E-002
   18.884968846184627       0.12339867496907320        1.5927192362328648        3.7230813144926524E-002
   19.552019805756849       0.13570135218303794        1.5927192362328648        4.0051012422855886E-002
   20.242632201214423       0.14928859258475849        1.5925980811349629        4.3098644455408230E-002
   20.957638264717446       0.16428117345715854        1.5922944959696168        4.6393328981270861E-002
   21.697899624358065       0.18080700738813424        1.5920479894492192        4.9956521932290124E-002
   22.464312967141105       0.19900070927138849        1.5918478288495337        5.3811599217344755E-002
   23.257792778673313       0.21900225858365624        1.5916853025655491        5.7983973898373772E-002
   24.079299719823517       0.24095631198439019        1.5915533337037227        6.2501416147954250E-002
   24.929823759061236       0.26500992863503725        1.5914461770022659        6.7394158861838485E-002
   25.810395145829254       0.29131039192598257        1.5913591669321494        7.2695159167266848E-002
   26.722064579292049       0.32000149268186567        1.5912885165474711        7.8440187654832905E-002
   27.665935811728254       0.35122073749260130        1.5912311495135059        8.4668242670018184E-002
   28.643146268414043       0.38509439914433152        1.5911845683575647        9.1421658822538290E-002
   29.654879655490589       0.42173302070329149        1.5911467449681789        9.8746415265923024E-002
   30.702343174827575       0.46112731365184562        1.5786364539259361       0.10664841493452924     
   31.786804983723918       0.50339622145377316        1.5628590377617073       0.11520633137566787     
   32.909571928103169       0.54861877226935918        1.5500480166596828       0.12449991785068262     
   34.072004028335677       0.59678651558489637        1.5396456075784632       0.13459087890674670     
   35.275488300232773       0.64784843786639346        1.5311990656760495       0.14554528765213554     
   36.521481794408061       0.70170895889530127        1.5243406025776167       0.15743395571146732     
   37.811486012809581       0.75822424717473780        1.5187716352278973       0.17033211286486022     
   39.147055493126302       0.81720134275870526        1.5142497187435309       0.18431925355460607     
   40.529808025860810       0.87839897423581681        1.5105779719930699       0.19947886525200192     
   41.961393513511240       0.94152827747325729        1.5075965892632912       0.21589751197355189     
   43.443545167355794        1.0062589570681042        1.5051757519939406       0.23366460858949015     
   44.978049075047366        1.0722236068676325        1.5032100690824048       0.25287106441293433     
   46.566763998623138        1.1390259089801054        1.5016139560476296       0.27360823504153375     
   48.211585595230147        1.2062480014861507        1.5003179451405395       0.29596589584243843     
   49.914505239722644        1.2734630947609669        1.4992656040660388       0.32003120239439076     
   51.677575059319224        1.3402451131682249        1.4984111191762648       0.34588621624973714     
   53.502930680545909        1.4061813625843318        1.4977172867872381       0.37360605036631245     
   55.392750120602578        1.4708831678043734        1.4971539091790842       0.40325600335179668     
   57.349321371645829        1.5340003725073499        1.4966964551605495       0.43489042445278514     
   59.375002227322796        1.5952315194721862        1.4963250094799849       0.46855018452382197     
   61.472246417894510        1.6543356090068961        1.4960233996481120       0.50426159222383038     
   63.643556378429672        1.7111406910196723        1.4957784986772709       0.54203469118308201     
   65.891560899834928        1.7655546348563729        1.4955796428270665       0.58186448988580564     
   68.218968971510208        1.8175708166600115        1.4954181749119959       0.62373104259179424     
   70.628585269218178        1.8650604589353494        1.4946321918771701       0.66643783798544765     
   73.123328588587739        1.9043946929935853        1.4922912410270970       0.70785005732878337     
   75.706175661273647        1.9423493934318266        1.4903904371563532       0.75129094069212199     
   78.380253523498894        1.9791813403839931        1.4888470134267981       0.79666264470722081     
   81.148784610322849        2.0152481653264407        1.4875937769169107       0.84387878787712423     
   84.015122474940881        2.0510022169470350        1.4865761625716132       0.89287017068296115     
   86.982687236203873        2.0869809717136532        1.4857498806843166       0.94358859288856012     
   90.055071705548812        2.1237973075333181        1.4850789524040338       0.99601304264855028     
   93.235978303002270        2.1621253696042042        1.4845341688813571        1.0501521425793476     
   96.529260096906100        2.2026854715531234        1.4840918106166681        1.1060472911442498     
   99.938826062156153        2.2462251267681093        1.4837326267336282        1.1637722720083452     
   103.46886588546354        2.2935021484832099        1.4834409714312140        1.2234369913082646     
   107.12359379692580        2.3452600404239017        1.4832041520699399        1.2851818011183391     
   110.90736836557576        2.4022068418488871        1.4830118606524305        1.3491770076844187     
   114.82483910697920        2.4649943471676421        1.4828557210978150        1.4156217680992029     
   118.88068277378797        2.5341911356716524        1.4827289383193485        1.4847351278146872     
   123.07973629915718        2.6102622294629749        1.4826259938639010        1.5567529581997510     
   127.42715949490271        2.6935518509088521        1.4825424035423305        1.6319247968921935     
   131.92808807993632        2.7842591877655285        1.4824745302851008        1.7105013368973432     
   136.58805281121437        2.8824319886020509        1.4824194175801679        1.7927346448536425     
   141.41261684513370        2.9879490272754397        1.4823746669602667        1.8788643888495247     
   146.40753387824964        3.1005173902404373        1.4823383305725302        1.9691127420047301     
   151.57894168226974        3.2196763762383154        1.4823088256290868        2.0636798891342529     
   156.93294936957258        3.3447926926041509        1.4822848683505663        2.1627284194788730     
   162.47613596373097        3.4750816280981773        1.4822654151745120        2.2663844646645210     
   168.21511902855468        3.6096116180208631        1.4822496195119954        2.3747221878835547     
   174.15674278185460        3.4014006093690488        1.4062165235860722        2.2931158868353818     
   180.30830831190286        3.0955334870990345        1.3145689989198865        2.1492494778150300     
   186.67715947709803        2.8429596857455226        1.2401526996997334        2.0276251195234232     
   193.27089166569760        2.6350522217138108        1.1797285199134979        1.9248536914070027     
   200.09760727912413        2.4646621441358461        1.1306644241650012        1.8382847636662072     
   207.16537088595135        2.3258186475764071        1.0908256015733846        1.7658753523242390     
   214.48286737908427        2.2134712504854650        1.0584767006357576        1.7060603887162737     
   222.05883252794877        2.1233191283000048        1.0322099192863932        1.6576535086683237     
   229.90230130529540        2.0516664960232824        1.0108819476552791        1.6197521823097754     
   238.02291179328489        1.9953166710004191       0.99356375407893005        1.5916584138078134     
   246.43025707061713        1.9514983720460839       0.97950181263335179        1.5728156891974658     
   255.13466811288930        1.9177997768663868       0.96808359489442353        1.5627527195046857     
   264.14653641505117        1.8921257867811243       0.95881218782788302        1.5610436997112300     
   273.47660938458705        1.8726591230509002       0.95128403642381543        1.5672770043628164     
   283.13635184814427        1.8578301679886389       0.94517121962422590        1.5810361781324915     
   293.13729579387660        1.8462933698793160       0.94020771181871865        1.6018890970699653     
   303.49136818478553        1.8369048886377808       0.93617746721970874        1.6293851908525561     
   314.21129214162710        1.8287033945246571       0.93290493116551598        1.6630602047550576     
   325.30973137660959        1.8208934995197177       0.93024771347304747        1.7024413302056447     
   336.80032369109853        1.8128288912540964       0.92809006758113799        1.7470603586569353     
   348.69678677735646        1.8039979300103486       0.92633809421482749        1.7964613251421426     
   361.01330816366544        1.7940091404655272       0.92491553551766104        1.8502117992675995     
   373.76502243504467        1.7666809393217346       0.90349876007366658        1.8902313627738756     
   386.96715283564077        1.6852353819916333       0.81894321316250529        1.8703712736565976     
   400.63544401132759        1.6108691254713861       0.75028621702018239        1.8565595409379547     
   414.78669160661980        1.5423804586399537       0.69453712047558824        1.8489094927691332     
   429.43761284149554        1.4787807944359839       0.64927024389300814        1.8475271760336938     
   444.60621081975989        1.4192600861795706       0.61251379349947055        1.8524698070119332     
   460.31059410826708        1.3631668211903170       0.58266815368847935        1.8637273061379602     
   476.56949149896485        1.3099825725660263       0.55843423820660909        1.8812205997837241     
   493.40288198244309        1.2592995990818010       0.53875643449012078        1.9048125028289391     
   510.83065126063684        1.2108066798531372       0.52277854843526483        1.9343213762046818     
   528.87421463804299        1.1642678504446538       0.50980459439853532        1.9695395502293076     
   547.55511287104378        1.1195120107210645       0.49926995476497843        2.0102453701918672     
   566.89562449487210        1.0764184477971734       0.49071609000857414        2.0562150655249125     
   586.91951519858117        1.0349044493576636       0.48377039970855318        2.1072322704832978     
   607.65068989177485       0.99491899836350428       0.47813061216885216        2.1630891102326539     
   629.11387223602765       0.95643323474599973       0.47355124528516945        2.2235892769882550     
   651.33543626567803       0.91943256040120835       0.46983282500965395        2.2885501135162523     
   674.34163286578985       0.88391436637319043       0.46681356044526245        2.3577956915665075     
   698.16073213207346       0.84988015091585856       0.46436193451998820        2.4311602503277068     
   722.82116976782140       0.81199062136165212       0.45695016390857485        2.4961480381325503     
   748.35235540965130       0.77506691965984009       0.44939132550154198        2.5634153098642303     
   774.78566186873422       0.74072979294731200       0.44325359102732653        2.6366206149361271     
   802.15264573967897       0.70877573159210172       0.43826985047535344        2.7152257016863919     
   830.48594444209971       0.67903419959113764       0.43422317739060817        2.7987393330284749     
   859.82037403360118       0.65135928793059195       0.43093730149795789        2.8867077725779264     
   890.19058800385733       0.62562628735730574       0.42826925218922557        2.9786967128775172     
   921.63390537915473       0.60172449821574903       0.42610281108554104        3.0742900526595562     
   954.18786380243341       0.57955589494692705       0.42434369615033790        3.1730740311390058     
   987.89128659474920       0.55903140557885989       0.42291533867726877        3.2746329745353795     
   1022.7855886411724       0.54006820851763915       0.42175552040468761        3.3785465757586537     
   1058.9119914466876       0.52258983135015191       0.42081377688134358        3.4843756629428690     
   1096.3148872627712       0.50652318033669230       0.42004908641200905        3.5916670543423259     
   1135.0389283928459       0.49179917009570823       0.41942817018995110        3.6999406238304831     
   1175.1302964981960       0.47835139217484002       0.41892400169693178        3.8086896544972952     
   1216.6382559936744       0.46611524165482587       0.41851461970279796        3.9173823556856360     
   1259.6123598874483       0.45502853369351698       0.41818220818287943        4.0254528110078533     
   1304.1038583964914       0.44503071809702399       0.41791229831564713        4.1323048573547183     
   1350.1674228314519       0.43606240847268496       0.41769313301433580        4.2373173053984292     
   1397.8574692241625       0.37223747624233305       0.35240980392681637        3.8639525364502063     
   1447.2325992722181       0.31303667662005252       0.28975819515163381        3.5100217594580507     
   1498.3517579647787       0.26451398435506968       0.23888610796521573        3.2210693633294398     
   1551.2759091786245       0.21086454012164135       0.19407521614942702        2.6816799988450346     
   1606.0700862978565       0.16805824027868391       0.15758591853730028        2.2219295127820611     
   1662.7990190437411       0.13417860959592098       0.12795751854570703        1.8381867886936472     
   1721.5324161293761       0.10731343931598844       0.10389942360416321        1.5182897274686631     
   1782.3403946248577        8.5970727608183264E-002   8.4364641859019013E-002   1.2519904203241796     
   1845.2954731357936        6.8983670449712292E-002   6.8502886079393935E-002   1.0306429738038003     
   1910.4750110852074        5.5437963868376808E-002   5.5623229176082471E-002  0.84694930926103629     
   1977.9568210713478        4.4616923623385672E-002   4.5165157280952641E-002  0.69476463752269912     
   2047.8213808026539        3.5957276187621075E-002   3.6673463619335517E-002  0.56891061921443575     
   2120.1545400970977        2.9015294038448172E-002   2.9778255900266965E-002  0.46502299461499036     
   2195.0417479108573        2.3441299503303880E-002   2.4179519128260853E-002  0.37943509021500688     
   2272.5750259096239        1.8958655854993740E-002   1.9633376209579802E-002  0.30906106788877580     
   2352.8469348264384        1.5348456285303550E-002   1.5941982110651582E-002  0.25131339409461295     
   2435.9532056335870        1.2436956319876125E-002   1.2944662127893053E-002  0.20402276759854515     
   2521.9959596104222        1.0085904167558422E-002   1.0510855080065573E-002  0.16537242410610184     
   2611.0779162676686        8.1852333052414399E-003   8.5346433473982384E-003  0.13384658273171049     
   2703.3053132971791        6.6470541098704317E-003   6.9300086869577490E-003  0.10818175677627247     
   2798.7914800504532        5.4010118080452451E-003   5.6270543249833114E-003   8.7326582208585968E-002
   2897.6492167059700        4.3907816114599684E-003   4.5690878654003828E-003   7.0410076640968586E-002
   3000.0000000000000        3.5710939153801888E-003   3.7100250224241745E-003   5.6710910461522462E-002
