         200   4370.0000000000000     
   3.0000000000000000        5.1387853309891283E-003   2.7199223643833030E-002   2.8451006893816033E-002
   3.1059655287322618        5.4278747374727635E-003   2.7199223643833030E-002   2.8708556793711995E-002
   3.2156739552243598        5.7285999638625471E-003   2.7199223643833030E-002   2.8950479478348647E-002
   3.3292574962321346        6.0410583258192771E-003   2.7199223643833030E-002   2.9177365133310929E-002
   3.4468529954360925        6.3653081349018302E-003   2.7199223643833030E-002   2.9389887751270254E-002
   3.5686022069563790        6.7013652694433851E-003   2.7199223643833030E-002   2.9588790321362347E-002
   3.6946518254059528        7.0491992954926546E-003   2.7199223643833030E-002   2.9774869347958279E-002
   3.8251536998800524        7.4087303932179284E-003   2.7199223643833030E-002   2.9948959900686193E-002
   3.9602651907155879        7.7798270113497592E-003   2.7199223643833030E-002   3.0111921251278366E-002
   4.1001490688558144        8.1623026223089923E-003   2.7199223643833030E-002   3.0264622614151561E-002
   4.2449739038313119        8.5559142021640108E-003   2.7199223643833030E-002   3.0407930412099434E-002
   4.3949142193596993        8.9603604589059554E-003   2.7199223643833030E-002   3.0542696212600785E-002
   4.5501507036585132        9.3752806092055503E-003   2.7199223643833030E-002   3.0669745814537568E-002
   4.7108703059600501        9.8002532634103422E-003   2.7199223643833030E-002   3.0789869387295856E-002
   4.8772669425686850        1.0234797336092789E-002   2.7199223643833030E-002   3.0903813221999296E-002
   5.0495410155906377        1.0678370253820662E-002   2.7199223643833030E-002   3.1012271795132419E-002
   5.2279001269311909        1.1130369784151493E-002   2.7199223643833030E-002   3.1115881937357277E-002
   5.4125592113782046        1.1590134803451432E-002   2.7199223643833030E-002   3.1215217769720537E-002
   5.6037407956130689        1.2056946908550800E-002   2.7199223643833030E-002   3.1310786954605520E-002
   5.8016752663703963        1.2530032590918980E-002   2.7199223643833030E-002   3.1403028167920011E-002
   6.0066011480696169        1.3008566001556430E-002   2.7199223643833030E-002   3.1492309783193298E-002
   6.2187653902530293        1.3491672329840512E-002   2.7199223643833030E-002   3.1578929748670388E-002
   6.4384236651766908        1.3978431811453348E-002   2.7199223643833030E-002   3.1663116626508295E-002
   6.6658406759127811        1.4467884369471010E-002   2.7199223643833030E-002   3.1745031749007023E-002
   6.9012904753346884        1.4959034879141662E-002   2.7199223643833030E-002   3.1824772430876086E-002
   7.1450567963692624        1.5450859031441593E-002   2.7199223643833030E-002   3.1902376159490341E-002
   7.3974330131920443        1.5942309026055840E-002   2.7199223643833030E-002   3.1977825557417100E-002
   7.6587243988323896        1.6432324130363007E-002   2.7199223643833030E-002   3.2051054776447478E-002
   7.9292442763577622        1.6919830024189866E-002   2.7199223643833030E-002   3.2121954776534699E-002
   8.2093202460023029        1.7403757358287867E-002   2.7199223643833030E-002   3.2190381929596848E-002
   8.4992881560440416        1.7883038113055309E-002   2.7199223643833030E-002   3.2256163671770546E-002
   8.7994991583321234        1.8356625090238887E-002   2.7199223643833030E-002   3.2319107644169016E-002
   9.1103132457223861        1.8823488580820068E-002   2.7199223643833030E-002   3.2379007679498743E-002
   9.4321068148357909        1.9282635481002598E-002   2.7199223643833030E-002   3.2435652699834963E-002
   9.7652657388916850        1.9733105873843235E-002   2.7199223643833030E-002   3.2488832413138123E-002
   10.110193474162946        2.0173991178027390E-002   2.7199223643833030E-002   3.2538345330787977E-002
   10.467303634806061        2.0604430256983806E-002   2.7199223643833030E-002   3.2584003617432890E-002
   10.837027566606025        2.1023624833158529E-002   2.7199223643833030E-002   3.2625639575154748E-002
   11.219811965471335        2.1430840929182744E-002   2.7199223643833030E-002   3.2663109811001588E-002
   11.616115840724994        2.1825410154508833E-002   2.7199223643833030E-002   3.2696298786762890E-002
   12.026419117330413        2.2206742013289690E-002   2.7199223643833030E-002   3.2725122524534432E-002
   12.451213803399156        2.2574317652782647E-002   2.7199223643833030E-002   3.2749529898336675E-002
   12.891014326336300        2.2927701133991060E-002   2.7199223643833030E-002   3.2769504527379839E-002
   13.346348065368609        2.3266532078055398E-002   2.7199223643833030E-002   3.2785064577778245E-002
   13.817766430769083        2.3590534547078143E-002   2.7199223643833030E-002   3.2796262846394322E-002
   14.305834715756038        2.3899508683294598E-002   2.7199223643833030E-002   3.2803185306450648E-002
   14.811143972217785        2.4193337277287640E-002   2.7199223643833030E-002   3.2805949685531001E-002
   15.334300133051286        2.4471976587326586E-002   2.7199223643833030E-002   3.2804703105803405E-002
   15.875936741648431        2.4735460778753899E-002   2.7199223643833030E-002   3.2799619556841145E-002
   16.436703292225193        2.4983892171842222E-002   2.7199223643833030E-002   3.2790897032548894E-002
   17.017278874447534        2.5217443813478870E-002   2.7199223643833030E-002   3.2778754330839169E-002
   17.618359675531394        2.5436349440568329E-002   2.7199223643833030E-002   3.2763428081301393E-002
   18.240671728221173        2.5640903920618335E-002   2.7199223643833030E-002   3.2745169340440222E-002
   18.884968846184627        2.5831456722912191E-002   2.7199223643833030E-002   3.2724240498624949E-002
   19.552019805756849        2.6008403200381367E-002   2.7199223643833030E-002   3.2700912822873497E-002
   20.242632201214423        2.6172186280767246E-002   2.7198834689214656E-002   3.2675462097398043E-002
   20.957638264717446        2.6323286795682854E-002   2.7197860063679493E-002   3.2648167546341672E-002
   21.697899624358065        2.6462219705499907E-002   2.7197068682621426E-002   3.2619312152498650E-002
   22.464312967141105        2.6589530104596196E-002   2.7196426089853877E-002   3.2589176593382951E-002
   23.257792778673313        2.6705785883968877E-002   2.7195904317762920E-002   3.2558040254089642E-002
   24.079299719823517        2.6811578286221629E-002   2.7195480646789290E-002   3.2526179223693732E-002
   24.929823759061236        2.6907515335222745E-002   2.7195136632425530E-002   3.2493866487387273E-002
   25.810395145829254        2.6994220156207952E-002   2.7194857296523010E-002   3.2461371439190576E-002
   26.722064579292049        2.7072326558595691E-002   2.7194630481524009E-002   3.2428960902734491E-002
   27.665935811728254        2.7142480220329026E-002   2.7194446311206877E-002   3.2396898543403080E-002
   28.643146268414043        2.7205335150266602E-002   2.7194296767720498E-002   3.2365446472341311E-002
   29.654879655490589        2.7261553490160632E-002   2.7194175340044410E-002   3.2334865896183576E-002
   30.702343174827575        2.7293699170630428E-002   2.5117351744196464E-002   3.2277688503832683E-002
   31.786804983723918        2.7312859575531406E-002   2.2495903961898094E-002   3.2210146651954007E-002
   32.909571928103169        2.7328729005342316E-002   2.0367328375927061E-002   3.2146342839789580E-002
   34.072004028335677        2.7341676413110388E-002   1.8638948270296374E-002   3.2086087174489082E-002
   35.275488300232773        2.7352104688231758E-002   1.7235539226147727E-002   3.2029239452606127E-002
   36.521481794408061        2.7360444747626392E-002   1.6095992503654292E-002   3.1975701273519203E-002
   37.811486012809581        2.7367148877157656E-002   1.5170697958803174E-002   3.1925411969288019E-002
   39.147055493126302        2.7372684382823552E-002   1.4419372911895177E-002   3.1878342852671805E-002
   40.529808025860810        2.7377527013109738E-002   1.3809305187499349E-002   3.1834491649847682E-002
   41.961393513511240        2.7382154049694917E-002   1.3313942761623773E-002   3.1793878226458461E-002
   43.443545167355794        2.7387037509310121E-002   1.2911716032925907E-002   3.1756537728648518E-002
   44.978049075047366        2.7392636964384848E-002   1.2585114068731678E-002   3.1722516335949011E-002
   46.566763998623138        2.7399392561539001E-002   1.2319916844309092E-002   3.1691865518077851E-002
   48.211585595230147        2.7407717937164244E-002   1.2104582160679431E-002   3.1664637472979658E-002
   49.914505239722644        2.7417993822005798E-002   1.1929733684397726E-002   3.1640878840454245E-002
   51.677575059319224        2.7430561696988969E-002   1.1787759390509229E-002   3.1620626380065422E-002
   53.502930680545909        2.7445718321579639E-002   1.1672477815974027E-002   3.1603901806966234E-002
   55.392750120602578        2.7463710478835005E-002   1.1578871552051352E-002   3.1590707537072167E-002
   57.349321371645829        2.7484731478540383E-002   1.1502864694533446E-002   3.1581021787319759E-002
   59.375002227322796        2.7508917725038350E-002   1.1441148286382397E-002   3.1574795093006827E-002
   61.472246417894510        2.7536346898960628E-002   1.1391035237664646E-002   3.1571946778190238E-002
   63.643556378429672        2.7567036279602053E-002   1.1350344474347428E-002   3.1572362166723586E-002
   65.891560899834928        2.7600943801584038E-002   1.1317304195629515E-002   3.1575890317293215E-002
   68.218968971510208        2.7637968593484708E-002   1.1290475993630780E-002   3.1582342718127147E-002
   70.628585269218178        2.7649441089674775E-002   1.1261102066399445E-002   3.1549531474375232E-002
   73.123328588587739        2.7586969290987112E-002   1.1217516372091759E-002   3.1406674100961436E-002
   75.706175661273647        2.7534848656258167E-002   1.1182125686103399E-002   3.1278357415878859E-002
   78.380253523498894        2.7491741177932242E-002   1.1153388989277235E-002   3.1162958277632852E-002
   81.148784610322849        2.7456442846919088E-002   1.1130055230085542E-002   3.1059019127110666E-002
   84.015122474940881        2.7427869206714247E-002   1.1111108472713042E-002   3.0965230557996357E-002
   86.982687236203873        2.7405044811592432E-002   1.1095724095996800E-002   3.0880419636295189E-002
   90.055071705548812        2.7387093269660680E-002   1.1083232216927268E-002   3.0803534522172164E-002
   93.235978303002270        2.7373230797378495E-002   1.1073089001796361E-002   3.0733636168711571E-002
   96.529260096906100        2.7362760218737292E-002   1.1064852821998497E-002   3.0669887998585287E-002
   99.938826062156153        2.7355066513950796E-002   1.1058165249328612E-002   3.0611549302558296E-002
   103.46886588546354        2.7349612267034119E-002   1.1052734977755866E-002   3.0557963683323849E-002
   107.12359379692580        2.7345934751180748E-002   1.1048325685571748E-002   3.0508556592602428E-002
   110.90736836557576        2.7343642218619849E-002   1.1044745450240834E-002   3.0462826450137849E-002
   114.82483910697920        2.7342410576133229E-002   1.1041838319193342E-002   3.0420336996832265E-002
   118.88068277378797        2.7341980038188916E-002   1.1039477776072355E-002   3.0380714540778914E-002
   123.07973629915718        2.7342151202075365E-002   1.1037561073905893E-002   3.0343640349834309E-002
   127.42715949490271        2.7342780910158179E-002   1.1036004722475918E-002   3.0308843791716628E-002
   131.92808807993632        2.7343777591242690E-002   1.1034741003914248E-002   3.0276099764879723E-002
   136.58805281121437        2.7345096225250935E-002   1.1033714871516109E-002   3.0245219925656982E-002
   141.41261684513370        2.7346732741673891E-002   1.1032881668700674E-002   3.0216050159474768E-002
   146.40753387824964        2.7348718118752599E-002   1.1032205128786096E-002   3.0188464205982469E-002
   151.57894168226974        2.7351112248788466E-002   1.1031655782162522E-002   3.0162357897790662E-002
   156.93294936957258        2.7353997343204907E-002   1.1031209726399285E-002   3.0137646842333426E-002
   162.47613596373097        2.7357471682443589E-002   1.1030847531616417E-002   3.0114259741557278E-002
   168.21511902855468        2.7361642986842238E-002   1.1030553435344467E-002   3.0092136707184580E-002
   174.15674278185460        2.4324309389175111E-002   1.0219328835960804E-002   2.6856756490831066E-002
   180.30830831190286        2.0663419769824502E-002   9.2415483625635717E-003   2.2966223750984099E-002
   186.67715947709803        1.7693359170897566E-002   8.4476065234906899E-003   1.9808619759325775E-002
   193.27089166569760        1.5284275873280101E-002   7.8029455429434813E-003   1.7245720738282601E-002
   200.09760727912413        1.3330626581158710E-002   7.2794844353739575E-003   1.5165310588527426E-002
   207.16537088595135        1.1746791327634733E-002   6.8544470657875591E-003   1.3476452889292431E-002
   214.48286737908427        1.0463166090731469E-002   6.5093191009256432E-003   1.2105291943422435E-002
   222.05883252794877        9.4232837210211258E-003   6.2290808075734592E-003   1.0991963209361593E-002
   229.90230130529540        8.5812877486926738E-003   6.0015342996450304E-003   1.0087889247566222E-002
   238.02291179328489        7.8999190189359796E-003   5.8167678089498980E-003   9.3536280311582419E-003
   246.43025707061713        7.3489584995548585E-003   5.6667420246898159E-003   8.7572123554198727E-003
   255.13466811288930        6.9038430493887828E-003   5.5449219276736839E-003   8.2726746439812544E-003
   264.14653641505117        6.5446448783134693E-003   5.4460059905155449E-003   7.8789621774177018E-003
   273.47660938458705        6.2551781441502457E-003   5.3656887154937714E-003   7.5589874058140244E-003
   283.13635184814427        6.0222876895494881E-003   5.3004715377700908E-003   7.2988723588678526E-003
   293.13729579387660        5.8352966945762700E-003   5.2475162503310101E-003   7.0873635474355537E-003
   303.49136818478553        5.6855291405538974E-003   5.2045178770930853E-003   6.9153250897559752E-003
   314.21129214162710        5.5659298724000210E-003   5.1696034387169812E-003   6.7753354236266437E-003
   325.30973137660959        5.4707702184475064E-003   5.1412537851641803E-003   6.6613763212860456E-003
   336.80032369109853        5.3953881768947758E-003   5.1182340251728379E-003   6.5685561748846924E-003
   348.69678677735646        5.3359958071505587E-003   5.0995423545169239E-003   6.4929068215654612E-003
   361.01330816366544        5.2895117199363286E-003   5.0843651839231931E-003   6.4312053663750091E-003
   373.76502243504467        5.2435393450331784E-003   5.0590913458289912E-003   6.3634003354057465E-003
   386.96715283564077        5.1747764391903870E-003   4.9956411950103389E-003   6.2503483680950512E-003
   400.63544401132759        5.1200990698787516E-003   4.9441212543426469E-003   6.1583727637066826E-003
   414.78669160661980        5.0768110206249771E-003   4.9022873509149516E-003   6.0835012955550317E-003
   429.43761284149554        5.0427151679080717E-003   4.8683192642408465E-003   6.0225128415929618E-003
   444.60621081975989        5.0160181352763159E-003   4.8407373680054754E-003   5.9727890705293532E-003
   460.31059410826708        4.9952590579713648E-003   4.8183413169305992E-003   5.9322054853185495E-003
   476.56949149896485        4.9792473446207712E-003   4.8001562817859842E-003   5.8990358596471794E-003
   493.40288198244309        4.9670128447793158E-003   4.7853901350433919E-003   5.8718761413371692E-003
   510.83065126063684        4.9577665424868737E-003   4.7734003920049083E-003   5.8495858088663897E-003
   528.87421463804299        4.9508662135350195E-003   4.7636647877729284E-003   5.8312355326295270E-003
   547.55511287104378        4.9457901713461875E-003   4.7557596355033704E-003   5.8160688340208886E-003
   566.89562449487210        4.9421146361345314E-003   4.7493408489340241E-003   5.8034683746086670E-003
   586.91951519858117        4.9394955127204480E-003   4.7441288301703372E-003   5.7929291118192358E-003
   607.65068989177485        4.9376537367254404E-003   4.7398967557168914E-003   5.7840376450639846E-003
   629.11387223602765        4.9363628793236639E-003   4.7364604167652990E-003   5.7764542308395995E-003
   651.33543626567803        4.9354391261392577E-003   4.7336701287722938E-003   5.7698984930343467E-003
   674.34163286578985        4.9347331693842828E-003   4.7314044844831730E-003   5.7641386393405374E-003
   698.16073213207346        4.9341234039335120E-003   4.7295647940028794E-003   5.7589816732084497E-003
   722.82116976782140        4.8587620324932667E-003   4.6533434652273643E-003   5.6130962799167475E-003
   748.35235540965130        4.7761310229772922E-003   4.5702161982245143E-003   5.4539405903189465E-003
   774.78566186873422        4.7087556283051894E-003   4.5027173227417767E-003   5.3240699611621515E-003
   802.15264573967897        4.6536833748622615E-003   4.4479093338381575E-003   5.2179193207712174E-003
   830.48594444209971        4.6085152742325651E-003   4.4034066131984732E-003   5.1309661380787809E-003
   859.82037403360118        4.5713006348276318E-003   4.3672706531530251E-003   5.0595330747576338E-003
   890.19058800385733        4.5404560357606418E-003   4.3379291544569541E-003   5.0006361193212076E-003
   921.63390537915473        4.5146931824551857E-003   4.3141040217613853E-003   4.9518489847466575E-003
   954.18786380243341        4.4929661537218306E-003   4.2947584015704263E-003   4.9112040479161439E-003
   987.89128659474920        4.4744251402457809E-003   4.2790502402570551E-003   4.8771051905147625E-003
   1022.7855886411724        4.4583796407935790E-003   4.2662953012005504E-003   4.8482583916042580E-003
   1058.9119914466876        4.4442705311830413E-003   4.2559386086642509E-003   4.8236187211965651E-003
   1096.3148872627712        4.4316447646413279E-003   4.2475290322986940E-003   4.8023423501425393E-003
   1135.0389283928459        4.4201374349095920E-003   4.2407005930864706E-003   4.7837520126436653E-003
   1175.1302964981960        4.4094557435462693E-003   4.2351560706774868E-003   4.7673061161617718E-003
   1216.6382559936744        4.3993661959043631E-003   4.2306539495181239E-003   4.7525739577742180E-003
   1259.6123598874483        4.3896852734165116E-003   4.2269983003716547E-003   4.7392169930823456E-003
   1304.1038583964914        4.3802708710077446E-003   4.2240300043991834E-003   4.7269718633219512E-003
   1350.1674228314519        4.3710153579957882E-003   4.2216197646852303E-003   4.7156365991937437E-003
   1397.8574692241625        3.9489193074022542E-003   3.8178502186409472E-003   4.2538016622057492E-003
   1447.2325992722181        3.5686446323156297E-003   3.4543483649670265E-003   3.8375170214114715E-003
   1498.3517579647787        3.2589707538027441E-003   3.1591907727832329E-003   3.4989109013400374E-003
   1551.2759091786245        2.6511042916312066E-003   2.5753452268932244E-003   2.8474090443875496E-003
   1606.0700862978565        2.1479806102493730E-003   2.0911384317003584E-003   2.3082836154399507E-003
   1662.7990190437411        1.7402726414074894E-003   1.6979745851632313E-003   1.8713325826634462E-003
   1721.5324161293761        1.4099115489328521E-003   1.3787277425981090E-003   1.5171881422293158E-003
   1782.3403946248577        1.1422521579871414E-003   1.1195044995487582E-003   1.2301604484315101E-003
   1845.2954731357936        9.2541360093203659E-004   9.0902168856607415E-004   9.9752744897974228E-004
   1910.4750110852074        7.4975391644469208E-004   7.3811082427299171E-004   8.0896923467591334E-004
   1977.9568210713478        6.0746206483379276E-004   5.9933398263396114E-004   6.5612900617022924E-004
   2047.8213808026539        4.9220466654106832E-004   4.8665064689650743E-004   5.3223324058107753E-004
   2120.1545400970977        3.9884456144152004E-004   3.9515240904800056E-004   4.3178925939702065E-004
   2195.0417479108573        3.2322307259538254E-004   3.2085812094417702E-004   3.5035144639326057E-004
   2272.5750259096239        2.6196691463529944E-004   2.6053157488285279E-004   2.8431405319091692E-004
   2352.8469348264384        2.1234567689899558E-004   2.1154740079883786E-004   2.3075844948792189E-004
   2435.9532056335870        1.7214729751897096E-004   1.7177347260634933E-004   1.8731972725211492E-004
   2521.9959596104222        1.3957891836314555E-004   1.3947726555755361E-004   1.5208058582891611E-004
   2611.0779162676686        1.1318993786504645E-004   1.1325327078875951E-004   1.2348908917394398E-004
   2703.3053132971791        9.1805548340163077E-005   9.1960040794409809E-005   1.0028764016289322E-004
   2798.7914800504532        7.4473850947105169E-005   7.4670057232639867E-005   8.1456514048665140E-005
   2897.6492167059700        6.0424987144515763E-005   6.0631021615633392E-005   6.6170291885332417E-005
   3000.0000000000000        4.9034990695634217E-005   4.9231403281282524E-005   5.3759288119325244E-005
