         200   4370.0000000000000     
   3.0000000000000000        4.9859133426211092E-003   2.7220131078062520E-002   2.7471093477904229E-002
   3.1059655287322618        5.2664618499638277E-003   2.7220131078062520E-002   2.7729251970830537E-002
   3.2156739552243598        5.5582878746064188E-003   2.7220131078062520E-002   2.7972418668410270E-002
   3.3292574962321346        5.8614815442157931E-003   2.7220131078062520E-002   2.8201104439633362E-002
   3.4468529954360925        6.1760948831205307E-003   2.7220131078062520E-002   2.8415903499003931E-002
   3.5686022069563790        6.5021385340290772E-003   2.7220131078062520E-002   2.8617479851410128E-002
   3.6946518254059528        6.8395780491321348E-003   2.7220131078062520E-002   2.8806552924255029E-002
   3.8251536998800524        7.1883309682150929E-003   2.7220131078062520E-002   2.8983883584249338E-002
   3.9602651907155879        7.5482646077917118E-003   2.7220131078062520E-002   2.9150260591395402E-002
   4.1001490688558144        7.9191929821218528E-003   2.7220131078062520E-002   2.9306486993623929E-002
   4.2449739038313119        8.3008754007732749E-003   2.7220131078062520E-002   2.9453367914673727E-002
   4.3949142193596993        8.6930148245084448E-003   2.7220131078062520E-002   2.9591698873695015E-002
   4.5501507036585132        9.0952567546557662E-003   2.7220131078062520E-002   2.9722255136298292E-002
   4.7108703059600501        9.5071882279985694E-003   2.7220131078062520E-002   2.9845782009061884E-002
   4.8772669425686850        9.9283387743060968E-003   2.7220131078062520E-002   2.9962986665788699E-002
   5.0495410155906377        1.0358178752016016E-002   2.7220131078062520E-002   3.0074530180908849E-002
   5.2279001269311909        1.0796121190598097E-002   2.7220131078062520E-002   3.0181021625108186E-002
   5.4125592113782046        1.1241522599325853E-002   2.7220131078062520E-002   3.0283012857565385E-002
   5.6037407956130689        1.1693684587658848E-002   2.7220131078062520E-002   3.0380994586447989E-002
   5.8016752663703963        1.2151856023153464E-002   2.7220131078062520E-002   3.0475393609221128E-002
   6.0066011480696169        1.2615235752961321E-002   2.7220131078062520E-002   3.0566571229886267E-002
   6.2187653902530293        1.3082975910320023E-002   2.7220131078062520E-002   3.0654822839665800E-002
   6.4384236651766908        1.3554185819773868E-002   2.7220131078062520E-002   3.0740378634857308E-002
   6.6658406759127811        1.4027936504385646E-002   2.7220131078062520E-002   3.0823405430787876E-002
   6.9012904753346884        1.4503265785327622E-002   2.7220131078062520E-002   3.0904009514448876E-002
   7.1450567963692624        1.4979183949557658E-002   2.7220131078062520E-002   3.0982240461092717E-002
   7.3974330131920443        1.5454679241321680E-002   2.7220131078062520E-002   3.1058095711866476E-002
   7.6587243988323896        1.5928728050585431E-002   2.7220131078062520E-002   3.1131526578108550E-002
   7.9292442763577622        1.6400294241922870E-002   2.7220131078062520E-002   3.1202443119865041E-002
   8.2093202460023029        1.6868347061842238E-002   2.7220131078062520E-002   3.1270722357088408E-002
   8.4992881560440416        1.7331857562812133E-002   2.7220131078062520E-002   3.1336213528037844E-002
   8.7994991583321234        1.7789817395697374E-002   2.7220131078062520E-002   3.1398746841120539E-002
   9.1103132457223861        1.8241235522381945E-002   2.7220131078062520E-002   3.1458139094130907E-002
   9.4321068148357909        1.8685156632655648E-002   2.7220131078062520E-002   3.1514202204793354E-002
   9.7652657388916850        1.9120657768332425E-002   2.7220131078062520E-002   3.1566748581750667E-002
   10.110193474162946        1.9546865798972083E-002   2.7220131078062520E-002   3.1615598816178044E-002
   10.467303634806061        1.9962953589513176E-002   2.7220131078062520E-002   3.1660586262741194E-002
   10.837027566606025        2.0368154832759607E-002   2.7220131078062520E-002   3.1701563259013389E-002
   11.219811965471335        2.0761765376258491E-002   2.7220131078062520E-002   3.1738405083156646E-002
   11.616115840724994        2.1143144404585593E-002   2.7220131078062520E-002   3.1771013330810546E-002
   12.026419117330413        2.1511726279194673E-002   2.7220131078062520E-002   3.1799319468631078E-002
   12.451213803399156        2.1867014444711886E-002   2.7220131078062520E-002   3.1823286039614603E-002
   12.891014326336300        2.2208592278113601E-002   2.7220131078062520E-002   3.1842908483469066E-002
   13.346348065368609        2.2536115942955452E-002   2.7220131078062520E-002   3.1858214925525416E-002
   13.817766430769083        2.2849322942731440E-002   2.7220131078062520E-002   3.1869266264773981E-002
   14.305834715756038        2.3148024015392513E-002   2.7220131078062520E-002   3.1876154770342058E-002
   14.811143972217785        2.3432109466434797E-002   2.7220131078062520E-002   3.1879002730033898E-002
   15.334300133051286        2.3701540284306263E-002   2.7220131078062520E-002   3.1877960190169037E-002
   15.875936741648431        2.3956352430545166E-002   2.7220131078062520E-002   3.1873202549886626E-002
   16.436703292225193        2.4196647414597833E-002   2.7220131078062520E-002   3.1864927828763545E-002
   17.017278874447534        2.4422594792087478E-002   2.7220131078062520E-002   3.1853353621362566E-002
   17.618359675531394        2.4634422474176097E-002   2.7220131078062520E-002   3.1838714268631482E-002
   18.240671728221173        2.4832417176353597E-002   2.7220131078062520E-002   3.1821257621390028E-002
   18.884968846184627        2.5016918130270495E-002   2.7220131078062520E-002   3.1801242103039751E-002
   19.552019805756849        2.5188308675400627E-002   2.7220131078062520E-002   3.1778934383391556E-002
   20.242632201214423        2.5347017932535559E-002   2.7219997100546928E-002   3.1754605784532916E-002
   20.957638264717446        2.5493511477394294E-002   2.7219628986656367E-002   3.1728530657449891E-002
   21.697899624358065        2.5628287722049330E-002   2.7219285561982835E-002   3.1700985276227188E-002
   22.464312967141105        2.5751874084618466E-002   2.7218965168797793E-002   3.1672244613097977E-002
   23.257792778673313        2.5864819910051823E-002   2.7218666266060544E-002   3.1642582298935948E-002
   24.079299719823517        2.5967697048667891E-002   2.7218387410582419E-002   3.1612268739222231E-002
   24.929823759061236        2.6061093513173043E-002   2.7218127257803634E-002   3.1581571325248005E-002
   25.810395145829254        2.6145611879055904E-002   2.7217884551953366E-002   3.1550753998907881E-002
   26.722064579292049        2.6221865011501554E-002   2.7217658125654749E-002   3.1520078250684105E-002
   27.665935811728254        2.6290477246506155E-002   2.7217446885656273E-002   3.1489802594335883E-002
   28.643146268414043        2.6352080964413837E-002   2.7217249813420278E-002   3.1460184122363330E-002
   29.654879655490589        2.6407316417514485E-002   2.7217065957668957E-002   3.1431479159097706E-002
   30.702343174827575        2.6450455482020734E-002   2.6485712750970513E-002   3.1394196188427287E-002
   31.786804983723918        2.6484767962638451E-002   2.5450319743371041E-002   3.1352622271072640E-002
   32.909571928103169        2.6513941574516954E-002   2.4484370033979998E-002   3.1311667467268406E-002
   34.072004028335677        2.6538587194229264E-002   2.3583200933914666E-002   3.1271529447555804E-002
   35.275488300232773        2.6559315068051675E-002   2.2742477961930470E-002   3.1232406852133458E-002
   36.521481794408061        2.6576733872473939E-002   2.1958141864906539E-002   3.1194497970355794E-002
   37.811486012809581        2.6591447777447298E-002   2.1226410802957559E-002   3.1158001417778945E-002
   39.147055493126302        2.6604053707296137E-002   2.0543756582333924E-002   3.1123115185166049E-002
   40.529808025860810        2.6615137926059129E-002   1.9906883996034349E-002   3.1090035289478589E-002
   41.961393513511240        2.6625271758694568E-002   1.9312729787362305E-002   3.1058954940950054E-002
   43.443545167355794        2.6635007476394829E-002   1.8758425208339799E-002   3.1030061326313786E-002
   44.978049075047366        2.6644873150403151E-002   1.8241297563966127E-002   3.1003533971125295E-002
   46.566763998623138        2.6655367666827367E-002   1.7758850652529152E-002   3.0979541621396323E-002
   48.211585595230147        2.6666955265404406E-002   1.7308763980473409E-002   3.0958239729147234E-002
   49.914505239722644        2.6680060775135891E-002   1.6888864399462123E-002   3.0939766313455356E-002
   51.677575059319224        2.6695064480861942E-002   1.6497127276191743E-002   3.0924239126139539E-002
   53.502930680545909        2.6712297804526778E-002   1.6131661675438745E-002   3.0911751966894038E-002
   55.392750120602578        2.6732038947682862E-002   1.5790709765302589E-002   3.0902371531181014E-002
   57.349321371645829        2.6754510250199062E-002   1.5472625331570500E-002   3.0896133668550780E-002
   59.375002227322796        2.6779875337337215E-002   1.5175874663881844E-002   3.0893040631269946E-002
   61.472246417894510        2.6808237810342941E-002   1.4899025331515117E-002   3.0893058265046468E-002
   63.643556378429672        2.6839639911628466E-002   1.4640745732844532E-002   3.0896113689655839E-002
   65.891560899834928        2.6874063863995615E-002   1.4399788819434517E-002   3.0902093543549822E-002
   68.218968971510208        2.6911432535225543E-002   1.4174992767330776E-002   3.0910842901616633E-002
   70.628585269218178        2.6941844104879768E-002   1.3962673533869867E-002   3.0907941463493162E-002
   73.123328588587739        2.6945430917735332E-002   1.3757352274221136E-002   3.0864758107649819E-002
   75.706175661273647        2.6949384372871137E-002   1.3565802986067656E-002   3.0821177418318909E-002
   78.380253523498894        2.6953487138895990E-002   1.3387100814169769E-002   3.0777070083586933E-002
   81.148784610322849        2.6957516297358281E-002   1.3220384108778332E-002   3.0732327072409329E-002
   84.015122474940881        2.6961251107083001E-002   1.3064848119789689E-002   3.0686863396290325E-002
   86.982687236203873        2.6964480283118403E-002   1.2919744743626935E-002   3.0640622647721962E-002
   90.055071705548812        2.6967008940910753E-002   1.2784373379316587E-002   3.0593577866346131E-002
   93.235978303002270        2.6968664584844561E-002   1.2658081305625062E-002   3.0545734026723330E-002
   96.529260096906100        2.6969302341029514E-002   1.2540258904223174E-002   3.0497127774275642E-002
   99.938826062156153        2.6968809181881586E-002   1.2430340097471364E-002   3.0447828048739953E-002
   103.46886588546354        2.6967107085047345E-002   1.2327792274023936E-002   3.0397930978564837E-002
   107.12359379692580        2.6964155116560206E-002   1.2232122321893782E-002   3.0347560786435034E-002
   110.90736836557576        2.6959950421193424E-002   1.2142869965338291E-002   3.0296864326861461E-002
   114.82483910697920        2.6954527842915580E-002   1.2059602732252451E-002   3.0246004847100154E-002
   118.88068277378797        2.6947958997739288E-002   1.1981920223394352E-002   3.0195160705840350E-002
   123.07973629915718        2.6940349962376584E-002   1.1909448702040464E-002   3.0144518403993011E-002
   127.42715949490271        2.6931837816159772E-002   1.1841837007587232E-002   3.0094265560675133E-002
   131.92808807993632        2.6922587379434888E-002   1.1778760744598743E-002   3.0044590030082141E-002
   136.58805281121437        2.6912785833751101E-002   1.1719914277175976E-002   2.9995670402744180E-002
   141.41261684513370        2.6902638369032238E-002   1.1665014635895473E-002   2.9947675901794896E-002
   146.40753387824964        2.6892362412022516E-002   1.1613797694220043E-002   2.9900760945258790E-002
   151.57894168226974        2.6434829568531312E-002   1.1446800504101316E-002   2.9381282756010763E-002
   156.93294936957258        2.5007362253541453E-002   1.1024417990374447E-002   2.7836807888179726E-002
   162.47613596373097        2.3675709436078649E-002   1.0630359787552680E-002   2.6396270224003277E-002
   168.21511902855468        2.2433734652517738E-002   1.0262731025350849E-002   2.5052706714123116E-002
   174.15674278185460        2.1275661913664076E-002   9.9197630125786723E-003   2.3799608444383780E-002
   180.30830831190286        2.0196016412088170E-002   9.5997938984553541E-003   2.2630851135829001E-002
   186.67715947709803        1.9189686591106231E-002   9.3012850778658260E-003   2.1540756651447782E-002
   193.27089166569760        1.8251860955826444E-002   9.0228004011517950E-003   2.0524018821026616E-002
   200.09760727912413        1.7377982347298229E-002   8.7629904714009756E-003   1.9575647964713880E-002
   207.16537088595135        1.6563809085269606E-002   8.5206087416053039E-003   1.8691031409883260E-002
   214.48286737908427        1.5805318093501056E-002   8.2944807516054982E-003   1.7865822749490504E-002
   222.05883252794877        1.5098761441791193E-002   8.0835191411948518E-003   1.7095997925581332E-002
   229.90230130529540        1.4440622407629822E-002   7.8867089573006026E-003   1.6377802583798461E-002
   238.02291179328489        1.3827583145943267E-002   7.7030965565927810E-003   1.5707712240913180E-002
   246.43025707061713        1.3256566713888531E-002   7.5318009816384762E-003   1.5082474158752461E-002
   255.13466811288930        1.2724667764826272E-002   7.3719922200914233E-003   1.4499028086962816E-002
   264.14653641505117        1.2229190550127802E-002   7.2229018147253344E-003   1.3954544847090897E-002
   273.47660938458705        1.1767616263671397E-002   7.0838124797517540E-003   1.3446388117582805E-002
   283.13635184814427        1.1337578465164514E-002   6.9540502580921473E-003   1.2972085326407959E-002
   293.13729579387660        1.0936886100363981E-002   6.8329911744652149E-003   1.2529351425164585E-002
   303.49136818478553        1.0563496057100176E-002   6.7200528039991093E-003   1.2116057515855790E-002
   314.21129214162710        1.0215492358508851E-002   6.6146879040584715E-003   1.1730206949611950E-002
   325.30973137660959        9.8911077122685112E-003   6.5163909423840436E-003   1.1369958646258756E-002
   336.80032369109853        9.5886820849614869E-003   6.4246856212558023E-003   1.1033580855988613E-002
   348.69678677735646        9.3066824474318174E-003   6.3391309659985929E-003   1.0719472946538251E-002
   361.01330816366544        9.0436826490678263E-003   6.2593153663669703E-003   1.0426143092749939E-002
   373.76502243504467        8.7944883628230872E-003   6.1797973911736090E-003   1.0145386544642756E-002
   386.96715283564077        8.5481886182767215E-003   6.0876687804235809E-003   9.8590380128944863E-003
   400.63544401132759        8.3181977167878472E-003   6.0017202100256777E-003   9.5916486698745737E-003
   414.78669160661980        8.1033890772092346E-003   5.9215352163637328E-003   9.3419420057174046E-003
   429.43761284149554        7.9027254465833634E-003   5.8467290783301611E-003   9.1087395416120150E-003
   444.60621081975989        7.7152329541921270E-003   5.7769393229412215E-003   8.8909308979346485E-003
   460.31059410826708        7.5400130007131066E-003   5.7118303588230670E-003   8.6874878908606134E-003
   476.56949149896485        7.3762295544595718E-003   5.6510889415750743E-003   8.4974500885720127E-003
   493.40288198244309        7.2230993461781835E-003   5.5944207487883934E-003   8.3199137996988852E-003
   510.83065126063684        7.0799007825955579E-003   5.5415538910620465E-003   8.1540428059055647E-003
   528.87421463804299        6.9459552570874409E-003   5.4922322021486785E-003   7.9990471120828070E-003
   547.55511287104378        6.8206354644939115E-003   5.4462185135233064E-003   7.8541930167157561E-003
   566.89562449487210        6.7033562113345902E-003   5.4032914496732198E-003   7.7187929073661010E-003
   586.91951519858117        6.5935673067981319E-003   5.3632430076012991E-003   7.5921975076875979E-003
   607.65068989177485        6.4907587365883460E-003   5.3258806101646218E-003   7.4738023038324990E-003
   629.11387223602765        6.3944531856792788E-003   5.2910245038999392E-003   7.3630393677869789E-003
   651.33543626567803        6.3042002846995663E-003   5.2585057936180291E-003   7.2593712146308840E-003
   674.34163286578985        6.2195819588339888E-003   5.2281684571797672E-003   7.1622974361465735E-003
   698.16073213207346        6.1402016024763723E-003   5.1998654950855660E-003   7.0713427728196958E-003
   722.82116976782140        6.0392092787365853E-003   5.1469882465064567E-003   6.9360506126630254E-003
   748.35235540965130        5.9364410259287771E-003   5.0895869652791727E-003   6.7941221333538008E-003
   774.78566186873422        5.8400612281333244E-003   5.0360349242145486E-003   6.6612066856115626E-003
   802.15264573967897        5.7496135286067875E-003   4.9860746126945861E-003   6.5366588856178376E-003
   830.48594444209971        5.6646691010607273E-003   4.9394656676902396E-003   6.4198755540019106E-003
   859.82037403360118        5.5848223856282391E-003   4.8959822456570243E-003   6.3102902948642715E-003
   890.19058800385733        5.5096966768283873E-003   4.8554157166565710E-003   6.2073815118163797E-003
   921.63390537915473        5.4389354342658722E-003   4.8175695156583414E-003   6.1106606951841190E-003
   954.18786380243341        5.3722077688390856E-003   4.7822616552271012E-003   6.0196799993893074E-003
   987.89128659474920        5.3092048299405838E-003   4.7493222664404013E-003   5.9340271570851449E-003
   1022.7855886411724        5.2496371928584017E-003   4.7185917415595111E-003   5.8533216089282402E-003
   1058.9119914466876        5.1932395056456136E-003   4.6899226380140878E-003   5.7772202717430209E-003
   1096.3148872627712        5.1397644070138504E-003   4.6631760397234786E-003   5.7054085499074767E-003
   1135.0389283928459        5.0889869225094267E-003   4.6382233328586863E-003   5.6376053346831601E-003
   1175.1302964981960        5.0407019309365499E-003   4.6149444679639585E-003   5.5735584590731069E-003
   1216.6382559936744        4.9947221770391967E-003   4.5932266473486969E-003   5.5130408417800912E-003
   1259.6123598874483        4.9508812335479794E-003   4.5729654385898450E-003   5.4558530912482174E-003
   1304.1038583964914        4.9090311181341547E-003   4.5540633634019124E-003   5.4018189616276422E-003
   1350.1674228314519        4.8690402722631858E-003   4.5364288318195433E-003   5.3507814155131176E-003
   1397.8574692241625        4.6805551844840395E-003   4.3737844343801962E-003   5.1379589608026256E-003
   1447.2325992722181        4.4896241098872722E-003   4.2079638649251197E-003   4.9230616737246788E-003
   1498.3517579647787        4.3109477155286102E-003   4.0532648629506805E-003   4.7224506313263822E-003
   1551.2759091786245        4.0160702831228967E-003   3.7853208074684450E-003   4.4001947843484331E-003
   1606.0700862978565        3.7371984239026601E-003   3.5314397543849663E-003   4.0958842156874056E-003
   1662.7990190437411        3.4773566930716487E-003   3.2945891887897856E-003   3.8126222899307529E-003
   1721.5324161293761        3.2353045713902386E-003   3.0736214517680994E-003   3.5490062877593298E-003
   1782.3403946248577        3.0098878943187815E-003   2.8674739967319766E-003   3.3037284212537061E-003
   1845.2954731357936        2.8000232930563878E-003   2.6751550318927491E-003   3.0755594889579313E-003
   1910.4750110852074        2.6046866635294412E-003   2.4957326761128815E-003   2.8633370052244182E-003
   1977.9568210713478        2.4229235792609474E-003   2.3283441581367346E-003   2.6659771652245935E-003
   2047.8213808026539        2.2538370126434486E-003   2.1721841585019899E-003   2.4824620843246496E-003
   2120.1545400970977        2.0965783456002806E-003   2.0264960042605594E-003   2.3118305522825907E-003
   2195.0417479108573        1.9503577157455600E-003   1.8905806954436716E-003   2.1531896559613159E-003
   2272.5750259096239        1.8144260237347521E-003   1.7637796547098014E-003   2.0056955242911405E-003
   2352.8469348264384        1.6880846606244979E-003   1.6454831459273885E-003   1.8685640204901236E-003
   2435.9532056335870        1.5706772934561653E-003   1.5351220351916622E-003   1.7410618394583608E-003
   2521.9959596104222        1.4615839126718817E-003   1.4321615679738836E-003   1.6224999275890155E-003
   2611.0779162676686        1.3602270686734392E-003   1.3361066480459519E-003   1.5122400322687770E-003
   2703.3053132971791        1.2660653218143677E-003   1.2464951475546237E-003   1.4096872780054964E-003
   2798.7914800504532        1.1785884695806909E-003   1.1628928541637345E-003   1.3142845779370400E-003
   2897.6492167059700        1.0973234322969789E-003   1.0848986508382337E-003   1.2255186104257081E-003
   3000.0000000000000        1.0218242716667145E-003   1.0121346168308031E-003   1.1429084650023253E-003
