         200   4370.0000000000000     
   3.0000000000000000        2.0466433299755598E-003   7.5322331656721735        9.8686403193114268E-004
   3.1059655287322618        2.1938556521254346E-003   7.5322331656721735        1.0522471638078734E-003
   3.2156739552243598        2.3516272663235346E-003   7.5322331656721735        1.1222022320721630E-003
   3.3292574962321346        2.5206914330003112E-003   7.5322331656721735        1.1970540547826603E-003
   3.4468529954360925        2.7018330470918329E-003   7.5322331656721735        1.2771504629543304E-003
   3.5686022069563790        2.8958939448989812E-003   7.5322331656721735        1.3628639800807923E-003
   3.6946518254059528        3.1037786429022056E-003   7.5322331656721735        1.4545934390590939E-003
   3.8251536998800524        3.3264612739173668E-003   7.5322331656721735        1.5527658382323442E-003
   3.9602651907155879        3.5649938234840585E-003   7.5322331656721735        1.6578384457110054E-003
   4.1001490688558144        3.8205147191562624E-003   7.5322331656721735        1.7703007014513892E-003
   4.2449739038313119        4.0942594949825526E-003   7.5322331656721735        1.8906766457574651E-003
   4.3949142193596993        4.3875724123687019E-003   7.5322331656721735        2.0195273531005194E-003
   4.5501507036585132        4.7019196246162430E-003   7.5322331656721735        2.1574536049629627E-003
   4.7108703059600501        5.0389036518891988E-003   7.5322331656721735        2.3050986761270855E-003
   4.8772669425686850        5.4002808094458536E-003   7.5322331656721735        2.4631519311100066E-003
   5.0495410155906377        5.7879779208380149E-003   7.5322331656721735        2.6323515996856599E-003
   5.2279001269311909        6.2041134399812448E-003   7.5322331656721735        2.8134889489952407E-003
   5.4125592113782046        6.6510194358048403E-003   7.5322331656721735        3.0074122637937825E-003
   5.6037407956130689        7.1312660851934415E-003   7.5322331656721735        3.2150313125420440E-003
   5.8016752663703963        7.6476886518392568E-003   7.5322331656721735        3.4373222325362407E-003
   6.0066011480696169        8.2034172157840531E-003   7.5322331656721735        3.6753328759443309E-003
   6.2187653902530293        8.8019094747318043E-003   7.5322331656721735        3.9301886616371203E-003
   6.4384236651766908        9.4469870060798888E-003   7.5322331656721735        4.2030989808853692E-003
   6.6658406759127811        1.0142875459533999E-002   7.5322331656721735        4.4953642084094372E-003
   6.9012904753346884        1.0894249245976069E-002   7.5322331656721735        4.8083833739960436E-003
   7.1450567963692624        1.1706281401145142E-002   7.5322331656721735        5.1436625540341105E-003
   7.3974330131920443        1.2584698080430343E-002   7.5322331656721735        5.5028234959034793E-003
   7.6587243988323896        1.3535848132644810E-002   7.5322331656721735        5.8876164019819165E-003
   7.9292442763577622        1.4566758856056690E-002   7.5322331656721735        6.2999247434362728E-003
   8.2093202460023029        1.5685237832748861E-002   7.5322331656721735        6.7417859023347236E-003
   8.4992881560440416        1.6899939693898580E-002   7.5322331656721735        7.2153944311705506E-003
   8.7994991583321234        1.8220496891212114E-002   7.5322331656721735        7.7231268341867165E-003
   9.1103132457223861        1.9657609663715776E-002   7.5322331656721735        8.2675458774704863E-003
   9.4321068148357909        2.1223213420526181E-002   7.5322331656721735        8.8514296780399133E-003
   9.7652657388916850        2.2930599683250449E-002   7.5322331656721735        9.4777773239443086E-003
   10.110193474162946        2.4794630191385496E-002   7.5322331656721735        1.0149843054551268E-002
   10.467303634806061        2.6831896651128756E-002   7.5322331656721735        1.0871143523552774E-002
   10.837027566606025        2.9060984083295782E-002   7.5322331656721735        1.1645495641512609E-002
   11.219811965471335        3.1502708958386735E-002   7.5322331656721735        1.2477037801980527E-002
   11.616115840724994        3.4180373402252530E-002   7.5322331656721735        1.3370250761999991E-002
   12.026419117330413        3.7120121283526042E-002   7.5322331656721735        1.4330007093176342E-002
   12.451213803399156        4.0351200427576880E-002   7.5322331656721735        1.5361584663915849E-002
   12.891014326336300        4.3906377248639619E-002   7.5322331656721735        1.6470727530686787E-002
   13.346348065368609        4.7822217118321721E-002   7.5322331656721735        1.7663663073176183E-002
   13.817766430769083        5.2139533293194491E-002   7.5322331656721735        1.8947174067520708E-002
   14.305834715756038        5.6903657337100566E-002   7.5322331656721735        2.0328620336076450E-002
   14.811143972217785        6.2164899250578713E-002   7.5322331656721735        2.1816024115601726E-002
   15.334300133051286        6.7978778290754424E-002   7.5322331656721735        2.3418097199770133E-002
   15.875936741648431        7.4406476082200343E-002   7.5322331656721735        2.5144342035658393E-002
   16.436703292225193        8.1515005271785568E-002   7.5322331656721735        2.7005085425216877E-002
   17.017278874447534        8.9377647968057458E-002   7.5322331656721735        2.9011598111665333E-002
   17.618359675531394        9.8074046019846206E-002   7.5322331656721735        3.1176136155059507E-002
   18.240671728221173       0.10769058837395733        7.5322331656721735        3.3512074909117437E-002
   18.884968846184627       0.11832057589760271        7.5322331656721735        3.6034002927435090E-002
   19.552019805756849       0.13006411637861404        7.5322331656721735        3.8757777347009505E-002
   20.242632201214423       0.14302854546544014        7.5321811895916930        4.1700733482759204E-002
   20.957638264717446       0.15732809562450797        7.5320383811725495        4.4881756247315024E-002
   21.697899624358065       0.17308368578159425        7.5319051508436221        4.8321435162580369E-002
   22.464312967141105       0.19042250553001597        7.5317808554952705        5.2042238807475966E-002
   23.257792778673313       0.20947673943617826        7.5316648972864702        5.6068587855902498E-002
   24.079299719823517       0.23038291358553356        7.5315567163375254        6.0427161640352757E-002
   24.929823759061236       0.25327973199826304        7.5314557910314548        6.5146997389686212E-002
   25.810395145829254       0.27830600732954297        7.5313616341966192        7.0259739351904146E-002
   26.722064579292049       0.30559712901516184        7.5312737929534972        7.5799721033432785E-002
   27.665935811728254       0.33528241290173788        7.5311918431792115        8.1804360017475750E-002
   28.643146268414043       0.36748039830127283        7.5311153897358594        8.8314256630015450E-002
   29.654879655490589       0.40229457693231807        7.5310440635787383        9.5373483649729349E-002
   30.702343174827575       0.43977729827686618        7.5281155285617620       0.10301621999927277     
   31.786804983723918       0.47999872495965645        7.5240013381408719       0.11129941424930971     
   32.909571928103169       0.52300013767112086        7.5201630844418004       0.12028490113763252     
   34.072004028335677       0.56877293217303559        7.5165822400166613       0.13003223846920664     
   35.275488300232773       0.61726777934193278        7.5132415815685683       0.14060499688070305     
   36.521481794408061       0.66839274087357337        7.5101249794344236       0.15207109531799798     
   37.811486012809581       0.72200978304179886        7.5072174062678814       0.16450245994597240     
   39.147055493126302       0.77793395394592479        7.5045048425991627       0.17797483298579875     
   40.529808025860810       0.83593416454496328        7.5019741947440570       0.19256745394008451     
   41.961393513511240       0.89573387552572115        7.4996132906854962       0.20836210456349555     
   43.443545167355794       0.95701694034212592        7.4974107312973990       0.22544280135056563     
   44.978049075047366        1.0194317002087763        7.4953558964808193       0.24389438073612127     
   46.566763998623138        1.0825987497807901        7.4934388674425136       0.26380136137203880     
   48.211585595230147        1.1461179134883086        7.4916504235751669       0.28524584780479695     
   49.914505239722644        1.2095801795228649        7.4899819297556762       0.30830636496825459     
   51.677575059319224        1.2725768128565629        7.4884253409934898       0.33305530395964733     
   53.502930680545909        1.3347113173613669        7.4869731435547155       0.35955695911578767     
   55.392750120602578        1.3956094706277742        7.4856183525986442       0.38786460679892965     
   57.349321371645829        1.4549329800623330        7.4843544268036295       0.41801926325387245     
   59.375002227322796        1.5123890446114576        7.4831752718881175       0.45004715249798810     
   61.472246417894510        1.5677413741643338        7.4820751960107783       0.48395861778798999     
   63.643556378429672        1.6208182043388153        7.4810489079800782       0.51974653100836632     
   65.891560899834928        1.6715223083636244        7.4800914525812816       0.55738758940367950     
   68.218968971510208        1.7198362045869140        7.4791982132437296       0.59684263194011666     
   70.628585269218178        1.7650992194402753        7.4780797927747038       0.63767302359208056     
   73.123328588587739        1.8059770380099391        7.4762424409780044       0.67899273180967967     
   75.706175661273647        1.8447308184575633        7.4745283299826166       0.72177700139275514     
   78.380253523498894        1.8816756959269072        7.4729291835660643       0.76594191969156045     
   81.148784610322849        1.9172085776992809        7.4714372911106981       0.81140932153853917     
   84.015122474940881        1.9518030446345542        7.4700454511750376       0.85811368161365975     
   86.982687236203873        1.9860008671707192        7.4687469692284560       0.90600701730230282     
   90.055071705548812        2.0204034551140322        7.4675355758254369       0.95506576933436660     
   93.235978303002270        2.0556591935335389        7.4664054299802993        1.0052937362877072     
   96.529260096906100        2.0924500516490947        7.4653510764210331        1.0567252249751140     
   99.938826062156153        2.1314747988851481        7.4643674495066801        1.1094244389180086     
   103.46886588546354        2.1734342143402166        7.4634497830751467        1.1634881297899735     
   107.12359379692580        2.2190094973279071        7.4625936644309370        1.2190391388255148     
   110.90736836557576        2.2688439128936628        7.4617949747192052        1.2762242234132843     
   114.82483910697920        2.3235247681833866        7.4610498438906916        1.3352107798190200     
   118.88068277378797        2.3835600330274356        7.4603546889054400        1.3961760896971911     
   123.07973629915718        2.4493607923936507        7.4597061653176011        1.4593013701520265     
   127.42715949490271        2.5212263514915647        7.4591011307074613        1.5247651173998258     
   131.92808807993632        2.5993233132132856        7.4585366821679866        1.5927276828995682     
   136.58805281121437        2.6836800625367223        7.4580100846649673        1.6633262748462512     
   141.41261684513370        2.7741716835597097        7.4575188059989674        1.7366570582287879     
   146.40753387824964        2.8705177130903867        7.4570604825892364        1.8127640166339842     
   151.57894168226974        2.9301967187180447        7.4421417157442660        1.8687242653772171     
   156.93294936957258        2.8973081925460868        7.3958185961616536        1.8737212733945594     
   162.47613596373097        2.8681335420041725        7.3526018325443729        1.8800850928117550     
   168.21511902855468        2.8414520133414802        7.3122836125422879        1.8873113946160849     
   174.15674278185460        2.8161866322711693        7.2746699619949418        1.8948202120066353     
   180.30830831190286        2.7914089868898753        7.2395786240380424        1.9019572121906265     
   186.67715947709803        2.7663410392755545        7.2068408582848740        1.9079980711581328     
   193.27089166569760        2.7403495321626923        7.1762991607427242        1.9121593870111935     
   200.09760727912413        2.7129365229388696        7.1478055416807180        1.9136167224579246     
   207.16537088595135        2.6837302223743924        7.1212232910215061        1.9115310393342353     
   214.48286737908427        2.6524691711626849        7.0964236045257145        1.9050848269695870     
   222.05883252794877        2.6189905070790567        7.0732872302943042        1.8935268481903480     
   229.90230130529540        2.5832148560007453        7.0517028573922396        1.8762231714332560     
   238.02291179328489        2.5451313609826709        7.0315658987861820        1.8527088074863063     
   246.43025707061713        2.5047882625607336        7.0127797389791402        1.8227373018333100     
   255.13466811288930        2.4622782954569700        6.9952533496734670        1.7863147415908225     
   264.14653641505117        2.4177326136667237        6.9789024533840971        1.7437198541407912     
   273.47660938458705        2.3713117509911688        6.9636483846496038        1.6954979415777047     
   283.13635184814427        2.3231976756876156        6.9494172299121519        1.6424291932397672     
   293.13729579387660        2.2735922199110683        6.9361405571684509        1.5854810532371075     
   303.49136818478553        2.2227116548346117        6.9237544912908673        1.5257407470463198     
   314.21129214162710        2.1707816639643727        6.9121990156233561        1.4643408916562461     
   325.30973137660959        2.1180388758165685        6.9014186879292323        1.4023954369373763     
   336.80032369109853        2.0647233806221514        6.8913612721534117        1.3409353887833053     
   348.69678677735646        2.0110804705240319        6.8819784061550902        1.2808707808734954     
   361.01330816366544        1.9573560004078936        6.8732249482203258        1.2229623256223918     
   373.76502243504467        1.9019534389592898        6.8027243139031643        1.1636719964439362     
   386.96715283564077        1.8400961172386305        6.5156687307954657        1.0920688570588959     
   400.63544401132759        1.7786806136645421        6.2478690017863121        1.0236787020362919     
   414.78669160661980        1.7178871352194978        5.9980275038550124       0.95893364601047415     
   429.43761284149554        1.6578808696310743        5.7649455177222704       0.89811088550792351     
   444.60621081975989        1.5988039148633646        5.5474936451170560       0.84134700289751307     
   460.31059410826708        1.5407786317219760        5.3446262458550420       0.78866667241527966     
   476.56949149896485        1.4839045902613734        5.1553673087565439       0.74000426460695456     
   493.40288198244309        1.4282566039121252        4.9787997800419665       0.69522488930066806     
   510.83065126063684        1.3738902944356590        4.8140765030039123       0.65414832457799232     
   528.87421463804299        1.3208385179010420        4.6603993113517221       0.61656167498252590     
   547.55511287104378        1.2691183334604932        4.5170292321573831       0.58223663163813300     
   566.89562449487210        1.2187319711851745        4.3832765005762626       0.55093858591933609     
   586.91951519858117        1.1696684485615247        4.2584930180302898       0.52243379223584352     
   607.65068989177485        1.1219106540617556        4.1420787500284977       0.49649745481087010     
   629.11387223602765        1.0754369369745331        4.0334736182760631       0.47291651275596430     
   651.33543626567803        1.0302227429678028        3.9321513768367367       0.45149152689732747     
   674.34163286578985       0.98624726508563132        3.8376258897993734       0.43204004629682380     
   698.16073213207346       0.94349147354504515        3.7494391341163777       0.41439519713448314     
   722.82116976782140       0.90141568548690632        3.6666393642890895       0.39769903571901061     
   748.35235540965130       0.86041715870781132        3.5892329663191807       0.38235959214252596     
   774.78566186873422       0.82066597495765270        3.5170173203593480       0.36848390842752632     
   802.15264573967897       0.78216866852667410        3.4496451698858590       0.35596266813586142     
   830.48594444209971       0.74493873204745553        3.3867923821287493       0.34470035465331905     
   859.82037403360118       0.70899452153653875        3.3281544040378241       0.33461377508266948     
   890.19058800385733       0.67436123690488903        3.2734498953416789       0.32563182665653728     
   921.63390537915473       0.64106632910884243        3.2224137854590760       0.31769345231271828     
   954.18786380243341       0.60914124264379399        3.1748006618915952       0.31074741360389996     
   987.89128659474920       0.57861906524853568        3.1303814541179249       0.30475100782130821     
   1022.7855886411724       0.54953270213555561        3.0889409289607284       0.29966910542309277     
   1058.9119914466876       0.52191687794752450        3.0502802581354218       0.29547393264932675     
   1096.3148872627712       0.49580528865656348        3.0142121114432570       0.29214401552246211     
   1135.0389283928459       0.47123330824320547        2.9805630514099888       0.28966409638934038     
   1175.1302964981960       0.44823779874485697        2.9491711897337023       0.28802459013671755     
   1216.6382559936744       0.42685778118212148        2.9198844172150196       0.28722132509133902     
   1259.6123598874483       0.40713802085881884        2.8925619053301568       0.28725550885267215     
   1304.1038583964914       0.38913059766928793        2.8670722033031080       0.28813356220424641     
   1350.1674228314519       0.37289732515554469        2.8432918008365915       0.28986721268029442     
   1397.8574692241625       0.34953017978740164        2.6769974904357725       0.28470436863408138     
   1447.2325992722181       0.32774885429208916        2.4982439235836602       0.27935907796883680     
   1498.3517579647787       0.30846382512140685        2.3314793389349289       0.27476464882994978     
   1551.2759091786245       0.28761028285408208        2.1751333272038020       0.26728094712872585     
   1606.0700862978565       0.26962063637118738        2.0292473725396842       0.26034022884906216     
   1662.7990190437411       0.25436944075192819        1.8931475318665489       0.25401165928311775     
   1721.5324161293761       0.24162171401452157        1.7661743336941791       0.24825107499618429     
   1782.3403946248577       0.23117074075253716        1.6477172140538545       0.24301886408340498     
   1845.2954731357936       0.22283207825926757        1.5372062663292116       0.23827926050536985     
   1910.4750110852074       0.21643834859076688        1.4341060099567013       0.23399980508946081     
   1977.9568210713478       0.21183516031599112        1.3379206765173777       0.23015132935756150     
   2047.8213808026539       0.20887649567562214        1.2481875107282283       0.22670744993255373     
   2120.1545400970977       0.20742101478989114        1.1644717107241387       0.22364418848569168     
   2195.0417479108573       0.20732918538620071        1.0863716148745293       0.22093999441020176     
   2272.5750259096239       0.20846074518845142        1.0135087893300796       0.21857522536949192     
   2352.8469348264384       0.21067308260730616       0.94553286553603377       0.21653217597462887     
   2435.9532056335870       0.21382024809573874       0.88211680592098007       0.21479477573399799     
   2521.9959596104222       0.21775292167103014       0.82295332810214061       0.21334837128272591     
   2611.0779162676686       0.22231866380076626       0.76775793827813532       0.21217968998305284     
   2703.3053132971791       0.22736307520810808       0.71626508704215885       0.21127661503594294     
   2798.7914800504532       0.23273159489268427       0.66822526589241182       0.21062803002374225     
   2897.6492167059700       0.23827104011926151       0.62340798365644101       0.21022375701383239     
   3000.0000000000000       0.24383232636347152       0.58159607828792292       0.21005437287765183     
