         200   4370.0000000000000     
   3.0000000000000000        1.2021250074802927E-003   3.0292067400520283E-003   2.0149338896899753E-003
   3.1059655287322618        1.2368976197584714E-003   3.0292067400520283E-003   2.0369681666955668E-003
   3.2156739552243598        1.2715343258393155E-003   3.0292067400520283E-003   2.0590360908915618E-003
   3.3292574962321346        1.3059790228261666E-003   3.0292067400520283E-003   2.0810783139305448E-003
   3.4468529954360925        1.3401763155024230E-003   3.0292067400520283E-003   2.1030359631458401E-003
   3.5686022069563790        1.3740716277280236E-003   3.0292067400520283E-003   2.1248508444926188E-003
   3.6946518254059528        1.4076112563937769E-003   3.0292067400520283E-003   2.1464656269081913E-003
   3.8251536998800524        1.4407425046966673E-003   3.0292067400520283E-003   2.1678240971669802E-003
   3.9602651907155879        1.4734138735983861E-003   3.0292067400520283E-003   2.1888714717097036E-003
   4.1001490688558144        1.5055751673293200E-003   3.0292067400520283E-003   2.2095546704362641E-003
   4.2449739038313119        1.5371777514877514E-003   3.0292067400520283E-003   2.2298227024980712E-003
   4.3949142193596993        1.5681747760354129E-003   3.0292067400520283E-003   2.2496270374868918E-003
   4.5501507036585132        1.5985214321708790E-003   3.0292067400520283E-003   2.2689219994033818E-003
   4.7108703059600501        1.6281752023254359E-003   3.0292067400520283E-003   2.2876651492345517E-003
   4.8772669425686850        1.6570962262432119E-003   3.0292067400520283E-003   2.3058177247565000E-003
   5.0495410155906377        1.6852474460024407E-003   3.0292067400520283E-003   2.3233449156917752E-003
   5.2279001269311909        1.7125949608803204E-003   3.0292067400520283E-003   2.3402162382127043E-003
   5.4125592113782046        1.7391082522222321E-003   3.0292067400520283E-003   2.3564057864552909E-003
   5.6037407956130689        1.7647604032344603E-003   3.0292067400520283E-003   2.3718924345252079E-003
   5.8016752663703963        1.7895282843864140E-003   3.0292067400520283E-003   2.3866599667519543E-003
   6.0066011480696169        1.8133926986164466E-003   3.0292067400520283E-003   2.4006971310621297E-003
   6.2187653902530293        1.8363384819886381E-003   3.0292067400520283E-003   2.4139976135377941E-003
   6.4384236651766908        1.8583545570043300E-003   3.0292067400520283E-003   2.4265599353938201E-003
   6.6658406759127811        1.8794339373479282E-003   3.0292067400520283E-003   2.4383872765565439E-003
   6.9012904753346884        1.8995736843667157E-003   3.0292067400520283E-003   2.4494872325938346E-003
   7.1450567963692624        1.9187748169857968E-003   3.0292067400520283E-003   2.4598715138159704E-003
   7.3974330131920443        1.9370421515966364E-003   3.0292067400520283E-003   2.4695555830163102E-003
   7.6587243988323896        1.9543842606557695E-003   3.0292067400520283E-003   2.4785583400066882E-003
   7.9292442763577622        1.9708129767647955E-003   3.0292067400520283E-003   2.4869015617821695E-003
   8.2093202460023029        1.9863435372600830E-003   3.0292067400520283E-003   2.4946096775793126E-003
   8.4992881560440416        2.0009939326312400E-003   3.0292067400520283E-003   2.5017091449683459E-003
   8.7994991583321234        2.0147849955881852E-003   3.0292067400520283E-003   2.5082282143164564E-003
   9.1103132457223861        2.0277397614768635E-003   3.0292067400520283E-003   2.5141963564816049E-003
   9.4321068148357909        2.0398834974990226E-003   3.0292067400520283E-003   2.5196440365712375E-003
   9.7652657388916850        2.0512430955938283E-003   3.0292067400520283E-003   2.5246022182861681E-003
   10.110193474162946        2.0618470651623446E-003   3.0292067400520283E-003   2.5291021715310134E-003
   10.467303634806061        2.0717249756171739E-003   3.0292067400520283E-003   2.5331750664783267E-003
   10.837027566606025        2.0809074066067473E-003   3.0292067400520283E-003   2.5368518179872813E-003
   11.219811965471335        2.0894255843375261E-003   3.0292067400520283E-003   2.5401628235288448E-003
   11.616115840724994        2.0973110732786845E-003   3.0292067400520283E-003   2.5431377572049580E-003
   12.026419117330413        2.1045957270747657E-003   3.0292067400520283E-003   2.5458054876892938E-003
   12.451213803399156        2.1113113020808901E-003   3.0292067400520283E-003   2.5481938904402613E-003
   12.891014326336300        2.1174894551233472E-003   3.0292067400520283E-003   2.5503298237023520E-003
   13.346348065368609        2.1231614323652418E-003   3.0292067400520283E-003   2.5522390103665661E-003
   13.817766430769083        2.1283580891001018E-003   3.0292067400520283E-003   2.5539460517662628E-003
   14.305834715756038        2.1331096512844355E-003   3.0292067400520283E-003   2.5554743660128605E-003
   14.811143972217785        2.1374457584576001E-003   3.0292067400520283E-003   2.5568462313719643E-003
   15.334300133051286        2.1413952910494067E-003   3.0292067400520283E-003   2.5580827683648155E-003
   15.875936741648431        2.1449864333831607E-003   3.0292067400520283E-003   2.5592040050622052E-003
   16.436703292225193        2.1482465564251025E-003   3.0292067400520283E-003   2.5602288915949874E-003
   17.017278874447534        2.1512022949335121E-003   3.0292067400520283E-003   2.5611753808852584E-003
   17.618359675531394        2.1538794737875500E-003   3.0292067400520283E-003   2.5620604660181452E-003
   18.240671728221173        2.1563031861069728E-003   3.0292067400520283E-003   2.5629002690572807E-003
   18.884968846184627        2.1584977931643026E-003   3.0292067400520283E-003   2.5637101084283040E-003
   19.552019805756849        2.1604869143749292E-003   3.0292067400520283E-003   2.5645045614567158E-003
   20.242632201214423        2.1622935446589451E-003   3.0291786866797326E-003   2.5652975147120293E-003
   20.957638264717446        2.1639400494347862E-003   3.0291050908782626E-003   2.5661022826043945E-003
   21.697899624358065        2.1654482367907835E-003   3.0290410360876130E-003   2.5669318861646501E-003
   22.464312967141105        2.1668394361807541E-003   3.0289852850962991E-003   2.5677988704291797E-003
   23.257792778673313        2.1681345513146245E-003   3.0289367620104373E-003   2.5687154886837355E-003
   24.079299719823517        2.1693542110298859E-003   3.0288945294911301E-003   2.5696938352752418E-003
   24.929823759061236        2.1705188549055012E-003   3.0288577720249598E-003   2.5707459315717045E-003
   25.810395145829254        2.1716488853275764E-003   3.0288257796453671E-003   2.5718838480475402E-003
   26.722064579292049        2.1727647939596764E-003   3.0287979349569532E-003   2.5731197899056947E-003
   27.665935811728254        2.1738873677168520E-003   3.0287737000732856E-003   2.5744662524093301E-003
   28.643146268414043        2.1750378355071031E-003   3.0287526070167698E-003   2.5759361095172846E-003
   29.654879655490589        2.1762380565709680E-003   3.0287342483772575E-003   2.5775427432325917E-003
   30.702343174827575        2.1762028844339405E-003   2.8754604572288718E-003   2.5773747089252175E-003
   31.786804983723918        2.1756036693578477E-003   2.6705875175830570E-003   2.5764041893808422E-003
   32.909571928103169        2.1751092690409954E-003   2.4922744481330529E-003   2.5755971145699614E-003
   34.072004028335677        2.1747359021685605E-003   2.3370771508616339E-003   2.5749572355342715E-003
   35.275488300232773        2.1745008571829464E-003   2.2020005970021699E-003   2.5744892060836568E-003
   36.521481794408061        2.1744224215296550E-003   2.0844354614061832E-003   2.5741985547471048E-003
   37.811486012809581        2.1745197784758456E-003   1.9821115516469425E-003   2.5740916733087409E-003
   39.147055493126302        2.1748128350144716E-003   1.8930529846207657E-003   2.5741757612480400E-003
   40.529808025860810        2.1753220013968544E-003   1.8155396035547658E-003   2.5744587524081188E-003
   41.961393513511240        2.1760679038928241E-003   1.7480755395763864E-003   2.5749492066522344E-003
   43.443545167355794        2.1770710866551254E-003   1.6893575637111741E-003   2.5756561941024381E-003
   44.978049075047366        2.1783516524868062E-003   1.6382518270213124E-003   2.5765891379925187E-003
   46.566763998623138        2.1799289054491660E-003   1.5937712276250097E-003   2.5777576448294173E-003
   48.211585595230147        2.1818209319297544E-003   1.5550573699374729E-003   2.5791712683798525E-003
   49.914505239722644        2.1840442786247158E-003   1.5213624036503205E-003   2.5808393140352949E-003
   51.677575059319224        2.1866135514741246E-003   1.4920356761963989E-003   2.5827705430568819E-003
   53.502930680545909        2.1895410986464011E-003   1.4665107449465288E-003   2.5849728887631486E-003
   55.392750120602578        2.1928366239804477E-003   1.4442950246256908E-003   2.5874530629590199E-003
   57.349321371645829        2.1965070103004370E-003   1.4249593657177826E-003   2.5902162587008600E-003
   59.375002227322796        2.2005560089371308E-003   1.4081303950608105E-003   2.5932656905479439E-003
   61.472246417894510        2.2049840793899726E-003   1.3934830628721030E-003   2.5966021899711390E-003
   63.643556378429672        2.2097881177924540E-003   1.3807347019787715E-003   2.6002236679429211E-003
   65.891560899834928        2.2149614901415086E-003   1.3696390474463797E-003   2.6041247719292976E-003
   68.218968971510208        2.2204938452805266E-003   1.3599818412743569E-003   2.6082963603176307E-003
   70.628585269218178        2.2243189308148057E-003   1.3509901441801334E-003   2.6097872507730695E-003
   73.123328588587739        2.2225936150463989E-003   1.3415861480541398E-003   2.6031212182927206E-003
   75.706175661273647        2.2212254230803453E-003   1.3334013445070387E-003   2.5967895425605854E-003
   78.380253523498894        2.2201796425803215E-003   1.3262776245767717E-003   2.5907722419134705E-003
   81.148784610322849        2.2194230459283001E-003   1.3200774286462346E-003   2.5850523275749273E-003
   84.015122474940881        2.2189241919946885E-003   1.3146810005888849E-003   2.5796155080519516E-003
   86.982687236203873        2.2186537177231371E-003   1.3099841990468911E-003   2.5744500236314417E-003
   90.055071705548812        2.2185845591562985E-003   1.3058962941190932E-003   2.5695461099575923E-003
   93.235978303002270        2.2186921544909491E-003   1.3023383480255070E-003   2.5648957558941357E-003
   96.529260096906100        2.2189545805473307E-003   1.2992416394148232E-003   2.5604922633533623E-003
   99.938826062156153        2.2193526286200227E-003   1.2965464222797587E-003   2.5563300026836717E-003
   103.46886588546354        2.2198698620736115E-003   1.2942005870968498E-003   2.5524037910445415E-003
   107.12359379692580        2.2204925732692642E-003   1.2921588692977059E-003   2.5487089110826657E-003
   110.90736836557576        2.2212097323673621E-003   1.2903818623238382E-003   2.5452406927465409E-003
   114.82483910697920        2.2220129172223087E-003   1.2888352093935974E-003   2.5419941971555672E-003
   118.88068277378797        2.2228961231224096E-003   1.2874890667320118E-003   2.5389643116789668E-003
   123.07973629915718        2.2238556108362031E-003   1.2863174528593912E-003   2.5361455141278254E-003
   127.42715949490271        2.2248897412563023E-003   1.2852977157081849E-003   2.5335317288162264E-003
   131.92808807993632        2.2259986623539459E-003   1.2844101885337818E-003   2.5311165380785166E-003
   136.58805281121437        2.2271841521869372E-003   1.2836377118214540E-003   2.5288929482413665E-003
   141.41261684513370        2.2284492534682750E-003   1.2829653800803015E-003   2.5268536332116844E-003
   146.40753387824964        2.2297980166355092E-003   1.2823802168450665E-003   2.5249908910841856E-003
   151.57894168226974        2.2312352480204963E-003   1.2818709085273441E-003   2.5232966486780496E-003
   156.93294936957258        2.2327660844182222E-003   1.2814276325600088E-003   2.5217626754641871E-003
   162.47613596373097        2.2343958182368994E-003   1.2810418186133740E-003   2.5203804857853412E-003
   168.21511902855468        2.2361294674932610E-003   1.2807060221312753E-003   2.5191415309991721E-003
   174.15674278185460        2.0803766906103451E-003   1.2164700097819399E-003   2.3506342908169863E-003
   180.30830831190286        1.8807358281248171E-003   1.1345043205944611E-003   2.1357475239522708E-003
   186.67715947709803        1.7071108637235796E-003   1.0631647790306593E-003   1.9487124946402786E-003
   193.27089166569760        1.5561545176072974E-003   1.0010744828474125E-003   1.7859189281449008E-003
   200.09760727912413        1.4249420164759031E-003   9.4703297375743070E-004   1.6442193281845246E-003
   207.16537088595135        1.3109289416781591E-003   8.9999800223906521E-004   1.5208812282089877E-003
   214.48286737908427        1.2118913037520690E-003   8.5906019074344765E-004   1.4135207777960157E-003
   222.05883252794877        1.1258941193174128E-003   8.2342961490527479E-004   1.3200675461927289E-003
   229.90230130529540        1.0512504172295906E-003   7.9241858009236523E-004   1.2387193271214943E-003
   238.02291179328489        9.8648758194983693E-004   7.6542751670968551E-004   1.1679051062942695E-003
   246.43025707061713        9.3032553590979622E-004   7.4193587262289494E-004   1.1062611311653155E-003
   255.13466811288930        8.8164628796420102E-004   7.2148945868233145E-004   1.0525976740214766E-003
   264.14653641505117        8.3947768433270068E-004   7.0369374670085699E-004   1.0058814153104951E-003
   273.47660938458705        8.0297256928262603E-004   6.8820526719144594E-004   9.6521284672165754E-004
   283.13635184814427        7.7139169799134860E-004   6.7472456476852267E-004   9.2980776691740366E-004
   293.13729579387660        7.4409224718863351E-004   6.6299151963289252E-004   8.9898499692701547E-004
   303.49136818478553        7.2051401963008706E-004   6.5277967593957344E-004   8.7215149440648737E-004
   314.21129214162710        7.0016814969839553E-004   6.4389159716234838E-004   8.4879016866016850E-004
   325.30973137660959        6.8262966305706425E-004   6.3615586699530640E-004   8.2845202377368476E-004
   336.80032369109853        6.6752742725681912E-004   6.2942292227064173E-004   8.1074523433357552E-004
   348.69678677735646        6.5453865159112836E-004   6.2356284600222620E-004   7.9532937430061654E-004
   361.01330816366544        6.4338202429967432E-004   6.1846253468557800E-004   7.8190800086215821E-004
   373.76502243504467        6.3287580936619340E-004   6.1276888560426828E-004   7.6855018467925963E-004
   386.96715283564077        6.2062629860324097E-004   6.0351043051266049E-004   7.5118705405447417E-004
   400.63544401132759        6.1005026528685499E-004   5.9545234370363316E-004   7.3607610676416804E-004
   414.78669160661980        6.0092666310438509E-004   5.8843882954269771E-004   7.2292483285731296E-004
   429.43761284149554        5.9306300154853898E-004   5.8233462474978185E-004   7.1147928801611725E-004
   444.60621081975989        5.8629096168902382E-004   5.7702171018694022E-004   7.0151791572712458E-004
   460.31059410826708        5.8046402221834179E-004   5.7239756936608985E-004   6.9284827267961438E-004
   476.56949149896485        5.7545444814557055E-004   5.6837295318737716E-004   6.8530283047756025E-004
   493.40288198244309        5.7115081733277371E-004   5.6487004942986242E-004   6.7873553791541412E-004
   510.83065126063684        5.6745636129150359E-004   5.6182130076904812E-004   6.7301960028476565E-004
   528.87421463804299        5.6428675142614656E-004   5.5916776247732949E-004   6.6804439650790335E-004
   547.55511287104378        5.6156884633901095E-004   5.5685823263466579E-004   6.6371384519773387E-004
   566.89562449487210        5.5923915180711831E-004   5.5484813572582959E-004   6.5994430879450004E-004
   586.91951519858117        5.5724254735249948E-004   5.5309860839147676E-004   6.5666287694828365E-004
   607.65068989177485        5.5553138469212273E-004   5.5157589224984216E-004   6.5380622595459113E-004
   629.11387223602765        5.5406445322995980E-004   5.5025059783156286E-004   6.5131923666341231E-004
   651.33543626567803        5.5280612104905574E-004   5.4909710179828401E-004   6.4915386235120691E-004
   674.34163286578985        5.5172572864323351E-004   5.4809315771927453E-004   6.4726839746005651E-004
   698.16073213207346        5.5079683404336019E-004   5.4721935526693050E-004   6.4562646186254891E-004
   722.82116976782140        5.4468714590821593E-004   5.4114903680763072E-004   6.3403346863325882E-004
   748.35235540965130        5.3781205294799747E-004   5.3430258787283153E-004   6.2095070081208284E-004
   774.78566186873422        5.3183125907096441E-004   5.2834364653919601E-004   6.0956289909722464E-004
   802.15264573967897        5.2662668591267798E-004   5.2315723076984942E-004   5.9965044679380092E-004
   830.48594444209971        5.2209578660086884E-004   5.1864323917151511E-004   5.9102215805703628E-004
   859.82037403360118        5.1814939363256218E-004   5.1471439790341084E-004   5.8351135485055117E-004
   890.19058800385733        5.1471030770367692E-004   5.1129493497098705E-004   5.7697333424873160E-004
   921.63390537915473        5.1171137773830817E-004   5.0831873823003267E-004   5.7128184861931835E-004
   954.18786380243341        5.0909446030822098E-004   5.0572837983485432E-004   5.6632724203222362E-004
   987.89128659474920        5.0680910903007088E-004   5.0347386408592005E-004   5.6201405762241661E-004
   1022.7855886411724        5.0481149765812421E-004   5.0151160201231115E-004   5.5825907802706839E-004
   1058.9119914466876        5.0306371738548814E-004   4.9980374924694666E-004   5.5499006055299176E-004
   1096.3148872627712        5.0153281639411915E-004   4.9831728604065955E-004   5.5214397856475804E-004
   1135.0389283928459        5.0019028414194085E-004   4.9702353002226834E-004   5.4966609066041687E-004
   1175.1302964981960        4.9901139793308551E-004   4.9589751081034294E-004   5.4750874514923652E-004
   1216.6382559936744        4.9797468602528485E-004   4.9491745786781700E-004   5.4563040087772074E-004
   1259.6123598874483        4.9706157231486729E-004   4.9406446037189838E-004   5.4399497736484629E-004
   1304.1038583964914        4.9625594656056888E-004   4.9332205488394410E-004   5.4257106639682895E-004
   1350.1674228314519        4.9554381130727644E-004   4.9267588768243107E-004   5.4133128639249775E-004
   1397.8574692241625        4.5906980481625232E-004   4.5651049490247065E-004   5.0086988511167799E-004
   1447.2325992722181        4.2398126911412631E-004   4.2172325776728277E-004   4.6192280598023511E-004
   1498.3517579647787        3.9343981798174786E-004   3.9144588714920244E-004   4.2802483851988346E-004
   1551.2759091786245        3.4312229644108876E-004   3.4142070166837758E-004   3.7329865376237821E-004
   1606.0700862978565        2.9860596818839601E-004   2.9715844006022616E-004   3.2489827202916786E-004
   1662.7990190437411        2.5986378829341306E-004   2.5863482646883970E-004   2.8277371849096339E-004
   1721.5324161293761        2.2614643012107365E-004   2.2510504255649158E-004   2.4611037860309523E-004
   1782.3403946248577        1.9680287613820023E-004   1.9592210715081365E-004   2.1420065278144674E-004
   1845.2954731357936        1.7126628256144917E-004   1.7052276951679389E-004   1.8642852501702862E-004
   1910.4750110852074        1.4904239584205635E-004   1.4841595701943684E-004   1.6225692586440638E-004
   1977.9568210713478        1.2970185772141811E-004   1.2917510289337645E-004   1.4121933898358463E-004
   2047.8213808026539        1.1287086408858215E-004   1.1242884541375170E-004   1.2290962776202898E-004
   2120.1545400970977        9.8223511489151812E-005   9.7853411224528537E-005   1.0697370418376106E-004
   2195.0417479108573        8.5476851859690405E-005   8.5167697159503703E-005   9.3104148705475229E-005
   2272.5750259096239        7.4384020108329835E-005   7.4126436703365881E-005   8.1032736483910146E-005
   2352.8469348264384        6.4730590664020284E-005   6.4516580835190509E-005   7.0526478428236910E-005
   2435.9532056335870        5.6329902383129505E-005   5.6152652723881849E-005   6.1382540672397576E-005
   2521.9959596104222        4.9019228908040715E-005   4.8872943577040811E-005   5.3424084013549659E-005
   2611.0779162676686        4.2657232753607005E-005   4.2536986197782198E-005   4.6497500452419426E-005
   2703.3053132971791        3.7120881365975059E-005   3.7022492248717887E-005   4.0469063624323612E-005
   2798.7914800504532        3.2302921112973659E-005   3.2222844104094833E-005   3.5222185725654178E-005
   2897.6492167059700        2.8110244209827281E-005   2.8045475307738081E-005   3.0655646002587188E-005
   3000.0000000000000        2.4461623364677089E-005   2.4409620308524188E-005   2.6681129869854668E-005
