         200   4370.0000000000000     
   3.0000000000000000        5.9805864198347073E-003  0.12244112719786293        5.3118975957235750E-003
   3.1059655287322618        6.4674020805668463E-003  0.12244112719786293        5.7793923503066218E-003
   3.2156739552243598        6.9947777629286003E-003  0.12244112719786293        6.2906465250080071E-003
   3.3292574962321346        7.5657145689642840E-003  0.12244112719786293        6.8498177388524734E-003
   3.4468529954360925        8.1833563082586002E-003  0.12244112719786293        7.4614493580441700E-003
   3.5686022069563790        8.8509937768314756E-003  0.12244112719786293        8.1305040101766098E-003
   3.6946518254059528        9.5720694311703606E-003  0.12244112719786293        8.8623978499080183E-003
   3.8251536998800524        1.0350184807964026E-002  0.12244112719786293        9.6630377045869385E-003
   3.9602651907155879        1.1189110676370453E-002  0.12244112719786293        1.0538861094721096E-002
   4.1001490688558144        1.2092795966004559E-002  0.12244112719786293        1.1496875079498210E-002
   4.2449739038313119        1.3065380647212251E-002  0.12244112719786293        1.2544699448746803E-002
   4.3949142193596993        1.4111207578669778E-002  0.12244112719786293        1.3690609466017630E-002
   4.5501507036585132        1.5234834051298690E-002  0.12244112719786293        1.4943579322526044E-002
   4.7108703059600501        1.6441040646000597E-002  0.12244112719786293        1.6313324206980756E-002
   4.8772669425686850        1.7734841531914017E-002  0.12244112719786293        1.7810346287124901E-002
   5.0495410155906377        1.9121481155733561E-002  0.12244112719786293        1.9445967924723279E-002
   5.2279001269311909        2.0606433649453710E-002  0.12244112719786293        2.1232370833949573E-002
   5.4125592113782046        2.2195390208984474E-002  0.12244112719786293        2.3182624251599612E-002
   5.6037407956130689        2.3894238315959285E-002  0.12244112719786293        2.5310705634385859E-002
   5.8016752663703963        2.5709030812892619E-002  0.12244112719786293        2.7631510004939096E-002
   6.0066011480696169        2.7645944037995009E-002  0.12244112719786293        3.0160844456751039E-002
   6.2187653902530293        2.9711224639713964E-002  0.12244112719786293        3.2915403683916225E-002
   6.4384236651766908        3.1911125163096063E-002  0.12244112719786293        3.5912721709023203E-002
   6.6658406759127811        3.4251829001600662E-002  0.12244112719786293        3.9171094267134540E-002
   6.9012904753346884        3.6739365806140449E-002  0.12244112719786293        4.2709465605634316E-002
   7.1450567963692624        3.9379518903812603E-002  0.12244112719786293        4.6547272837874180E-002
   7.3974330131920443        4.2177722401512796E-002  0.12244112719786293        5.0704234115086212E-002
   7.6587243988323896        4.5138980092742920E-002  0.12244112719786293        5.5200117961642869E-002
   7.9292442763577622        4.8267714182957791E-002  0.12244112719786293        6.0054344376826913E-002
   8.2093202460023029        5.1567729061709748E-002  0.12244112719786293        6.5285687799437969E-002
   8.4992881560440416        5.5042037787972474E-002  0.12244112719786293        7.0911686995884737E-002
   8.7994991583321234        5.8692846910396536E-002  0.12244112719786293        7.6948215913568194E-002
   9.1103132457223861        6.2521388220347612E-002  0.12244112719786293        8.3408718695829900E-002
   9.4321068148357909        6.6527928942962278E-002  0.12244112719786293        9.0303649742363601E-002
   9.7652657388916850        7.0711615147825188E-002  0.12244112719786293        9.7639556857647275E-002
   10.110193474162946        7.5070512650337901E-002  0.12244112719786293       0.10541844055965596     
   10.467303634806061        7.9601465933383755E-002  0.12244112719786293       0.11363676226957641     
   10.837027566606025        8.4300158131691477E-002  0.12244112719786293       0.12228480754094155     
   11.219811965471335        8.9161058129646587E-002  0.12244112719786293       0.13134589487963572     
   11.616115840724994        9.4177371618619540E-002  0.12244112719786293       0.14079568055184516     
   12.026419117330413        9.9341152543793693E-002  0.12244112719786293       0.15060191530519387     
   12.451213803399156       0.10464320646139429       0.12244112719786293       0.16072401755130944     
   12.891014326336300       0.11007324796267115       0.12244112719786293       0.17111338520325242     
   13.346348065368609       0.11561982287275356       0.12244112719786293       0.18171356012950882     
   13.817766430769083       0.12127049749484636       0.12244112719786293       0.19246122655909836     
   14.305834715756038       0.12701180046488952       0.12244112719786293       0.20328706465584157     
   14.811143972217785       0.13282944237322952       0.12244112719786293       0.21411743684654103     
   15.334300133051286       0.13870827768093891       0.12244112719786293       0.22487584191306820     
   15.875936741648431       0.14463255204049738       0.12244112719786293       0.23548508218101721     
   16.436703292225193       0.15058588335202786       0.12244112719786293       0.24586902541265243     
   17.017278874447534       0.15655153203689898       0.12244112719786293       0.25595486692075092     
   17.618359675531394       0.16251239823736835       0.12244112719786293       0.26567477920981303     
   18.240671728221173       0.16845129026244113       0.12244112719786293       0.27496779789899201     
   18.884968846184627       0.17435103793404277       0.12244112719786293       0.28378111937306433     
   19.552019805756849       0.18019452224449065       0.12244112719786293       0.29207092475305518     
   20.242632201214423       0.18596503734406650       0.12243832089444479       0.29980328948505131     
   20.957638264717446       0.19164630004532970       0.12243095877957853       0.30695417397998126     
   21.697899624358065       0.19722263045992300       0.12242455109439707       0.31350932004672444     
   22.464312967141105       0.20267912311027933       0.12241897407514103       0.31946376268772669     
   23.257792778673313       0.20800164904618215       0.12241412009536717       0.32482094028414460     
   24.079299719823517       0.21317717103244682       0.12240989538890265       0.32959195681558234     
   24.929823759061236       0.21819372278295771       0.12240621837631857       0.33379437047363508     
   25.810395145829254       0.22304056675578701       0.12240301803650702       0.33745113464193954     
   26.722064579292049       0.22770816333603836       0.12240023260866437       0.34058940637776053     
   27.665935811728254       0.23218841199232174       0.12239780828562195       0.34323962243616613     
   28.643146268414043       0.23647458852281983       0.12239569825350261       0.34543444310972304     
   29.654879655490589       0.24056143531932694       0.12239386175725987       0.34720792706253972     
   30.702343174827575       0.24437089275361515       0.11662093665485924       0.34848352423875123     
   31.786804983723918       0.24793738558546899       0.10890503888639319       0.34934668586265505     
   32.909571928103169       0.25129656717945476       0.10218943546391979       0.34988619544555621     
   34.072004028335677       0.25444844204528028        9.6344415219866100E-002  0.35013527288042978     
   35.275488300232773       0.25739432848490590        9.1257179773847077E-002  0.35012589925526660     
   36.521481794408061       0.26013690339606521        8.6829457064529020E-002  0.34988859232488501     
   37.811486012809581       0.26268004277395496        8.2975747402643074E-002  0.34945223244681617     
   39.147055493126302       0.26502874247703445        7.9621635338023841E-002  0.34884395204181934     
   40.529808025860810       0.26718901845703719        7.6702336552018135E-002  0.34808906069389728     
   41.961393513511240       0.26916773306843467        7.4161513827443501E-002  0.34721102753807720     
   43.443545167355794       0.27097253911813757        7.1950085125681212E-002  0.34623144403097106     
   44.978049075047366       0.27261168826717080        7.0025347576823604E-002  0.34517005148213237     
   46.566763998623138       0.27409390984676446        6.8350125079331414E-002  0.34404475655490968     
   48.211585595230147       0.27542823316555071        6.6892088851333867E-002  0.34287169747995450     
   49.914505239722644       0.27662389915994434        6.5623073452652683E-002  0.34166525317988161     
   51.677575059319224       0.27769018873570744        6.4518574091686098E-002  0.34043812719016719     
   53.502930680545909       0.27863630973877795        6.3557257480465618E-002  0.33920139784420222     
   55.392750120602578       0.27947125812367463        6.2720571937002575E-002  0.33796461686377305     
   57.349321371645829       0.28020374682781074        6.1992354888536959E-002  0.33673583843275207     
   59.375002227322796       0.28084209185887077        6.1358544404037520E-002  0.33552172468521446     
   61.472246417894510       0.28139414537823043        6.0806898501244398E-002  0.33432760968230879     
   63.643556378429672       0.28186722267172959        6.0326771406184837E-002  0.33315760755700519     
   65.891560899834928       0.28226807684645477        5.9908888321214188E-002  0.33201465131118713     
   68.218968971510208       0.28260285568797833        5.9545179889631657E-002  0.33090060409978073     
   70.628585269218178       0.28264689424850870        5.9176244404000801E-002  0.32945084916246131     
   73.123328588587739       0.28198118937425504        5.8714204710932520E-002  0.32699967941215180     
   75.706175661273647       0.28127913200942234        5.8312066718949340E-002  0.32461505551032377     
   78.380253523498894       0.28054458608924693        5.7962062175562865E-002  0.32229815066382211     
   81.148784610322849       0.27978132785214643        5.7657432464286423E-002  0.32004988247523758     
   84.015122474940881       0.27899303604166342        5.7392293694567893E-002  0.31787087123979174     
   86.982687236203873       0.27818330828471022        5.7161529164915875E-002  0.31576147649825764     
   90.055071705548812       0.27735562928522717        5.6960681109171615E-002  0.31372170854675513     
   93.235978303002270       0.27651338470046283        5.6785871134878818E-002  0.31175127637289057     
   96.529260096906100       0.27565984622067269        5.6633722805931222E-002  0.30984956782512879     
   99.938826062156153       0.27479819179024767        5.6501300665263154E-002  0.30801571853444759     
   103.46886588546354       0.27393144485283877        5.6386044453608196E-002  0.30624851321096913     
   107.12359379692580       0.27306253689198279        5.6285730219892159E-002  0.30454655801826469     
   110.90736836557576       0.27219427426927156        5.6198421830374823E-002  0.30290824774200359     
   114.82483910697920       0.27132930582355913        5.6122431258324917E-002  0.30133175069250473     
   118.88068277378797       0.27047018440853271        5.6056292211280279E-002  0.29981516655640422     
   123.07973629915718       0.26961933613467726        5.5998728160120463E-002  0.29835650554091914     
   127.42715949490271       0.26877903112220386        5.5948626157308209E-002  0.29695367763840697     
   131.92808807993632       0.26795145424553501        5.5905019931001991E-002  0.29560464570690370     
   136.58805281121437       0.26713862503234326        5.5867066395262274E-002  0.29430732022094441     
   141.41261684513370       0.26634246479875839        5.5834033209458900E-002  0.29305969441539231     
   146.40753387824964       0.26556476245405214        5.5805282810375258E-002  0.29185980836773545     
   151.57894168226974       0.26480714164341196        5.5780259335711471E-002  0.29070571700968884     
   156.93294936957258       0.26407111633350672        5.5758480180430170E-002  0.28959559026663412     
   162.47613596373097       0.26335800840390083        5.5739524264764542E-002  0.28852759992300542     
   168.21511902855468       0.26266899688864531        5.5723025820758089E-002  0.28750000522279623     
   174.15674278185460       0.24362713982880757        5.3515698670044583E-002  0.26742328290694367     
   180.30830831190286       0.21961831019427952        5.0700889715638624E-002  0.24221234618291387     
   186.67715947709803       0.19878734331753348        4.8250996566595435E-002  0.22032245812653353     
   193.27089166569760       0.18071437029834669        4.6118734599291382E-002  0.20131207143913540     
   200.09760727912413       0.16503418180607934        4.4262878506284312E-002  0.18479791154520772     
   207.16537088595135       0.15143043436724926        4.2647636076036395E-002  0.17044859665684939     
   214.48286737908427       0.13962785051457427        4.1241778094313251E-002  0.15797621770156112     
   222.05883252794877       0.12938792825604878        4.0018177525415026E-002  0.14713167135849203     
   229.90230130529540       0.12050359691884512        3.8953218036364506E-002  0.13769892626733779     
   238.02291179328489       0.11279482616056599        3.8026309623202199E-002  0.12949032329845975     
   246.43025707061713       0.10610570912314854        3.7219575844901868E-002  0.12234346492778674     
   255.13466811288930       0.10030057304432549        3.6517419252114033E-002  0.11611708514936987     
   264.14653641505117        9.5261827349205658E-002   3.5906291230962187E-002  0.11068878079001536     
   273.47660938458705        9.0887304427356472E-002   3.5374396590102115E-002  0.10595220839563015     
   283.13635184814427        8.7088077948434553E-002   3.4911451639990841E-002  0.10181479019404427     
   293.13729579387660        8.3786978481397462E-002   3.4508523526561752E-002   9.8196174545666010E-002
   303.49136818478553        8.0916855165946266E-002   3.4157835459958596E-002   9.5026419452661756E-002
   314.21129214162710        7.8419152087271529E-002   3.3852607211680458E-002   9.2244508981128681E-002
   325.30973137660959        7.6242968368501252E-002   3.3586952121619044E-002   8.9797398745702181E-002
   336.80032369109853        7.4343808824882229E-002   3.3355733995005570E-002   8.7638709819170352E-002
   348.69678677735646        7.2682902265011451E-002   3.3154491312642351E-002   8.5728047956666956E-002
   361.01330816366544        7.1226358415919927E-002   3.2979339952278350E-002   8.4030134568791548E-002
   373.76502243504467        6.9837949868930355E-002   3.2699405519814768E-002   8.2334610721783580E-002
   386.96715283564077        6.8245222447223933E-002   3.2018475482582062E-002   8.0203226666690400E-002
   400.63544401132759        6.6835946406532662E-002   3.1425828729252009E-002   7.8305468207850060E-002
   414.78669160661980        6.5582942479499778E-002   3.0910006984534881E-002   7.6607252792004948E-002
   429.43761284149554        6.4462413178578010E-002   3.0461062062753969E-002   7.5079006681334812E-002
   444.60621081975989        6.3453409878846359E-002   3.0070314030248013E-002   7.3694961768408049E-002
   460.31059410826708        6.2537574085653372E-002   2.9730223124135056E-002   7.2432820252706448E-002
   476.56949149896485        6.1698785765736161E-002   2.9434225355900324E-002   7.1273288309733826E-002
   493.40288198244309        6.0922873977686968E-002   2.9176597883235914E-002   7.0199688620310341E-002
   510.83065126063684        6.0197456466990928E-002   2.8952372078976048E-002   6.9197745907845651E-002
   528.87421463804299        5.9511668323641638E-002   2.8757212745167241E-002   6.8255213770310338E-002
   547.55511287104378        5.8856053431095789E-002   2.8587354142819821E-002   6.7361721477692579E-002
   566.89562449487210        5.8222389429451557E-002   2.8439517884023706E-002   6.6508524081212911E-002
   586.91951519858117        5.7603538580521293E-002   2.8310845691834684E-002   6.5688286074666355E-002
   607.65068989177485        5.6993380972354749E-002   2.8198854744235082E-002   6.4894973003986514E-002
   629.11387223602765        5.6386693653182496E-002   2.8101383538871497E-002   6.4123667585065158E-002
   651.33543626567803        5.5779043432409393E-002   2.8016547560394050E-002   6.3370406339054858E-002
   674.34163286578985        5.5166761085327261E-002   2.7942710654308027E-002   6.2632118629603023E-002
   698.16073213207346        5.4546815599644020E-002   2.7878445252518858E-002   6.1906442030447151E-002
   722.82116976782140        5.3303505832871578E-002   2.7209938620789395E-002   6.0061837641101533E-002
   748.35235540965130        5.1947385028484713E-002   2.6447769014250149E-002   5.8037445958805556E-002
   774.78566186873422        5.0670686825445607E-002   2.5784399723848637E-002   5.6189669397808388E-002
   802.15264573967897        4.9460480147923772E-002   2.5207030564461670E-002   5.4496973429411330E-002
   830.48594444209971        4.8305808790469862E-002   2.4704517914007563E-002   5.2940917191918499E-002
   859.82037403360118        4.7197410293724693E-002   2.4267146156475534E-002   5.1505666000296782E-002
   890.19058800385733        4.6127595941224765E-002   2.3886480099867102E-002   5.0177735133591181E-002
   921.63390537915473        4.5089955972993777E-002   2.3555159919049409E-002   4.8945522811394360E-002
   954.18786380243341        4.4079282485203722E-002   2.3266792554062055E-002   4.7799139147576240E-002
   987.89128659474920        4.3091382038591142E-002   2.3015812316326264E-002   4.6730109578164286E-002
   1022.7855886411724        4.2122910953201143E-002   2.2797366735732121E-002   4.5731131496214293E-002
   1058.9119914466876        4.1171340555165921E-002   2.2607242850693151E-002   4.4795981272748489E-002
   1096.3148872627712        4.0234761995777441E-002   2.2441764792234090E-002   4.3919265696362730E-002
   1135.0389283928459        3.9311874192033164E-002   2.2297739542811224E-002   4.3096370826310848E-002
   1175.1302964981960        3.8401867893911347E-002   2.2172387316002566E-002   4.2323314681833091E-002
   1216.6382559936744        3.7504321855612387E-002   2.2063284542768357E-002   4.1596628303753623E-002
   1259.6123598874483        3.6619203597113188E-002   2.1968326007031962E-002   4.0913330846691846E-002
   1304.1038583964914        3.5746779717736717E-002   2.1885678943709679E-002   4.0270832248567527E-002
   1350.1674228314519        3.4887535511580976E-002   2.1813745448488363E-002   3.9666855735551849E-002
   1397.8574692241625        3.1377971536647425E-002   2.0009155323898589E-002   3.6063097796400323E-002
   1447.2325992722181        2.8072629276417599E-002   1.8257691406615192E-002   3.2648220646758069E-002
   1498.3517579647787        2.5204274401802462E-002   1.6733289743393154E-002   2.9697006993584810E-002
   1551.2759091786245        2.1444935362912938E-002   1.4588917175200729E-002   2.5624217221785317E-002
   1606.0700862978565        1.8210223378653946E-002   1.2697589363404491E-002   2.2080198211862946E-002
   1662.7990190437411        1.5462046967257143E-002   1.1051474159411764E-002   1.9035722954062740E-002
   1721.5324161293761        1.3128381133679343E-002   9.6187454525428137E-003   1.6419406339091096E-002
   1782.3403946248577        1.1147664409577167E-002   8.3717577172291117E-003   1.4170217372608771E-002
   1845.2954731357936        9.4672409543254937E-003   7.2864432320881647E-003   1.2235882445489552E-002
   1910.4750110852074        8.0420704890231155E-003   6.3418184481906616E-003   1.0571575526740517E-002
   1977.9568210713478        6.8337654639959722E-003   5.5196561544177845E-003   9.1389736431572149E-003
   2047.8213808026539        5.8095842442814931E-003   4.8040880527444284E-003   7.9052486459874789E-003
   2120.1545400970977        4.9415984263043488E-003   4.1812792976218226E-003   6.8422416353948181E-003
   2195.0417479108573        4.2060762906743513E-003   3.6392183420366239E-003   5.9258803479165243E-003
   2272.5750259096239        3.5827986083442967E-003   3.1674249401799789E-003   5.1354949310340259E-003
   2352.8469348264384        3.0546070071022723E-003   2.7567955007776639E-003   4.4534005400658026E-003
   2435.9532056335870        2.6069284725669397E-003   2.3994045930824013E-003   3.8644329208056202E-003
   2521.9959596104222        2.2273831623893471E-003   2.0883423953777917E-003   3.3555689487823333E-003
   2611.0779162676686        1.9054890110613120E-003   1.8176067399828027E-003   2.9156567790474420E-003
   2703.3053132971791        1.6323625833118180E-003   1.5819722424467201E-003   2.5351248153917200E-003
   2798.7914800504532        1.4004727984672015E-003   1.3768831283132003E-003   2.2057441284498388E-003
   2897.6492167059700        1.2034575690591898E-003   1.1983840300379257E-003   1.9204638137685587E-003
   3000.0000000000000        1.0359265946055462E-003   1.0430238331155673E-003   1.6732128482711854E-003
