         200   4370.0000000000000     
   3.0000000000000000        3.1187532126320254E-003  0.43764881654631582        1.5361960235203767E-003
   3.1059655287322618        3.3362381830966598E-003  0.43764881654631582        1.6378238485249481E-003
   3.2156739552243598        3.5684075781996370E-003  0.43764881654631582        1.7465180812050133E-003
   3.3292574962321346        3.8161937156216560E-003  0.43764881654631582        1.8627736287003351E-003
   3.4468529954360925        4.0805915504892190E-003  0.43764881654631582        1.9871196451031058E-003
   3.5686022069563790        4.3626660353902292E-003  0.43764881654631582        2.1201220196775130E-003
   3.6946518254059528        4.6635602401653995E-003  0.43764881654631582        2.2623857760456275E-003
   3.8251536998800524        4.9845054314877442E-003  0.43764881654631582        2.4145578551818510E-003
   3.9602651907155879        5.3268333640007215E-003  0.43764881654631582        2.5773303008014294E-003
   4.1001490688558144        5.6919895781516036E-003  0.43764881654631582        2.7514431549712014E-003
   4.2449739038313119        6.0815503916359362E-003  0.43764881654631582        2.9376882002180738E-003
   4.3949142193596993        6.4972422346149051E-003  0.43764881654631582        3.1369127482207570E-003
   4.5501507036585132        6.9409645086425734E-003  0.43764881654631582        3.3500238466030721E-003
   4.7108703059600501        7.4148160513063614E-003  0.43764881654631582        3.5779927205678618E-003
   4.8772669425686850        7.9211280075695938E-003  0.43764881654631582        3.8218605373900767E-003
   5.0495410155906377        8.4624985264696358E-003  0.43764881654631582        4.0827429900911968E-003
   5.2279001269311909        9.0418371332029318E-003  0.43764881654631582        4.3618371409945766E-003
   5.4125592113782046        9.6624144797323400E-003  0.43764881654631582        4.6604280914729476E-003
   5.6037407956130689        1.0327920494951213E-002  0.43764881654631582        4.9798965466806453E-003
   5.8016752663703963        1.1042531560628784E-002  0.43764881654631582        5.3217271973938730E-003
   6.0066011480696169        1.1810987621023629E-002  0.43764881654631582        5.6875180124546379E-003
   6.2187653902530293        1.2638679994501873E-002  0.43764881654631582        6.0789905437959747E-003
   6.4384236651766908        1.3531750421618405E-002  0.43764881654631582        6.4980013550329854E-003
   6.6658406759127811        1.4497201551462349E-002  0.43764881654631582        6.9465546941860591E-003
   6.9012904753346884        1.5543018644479274E-002  0.43764881654631582        7.4268165413140354E-003
   7.1450567963692624        1.6678301778539656E-002  0.43764881654631582        7.9411301727322879E-003
   7.3974330131920443        1.7913405414408501E-002  0.43764881654631582        8.4920325498705242E-003
   7.6587243988323896        1.9260096970652570E-002  0.43764881654631582        9.0822776153732711E-003
   7.9292442763577622        2.0731689871306771E-002  0.43764881654631582        9.7148479542009010E-003
   8.2093202460023029        2.2343231554676539E-002  0.43764881654631582        1.0392991393186427E-002
   8.4992881560440416        2.4111626525329145E-002  0.43764881654631582        1.1120231659521385E-002
   8.7994991583321234        2.6055831557983435E-002  0.43764881654631582        1.1900412869026485E-002
   9.1103132457223861        2.8196967239842014E-002  0.43764881654631582        1.2737713458637232E-002
   9.4321068148357909        3.0558514435938548E-002  0.43764881654631582        1.3636699138758555E-002
   9.7652657388916850        3.3166409835092329E-002  0.43764881654631582        1.4602340786514872E-002
   10.110193474162946        3.6049247067346780E-002  0.43764881654631582        1.5640077401272282E-002
   10.467303634806061        3.9238359797248344E-002  0.43764881654631582        1.6755838756447244E-002
   10.837027566606025        4.2768028928939252E-002  0.43764881654631582        1.7956116479374333E-002
   11.219811965471335        4.6675618821984233E-002  0.43764881654631582        1.9248010850467505E-002
   11.616115840724994        5.1001706980133878E-002  0.43764881654631582        2.0639278338751343E-002
   12.026419117330413        5.5790352043101933E-002  0.43764881654631582        2.2138425047778350E-002
   12.451213803399156        6.1089190484407453E-002  0.43764881654631582        2.3754745703003701E-002
   12.891014326336300        6.6949766319212345E-002  0.43764881654631582        2.5498438232812438E-002
   13.346348065368609        7.3427632147889998E-002  0.43764881654631582        2.7380651548134866E-002
   13.817766430769083        8.0582721702408697E-002  0.43764881654631582        2.9413621349113770E-002
   14.305834715756038        8.8479423248139594E-002  0.43764881654631582        3.1610728313621619E-002
   14.811143972217785        9.7186959770317286E-002  0.43764881654631582        3.3986658994139364E-002
   15.334300133051286       0.10677937528520755       0.43764881654631582        3.6557476259238157E-002
   15.875936741648431       0.11733586277463359       0.43764881654631582        3.9340809788781371E-002
   16.436703292225193       0.12894058014334647       0.43764881654631582        4.2355940807270835E-002
   17.017278874447534       0.14168284756503025       0.43764881654631582        4.5624027355953188E-002
   17.618359675531394       0.15565669357402970       0.43764881654631582        4.9168205456845797E-002
   18.240671728221173       0.17096078570647386       0.43764881654631582        5.3013843092474373E-002
   18.884968846184627       0.18769788793978648       0.43764881654631582        5.7188732114783036E-002
   19.552019805756849       0.20597379414151373       0.43764881654631582        6.1723217688536051E-002
   20.242632201214423       0.22589700309001270       0.43762300281495076        6.6650581629922975E-002
   20.957638264717446       0.24757716645047376       0.43755528253416820        7.2007207174107773E-002
   21.697899624358065       0.27112375603675926       0.43749634155762329        7.7832891299181417E-002
   22.464312967141105       0.29664451644161655       0.43744504144660773        8.4171162198088206E-002
   23.257792778673313       0.32424285984089485       0.43740039220122517        9.1069449419470649E-002
   24.079299719823517       0.35401650548453284       0.43736153131502631        9.8579643928439736E-002
   24.929823759061236       0.38605435601183202       0.43732770838110624       0.10675830312507309     
   25.810395145829254       0.42043409182013852       0.43729827011308481       0.11566710839862410     
   26.722064579292049       0.45721839712011908       0.43727264840532415       0.12537302617951598     
   27.665935811728254       0.49645312266117059       0.43725034831355386       0.13594900526164491     
   28.643146268414043       0.53816339372827193       0.43723093922116990       0.14747414718992605     
   29.654879655490589       0.58235105603974346       0.43721404624361199       0.16003419659470555     
   30.702343174827575       0.62886502332675687       0.42783358924100839       0.17366121507183885     
   31.786804983723918       0.67771411969659401       0.41530163080560978       0.18848384859438352     
   32.909571928103169       0.72887557206729059       0.40439432416619137       0.20463868644396702     
   34.072004028335677       0.78223153103866350       0.39490099585229022       0.22223995955732154     
   35.275488300232773       0.83762979167465290       0.38663844169804057       0.24140905657942813     
   36.521481794408061       0.89488560723059962       0.37944705080333280       0.26227495511648519     
   37.811486012809581       0.95378119924322502       0.37318795681919126       0.28497340242409158     
   39.147055493126302        1.0140677301934999       0.36774029612658021       0.30964633747890630     
   40.529808025860810        1.0754682494975578       0.36299884773722335       0.33644105901139398     
   41.961393513511240        1.1376797097155176       0.35887211022312399       0.36550820686391772     
   43.443545167355794        1.2003794844758808       0.35528036582669109       0.39700091968565426     
   44.978049075047366        1.2632290141644336       0.35215425766855640       0.43107195168611784     
   46.566763998623138        1.3258802883645451       0.34943340530132899       0.46787129468144323     
   48.211585595230147        1.3879806241158272       0.34706530116686929       0.50754202853337116     
   49.914505239722644        1.4491815121406371       0.34500419969723289       0.55021788724519827     
   51.677575059319224        1.5091439119089680       0.34321030085371390       0.59601823927646080     
   53.502930680545909        1.5675457326142581       0.34164895567048581       0.64504411695947328     
   55.392750120602578        1.6240870141606454       0.34029003299307192       0.69737239034526255     
   57.349321371645829        1.6784981656151123       0.33910728199543499       0.75305290831694949     
   59.375002227322796        1.7305441451133963       0.33807786365864351       0.81210304232169817     
   61.472246417894510        1.7800299258594010       0.33718189487674527       0.87450460362803484     
   63.643556378429672        1.8268032713731490       0.33640208506335151       0.94019945797941351     
   65.891560899834928        1.8707594126317864       0.33572337033580402        1.0090899917527099     
   68.218968971510208        1.9118416569657435       0.33513264465695541        1.0810372461856541     
   70.628585269218178        1.9481862242816337       0.33434568033324019        1.1547057116143722     
   73.123328588587739        1.9764265681971913       0.33292667305178669        1.2275902006111481     
   75.706175661273647        2.0020525258494049       0.33169163470479213        1.3026806446782540     
   78.380253523498894        2.0251986547553122       0.33061670758693174        1.3796644780885174     
   81.148784610322849        2.0460423534260328       0.32968113476725053        1.4582109374574050     
   84.015122474940881        2.0647986001615828       0.32886684575600184        1.5379799954899880     
   86.982687236203873        2.0817130439357094       0.32815812623949753        1.6186281270548444     
   90.055071705548812        2.0970554354272544       0.32754128561337253        1.6998178312671852     
   93.235978303002270        2.1111113834203956       0.32700441263446267        1.7812209271254345     
   96.529260096906100        2.1241744295627054       0.32653713765814096        1.8625228475998186     
   99.938826062156153        2.1365374634341512       0.32613044536600233        1.9434216031543639     
   103.46886588546354        2.1484854869097729       0.32577647273978622        2.0236325538041329     
   107.12359379692580        2.1602869905910018       0.32546838962439195        2.1028800648054657     
   110.90736836557576        2.1721873677669477       0.32520024980368883        2.1808972212042099     
   114.82483910697920        2.1844031368580907       0.32496686904294814        2.2574248075980221     
   118.88068277378797        2.1971159327321503       0.32476374409339825        2.3322021162923612     
   123.07973629915718        2.2104689164021911       0.32458695450373498        2.4049669192613536     
   127.42715949490271        2.2245645739509023       0.32443308221121769        2.4754563532454519     
   131.92808807993632        2.2394622297113638       0.32429915962064138        2.5434010390015223     
   136.58805281121437        2.2551793841315706       0.32418259746293115        2.6085337874608001     
   141.41261684513370        2.2716918059846960       0.32408114658784859        2.6705878833804566     
   146.40753387824964        2.2889365411613660       0.32399284892369495        2.7293054399629226     
   151.57894168226974        2.3068161605621742       0.32391599731703041        2.7844464649122012     
   156.93294936957258        2.3252017926636133       0.32384910960068974        2.8357920187007868     
   162.47613596373097        2.3439399718477705       0.32379089256271670        2.8831574462806691     
   168.21511902855468        2.3628567300516541       0.32374022286370902        2.9263953518080705     
   174.15674278185460        2.2416872188348469       0.31356668448004305        2.8029059102681324     
   180.30830831190286        2.0777394226556574       0.30058427315668113        2.6210416237443370     
   186.67715947709803        1.9329942080992417       0.28928491995923605        2.4539945898408808     
   193.27089166569760        1.8049924786539422       0.27945053959556271        2.3008983180296965     
   200.09760727912413        1.6916127809776154       0.27089099344282269        2.1609204699641107     
   207.16537088595135        1.5910275970135457       0.26344120130556176        2.0332517598074711     
   214.48286737908427        1.5016470999401577       0.25695712836256823        1.9170777658737701     
   222.05883252794877        1.4220899858872742       0.25131365978681591        1.8115836279104889     
   229.90230130529540        1.3511479151880581       0.24640187275134820        1.7159500585673846     
   238.02291179328489        1.2877575658658935       0.24212680240956880        1.6293570819027294     
   246.43025707061713        1.2309849788570870       0.23840599936112308        1.5510015226778309     
   255.13466811288930        1.1800020093705497       0.23516752533015417        1.4800997490250831     
   264.14653641505117        1.1340769100289183       0.23234889164298828        1.4159049783523867     
   273.47660938458705        1.0925602599150102       0.22989569672987387        1.3577131033537628     
   283.13635184814427        1.0548740278771318       0.22776051034253145        1.3048677476354988     
   293.13729579387660        1.0205064159952459       0.22590213253181329        1.2567687487967325     
   303.49136818478553       0.98900339006164606       0.22428469532716322        1.2128718666139942     
   314.21129214162710       0.95996193296233656       0.22287692708042200        1.1726874740355113     
   325.30973137660959       0.93302757585513141       0.22165167744352382        1.1357824407090380     
   336.80032369109853       0.90788723150785733       0.22058525735117124        1.1017734044828653     
   348.69678677735646       0.88426759289343693       0.21965708946461956        1.0703261954488403     
   361.01330816366544       0.86193057891444980       0.21884925950495876        1.0411501395416736     
   373.76502243504467       0.83918695818265521       0.21675675496341787        1.0115950449228575     
   386.96715283564077       0.81246285801506835       0.21016987372585461       0.97602484764942510     
   400.63544401132759       0.78733439788673865       0.20443698845635086       0.94353751403275643     
   414.78669160661980       0.76356529769917747       0.19944725913553427       0.91376728946912000     
   429.43761284149554       0.74095573930295089       0.19510445338416013       0.88640152820522267     
   444.60621081975989       0.71933612085730292       0.19132460708102272       0.86117020769178909     
   460.31059410826708       0.69856534454185504       0.18803478538708632       0.83784168612703436     
   476.56949149896485       0.67852665907947707       0.18517149247982925       0.81621597832376336     
   493.40288198244309       0.65912397369024245       0.18267936924662501       0.79611926836861657     
   510.83065126063684       0.64028074842098204       0.18051035236926757       0.77740156430156060     
   528.87421463804299       0.62193563796176410       0.17862250591822065       0.75993131558998073     
   547.55511287104378       0.60404178911083573       0.17697940254538669       0.74359408369886792     
   566.89562449487210       0.58656407353641049       0.17554932922500124       0.72828935426743469     
   586.91951519858117       0.56947661673487371       0.17430463681582203       0.71392798773450072     
   607.65068989177485       0.55276235577655519       0.17322130808719233       0.70043157661325228     
   629.11387223602765       0.53641088900577749       0.17227843404917587       0.68773040633911475     
   651.33543626567803       0.52041657330055291       0.17145778510677509       0.67576183733681405     
   674.34163286578985       0.50477868801192549       0.17074353414890261       0.66447032184225951     
   698.16073213207346       0.48949888252284363       0.17012187179576294       0.65380541111559398     
   722.82116976782140       0.46572207632994816       0.16074582698080625       0.62711470576874251     
   748.35235540965130       0.44085888211174373       0.14998446358886891       0.59824291360098814     
   774.78566186873422       0.41771174617282514       0.14061809954625534       0.57240426884868489     
   802.15264573967897       0.39611303042931822       0.13246600415678877       0.54924392662748267     
   830.48594444209971       0.37591765567724794       0.12537083636974330       0.52844941610712093     
   859.82037403360118       0.35699913131499439       0.11919541769680053       0.50974497127169904     
   890.19058800385733       0.33924833148336059       0.11382064844466470       0.49288874942790800     
   921.63390537915473       0.32256924131315451       0.10914261243500241       0.47766712999214445     
   954.18786380243341       0.30687836992052675       0.10507104361570049       0.46389271755667522     
   987.89128659474920       0.29210227845288123       0.10152735790677583       0.45140061329865921     
   1022.7855886411724       0.27817558675897269        9.8443041431851785E-002  0.44004535083037910     
   1058.9119914466876       0.26504088499270551        9.5758609779320769E-002  0.42969951669102713     
   1096.3148872627712       0.25264631695883266        9.3422161953020597E-002  0.42025056235759040     
   1135.0389283928459       0.24094577265616654        9.1388614520329037E-002  0.41159983999578686     
   1175.1302964981960       0.22989760752238159        8.9618718616448254E-002  0.40366055973806914     
   1216.6382559936744       0.21946363444885564        8.8078254945674214E-002  0.39635611565599099     
   1259.6123598874483       0.20960936324013890        8.6737499159221340E-002  0.38961939003369706     
   1304.1038583964914       0.20030312015810878        8.5570573747795628E-002  0.38339133534118075     
   1350.1674228314519       0.19151536741616326        8.4554917290902948E-002  0.37761981348303975     
   1397.8574692241625       0.16838015620010782        7.6139356314166906E-002  0.34376967390777619     
   1447.2325992722181       0.14698342649972426        6.7801134061647270E-002  0.31158544767189322     
   1498.3517579647787       0.12866826663286399        6.0543890709599729E-002  0.28373048021314318     
   1551.2759091786245       0.10769244527382937        5.2740330805587980E-002  0.24512819356872126     
   1606.0700862978565        9.0042441519046293E-002   4.5902999888012851E-002  0.21145876655126764     
   1662.7990190437411        7.5326673650566153E-002   3.9952135998658413E-002  0.18246788720269003     
   1721.5324161293761        6.3054447002937539E-002   3.4772684703714141E-002  0.15749685664360188     
   1782.3403946248577        5.2817354581247367E-002   3.0264704784357829E-002  0.13598184958741530     
   1845.2954731357936        4.4275149155976530E-002   2.6341189126065593E-002  0.11743911070081335     
   1910.4750110852074        3.7144241617371739E-002   2.2926280192687006E-002  0.10145289559305744     
   1977.9568210713478        3.1188839093242115E-002   1.9954084872860902E-002   8.7666899840482024E-002
   2047.8213808026539        2.6212663001469051E-002   1.7367237751654982E-002   7.5775045087181997E-002
   2120.1545400970977        2.2052222831829997E-002   1.5115724539309195E-002   6.5513969613509027E-002
   2195.0417479108573        1.8571685134473607E-002   1.3156122344641016E-002   5.6657811271080008E-002
   2272.5750259096239        1.5657866870467212E-002   1.1450544076768576E-002   4.9011957981333752E-002
   2352.8469348264384        1.3216707597352557E-002   9.9660793826098423E-003   4.2409323809294658E-002
   2435.9532056335870        1.1169923063556764E-002   8.6740770720615187E-003   3.6706124189973162E-002
   2521.9959596104222        9.4522961111506761E-003   7.5495574787950680E-003   3.1778429026700666E-002
   2611.0779162676686        8.0096062669314429E-003   6.5708221926237898E-003   2.7519739045578469E-002
   2703.3053132971791        6.7966998285451368E-003   5.7189809490264592E-003   2.3838323444032666E-002
   2798.7914800504532        5.7759297537254804E-003   4.9775641876499913E-003   2.0655046559692553E-002
   2897.6492167059700        4.9159774683884949E-003   4.3322728765484517E-003   1.7901875834506489E-002
   3000.0000000000000        4.1906962759353898E-003   3.7706309067362521E-003   1.5520045763684039E-002
