         200   4370.0000000000000     
   3.0000000000000000        4.4012956969644310E-003   2.7642910309039342E-002   2.3282050700585123E-002
   3.1059655287322618        4.6483592964649432E-003   2.7642910309039342E-002   2.3541910032146483E-002
   3.2156739552243598        4.9052245643854677E-003   2.7642910309039342E-002   2.3789573985690118E-002
   3.3292574962321346        5.1719482170095145E-003   2.7642910309039342E-002   2.4025235418418611E-002
   3.4468529954360925        5.4485525091459907E-003   2.7642910309039342E-002   2.4249166041567887E-002
   3.5686022069563790        5.7350225292246140E-003   2.7642910309039342E-002   2.4461707922323984E-002
   3.6946518254059528        6.0313031365165672E-003   2.7642910309039342E-002   2.4663263659347835E-002
   3.8251536998800524        6.3372966128578965E-003   2.7642910309039342E-002   2.4854286407314890E-002
   3.9602651907155879        6.6528609614948768E-003   2.7642910309039342E-002   2.5035269788167242E-002
   4.1001490688558144        6.9778074689871294E-003   2.7642910309039342E-002   2.5206737129109858E-002
   4.2449739038313119        7.3118997624874241E-003   2.7642910309039342E-002   2.5369231604207468E-002
   4.3949142193596993        7.6548526777702785E-003   2.7642910309039342E-002   2.5523306379345044E-002
   4.5501507036585132        8.0063316156909672E-003   2.7642910309039342E-002   2.5669515334069484E-002
   4.7108703059600501        8.3659520090717202E-003   2.7642910309039342E-002   2.5808404303040950E-002
   4.8772669425686850        8.7332805155965736E-003   2.7642910309039342E-002   2.5940503539344805E-002
   5.0495410155906377        9.1078339285318895E-003   2.7642910309039342E-002   2.6066319947760510E-002
   5.2279001269311909        9.4890811481433100E-003   2.7642910309039342E-002   2.6186331210274656E-002
   5.4125592113782046        9.8764442411998551E-003   2.7642910309039342E-002   2.6300980300395470E-002
   5.6037407956130689        1.0269300191228316E-002   2.7642910309039342E-002   2.6410671056278534E-002
   5.8016752663703963        1.0666983091280375E-002   2.7642910309039342E-002   2.6515764737866512E-002
   6.0066011480696169        1.1068786793353307E-002   2.7642910309039342E-002   2.6616577586806290E-002
   6.2187653902530293        1.1473968025119330E-002   2.7642910309039342E-002   2.6713379394571215E-002
   6.4384236651766908        1.1881749978831692E-002   2.7642910309039342E-002   2.6806393069478851E-002
   6.6658406759127811        1.2291326369317131E-002   2.7642910309039342E-002   2.6895795177288240E-002
   6.9012904753346884        1.2701865948145419E-002   2.7642910309039342E-002   2.6981717413148296E-002
   7.1450567963692624        1.3112517449842452E-002   2.7642910309039342E-002   2.7064248945354658E-002
   7.3974330131920443        1.3522414327180793E-002   2.7642910309039342E-002   2.7143439439337561E-002
   7.6587243988323896        1.3930683474262991E-002   2.7642910309039342E-002   2.7219303473699975E-002
   7.9292442763577622        1.4336444535858013E-002   2.7642910309039342E-002   2.7291823721979584E-002
   8.2093202460023029        1.4738825163056720E-002   2.7642910309039342E-002   2.7360957538763775E-002
   8.4992881560440416        1.5136957725811169E-002   2.7642910309039342E-002   2.7426640497479445E-002
   8.7994991583321234        1.5529995219154658E-002   2.7642910309039342E-002   2.7488793497966395E-002
   9.1103132457223861        1.5917108156199164E-002   2.7642910309039342E-002   2.7547326751076854E-002
   9.4321068148357909        1.6297500064601050E-002   2.7642910309039342E-002   2.7602146730970462E-002
   9.7652657388916850        1.6670404261420035E-002   2.7642910309039342E-002   2.7653160074174503E-002
   10.110193474162946        1.7035098485305149E-002   2.7642910309039342E-002   2.7700279851875391E-002
   10.467303634806061        1.7390901265397132E-002   2.7642910309039342E-002   2.7743428913571982E-002
   10.837027566606025        1.7737184265994792E-002   2.7642910309039342E-002   2.7782544935217018E-002
   11.219811965471335        1.8073373073574459E-002   2.7642910309039342E-002   2.7817583404464736E-002
   11.616115840724994        1.8398947880889877E-002   2.7642910309039342E-002   2.7848520186470806E-002
   12.026419117330413        1.8713453284291907E-002   2.7642910309039342E-002   2.7875354380502770E-002
   12.451213803399156        1.9016492788201316E-002   2.7642910309039342E-002   2.7898109073279841E-002
   12.891014326336300        1.9307737794311882E-002   2.7642910309039342E-002   2.7916832803119993E-002
   13.346348065368609        1.9586921264927549E-002   2.7642910309039342E-002   2.7931599218010517E-002
   13.817766430769083        1.9853844804229265E-002   2.7642910309039342E-002   2.7942507138382845E-002
   14.305834715756038        2.0108371567369800E-002   2.7642910309039342E-002   2.7949679303297024E-002
   14.811143972217785        2.0350431508159263E-002   2.7642910309039342E-002   2.7953261280421190E-002
   15.334300133051286        2.0580013689957020E-002   2.7642910309039342E-002   2.7953419573194034E-002
   15.875936741648431        2.0797169854915948E-002   2.7642910309039342E-002   2.7950339698718654E-002
   16.436703292225193        2.1002006336877790E-002   2.7642910309039342E-002   2.7944223965207963E-002
   17.017278874447534        2.1194686165058981E-002   2.7642910309039342E-002   2.7935289058223383E-002
   17.618359675531394        2.1375420806062077E-002   2.7642910309039342E-002   2.7923763787369518E-002
   18.240671728221173        2.1544470575869227E-002   2.7642910309039342E-002   2.7909886544319001E-002
   18.884968846184627        2.1702139332814702E-002   2.7642910309039342E-002   2.7893903004151885E-002
   19.552019805756849        2.1848767370673729E-002   2.7642910309039342E-002   2.7876064335743359E-002
   20.242632201214423        2.1984732945612206E-002   2.7642629680086475E-002   2.7856624014614688E-002
   20.957638264717446        2.2110444416100009E-002   2.7641893472243641E-002   2.7835836988250852E-002
   21.697899624358065        2.2226337266884451E-002   2.7641252706896904E-002   2.7813960050153679E-002
   22.464312967141105        2.2332870962119639E-002   2.7640695007731579E-002   2.7791247541396120E-002
   23.257792778673313        2.2430522992548378E-002   2.7640209612156609E-002   2.7767952144177942E-002
   24.079299719823517        2.2519789518624371E-002   2.7639787143601127E-002   2.7744323511618325E-002
   24.929823759061236        2.2601180038970128E-002   2.7639419444162611E-002   2.7720608562431571E-002
   25.810395145829254        2.2675216141235580E-002   2.7639099411765424E-002   2.7697051275683310E-002
   26.722064579292049        2.2742427899569755E-002   2.7638820870359772E-002   2.7673893598074054E-002
   27.665935811728254        2.2803355034975038E-002   2.7638578439255428E-002   2.7651375200198308E-002
   28.643146268414043        2.2858544028636449E-002   2.7638367437087825E-002   2.7629734835332452E-002
   29.654879655490589        2.2908548085843191E-002   2.7638183788372503E-002   2.7609211022535482E-002
   30.702343174827575        2.2940726988029941E-002   2.6124041600702128E-002   2.7569953352481514E-002
   31.786804983723918        2.2962182721852097E-002   2.4100169050377495E-002   2.7522196503969813E-002
   32.909571928103169        2.2979986185010782E-002   2.2338672743213245E-002   2.7476107883233406E-002
   34.072004028335677        2.2994614641826151E-002   2.0805529564933010E-002   2.7431809502303301E-002
   35.275488300232773        2.3006547549195989E-002   1.9471152609044078E-002   2.7389427840088305E-002
   36.521481794408061        2.3016265506494129E-002   1.8309765208544642E-002   2.7349092197851112E-002
   37.811486012809581        2.3024247929744425E-002   1.7298940877319483E-002   2.7310935345323927E-002
   39.147055493126302        2.3030970740965769E-002   1.6419160514490144E-002   2.7275092453126090E-002
   40.529808025860810        2.3036903536827590E-002   1.5653431255694138E-002   2.7241699699790921E-002
   41.961393513511240        2.3042506144788154E-002   1.4986975903146165E-002   2.7210893438533019E-002
   43.443545167355794        2.3048225124396395E-002   1.4406920285407371E-002   2.7182806996786237E-002
   44.978049075047366        2.3054489594293272E-002   1.3902063480845734E-002   2.7157569094669945E-002
   46.566763998623138        2.3061707054259615E-002   1.3462654233847087E-002   2.7135300783513117E-002
   48.211585595230147        2.3070258827482700E-002   1.3080212736075673E-002   2.7116112925646134E-002
   49.914505239722644        2.3080495934401760E-002   1.2747351219710568E-002   2.7100102128736637E-002
   51.677575059319224        2.3092734677513081E-002   1.2457642101525135E-002   2.7087347845154430E-002
   53.502930680545909        2.3107252773561293E-002   1.2205489680640082E-002   2.7077908637836993E-002
   55.392750120602578        2.3124285365093571E-002   1.1986027868744531E-002   2.7071818821308026E-002
   57.349321371645829        2.3144022383395774E-002   1.1795017238576391E-002   2.7069084637924054E-002
   59.375002227322796        2.3166605643311366E-002   1.1628769359174866E-002   2.7069681189588468E-002
   61.472246417894510        2.3192127164276481E-002   1.1484073170388491E-002   2.7073549375457723E-002
   63.643556378429672        2.3220627354483804E-002   1.1358136295961625E-002   2.7080593151428377E-002
   65.891560899834928        2.3252095503983536E-002   1.1248525965408367E-002   2.7090677564492151E-002
   68.218968971510208        2.3286469598931086E-002   1.1153125594240886E-002   2.7103627233883602E-002
   70.628585269218178        2.3303087802703612E-002   1.1064622704358986E-002   2.7089302289711507E-002
   73.123328588587739        2.3263811441685579E-002   1.0972874398163380E-002   2.6992495984050666E-002
   75.706175661273647        2.3228060003333623E-002   1.0893020913333195E-002   2.6900072997177497E-002
   78.380253523498894        2.3195566886706386E-002   1.0823519689740844E-002   2.6811840288364551E-002
   81.148784610322849        2.3166072024962483E-002   1.0763028653048953E-002   2.6727626289902728E-002
   84.015122474940881        2.3139324261301938E-002   1.0710379425302048E-002   2.6647276708015116E-002
   86.982687236203873        2.3115084539980599E-002   1.0664555971076704E-002   2.6570653239040572E-002
   90.055071705548812        2.3093127285640797E-002   1.0624673101285058E-002   2.6497627688458855E-002
   93.235978303002270        2.3073243104276706E-002   1.0589960674434937E-002   2.6428081148190865E-002
   96.529260096906100        2.3055240266791694E-002   1.0559748223684806E-002   2.6361900737765259E-002
   99.938826062156153        2.3038946651918898E-002   1.0533452848435964E-002   2.6298979544496972E-002
   103.46886588546354        2.3024209754390675E-002   1.0510566151997271E-002   2.6239210910035806E-002
   107.12359379692580        2.3010898733190684E-002   1.0490646519184679E-002   2.6182492208515998E-002
   110.90736836557576        2.2998904173260108E-002   1.0473309487377583E-002   2.6128721707732595E-002
   114.82483910697920        2.2988137792656179E-002   1.0458219861146287E-002   2.6077796410462258E-002
   118.88068277378797        2.2978532981064257E-002   1.0445086475355440E-002   2.6029615733949064E-002
   123.07973629915718        2.2970043616818203E-002   1.0433655846621830E-002   2.5984079495755919E-002
   127.42715949490271        2.2962642747467395E-002   1.0423706974340910E-002   2.5941086606164947E-002
   131.92808807993632        2.2956321797441035E-002   1.0415047983645585E-002   2.5900538996031525E-002
   136.58805281121437        2.2951088025731172E-002   1.0407511460981988E-002   2.5862337754788429E-002
   141.41261684513370        2.2946962890002660E-002   1.0400951983752758E-002   2.5826386752308323E-002
   146.40753387824964        2.2943979250503000E-002   1.0395242949533519E-002   2.5792591189926904E-002
   151.57894168226974        2.2942178541707773E-002   1.0390273979442905E-002   2.5760856550761876E-002
   156.93294936957258        2.2941607996408240E-002   1.0385949241466057E-002   2.5731091296988026E-002
   162.47613596373097        2.2942317358026529E-002   1.0382185120805401E-002   2.5703203736456643E-002
   168.21511902855468        2.2944355799121473E-002   1.0378908986059502E-002   2.5677104387110263E-002
   174.15674278185460        2.1333057097596347E-002   9.9456258165389194E-003   2.3946618286355404E-002
   180.30830831190286        1.9274783317368552E-002   9.3931114749166433E-003   2.1745897363190762E-002
   186.67715947709803        1.7485638336451247E-002   8.9122258723006581E-003   1.9831329327793659E-002
   193.27089166569760        1.5930801597716170E-002   8.4936875856482033E-003   1.8165641841336625E-002
   200.09760727912413        1.4579878333410429E-002   8.1294045653855212E-003   1.6716369037853566E-002
   207.16537088595135        1.3406451651741905E-002   7.8123512156326813E-003   1.5455349558995499E-002
   214.48286737908427        1.2387453950015987E-002   7.5363976039425108E-003   1.4358035968212628E-002
   222.05883252794877        1.1502833758477788E-002   7.2962190079226483E-003   1.3403125389983140E-002
   229.90230130529540        1.0735125743446927E-002   7.0871798153955261E-003   1.2572089552864691E-002
   238.02291179328489        1.0069097676782714E-002   6.9052384474597942E-003   1.1848789729470661E-002
   246.43025707061713        9.4915203639007132E-003   6.7468859661361739E-003   1.1219226707325225E-002
   255.13466811288930        8.9908497880498411E-003   6.6090607730719319E-003   1.0671196702740310E-002
   264.14653641505117        8.5570561653816393E-003   6.4891034325479727E-003   1.0194107665895511E-002
   273.47660938458705        8.1814065011354149E-003   6.3846986853458012E-003   9.7787454259448212E-003
   283.13635184814427        7.8562863021169344E-003   6.2938279625147824E-003   9.4170822165501045E-003
   293.13729579387660        7.5750793692651985E-003   6.2147378484365950E-003   9.1021492054498346E-003
   303.49136818478553        7.3320242546522051E-003   6.1459018494851372E-003   8.8278828554813737E-003
   314.21129214162710        7.1220967437532106E-003   6.0859890854668627E-003   8.5889991755868610E-003
   325.30973137660959        6.9409323194523998E-003   6.0338440732967662E-003   8.3809124666591513E-003
   336.80032369109853        6.7847218973080227E-003   5.9884586375296457E-003   8.1996229011138053E-003
   348.69678677735646        6.6501546511711163E-003   5.9489570337074036E-003   8.0416569551692782E-003
   361.01330816366544        6.5343468815857999E-003   5.9145768536940178E-003   7.9039911342377398E-003
   373.76502243504467        6.4251868618088069E-003   5.8720851056678260E-003   7.7670714326690685E-003
   386.96715283564077        6.2981799334438657E-003   5.7919925571510780E-003   7.5897486277264094E-003
   400.63544401132759        6.1883652054294551E-003   5.7222840904232967E-003   7.4353200828285041E-003
   414.78669160661980        6.0934674671431410E-003   5.6616119569356362E-003   7.3008048309083752E-003
   429.43761284149554        6.0115063748472190E-003   5.6088060283336280E-003   7.1836153073640734E-003
   444.60621081975989        5.9407507928232383E-003   5.5628453509657932E-003   7.0814939552270332E-003
   460.31059410826708        5.8796940725442956E-003   5.5228430806758145E-003   6.9924795595574397E-003
   476.56949149896485        5.8270227073970683E-003   5.4880271461202855E-003   6.9148641501851592E-003
   493.40288198244309        5.7815905599209131E-003   5.4577244134967175E-003   6.8471576779798905E-003
   510.83065126063684        5.7424016376244899E-003   5.4313504615127921E-003   6.7880652148890165E-003
   528.87421463804299        5.7085869871783511E-003   5.4083953742690080E-003   6.7364552613105753E-003
   547.55511287104378        5.6793917064672204E-003   5.3884162169318215E-003   6.6913429919641864E-003
   566.89562449487210        5.6541588835902759E-003   5.3710273780163392E-003   6.6518687336990321E-003
   586.91951519858117        5.6323162925546854E-003   5.3558926604504462E-003   6.6172803308922421E-003
   607.65068989177485        5.6133670722432914E-003   5.3427200290292803E-003   6.5869215421988335E-003
   629.11387223602765        5.5968789282763833E-003   5.3312552429019234E-003   6.5602179189256432E-003
   651.33543626567803        5.5824751581276368E-003   5.3212766410623159E-003   6.5366652666153926E-003
   674.34163286578985        5.5698284779806045E-003   5.3125917752763121E-003   6.5158224254535683E-003
   698.16073213207346        5.5586531007936115E-003   5.3050327317192688E-003   6.4973009613207211E-003
   722.82116976782140        5.4940133737688733E-003   5.2437822187871644E-003   6.3774787917682627E-003
   748.35235540965130        5.4213724113584306E-003   5.1743781498431183E-003   6.2423229619173251E-003
   774.78566186873422        5.3578051512594496E-003   5.1139709549466155E-003   6.1241768032062969E-003
   802.15264573967897        5.3020744376182597E-003   5.0613950340486292E-003   6.0207871420086155E-003
   830.48594444209971        5.2531021263380242E-003   5.0156356356966716E-003   5.9301904355598132E-003
   859.82037403360118        5.2099470836667995E-003   4.9758080443659666E-003   5.8506733474331489E-003
   890.19058800385733        5.1717911752939497E-003   4.9411441414618932E-003   5.7807478637223221E-003
   921.63390537915473        5.1379196444264813E-003   4.9109737325729111E-003   5.7191158524312335E-003
   954.18786380243341        5.1077110671219140E-003   4.8847146580715444E-003   5.6646510479376943E-003
   987.89128659474920        5.0806242752854495E-003   4.8618600997501898E-003   5.6163752607779017E-003
   1022.7855886411724        5.0561876708980170E-003   4.8419681859215649E-003   5.5734388879012222E-003
   1058.9119914466876        5.0339928696519478E-003   4.8246552793034863E-003   5.5351089828518064E-003
   1096.3148872627712        5.0136850355123330E-003   4.8095866509043888E-003   5.5007514003595328E-003
   1135.0389283928459        4.9949585040280136E-003   4.7964715407571778E-003   5.4698221247790543E-003
   1175.1302964981960        4.9775505046936817E-003   4.7850568182110677E-003   5.4418552143301081E-003
   1216.6382559936744        4.9612359763555550E-003   4.7751217901929278E-003   5.4164527470190486E-003
   1259.6123598874483        4.9458247857031281E-003   4.7664747532282867E-003   5.3932786326266200E-003
   1304.1038583964914        4.9311575707987080E-003   4.7589488135534050E-003   5.3720502331612097E-003
   1350.1674228314519        4.9171022136822789E-003   4.7523984641050770E-003   5.3525312290501796E-003
   1397.8574692241625        4.5459010743022325E-003   4.3986860154625667E-003   4.9424907668579278E-003
   1447.2325992722181        4.1888399222670290E-003   4.0583840480833584E-003   4.5480849635512535E-003
   1498.3517579647787        3.8774737418881835E-003   3.7621993080202035E-003   4.2045186732462912E-003
   1551.2759091786245        3.3754124669278561E-003   3.2812719957675276E-003   3.6614537266319732E-003
   1606.0700862978565        2.9320742009343523E-003   2.8558832634075532E-003   3.1821307440747567E-003
   1662.7990190437411        2.5468641544311161E-003   2.4856466203584003E-003   2.7656679775956323E-003
   1721.5324161293761        2.2121954472578234E-003   2.1634038845251614E-003   2.4038302750322934E-003
   1782.3403946248577        1.9214753648931302E-003   1.8829371517435245E-003   2.0894670674256482E-003
   1845.2954731357936        1.6689633208329486E-003   1.6388332210729576E-003   1.8163571243412365E-003
   1910.4750110852074        1.4496544320866821E-003   1.4263725694229656E-003   1.5790811991346504E-003
   1977.9568210713478        1.2592016904424844E-003   1.2414556164966216E-003   1.3729365901785585E-003
   2047.8213808026539        1.0938219891265628E-003   1.0805133378553676E-003   1.1938343936708736E-003
   2120.1545400970977        9.5021903616262506E-004   9.4043406381736500E-004   1.0382151398501403E-003
   2195.0417479108573        8.2553300437340337E-004   8.1851621260191744E-004   9.0299350732957022E-004
   2272.5750259096239        7.1727142411158701E-004   7.1240261563588027E-004   7.8548282057500334E-004
   2352.8469348264384        6.2327186677201029E-004   6.2004573513765274E-004   6.8335410195765201E-004
   2435.9532056335870        5.4165466103155949E-004   5.3966301975999476E-004   5.9458441190471606E-004
   2521.9959596104222        4.7078405153433216E-004   4.6970034425690443E-004   5.1741441130974408E-004
   2611.0779162676686        4.0924196849205177E-004   4.0880772874370754E-004   4.5031971125021901E-004
   2703.3053132971791        3.5579670856789502E-004   3.5580990383890938E-004   3.9197675014460392E-004
   2798.7914800504532        3.0937719480652291E-004   3.0968220575402187E-004   3.4123477586140289E-004
   2897.6492167059700        2.6905598925991084E-004   2.6953501145532253E-004   2.9709742290117520E-004
   3000.0000000000000        2.3402634605329238E-004   2.3459211217799841E-004   2.5869780258333042E-004
