         200   4370.0000000000000     
   3.0000000000000000        1.8814793368611374E-003   1.8548803235732387        9.0883793874558811E-004
   3.1059655287322618        2.0163772239218366E-003   1.8548803235732387        9.6902397917482625E-004
   3.2156739552243598        2.1608670165233499E-003   1.8548803235732387        1.0334138903375771E-003
   3.3292574962321346        2.3155991622582322E-003   1.8548803235732387        1.1023054967365918E-003
   3.4468529954360925        2.4812677443601665E-003   1.8548803235732387        1.1760175578322781E-003
   3.5686022069563790        2.6586149487239593E-003   1.8548803235732387        1.2548912660341393E-003
   3.6946518254059528        2.8484359111654767E-003   1.8548803235732387        1.3392916796785138E-003
   3.8251536998800524        3.0515846432886688E-003   1.8548803235732387        1.4296093680300599E-003
   3.9602651907155879        3.2689811260120274E-003   1.8548803235732387        1.5262622760355319E-003
   4.1001490688558144        3.5016187018757829E-003   1.8548803235732387        1.6296973938088721E-003
   4.2449739038313119        3.7505733299949594E-003   1.8548803235732387        1.7403929006728667E-003
   4.3949142193596993        4.0170136732936472E-003   1.8548803235732387        1.8588603038354563E-003
   4.5501507036585132        4.3022125421902490E-003   1.8548803235732387        1.9856467862612920E-003
   4.7108703059600501        4.6075594695415461E-003   1.8548803235732387        2.1213376479011048E-003
   4.8772669425686850        4.9345758889904872E-003   1.8548803235732387        2.2665594801464647E-003
   5.0495410155906377        5.2849295749892071E-003   1.8548803235732387        2.4219825741704955E-003
   5.2279001269311909        5.6604529665496006E-003   1.8548803235732387        2.5883246007260790E-003
   5.4125592113782046        6.0631621367135949E-003   1.8548803235732387        2.7663541010185008E-003
   5.6037407956130689        6.4952778728528454E-003   1.8548803235732387        2.9568944109685980E-003
   5.8016752663703963        6.9592488175070355E-003   1.8548803235732387        3.1608279567459925E-003
   6.0066011480696169        7.4577768763617533E-003   1.8548803235732387        3.3791009591525433E-003
   6.2187653902530293        7.9938451471521337E-003   1.8548803235732387        3.6127285869759765E-003
   6.4384236651766908        8.5707486804579465E-003   1.8548803235732387        3.8628006020761793E-003
   6.6658406759127811        9.1921284517334900E-003   1.8548803235732387        4.1304875417752266E-003
   6.9012904753346884        9.8620090049820579E-003   1.8548803235732387        4.4170474871750593E-003
   7.1450567963692624        1.0584840324022298E-002   1.8548803235732387        4.7238334694143938E-003
   7.3974330131920443        1.1365543396219778E-002   1.8548803235732387        5.0523010658590217E-003
   7.6587243988323896        1.2209568688218479E-002   1.8548803235732387        5.4040197733303688E-003
   7.9292442763577622        1.3122941808696623E-002   1.8548803235732387        5.7806770650973638E-003
   8.2093202460023029        1.4112349443503525E-002   1.8548803235732387        6.1840968819796525E-003
   8.4992881560440416        1.5185193514929274E-002   1.8548803235732387        6.6162422033915593E-003
   8.7994991583321234        1.6349701227305478E-002   1.8548803235732387        7.0792372299273718E-003
   9.1103132457223861        1.7614998203495384E-002   1.8548803235732387        7.5753708354936210E-003
   9.4321068148357909        1.8991249000432392E-002   1.8548803235732387        8.1071225681718477E-003
   9.7652657388916850        2.0489755705201187E-002   1.8548803235732387        8.6771672004327012E-003
   10.110193474162946        2.2123137402801526E-002   1.8548803235732387        9.2884052322724734E-003
   10.467303634806061        2.3905460792531374E-002   1.8548803235732387        9.9439688202175858E-003
   10.837027566606025        2.5852460540237522E-002   1.8548803235732387        1.0647255453084925E-002
   11.219811965471335        2.7981736361895472E-002   1.8548803235732387        1.1401946420659535E-002
   11.616115840724994        3.0312963320733594E-002   1.8548803235732387        1.2212024902546586E-002
   12.026419117330413        3.2868190093188095E-002   1.8548803235732387        1.3081819878472106E-002
   12.451213803399156        3.5672054900146188E-002   1.8548803235732387        1.4016017304842018E-002
   12.891014326336300        3.8752133728863603E-002   1.8548803235732387        1.5019714152182204E-002
   13.346348065368609        4.2139172074246764E-002   1.8548803235732387        1.6098432679162129E-002
   13.817766430769083        4.5867463310321627E-002   1.8548803235732387        1.7258184299186227E-002
   14.305834715756038        4.9975073494538641E-002   1.8548803235732387        1.8505487689215436E-002
   14.811143972217785        5.4504231411175885E-002   1.8548803235732387        1.9847444328670322E-002
   15.334300133051286        5.9501522443315635E-002   1.8548803235732387        2.1291761275486092E-002
   15.875936741648431        6.5018275838268136E-002   1.8548803235732387        2.2846840493550950E-002
   16.436703292225193        7.1110709447168324E-002   1.8548803235732387        2.4521807195810884E-002
   17.017278874447534        7.7840308408486367E-002   1.8548803235732387        2.6326615353969976E-002
   17.618359675531394        8.5273907688406633E-002   1.8548803235732387        2.8272082540064827E-002
   18.240671728221173        9.3484031758264696E-002   1.8548803235732387        3.0370007834999890E-002
   18.884968846184627       0.10254904654964639        1.8548803235732387        3.2633253355439040E-002
   19.552019805756849       0.11255308542848522        1.8548803235732387        3.5075790994058866E-002
   20.242632201214423       0.12358642828456995        1.8547929107321184        3.7712870967667116E-002
   20.957638264717446       0.13574524558785059        1.8545635900631712        4.0561097194317657E-002
   21.697899624358065       0.14913145390163041        1.8543639986850275        4.3638609779154916E-002
   22.464312967141105       0.16385240685940033        1.8541902815113946        4.6965161995271794E-002
   23.257792778673313       0.18001986913658166        1.8540390861131948        5.0562210539077473E-002
   24.079299719823517       0.19774953470753090        1.8539074917914347        5.4453185301371033E-002
   24.929823759061236       0.21715928202065893        1.8537929574489496        5.8663573668006834E-002
   25.810395145829254       0.23836753091435151        1.8536932708670673        6.3221138860247439E-002
   26.722064579292049       0.26149038298140781        1.8536065082740105        6.8155989923392821E-002
   27.665935811728254       0.28663953293629751        1.8535309936437807        7.3500931257844793E-002
   28.643146268414043       0.31391846433633402        1.8534652687826652        7.9291549743480710E-002
   29.654879655490589       0.34341903337432711        1.8534080642219439        8.5566474679226345E-002
   30.702343174827575       0.37514532945111245        1.8442603633531227        9.2335739791798516E-002
   31.786804983723918       0.40918873903269570        1.8320558905648308        9.9660020975576483E-002
   32.909571928103169       0.44561614257772902        1.8214336141057783       0.10760357403216605     
   34.072004028335677       0.48443090486700335        1.8121883658331626       0.11621860565120583     
   35.275488300232773       0.52560418014565502        1.8041417290798540       0.12556096706039019     
   36.521481794408061       0.56907352472902717        1.7971382639042575       0.13569051795657272     
   37.811486012809581       0.61474012204765682        1.7910427328184690       0.14667091901444285     
   39.147055493126302       0.66246822770175418        1.7857374306164591       0.15856959068426787     
   40.529808025860810       0.71208593210343885        1.7811198859491004       0.17145760099867829     
   41.961393513511240       0.76338577801958540        1.7771009885074218       0.18540904184646531     
   43.443545167355794       0.81612972181845589        1.7736031037215207       0.20050103608865136     
   44.978049075047366       0.87005253130505711        1.7705586871488177       0.21681283332127854     
   46.566763998623138       0.92486825989273214        1.7679089362062208       0.23442522236254873     
   48.211585595230147       0.98027595581962645        1.7656027154652401       0.25341916895017075     
   49.914505239722644        1.0359695999930456        1.7635954747829647       0.27387534508086048     
   51.677575059319224        1.0916455329161239        1.7618484541769277       0.29587248428281626     
   53.502930680545909        1.1470123066912701        1.7603279101294780       0.31948629094332437     
   55.392750120602578        1.2017987736226354        1.7590044988746951       0.34478748923760710     
   57.349321371645829        1.2557653695053843        1.7578526555741942       0.37184131079424732     
   59.375002227322796        1.3087117333657718        1.7568501380392096       0.40070571393441856     
   61.472246417894510        1.3604856327332386        1.7559775827499366       0.43143070256385485     
   63.643556378429672        1.4109891397300824        1.7552181509582776       0.46405692069114346     
   65.891560899834928        1.4601867511494593        1.7545571724315694       0.49861652758035918     
   68.218968971510208        1.5081091117898322        1.7539818836201695       0.53513280535033347     
   70.628585269218178        1.5532615556173546        1.7530091829324741       0.57282151267535175     
   73.123328588587739        1.5928177934667054        1.7508926177139419       0.61014606800582938     
   75.706175661273647        1.6315973406667847        1.7490504571817358       0.64937972362723473     
   78.380253523498894        1.6698785398630065        1.7474471156204521       0.69050956173839539     
   81.148784610322849        1.7080043730847210        1.7460516323728090       0.73352558794474232     
   84.015122474940881        1.7463780305243846        1.7448370538279594       0.77842493901140619     
   86.982687236203873        1.7854554871043973        1.7437799408039909       0.82521452383098581     
   90.055071705548812        1.8257387372810754        1.7428598726466968       0.87391611309393213     
   93.235978303002270        1.8677651642883957        1.7420590827643765       0.92456834675356836     
   96.529260096906100        1.9120967581683759        1.7413621039854044       0.97722977131206157     
   99.938826062156153        1.9593060141338428        1.7407554892263104        1.0319789728703044     
   103.46886588546354        2.0099648823999492        1.7402275101533711        1.0889190141273588     
   107.12359379692580        2.0646259966382217        1.7397679790325731        1.1481732960160369     
   110.90736836557576        2.1238081530103932        1.7393680265970821        1.2098865695944363     
   114.82483910697920        2.1879822150346837        1.7390199201374990        1.2742255994203544     
   118.88068277378797        2.2575505335055523        1.7387169426906315        1.3413723079950888     
   123.07973629915718        2.3328329601128788        1.7384532465832339        1.4115225859183038     
   127.42715949490271        2.4140551587898744        1.7382237334956776        1.4848849751835522     
   131.92808807993632        2.5013292778470335        1.7380239770174035        1.5616701007759579     
   136.58805281121437        2.5946510976693400        1.7378501150421783        1.6420923576505204     
   141.41261684513370        2.6938852666250033        1.7376987927787948        1.7263577674019239     
   146.40753387824964        2.7987637178914384        1.7375670896034354        1.8146601305976062     
   151.57894168226974        2.9088889867485279        1.7374524591573619        1.9071775991992759     
   156.93294936957258        3.0237284522431795        1.7373526906672336        2.0040581952088039     
   162.47613596373097        3.1426317062883498        1.7372658552018272        2.1054215268141094     
   168.21511902855468        3.2648318057930470        1.7371902772087040        2.2113440185032616     
   174.15674278185460        3.2058620019136663        1.6967766387441738        2.2085101312937421     
   180.30830831190286        3.0816718512297534        1.6451603754218167        2.1637757891839122     
   186.67715947709803        2.9727686911760207        1.6002357173221231        2.1264275805597403     
   193.27089166569760        2.8772457123911210        1.5611355876297179        2.0957330508202232     
   200.09760727912413        2.7935013154058344        1.5271040216027914        2.0710949960497365     
   207.16537088595135        2.7201738325723284        1.4974846833245719        2.0520422176525694     
   214.48286737908427        2.6560744009437314        1.4717049103616922        2.0382150104120091     
   222.05883252794877        2.6001470607096655        1.4492672635484738        2.0293540116270994     
   229.90230130529540        2.5514309254875625        1.4297386808613903        2.0252855850310341     
   238.02291179328489        2.5090341444941862        1.4127415952671454        2.0259076898908956     
   246.43025707061713        2.4721214659789719        1.3979481994075011        2.0311755981656656     
   255.13466811288930        2.4399007011745910        1.3850724766945481        2.0410876962490812     
   264.14653641505117        2.4116217572482643        1.3738659808454867        2.0556716390372372     
   273.47660938458705        2.3865747364189982        1.3641124187789024        2.0749718919441129     
   283.13635184814427        2.3640914158052260        1.3556232144187641        2.0990397791249609     
   293.13729579387660        2.3435506166978941        1.3482345624926100        2.1279229705354976     
   303.49136818478553        2.3243813486090770        1.3418038569339044        2.1616586366780117     
   314.21129214162710        2.3060662162541257        1.3362067660152195        2.2002694981890150     
   325.30973137660959        2.2881463103891035        1.3313353437255868        2.2437572465585691     
   336.80032369109853        2.2702217741965449        1.3270954056333413        2.2921041806098543     
   348.69678677735646        2.2519544568720362        1.3234051390991597        2.3452691011194919     
   361.01330816366544        2.2330672031635301        1.3201933194395463        2.4031891031219459     
   373.76502243504467        2.1979141864412122        1.2977335126199885        2.4491607005751392     
   386.96715283564077        2.1080593125762568        1.2107363142843226        2.4377133779196121     
   400.63544401132759        2.0218892831519137        1.1350183927310544        2.4295969015095884     
   414.78669160661980        1.9391507583733461        1.0691158121761251        2.4252090844487397     
   429.43761284149554        1.8596354649347058        1.0117575693811900        2.4249529607712321     
   444.60621081975989        1.7831681453597232       0.96183469592219228        2.4292136243201559     
   460.31059410826708        1.7096089798856766       0.91838389423410660        2.4383408328663689     
   476.56949149896485        1.6388463227311638       0.88056653394451045        2.4526367821975095     
   493.40288198244309        1.5707901383448502       0.84765145146821741        2.4723501373648422     
   510.83065126063684        1.5053737402491230       0.81900384349302979        2.4976723336189131     
   528.87421463804299        1.4425434761800093       0.79406983508971607        2.5287404218260843     
   547.55511287104378        1.3822606358897256       0.77236830672494239        2.5656383166291978     
   566.89562449487210        1.3244956738672737       0.75348040396777427        2.6084018183193876     
   586.91951519858117        1.2692232954533753       0.73704094673713605        2.6570253372790935     
   607.65068989177485        1.2164239132206001       0.72273272394273091        2.7114636345986058     
   629.11387223602765        1.1660791586824888       0.71027957703869693        2.7716373409450124     
   651.33543626567803        1.1181682807955429       0.69944073598007028        2.8374390347222804     
   674.34163286578985        1.0726706681748446       0.69000716187991284        2.9087309492805211     
   698.16073213207346        1.0295600620010068       0.68179646533274152        2.9853533280885767     
   722.82116976782140       0.98489744199895424       0.67068408934212065        3.0578820517887277     
   748.35235540965130       0.94190401313352012       0.65984485484348687        3.1336222839683292     
   774.78566186873422       0.90177560542405377       0.65041071415332563        3.2153023398966405     
   802.15264573967897       0.86439400951670309       0.64219962877655368        3.3025502781127027     
   830.48594444209971       0.82964487181645763       0.63505311911509510        3.3949841109417647     
   859.82037403360118       0.79741576567056338       0.62883301403311065        3.4922126803157254     
   890.19058800385733       0.76759843052581178       0.62341935201110454        3.5938252044072785     
   921.63390537915473       0.74008535076104054       0.61870746491510753        3.6993979248087556     
   954.18786380243341       0.71477211266829643       0.61460643351207911        3.8084833349033675     
   987.89128659474920       0.69155615758770050       0.61103710507389231        3.9206112464809739     
   1022.7855886411724       0.67033608878342388       0.60793046994578603        4.0352907359942991     
   1058.9119914466876       0.65101360717678303       0.60522661327655225        4.1519987098245821     
   1096.3148872627712       0.63349158416451423       0.60287325850534690        4.2701889603335630     
   1135.0389283928459       0.61767581887636847       0.60082499596794825        4.3892811031098216     
   1175.1302964981960       0.60347434516085474       0.59904229278791232        4.5086637555317246     
   1216.6382559936744       0.59079708272888876       0.59749068205272526        4.6276985946042135     
   1259.6123598874483       0.57955688615772150       0.59614022432302538        4.7457125152413209     
   1304.1038583964914       0.56966897583547138       0.59496485483533268        4.8620037448885691     
   1350.1674228314519       0.56105065066288862       0.59394184891077095        4.9758491390485480     
   1397.8574692241625       0.50111390481022755       0.52913625141965492        4.6660871655424936     
   1447.2325992722181       0.44200831700914506       0.46287931965417195        4.3463499242533761     
   1498.3517579647787       0.39048846139926052       0.40521203003055628        4.0631227470657523     
   1551.2759091786245       0.33658757152747543       0.35274962179690450        3.6118140264687995     
   1606.0700862978565       0.29033349884393989       0.30701866299489089        3.2004719308698171     
   1662.7990190437411       0.25081202498589472       0.26721677032052332        2.8316181593930918     
   1721.5324161293761       0.21697814443492586       0.23257441109562652        2.5012873903612656     
   1782.3403946248577       0.18795916918558586       0.20242313621108429        2.2058809939467534     
   1845.2954731357936       0.16302414749146760       0.17618100531360106        1.9421170022806840     
   1910.4750110852074       0.14155926922672368       0.15334065114213052        1.7069912174223008     
   1977.9568210713478       0.12304977056984566       0.13346135271982870        1.4977679519013232     
   2047.8213808026539       0.10706243485355389       0.11615942590758505        1.3119444496032402     
   2120.1545400970977        9.3231551682265087E-002  0.10110035399820763        1.1472238079098793     
   2195.0417479108573        8.1248886093627209E-002   8.7993706343878667E-002   1.0015106676693961     
   2272.5750259096239        7.0852988648407167E-002   7.6586078068758334E-002  0.87287884182505171     
   2352.8469348264384        6.1822486710011976E-002   6.6657350822704062E-002  0.75956958885829784     
   2435.9532056335870        5.3969147219572994E-002   5.8015893337603118E-002  0.65997313855450312     
   2521.9959596104222        4.7132327229507096E-002   5.0494631048025269E-002  0.57261512151254745     
   2611.0779162676686        4.1175091107699575E-002   4.3948435816355692E-002  0.49615409553707146     
   2703.3053132971791        3.5980192896412432E-002   3.8250961569983907E-002  0.42936889544499063     
   2798.7914800504532        3.1446866111677234E-002   3.3292052928824589E-002  0.37114906055406005     
   2897.6492167059700        2.7488674272371474E-002   2.8976071924098290E-002  0.32049286338835908     
   3000.0000000000000        2.4030937742093840E-002   2.5219573066197137E-002  0.27649480241350755     
