         200   4370.0000000000000     
   3.0000000000000000        3.2336702419011689E-003   2.9215794344419432        1.5589613940356184E-003
   3.1059655287322618        3.4683349537546005E-003   2.9215794344419432        1.6621686161946575E-003
   3.2156739552243598        3.7204200079878221E-003   2.9215794344419432        1.7725996011616224E-003
   3.3292574962321346        3.9912567994789304E-003   2.9215794344419432        1.8907714491213840E-003
   3.4468529954360925        4.2822858203637581E-003   2.9215794344419432        2.0172389766069478E-003
   3.5686022069563790        4.5950670443108610E-003   2.9215794344419432        2.1525976824311264E-003
   3.6946518254059528        4.9312907600723562E-003   2.9215794344419432        2.2974866627583665E-003
   3.8251536998800524        5.2927900397315994E-003   2.9215794344419432        2.4525919543491584E-003
   3.9602651907155879        5.6815549871781961E-003   2.9215794344419432        2.6186503227432819E-003
   4.1001490688558144        6.0997472066788416E-003   2.9215794344419432        2.7964527847265043E-003
   4.2449739038313119        6.5497172857262925E-003   2.9215794344419432        2.9868490167185282E-003
   4.3949142193596993        7.0340234921843518E-003   2.9215794344419432        3.1907518253449854E-003
   4.5501507036585132        7.5554526695827484E-003   2.9215794344419432        3.4091420480345308E-003
   4.7108703059600501        8.1170429878349923E-003   2.9215794344419432        3.6430736824800240E-003
   4.8772669425686850        8.7221113491661312E-003   2.9215794344419432        3.8936803460255416E-003
   5.0495410155906377        9.3742794031310642E-003   2.9215794344419432        4.1621804768811133E-003
   5.2279001269311909        1.0077506790344897E-002   2.9215794344419432        4.4498847865044114E-003
   5.4125592113782046        1.0836125800133744E-002   2.9215794344419432        4.7582034426463769E-003
   5.6037407956130689        1.1654880274812117E-002   2.9215794344419432        5.0886540526234193E-003
   5.8016752663703963        1.2538968819689940E-002   2.9215794344419432        5.4428703375137000E-003
   6.0066011480696169        1.3494092853507869E-002   2.9215794344419432        5.8226115608649492E-003
   6.2187653902530293        1.4526510122524750E-002   2.9215794344419432        6.2297727813485993E-003
   6.4384236651766908        1.5643094406144153E-002   2.9215794344419432        6.6663960051874162E-003
   6.6658406759127811        1.6851402265473759E-002   2.9215794344419432        7.1346823211974868E-003
   6.9012904753346884        1.8159747831938383E-002   2.9215794344419432        7.6370051090068457E-003
   7.1450567963692624        1.9577286805079978E-002   2.9215794344419432        8.1759244195426899E-003
   7.3974330131920443        2.1114108659094862E-002   2.9215794344419432        8.7542017483119277E-003
   7.6587243988323896        2.2781355274792536E-002   2.9215794344419432        9.3748215366251612E-003
   7.9292442763577622        2.4591315267075885E-002   2.9215794344419432        1.0040999859949124E-002
   8.2093202460023029        2.6557598813920943E-002   2.9215794344419432        1.0756218689949746E-002
   8.4992881560440416        2.8695250482199626E-002   2.9215794344419432        1.1524232141232015E-002
   8.7994991583321234        3.1020973771750691E-002   2.9215794344419432        1.2349107595588141E-002
   9.1103132457223861        3.3553282868111101E-002   2.9215794344419432        1.3235233730973277E-002
   9.4321068148357909        3.6312789338018077E-002   2.9215794344419432        1.4187368866906636E-002
   9.7652657388916850        3.9322405357864389E-002   2.9215794344419432        1.5210651240202686E-002
   10.110193474162946        4.2607709140277741E-002   2.9215794344419432        1.6310655932302433E-002
   10.467303634806061        4.6197212330356889E-002   2.9215794344419432        1.7493407979070071E-002
   10.837027566606025        5.0122807588053229E-002   2.9215794344419432        1.8765445610129758E-002
   11.219811965471335        5.4420169233193025E-002   2.9215794344419432        2.0133856488849435E-002
   11.616115840724994        5.9129179946248708E-002   2.9215794344419432        2.1606313423920654E-002
   12.026419117330413        6.4294534698495637E-002   2.9215794344419432        2.3191157306175759E-002
   12.451213803399156        6.9966178060339959E-002   2.9215794344419432        2.4897420949291420E-002
   12.891014326336300        7.6200008594976582E-002   2.9215794344419432        2.6734931345431021E-002
   13.346348065368609        8.3058347601517452E-002   2.9215794344419432        2.8714339788094290E-002
   13.817766430769083        9.0610704622967192E-002   2.9215794344419432        3.0847243150820415E-002
   14.305834715756038        9.8934232320661369E-002   2.9215794344419432        3.3146221764402975E-002
   14.811143972217785       0.10811451641396426        2.9215794344419432        3.5624983335629044E-002
   15.334300133051286       0.11824596865884018        2.9215794344419432        3.8298410262249047E-002
   15.875936741648431       0.12943261225727754        2.9215794344419432        4.1182730372455047E-002
   16.436703292225193       0.14178837600777289        2.9215794344419432        4.4295575534270333E-002
   17.017278874447534       0.15543786298292736        2.9215794344419432        4.7656183983954298E-002
   17.618359675531394       0.17051651861154737        2.9215794344419432        5.1285472203838486E-002
   18.240671728221173       0.18717132002827405        2.9215794344419432        5.5206262134248160E-002
   18.884968846184627       0.20556108443908788        2.9215794344419432        5.9443441810667290E-002
   19.552019805756849       0.22585631901455280        2.9215794344419432        6.4024061496917486E-002
   20.242632201214423       0.24823999074232794        2.9215794344419432        6.8977689502778952E-002
   20.957638264717446       0.27290701005086321        2.9215794344419432        7.4336536443748699E-002
   21.697899624358065       0.30006394454486723        2.9215794344419432        8.0135720601560809E-002
   22.464312967141105       0.32992840565185533        2.9215794344419432        8.6413567291908480E-002
   23.257792778673313       0.36272699071557279        2.9215794344419432        9.3211738069694156E-002
   24.079299719823517       0.39869434313279184        2.9215794344419432       0.10057575555971264     
   24.929823759061236       0.43806966794452989        2.9215794344419432       0.10855518062613696     
   25.810395145829254       0.48109347558748339        2.9215794344419432       0.11720404546393946     
   26.722064579292049       0.52800188275392657        2.9215794344419432       0.12658100846824780     
   27.665935811728254       0.57902250472310623        2.9215794344419432       0.13675004351608608     
   28.643146268414043       0.63436689566718774        2.9215794344419432       0.14778063613691816     
   29.654879655490589       0.69422380408738416        2.9215794344419432       0.15974831382413182     
   30.702343174827575       0.75874978622360989        2.9215794344419432       0.17273476719094952     
   31.786804983723918       0.82806310406527062        2.9215794344419432       0.18682867974595929     
   32.909571928103169       0.90223417439629761        2.9215794344419432       0.20212583678709078     
   34.072004028335677       0.98127872230400881        2.9215794344419432       0.21872964950645929     
   35.275488300232773        1.0651491424406034        2.9215794344419432       0.23675105475358368     
   36.521481794408061        1.1537319695917367        2.9215794344419432       0.25630933133513734     
   37.811486012809581        1.2468425145540492        2.9215794344419432       0.27753183997491909     
   39.147055493126302        1.3442240069036790        2.9215794344419432       0.30055411244380337     
   40.529808025860810        1.4455494044755564        2.9215794344419432       0.32551983747399937     
   41.961393513511240        1.5504228733368148        2.9215794344419432       0.35257989282028973     
   43.443545167355794        1.6583900954734225        2.9215794344419432       0.38189263935129886     
   44.978049075047366        1.7689453250539344        2.9215794344419432       0.41362249090240361     
   46.566763998623138        1.8815446450051132        2.9215794344419432       0.44793913814084313     
   48.211585595230147        1.9956175172664561        2.9215794344419432       0.48501529942069960     
   49.914505239722644        2.1105868358829061        2.9215794344419432       0.52502623545449834     
   51.677575059319224        2.2258835824171026        2.9215794344419432       0.56814698753331949     
   53.502930680545909        2.3409661636298158        2.9215794344419432       0.61455068548183500     
   55.392750120602578        2.4553357129671736        2.9215794344419432       0.66440512442256516     
   57.349321371645829        2.5685576110867463        2.9215794344419432       0.71787208934216096     
   59.375002227322796        2.6802749458017194        2.9215794344419432       0.77510406361844519     
   61.472246417894510        2.7902242560313995        2.9215794344419432       0.83624292992805349     
   63.643556378429672        2.8982451007128667        2.9215794344419432       0.90141700287192650     
   65.891560899834928        3.0042935340741015        2.9215794344419432       0.97074232781779435     
   68.218968971510208        3.1084462036114169        2.9215794344419432        1.0443211560489549     
   70.628585269218178        3.2109047645187783        2.9215794344419432        1.1222431004206064     
   73.123328588587739        3.3119972629993191        2.9215794344419432        1.2045874224552058     
   75.706175661273647        3.4121736457694785        2.9215794344419432        1.2914238331373635     
   78.380253523498894        3.5120045084203748        2.9215794344419432        1.3828191398047867     
   81.148784610322849        3.6121712806573330        2.9215794344419432        1.4788398414829831     
   84.015122474940881        3.7134576364541312        2.9215794344419432        1.5795583402192421     
   86.982687236203873        3.8167350524695713        2.9215794344419432        1.6850559916253514     
   90.055071705548812        3.9229522447862109        2.9215794344419432        1.7954321966305296     
   93.235978303002270        4.0331165484717584        2.9215794344419432        1.9108072643770260     
   96.529260096906100        4.1482769219354036        2.9215794344419432        2.0313283326293350     
   99.938826062156153        4.2695000725989081        2.9215794344419432        2.1571693799052603     
   103.46886588546354        4.3978557635972706        2.9215794344419432        2.2885417350458699     
   107.12359379692580        4.5343830077884730        2.9215794344419432        2.4256853176619839     
   110.90736836557576        4.6800674165447456        2.9215794344419432        2.5688718414945853     
   114.82483910697920        4.8358185530687354        2.9215794344419432        2.7184071531445855     
   118.88068277378797        5.0024299785849191        2.9215794344419432        2.8746156165733345     
   123.07973629915718        5.1805535129130931        2.9215794344419432        3.0378367928042995     
   127.42715949490271        5.3706758487447885        2.9215794344419432        3.2084206641759359     
   131.92808807993632        5.5730741257260767        2.9215794344419432        3.3866998173510359     
   136.58805281121437        5.7878068479594411        2.9215794344419432        3.5729883359733918     
   141.41261684513370        6.0146736686080686        2.9215794344419432        3.7675465920087876     
   146.40753387824964        6.2532028068647350        2.9215794344419432        3.9705633214587981     
   151.57894168226974        6.5026468712004375        2.9215794344419432        4.1821366473075612     
   156.93294936957258        6.7619563378848202        2.9215794344419432        4.4022282469840528     
   162.47613596373097        7.0298045215931930        2.9215794344419432        4.6306537874814380     
   168.21511902855468        7.3045760258530024        2.9215794344419432        4.8670360273153772     
   174.15674278185460        6.8882662367368290        2.7685997345125979        4.6342538918952361     
   180.30830831190286        6.3234658962741497        2.5946101160178752        4.2599774433874522     
   186.67715947709803        5.9053121500663188        2.4628087915664718        3.9500703868314875     
   193.27089166569760        5.6016440200074822        2.3629671428780350        3.6931329035662146     
   200.09760727912413        5.3870729470370859        2.2873336630856396        3.4802104500134359     
   207.16537088595135        5.2414067894430980        2.2300400710072061        3.3041344434408479     
   214.48286737908427        5.1484391359867621        2.1866382061980527        3.1590385260944864     
   222.05883252794877        5.0950763760492332        2.1537602487946343        3.0400445730154879     
   229.90230130529540        5.0706660715816767        2.1288546608854966        2.9430098710295569     
   238.02291179328489        5.0664987592425721        2.1099878222005493        2.8643479723254286     
   246.43025707061713        5.0754319810694311        2.0956958847888130        2.8009253143282695     
   255.13466811288930        5.0916027211607648        2.0848692510780764        2.7500029428546235     
   264.14653641505117        5.1102076713076690        2.0766678154132991        2.7092340657991225     
   273.47660938458705        5.1273340048721057        2.0704550943970865        2.6766705273365612     
   283.13635184814427        5.1398278251954341        2.0657487447363136        2.6507664657053329     
   293.13729579387660        5.1451879651571959        2.0621835715726142        2.6303667986541210     
   303.49136818478553        5.1414821088462608        2.0594828948684478        2.6146713519517641     
   314.21129214162710        5.1272759947955207        2.0574370394602703        2.6031844578952934     
   325.30973137660959        5.1015742043519543        2.0558872706868505        2.5956582320390300     
   336.80032369109853        5.0637663878163321        2.0547132675854698        2.5920334861318661     
   348.69678677735646        5.0135819922123401        2.0538239319744562        2.5923879989020939     
   361.01330816366544        4.9510467287670359        2.0531502457728279        2.5968921761643076     
   373.76502243504467        4.8764392506738323        2.0526399053248618        2.6057751880743525     
   386.96715283564077        4.7902574305286558        2.0522533101501255        2.6192995933183165     
   400.63544401132759        4.6931805609381518        2.0519604580124007        2.6377441182466344     
   414.78669160661980        4.5860310191010978        2.0517386124546482        2.6613937846504787     
   429.43761284149554        4.4697503483830854        2.0515705608335195        2.6905322343460787     
   444.60621081975989        4.3453590156136777        2.0514432559556717        2.7254413949107117     
   460.31059410826708        4.2139379886153305        2.0513468194461009        2.7663988748826522     
   476.56949149896485        4.0765996658354986        2.0512737672203363        2.8136796852308028     
   493.40288198244309        3.9344599472284183        2.0512184276489900        2.8675599424181080     
   510.83065126063684        3.7886298442578505        2.0511765070228951        2.9283146587031554     
   528.87421463804299        3.6401848985105882        2.0511447507080924        2.9962246686540284     
   547.55511287104378        3.4901627783599616        2.0511206945351534        3.0715732499942363     
   566.89562449487210        3.3395464617547215        2.0511024715925781        3.1546488682543172     
   586.91951519858117        3.1892496389938572        2.0510886670873787        3.2457489306992380     
   607.65068989177485        3.0401206902588025        2.0510782098423670        3.3451736347363155     
   629.11387223602765        2.8929327040079991        2.0510702883090497        3.4532275411884501     
   651.33543626567803        2.7483757165715987        2.0510642874753593        3.5702221895997428     
   674.34163286578985        2.6070680135707667        2.0510597417461516        3.6964644098527555     
   698.16073213207346        2.4695431115417485        2.0510562982000748        3.8322641708234575     
   722.82116976782140        2.3362635176817905        2.0510536896310176        3.9779202331008565     
   748.35235540965130        2.2076184543574850        2.0510517135975053        4.1337190550276155     
   774.78566186873422        2.0839233157729820        2.0510502166842119        4.2999348225265281     
   802.15264573967897        1.9654332721274836        2.0510490827363541        4.4768112864817784     
   830.48594444209971        1.8523433142013204        2.0510482237523981        4.6645585621952828     
   859.82037403360118        1.7447897033786317        2.0510475730425326        4.8633510569912612     
   890.19058800385733        1.6428645547884029        2.0510470801192149        5.0733010537517425     
   921.63390537915473        1.5466110333372203        2.0510467067128650        5.2944658930911981     
   954.18786380243341        1.4560373178060504        2.0510464238485695        5.5268180261461524     
   987.89128659474920        1.3711178612168144        2.0510462095742592        5.7702379728492819     
   1022.7855886411724        1.2917956470803673        2.0510460472541068        6.0245087441662877     
   1058.9119914466876        1.2179937811337158        2.0510459242939461        6.2892798031173731     
   1096.3148872627712        1.1496123550292463        2.0510458311473965        6.5640753435645216     
   1135.0389283928459        1.0865387916417555        2.0510457605866437        6.8482569513164595     
   1175.1302964981960        1.0286486296904116        2.0510457071357302        7.1410176609863640     
   1216.6382559936744       0.97580707202567474        2.0510456666448245        7.4413795980801698     
   1259.6123598874483       0.92787606028299363        2.0510456359719806        7.7481624007105721     
   1304.1038583964914       0.88471455162586643        2.0510456127368117        8.0599862282222130     
   1350.1674228314519       0.84617950397455877        2.0510455951353723        8.3752810104712090     
   1397.8574692241625       0.81213126929264645        2.0510455818019886        8.6922644516054053     
   1447.2325992722181       0.78243159793398065        2.0510455717015001        9.0089832772461680     
   1498.3517579647787       0.75694803392447707        2.0510455640501353        9.3233069688758619     
   1551.2759091786245       0.56212397934393143        1.5674474730084138        7.3616953104831104     
   1606.0700862978565       0.41573448434625443        1.1873791938728944        5.7518677460004550     
   1662.7990190437411       0.30897942904439868       0.89947128580740643        4.4857800826591090     
   1721.5324161293761       0.23079866627769377       0.68137115191743547        3.4915665550630930     
   1782.3403946248577       0.17328678997799662       0.51615505018433905        2.7121975768383924     
   1845.2954731357936       0.13077856093202378       0.39100116379080796        2.1023921897809612     
   1910.4750110852074        9.9203268047694734E-002  0.29619279411910571        1.6262025237173054     
   1977.9568210713478        7.5629801113451717E-002  0.22437317177659341        1.2551455162298677     
   2047.8213808026539        5.7939607448502732E-002  0.16996863879710425       0.96665586713481233     
   2120.1545400970977        4.4595497351804160E-002  0.12875533553365553       0.74287194495575049     
   2195.0417479108573        3.4478650807910280E-002   9.7535587455660558E-002  0.56969427070657375     
   2272.5750259096239        2.6770228791653455E-002   7.3885555466010847E-002  0.43599535820099333     
   2352.8469348264384        2.0868784972934838E-002   5.5970086908049090E-002  0.33302293077977574     
   2435.9532056335870        1.6330072488011157E-002   4.2398827853576453E-002  0.25390304570178951     
   2521.9959596104222        1.2824159691172930E-002   3.2118132763524508E-002  0.19324858940793768     
   2611.0779162676686        1.0104960771941640E-002   2.4330258746253827E-002  0.14685329012412621     
   2703.3053132971791        7.9878237637589847E-003   1.8430817409844695E-002  0.11143968153245710     
   2798.7914800504532        6.3334178354098949E-003   1.3961787871919581E-002   8.4460697111464589E-002
   2897.6492167059700        5.0362017699828064E-003   1.0576425251620242E-002   6.3944943312837593E-002
   3000.0000000000000        4.0157179883591586E-003   8.0118967337531564E-003   4.8369105141785378E-002
