         200   4370.0000000000000     
   3.0000000000000000        4.4012956969644310E-003   2.7642910309039342E-002   2.3282050700585123E-002
   3.1059655287322618        4.6483592964649432E-003   2.7642910309039342E-002   2.3541910032146483E-002
   3.2156739552243598        4.9052245643854677E-003   2.7642910309039342E-002   2.3789573985690118E-002
   3.3292574962321346        5.1719482170095145E-003   2.7642910309039342E-002   2.4025235418418611E-002
   3.4468529954360925        5.4485525091459907E-003   2.7642910309039342E-002   2.4249166041567887E-002
   3.5686022069563790        5.7350225292246140E-003   2.7642910309039342E-002   2.4461707922323984E-002
   3.6946518254059528        6.0313031365165672E-003   2.7642910309039342E-002   2.4663263659347835E-002
   3.8251536998800524        6.3372966128578965E-003   2.7642910309039342E-002   2.4854286407314890E-002
   3.9602651907155879        6.6528609614948768E-003   2.7642910309039342E-002   2.5035269788167242E-002
   4.1001490688558144        6.9778074689871294E-003   2.7642910309039342E-002   2.5206737129109858E-002
   4.2449739038313119        7.3118997624874241E-003   2.7642910309039342E-002   2.5369231604207468E-002
   4.3949142193596993        7.6548526777702785E-003   2.7642910309039342E-002   2.5523306379345044E-002
   4.5501507036585132        8.0063316156909672E-003   2.7642910309039342E-002   2.5669515334069484E-002
   4.7108703059600501        8.3659520090717202E-003   2.7642910309039342E-002   2.5808404303040950E-002
   4.8772669425686850        8.7332805155965736E-003   2.7642910309039342E-002   2.5940503539344805E-002
   5.0495410155906377        9.1078339285318895E-003   2.7642910309039342E-002   2.6066319947760510E-002
   5.2279001269311909        9.4890811481433100E-003   2.7642910309039342E-002   2.6186331210274656E-002
   5.4125592113782046        9.8764442411998551E-003   2.7642910309039342E-002   2.6300980300395470E-002
   5.6037407956130689        1.0269300191228316E-002   2.7642910309039342E-002   2.6410671056278534E-002
   5.8016752663703963        1.0666983091280375E-002   2.7642910309039342E-002   2.6515764737866512E-002
   6.0066011480696169        1.1068786793353307E-002   2.7642910309039342E-002   2.6616577586806290E-002
   6.2187653902530293        1.1473968025119330E-002   2.7642910309039342E-002   2.6713379394571215E-002
   6.4384236651766908        1.1881749978831692E-002   2.7642910309039342E-002   2.6806393069478851E-002
   6.6658406759127811        1.2291326369317131E-002   2.7642910309039342E-002   2.6895795177288240E-002
   6.9012904753346884        1.2701865948145419E-002   2.7642910309039342E-002   2.6981717413148296E-002
   7.1450567963692624        1.3112517449842452E-002   2.7642910309039342E-002   2.7064248945354658E-002
   7.3974330131920443        1.3522414327180793E-002   2.7642910309039342E-002   2.7143439439337561E-002
   7.6587243988323896        1.3930683474262991E-002   2.7642910309039342E-002   2.7219303473699975E-002
   7.9292442763577622        1.4336444535858013E-002   2.7642910309039342E-002   2.7291823721979584E-002
   8.2093202460023029        1.4738825163056720E-002   2.7642910309039342E-002   2.7360957538763775E-002
   8.4992881560440416        1.5136957725811169E-002   2.7642910309039342E-002   2.7426640497479445E-002
   8.7994991583321234        1.5529995219154658E-002   2.7642910309039342E-002   2.7488793497966395E-002
   9.1103132457223861        1.5917108156199164E-002   2.7642910309039342E-002   2.7547326751076854E-002
   9.4321068148357909        1.6297500064601050E-002   2.7642910309039342E-002   2.7602146730970462E-002
   9.7652657388916850        1.6670404261420035E-002   2.7642910309039342E-002   2.7653160074174503E-002
   10.110193474162946        1.7035098485305149E-002   2.7642910309039342E-002   2.7700279851875391E-002
   10.467303634806061        1.7390901265397132E-002   2.7642910309039342E-002   2.7743428913571982E-002
   10.837027566606025        1.7737184265994792E-002   2.7642910309039342E-002   2.7782544935217018E-002
   11.219811965471335        1.8073373073574459E-002   2.7642910309039342E-002   2.7817583404464736E-002
   11.616115840724994        1.8398947880889877E-002   2.7642910309039342E-002   2.7848520186470806E-002
   12.026419117330413        1.8713453284291907E-002   2.7642910309039342E-002   2.7875354380502770E-002
   12.451213803399156        1.9016492788201316E-002   2.7642910309039342E-002   2.7898109073279841E-002
   12.891014326336300        1.9307737794311882E-002   2.7642910309039342E-002   2.7916832803119993E-002
   13.346348065368609        1.9586921264927549E-002   2.7642910309039342E-002   2.7931599218010517E-002
   13.817766430769083        1.9853844804229265E-002   2.7642910309039342E-002   2.7942507138382845E-002
   14.305834715756038        2.0108371567369800E-002   2.7642910309039342E-002   2.7949679303297024E-002
   14.811143972217785        2.0350431508159263E-002   2.7642910309039342E-002   2.7953261280421190E-002
   15.334300133051286        2.0580013689957020E-002   2.7642910309039342E-002   2.7953419573194034E-002
   15.875936741648431        2.0797169854915948E-002   2.7642910309039342E-002   2.7950339698718654E-002
   16.436703292225193        2.1002006336877790E-002   2.7642910309039342E-002   2.7944223965207963E-002
   17.017278874447534        2.1194686165058981E-002   2.7642910309039342E-002   2.7935289058223383E-002
   17.618359675531394        2.1375420806062077E-002   2.7642910309039342E-002   2.7923763787369518E-002
   18.240671728221173        2.1544470575869227E-002   2.7642910309039342E-002   2.7909886544319001E-002
   18.884968846184627        2.1702139332814702E-002   2.7642910309039342E-002   2.7893903004151885E-002
   19.552019805756849        2.1848767370673729E-002   2.7642910309039342E-002   2.7876064335743359E-002
   20.242632201214423        2.1984732945612206E-002   2.7642362265851816E-002   2.7856623401187688E-002
   20.957638264717446        2.2110444416100009E-002   2.7641050133843076E-002   2.7835834766956728E-002
   21.697899624358065        2.2226337266884451E-002   2.7640056160622567E-002   2.7813956432617418E-002
   22.464312967141105        2.2332870962119639E-002   2.7639303196865930E-002   2.7791242713065212E-002
   23.257792778673313        2.2430522992548378E-002   2.7638732811629003E-002   2.7767946267589268E-002
   24.079299719823517        2.2519789518624371E-002   2.7638300730369571E-002   2.7744316729237065E-002
   24.929823759061236        2.2601180038970128E-002   2.7637973417875019E-002   2.7720600999177267E-002
   25.810395145829254        2.2675216141235580E-002   2.7637725469096916E-002   2.7697043041141029E-002
   26.722064579292049        2.2742427899569755E-002   2.7637537642895064E-002   2.7673884788449250E-002
   27.665935811728254        2.2803355034975038E-002   2.7637395359791296E-002   2.7651365900007097E-002
   28.643146268414043        2.2858544028636449E-002   2.7637287576737508E-002   2.7629725118892844E-002
   29.654879655490589        2.2908548085843191E-002   2.7637205927925040E-002   2.7609200955261474E-002
   30.702343174827575        2.2928695442392403E-002   2.4743032531365096E-002   2.7551605203033361E-002
   31.786804983723918        2.2935954272423599E-002   2.1292523405301102E-002   2.7482173797529940E-002
   32.909571928103169        2.2943333976837989E-002   1.8678675373568338E-002   2.7420155662186738E-002
   34.072004028335677        2.2950528332764779E-002   1.6698609117592564E-002   2.7364502324064528E-002
   35.275488300232773        2.2957385699310075E-002   1.5198668980258677E-002   2.7314388882754739E-002
   36.521481794408061        2.2963878746499213E-002   1.4062426346940589E-002   2.7269173035470842E-002
   37.811486012809581        2.2970078824411870E-002   1.3201693781930051E-002   2.7228363573080238E-002
   39.147055493126302        2.2976134544227707E-002   1.2549667069724971E-002   2.7191592334913531E-002
   40.529808025860810        2.2982253496348758E-002   1.2055737784181841E-002   2.7158590609180324E-002
   41.961393513511240        2.2988686267007737E-002   1.1681576385211046E-002   2.7129170002843598E-002
   43.443545167355794        2.2995712790765586E-002   1.1398139651523616E-002   2.7103204257964000E-002
   44.978049075047366        2.3003629944798529E-002   1.1183429148985465E-002   2.7080615387575505E-002
   46.566763998623138        2.3012740712231063E-002   1.1020779669858127E-002   2.7061360601242854E-002
   48.211585595230147        2.3023344176447330E-002   1.0897569407916996E-002   2.7045421531410901E-002
   49.914505239722644        2.3035727089827367E-002   1.0804234514746784E-002   2.7032793615145101E-002
   51.677575059319224        2.3050155875425721E-002   1.0733530969880856E-002   2.7023477705656378E-002
   53.502930680545909        2.3066869920322315E-002   1.0679970968814503E-002   2.7017471973808861E-002
   55.392750120602578        2.3086075221245391E-002   1.0639398187417588E-002   2.7014764894903162E-002
   57.349321371645829        2.3107939956886182E-002   1.0608663278184900E-002   2.7015328649827058E-002
   59.375002227322796        2.3132590021951182E-002   1.0585380806216746E-002   2.7019113626751867E-002
   61.472246417894510        2.3160106156540801E-002   1.0567743653428930E-002   2.7026043495755159E-002
   63.643556378429672        2.3190521103855874E-002   1.0554383154357317E-002   2.7036010858391218E-002
   65.891560899834928        2.3223819386508353E-002   1.0544262238015540E-002   2.7048874148048067E-002
   68.218968971510208        2.3259936440381428E-002   1.0536595387619627E-002   2.7064455033940199E-002
   70.628585269218178        2.3258381554001582E-002   1.0520039131241802E-002   2.7023588510747275E-002
   73.123328588587739        2.3156833811495463E-002   1.0480485305502512E-002   2.6835358928729586E-002
   75.706175661273647        2.3076411139784297E-002   1.0450522484494644E-002   2.6677205696242046E-002
   78.380253523498894        2.3013219162611166E-002   1.0427824888906527E-002   2.6543966548684590E-002
   81.148784610322849        2.2964055383020369E-002   1.0410630885533236E-002   2.6431295541218165E-002
   84.015122474940881        2.2926281608190671E-002   1.0397605925600115E-002   2.6335550209835669E-002
   86.982687236203873        2.2897722931201087E-002   1.0387739255668316E-002   2.6253694039481981E-002
   90.055071705548812        2.2876584536723543E-002   1.0380265003365599E-002   2.6183204322604525E-002
   93.235978303002270        2.2861386786075216E-002   1.0374603067994212E-002   2.6121996308844438E-002
   96.529260096906100        2.2850911837121086E-002   1.0370313986518838E-002   2.6068354131487902E-002
   99.938826062156153        2.2844161002700116E-002   1.0367064937485040E-002   2.6020873461400730E-002
   103.46886588546354        2.2840319419766348E-002   1.0364603671193144E-002   2.5978407894158666E-002
   107.12359379692580        2.2838728194060322E-002   1.0362739202727143E-002   2.5940029809754964E-002
   110.90736836557576        2.2838860637746615E-002   1.0361326837514956E-002   2.5904992114651023E-002
   114.82483910697920        2.2840302936017572E-002   1.0360256922332891E-002   2.5872696489301794E-002
   118.88068277378797        2.2842737743019769E-002   1.0359446435826461E-002   2.5842669923730747E-002
   123.07973629915718        2.2845930131125645E-002   1.0358832479105034E-002   2.5814541434322463E-002
   127.42715949490271        2.2849715603143205E-002   1.0358367385790820E-002   2.5788022660807441E-002
   131.92808807993632        2.2853989079275713E-002   1.0358015070034683E-002   2.5762894472961380E-002
   136.58805281121437        2.2858695627286194E-002   1.0357748178742601E-002   2.5738991153247019E-002
   141.41261684513370        2.2863821369548818E-002   1.0357546002163995E-002   2.5716191258144810E-002
   146.40753387824964        2.2869385559455661E-002   1.0357392850114748E-002   2.5694407116339690E-002
   151.57894168226974        2.1466290476079758E-002   9.9817545446134210E-003   2.4181326031715952E-002
   156.93294936957258        1.7562856840694540E-002   8.9396049778696380E-003   2.0024274930652123E-002
   162.47613596373097        1.4608646287194381E-002   8.1501408691293624E-003   1.6876157270066295E-002
   168.21511902855468        1.2373794839152576E-002   7.5521028020364527E-003   1.4491796655595088E-002
   174.15674278185460        1.0684071101433401E-002   7.0990792315562103E-003   1.2685604634405824E-002
   180.30830831190286        9.4073867066408294E-003   6.7558983094310222E-003   1.1317059712097972E-002
   186.67715947709803        8.4437007817349235E-003   6.4959304995474334E-003   1.0279860260587510E-002
   193.27089166569760        7.7171986289952697E-003   6.2990006518942859E-003   9.4935372817660998E-003
   200.09760727912413        7.1704116957520391E-003   6.1498195250934400E-003   8.8971590206471506E-003
   207.16537088595135        6.7598216315806993E-003   6.0368123932228856E-003   8.4446334106558548E-003
   214.48286737908427        6.4524324323317296E-003   5.9512056075076269E-003   8.1010486754352976E-003
   222.05883252794877        6.2232522074167690E-003   5.8863564065212938E-003   7.8399908065272909E-003
   229.90230130529540        6.0533368784924822E-003   5.8372320811812340E-003   7.6414608086340678E-003
   238.02291179328489        5.9283204660735434E-003   5.8000187166511990E-003   7.4903114594153308E-003
   246.43025707061713        5.8373157721672807E-003   5.7718289872733695E-003   7.3750811980983922E-003
   255.13466811288930        5.7720595732838409E-003   5.7504742985712357E-003   7.2870852267205933E-003
   264.14653641505117        5.7262833245493765E-003   5.7342976078092189E-003   7.2197496945852124E-003
   273.47660938458705        5.6952257724067800E-003   5.7220435012384002E-003   7.1680944372108377E-003
   283.13635184814427        5.6752671559718530E-003   5.7127605944167119E-003   7.1283447364652586E-003
   293.13729579387660        5.6636544773851147E-003   5.7057285690324333E-003   7.0976416274164244E-003
   303.49136818478553        5.6582903910471520E-003   5.7004016953389513E-003   7.0738175808910389E-003
   314.21129214162710        5.6575749028926082E-003   5.6963664054659954E-003   7.0552281333512382E-003
   325.30973137660959        5.6602857144704977E-003   5.6933096077021661E-003   7.0406265346266142E-003
   336.80032369109853        5.6654873522255190E-003   5.6909939783537271E-003   7.0290656534757589E-003
   348.69678677735646        5.6724624345410720E-003   5.6892398333782740E-003   7.0198264465693820E-003
   361.01330816366544        5.6806597799565093E-003   5.6879110400060075E-003   7.0123621373944520E-003
   373.76502243504467        5.6707424182249645E-003   5.6621356692525505E-003   6.9729152269235126E-003
   386.96715283564077        5.6048490495568520E-003   5.5632415674731544E-003   6.8358642521907896E-003
   400.63544401132759        5.5568498234792206E-003   5.4883276756111975E-003   6.7317699610881980E-003
   414.78669160661980        5.5223518020078299E-003   5.4315778282204279E-003   6.6526278519571068E-003
   429.43761284149554        5.4980058570057609E-003   5.3885888950674834E-003   6.5923809434164449E-003
   444.60621081975989        5.4812568924485537E-003   5.3560233009528656E-003   6.5464394354314663E-003
   460.31059410826708        5.4701581524339528E-003   5.3313540794614608E-003   6.5113286787430438E-003
   476.56949149896485        5.4632264787784577E-003   5.3126667426246351E-003   6.4844157089674762E-003
   493.40288198244309        5.4593327440684977E-003   5.2985104428079979E-003   6.4637039248785005E-003
   510.83065126063684        5.4576186010075432E-003   5.2877868152655296E-003   6.4476799630028819E-003
   528.87421463804299        5.4574320888422781E-003   5.2796632989004708E-003   6.4351941606149909E-003
   547.55511287104378        5.4582789437210713E-003   5.2735095396970275E-003   6.4253730780025322E-003
   566.89562449487210        5.4597850771250468E-003   5.2688479669316321E-003   6.4175514248482604E-003
   586.91951519858117        5.4616680596413269E-003   5.2653166653737942E-003   6.4112209323287633E-003
   607.65068989177485        5.4637150834275306E-003   5.2626416194349150E-003   6.4059923061377064E-003
   629.11387223602765        5.4657662023959042E-003   5.2606152285927374E-003   6.4015656974671081E-003
   651.33543626567803        5.4677015294365148E-003   5.2590801678958563E-003   6.3977085523278625E-003
   674.34163286578985        5.4694311877964766E-003   5.2579173344307851E-003   6.3942393315112511E-003
   698.16073213207346        5.4708879170309215E-003   5.2570364481219368E-003   6.3910146305053289E-003
   722.82116976782140        5.3681248051101940E-003   5.1525019636837763E-003   6.1917020418724303E-003
   748.35235540965130        5.2616992118370157E-003   5.0448244044737989E-003   5.9861841444818591E-003
   774.78566186873422        5.1808788141849823E-003   4.9632549531918183E-003   5.8297175535145908E-003
   802.15264573967897        5.1193375774862904E-003   4.9014641302292192E-003   5.7103381558209791E-003
   830.48594444209971        5.0722821467965315E-003   4.8546565760253443E-003   5.6189772026598288E-003
   859.82037403360118        5.0360791202455667E-003   4.8191982452433996E-003   5.5487582794137560E-003
   890.19058800385733        5.0079768733275309E-003   4.7923379824975779E-003   5.4944728090953023E-003
   921.63390537915473        4.9858886778776871E-003   4.7719904104543548E-003   5.4521707103099898E-003
   954.18786380243341        4.9682338756871563E-003   4.7565766348057221E-003   5.4188607722432860E-003
   987.89128659474920        4.9538145143727145E-003   4.7449004488517620E-003   5.3922776047114354E-003
   1022.7855886411724        4.9417227320998312E-003   4.7360553367567391E-003   5.3707066038371498E-003
   1058.9119914466876        4.9312720968242565E-003   4.7293550203670789E-003   5.3528538541078412E-003
   1096.3148872627712        4.9219437184303541E-003   4.7242793004554215E-003   5.3377439615929431E-003
   1135.0389283928459        4.9133474009136245E-003   4.7204343204348392E-003   5.3246458883958658E-003
   1175.1302964981960        4.9051912420864522E-003   4.7175216854819886E-003   5.3130147867430522E-003
   1216.6382559936744        4.8972587868486494E-003   4.7153152644168039E-003   5.3024481297939468E-003
   1259.6123598874483        4.8893925810302294E-003   4.7136438473448852E-003   5.2926534171375394E-003
   1304.1038583964914        4.8814810482781844E-003   4.7123777217061569E-003   5.2834224766878267E-003
   1350.1674228314519        4.8734485285001142E-003   4.7114185880262772E-003   5.2746118603904232E-003
   1397.8574692241625        4.1923802210911704E-003   4.0559606633242583E-003   4.5284983498437379E-003
   1447.2325992722181        3.6170717258753589E-003   3.5025766033685824E-003   3.8974584611218411E-003
   1498.3517579647787        3.1802908560050842E-003   3.0833748563708634E-003   3.4187490232851577E-003
   1551.2759091786245        2.4164203730360958E-003   2.3476085469425769E-003   2.5985531020137238E-003
   1606.0700862978565        1.8265962157295952E-003   1.7783699881487691E-003   1.9653281540689075E-003
   1662.7990190437411        1.3806906838694749E-003   1.3471625139935780E-003   1.4864855976178843E-003
   1721.5324161293761        1.0436080007725662E-003   1.0205080345125480E-003   1.1243765700147579E-003
   1782.3403946248577        7.8881231090354126E-004   7.7305940277197396E-004   8.5054199908343340E-004
   1845.2954731357936        5.9622977557762370E-004   5.8561303634502499E-004   6.4345739558274186E-004
   1910.4750110852074        4.5067313172885581E-004   4.4361597245886329E-004   4.8684011127729000E-004
   1977.9568210713478        3.4066418035853140E-004   3.3604977827829169E-004   3.6838482503409841E-004
   2047.8213808026539        2.5752349603703540E-004   2.5456663526110681E-004   2.7878645342975197E-004
   2120.1545400970977        1.9468710765932945E-004   1.9284035437763369E-004   2.1100704192964377E-004
   2195.0417479108573        1.4719646588073651E-004   1.4608169184929622E-004   1.5972886850777605E-004
   2272.5750259096239        1.1130155898119140E-004   1.1066039819164970E-004   1.2092898987670420E-004
   2352.8469348264384        8.4169837323347959E-005   8.3827915551304525E-005   9.1567398748610641E-005
   2435.9532056335870        6.3660531630370894E-005   6.3501873181347025E-005   6.9345277162238236E-005
   2521.9959596104222        4.8155375706632725E-005   4.8104197611655432E-005   5.2523723992738094E-005
   2611.0779162676686        3.6432237404977912E-005   3.6440087700293286E-005   3.9788479209007626E-005
   2703.3053132971791        2.7567570692591951E-005   2.7604334578079389E-005   3.0145483522482846E-005
   2798.7914800504532        2.0863282423121764E-005   2.0910947960386002E-005   2.2842581041097068E-005
   2897.6492167059700        1.5792215238295927E-005   1.5840598644845071E-005   1.7311158414815778E-005
   3000.0000000000000        1.1955780574761323E-005   1.1999634803251431E-005   1.3120757189930132E-005
