         200   4370.0000000000000     
   3.0000000000000000        5.9805864198347073E-003  0.12244112719786293        5.3118975957235750E-003
   3.1059655287322618        6.4674020805668463E-003  0.12244112719786293        5.7793923503066218E-003
   3.2156739552243598        6.9947777629286003E-003  0.12244112719786293        6.2906465250080071E-003
   3.3292574962321346        7.5657145689642840E-003  0.12244112719786293        6.8498177388524734E-003
   3.4468529954360925        8.1833563082586002E-003  0.12244112719786293        7.4614493580441700E-003
   3.5686022069563790        8.8509937768314756E-003  0.12244112719786293        8.1305040101766098E-003
   3.6946518254059528        9.5720694311703606E-003  0.12244112719786293        8.8623978499080183E-003
   3.8251536998800524        1.0350184807964026E-002  0.12244112719786293        9.6630377045869385E-003
   3.9602651907155879        1.1189110676370453E-002  0.12244112719786293        1.0538861094721096E-002
   4.1001490688558144        1.2092795966004559E-002  0.12244112719786293        1.1496875079498210E-002
   4.2449739038313119        1.3065380647212251E-002  0.12244112719786293        1.2544699448746803E-002
   4.3949142193596993        1.4111207578669778E-002  0.12244112719786293        1.3690609466017630E-002
   4.5501507036585132        1.5234834051298690E-002  0.12244112719786293        1.4943579322526044E-002
   4.7108703059600501        1.6441040646000597E-002  0.12244112719786293        1.6313324206980756E-002
   4.8772669425686850        1.7734841531914017E-002  0.12244112719786293        1.7810346287124901E-002
   5.0495410155906377        1.9121481155733561E-002  0.12244112719786293        1.9445967924723279E-002
   5.2279001269311909        2.0606433649453710E-002  0.12244112719786293        2.1232370833949573E-002
   5.4125592113782046        2.2195390208984474E-002  0.12244112719786293        2.3182624251599612E-002
   5.6037407956130689        2.3894238315959285E-002  0.12244112719786293        2.5310705634385859E-002
   5.8016752663703963        2.5709030812892619E-002  0.12244112719786293        2.7631510004939096E-002
   6.0066011480696169        2.7645944037995009E-002  0.12244112719786293        3.0160844456751039E-002
   6.2187653902530293        2.9711224639713964E-002  0.12244112719786293        3.2915403683916225E-002
   6.4384236651766908        3.1911125163096063E-002  0.12244112719786293        3.5912721709023203E-002
   6.6658406759127811        3.4251829001600662E-002  0.12244112719786293        3.9171094267134540E-002
   6.9012904753346884        3.6739365806140449E-002  0.12244112719786293        4.2709465605634316E-002
   7.1450567963692624        3.9379518903812603E-002  0.12244112719786293        4.6547272837874180E-002
   7.3974330131920443        4.2177722401512796E-002  0.12244112719786293        5.0704234115086212E-002
   7.6587243988323896        4.5138980092742920E-002  0.12244112719786293        5.5200117961642869E-002
   7.9292442763577622        4.8267714182957791E-002  0.12244112719786293        6.0054344376826913E-002
   8.2093202460023029        5.1567729061709748E-002  0.12244112719786293        6.5285687799437969E-002
   8.4992881560440416        5.5042037787972474E-002  0.12244112719786293        7.0911686995884737E-002
   8.7994991583321234        5.8692846910396536E-002  0.12244112719786293        7.6948215913568194E-002
   9.1103132457223861        6.2521388220347612E-002  0.12244112719786293        8.3408718695829900E-002
   9.4321068148357909        6.6527928942962278E-002  0.12244112719786293        9.0303649742363601E-002
   9.7652657388916850        7.0711615147825188E-002  0.12244112719786293        9.7639556857647275E-002
   10.110193474162946        7.5070512650337901E-002  0.12244112719786293       0.10541844055965596     
   10.467303634806061        7.9601465933383755E-002  0.12244112719786293       0.11363676226957641     
   10.837027566606025        8.4300158131691477E-002  0.12244112719786293       0.12228480754094155     
   11.219811965471335        8.9161058129646587E-002  0.12244112719786293       0.13134589487963572     
   11.616115840724994        9.4177371618619540E-002  0.12244112719786293       0.14079568055184516     
   12.026419117330413        9.9341152543793693E-002  0.12244112719786293       0.15060191530519387     
   12.451213803399156       0.10464320646139429       0.12244112719786293       0.16072401755130944     
   12.891014326336300       0.11007324796267115       0.12244112719786293       0.17111338520325242     
   13.346348065368609       0.11561982287275356       0.12244112719786293       0.18171356012950882     
   13.817766430769083       0.12127049749484636       0.12244112719786293       0.19246122655909836     
   14.305834715756038       0.12701180046488952       0.12244112719786293       0.20328706465584157     
   14.811143972217785       0.13282944237322952       0.12244112719786293       0.21411743684654103     
   15.334300133051286       0.13870827768093891       0.12244112719786293       0.22487584191306820     
   15.875936741648431       0.14463255204049738       0.12244112719786293       0.23548508218101721     
   16.436703292225193       0.15058588335202786       0.12244112719786293       0.24586902541265243     
   17.017278874447534       0.15655153203689898       0.12244112719786293       0.25595486692075092     
   17.618359675531394       0.16251239823736835       0.12244112719786293       0.26567477920981303     
   18.240671728221173       0.16845129026244113       0.12244112719786293       0.27496779789899201     
   18.884968846184627       0.17435103793404277       0.12244112719786293       0.28378111937306433     
   19.552019805756849       0.18019452224449065       0.12244112719786293       0.29207092475305518     
   20.242632201214423       0.18596503734406650       0.12243564673886277       0.29980328478345769     
   20.957638264717446       0.19164630004532970       0.12242252535383263       0.30695415586847974     
   21.697899624358065       0.19722263045992300       0.12241258557243181       0.31350928882111873     
   22.464312967141105       0.20267912311027933       0.12240505589759818       0.31946371877114549     
   23.257792778673313       0.20800164904618215       0.12239935201699823       0.32482088420792837     
   24.079299719823517       0.21317717103244682       0.12239503118301844       0.32959188919900301     
   24.929823759061236       0.21819372278295771       0.12239175804187294       0.33379429200415844     
   25.810395145829254       0.22304056675578701       0.12238927854181993       0.33745104605632653     
   26.722064579292049       0.22770816333603836       0.12238740027050510       0.34058930844489527     
   27.665935811728254       0.23218841199232174       0.12238597743242530       0.34323951594132224     
   28.643146268414043       0.23647458852281983       0.12238489959655280       0.34543432884102310     
   29.654879655490589       0.24056143531932694       0.12238408310438698       0.34720780579927218     
   30.702343174827575       0.24430325857835938       0.11135106170137514       0.34838192599684126     
   31.786804983723918       0.24778994488260528        9.8197371750599005E-002  0.34912164108588273     
   32.909571928103169       0.25109053032053807        8.8233118554411016E-002  0.34956706017925543     
   34.072004028335677       0.25420061510406533        8.0684905620741459E-002  0.34974634627721152     
   35.275488300232773       0.25711796987968222        7.4966982036021215E-002  0.34968715533224520     
   36.521481794408061       0.25984241626919757        7.0635510139707661E-002  0.34941632192228533     
   37.811486012809581       0.26237553636439770        6.7354310503061426E-002  0.34895960711792717     
   39.147055493126302       0.26472048607737753        6.4868718696569683E-002  0.34834151487724790     
   40.529808025860810       0.26688180851686727        6.2985810278630219E-002  0.34758515162668718     
   41.961393513511240       0.26886518980793889        6.1559469163797481E-002  0.34671214991830801     
   43.443545167355794       0.27067734609118083        6.0478979653590656E-002  0.34574257895031474     
   44.978049075047366       0.27232578564496468        5.9660481491035727E-002  0.34469492606569035     
   46.566763998623138       0.27381865027021668        5.9040445217856390E-002  0.34358607188391543     
   48.211585595230147       0.27516450697246886        5.8570755231504713E-002  0.34243132084535427     
   49.914505239722644       0.27637223541149786        5.8214953174041205E-002  0.34124438035004995     
   51.677575059319224       0.27745083610072219        5.7945424106413970E-002  0.34003741791899250     
   53.502930680545909       0.27840930141980785        5.7741247962531696E-002  0.33882108894608354     
   55.392750120602578       0.27925646348330452        5.7586580414225867E-002  0.33760461545887738     
   57.349321371645829       0.28000091294927582        5.7469415830118956E-002  0.33639579947632020     
   59.375002227322796       0.28065087633314961        5.7380660690988031E-002  0.33520111410162451     
   61.472246417894510       0.28121414239258408        5.7313426079830761E-002  0.33402575602323109     
   63.643556378429672       0.28169798332840801        5.7262494505400670E-002  0.33287374342023646     
   65.891560899834928       0.28210912545233907        5.7223912548155093E-002  0.33174794726988355     
   68.218968971510208       0.28245370221979221        5.7194685738625711E-002  0.33065019542590163     
   70.628585269218178       0.28228493409274802        5.7069628655923063E-002  0.32886191778557350     
   73.123328588587739       0.28091420473925405        5.6716252354142620E-002  0.32528615545555689     
   75.706175661273647       0.27970639981689749        5.6448562676070541E-002  0.32209681400531881     
   78.380253523498894       0.27862426748527497        5.6245780966885248E-002  0.31923288922928733     
   81.148784610322849       0.27763819446065613        5.6092168687635655E-002  0.31664275647913365     
   84.015122474940881       0.27672474068165115        5.5975802897829753E-002  0.31428297027191393     
   86.982687236203873       0.27586548917307718        5.5887653464336787E-002  0.31211722602821107     
   90.055071705548812       0.27504606739522147        5.5820878036475279E-002  0.31011526873005973     
   93.235978303002270       0.27425540359921224        5.5770293959080182E-002  0.30825203864336698     
   96.529260096906100       0.27348509612488842        5.5731975042477851E-002  0.30650683753425123     
   99.938826062156153       0.27272893187018021        5.5702947839409510E-002  0.30486267224447700     
   103.46886588546354       0.27198242609596684        5.5680958735608063E-002  0.30330553687716694     
   107.12359379692580       0.27124254562817895        5.5664301460136310E-002  0.30182402308437950     
   110.90736836557576       0.27050740695471026        5.5651683302825009E-002  0.30040882068715163     
   114.82483910697920       0.26977602475950052        5.5642124615057284E-002  0.29905230546828016     
   118.88068277378797       0.26904817804581110        5.5634883678967545E-002  0.29774833454669131     
   123.07973629915718       0.26832422944733669        5.5629398552014153E-002  0.29649193909118310     
   127.42715949490271       0.26760497093859120        5.5625243379858524E-002  0.29527907071965337     
   131.92808807993632       0.26689157557338927        5.5622095769314435E-002  0.29410652756177025     
   136.58805281121437       0.26618543741997691        5.5619711346164093E-002  0.29297169029085068     
   141.41261684513370       0.26548815204892595        5.5617905088227462E-002  0.29187249488990358     
   146.40753387824964       0.26480142200958540        5.5616536818439366E-002  0.29080728178495002     
   151.57894168226974       0.24791133360905926        5.3702285981587272E-002  0.27290132171046450     
   156.93294936957258       0.20242826967710506        4.8392395588667973E-002  0.22529161837544195     
   162.47613596373097       0.16806369402269838        4.4369971149484710E-002  0.18929583508754422     
   168.21511902855468       0.14209962864280254        4.1322887805221073E-002  0.16206688839026168     
   174.15674278185460       0.12248236823822968        3.9014672572569881E-002  0.14145610473349005     
   180.30830831190286       0.10765984208244650        3.7266120215426496E-002  0.12584142160160189     
   186.67715947709803        9.6460208513481027E-002   3.5941549712094407E-002  0.11399938768416455     
   193.27089166569760        8.7998158121774889E-002   3.4938165994918731E-002  0.10500655318583567     
   200.09760727912413        8.1604674854178896E-002   3.4178068349357396E-002   9.8165656086525069E-002
   207.16537088595135        7.6774677418130044E-002   3.3602282010237475E-002   9.2950693391286685E-002
   214.48286737908427        7.3126341572928008E-002   3.3166104072306274E-002   8.8964284014281872E-002
   222.05883252794877        7.0371300357004618E-002   3.2835688784238155E-002   8.5906495685752093E-002
   229.90230130529540        6.8291571471548837E-002   3.2585393825140377E-002   8.3550721083018753E-002
   238.02291179328489        6.6722271015066656E-002   3.2395786792606983E-002   8.1725620100192506E-002
   246.43025707061713        6.5538733634011803E-002   3.2252156379105099E-002   8.0301698286795897E-002
   255.13466811288930        6.4646510684967268E-002   3.2143351405230169E-002   7.9180863263092816E-002
   264.14653641505117        6.3974045300678489E-002   3.2060929018264295E-002   7.8288811404723310E-002
   273.47660938458705        6.3467003214582068E-002   3.1998492718494517E-002   7.7569121079367781E-002
   283.13635184814427        6.3084026880161681E-002   3.1951195075887527E-002   7.6978830894318118E-002
   293.13729579387660        6.2793569860711468E-002   3.1915365973019541E-002   7.6485165051533188E-002
   303.49136818478553        6.2571457706450451E-002   3.1888224844383216E-002   7.6062995838852440E-002
   314.21129214162710        6.2399062193154137E-002   3.1867664506776326E-002   7.5692945700492564E-002
   325.30973137660959        6.2261943678748446E-002   3.1852089716365072E-002   7.5360000068483632E-002
   336.80032369109853        6.2148798379152208E-002   3.1840291277423771E-002   7.5052404412560322E-002
   348.69678677735646        6.2050691789924922E-002   3.1831353675902736E-002   7.4760893688172972E-002
   361.01330816366544        6.1960467927514883E-002   3.1824583297267284E-002   7.4478082723271097E-002
   373.76502243504467        6.1662366484414401E-002   3.1568209337424338E-002   7.3844254869017356E-002
   386.96715283564077        6.0737053407568367E-002   3.0568913836987864E-002   7.2163363169291339E-002
   400.63544401132759        6.0003710983589587E-002   2.9811931229219719E-002   7.0819506206752272E-002
   414.78669160661980        5.9411343687171832E-002   2.9238490891245240E-002   6.9725559644725002E-002
   429.43761284149554        5.8920821158492183E-002   2.8804100500965615E-002   6.8815483934674446E-002
   444.60621081975989        5.8502010081748289E-002   2.8475034853144059E-002   6.8039136315699369E-002
   460.31059410826708        5.8131683669526368E-002   2.8225759703341669E-002   6.7358517644658222E-002
   476.56949149896485        5.7791881085263584E-002   2.8036929719751393E-002   6.6744840464772748E-002
   493.40288198244309        5.7468668913261460E-002   2.7893884518318139E-002   6.6176327616570885E-002
   510.83065126063684        5.7151237461462653E-002   2.7785525449791959E-002   6.5636611821800708E-002
   528.87421463804299        5.6831164398146998E-002   2.7703439731783901E-002   6.5113433600026430E-002
   547.55511287104378        5.6501908092090068E-002   2.7641257824348231E-002   6.4597742748667197E-002
   566.89562449487210        5.6158393777940151E-002   2.7594154017290106E-002   6.4082961871149605E-002
   586.91951519858117        5.5796696437249098E-002   2.7558471264790801E-002   6.3564422290030106E-002
   607.65068989177485        5.5413835166247774E-002   2.7531440720783666E-002   6.3038982191965603E-002
   629.11387223602765        5.5007588068211655E-002   2.7510964643704488E-002   6.2504685892208534E-002
   651.33543626567803        5.4576344661884005E-002   2.7495453311686836E-002   6.1960493263407711E-002
   674.34163286578985        5.4119039652113003E-002   2.7483703225195284E-002   6.1406126780278215E-002
   698.16073213207346        5.3635034487554092E-002   2.7474802130903694E-002   6.0841862568826642E-002
   722.82116976782140        5.1958923476134067E-002   2.6304266847545613E-002   5.8121088180157800E-002
   748.35235540965130        5.0219160623919720E-002   2.5098336628390387E-002   5.5316230631589865E-002
   774.78566186873422        4.8744622495727113E-002   2.4184803047368017E-002   5.3036725912403881E-002
   802.15264573967897        4.7465227656130315E-002   2.3492779368304441E-002   5.1156687245289767E-002
   830.48594444209971        4.6328298390859064E-002   2.2968560166891087E-002   4.9581015178583723E-002
   859.82037403360118        4.5294338792287572E-002   2.2571446107801259E-002   4.8237895354419198E-002
   890.19058800385733        4.4333947633728575E-002   2.2270625743955001E-002   4.7073274649247029E-002
   921.63390537915473        4.3425307767998182E-002   2.2042743981093658E-002   4.6046450791810828E-002
   954.18786380243341        4.2552438535409021E-002   2.1870118059942177E-002   4.5126925788066645E-002
   987.89128659474920        4.1703769848608074E-002   2.1739351114724692E-002   4.4291889356366528E-002
   1022.7855886411724        4.0871057454798285E-002   2.1640290660109383E-002   4.3524317327531058E-002
   1058.9119914466876        4.0048648845562383E-002   2.1565250753266443E-002   4.2811611000334739E-002
   1096.3148872627712        3.9232791227712935E-002   2.1508405445197196E-002   4.2144438236391836E-002
   1135.0389283928459        3.8421232578342582E-002   2.1465343755901038E-002   4.1515970124521406E-002
   1175.1302964981960        3.7612834669120625E-002   2.1432723825315875E-002   4.0921228415169229E-002
   1216.6382559936744        3.6807270756340216E-002   2.1408013106961866E-002   4.0356593218606698E-002
   1259.6123598874483        3.6004872982610917E-002   2.1389294142949069E-002   3.9819487833259046E-002
   1304.1038583964914        3.5206441841668892E-002   2.1375114223008491E-002   3.9308086907289569E-002
   1350.1674228314519        3.4413093427174836E-002   2.1364372446381542E-002   3.8821097695998924E-002
   1397.8574692241625        2.8612770593370290E-002   1.8077052042170399E-002   3.2642508398764536E-002
   1447.2325992722181        2.3764094641688365E-002   1.5269674996077627E-002   2.7452807397095866E-002
   1498.3517579647787        2.0080644631817423E-002   1.3143019301843082E-002   2.3532274192715936E-002
   1551.2759091786245        1.4891121149910591E-002   9.9996793871877949E-003   1.7714825872495236E-002
   1606.0700862978565        1.0990580199566134E-002   7.5749978574769974E-003   1.3281219398172991E-002
   1662.7990190437411        8.1110037439689267E-003   5.7382621305915715E-003   9.9625325226404271E-003
   1721.5324161293761        5.9857865083321974E-003   4.3468717007632881E-003   7.4771899069751725E-003
   1782.3403946248577        4.4177336721479667E-003   3.2928599553099635E-003   5.6150531244303706E-003
   1845.2954731357936        3.2610022169673831E-003   2.4944289012894974E-003   4.2191548053300181E-003
   1910.4750110852074        2.4077719017227602E-003   1.8895899409641528E-003   3.1721778405464241E-003
   1977.9568210713478        1.7784388358888946E-003   1.4314098682656820E-003   2.3864826221462569E-003
   2047.8213808026539        1.3142288673453522E-003   1.0843310050994248E-003   1.7965336771963900E-003
   2120.1545400970977        9.7175856779446344E-004   8.2140683939807655E-004   1.3532920340988566E-003
   2195.0417479108573        7.1904539402699752E-004   6.2223750409043821E-004   1.0200813919870287E-003
   2272.5750259096239        5.3249528073355697E-004   4.7135988843463003E-004   7.6942620303281466E-004
   2352.8469348264384        3.9472438999950892E-004   3.5706646250756037E-004   5.8075575577146653E-004
   2435.9532056335870        2.9292016015261351E-004   2.7048733193884596E-004   4.3865136932713569E-004
   2521.9959596104222        2.1763865536464629E-004   2.0490066536899701E-004   3.3154692816721670E-004
   2611.0779162676686        1.6192475069160168E-004   1.5521718657844584E-004   2.5076908602081430E-004
   2703.3053132971791        1.2065325538839259E-004   1.1758114266407463E-004   1.8980593162288645E-004
   2798.7914800504532        9.0046220787795976E-005   8.9070546091832940E-005   1.4376420886975263E-004
   2897.6492167059700        6.7320626383705253E-005   6.7473305102704205E-005   1.0896838469635816E-004
   3000.0000000000000        5.0423513372559573E-005   5.1112652896126074E-005   8.2652524492927735E-005
