         200   4370.0000000000000     
   3.0000000000000000        3.1187532126320254E-003  0.43764881654631582        1.5361960235203767E-003
   3.1059655287322618        3.3362381830966598E-003  0.43764881654631582        1.6378238485249481E-003
   3.2156739552243598        3.5684075781996370E-003  0.43764881654631582        1.7465180812050133E-003
   3.3292574962321346        3.8161937156216560E-003  0.43764881654631582        1.8627736287003351E-003
   3.4468529954360925        4.0805915504892190E-003  0.43764881654631582        1.9871196451031058E-003
   3.5686022069563790        4.3626660353902292E-003  0.43764881654631582        2.1201220196775130E-003
   3.6946518254059528        4.6635602401653995E-003  0.43764881654631582        2.2623857760456275E-003
   3.8251536998800524        4.9845054314877442E-003  0.43764881654631582        2.4145578551818510E-003
   3.9602651907155879        5.3268333640007215E-003  0.43764881654631582        2.5773303008014294E-003
   4.1001490688558144        5.6919895781516036E-003  0.43764881654631582        2.7514431549712014E-003
   4.2449739038313119        6.0815503916359362E-003  0.43764881654631582        2.9376882002180738E-003
   4.3949142193596993        6.4972422346149051E-003  0.43764881654631582        3.1369127482207570E-003
   4.5501507036585132        6.9409645086425734E-003  0.43764881654631582        3.3500238466030721E-003
   4.7108703059600501        7.4148160513063614E-003  0.43764881654631582        3.5779927205678618E-003
   4.8772669425686850        7.9211280075695938E-003  0.43764881654631582        3.8218605373900767E-003
   5.0495410155906377        8.4624985264696358E-003  0.43764881654631582        4.0827429900911968E-003
   5.2279001269311909        9.0418371332029318E-003  0.43764881654631582        4.3618371409945766E-003
   5.4125592113782046        9.6624144797323400E-003  0.43764881654631582        4.6604280914729476E-003
   5.6037407956130689        1.0327920494951213E-002  0.43764881654631582        4.9798965466806453E-003
   5.8016752663703963        1.1042531560628784E-002  0.43764881654631582        5.3217271973938730E-003
   6.0066011480696169        1.1810987621023629E-002  0.43764881654631582        5.6875180124546379E-003
   6.2187653902530293        1.2638679994501873E-002  0.43764881654631582        6.0789905437959747E-003
   6.4384236651766908        1.3531750421618405E-002  0.43764881654631582        6.4980013550329854E-003
   6.6658406759127811        1.4497201551462349E-002  0.43764881654631582        6.9465546941860591E-003
   6.9012904753346884        1.5543018644479274E-002  0.43764881654631582        7.4268165413140354E-003
   7.1450567963692624        1.6678301778539656E-002  0.43764881654631582        7.9411301727322879E-003
   7.3974330131920443        1.7913405414408501E-002  0.43764881654631582        8.4920325498705242E-003
   7.6587243988323896        1.9260096970652570E-002  0.43764881654631582        9.0822776153732711E-003
   7.9292442763577622        2.0731689871306771E-002  0.43764881654631582        9.7148479542009010E-003
   8.2093202460023029        2.2343231554676539E-002  0.43764881654631582        1.0392991393186427E-002
   8.4992881560440416        2.4111626525329145E-002  0.43764881654631582        1.1120231659521385E-002
   8.7994991583321234        2.6055831557983435E-002  0.43764881654631582        1.1900412869026485E-002
   9.1103132457223861        2.8196967239842014E-002  0.43764881654631582        1.2737713458637232E-002
   9.4321068148357909        3.0558514435938548E-002  0.43764881654631582        1.3636699138758555E-002
   9.7652657388916850        3.3166409835092329E-002  0.43764881654631582        1.4602340786514872E-002
   10.110193474162946        3.6049247067346780E-002  0.43764881654631582        1.5640077401272282E-002
   10.467303634806061        3.9238359797248344E-002  0.43764881654631582        1.6755838756447244E-002
   10.837027566606025        4.2768028928939252E-002  0.43764881654631582        1.7956116479374333E-002
   11.219811965471335        4.6675618821984233E-002  0.43764881654631582        1.9248010850467505E-002
   11.616115840724994        5.1001706980133878E-002  0.43764881654631582        2.0639278338751343E-002
   12.026419117330413        5.5790352043101933E-002  0.43764881654631582        2.2138425047778350E-002
   12.451213803399156        6.1089190484407453E-002  0.43764881654631582        2.3754745703003701E-002
   12.891014326336300        6.6949766319212345E-002  0.43764881654631582        2.5498438232812438E-002
   13.346348065368609        7.3427632147889998E-002  0.43764881654631582        2.7380651548134866E-002
   13.817766430769083        8.0582721702408697E-002  0.43764881654631582        2.9413621349113770E-002
   14.305834715756038        8.8479423248139594E-002  0.43764881654631582        3.1610728313621619E-002
   14.811143972217785        9.7186959770317286E-002  0.43764881654631582        3.3986658994139364E-002
   15.334300133051286       0.10677937528520755       0.43764881654631582        3.6557476259238157E-002
   15.875936741648431       0.11733586277463359       0.43764881654631582        3.9340809788781371E-002
   16.436703292225193       0.12894058014334647       0.43764881654631582        4.2355940807270835E-002
   17.017278874447534       0.14168284756503025       0.43764881654631582        4.5624027355953188E-002
   17.618359675531394       0.15565669357402970       0.43764881654631582        4.9168205456845797E-002
   18.240671728221173       0.17096078570647386       0.43764881654631582        5.3013843092474373E-002
   18.884968846184627       0.18769788793978648       0.43764881654631582        5.7188732114783036E-002
   19.552019805756849       0.20597379414151373       0.43764881654631582        6.1723217688536051E-002
   20.242632201214423       0.22589700309001270       0.43759840464307237        6.6650577818682208E-002
   20.957638264717446       0.24757716645047376       0.43747770781958656        7.2007193780773526E-002
   21.697899624358065       0.27112375603675926       0.43738627691968779        7.7832870126423703E-002
   22.464312967141105       0.29664451644161655       0.43731701534156808        8.4171134757355701E-002
   23.257792778673313       0.32424285984089485       0.43726454829876921        9.1069416972816272E-002
   24.079299719823517       0.35401650548453284       0.43722480318535556        9.8579607523794729E-002
   24.929823759061236       0.38605435601183202       0.43719469525557697       0.10675826362606573     
   25.810395145829254       0.42043409182013852       0.43717188761907017       0.11566706650934519     
   26.722064579292049       0.45721839712011908       0.43715461037426545       0.12537298246484213     
   27.665935811728254       0.49645312266117059       0.43714152242385673       0.13594896016340222     
   28.643146268414043       0.53816339372827193       0.43713160797002815       0.14747410103937658     
   29.654879655490589       0.58235105603974346       0.43712409748157049       0.16003414962154344     
   30.702343174827575       0.62875038734316047       0.41921493838131518       0.17360614683674286     
   31.786804983723918       0.67746421630188280       0.39786547791111693       0.18836300403452697     
   32.909571928103169       0.72852635160456347       0.38169272102516744       0.20446860021597435     
   34.072004028335677       0.78181147882304192       0.36944138514519226       0.22203384883747582     
   35.275488300232773       0.83716137995209583       0.36016075104172607       0.24117745038728017     
   36.521481794408061       0.89438646872085659       0.35313043571772296       0.26202620313754144     
   37.811486012809581       0.95326507863350407       0.34780479384844071       0.28471408788363728     
   39.147055493126302        1.0135452535692009       0.34377048528435616       0.30938161109620799     
   40.529808025860810        1.0749475465610809       0.34071437867182025       0.33617490908699682     
   41.961393513511240        1.1371669165289928       0.33839931625495567       0.36524367757036935     
   43.443545167355794        1.1998791495066419       0.33664559785556003       0.39674028735890204     
   44.978049075047366        1.2627444258895613       0.33531711176292772       0.43081686727369439     
   46.566763998623138        1.3254137394315071       0.33431074473178557       0.46762289894014486     
   48.211585595230147        1.3875336235952918       0.33354840140193764       0.50730104523628139     
   49.914505239722644        1.4487549567604103       0.33297090702663573       0.54998469929503790     
   51.677575059319224        1.5087382231481525       0.33253344041487848       0.59579295102276941     
   53.502930680545909        1.5671609667490776       0.33220204667448416       0.64482660597632224     
   55.392750120602578        1.6237229497678793       0.33195100923016768       0.69716235083465161     
   57.349321371645829        1.6781543740145939       0.33176084200969508       0.75284988850266188     
   59.375002227322796        1.7302200459395147       0.33161678552505058       0.81190647678598038     
   61.472246417894510        1.7797248312782734       0.33150765852886233       0.87431384182486338     
   63.643556378429672        1.8265164205189701       0.33142499262757869       0.94001378927055623     
   65.891560899834928        1.8704899992119566       0.33136237111421180        1.0089086675121313     
   68.218968971510208        1.9115888503802070       0.33131493373222592        1.0808594985505573     
   70.628585269218178        1.9461583023958309       0.33074294063728910        1.1534137155107720     
   73.123328588587739        1.9686668075862721       0.32896246582871319        1.2225644399148901     
   75.706175661273647        1.9901821588110611       0.32761372023960311        1.2947409180398812     
   78.380253523498894        2.0105039463208412       0.32659201130489124        1.3694797610491787     
   81.148784610322849        2.0295373211648688       0.32581804091662947        1.4463305156394881     
   84.015122474940881        2.0472759908635867       0.32523173573349795        1.5248581613136596     
   86.982687236203873        2.0637858981284780       0.32478759772839277        1.6046434624647572     
   90.055071705548812        2.0791910060508441       0.32445115194371360        1.6852879217349779     
   93.235978303002270        2.0936589287064775       0.32419628574283166        1.7664134397563569     
   96.529260096906100        2.1073880148404385       0.32400321714893182        1.8476637204565811     
   99.938826062156153        2.1205946842508778       0.32385696454634860        1.9287010542864280     
   103.46886588546354        2.1335029319659640       0.32374617317413662        2.0092095199422149     
   107.12359379692580        2.1463329261916027       0.32366224604261190        2.0888855539397864     
   110.90736836557576        2.1592922108440851       0.32359866987434571        2.1674369750513778     
   114.82483910697920        2.1725681172196931       0.32355050874218216        2.2445815905575741     
   118.88068277378797        2.1863201395008862       0.32351402552518854        2.3200377646409085     
   123.07973629915718        2.2006750980605605       0.32348638889445497        2.3935243278035352     
   127.42715949490271        2.2157238973414013       0.32346545319698122        2.4647614773399575     
   131.92808807993632        2.2315180550663967       0.32344959406536095        2.5334648444516694     
   136.58805281121437        2.2480703728107381       0.32343758022818397        2.5993542730517301     
   141.41261684513370        2.2653543167349510       0.32342847945731301        2.6621520206796290     
   146.40753387824964        2.2833065293781236       0.32342158547524014        2.7215910899225828     
   151.57894168226974        2.1848096545797056       0.31457912135091909        2.6496682505321894     
   156.93294936957258        1.8745019372249636       0.29005211765845196        2.3299283468112337     
   162.47613596373097        1.6377416656678063       0.27147206952712366        2.0738068286405884     
   168.21511902855468        1.4568808497534818       0.25739723579125778        1.8685078687953240     
   174.15674278185460        1.3185329229130442       0.24673532013105171        1.7039950538721058     
   180.30830831190286        1.2125257151420430       0.23865855263744912        1.5722838798713781     
   186.67715947709803        1.1311248270059282       0.23254020682950519        1.4669317495715151     
   193.27089166569760        1.0684356720212937       0.22790546028766551        1.3826707481724265     
   200.09760727912413        1.0199570100757287       0.22439448051599675        1.3151670865318368     
   207.16537088595135       0.98224980836608067       0.22173485618844038        1.2608655376134046     
   214.48286737908427       0.95267885182724332       0.21972009936625095        1.2168630856599909     
   222.05883252794877       0.92922444629914225       0.21819387257232301        1.1808154189086388     
   229.90230130529540       0.91033545728697163       0.21703773093252907        1.1508477207910954     
   238.02291179328489       0.89481870378969708       0.21616191391128406        1.1254757824819215     
   246.43025707061713       0.88175658834883319       0.21549846826144414        1.1035385742898265     
   255.13466811288930       0.87044173482716125       0.21499588538335854        1.0841349607528523     
   264.14653641505117       0.86032947859838405       0.21461516675456158        1.0665739254563302     
   273.47660938458705       0.85100018739453165       0.21432676619604135        1.0503306799728869     
   283.13635184814427       0.84213062651331316       0.21410829286250341        1.0350110472634160     
   293.13729579387660       0.83347294564970131       0.21394279405305269        1.0203242906237275     
   303.49136818478553       0.82483777791204704       0.21381742601096101        1.0060598972205994     
   314.21129214162710       0.81608129375769056       0.21372245541098889       0.99206917491580249     
   325.30973137660959       0.80709625069481350       0.21365051363561155       0.97825224738199068     
   336.80032369109853       0.79780375601382869       0.21359601526858971       0.96454551181885839     
   348.69678677735646       0.78814833028997855       0.21355473144363551       0.95091391951641602     
   361.01330816366544       0.77809323337180036       0.21352345827422820       0.93734343907918471     
   373.76502243504467       0.76469515416749578       0.21076163965282466       0.91911459576587096     
   386.96715283564077       0.74223785090424088       0.19989548090010570       0.88711419531100899     
   400.63544401132759       0.72219158481296886       0.19166418876933783       0.85991796646188245     
   414.78669160661980       0.70387770095782021       0.18542870212407431       0.83639805190788541     
   429.43761284149554       0.68679276076307250       0.18070521949118720       0.81570879372049110     
   444.60621081975989       0.67056517440464092       0.17712701908126532       0.79721504547422395     
   460.31059410826708       0.65492497245341885       0.17441644613294530       0.78044199801830905     
   476.56949149896485       0.63967899891561197       0.17236314300282188       0.76503515097240649     
   493.40288198244309       0.62469194220575341       0.17080769532302142       0.75073010064438306     
   510.83065126063684       0.60987346688182165       0.16962941838653209       0.73733110286230397     
   528.87421463804299       0.59516595330426136       0.16873683311739299       0.72469241078405022     
   547.55511287104378       0.58053740586632840       0.16806067828886856       0.71270627599346403     
   566.89562449487210       0.56597450249501369       0.16754848000004646       0.70129251244303326     
   586.91951519858117       0.55147712128300286       0.16716047219532548       0.69039068559336014     
   607.65068989177485       0.53705553573151110       0.16686654694276057       0.67995538968439673     
   629.11387223602765       0.52272691213765787       0.16664389377952873       0.66995173254362361     
   651.33543626567803       0.50851248944113037       0.16647522635723369       0.66035201360955731     
   674.34163286578985       0.49443696878783505       0.16634745803933432       0.65113436796036028     
   698.16073213207346       0.48052577475008634       0.16625066914795666       0.64228028448928864     
   722.82116976782140       0.44997346407097844       0.14939227454527984       0.60218359855574410     
   748.35235540965130       0.41911036304121430       0.13201758549623835       0.56139306053076299     
   774.78566186873422       0.39270419786044986       0.11885566148604229       0.52885051315117004     
   802.15264573967897       0.36975425832716247       0.10888518720211131       0.50265262566724378     
   830.48594444209971       0.34950647793353656       0.10133239063609256       0.48134223584436880     
   859.82037403360118       0.33139226060667037        9.5610887696625901E-002  0.46380403141037813     
   890.19058800385733       0.31498422820724598        9.1276756087328881E-002  0.44918638160872337     
   921.63390537915473       0.29995979304527520        8.7993502457249878E-002  0.43683814607095012     
   954.18786380243341       0.28607635734783254        8.5506358794897444E-002  0.42626262217805211     
   987.89128659474920       0.27315086202185912        8.3622306985798811E-002  0.41708049744238673     
   1022.7855886411724       0.26104443758922863        8.2195072997746962E-002  0.40900166015341599     
   1058.9119914466876       0.24965217739338477        8.1113920019774813E-002  0.40180452880502315     
   1096.3148872627712       0.23889349008288441        8.0294909486734498E-002  0.39531893823816378     
   1135.0389283928459       0.22870668044460260        7.9674489291965009E-002  0.38941432722231711     
   1175.1302964981960       0.21904371930233257        7.9204510895441255E-002  0.38399000088466539     
   1216.6382559936744       0.20986634107122160        7.8848486109960425E-002  0.37896780244595951     
   1259.6123598874483       0.20114405169038269        7.8578788764395502E-002  0.37428707059353833     
   1304.1038583964914       0.19285176846939409        7.8374488635089737E-002  0.36990032231712422     
   1350.1674228314519       0.18496807548884089        7.8219724266668206E-002  0.36577001103681012     
   1397.8574692241625       0.14953351034837462        6.3900752375378844E-002  0.30823404155937373     
   1447.2325992722181       0.12011613878693383        5.1272853606789098E-002  0.25969778122616122     
   1498.3517579647787        9.7944896825425704E-002   4.1706916298932618E-002  0.22299881162405460     
   1551.2759091786245        7.1233871023348286E-002   3.1673210604286101E-002  0.16808220108796124     
   1606.0700862978565        5.1619913079084291E-002   2.3993219500046261E-002  0.12614804445241101     
   1662.7990190437411        3.7423836116914092E-002   1.8175501226338840E-002   9.4705297819866363E-002
   1721.5324161293761        2.7146121216505864E-002   1.3768379716702727E-002   7.1121006333843440E-002
   1782.3403946248577        1.9702862016201861E-002   1.0429879080781579E-002   5.3425792687425845E-002
   1845.2954731357936        1.4310241994002640E-002   7.9009105061096895E-003   4.0145175500109015E-002
   1910.4750110852074        1.0401366315194950E-002   5.9851299065228980E-003   3.0174544840150738E-002
   1977.9568210713478        7.5664922916486455E-003   4.5338799838644346E-003   2.2686808860295810E-002
   2047.8213808026539        5.5092827684075484E-003   3.4345345445050356E-003   1.7062080212947851E-002
   2120.1545400970977        4.0153445711714683E-003   2.6017425968067011E-003   1.2835500853596707E-002
   2195.0417479108573        2.9296506360371095E-003   1.9708891405251666E-003   9.6586941046440753E-003
   2272.5750259096239        2.1399615710746959E-003   1.4929959690439104E-003   7.2701870791432727E-003
   2352.8469348264384        1.5650577682972996E-003   1.1309803873531929E-003   5.4738864329702194E-003
   2435.9532056335870        1.1461105194630675E-003   8.5674769145772250E-004   4.1225947994406303E-003
   2521.9959596104222        8.4047996209208925E-004   6.4900700071502521E-004   3.1057585131687854E-003
   2611.0779162676686        6.1726426998192307E-004   4.9163842654824017E-004   2.3403941023514251E-003
   2703.3053132971791        4.5404228558486320E-004   3.7242917002554049E-004   1.7641558370248085E-003
   2798.7914800504532        3.3453143162406169E-004   2.8212406175942323E-004   1.3301781627283974E-003
   2897.6492167059700        2.4690720763309289E-004   2.1371647229244026E-004   1.0032565603086529E-003
   3000.0000000000000        1.8256674326222903E-004   1.6189537254534530E-004   7.5690691306055566E-004
