         200   4370.0000000000000     
   3.0000000000000000        5.9736372377958303E-003  0.12586432262544373        5.5151342987484397E-003
   3.1059655287322618        6.4390970135564246E-003  0.12586432262544373        5.9974715475655310E-003
   3.2156739552243598        6.9410172396819261E-003  0.12586432262544373        6.5245926501706353E-003
   3.3292574962321346        7.4817136743971033E-003  0.12586432262544373        7.1006871911769211E-003
   3.4468529954360925        8.0635352975461112E-003  0.12586432262544373        7.7303200043991726E-003
   3.5686022069563790        8.6888562736502934E-003  0.12586432262544373        8.4184608148582269E-003
   3.6946518254059528        9.3600683578527952E-003  0.12586432262544373        9.1705135782854871E-003
   3.8251536998800524        1.0079576207391194E-002  0.12586432262544373        9.9923474730772028E-003
   3.9602651907155879        1.0849795803897515E-002  0.12586432262544373        1.0890329247303746E-002
   4.1001490688558144        1.1673152609626775E-002  0.12586432262544373        1.1871352425085113E-002
   4.2449739038313119        1.2552084522552012E-002  0.12586432262544373        1.2942868635608109E-002
   4.3949142193596993        1.3489045308496020E-002  0.12586432262544373        1.4112915666962106E-002
   4.5501507036585132        1.4486509496940794E-002  0.12586432262544373        1.5390142884563895E-002
   4.7108703059600501        1.5546976906119059E-002  0.12586432262544373        1.6783831240902665E-002
   4.8772669425686850        1.6672980683298241E-002  0.12586432262544373        1.8303912535226546E-002
   5.0495410155906377        1.7867085915854813E-002  0.12586432262544373        1.9960970146537121E-002
   5.2279001269311909        1.9131893436048108E-002  0.12586432262544373        2.1766239393970231E-002
   5.4125592113782046        2.0470036073264187E-002  0.12586432262544373        2.3731589349274298E-002
   5.6037407956130689        2.1884170983900126E-002  0.12586432262544373        2.5869488718327598E-002
   5.8016752663703963        2.3376966466783729E-002  0.12586432262544373        2.8192950910634208E-002
   6.0066011480696169        2.4951082663280343E-002  0.12586432262544373        3.0715453920333331E-002
   6.2187653902530293        2.6609145826353989E-002  0.12586432262544373        3.3450830205435468E-002
   6.4384236651766908        2.8353716167603453E-002  0.12586432262544373        3.6413121416469192E-002
   6.6658406759127811        3.0187249634843087E-002  0.12586432262544373        3.9616392663619153E-002
   6.9012904753346884        3.2112054311765219E-002  0.12586432262544373        4.3074501114962027E-002
   7.1450567963692624        3.4130242441720811E-002  0.12586432262544373        4.6800814199788467E-002
   7.3974330131920443        3.6243676132491257E-002  0.12586432262544373        5.0807867524446645E-002
   7.6587243988323896        3.8453930629098236E-002  0.12586432262544373        5.5107003482770221E-002
   7.9292442763577622        4.0762205916227742E-002  0.12586432262544373        5.9707854568087873E-002
   8.2093202460023029        4.3169324873433029E-002  0.12586432262544373        6.4617939775459196E-002
   8.4992881560440416        4.5675630129401901E-002  0.12586432262544373        6.9842010526153450E-002
   8.7994991583321234        4.8280997160118286E-002  0.12586432262544373        7.5381590989236399E-002
   9.1103132457223861        5.0984736354067584E-002  0.12586432262544373        8.1234265475230216E-002
   9.4321068148357909        5.3785622769426257E-002  0.12586432262544373        8.7393234023995223E-002
   9.7652657388916850        5.6681807051912392E-002  0.12586432262544373        9.3846642272976122E-002
   10.110193474162946        5.9670864341956044E-002  0.12586432262544373       0.10057727735985772     
   10.467303634806061        6.2749715657004226E-002  0.12586432262544373       0.10756208699782681     
   10.837027566606025        6.5914686774451600E-002  0.12586432262544373       0.11477215263425258     
   11.219811965471335        6.9161487531017404E-002  0.12586432262544373       0.12217267054740789     
   11.616115840724994        7.2485193391373465E-002  0.12586432262544373       0.12972315545541035     
   12.026419117330413        7.5880331445698557E-002  0.12586432262544373       0.13737812238476113     
   12.451213803399156        7.9340825702318180E-002  0.12586432262544373       0.14508769467651608     
   12.891014326336300        8.2860107242970396E-002  0.12586432262544373       0.15279881611692006     
   13.346348065368609        8.6431067214967142E-002  0.12586432262544373       0.16045630970699726     
   13.817766430769083        9.0046180228430639E-002  0.12586432262544373       0.16800445587635049     
   14.305834715756038        9.3697464540243872E-002  0.12586432262544373       0.17538829201866360     
   14.811143972217785        9.7376617076048472E-002  0.12586432262544373       0.18255527445943076     
   15.334300133051286       0.10107498067366534       0.12586432262544373       0.18945650679995418     
   15.875936741648431       0.10478368912445545       0.12586432262544373       0.19604815216556098     
   16.436703292225193       0.10849364127242160       0.12586432262544373       0.20229228682363420     
   17.017278874447534       0.11219565401290192       0.12586432262544373       0.20815779900839868     
   17.618359675531394       0.11588044248046343       0.12586432262544373       0.21362068516825244     
   18.240671728221173       0.11953876731988068       0.12586432262544373       0.21866431720165558     
   18.884968846184627       0.12316148403732469       0.12586432262544373       0.22327925838946844     
   19.552019805756849       0.12673954097495510       0.12586432262544373       0.22746278933787220     
   20.242632201214423       0.13026418089867256       0.12586273010733215       0.23121848618030250     
   20.957638264717446       0.13372692634674610       0.12585835453703395       0.23455538484347874     
   21.697899624358065       0.13711967084469531       0.12585427243407696       0.23748720853444430     
   22.464312967141105       0.14043476510557854       0.12585046409394043       0.24003151648279605     
   23.257792778673313       0.14366500196902907       0.12584691119910896       0.24220881072832337     
   24.079299719823517       0.14680379314009639       0.12584359659518105       0.24404182969668603     
   24.929823759061236       0.14984514365456225       0.12584050430010330       0.24555475900978552     
   25.810395145829254       0.15278373682268956       0.12583761938720847       0.24677261429478162     
   26.722064579292049       0.15561490684596929       0.12583492798052059       0.24772066955326011     
   27.665935811728254       0.15833477847089794       0.12583241708515144       0.24842405257154146     
   28.643146268414043       0.16094022459665364       0.12583007459429596       0.24890735974879266     
   29.654879655490589       0.16342891893722467       0.12582788920063043       0.24919439599992588     
   30.702343174827575       0.16575669698056913       0.12251262398040143       0.24924105467456922     
   31.786804983723918       0.16794032025208619       0.11781973832157219       0.24909497528622340     
   32.909571928103169       0.17000009347634137       0.11344160218864477       0.24880834472631366     
   34.072004028335677       0.17193652871973364       0.10935708209353488       0.24840010842965279     
   35.275488300232773       0.17375084665277482       0.10554653213876922       0.24788796096248722     
   36.521481794408061       0.17544501479797259       0.10199155388953468       0.24728834611700204     
   37.811486012809581       0.17702166190757765        9.8675006277626987E-002  0.24661649578672742     
   39.147055493126302       0.17848404289580563        9.5580897877830570E-002  0.24588646649480653     
   40.529808025860810       0.17983599218113155        9.2694293269908828E-002  0.24511117730959167     
   41.961393513511240       0.18108183116214377        9.0001308340954683E-002  0.24430247160490853     
   43.443545167355794       0.18222634925442616        8.7488940582600525E-002  0.24347113047707092     
   44.978049075047366       0.18327469922269859        8.5145076090322472E-002  0.24262692855102497     
   46.566763998623138       0.18423233513814566        8.2958400909776270E-002  0.24177865777544594     
   48.211585595230147       0.18510491176074459        8.0918397478212015E-002  0.24093417636984796     
   49.914505239722644       0.18589823874846226        7.9015216070366753E-002  0.24010040309882771     
   51.677575059319224       0.18661817756153554        7.7239680100610969E-002  0.23928335824468178     
   53.502930680545909       0.18727057247164974        7.5583218965582524E-002  0.23848817181936866     
   55.392750120602578       0.18786115946146553        7.4037865348468165E-002  0.23771911817977695     
   57.349321371645829       0.18839551723183257        7.2596157836053207E-002  0.23697960261385803     
   59.375002227322796       0.18887898431978833        7.1251144935229438E-002  0.23627219544521133     
   61.472246417894510       0.18931660486044638        6.9996334199610807E-002  0.23559863977591111     
   63.643556378429672       0.18971306505309973        6.8825690187459862E-002  0.23495988626897682     
   65.891560899834928       0.19007266356004945        6.7733560691666514E-002  0.23435609207134117     
   68.218968971510208       0.19039926486796091        6.6714679782353750E-002  0.23378666515462027     
   70.628585269218178       0.19056633701772274        6.5734568642795074E-002  0.23305070005318024     
   73.123328588587739       0.19031589865455212        6.4737850385968992E-002  0.23175079702792686     
   75.706175661273647       0.19001608393521724        6.3807987239253253E-002  0.23045037027602738     
   78.380253523498894       0.18967011259016392        6.2940489555039766E-002  0.22914966730408978     
   81.148784610322849       0.18928119691345352        6.2131174512526276E-002  0.22784913743589694     
   84.015122474940881       0.18885256405322307        6.1376135506415810E-002  0.22654945914403854     
   86.982687236203873       0.18838748749531481        6.0671740918169334E-002  0.22525159648726828     
   90.055071705548812       0.18788928646586797        6.0014589727443182E-002  0.22395676166820125     
   93.235978303002270       0.18736134344295166        5.9401513342873219E-002  0.22266643894371632     
   96.529260096906100       0.18680709852720334        5.8829552413248720E-002  0.22138234829637182     
   99.938826062156153       0.18623005915220858        5.8295958952710267E-002  0.22010645040998802     
   103.46886588546354       0.18563374914797159        5.7798147435273325E-002  0.21884082076378938     
   107.12359379692580       0.18502173331960511        5.7333724081934552E-002  0.21758769876354297     
   110.90736836557576       0.18439757341478680        5.6900454515033325E-002  0.21634938810097040     
   114.82483910697920       0.18376477722510323        5.6496239327799361E-002  0.21512815819227757     
   118.88068277378797       0.18312681298631464        5.6119134809020449E-002  0.21392627799143391     
   123.07973629915718       0.18248705638446849        5.5767326678888396E-002  0.21274591947428598     
   127.42715949490271       0.18184873663808934        5.5439110251852219E-002  0.21158906996475219     
   131.92808807993632       0.18121495989893613        5.5132910772068347E-002  0.21045758884798585     
   136.58805281121437       0.18058862124742636        5.4847244550605030E-002  0.20935306440866772     
   141.41261684513370       0.17997243255170431        5.4580737931411480E-002  0.20827688271084563     
   146.40753387824964       0.17936887769254445        5.4332108729963864E-002  0.20723016789327531     
   151.57894168226974       0.17878017343275537        5.4100152213992267E-002  0.20621373620578198     
   156.93294936957258       0.17820830452269829        5.3883755474912601E-002  0.20522817902134780     
   162.47613596373097       0.17765495701010431        5.3681869962783235E-002  0.20427376989676460     
   168.21511902855468       0.17712155878959990        5.3493524889900182E-002  0.20335055632276786     
   174.15674278185460       0.17204219693870074        5.2772844937067735E-002  0.19771264054390258     
   180.30830831190286       0.16539300873359583        5.1870523411408548E-002  0.19045551200398556     
   186.67715947709803       0.15921161670573422        5.1028720491914051E-002  0.18369504623077748     
   193.27089166569760       0.15346615719081899        5.0243386197840564E-002  0.17739622016045448     
   200.09760727912413       0.14812648355522051        4.9510715193526789E-002  0.17152616699739173     
   207.16537088595135       0.14316452784029596        4.8827192182812597E-002  0.16605452504199261     
   214.48286737908427       0.13855369424175973        4.8189505156394641E-002  0.16095272738497893     
   222.05883252794877       0.13426918830770851        4.7594587729183645E-002  0.15619432488545096     
   229.90230130529540       0.13028773212483957        4.7039577706159096E-002  0.15175463690998578     
   238.02291179328489       0.12658735202654398        4.6521785787427918E-002  0.14761048181248040     
   246.43025707061713       0.12314761522420942        4.6038727649285668E-002  0.14374041283115854     
   255.13466811288930       0.11994919411459015        4.5588062634545408E-002  0.14012420539544415     
   264.14653641505117       0.11697407855260412        4.5167623673117253E-002  0.13674307433168664     
   273.47660938458705       0.11420536279173411        4.4775387999745606E-002  0.13357941745712462     
   283.13635184814427       0.11162708290041062        4.4409455037304452E-002  0.13061661617094117     
   293.13729579387660       0.10922434061910609        4.4068065158683119E-002  0.12783916823583791     
   303.49136818478553       0.10698312605056662        4.3749575910045330E-002  0.12523248118687100     
   314.21129214162710       0.10489018180820443        4.3452444052410208E-002  0.12278271399771716     
   325.30973137660959       0.10293312358765434        4.3175243971181221E-002  0.12047692265421227     
   336.80032369109853       0.10110018443217811        4.2916632493950876E-002  0.11830277051056708     
   348.69678677735646        9.9380329898260747E-002   4.2675366060250061E-002  0.11624867776780752     
   361.01330816366544        9.7763136226310374E-002   4.2450283918092843E-002  0.11430369703526347     
   373.76502243504467        9.6171590907981219E-002   4.2159985921929044E-002  0.11234437328552854     
   386.96715283564077        9.4428832845005750E-002   4.1604063133235968E-002  0.11008130799168152     
   400.63544401132759        9.2779571945682010E-002   4.1085431965884239E-002  0.10793356055943262     
   414.78669160661980        9.1214338906192863E-002   4.0601579393648723E-002  0.10588996602310027     
   429.43761284149554        8.9724263978073843E-002   4.0150183931061928E-002  0.10394022874195655     
   444.60621081975989        8.8300910300846289E-002   3.9729058342364100E-002  0.10207472878064872     
   460.31059410826708        8.6936386814597352E-002   3.9336177600900357E-002  0.10028469068957047     
   476.56949149896485        8.5623282944854037E-002   3.8969651526201500E-002   9.8562114812430615E-002
   493.40288198244309        8.4354619109266324E-002   3.8627704116947215E-002   9.6899722898162385E-002
   510.83065126063684        8.3123950993868712E-002   3.8308694737153072E-002   9.5291097987713499E-002
   528.87421463804299        8.1925247036784332E-002   3.8011077627543459E-002   9.3730518673762864E-002
   547.55511287104378        8.0752990878680639E-002   3.7733421664966384E-002   9.2213078824153152E-002
   566.89562449487210        7.9602135376205058E-002   3.7474391024520812E-002   9.0734603747991860E-002
   586.91951519858117        7.8468061707380479E-002   3.7232730573785774E-002   8.9291566509028336E-002
   607.65068989177485        7.7346658630731382E-002   3.7007278263085017E-002   8.7881150934710453E-002
   629.11387223602765        7.6234276572642395E-002   3.6796949423434672E-002   8.6501147300311859E-002
   651.33543626567803        7.5127682347661415E-002   3.6600724906887129E-002   8.5149848659791180E-002
   674.34163286578985        7.4024142606846491E-002   3.6417663244098744E-002   8.3826103697876062E-002
   698.16073213207346        7.2921307444039365E-002   3.6246877410169596E-002   8.2529124995668210E-002
   722.82116976782140        7.1439088502945933E-002   3.5709793635995649E-002   8.0562018835840091E-002
   748.35235540965130        6.9864355726383040E-002   3.5093566934489499E-002   7.8453625569842186E-002
   774.78566186873422        6.8317296152775708E-002   3.4518663432013125E-002   7.6427544634019726E-002
   802.15264573967897        6.6795063098346139E-002   3.3982318644650705E-002   7.4480605034525846E-002
   830.48594444209971        6.5295298685503531E-002   3.3481952175007025E-002   7.2610040940898485E-002
   859.82037403360118        6.3816048591425270E-002   3.3015139498411263E-002   7.0813357090783097E-002
   890.19058800385733        6.2355852514162917E-002   3.2579640885435350E-002   6.9088417678076650E-002
   921.63390537915473        6.0913570342406409E-002   3.2173346128471066E-002   6.7433219827768953E-002
   954.18786380243341        5.9488470942099997E-002   3.1794301516476497E-002   6.5845991296692261E-002
   987.89128659474920        5.8080146853392245E-002   3.1440683435700584E-002   6.4325085712836738E-002
   1022.7855886411724        5.6688433519860713E-002   3.1110778430480872E-002   6.2868899689375660E-002
   1058.9119914466876        5.5313495187025573E-002   3.0803003643311944E-002   6.1475971457708674E-002
   1096.3148872627712        5.3955663527164362E-002   3.0515867752113488E-002   6.0144822775653840E-002
   1135.0389283928459        5.2615524330825780E-002   3.0247990033773473E-002   5.8874061752440358E-002
   1175.1302964981960        5.1293841127368428E-002   2.9998081707301193E-002   5.7662319704668327E-002
   1216.6382559936744        4.9991484146570730E-002   2.9764931842428569E-002   5.6508204548359066E-002
   1259.6123598874483        4.8709501060582056E-002   2.9547419313525947E-002   5.5410383285342625E-002
   1304.1038583964914        4.7449047192732963E-002   2.9344497650530946E-002   5.4367534548422379E-002
   1350.1674228314519        4.6211321777182603E-002   2.9155183596954532E-002   5.3378315040435817E-002
   1397.8574692241625        4.3144418589169398E-002   2.7776467790797250E-002   5.0334541217559342E-002
   1447.2325992722181        4.0117929266913696E-002   2.6362712093036166E-002   4.7314271495699958E-002
   1498.3517579647787        3.7317054086601423E-002   2.5043776835498389E-002   4.4529575888246818E-002
   1551.2759091786245        3.4051465690157580E-002   2.3377867245094261E-002   4.1151551452079611E-002
   1606.0700862978565        3.1046792940300546E-002   2.1809916242547658E-002   3.8021854651729241E-002
   1662.7990190437411        2.8304381850085780E-002   2.0347144297700934E-002   3.5145653338846505E-002
   1721.5324161293761        2.5803331254757370E-002   1.8982463552187842E-002   3.2501973696410488E-002
   1782.3403946248577        2.3524240688120174E-002   1.7709311795211295E-002   3.0071621206593468E-002
   1845.2954731357936        2.1449032841581114E-002   1.6521563792491211E-002   2.7836946229430511E-002
   1910.4750110852074        1.9560824309067176E-002   1.5413464313591609E-002   2.5781661276826608E-002
   1977.9568210713478        1.7844006678381531E-002   1.4379684945703247E-002   2.3890891369410489E-002
   2047.8213808026539        1.6284098390257899E-002   1.3415252094132919E-002   2.2150983622811760E-002
   2120.1545400970977        1.4867634623211168E-002   1.2515492601537460E-002   2.0549358317066051E-002
   2195.0417479108573        1.3582230362537948E-002   1.1676089494718035E-002   1.9074559651493524E-002
   2272.5750259096239        1.2416384806577694E-002   1.0892975447695286E-002   1.7716019529121298E-002
   2352.8469348264384        1.1359533435811944E-002   1.0162384774266221E-002   1.6464106061155188E-002
   2435.9532056335870        1.0401939855776683E-002   9.4808025446410232E-003   1.5309993200945331E-002
   2521.9959596104222        9.5346131064096735E-003   8.8449261535670943E-003   1.4245558522843125E-002
   2611.0779162676686        8.7493234412666949E-003   8.2516979225852275E-003   1.3263403406137828E-002
   2703.3053132971791        8.0385139554347337E-003   7.6982637835324554E-003   1.2356750519303700E-002
   2798.7914800504532        7.3952321225654082E-003   7.1819420724580311E-003   1.1519363384647714E-002
   2897.6492167059700        6.8131416409906841E-003   6.7002555195949274E-003   1.0745571227982946E-002
   3000.0000000000000        6.2864182417386597E-003   6.2508701137696035E-003   1.0030144725611308E-002
