         200   4370.0000000000000     
   3.0000000000000000        3.0402496789044926E-003  0.44396582685014563        1.5099627224024815E-003
   3.1059655287322618        3.2489754505928793E-003  0.44396582685014563        1.6095907672513247E-003
   3.2156739552243598        3.4712636982430155E-003  0.44396582685014563        1.7161002850087450E-003
   3.3292574962321346        3.7078977035007532E-003  0.44396582685014563        1.8299654325242536E-003
   3.4468529954360925        3.9597049153866351E-003  0.44396582685014563        1.9516919292192185E-003
   3.5686022069563790        4.2275623947677704E-003  0.44396582685014563        2.0818191846835392E-003
   3.6946518254059528        4.5124028977580914E-003  0.44396582685014563        2.2209223012037921E-003
   3.8251536998800524        4.8152227430068367E-003  0.44396582685014563        2.3696144118523590E-003
   3.9602651907155879        5.1370916962151271E-003  0.44396582685014563        2.5285493694182067E-003
   4.1001490688558144        5.4791637447778579E-003  0.44396582685014563        2.6984241084054604E-003
   4.2449739038313119        5.8426913074091291E-003  0.44396582685014563        2.8799817890361352E-003
   4.3949142193596993        6.2290416189347414E-003  0.44396582685014563        3.0740149406675932E-003
   4.5501507036585132        6.6397164254914064E-003  0.44396582685014563        3.2813689674199478E-003
   4.7108703059600501        7.0763751040562759E-003  0.44396582685014563        3.5029458381907303E-003
   4.8772669425686850        7.5408638334443692E-003  0.44396582685014563        3.7397090193526899E-003
   5.0495410155906377        8.0352466530325180E-003  0.44396582685014563        3.9926872187184340E-003
   5.2279001269311909        8.5618457006436961E-003  0.44396582685014563        4.2629802874131796E-003
   5.4125592113782046        9.1232867152288098E-003  0.44396582685014563        4.5517649163745715E-003
   5.6037407956130689        9.7225526198313223E-003  0.44396582685014563        4.8603011697049957E-003
   5.8016752663703963        1.0363045749605020E-002  0.44396582685014563        5.1899397822582714E-003
   6.0066011480696169        1.1048659483952113E-002  0.44396582685014563        5.5421303153998852E-003
   6.2187653902530293        1.1783859815427112E-002  0.44396582685014563        5.9184302727460338E-003
   6.4384236651766908        1.2573777037754166E-002  0.44396582685014563        6.3205152857296852E-003
   6.6658406759127811        1.3424307254062094E-002  0.44396582685014563        6.7501904870614360E-003
   6.9012904753346884        1.4342222801719498E-002  0.44396582685014563        7.2094031985563923E-003
   7.1450567963692624        1.5335289987624588E-002  0.44396582685014563        7.7002570684018236E-003
   7.3974330131920443        1.6412390109112673E-002  0.44396582685014563        8.2250269973751164E-003
   7.6587243988323896        1.7583652307039937E-002  0.44396582685014563        8.7861806378014429E-003
   7.9292442763577622        1.8860557576308074E-002  0.44396582685014563        9.3863888151177743E-003
   8.2093202460023029        2.0256081805637691E-002  0.44396582685014563        1.0028559640165080E-002
   8.4992881560440416        2.1784771281665213E-002  0.44396582685014563        1.0715847961406852E-002
   8.7994991583321234        2.3462867165784558E-002  0.44396582685014563        1.1451696831804534E-002
   9.1103132457223861        2.5308341628892103E-002  0.44396582685014563        1.2239850010418402E-002
   9.4321068148357909        2.7340989177755896E-002  0.44396582685014563        1.3084401208403705E-002
   9.7652657388916850        2.9582411000154900E-002  0.44396582685014563        1.3989810192006518E-002
   10.110193474162946        3.2056069079761523E-002  0.44396582685014563        1.4960961106622806E-002
   10.467303634806061        3.4787217307363359E-002  0.44396582685014563        1.6003182798431621E-002
   10.837027566606025        3.7802918312690038E-002  0.44396582685014563        1.7122314287805803E-002
   11.219811965471335        4.1131980210158139E-002  0.44396582685014563        1.8324747205096439E-002
   11.616115840724994        4.4804872315991291E-002  0.44396582685014563        1.9617468699946728E-002
   12.026419117330413        4.8853747375703506E-002  0.44396582685014563        2.1008146672234246E-002
   12.451213803399156        5.3312313313573209E-002  0.44396582685014563        2.2505163947703601E-002
   12.891014326336300        5.8215904763306778E-002  0.44396582685014563        2.4117722123434375E-002
   13.346348065368609        6.3601373247376788E-002  0.44396582685014563        2.5855882923703010E-002
   13.817766430769083        6.9507225807878284E-002  0.44396582685014563        2.7730690351757112E-002
   14.305834715756038        7.5973545457305558E-002  0.44396582685014563        2.9754220363289178E-002
   14.811143972217785        8.3042206339969366E-002  0.44396582685014563        3.1939724448574708E-002
   15.334300133051286        9.0756815766972934E-002  0.44396582685014563        3.4301688876389409E-002
   15.875936741648431        9.9162992537143946E-002  0.44396582685014563        3.6856003308823264E-002
   16.436703292225193       0.10830829656422442       0.44396582685014563        3.9620030928633296E-002
   17.017278874447534       0.11824253146009256       0.44396582685014563        4.2612806162492842E-002
   17.618359675531394       0.12901760158364747       0.44396582685014563        4.5855116951769651E-002
   18.240671728221173       0.14068773948133198       0.44396582685014563        4.9369725216231501E-002
   18.884968846184627       0.15330942560051752       0.44396582685014563        5.3181528279885884E-002
   19.552019805756849       0.16694097513662551       0.44396582685014563        5.7317661127755833E-002
   20.242632201214423       0.18164273187060517       0.44395117810102608        6.1807828981291016E-002
   20.957638264717446       0.19747637731588172       0.44391092949657468        6.6684434754318581E-002
   21.697899624358065       0.21450443994952445       0.44387338034616713        7.1982836631657998E-002
   22.464312967141105       0.23278966045120045       0.44383834939812511        7.7741614709373921E-002
   23.257792778673313       0.25239360560242374       0.44380566815911315        8.4002692451132954E-002
   24.079299719823517       0.27337616952136901       0.44377517883467854        9.0811810352491668E-002
   24.929823759061236       0.29579379834360481       0.44374673441419182        9.8218672392065498E-002
   25.810395145829254       0.31969820560234313       0.44372019759497372       0.10627731686878517     
   26.722064579292049       0.34513410139052247       0.44369544073910894       0.11504621392587801     
   27.665935811728254       0.37213822755827070       0.44367234431335323       0.12458884303226558     
   28.643146268414043       0.40073691643316817       0.44365079695347837       0.13497378872890839     
   29.654879655490589       0.43094452303185959       0.44363069464927102       0.14627512082966745     
   30.702343174827575       0.46268868226019783       0.43823521096107798       0.15853810478438074     
   31.786804983723918       0.49598372505865002       0.43060514995570115       0.17186180702100259     
   32.909571928103169       0.53083136052159063       0.42348683337766219       0.18635375160761214     
   34.072004028335677       0.56718033531946110       0.41684590074706407       0.20211108526333871     
   35.275488300232773       0.60495963530774444       0.41065041022532034       0.21923655493313723     
   36.521481794408061       0.64407942168659960       0.40487044819632390       0.23783883782430093     
   37.811486012809581       0.68443029804328259       0.39947814536906767       0.25803176345875989     
   39.147055493126302       0.72588415134449991       0.39444750163214115       0.27993376923862812     
   40.529808025860810       0.76829555616575773       0.38975423380972851       0.30366714963245078     
   41.961393513511240       0.81150242475839252       0.38537576802379347       0.32935627984446292     
   43.443545167355794       0.85532966327487714       0.38129096377800503       0.35712691112265932     
   44.978049075047366       0.89959075224808371       0.37748012533774200       0.38710369109376352     
   46.566763998623138       0.94409121382655370       0.37392485759003563       0.41940816414390208     
   48.211585595230147       0.98863080242169721       0.37060806025773041       0.45415524281361841     
   49.914505239722644        1.0330085422381301       0.36751371888616158       0.49145120388353730     
   51.677575059319224        1.0770252312711304       0.36462691346378961       0.53138941858658684     
   53.502930680545909        1.1204875267471184       0.36193370923250207       0.57404698531753062     
   55.392750120602578        1.1632103894418862       0.35942115230470201       0.61947970091118942     
   57.349321371645829        1.2050219125626576       0.35707711133048031       0.66771953539603146     
   59.375002227322796        1.2457652842128148       0.35489028402796535       0.71876973349342144     
   61.472246417894510        1.2853019111818005       0.35285011446939946       0.77260183369770941     
   63.643556378429672        1.3235126863243789       0.35094678976096744       0.82915139840326246     
   65.891560899834928        1.3603011012839006       0.34917112010172618       0.88831775682700598     
   68.218968971510208        1.3955934680124304       0.34751454373050145       0.94996157671394399     
   70.628585269218178        1.4282920553899840       0.34581507401885531        1.0132706644429639     
   73.123328588587739        1.4562731255285286       0.34380071144512836        1.0766610684744378     
   75.706175661273647        1.4824870986792911       0.34192146271199420        1.1415814481118554     
   78.380253523498894        1.5069654808525155       0.34016825426426345        1.2077149215622280     
   81.148784610322849        1.5297636545086744       0.33853263264217559        1.2747184895054244     
   84.015122474940881        1.5509589727671957       0.33700670261611687        1.3422311586735947     
   86.982687236203873        1.5706475282947070       0.33558312470331880        1.4098802804723281     
   90.055071705548812        1.5889417041367311       0.33425502545881053        1.4772919947921062     
   93.235978303002270        1.6059660863519305       0.33301600117541313        1.5440972616519484     
   96.529260096906100        1.6218538417063113       0.33186007101924303        1.6099394296096534     
   99.938826062156153        1.6367422655262334       0.33078168132472990        1.6744778928188644     
   103.46886588546354        1.6507697467089355       0.32977560675688866        1.7373965310057846     
   107.12359379692580        1.6640706726612657       0.32883700950041922        1.7984014847733119     
   110.90736836557576        1.6767722808790415       0.32796137388932872        1.8572250060479192     
   114.82483910697920        1.6889916863981100       0.32714445703311590        1.9136278172143293     
   118.88068277378797        1.7008320291780681       0.32638233070121780        1.9673945242523416     
   123.07973629915718        1.7123805179176279       0.32567132824328304        2.0183350459880209     
   127.42715949490271        1.7237069808971988       0.32500800449840694        2.0662854146785303     
   131.92808807993632        1.7348617067682499       0.32438917689296559        2.1111029763027696     
   136.58805281121437        1.7458759655491898       0.32381184689910486        2.1526706730742169     
   141.41261684513370        1.7567611623925388       0.32327323836487082        2.1908934429584872     
   146.40753387824964        1.7675099353511778       0.32277076000180116        2.2257006342524432     
   151.57894168226974        1.7780977742856852       0.32230197705204988        2.2570479903286809     
   156.93294936957258        1.7884838484038599       0.32186464033297968        2.2849158460226868     
   162.47613596373097        1.7986140995934630       0.32145663073044023        2.3093128824770162     
   168.21511902855468        1.8084227352518918       0.32107598628737577        2.3302740269986169     
   174.15674278185460        1.7830249776381204       0.31820363323795059        2.3056544321881729     
   180.30830831190286        1.7438573135709690       0.31446165516841873        2.2606122442902996     
   186.67715947709803        1.7062756545315281       0.31097065115927153        2.2142014766350919     
   193.27089166569760        1.6700967715883090       0.30771382571279149        2.1668197490240693     
   200.09760727912413        1.6351621508680696       0.30467539788816206        2.1188383269775430     
   207.16537088595135        1.6013375673020083       0.30184078955468102        2.0705974495688708     
   214.48286737908427        1.5685063758961144       0.29919626562366075        2.0223958273167817     
   222.05883252794877        1.5365691215527364       0.29672910962383031        1.9744913828571862     
   229.90230130529540        1.5054393245743571       0.29442745187161096        1.9270987970283884     
   238.02291179328489        1.4750398106944969       0.29228013968922956        1.8803892931398725     
   246.43025707061713        1.4453030686357438       0.29027687044668643        1.8344977228912762     
   255.13466811288930        1.4161665831340835       0.28840793730710501        1.7895225218808020     
   264.14653641505117        1.3875739688572026       0.28666435330904910        1.7455346350610086     
   273.47660938458705        1.3594729262544818       0.28503772993134280        1.7025811837210467     
   283.13635184814427        1.3318136700917578       0.28352018537384810        1.6606892221097818     
   293.13729579387660        1.3045506304708201       0.28210442236406325        1.6198736130831921     
   303.49136818478553        1.2776413757147818       0.28078362955363623        1.5801396399939014     
   314.21129214162710        1.2510457992603221       0.27955140704379661        1.5414851072094635     
   325.30973137660959        1.2247285859498549       0.27840184273070573        1.5039062812337209     
   336.80032369109853        1.1986569893330170       0.27732936640291583        1.4673961357216010     
   348.69678677735646        1.1728033408145213       0.27632882094528338        1.4319487287777362     
   361.01330816366544        1.1471443893815056       0.27539539265409807        1.3975584534352039     
   373.76502243504467        1.1207267711425113       0.27364932692091298        1.3627068924628518     
   386.96715283564077        1.0912266224718656       0.26891333763438463        1.3237073765321878     
   400.63544401132759        1.0621741492947461       0.26449504124108053        1.2863079289034267     
   414.78669160661980        1.0335455379899134       0.26037302889516944        1.2504533995387215     
   429.43761284149554        1.0053240702739854       0.25652752351514257        1.2160947492074117     
   444.60621081975989       0.97749713147007111       0.25293989171281189        1.1831846214666075     
   460.31059410826708       0.95005822075128821       0.24959288198358373        1.1516793673334862     
   476.56949149896485       0.92300552193531971       0.24647039159766540        1.1215370394546254     
   493.40288198244309       0.89634051148203731       0.24355729053449141        1.0927158482730686     
   510.83065126063684       0.87006970995294108       0.24083960197101487        1.0651762266899170     
   528.87421463804299       0.84420164821249888       0.23830415735304469        1.0388778192278070     
   547.55511287104378       0.81874854677369879       0.23593876472865499        1.0137816332086351     
   566.89562449487210       0.79372484498004514       0.23373204400594938       0.98984889638002727     
   586.91951519858117       0.76914582689542144       0.23167330252433341       0.96704022443339277     
   607.65068989177485       0.74502891140181349       0.22975264060901038       0.94531731351394555     
   629.11387223602765       0.72139226639463860       0.22796081780287353       0.92464204175698028     
   651.33543626567803       0.69825354677507190       0.22628915183230214       0.90497581429597329     
   674.34163286578985       0.67563142558069889       0.22472962217931208       0.88628127869436613     
   698.16073213207346       0.65354301514127477       0.22327467214626726       0.86852048807197246     
   722.82116976782140       0.62654205434355759       0.21646907955311026       0.84142713717783535     
   748.35235540965130       0.59881164811892129       0.20845893147109226       0.81277498532604608     
   774.78566186873422       0.57211798197900776       0.20098593139425233       0.78581301824846950     
   802.15264573967897       0.54644296962864058       0.19401414461628488       0.76045034183836746     
   830.48594444209971       0.52176880018095295       0.18751002931695382       0.73659956146963501     
   859.82037403360118       0.49807681426877332       0.18144206981932803       0.71417590260967967     
   890.19058800385733       0.47534927682907280       0.17578115254501395       0.69309906082008144     
   921.63390537915473       0.45356693251810187       0.17049984753132788       0.67329100433090749     
   954.18786380243341       0.43271077480057935       0.16557275906802915       0.65467771753691095     
   987.89128659474920       0.41276108676059908       0.16097618254096535       0.63718835403707696     
   1022.7855886411724       0.39369672149243978       0.15668784524829288       0.62075465420967901     
   1058.9119914466876       0.37549671093506720       0.15268717209487645       0.60531234739793915     
   1096.3148872627712       0.35813846746237527       0.14895477782740854       0.59079957133925787     
   1135.0389283928459       0.34159936104897298       0.14547271483576718       0.57715816426671351     
   1175.1302964981960       0.32585609201779780       0.14222423063818096       0.56433304388329997     
   1216.6382559936744       0.31088425769283290       0.13919358471133830       0.55227176487217544     
   1259.6123598874483       0.29665957007091232       0.13636620387577020       0.54092538830131387     
   1304.1038583964914       0.28315736366605904       0.13372848537758342       0.53024793338786258     
   1350.1674228314519       0.27035226919301614       0.13126764815737263       0.52019596987085792     
   1397.8574692241625       0.24804263676722044       0.12396980200300925       0.49102829949812193     
   1447.2325992722181       0.22663989153812053       0.11647226706384174       0.46204577317715123     
   1498.3517579647787       0.20719031158560663       0.10947759097408293       0.43527313015454833     
   1551.2759091786245       0.18670658056511386       0.10216004437935962       0.40281240036771693     
   1606.0700862978565       0.16825630518141421        9.5308181361853719E-002  0.37265269736771472     
   1662.7990190437411       0.15171915931359931        8.8915945267956889E-002  0.34484849246472576     
   1721.5324161293761       0.13689528103444740        8.2952362531190163E-002  0.31920684017385659     
   1782.3403946248577       0.12360561332303144        7.7388756637171638E-002  0.29555233789788266     
   1845.2954731357936       0.11168933186972915        7.2198360635806827E-002  0.27372452191109881     
   1910.4750110852074       0.10100175521691027        6.7356024474243895E-002  0.25357583197934469     
   1977.9568210713478        9.1413587564582371E-002   6.2838463270105407E-002  0.23497192778623990     
   2047.8213808026539        8.2808969979647012E-002   5.8623942677427605E-002  0.21778971366226391     
   2120.1545400970977        7.5083895400800571E-002   5.4692041245589636E-002  0.20191580107340545     
   2195.0417479108573        6.8145679051684296E-002   5.1023894029857665E-002  0.18724698469259260     
   2272.5750259096239        6.1911113362956842E-002   4.7601727030653199E-002  0.17368790551390931     
   2352.8469348264384        5.6306063981526037E-002   4.4409084398279515E-002  0.16115155850276253     
   2435.9532056335870        5.1264280190425511E-002   4.1430606075313479E-002  0.14955803954012512     
   2521.9959596104222        4.6726427627327316E-002   3.8651859851338170E-002  0.13883357416109809     
   2611.0779162676686        4.2639704580308781E-002   3.6059483833080559E-002  0.12891078437806316     
   2703.3053132971791        3.8956970231387555E-002   3.3641005893500747E-002  0.11972772693065309     
   2798.7914800504532        3.5636036416512855E-002   3.1384707302855828E-002  0.11122714849015665     
   2897.6492167059700        3.2639422164501948E-002   2.9279762523183463E-002  0.10335680793638244     
   3000.0000000000000        2.9933551117201859E-002   2.7315972049003819E-002   9.6068283532183080E-002
