         200   4370.0000000000000     
   3.0000000000000000        1.4877486715606156E-003   10.938664766671135        7.2236548830545931E-004
   3.1059655287322618        1.5932496393616714E-003   10.938664766671135        7.7014429164326873E-004
   3.2156739552243598        1.7060136116144049E-003   10.938664766671135        8.2124831493225455E-004
   3.3292574962321346        1.8264874425872706E-003   10.938664766671135        8.7591069703102950E-004
   3.4468529954360925        1.9551415172372453E-003   10.938664766671135        9.3438045093722252E-004
   3.5686022069563790        2.0924721504706960E-003   10.938664766671135        9.9692350211737875E-004
   3.6946518254059528        2.2390042578782085E-003   10.938664766671135        1.0638236512595873E-003
   3.8251536998800524        2.3952948386666444E-003   10.938664766671135        1.1353836791325551E-003
   3.9602651907155879        2.5619373284929414E-003   10.938664766671135        1.2119265974538573E-003
   4.1001490688558144        2.7395661432872867E-003   10.938664766671135        1.2937967152030811E-003
   4.2449739038313119        2.9288625988690741E-003   10.938664766671135        1.3813610494449618E-003
   4.3949142193596993        3.1305613883712753E-003   10.938664766671135        1.4750106989398369E-003
   4.5501507036585132        3.3454579898395437E-003   10.938664766671135        1.5751623493447837E-003
   4.7108703059600501        3.5744167974634438E-003   10.938664766671135        1.6822598175492288E-003
   4.8772669425686850        3.8183810350641912E-003   10.938664766671135        1.7967761392572818E-003
   5.0495410155906377        4.0783818970276881E-003   10.938664766671135        1.9192150158634255E-003
   5.2279001269311909        4.3555503249967991E-003   10.938664766671135        2.0501132282270793E-003
   5.4125592113782046        4.6511289242435480E-003   10.938664766671135        2.1900428637260001E-003
   5.6037407956130689        4.9664850465680338E-003   10.938664766671135        2.3396138469161942E-003
   5.8016752663703963        5.3031249197388365E-003   10.938664766671135        2.4994767233526205E-003
   6.0066011480696169        5.6627088874669773E-003   10.938664766671135        2.6703257242890500E-003
   6.2187653902530293        6.0470678492797634E-003   10.938664766671135        2.8529021412381562E-003
   6.4384236651766908        6.4582210212461169E-003   10.938664766671135        3.0479980405317421E-003
   6.6658406759127811        6.8983951767758647E-003   10.938664766671135        3.2564603491302187E-003
   6.9012904753346884        7.3700455722569671E-003   10.938664766671135        3.4791953440620723E-003
   7.1450567963692624        7.8758788158098583E-003   10.938664766671135        3.7171735791171664E-003
   7.3974330131920443        8.4188771654760478E-003   10.938664766671135        3.9714348942757414E-003
   7.6587243988323896        9.0023304886559987E-003   10.938664766671135        4.2430962719217291E-003
   7.9292442763577622        9.6298578728565599E-003   10.938664766671135        4.5333539525969982E-003
   8.2093202460023029        1.0305455405277577E-002   10.938664766671135        4.8434966014665806E-003
   8.4992881560440416        1.1033520200315441E-002   10.938664766671135        5.1749060869223582E-003
   8.7994991583321234        1.1818910578594617E-002   10.938664766671135        5.5290732242998354E-003
   9.1103132457223861        1.2666978802575085E-002   10.938664766671135        5.9075990002057134E-003
   9.4321068148357909        1.3583646784128130E-002   10.938664766671135        6.3122129038463079E-003
   9.7652657388916850        1.4575450807858778E-002   10.938664766671135        6.7447746991568733E-003
   10.110193474162946        1.5649637208406814E-002   10.938664766671135        7.2072957691927146E-003
   10.467303634806061        1.6814222422587715E-002   10.938664766671135        7.7019415765707099E-003
   10.837027566606025        1.8078108956274600E-002   10.938664766671135        8.2310549182679233E-003
   11.219811965471335        1.9451182512982931E-002   10.938664766671135        8.7971673789798126E-003
   11.616115840724994        2.0944414975425867E-002   10.938664766671135        9.4030102930025752E-003
   12.026419117330413        2.2570021107045677E-002   10.938664766671135        1.0051544735756096E-002
   12.451213803399156        2.4341560048382106E-002   10.938664766671135        1.0745966681276520E-002
   12.891014326336300        2.6274119404748327E-002   10.938664766671135        1.1489743789692364E-002
   13.346348065368609        2.8384424519069622E-002   10.938664766671135        1.2286622203717431E-002
   13.817766430769083        3.0691039768044420E-002   10.938664766671135        1.3140669707982338E-002
   14.305834715756038        3.3214474543995662E-002   10.938664766671135        1.4056284574043421E-002
   14.811143972217785        3.5977393106463508E-002   10.938664766671135        1.5038246237788462E-002
   15.334300133051286        3.9004705620642441E-002   10.938664766671135        1.6091726637660390E-002
   15.875936741648431        4.2323779987091380E-002   10.938664766671135        1.7222349702123704E-002
   16.436703292225193        4.5964509244577983E-002   10.938664766671135        1.8436205631402348E-002
   17.017278874447534        4.9959523278612021E-002   10.938664766671135        1.9739920624355613E-002
   17.618359675531394        5.4344226710115670E-002   10.938664766671135        2.1140674527449100E-002
   18.240671728221173        5.9156994372885421E-002   10.938664766671135        2.2646277735282449E-002
   18.884968846184627        6.4439259902764182E-002   10.938664766671135        2.4265220691287861E-002
   19.552019805756849        7.0235481167621558E-002   10.938664766671135        2.6006697742123077E-002
   20.242632201214423        7.6593379290319702E-002   10.938602985827165        2.7880728553400048E-002
   20.957638264717446        8.3563821269720492E-002   10.938433238039741        2.9898189335170518E-002
   21.697899624358065        9.1200786840623604E-002   10.938274875152672        3.2070896244910829E-002
   22.464312967141105        9.9561263125333838E-002   10.938127132740172        3.4411699140860244E-002
   23.257792778673313       0.10870476069971823        10.937989300184530        3.6934510098068606E-002
   24.079299719823517       0.11869317340180159        10.937860711990394        3.9654477147474748E-002
   24.929823759061236       0.12958996165354469        10.937740748143003        4.2588025928219933E-002
   25.810395145829254       0.14145943940478994        10.937628829570695        4.5752993945112709E-002
   26.722064579292049       0.15436542650652815        10.937524417962793        4.9168660384515929E-002
   27.665935811728254       0.16837038110321698        10.937427009189921        5.2855968923945812E-002
   28.643146268414043       0.18353361980514116        10.937336133575389        5.6837567529769421E-002
   29.654879655490589       0.19990979926554839        10.937251352457936        6.1137967890633242E-002
   30.702343174827575       0.21751074595538708        10.933770217056159        6.5767991825946892E-002
   31.786804983723918       0.23639084160467694        10.928879697038640        7.0762513240835268E-002
   32.909571928103169       0.25659640844523901        10.924317181785934        7.6159575979205626E-002
   34.072004028335677       0.27814450979271771        10.920060647802503        8.1992002024974128E-002
   35.275488300232773       0.30103832093544275        10.916089621831237        8.8294838923409669E-002
   36.521481794408061       0.32526676827576723        10.912384930612726        9.5105625672967375E-002
   37.811486012809581       0.35080334643117339        10.908928711206515       0.10246429008351264     
   39.147055493126302       0.37760609728722599        10.905704298730782       0.11041318325892598     
   40.529808025860810       0.40561823688685911        10.902696128780770       0.11899709609025359     
   41.961393513511240       0.43476858471509267        10.899889732533513       0.12826297237989631     
   43.443545167355794       0.46497431878466189        10.897271559897959       0.13826008652117347     
   44.978049075047366       0.49614271403697113        10.894828986809413       0.14903966554260994     
   46.566763998623138       0.52817448300100045        10.892550222842075       0.16065477892765817     
   48.211585595230147       0.56096650768732848        10.890424307500600       0.17315977689740755     
   49.914505239722644       0.59441688412358173        10.888440976252264       0.18661037625283292     
   51.677575059319224       0.62842835109315953        10.886590666052264       0.20106302634488959     
   53.502930680545909       0.66291300480190274        10.884864445358215       0.21657468313813646     
   55.392750120602578       0.69779578217496707        10.883254011320794       0.23320204114659301     
   57.349321371645829       0.73301981580236775        10.881751588299759       0.25100170601149868     
   59.375002227322796       0.76854940894852675        10.880349932049551       0.27002949369452600     
   61.472246417894510       0.80437375348721651        10.879042276703371       0.29034036963047100     
   63.643556378429672       0.84050874888505167        10.877822332645270       0.31198777684260282     
   65.891560899834928       0.87700019161707754        10.876684209633286       0.33502429093204655     
   68.218968971510208       0.91392398293314614        10.875622419970234       0.35950121317382033     
   70.628585269218178       0.95052180015784882        10.874293283388647       0.38506755594524933     
   73.123328588587739       0.98516049278555629        10.872110439319236       0.41094111413416806     
   75.706175661273647        1.0203992336415508        10.870074010026137       0.43827661643251442     
   78.380253523498894        1.0564067760420894        10.868174163041076       0.46711557281482441     
   81.148784610322849        1.0933702336078279        10.866401737855984       0.49750054181741532     
   84.015122474940881        1.1314911214401051        10.864748178883481       0.52947636288156974     
   86.982687236203873        1.1709795809428256        10.863205532765626       0.56309027139536427     
   90.055071705548812        1.2120505431066588        10.861766351161823       0.59839384472390666     
   93.235978303002270        1.2549174485388848        10.860423694758218       0.63544291300768663     
   96.529260096906100        1.2997872818976601        10.859171082483277       0.67429841132373147     
   99.938826062156153        1.3468537653911967        10.858002496162278       0.71502532006652775     
   103.46886588546354        1.3962950234363305        10.856912273412677       0.75769500391922662     
   107.12359379692580        1.4482647569264169        10.855895171783843       0.80238132734133094     
   110.90736836557576        1.5028887129755086        10.854946297918922       0.84916062603713349     
   114.82483910697920        1.5602618760184268        10.854061054051709       0.89811139592024258     
   118.88068277378797        1.6204399051862435        10.853235183393949       0.94930803843083345     
   123.07973629915718        1.6834365038752690        10.852464712616282        1.0028184902779709     
   127.42715949490271        1.7492217011233859        10.851745908404242        1.0587011880987587     
   131.92808807993632        1.8177128385117849        10.851075321993376        1.1169941933381167     
   136.58805281121437        1.8887776378418604        10.850449704058640        1.1777126867132439     
   141.41261684513370        1.9622261044119276        10.849866046250453        1.2408348319522056     
   146.40753387824964        2.0378111987622169        10.849321540544720        1.3062927646444922     
   151.57894168226974        2.1152310414838102        10.848813548540166        1.3739625882830320     
   156.93294936957258        2.1941231734465130        10.848339632932323        1.4436451836873097     
   162.47613596373097        2.2740738180497222        10.847897497364059        1.5150582223840241     
   168.21511902855468        2.3546147699642250        10.847485015780123        1.5878161938357256     
   174.15674278185460        2.3917554577440585        10.834097980062310        1.6280387953946645     
   180.30830831190286        2.4093029252398201        10.816121904526858        1.6529814939049863     
   186.67715947709803        2.4257087968332649        10.799351482414018        1.6764044012412134     
   193.27089166569760        2.4405183362841649        10.783706029890325        1.6975952247069876     
   200.09760727912413        2.4533408094271629        10.769109736948556        1.7158043739744198     
   207.16537088595135        2.4638432806964050        10.755492571756960        1.7302720250838775     
   214.48286737908427        2.4717465732238844        10.742788552370445        1.7402669078263686     
   222.05883252794877        2.4768193283651714        10.730936590176478        1.7451287790037160     
   229.90230130529540        2.4788741022636991        10.719879664443125        1.7443163043373500     
   238.02291179328489        2.4777636589992791        10.709564198860113        1.7374522458692006     
   246.43025707061713        2.4733781692257346        10.699940700658701        1.7243617020648632     
   255.13466811288930        2.4656432777603161        10.690962539198768        1.7050961259918591     
   264.14653641505117        2.4545193573324413        10.682586542047257        1.6799410928251244     
   273.47660938458705        2.4400011534715076        10.674772411616228        1.6494031487180840     
   283.13635184814427        2.4221171202055265        10.667482284553197        1.6141766267227067     
   293.13729579387660        2.4009306495743994        10.660681105516018        1.5750993071981145     
   303.49136818478553        2.3765398389855701        10.654336153491759        1.5330964434008121     
   314.21129214162710        2.3490762387660187        10.648416684028883        1.4891223579416055     
   325.30973137660959        2.3187062522547963        10.642894295992132        1.4441120167506825     
   336.80032369109853        2.2856271838609361        10.637742230661955        1.3989343697959224     
   348.69678677735646        2.2500676088551077        10.632935713790708        1.3543654879961724     
   361.01330816366544        2.2122836453736126        10.628451620843745        1.3110687964765031     
   373.76502243504467        2.1696750971872159        10.526633187032340        1.2636033266239315     
   386.96715283564077        2.1146877613254493        10.085043838959315        1.1959969181136463     
   400.63544401132759        2.0580809492939762        9.6730765590791883        1.1305789928100598     
   414.78669160661980        2.0001250948997900        9.2887351608083577        1.0678934984977384     
   429.43761284149554        1.9410947960833778        8.9301756052350996        1.0083356283175358     
   444.60621081975989        1.8812589704989402        8.5956604927909286       0.95216060696407256     
   460.31059410826708        1.8208817433601505        8.2835812723990916       0.89950768192344155     
   476.56949149896485        1.7602169219336989        7.9924365061293328       0.85041844478230089     
   493.40288198244309        1.6995029856901300        7.7208154526322623       0.80485563919660419     
   510.83065126063684        1.6389659936130374        7.4674148960843150       0.76272595951509559     
   528.87421463804299        1.5788124097149261        7.2310069846244600       0.72389227645803433     
   547.55511287104378        1.5192333826564866        7.0104549259632050       0.68819121909781100     
   566.89562449487210        1.4604024194281455        6.8046976266191077       0.65544291757406115     
   586.91951519858117        1.4024736962367441        6.6127380900331891       0.62545902430993328     
   607.65068989177485        1.3455870274315194        6.4336532585981967       0.59805195527973898     
   629.11387223602765        1.2898667841696669        6.2665815409582688       0.57303871594241262     
   651.33543626567803        1.2354212087949912        6.1107133914587903       0.55024381014909696     
   674.34163286578985        1.1823483164906567        5.9653009673379458       0.52950373679963181     
   698.16073213207346        1.1307320333336075        5.8296396730020783       0.51066638067371084     
   722.82116976782140        1.0799756132348266        5.7024051297290068       0.49271685647357460     
   748.35235540965130        1.0306577174710203        5.5835006594388901       0.47620044469493827     
   774.78566186873422       0.98305024747948822        5.4725697369994553       0.46128448526734284     
   802.15264573967897       0.93720001679517151        5.3690789394109837       0.44786372540327707     
   830.48594444209971       0.89314731004276293        5.2725303642218471       0.43584599806535274     
   859.82037403360118       0.85092503789947094        5.1824561855151163       0.42515111501406688     
   890.19058800385733       0.81056294475811907        5.0984242346739661       0.41571101642377356     
   921.63390537915473       0.77208423985097840        5.0200273350582725       0.40746793671936082     
   954.18786380243341       0.73550973263973507        4.9468885069364470       0.40037443772042436     
   987.89128659474920       0.70085718157968335        4.8786558735940515       0.39439227599299870     
   1022.7855886411724       0.66814127201140405        4.8149988139505204       0.38949158878350565     
   1058.9119914466876       0.63737783311861529        4.7556119065874887       0.38565078228072458     
   1096.3148872627712       0.60858248295257045        4.7002073923709000       0.38285558468482622     
   1135.0389283928459       0.58177540078836509        4.6485188528709429       0.38109901688452341     
   1175.1302964981960       0.55698275238043404        4.6002976104164075       0.38038092321765704     
   1216.6382559936744       0.53423905079522827        4.5553100090788954       0.38070782690512495     
   1259.6123598874483       0.51359259882797514        4.5133397212490971       0.38209290708505500     
   1304.1038583964914       0.49510872037649029        4.4741848245368425       0.38455593970799185     
   1350.1674228314519       0.47887396740788385        4.4376555939728872       0.38812355842569107     
   1397.8574692241625       0.45031716082869971        4.1777744212690617       0.38082867649227131     
   1447.2325992722181       0.42378613697520323        3.8983332776709938       0.37307738121713735     
   1498.3517579647787       0.40075185741855995        3.6376342210504671       0.36628067965263833     
   1551.2759091786245       0.37719099026220376        3.3936846095534170       0.35702576604302377     
   1606.0700862978565       0.35726855822071357        3.1660705534853788       0.34849240405691406     
   1662.7990190437411       0.34078488544387275        2.9537249795941314       0.34072924157691631     
   1721.5324161293761       0.32744875932225298        2.7556189678503378       0.33368100330723854     
   1782.3403946248577       0.31700718468493833        2.5707999046749332       0.32729829172515373     
   1845.2954731357936       0.30923669727201519        2.3983786108674434       0.32153667234160244     
   1910.4750110852074       0.30393570462096114        2.2375196194132481       0.31635597389317127     
   1977.9568210713478       0.30091803126665762        2.0874494229451388       0.31172022926211951     
   2047.8213808026539       0.30000619015316504        1.9474460218218517       0.30759702586576654     
   2120.1545400970977       0.30102595906837809        1.8168310298592507       0.30395701787799595     
   2195.0417479108573       0.30380183503886765        1.6949777669007950       0.30077392273704745     
   2272.5750259096239       0.30815361199085783        1.5812957932184426       0.29802387571623501     
   2352.8469348264384       0.31389381996172194        1.4752384570934043       0.29568543749002441     
   2435.9532056335870       0.32082652019801799        1.3762955082532151       0.29373921243497725     
   2521.9959596104222       0.32874752713940636        1.2839875188484551       0.29216757541660299     
   2611.0779162676686       0.33744487154788788        1.1978706162102066       0.29095460150584013     
   2703.3053132971791       0.34670090600344083        1.1175304850761754       0.29008578403685920     
   2798.7914800504532       0.35629535709799259        1.0425778375108035       0.28954784217888102     
   2897.6492167059700       0.36600782168335910       0.97265305677943048       0.28932861370323187     
   3000.0000000000000       0.37562232403725204       0.90741732250485685       0.28941684333674944     
