         200   4370.0000000000000     
   3.0000000000000000        1.9401598920315637E-003   8.3296517504272334        9.3641023157479313E-004
   3.1059655287322618        2.0794570760532378E-003   8.3296517504272334        9.9843593807573123E-004
   3.2156739552243598        2.2286952318275660E-003   8.3296517504272334        1.0647961420742981E-003
   3.3292574962321346        2.3885551784349748E-003   8.3296517504272334        1.1357982930310581E-003
   3.4468529954360925        2.5597643584417610E-003   8.3296517504272334        1.2117715233492870E-003
   3.5686022069563790        2.7431016235262900E-003   8.3296517504272334        1.2930682127269240E-003
   3.6946518254059528        2.9394024215567338E-003   8.3296517504272334        1.3800654886563840E-003
   3.8251536998800524        3.1495651079146343E-003   8.3296517504272334        1.4731669488826991E-003
   3.9602651907155879        3.3745584756134407E-003   8.3296517504272334        1.5728046140971480E-003
   4.1001490688558144        3.6154296076616279E-003   8.3296517504272334        1.6794406832998962E-003
   4.2449739038313119        3.8733136729855963E-003   8.3296517504272334        1.7935697825517114E-003
   4.3949142193596993        4.1494446044112584E-003   8.3296517504272334        1.9157212126416660E-003
   4.5501507036585132        4.4451672061995148E-003   8.3296517504272334        2.0464614170631378E-003
   4.7108703059600501        4.7619504637153890E-003   8.3296517504272334        2.1863965510521255E-003
   4.8772669425686850        5.1014035898388054E-003   8.3296517504272334        2.3361758117884978E-003
   5.0495410155906377        5.4652913491443321E-003   8.3296517504272334        2.4964939837089492E-003
   5.2279001269311909        5.8555534642358853E-003   8.3296517504272334        2.6680953004467305E-003
   5.4125592113782046        6.2743247558786873E-003   8.3296517504272334        2.8517771176154063E-003
   5.6037407956130689        6.7239575485091773E-003   8.3296517504272334        3.0483940384910158E-003
   5.8016752663703963        7.2070463023060517E-003   8.3296517504272334        3.2588624288899383E-003
   6.0066011480696169        7.7264547010290063E-003   8.3296517504272334        3.4841653604356908E-003
   6.2187653902530293        8.2853454755257711E-003   8.3296517504272334        3.7253580241282660E-003
   6.4384236651766908        8.8872133040817231E-003   8.3296517504272334        3.9835736589763264E-003
   6.6658406759127811        9.5359212039426346E-003   8.3296517504272334        4.2600300434901530E-003
   6.9012904753346884        1.0235740914991616E-002   8.3296517504272334        4.5560366011416107E-003
   7.1450567963692624        1.0991397878640211E-002   8.3296517504272334        4.8730021745685579E-003
   7.3974330131920443        1.1808120275646221E-002   8.3296517504272334        5.2124430067061250E-003
   7.6587243988323896        1.2691701797674497E-002   8.3296517504272334        5.5759946376014169E-003
   7.9292442763577622        1.3648551259428517E-002   8.3296517504272334        5.9654162530913026E-003
   8.2093202460023029        1.4685784653272001E-002   8.3296517504272334        6.3826099686216135E-003
   8.4992881560440416        1.5811284237887441E-002   8.3296517504272334        6.8296236719169448E-003
   8.7994991583321234        1.7033816548040630E-002   8.3296517504272334        7.3086741641097607E-003
   9.1103132457223861        1.8363112077846716E-002   8.3296517504272334        7.8221509492545031E-003
   9.4321068148357909        1.9810016098977982E-002   8.3296517504272334        8.3726433758537049E-003
   9.7652657388916850        2.1386595899582524E-002   8.3296517504272334        8.9629456063917284E-003
   10.110193474162946        2.3106333495798940E-002   8.3296517504272334        9.5960884803975958E-003
   10.467303634806061        2.4984267444292489E-002   8.3296517504272334        1.0275345964496550E-002
   10.837027566606025        2.7037229571973301E-002   8.3296517504272334        1.1004270372959960E-002
   11.219811965471335        2.9284057691212811E-002   8.3296517504272334        1.1786711878601659E-002
   11.616115840724994        3.1745822543652769E-002   8.3296517504272334        1.2626837659685544E-002
   12.026419117330413        3.4446147867163608E-002   8.3296517504272334        1.3529177866341278E-002
   12.451213803399156        3.7411443656165916E-002   8.3296517504272334        1.4498637689367207E-002
   12.891014326336300        4.0671279126618935E-002   8.3296517504272334        1.5540553940067292E-002
   13.346348065368609        4.4258632247540355E-002   8.3296517504272334        1.6660710426931312E-002
   13.817766430769083        4.8210293892484789E-002   8.3296517504272334        1.7865404867321803E-002
   14.305834715756038        5.2567108609105635E-002   8.3296517504272334        1.9161468354974148E-002
   14.811143972217785        5.7374389461417076E-002   8.3296517504272334        2.0556344545934239E-002
   15.334300133051286        6.2682123623060443E-002   8.3296517504272334        2.2058114102078277E-002
   15.875936741648431        6.8545381782076253E-002   8.3296517504272334        2.3675588383387697E-002
   16.436703292225193        7.5024468490162061E-002   8.3296517504272334        2.5418339826413831E-002
   17.017278874447534        8.2185319468478096E-002   8.3296517504272334        2.7296812669609382E-002
   17.618359675531394        9.0099582355493701E-002   8.3296517504272334        2.9322360261260588E-002
   18.240671728221173        9.8844969164796445E-002   8.3296517504272334        3.1507368914112800E-002
   18.884968846184627       0.10850540713553755        8.3296517504272334        3.3865344030348514E-002
   19.552019805756849       0.11917094626240343        8.3296517504272334        3.6410960059237003E-002
   20.242632201214423       0.13093814691680869        8.3295978242280473        3.9160254409732462E-002
   20.957638264717446       0.14390978707436675        8.3294496577025061        4.2130691929599701E-002
   21.697899624358065       0.15819468344501533        8.3293114286327334        4.5341307298613541E-002
   22.464312967141105       0.17390733111807641        8.3291824697799086        4.8812865250218253E-002
   23.257792778673313       0.19116677025051185        8.3290621608722901        5.2567925936447449E-002
   24.079299719823517       0.21009602428707669        8.3289499210237476        5.6631127897005862E-002
   24.929823759061236       0.23082017874262101        8.3288452090464755        6.1029277321611189E-002
   25.810395145829254       0.25346455564446152        8.3287475194903760        6.5791576892628725E-002
   26.722064579292049       0.27815157502759480        8.3286563824840911        7.0949699024291213E-002
   27.665935811728254       0.30499842495951285        8.3285713579918568        7.6538150230781157E-002
   28.643146268414043       0.33411288520449878        8.3284920360503687        8.2594359803075459E-002
   29.654879655490589       0.36558955173879881        8.3284180337685410        8.9158946856072119E-002
   30.702343174827575       0.39947326627865254        8.3253800361156056        9.6261898699533804E-002
   31.786804983723918       0.43583127761320611        8.3211120702399324       0.10395629511647891     
   32.909571928103169       0.47470570335577700        8.3171303547299456       0.11229981227201606     
   34.072004028335677       0.51609243558279250        8.3134156696402872       0.12134730455755578     
   35.275488300232773       0.55995147003612578        8.3099501479214855       0.13115733621293685     
   36.521481794408061       0.60620529583791549        8.3067170570346569       0.14179251079828109     
   37.811486012809581       0.65473582498520322        8.3037008079585597       0.15331918194620378     
   39.147055493126302       0.70538371408381939        8.3008868572199184       0.16580731546346847     
   40.529808025860810       0.75794911745089100        8.2982616217339586       0.17933024827157260     
   41.961393513511240       0.81219232829968080        8.2958124745319903       0.19396387651236205     
   43.443545167355794       0.86783906425748347        8.2935275904245707       0.20978646605459261     
   44.978049075047366       0.92458413865961919        8.2913959523669991       0.22687746254385904     
   46.566763998623138       0.98209842910449940        8.2894072708328004       0.24531658632888115     
   48.211585595230147        1.0400350914452994        8.2875519805774740       0.26518206828128299     
   49.914505239722644        1.0980402534534972        8.2858211237242756       0.28654977495914891     
   51.677575059319224        1.1557611087408473        8.2842063545862956       0.30949106948447014     
   53.502930680545909        1.2128565784807390        8.2826998785899484       0.33407123267621103     
   55.392750120602578        1.2690061754301087        8.2812944498232728       0.36034699282834065     
   57.349321371645829        1.3239221729511774        8.2799832824705959       0.38836558962710604     
   59.375002227322796        1.3773579942220517        8.2787600544654172       0.41816259300450448     
   61.472246417894510        1.4291179301737509        8.2776188612232584       0.44976098400213760     
   63.643556378429672        1.4790640558573431        8.2765542137846229       0.48316965796138855     
   65.891560899834928        1.5271250268793801        8.2755609717244720       0.51838448140558258     
   68.218968971510208        1.5733004032528430        8.2746343459192655       0.55538828096380866     
   70.628585269218178        1.6169095858216995        8.2734741011369337       0.59376171458959481     
   73.123328588587739        1.6565594224290150        8.2715679957925534       0.63263884078802690     
   75.706175661273647        1.6945727333847200        8.2697897429098202       0.67303803325774569     
   78.380253523498894        1.7312389259635601        8.2681307565706046       0.71490148635318551     
   81.148784610322849        1.7669178587401566        8.2665830376267220       0.75817485753182545     
   84.015122474940881        1.8020349265764048        8.2651391151592755       0.80281291322007986     
   86.982687236203873        1.8370730386088678        8.2637920441289232       0.84878343741777851     
   90.055071705548812        1.8725648769178913        8.2625353204879950       0.89607326129866538     
   93.235978303002270        1.9090813426714537        8.2613628846816685       0.94469079371877618     
   96.529260096906100        1.9472196346413932        8.2602690773020218       0.99466904256614419     
   99.938826062156153        1.9875882169203729        8.2592486431523628        1.0460652669094832     
   103.46886588546354        2.0307942171873972        8.2582966377211982        1.0989640479301890     
   107.12359379692580        2.0774241005901102        8.2574084831902628        1.1534716566826777     
   110.90736836557576        2.1280279448033892        8.2565799065775920        1.2097146880419265     
   114.82483910697920        2.1831041271812688        8.2558068930169668        1.2678376727289860     
   118.88068277378797        2.2430786069076118        8.2550857253914192        1.3279932914040575     
   123.07973629915718        2.3082900617310940        8.2544129341061687        1.3903372162069025     
   127.42715949490271        2.3789773804907988        8.2537852591524956        1.4550221432822885     
   131.92808807993632        2.4552609260707565        8.2531996889967711        1.5221830091951023     
   136.58805281121437        2.5371386071963977        8.2526533862600786        1.5919323447163165     
   141.41261684513370        2.6244721244503153        8.2521437239882331        1.6643427240886084     
   146.40753387824964        2.7169853223397333        8.2516682501555909        1.7394357550360176     
   151.57894168226974        2.7767721106084644        8.2383150193342676        1.7959294028130206     
   156.93294936957258        2.7540077639848750        8.1969890438147424        1.8051264696894054     
   162.47613596373097        2.7344413656688853        8.1584343235935304        1.8154923227813207     
   168.21511902855468        2.7169609229715341        8.1224654642462237        1.8265379669628106     
   174.15674278185460        2.7005824075849167        8.0889094167319939        1.8376982684474401     
   180.30830831190286        2.6844539779673569        8.0576035852936094        1.8483336540152340     
   186.67715947709803        2.6678569629874107        8.0283974325502179        1.8577348292655529     
   193.27089166569760        2.6502010016938278        8.0011504453800075        1.8651346999370984     
   200.09760727912413        2.6310157989865450        7.9757305985642324        1.8697275711581689     
   207.16537088595135        2.6099426454502157        7.9520159297358965        1.8706963703053430     
   214.48286737908427        2.5867210770119016        7.9298915295173513        1.8672498707821050     
   222.05883252794877        2.5611783903771932        7.9092510104048177        1.8586673897785000     
   229.90230130529540        2.5332168762403366        7.8899950692205048        1.8443492134821651     
   238.02291179328489        2.5028011914933024        7.8720304013421449        1.8238664613061293     
   246.43025707061713        2.4699503048920799        7.8552708137477332        1.7970073763131222     
   255.13466811288930        2.4347254988993634        7.8396350978909544        1.7638076957359032     
   264.14653641505117        2.3972253641956605        7.8250480677888383        1.7245663218710356     
   273.47660938458705        2.3575785194980248        7.8114395440802333        1.6798357883525565     
   283.13635184814427        2.3159371405945874        7.7987435866923684        1.6303885736365056     
   293.13729579387660        2.2724759177995661        7.7868991457797083        1.5771691154325560     
   303.49136818478553        2.2273876757194304        7.7758492367957484        1.5212285077815479     
   314.21129214162710        2.1808791171481765        7.7655403174299016        1.4636540915543190     
   325.30973137660959        2.1331722896612950        7.7559229263216265        1.4055099596010114     
   336.80032369109853        2.0844978701875196        7.7469504624227135        1.3477780630535754     
   348.69678677735646        2.0350966078629376        7.7385797806973988        1.2913242314973041     
   361.01330816366544        1.9852149192866686        7.7307706091307455        1.2368731372020865     
   373.76502243504467        1.9330242598059506        7.6530880160251344        1.1804558822312223     
   386.96715283564077        1.8731098604381251        7.3307091643849196        1.1100237400391779     
   400.63544401132759        1.8132460469241536        7.0299556720721350        1.0425844973313723     
   414.78669160661980        1.7536284099146855        6.7493702386756285       0.97858693991251700     
   429.43761284149554        1.6944412759615213        6.4876066380028510       0.91832853353534694     
   444.60621081975989        1.6358494013248284        6.2433964950801988       0.86196822498100900     
   460.31059410826708        1.5780008356510988        6.0155654997680976       0.80955370412815397     
   476.56949149896485        1.5210234423626581        5.8030175390424272       0.76104191144274047     
   493.40288198244309        1.4650223841727386        5.6047227122088588       0.71631924884779485     
   510.83065126063684        1.4100851270487247        5.4197296167426749       0.67522494915273878     
   528.87421463804299        1.3562772223448851        5.2471418689909308       0.63756343282396777     
   547.55511287104378        1.3036486859297483        5.0861295626290124       0.60312145217231028     
   566.89562449487210        1.2522343247805916        4.9359180546553594       0.57167723459123188     
   586.91951519858117        1.2020547024744428        4.7957794955257098       0.54300776408018503     
   607.65068989177485        1.1531227342718067        4.6650400142494499       0.51689706632942078     
   629.11387223602765        1.1054447451606531        4.5430706127923006       0.49313921000684008     
   651.33543626567803        1.0590216418215459        4.4292802886773783       0.47154042021703829     
   674.34163286578985        1.0138553396662742        4.3231230851423410       0.45192269158774456     
   698.16073213207346       0.96994645680677116        4.2240846176818767       0.43412258221683775     
   722.82116976782140       0.92675218732001607        4.1311412872959741       0.41726288209927143     
   748.35235540965130       0.88469819182092646        4.0442657670059194       0.40176980165214121     
   774.78566186873422       0.84397116286243246        3.9632159832621707       0.38775885955468492     
   802.15264573967897       0.80458496142515101        3.8876021996609973       0.37512185230711470     
   830.48594444209971       0.76655775454306685        3.8170606322804566       0.36376421401619846     
   859.82037403360118       0.72991019941536905        3.7512494721049472       0.35360363607488604     
   890.19058800385733       0.69466783554296185        3.6898529625161998       0.34456992044584472     
   921.63390537915473       0.66085680437601357        3.6325736068568113       0.33660299072009642     
   954.18786380243341       0.62850604249656561        3.5791359713248148       0.32965271711527366     
   987.89128659474920       0.59764530949490358        3.5292829632090164       0.32367766441142892     
   1022.7855886411724       0.56830375870047001        3.4827730198639681       0.31864415459538453     
   1058.9119914466876       0.54051236222752852        3.4393829903470596       0.31452606174355635     
   1096.3148872627712       0.51430142711597782        3.3989026283620349       0.31130376974414281     
   1135.0389283928459       0.48970369909200095        3.3611372798336254       0.30896408887062293     
   1175.1302964981960       0.46675453645955517        3.3259052526688881       0.30749971725353564     
   1216.6382559936744       0.44549295861254906        3.2930358301546687       0.30690899451917653     
   1259.6123598874483       0.42596560273149342        3.2623709562181276       0.30719586196673676     
   1304.1038583964914       0.40822867357688875        3.2337630997138240       0.30836971048892059     
   1350.1674228314519       0.39235076808112540        3.2070736413335448       0.31044550073928512     
   1397.8574692241625       0.36834168475560164        3.0194177403977416       0.30482748476825783     
   1447.2325992722181       0.34597121658670410        2.8176789086997678       0.29896274227602188     
   1498.3517579647787       0.32626533589428014        2.6294706784076851       0.29388439029272645     
   1551.2759091786245       0.30523577232988192        2.4531380618546934       0.28604593218670887     
   1606.0700862978565       0.28718980904490776        2.2886063600042017       0.27878482377186570     
   1662.7990190437411       0.27199057588764275        2.1351115396214913       0.27216505747794939     
   1721.5324161293761       0.25939702431039641        1.9919098418789043       0.26614065893310840     
   1782.3403946248577       0.24919778791244501        1.8583126663618816       0.26067041752635201     
   1845.2954731357936       0.24120468478229917        1.7336772664420779       0.25571714502746251     
   1910.4750110852074       0.23524704274580860        1.6173997215526701       0.25124710951214241     
   1977.9568210713478       0.23116714139255937        1.5089208988979104       0.24723001617289955     
   2047.8213808026539       0.22881519503514419        1.4077188982412145       0.24363847698240712     
   2120.1545400970977       0.22804532824653020        1.3133033455023673       0.24044761246395729     
   2195.0417479108573       0.22871236736203071        1.2252212425034312       0.23763507348495289     
   2272.5750259096239       0.23066916149729175        1.1430457876005573       0.23518049837925351     
   2352.8469348264384       0.23376478257600219        1.0663818314819320       0.23306554095839718     
   2435.9532056335870       0.23784353008156378       0.99486053776219974       0.23127355424370977     
   2521.9959596104222       0.24274499233525512       0.92813535016384763       0.22978936296438687     
   2611.0779162676686       0.24830437099084937       0.86588541360927429       0.22859922280590603     
   2703.3053132971791       0.25435388591620156       0.80781123870672944       0.22769058487999022     
   2798.7914800504532       0.26072488385143905       0.75363142716449294       0.22705193342001220     
   2897.6492167059700       0.26724961361340727       0.70308602863332426       0.22667271659766500     
   3000.0000000000000       0.27376438691119165       0.65593012549149865       0.22654315664789371     
