         200   4370.0000000000000     
   3.0000000000000000        5.9669784148919268E-003  0.12175042762878997        5.2052134053637792E-003
   3.1059655287322618        6.4577569188149922E-003  0.12175042762878997        5.6634653574742164E-003
   3.2156739552243598        6.9899499332418411E-003  0.12175042762878997        6.1646593803688704E-003
   3.3292574962321346        7.5666980978649611E-003  0.12175042762878997        6.7128878477080616E-003
   3.4468529954360925        8.1913060660409806E-003  0.12175042762878997        7.3126255344625832E-003
   3.5686022069563790        8.8672490372674502E-003  0.12175042762878997        7.9687633898859710E-003
   3.6946518254059528        9.5981796369141760E-003  0.12175042762878997        8.6866432330830797E-003
   3.8251536998800524        1.0387937470550852E-002  0.12175042762878997        9.4720954954776067E-003
   3.9602651907155879        1.1240561299061648E-002  0.12175042762878997        1.0331480050798914E-002
   4.1001490688558144        1.2160299767566773E-002  0.12175042762878997        1.1271726212065354E-002
   4.2449739038313119        1.3151625895534366E-002  0.12175042762878997        1.2300377374477150E-002
   4.3949142193596993        1.4219250223498781E-002  0.12175042762878997        1.3425635672905259E-002
   4.5501507036585132        1.5368133309520384E-002  0.12175042762878997        1.4656407876238949E-002
   4.7108703059600501        1.6603495102081839E-002  0.12175042762878997        1.6002350559046134E-002
   4.8772669425686850        1.7930825385167926E-002  0.12175042762878997        1.7473919867927273E-002
   5.0495410155906377        1.9355879846903280E-002  0.12175042762878997        1.9082409621257661E-002
   5.2279001269311909        2.0884678461818188E-002  0.12175042762878997        2.0839996269348217E-002
   5.4125592113782046        2.2523491058629230E-002  0.12175042762878997        2.2759774235473471E-002
   5.6037407956130689        2.4278814010925760E-002  0.12175042762878997        2.4855785259542098E-002
   5.8016752663703963        2.6157335993148512E-002  0.12175042762878997        2.7143038109394758E-002
   6.0066011480696169        2.8165891975356207E-002  0.12175042762878997        2.9637515406671984E-002
   6.2187653902530293        3.0311405062820845E-002  0.12175042762878997        3.2356163670302793E-002
   6.4384236651766908        3.2600816280565569E-002  0.12175042762878997        3.5316861973422833E-002
   6.6658406759127811        3.5041002928733064E-002  0.12175042762878997        3.8538363857285901E-002
   6.9012904753346884        3.7638686657919418E-002  0.12175042762878997        4.2040206380042522E-002
   7.1450567963692624        4.0400332898740086E-002  0.12175042762878997        4.5842579447864122E-002
   7.3974330131920443        4.3332039217774412E-002  0.12175042762878997        4.9966141588619076E-002
   7.6587243988323896        4.6439446291321948E-002  0.12175042762878997        5.4431818802744933E-002
   7.9292442763577622        4.9727575052924897E-002  0.12175042762878997        5.9260437443576286E-002
   8.2093202460023029        5.3200784365551604E-002  0.12175042762878997        6.4472458255005333E-002
   8.4992881560440416        5.6862584321820224E-002  0.12175042762878997        7.0087417457721707E-002
   8.7994991583321234        6.0715615942566976E-002  0.12175042762878997        7.6123524574457355E-002
   9.1103132457223861        6.4761469545689773E-002  0.12175042762878997        8.2596919136459362E-002
   9.4321068148357909        6.9000691257176450E-002  0.12175042762878997        8.9521122926607175E-002
   9.7652657388916850        7.3432613362389640E-002  0.12175042762878997        9.6906121676610710E-002
   10.110193474162946        7.8055393537079271E-002  0.12175042762878997       0.10475770636737872     
   10.467303634806061        8.2865861512156871E-002  0.12175042762878997       0.11307643925101406     
   10.837027566606025        8.7859578991276110E-002  0.12175042762878997       0.12185695096559997     
   11.219811965471335        9.3030780223493148E-002  0.12175042762878997       0.13108705170569163     
   11.616115840724994        9.8372316856417646E-002  0.12175042762878997       0.14074690471596360     
   12.026419117330413       0.10387577394107025       0.12175042762878997       0.15080862578888285     
   12.451213803399156       0.10953136492419097       0.12175042762878997       0.16123566198613939     
   12.891014326336300       0.11532809788496984       0.12175042762878997       0.17198289861185281     
   13.346348065368609       0.12125369160919362       0.12175042762878997       0.18299659441018151     
   13.817766430769083       0.12729477731530103       0.12175042762878997       0.19421516958492194     
   14.305834715756038       0.13343683689647326       0.12175042762878997       0.20556985038708597     
   14.811143972217785       0.13966443872715953       0.12175042762878997       0.21698620511346547     
   15.334300133051286       0.14596119856435796       0.12175042762878997       0.22838547893842168     
   15.875936741648431       0.15231004651990429       0.12175042762878997       0.23968673722480077     
   16.436703292225193       0.15869320952021784       0.12175042762878997       0.25080865265433627     
   17.017278874447534       0.16509250413804730       0.12175042762878997       0.26167190471107715     
   17.618359675531394       0.17148933713920986       0.12175042762878997       0.27220100860447966     
   18.240671728221173       0.17786499722387553       0.12175042762878997       0.28232647720906640     
   18.884968846184627       0.18420078069647769       0.12175042762878997       0.29198642010532760     
   19.552019805756849       0.19047802724212257       0.12175042762878997       0.30112767836194076     
   20.242632201214423       0.19667851265760977       0.12174903757900474       0.30970709563853932     
   20.957638264717446       0.20278446298635350       0.12174521830655242       0.31769179358490290     
   21.697899624358065       0.20877875226395948       0.12174165519081925       0.32505933132591763     
   22.464312967141105       0.21464508985716510       0.12173833103246247       0.33179744684963342     
   23.257792778673313       0.22036802583287757       0.12173522984280467       0.33790329667432795     
   24.079299719823517       0.22593329260259512       0.12173233664840727       0.34338283621102894     
   24.929823759061236       0.23132778502777282       0.12172963749913070       0.34824962117004504     
   25.810395145829254       0.23653973212132320       0.12172711936604279       0.35252373708872731     
   26.722064579292049       0.24155866554928349       0.12172477013732047       0.35623053207352018     
   27.665935811728254       0.24637568019460432       0.12172257847020956       0.35939962241465556     
   28.643146268414043       0.25098336750657807       0.12172053379713056       0.36206370858152426     
   29.654879655490589       0.25537591296966111       0.12171862624834137       0.36425763231384339     
   30.702343174827575       0.25951184438197666       0.11882539599142546       0.36596238954413407     
   31.786804983723918       0.26340379298360506       0.11472991724525226       0.36723483548580632     
   32.909571928103169       0.26706835017356295       0.11090912023807939       0.36813725541943293     
   34.072004028335677       0.27050570217843994       0.10734456178642185       0.36870522009575785     
   35.275488300232773       0.27371744553210936       0.10401909692630687       0.36897328003934099     
   36.521481794408061       0.27670663624028474       0.10091666935374102       0.36897467078580659     
   37.811486012809581       0.27947761599304238        9.8022320067884000E-002  0.36874106105205307     
   39.147055493126302       0.28203592582657239        9.5322093360701673E-002  0.36830238551804279     
   40.529808025860810       0.28438819733052872        9.2802955099127532E-002  0.36768672251689444     
   41.961393513511240       0.28654196339471105        9.0452788625425357E-002  0.36692023478977542     
   43.443545167355794       0.28850559726515845        8.8260246657659261E-002  0.36602710732867377     
   44.978049075047366       0.29028810409947803        8.6214757397980513E-002  0.36502954925784814     
   46.566763998623138       0.29189898948744453        8.4306447164624751E-002  0.36394779499595148     
   48.211585595230147       0.29334806693586662        8.2526137286336107E-002  0.36280015995237563     
   49.914505239722644       0.29464536293276139        8.0865231913268318E-002  0.36160304659565290     
   51.677575059319224       0.29580093201848168        7.9315722644164130E-002  0.36037102688883305     
   53.502930680545909       0.29682473614586241        7.7870129918160169E-002  0.35911689579824846     
   55.392750120602578       0.29772649672948664        7.6521500662233830E-002  0.35785177629212639     
   57.349321371645829       0.29851562056155806        7.5263323305156074E-002  0.35658515578577349     
   59.375002227322796       0.29920107995535428        7.4089531282695548E-002  0.35532500140707762     
   61.472246417894510       0.29979134413361430        7.2994458640444501E-002  0.35407783379791424     
   63.643556378429672       0.30029430449419098        7.1972838251701421E-002  0.35284884700789237     
   65.891560899834928       0.30071725117593878        7.1019737438414887E-002  0.35164195555210315     
   68.218968971510208       0.30106683061973977        7.0130560626462918E-002  0.35045991635158019     
   70.628585269218178       0.30123552223096306        6.9275191480333620E-002  0.34912454974029844     
   73.123328588587739       0.30100073444761344        6.8405256771222403E-002  0.34728022983390960     
   75.706175661273647       0.30068663587697086        6.7593673136116292E-002  0.34543710602452543     
   78.380253523498894       0.30029841149263387        6.6836522015021868E-002  0.34359760271889050     
   81.148784610322849       0.29984107041387659        6.6130152646078799E-002  0.34176405135103899     
   84.015122474940881       0.29931948876648379        6.5471155348046178E-002  0.33993872603526937     
   86.982687236203873       0.29873846462631920        6.4856360447853159E-002  0.33812392601475061     
   90.055071705548812       0.29810273486440803        6.4282799538306970E-002  0.33632193359729173     
   93.235978303002270       0.29741701484009292        6.3747707075997848E-002  0.33453506644202141     
   96.529260096906100       0.29668601043834342        6.3248500142114014E-002  0.33276565368296668     
   99.938826062156153       0.29591445151910234        6.2782780297315377E-002  0.33101607649602860     
   103.46886588546354       0.29510704571586205        6.2348290897078079E-002  0.32928863522595336     
   107.12359379692580       0.29426853345798487        6.1942942653455388E-002  0.32758566163518410     
   110.90736836557576       0.29340365195401519        6.1564785403833672E-002  0.32590942954438368     
   114.82483910697920       0.29251708714505747        6.1211986788059898E-002  0.32426206931971679     
   118.88068277378797       0.29161351528550550        6.0882850336909648E-002  0.32264565984594695     
   123.07973629915718       0.29069754947069443        6.0575792548759680E-002  0.32106214061666299     
   127.42715949490271       0.28977367979750046        6.0289325575747316E-002  0.31951323191382341     
   131.92808807993632       0.28884632130026944        6.0022074972528587E-002  0.31800054222313373     
   136.58805281121437       0.28791969685132301        5.9772745776871077E-002  0.31652540089025732     
   141.41261684513370       0.28699788362098860        5.9540139063131714E-002  0.31508896732257130     
   146.40753387824964       0.28608474924820171        5.9323135741925846E-002  0.31369216098335401     
   151.57894168226974       0.28059783794331195        5.8579595591942431E-002  0.30756346018374908     
   156.93294936957258       0.26523362153020774        5.6675952152859664E-002  0.29119175494389227     
   162.47613596373097       0.25093935885937113        5.4899964066137730E-002  0.27596770604211535     
   168.21511902855468       0.23764319746018506        5.3243091306399634E-002  0.26180996663592920     
   174.15674278185460       0.22527766860053000        5.1697362527127214E-002  0.24864284554008223     
   180.30830831190286       0.21377904816316154        5.0255287902788104E-002  0.23639549186706710     
   186.67715947709803       0.20308800015126344        4.8909933065984533E-002  0.22500245956724560     
   193.27089166569760       0.19314887340867135        4.7654825407681588E-002  0.21440285083632915     
   200.09760727912413       0.18390918447703442        4.6483883306374388E-002  0.20453966762810247     
   207.16537088595135       0.17532022727950661        4.5391488676663226E-002  0.19536037523234323     
   214.48286737908427       0.16733600873900861        4.4372348322679382E-002  0.18681568799217652     
   222.05883252794877       0.15991380510335720        4.3421561600915801E-002  0.17886009352017301     
   229.90230130529540       0.15301365723868324        4.2534554200895233E-002  0.17145125107097353     
   238.02291179328489       0.14659799247627767        4.1707028130136103E-002  0.16454952940302522     
   246.43025707061713       0.14063202630083271        4.0935012985549524E-002  0.15811838942081791     
   255.13466811288930       0.13508299999016424        4.0214767969384661E-002  0.15212352140531635     
   264.14653641505117       0.12992054298148051        3.9542829707780912E-002  0.14653319864809691     
   273.47660938458705       0.12511629858181991        3.8915965452363165E-002  0.14131784371563996     
   283.13635184814427       0.12064363771315063        3.8331137733706888E-002  0.13644969256720357     
   293.13729579387660       0.11647787006557322        3.7785534346259711E-002  0.13190300494829210     
   303.49136818478553       0.11259593251241197        3.7276530348765713E-002  0.12765371342940079     
   314.21129214162710       0.10897614962999205        3.6801659363431077E-002  0.12367915383171392     
   325.30973137660959       0.10559843742978033        3.6358642997714900E-002  0.11995828765351206     
   336.80032369109853       0.10244385517743439        3.5945334616753678E-002  0.11647121530682859     
   348.69678677735646        9.9494797154133674E-002   3.5559746783757562E-002  0.11319939859175694     
   361.01330816366544        9.6734773374180072E-002   3.5200024405019445E-002  0.11012543732715210     
   373.76502243504467        9.4099856447057512E-002   3.4806519454658250E-002  0.10715139019424762     
   386.96715283564077        9.1454767166606374E-002   3.4233846795758256E-002  0.10406031632853796     
   400.63544401132759        8.8968725430423320E-002   3.3699589349154999E-002  0.10114667429849394     
   414.78669160661980        8.6628139501046905E-002   3.3201158371520288E-002   9.8395204608441728E-002
   429.43761284149554        8.4420377803976057E-002   3.2736162431377835E-002   9.5791859068054278E-002
   444.60621081975989        8.2333502331784839E-002   3.2302348391882597E-002   9.3323522801543851E-002
   460.31059410826708        8.0356418804026650E-002   3.1897630212630521E-002   9.0978223754470899E-002
   476.56949149896485        7.8478760934131989E-002   3.1520060762298317E-002   8.8745023949546767E-002
   493.40288198244309        7.6690803149447193E-002   3.1167810528912501E-002   8.6613935226464600E-002
   510.83065126063684        7.4983591517525316E-002   3.0839189444372566E-002   8.4576085205861740E-002
   528.87421463804299        7.3348754248943868E-002   3.0532605175908067E-002   8.2623490349938877E-002
   547.55511287104378        7.1778628544693870E-002   3.0246583480841031E-002   8.0749193997430344E-002
   566.89562449487210        7.0266180073766601E-002   2.9979748286066376E-002   7.8947144834933619E-002
   586.91951519858117        6.8804936469743866E-002   2.9730806642212060E-002   7.7212081225530568E-002
   607.65068989177485        6.7389078114482484E-002   2.9498561487218994E-002   7.5539593587907933E-002
   629.11387223602765        6.6013363947575801E-002   2.9281895471189926E-002   7.3925982839247312E-002
   651.33543626567803        6.4673065362420776E-002   2.9079758739402398E-002   7.2368126321977005E-002
   674.34163286578985        6.3364057895442902E-002   2.8891181456182777E-002   7.0863526979795838E-002
   698.16073213207346        6.2082670316398095E-002   2.8715249870703709E-002   6.9410082012954996E-002
   722.82116976782140        6.0517731831981822E-002   2.8243445377818328E-002   6.7437232257961596E-002
   748.35235540965130        5.8901428727619311E-002   2.7709485249737528E-002   6.5375404882775601E-002
   774.78566186873422        5.7330294413043631E-002   2.7211331652910176E-002   6.3406011466791992E-002
   802.15264573967897        5.5800771404168614E-002   2.6746589163408420E-002   6.1525320252447634E-002
   830.48594444209971        5.4309792625195676E-002   2.6313021868182119E-002   5.9729942676481559E-002
   859.82037403360118        5.2854691792401438E-002   2.5908528917818981E-002   5.8016705722041054E-002
   890.19058800385733        5.1433288112810588E-002   2.5531169587891901E-002   5.6382741171341559E-002
   921.63390537915473        5.0043711152093925E-002   2.5179115384565548E-002   5.4825276203621355E-002
   954.18786380243341        4.8684484325988431E-002   2.4850673418201116E-002   5.3341734641628474E-002
   987.89128659474920        4.7354438783570298E-002   2.4544263528397253E-002   5.1929646838732878E-002
   1022.7855886411724        4.6052635598288039E-002   2.4258401006680703E-002   5.0586582845598464E-002
   1058.9119914466876        4.4778445182482231E-002   2.3991714307816374E-002   4.9310253263639636E-002
   1096.3148872627712        4.3531395535633170E-002   2.3742911201968822E-002   4.8098372249852091E-002
   1135.0389283928459        4.2311252688981747E-002   2.3510795293253468E-002   4.6948759855490477E-002
   1175.1302964981960        4.1117949741689329E-002   2.3294249853587384E-002   4.5859290487365811E-002
   1216.6382559936744        3.9951523600046709E-002   2.3092225612500381E-002   4.4827856690771148E-002
   1259.6123598874483        3.8812179551002357E-002   2.2903751115195877E-002   4.3852447258565047E-002
   1304.1038583964914        3.7700228807948648E-002   2.2727919595889205E-002   4.2931106973239812E-002
   1350.1674228314519        3.6616033573508393E-002   2.2563879063325399E-002   4.2061908835544955E-002
   1397.8574692241625        3.4309552289498349E-002   2.1594131683820281E-002   3.9818283204668965E-002
   1447.2325992722181        3.2040079078261077E-002   2.0601780351613825E-002   3.7602619595811633E-002
   1498.3517579647787        2.9933530666868893E-002   1.9675985914863164E-002   3.5559163972536084E-002
   1551.2759091786245        2.7294091076714939E-002   1.8370296209263136E-002   3.2852296680088620E-002
   1606.0700862978565        2.4862916945685459E-002   1.7138202449108970E-002   3.0340613975188929E-002
   1662.7990190437411        2.2645669626800462E-002   1.5988758249100853E-002   2.8033847962611099E-002
   1721.5324161293761        2.0625180743486488E-002   1.4916393979797637E-002   2.5914901029276741E-002
   1782.3403946248577        1.8785521247607666E-002   1.3915953064901506E-002   2.3968138291608151E-002
   1845.2954731357936        1.7111856169417225E-002   1.2982622303665875E-002   2.2179195477677795E-002
   1910.4750110852074        1.5590338672951046E-002   1.2111879243860563E-002   2.0534828910572522E-002
   1977.9568210713478        1.4208173661186905E-002   1.1299536825964445E-002   1.9022952400189936E-002
   2047.8213808026539        1.2953496481673682E-002   1.0541686806048351E-002   1.7632481718784575E-002
   2120.1545400970977        1.1815282597583982E-002   9.8346570234430029E-003   1.6353212791639100E-002
   2195.0417479108573        1.0783396519104149E-002   9.1750552064943768E-003   1.5175859704449247E-002
   2272.5750259096239        9.8484328984633895E-003   8.5596852559928997E-003   1.4091863729487921E-002
   2352.8469348264384        9.0017566904973482E-003   7.9855881008542590E-003   1.3093429988882549E-002
   2435.9532056335870        8.2354147128586713E-003   7.4500017140416916E-003   1.2173421498054247E-002
   2521.9959596104222        7.5420679215073170E-003   6.9503309128501611E-003   1.1325275966045481E-002
   2611.0779162676686        6.9150025353440867E-003   6.4841729777151361E-003   1.0543020316433279E-002
   2703.3053132971791        6.3480578812637623E-003   6.0492851857651894E-003   9.8211875394845789E-003
   2798.7914800504532        5.8355704042788647E-003   5.6435602891238565E-003   9.1547513505101496E-003
   2897.6492167059700        5.3723817674005492E-003   5.2650516525855531E-003   8.5391447727898376E-003
   3000.0000000000000        4.9537545598856078E-003   4.9119252133521633E-003   7.9701601579089329E-003
