         200   4370.0000000000000     
   3.0000000000000000        4.6419277481326978E-003   2.7502367058829875E-002   2.5033037263538484E-002
   3.1059655287322618        4.9029036967911345E-003   2.7502367058829875E-002   2.5291506024957142E-002
   3.2156739552243598        5.1743038689855327E-003   2.7502367058829875E-002   2.5536612270384080E-002
   3.3292574962321346        5.4561991558612659E-003   2.7502367058829875E-002   2.5768685136929658E-002
   3.4468529954360925        5.7486243939918989E-003   2.7502367058829875E-002   2.5988134303366803E-002
   3.5686022069563790        6.0515754241088704E-003   2.7502367058829875E-002   2.6195439331154688E-002
   3.6946518254059528        6.3650057633469924E-003   2.7502367058829875E-002   2.6391137906754368E-002
   3.8251536998800524        6.6888240234763297E-003   2.7502367058829875E-002   2.6575814167567532E-002
   3.9602651907155879        7.0228920038467139E-003   2.7502367058829875E-002   2.6750087155462041E-002
   4.1001490688558144        7.3670219932309060E-003   2.7502367058829875E-002   2.6914598866038985E-002
   4.2449739038313119        7.7209756427120396E-003   2.7502367058829875E-002   2.7070003412512356E-002
   4.3949142193596993        8.0844626272716970E-003   2.7502367058829875E-002   2.7216956421831109E-002
   4.5501507036585132        8.4571398140926447E-003   2.7502367058829875E-002   2.7356105202438603E-002
   4.7108703059600501        8.8386105384778008E-003   2.7502367058829875E-002   2.7488079612347938E-002
   4.8772669425686850        9.2284257036976194E-003   2.7502367058829875E-002   2.7613484278383477E-002
   5.0495410155906377        9.6260824557502893E-003   2.7502367058829875E-002   2.7732890771997615E-002
   5.2279001269311909        1.0031026104043534E-002   2.7502367058829875E-002   2.7846831743912417E-002
   5.4125592113782046        1.0442651078314810E-002   2.7502367058829875E-002   2.7955795576563885E-002
   5.6037407956130689        1.0860302625835202E-002   2.7502367058829875E-002   2.8060222180581101E-002
   5.8016752663703963        1.1283278989988424E-002   2.7502367058829875E-002   2.8160499854984353E-002
   6.0066011480696169        1.1710834089496327E-002   2.7502367058829875E-002   2.8256963220826874E-002
   6.2187653902530293        1.2142180713604693E-002   2.7502367058829875E-002   2.8349892225953247E-002
   6.4384236651766908        1.2576494241978368E-002   2.7502367058829875E-002   2.8439512204715932E-002
   6.6658406759127811        1.3012916889040245E-002   2.7502367058829875E-002   2.8525994961038068E-002
   6.9012904753346884        1.3450562461382551E-002   2.7502367058829875E-002   2.8609460826547792E-002
   7.1450567963692624        1.3888521604192135E-002   2.7502367058829875E-002   2.8689981628183554E-002
   7.3974330131920443        1.4325866851460554E-002   2.7502367058829875E-002   2.8767584369474321E-002
   7.6587243988323896        1.4761661960986494E-002   2.7502367058829875E-002   2.8842256316304330E-002
   7.9292442763577622        1.5194961230982278E-002   2.7502367058829875E-002   2.8913948897828917E-002
   8.2093202460023029        1.5624825864812389E-002   2.7502367058829875E-002   2.8982584974869007E-002
   8.4992881560440416        1.6050320562650756E-002   2.7502367058829875E-002   2.9048063107418864E-002
   8.7994991583321234        1.6470530635831468E-002   2.7502367058829875E-002   2.9110265352883254E-002
   9.1103132457223861        1.6884558824976411E-002   2.7502367058829875E-002   2.9169061943565652E-002
   9.4321068148357909        1.7291542019738575E-002   2.7502367058829875E-002   2.9224318902582768E-002
   9.7652657388916850        1.7690647971843859E-002   2.7502367058829875E-002   2.9275902566828785E-002
   10.110193474162946        1.8081091119017841E-002   2.7502367058829875E-002   2.9323686456672295E-002
   10.467303634806061        1.8462128871372101E-002   2.7502367058829875E-002   2.9367555144256059E-002
   10.837027566606025        1.8833074999302823E-002   2.7502367058829875E-002   2.9407409795270567E-002
   11.219811965471335        1.9193300648438570E-002   2.7502367058829875E-002   2.9443171566192840E-002
   11.616115840724994        1.9542235234225797E-002   2.7502367058829875E-002   2.9474784513565850E-002
   12.026419117330413        1.9879377096157776E-002   2.7502367058829875E-002   2.9502218745039915E-002
   12.451213803399156        2.0204287753649516E-002   2.7502367058829875E-002   2.9525471365228168E-002
   12.891014326336300        2.0516601675475352E-002   2.7502367058829875E-002   2.9544568090761638E-002
   13.346348065368609        2.0816019605874318E-002   2.7502367058829875E-002   2.9559562964976339E-002
   13.817766430769083        2.1102316263255986E-002   2.7502367058829875E-002   2.9570538432240296E-002
   14.305834715756038        2.1375332825598604E-002   2.7502367058829875E-002   2.9577604021954387E-002
   14.811143972217785        2.1634982633186271E-002   2.7502367058829875E-002   2.9580895149307587E-002
   15.334300133051286        2.1881242999580452E-002   2.7502367058829875E-002   2.9580571067999408E-002
   15.875936741648431        2.2114159082805531E-002   2.7502367058829875E-002   2.9576812745306404E-002
   16.436703292225193        2.2333835238174952E-002   2.7502367058829875E-002   2.9569820424535282E-002
   17.017278874447534        2.2540437286865955E-002   2.7502367058829875E-002   2.9559810946037914E-002
   17.618359675531394        2.2734183657911057E-002   2.7502367058829875E-002   2.9547015250888757E-002
   18.240671728221173        2.2915345814995009E-002   2.7502367058829875E-002   2.9531675547086352E-002
   18.884968846184627        2.3084242538117885E-002   2.7502367058829875E-002   2.9514042741669556E-002
   19.552019805756849        2.3241232271318066E-002   2.7502367058829875E-002   2.9494374423837965E-002
   20.242632201214423        2.3386714710144453E-002   2.7502228054539342E-002   2.9472931690992459E-002
   20.957638264717446        2.3521122327235654E-002   2.7501846129184410E-002   2.9449977799597040E-002
   21.697899624358065        2.3644917126753089E-002   2.7501489819374614E-002   2.9425777397303263E-002
   22.464312967141105        2.3758587211002612E-002   2.7501157405184190E-002   2.9400593525258048E-002
   23.257792778673313        2.3862640355906666E-002   2.7500847287753309E-002   2.9374687725968584E-002
   24.079299719823517        2.3957604626986657E-002   2.7500557969745515E-002   2.9348318458336027E-002
   24.929823759061236        2.4044022624675896E-002   2.7500288056153774E-002   2.9321741354750824E-002
   25.810395145829254        2.4122450088915410E-002   2.7500036244091301E-002   2.9295208918978771E-002
   26.722064579292049        2.4193452016498741E-002   2.7499801322381796E-002   2.9268971468730833E-002
   27.665935811728254        2.4257603831103577E-002   2.7499582156755444E-002   2.9243276775370836E-002
   28.643146268414043        2.4315488271613842E-002   2.7499377690459528E-002   2.9218371502807018E-002
   29.654879655490589        2.4367695300183602E-002   2.7499186936524728E-002   2.9194501878427620E-002
   30.702343174827575        2.4408207805398950E-002   2.6740499628881888E-002   2.9161831052292399E-002
   31.786804983723918        2.4440342175732800E-002   2.5666409138379389E-002   2.9124778623695762E-002
   32.909571928103169        2.4467847885564664E-002   2.4664357367172238E-002   2.9088406408258171E-002
   34.072004028335677        2.4491282276565839E-002   2.3729507359870141E-002   2.9052901187582518E-002
   35.275488300232773        2.4511202029543377E-002   2.2857362635376886E-002   2.9018450717339658E-002
   36.521481794408061        2.4528162430344329E-002   2.2043712227282554E-002   2.8985242600468090E-002
   37.811486012809581        2.4542714774843138E-002   2.1284632950644516E-002   2.8953464913699236E-002
   39.147055493126302        2.4555403997460229E-002   2.0576464746598792E-002   2.8923305372754001E-002
   40.529808025860810        2.4566765697486587E-002   1.9915789250835057E-002   2.8894950126329113E-002
   41.961393513511240        2.4577322345919757E-002   1.9299428718416306E-002   2.8868582946083139E-002
   43.443545167355794        2.4587579715531882E-002   1.8724407182825246E-002   2.8844382324709858E-002
   44.978049075047366        2.4598022286309692E-002   1.8187952057939345E-002   2.8822519874495224E-002
   46.566763998623138        2.4609108823625544E-002   1.7687473847304999E-002   2.8803157403735062E-002
   48.211585595230147        2.4621267439202853E-002   1.7220565329661305E-002   2.8786444412277970E-002
   49.914505239722644        2.4634891337681177E-002   1.6784972135946489E-002   2.8772514207099129E-002
   51.677575059319224        2.4650334088205800E-002   1.6378593962834215E-002   2.8761481009033606E-002
   53.502930680545909        2.4667905638734621E-002   1.5999469202000991E-002   2.8753436327479717E-002
   55.392750120602578        2.4687868170271302E-002   1.5645774323140453E-002   2.8748445659360061E-002
   57.349321371645829        2.4710433565589079E-002   1.5315801585309633E-002   2.8746544810313766E-002
   59.375002227322796        2.4735760516902877E-002   1.5007959956213015E-002   2.8747736892066517E-002
   61.472246417894510        2.4763953056776682E-002   1.4720763468488548E-002   2.8751989372445413E-002
   63.643556378429672        2.4795058941668332E-002   1.4452830752324990E-002   2.8759231423239807E-002
   65.891560899834928        2.4829070581942340E-002   1.4202868151249905E-002   2.8769352050897007E-002
   68.218968971510208        2.4865925203556693E-002   1.3969670418509800E-002   2.8782198627336584E-002
   70.628585269218178        2.4895373103330145E-002   1.3749415621763952E-002   2.8782894740515493E-002
   73.123328588587739        2.4896830421047796E-002   1.3536419802959360E-002   2.8741889164057174E-002
   75.706175661273647        2.4898538888980665E-002   1.3337710728499744E-002   2.8700354115215789E-002
   78.380253523498894        2.4900308114789060E-002   1.3152328973630998E-002   2.8658163053311897E-002
   81.148784610322849        2.4901944110131663E-002   1.2979380681603156E-002   2.8615210424401294E-002
   84.015122474940881        2.4903256346331649E-002   1.2818031022123656E-002   2.8571415435301412E-002
   86.982687236203873        2.4904064401317341E-002   1.2667503928777480E-002   2.8526726527521529E-002
   90.055071705548812        2.4904204131457691E-002   1.2527072613319475E-002   2.8481122255899424E-002
   93.235978303002270        2.4903533046679752E-002   1.2396059956907398E-002   2.8434613663628983E-002
   96.529260096906100        2.4901934871033350E-002   1.2273833554716682E-002   2.8387243935407886E-002
   99.938826062156153        2.4899323224132370E-002   1.2159806170089405E-002   2.8339088858682030E-002
   103.46886588546354        2.4895644080256060E-002   1.2053425283574417E-002   2.8290251644643376E-002
   107.12359379692580        2.4890877517931908E-002   1.1954179351497904E-002   2.8240863577729688E-002
   110.90736836557576        2.4885038199737874E-002   1.1861590893793610E-002   2.8191078424027058E-002
   114.82483910697920        2.4878174600330174E-002   1.1775211273285490E-002   2.8141066049133370E-002
   118.88068277378797        2.4870367947102505E-002   1.1694625124489549E-002   2.8091010914366214E-002
   123.07973629915718        2.4861729693977735E-002   1.1619444741039740E-002   2.8041105009267559E-002
   127.42715949490271        2.4852398000681539E-002   1.1549305836547020E-002   2.7991540749580466E-002
   131.92808807993632        2.4842534625822928E-002   1.1483871890226234E-002   2.7942509972475549E-002
   136.58805281121437        2.4832319655919029E-002   1.1422825842028870E-002   2.7894194484174135E-002
   141.41261684513370        2.4821947502810353E-002   1.1365874145615983E-002   2.7846765925249196E-002
   146.40753387824964        2.4811621490930351E-002   1.1312742801850191E-002   2.7800380422129605E-002
   151.57894168226974        2.4403019330895559E-002   1.1156970433867154E-002   2.7333094144831267E-002
   156.93294936957258        2.3130512668207873E-002   1.0774154578061450E-002   2.5952770486403477E-002
   162.47613596373097        2.1943539937804214E-002   1.0417009754949684E-002   2.4665167420836093E-002
   168.21511902855468        2.0836635288230494E-002   1.0083818596112855E-002   2.3464089110121104E-002
   174.15674278185460        1.9804651898322704E-002   9.7729780924070749E-003   2.2343741994311852E-002
   180.30830831190286        1.8842709284625260E-002   9.4829820668289062E-003   2.1298672938376565E-002
   186.67715947709803        1.7946248780197994E-002   9.2124360430097738E-003   2.0323824547125884E-002
   193.27089166569760        1.7110977407930932E-002   8.9600384025288367E-003   1.9414469192896001E-002
   200.09760727912413        1.6332827360922640E-002   8.7245661531527817E-003   1.8566159739233420E-002
   207.16537088595135        1.5608010656774631E-002   8.5048895180934985E-003   1.7774784006712761E-002
   214.48286737908427        1.4932933073937414E-002   8.2999440546802691E-003   1.7036466035728087E-002
   222.05883252794877        1.4304244684836716E-002   8.1087442611118329E-003   1.6347616549956298E-002
   229.90230130529540        1.3718800913412368E-002   7.9303702599866684E-003   1.5704886126902622E-002
   238.02291179328489        1.3173633947772415E-002   7.7639577404595194E-003   1.5105129780936732E-002
   246.43025707061713        1.2665990267115210E-002   7.6087082687347953E-003   1.4545444641371252E-002
   255.13466811288930        1.2193269140401386E-002   7.4638695838255059E-003   1.4023099186768154E-002
   264.14653641505117        1.1753056532352632E-002   7.3287452136922152E-003   1.3535567926496300E-002
   273.47660938458705        1.1343096170126037E-002   7.2026850642519799E-003   1.3080497315953522E-002
   283.13635184814427        1.0961267808962961E-002   7.0850783113171247E-003   1.2655679789778711E-002
   293.13729579387660        1.0605607754049815E-002   6.9753594304553593E-003   1.2259075138778852E-002
   303.49136818478553        1.0274284547331543E-002   6.8730005554114570E-003   1.1888782489353327E-002
   314.21129214162710        9.9655805637024614E-003   6.7775057064728781E-003   1.1543018950350989E-002
   325.30973137660959        9.6779111742877084E-003   6.6884167070858317E-003   1.1220140563577504E-002
   336.80032369109853        9.4097880328781087E-003   6.6053018766922128E-003   1.0918600918452828E-002
   348.69678677735646        9.1598366142712755E-003   6.5277615488943700E-003   1.0636970720319321E-002
   361.01330816366544        8.9267783803105502E-003   6.4554226710132256E-003   1.0373917833365621E-002
   373.76502243504467        8.7050582288097263E-003   6.3822262169791191E-003   1.0120507126194469E-002
   386.96715283564077        8.4826410705330299E-003   6.2936741011064105E-003   9.8565296477206073E-003
   400.63544401132759        8.2749436778522308E-003   6.2110621122464073E-003   9.6099977277010768E-003
   414.78669160661980        8.0809442640992560E-003   6.1339899541817478E-003   9.3797377286258428E-003
   429.43761284149554        7.8997022311984161E-003   6.0620878409379780E-003   9.1646662013864320E-003
   444.60621081975989        7.7303347451833180E-003   5.9950073709774086E-003   8.9637622875406268E-003
   460.31059410826708        7.5720274718244938E-003   5.9324259808098403E-003   8.7760807182283278E-003
   476.56949149896485        7.4240230907796165E-003   5.8740425863938487E-003   8.6007384903118642E-003
   493.40288198244309        7.2856124125260085E-003   5.8195742911152206E-003   8.4369046993584360E-003
   510.83065126063684        7.1561424039683855E-003   5.7687597605031084E-003   8.2838104356436713E-003
   528.87421463804299        7.0349992581303852E-003   5.7213527728568548E-003   8.1407291665494524E-003
   547.55511287104378        6.9216158673224273E-003   5.6771253666937352E-003   8.0069860225379218E-003
   566.89562449487210        6.8154634675659659E-003   5.6358647604479676E-003   7.8819483723086298E-003
   586.91951519858117        6.7160451519710463E-003   5.5973710259391799E-003   7.7650186569250945E-003
   607.65068989177485        6.6229005015186661E-003   5.5614590619992056E-003   7.6556403212099614E-003
   629.11387223602765        6.5355987663068948E-003   5.5279560933156127E-003   7.5532902628948533E-003
   651.33543626567803        6.4537335979572034E-003   5.4966997813244590E-003   7.4574731580863297E-003
   674.34163286578985        6.3769278526984424E-003   5.4675401607713996E-003   7.3677275976328496E-003
   698.16073213207346        6.3048237295269339E-003   5.4403359387767145E-003   7.2836150722258297E-003
   722.82116976782140        6.2096202976392916E-003   5.3874968601590337E-003   7.1528492152158766E-003
   748.35235540965130        6.1119400085148214E-003   5.3298303048905041E-003   7.0145837856268557E-003
   774.78566186873422        6.0202959941159850E-003   5.2760307786470255E-003   6.8850958309013346E-003
   802.15264573967897        5.9342562371742583E-003   5.2258395807521490E-003   6.7637570221999099E-003
   830.48594444209971        5.8534147256899607E-003   5.1790152373640619E-003   6.6499799010370187E-003
   859.82037403360118        5.7773873766437181E-003   5.1353308612259408E-003   6.5432125797451161E-003
   890.19058800385733        5.7058173442042330E-003   5.0945768582378497E-003   6.4429465379977416E-003
   921.63390537915473        5.6383667414457474E-003   5.0565557549644502E-003   6.3487052054637099E-003
   954.18786380243341        5.5747218676548858E-003   5.0210847229345216E-003   6.2600513490463075E-003
   987.89128659474920        5.5145897771581662E-003   4.9879931081941043E-003   6.1765821350400849E-003
   1022.7855886411724        5.4576958002234589E-003   4.9571205653939120E-003   6.0979253887415517E-003
   1058.9119914466876        5.4037880033725675E-003   4.9283189705731211E-003   6.0237452621492802E-003
   1096.3148872627712        5.3526314118546624E-003   4.9014487656649178E-003   5.9537335342089662E-003
   1135.0389283928459        5.3040122492095266E-003   4.8763807424648774E-003   5.8876145571369809E-003
   1175.1302964981960        5.2577355630001165E-003   4.8529942967211852E-003   5.8251409100556267E-003
   1216.6382559936744        5.2136233695241375E-003   4.8311761094604732E-003   5.7660897270883421E-003
   1259.6123598874483        5.1715175491761668E-003   4.8108212656361258E-003   5.7102653291773477E-003
   1304.1038583964914        5.1312776243828372E-003   4.7918318364768790E-003   5.6574948810845429E-003
   1350.1674228314519        5.0927788763518635E-003   4.7741158087439345E-003   5.6076246273908704E-003
   1397.8574692241625        4.8879243038790635E-003   4.5941246738531814E-003   5.3763953359315898E-003
   1447.2325992722181        4.6800154708877854E-003   4.4104395677056268E-003   5.1424099228411183E-003
   1498.3517579647787        4.4855236521888211E-003   4.2390742015633431E-003   4.9240040608384212E-003
   1551.2759091786245        4.1790050009301739E-003   3.9585735746156580E-003   4.5884260787656559E-003
   1606.0700862978565        3.8893752431632066E-003   3.6930724773641364E-003   4.2717838545466560E-003
   1662.7990190437411        3.6195011122833205E-003   3.4453813468665658E-003   3.9770094366576424E-003
   1721.5324161293761        3.3680921687547676E-003   3.2142999962738112E-003   3.7026434683642777E-003
   1782.3403946248577        3.1339479718649251E-003   2.9987172466241119E-003   3.4473259847083875E-003
   1845.2954731357936        2.9159419438629696E-003   2.7975959121765946E-003   3.2097793451592942E-003
   1910.4750110852074        2.7130094047747655E-003   2.6099614599304054E-003   2.9887958022105717E-003
   1977.9568210713478        2.5241583932955397E-003   2.4349116299009115E-003   2.7832498788980314E-003
   2047.8213808026539        2.3484569074309967E-003   2.2716042434446659E-003   2.5920850018109759E-003
   2120.1545400970977        2.1850235496872444E-003   2.1192479949658670E-003   2.4143037851337965E-003
   2195.0417479108573        2.0330382585711298E-003   1.9771118915194296E-003   2.2489800591994780E-003
   2272.5750259096239        1.8917235836629596E-003   1.8445072129166296E-003   2.0952387352544950E-003
   2352.8469348264384        1.7603547654684590E-003   1.7207963156232132E-003   1.9522668815114593E-003
   2435.9532056335870        1.6382511646445145E-003   1.6053840166810162E-003   1.8193043906377685E-003
   2521.9959596104222        1.5247700353770740E-003   1.4977110860395144E-003   1.6956370709153464E-003
   2611.0779162676686        1.4193129761622017E-003   1.3972597670949447E-003   1.5806034413681990E-003
   2703.3053132971791        1.3213190840661122E-003   1.3035467805690168E-003   1.4735869660209516E-003
   2798.7914800504532        1.2302599539863791E-003   1.2161180403836391E-003   1.3740102061422397E-003
   2897.6492167059700        1.1456457745046167E-003   1.1345540705218569E-003   1.2813410513907711E-003
   3000.0000000000000        1.0670149110616183E-003   1.0584596529401448E-003   1.1950808706752117E-003
