         200   4370.0000000000000     
   3.0000000000000000        4.8593841592073773E-004   2.9650784811129679E-003   7.4709497265028932E-004
   3.1059655287322618        5.0335165705886540E-004   2.9650784811129679E-003   7.6599390070969885E-004
   3.2156739552243598        5.2076651390717526E-004   2.9650784811129679E-003   7.8515178970354745E-004
   3.3292574962321346        5.3814125915164308E-004   2.9650784811129679E-003   8.0451175123698109E-004
   3.4468529954360925        5.5543481998121492E-004   2.9650784811129679E-003   8.2401433781949349E-004
   3.5686022069563790        5.7260708853198040E-004   2.9650784811129679E-003   8.4359811944850077E-004
   3.6946518254059528        5.8961917233330387E-004   2.9650784811129679E-003   8.6320026740861516E-004
   3.8251536998800524        6.0643364963997850E-004   2.9650784811129679E-003   8.8275720943177137E-004
   3.9602651907155879        6.2301481642060372E-004   2.9650784811129679E-003   9.0220533250677927E-004
   4.1001490688558144        6.3932885054018146E-004   2.9650784811129679E-003   9.2148163386007525E-004
   4.2449739038313119        6.5534401442701425E-004   2.9650784811129679E-003   9.4052444820690625E-004
   4.3949142193596993        6.7103080242232908E-004   2.9650784811129679E-003   9.5927412831148902E-004
   4.5501507036585132        6.8636207037754303E-004   2.9650784811129679E-003   9.7767370797183532E-004
   4.7108703059600501        7.0131313034719979E-004   2.9650784811129679E-003   9.9566951259889868E-004
   4.8772669425686850        7.1586187641521724E-004   2.9650784811129679E-003   1.0132117829607401E-003
   5.0495410155906377        7.2998877625855233E-004   2.9650784811129679E-003   1.0302550998735603E-003
   5.2279001269311909        7.4367695046805786E-004   2.9650784811129679E-003   1.0467588655954118E-003
   5.4125592113782046        7.5691217300422975E-004   2.9650784811129679E-003   1.0626876317637241E-003
   5.6037407956130689        7.6968286045439919E-004   2.9650784811129679E-003   1.0780113479384402E-003
   5.8016752663703963        7.8198003963744127E-004   2.9650784811129679E-003   1.0927055134387048E-003
   6.0066011480696169        7.9379729455158479E-004   2.9650784811129679E-003   1.1067512316635412E-003
   6.2187653902530293        8.0513069389462203E-004   2.9650784811129679E-003   1.1201351691152656E-003
   6.4384236651766908        8.1597870061881402E-004   2.9650784811129679E-003   1.1328494242323461E-003
   6.6658406759127811        8.2634206520227379E-004   2.9650784811129679E-003   1.1448913137329074E-003
   6.9012904753346884        8.3622370451339140E-004   2.9650784811129679E-003   1.1562630863415403E-003
   7.1450567963692624        8.4562856830481430E-004   2.9650784811129679E-003   1.1669715754241464E-003
   7.3974330131920443        8.5456348258849653E-004   2.9650784811129679E-003   1.1770277886996171E-003
   7.6587243988323896        8.6303706244020967E-004   2.9650784811129679E-003   1.1864465491523246E-003
   7.9292442763577622        8.7105941395118028E-004   2.9650784811129679E-003   1.1952458844631379E-003
   8.2093202460023029        8.7864216012195314E-004   2.9650784811129679E-003   1.2034467707435601E-003
   8.4992881560440416        8.8579808806835809E-004   2.9650784811129679E-003   1.2110724614049762E-003
   8.7994991583321234        8.9254116745148535E-004   2.9650784811129679E-003   1.2181482315295076E-003
   9.1103132457223861        8.9888622149988343E-004   2.9650784811129679E-003   1.2247007662998955E-003
   9.4321068148357909        9.0484893249608391E-004   2.9650784811129679E-003   1.2307579260047560E-003
   9.7652657388916850        9.1044554226045373E-004   2.9650784811129679E-003   1.2363482193435882E-003
   10.110193474162946        9.1569285231538858E-004   2.9650784811129679E-003   1.2415006126361874E-003
   10.467303634806061        9.2060795780289292E-004   2.9650784811129679E-003   1.2462441000671695E-003
   10.837027566606025        9.2520823531295668E-004   2.9650784811129679E-003   1.2506075561307267E-003
   11.219811965471335        9.2951117845731788E-004   2.9650784811129679E-003   1.2546194655905318E-003
   11.616115840724994        9.3353426096758247E-004   2.9650784811129679E-003   1.2583077111422926E-003
   12.026419117330413        9.3729493224204178E-004   2.9650784811129679E-003   1.2616995080504401E-003
   12.451213803399156        9.4081044127707839E-004   2.9650784811129679E-003   1.2648212029894013E-003
   12.891014326336300        9.4409785709917058E-004   2.9650784811129679E-003   1.2676982717323196E-003
   13.346348065368609        9.4717392736663351E-004   2.9650784811129679E-003   1.2703551887352103E-003
   13.817766430769083        9.5005510980898406E-004   2.9650784811129679E-003   1.2728154637644106E-003
   14.305834715756038        9.5275746282213211E-004   2.9650784811129679E-003   1.2751015675817388E-003
   14.811143972217785        9.5529668786306632E-004   2.9650784811129679E-003   1.2772349977371021E-003
   15.334300133051286        9.5768804831393515E-004   2.9650784811129679E-003   1.2792362464853014E-003
   15.875936741648431        9.5994642172568545E-004   2.9650784811129679E-003   1.2811248869211242E-003
   16.436703292225193        9.6208624246186798E-004   2.9650784811129679E-003   1.2829195709679242E-003
   17.017278874447534        9.6412156198373545E-004   2.9650784811129679E-003   1.2846381286113128E-003
   17.618359675531394        9.6606601049759185E-004   2.9650784811129679E-003   1.2862975858747205E-003
   18.240671728221173        9.6793285791133454E-004   2.9650784811129679E-003   1.2879142669258254E-003
   18.884968846184627        9.6973502250936796E-004   2.9650784811129679E-003   1.2895038524552919E-003
   19.552019805756849        9.7148506144259397E-004   2.9650784811129679E-003   1.2910814194638418E-003
   20.242632201214423        9.7319526515095018E-004   2.9650150762025869E-003   1.2926614392664221E-003
   20.957638264717446        9.7487764828217552E-004   2.9648632713552385E-003   1.2942579614998939E-003
   21.697899624358065        9.7654399807361016E-004   2.9647482753395920E-003   1.2958850432195214E-003
   22.464312967141105        9.7820592541358821E-004   2.9646611624977639E-003   1.2975562247339472E-003
   23.257792778673313        9.7987487055990947E-004   2.9645951727625503E-003   1.2992848131454127E-003
   24.079299719823517        9.8156221146059931E-004   2.9645451838672312E-003   1.3010840150785086E-003
   24.929823759061236        9.8327927808519191E-004   2.9645073160132814E-003   1.3029669698244944E-003
   25.810395145829254        9.8503743112383002E-004   2.9644786300074832E-003   1.3049468425059584E-003
   26.722064579292049        9.8684808289004728E-004   2.9644568997793425E-003   1.3070368466674121E-003
   27.665935811728254        9.8872282702581896E-004   2.9644404385813050E-003   1.3092503833737762E-003
   28.643146268414043        9.9067346840560865E-004   2.9644279688069851E-003   1.3116010621701695E-003
   29.654879655490589        9.9271212060951281E-004   2.9644185225885938E-003   1.3141027934208214E-003
   30.702343174827575        9.9195760338079619E-004   2.6253071165646185E-003   1.3126508703813539E-003
   31.786804983723918        9.9030419036468843E-004   2.2210096001920600E-003   1.3099391168531216E-003
   32.909571928103169        9.8919210715338714E-004   1.9147439945101810E-003   1.3080234073966283E-003
   34.072004028335677        9.8853450595626940E-004   1.6827388496760041E-003   1.3067831485539440E-003
   35.275488300232773        9.8826256861821778E-004   1.5069902716905446E-003   1.3061207139916087E-003
   36.521481794408061        9.8832218820202626E-004   1.3738562738184275E-003   1.3059576743114233E-003
   37.811486012809581        9.8867131545949749E-004   1.2730038994061615E-003   1.3062316435760524E-003
   39.147055493126302        9.8927778754101612E-004   1.1966056721527325E-003   1.3068935657626940E-003
   40.529808025860810        9.9011757555524560E-004   1.1387317827894704E-003   1.3079054385004237E-003
   41.961393513511240        9.9117333388630221E-004   1.0948911439736737E-003   1.3092383650038567E-003
   43.443545167355794        9.9243326445316946E-004   1.0616807500022488E-003   1.3108709727385360E-003
   44.978049075047366        9.9389014220954567E-004   1.0365230356639335E-003   1.3127880253444640E-003
   46.566763998623138        9.9554053942722300E-004   1.0174653319894923E-003   1.3149792791708466E-003
   48.211585595230147        9.9738412324517842E-004   1.0030287369612015E-003   1.3174384279474238E-003
   49.914505239722644        9.9942314915184901E-004   9.9209265068495446E-004   1.3201623013395518E-003
   51.677575059319224        1.0016619281807079E-003   9.8380828842313376E-004   1.3231500238222154E-003
   53.502930680545909        1.0041064045678285E-003   9.7753264195563983E-004   1.3264023162246710E-003
   55.392750120602578        1.0067636792676759E-003   9.7277871314345660E-004   1.3299207223289560E-003
   57.349321371645829        1.0096416936596539E-003   9.6917749169620458E-004   1.3337070470306940E-003
   59.375002227322796        1.0127487717050078E-003   9.6644947526505569E-004   1.3377626068633186E-003
   61.472246417894510        1.0160932467936387E-003   9.6438292311072876E-004   1.3420875971246026E-003
   63.643556378429672        1.0196829619587217E-003   9.6281746816051256E-004   1.3466803047826833E-003
   65.891560899834928        1.0235249570931515E-003   9.6163159639756817E-004   1.3515365801938250E-003
   68.218968971510208        1.0276249493559003E-003   9.6073326851022726E-004   1.3566490675427654E-003
   70.628585269218178        1.0273288211079469E-003   9.5872159782801132E-004   1.3556553165792592E-003
   73.123328588587739        1.0153978556109056E-003   9.5385233451280454E-004   1.3385185339920319E-003
   75.706175661273647        1.0057890966216816E-003   9.5016376931268394E-004   1.3242938908329660E-003
   78.380253523498894        9.9808067546447573E-004   9.4736958777714292E-004   1.3125162657356803E-003
   81.148784610322849        9.9193072329431141E-004   9.4525292451380118E-004   1.3027861607285572E-003
   84.015122474940881        9.8706221396839848E-004   9.4364949024672697E-004   1.2947614681967734E-003
   86.982687236203873        9.8325085598340131E-004   9.4243485643964817E-004   1.2881508016045139E-003
   90.055071705548812        9.8031500446193066E-004   9.4151474057560308E-004   1.2827071339857744E-003
   93.235978303002270        9.7810772764402292E-004   9.4081772951076868E-004   1.2782224488399622E-003
   96.529260096906100        9.7651021854659021E-004   9.4028972326374433E-004   1.2745225636049070E-003
   99.938826062156153        9.7542650539372844E-004   9.3988974993692372E-004   1.2714625580828459E-003
   103.46886588546354        9.7477902808281250E-004   9.3958675639736018E-004   1.2689223381081901E-003
   107.12359379692580        9.7450518619071364E-004   9.3935723149719699E-004   1.2668031145832148E-003
   110.90736836557576        9.7455438640178284E-004   9.3918336264919465E-004   1.2650239582632204E-003
   114.82483910697920        9.7488569881120615E-004   9.3905165102208714E-004   1.2635188766681549E-003
   118.88068277378797        9.7546591882409701E-004   9.3895187629386705E-004   1.2622344553737442E-003
   123.07973629915718        9.7626797593367801E-004   9.3887629531314064E-004   1.2611276578777520E-003
   127.42715949490271        9.7726968796016346E-004   9.3881904012301225E-004   1.2601639912586176E-003
   131.92808807993632        9.7845264222597302E-004   9.3877566838451016E-004   1.2593160646144929E-003
   136.58805281121437        9.7980144329078058E-004   9.3874281280219058E-004   1.2585622071839336E-003
   141.41261684513370        9.8130293961004415E-004   9.3871792390765366E-004   1.2578854599418216E-003
   146.40753387824964        9.8294571367307446E-004   9.3869907016490609E-004   1.2572726354332612E-003
   151.57894168226974        9.6525946298019129E-004   9.3076912881991049E-004   1.2359853542552571E-003
   156.93294936957258        9.1310530408561660E-004   9.0879262301490752E-004   1.1779576823874179E-003
   162.47613596373097        8.7410778135189188E-004   8.9214466467742398E-004   1.1339215711659158E-003
   168.21511902855468        8.4510602903982565E-004   8.7953343547148087E-004   1.1004880553195017E-003
   174.15674278185460        8.2370026764457503E-004   8.6998022406674152E-004   1.0750899084986569E-003
   180.30830831190286        8.0806786086575378E-004   8.6274333814563922E-004   1.0557818821168902E-003
   186.67715947709803        7.9682535596598599E-004   8.5726122284728262E-004   1.0410913965693961E-003
   193.27089166569760        7.8892164949180056E-004   8.5310843127279644E-004   1.0299029377958814E-003
   200.09760727912413        7.8355763239904897E-004   8.4996254895056979E-004   1.0213712151237748E-003
   207.16537088595135        7.8012582896576767E-004   8.4757949188389483E-004   1.0148563380503266E-003
   214.48286737908427        7.7816361913927176E-004   8.4577424426564979E-004   1.0098732278898694E-003
   222.05883252794877        7.7731851186889291E-004   8.4440672573721416E-004   1.0060545470970655E-003
   229.90230130529540        7.7732135898276504E-004   8.4337080819192460E-004   1.0031218683057123E-003
   238.02291179328489        7.7796624235152258E-004   8.4258606505359379E-004   1.0008640229083095E-003
   246.43025707061713        7.7909516038708495E-004   8.4199160935252996E-004   9.9912095964575548E-004
   255.13466811288930        7.8058649121806383E-004   8.4154128873138170E-004   9.9777113134168075E-004
   264.14653641505117        7.8234613775633071E-004   8.4120016002031726E-004   9.9672227657963291E-004
   273.47660938458705        7.8430091180992242E-004   8.4094174946891358E-004   9.9590424196028919E-004
   283.13635184814427        7.8639359838011274E-004   8.4074599459632593E-004   9.9526359722811411E-004
   293.13729579387660        7.8857902678166952E-004   8.4059770556794478E-004   9.9475962833948852E-004
   303.49136818478553        7.9082128088055952E-004   8.4048537421515124E-004   9.9436122710371347E-004
   314.21129214162710        7.9309163848159897E-004   8.4040027935530738E-004   9.9404456028179245E-004
   325.30973137660959        7.9536677563240362E-004   8.4033581861383318E-004   9.9379134327184514E-004
   336.80032369109853        7.9762777788379749E-004   8.4028698738706684E-004   9.9358748116415343E-004
   348.69678677735646        7.9985905456940345E-004   8.4024999655728119E-004   9.9342208822398963E-004
   361.01330816366544        8.0204775357108841E-004   8.4022197540159027E-004   9.9328671820858344E-004
   373.76502243504467        8.0161604347565917E-004   8.3676095011255241E-004   9.8858910495207351E-004
   386.96715283564077        7.9345046199560520E-004   8.2311670459493625E-004   9.7033490136276329E-004
   400.63544401132759        7.8760357400518128E-004   8.1278096651902338E-004   9.5650927801059927E-004
   414.78669160661980        7.8350422959733439E-004   8.0495128975413338E-004   9.4603713566389542E-004
   429.43761284149554        7.8071655540216240E-004   7.9902018215595016E-004   9.3810481021176838E-004
   444.60621081975989        7.7890778492439112E-004   7.9452716433656872E-004   9.3209571342076308E-004
   460.31059410826708        7.7782425657956758E-004   7.9112359517823929E-004   9.2754312914923771E-004
   476.56949149896485        7.7727271685339942E-004   7.8854533613867861E-004   9.2409354806639757E-004
   493.40288198244309        7.7710615234178704E-004   7.8659221631814484E-004   9.2147913451215359E-004
   510.83065126063684        7.7721297525666535E-004   7.8511269626188097E-004   9.1949717091426844E-004
   528.87421463804299        7.7750870445692031E-004   7.8399190897773460E-004   9.1799403468621895E-004
   547.55511287104378        7.7792961792104757E-004   7.8314288562935264E-004   9.1685344528087546E-004
   566.89562449487210        7.7842789101646422E-004   7.8249973662284169E-004   9.1598733281759103E-004
   586.91951519858117        7.7896790014250522E-004   7.8201252914954461E-004   9.1532897962142356E-004
   607.65068989177485        7.7952333478018151E-004   7.8164345776000552E-004   9.1482789440905810E-004
   629.11387223602765        7.8007502670182670E-004   7.8136388017481257E-004   9.1444584468218526E-004
   651.33543626567803        7.8060929076338562E-004   7.8115209054675783E-004   9.1415387623481714E-004
   674.34163286578985        7.8111658825171881E-004   7.8099165645606808E-004   9.1393008823221556E-004
   698.16073213207346        7.8159058314104888E-004   7.8087012211928888E-004   9.1375789693192257E-004
   722.82116976782140        7.6799333529216363E-004   7.6674355377579276E-004   8.8676260584693938E-004
   748.35235540965130        7.5391005208274079E-004   7.5219275504854913E-004   8.5894225337273503E-004
   774.78566186873422        7.4329761707214292E-004   7.4117002499593672E-004   8.3786473727094266E-004
   802.15264573967897        7.3530514197058710E-004   7.3282004163156475E-004   8.2189536658421730E-004
   830.48594444209971        7.2928876678285512E-004   7.2649479331490178E-004   8.0979567707965827E-004
   859.82037403360118        7.2476132853686122E-004   7.2170320035720801E-004   8.0062714200812124E-004
   890.19058800385733        7.2135473777763489E-004   7.1807349069585706E-004   7.9367926137308446E-004
   921.63390537915473        7.1879068080013531E-004   7.1532386089776824E-004   7.8841348539506720E-004
   954.18786380243341        7.1685908389610786E-004   7.1324095013404270E-004   7.8442207293311756E-004
   987.89128659474920        7.1540140066264136E-004   7.1166311132561764E-004   7.8139611761890741E-004
   1022.7855886411724        7.1429805183938916E-004   7.1046784420813385E-004   7.7910152875184009E-004
   1058.9119914466876        7.1345903407153840E-004   7.0956240991049266E-004   7.7736109426796460E-004
   1096.3148872627712        7.1281661317623159E-004   7.0887651231611639E-004   7.7604049217270253E-004
   1135.0389283928459        7.1231995133900594E-004   7.0835692837680538E-004   7.7503802879363970E-004
   1175.1302964981960        7.1193094110174313E-004   7.0796333508516853E-004   7.7427666301458189E-004
   1216.6382559936744        7.1162107364835235E-004   7.0766517464150342E-004   7.7369801486025589E-004
   1259.6123598874483        7.1136909957576473E-004   7.0743931092782637E-004   7.7325788745354355E-004
   1304.1038583964914        7.1115922089565284E-004   7.0726821548818431E-004   7.7292280001654151E-004
   1350.1674228314519        7.1097973168779145E-004   7.0713860481321389E-004   7.7266738350696923E-004
   1397.8574692241625        5.9358709951038628E-004   5.9051914035813458E-004   6.4426495120320948E-004
   1447.2325992722181        4.9470902045825810E-004   4.9230473109955692E-004   5.3595963478757236E-004
   1498.3517579647787        4.1980842532384470E-004   4.1790495177660130E-004   4.5391558868650823E-004
   1551.2759091786245        3.1922773586750289E-004   3.1781530961662085E-004   3.4517216479846500E-004
   1606.0700862978565        2.4179616161762330E-004   2.4075274778347989E-004   2.6147377763481437E-004
   1662.7990190437411        1.8314583602840821E-004   1.8237660279707982E-004   1.9807160264667315E-004
   1721.5324161293761        1.3872064689122920E-004   1.3815466695981036E-004   1.5004279155713158E-004
   1782.3403946248577        1.0507111839857191E-004   1.0465548601106930E-004   1.1366018019035288E-004
   1845.2954731357936        7.9583956798983440E-005   7.9279311154286769E-005   8.6100023134665643E-005
   1910.4750110852074        6.0278857121880139E-005   6.0055986685475586E-005   6.5222443716676269E-005
   1977.9568210713478        4.5656585816258328E-005   4.5493855638413827E-005   4.9407306051029669E-005
   2047.8213808026539        3.4581384990117246E-005   3.4462804332918998E-005   3.7427173446871055E-005
   2120.1545400970977        2.6192630452377742E-005   2.6106403903208257E-005   2.8351874534473474E-005
   2195.0417479108573        1.9838853538199472E-005   1.9776294555098843E-005   2.1477230906931862E-005
   2272.5750259096239        1.5026295745032859E-005   1.4981019199040237E-005   1.6269480887424533E-005
   2352.8469348264384        1.1381163053074030E-005   1.1348482680449826E-005   1.2324503664586797E-005
   2435.9532056335870        8.6202950597396455E-006   8.5967771384412342E-006   9.3361310725732358E-006
   2521.9959596104222        6.5291327136621954E-006   6.5122656320697609E-006   7.0723432918713060E-006
   2611.0779162676686        4.9452485435369241E-006   4.9331979856728866E-006   5.3574735367555302E-006
   2703.3053132971791        3.7455999052493781E-006   3.7370285400088538E-006   4.0584337001937417E-006
   2798.7914800504532        2.8369543856379460E-006   2.8308890803206448E-006   3.0743669975406046E-006
   2897.6492167059700        2.1487397712686787E-006   2.1444736897813080E-006   2.3289202860443959E-006
   3000.0000000000000        1.6274695363950207E-006   1.6244904437958737E-006   1.7642181946786954E-006
