         200   4370.0000000000000     
   3.0000000000000000        1.2783320983798105E-003   11.940011588796995        6.2423859499952117E-004
   3.1059655287322618        1.3679397136515587E-003   11.940011588796995        6.6546574517007393E-004
   3.2156739552243598        1.4635036973750237E-003   11.940011588796995        7.0955043254112681E-004
   3.3292574962321346        1.5653487309204468E-003   11.940011588796995        7.5669061007361854E-004
   3.4468529954360925        1.6738101063153543E-003   11.940011588796995        8.0709718422960195E-004
   3.5686022069563790        1.7892347956942299E-003   11.940011588796995        8.6099475597133351E-004
   3.6946518254059528        1.9119827276492753E-003   11.940011588796995        9.1862227094355992E-004
   3.8251536998800524        2.0424287247263703E-003   11.940011588796995        9.8023376408630340E-004
   3.9602651907155879        2.1809651403098449E-003   11.940011588796995        1.0460991994529277E-003
   4.1001490688558144        2.3280046186628417E-003   11.940011588796995        1.1165051185146819E-003
   4.2449739038313119        2.4839839503011229E-003   11.940011588796995        1.1917555504578231E-003
   4.3949142193596993        2.6493683170212105E-003   11.940011588796995        1.2721728540177665E-003
   4.5501507036585132        2.8246562093557897E-003   11.940011588796995        1.3580986347110368E-003
   4.7108703059600501        3.0103848138939649E-003   11.940011588796995        1.4498946569754265E-003
   4.8772669425686850        3.2071366872159870E-003   11.940011588796995        1.5479441822521234E-003
   5.0495410155906377        3.4155455984728423E-003   11.940011588796995        1.6526527176091484E-003
   5.2279001269311909        3.6363042521318223E-003   11.940011588796995        1.7644495522750614E-003
   5.4125592113782046        3.8701718029955884E-003   11.940011588796995        1.8837890924294138E-003
   5.6037407956130689        4.1179819300469949E-003   11.940011588796995        2.0111524138502544E-003
   5.8016752663703963        4.3806512956890611E-003   11.940011588796995        2.1470489879566257E-003
   6.0066011480696169        4.6591883582726380E-003   11.940011588796995        2.2920186032187807E-003
   6.2187653902530293        4.9547025172438138E-003   11.940011588796995        2.4466335041511199E-003
   6.4384236651766908        5.2684135855713592E-003   11.940011588796995        2.6115007699994441E-003
   6.6658406759127811        5.6016616033316416E-003   11.940011588796995        2.7872649548288443E-003
   6.9012904753346884        5.9559170294254870E-003   11.940011588796995        2.9746110100834543E-003
   7.1450567963692624        6.3327913753778468E-003   11.940011588796995        3.1742675099204845E-003
   7.3974330131920443        6.7340477620818498E-003   11.940011588796995        3.3870098733069010E-003
   7.6587243988323896        7.1616158265143505E-003   11.940011588796995        3.6136658804354362E-003
   7.9292442763577622        7.6175975552742262E-003   11.940011588796995        3.8551162963672966E-003
   8.2093202460023029        8.1042906297047364E-003   11.940011588796995        4.1123045997855032E-003
   8.4992881560440416        8.6241925878757838E-003   11.940011588796995        4.3862362654651229E-003
   8.7994991583321234        9.1800290093416535E-003   11.940011588796995        4.6779903199338571E-003
   9.1103132457223861        9.7747596814538838E-003   11.940011588796995        4.9887187079973912E-003
   9.4321068148357909        1.0411612672356668E-002   11.940011588796995        5.3196595739966835E-003
   9.7652657388916850        1.1094093732769081E-002   11.940011588796995        5.6721367104322715E-003
   10.110193474162946        1.1826028124314821E-002   11.940011588796995        6.0475747904297677E-003
   10.467303634806061        1.2611574555679296E-002   11.940011588796995        6.4474989147516471E-003
   10.837027566606025        1.3455274040204093E-002   11.940011588796995        6.8735507741795130E-003
   11.219811965471335        1.4362082299889509E-002   11.940011588796995        7.3274948598848711E-003
   11.616115840724994        1.5337403304609918E-002   11.940011588796995        7.8112239994956355E-003
   12.026419117330413        1.6387155224416892E-002   11.940011588796995        8.3267797167404720E-003
   12.451213803399156        1.7517797860251795E-002   11.940011588796995        8.8763523069951607E-003
   12.891014326336300        1.8736411949285922E-002   11.940011588796995        9.4623056262110733E-003
   13.346348065368609        2.0050729685637623E-002   11.940011588796995        1.0087177588829632E-002
   13.817766430769083        2.1469223653497491E-002   11.940011588796995        1.0753708808062737E-002
   14.305834715756038        2.3001137227793202E-002   11.940011588796995        1.1464843678301291E-002
   14.811143972217785        2.4656581174134478E-002   11.940011588796995        1.2223763517591713E-002
   15.334300133051286        2.6446560586328244E-002   11.940011588796995        1.3033888398704552E-002
   15.875936741648431        2.8383077994143552E-002   11.940011588796995        1.3898915511807922E-002
   16.436703292225193        3.0479154567850750E-002   11.940011588796995        1.4822821885271771E-002
   17.017278874447534        3.2748940276262822E-002   11.940011588796995        1.5809908742627068E-002
   17.618359675531394        3.5207728301380165E-002   11.940011588796995        1.6864805209578251E-002
   18.240671728221173        3.7872065413140796E-002   11.940011588796995        1.7992516036508831E-002
   18.884968846184627        4.0759807611970789E-002   11.940011588796995        1.9198447315205713E-002
   19.552019805756849        4.3890119207921678E-002   11.940011588796995        2.0488412314659490E-002
   20.242632201214423        4.7283633535795087E-002   11.939765528298471        2.1868708640674910E-002
   20.957638264717446        5.0962435815192497E-002   11.939176407105929        2.3346127171602515E-002
   21.697899624358065        5.4950115874650603E-002   11.938730132885716        2.4927998777775268E-002
   22.464312967141105        5.9271810680957077E-002   11.938392067124573        2.6622246319653368E-002
   23.257792778673313        6.3954087528042186E-002   11.938135975489930        2.8437389013217979E-002
   24.079299719823517        6.9025048945380418E-002   11.937941979592310        3.0382650492342719E-002
   24.929823759061236        7.4514139903206850E-002   11.937795022787782        3.2467970120993610E-002
   25.810395145829254        8.0452067021685281E-002   11.937683698714538        3.4704080158297186E-002
   26.722064579292049        8.6870460610719638E-002   11.937599368483061        3.7102508471127914E-002
   27.665935811728254        9.3801839939628109E-002   11.937535486197428        3.9675717451374340E-002
   28.643146268414043       0.10127918443399152        11.937487093748530        4.2437114031621981E-002
   29.654879655490589       0.10933569299975200        11.937450435054547        4.5401145178156903E-002
   30.702343174827575       0.11786565876015490        11.924310491529521        4.8523482561814428E-002
   31.786804983723918       0.12699171125107356        11.908656657310349        5.1859782487860960E-002
   32.909571928103169       0.13681386112398231        11.896798481525838        5.5457430662455634E-002
   34.072004028335677       0.14735797957476748        11.887815566894519        5.9333542413158372E-002
   35.275488300232773       0.15864940303182976        11.881010827828268        6.3506891756515069E-002
   36.521481794408061       0.17071313129798721        11.875856065685960        6.7998048199290409E-002
   37.811486012809581       0.18357358472876659        11.871951202841807        7.2829298053005212E-002
   39.147055493126302       0.19725486090834515        11.868993170364165        7.8024687822940669E-002
   40.529808025860810       0.21178121994373297        11.866752374333963        8.3610087525712778E-002
   41.961393513511240       0.22717732988015613        11.865054926132359        8.9613091272015430E-002
   43.443545167355794       0.24346956503452205        11.863769066139305        9.6063256788916224E-002
   44.978049075047366       0.26068661257826048        11.862794994635960       0.10299202198827294     
   46.566763998623138       0.27886074428589852        11.862057107011488       0.11043283522189136     
   48.211585595230147       0.29802854542292945        11.861498142248886       0.11842103537849680     
   49.914505239722644       0.31823276215509927        11.861074712287939       0.12699418434032367     
   51.677575059319224       0.33952305131116289        11.860753953371034       0.13619197176475800     
   53.502930680545909       0.36195730208283905        11.860510969119476       0.14605640793364269     
   55.392750120602578       0.38560200818748569        11.860326903646655       0.15663168864864274     
   57.349321371645829       0.41053372946619582        11.860187469390350       0.16796466258397036     
   59.375002227322796       0.43683890488287008        11.860081844410622       0.18010473204907709     
   61.472246417894510       0.46461408753466460        11.860001830402362       0.19310413201186308     
   63.643556378429672       0.49396474278944241        11.859941218176756       0.20701776842516392     
   65.891560899834928       0.52500517480388875        11.859895302881137       0.22190383547274212     
   68.218968971510208       0.55785625232596947        11.859860520882114       0.23782366323759699     
   70.628585269218178       0.58916641135948622        11.858472757455223       0.25331820857027482     
   73.123328588587739       0.61361139263190878        11.854000098955160       0.26605134934013447     
   75.706175661273647       0.64168375058008609        11.850611969904124       0.28063640235075776     
   78.380253523498894       0.67315771679124914        11.848045376358716       0.29700624316692176     
   81.148784610322849       0.70785698836726030        11.846101116760558       0.31512203426115326     
   84.015122474940881       0.74564060996097270        11.844628283307211       0.33496854084106986     
   86.982687236203873       0.78638990147991539        11.843512582251412       0.35654955339125233     
   90.055071705548812       0.82999974843886648        11.842667410451487       0.37988510789778068     
   93.235978303002270       0.87636960008979914        11.842027171412871       0.40500800311008711     
   96.529260096906100       0.92539764499559751        11.841542171634474       0.43196138532656669     
   99.938826062156153       0.97697461631185156        11.841174776407668       0.46079543030197551     
   103.46886588546354        1.0309838656997965        11.840896461898385       0.49156677908854313     
   107.12359379692580        1.0872954484549984        11.840685631957742       0.52433391771734084     
   110.90736836557576        1.1457668876393430        11.840525924845876       0.55915555749517420     
   114.82483910697920        1.2062451919374642        11.840404941220573       0.59608923368104327     
   118.88068277378797        1.2685629903382944        11.840313293211958       0.63518576763520773     
   123.07973629915718        1.3325410218944729        11.840243868353609       0.67648688888232700     
   127.42715949490271        1.3979909732455214        11.840191276637716       0.72002272424182412     
   131.92808807993632        1.4647103339781322        11.840151437556887       0.76580343688985719     
   136.58805281121437        1.5324884065098747        11.840121258084151       0.81381753485664665     
   141.41261684513370        1.6011001438335597        11.840098396407013       0.86402117663706490     
   146.40753387824964        1.6703073574957601        11.840081078314450       0.91633145282089390     
   151.57894168226974        1.7210479055733894        11.833591063675158       0.94982843139564010     
   156.93294936957258        1.7360025270507475        11.815607958993114       0.94221601007805378     
   162.47613596373097        1.7604028689270357        11.801985139233585       0.94343138076454314     
   168.21511902855468        1.7917230931699033        11.791665525324433       0.95231056853337837     
   174.15674278185460        1.8279781133062776        11.783848249809134       0.96773117426083943     
   180.30830831190286        1.8675851507207477        11.777926394977188       0.98857644939213440     
   186.67715947709803        1.9092571737578607        11.773440447385489        1.0137154281542937     
   193.27089166569760        1.9519274711449544        11.770042269064106        1.0419983392087522     
   200.09760727912413        1.9946953974856894        11.767468032212273        1.0722633931806891     
   207.16537088595135        2.0367826686516532        11.765518005894426        1.1033482947562674     
   214.48286737908427        2.0775091778285399        11.764040793948917        1.1341143114439793     
   222.05883252794877        2.1162703777286520        11.762921770339354        1.1634717122794673     
   229.90230130529540        2.1525266523998328        11.762074091740034        1.1904145788456988     
   238.02291179328489        2.1857974160548843        11.761431946071816        1.2140587158990641     
   246.43025707061713        2.2156548600646779        11.760945510275519        1.2336763061104741     
   255.13466811288930        2.2417263843860797        11.760577018444167        1.2487300279187825     
   264.14653641505117        2.2636930237094095        11.760297877011242        1.2588935396826788     
   273.47660938458705        2.2812926771269488        11.760086422832048        1.2640610998323201     
   283.13635184814427        2.2943227903272758        11.759926239024978        1.2643406403451909     
   293.13729579387660        2.3026412039971516        11.759804895935044        1.2600315162912517     
   303.49136818478553        2.3061685857764895        11.759712976569231        1.2515908389102517     
   314.21129214162710        2.3048890380151650        11.759643344490954        1.2395911107818998     
   325.30973137660959        2.2988496820766220        11.759590597058203        1.2246766049902524     
   336.80032369109853        2.2881591938814476        11.759550639065308        1.2075199960224088     
   348.69678677735646        2.2729857311162949        11.759520369923806        1.1887870360488979     
   361.01330816366544        2.2535534935127957        11.759497440556391        1.1691075874518952     
   373.76502243504467        2.2176059693175159        11.334495853060877        1.1229886976575298     
   386.96715283564077        2.1380975779098250        9.6507341800575688       0.98843696602615427     
   400.63544401132759        2.0636830224136169        8.3752573050659151       0.86721995035708732     
   414.78669160661980        1.9927879256303269        7.4090397423792496       0.76018639313076508     
   429.43761284149554        1.9242721072966431        6.6771142108879635       0.66731478598501881     
   444.60621081975989        1.8573296569213471        6.1226554692425852       0.58789029731903397     
   460.31059410826708        1.7914199678716562        5.7026396249941955       0.52075525239984077     
   476.56949149896485        1.7262052560921393        5.3844707861030159       0.46452562926240604     
   493.40288198244309        1.6615001652493089        5.1434469572403501       0.41775619694510696     
   510.83065126063684        1.5972385807017884        4.9608674835741455       0.37905498143080679     
   528.87421463804299        1.5334366184999269        4.8225572581978282       0.34714312643735162     
   547.55511287104378        1.4701733619574862        4.7177839329415088       0.32089021145996316     
   566.89562449487210        1.4075690144356510        4.6384164335958182       0.29932285125794766     
   586.91951519858117        1.3457673120941416        4.5782928254944570       0.28162077669994268     
   607.65068989177485        1.2849279755408824        4.5327477450056728       0.26710658796055359     
   629.11387223602765        1.2252151902187298        4.4982466051683065       0.25522858839055024     
   651.33543626567803        1.1667885549468704        4.4721108061607380       0.24554262695264237     
   674.34163286578985        1.1098028724968478        4.4523125129829912       0.23769536142044129     
   698.16073213207346        1.0543989941914453        4.4373146255617186       0.23140711742424713     
   722.82116976782140       0.99782482050529253        4.4230728995200925       0.22265689302210853     
   748.35235540965130       0.94298447723392709        4.4114944426353020       0.21501676047718093     
   774.78566186873422       0.89078717610063540        4.4027233636684961       0.20939442668095265     
   802.15264573967897       0.84114113429994974        4.3960790602054693       0.20542691667775359     
   830.48594444209971       0.79398187920575836        4.3910458921785622       0.20284204280833770     
   859.82037403360118       0.74926139379058798        4.3872330944407709       0.20143697367577212     
   890.19058800385733       0.70694547730372659        4.3843448380909908       0.20106208885979943     
   921.63390537915473       0.66700518468817349        4.3821568846553829       0.20160850966102115     
   954.18786380243341       0.62941776803765215        4.3804994572574216       0.20299891714826007     
   987.89128659474920       0.59416370784939387        4.3792439290244447       0.20518060111008013     
   1022.7855886411724       0.56122529036730440        4.3782928232435889       0.20812047412924450     
   1058.9119914466876       0.53059003371946800        4.3775723451328163       0.21180110542704988     
   1096.3148872627712       0.50224887199858426        4.3770265582057366       0.21621825277914880     
   1135.0389283928459       0.47620074985565330        4.3766131114697817       0.22137860128496281     
   1175.1302964981960       0.45245402885936503        4.3762999188373524       0.22729846008752222     
   1216.6382559936744       0.43102900676759737        4.3760626646558753       0.23400306513548191     
   1259.6123598874483       0.41196346711206699        4.3758829389020057       0.24152555666160461     
   1304.1038583964914       0.39531617385731593        4.3757467937179415       0.24990681677655890     
   1350.1674228314519       0.38117144767326333        4.3756436590625762       0.25919570107656653     
   1397.8574692241625       0.30346298057616095        3.4530945273168787       0.21895877317366308     
   1447.2325992722181       0.23952593956625920        2.6184360474890731       0.18254692247657936     
   1498.3517579647787       0.19190844253519823        1.9861621563359770       0.15443777424991273     
   1551.2759091786245       0.14314514203552267        1.5046432937012693       0.12264409662913880     
   1606.0700862978565       0.10745025270025912        1.1398035161664910        9.7361846842023814E-002
   1662.7990190437411        8.1479369406817159E-002  0.86343144594785926        7.7443590066602425E-002
   1721.5324161293761        6.2475447034851257E-002  0.65407010563892509        6.1717458360216811E-002
   1782.3403946248577        4.8474060465392002E-002  0.49547385041191655        4.9275595583541054E-002
   1845.2954731357936        3.8073841608350402E-002  0.37533460550232634        3.9412403743977573E-002
   1910.4750110852074        3.0274075462377117E-002  0.28432499907546233        3.1577964775453549E-002
   1977.9568210713478        2.4360040531269129E-002  0.21538303133831593        2.5343260699017281E-002
   2047.8213808026539        1.9820479118921593E-002  0.16315836856385876        2.0372553001883113E-002
   2120.1545400970977        1.6289144527094120E-002  0.12359639188874551        1.6402409701473605E-002
   2195.0417479108573        1.3503554143285690E-002   9.3627550581138599E-002   1.3226005809373650E-002
   2272.5750259096239        1.1274985919913395E-002   7.0925123455622949E-002   1.0680320449109739E-002
   2352.8469348264384        9.4675712212444439E-003   5.3727488393878087E-002   8.6368196224409673E-003
   2435.9532056335870        7.9830569317290261E-003   4.0699999897435828E-002   6.9938658626717536E-003
   2521.9959596104222        6.7499741423657023E-003   3.0831229690964499E-002   5.6708959808293149E-003
   2611.0779162676686        5.7160245625268785E-003   2.3355398689249039E-002   4.6040252265779251E-003
   2703.3053132971791        4.8425071120240934E-003   1.7692335016451618E-002   3.7424529813932391E-003
   2798.7914800504532        4.1003715915792008E-003   1.3402369681481969E-002   3.0456905320039159E-003
   2897.6492167059700        3.4674979683498725E-003   1.0152651109666733E-002   2.4814674862878362E-003
   3000.0000000000000        2.9266513574728033E-003   7.6908776197338689E-003   2.0239669378423288E-003
