         200   4370.0000000000000     
   3.0000000000000000        6.1579426583100874E-003  0.12657625389206342        5.7439838374759326E-003
   3.1059655287322618        6.6287927511628512E-003  0.12657625389206342        6.2438030114248724E-003
   3.2156739552243598        7.1353316352539622E-003  0.12657625389206342        6.7897682813060712E-003
   3.3292574962321346        7.6795340395706436E-003  0.12657625389206342        7.3861519715868445E-003
   3.4468529954360925        8.2633272306893001E-003  0.12657625389206342        8.0375985990265263E-003
   3.5686022069563790        8.8885730158699133E-003  0.12657625389206342        8.7491513634148782E-003
   3.6946518254059528        9.5570503990865495E-003  0.12657625389206342        9.5262771994417978E-003
   3.8251536998800524        1.0270441585518184E-002  0.12657625389206342        1.0374892120292554E-002
   3.9602651907155879        1.1030321737601403E-002  0.12657625389206342        1.1301386181597635E-002
   4.1001490688558144        1.1838149364752202E-002  0.12657625389206342        1.2312642989187526E-002
   4.2449739038313119        1.2695262584013519E-002  0.12657625389206342        1.3416058662649361E-002
   4.3949142193596993        1.3602877173754791E-002  0.12657625389206342        1.4619554061886038E-002
   4.5501507036585132        1.4562087608834097E-002  0.12657625389206342        1.5931580217694360E-002
   4.7108703059600501        1.5573869496026115E-002  0.12657625389206342        1.7361113287467127E-002
   4.8772669425686850        1.6639087272811756E-002  0.12657625389206342        1.8917642879165985E-002
   5.0495410155906377        1.7758494990010684E-002  0.12657625389206342        2.0611134498784187E-002
   5.2279001269311909        1.8932744282933935E-002  0.12657625389206342        2.2451983684376686E-002
   5.4125592113782046        2.0162387485494086E-002  0.12657625389206342        2.4450942130239035E-002
   5.6037407956130689        2.1447879477417206E-002  0.12657625389206342        2.6619017542458403E-002
   5.8016752663703963        2.2789576828578260E-002  0.12657625389206342        2.8967341502862756E-002
   6.0066011480696169        2.4187733716649045E-002  0.12657625389206342        3.1507000545452572E-002
   6.2187653902530293        2.5642494320852114E-002  0.12657625389206342        3.4248825843108642E-002
   6.4384236651766908        2.7153881651179879E-002  0.12657625389206342        3.7203137491931854E-002
   6.6658406759127811        2.8721783041114560E-002  0.12657625389206342        4.0379440495533769E-002
   6.9012904753346884        3.0345932793263367E-002  0.12657625389206342        4.3786071327679768E-002
   7.1450567963692624        3.2025892702002554E-002  0.12657625389206342        4.7429796514739893E-002
   7.3974330131920443        3.3761028754312757E-002  0.12657625389206342        5.1315362179405029E-002
   7.6587243988323896        3.5550503346442296E-002  0.12657625389206342        5.5445045366396030E-002
   7.9292442763577622        3.7393226477324522E-002  0.12657625389206342        5.9818090106031091E-002
   8.2093202460023029        3.9287877872832402E-002  0.12657625389206342        6.4430302967327796E-002
   8.4992881560440416        4.1232848483620639E-002  0.12657625389206342        6.9273478961063312E-002
   8.7994991583321234        4.3226274524958190E-002  0.12657625389206342        7.4335098746390507E-002
   9.1103132457223861        4.5265985066782165E-002  0.12657625389206342        7.9597895916856065E-002
   9.4321068148357909        4.7349548014512140E-002  0.12657625389206342        8.5039790711126051E-002
   9.7652657388916850        4.9474225669128957E-002  0.12657625389206342        9.0633747805595050E-002
   10.110193474162946        5.1637033144740448E-002  0.12657625389206342        9.6348087248897291E-002
   10.467303634806061        5.3834701837102525E-002  0.12657625389206342       0.10214675610209946     
   10.837027566606025        5.6063742156097683E-002  0.12657625389206342       0.10799007966430763     
   11.219811965471335        5.8320446457869796E-002  0.12657625389206342       0.11383556491458093     
   11.616115840724994        6.0600893180379728E-002  0.12657625389206342       0.11963889317326029     
   12.026419117330413        6.2901020563245910E-002  0.12657625389206342       0.12535523045495961     
   12.451213803399156        6.5216600604472846E-002  0.12657625389206342       0.13094036061214726     
   12.891014326336300        6.7543322136500605E-002  0.12657625389206342       0.13635209746450053     
   13.346348065368609        6.9876764470439320E-002  0.12657625389206342       0.14155135963834276     
   13.817766430769083        7.2212480494836875E-002  0.12657625389206342       0.14650336195400013     
   14.305834715756038        7.4545968430688309E-002  0.12657625389206342       0.15117835206137734     
   14.811143972217785        7.6872753087248960E-002  0.12657625389206342       0.15555234001172338     
   15.334300133051286        7.9188355237025027E-002  0.12657625389206342       0.15960733162927859     
   15.875936741648431        8.1488370190441708E-002  0.12657625389206342       0.16333150782449596     
   16.436703292225193        8.3768435224089693E-002  0.12657625389206342       0.16671895656943583     
   17.017278874447534        8.6024305388504557E-002  0.12657625389206342       0.16976937749306134     
   17.618359675531394        8.8251819962176584E-002  0.12657625389206342       0.17248745266222978     
   18.240671728221173        9.0446969289681808E-002  0.12657625389206342       0.17488224944872105     
   18.884968846184627        9.2605899973553396E-002  0.12657625389206342       0.17696646842460934     
   19.552019805756849        9.4724889575130006E-002  0.12657625389206342       0.17875566134941973     
   20.242632201214423        9.6800442153853652E-002  0.12656991121729141       0.18026756578718953     
   20.957638264717446        9.8829255227718002E-002  0.12655472550423291       0.18152139751869978     
   21.697899624358065       0.10080825081645416       0.12654322194208076       0.18253730701647405     
   22.464312967141105       0.10273460447565239       0.12653450765763707       0.18333578899966138     
   23.257792778673313       0.10460571721434592       0.12652790641135769       0.18393726252254422     
   24.079299719823517       0.10641930076090135       0.12652290580015396       0.18436175341671834     
   24.929823759061236       0.10817334745164139       0.12651911771054900       0.18462860942440881     
   25.810395145829254       0.10986616662016790       0.12651624812199205       0.18475631418253649     
   26.722064579292049       0.11149635858523869       0.12651407435076537       0.18476235678410521     
   27.665935811728254       0.11306288730623786       0.12651242766402007       0.18466316135187424     
   28.643146268414043       0.11456505067124674       0.12651118025711555       0.18447405199795724     
   29.654879655490589       0.11600250808053397       0.12651023530993838       0.18420925509886624     
   30.702343174827575       0.11721108978754481       0.11373965555874174       0.18361653644137677     
   31.786804983723918       0.11829791427115587        9.8514429314508212E-002  0.18287770932405359     
   32.909571928103169       0.11934466976744368        8.6980934923617567E-002  0.18213586780565183     
   34.072004028335677       0.12034674784805288        7.8243975934555662E-002  0.18139335481834926     
   35.275488300232773       0.12130087002221507        7.1625553229566263E-002  0.18065289770117640     
   36.521481794408061       0.12220492643322947        6.6611930448528617E-002  0.17991747222787130     
   37.811486012809581       0.12305778738599157        6.2813984244278601E-002  0.17919022576760996     
   39.147055493126302       0.12385917075008777        5.9936943828527024E-002  0.17847439175404525     
   40.529808025860810       0.12460952772555998        5.7757501651648856E-002  0.17777321566319479     
   41.961393513511240       0.12530992238874908        5.6106530231762174E-002  0.17708991062060975     
   43.443545167355794       0.12596196727142769        5.4855877577717260E-002  0.17642757830609485     
   44.978049075047366       0.12656772297027752        5.3908476525083578E-002  0.17578917650555029     
   46.566763998623138       0.12712963004473463        5.3190792546358397E-002  0.17517746553081190     
   48.211585595230147       0.12765042450376243        5.2647132452983990E-002  0.17459497892675446     
   49.914505239722644       0.12813308934106948        5.2235296166488192E-002  0.17404395945445628     
   51.677575059319224       0.12858077452367453        5.1923319751552198E-002  0.17352633261850620     
   53.502930680545909       0.12899673778127488        5.1686988501848420E-002  0.17304366014311243     
   55.392750120602578       0.12938427105330763        5.1507962812143870E-002  0.17259711265399047     
   57.349321371645829       0.12974665270696376        5.1372346319166276E-002  0.17218741614069172     
   59.375002227322796       0.13008707675461209        5.1269613391853541E-002  0.17181483046310883     
   61.472246417894510       0.13040859909202518        5.1191790197742830E-002  0.17147911573787333     
   63.643556378429672       0.13071407538010762        5.1132837558097617E-002  0.17117951709886892     
   65.891560899834928       0.13100612258238747        5.1088179440853823E-002  0.17091473707033028     
   68.218968971510208       0.13128706733037604        5.1054349786274288E-002  0.17068293694532610     
   70.628585269218178       0.13103640330545857        5.0909832305296478E-002  0.16969368626030989     
   73.123328588587739       0.12945460389394398        5.0501570690171145E-002  0.16672936305565750     
   75.706175661273647       0.12811468661177017        5.0192304279912732E-002  0.16416772569578869     
   78.380253523498894       0.12697019348262462        4.9958027143350972E-002  0.16194653342343404     
   81.148784610322849       0.12598374023002931        4.9780556280382894E-002  0.16001180781069060     
   84.015122474940881       0.12512528739753173        4.9646116916305001E-002  0.15831706076270879     
   86.982687236203873       0.12437077026909961        4.9544276385661508E-002  0.15682262488721893     
   90.055071705548812       0.12370094052170431        4.9467129605042154E-002  0.15549488770732661     
   93.235978303002270       0.12310047021627030        4.9408688965325277E-002  0.15430562948508894     
   96.529260096906100       0.12255719660032703        4.9364418473209340E-002  0.15323132052582922     
   99.938826062156153       0.12206152827639459        4.9330882854811686E-002  0.15225250166039517     
   103.46886588546354       0.12160591393454537        4.9305478471473443E-002  0.15135311952855207     
   107.12359379692580       0.12118447359049579        4.9286234039536546E-002  0.15052006464983708     
   110.90736836557576       0.12079264505642266        4.9271656069090224E-002  0.14974265798053965     
   114.82483910697920       0.12042689809695047        4.9260612755526560E-002  0.14901221467454878     
   118.88068277378797       0.12008453818059529        4.9252247179657045E-002  0.14832174624617570     
   123.07973629915718       0.11976350834538141        4.9245910119764001E-002  0.14766563148690406     
   127.42715949490271       0.11946223031251910        4.9241109579131283E-002  0.14703934361439580     
   131.92808807993632       0.11917951036100249        4.9237473091460510E-002  0.14643929357684951     
   136.58805281121437       0.11891441427475494        4.9234718327087257E-002  0.14586259556964637     
   141.41261684513370       0.11866621476043636        4.9232631526759336E-002  0.14530697277747262     
   146.40753387824964       0.11843432020243830        4.9231050741542680E-002  0.14477061510092948     
   151.57894168226974       0.11591735271787565        4.8958383642184307E-002  0.14185603769374017     
   156.93294936957258       0.10935663148660921        4.8204157533375314E-002  0.13473653246962569     
   162.47613596373097       0.10438622468953970        4.7632805338085414E-002  0.12927830569506479     
   168.21511902855468       0.10061982899806240        4.7199992296026234E-002  0.12507594518779611     
   174.15674278185460        9.7765402899751025E-002   4.6872129371484876E-002  0.12182353373441018     
   180.30830831190286        9.5602079674216661E-002   4.6623761939619424E-002  0.11929012494893776     
   186.67715947709803        9.3962939512154731E-002   4.6435617631046915E-002  0.11730150697252098     
   193.27089166569760        9.2721705938568710E-002   4.6293095254755119E-002  0.11572612894658792     
   200.09760727912413        9.1782772990576855E-002   4.6185129657143012E-002  0.11446456707202625     
   207.16537088595135        9.1073773147162349E-002   4.6103343959525013E-002  0.11344171782892266     
   214.48286737908427        9.0539795960348932E-002   4.6041388483134729E-002  0.11260069154219852     
   222.05883252794877        9.0139154814524391E-002   4.5994455718318401E-002  0.11189838976243908     
   229.90230130529540        8.9840104279055824E-002   4.5958903385014828E-002  0.11130205289195430     
   238.02291179328489        8.9618379559501485E-002   4.5931971270833913E-002  0.11078667326634289     
   246.43025707061713        8.9455361094981728E-002   4.5911569755950156E-002  0.11033309935718714     
   255.13466811288930        8.9336647628160543E-002   4.5896114907357725E-002  0.10992651907674905     
   264.14653641505117        8.9251009377708301E-002   4.5884407487505385E-002  0.10955539258486827     
   273.47660938458705        8.9189577450541166E-002   4.5875538926397841E-002  0.10921059971871896     
   283.13635184814427        8.9145236863070298E-002   4.5868820686603889E-002  0.10888480156604143     
   293.13729579387660        8.9112173139581308E-002   4.5863731458232193E-002  0.10857199355219495     
   303.49136818478553        8.9085525017628966E-002   4.5859876284899966E-002  0.10826714052135643     
   314.21129214162710        8.9061125753348874E-002   4.5856955858623392E-002  0.10796590584700914     
   325.30973137660959        8.9035312631280145E-002   4.5854743588181174E-002  0.10766448581290146     
   336.80032369109853        8.9004782105211705E-002   4.5853067717299897E-002  0.10735944381940200     
   348.69678677735646        8.8966488197512655E-002   4.5851798204764080E-002  0.10704764002264495     
   361.01330816366544        8.8917568024419552E-002   4.5850836528353610E-002  0.10672615779160927     
   373.76502243504467        8.8563185393281410E-002   4.5500538081049091E-002  0.10590010545645742     
   386.96715283564077        8.7323946311908734E-002   4.4115022145776416E-002  0.10360537566909576     
   400.63544401132759        8.6342672421375291E-002   4.3065471271856913E-002  0.10177066918180971     
   414.78669160661980        8.5550710225826054E-002   4.2270400418596095E-002  0.10027708112618204     
   429.43761284149554        8.4895339509513626E-002   4.1668121305361953E-002   9.9034431203641471E-002
   444.60621081975989        8.4335922464857771E-002   4.1211874180654140E-002   9.7974191189068541E-002
   460.31059410826708        8.3841095647636005E-002   4.0866256000478281E-002   9.7044369659000762E-002
   476.56949149896485        8.3386566256591493E-002   4.0604444603141693E-002   9.6205516878821951E-002
   493.40288198244309        8.2953448203272967E-002   4.0406113472896861E-002   9.5427726426411175E-002
   510.83065126063684        8.2527047865598516E-002   4.0255874413370647E-002   9.4688457172003138E-002
   528.87421463804299        8.2095875071564337E-002   4.0142063163036035E-002   9.3970762172512004E-002
   547.55511287104378        8.1650962835676244E-002   4.0055848401136109E-002   9.3262068817373492E-002
   566.89562449487210        8.1185312246835561E-002   3.9990539315622770E-002   9.2553179928433330E-002
   586.91951519858117        8.0693467333887756E-002   3.9941065439096111E-002   9.1837509776855952E-002
   607.65068989177485        8.0171240552706649E-002   3.9903587786645524E-002   9.1110569302800079E-002
   629.11387223602765        7.9615465805527474E-002   3.9875197854865915E-002   9.0369506474763453E-002
   651.33543626567803        7.9023801691927492E-002   3.9853691505964670E-002   8.9612741440446120E-002
   674.34163286578985        7.8394645614345337E-002   3.9837400096599120E-002   8.8839763043779371E-002
   698.16073213207346        7.7726975786519006E-002   3.9825058794174410E-002   8.8050845678818809E-002
   722.82116976782140        7.5399294699520322E-002   3.8196598470796900E-002   8.4262699554547113E-002
   748.35235540965130        7.2981404669896457E-002   3.6518887636053633E-002   8.0355749842062743E-002
   774.78566186873422        7.0930706944377364E-002   3.5247964026678728E-002   7.7176642169579882E-002
   802.15264573967897        6.9149561919135669E-002   3.4285208797709396E-002   7.4550199450353141E-002
   830.48594444209971        6.7564550579440413E-002   3.3555906040367622E-002   7.2344162135283205E-002
   859.82037403360118        6.6120603511719458E-002   3.3003434140268399E-002   7.0458730637511638E-002
   890.19058800385733        6.4776708857404566E-002   3.2584927682996111E-002   6.8818863525964252E-002
   921.63390537915473        6.3502421115114130E-002   3.2267894660255689E-002   6.7368125325825479E-002
   954.18786380243341        6.2275432200522292E-002   3.2027734513612779E-002   6.6064299275314514E-002
   987.89128659474920        6.1079588944372154E-002   3.1845809293286738E-002   6.4875877482311606E-002
   1022.7855886411724        5.9903384360334273E-002   3.1707994687298090E-002   6.3779408391735251E-002
   1058.9119914466876        5.8738938395930189E-002   3.1603597879963023E-002   6.2757601748086714E-002
   1096.3148872627712        5.7581033846266123E-002   3.1524513710964583E-002   6.1797710276277756E-002
   1135.0389283928459        5.6426562984625436E-002   3.1464605549159835E-002   6.0890467529061409E-002
   1175.1302964981960        5.5273988352621720E-002   3.1419224141428177E-002   6.0029176832596773E-002
   1216.6382559936744        5.4122920526576211E-002   3.1384846165606488E-002   5.9209023296359797E-002
   1259.6123598874483        5.2973907042587490E-002   3.1358804021342584E-002   5.8426636239988020E-002
   1304.1038583964914        5.1828165479507624E-002   3.1339076673157606E-002   5.7679680773996489E-002
   1350.1674228314519        5.0687368433535253E-002   3.1324132529006316E-002   5.6966551231517462E-002
   1397.8574692241625        4.0945799536766234E-002   2.5796887302332379E-002   4.6531314234722669E-002
   1447.2325992722181        3.2868630078188341E-002   2.1094981986828815E-002   3.7812910214433330E-002
   1498.3517579647787        2.6790839261773142E-002   1.7533175521650190E-002   3.1252562776445884E-002
   1551.2759091786245        1.9860984959656183E-002   1.3324714124490938E-002   2.3499828562992466E-002
   1606.0700862978565        1.4671174501977587E-002   1.0093791714345955E-002   1.7618589053041967E-002
   1662.7990190437411        1.0836211489426466E-002   7.6463153968207524E-003   1.3215892542352359E-002
   1721.5324161293761        8.0032932773671916E-003   5.7922679823837380E-003   9.9185349305962161E-003
   1782.3403946248577        5.9112036078443186E-003   4.3877824335754765E-003   7.4479156320582445E-003
   1845.2954731357936        4.3665530578936365E-003   3.3238617686219591E-003   5.5958760756827505E-003
   1910.4750110852074        3.2262254304987236E-003   2.5179053048561746E-003   4.2068058917117306E-003
   1977.9568210713478        2.3844515099542239E-003   1.9073738818119654E-003   3.1644386906573402E-003
   2047.8213808026539        1.7630604281630810E-003   1.4448863908360897E-003   2.3818200216749875E-003
   2120.1545400970977        1.3042943063770037E-003   1.0945362237217760E-003   1.7938764300521734E-003
   2195.0417479108573        9.6553246505102510E-004   8.2914026925352932E-004   1.3519356569226192E-003
   2272.5750259096239        7.1530290805199852E-004   6.2809371380353140E-004   1.0195338624904298E-003
   2352.8469348264384        5.3039592625265110E-004   4.7579610826848105E-004   7.6937038649327826E-004
   2435.9532056335870        3.9368960271423710E-004   3.6042819302779751E-004   5.8098234598862953E-004
   2521.9959596104222        2.9255259371870686E-004   2.7303303278483420E-004   4.3902033921049030E-004
   2611.0779162676686        2.1767455331393078E-004   2.0682909504233658E-004   3.3197464734287274E-004
   2703.3053132971791        1.6218922699249726E-004   1.5667853455753609E-004   2.5120454206914227E-004
   2798.7914800504532        1.2103140814513759E-004   1.1868776164030010E-004   1.9021779129407211E-004
   2897.6492167059700        9.0467152832740224E-005   8.9909132754798632E-005   1.4413840896548469E-004
   3000.0000000000000        6.7740196238294913E-005   6.8108332438921164E-005   1.0929762035359958E-004
