         200   4370.0000000000000     
   3.0000000000000000        5.9462411281012489E-003  0.12027851584619954        4.9798855309527087E-003
   3.1059655287322618        6.4477146008018859E-003  0.12027851584619954        5.4185295127561362E-003
   3.2156739552243598        6.9927344272480429E-003  0.12027851584619954        5.8983738976651923E-003
   3.3292574962321346        7.5847442179197110E-003  0.12027851584619954        6.4233703849919431E-003
   3.4468529954360925        8.2273903094579569E-003  0.12027851584619954        6.9978452798071045E-003
   3.5686022069563790        8.9245321594998046E-003  0.12027851584619954        7.6265335895012677E-003
   3.6946518254059528        9.6802530962675718E-003  0.12027851584619954        8.3146143378408071E-003
   3.8251536998800524        1.0498873745859854E-002  0.12027851584619954        9.0677491940409222E-003
   3.9602651907155879        1.1384968024013398E-002  0.12027851584619954        9.8921245327852937E-003
   4.1001490688558144        1.2343377389522412E-002  0.12027851584619954        1.0794493253712498E-002
   4.2449739038313119        1.3379228670194025E-002  0.12027851584619954        1.1782221718057396E-002
   4.3949142193596993        1.4497950077138673E-002  0.12027851584619954        1.2863337484030681E-002
   4.5501507036585132        1.5705286020136561E-002  0.12027851584619954        1.4046579154623996E-002
   4.7108703059600501        1.7007308030258867E-002  0.12027851584619954        1.5341446619411286E-002
   4.8772669425686850        1.8410426122739985E-002  0.12027851584619954        1.6758256998312373E-002
   5.0495410155906377        1.9921384215557128E-002  0.12027851584619954        1.8308190859691691E-002
   5.2279001269311909        2.1547257097005904E-002  0.12027851584619954        2.0003346781562119E-002
   5.4125592113782046        2.3295432916138521E-002  0.12027851584619954        2.1856788677279373E-002
   5.6037407956130689        2.5173585260424913E-002  0.12027851584619954        2.3882589667658462E-002
   5.8016752663703963        2.7189632590033909E-002  0.12027851584619954        2.6095869322734763E-002
   6.0066011480696169        2.9351684116380287E-002  0.12027851584619954        2.8512821475451710E-002
   6.2187653902530293        3.1667971695912442E-002  0.12027851584619954        3.1150729187337304E-002
   6.4384236651766908        3.4146767862542483E-002  0.12027851584619954        3.4027962740620685E-002
   6.6658406759127811        3.6796290710593323E-002  0.12027851584619954        3.7163955749746277E-002
   6.9012904753346884        3.9624596926559397E-002  0.12027851584619954        4.0579153645378209E-002
   7.1450567963692624        4.2639464812686538E-002  0.12027851584619954        4.4294927916979379E-002
   7.3974330131920443        4.5848264706179427E-002  0.12027851584619954        4.8333442416873561E-002
   7.6587243988323896        4.9257853791538589E-002  0.12027851584619954        5.2717507183576567E-002
   7.9292442763577622        5.2874389673254231E-002  0.12027851584619954        5.7470272681547002E-002
   8.2093202460023029        5.6703275972113686E-002  0.12027851584619954        6.2615025112997852E-002
   8.4992881560440416        6.0748949137315211E-002  0.12027851584619954        6.8174693181569185E-002
   8.7994991583321234        6.5014848462628727E-002  0.12027851584619954        7.4171506019404462E-002
   9.1103132457223861        6.9503208064277525E-002  0.12027851584619954        8.0626306269985057E-002
   9.4321068148357909        7.4215057061209941E-002  0.12027851584619954        8.7558044545892305E-002
   9.7652657388916850        7.9150024676318223E-002  0.12027851584619954        9.4982885751469653E-002
   10.110193474162946        8.4306377542650315E-002  0.12027851584619954       0.10291354813731425     
   10.467303634806061        8.9680843086864317E-002  0.12027851584619954       0.11135823019617105     
   10.837027566606025        9.5268670912507084E-002  0.12027851584619954       0.12031982636547214     
   11.219811965471335       0.10106356175441683       0.12027851584619954       0.12979490222340231     
   11.616115840724994       0.10705760136160514       0.12027851584619954       0.13977266893684992     
   12.026419117330413       0.11324138702277589       0.12027851584619954       0.15023432833190867     
   12.451213803399156       0.11960390696660712       0.12027851584619954       0.16115212070613522     
   12.891014326336300       0.12613272522234209       0.12027851584619954       0.17248906173318607     
   13.346348065368609       0.13281388617770379       0.12027851584619954       0.18419844359718707     
   13.817766430769083       0.13963214169720659       0.12027851584619954       0.19622419341244698     
   14.305834715756038       0.14657088237810559       0.12027851584619954       0.20850106431503468     
   14.811143972217785       0.15361240554463457       0.12027851584619954       0.22095579381002378     
   15.334300133051286       0.16073787387840124       0.12027851584619954       0.23350809548238738     
   15.875936741648431       0.16792762096287617       0.12027851584619954       0.24607261524340007     
   16.436703292225193       0.17516113593029478       0.12027851584619954       0.25856061703055216     
   17.017278874447534       0.18241740026558026       0.12027851584619954       0.27088249346395371     
   17.618359675531394       0.18967489420033365       0.12027851584619954       0.28294980393466507     
   18.240671728221173       0.19691193369556950       0.12027851584619954       0.29467785760588433     
   18.884968846184627       0.20410681962181101       0.12027851584619954       0.30598782242998818     
   19.552019805756849       0.21123788488065864       0.12027851584619954       0.31680843143607634     
   20.242632201214423       0.21828394701739598       0.12027589166276725       0.32707796379161996     
   20.957638264717446       0.22522433083577201       0.12026900732526695       0.33674513500538189     
   21.697899624358065       0.23203909927915781       0.12026301547806187       0.34576988071024772     
   22.464312967141105       0.23870927221149962       0.12025780038925900       0.35412362961002430     
   23.257792778673313       0.24521683784934861       0.12025326141702211       0.36178893215817626     
   24.079299719823517       0.25154514603283123       0.12024931088029864       0.36875920311521188     
   24.929823759061236       0.25767888982206488       0.12024587249389997       0.37503766612696027     
   25.810395145829254       0.26360430428435150       0.12024287984575759       0.38063636651208560     
   26.722064579292049       0.26930913358058045       0.12024027518314367       0.38557483736314013     
   27.665935811728254       0.27478292937292798       0.12023800819080017       0.38987903376202038     
   28.643146268414043       0.28001697647207280       0.12023603509291868       0.39357993619613291     
   29.654879655490589       0.28500440427487245       0.12023431777932297       0.39671239904591082     
   30.702343174827575       0.28967069036923465       0.11483400028283615       0.39921351936194976     
   31.786804983723918       0.29404702906904662       0.10761611706089441       0.40116758218895876     
   32.909571928103169       0.29816622211009614       0.10133396523322404       0.40266386500366347     
   34.072004028335677       0.30202818109237500        9.5866205703816668E-002  0.40374259692641878     
   35.275488300232773       0.30563446434784575        9.1107320545701254E-002  0.40444349062822599     
   36.521481794408061       0.30898832663241460        8.6965380564898428E-002  0.40480527535582211     
   37.811486012809581       0.31209451754375195        8.3360404560104615E-002  0.40486526916306198     
   39.147055493126302       0.31495917757287561        8.0222780148507464E-002  0.40465907818500457     
   40.529808025860810       0.31758970837487521        7.7491904447501994E-002  0.40422036367364678     
   41.961393513511240       0.31999455277705580        7.5115076466630418E-002  0.40358069062612834     
   43.443545167355794       0.32218311820103773        7.3046382116090131E-002  0.40276940465142647     
   44.978049075047366       0.32416553535823206        7.1245874738022491E-002  0.40181358081106816     
   46.566763998623138       0.32595250350755256        6.9678777723455529E-002  0.40073799368383695     
   48.211585595230147       0.32755506877058443        6.8314848917910884E-002  0.39956515489145977     
   49.914505239722644       0.32898451183770411        6.7127740790071111E-002  0.39831531292182593     
   51.677575059319224       0.33025213726310837        6.6094530184463374E-002  0.39700653854256085     
   53.502930680545909       0.33136913564484077        6.5195260747864456E-002  0.39565478889925415     
   55.392750120602578       0.33234641785513264        6.4412578197185252E-002  0.39427403201033573     
   57.349321371645829       0.33319453186288350        6.3731363156009760E-002  0.39287630107252097     
   59.375002227322796       0.33392353157616933        6.3138461305928734E-002  0.39147183610161412     
   61.472246417894510       0.33454290332642328        6.2622420810615587E-002  0.39006918190678314     
   63.643556378429672       0.33506148801374674        6.2173283016438034E-002  0.38867533773984908     
   65.891560899834928       0.33548745897047838        6.1782371757858397E-002  0.38729582423680714     
   68.218968971510208       0.33582828137450371        6.1442138506359323E-002  0.38593483314408483     
   70.628585269218178       0.33587588462548895        6.1097132651022998E-002  0.38425180861129571     
   73.123328588587739       0.33524070991826677        6.0665331732403634E-002  0.38162302572647905     
   75.706175661273647       0.33455252710899103        6.0289512171973779E-002  0.37905406368694372     
   78.380253523498894       0.33381618493829712        5.9962414120393888E-002  0.37654755121581124     
   81.148784610322849       0.33303635885844635        5.9677721287415587E-002  0.37410566786521382     
   84.015122474940881       0.33221755425936605        5.9429934861176460E-002  0.37173012460234378     
   86.982687236203873       0.33136413638479584        5.9214273009211373E-002  0.36942222682688836     
   90.055071705548812       0.33048030959129721        5.9026569709528895E-002  0.36718279815907279     
   93.235978303002270       0.32957014325897610        5.8863200395991529E-002  0.36501225010415339     
   96.529260096906100       0.32863756672598982        5.8721009607642281E-002  0.36291057508705554     
   99.938826062156153       0.32768640154511824        5.8597254002130839E-002  0.36087743494645375     
   103.46886588546354       0.32672030363567933        5.8489540879609517E-002  0.35891206155527811     
   107.12359379692580       0.32574284006093107        5.8395791838306330E-002  0.35701345575723736     
   110.90736836557576       0.32475745956976304        5.8314197457212481E-002  0.35518035745669219     
   114.82483910697920       0.32376746077899332        5.8243180184649253E-002  0.35341123265231944     
   118.88068277378797       0.32277606605690801        5.8181369691527318E-002  0.35170445295109043     
   123.07973629915718       0.32178638963982076        5.8127572992795383E-002  0.35005827415369856     
   127.42715949490271       0.32080140426921089        5.8080749979180578E-002  0.34847082408777691     
   131.92808807993632       0.31982402331282939        5.8039997617729933E-002  0.34694027483168860     
   136.58805281121437       0.31885700507171322        5.8004527999332957E-002  0.34546472216329288     
   141.41261684513370       0.31790302871197768        5.7973656712322887E-002  0.34404233668720829     
   146.40753387824964       0.31696464992515061        5.7946787919617021E-002  0.34267132085699714     
   151.57894168226974       0.30539787652951972        5.6667281081031931E-002  0.33027410926733802     
   156.93294936957258       0.27235384860556650        5.2839913557728664E-002  0.29558286657631061     
   162.47613596373097       0.24367360039744340        4.9508689042534582E-002  0.26547939862974534     
   168.21511902855468       0.21878272966055995        4.6609329174816277E-002  0.23935304284715661     
   174.15674278185460       0.19718188885211582        4.4085874313987798E-002  0.21667451652936240     
   180.30830831190286       0.17843646903888252        4.1889535800846429E-002  0.19698442587090584     
   186.67715947709803       0.16216962662992246        3.9977933712220817E-002  0.17988542855775858     
   193.27089166569760       0.14805396836386561        3.8314172812367868E-002  0.16503310367196655     
   200.09760727912413       0.13580471946419395        3.6866085827445209E-002  0.15212846858343437     
   207.16537088595135       0.12517520751185293        3.5605744818489549E-002  0.14091300523834774     
   214.48286737908427       0.11595077739783458        3.4508782261072443E-002  0.13116209031018600     
   222.05883252794877       0.10794544619414639        3.3554031477732095E-002  0.12268135650682953     
   229.90230130529540       0.10099773345401566        3.2723065121356039E-002  0.11530221869735284     
   238.02291179328489        9.4967234650817883E-002   3.1999817228174472E-002  0.10887820656388256     
   246.43025707061713        8.9732346319745512E-002   3.1370339172706513E-002  0.10328253927411790     
   255.13466811288930        8.5187229359036803E-002   3.0822460580597368E-002   9.8404901273491954E-002
   264.14653641505117        8.1240130716180678E-002   3.0345609742385260E-002   9.4149673982547283E-002
   273.47660938458705        7.7811307424185183E-002   2.9930583108756861E-002   9.0433748460885185E-002
   283.13635184814427        7.4831323400427530E-002   2.9569356524692454E-002   8.7184735545671688E-002
   293.13729579387660        7.2239892225717139E-002   2.9254959864781913E-002   8.4339767266652918E-002
   303.49136818478553        6.9984520440790204E-002   2.8981325057142963E-002   8.1844080547897630E-002
   314.21129214162710        6.8019396736870644E-002   2.8743161626568894E-002   7.9649861037661585E-002
   325.30973137660959        6.6304660884180106E-002   2.8535876331202345E-002   7.7715503042518452E-002
   336.80032369109853        6.4805428756173622E-002   2.8355461502116899E-002   7.6004591550029796E-002
   348.69678677735646        6.3491263618214736E-002   2.8198435906091838E-002   7.4485376978864010E-002
   361.01330816366544        6.2335519983434229E-002   2.8061768841069763E-002   7.3130100697095385E-002
   373.76502243504467        6.1241089304755247E-002   2.7854595608296753E-002   7.1790222266265385E-002
   386.96715283564077        6.0016912256996763E-002   2.7371675917175816E-002   7.0159816396744235E-002
   400.63544401132759        5.8929082062400606E-002   2.6951367263697734E-002   6.8699945088408557E-002
   414.78669160661980        5.7956782104429366E-002   2.6585543369888321E-002   6.7385021443098422E-002
   429.43761284149554        5.7081754855072220E-002   2.6267148922438404E-002   6.6192843761307157E-002
   444.60621081975989        5.6287899903791683E-002   2.5990028060020851E-002   6.5104073141351068E-002
   460.31059410826708        5.5561084117397914E-002   2.5748833537305216E-002   6.4101993522185777E-002
   476.56949149896485        5.4888878604494692E-002   2.5538910134029664E-002   6.3172167236539498E-002
   493.40288198244309        5.4260342055193339E-002   2.5356199175898039E-002   6.2302147424919498E-002
   510.83065126063684        5.3665906291990577E-002   2.5197176882543776E-002   6.1481326383188567E-002
   528.87421463804299        5.3097170493096438E-002   2.5058768705419811E-002   6.0700652214854552E-002
   547.55511287104378        5.2546825909454455E-002   2.4938303959712270E-002   5.9952520842378093E-002
   566.89562449487210        5.2008524876520815E-002   2.4833457592933678E-002   5.9230586294379613E-002
   586.91951519858117        5.1476768071899708E-002   2.4742202497828381E-002   5.8529594001228480E-002
   607.65068989177485        5.0946860143351272E-002   2.4662777842039959E-002   5.7845302910340513E-002
   629.11387223602765        5.0414817920477417E-002   2.4593650675057178E-002   5.7174341433751191E-002
   651.33543626567803        4.9877287468081531E-002   2.4533484487222697E-002   5.6514077247449772E-002
   674.34163286578985        4.9331531287872057E-002   2.4481118907896348E-002   5.5862574532261303E-002
   698.16073213207346        4.8775325821752064E-002   2.4435541497171587E-002   5.5218441280098833E-002
   722.82116976782140        4.7633495015718730E-002   2.3823086157441043E-002   5.3522746708195700E-002
   748.35235540965130        4.6383903317447898E-002   2.3121413364810696E-002   5.1655325809212435E-002
   774.78566186873422        4.5206713626790816E-002   2.2510698664896637E-002   4.9950512434130706E-002
   802.15264573967897        4.4090198140040809E-002   2.1979157880575393E-002   4.8388672829188593E-002
   830.48594444209971        4.3024430773502202E-002   2.1516531908939950E-002   4.6952992848891865E-002
   859.82037403360118        4.2001029544074683E-002   2.1113876305919210E-002   4.5629028874115650E-002
   890.19058800385733        4.1013047391355251E-002   2.0763425418468026E-002   4.4404472731487926E-002
   921.63390537915473        4.0054701381144787E-002   2.0458403603724279E-002   4.3268722724227868E-002
   954.18786380243341        3.9121302693225959E-002   2.0192925247518395E-002   4.2212728150328331E-002
   987.89128659474920        3.8209084593742178E-002   1.9961866434891649E-002   4.1228718400914480E-002
   1022.7855886411724        3.7315051242414049E-002   1.9760759858011553E-002   4.0309981494363212E-002
   1058.9119914466876        3.6436946398081871E-002   1.9585726956913848E-002   3.9450781135427382E-002
   1096.3148872627712        3.5573073960318488E-002   1.9433383632800921E-002   3.8646130702571252E-002
   1135.0389283928459        3.4722287498402817E-002   1.9300790312226687E-002   3.7891748701266444E-002
   1175.1302964981960        3.3883883875680136E-002   1.9185387852862536E-002   3.7183925682565955E-002
   1216.6382559936744        3.3057508132561489E-002   1.9084945055193609E-002   3.6519417231112981E-002
   1259.6123598874483        3.2243154718135644E-002   1.8997523803568565E-002   3.5895422827886117E-002
   1304.1038583964914        3.1441085374316044E-002   1.8921436807673577E-002   3.5309498164824982E-002
   1350.1674228314519        3.0651755726316645E-002   1.8855212996014642E-002   3.4759485580194559E-002
   1397.8574692241625        2.7777622464899520E-002   1.7443422507317365E-002   3.1860248905042882E-002
   1447.2325992722181        2.5072700968199930E-002   1.6077195951399267E-002   2.9120170421568857E-002
   1498.3517579647787        2.2715967592857988E-002   1.4888088934333306E-002   2.6749305427907301E-002
   1551.2759091786245        1.9312914422777060E-002   1.2984484929689717E-002   2.3081368327697832E-002
   1606.0700862978565        1.6381702172258997E-002   1.1301157978521832E-002   1.9883626070527072E-002
   1662.7990190437411        1.3894033472789573E-002   9.8360761083532960E-003   1.7137803751771961E-002
   1721.5324161293761        1.1783888048501522E-002   8.5609133201036015E-003   1.4779097401496218E-002
   1782.3403946248577        9.9948817475080404E-003   7.4510644353479559E-003   1.2752141747538541E-002
   1845.2954731357936        8.4788279172275816E-003   6.4851086068892531E-003   1.1009548976978716E-002
   1910.4750110852074        7.1945459118399682E-003   5.6443699747186198E-003   9.5107104960454308E-003
   1977.9568210713478        6.1069689172765862E-003   4.9126258853492153E-003   8.2209312447467861E-003
   2047.8213808026539        5.1862157165298633E-003   4.2757531743204350E-003   7.1105095008051908E-003
   2120.1545400970977        4.4068229397262884E-003   3.7214384984708138E-003   6.1539836757471779E-003
   2195.0417479108573        3.7471745580691745E-003   3.2389912939083457E-003   5.3295997764622721E-003
   2272.5750259096239        3.1888732819826699E-003   2.8190838914077553E-003   4.6186890770693973E-003
   2352.8469348264384        2.7163230837928998E-003   2.4536138771787583E-003   4.0052872308401254E-003
   2435.9532056335870        2.3162923178401550E-003   2.1355274284555023E-003   3.4757121795637919E-003
   2521.9959596104222        1.9775534110882871E-003   1.8586746387805172E-003   3.0182194026525389E-003
   2611.0779162676686        1.6906106542502613E-003   1.6177134354787685E-003   2.6227564560806754E-003
   2703.3053132971791        1.4474260304362741E-003   1.4079931015136670E-003   2.2806990606262815E-003
   2798.7914800504532        1.2411935320689063E-003   1.2254588887458545E-003   1.9846357329689778E-003
   2897.6492167059700        1.0661705682661702E-003   1.0665904255361023E-003   1.7282183682612233E-003
   3000.0000000000000        9.1749799997914298E-004   9.2831613750044408E-004   1.5059830203910361E-003
