         200   4370.0000000000000     
   3.0000000000000000        2.1077127336998460E-003   1.5927192362328648        1.0160233559068344E-003
   3.1059655287322618        2.2594165326220400E-003   1.5927192362328648        1.0833426771635756E-003
   3.2156739552243598        2.4220217904926044E-003   1.5927192362328648        1.1553703338638547E-003
   3.3292574962321346        2.5962893707648540E-003   1.5927192362328648        1.2324410332905959E-003
   3.4468529954360925        2.7830342622453459E-003   1.5927192362328648        1.3149132360954542E-003
   3.5686022069563790        2.9831311443673054E-003   1.5927192362328648        1.4031708972235802E-003
   3.6946518254059528        3.1975203996631369E-003   1.5927192362328648        1.4976251442282713E-003
   3.8251536998800524        3.4272153625783210E-003   1.5927192362328648        1.5987162037963355E-003
   3.9602651907155879        3.6733109116523811E-003   1.5927192362328648        1.7069155860864030E-003
   4.1001490688558144        3.9369924288182572E-003   1.5927192362328648        1.8227280630953541E-003
   4.2449739038313119        4.2195469039780836E-003   1.5927192362328648        1.9466941915078527E-003
   4.3949142193596993        4.5223750331028776E-003   1.5927192362328648        2.0793928435456875E-003
   4.5501507036585132        4.8470049184736247E-003   1.5927192362328648        2.2214439865676843E-003
   4.7108703059600501        5.1951071335773289E-003   1.5927192362328648        2.3735115821674909E-003
   4.8772669425686850        5.5685128538708970E-003   1.5927192362328648        2.5363073224244259E-003
   5.0495410155906377        5.9692312686705539E-003   1.5927192362328648        2.7105935234552525E-003
   5.2279001269311909        6.3994715725132810E-003   1.5927192362328648        2.8971874602643582E-003
   5.4125592113782046        6.8616658791017969E-003   1.5927192362328648        3.0969655069701691E-003
   5.6037407956130689        7.3584947646918308E-003   1.5927192362328648        3.3108677805239414E-003
   5.8016752663703963        7.8929154257141500E-003   1.5927192362328648        3.5399032192698350E-003
   6.0066011480696169        8.4681927330100496E-003   1.5927192362328648        3.7851551396728801E-003
   6.2187653902530293        9.0879335243477764E-003   1.5927192362328648        4.0477873177126034E-003
   6.4384236651766908        9.7561245483187096E-003   1.5927192362328648        4.3290506447930584E-003
   6.6658406759127811        1.0477174557879356E-002   1.5927192362328648        4.6302904116239567E-003
   6.9012904753346884        1.1255961152683173E-002   1.5927192362328648        4.9529542774659919E-003
   7.1450567963692624        1.2097883088293154E-002   1.5927192362328648        5.2986009865038861E-003
   7.3974330131920443        1.3008917504802294E-002   1.5927192362328648        5.6689093298153198E-003
   7.6587243988323896        1.3995692931647074E-002   1.5927192362328648        6.0656914026090318E-003
   7.9292442763577622        1.5065548115930227E-002   1.5927192362328648        6.4908976504825106E-003
   8.2093202460023029        1.6226638837792216E-002   1.5927192362328648        6.9466382454431968E-003
   8.4992881560440416        1.7488008546628703E-002   1.5927192362328648        7.4351865455771051E-003
   8.7994991583321234        1.8859725677115583E-002   1.5927192362328648        7.9590047620197567E-003
   9.1103132457223861        2.0352978876388299E-002   1.5927192362328648        8.5207485218281639E-003
   9.4321068148357909        2.1980252954319570E-002   1.5927192362328648        9.1232970068327625E-003
   9.7652657388916850        2.3755456943845957E-002   1.5927192362328648        9.7697588927406192E-003
   10.110193474162946        2.5694149384504809E-002   1.5927192362328648        1.0463507776259959E-002
   10.467303634806061        2.7813707540972104E-002   1.5927192362328648        1.1208189840335519E-002
   10.837027566606025        3.0133604834261342E-002   1.5927192362328648        1.2007763102884825E-002
   11.219811965471335        3.2675662589152207E-002   1.5927192362328648        1.2866519537910825E-002
   11.616115840724994        3.5464319010806510E-002   1.5927192362328648        1.3789106858183929E-002
   12.026419117330413        3.8527004806910646E-002   1.5927192362328648        1.4780579832892606E-002
   12.451213803399156        4.1894421626515188E-002   1.5927192362328648        1.5846414484628785E-002
   12.891014326336300        4.5600979851585441E-002   1.5927192362328648        1.6992571291967264E-002
   13.346348065368609        4.9685097058903144E-002   1.5927192362328648        1.8225513221917015E-002
   13.817766430769083        5.4189672777717517E-002   1.5927192362328648        1.9552280570432887E-002
   14.305834715756038        5.9162377681065789E-002   1.5927192362328648        2.0980513736259251E-002
   14.811143972217785        6.4656141277470186E-002   1.5927192362328648        2.2518541906059241E-002
   15.334300133051286        7.0729400884427390E-002   1.5927192362328648        2.4175411601124523E-002
   15.875936741648431        7.7446583281470915E-002   1.5927192362328648        2.5960991752431165E-002
   16.436703292225193        8.4878289832945611E-002   1.5927192362328648        2.7886009149942548E-002
   17.017278874447534        9.3101764019007591E-002   1.5927192362328648        2.9962172802227544E-002
   17.618359675531394       0.10220099542458023        1.5927192362328648        3.2202217478324781E-002
   18.240671728221173       0.11226713455910289        1.5927192362328648        3.4620043157169815E-002
   18.884968846184627       0.12339867496907320        1.5927192362328648        3.7230813144926524E-002
   19.552019805756849       0.13570135218303794        1.5927192362328648        4.0051012422855886E-002
   20.242632201214423       0.14928859258475849        1.5926374962014931        4.3098651403527199E-002
   20.957638264717446       0.16428117345715854        1.5924230576998522        4.6393354488624951E-002
   21.697899624358065       0.18080700738813424        1.5922364191545080        4.9956563995276961E-002
   22.464312967141105       0.19900070927138849        1.5920739756617601        5.3811655999292843E-002
   23.257792778673313       0.21900225858365624        1.5919325923542991        5.7984043720873582E-002
   24.079299719823517       0.24095631198439019        1.5918095380770190        6.2501497483754997E-002
   24.929823759061236       0.26500992863503725        1.5917024366417158        6.7394250328615096E-002
   25.810395145829254       0.29131039192598257        1.5916092193955309        7.2695259523009745E-002
   26.722064579292049       0.32000149268186567        1.5915280874132327        7.8440295794834344E-002
   27.665935811728254       0.35122073749260130        1.5914574734374725        8.4668357626358659E-002
   28.643146268414043       0.38509439914433152        1.5913960139065766        9.1421779765988379E-002
   29.654879655490589       0.42173302070329149        1.5913425217362267        9.8746541511050112E-002
   30.702343174827575       0.46115846493525225        1.5827852666331468       0.10666246673777555     
   31.786804983723918       0.50346643038640226        1.5713685332830587       0.11523794380842904     
   32.909571928103169       0.54872008492099389        1.5614318731742838       0.12454563684349954     
   34.072004028335677       0.59691220317527327        1.5527833607711108       0.13464777642477088     
   35.275488300232773       0.64799282453667484        1.5452560953356258       0.14561088818117626     
   36.521481794408061       0.70186727348474931        1.5387046698194644       0.15750617333992439     
   37.811486012809581       0.75839249447487445        1.5330025756576928       0.17040919693514400     
   39.147055493126302       0.81737619235970027        1.5280397049435988       0.18439974205385937     
   40.529808025860810       0.87857766450685360        1.5237202003559065       0.19956154483701913     
   41.961393513511240       0.94170853257920717        1.5199607032232652       0.21598138365532343     
   43.443545167355794        1.0064389154854116        1.5166885899101610       0.23374885837867904     
   44.978049075047366        1.0724017596482229        1.5138406756397036       0.25295503805724712     
   46.566763998623138        1.1392010465608331        1.5113619532499263       0.27369141625863719     
   48.211585595230147        1.2064191679704634        1.5092045878558611       0.29604788745763144     
   49.914505239722644        1.2736295484924112        1.5073269048099434       0.32011170978657560     
   51.677575059319224        1.3404062929103997        1.5056926458982929       0.34596503266279888     
   53.502930680545909        1.4063368584444411        1.5042702455834309       0.37368304362650906     
   55.392750120602578        1.4710326964384337        1.5030322540969909       0.40333110368931852     
   57.349321371645829        1.5341437557042039        1.5019547566867355       0.43496361303635800     
   59.375002227322796        1.5953686659658695        1.5010169467891519       0.46862148262487702     
   61.472246417894510        1.6544664988928752        1.5002007107055699       0.50433105085341756     
   63.643556378429672        1.7112653626292567        1.4994902965473043       0.54210238127663990     
   65.891560899834928        1.7656731734049413        1.4988719809739550       0.58193049303659738     
   68.218968971510208        1.8176833447734826        1.4983338242610027       0.62379544263669362     
   70.628585269218178        1.8658917590094306        1.4974249611069639       0.66688188503213408     
   73.123328588587739        1.9076791856443271        1.4954487647159886       0.70961566109609497     
   75.706175661273647        1.9475902297646754        1.4937287747230201       0.75415455026770672     
   78.380253523498894        1.9859609297508538        1.4922317654274073       0.80043090594615462     
   81.148784610322849        2.0232168079000279        1.4909288294566674       0.84838372413068641     
   84.015122474940881        2.0598680040702089        1.4897948007407640       0.89796529918394941     
   86.982687236203873        2.0965008037789512        1.4888077945646609       0.94914584878024333     
   90.055071705548812        2.1337690059904157        1.4879487445547808        1.0019204066655709     
   93.235978303002270        2.1723807761531053        1.4872010623848548        1.0563117810788571     
   96.529260096906100        2.2130845198157956        1.4865503066531078        1.1123740750481594     
   99.938826062156153        2.2566508317502145        1.4859839220753335        1.1701925345735529     
   103.46886588546354        2.3038564656108722        1.4854909581310529        1.2298874372715227     
   107.12359379692580        2.3554605182545556        1.4850619027282230        1.2916084880312213     
   110.90736836557576        2.4121839954261128        1.4846884748023224        1.3555343818471721     
   114.82483910697920        2.4746896399872065        1.4843634544707665        1.4218717343256360     
   118.88068277378797        2.5435554963298213        1.4840805702336881        1.4908461678931226     
   123.07973629915718        2.6192549761919675        1.4838343622306576        1.5626993024729496     
   127.42715949490271        2.7021399105883850        1.4836200702582918        1.6376856528759636     
   131.92808807993632        2.7924165618661902        1.4834335614618757        1.7160602049621787     
   136.58805281121437        2.8901393128125714        1.4832712298668234        1.7980786938704914     
   141.41261684513370        2.9951932290404568        1.4831299431688485        1.8839839264075593     
   146.40753387824964        3.1072913420352632        1.4830069744374594        1.9740007543438967     
   151.57894168226974        3.1352718623908173        1.4597888923826223        2.0178763092950511     
   156.93294936957258        2.9715481058577149        1.3896514571329808        1.9531301449965686     
   162.47613596373097        2.8296434418125993        1.3286059624649413        1.8976594112374385     
   168.21511902855468        2.7063188982752804        1.2754744918786016        1.8503807721408865     
   174.15674278185460        2.5989085050880743        1.2292315714302449        1.8103535133868902     
   180.30830831190286        2.5052163052669876        1.1889831371438009        1.7767682198096539     
   186.67715947709803        2.4234337062282969        1.1539525666804886        1.7489401950438344     
   193.27089166569760        2.3520556639127466        1.1234637459247552        1.7262989041581205     
   200.09760727912413        2.2898107962605083        1.0969272018059926        1.7083788164519329     
   207.16537088595135        2.2356104109035746        1.0738311480902514        1.6948122239065935     
   214.48286737908427        2.1884968471812032        1.0537290440007789        1.6853180067170541     
   222.05883252794877        2.1476127067033417        1.0362330050553756        1.6796926098080598     
   229.90230130529540        2.1121722346428258        1.0210053456628321        1.6777983157151803     
   238.02291179328489        2.0814420032380392        1.0077516531526123        1.6795517923305323     
   246.43025707061713        2.0547320105929723       0.99621631559026935        1.6849123407286566     
   255.13466811288930        2.0313863984106098       0.98617630792318478        1.6938704862876284     
   264.14653641505117        2.0107835786210710       0.97743790101942540        1.7064367518551116     
   273.47660938458705        1.9923358644985569       0.96983243761259708        1.7226318644912681     
   283.13635184814427        1.9754915880711863       0.96321287312185488        1.7424791578707821     
   293.13729579387660        1.9597400369973514       0.95745147831382948        1.7659966897610073     
   303.49136818478553        1.9446146517778686       0.95243705430412295        1.7931926181823834     
   314.21129214162710        1.9296961749152968       0.94807265185543643        1.8240630618382507     
   325.30973137660959        1.9146168392001119       0.94427409870017986        1.8585880106635437     
   336.80032369109853        1.8990609162934422       0.94096795333629379        1.8967339167938928     
   348.69678677735646        1.8827668580048806       0.93809042132331555        1.9384517396589729     
   361.01330816366544        1.8655265593613795       0.93558596431327024        1.9836796562391137     
   373.76502243504467        1.8365073449272058       0.91979833701878133        2.0201286035605683     
   386.96715283564077        1.7691158321307578       0.85938230051003861        2.0144138532376026     
   400.63544401132759        1.7037698426688825       0.80679926564863746        2.0112686884854862     
   414.78669160661980        1.6403160949084623       0.76103258822685893        2.0110488046570327     
   429.43761284149554        1.5786400143057500       0.72119960788873794        2.0141049951258929     
   444.60621081975989        1.5186556657558996       0.68653019090495337        2.0207658548100413     
   460.31059410826708        1.4603068025651471       0.65635536606757383        2.0313252006193943     
   476.56949149896485        1.4035604673974633       0.63009273849300440        2.0460343799236096     
   493.40288198244309        1.3484010361644523       0.60723454463596260        2.0650996467985379     
   510.83065126063684        1.2948310208279381       0.58733993926442973        2.0886807942500139     
   528.87421463804299        1.2428621955249930       0.57002427863600780        2.1168952926069879     
   547.55511287104378        1.1925167201662559       0.55495344468888397        2.1498201841722553     
   566.89562449487210        1.1438220796509797       0.54183655995717483        2.1874970077791778     
   586.91951519858117        1.0968066992595291       0.53042002164064117        2.2299377515627503     
   607.65068989177485        1.0515010173165911       0.52048353946351722        2.2771261560491478     
   629.11387223602765        1.0079336203125737       0.51183533248218394        2.3290221707642416     
   651.33543626567803       0.96612809466333704       0.50430819563596174        2.3855666966085418     
   674.34163286578985       0.92610524632411040       0.49775695987036861        2.4466790358009951     
   698.16073213207346       0.88787811828173613       0.49205496311821817        2.5122634405544235     
   722.82116976782140       0.84779855937289827       0.48338365179693155        2.5738478874758290     
   748.35235540965130       0.80891128104251098       0.47474482928616141        2.6380854178141537     
   774.78566186873422       0.77236501193775453       0.46722586039825709        2.7074999931861896     
   802.15264573967897       0.73807766508266048       0.46068166124843257        2.7818151169624401     
   830.48594444209971       0.70596881674180179       0.45498592428982848        2.8607470222023390     
   859.82037403360118       0.67595800808708273       0.45002852773120777        2.9440046107284390     
   890.19058800385733       0.64796691534522866       0.44571386276595470        3.0312796858573243     
   921.63390537915473       0.62191625858537269       0.44195850934886466        3.1222518134173227     
   954.18786380243341       0.59772809799195759       0.43869000524865970        3.2165782558956635     
   987.89128659474920       0.57532476225776719       0.43584526608705171        3.3138940653117204     
   1022.7855886411724       0.55462825228193302       0.43336929147087161        3.4138130284302548     
   1058.9119914466876       0.53556220106605523       0.43121432952563238        3.5159170007154770     
   1096.3148872627712       0.51805008043739609       0.42933871606087365        3.6197631080953587     
   1135.0389283928459       0.50201701374045382       0.42770625977272309        3.7248734279904370     
   1175.1302964981960       0.48738919161721167       0.42628545313147131        3.8307371226932831     
   1216.6382559936744       0.47409358634125121       0.42504882615853112        3.9368134712954199     
   1259.6123598874483       0.46205912447150915       0.42397251725159857        4.0425243421536132     
   1304.1038583964914       0.45121620646713179       0.42303575290813700        4.1472590291454221     
   1350.1674228314519       0.44149647038341455       0.42222042165841844        4.2503802730121372     
   1397.8574692241625       0.39449328669611661       0.37682667942608888        4.0242943038043828     
   1447.2325992722181       0.34862669645840866       0.33046155898159496        3.7904210418319129     
   1498.3517579647787       0.30865633152930255       0.29010727818618948        3.5843023123319440     
   1551.2759091786245       0.26428816644570352       0.25257137294188792        3.1921579528692150     
   1606.0700862978565       0.22642823007113871       0.21982766370206999        2.8330439268504710     
   1662.7990190437411       0.19431996824978837       0.19132921024592858        2.5104673763843892     
   1721.5324161293761       0.16703744689987379       0.16652502140851030        2.2210594790776086     
   1782.3403946248577       0.14381131433028146       0.14493648261789596        1.9617661209895243     
   1845.2954731357936       0.12400072767709136       0.12614692021968554        1.7298034162780951     
   1910.4750110852074       0.10707076005713510       0.10979305545242865        1.5226230984764244     
   1977.9568210713478        9.2575516637689634E-002   9.5559328793657333E-002   1.3379041698744554     
   2047.8213808026539        8.0142182333756418E-002   8.3171019524187900E-002   1.1735215564070662     
   2120.1545400970977        6.9458216954495541E-002   7.2388611174585352E-002   1.0275222897384486     
   2195.0417479108573        6.0262011823831382E-002   6.3004153224335863E-002  0.89812195949541374     
   2272.5750259096239        5.2333331198017946E-002   5.4836205883157130E-002  0.78367640484543943     
   2352.8469348264384        4.5487072971380209E-002   4.7727162762636867E-002  0.68268066661519711     
   2435.9532056335870        3.9567057486153800E-002   4.1539814438596591E-002  0.59375316881652529     
   2521.9959596104222        3.4441058622888092E-002   3.6154534270022930E-002  0.51562430006600213     
   2611.0779162676686        2.9997238834603077E-002   3.1467409422698912E-002  0.44713497849890937     
   2703.3053132971791        2.6140604494017530E-002   2.7387975161715636E-002  0.38722618118694585     
   2798.7914800504532        2.2790174062255090E-002   2.3837359409356038E-002  0.33493122893192956     
   2897.6492167059700        1.9877018729073357E-002   2.0747084663200660E-002  0.28937490146545053     
   3000.0000000000000        1.7342060846927767E-002   1.8057403327295562E-002  0.24976307406189771     
