         200   4370.0000000000000     
   3.0000000000000000        1.4527510965108659E-003   3.0478787646123777E-003   2.4328009840426700E-003
   3.1059655287322618        1.4937566251808951E-003   3.0478787646123777E-003   2.4558137032368909E-003
   3.2156739552243598        1.5345803126818036E-003   3.0478787646123777E-003   2.4788695191688670E-003
   3.3292574962321346        1.5751599869304250E-003   3.0478787646123777E-003   2.5019092295078659E-003
   3.4468529954360925        1.6154342157029258E-003   3.0478787646123777E-003   2.5248738108690507E-003
   3.5686022069563790        1.6553423630951383E-003   3.0478787646123777E-003   2.5477045308603730E-003
   3.6946518254059528        1.6948245877679647E-003   3.0478787646123777E-003   2.5703430655187910E-003
   3.8251536998800524        1.7338219452838444E-003   3.0478787646123777E-003   2.5927317160920728E-003
   3.9602651907155879        1.7722765703424984E-003   3.0478787646123777E-003   2.6148137107987026E-003
   4.1001490688558144        1.8101317696027968E-003   3.0478787646123777E-003   2.6365334904719330E-003
   4.2449739038313119        1.8473323057557538E-003   3.0478787646123777E-003   2.6578371330815065E-003
   4.3949142193596993        1.8838246514252396E-003   3.0478787646123777E-003   2.6786727814889521E-003
   4.5501507036585132        1.9195572932773379E-003   3.0478787646123777E-003   2.6989911102044961E-003
   4.7108703059600501        1.9544810372723472E-003   3.0478787646123777E-003   2.7187457916008442E-003
   4.8772669425686850        1.9885494586197351E-003   3.0478787646123777E-003   2.7378940303177967E-003
   5.0495410155906377        2.0217190979746821E-003   3.0478787646123777E-003   2.7563969284923186E-003
   5.2279001269311909        2.0539499099074049E-003   3.0478787646123777E-003   2.7742199568364582E-003
   5.4125592113782046        2.0852055619793638E-003   3.0478787646123777E-003   2.7913332944015014E-003
   5.6037407956130689        2.1154537301417723E-003   3.0478787646123777E-003   2.8077121120347621E-003
   5.8016752663703963        2.1446663546415500E-003   3.0478787646123777E-003   2.8233367741558307E-003
   6.0066011480696169        2.1728198484352091E-003   3.0478787646123777E-003   2.8381929520040934E-003
   6.2187653902530293        2.1998952519795413E-003   3.0478787646123777E-003   2.8522716453590158E-003
   6.4384236651766908        2.2258783302722689E-003   3.0478787646123777E-003   2.8655691135232838E-003
   6.6658406759127811        2.2507596100481203E-003   3.0478787646123777E-003   2.8780867198692824E-003
   6.9012904753346884        2.2745343570005345E-003   3.0478787646123777E-003   2.8898306973004894E-003
   7.1450567963692624        2.2972024947148120E-003   3.0478787646123777E-003   2.9008118444407011E-003
   7.3974330131920443        2.3187684374402716E-003   3.0478787646123777E-003   2.9110451495299467E-003
   7.6587243988323896        2.3392410594708607E-003   3.0478787646123777E-003   2.9205494571216436E-003
   7.9292442763577622        2.3586331244777655E-003   3.0478787646123777E-003   2.9293468710127318E-003
   8.2093202460023029        2.3769614676470417E-003   3.0478787646123777E-003   2.9374625060226288E-003
   8.4992881560440416        2.3942462349241240E-003   3.0478787646123777E-003   2.9449238151566049E-003
   8.7994991583321234        2.4105109935729702E-003   3.0478787646123777E-003   2.9517603231933270E-003
   9.1103132457223861        2.4257819804573647E-003   3.0478787646123777E-003   2.9580030041352159E-003
   9.4321068148357909        2.4400881370352278E-003   3.0478787646123777E-003   2.9636840209460286E-003
   9.7652657388916850        2.4534603922324242E-003   3.0478787646123777E-003   2.9688361828244499E-003
   10.110193474162946        2.4659316506646972E-003   3.0478787646123777E-003   2.9734927196568982E-003
   10.467303634806061        2.4775361317903939E-003   3.0478787646123777E-003   2.9776868351426050E-003
   10.837027566606025        2.4883093056497396E-003   3.0478787646123777E-003   2.9814515212593339E-003
   11.219811965471335        2.4982874585822903E-003   3.0478787646123777E-003   2.9848192639639944E-003
   11.616115840724994        2.5075073244717866E-003   3.0478787646123777E-003   2.9878218099923942E-003
   12.026419117330413        2.5160060192796515E-003   3.0478787646123777E-003   2.9904900618583723E-003
   12.451213803399156        2.5238205811165433E-003   3.0478787646123777E-003   2.9928538686716062E-003
   12.891014326336300        2.5309879595308993E-003   3.0478787646123777E-003   2.9949419845346770E-003
   13.346348065368609        2.5375446455096940E-003   3.0478787646123777E-003   2.9967819362157777E-003
   13.817766430769083        2.5435266868125985E-003   3.0478787646123777E-003   2.9984000237898516E-003
   14.305834715756038        2.5489694051274931E-003   3.0478787646123777E-003   2.9998212510324845E-003
   14.811143972217785        2.5539074388802457E-003   3.0478787646123777E-003   3.0010693594083077E-003
   15.334300133051286        2.5583745394687652E-003   3.0478787646123777E-003   3.0021668074306923E-003
   15.875936741648431        2.5624036377988753E-003   3.0478787646123777E-003   3.0031348295949411E-003
   16.436703292225193        2.5660267071840898E-003   3.0478787646123777E-003   3.0039934523377969E-003
   17.017278874447534        2.5692748462282384E-003   3.0478787646123777E-003   3.0047615707321520E-003
   17.618359675531394        2.5721781940441077E-003   3.0478787646123777E-003   3.0054569906228395E-003
   18.240671728221173        2.5747660143838375E-003   3.0478787646123777E-003   3.0060965157802659E-003
   18.884968846184627        2.5770666933207708E-003   3.0478787646123777E-003   3.0066960190673494E-003
   19.552019805756849        2.5791077304458711E-003   3.0478787646123777E-003   3.0072705134852051E-003
   20.242632201214423        2.5809158639106536E-003   3.0478525318129160E-003   3.0078342036063918E-003
   20.957638264717446        2.5825170683790124E-003   3.0477837121401547E-003   3.0084006120767465E-003
   21.697899624358065        2.5839366361416157E-003   3.0477238142975712E-003   3.0089828537641808E-003
   22.464312967141105        2.5851992660676109E-003   3.0476716813646904E-003   3.0095934768882009E-003
   23.257792778673313        2.5863291345607454E-003   3.0476263072696519E-003   3.0102446572913685E-003
   24.079299719823517        2.5873500608138036E-003   3.0475868155038100E-003   3.0109483340087033E-003
   24.929823759061236        2.5882856187907123E-003   3.0475524434779217E-003   3.0117163148161586E-003
   25.810395145829254        2.5891593150913971E-003   3.0475225272999546E-003   3.0125604102027416E-003
   26.722064579292049        2.5899947536933698E-003   3.0474964896414669E-003   3.0134925425187968E-003
   27.665935811728254        2.5908158676902653E-003   3.0474738275231110E-003   3.0145249082792237E-003
   28.643146268414043        2.5916471080749221E-003   3.0474541033375202E-003   3.0156700914593156E-003
   29.654879655490589        2.5925136636363072E-003   3.0474369361141408E-003   3.0169412064217516E-003
   30.702343174827575        2.5922182728941724E-003   2.9040560372960347E-003   3.0165404955235526E-003
   31.786804983723918        2.5913941121352242E-003   2.7124063990062812E-003   3.0153825904729952E-003
   32.909571928103169        2.5906722750015597E-003   2.5456023529399248E-003   3.0143767776626153E-003
   34.072004028335677        2.5900735926809399E-003   2.4004220966452813E-003   3.0135273276163180E-003
   35.275488300232773        2.5896201436121230E-003   2.2740639122342653E-003   3.0128394809200471E-003
   36.521481794408061        2.5893351453813024E-003   2.1640868906158336E-003   3.0123194082352272E-003
   37.811486012809581        2.5892428089572300E-003   2.0683673664675796E-003   3.0119741938946613E-003
   39.147055493126302        2.5893680985980671E-003   1.9850569879145213E-003   3.0118117641437002E-003
   40.529808025860810        2.5897364264713834E-003   1.9125466238342369E-003   3.0118407927646374E-003
   41.961393513511240        2.5903732692390664E-003   1.8494369545857419E-003   3.0120705757122530E-003
   43.443545167355794        2.5913037537243951E-003   1.7945088666931686E-003   3.0125108809057476E-003
   44.978049075047366        2.5925521826328426E-003   1.7467016942668060E-003   3.0131717708496864E-003
   46.566763998623138        2.5941415554717978E-003   1.7050920468436232E-003   3.0140634042760306E-003
   48.211585595230147        2.5960930311551204E-003   1.6688769330494616E-003   3.0151957839013193E-003
   49.914505239722644        2.5984254971008931E-003   1.6373567717617773E-003   3.0165785323429417E-003
   51.677575059319224        2.6011550728419026E-003   1.6099229060766199E-003   3.0182205901021319E-003
   53.502930680545909        2.6042947178068934E-003   1.5860454537890453E-003   3.0201299226988278E-003
   55.392750120602578        2.6078537856473634E-003   1.5652636230055561E-003   3.0223131365851759E-003
   57.349321371645829        2.6118378271033993E-003   1.5471759631994306E-003   3.0247751828952839E-003
   59.375002227322796        2.6162482744139098E-003   1.5314332001738510E-003   3.0275189252534480E-003
   61.472246417894510        2.6210823124528781E-003   1.5177312641313034E-003   3.0305447613383925E-003
   63.643556378429672        2.6263326527608496E-003   1.5058057323445401E-003   3.0338501311659399E-003
   65.891560899834928        2.6319876626302464E-003   1.4954262347818170E-003   3.0374292088565348E-003
   68.218968971510208        2.6380312732583351E-003   1.4863923424924910E-003   3.0412724362663740E-003
   70.628585269218178        2.6425279640722625E-003   1.4779823155844608E-003   3.0425983216845962E-003
   73.123328588587739        2.6418832975068037E-003   1.4691899581631468E-003   3.0362510997580293E-003
   75.706175661273647        2.6416017872238412E-003   1.4615374966728207E-003   3.0302319638587268E-003
   78.380253523498894        2.6416421604545702E-003   1.4548771056053309E-003   3.0245203758573411E-003
   81.148784610322849        2.6419643109623654E-003   1.4490801722619861E-003   3.0190985950479328E-003
   84.015122474940881        2.6425297646223496E-003   1.4440347294903230E-003   3.0139514362235243E-003
   86.982687236203873        2.6433020977731153E-003   1.4396434093173977E-003   3.0090661542035856E-003
   90.055071705548812        2.6442473461753967E-003   1.4358213829418058E-003   3.0044319777609340E-003
   93.235978303002270        2.6453343281247661E-003   1.4324948467202326E-003   3.0000399202584015E-003
   96.529260096906100        2.6465349310144421E-003   1.4295995489585203E-003   2.9958823988141224E-003
   99.938826062156153        2.6478242886182057E-003   1.4270796295474484E-003   2.9919530324953730E-003
   103.46886588546354        2.6491810140841961E-003   1.4248863681824598E-003   2.9882460776377829E-003
   107.12359379692580        2.6505871888253740E-003   1.4229774443161570E-003   2.9847564598551092E-003
   110.90736836557576        2.6520284300464020E-003   1.4213160144043329E-003   2.9814793854215332E-003
   114.82483910697920        2.6534939077617592E-003   1.4198699562406314E-003   2.9784100404192234E-003
   118.88068277378797        2.6549761455839770E-003   1.4186113670980841E-003   2.9755436702963338E-003
   123.07973629915718        2.6564709172423578E-003   1.4175159553401614E-003   2.9728753391924929E-003
   127.42715949490271        2.6579770920114455E-003   1.4165625421965291E-003   2.9703997688581840E-003
   131.92808807993632        2.6594962496901474E-003   1.4157327400534895E-003   2.9681115083335886E-003
   136.58805281121437        2.6610325152185625E-003   1.4150105054562575E-003   2.9660046771842734E-003
   141.41261684513370        2.6625920816985556E-003   1.4143819023714923E-003   2.9640731580160497E-003
   146.40753387824964        2.6641828753453745E-003   1.4138347983270972E-003   2.9623105155898873E-003
   151.57894168226974        2.5757693626123866E-003   1.3767319512072145E-003   2.8648011782802215E-003
   156.93294936957258        2.3043056266056736E-003   1.2653105187423383E-003   2.5727061996836647E-003
   162.47613596373097        2.0679841987300534E-003   1.1683326860452803E-003   2.3184695021778771E-003
   168.21511902855468        1.8623061081946774E-003   1.0839271964429868E-003   2.0971869655512345E-003
   174.15674278185460        1.6833431462776047E-003   1.0104649659040950E-003   1.9045885074251963E-003
   180.30830831190286        1.5276609212118882E-003   9.4652567033814831E-004   1.7369508177778154E-003
   186.67715947709803        1.3922684430248669E-003   8.9087555528630680E-004   1.5910394396365143E-003
   193.27089166569760        1.2745555222573542E-003   8.4244053523349703E-004   1.4640384308974397E-003
   200.09760727912413        1.1722414479758017E-003   8.0028416399100454E-004   1.3534927345156165E-003
   207.16537088595135        1.0833421227222997E-003   7.6359340990035261E-004   1.2572709622958777E-003
   214.48286737908427        1.0061233338606258E-003   7.3165889126226358E-004   1.1735136103683201E-003
   222.05883252794877        9.3907624623867686E-004   7.0386440868930474E-004   1.1006056223983368E-003
   229.90230130529540        8.8088542954420108E-004   6.7967350954157831E-004   1.0371411473049472E-003
   238.02291179328489        8.3040260597762262E-004   6.5861848522137548E-004   9.8189466092556740E-004
   246.43025707061713        7.8662962687427900E-004   6.4029326659044775E-004   9.3380230624735393E-004
   255.13466811288930        7.4869471977138903E-004   6.2434355254340184E-004   8.9193597042287927E-004
   264.14653641505117        7.1583980760089210E-004   6.1046158193509904E-004   8.5548954618397952E-004
   273.47660938458705        6.8740425196381480E-004   5.9837942318018340E-004   8.2376130646517735E-004
   283.13635184814427        6.6281152459190813E-004   5.8786347894546011E-004   7.9613947096679981E-004
   293.13729579387660        6.4156024234088163E-004   5.7871083656238379E-004   7.7209262440479408E-004
   303.49136818478553        6.2321340899484793E-004   5.7074484373473820E-004   7.5115810497934741E-004
   314.21129214162710        6.0738961001426714E-004   5.6381148537974898E-004   7.3293249958397428E-004
   325.30973137660959        5.9375720961559885E-004   5.5777704410960342E-004   7.1706551544410853E-004
   336.80032369109853        5.8202652225038468E-004   5.5252484959935179E-004   7.0325145853676792E-004
   348.69678677735646        5.7194552536759516E-004   5.4795355699778221E-004   6.9122473219314221E-004
   361.01330816366544        5.6329451567651667E-004   5.4397493721203792E-004   6.8075405222833819E-004
   373.76502243504467        5.5523382347334358E-004   5.3964395163615933E-004   6.7048040064681075E-004
   386.96715283564077        5.4608788626261246E-004   5.3289678499550137E-004   6.5756827786026613E-004
   400.63544401132759        5.3820443735035810E-004   5.2702439549126773E-004   6.4633065703677381E-004
   414.78669160661980        5.3141591749419231E-004   5.2191324591909448E-004   6.3655006843223920E-004
   429.43761284149554        5.2557640855140531E-004   5.1746476217758876E-004   6.2803770937056068E-004
   444.60621081975989        5.2055832604966433E-004   5.1359293695962393E-004   6.2062885288087098E-004
   460.31059410826708        5.1625061316473405E-004   5.1022306062718683E-004   6.1418041491911857E-004
   476.56949149896485        5.1255646612559911E-004   5.0729009224814551E-004   6.0856783414559924E-004
   493.40288198244309        5.0939146551295261E-004   5.0473732559925080E-004   6.0368251686461905E-004
   510.83065126063684        5.0668231241262848E-004   5.0251552778779549E-004   5.9943018685618956E-004
   528.87421463804299        5.0436516114650868E-004   5.0058174241383998E-004   5.9572859350536455E-004
   547.55511287104378        5.0238466282710617E-004   4.9889865570489479E-004   5.9250629747662127E-004
   566.89562449487210        5.0069280175922179E-004   4.9743378292929847E-004   5.8970111250311933E-004
   586.91951519858117        4.9924793208764684E-004   4.9615880213061650E-004   5.8725882903338882E-004
   607.65068989177485        4.9801408819886593E-004   4.9504911164204501E-004   5.8513236636172344E-004
   629.11387223602765        4.9696020207860988E-004   4.9408329367353989E-004   5.8328074485569171E-004
   651.33543626567803        4.9605945220118966E-004   4.9324267503048839E-004   5.8166824399373876E-004
   674.34163286578985        4.9528879727426048E-004   4.9251104346431998E-004   5.8026385872996563E-004
   698.16073213207346        4.9462840688051083E-004   4.9187425355729365E-004   5.7904054389365848E-004
   722.82116976782140        4.8909655375017924E-004   4.8635508748390467E-004   5.6847189903352251E-004
   748.35235540965130        4.8282552419397039E-004   4.8008985885782487E-004   5.5647492378417193E-004
   774.78566186873422        4.7737041301307927E-004   4.7463679403836031E-004   5.4603210697522578E-004
   802.15264573967897        4.7262356514807046E-004   4.6989067223795019E-004   5.3694208616139648E-004
   830.48594444209971        4.6849147790456507E-004   4.6575989003989524E-004   5.2902956575542513E-004
   859.82037403360118        4.6489284026524850E-004   4.6216458260173827E-004   5.2214172005267563E-004
   890.19058800385733        4.6175724771590338E-004   4.5903541049309416E-004   5.1614587119552574E-004
   921.63390537915473        4.5902345291930576E-004   4.5631187407357853E-004   5.1092626182871505E-004
   954.18786380243341        4.5663841810614784E-004   4.5394142075919335E-004   5.0638234655802641E-004
   987.89128659474920        4.5455612110463983E-004   4.5187829916978390E-004   5.0242659819213660E-004
   1022.7855886411724        4.5273657441859198E-004   4.5008262076298928E-004   4.9898271108791102E-004
   1058.9119914466876        4.5114518517818791E-004   4.4851975391966864E-004   4.9598444161556518E-004
   1096.3148872627712        4.4975188027565220E-004   4.4715948205898255E-004   4.9337399571410760E-004
   1135.0389283928459        4.4853063656314371E-004   4.4597555776205376E-004   4.9110117561712357E-004
   1175.1302964981960        4.4745888563192600E-004   4.4494513047525921E-004   4.8912228376853703E-004
   1216.6382559936744        4.4651702483967937E-004   4.4404827784273764E-004   4.8739922511166939E-004
   1259.6123598874483        4.4568809348064344E-004   4.4326769445121719E-004   4.8589891140065776E-004
   1304.1038583964914        4.4495738133074210E-004   4.4258831450409638E-004   4.8459253838379729E-004
   1350.1674228314519        4.4431210712969009E-004   4.4199700282023099E-004   4.8345499387928781E-004
   1397.8574692241625        4.1528666062020574E-004   4.1320711067057071E-004   4.5129584814720237E-004
   1447.2325992722181        3.8740699273964079E-004   3.8555712969772459E-004   4.2039907681902099E-004
   1498.3517579647787        3.6313953190626443E-004   3.6149173128036122E-004   3.9350771075273057E-004
   1551.2759091786245        3.1680007613697081E-004   3.1539487703460470E-004   3.4330463516858554E-004
   1606.0700862978565        2.7570065585743117E-004   2.7450664006197986E-004   2.9879299831756998E-004
   1662.7990190437411        2.3993206599746866E-004   2.3891960532093602E-004   2.6005299941892683E-004
   1721.5324161293761        2.0880250909721933E-004   2.0794573050211143E-004   2.2633545817837296E-004
   1782.3403946248577        1.8171095272795642E-004   1.8098735252794078E-004   1.9698961509568332E-004
   1845.2954731357936        1.5813407760620232E-004   1.5752415615262859E-004   1.7144893918186841E-004
   1910.4750110852074        1.3761558221333711E-004   1.3710250223662377E-004   1.4921950564963964E-004
   1977.9568210713478        1.1975907795071135E-004   1.1932834035518117E-004   1.2987227629225652E-004
   2047.8213808026539        1.0421946468587994E-004   1.0385861695303626E-004   1.1303374304298954E-004
   2120.1545400970977        9.0695864586912153E-005   9.0394239276543609E-005   9.8378265835848098E-005
   2195.0417479108573        7.8927056492410967E-005   7.8675532097736303E-005   8.5623124426556220E-005
   2272.5750259096239        6.8685131033620637E-005   6.8475925082538619E-005   7.4521644846130215E-005
   2352.8469348264384        5.9772127020074054E-005   5.9598609515401592E-005   6.4859558314663555E-005
   2435.9532056335870        5.2015715328375834E-005   5.1872247097124175E-005   5.6450328737414470E-005
   2521.9959596104222        4.5265663358940696E-005   4.5147455776632710E-005   4.9131326285875517E-005
   2611.0779162676686        3.9391484742367099E-005   3.9294475893565264E-005   4.2761285857823306E-005
   2703.3053132971791        3.4279592251012015E-005   3.4200340908562106E-005   3.7217226550113453E-005
   2798.7914800504532        2.9830965808924481E-005   2.9766560446552678E-005   3.2391928919989773E-005
   2897.6492167059700        2.5959644941917244E-005   2.5907624209186484E-005   2.8192305765772629E-005
   3000.0000000000000        2.2590637378106612E-005   2.2548923243518215E-005   2.4537138945292113E-005
