         200   4370.0000000000000     
   3.0000000000000000        2.0940990031310812E-003   6.6675508367181795        1.0094645935072491E-003
   3.1059655287322618        2.2448168602884335E-003   6.6675508367181795        1.0763490124642032E-003
   3.2156739552243598        2.4063639299354810E-003   6.6675508367181795        1.1479112484642931E-003
   3.3292574962321346        2.5794957103784191E-003   6.6675508367181795        1.2244838198045894E-003
   3.4468529954360925        2.7650213913768930E-003   6.6675508367181795        1.3064228390152939E-003
   3.5686022069563790        2.9638093763897193E-003   6.6675508367181795        1.3941097413405332E-003
   3.6946518254059528        3.1767932501847967E-003   6.6675508367181795        1.4879529508038645E-003
   3.8251536998800524        3.4049789760043215E-003   6.6675508367181795        1.5883897926526305E-003
   3.9602651907155879        3.6494534287102687E-003   6.6675508367181795        1.6958886617043556E-003
   4.1001490688558144        3.9113932941306894E-003   6.6675508367181795        1.8109509858006639E-003
   4.2449739038313119        4.1920761010238632E-003   6.6675508367181795        1.9341137299584675E-003
   4.3949142193596993        4.4928922413041356E-003   6.6675508367181795        2.0659519082018769E-003
   4.5501507036585132        4.8153585828678630E-003   6.6675508367181795        2.2070813422664639E-003
   4.7108703059600501        5.1611334387231143E-003   6.6675508367181795        2.3581615387641892E-003
   4.8772669425686850        5.5320345817413876E-003   6.6675508367181795        2.5198993978082134E-003
   5.0495410155906377        5.9300565449743126E-003   6.6675508367181795        2.6930520841603727E-003
   5.2279001269311909        6.3573924697099375E-003   6.6675508367181795        2.8784313300753766E-003
   5.4125592113782046        6.8164568679369500E-003   6.6675508367181795        3.0769075445450482E-003
   5.6037407956130689        7.3099109936604970E-003   6.6675508367181795        3.2894144225283375E-003
   5.8016752663703963        7.8406908067899413E-003   6.6675508367181795        3.5169539859571737E-003
   6.0066011480696169        8.4120378087244683E-003   6.6675508367181795        3.7606020995513468E-003
   6.2187653902530293        9.0275330874102673E-003   6.6675508367181795        4.0215145076159245E-003
   6.4384236651766908        9.6911349802758315E-003   6.6675508367181795        4.3009334413133329E-003
   6.6658406759127811        1.0407220847627076E-002   6.6675508367181795        4.6001948494681965E-003
   6.9012904753346884        1.1180633548728525E-002   6.6675508367181795        4.9207363098588306E-003
   7.1450567963692624        1.2016733330220509E-002   6.6675508367181795        5.2641056822725057E-003
   7.3974330131920443        1.2921454578832288E-002   6.6675508367181795        5.6319700050070851E-003
   7.6587243988323896        1.3901378214358544E-002   6.6675508367181795        6.0261286576206823E-003
   7.9292442763577622        1.4963789971101968E-002   6.6675508367181795        6.4485183661643830E-003
   8.2093202460023029        1.6116786291151999E-002   6.6675508367181795        6.9012344292516134E-003
   8.4992881560440416        1.7369344237520012E-002   6.6675508367181795        7.3865341452431042E-003
   8.7994991583321234        1.8731457557221460E-002   6.6675508367181795        7.9068622981094492E-003
   9.1103132457223861        2.0214230868644930E-002   6.6675508367181795        8.4648556778284464E-003
   9.4321068148357909        2.1830053908474836E-002   6.6675508367181795        9.0633730046253743E-003
   9.7652657388916850        2.3592728104626568E-002   6.6675508367181795        9.7055008127330117E-003
   10.110193474162946        2.5517689544670787E-002   6.6675508367181795        1.0394588622536513E-002
   10.467303634806061        2.7622176102884529E-002   6.6675508367181795        1.1134256533891513E-002
   10.837027566606025        2.9925501811912371E-002   6.6675508367181795        1.1928434187670450E-002
   11.219811965471335        3.2449305492218139E-002   6.6675508367181795        1.2781382710635322E-002
   11.616115840724994        3.5217816213309779E-002   6.6675508367181795        1.3697716320319710E-002
   12.026419117330413        3.8258224309244228E-002   6.6675508367181795        1.4682453259769889E-002
   12.451213803399156        4.1600955536672840E-002   6.6675508367181795        1.5741029857195627E-002
   12.891014326336300        4.5280102994257082E-002   6.6675508367181795        1.6879363251710397E-002
   13.346348065368609        4.9333720231330924E-002   6.6675508367181795        1.8103869248297547E-002
   13.817766430769083        5.3804288780191466E-002   6.6675508367181795        1.9421536584136576E-002
   14.305834715756038        5.8739000858013729E-002   6.6675508367181795        2.0839949473289616E-002
   14.811143972217785        6.4190238357899748E-002   6.6675508367181795        2.2367375598202632E-002
   15.334300133051286        7.0215814160779183E-002   6.6675508367181795        2.4012794360733870E-002
   15.875936741648431        7.6879443514523707E-002   6.6675508367181795        2.5786001116500291E-002
   16.436703292225193        8.4250920375538010E-002   6.6675508367181795        2.7697642242730761E-002
   17.017278874447534        9.2406573128609615E-002   6.6675508367181795        2.9759338475256726E-002
   17.618359675531394       0.10142935899579403        6.6675508367181795        3.1983727957904148E-002
   18.240671728221173       0.11140926618216561        6.6675508367181795        3.4384604495056585E-002
   18.884968846184627       0.12244348481565227        6.6675508367181795        3.6977014713190641E-002
   19.552019805756849       0.13463629710829481        6.6675508367181795        3.9777315680108831E-002
   20.242632201214423       0.14809951267591090        6.6674490329986487        4.2803391117145505E-002
   20.957638264717446       0.16295212215794450        6.6671819589993957        4.6074725699311737E-002
   21.697899624358065       0.17932007451253568        6.6669495086589086        4.9612565402504492E-002
   22.464312967141105       0.19733583908226959        6.6667471922235260        5.3440097846824026E-002
   23.257792778673313       0.21713707176877606        6.6665711053498420        5.7582528515234155E-002
   24.079299719823517       0.23886592478008772        6.6664178465007673        6.2067397274959489E-002
   24.929823759061236       0.26266678374829117        6.6662844562353385        6.6924681729778432E-002
   25.810395145829254       0.28868409877873147        6.6661683581347289        7.2187054857620322E-002
   26.722064579292049       0.31705869086921712        6.6660673117143618        7.7889970939501160E-002
   27.665935811728254       0.34792497028144359        6.6659793650221149        8.4072073219706875E-002
   28.643146268414043       0.38140601656473855        6.6659028198001380        9.0775296671997255E-002
   29.654879655490589       0.41760910330090112        6.6658361975855884        9.8045167215704887E-002
   30.702343174827575       0.45656098979543047        6.6602346686308378       0.10590484289134197     
   31.786804983723918       0.49834996886275645        6.6527741703911039       0.11442026407416800     
   32.909571928103169       0.54303182491484681        6.6462808563250704       0.12366152354922061     
   34.072004028335677       0.59059606163054423        6.6406293087604809       0.13369007494567350     
   35.275488300232773       0.64098948278241330        6.6357104629917778       0.14457151687195008     
   36.521481794408061       0.69411419075231950        6.6314292998050535       0.15637592950419585     
   37.811486012809581       0.74982392530697084        6.6277031495874610       0.16917751086101923     
   39.147055493126302       0.80792317679118242        6.6244600600721695       0.18305436174502648     
   40.529808025860810       0.86816797396788570        6.6216373913292887       0.19808813248741150     
   41.961393513511240       0.93026658442460064        6.6191806709277392       0.21436300577868619     
   43.443545167355794       0.99388558186353071        6.6170424414654043       0.23196533661684604     
   44.978049075047366        1.0586541091836938        6.6151814135557530       0.25098214008600311     
   46.566763998623138        1.1241719653392075        6.6135616416421428       0.27149985218229111     
   48.211585595230147        1.1900168864353275        6.6121518670392572       0.29360209010261157     
   49.914505239722644        1.2557569809770091        6.6109248565950738       0.31736836027402321     
   51.677575059319224        1.3209602496719637        6.6098569166371499       0.34287132594835229     
   53.502930680545909        1.3852070688426306        6.6089274200184693       0.37017467964510231     
   55.392750120602578        1.4481006897693507        6.6081184291257005       0.39933003078265911     
   57.349321371645829        1.5092814900430123        6.6074143163741814       0.43037553514841931     
   59.375002227322796        1.5684369978672126        6.6068014852888233       0.46333321893479751     
   61.472246417894510        1.6253134287865236        6.6062680991022384       0.49820782627288340     
   63.643556378429672        1.6797241346146112        6.6058038644201682       0.53498520112431946     
   65.891560899834928        1.7315601043440114        6.6053998134447198       0.57363370058824903     
   68.218968971510208        1.7807955276975378        6.6050481439183679       0.61410466888611637     
   70.628585269218178        1.8260637985070438        6.6041823331507183       0.65556961545719428     
   73.123328588587739        1.8648346860065479        6.6019227266606926       0.69644610808756158     
   75.706175661273647        1.9014579433788634        6.5999560696175799       0.73880545405244946     
   78.380253523498894        1.9362423018512445        6.5982443713595336       0.78254941976076708     
   81.148784610322849        1.9695835255659666        6.5967545788525674       0.82758866872062742     
   84.015122474940881        2.0019595986913350        6.5954579169124701       0.87385001027368592     
   86.982687236203873        2.0339225396192835        6.5943293622954320       0.92128142736222229     
   90.055071705548812        2.0660898988614584        6.5933471142828131       0.96985880796689650     
   93.235978303002270        2.0991321034609562        6.5924922055847883        1.0195885405319247     
   96.529260096906100        2.1337587779136697        6.5917481237305813        1.0705101495531413     
   99.938826062156153        2.1707015076303176        6.5911005128586897        1.1226950996455458     
   103.46886588546354        2.2106981236401024        6.5905368520135736        1.1762487933445547     
   107.12359379692580        2.2544702188540793        6.5900462649559124        1.2313035714018354     
   110.90736836557576        2.3027034103767132        6.5896192830178926        1.2880160223585702     
   114.82483910697920        2.3560277688935094        6.5892476508997833        1.3465632982396014     
   118.88068277378797        2.4149929223632016        6.5889241976939443        1.4071321173789104     
   123.07973629915718        2.4800487505452948        6.5886426805309366        1.4699126237478783     
   127.42715949490271        2.5515288259795756        6.5883976565374915        1.5350916380329047     
   131.92808807993632        2.6296280108662375        6.5881844001583607        1.6028372456076811     
   136.58805281121437        2.7143955786271317        6.5879987882791857        1.6732938015027707     
   141.41261684513370        2.8057190892980919        6.5878372393860047        1.7465641039698587     
   146.40753387824964        2.9033213978953420        6.5876966354739750        1.8226983011944418     
   151.57894168226974        2.9197193723911092        6.5576049174179980        1.8550832571413460     
   156.93294936957258        2.7523785971649235        6.4666682345071580        1.7864562519228639     
   162.47613596373097        2.6064289140364294        6.3875197060215765        1.7257705760714952     
   168.21511902855468        2.4785854916974119        6.3186321044704394        1.6716866671403401     
   174.15674278185460        2.3661401298404421        6.2586758517401302        1.6229631269606146     
   180.30830831190286        2.2668610032848826        6.2064917492941554        1.5784441535967930     
   186.67715947709803        2.1789127260866996        6.1610728675362409        1.5370570939438850     
   193.27089166569760        2.1007741319288895        6.1215425907942826        1.4978109551999397     
   200.09760727912413        2.0311692552138028        6.0871366378322467        1.4598024669004839     
   207.16537088595135        1.9690175034263921        6.0571914522724271        1.4222332570664313     
   214.48286737908427        1.9133813485068221        6.0311280717265268        1.3844254667003477     
   222.05883252794877        1.8634357987600170        6.0084435846176021        1.3458467507962388     
   229.90230130529540        1.8184387537691880        5.9887001647345528        1.3061294440865472     
   238.02291179328489        1.7777102578896535        5.9715160913661780        1.2650834296066409     
   246.43025707061713        1.7406231336057207        5.9565599508907976        1.2227031360012264     
   255.13466811288930        1.7065913455505892        5.9435425802043120        1.1791535718208910     
   264.14653641505117        1.6750694973354121        5.9322127998249110        1.1347493843981402     
   273.47660938458705        1.6455506100141291        5.9223519371949207        1.0899168698584094     
   283.13635184814427        1.6175663682624213        5.9137693416814141        1.0451483940418567     
   293.13729579387660        1.5906914503240506        5.9062994059628231        1.0009601997475732     
   303.49136818478553        1.5645450327246349        5.8997979551394621       0.95784970297807226     
   314.21129214162710        1.5387923729206907        5.8941392896898606       0.91626154292944717     
   325.30973137660959        1.5131488726403726        5.8892142760709696       0.87656950319480331     
   336.80032369109853        1.4873787243223024        5.8849276937124442       0.83906190274527437     
   348.69678677735646        1.4612972248374729        5.8811968299404942       0.80394368930883864     
   361.01330816366544        1.4347691014361525        5.8779496765170034       0.77134069660006666     
   373.76502243504467        1.4045432538537623        5.7678684825358451       0.73405269895367276     
   386.96715283564077        1.3625521740661370        5.3041714307028949       0.67324162965822265     
   400.63544401132759        1.3206071648826079        4.9005931814389880       0.61627284975014807     
   414.78669160661980        1.2786252281586532        4.5493309236177906       0.56345793604263683     
   429.43761284149554        1.2365657466726243        4.2436101809829472       0.51494568161723597     
   444.60621081975989        1.1944215060754213        3.9775201265348801       0.47073912515957839     
   460.31059410826708        1.1522171290650431        3.7459263622758661       0.43072846170988366     
   476.56949149896485        1.1100025857720517        3.5443589691888908       0.39471946766496169     
   493.40288198244309        1.0678468580569440        3.3689208286845456       0.36246079127988273     
   510.83065126063684        1.0258368599950720        3.2162284246268071       0.33367104785407281     
   528.87421463804299       0.98406917288118123        3.0833295910070673       0.30805498157253508     
   547.55511287104378       0.94264962690212639        2.9676599497366789       0.28532026384739462     
   566.89562449487210       0.90168826730236151        2.8669869971432713       0.26518623976264949     
   586.91951519858117       0.86129480387427759        2.7793643150636784       0.24738969141211953     
   607.65068989177485       0.82157883282548727        2.7031011611499616       0.23168980677417150     
   629.11387223602765       0.78264606282370486        2.6367256040525473       0.21786884635945100     
   651.33543626567803       0.74459509155247694        2.5789543339390026       0.20573183299672410     
   674.34163286578985       0.70751912882903423        2.5286731687730577       0.19510678243008575     
   698.16073213207346       0.67150127894154565        2.4849099688625369       0.18584210874376858     
   722.82116976782140       0.63559754756134246        2.4458012811765779       0.17647266118999716     
   748.35235540965130       0.60072518287609622        2.4114630882716392       0.16801733925756324     
   774.78566186873422       0.56726086140245036        2.3815761674792375       0.16079144611941307     
   802.15264573967897       0.53523110615064384        2.3555638292774974       0.15467495722937799     
   830.48594444209971       0.50465571696173395        2.3329240176392267       0.14956459099087741     
   859.82037403360118       0.47554696026933924        2.3132190128050705       0.14537181622282716     
   890.19058800385733       0.44791248663703409        2.2960687822369281       0.14202159255743271     
   921.63390537915473       0.42175318507606468        2.2811417421337770       0.13945051560345026     
   954.18786380243341       0.39706630972655077        2.2681498645759910       0.13760585812629506     
   987.89128659474920       0.37384536472169244        2.2568423973865919       0.13644432479504495     
   1022.7855886411724       0.35208045435481727        2.2470007211752785       0.13593112309862268     
   1058.9119914466876       0.33176141786497476        2.2384350284681753       0.13603926002564340     
   1096.3148872627712       0.31287717349870725        2.2309797095415886       0.13674884420778172     
   1135.0389283928459       0.29541903299510169        2.2244909086822662       0.13804656837463708     
   1175.1302964981960       0.27938168024524629        2.2188433875684770       0.13992526356024718     
   1216.6382559936744       0.26476466829195183        2.2139279566176295       0.14238367815508293     
   1259.6123598874483       0.25157578347539733        2.2096497690723425       0.14542611477439965     
   1304.1038583964914       0.23983286243948049        2.2059262529690615       0.14906231864107133     
   1350.1674228314519       0.22956615268559130        2.2026854175775061       0.15330756686121036     
   1397.8574692241625       0.20440112216971809        1.9570407793499167       0.14554061945509847     
   1447.2325992722181       0.18146365697058672        1.7048451929272264       0.13750461857901944     
   1498.3517579647787       0.16210786589781262        1.4853445982496640       0.13068070438628754     
   1551.2759091786245       0.13828591837911547        1.2928294726966527       0.11908215946760853     
   1606.0700862978565       0.11874600473981783        1.1252252352980410       0.10856824142040326     
   1662.7990190437411       0.10293097750076699       0.97935106070244604        9.9176758654538288E-002
   1721.5324161293761        9.0152924062517459E-002  0.85238660704393143        9.0769790986675689E-002
   1782.3403946248577        7.9848174874598443E-002  0.74188200434145912        8.3228538165129720E-002
   1845.2954731357936        7.1553514268121274E-002  0.64570443772123653        7.6450149684493124E-002
   1910.4750110852074        6.4887227588085294E-002  0.56199440313838256        7.0345185129493976E-002
   1977.9568210713478        5.9534470334031246E-002  0.48913665557804409        6.4836119406721557E-002
   2047.8213808026539        5.5234648892105012E-002  0.42572499037663536        5.9855401474192924E-002
   2120.1545400970977        5.1771521556566870E-002  0.37053340180248634        5.5343897481374540E-002
   2195.0417479108573        4.8965702249798147E-002  0.32249745979509115        5.1250093384180476E-002
   2272.5750259096239        4.6668100213909935E-002  0.28068843396958715        4.7528646713791360E-002
   2352.8469348264384        4.4755234024116332E-002  0.24429958925679160        4.4139872920645182E-002
   2435.9532056335870        4.3125179195474220E-002  0.21262859591345618        4.1048842690380997E-002
   2521.9959596104222        4.1694378721324664E-002  0.18506312465847527        3.8224657806048196E-002
   2611.0779162676686        4.0395196718492975E-002  0.16107127999988236        3.5640129226786992E-002
   2703.3053132971791        3.9173732541769556E-002  0.14019000282623753        3.3271189662706292E-002
   2798.7914800504532        3.7987985591474691E-002  0.12201557301099553        3.1096422666685608E-002
   2897.6492167059700        3.6806388610791475E-002  0.10619747682683692        2.9096909540457641E-002
   3000.0000000000000        3.5606293558465778E-002   9.2429886055493751E-002   2.7255725068707732E-002
