         200   4370.0000000000000     
   3.0000000000000000        1.9565352211392355E-003   1.7731755491183279        9.4430892858951045E-004
   3.1059655287322618        2.0970158813144409E-003   1.7731755491183279        1.0068580843791645E-003
   3.2156739552243598        2.2475237838506909E-003   1.7731755491183279        1.0737784299951157E-003
   3.3292574962321346        2.4087460765594478E-003   1.7731755491183279        1.1453800405611442E-003
   3.4468529954360925        2.5814170311120859E-003   1.7731755491183279        1.2219948640070364E-003
   3.5686022069563790        2.7663228767896499E-003   1.7731755491183279        1.3039783001178890E-003
   3.6946518254059528        2.9643070372255137E-003   1.7731755491183279        1.3917107154548887E-003
   3.8251536998800524        3.1762764987483660E-003   1.7731755491183279        1.4855991823906744E-003
   3.9602651907155879        3.4032094054436074E-003   1.7731755491183279        1.5860794506236120E-003
   4.1001490688558144        3.6461629764780118E-003   1.7731755491183279        1.6936177199990310E-003
   4.2449739038313119        3.9062833808703387E-003   1.7731755491183279        1.8087129112001647E-003
   4.3949142193596993        4.1848164991339287E-003   1.7731755491183279        1.9318989356536080E-003
   4.5501507036585132        4.4831201241598189E-003   1.7731755491183279        2.0637471879038170E-003
   4.7108703059600501        4.8026773722127493E-003   1.7731755491183279        2.2048691401841164E-003
   4.8772669425686850        5.1451128524869164E-003   1.7731755491183279        2.3559197048632734E-003
   5.0495410155906377        5.5122081064340901E-003   1.7731755491183279        2.5175998055771143E-003
   5.2279001269311909        5.9059211638960753E-003   1.7731755491183279        2.6906602763548293E-003
   5.4125592113782046        6.3284068390419088E-003   1.7731755491183279        2.8759055701593639E-003
   5.6037407956130689        6.7820393118214221E-003   1.7731755491183279        3.0741979243131025E-003
   5.8016752663703963        7.2694369565913875E-003   1.7731755491183279        3.2864619185433938E-003
   6.0066011480696169        7.7934896500260944E-003   1.7731755491183279        3.5136894651575479E-003
   6.2187653902530293        8.3573888416795892E-003   1.7731755491183279        3.7569452736106795E-003
   6.4384236651766908        8.9646607325407600E-003   1.7731755491183279        4.0173728346126168E-003
   6.6658406759127811        9.6192029809523127E-003   1.7731755491183279        4.2962009719990334E-003
   6.9012904753346884        1.0325325443004223E-002   1.7731755491183279        4.5947510139452818E-003
   7.1450567963692624        1.1087795557938807E-002   1.7731755491183279        4.9144446388231164E-003
   7.3974330131920443        1.1911887840051450E-002   1.7731755491183279        5.2568119299681347E-003
   7.6587243988323896        1.2803447242606743E-002   1.7731755491183279        5.6235033802083459E-003
   7.9292442763577622        1.3768939262171294E-002   1.7731755491183279        6.0162942835103430E-003
   8.2093202460023029        1.4815542892791250E-002   1.7731755491183279        6.4371041912925173E-003
   8.4992881560440416        1.5951210347637773E-002   1.7731755491183279        6.8879997861040956E-003
   8.7994991583321234        1.7184786273748157E-002   1.7731755491183279        7.3712182304378872E-003
   9.1103132457223861        1.8526088344483226E-002   1.7731755491183279        7.8891709970471454E-003
   9.4321068148357909        1.9986059692863579E-002   1.7731755491183279        8.4444712555600786E-003
   9.7652657388916850        2.1576877450854327E-002   1.7731755491183279        9.0399388954815023E-003
   10.110193474162946        2.3312147630610049E-002   1.7731755491183279        9.6786326792066835E-003
   10.467303634806061        2.5207048766415212E-002   1.7731755491183279        1.0363856761910116E-002
   10.837027566606025        2.7278571476572359E-002   1.7731755491183279        1.1099196236309996E-002
   11.219811965471335        2.9545733970730716E-002   1.7731755491183279        1.1888536833160046E-002
   11.616115840724994        3.2029812127356776E-002   1.7731755491183279        1.2736084257229155E-002
   12.026419117330413        3.4754663795161560E-002   1.7731755491183279        1.3646410583340656E-002
   12.451213803399156        3.7746965810851754E-002   1.7731755491183279        1.4624466459950802E-002
   12.891014326336300        4.1036592360575649E-002   1.7731755491183279        1.5675638222642427E-002
   13.346348065368609        4.4656869224659806E-002   1.7731755491183279        1.6805763445534607E-002
   13.817766430769083        4.8644984571652422E-002   1.7731755491183279        1.8021198492405594E-002
   14.305834715756038        5.3042235471731029E-002   1.7731755491183279        1.9328838210311561E-002
   14.811143972217785        5.7894450767384947E-002   1.7731755491183279        2.0736195883945204E-002
   15.334300133051286        6.3252203511736119E-002   1.7731755491183279        2.2251427971277337E-002
   15.875936741648431        6.9171229935238610E-002   1.7731755491183279        2.3883428721972445E-002
   16.436703292225193        7.5712587772940931E-002   1.7731755491183279        2.5641860932744814E-002
   17.017278874447534        8.2943064749180076E-002   1.7731755491183279        2.7537267792423110E-002
   17.618359675531394        9.0935268301520933E-002   1.7731755491183279        2.9581110676047188E-002
   18.240671728221173        9.9767990410037130E-002   1.7731755491183279        3.1785894297513537E-002
   18.884968846184627       0.10952636958800209        1.7731755491183279        3.4165253834020221E-002
   19.552019805756849       0.12030180765164686        1.7731755491183279        3.6734005603203473E-002
   20.242632201214423       0.13219237202874948        1.7730899842379593        3.9508327482122386E-002
   20.957638264717446       0.14530251135050187        1.7728655115477556        4.2505838724097286E-002
   21.697899624358065       0.15974288671782258        1.7726701396530240        4.5745789556673459E-002
   22.464312967141105       0.17563002055425378        1.7725000949663463        4.9249151428990542E-002
   23.257792778673313       0.19308516525315506        1.7723520959310384        5.3038711665582106E-002
   24.079299719823517       0.21223375152096124        1.7722232835934650        5.7139360111961482E-002
   24.929823759061236       0.23320346453657731        1.7721111705768042        6.1578180657226596E-002
   25.810395145829254       0.25612241979756623        1.7720135914300355        6.6384684116618825E-002
   26.722064579292049       0.28111601398201874        1.7719286630510898        7.1590884760233287E-002
   27.665935811728254       0.30830459830845042        1.7718547448461794        7.7231671637334687E-002
   28.643146268414043       0.33779928739666182        1.7717904094486960        8.3344902987287681E-002
   29.654879655490589       0.36969817797149296        1.7717344142272624        8.9971682519548540E-002
   30.702343174827575       0.40401120462338441        1.7627756746067420        9.7125298167776181E-002
   31.786804983723918       0.44083116894089486        1.7508232946301980       0.10486904227587214     
   32.909571928103169       0.48022364990089778        1.7404204294956704       0.11327002374096312     
   34.072004028335677       0.52218834019935911        1.7313661489668390       0.12238382699184040     
   35.275488300232773       0.56668916019017967        1.7234857217106079       0.13226990222649149     
   36.521481794408061       0.61365266906895077        1.7166269185174370       0.14299193596169332     
   37.811486012809581       0.66296498883619959        1.7106572953341974       0.15461761005173599     
   39.147055493126302       0.71447114551560986        1.7054615782468026       0.16721852751178085     
   40.529808025860810       0.76797585430317128        1.7009394125309727       0.18087005195571007     
   41.961393513511240       0.82324417563298735        1.6970035285200107       0.19565059141672336     
   43.443545167355794       0.88000688432326557        1.6935778952460063       0.21164153412785994     
   44.978049075047366       0.93796418281241645        1.6905963634490078       0.22892620040339026     
   46.566763998623138       0.99679276074737555        1.6880013451587030       0.24758910972499082     
   48.211585595230147        1.0561520685920041        1.6857427611883717       0.26771440592868362     
   49.914505239722644        1.1156951625461340        1.6837769816127184       0.28938520718898092     
   51.677575059319224        1.1750768844519293        1.6820660470666318       0.31268169491361408     
   53.502930680545909        1.2339646688638919        1.6805769110308943       0.33767977845209934     
   55.392750120602578        1.2920474988647610        1.6792808358577367       0.36444884689925511     
   57.349321371645829        1.3490482797617664        1.6781527847702515       0.39305105454041406     
   59.375002227322796        1.4047323309385247        1.6771709750092711       0.42353928975410915     
   61.472246417894510        1.4589172738593181        1.6763164430234156       0.45595635192346523     
   63.643556378429672        1.5114800323696498        1.6755726978819749       0.49033342866124685     
   65.891560899834928        1.5623658519770782        1.6749253723772497       0.52669106206198968     
   68.218968971510208        1.6115926941915970        1.6743619666005827       0.56503887415391363     
   70.628585269218178        1.6576963078291764        1.6734102254387413       0.60458256764647200     
   73.123328588587739        1.6979201255311192        1.6713404691839080       0.64377289633046286     
   75.706175661273647        1.7369911039223211        1.6695390490100577       0.68484604078906786     
   78.380253523498894        1.7752071280454649        1.6679711661987693       0.72777091468280275     
   81.148784610322849        1.8129391575016425        1.6666065448041507       0.77252028622694857     
   84.015122474940881        1.8506266441696964        1.6654188273087536       0.81907578031831896     
   86.982687236203873        1.8887697523067075        1.6643850929006394       0.86743118181799217     
   90.055071705548812        1.9279219525707532        1.6634853725391967       0.91759816060506683     
   93.235978303002270        1.9686785362114771        1.6627022925503376       0.96960865068679702     
   96.529260096906100        2.0116646940061824        1.6620207278271628        1.0235181275173177     
   99.938826062156153        2.0575200764613344        1.6614275286755764        1.0794057339088756     
   103.46886588546354        2.1068860468700250        1.6609112261401857        1.1373786376468915     
   107.12359379692580        2.1603852109723185        1.6604618577941395        1.1975674874331197     
   110.90736836557576        2.2186048929193642        1.6600707505191290        1.2601270263172202     
   114.82483910697920        2.2820809850517061        1.6597303426187495        1.3252362446100079     
   118.88068277378797        2.3512754058958145        1.6594340656789930        1.3930908740183037     
   123.07973629915718        2.4265601110738135        1.6591762013510372        1.4639016185559508     
   127.42715949490271        2.5082036381142965        1.6589517640672791        1.5378922497144583     
   131.92808807993632        2.5963502345650449        1.6587564253095917        1.6152884001929573     
   136.58805281121437        2.6910158450736934        1.6585864083842732        1.6963187654272815     
   141.41261684513370        2.7920724779192589        1.6584384326930939        1.7812024094198819     
   146.40753387824964        2.8992462552275722        1.6583096422033941        1.8701444898746014     
   151.57894168226974        3.0121209262133717        1.6581975468705019        1.9633324595338044     
   156.93294936957258        3.1301324553783569        1.6580999848135074        2.0609211935669944     
   162.47613596373097        3.2525876385401484        1.6580150697605274        2.1630344942424888     
   168.21511902855468        3.3786664834711280        1.6579411632148573        2.2697500568349800     
   174.15674278185460        3.3061081908096375        1.6136321075555033        2.2613331641183172     
   180.30830831190286        3.1620841418152752        1.5570374443825330        2.2087264975443008     
   186.67715947709803        3.0349023353831246        1.5077797932148271        2.1639899737666464     
   193.27089166569760        2.9224986869179332        1.4649084474891414        2.1262744081230820     
   200.09760727912413        2.8231453373223228        1.4275945294994921        2.0948781418417326     
   207.16537088595135        2.7353795996883612        1.3951183995868459        2.0692380222329030     
   214.48286737908427        2.6579293990653152        1.3668521619012981        2.0489140226518106     
   222.05883252794877        2.5896697639509045        1.3422503991611807        2.0335784324825119     
   229.90230130529540        2.5295805827261710        1.3208382804163825        2.0230006967934369     
   238.02291179328489        2.4767172429851745        1.3022018222109326        2.0170325728625604     
   246.43025707061713        2.4301968848182138        1.2859816000954305        2.0155936972427480     
   255.13466811288930        2.3891822599327286        1.2718640111197059        2.0186558615014532     
   264.14653641505117        2.3528804782243289        1.2595766463028084        2.0262286546801667     
   273.47660938458705        2.3205400046164435        1.2488823510484675        2.0383456039942334     
   283.13635184814427        2.2914514966513284        1.2395743610770094        2.0550527505342009     
   293.13729579387660        2.2649534828438251        1.2314730720617342        2.0763974661771814     
   303.49136818478553        2.2404351520478523        1.2244221235498929        2.1024202604735462     
   314.21129214162710        2.2173396409179920        1.2182851919918409        2.1331495615234255     
   325.30973137660959        2.1951694459615512        1.2129439199603327        2.1685949365282684     
   336.80032369109853        2.1734866573181661        1.2082950389147147        2.2087472848989975     
   348.69678677735646        2.1519161144098558        1.2042488453687756        2.2535748508523823     
   361.01330816366544        2.1301446511849980        1.2007272450027626        2.3030243384991693     
   373.76502243504467        2.0940079553713562        1.1799307439956135        2.3417077879370782     
   386.96715283564077        2.0087986971116489        1.1010112095653448        2.3278130230993037     
   400.63544401132759        1.9271216665848923        1.0323236744339770        2.3173808562512179     
   414.78669160661980        1.8487118908513334       0.97254012881816154        2.3107843203334557     
   429.43761284149554        1.7733511480502937       0.92050758175096603        2.3083919027776765     
   444.60621081975989        1.7008562897712576       0.87522003219559186        2.3105474405081505     
   460.31059410826708        1.6310812485228237       0.83580362447847512        2.3175562069371605     
   476.56949149896485        1.5639098468780515       0.80149759480702376        2.3296756031956911     
   493.40288198244309        1.4992492513146247       0.77163866791674862        2.3471115732917447     
   510.83065126063684        1.4370313076457868       0.74565098179357892        2.3700169276923768     
   528.87421463804299        1.3772024298928167       0.72303208863017543        2.3984951951917481     
   547.55511287104378        1.3197251136442543       0.70334554069830679        2.4326027544477955     
   566.89562449487210        1.2645721574846087       0.68621137407597033        2.4723540379283389     
   586.91951519858117        1.2117217053982230       0.67129831554364261        2.5177280822426260     
   607.65068989177485        1.1611583919590356       0.65831860696610667        2.5686702172179463     
   629.11387223602765        1.1128688337561559       0.64702173103607619        2.6250971006313417     
   651.33543626567803        1.0668379714193506       0.63718927313541973        2.6869021986962465     
   674.34163286578985        1.0230513112000654       0.62863160357547299        2.7539533423247731     
   698.16073213207346       0.98148920701701559       0.62118326775262500        2.8261002427953428     
   722.82116976782140       0.93830274014997417       0.61081885669381342        2.8942233177947454     
   748.35235540965130       0.89665088834453455       0.60065547036060463        2.9654024145530951     
   774.78566186873422       0.85771039908614766       0.59180956739873081        3.0422911959012264     
   802.15264573967897       0.82137186943930729       0.58411045978097276        3.1245433049253211     
   830.48594444209971       0.78752953521318847       0.57740954943231726        3.2118041169127913     
   859.82037403360118       0.75607932912603248       0.57157728046633782        3.3037112412886054     
   890.19058800385733       0.72692101721953184       0.56650117120659216        3.3998843245928363     
   921.63390537915473       0.69995482748095339       0.56208307978868743        3.4999310206501635     
   954.18786380243341       0.67508373074627392       0.55823775597741210        3.6034364989752423     
   987.89128659474920       0.65221221189300838       0.55489098237712231        3.7099641595975408     
   1022.7855886411724       0.63124557897903844       0.55197805222442153        3.8190572226293686     
   1058.9119914466876       0.61209187490925998       0.54944278648010081        3.9302276075000186     
   1096.3148872627712       0.59465998226502703       0.54723616813247966        4.0429643095114098     
   1135.0389283928459       0.57886137675608940       0.54531561890162272        4.1567226383814893     
   1175.1302964981960       0.56460946126778166       0.54364407086578825        4.2709270149985832     
   1216.6382559936744       0.55181923204958461       0.54218920619407973        4.3849746423901399     
   1259.6123598874483       0.54040835483685190       0.54092295223164866        4.4982277803612600     
   1304.1038583964914       0.53029662230216967       0.53982086940567120        4.6100193541347023     
   1350.1674228314519       0.52140568178632030       0.53886164996690022        4.7196597241184408     
   1397.8574692241625       0.46612950115802193       0.48034141716905276        4.4436440615768076     
   1447.2325992722181       0.41170048616814187       0.42051811373133247        4.1584042978201401     
   1498.3517579647787       0.36421544578598036       0.36845038777934919        3.9062677547722440     
   1551.2759091786245       0.31339081502658006       0.32075694770672458        3.4745148040019762     
   1606.0700862978565       0.26983664340282770       0.27917356432472523        3.0802927002754434     
   1662.7990190437411       0.23269848694127299       0.24298150962556819        2.7266180340564072     
   1721.5324161293761       0.20096993678010247       0.21148104380016372        2.4097170201963696     
   1782.3403946248577       0.17381177619859933       0.18406434282067852        2.1261662296562487     
   1845.2954731357936       0.15052221896527671       0.16020224549192910        1.8728443430330137     
   1910.4750110852074       0.13051296884636088       0.13943340029441484        1.6468946208336415     
   1977.9568210713478       0.11329152244613898       0.12135705749918507        1.4457158904037044     
   2047.8213808026539        9.8444174149922098E-002  0.10562433125140022        1.2669282972909064     
   2120.1545400970977        8.5622378002594299E-002   9.1931043881331775E-002   1.1083472304877962     
   2195.0417479108573        7.4532942498597751E-002   8.0013105387579081E-002  0.96797919039448543     
   2272.5750259096239        6.4927707665212386E-002   6.9640093483381155E-002  0.84399067475081313     
   2352.8469348264384        5.6596990302494418E-002   6.0611853481778923E-002  0.73470659935704197     
   2435.9532056335870        4.9362882344230502E-002   5.2754134138129925E-002  0.63859262202659661     
   2521.9959596104222        4.3073889779690358E-002   4.5915013737043459E-002  0.55424220998161189     
   2611.0779162676686        3.7601153665747351E-002   3.9962526556740902E-002  0.48037444929397138     
   2703.3053132971791        3.2834585634280392E-002   3.4781785498551897E-002  0.41582206045090381     
   2798.7914800504532        2.8679780220015084E-002   3.0272625739308952E-002  0.35952239658421770     
   2897.6492167059700        2.5055927425838367E-002   2.6348083208592193E-002  0.31051580406696400     
   3000.0000000000000        2.1893359475303822E-002   2.2932280516625370E-002  0.26793380035684383     
