         200   4370.0000000000000     
   3.0000000000000000        5.9669784148919268E-003  0.12175042762878997        5.2052134053637792E-003
   3.1059655287322618        6.4577569188149922E-003  0.12175042762878997        5.6634653574742164E-003
   3.2156739552243598        6.9899499332418411E-003  0.12175042762878997        6.1646593803688704E-003
   3.3292574962321346        7.5666980978649611E-003  0.12175042762878997        6.7128878477080616E-003
   3.4468529954360925        8.1913060660409806E-003  0.12175042762878997        7.3126255344625832E-003
   3.5686022069563790        8.8672490372674502E-003  0.12175042762878997        7.9687633898859710E-003
   3.6946518254059528        9.5981796369141760E-003  0.12175042762878997        8.6866432330830797E-003
   3.8251536998800524        1.0387937470550852E-002  0.12175042762878997        9.4720954954776067E-003
   3.9602651907155879        1.1240561299061648E-002  0.12175042762878997        1.0331480050798914E-002
   4.1001490688558144        1.2160299767566773E-002  0.12175042762878997        1.1271726212065354E-002
   4.2449739038313119        1.3151625895534366E-002  0.12175042762878997        1.2300377374477150E-002
   4.3949142193596993        1.4219250223498781E-002  0.12175042762878997        1.3425635672905259E-002
   4.5501507036585132        1.5368133309520384E-002  0.12175042762878997        1.4656407876238949E-002
   4.7108703059600501        1.6603495102081839E-002  0.12175042762878997        1.6002350559046134E-002
   4.8772669425686850        1.7930825385167926E-002  0.12175042762878997        1.7473919867927273E-002
   5.0495410155906377        1.9355879846903280E-002  0.12175042762878997        1.9082409621257661E-002
   5.2279001269311909        2.0884678461818188E-002  0.12175042762878997        2.0839996269348217E-002
   5.4125592113782046        2.2523491058629230E-002  0.12175042762878997        2.2759774235473471E-002
   5.6037407956130689        2.4278814010925760E-002  0.12175042762878997        2.4855785259542098E-002
   5.8016752663703963        2.6157335993148512E-002  0.12175042762878997        2.7143038109394758E-002
   6.0066011480696169        2.8165891975356207E-002  0.12175042762878997        2.9637515406671984E-002
   6.2187653902530293        3.0311405062820845E-002  0.12175042762878997        3.2356163670302793E-002
   6.4384236651766908        3.2600816280565569E-002  0.12175042762878997        3.5316861973422833E-002
   6.6658406759127811        3.5041002928733064E-002  0.12175042762878997        3.8538363857285901E-002
   6.9012904753346884        3.7638686657919418E-002  0.12175042762878997        4.2040206380042522E-002
   7.1450567963692624        4.0400332898740086E-002  0.12175042762878997        4.5842579447864122E-002
   7.3974330131920443        4.3332039217774412E-002  0.12175042762878997        4.9966141588619076E-002
   7.6587243988323896        4.6439446291321948E-002  0.12175042762878997        5.4431818802744933E-002
   7.9292442763577622        4.9727575052924897E-002  0.12175042762878997        5.9260437443576286E-002
   8.2093202460023029        5.3200784365551604E-002  0.12175042762878997        6.4472458255005333E-002
   8.4992881560440416        5.6862584321820224E-002  0.12175042762878997        7.0087417457721707E-002
   8.7994991583321234        6.0715615942566976E-002  0.12175042762878997        7.6123524574457355E-002
   9.1103132457223861        6.4761469545689773E-002  0.12175042762878997        8.2596919136459362E-002
   9.4321068148357909        6.9000691257176450E-002  0.12175042762878997        8.9521122926607175E-002
   9.7652657388916850        7.3432613362389640E-002  0.12175042762878997        9.6906121676610710E-002
   10.110193474162946        7.8055393537079271E-002  0.12175042762878997       0.10475770636737872     
   10.467303634806061        8.2865861512156871E-002  0.12175042762878997       0.11307643925101406     
   10.837027566606025        8.7859578991276110E-002  0.12175042762878997       0.12185695096559997     
   11.219811965471335        9.3030780223493148E-002  0.12175042762878997       0.13108705170569163     
   11.616115840724994        9.8372316856417646E-002  0.12175042762878997       0.14074690471596360     
   12.026419117330413       0.10387577394107025       0.12175042762878997       0.15080862578888285     
   12.451213803399156       0.10953136492419097       0.12175042762878997       0.16123566198613939     
   12.891014326336300       0.11532809788496984       0.12175042762878997       0.17198289861185281     
   13.346348065368609       0.12125369160919362       0.12175042762878997       0.18299659441018151     
   13.817766430769083       0.12729477731530103       0.12175042762878997       0.19421516958492194     
   14.305834715756038       0.13343683689647326       0.12175042762878997       0.20556985038708597     
   14.811143972217785       0.13966443872715953       0.12175042762878997       0.21698620511346547     
   15.334300133051286       0.14596119856435796       0.12175042762878997       0.22838547893842168     
   15.875936741648431       0.15231004651990429       0.12175042762878997       0.23968673722480077     
   16.436703292225193       0.15869320952021784       0.12175042762878997       0.25080865265433627     
   17.017278874447534       0.16509250413804730       0.12175042762878997       0.26167190471107715     
   17.618359675531394       0.17148933713920986       0.12175042762878997       0.27220100860447966     
   18.240671728221173       0.17786499722387553       0.12175042762878997       0.28232647720906640     
   18.884968846184627       0.18420078069647769       0.12175042762878997       0.29198642010532760     
   19.552019805756849       0.19047802724212257       0.12175042762878997       0.30112767836194076     
   20.242632201214423       0.19667851265760977       0.12174768065233693       0.30970709336694946     
   20.957638264717446       0.20278446298635350       0.12174047417706715       0.31769178384489410     
   21.697899624358065       0.20877875226395948       0.12173420195425680       0.32505931266017107     
   22.464312967141105       0.21464508985716510       0.12172874283658777       0.33179741770896881     
   23.257792778673313       0.22036802583287757       0.12172399147290550       0.33790325542735278     
   24.079299719823517       0.22593329260259512       0.12171985607931117       0.34338278115337473     
   24.929823759061236       0.23132778502777282       0.12171625680101478       0.34824955053345535     
   25.810395145829254       0.23653973212132320       0.12171312411833787       0.35252364904930877     
   26.722064579292049       0.24155866554928349       0.12171039757613793       0.35623042475949701     
   27.665935811728254       0.24637568019460432       0.12170802450476256       0.35939949391239467     
   28.643146268414043       0.25098336750657807       0.12170595908000857       0.36206355694067299     
   29.654879655490589       0.25537591296966111       0.12170416140841601       0.36425745555074929     
   30.702343174827575       0.25947635431176092       0.11605047133714683       0.36590958509723043     
   31.786804983723918       0.26331805485563475       0.10849393874338156       0.36710533626964847     
   32.909571928103169       0.26693573414441729       0.10191704028366917       0.36793394315547523     
   34.072004028335677       0.27032935211172965        9.6192743862076033E-002  0.36843116542847509     
   35.275488300232773       0.27350029492855171        9.1210580850908385E-002  0.36863170111320204     
   36.521481794408061       0.27645142159631447        8.6874308913006723E-002  0.36856888918924374     
   37.811486012809581       0.27918689026517679        8.3100194281011147E-002  0.36827446062913327     
   39.147055493126302       0.28171207074209770        7.9815358491322555E-002  0.36777837286967258     
   40.529808025860810       0.28403343469539277        7.6956355289187248E-002  0.36710868999337976     
   41.961393513511240       0.28615836635093389        7.4468011053770419E-002  0.36629152802164322     
   43.443545167355794       0.28809509973106623        7.2302257493381039E-002  0.36535099442135677     
   44.978049075047366       0.28985251028477904        7.0417273728844099E-002  0.36430919504372467     
   46.566763998623138       0.29143998245901392        6.8776651498746302E-002  0.36318623852798776     
   48.211585595230147       0.29286721714544489        6.7348729744160063E-002  0.36200029671251666     
   49.914505239722644       0.29414413536834116        6.6105924757640711E-002  0.36076761285227671     
   51.677575059319224       0.29528069341285812        6.5024237872798110E-002  0.35950258844707172     
   53.502930680545909       0.29628676146695315        6.4082776422219462E-002  0.35821783944995861     
   55.392750120602578       0.29717197564345127        6.3263371892814113E-002  0.35692430480209203     
   57.349321371645829       0.29794566285631235        6.2550195535740552E-002  0.35563128430244306     
   59.375002227322796       0.29861672101257769        6.1929475856954339E-002  0.35434655683045618     
   61.472246417894510       0.29919354986541929        6.1389223721718615E-002  0.35307645579295904     
   63.643556378429672       0.29968397627330562        6.0919013235286874E-002  0.35182599132880227     
   65.891560899834928       0.30009523000036054        6.0509761162913948E-002  0.35059889821998996     
   68.218968971510208       0.30043390134707931        6.0153564813460729E-002  0.34939776003186851     
   70.628585269218178       0.30048091427629936        5.9792345740978456E-002  0.34786582651173348     
   73.123328588587739       0.29982718341837855        5.9340192253374370E-002  0.34535118212921356     
   75.706175661273647       0.29913140637122110        5.8946658757657151E-002  0.34290126900828299     
   78.380253523498894       0.29839777928928068        5.8604143217664245E-002  0.34051770521068969     
   81.148784610322849       0.29763038216306298        5.8306031630179549E-002  0.33820179166477343     
   84.015122474940881       0.29683317341210030        5.8046566001521097E-002  0.33595447774201309     
   86.982687236203873       0.29601001078030392        5.7820739111617420E-002  0.33377640659302865     
   90.055071705548812       0.29516462329551479        5.7624188576575572E-002  0.33166783054529581     
   93.235978303002270       0.29430062915654109        5.7453118989415922E-002  0.32962866623621212     
   96.529260096906100       0.29342152413411748        5.7304226159213344E-002  0.32765847891946509     
   99.938826062156153       0.29253070579874668        5.7174637438509972E-002  0.32575655782879392     
   103.46886588546354       0.29163141378747504        5.7061847349585415E-002  0.32392181699742978     
   107.12359379692580       0.29072679703185872        5.6963679526968507E-002  0.32215297646971813     
   110.90736836557576       0.28981988184233426        5.6878239264130513E-002  0.32044853022932446     
   114.82483910697920       0.28891353968005401        5.6803874652836657E-002  0.31880673162925899     
   118.88068277378797       0.28801055273911580        5.6739150774700625E-002  0.31722575840454936     
   123.07973629915718       0.28711358277606919        5.6682818414336630E-002  0.31570369144010674     
   127.42715949490271       0.28622514042676744        5.6633788437805352E-002  0.31423850339441101     
   131.92808807993632       0.28534765965863923        5.6591115248463976E-002  0.31282821810128925     
   136.58805281121437       0.28448341240262232        5.6553973799776537E-002  0.31147080001484112     
   141.41261684513370       0.28363457853580887        5.6521647420914069E-002  0.31016429462369960     
   146.40753387824964       0.28280320822946098        5.6493512190520276E-002  0.30890679003404836     
   151.57894168226974       0.28199118491079983        5.6469024140010690E-002  0.30769638240617253     
   156.93294936957258       0.28120028273743536        5.6447710990588304E-002  0.30653128000658814     
   162.47613596373097       0.28043207616381560        5.6429160672276775E-002  0.30540968375868238     
   168.21511902855468       0.27968799066998956        5.6413015243411080E-002  0.30432987644091353     
   174.15674278185460       0.25881634394288383        5.3994194400057233E-002  0.28235984294179234     
   180.30830831190286       0.23249598604543997        5.0909000413410455E-002  0.25475762752434200     
   186.67715947709803       0.20965854327502040        4.8223775329298134E-002  0.23079485577633729     
   193.27089166569760       0.18984374486807334        4.5886692455810410E-002  0.20998757261367129     
   200.09760727912413       0.17265126024610378        4.3852566463258018E-002  0.19191569746839740     
   207.16537088595135       0.15773434483077078        4.2082167010400920E-002  0.17621602983967402     
   214.48286737908427       0.14479128669814301        4.0541265065882820E-002  0.16257302426472720     
   222.05883252794877       0.13356070142208520        3.9200127824112543E-002  0.15071367405086819     
   229.90230130529540       0.12381567193173375        3.8032870413446038E-002  0.14040122910761244     
   238.02291179328489       0.11535893353444063        3.7016924994491697E-002  0.13143004697542351     
   246.43025707061713       0.10801967598685015        3.6132697950328856E-002  0.12362218235972726     
   255.13466811288930       0.10164927862420312        3.5363093571188851E-002  0.11682286370619266     
   264.14653641505117        9.6118951462451363E-002   3.4693261789896054E-002  0.11089800514682796     
   273.47660938458705        9.1316819543961911E-002   3.4110274392139484E-002  0.10573113547500602     
   283.13635184814427        8.7145530834295062E-002   3.3602859857310728E-002  0.10122088477091649     
   293.13729579387660        8.3520629263767479E-002   3.3161227258886469E-002   9.7279295096568352E-002
   303.49136818478553        8.0368648635357809E-002   3.2776852783816326E-002   9.3829830002235007E-002
   314.21129214162710        7.7625551534563325E-002   3.2442304908136044E-002   9.0805748650716861E-002
   325.30973137660959        7.5235699055278951E-002   3.2151131510702792E-002   8.8149056593296679E-002
   336.80032369109853        7.3150480280889690E-002   3.1897703023943555E-002   8.5809075365716150E-002
   348.69678677735646        7.1327564755689979E-002   3.1677129363869100E-002   8.3741692691677527E-002
   361.01330816366544        6.9729977323962258E-002   3.1485153307056250E-002   8.1908409042136990E-002
   373.76502243504467        6.8229284483155239E-002   3.1203106755842695E-002   8.0113710030600666E-002
   386.96715283564077        6.6574946323441506E-002   3.0563322038459084E-002   7.7957345502243924E-002
   400.63544401132759        6.5112373121885267E-002   3.0006486071685427E-002   7.6038612651899679E-002
   414.78669160661980        6.3813350013443765E-002   2.9521832948575563E-002   7.4322953192122287E-002
   429.43761284149554        6.2653192723738191E-002   2.9100015604359590E-002   7.2780390828941721E-002
   444.60621081975989        6.1610190059794019E-002   2.8732878591927108E-002   7.1384816854585711E-002
   460.31059410826708        6.0665331263023300E-002   2.8413337739923467E-002   7.0113647567160320E-002
   476.56949149896485        5.9801937635407774E-002   2.8135225690019198E-002   6.8947349587519316E-002
   493.40288198244309        5.9005359559844275E-002   2.7893165403680822E-002   6.7869045279907655E-002
   510.83065126063684        5.8262806749590876E-002   2.7682488483932122E-002   6.6864292408145620E-002
   528.87421463804299        5.7563065127659865E-002   2.7499121687934811E-002   6.5920704697799717E-002
   547.55511287104378        5.6896381274810448E-002   2.7339526822154424E-002   6.5027793650559454E-002
   566.89562449487210        5.6254279180374546E-002   2.7200623595859251E-002   6.4176713723004403E-002
   586.91951519858117        5.5629404445790065E-002   2.7079726444003131E-002   6.3360041939622497E-002
   607.65068989177485        5.5015452375750888E-002   2.6974502569534702E-002   6.2571665673952656E-002
   629.11387223602765        5.4407041683247295E-002   2.6882921079268762E-002   6.1806595628481967E-002
   651.33543626567803        5.3799602952624891E-002   2.6803211330034001E-002   6.1060800155284020E-002
   674.34163286578985        5.3189349074414673E-002   2.6733836032265215E-002   6.0331141644422694E-002
   698.16073213207346        5.2573146129079727E-002   2.6673453878926324E-002   5.9615190990769930E-002
   722.82116976782140        5.1348258931225993E-002   2.6021368570134432E-002   5.7804766719974435E-002
   748.35235540965130        5.0014250115798131E-002   2.5277330539388809E-002   5.5819358322814427E-002
   774.78566186873422        4.8759157279117150E-002   2.4629742422186643E-002   5.4007912641777261E-002
   802.15264573967897        4.7570236424871654E-002   2.4066108542433615E-002   5.2349291310289127E-002
   830.48594444209971        4.6436688776444107E-002   2.3575550378396683E-002   5.0825384792490491E-002
   859.82037403360118        4.5349383364743957E-002   2.3148583442972097E-002   4.9420634046332873E-002
   890.19058800385733        4.4300737917547586E-002   2.2776973212518627E-002   4.8121779124470160E-002
   921.63390537915473        4.3284428445157619E-002   2.2453534947903000E-002   4.6917401833984428E-002
   954.18786380243341        4.2295312511087077E-002   2.2172027676377444E-002   4.5797758376923639E-002
   987.89128659474920        4.1329244508037537E-002   2.1927018113887895E-002   4.4754489404767783E-002
   1022.7855886411724        4.0382913496317702E-002   2.1713769227792445E-002   4.3780382451992839E-002
   1058.9119914466876        3.9453808237167813E-002   2.1528168280433239E-002   4.2869281216744090E-002
   1096.3148872627712        3.8540025594913895E-002   2.1366626849639931E-002   4.2015843195516107E-002
   1135.0389283928459        3.7640257991606550E-002   2.1226027877916578E-002   4.1215489838118076E-002
   1175.1302964981960        3.6753679527865450E-002   2.1103657708358349E-002   4.0464262985497150E-002
   1216.6382559936744        3.5879844187162960E-002   2.0997150427236703E-002   3.9758709091760103E-002
   1259.6123598874483        3.5018686030083110E-002   2.0904450900352343E-002   3.9095854797871164E-002
   1304.1038583964914        3.4170431352590652E-002   2.0823769963047072E-002   3.8473112103392978E-002
   1350.1674228314519        3.3335520126888667E-002   2.0753547724230503E-002   3.7888202921378483E-002
   1397.8574692241625        3.0089835835674258E-002   1.9108524290088930E-002   3.4576155803401787E-002
   1447.2325992722181        2.7031904213207520E-002   1.7512616171569725E-002   3.1438904378149453E-002
   1498.3517579647787        2.4373221684053228E-002   1.6123603833825634E-002   2.8725920134850189E-002
   1551.2759091786245        2.0732874636368560E-002   1.4059418912443342E-002   2.4787767396126530E-002
   1606.0700862978565        1.7598742770931278E-002   1.2236736002706944E-002   2.1357762076635835E-002
   1662.7990190437411        1.4937070323051568E-002   1.0650365818193409E-002   1.8411639394507774E-002
   1721.5324161293761        1.2677766551102214E-002   9.2696373627605237E-003   1.5880169208288730E-002
   1782.3403946248577        1.0760942915990099E-002   8.0679084928991802E-003   1.3704178256185459E-002
   1845.2954731357936        9.1353922182045855E-003   7.0219850144742461E-003   1.1832996886148972E-002
   1910.4750110852074        7.7573291433163695E-003   6.1116449671356288E-003   1.0223185107649517E-002
   1977.9568210713478        6.5894491009772793E-003   5.3193226882884094E-003   8.8376133674836054E-003
   2047.8213808026539        5.5999460555056293E-003   4.6297258127294075E-003   7.6444828142370183E-003
   2120.1545400970977        4.7617002232087473E-003   4.0295216244781423E-003   6.6165231912908556E-003
   2195.0417479108573        4.0516758147477148E-003   3.5071345302799444E-003   5.7304264523684338E-003
   2272.5750259096239        3.4502545460364689E-003   3.0524646601880856E-003   4.9661827312734268E-003
   2352.8469348264384        2.9407946906921342E-003   2.6567388337262934E-003   4.3066748361941295E-003
   2435.9532056335870        2.5091679150309166E-003   2.3123192701326747E-003   3.7372276837871875E-003
   2521.9959596104222        2.1433772877205211E-003   2.0125469365979733E-003   3.2452402119049952E-003
   2611.0779162676686        1.8332692576338875E-003   1.7516375114486221E-003   2.8199235310904791E-003
   2703.3053132971791        1.5702425704436709E-003   1.5245552632393927E-003   2.4520188065130931E-003
   2798.7914800504532        1.3470086524669782E-003   1.3269097673223626E-003   2.1335669839479391E-003
   2897.6492167059700        1.1574130036932845E-003   1.1548892144597085E-003   1.8577491669279995E-003
   3000.0000000000000        9.9624362871356489E-004   1.0051677468127355E-003   1.6186947076438918E-003
