         200   4370.0000000000000     
   3.0000000000000000        3.0867183167159248E-003  0.43363345804001813        1.5169512943593092E-003
   3.1059655287322618        3.3028447017684056E-003  0.43363345804001813        1.6173800239028958E-003
   3.2156739552243598        3.5336983936547755E-003  0.43363345804001813        1.7248040174952003E-003
   3.3292574962321346        3.7802329814035601E-003  0.43363345804001813        1.8397151863583120E-003
   3.4468529954360925        4.0434681109962293E-003  0.43363345804001813        1.9626397778877364E-003
   3.5686022069563790        4.3244972445778693E-003  0.43363345804001813        2.0941409059506821E-003
   3.6946518254059528        4.6244962234049400E-003  0.43363345804001813        2.2348210014171079E-003
   3.8251536998800524        4.9447338343056599E-003  0.43363345804001813        2.3853246509319623E-003
   3.9602651907155879        5.2865846382071568E-003  0.43363345804001813        2.5463418431072461E-003
   4.1001490688558144        5.6515428633565337E-003  0.43363345804001813        2.7186109380471085E-003
   4.2449739038313119        6.0412400502827847E-003  0.43363345804001813        2.9029224845864379E-003
   4.3949142193596993        6.4574651081953987E-003  0.43363345804001813        3.1001230946581210E-003
   4.5501507036585132        6.9021879665386318E-003  0.43363345804001813        3.3111197427076410E-003
   4.7108703059600501        7.3775869083855606E-003  0.43363345804001813        3.5368843091164426E-003
   4.8772669425686850        7.8860824005690423E-003  0.43363345804001813        3.7784594455696268E-003
   5.0495410155906377        8.4303728280860253E-003  0.43363345804001813        4.0369632831295721E-003
   5.2279001269311909        9.0134800138614683E-003  0.43363345804001813        4.3135963906955604E-003
   5.4125592113782046        9.6388002217609719E-003  0.43363345804001813        4.6096485740969844E-003
   5.6037407956130689        1.0310163684116627E-002  0.43363345804001813        4.9265065744652963E-003
   5.8016752663703963        1.1031903298551846E-002  0.43363345804001813        5.2656625890951892E-003
   6.0066011480696169        1.1808933428906916E-002  0.43363345804001813        5.6287237077687494E-003
   6.2187653902530293        1.2646839615629006E-002  0.43363345804001813        6.0174223660292578E-003
   6.4384236651766908        1.3551979780437656E-002  0.43363345804001813        6.4336279259737351E-003
   6.6658406759127811        1.4531597194450319E-002  0.43363345804001813        6.8793595048459001E-003
   6.9012904753346884        1.5593945076506808E-002  0.43363345804001813        7.3568001821126810E-003
   7.1450567963692624        1.6748422222512806E-002  0.43363345804001813        7.8683127268627459E-003
   7.3974330131920443        1.8005716630660373E-002  0.43363345804001813        8.4164561581227034E-003
   7.6587243988323896        1.9377969197788118E-002  0.43363345804001813        9.0040091932609631E-003
   7.9292442763577622        2.0878912377913283E-002  0.43363345804001813        9.6339821323824723E-003
   8.2093202460023029        2.2524066107864799E-002  0.43363345804001813        1.0309653586087089E-002
   8.4992881560440416        2.4330869102403545E-002  0.43363345804001813        1.1034581393680094E-002
   8.7994991583321234        2.6318885753575119E-002  0.43363345804001813        1.1812647266109167E-002
   9.1103132457223861        2.8509929945841912E-002  0.43363345804001813        1.2648071003960513E-002
   9.4321068148357909        3.0928278434172549E-002  0.43363345804001813        1.3545463654572206E-002
   9.7652657388916850        3.3600784090854340E-002  0.43363345804001813        1.4509845732467205E-002
   10.110193474162946        3.6557100632778824E-002  0.43363345804001813        1.5546710456629569E-002
   10.467303634806061        3.9829790014939685E-002  0.43363345804001813        1.6662046793500546E-002
   10.837027566606025        4.3454560661717448E-002  0.43363345804001813        1.7862410929837053E-002
   11.219811965471335        4.7470436415864903E-002  0.43363345804001813        1.9154973562101871E-002
   11.616115840724994        5.1919921726945921E-002  0.43363345804001813        2.0547567967576199E-002
   12.026419117330413        5.6849311454405367E-002  0.43363345804001813        2.2048784102710717E-002
   12.451213803399156        6.2308826016751626E-002  0.43363345804001813        2.3668008290620667E-002
   12.891014326336300        6.8352986643110278E-002  0.43363345804001813        2.5415538700226694E-002
   13.346348065368609        7.5040753957966028E-002  0.43363345804001813        2.7302634036186452E-002
   13.817766430769083        8.2435943712432444E-002  0.43363345804001813        2.9341650571739226E-002
   14.305834715756038        9.0607329242200427E-002  0.43363345804001813        3.1546101529257228E-002
   14.811143972217785        9.9629054563558250E-002  0.43363345804001813        3.3930819633788335E-002
   15.334300133051286       0.10958063201423152       0.43363345804001813        3.6512029120961097E-002
   15.875936741648431       0.12054728414124811       0.43363345804001813        3.9307538450175428E-002
   16.436703292225193       0.13261974389824149       0.43363345804001813        4.2336827098543445E-002
   17.017278874447534       0.14589443923772794       0.43363345804001813        4.5621273779036874E-002
   17.618359675531394       0.16047298849819958       0.43363345804001813        4.9184260312744296E-002
   18.240671728221173       0.17646208401762983       0.43363345804001813        5.3051429425468824E-002
   18.884968846184627       0.19397287185064355       0.43363345804001813        5.7250880625116171E-002
   19.552019805756849       0.21311977199812826       0.43363345804001813        6.1813303663175549E-002
   20.242632201214423       0.23402006558824975       0.43360819002667117        6.6772368146193445E-002
   20.957638264717446       0.25679219048798502       0.43354190139390902        7.2164893514631331E-002
   21.697899624358065       0.28155425943295986       0.43348420646554081        7.8031167754657307E-002
   22.464312967141105       0.30842234951574571       0.43343399087014656        8.4415273682520678E-002
   23.257792778673313       0.33750767577035673       0.43339028553703118        9.1365266343443302E-002
   24.079299719823517       0.36891507475786450       0.43335224619365764        9.8933744532149023E-002
   24.929823759061236       0.40273963296764126       0.43331913829718022       0.10717806583754205     
   25.810395145829254       0.43906407406728903       0.43329032237209142       0.11616081735384906     
   26.722064579292049       0.47795470526126049       0.43326524232285274       0.12594998883300165     
   27.665935811728254       0.51945941573271603       0.43324341366861746       0.13661968809227701     
   28.643146268414043       0.56360351136919074       0.43322441489627894       0.14825032679806324     
   29.654879655490589       0.61038697204459769       0.43320787904656521       0.16092913071849480     
   30.702343174827575       0.65965713910941415       0.42402117357657432       0.17469083132595523     
   31.786804983723918       0.71141500356909104       0.41174805699797218       0.18966545017922457     
   32.909571928103169       0.76562740183608413       0.40106603577724992       0.20599119996577553     
   34.072004028335677       0.82216478268375215       0.39176878780790392       0.22378469907788986     
   35.275488300232773       0.88086052985124552       0.38367689292213203       0.24317000541229636     
   36.521481794408061       0.94151292854890378       0.37663403690979863       0.26427907922210769     
   37.811486012809581        1.0038847089534135       0.37050422164271429       0.28725098303420543     
   39.147055493126302        1.0677052180400779       0.36516907988448549       0.31223132609126375     
   40.529808025860810        1.1326736413709206       0.36052556393811769       0.33937145201566504     
   41.961393513511240        1.1984612618126154       0.35648406229566326       0.36882642363835333     
   43.443545167355794        1.2647185010411992       0.35296650373327326       0.40075419730065387     
   44.978049075047366        1.3310789395618026       0.34990496390612669       0.43531272643149310     
   46.566763998623138        1.3971663527960332       0.34724030949729845       0.47265757209058606     
   48.211585595230147        1.4625999628474804       0.34492111746819004       0.51293770988910448     
   49.914505239722644        1.5270039905674830       0.34290258710459431       0.55629307057320843     
   51.677575059319224        1.5900134654089941       0.34114574041936047       0.60284944788590222     
   53.502930680545909        1.6512823377269434       0.33961664410516662       0.65271446214499051     
   55.392750120602578        1.7104891673980920       0.33828578935272063       0.70597162759837129     
   57.349321371645829        1.7673460021983189       0.33712746753476303       0.76267742922351023     
   59.375002227322796        1.8216029724702849       0.33611931136182976       0.82285575060233129     
   61.472246417894510        1.8730541999708532       0.33524184840440674       0.88649471179268047     
   63.643556378429672        1.9215408582421725       0.33447814520524149       0.95354217485722870     
   65.891560899834928        1.9669561534348745       0.33381344901926718        1.0239061954485333     
   68.218968971510208        2.0092460120815510       0.33323492450852565        1.0974530971072387     
   70.628585269218178        2.0465956936187033       0.33246471642138498        1.1728724466795952     
   73.123328588587739        2.0757271561042407       0.33107680517086813        1.2477076877382915     
   75.706175661273647        2.1020248886064237       0.32986883137184791        1.3248999082113446     
   78.380253523498894        2.1256435736988344       0.32881746013516461        1.4041424106829161     
   81.148784610322849        2.1467842049949311       0.32790238939586258        1.4851098418477833     
   84.015122474940881        2.1656882961754564       0.32710594465970438        1.5674670973023108     
   86.982687236203873        2.1826303496573956       0.32641275597542208        1.6508749468771884     
   90.055071705548812        2.1979106060396814       0.32580943275364294        1.7349995376087464     
   93.235978303002270        2.2118460618161446       0.32528432477339020        1.8195154755275180     
   96.529260096906100        2.2247617832782476       0.32482728962973917        1.9041099516573783     
   99.938826062156153        2.2369815605800367       0.32442950956536798        1.9884813490967230     
   103.46886588546354        2.2488199162659446       0.32408329387167767        2.0723439299196298     
   107.12359379692580        2.2605727887175924       0.32378196206912857        2.1554188734115556     
   110.90736836557576        2.2725102978179268       0.32351969824657539        2.2374337225430181     
   114.82483910697920        2.2848704165079532       0.32329143177626274        2.3181211251458929     
   118.88068277378797        2.2978525065184439       0.32309275809331023        2.3972089888887091     
   123.07973629915718        2.3116133856148706       0.32291984265892604        2.4744202767654309     
   127.42715949490271        2.3262649365041397       0.32276934231356513        2.5494738460823796     
   131.92808807993632        2.3418715018864571       0.32263835449370798        2.6220781230220327     
   136.58805281121437        2.3584513267549827       0.32252434667134849        2.6919403469923875     
   141.41261684513370        2.3759767739709297       0.32242511898397785        2.7587647845015089     
   146.40753387824964        2.3943776445783000       0.32233875626894809        2.8222617844866851     
   151.57894168226974        2.4135458710817348       0.32226358878326655        2.8821577716490663     
   156.93294936957258        2.4333389301723591       0.32219816683988056        2.9381989543246476     
   162.47613596373097        2.4535873549285236       0.32214122556619612        2.9901660908500594     
   168.21511902855468        2.4740992946698022       0.32209166623959251        3.0378782274144052     
   174.15674278185460        2.3410618963069729       0.31094077413646132        2.9041179693179173     
   180.30830831190286        2.1611805159023234       0.29670904546594151        2.7069553231392218     
   186.67715947709803        2.0024216150520644       0.28432233818537489        2.5260893389389514     
   193.27089166569760        1.8620881510050789       0.27354158032056886        2.3605168340063476     
   200.09760727912413        1.7378535408103175       0.26415833591747645        2.2092858759791620     
   207.16537088595135        1.6277137302246736       0.25599163886032228        2.0714836279320181     
   214.48286737908427        1.5299255209574782       0.24888359363620627        1.9462043783828575     
   222.05883252794877        1.4429745598017640       0.24269704542646187        1.8325522329188286     
   229.90230130529540        1.3655363252530768       0.23731258959348669        1.7296340824875973     
   238.02291179328489        1.2964454673442032       0.23262612267789126        1.6365610322943271     
   246.43025707061713        1.2346785712077941       0.22854726104710732        1.5524650190576699     
   255.13466811288930        1.1793283292710011       0.22499714369469126        1.4765001049015616     
   264.14653641505117        1.1295931259221146       0.22190726856608944        1.4078599568429118     
   273.47660938458705        1.0847615668257291       0.21921799894508209        1.3457834574293113     
   283.13635184814427        1.0442004573882604       0.21687734029787409        1.2895598688677419     
   293.13729579387660        1.0073490410960131       0.21484012794103946        1.2385378699134757     
   303.49136818478553       0.97370967641781525       0.21306704227422313        1.1921253555666329     
   314.21129214162710       0.94284042101760746       0.21152380233061194        1.1497882415574956     
   325.30973137660959       0.91435219828944658       0.21018064504251965        1.1110526287000229     
   336.80032369109853       0.88790098869058454       0.20901160170957261        1.0754978553176271     
   348.69678677735646       0.86318595396466413       0.20799411480416866        1.0427559889345230     
   361.01330816366544       0.83994445064741929       0.20710854612887009        1.0125058948422845     
   373.76502243504467       0.81661102801879482       0.20508495230515891       0.98230136141621516     
   386.96715283564077       0.78992618734455256       0.19902649357498503       0.94700734665391728     
   400.63544401132759       0.76488570164755698       0.19375352028801629       0.91480446162777551     
   414.78669160661980       0.74124841604089242       0.18916408439648899       0.88532600597083033     
   429.43761284149554       0.71880993979478791       0.18516967361710221       0.85825819431147310     
   444.60621081975989       0.69739640005733083       0.18169305972229563       0.83332978569129434     
   460.31059410826708       0.67686270272419669       0.17866715895932417       0.81030788064460435     
   476.56949149896485       0.65708836536184623       0.17603356936124739       0.78899125324242025     
   493.40288198244309       0.63797382848832129       0.17374137291586805       0.76920490643081851     
   510.83065126063684       0.61943931010716413       0.17174636211142630       0.75079772147788137     
   528.87421463804299       0.60142046427637452       0.17000996526440926       0.73363711696454748     
   547.55511287104378       0.58386764193680962       0.16849867735520124       0.71760769956614812     
   566.89562449487210       0.56674312298654206       0.16718332948718939       0.70260808898314031     
   586.91951519858117       0.55001864839891412       0.16603849062934420       0.68854837796686308     
   607.65068989177485       0.53367494318746367       0.16504207029673129       0.67534946462658474     
   629.11387223602765       0.51769956917730131       0.16417483689126233       0.66294102006112798     
   651.33543626567803       0.50208502739833427       0.16342002325941121       0.65125987587202094     
   674.34163286578985       0.48682888240372196       0.16276307199595430       0.64025001205086374     
   698.16073213207346       0.47193123779820761       0.16219128155754178       0.62986058688583069     
   722.82116976782140       0.44872421359379677       0.15304673739727714       0.60378572144979292     
   748.35235540965130       0.42445949738393962       0.14254223349906597       0.57557960808996100     
   774.78566186873422       0.40187886532266009       0.13339943216299979       0.55034678254208358     
   802.15264573967897       0.38081736635559565       0.12544191649529182       0.52773911014748176     
   830.48594444209971       0.36113223899473540       0.11851610096774261       0.50744998749772963     
   859.82037403360118       0.34269901449134388       0.11248808136089430       0.48920879937230255     
   890.19058800385733       0.32541030002158350       0.10724160073341694       0.47277819446110980     
   921.63390537915473       0.30917161265913445       0.10267522324854486       0.45794851412416238     
   954.18786380243341       0.29390078873905329        9.8700837385297169E-002  0.44453583354555981     
   987.89128659474920       0.27952555955246844        9.5241734761616251E-002  0.43237831429339324     
   1022.7855886411724       0.26598159670899418        9.2231036836627270E-002  0.42133320569191418     
   1058.9119914466876       0.25321241253509280        8.9610679012857533E-002  0.41127548536590042     
   1096.3148872627712       0.24116699789980153        8.7329999102194591E-002  0.40209474080705809     
   1135.0389283928459       0.22979999905057369        8.5344989753852171E-002  0.39369421436594115     
   1175.1302964981960       0.21907046331851188        8.3617338921460949E-002  0.38598880031462840     
   1216.6382559936744       0.20894085208409191        8.2113644078591688E-002  0.37890340230660580     
   1259.6123598874483       0.19937726616501586        8.0804890357302386E-002  0.37237224147387354     
   1304.1038583964914       0.19034858444862074        7.9665817910178516E-002  0.36633746486082353     
   1350.1674228314519       0.18182579822284692        7.8674403827956679E-002  0.36074800580393379     
   1397.8574692241625       0.16030004699618880        7.0994366937344219E-002  0.32964383041932011     
   1447.2325992722181       0.14039120597622906        6.3393719174582558E-002  0.30008362451256498     
   1498.3517579647787       0.12331414936376200        5.6778430114508664E-002  0.27448307259929972     
   1551.2759091786245       0.10312468789170116        4.9465112599788683E-002  0.23715511792189292     
   1606.0700862978565        8.6137507641140393E-002   4.3052385592698389E-002  0.20456561390940187     
   1662.7990190437411        7.1987080826711611E-002   3.7471075277486186E-002  0.17650724542755947     
   1721.5324161293761        6.0197212474571098E-002   3.2613272195932533E-002  0.15234162013551589     
   1782.3403946248577        5.0371806713864417E-002   2.8385241561643914E-002  0.13152236724576941     
   1845.2954731357936        4.2181088107999351E-002   2.4705379473939679E-002  0.11358076932252725     
   1910.4750110852074        3.5350385362070504E-002   2.1502539212465709E-002   9.8114058513808347E-002
   1977.9568210713478        2.9651479766692419E-002   1.8714919682627888E-002   8.4777094358848989E-002
   2047.8213808026539        2.4894537985850635E-002   1.6288717909253122E-002   7.3273425009320658E-002
   2120.1545400970977        2.0921561129295441E-002   1.4177025531381331E-002   6.3348002377737730E-002
   2195.0417479108573        1.7601380769815968E-002   1.2339116255321506E-002   5.4782118665382823E-002
   2272.5750259096239        1.4824792910198954E-002   1.0739455809901533E-002   4.7387347454699420E-002
   2352.8469348264384        1.2501120129341698E-002   9.3471776022116954E-003   4.1001930431508155E-002
   2435.9532056335870        1.0554960372846868E-002   8.1354097047739334E-003   3.5486681868631693E-002
   2521.9959596104222        8.9235554838381394E-003   7.0807237092189281E-003   3.0721647375285967E-002
   2611.0779162676686        7.5547774742949518E-003   6.1627686945962155E-003   2.6603753710137016E-002
   2703.3053132971791        6.4052570465582392E-003   5.3638274974503429E-003   2.3044229012179028E-002
   2798.7914800504532        5.4388711155386208E-003   4.6684533307609624E-003   1.9966496999921608E-002
   2897.6492167059700        4.6255987371811415E-003   4.0632351443039083E-003   1.7304730759543762E-002
   3000.0000000000000        3.9404029897739329E-003   3.5364716057903612E-003   1.5002074627705511E-002
