         200   4370.0000000000000     
   3.0000000000000000        5.1387853309891283E-003   2.7199223643833030E-002   2.8451006893816033E-002
   3.1059655287322618        5.4278747374727635E-003   2.7199223643833030E-002   2.8708556793711995E-002
   3.2156739552243598        5.7285999638625471E-003   2.7199223643833030E-002   2.8950479478348647E-002
   3.3292574962321346        6.0410583258192771E-003   2.7199223643833030E-002   2.9177365133310929E-002
   3.4468529954360925        6.3653081349018302E-003   2.7199223643833030E-002   2.9389887751270254E-002
   3.5686022069563790        6.7013652694433851E-003   2.7199223643833030E-002   2.9588790321362347E-002
   3.6946518254059528        7.0491992954926546E-003   2.7199223643833030E-002   2.9774869347958279E-002
   3.8251536998800524        7.4087303932179284E-003   2.7199223643833030E-002   2.9948959900686193E-002
   3.9602651907155879        7.7798270113497592E-003   2.7199223643833030E-002   3.0111921251278366E-002
   4.1001490688558144        8.1623026223089923E-003   2.7199223643833030E-002   3.0264622614151561E-002
   4.2449739038313119        8.5559142021640108E-003   2.7199223643833030E-002   3.0407930412099434E-002
   4.3949142193596993        8.9603604589059554E-003   2.7199223643833030E-002   3.0542696212600785E-002
   4.5501507036585132        9.3752806092055503E-003   2.7199223643833030E-002   3.0669745814537568E-002
   4.7108703059600501        9.8002532634103422E-003   2.7199223643833030E-002   3.0789869387295856E-002
   4.8772669425686850        1.0234797336092789E-002   2.7199223643833030E-002   3.0903813221999296E-002
   5.0495410155906377        1.0678370253820662E-002   2.7199223643833030E-002   3.1012271795132419E-002
   5.2279001269311909        1.1130369784151493E-002   2.7199223643833030E-002   3.1115881937357277E-002
   5.4125592113782046        1.1590134803451432E-002   2.7199223643833030E-002   3.1215217769720537E-002
   5.6037407956130689        1.2056946908550800E-002   2.7199223643833030E-002   3.1310786954605520E-002
   5.8016752663703963        1.2530032590918980E-002   2.7199223643833030E-002   3.1403028167920011E-002
   6.0066011480696169        1.3008566001556430E-002   2.7199223643833030E-002   3.1492309783193298E-002
   6.2187653902530293        1.3491672329840512E-002   2.7199223643833030E-002   3.1578929748670388E-002
   6.4384236651766908        1.3978431811453348E-002   2.7199223643833030E-002   3.1663116626508295E-002
   6.6658406759127811        1.4467884369471010E-002   2.7199223643833030E-002   3.1745031749007023E-002
   6.9012904753346884        1.4959034879141662E-002   2.7199223643833030E-002   3.1824772430876086E-002
   7.1450567963692624        1.5450859031441593E-002   2.7199223643833030E-002   3.1902376159490341E-002
   7.3974330131920443        1.5942309026055840E-002   2.7199223643833030E-002   3.1977825557417100E-002
   7.6587243988323896        1.6432324130363007E-002   2.7199223643833030E-002   3.2051054776447478E-002
   7.9292442763577622        1.6919830024189866E-002   2.7199223643833030E-002   3.2121954776534699E-002
   8.2093202460023029        1.7403757358287867E-002   2.7199223643833030E-002   3.2190381929596848E-002
   8.4992881560440416        1.7883038113055309E-002   2.7199223643833030E-002   3.2256163671770546E-002
   8.7994991583321234        1.8356625090238887E-002   2.7199223643833030E-002   3.2319107644169016E-002
   9.1103132457223861        1.8823488580820068E-002   2.7199223643833030E-002   3.2379007679498743E-002
   9.4321068148357909        1.9282635481002598E-002   2.7199223643833030E-002   3.2435652699834963E-002
   9.7652657388916850        1.9733105873843235E-002   2.7199223643833030E-002   3.2488832413138123E-002
   10.110193474162946        2.0173991178027390E-002   2.7199223643833030E-002   3.2538345330787977E-002
   10.467303634806061        2.0604430256983806E-002   2.7199223643833030E-002   3.2584003617432890E-002
   10.837027566606025        2.1023624833158529E-002   2.7199223643833030E-002   3.2625639575154748E-002
   11.219811965471335        2.1430840929182744E-002   2.7199223643833030E-002   3.2663109811001588E-002
   11.616115840724994        2.1825410154508833E-002   2.7199223643833030E-002   3.2696298786762890E-002
   12.026419117330413        2.2206742013289690E-002   2.7199223643833030E-002   3.2725122524534432E-002
   12.451213803399156        2.2574317652782647E-002   2.7199223643833030E-002   3.2749529898336675E-002
   12.891014326336300        2.2927701133991060E-002   2.7199223643833030E-002   3.2769504527379839E-002
   13.346348065368609        2.3266532078055398E-002   2.7199223643833030E-002   3.2785064577778245E-002
   13.817766430769083        2.3590534547078143E-002   2.7199223643833030E-002   3.2796262846394322E-002
   14.305834715756038        2.3899508683294598E-002   2.7199223643833030E-002   3.2803185306450648E-002
   14.811143972217785        2.4193337277287640E-002   2.7199223643833030E-002   3.2805949685531001E-002
   15.334300133051286        2.4471976587326586E-002   2.7199223643833030E-002   3.2804703105803405E-002
   15.875936741648431        2.4735460778753899E-002   2.7199223643833030E-002   3.2799619556841145E-002
   16.436703292225193        2.4983892171842222E-002   2.7199223643833030E-002   3.2790897032548894E-002
   17.017278874447534        2.5217443813478870E-002   2.7199223643833030E-002   3.2778754330839169E-002
   17.618359675531394        2.5436349440568329E-002   2.7199223643833030E-002   3.2763428081301393E-002
   18.240671728221173        2.5640903920618335E-002   2.7199223643833030E-002   3.2745169340440222E-002
   18.884968846184627        2.5831456722912191E-002   2.7199223643833030E-002   3.2724240498624949E-002
   19.552019805756849        2.6008403200381367E-002   2.7199223643833030E-002   3.2700912822873497E-002
   20.242632201214423        2.6172186280767246E-002   2.7198961226788609E-002   3.2675462389423968E-002
   20.957638264717446        2.6323286795682854E-002   2.7198272796445898E-002   3.2648168640564260E-002
   21.697899624358065        2.6462219705499907E-002   2.7197673614690984E-002   3.2619313994292562E-002
   22.464312967141105        2.6589530104596196E-002   2.7197152108391843E-002   3.2589179131103208E-002
   23.257792778673313        2.6705785883968877E-002   2.7196698213414656E-002   3.2558043438904727E-002
   24.079299719823517        2.6811578286221629E-002   2.7196303161697584E-002   3.2526183009443863E-002
   24.929823759061236        2.6907515335222745E-002   2.7195959324759506E-002   3.2493870830428241E-002
   25.810395145829254        2.6994220156207952E-002   2.7195660061426447E-002   3.2461376298248100E-002
   26.722064579292049        2.7072326558595691E-002   2.7195399596454201E-002   3.2428966238751897E-002
   27.665935811728254        2.7142480220329026E-002   2.7195172898341870E-002   3.2396904319415006E-002
   28.643146268414043        2.7205335150266602E-002   2.7194975589530278E-002   3.2365452653344035E-002
   29.654879655490589        2.7261553490160632E-002   2.7194803859020678E-002   3.2334872449021765E-002
   30.702343174827575        2.7299456867956016E-002   2.5778390354322837E-002   3.2286519404503555E-002
   31.786804983723918        2.7325836305200690E-002   2.3885146460036685E-002   3.2230051633769873E-002
   32.909571928103169        2.7347454641000368E-002   2.2237344019210355E-002   3.2175070194236301E-002
   34.072004028335677        2.7364907273088740E-002   2.0803155902532740E-002   3.2121724192055764E-002
   35.275488300232773        2.7378791702518480E-002   1.9554904858262327E-002   3.2070167035435193E-002
   36.521481794408061        2.7389706061722367E-002   1.8468477946378126E-002   3.2020554413957222E-002
   37.811486012809581        2.7398246055959807E-002   1.7522896173958226E-002   3.1973045041930756E-002
   39.147055493126302        2.7405001866083360E-002   1.6699900279294560E-002   3.1927799359558813E-002
   40.529808025860810        2.7410554368105428E-002   1.5983594184002595E-002   3.1884977851895514E-002
   41.961393513511240        2.7415470633409506E-002   1.5360154468481284E-002   3.1844740165898562E-002
   43.443545167355794        2.7420299256009556E-002   1.4817537910707319E-002   3.1807241276351456E-002
   44.978049075047366        2.7425564974924033E-002   1.4345266540372379E-002   3.1772629826028742E-002
   46.566763998623138        2.7431763272141710E-002   1.3934218486066938E-002   3.1741044669112595E-002
   48.211585595230147        2.7439354669290816E-002   1.3576461259476138E-002   3.1712612327199019E-002
   49.914505239722644        2.7448759495136185E-002   1.3265083928230670E-002   3.1687442407595162E-002
   51.677575059319224        2.7460352577629705E-002   1.2994073770483514E-002   3.1665624817348345E-002
   53.502930680545909        2.7474458648982517E-002   1.2758196253792285E-002   3.1647225904989446E-002
   55.392750120602578        2.7491347882004524E-002   1.2552899366232073E-002   3.1632285397023195E-002
   57.349321371645829        2.7511233017534283E-002   1.2374217309769755E-002   3.1620812441297247E-002
   59.375002227322796        2.7534266528549841E-002   1.2218699719215732E-002   3.1612783037794620E-002
   61.472246417894510        2.7560539282369904E-002   1.2083342788809046E-002   3.1608137250416724E-002
   63.643556378429672        2.7590079315936322E-002   1.1965534373187264E-002   3.1606777124114631E-002
   65.891560899834928        2.7622853217804014E-002   1.1862998722393752E-002   3.1608564933561858E-002
   68.218968971510208        2.7658767009778047E-002   1.1773755864588051E-002   3.1613322423540653E-002
   70.628585269218178        2.7678491204420643E-002   1.1690977524942660E-002   3.1592652277131796E-002
   73.123328588587739        2.7646376819055209E-002   1.1605194555030594E-002   3.1494606599273570E-002
   75.706175661273647        2.7617810032952023E-002   1.1530533023165901E-002   3.1400993665314410E-002
   78.380253523498894        2.7592470553086921E-002   1.1465550664150320E-002   3.1311604871212317E-002
   81.148784610322849        2.7570039793951263E-002   1.1408992663292828E-002   3.1226251762693964E-002
   84.015122474940881        2.7550205062384366E-002   1.1359766608807663E-002   3.1144762655459287E-002
   86.982687236203873        2.7532664312072450E-002   1.1316922526359992E-002   3.1066982175279190E-002
   90.055071705548812        2.7517129464152891E-002   1.1279632780519393E-002   3.0992766063360287E-002
   93.235978303002270        2.7503330575223459E-002   1.1247177303230160E-002   3.0921981012734554E-002
   96.529260096906100        2.7491018936207930E-002   1.1218929220392047E-002   3.0854501916401950E-002
   99.938826062156153        2.7479970275863609E-002   1.1194343530722904E-002   3.0790212249161286E-002
   103.46886588546354        2.7469986398876291E-002   1.1172944892716450E-002   3.0728998545764250E-002
   107.12359379692580        2.7460897931982683E-002   1.1154320404340850E-002   3.0670754441256106E-002
   110.90736836557576        2.7452565216806103E-002   1.1138110600154358E-002   3.0615377528010246E-002
   114.82483910697920        2.7444878821512936E-002   1.1124002078627798E-002   3.0562767065339693E-002
   118.88068277378797        2.7437760288978263E-002   1.1111722605743208E-002   3.0512827601382041E-002
   123.07973629915718        2.7431161341238831E-002   1.1101035179223968E-002   3.0465466642988652E-002
   127.42715949490271        2.7425062568849176E-002   1.1091733167591053E-002   3.0420592938765336E-002
   131.92808807993632        2.7419472218909703E-002   1.1083637171391339E-002   3.0378120156388667E-002
   136.58805281121437        2.7414423252038935E-002   1.1076590662047475E-002   3.0337962392546266E-002
   141.41261684513370        2.7409970874539613E-002   1.1070457672119623E-002   3.0300037474274132E-002
   146.40753387824964        2.7406188836418568E-002   1.1065119830681881E-002   3.0264264953195962E-002
   151.57894168226974        2.7403165416089972E-002   1.1060473935520935E-002   3.0230564503932356E-002
   156.93294936957258        2.7400999458684221E-002   1.1056430385474851E-002   3.0198858331039368E-002
   162.47613596373097        2.7399795621975604E-002   1.1052911002253899E-002   3.0169067438624061E-002
   168.21511902855468        2.7399660021097057E-002   1.1049847876840576E-002   3.0141113802108134E-002
   174.15674278185460        2.5323904337602361E-002   1.0493574071113745E-002   2.7920608000738159E-002
   180.30830831190286        2.2672712331318286E-002   9.7838190773912054E-003   2.5094908661630281E-002
   186.67715947709803        2.0367160678022501E-002   9.1660777227254662E-003   2.2636887340413258E-002
   193.27089166569760        1.8362510993063842E-002   8.6284271738845918E-003   2.0498634511585370E-002
   200.09760727912413        1.6619716940724213E-002   8.1604724561833031E-003   1.8638420538066990E-002
   207.16537088595135        1.5104848236699569E-002   7.7531885518364466E-003   1.7020049811637773E-002
   214.48286737908427        1.3788281409789971E-002   7.3987010043136386E-003   1.5611973021344649E-002
   222.05883252794877        1.2644271540267444E-002   7.0901697227366616E-003   1.4386811932469394E-002
   229.90230130529540        1.1650398842407553E-002   6.8216398410611400E-003   1.3320755232567781E-002
   238.02291179328489        1.0787114214085148E-002   6.5879195830893002E-003   1.2393063521897263E-002
   246.43025707061713        1.0037443745847859E-002   6.3845013983996690E-003   1.1585747659392723E-002
   255.13466811288930        9.3865791713812641E-003   6.2074523850638545E-003   1.0883126598663386E-002
   264.14653641505117        8.8216584719994148E-003   6.0533562556845345E-003   1.0271591047458409E-002
   273.47660938458705        8.3314858822967318E-003   5.9192388489263358E-003   9.7393028963772815E-003
   283.13635184814427        7.9063022436667383E-003   5.8025071291249808E-003   9.2759491059029951E-003
   293.13729579387660        7.5376308119852048E-003   5.7009086742210360E-003   8.8725776996079978E-003
   303.49136818478553        7.2180922981319295E-003   5.6124825641218545E-003   8.5214002997806692E-003
   314.21129214162710        6.9412533874832708E-003   5.5355191620048271E-003   8.2156304976013679E-003
   325.30973137660959        6.7015275014966590E-003   5.4685341446082418E-003   7.9493792656857437E-003
   336.80032369109853        6.4940399665342789E-003   5.4102324187500087E-003   7.7175105485926552E-003
   348.69678677735646        6.3145549656708003E-003   5.3594890109127484E-003   7.5155645700644928E-003
   361.01330816366544        6.1593837425973196E-003   5.3153245384070270E-003   7.3396598227842636E-003
   373.76502243504467        6.0186683690490921E-003   5.2681878044443242E-003   7.1747053924160866E-003
   386.96715283564077        5.8741753146479012E-003   5.1973299496506191E-003   6.9908715432543400E-003
   400.63544401132759        5.7490342610459280E-003   5.1356588890493025E-003   6.8307817958020598E-003
   414.78669160661980        5.6406958909789020E-003   5.0819822698842257E-003   6.6913457123279627E-003
   429.43761284149554        5.5469428136208998E-003   5.0352648799344450E-003   6.5698805038829581E-003
   444.60621081975989        5.4658376005338729E-003   4.9946034817961423E-003   6.4640453622439500E-003
   460.31059410826708        5.3956947752799231E-003   4.9592134846975560E-003   6.3718066026685703E-003
   476.56949149896485        5.3350452646014528E-003   4.9284118373417157E-003   6.2913930257842221E-003
   493.40288198244309        5.2826072140494664E-003   4.9016030184458447E-003   6.2212593355181122E-003
   510.83065126063684        5.2372666511247201E-003   4.8782699906595797E-003   6.1600625299055170E-003
   528.87421463804299        5.1980513488927953E-003   4.8579616315322849E-003   6.1066290794168469E-003
   547.55511287104378        5.1641163489751993E-003   4.8402860767432759E-003   6.0599375786661892E-003
   566.89562449487210        5.1347259070401788E-003   4.8249021759220060E-003   6.0190964597969087E-003
   586.91951519858117        5.1092385833219154E-003   4.8115124956148022E-003   5.9833257352555095E-003
   607.65068989177485        5.0870969352580942E-003   4.7998586723593728E-003   5.9519449822202962E-003
   629.11387223602765        5.0678154478224413E-003   4.7897157793474997E-003   5.9243587226627363E-003
   651.33543626567803        5.0509705398888126E-003   4.7808877131504572E-003   5.9000444802801560E-003
   674.34163286578985        5.0361938023798800E-003   4.7732042148704926E-003   5.8785453001080181E-003
   698.16073213207346        5.0231631462603100E-003   4.7665167311948618E-003   5.8594590801911662E-003
   722.82116976782140        4.9604628835523230E-003   4.7095756477960144E-003   5.7458594930774641E-003
   748.35235540965130        4.8905611334680403E-003   4.6449676256454893E-003   5.6181007211018683E-003
   774.78566186873422        4.8293866973003587E-003   4.5887347642974098E-003   5.5063998118095757E-003
   802.15264573967897        4.7757502254953729E-003   4.5397920104554039E-003   5.4086276274291981E-003
   830.48594444209971        4.7286150214737276E-003   4.4971947352913221E-003   5.3229288614573258E-003
   859.82037403360118        4.6870759681963267E-003   4.4601193599992728E-003   5.2476848166915068E-003
   890.19058800385733        4.6503461332469695E-003   4.4278508454766519E-003   5.1814899293822804E-003
   921.63390537915473        4.6177379610054733E-003   4.3997653099245469E-003   5.1231182927100596E-003
   954.18786380243341        4.5886536718152127E-003   4.3753208228382943E-003   5.0715066569894367E-003
   987.89128659474920        4.5625727308916180E-003   4.3540455887960778E-003   5.0257319508590585E-003
   1022.7855886411724        4.5390416075553651E-003   4.3355282708807267E-003   4.9849928538043447E-003
   1058.9119914466876        4.5176676923290547E-003   4.3194117423934258E-003   4.9485985221543009E-003
   1096.3148872627712        4.4981100171482876E-003   4.3053844052041417E-003   4.9159516772612245E-003
   1135.0389283928459        4.4800750584087900E-003   4.2931755918047326E-003   4.8865403931622024E-003
   1175.1302964981960        4.4633107000651628E-003   4.2825496636953132E-003   4.8599266584848184E-003
   1216.6382559936744        4.4476012407723819E-003   4.2733011784115574E-003   4.8357368228201395E-003
   1259.6123598874483        4.4327647076325910E-003   4.2652516798122953E-003   4.8136557120257708E-003
   1304.1038583964914        4.4186488390095665E-003   4.2582458070354445E-003   4.7934186499714680E-003
   1350.1674228314519        4.4051276682931968E-003   4.2521481080288852E-003   4.7748046575299486E-003
   1397.8574692241625        4.1082138121389120E-003   3.9705921701590589E-003   4.4474031380716287E-003
   1447.2325992722181        3.8229866606685802E-003   3.7001478487880151E-003   4.1330678684914825E-003
   1498.3517579647787        3.5740578635023688E-003   3.4647643109150640E-003   3.8591151646663979E-003
   1551.2759091786245        3.1118637700972220E-003   3.0228213406929385E-003   3.3613573835028672E-003
   1606.0700862978565        2.7027819337066077E-003   2.6309385160058381E-003   2.9210018459675221E-003
   1662.7990190437411        2.3473833428176850E-003   2.2898637050303735E-003   2.5384515576023256E-003
   1721.5324161293761        2.0386573532247786E-003   1.9930025426468669E-003   2.2061266054792055E-003
   1782.3403946248577        1.7705119858795035E-003   1.7346268803121612E-003   1.9174458225688490E-003
   1845.2954731357936        1.5376427495632705E-003   1.5097498899469023E-003   1.6666839072610881E-003
   1910.4750110852074        1.3354251112882008E-003   1.3140237835181992E-003   1.4488541840871221E-003
   1977.9568210713478        1.1598425703791407E-003   1.1436718857533446E-003   1.2596298691104890E-003
   2047.8213808026539        1.0073998538441713E-003   9.9540628780107020E-004   1.0952494642207187E-003
   2120.1545400970977        8.7505169976340213E-004   8.6636041184289523E-004   9.5243905745290151E-004
   2195.0417479108573        7.6015629625771953E-004   7.5404546722969109E-004   8.2836133496042897E-004
   2272.5750259096239        6.6041144484730338E-004   6.5628994868067460E-004   7.2054606508089941E-004
   2352.8469348264384        5.7382003474237549E-004   5.7120759351780620E-004   6.2685231773416147E-004
   2435.9532056335870        4.9864634378892967E-004   4.9715625373864241E-004   5.4542087852070401E-004
   2521.9959596104222        4.3338013330051795E-004   4.3270421537196414E-004   4.7463514986858043E-004
   2611.0779162676686        3.7671237048253475E-004   3.7660783021970483E-004   4.1309472194592462E-004
   2703.3053132971791        3.2750627606698322E-004   3.2778439944676794E-004   3.5958394421426788E-004
   2798.7914800504532        2.8477352362137889E-004   2.8528996730341118E-004   3.1304611685170153E-004
   2897.6492167059700        2.4765850868340713E-004   2.4830498225749293E-004   2.7256649976147170E-004
   3000.0000000000000        2.1541714268780000E-004   2.1611437392711708E-004   2.3734938751814182E-004
