         200   4370.0000000000000     
   3.0000000000000000        1.4527510965108659E-003   3.0478787646123777E-003   2.4328009840426700E-003
   3.1059655287322618        1.4937566251808951E-003   3.0478787646123777E-003   2.4558137032368909E-003
   3.2156739552243598        1.5345803126818036E-003   3.0478787646123777E-003   2.4788695191688670E-003
   3.3292574962321346        1.5751599869304250E-003   3.0478787646123777E-003   2.5019092295078659E-003
   3.4468529954360925        1.6154342157029258E-003   3.0478787646123777E-003   2.5248738108690507E-003
   3.5686022069563790        1.6553423630951383E-003   3.0478787646123777E-003   2.5477045308603730E-003
   3.6946518254059528        1.6948245877679647E-003   3.0478787646123777E-003   2.5703430655187910E-003
   3.8251536998800524        1.7338219452838444E-003   3.0478787646123777E-003   2.5927317160920728E-003
   3.9602651907155879        1.7722765703424984E-003   3.0478787646123777E-003   2.6148137107987026E-003
   4.1001490688558144        1.8101317696027968E-003   3.0478787646123777E-003   2.6365334904719330E-003
   4.2449739038313119        1.8473323057557538E-003   3.0478787646123777E-003   2.6578371330815065E-003
   4.3949142193596993        1.8838246514252396E-003   3.0478787646123777E-003   2.6786727814889521E-003
   4.5501507036585132        1.9195572932773379E-003   3.0478787646123777E-003   2.6989911102044961E-003
   4.7108703059600501        1.9544810372723472E-003   3.0478787646123777E-003   2.7187457916008442E-003
   4.8772669425686850        1.9885494586197351E-003   3.0478787646123777E-003   2.7378940303177967E-003
   5.0495410155906377        2.0217190979746821E-003   3.0478787646123777E-003   2.7563969284923186E-003
   5.2279001269311909        2.0539499099074049E-003   3.0478787646123777E-003   2.7742199568364582E-003
   5.4125592113782046        2.0852055619793638E-003   3.0478787646123777E-003   2.7913332944015014E-003
   5.6037407956130689        2.1154537301417723E-003   3.0478787646123777E-003   2.8077121120347621E-003
   5.8016752663703963        2.1446663546415500E-003   3.0478787646123777E-003   2.8233367741558307E-003
   6.0066011480696169        2.1728198484352091E-003   3.0478787646123777E-003   2.8381929520040934E-003
   6.2187653902530293        2.1998952519795413E-003   3.0478787646123777E-003   2.8522716453590158E-003
   6.4384236651766908        2.2258783302722689E-003   3.0478787646123777E-003   2.8655691135232838E-003
   6.6658406759127811        2.2507596100481203E-003   3.0478787646123777E-003   2.8780867198692824E-003
   6.9012904753346884        2.2745343570005345E-003   3.0478787646123777E-003   2.8898306973004894E-003
   7.1450567963692624        2.2972024947148120E-003   3.0478787646123777E-003   2.9008118444407011E-003
   7.3974330131920443        2.3187684374402716E-003   3.0478787646123777E-003   2.9110451495299467E-003
   7.6587243988323896        2.3392410594708607E-003   3.0478787646123777E-003   2.9205494571216436E-003
   7.9292442763577622        2.3586331244777655E-003   3.0478787646123777E-003   2.9293468710127318E-003
   8.2093202460023029        2.3769614676470417E-003   3.0478787646123777E-003   2.9374625060226288E-003
   8.4992881560440416        2.3942462349241240E-003   3.0478787646123777E-003   2.9449238151566049E-003
   8.7994991583321234        2.4105109935729702E-003   3.0478787646123777E-003   2.9517603231933270E-003
   9.1103132457223861        2.4257819804573647E-003   3.0478787646123777E-003   2.9580030041352159E-003
   9.4321068148357909        2.4400881370352278E-003   3.0478787646123777E-003   2.9636840209460286E-003
   9.7652657388916850        2.4534603922324242E-003   3.0478787646123777E-003   2.9688361828244499E-003
   10.110193474162946        2.4659316506646972E-003   3.0478787646123777E-003   2.9734927196568982E-003
   10.467303634806061        2.4775361317903939E-003   3.0478787646123777E-003   2.9776868351426050E-003
   10.837027566606025        2.4883093056497396E-003   3.0478787646123777E-003   2.9814515212593339E-003
   11.219811965471335        2.4982874585822903E-003   3.0478787646123777E-003   2.9848192639639944E-003
   11.616115840724994        2.5075073244717866E-003   3.0478787646123777E-003   2.9878218099923942E-003
   12.026419117330413        2.5160060192796515E-003   3.0478787646123777E-003   2.9904900618583723E-003
   12.451213803399156        2.5238205811165433E-003   3.0478787646123777E-003   2.9928538686716062E-003
   12.891014326336300        2.5309879595308993E-003   3.0478787646123777E-003   2.9949419845346770E-003
   13.346348065368609        2.5375446455096940E-003   3.0478787646123777E-003   2.9967819362157777E-003
   13.817766430769083        2.5435266868125985E-003   3.0478787646123777E-003   2.9984000237898516E-003
   14.305834715756038        2.5489694051274931E-003   3.0478787646123777E-003   2.9998212510324845E-003
   14.811143972217785        2.5539074388802457E-003   3.0478787646123777E-003   3.0010693594083077E-003
   15.334300133051286        2.5583745394687652E-003   3.0478787646123777E-003   3.0021668074306923E-003
   15.875936741648431        2.5624036377988753E-003   3.0478787646123777E-003   3.0031348295949411E-003
   16.436703292225193        2.5660267071840898E-003   3.0478787646123777E-003   3.0039934523377969E-003
   17.017278874447534        2.5692748462282384E-003   3.0478787646123777E-003   3.0047615707321520E-003
   17.618359675531394        2.5721781940441077E-003   3.0478787646123777E-003   3.0054569906228395E-003
   18.240671728221173        2.5747660143838375E-003   3.0478787646123777E-003   3.0060965157802659E-003
   18.884968846184627        2.5770666933207708E-003   3.0478787646123777E-003   3.0066960190673494E-003
   19.552019805756849        2.5791077304458711E-003   3.0478787646123777E-003   3.0072705134852051E-003
   20.242632201214423        2.5809158639106536E-003   3.0478525318129160E-003   3.0078342036063918E-003
   20.957638264717446        2.5825170683790124E-003   3.0477837121401547E-003   3.0084006120767465E-003
   21.697899624358065        2.5839366361416157E-003   3.0477238142975712E-003   3.0089828537641808E-003
   22.464312967141105        2.5851992660676109E-003   3.0476716813646904E-003   3.0095934768882009E-003
   23.257792778673313        2.5863291345607454E-003   3.0476263072696519E-003   3.0102446572913685E-003
   24.079299719823517        2.5873500608138036E-003   3.0475868155038100E-003   3.0109483340087033E-003
   24.929823759061236        2.5882856187907123E-003   3.0475524434779217E-003   3.0117163148161586E-003
   25.810395145829254        2.5891593150913971E-003   3.0475225272999546E-003   3.0125604102027416E-003
   26.722064579292049        2.5899947536933698E-003   3.0474964896414669E-003   3.0134925425187968E-003
   27.665935811728254        2.5908158676902653E-003   3.0474738275231110E-003   3.0145249082792237E-003
   28.643146268414043        2.5916471080749221E-003   3.0474541033375202E-003   3.0156700914593156E-003
   29.654879655490589        2.5925136636363072E-003   3.0474369361141408E-003   3.0169412064217516E-003
   30.702343174827575        2.5922182728941724E-003   2.9040560372960347E-003   3.0165404955235526E-003
   31.786804983723918        2.5913941121352242E-003   2.7124063990062812E-003   3.0153825904729952E-003
   32.909571928103169        2.5906722750015597E-003   2.5456023529399248E-003   3.0143767776626153E-003
   34.072004028335677        2.5900735926809399E-003   2.4004220966452813E-003   3.0135273276163180E-003
   35.275488300232773        2.5896201436121230E-003   2.2740639122342653E-003   3.0128394809200471E-003
   36.521481794408061        2.5893351453813024E-003   2.1640868906158336E-003   3.0123194082352272E-003
   37.811486012809581        2.5892428089572300E-003   2.0683673664675796E-003   3.0119741938946613E-003
   39.147055493126302        2.5893680985980671E-003   1.9850569879145213E-003   3.0118117641437002E-003
   40.529808025860810        2.5897364264713834E-003   1.9125466238342369E-003   3.0118407927646374E-003
   41.961393513511240        2.5903732692390664E-003   1.8494369545857419E-003   3.0120705757122530E-003
   43.443545167355794        2.5913037537243951E-003   1.7945088666931686E-003   3.0125108809057476E-003
   44.978049075047366        2.5925521826328426E-003   1.7467016942668060E-003   3.0131717708496864E-003
   46.566763998623138        2.5941415554717978E-003   1.7050920468436232E-003   3.0140634042760306E-003
   48.211585595230147        2.5960930311551204E-003   1.6688769330494616E-003   3.0151957839013193E-003
   49.914505239722644        2.5984254971008931E-003   1.6373567717617773E-003   3.0165785323429417E-003
   51.677575059319224        2.6011550728419026E-003   1.6099229060766199E-003   3.0182205901021319E-003
   53.502930680545909        2.6042947178068934E-003   1.5860454537890453E-003   3.0201299226988278E-003
   55.392750120602578        2.6078537856473634E-003   1.5652636230055561E-003   3.0223131365851759E-003
   57.349321371645829        2.6118378271033993E-003   1.5471759631994306E-003   3.0247751828952839E-003
   59.375002227322796        2.6162482744139098E-003   1.5314332001738510E-003   3.0275189252534480E-003
   61.472246417894510        2.6210823124528781E-003   1.5177312641313034E-003   3.0305447613383925E-003
   63.643556378429672        2.6263326527608496E-003   1.5058057323445401E-003   3.0338501311659399E-003
   65.891560899834928        2.6319876626302464E-003   1.4954262347818170E-003   3.0374292088565348E-003
   68.218968971510208        2.6380312732583351E-003   1.4863923424924910E-003   3.0412724362663740E-003
   70.628585269218178        2.6425279640722625E-003   1.4779823155844608E-003   3.0425983216845962E-003
   73.123328588587739        2.6418832975068037E-003   1.4691899581631468E-003   3.0362510997580293E-003
   75.706175661273647        2.6416017872238412E-003   1.4615374966728207E-003   3.0302319638587268E-003
   78.380253523498894        2.6416421604545702E-003   1.4548771056053309E-003   3.0245203758573411E-003
   81.148784610322849        2.6419643109623654E-003   1.4490801722619861E-003   3.0190985950479328E-003
   84.015122474940881        2.6425297646223496E-003   1.4440347294903230E-003   3.0139514362235243E-003
   86.982687236203873        2.6433020977731153E-003   1.4396434093173977E-003   3.0090661542035856E-003
   90.055071705548812        2.6442473461753967E-003   1.4358213829418058E-003   3.0044319777609340E-003
   93.235978303002270        2.6453343281247661E-003   1.4324948467202326E-003   3.0000399202584015E-003
   96.529260096906100        2.6465349310144421E-003   1.4295995489585203E-003   2.9958823988141224E-003
   99.938826062156153        2.6478242886182057E-003   1.4270796295474484E-003   2.9919530324953730E-003
   103.46886588546354        2.6491810140841961E-003   1.4248863681824598E-003   2.9882460776377829E-003
   107.12359379692580        2.6505871888253740E-003   1.4229774443161570E-003   2.9847564598551092E-003
   110.90736836557576        2.6520284300464020E-003   1.4213160144043329E-003   2.9814793854215332E-003
   114.82483910697920        2.6534939077617592E-003   1.4198699562406314E-003   2.9784100404192234E-003
   118.88068277378797        2.6549761455839770E-003   1.4186113670980841E-003   2.9755436702963338E-003
   123.07973629915718        2.6564709172423578E-003   1.4175159553401614E-003   2.9728753391924929E-003
   127.42715949490271        2.6579770920114455E-003   1.4165625421965291E-003   2.9703997688581840E-003
   131.92808807993632        2.6594962496901474E-003   1.4157327400534895E-003   2.9681115083335886E-003
   136.58805281121437        2.6610325152185625E-003   1.4150105054562575E-003   2.9660046771842734E-003
   141.41261684513370        2.6625920816985556E-003   1.4143819023714923E-003   2.9640731580160497E-003
   146.40753387824964        2.6641828753453745E-003   1.4138347983270972E-003   2.9623105155898873E-003
   151.57894168226974        2.6658141966874843E-003   1.4133586155738256E-003   2.9607099616668505E-003
   156.93294936957258        2.6674961508178930E-003   1.4129441704072280E-003   2.9592645196407992E-003
   162.47613596373097        2.6692393569561711E-003   1.4125834499144200E-003   2.9579668978617956E-003
   168.21511902855468        2.6710543663081756E-003   1.4122694937353795E-003   2.9568096411586703E-003
   174.15674278185460        2.4702577635987255E-003   1.3297538010391846E-003   2.7404770616250964E-003
   180.30830831190286        2.2129606295675157E-003   1.2244214502769575E-003   2.4644556306146793E-003
   186.67715947709803        1.9890758692641874E-003   1.1327445341221150E-003   2.2242222678542792E-003
   193.27089166569760        1.7943029854892247E-003   1.0529536250071451E-003   2.0151364943090172E-003
   200.09760727912413        1.6248848931391961E-003   9.8350603971122767E-004   1.8331528490684982E-003
   207.16537088595135        1.4775537175944398E-003   9.2306240570807943E-004   1.6747594506358366E-003
   214.48286737908427        1.3494536243098629E-003   8.7045410139636743E-004   1.5368926065223980E-003
   222.05883252794877        1.2381004310553661E-003   8.2466601190123222E-004   1.4168915316719313E-003
   229.90230130529540        1.1413288359794775E-003   7.8481439558722281E-004   1.3124402404746966E-003
   238.02291179328489        1.0572490814984082E-003   7.5012875841570824E-004   1.2215199349528034E-003
   246.43025707061713        9.8421894152681986E-004   7.1994014999357677E-004   1.1423782264448638E-003
   255.13466811288930        9.2080446846530550E-004   6.9366490157724383E-004   1.0734864168008202E-003
   264.14653641505117        8.6575914883498212E-004   6.7079601344761496E-004   1.0135168418351167E-003
   273.47660938458705        8.1799706255948385E-004   6.5089210032700617E-004   9.6131382646764756E-004
   283.13635184814427        7.7657086795863137E-004   6.3356833851631561E-004   9.1586989962995954E-004
   293.13729579387660        7.4065707366452558E-004   6.1849045363562946E-004   8.7630999695688242E-004
   303.49136818478553        7.0953825776535790E-004   6.0536743213118738E-004   8.4187232814255286E-004
   314.21129214162710        6.8258850523456385E-004   5.9394555255394446E-004   8.1189271458575573E-004
   325.30973137660959        6.5926389605481053E-004   5.8400453148239688E-004   7.8579448446084972E-004
   336.80032369109853        6.3908949866221408E-004   5.7535216849452736E-004   7.6307443400980268E-004
   348.69678677735646        6.2165235341612340E-004   5.6782151005540290E-004   7.4329540430016360E-004
   361.01330816366544        6.0659261217522065E-004   5.6126720927507422E-004   7.2607674925084559E-004
   373.76502243504467        5.9294837431228108E-004   5.5469442914452233E-004   7.0992922125791562E-004
   386.96715283564077        5.7893785820392998E-004   5.4599609735908074E-004   6.9190418890288739E-004
   400.63544401132759        5.6681627407320016E-004   5.3842551329000364E-004   6.7621612805491367E-004
   414.78669160661980        5.5633534133726632E-004   5.3183630671611068E-004   6.6256167822593287E-004
   429.43761284149554        5.4727900823107805E-004   5.2610139759254066E-004   6.5067745417757728E-004
   444.60621081975989        5.3945844233388700E-004   5.2110990677057894E-004   6.4033364268066756E-004
   460.31059410826708        5.3270933404276342E-004   5.1676551986321972E-004   6.3133061194191374E-004
   476.56949149896485        5.2688846866825578E-004   5.1298438721364393E-004   6.2349456054211667E-004
   493.40288198244309        5.2187091470463074E-004   5.0969340412911773E-004   6.1667395475120158E-004
   510.83065126063684        5.1754815712891573E-004   5.0682910040676145E-004   6.1073722866339343E-004
   528.87421463804299        5.1382558137357556E-004   5.0433609739077760E-004   6.0556958794269380E-004
   547.55511287104378        5.1062107435450959E-004   5.0216629080413713E-004   6.0107131754266480E-004
   566.89562449487210        5.0786328570100409E-004   5.0027780188660685E-004   5.9715560893758019E-004
   586.91951519858117        5.0549019407798246E-004   4.9863411845656191E-004   5.9374678056809522E-004
   607.65068989177485        5.0344810822656723E-004   4.9720352446610302E-004   5.9077909611247707E-004
   629.11387223602765        5.0169050488134707E-004   4.9595840846677962E-004   5.8819533137190682E-004
   651.33543626567803        5.0017706726005742E-004   4.9487469729560057E-004   5.8594560036190433E-004
   674.34163286578985        4.9887302037405525E-004   4.9393149039910931E-004   5.8398659750162455E-004
   698.16073213207346        4.9774828142269396E-004   4.9311055174679338E-004   5.8228054392746244E-004
   722.82116976782140        4.9181220577355228E-004   4.8743111023134036E-004   5.7129171477133872E-004
   748.35235540965130        4.8518930693430996E-004   4.8102638604010381E-004   5.5892899140462353E-004
   774.78566186873422        4.7942789545701674E-004   4.7545190851501685E-004   5.4816778507660443E-004
   802.15264573967897        4.7441441755368725E-004   4.7060011412349001E-004   5.3880058613198451E-004
   830.48594444209971        4.7005023105726941E-004   4.6637735989509682E-004   5.3064674838865071E-004
   859.82037403360118        4.6624954122581082E-004   4.6270200279348333E-004   5.2354878264438960E-004
   890.19058800385733        4.6293804898517538E-004   4.5950315954307607E-004   5.1736996394469766E-004
   921.63390537915473        4.6005110807055522E-004   4.5671898347659275E-004   5.1199100585629554E-004
   954.18786380243341        4.5753272811832905E-004   4.5429575192464946E-004   5.0730829980555120E-004
   987.89128659474920        4.5533431690266080E-004   4.5218669485079472E-004   5.0323165431921397E-004
   1022.7855886411724        4.5341364705644998E-004   4.5035103559267847E-004   4.9968244339511489E-004
   1058.9119914466876        4.5173418219919922E-004   4.4875337145677797E-004   4.9659241138737601E-004
   1096.3148872627712        4.5026415481730071E-004   4.4736281308887854E-004   4.9390201105766005E-004
   1135.0389283928459        4.4897607139460281E-004   4.4615252867027499E-004   4.9155952395349683E-004
   1175.1302964981960        4.4784608491289346E-004   4.4509915887885583E-004   4.8951993050116147E-004
   1216.6382559936744        4.4685347936053216E-004   4.4418233778671402E-004   4.8774398450500850E-004
   1259.6123598874483        4.4598032822813663E-004   4.4338437467485891E-004   4.8619759892311613E-004
   1304.1038583964914        4.4521108161002591E-004   4.4268986830612862E-004   4.8485110062331042E-004
   1350.1674228314519        4.4453222707375697E-004   4.4208539104404572E-004   4.8367862006999809E-004
   1397.8574692241625        4.1547752028769745E-004   4.1328404024700563E-004   4.5148906916675269E-004
   1447.2325992722181        3.8757235938920360E-004   3.8562408601530067E-004   4.2056584968957111E-004
   1498.3517579647787        3.6328269286305418E-004   3.6155000728643131E-004   3.9365149263100605E-004
   1551.2759091786245        3.1692390090263422E-004   3.1544559814053859E-004   3.4342844639516373E-004
   1606.0700862978565        2.7580764942322980E-004   2.7455078561215799E-004   2.9889947752890920E-004
   1662.7990190437411        2.4002441650183162E-004   2.3895802784296646E-004   2.6014445201620335E-004
   1721.5324161293761        2.0888212764254424E-004   2.0797917187416064E-004   2.2641389712824939E-004
   1782.3403946248577        1.8177950909371664E-004   1.8101645851332181E-004   1.9705679765665666E-004
   1845.2954731357936        1.5819303069719844E-004   1.5754948883870922E-004   1.7150639835651754E-004
   1910.4750110852074        1.3766620623866421E-004   1.3712455075752964E-004   1.4926857739050667E-004
   1977.9568210713478        1.1980248581856248E-004   1.1934753047471887E-004   1.2991412395755626E-004
   2047.8213808026539        1.0425662801091770E-004   1.0387531926590212E-004   1.1306937847861597E-004
   2120.1545400970977        9.0727630961676828E-005   9.0408776277998092E-005   9.8408567735207964E-005
   2195.0417479108573        7.8954165033481215E-005   7.8688184522643980E-005   8.5648854956989852E-005
   2272.5750259096239        6.8708225495141867E-005   6.8486937229224928E-005   7.4543463827441442E-005
   2352.8469348264384        5.9791767662281735E-005   5.9608194031850194E-005   6.4878036108984995E-005
   2435.9532056335870        5.2032389157990967E-005   5.1880589077072479E-005   5.6465957461077825E-005
   2521.9959596104222        4.5279793050976707E-005   4.5154716290527571E-005   4.9144529642006680E-005
   2611.0779162676686        3.9403436690058092E-005   3.9300795144192202E-005   4.2772428012932757E-005
   2703.3053132971791        3.4289683546034021E-005   3.4205840931677593E-005   3.7226619862423325E-005
   2798.7914800504532        2.9839470347861777E-005   2.9771347438909440E-005   3.2399840710977647E-005
   2897.6492167059700        2.5966798952280140E-005   2.5911790615959999E-005   2.8198964414176015E-005
   3000.0000000000000        2.2596644151059893E-005   2.2552549511437649E-005   2.4542739111295194E-005
