         200   4370.0000000000000     
   3.0000000000000000        2.0940990031310812E-003   6.6675508367181795        1.0094645935072491E-003
   3.1059655287322618        2.2448168602884335E-003   6.6675508367181795        1.0763490124642032E-003
   3.2156739552243598        2.4063639299354810E-003   6.6675508367181795        1.1479112484642931E-003
   3.3292574962321346        2.5794957103784191E-003   6.6675508367181795        1.2244838198045894E-003
   3.4468529954360925        2.7650213913768930E-003   6.6675508367181795        1.3064228390152939E-003
   3.5686022069563790        2.9638093763897193E-003   6.6675508367181795        1.3941097413405332E-003
   3.6946518254059528        3.1767932501847967E-003   6.6675508367181795        1.4879529508038645E-003
   3.8251536998800524        3.4049789760043215E-003   6.6675508367181795        1.5883897926526305E-003
   3.9602651907155879        3.6494534287102687E-003   6.6675508367181795        1.6958886617043556E-003
   4.1001490688558144        3.9113932941306894E-003   6.6675508367181795        1.8109509858006639E-003
   4.2449739038313119        4.1920761010238632E-003   6.6675508367181795        1.9341137299584675E-003
   4.3949142193596993        4.4928922413041356E-003   6.6675508367181795        2.0659519082018769E-003
   4.5501507036585132        4.8153585828678630E-003   6.6675508367181795        2.2070813422664639E-003
   4.7108703059600501        5.1611334387231143E-003   6.6675508367181795        2.3581615387641892E-003
   4.8772669425686850        5.5320345817413876E-003   6.6675508367181795        2.5198993978082134E-003
   5.0495410155906377        5.9300565449743126E-003   6.6675508367181795        2.6930520841603727E-003
   5.2279001269311909        6.3573924697099375E-003   6.6675508367181795        2.8784313300753766E-003
   5.4125592113782046        6.8164568679369500E-003   6.6675508367181795        3.0769075445450482E-003
   5.6037407956130689        7.3099109936604970E-003   6.6675508367181795        3.2894144225283375E-003
   5.8016752663703963        7.8406908067899413E-003   6.6675508367181795        3.5169539859571737E-003
   6.0066011480696169        8.4120378087244683E-003   6.6675508367181795        3.7606020995513468E-003
   6.2187653902530293        9.0275330874102673E-003   6.6675508367181795        4.0215145076159245E-003
   6.4384236651766908        9.6911349802758315E-003   6.6675508367181795        4.3009334413133329E-003
   6.6658406759127811        1.0407220847627076E-002   6.6675508367181795        4.6001948494681965E-003
   6.9012904753346884        1.1180633548728525E-002   6.6675508367181795        4.9207363098588306E-003
   7.1450567963692624        1.2016733330220509E-002   6.6675508367181795        5.2641056822725057E-003
   7.3974330131920443        1.2921454578832288E-002   6.6675508367181795        5.6319700050070851E-003
   7.6587243988323896        1.3901378214358544E-002   6.6675508367181795        6.0261286576206823E-003
   7.9292442763577622        1.4963789971101968E-002   6.6675508367181795        6.4485183661643830E-003
   8.2093202460023029        1.6116786291151999E-002   6.6675508367181795        6.9012344292516134E-003
   8.4992881560440416        1.7369344237520012E-002   6.6675508367181795        7.3865341452431042E-003
   8.7994991583321234        1.8731457557221460E-002   6.6675508367181795        7.9068622981094492E-003
   9.1103132457223861        2.0214230868644930E-002   6.6675508367181795        8.4648556778284464E-003
   9.4321068148357909        2.1830053908474836E-002   6.6675508367181795        9.0633730046253743E-003
   9.7652657388916850        2.3592728104626568E-002   6.6675508367181795        9.7055008127330117E-003
   10.110193474162946        2.5517689544670787E-002   6.6675508367181795        1.0394588622536513E-002
   10.467303634806061        2.7622176102884529E-002   6.6675508367181795        1.1134256533891513E-002
   10.837027566606025        2.9925501811912371E-002   6.6675508367181795        1.1928434187670450E-002
   11.219811965471335        3.2449305492218139E-002   6.6675508367181795        1.2781382710635322E-002
   11.616115840724994        3.5217816213309779E-002   6.6675508367181795        1.3697716320319710E-002
   12.026419117330413        3.8258224309244228E-002   6.6675508367181795        1.4682453259769889E-002
   12.451213803399156        4.1600955536672840E-002   6.6675508367181795        1.5741029857195627E-002
   12.891014326336300        4.5280102994257082E-002   6.6675508367181795        1.6879363251710397E-002
   13.346348065368609        4.9333720231330924E-002   6.6675508367181795        1.8103869248297547E-002
   13.817766430769083        5.3804288780191466E-002   6.6675508367181795        1.9421536584136576E-002
   14.305834715756038        5.8739000858013729E-002   6.6675508367181795        2.0839949473289616E-002
   14.811143972217785        6.4190238357899748E-002   6.6675508367181795        2.2367375598202632E-002
   15.334300133051286        7.0215814160779183E-002   6.6675508367181795        2.4012794360733870E-002
   15.875936741648431        7.6879443514523707E-002   6.6675508367181795        2.5786001116500291E-002
   16.436703292225193        8.4250920375538010E-002   6.6675508367181795        2.7697642242730761E-002
   17.017278874447534        9.2406573128609615E-002   6.6675508367181795        2.9759338475256726E-002
   17.618359675531394       0.10142935899579403        6.6675508367181795        3.1983727957904148E-002
   18.240671728221173       0.11140926618216561        6.6675508367181795        3.4384604495056585E-002
   18.884968846184627       0.12244348481565227        6.6675508367181795        3.6977014713190641E-002
   19.552019805756849       0.13463629710829481        6.6675508367181795        3.9777315680108831E-002
   20.242632201214423       0.14809951267591090        6.6674490329986487        4.2803391117145505E-002
   20.957638264717446       0.16295212215794450        6.6671819589993957        4.6074725699311737E-002
   21.697899624358065       0.17932007451253568        6.6669495086589086        4.9612565402504492E-002
   22.464312967141105       0.19733583908226959        6.6667471922235260        5.3440097846824026E-002
   23.257792778673313       0.21713707176877606        6.6665711053498420        5.7582528515234155E-002
   24.079299719823517       0.23886592478008772        6.6664178465007673        6.2067397274959489E-002
   24.929823759061236       0.26266678374829117        6.6662844562353385        6.6924681729778432E-002
   25.810395145829254       0.28868409877873147        6.6661683581347289        7.2187054857620322E-002
   26.722064579292049       0.31705869086921712        6.6660673117143618        7.7889970939501160E-002
   27.665935811728254       0.34792497028144359        6.6659793650221149        8.4072073219706875E-002
   28.643146268414043       0.38140601656473855        6.6659028198001380        9.0775296671997255E-002
   29.654879655490589       0.41760910330090112        6.6658361975855884        9.8045167215704887E-002
   30.702343174827575       0.45656098979543047        6.6602346686308378       0.10590484289134197     
   31.786804983723918       0.49834996886275645        6.6527741703911039       0.11442026407416800     
   32.909571928103169       0.54303182491484681        6.6462808563250704       0.12366152354922061     
   34.072004028335677       0.59059606163054423        6.6406293087604809       0.13369007494567350     
   35.275488300232773       0.64098948278241330        6.6357104629917778       0.14457151687195008     
   36.521481794408061       0.69411419075231950        6.6314292998050535       0.15637592950419585     
   37.811486012809581       0.74982392530697084        6.6277031495874610       0.16917751086101923     
   39.147055493126302       0.80792317679118242        6.6244600600721695       0.18305436174502648     
   40.529808025860810       0.86816797396788570        6.6216373913292887       0.19808813248741150     
   41.961393513511240       0.93026658442460064        6.6191806709277392       0.21436300577868619     
   43.443545167355794       0.99388558186353071        6.6170424414654043       0.23196533661684604     
   44.978049075047366        1.0586541091836938        6.6151814135557530       0.25098214008600311     
   46.566763998623138        1.1241719653392075        6.6135616416421428       0.27149985218229111     
   48.211585595230147        1.1900168864353275        6.6121518670392572       0.29360209010261157     
   49.914505239722644        1.2557569809770091        6.6109248565950738       0.31736836027402321     
   51.677575059319224        1.3209602496719637        6.6098569166371499       0.34287132594835229     
   53.502930680545909        1.3852070688426306        6.6089274200184693       0.37017467964510231     
   55.392750120602578        1.4481006897693507        6.6081184291257005       0.39933003078265911     
   57.349321371645829        1.5092814900430123        6.6074143163741814       0.43037553514841931     
   59.375002227322796        1.5684369978672126        6.6068014852888233       0.46333321893479751     
   61.472246417894510        1.6253134287865236        6.6062680991022384       0.49820782627288340     
   63.643556378429672        1.6797241346146112        6.6058038644201682       0.53498520112431946     
   65.891560899834928        1.7315601043440114        6.6053998134447198       0.57363370058824903     
   68.218968971510208        1.7807955276975378        6.6050481439183679       0.61410466888611637     
   70.628585269218178        1.8260637985070438        6.6041823331507183       0.65556961545719428     
   73.123328588587739        1.8648346860065479        6.6019227266606926       0.69644610808756158     
   75.706175661273647        1.9014579433788634        6.5999560696175799       0.73880545405244946     
   78.380253523498894        1.9362423018512445        6.5982443713595336       0.78254941976076708     
   81.148784610322849        1.9695835255659666        6.5967545788525674       0.82758866872062742     
   84.015122474940881        2.0019595986913350        6.5954579169124701       0.87385001027368592     
   86.982687236203873        2.0339225396192835        6.5943293622954320       0.92128142736222229     
   90.055071705548812        2.0660898988614584        6.5933471142828131       0.96985880796689650     
   93.235978303002270        2.0991321034609562        6.5924922055847883        1.0195885405319247     
   96.529260096906100        2.1337587779136697        6.5917481237305813        1.0705101495531413     
   99.938826062156153        2.1707015076303176        6.5911005128586897        1.1226950996455458     
   103.46886588546354        2.2106981236401024        6.5905368520135736        1.1762487933445547     
   107.12359379692580        2.2544702188540793        6.5900462649559124        1.2313035714018354     
   110.90736836557576        2.3027034103767132        6.5896192830178926        1.2880160223585702     
   114.82483910697920        2.3560277688935094        6.5892476508997833        1.3465632982396014     
   118.88068277378797        2.4149929223632016        6.5889241976939443        1.4071321173789104     
   123.07973629915718        2.4800487505452948        6.5886426805309366        1.4699126237478783     
   127.42715949490271        2.5515288259795756        6.5883976565374915        1.5350916380329047     
   131.92808807993632        2.6296280108662375        6.5881844001583607        1.6028372456076811     
   136.58805281121437        2.7143955786271317        6.5879987882791857        1.6732938015027707     
   141.41261684513370        2.8057190892980919        6.5878372393860047        1.7465641039698587     
   146.40753387824964        2.9033213978953420        6.5876966354739750        1.8226983011944418     
   151.57894168226974        3.0067638594936956        6.5875742580968719        1.9016824043217224     
   156.93294936957258        3.1154424462402224        6.5874677470733358        1.9834167632738997     
   162.47613596373097        3.2286068972579716        6.5873750431115194        2.0677080617298693     
   168.21511902855468        3.3453659478928728        6.5872943574221523        2.1542473821288506     
   174.15674278185460        3.2396982196095485        6.5199302149370046        2.1221581577405240     
   180.30830831190286        3.0545394010361533        6.4338767281403468        2.0441064180765913     
   186.67715947709803        2.8885964754739537        6.3589793368184999        1.9721347644692326     
   193.27089166569760        2.7394554920052205        6.2937924697797145        1.9047158778752558     
   200.09760727912413        2.6051140912023873        6.2370557994113600        1.8404647337407150     
   207.16537088595135        2.4839004695885829        6.1876750970631029        1.7781570213389770     
   214.48286737908427        2.3743841202945291        6.1446956326561768        1.7167448330212196     
   222.05883252794877        2.2753253246185019        6.1072880866714856        1.6553896810923265     
   229.90230130529540        2.1856232657589203        6.0747304677302294        1.5934887989855022     
   238.02291179328489        2.1042786119271182        6.0463933044677303        1.5306953035538526     
   246.43025707061713        2.0303762960561880        6.0217300837433809        1.4669321227719068     
   255.13466811288930        1.9630617959772210        6.0002639650598937        1.4023751642242370     
   264.14653641505117        1.9015381893719150        5.9815807442974425        1.3374254209749554     
   273.47660938458705        1.8450588565255905        5.9653198224388477        1.2726532783360811     
   283.13635184814427        1.7929248629625247        5.9511668096421557        1.2087290773087340     
   293.13729579387660        1.7444901991788839        5.9388486133984371        1.1463565413835435     
   303.49136818478553        1.6991618992661273        5.9281274840436433        1.0862051327975171     
   314.21129214162710        1.6564012253856164        5.9187961384857104        1.0288566168445423     
   325.30973137660959        1.6157296283262834        5.9106746115347253       0.97477676998697904     
   336.80032369109853        1.5767262097896184        5.9036058809999172       0.92429532572762219     
   348.69678677735646        1.5390317573038232        5.8974535506676657       0.87761180992692300     
   361.01330816366544        1.5023467777505197        5.8920988763289746       0.83480619045935400     
   373.76502243504467        1.4632661813429169        5.7801833601155659       0.78853793987129750     
   386.96715283564077        1.4135795191896572        5.3148897901732779       0.71973285000976983     
   400.63544401132759        1.3649657634015415        4.9099220130249117       0.65590122196866218     
   414.78669160661980        1.3172199050009610        4.5574503523112293       0.59723990883107447     
   429.43761284149554        1.2701899624943485        4.2506770071202968       0.54377994325051426     
   444.60621081975989        1.2237671785385980        3.9836707993584359       0.49540887539466177     
   460.31059410826708        1.1778845581450403        3.7512796531941901       0.45190821148229299     
   476.56949149896485        1.1325097847782031        3.5490182595910773       0.41298414556868673     
   493.40288198244309        1.0876383726538583        3.3729760821033610       0.37829604599153682     
   510.83065126063684        1.0432923627308497        3.2197579550821831       0.34748411330371520     
   528.87421463804299       0.99951128458140692        3.0864015481530154       0.32018500419643348     
   547.55511287104378       0.95635139825414006        2.9703336540228027       0.29604810585169539     
   566.89562449487210       0.91387998922380809        2.8693140824649253       0.27474327108243218     
   586.91951519858117       0.87217018454386708        2.7813897137600345       0.25596554368692964     
   607.65068989177485       0.83130067496052251        2.7048639843009044       0.23943920232611959     
   629.11387223602765       0.79135126934950051        2.6382598948492229       0.22491743100210301     
   651.33543626567803       0.75239904259592372        2.5802897171114685       0.21218113893222021     
   674.34163286578985       0.71451955668035705        2.5298354329005965       0.20103849801605633     
   698.16073213207346       0.67778150154849637        2.4859215554282934       0.19132164608081922     
   722.82116976782140       0.64122925341233084        2.4466817242323051       0.18154023743361919     
   748.35235540965130       0.60577070859235438        2.4122293907091206       0.17271377372440264     
   774.78566186873422       0.57177502597142171        2.3822431253872467       0.16515340926349090     
   802.15264573967897       0.53926271173518925        2.3561443218210361       0.15873245562091268     
   830.48594444209971       0.50824870341756334        2.3334292551422720       0.15334233489847601     
   859.82037403360118       0.47874127503515512        2.3136587506051858       0.14889034867510237     
   890.19058800385733       0.45074476677404407        2.2964515124383720       0.14529824733939295     
   921.63390537915473       0.42425722291416385        2.2814748546517625       0.14250018483508414     
   954.18786380243341       0.39927341126571264        2.2684397919170265       0.14044163637720730     
   987.89128659474920       0.37578458977656481        2.2570947385535547       0.13907801687310434     
   1022.7855886411724       0.35377877441482564        2.2472203484772240       0.13837363273697048     
   1058.9119914466876       0.33324384489923431        2.2386261832915610       0.13830089554973676     
   1096.3148872627712       0.31416683418339819        2.2311460827838965       0.13883951941438960     
   1135.0389283928459       0.29653724434482348        2.2246357130626420       0.13997594516264328     
   1175.1302964981960       0.28034800950833588        2.2189694195121836       0.14170282726732494     
   1216.6382559936744       0.26559698866850279        2.2140376496022860       0.14401876080202050     
   1259.6123598874483       0.25229034498080433        2.2097452413036622       0.14692789445017279     
   1304.1038583964914       0.24044436301097422        2.2060093481824219       0.15043978977630773     
   1350.1674228314519       0.23008781357029126        2.2027577402101390       0.15456949324797076     
   1397.8574692241625       0.20484477801412712        1.9571037260780528       0.14668514389497575     
   1447.2325992722181       0.18183984257709548        1.7048999791526955       0.13854353045821768     
   1498.3517579647787       0.16242591342393248        1.4853922819115402       0.13162512664012016     
   1551.2759091786245       0.13855405305614432        1.2928709746496592       0.11993073719142924     
   1606.0700862978565       0.11897143932423333        1.1252613568792886       0.10933136932671056     
   1662.7990190437411       0.10312000903161211       0.97938249948270018        9.9863951467507470E-002
   1721.5324161293761        9.0311023480510552E-002  0.85241397005634489        9.1389434682189838E-002
   1782.3403946248577        7.9980075674477139E-002  0.74190581997432548        8.3788030919545647E-002
   1845.2954731357936        7.1663294548542270E-002  0.64572516589598539        7.6956022563396231E-002
   1910.4750110852074        6.4978385907536143E-002  0.56201244408330331        7.0803206209707828E-002
   1977.9568210713478        5.9609997103347453E-002  0.48915235766940418        6.5251388503408836E-002
   2047.8213808026539        5.5297090635152452E-002  0.42573865684922013        6.0232431126197757E-002
   2120.1545400970977        5.1823038700092180E-002  0.37054529653427715        5.5686682729061784E-002
   2195.0417479108573        4.9008121928430771E-002  0.32250781249411536        5.1562175749433815E-002
   2272.5750259096239        4.6702962277646892E-002  0.28069744453010065        4.7813167161144018E-002
   2352.8469348264384        4.4783832456552097E-002  0.24430743167552280        4.4399620704963366E-002
   2435.9532056335870        4.3148598129106819E-002  0.21263542164119720        4.1286297044826635E-002
   2521.9959596104222        4.1713523747947089E-002  0.18506906548923791        3.8442023815096017E-002
   2611.0779162676686        4.0410822404146764E-002  0.16107645065296108        3.5839370762730263E-002
   2703.3053132971791        3.9186465981232273E-002  0.14019450315596577        3.3454057476181881E-002
   2798.7914800504532        3.7998346575629463E-002  0.12201948991162669        3.1264478550973460E-002
   2897.6492167059700        3.6814807082517421E-002  0.10620088594055666        2.9251548795739778E-002
   3000.0000000000000        3.5613124263871587E-002   9.2432853206899479E-002   2.7398194918208902E-002
