         200   4370.0000000000000     
   3.0000000000000000        1.8638029004825370E-003   9.1038403708669016        9.0030777834981400E-004
   3.1059655287322618        1.9974242513652002E-003   9.1038403708669016        9.5992864477902865E-004
   3.2156739552243598        2.1405446305338364E-003   9.1038403708669016        1.0237137804244680E-003
   3.3292574962321346        2.2938077030510949E-003   9.1038403708669016        1.0919581782902780E-003
   3.4468529954360925        2.4579002379773655E-003   9.1038403708669016        1.1649775619661212E-003
   3.5686022069563790        2.6335565248766148E-003   9.1038403708669016        1.2431098678514750E-003
   3.6946518254059528        2.8215631691620026E-003   9.1038403708669016        1.3267166626796442E-003
   3.8251536998800524        3.0227649584300825E-003   9.1038403708669016        1.4161847707549623E-003
   3.9602651907155879        3.2380718882829545E-003   9.1038403708669016        1.5119281185408009E-003
   4.1001490688558144        3.4684664873422546E-003   9.1038403708669016        1.6143893854728539E-003
   4.2449739038313119        3.7150129904523982E-003   9.1038403708669016        1.7240421245198828E-003
   4.3949142193596993        3.9788673395727272E-003   9.1038403708669016        1.8413928770896265E-003
   4.5501507036585132        4.2612885313781344E-003   9.1038403708669016        1.9669834948358653E-003
   4.7108703059600501        4.5636510883294039E-003   9.1038403708669016        2.1013935536438981E-003
   4.8772669425686850        4.8874601106077432E-003   9.1038403708669016        2.2452434936497028E-003
   5.0495410155906377        5.2343655994201632E-003   9.1038403708669016        2.3991970001418068E-003
   5.2279001269311909        5.6061806280382409E-003   9.1038403708669016        2.5639646437240278E-003
   5.4125592113782046        6.0049001536067841E-003   9.1038403708669016        2.7403073331787476E-003
   5.6037407956130689        6.4327219199010969E-003   9.1038403708669016        2.9290401975138759E-003
   5.8016752663703963        6.8920694005622143E-003   9.1038403708669016        3.1310368356947432E-003
   6.0066011480696169        7.3856169866818649E-003   9.1038403708669016        3.3472339713154099E-003
   6.2187653902530293        7.9163176692738299E-003   9.1038403708669016        3.5786365519696987E-003
   6.4384236651766908        8.4874335236969304E-003   9.1038403708669016        3.8263233356870237E-003
   6.6658406759127811        9.1025693706588227E-003   9.1038403708669016        4.0914530095648152E-003
   6.9012904753346884        9.7657100684808620E-003   9.1038403708669016        4.3752708887352379E-003
   7.1450567963692624        1.0481261985583004E-002   9.1038403708669016        4.6791162471399687E-003
   7.3974330131920443        1.1254098121647800E-002   9.1038403708669016        5.0044298363540775E-003
   7.6587243988323896        1.2089616001698918E-002   9.1038403708669016        5.3527651450087713E-003
   7.9292442763577622        1.2993782874264132E-002   9.1038403708669016        5.7257924120703123E-003
   8.2093202460023029        1.3973220759881406E-002   9.1038403708669016        6.1253169350162862E-003
   8.4992881560440416        1.5035260022592586E-002   9.1038403708669016        6.5532816107967753E-003
   8.7994991583321234        1.6188048236618076E-002   9.1038403708669016        7.0117888984647719E-003
   9.1103132457223861        1.7440622479300956E-002   9.1038403708669016        7.5031042315960288E-003
   9.4321068148357909        1.8803048278180308E-002   9.1038403708669016        8.0296817600292222E-003
   9.7652657388916850        2.0286517000816514E-002   9.1038403708669016        8.5941688478841493E-003
   10.110193474162946        2.1903523228681242E-002   9.1038403708669016        9.1994362706878993E-003
   10.467303634806061        2.3667993676130233E-002   9.1038403708669016        9.8485840760158937E-003
   10.837027566606025        2.5595504827876085E-002   9.1038403708669016        1.0544974918127479E-002
   11.219811965471335        2.7703477395779923E-002   9.1038403708669016        1.1292252331372413E-002
   11.616115840724994        3.0011383675652269E-002   9.1038403708669016        1.2094358625349999E-002
   12.026419117330413        3.2541041769818181E-002   9.1038403708669016        1.2955578344342722E-002
   12.451213803399156        3.5316828024560591E-002   9.1038403708669016        1.3880549311176230E-002
   12.891014326336300        3.8366020099389810E-002   9.1038403708669016        1.4874316105198229E-002
   13.346348065368609        4.1719024317239589E-002   9.1038403708669016        1.5942344163951860E-002
   13.817766430769083        4.5409747691365132E-002   9.1038403708669016        1.7090582980798800E-002
   14.305834715756038        4.9475817360561739E-002   9.1038403708669016        1.8325483990381253E-002
   14.811143972217785        5.3958962947218553E-002   9.1038403708669016        1.9654075305369202E-002
   15.334300133051286        5.8905203993940662E-002   9.1038403708669016        2.1083984203679875E-002
   15.875936741648431        6.4365228030055552E-002   9.1038403708669016        2.2623525491369662E-002
   16.436703292225193        7.0394527735219870E-002   9.1038403708669016        2.4281729472914508E-002
   17.017278874447534        7.7053768766887618E-002   9.1038403708669016        2.6068446297652339E-002
   17.618359675531394        8.4408863625527145E-002   9.1038403708669016        2.7994380320409518E-002
   18.240671728221173        9.2531299117393676E-002   9.1038403708669016        3.0071206666969101E-002
   18.884968846184627       0.10149827718639542        9.1038403708669016        3.2311651743630015E-002
   19.552019805756849       0.11139263141647084        9.1038403708669016        3.4729539264956803E-002
   20.242632201214423       0.12230319087450488        9.1037315019050045        3.7339972863071294E-002
   20.957638264717446       0.13432451482667992        9.1034458928017017        4.0159395561869281E-002
   21.697899624358065       0.14755673660304533        9.1031973102609296        4.3205723120620342E-002
   22.464312967141105       0.16210524323061370        9.1029809529372852        4.6498493919935505E-002
   23.257792778673313       0.17807964450823327        9.1027926455234720        5.0058928802055029E-002
   24.079299719823517       0.19559327751274824        9.1026287504135794        5.3910197058827429E-002
   24.929823759061236       0.21476145979597699        9.1024861027795723        5.8077498478491432E-002
   25.810395145829254       0.23569983952765522        9.1023619473975312        6.2588277576375126E-002
   26.722064579292049       0.25852154017462625        9.1022538882918393        6.7472290312901667E-002
   27.665935811728254       0.28333506183047613        9.1021598380436650        7.2761946537210173E-002
   28.643146268414043       0.31024048428846790        9.1020779805349878        7.8492391411319057E-002
   29.654879655490589       0.33932604915587783        9.1020067346967153        8.4701756084290897E-002
   30.702343174827575       0.37060080623542718        9.0960186923131268        9.1403607464557182E-002
   31.786804983723918       0.40414777623465997        9.0880434199268354        9.8656001386205075E-002
   32.909571928103169       0.44002530184493105        9.0811020673921057       0.10652044912385268     
   34.072004028335677       0.47823239568540227        9.0750605632212782       0.11504832954378623     
   35.275488300232773       0.51873567529022768        9.0698023172474649       0.12429451758121907     
   36.521481794408061       0.56146795086320356        9.0652257539339551       0.13431770716160638     
   37.811486012809581       0.60632545642234126        9.0612424994671876       0.14518015742743740     
   39.147055493126302       0.65316727738946445        9.0577756368761886       0.15694759009607612     
   40.529808025860810       0.70181608563209308        9.0547582040777979       0.16968900028701661     
   41.961393513511240       0.75205874989652988        9.0521319700449148       0.18347594267782438     
   43.443545167355794       0.80365122182128934        9.0498462028161537       0.19838241977642376     
   44.978049075047366       0.85632190424356236        9.0478567640385723       0.21448384557185171     
   46.566763998623138       0.90977804778988647        9.0461252279133131       0.23185629739366298     
   48.211585595230147       0.96371141757936973        9.0446181789066333       0.25057497883578828     
   49.914505239722644        1.0178080962311598        9.0433065047799666       0.27071354011613480     
   51.677575059319224        1.0717558458556831        9.0421648769981520       0.29234222361502865     
   53.502930680545909        1.1252538359682420        9.0411712451416744       0.31552654753516685     
   55.392750120602578        1.1780206661118240        9.0403064339024564       0.34032514931686847     
   57.349321371645829        1.2298054675635690        9.0395537373929677       0.36678906308073517     
   59.375002227322796        1.2803954496159917        9.0388986209817777       0.39495979298974698     
   61.472246417894510        1.3296246821990623        9.0383284311649170       0.42486852844971351     
   63.643556378429672        1.3773802199100638        9.0378321643041861       0.45653474190827714     
   65.891560899834928        1.4236100231643658        9.0374002338239876       0.48996711438079910     
   68.218968971510208        1.4683266395801924        9.0370242991112555       0.52516334722683700     
   70.628585269218178        1.5100790748886417        9.0360973157848967       0.56133237179147222     
   73.123328588587739        1.5461409085693634        9.0336766984349950       0.59693981321568301     
   75.706175661273647        1.5811284132729040        9.0315699049818541       0.63416484778532622     
   78.380253523498894        1.6152972470965441        9.0297362376953103       0.67296411417093371     
   81.148784610322849        1.6489660447943970        9.0281402883093946       0.71329785257352984     
   84.015122474940881        1.6825119185049693        9.0267512312310902       0.75513457525251926     
   86.982687236203873        1.7163631635118057        9.0255422601565556       0.79845409823269342     
   90.055071705548812        1.7509923777639469        9.0244900209318164       0.84325260528772195     
   93.235978303002270        1.7869060570552537        9.0235741947310366       0.88954453193445138     
   96.529260096906100        1.8246339294723686        9.0227770924683401       0.93736505566330486     
   99.938826062156153        1.8647153238288494        9.0220833353387508       0.98676955686956935     
   103.46886588546354        1.9076880215756182        9.0214795101916945        1.0378365623352006     
   107.12359379692580        1.9540704751259312        9.0209539657888609        1.0906625162091852     
   110.90736836557576        2.0043476016672672        9.0204965587616552        1.1453607838194757     
   114.82483910697920        2.0589569545379960        9.0200984455694382        1.2020598115842065     
   118.88068277378797        2.1182694527721533        9.0197519443333487        1.2608941297730207     
   123.07973629915718        2.1825758300768632        9.0194503673410225        1.3219998358971112     
   127.42715949490271        2.2520752462218163        9.0191878838810666        1.3855092610819453     
   131.92808807993632        2.3268576029710633        9.0189594316732968        1.4515368891783453     
   136.58805281121437        2.4069002418745997        9.0187605938061495        1.5201751020881396     
   141.41261684513370        2.4920547846712844        9.0185875335607442        1.5914771192871080     
   146.40753387824964        2.5820456416098279        9.0184369107552094        1.6654462347078740     
   151.57894168226974        2.6087957789340361        8.9950045582472136        1.7024332588221824     
   156.93294936957258        2.4925260028265108        8.9242697183292083        1.6531522438550119     
   162.47613596373097        2.3926684161158618        8.8627042607716557        1.6099300307444133     
   168.21511902855468        2.3066120079840413        8.8091202360186021        1.5717237353377047     
   174.15674278185460        2.2321942185340862        8.7624834355195436        1.5375605616250680     
   180.30830831190286        2.1676231401612429        8.7218921799929046        1.5065304694150130     
   186.67715947709803        2.1114142343126829        8.6865632321187931        1.4777864667256009     
   193.27089166569760        2.0623268319367454        8.6558147188923229        1.4505458362521952     
   200.09760727912413        2.0193109896553159        8.6290521463297871        1.4240965241563219     
   207.16537088595135        1.9814681387721635        8.6057593689919116        1.3978106466394291     
   214.48286737908427        1.9480120310246518        8.5854860426331321        1.3711558635037948     
   222.05883252794877        1.9182448955611335        8.5678409789150667        1.3437120249846328     
   229.90230130529540        1.8915357732808653        8.5524836159658264        1.3151826347064863     
   238.02291179328489        1.8673057636643731        8.5391170334169377        1.2854013272986646     
   246.43025707061713        1.8450213019060580        8.5274834421262309        1.2543347209756168     
   255.13466811288930        1.8241870787211303        8.5173579173964100        1.2220717145878770     
   264.14653641505117        1.8043463236126978        8.5085450799826319        1.1888099619446384     
   273.47660938458705        1.7850805267113796        8.5008748360583919        1.1548320753237584     
   283.13635184814427        1.7660107407740770        8.4941988885716828        1.1204775282697839     
   293.13729579387660        1.7468015341386991        8.4883884203388522        1.0861172131662384     
   303.49136818478553        1.7271629759580802        8.4833312853246632        1.0521262450155460     
   314.21129214162710        1.7068522261843735        8.4789297085141211        1.0188608905743102     
   325.30973137660959        1.6856767997824889        8.4750988006914696       0.98664495009715580     
   336.80032369109853        1.6634933679900781        8.4717644948072230       0.95575601440699531     
   348.69678677735646        1.6402092689046337        8.4688624530434691       0.92642298076010576     
   361.01330816366544        1.6157806236755956        8.4663366639971862       0.89882415521670878     
   373.76502243504467        1.5856391101270368        8.3091467365550873       0.86370651370922735     
   386.96715283564077        1.5382342431390139        7.6407106357862178       0.79658176697199790     
   400.63544401132759        1.4907214122536945        7.0589379671295784       0.73278754050396200     
   414.78669160661980        1.4430491160357719        6.5525806956370412       0.67285657983543734     
   429.43761284149554        1.3952088270738798        6.1118731683340499       0.61714099808433442     
   444.60621081975989        1.3472249342969573        5.7282947139411098       0.56581737374500063     
   460.31059410826708        1.2991531671943426        5.3944439117163734       0.51891486322474112     
   476.56949149896485        1.2510734748957097        5.1038772114438720       0.47634278602633651     
   493.40288198244309        1.2030831176189711        4.8509767754775091       0.43792047506080034     
   510.83065126063684        1.1552957778921815        4.6308651427165914       0.40340959606308291     
   528.87421463804299        1.1078325166915053        4.4392866588975739       0.37253515158525552     
   547.55511287104378        1.0608216775846646        4.2725446800937865       0.34500810647253943     
   566.89562449487210        1.0143935484266720        4.1274209713739962       0.32053867641405526     
   586.91951519858117       0.96867558968824119        4.0011097004339113       0.29884594154034760     
   607.65068989177485       0.92379306905130820        3.8911736009204252       0.27966627089236584     
   629.11387223602765       0.87986515660976194        3.7954908304624833       0.26275619160128594     
   651.33543626567803       0.83700164544210920        3.7122114514400928       0.24789371693094261     
   674.34163286578985       0.79530523102548634        3.6397293300792111       0.23488002588519977     
   698.16073213207346       0.75486651049307751        3.5766430917912628       0.22353741263952162     
   722.82116976782140       0.71467676758998355        3.5206456507108568       0.21230100100985322     
   748.35235540965130       0.67571709626550747        3.4715875115186847       0.20222527845363206     
   774.78566186873422       0.63838992747925871        3.4288887962916377       0.19362794549108320     
   802.15264573967897       0.60272300398641732        3.3917256027669249       0.18636873908978349     
   830.48594444209971       0.56873679830244073        3.3593806557363770       0.18032619528088251     
   859.82037403360118       0.53644379490047478        3.3312285956494452       0.17539558266335051     
   890.19058800385733       0.50585189384306117        3.3067264792824180       0.17148764525471727     
   921.63390537915473       0.47696218363975429        3.2854005809413245       0.16852660111918802     
   954.18786380243341       0.44977255727939403        3.2668394021582179       0.16644915857814346     
   987.89128659474920       0.42427774060996259        3.2506846994100465       0.16520316794672535     
   1022.7855886411724       0.40046986813895880        3.2366241365028534       0.16474662651183838     
   1058.9119914466876       0.37834213930135613        3.2243865401253871       0.16504691081500630     
   1096.3148872627712       0.35788836711577127        3.2137353077021982       0.16608002132730396     
   1135.0389283928459       0.33910692160032940        3.2044649160823417       0.16782999582169825     
   1175.1302964981960       0.32200219144423065        3.1963964403283054       0.17028841253960930     
   1216.6382559936744       0.30658671996850084        3.1893738839449788       0.17345415309690831     
   1259.6123598874483       0.29288542438124809        3.1832617416820588       0.17733296300804713     
   1304.1038583964914       0.28093826087654150        3.1779420449879119       0.18193732859490289     
   1350.1674228314519       0.27080361758354854        3.1733119424610323       0.18728659359337965     
   1397.8574692241625       0.24103574151894208        2.8187964885372323       0.17667877985217595     
   1447.2325992722181       0.21378855514790052        2.4547924605821629       0.16558871107072090     
   1498.3517579647787       0.19093832842810496        2.1379784285266932       0.15601709327425733     
   1551.2759091786245       0.16473250156436631        1.8608532278223251       0.14222537177692790     
   1606.0700862978565       0.14325860623767750        1.6196095891625768       0.12975324993033338     
   1662.7990190437411       0.12587124858846171        1.4096434378758795       0.11860241185217751     
   1721.5324161293761       0.11182222443307747        1.2268952731729685       0.10861177099181166     
   1782.3403946248577       0.10049675809356585        1.0678388384529265        9.9642414058918036E-002
   1845.2954731357936        9.1387779116884782E-002  0.92940423507400383        9.1573938478116082E-002
   1910.4750110852074        8.4075500648610066E-002  0.80891495837945193        8.4301517506497559E-002
   1977.9568210713478        7.8211741034106649E-002  0.70404608156097936        7.7734192840707955E-002
   2047.8213808026539        7.3506454647770711E-002  0.61277356313246412        7.1792622409483781E-002
   2120.1545400970977        6.9717250307537337E-002  0.53333273360633637        6.6407273900194935E-002
   2195.0417479108573        6.6641539929131841E-002  0.46419148982768382        6.1517515305541032E-002
   2272.5750259096239        6.4109703108878091E-002  0.40401304997728704        5.7069921059566216E-002
   2352.8469348264384        6.1980284493728804E-002  0.35163622799836886        5.3017687572193786E-002
   2435.9532056335870        6.0135855023181257E-002  0.30605011518462294        4.9319579085080167E-002
   2521.9959596104222        5.8479773374114502E-002  0.26637334632640536        4.5939082092722600E-002
   2611.0779162676686        5.6933719469223543E-002  0.23184032977842237        4.2844037466508028E-002
   2703.3053132971791        5.5435454165274928E-002  0.20178455455805971        4.0005951992329564E-002
   2798.7914800504532        5.3936898426313551E-002  0.17562492012848613        3.7399446573475464E-002
   2897.6492167059700        5.2402581007990119E-002  0.15285690937073462        3.5002083198463867E-002
   3000.0000000000000        5.0807946855789536E-002  0.13304032391437642        3.2793769334320023E-002
