         200   4370.0000000000000     
   3.0000000000000000        2.0466433299755598E-003   7.5322331656721735        9.8686403193114268E-004
   3.1059655287322618        2.1938556521254346E-003   7.5322331656721735        1.0522471638078734E-003
   3.2156739552243598        2.3516272663235346E-003   7.5322331656721735        1.1222022320721630E-003
   3.3292574962321346        2.5206914330003112E-003   7.5322331656721735        1.1970540547826603E-003
   3.4468529954360925        2.7018330470918329E-003   7.5322331656721735        1.2771504629543304E-003
   3.5686022069563790        2.8958939448989812E-003   7.5322331656721735        1.3628639800807923E-003
   3.6946518254059528        3.1037786429022056E-003   7.5322331656721735        1.4545934390590939E-003
   3.8251536998800524        3.3264612739173668E-003   7.5322331656721735        1.5527658382323442E-003
   3.9602651907155879        3.5649938234840585E-003   7.5322331656721735        1.6578384457110054E-003
   4.1001490688558144        3.8205147191562624E-003   7.5322331656721735        1.7703007014513892E-003
   4.2449739038313119        4.0942594949825526E-003   7.5322331656721735        1.8906766457574651E-003
   4.3949142193596993        4.3875724123687019E-003   7.5322331656721735        2.0195273531005194E-003
   4.5501507036585132        4.7019196246162430E-003   7.5322331656721735        2.1574536049629627E-003
   4.7108703059600501        5.0389036518891988E-003   7.5322331656721735        2.3050986761270855E-003
   4.8772669425686850        5.4002808094458536E-003   7.5322331656721735        2.4631519311100066E-003
   5.0495410155906377        5.7879779208380149E-003   7.5322331656721735        2.6323515996856599E-003
   5.2279001269311909        6.2041134399812448E-003   7.5322331656721735        2.8134889489952407E-003
   5.4125592113782046        6.6510194358048403E-003   7.5322331656721735        3.0074122637937825E-003
   5.6037407956130689        7.1312660851934415E-003   7.5322331656721735        3.2150313125420440E-003
   5.8016752663703963        7.6476886518392568E-003   7.5322331656721735        3.4373222325362407E-003
   6.0066011480696169        8.2034172157840531E-003   7.5322331656721735        3.6753328759443309E-003
   6.2187653902530293        8.8019094747318043E-003   7.5322331656721735        3.9301886616371203E-003
   6.4384236651766908        9.4469870060798888E-003   7.5322331656721735        4.2030989808853692E-003
   6.6658406759127811        1.0142875459533999E-002   7.5322331656721735        4.4953642084094372E-003
   6.9012904753346884        1.0894249245976069E-002   7.5322331656721735        4.8083833739960436E-003
   7.1450567963692624        1.1706281401145142E-002   7.5322331656721735        5.1436625540341105E-003
   7.3974330131920443        1.2584698080430343E-002   7.5322331656721735        5.5028234959034793E-003
   7.6587243988323896        1.3535848132644810E-002   7.5322331656721735        5.8876164019819165E-003
   7.9292442763577622        1.4566758856056690E-002   7.5322331656721735        6.2999247434362728E-003
   8.2093202460023029        1.5685237832748861E-002   7.5322331656721735        6.7417859023347236E-003
   8.4992881560440416        1.6899939693898580E-002   7.5322331656721735        7.2153944311705506E-003
   8.7994991583321234        1.8220496891212114E-002   7.5322331656721735        7.7231268341867165E-003
   9.1103132457223861        1.9657609663715776E-002   7.5322331656721735        8.2675458774704863E-003
   9.4321068148357909        2.1223213420526181E-002   7.5322331656721735        8.8514296780399133E-003
   9.7652657388916850        2.2930599683250449E-002   7.5322331656721735        9.4777773239443086E-003
   10.110193474162946        2.4794630191385496E-002   7.5322331656721735        1.0149843054551268E-002
   10.467303634806061        2.6831896651128756E-002   7.5322331656721735        1.0871143523552774E-002
   10.837027566606025        2.9060984083295782E-002   7.5322331656721735        1.1645495641512609E-002
   11.219811965471335        3.1502708958386735E-002   7.5322331656721735        1.2477037801980527E-002
   11.616115840724994        3.4180373402252530E-002   7.5322331656721735        1.3370250761999991E-002
   12.026419117330413        3.7120121283526042E-002   7.5322331656721735        1.4330007093176342E-002
   12.451213803399156        4.0351200427576880E-002   7.5322331656721735        1.5361584663915849E-002
   12.891014326336300        4.3906377248639619E-002   7.5322331656721735        1.6470727530686787E-002
   13.346348065368609        4.7822217118321721E-002   7.5322331656721735        1.7663663073176183E-002
   13.817766430769083        5.2139533293194491E-002   7.5322331656721735        1.8947174067520708E-002
   14.305834715756038        5.6903657337100566E-002   7.5322331656721735        2.0328620336076450E-002
   14.811143972217785        6.2164899250578713E-002   7.5322331656721735        2.1816024115601726E-002
   15.334300133051286        6.7978778290754424E-002   7.5322331656721735        2.3418097199770133E-002
   15.875936741648431        7.4406476082200343E-002   7.5322331656721735        2.5144342035658393E-002
   16.436703292225193        8.1515005271785568E-002   7.5322331656721735        2.7005085425216877E-002
   17.017278874447534        8.9377647968057458E-002   7.5322331656721735        2.9011598111665333E-002
   17.618359675531394        9.8074046019846206E-002   7.5322331656721735        3.1176136155059507E-002
   18.240671728221173       0.10769058837395733        7.5322331656721735        3.3512074909117437E-002
   18.884968846184627       0.11832057589760271        7.5322331656721735        3.6034002927435090E-002
   19.552019805756849       0.13006411637861404        7.5322331656721735        3.8757777347009505E-002
   20.242632201214423       0.14302854546544014        7.5321304520350649        4.1700733466957109E-002
   20.957638264717446       0.15732809562450797        7.5318609909390783        4.4881756185124008E-002
   21.697899624358065       0.17308368578159425        7.5316264629667353        4.8321435052634407E-002
   22.464312967141105       0.19042250553001597        7.5314223382351377        5.2042238648361570E-002
   23.257792778673313       0.20947673943617826        7.5312446775040129        5.6068587646144356E-002
   24.079299719823517       0.23038291358553356        7.5310900488334696        6.0427161378392179E-002
   24.929823759061236       0.25327973199826304        7.5309554663311786        6.5146997073852894E-002
   25.810395145829254       0.27830600732954297        7.5308383305503845        7.0259738980377517E-002
   26.722064579292049       0.30559712901516184        7.5307363809811498        7.5799720604187285E-002
   27.665935811728254       0.33528241290173788        7.5306476482248819        8.1804359528204348E-002
   28.643146268414043       0.36748039830127283        7.5305704188447704        8.8314256078023942E-002
   29.654879655490589       0.40229457693231807        7.5305032011635289        9.5373483031787457E-002
   30.702343174827575       0.43974841622245470        7.5248501553767113       0.10300341969222852     
   31.786804983723918       0.47992895070274194        7.5173210365044998       0.11126840519727624     
   32.909571928103169       0.52289221386746976        7.5107679978324198       0.12023679566996984     
   34.072004028335677       0.56862941731969296        7.5050644681138499       0.12996806842665987     
   35.275488300232773       0.61709106074123021        7.5001003794811094       0.14052571955473225     
   36.521481794408061       0.66818504550445346        7.4957798387466452       0.15197759821397006     
   37.811486012809581       0.72177318851719441        7.4920194159139326       0.16439556527851962     
   39.147055493126302       0.77767039853129216        7.4887464969091768       0.17785530136155370     
   40.529808025860810       0.83564545636071008        7.4858978656490347       0.19243598719161789     
   41.961393513511240       0.89542170170856439        7.4834185486724971       0.20821934801852887     
   43.443545167355794       0.95668287472761016        7.4812606520708895       0.22528934478278534     
   44.978049075047366        1.0190772110746962        7.4793825066835442       0.24373075868605557     
   46.566763998623138        1.0822252068180336        7.4777478363315684       0.26362805244574805     
   48.211585595230147        1.1457265947406261        7.4763250948165787       0.28506327339673038     
   49.914505239722644        1.2091722772063442        7.4750867984998175       0.30811488701583611     
   51.677575059319224        1.2721534392250002        7.4740090357776392       0.33285522259117706     
   53.502930680545909        1.3342735099855356        7.4730709897774190       0.35934851025446790     
   55.392750120602578        1.3951581976487923        7.4722545578981423       0.38764796054716871     
   57.349321371645829        1.4544691445903568        7.4715439688147915       0.41779452317963617     
   59.375002227322796        1.5119134891450710        7.4709255009937410       0.44981435698983324     
   61.472246417894510        1.5672548845352330        7.4703872087946994       0.48371774383745986     
   63.643556378429672        1.6203215135735682        7.4699187041460959       0.51949750126235084     
   65.891560899834928        1.6710160997744459        7.4695109367655803       0.55713028235108941     
   68.218968971510208        1.7193211146490246        7.4691560326314885       0.59657689573743033     
   70.628585269218178        1.7638606422674850        7.4682820099609328       0.63701920250476085     
   73.123328588587739        1.8020789295199604        7.4660007357433260       0.67688956761447161     
   75.706175661273647        1.8383613233179912        7.4640152201116701       0.71827289126808658     
   78.380253523498894        1.8730077833654124        7.4622871081055795       0.76108167630593526     
   81.148784610322849        1.9064007079371876        7.4607830297402762       0.80523610614807228     
   84.015122474940881        1.9390001289446519        7.4594739339017142       0.85067078844705968     
   86.982687236203873        1.9713356356237226        7.4583345573941608       0.89733940796241984     
   90.055071705548812        2.0039981148549368        7.4573428904484427       0.94522116657095612     
   93.235978303002270        2.0376274550276881        7.4564797838943626       0.99432328557471761     
   96.529260096906100        2.0728993731929570        7.4557285669203841        1.0446836686839587     
   99.938826062156153        2.1105088010308375        7.4550747460043993        1.0963698907324912     
   103.46886588546354        2.1511549918835446        7.4545056801254077        1.1494814369424748     
   107.12359379692580        2.1955198908119304        7.4540103887500653        1.2041430905861799     
   110.90736836557576        2.2442494346512891        7.4535793124140541        1.2605026078389561     
   114.82483910697920        2.2979350841729271        7.4532041166561962        1.3187274143826175     
   118.88068277378797        2.3570900204594278        7.4528775618058987        1.3789940028834757     
   123.07973629915718        2.4221309924368639        7.4525933451298627        1.4414821083756564     
   127.42715949490271        2.4933628249057218        7.4523459715621856        1.5063682287851925     
   131.92808807993632        2.5709570023089663        7.4521306702335668        1.5738104615878490     
   136.58805281121437        2.6549455997229119        7.4519432784924584        1.6439436532528768     
   141.41261684513370        2.7452058411369489        7.4517801804811068        1.7168617271138815     
   146.40753387824964        2.8414575338554888        7.4516382282957023        1.7926066790545363     
   151.57894168226974        2.9432663969465120        7.4515146774223648        1.8711571580235113     
   156.93294936957258        3.0500402317423498        7.4514071450476322        1.9524070617349054     
   162.47613596373097        3.1610475992328424        7.4513135521327314        2.0361576010166358     
   168.21511902855468        3.2754226448723442        7.4512320927353697        2.1220955621413298     
   174.15674278185460        3.1768403567732508        7.3867578375994327        2.0928004812838292     
   180.30830831190286        3.0020852618687806        7.3043975035074427        2.0186942490311215     
   186.67715947709803        2.8456135605896198        7.2327144793615004        1.9503214453000579     
   193.27089166569760        2.7051047565184780        7.1703252334683203        1.8862268943480560     
   200.09760727912413        2.5786330082269342        7.1160235276252104        1.8250970660630277     
   207.16537088595135        2.4645894171813696        7.0687620941319835        1.7657783446134268     
   214.48286737908427        2.3615968455640499        7.0276271770075596        1.7072917745808374     
   222.05883252794877        2.2684614777154133        6.9918250485924665        1.6488630113016556     
   229.90230130529540        2.1841233303915226        6.9606647031717364        1.5899444699729031     
   238.02291179328489        2.1076205984252421        6.9335436843682521        1.5302304892307041     
   246.43025707061713        2.0380731780415475        6.9099389337154005        1.4696661269420659     
   255.13466811288930        1.9746602265863571        6.8893940752530254        1.4084272922597600     
   264.14653641505117        1.9166173751704327        6.8715126812364904        1.3468919966563593     
   273.47660938458705        1.8632299234918577        6.8559496284564956        1.2855875090791267     
   283.13635184814427        1.8138304627000406        6.8424040197225047        1.2251268386393523     
   293.13729579387660        1.7678039350427992        6.8306144828215647        1.1661496466059702     
   303.49136818478553        1.7245878458960451        6.8203534715787661        1.1092628317098387     
   314.21129214162710        1.6836734297718943        6.8114225988588988        1.0549941579317397     
   325.30973137660959        1.6446113483839286        6.8036496230281660        1.0037684605258572     
   336.80032369109853        1.6070092327451990        6.7968842608084046       0.95589009473418374     
   348.69678677735646        1.5705354890975052        6.7909959696947269       0.91154843115454487     
   361.01330816366544        1.5349173263658771        6.7858711016166540       0.87082683168531339     
   373.76502243504467        1.4962890425014306        6.6576610874394087       0.82569590843588569     
   386.96715283564077        1.4452307159100675        6.1216089092328652       0.75520249860844346     
   400.63544401132759        1.3952614646378845        5.6550564505973782       0.68948399072193911     
   414.78669160661980        1.3461804716483436        5.2489833524776399       0.62880686928095120     
   429.43761284149554        1.2978399238567235        4.8955580517031114       0.57326913680629521     
   444.60621081975989        1.2501349978402925        4.5879473978890513       0.52281754456492802     
   460.31059410826708        1.2030024367731162        4.3202158233635135       0.47728240454885140     
   476.56949149896485        1.1564133609553737        4.0871959245037441       0.43640731063569321     
   493.40288198244309        1.1103663348749881        3.8843824776937868       0.39987800755594116     
   510.83065126063684        1.0648861324497767        3.7078640041188606       0.36735151918047654     
   528.87421463804299        1.0200145700784591        3.5542276828151955       0.33847331831265814     
   547.55511287104378       0.97580983893916495        3.4205089910308719       0.31289553988505903     
   566.89562449487210       0.93234076386383091        3.3041270659984368       0.29028630258417010     
   586.91951519858117       0.88968160370649518        3.2028317711429004       0.27033580342290003     
   607.65068989177485       0.84791187100617038        3.1146685412695381       0.25276158182666014     
   629.11387223602765       0.80711188255367949        3.0379357653739594       0.23730899523593485     
   651.33543626567803       0.76735891998238748        2.9711498864046839       0.22375063688803087     
   674.34163286578985       0.72872856486573567        2.9130228657487915       0.21188638196706014     
   698.16073213207346       0.69128931145714934        2.8624308713753392       0.20154030054737571     
   722.82116976782140       0.65407598847901216        2.8173694368563007       0.19120870641893653     
   748.35235540965130       0.61800384033210354        2.7778475546991799       0.18190682195654106     
   774.78566186873422       0.58344451752857918        2.7434489081289573       0.17394128581646334     
   802.15264573967897       0.55041795929352599        2.7135097506465957       0.16717984678195350     
   830.48594444209971       0.51893862801922941        2.6874522359106137       0.16150892072419193     
   859.82037403360118       0.48901444740131911        2.6647725660422186       0.15683133782869366     
   890.19058800385733       0.46064961823539774        2.6450333388394820       0.15306491173181302     
   921.63390537915473       0.43384226937934472        2.6278529146527787       0.15014034819215097     
   954.18786380243341       0.40858756777328042        2.6128997849042253       0.14800015438588596     
   987.89128659474920       0.38487753679485198        2.5998853438999379       0.14659722582059076     
   1022.7855886411724       0.36270139887642655        2.5885579694941465       0.14589377861763622     
   1058.9119914466876       0.34204879483892953        2.5786992009007852       0.14586054744449209     
   1096.3148872627712       0.32290917566614546        2.5701184279732154       0.14647596788147144     
   1135.0389283928459       0.30527527489325712        2.5626500785579340       0.14772558623197218     
   1175.1302964981960       0.28914424150263635        2.5561500083720379       0.14960153614930982     
   1216.6382559936744       0.27451935235871866        2.5504925445873585       0.15210226546027591     
   1259.6123598874483       0.26141364311130799        2.5455685223920490       0.15523213340960060     
   1304.1038583964914       0.24985202290000616        2.5412829047693708       0.15900127037038808     
   1350.1674228314519       0.23987399655784175        2.5375528332775428       0.16342566029491198     
   1397.8574692241625       0.21410926315891682        2.2543930620945165       0.15497491704933364     
   1447.2325992722181       0.19052367124334477        1.9636619451015307       0.14619336075261838     
   1498.3517579647787       0.17061893166445494        1.7106216204216511       0.13870026970110896     
   1551.2759091786245       0.14626710860971853        1.4889019902739313       0.12641208400569703     
   1606.0700862978565       0.12628812264268116        1.2958786349812781       0.11527614330287937     
   1662.7990190437411       0.11011363194062870        1.1278809574284063       0.10532520333773455     
   1721.5324161293761        9.7043810437050362E-002  0.98166087833947435        9.6414218132017032E-002
   1782.3403946248577        8.6504512347247167E-002  0.85439697666266812        8.8418169427648102E-002
   1845.2954731357936        7.8023151797660603E-002  0.74363297152140195        8.1228754607556727E-002
   1910.4750110852074        7.1209512404888653E-002  0.64722734361106560        7.4751732752199540E-002
   1977.9568210713478        6.5740965973065585E-002  0.56331987735939215        6.8905371214933758E-002
   2047.8213808026539        6.1349740906410433E-002  0.49029110092839778        6.3618412354932319E-002
   2120.1545400970977        5.7812966451554024E-002  0.42672907066076810        5.8828442627030450E-002
   2195.0417479108573        5.4945166198770864E-002  0.37140792338655504        5.4481063740940999E-002
   2272.5750259096239        5.2591700429434396E-002  0.32325807603417106        5.0528369436530537E-002
   2352.8469348264384        5.0624112745207173E-002  0.28135044284598248        4.6928411778876300E-002
   2435.9532056335870        4.8936110252000259E-002  0.24487617766351744        4.3644252133208543E-002
   2521.9959596104222        4.7440406549502261E-002  0.21313008439974510        4.0643199808940898E-002
   2611.0779162676686        4.6066306748115585E-002  0.18549959946965516        3.7896476577654624E-002
   2703.3053132971791        4.4757535162599511E-002  0.16145143550070423        3.5378597887998457E-002
   2798.7914800504532        4.3470396080500281E-002  0.14052064354748245        3.3066876821512416E-002
   2897.6492167059700        4.2172297168240912E-002  0.12230355042860896        3.0941265049207356E-002
   3000.0000000000000        4.0840190939386442E-002  0.10644794554518006        2.8983819845090918E-002
