         200   4370.0000000000000     
   3.0000000000000000        3.0773886798007178E-003  0.43002767782098600        1.5082765047453937E-003
   3.1059655287322618        3.2939156484837508E-003  0.43002767782098600        1.6082166702421829E-003
   3.2156739552243598        3.5253615167180636E-003  0.43002767782098600        1.7151324090005301E-003
   3.3292574962321346        3.7727152115314545E-003  0.43002767782098600        1.8295165843301010E-003
   3.4468529954360925        4.0370365901926906E-003  0.43002767782098600        1.9518968124950457E-003
   3.5686022069563790        4.3194647439906619E-003  0.43002767782098600        2.0828380659908509E-003
   3.6946518254059528        4.6212271563686978E-003  0.43002767782098600        2.2229452072790820E-003
   3.8251536998800524        4.9436509240460107E-003  0.43002767782098600        2.3728659195644485E-003
   3.9602651907155879        5.2881763078518208E-003  0.43002767782098600        2.5332940546182320E-003
   4.1001490688558144        5.6563714106729213E-003  0.43002767782098600        2.7049727167432918E-003
   4.2449739038313119        6.0499506918501060E-003  0.43002767782098600        2.8886982035029171E-003
   4.3949142193596993        6.4707959725065142E-003  0.43002767782098600        3.0853240162689705E-003
   4.5501507036585132        6.9209811265730581E-003  0.43002767782098600        3.2957653075479060E-003
   4.7108703059600501        7.4028005450234779E-003  0.43002767782098600        3.5210035848926660E-003
   4.8772669425686850        7.9188042253958354E-003  0.43002767782098600        3.7620927472243860E-003
   5.0495410155906377        8.4718348293138079E-003  0.43002767782098600        4.0201639802549287E-003
   5.2279001269311909        9.0650746940558677E-003  0.43002767782098600        4.2964329109153382E-003
   5.4125592113782046        9.7020984404651723E-003  0.43002767782098600        4.5922066170055774E-003
   5.6037407956130689        1.0386934264719615E-002  0.43002767782098600        4.9088915483376004E-003
   5.8016752663703963        1.1124134582088177E-002  0.43002767782098600        5.2480022830326779E-003
   6.0066011480696169        1.1918856997402425E-002  0.43002767782098600        5.6111712120621481E-003
   6.2187653902530293        1.2776956464306384E-002  0.43002767782098600        6.0001592537506799E-003
   6.4384236651766908        1.3705089296954893E-002  0.43002767782098600        6.4168677092187555E-003
   6.6658406759127811        1.4710829410403012E-002  0.43002767782098600        6.8633513796955261E-003
   6.9012904753346884        1.5802796798124696E-002  0.43002767782098600        7.3418330773523258E-003
   7.1450567963692624        1.6990797830285464E-002  0.43002767782098600        7.8547196728629698E-003
   7.3974330131920443        1.8285974507887711E-002  0.43002767782098600        8.4046189912336620E-003
   7.6587243988323896        1.9700975447429638E-002  0.43002767782098600        8.9943636339064673E-003
   7.9292442763577622        2.1250102495746100E-002  0.43002767782098600        9.6270232126320614E-003
   8.2093202460023029        2.2949518289942107E-002  0.43002767782098600        1.0305941539018648E-002
   8.4992881560440416        2.4817389533584630E-002  0.43002767782098600        1.1034747921453598E-002
   8.7994991583321234        2.6874111286575235E-002  0.43002767782098600        1.1817402367806477E-002
   9.1103132457223861        2.9142448886336724E-002  0.43002767782098600        1.2658210237385698E-002
   9.4321068148357909        3.1647776524627275E-002  0.43002767782098600        1.3561876088534337E-002
   9.7652657388916850        3.4418216676819921E-002  0.43002767782098600        1.4533522413234226E-002
   10.110193474162946        3.7484899830402381E-002  0.43002767782098600        1.5578753741281622E-002
   10.467303634806061        4.0882107630437606E-002  0.43002767782098600        1.6703680311758423E-002
   10.837027566606025        4.4647556679066794E-002  0.43002767782098600        1.7914990613237720E-002
   11.219811965471335        4.8822615204750036E-002  0.43002767782098600        1.9219999633619814E-002
   11.616115840724994        5.3452519736929896E-002  0.43002767782098600        2.0626697951424428E-002
   12.026419117330413        5.8586745262015676E-002  0.43002767782098600        2.2143847405790878E-002
   12.451213803399156        6.4279195401671832E-002  0.43002767782098600        2.3781021921219003E-002
   12.891014326336300        7.0588642640024471E-002  0.43002767782098600        2.5548725039218539E-002
   13.346348065368609        7.7578919897727250E-002  0.43002767782098600        2.7458440076373436E-002
   13.817766430769083        8.5319397099616653E-002  0.43002767782098600        2.9522769790939561E-002
   14.305834715756038        9.3885123825840286E-002  0.43002767782098600        3.1755497664795025E-002
   14.811143972217785       0.10335728796477467       0.43002767782098600        3.4171753830080920E-002
   15.334300133051286       0.11382322780553639       0.43002767782098600        3.6788089541129131E-002
   15.875936741648431       0.12537679212412439       0.43002767782098600        3.9622674197064646E-002
   16.436703292225193       0.13811811606757859       0.43002767782098600        4.2695385325107311E-002
   17.017278874447534       0.15215378586852094       0.43002767782098600        4.6028042288986389E-002
   17.618359675531394       0.16759626025613436       0.43002767782098600        4.9644514278563791E-002
   18.240671728221173       0.18456368557930627       0.43002767782098600        5.3570984893791404E-002
   18.884968846184627       0.20317916340577497       0.43002767782098600        5.7836154446374674E-002
   19.552019805756849       0.22356940821136287       0.43002767782098600        6.2471379366912237E-002
   20.242632201214423       0.24586420851059268       0.43000332356804133        6.7511072728312568E-002
   20.957638264717446       0.27019450454908250       0.42993943211336005        7.2992881844914759E-002
   21.697899624358065       0.29669069340669130       0.42988382359124133        7.8958017180618775E-002
   22.464312967141105       0.32548068573679023       0.42983542392898039        8.5451592210764565E-002
   23.257792778673313       0.35668676406278510       0.42979329910012626        9.2522810877523426E-002
   24.079299719823517       0.39042384459219776       0.42975663536334380       0.10022555764603210     
   24.929823759061236       0.42679575300176703       0.42972472473886358       0.10861862628510560     
   25.810395145829254       0.46589231771350764       0.42969695087635956       0.11776621020057833     
   26.722064579292049       0.50778491931939163       0.42967277779022744       0.12773809135531122     
   27.665935811728254       0.55252425714188214       0.42965173851977173       0.13861038313407670     
   28.643146268414043       0.60013579725796240       0.42963342679495115       0.15046573575740363     
   29.654879655490589       0.65061676425164150       0.42961748892674395       0.16339387418879267     
   30.702343174827575       0.70381290272949426       0.42076176511666197       0.17743416528839362     
   31.786804983723918       0.75971359344229517       0.40893082753508125       0.19271880955131127     
   32.909571928103169       0.81827043293082602       0.39863366091907881       0.20938854496800371     
   34.072004028335677       0.87933714622554582       0.38967137658800793       0.22756381613515353     
   35.275488300232773       0.94272655330929822       0.38187101856996442       0.24737289928476908     
   36.521481794408061        1.0082127567283228       0.37508190438333311       0.26895240423228584     
   37.811486012809581        1.0755307356297992       0.36917293567542153       0.29244648711466126     
   39.147055493126302        1.1443788033125861       0.36403000977504052       0.31800631268379248     
   40.529808025860810        1.2144222227710761       0.35955379161409345       0.34578925342032790     
   41.961393513511240        1.2852958107339623       0.35565789823106359       0.37595685528562578     
   43.443545167355794        1.3566117230657271       0.35226707117220957       0.40867401767780798     
   44.978049075047366        1.4279640050989542       0.34931583328845678       0.44410604852881719     
   46.566763998623138        1.4989364117815864       0.34674718173321162       0.48241623184795723     
   48.211585595230147        1.5691083283299154       0.34451154615032148       0.52376153775853096     
   49.914505239722644        1.6380653203403044       0.34256573991721956       0.56829010236158706     
   51.677575059319224        1.7054056691015416       0.34087218935568958       0.61613599760754867     
   53.502930680545909        1.7707493742541007       0.33939818371632435       0.66741507564669833     
   55.392750120602578        1.8337445564436023       0.33811527734079150       0.72221885610422898     
   57.349321371645829        1.8940772375274508       0.33699868783886089       0.78061150299809356     
   59.375002227322796        1.9514765171559634       0.33602685377551905       0.84262407593577437     
   61.472246417894510        2.0057211038949330       0.33518100427894360       0.90825126294755709     
   63.643556378429672        2.0566427744946436       0.33444481597483078       0.97744674447815727     
   65.891560899834928        2.1041317811117310       0.33380406763380271        1.0501236664971987     
   68.218968971510208        2.1481376474120548       0.33324638635275550        1.1261526734237757     
   70.628585269218178        2.1869213118163309       0.33250394652660104        1.2042602377994864     
   73.123328588587739        2.2173415966307819       0.33116610698013238        1.2820627218332314     
   75.706175661273647        2.2446150609083411       0.33000171327785199        1.3624140071468360     
   78.380253523498894        2.2689246550830733       0.32898827238389644        1.4450121774098810     
   81.148784610322849        2.2905045209563051       0.32810621467134637        1.5295362958442063     
   84.015122474940881        2.3096334573851620       0.32733850328907133        1.6156553784566958     
   86.982687236203873        2.3266265156045969       0.32667032278786684        1.7030339115942723     
   90.055071705548812        2.3418267934079093       0.32608876567094136        1.7913414065077724     
   93.235978303002270        2.3555954167314179       0.32558260202259176        1.8802552301614532     
   96.529260096906100        2.3683017870903993       0.32514205534565177        1.9694645265868724     
   99.938826062156153        2.3803131691635615       0.32475862600122191        2.0586683343696435     
   103.46886588546354        2.3919856395897710       0.32442490073856273        2.1475801438998281     
   107.12359379692580        2.4036537996769325       0.32413444008993808        2.2359180483603240     
   110.90736836557576        2.4156226323281413       0.32388163796495434        2.3234037784683745     
   114.82483910697920        2.4281604003208379       0.32366160666900201        2.4097610558439202     
   118.88068277378797        2.4414915446029126       0.32347010054078462        2.4947047854991617     
   123.07973629915718        2.4557922704326045       0.32330342338024692        2.5779405346810376     
   127.42715949490271        2.4711878878053741       0.32315835263908499        2.6591652223987774     
   131.92808807993632        2.4877500426164434       0.32303209046962289        2.7380601015123616     
   136.58805281121437        2.5054983007344580       0.32292219570992353        2.8143006382754994     
   141.41261684513370        2.5244005380581855       0.32282654786196513        2.8875545403421841     
   146.40753387824964        2.5443766945690904       0.32274330085646397        2.9574916718116993     
   151.57894168226974        2.5653040883353806       0.32267084518978090        3.0237952209304773     
   156.93294936957258        2.5870213630037875       0.32260778347525482        3.0861660889599785     
   162.47613596373097        2.6093369241562621       0.32255289647312602        3.1443396850826315     
   168.21511902855468        2.6320341575211503       0.32250512509941459        3.1980906764733961     
   174.15674278185460        2.4824557546127659       0.30999499817520909        3.0498316095009783     
   180.30830831190286        2.2803783944740661       0.29402572035620772        2.8312070529813891     
   186.67715947709803        2.1020942573386998       0.28012672225095542        2.6309870026764295     
   193.27089166569760        1.9445754034343756       0.26802974363168997        2.4479715882181443     
   200.09760727912413        1.8052099986819961       0.25750090063688486        2.2810341221237325     
   207.16537088595135        1.6817485149816593       0.24833713303081265        2.1291086993240529     
   214.48286737908427        1.5722345055633857       0.24036126786630360        1.9911540368722436     
   222.05883252794877        1.4749686442735865       0.23341940511798598        1.8661541538808883     
   229.90230130529540        1.3884649063911472       0.22737756205790549        1.7531075199273971     
   238.02291179328489        1.3114161326662146       0.22211892525437246        1.6510253563722359     
   246.43025707061713        1.2426745943402819       0.21754207615366045        1.5589468807163396     
   255.13466811288930        1.1812229907815139       0.21355852562348215        1.4759382866509940     
   264.14653641505117        1.1261626454843789       0.21009140820598510        1.4011101193841473     
   273.47660938458705        1.0766960847801204       0.20707380614917908        1.3336222612751509     
   283.13635184814427        1.0321135036825235       0.20444737691615472        1.2726889772622954     
   293.13729579387660       0.99178616124364927       0.20216144167555444        1.2175885228427932     
   303.49136818478553       0.95515586624208615       0.20017188030421268        1.1676629373138414     
   314.21129214162710       0.92172662716572218       0.19844022647835380        1.1223169268840900     
   325.30973137660959       0.89106131051929227       0.19693308336280271        1.0810203832416518     
   336.80032369109853       0.86277293526629817       0.19562131174331179        1.0433011203510874     
   348.69678677735646       0.83652241497984703       0.19447960004786272        1.0087444693126657     
   361.01330816366544       0.81201296817372615       0.19348591245508659       0.97698703689912769     
   373.76502243504467       0.78780173720360303       0.19151170699859588       0.94578822375682581     
   386.96715283564077       0.76095286170437193       0.18598841390088194       0.91053242606832741     
   400.63544401132759       0.73584639315428846       0.18118122146837551       0.87842650733745675     
   414.78669160661980       0.71223069595445210       0.17699718709411766       0.84909599958253423     
   429.43761284149554       0.68989177077009900       0.17335561710580691       0.82221993548112249     
   444.60621081975989       0.66864693504207817       0.17018610512531518       0.79752050521345941     
   460.31059410826708       0.64834300955676483       0.16742749315107680       0.77475883482373786     
   476.56949149896485       0.62885208958499228       0.16502653807370340       0.75372830631737220     
   493.40288198244309       0.61006781361394935       0.16293681965368501       0.73424909856630460     
   510.83065126063684       0.59190414287030080       0.16111803538910580       0.71616577981773533     
   528.87421463804299       0.57429100611302741       0.15953502077315240       0.69934195907759911     
   547.55511287104378       0.55717349094144064       0.15815723040610460       0.68365887193813468     
   566.89562449487210       0.54050905175809594       0.15695807198577921       0.66901217736542140     
   586.91951519858117       0.52426502782673090       0.15591436089635075       0.65530939227139218     
   607.65068989177485       0.50841810459335168       0.15500595798553504       0.64246916166455026     
   629.11387223602765       0.49295215586966723       0.15421533045205432       0.63041920394180107     
   651.33543626567803       0.47785634148727496       0.15352719224586356       0.61909467908992066     
   674.34163286578985       0.46312516730131636       0.15292827187013897       0.60843811757980937     
   698.16073213207346       0.44875598973204478       0.15240698975492181       0.59839745771878172     
   722.82116976782140       0.42639005858575035       0.14361717028686458       0.57324345860608650     
   748.35235540965130       0.40301635793916368       0.13351288671231243       0.54604616862159772     
   774.78566186873422       0.38127631344380192       0.12471842499754807       0.52172695510253730     
   802.15264573967897       0.36100932271132019       0.11706408971102819       0.49994846220440325     
   830.48594444209971       0.34207637812080488       0.11040214691453752       0.48041354183010126     
   859.82037403360118       0.32435628557104701       0.10460379412312883       0.46285990042803193     
   890.19058800385733       0.30774446450336412        9.9557203770827440E-002  0.44705746195922963     
   921.63390537915473       0.29214891644253432        9.5164804713937068E-002  0.43280299234002861     
   954.18786380243341       0.27748963394156850        9.1341842469734119E-002  0.41991820045248468     
   987.89128659474920       0.26369625038870598        8.8014531236206561E-002  0.40824621475085621     
   1022.7855886411724       0.25070614533280688        8.5118540536771037E-002  0.39764868537075210     
   1058.9119914466876       0.23846433196782044        8.2598018028071402E-002  0.38800445975881370     
   1096.3148872627712       0.22692117666451306        8.0404231745213148E-002  0.37920657086520865     
   1135.0389283928459       0.21603255555663464        7.8494851012135075E-002  0.37116130167545375     
   1175.1302964981960       0.20575864055721227        7.6833023466784250E-002  0.36378624555411881     
   1216.6382559936744       0.19606294405350155        7.5386619214934600E-002  0.35700871437101989     
   1259.6123598874483       0.18691252571787945        7.4127728851591690E-002  0.35076505783405570     
   1304.1038583964914       0.17827715977864192        7.3032054926461504E-002  0.34499931469558798     
   1350.1674228314519       0.17012869143460549        7.2078413600450753E-002  0.33966210756388182     
   1397.8574692241625       0.15041227561097165        6.5190092097486843E-002  0.31155977809508656     
   1447.2325992722181       0.13217595622886846        5.8381679341254364E-002  0.28486549612427775     
   1498.3517579647787       0.11649842981296382        5.2455918823389541E-002  0.26173045645465837     
   1551.2759091786245        9.7342831181423312E-002   4.5704148077286365E-002  0.22615221434902860     
   1606.0700862978565        8.1226522233970117E-002   3.9778997818707612E-002  0.19506037461346321     
   1662.7990190437411        6.7813550270129183E-002   3.4622049422054511E-002  0.16829393961226999     
   1721.5324161293761        5.6648421120969877E-002   3.0133598073202716E-002  0.14524307964196514     
   1782.3403946248577        4.7352485231172969E-002   2.6227035891725783E-002  0.12538593803211628     
   1845.2954731357936        3.9610694102701322E-002   2.2826963539294892E-002  0.10827488605474038     
   1910.4750110852074        3.3160820560815936E-002   1.9867643770579174E-002   9.3525327214576834E-002
   1977.9568210713478        2.7785135032993760E-002   1.7291974393140307E-002   8.0807732825241466E-002
   2047.8213808026539        2.3302660950200865E-002   1.5050243215595784E-002   6.9839094731419540E-002
   2120.1545400970977        1.9562886623387364E-002   1.3099108444857574E-002   6.0375959851306109E-002
   2195.0417479108573        1.6440955753062973E-002   1.1400940316033462E-002   5.2209586415119545E-002
   2272.5750259096239        1.3833006067775247E-002   9.9229063234217898E-003   4.5160154183884423E-002
   2352.8469348264384        1.1652867529299685E-002   8.6364867435479008E-003   3.9073308913923924E-002
   2435.9532056335870        9.8289489990496231E-003   7.5168527932951311E-003   3.3816249147560859E-002
   2521.9959596104222        8.3017188866268132E-003   6.5423573887078883E-003   2.9274533877296286E-002
   2611.0779162676686        7.0217747377119442E-003   5.6941969436676053E-003   2.5349836324231229E-002
   2703.3053132971791        5.9480544256151104E-003   4.9560013779396126E-003   2.1957480070130826E-002
   2798.7914800504532        5.0463908543603945E-003   4.3134983649448302E-003   1.9024427974772586E-002
   2897.6492167059700        4.2884169644877672E-003   3.7542965323987499E-003   1.6487900509831430E-002
   3000.0000000000000        3.6505002428026284E-003   3.2675842315347636E-003   1.4293678454431340E-002
