         200   4370.0000000000000     
   3.0000000000000000        2.0615869071362058E-003   1.6989618014058436        9.9406681945398930E-004
   3.1059655287322618        2.2098804704698402E-003   1.6989618014058436        1.0599274422905740E-003
   3.2156739552243598        2.3688123559387777E-003   1.6989618014058436        1.1303934927078582E-003
   3.3292574962321346        2.5391216578262879E-003   1.6989618014058436        1.2057921883019060E-003
   3.4468529954360925        2.7215995716885250E-003   1.6989618014058436        1.2864739335883219E-003
   3.5686022069563790        2.9170947468467020E-003   1.6989618014058436        1.3728140130547619E-003
   3.6946518254059528        3.1265190725519839E-003   1.6989618014058436        1.4652142213819803E-003
   3.8251536998800524        3.3508546685813850E-003   1.6989618014058436        1.5641047347709016E-003
   3.9602651907155879        3.5911621837487117E-003   1.6989618014058436        1.6699462326197397E-003
   4.1001490688558144        3.8485894478461364E-003   1.6989618014058436        1.7832318157436850E-003
   4.2449739038313119        4.1243822120831585E-003   1.6989618014058436        1.9044894551392122E-003
   4.3949142193596993        4.4198958510233430E-003   1.6989618014058436        2.0342844463771392E-003
   4.5501507036585132        4.7366086178956624E-003   1.6989618014058436        2.1732221050364013E-003
   4.7108703059600501        5.0761362186136525E-003   1.6989618014058436        2.3219505766699212E-003
   4.8772669425686850        5.4402493602014193E-003   1.6989618014058436        2.4811644631048484E-003
   5.0495410155906377        5.8308905781929475E-003   1.6989618014058436        2.6516076220336453E-003
   5.2279001269311909        6.2501955062530873E-003   1.6989618014058436        2.8340773736525889E-003
   5.4125592113782046        6.7005150157591212E-003   1.6989618014058436        3.0294285142258952E-003
   5.6037407956130689        7.1844398843580303E-003   1.6989618014058436        3.2385778192437005E-003
   5.8016752663703963        7.7048279719705050E-003   1.6989618014058436        3.4625089688689065E-003
   6.0066011480696169        8.2648341721894714E-003   1.6989618014058436        3.7022779378486905E-003
   6.2187653902530293        8.8679434639415359E-003   1.6989618014058436        3.9590188951179614E-003
   6.4384236651766908        9.5180074569179273E-003   1.6989618014058436        4.2339506615408883E-003
   6.6658406759127811        1.0219284906157682E-002   1.6989618014058436        4.5283837776914602E-003
   6.9012904753346884        1.0976486768161714E-002   1.6989618014058436        4.8437282373466279E-003
   7.1450567963692624        1.1794826485280782E-002   1.6989618014058436        5.1815019465512625E-003
   7.3974330131920443        1.2680074954129738E-002   1.6989618014058436        5.5433394176418530E-003
   7.6587243988323896        1.3638630711882363E-002   1.6989618014058436        5.9310046543870690E-003
   7.9292442763577622        1.4677576224762923E-002   1.6989618014058436        6.3463960080573402E-003
   8.2093202460023029        1.5804780648538363E-002   1.6989618014058436        6.7915669807230494E-003
   8.4992881560440416        1.7028967290815836E-002   1.6989618014058436        7.2687295169770192E-003
   8.7994991583321234        1.8359845634010340E-002   1.6989618014058436        7.7802789796724914E-003
   9.1103132457223861        1.9808202304159341E-002   1.6989618014058436        8.3287985022502363E-003
   9.4321068148357909        2.1386070145824432E-002   1.6989618014058436        8.9170883077850111E-003
   9.7652657388916850        2.3106850597744723E-002   1.6989618014058436        9.5481713842640419E-003
   10.110193474162946        2.4985530087664038E-002   1.6989618014058436        1.0225327937577102E-002
   10.467303634806061        2.7038841796709737E-002   1.6989618014058436        1.0952102726397819E-002
   10.837027566606025        2.9285532018414211E-002   1.6989618014058436        1.1732343210896482E-002
   11.219811965471335        3.1746601324306137E-002   1.6989618014058436        1.2570220962795434E-002
   11.616115840724994        3.4445562180426659E-002   1.6989618014058436        1.3470252730531887E-002
   12.026419117330413        3.7408799555558550E-002   1.6989618014058436        1.4437350297426925E-002
   12.451213803399156        4.0665837264408679E-002   1.6989618014058436        1.5476834101828926E-002
   12.891014326336300        4.4249758360910822E-002   1.6989618014058436        1.6594494634765547E-002
   13.346348065368609        4.8197490674966738E-002   1.6989618014058436        1.7796609753555317E-002
   13.817766430769083        5.2550262827996186E-002   1.6989618014058436        1.9090017363457109E-002
   14.305834715756038        5.7353880930090285E-002   1.6989618014058436        2.0482137298048694E-002
   14.811143972217785        6.2659197253021187E-002   1.6989618014058436        2.1981057420649739E-002
   15.334300133051286        6.8522348479322259E-002   1.6989618014058436        2.3595561064488239E-002
   15.875936741648431        7.5005218928166487E-002   1.6989618014058436        2.5335229015623639E-002
   16.436703292225193        8.2175617769912890E-002   1.6989618014058436        2.7210473598321228E-002
   17.017278874447534        9.0107729157966943E-002   1.6989618014058436        2.9232659336675241E-002
   17.618359675531394        9.8882211940827705E-002   1.6989618014058436        3.1414144825461128E-002
   18.240671728221173       0.10858659969951413        1.6989618014058436        3.3768417959877138E-002
   18.884968846184627       0.11931547682378124        1.6989618014058436        3.6310190826418148E-002
   19.552019805756849       0.13117038252676635        1.6989618014058436        3.9055455818799927E-002
   20.242632201214423       0.14426024589068401        1.6988793307853371        4.2021682598679257E-002
   20.957638264717446       0.15870106201194475        1.6986629756409373        4.5227904024280605E-002
   21.697899624358065       0.17461568994687629        1.6984746689277328        4.8694915584848487E-002
   22.464312967141105       0.19213344350625691        1.6983107735215377        5.2445384165236107E-002
   23.257792778673313       0.21138881382099134        1.6981681265357236        5.6503948735323606E-002
   24.079299719823517       0.23252082154807047        1.6980439724042300        6.0897530488949539E-002
   24.929823759061236       0.25567084485952402        1.6979359137005776        6.5655434366143781E-002
   25.810395145829254       0.28098054484595336        1.6978418632823711        7.0809602162170346E-002
   26.722064579292049       0.30858831503526929        1.6977600061456573        7.6394698104388009E-002
   27.665935811728254       0.33862662606075528        1.6976887610250029        8.2448510523010582E-002
   28.643146268414043       0.37121729850779822        1.6976267521712758        8.9012056339471665E-002
   29.654879655490589       0.40646721670862335        1.6975727818900448        9.6129880048201874E-002
   30.702343174827575       0.44439503965023308        1.6889368153716497       0.10382001505468293     
   31.786804983723918       0.48509545400964199        1.6774150628792501       0.11214928633527352     
   32.909571928103169       0.52863217260083162        1.6673869983827196       0.12118866110267716     
   34.072004028335677       0.57499998899918914        1.6586589308802855       0.13099841993335473     
   35.275488300232773       0.62415300423725140        1.6510624243636816       0.14164301477605229     
   36.521481794408061       0.67600276271229809        1.6444507342282575       0.15319144753628058     
   37.811486012809581       0.73041476076111356        1.6386961881943154       0.16571698055181766     
   39.147055493126302       0.78720764709497337        1.6336876655051951       0.17929701374481918     
   40.529808025860810       0.84615404247173132        1.6293284270765609       0.19401285276573144     
   41.961393513511240       0.90698125085734471        1.6255343474453792       0.20994885858211029     
   43.443545167355794       0.96937719885873008        1.6222321349328670       0.22719227663350347     
   44.978049075047366        1.0329945878606830        1.6193580235441187       0.24583197881695407     
   46.566763998623138        1.0974587688473516        1.6168565001226094       0.26595751620005953     
   48.211585595230147        1.1623747997043443        1.6146792897644577       0.28765723399289994     
   49.914505239722644        1.2273395534392133        1.6127843344693791       0.31101735540838876     
   51.677575059319224        1.2919509437980290        1.6111350424949478       0.33611968201514542     
   53.502930680545909        1.3558200612321509        1.6096995579416700       0.36303990036394085     
   55.392750120602578        1.4185813325951251        1.6084501785389045       0.39184490515653336     
   57.349321371645829        1.4799064141082232        1.6073627695497072       0.42259179320422868     
   59.375002227322796        1.5395138935668828        1.6064163330171564       0.45532548303918469     
   61.472246417894510        1.5971805170866529        1.6055925886200484       0.49007770591987887     
   63.643556378429672        1.6527493295748383        1.6048756395727508       0.52686534867910462     
   65.891560899834928        1.7061399438634544        1.6042516362979173       0.56569159369102917     
   68.218968971510208        1.7573538568926412        1.6037085292410527       0.60654587659463755     
   70.628585269218178        1.8049767010261402        1.6027911107027273       0.64862296596296931     
   73.123328588587739        1.8463620855307961        1.6007960413944664       0.69036313535135962     
   75.706175661273647        1.8860911035149663        1.5990596252866567       0.73393874671697268     
   78.380253523498894        1.9244901093356412        1.5975483193691375       0.77929346198641070     
   81.148784610322849        1.9619701959380322        1.5962329402004876       0.82637662659195943     
   84.015122474940881        1.9990223694988396        1.5950880813716228       0.87514942645912230     
   86.982687236203873        2.0362092264760028        1.5940916491657950       0.92558912338334876     
   90.055071705548812        2.0741566266302471        1.5932243951232303       0.97769562365367946     
   93.235978303002270        2.1135409699052459        1.5924695724971194        1.0314942950582107     
   96.529260096906100        2.1550756574867185        1.5918126019685226        1.0870394596844875     
   99.938826062156153        2.1994937449076923        1.5912408083487444        1.1444143713893857     
   103.46886588546354        2.2475328375064754        1.5907431365384914        1.2037353058339637     
   107.12359379692580        2.2999122057547199        1.5903099836040755        1.2651463146471107     
   110.90736836557576        2.3573134820790536        1.5899329893958005        1.3288191550831139     
   114.82483910697920        2.4203616750731953        1.5896048650803192        1.3949526356606443     
   118.88068277378797        2.4895998754456294        1.5893192792641737        1.4637641514307071     
   123.07973629915718        2.5654705231030204        1.5890707199445921        1.5354870862871894     
   127.42715949490271        2.6482995507545581        1.5888543814576772        1.6103681096678037     
   131.92808807993632        2.7382733580482062        1.5886660914794393        1.6886551364361209     
   136.58805281121437        2.8354332904663191        1.5885022095977959        1.7705979376181262     
   141.41261684513370        2.9396588006089024        1.5883595735945719        1.8564347829564765     
   146.40753387824964        3.0506650675744935        1.5882354304967543        1.9463876935176745     
   151.57894168226974        3.1680068649706108        1.5881273801126932        2.0406582636304860     
   156.93294936957258        3.2910736362316690        1.5880333385727263        2.1394123671018659     
   162.47613596373097        3.4191099617296881        1.5879514876709062        2.2427815126343278     
   168.21511902855468        3.5512195073938142        1.5878802480355148        2.3508475489810476     
   174.15674278185460        3.4603885523941984        1.5381531731284965        2.3349453630562524     
   180.30830831190286        3.2893953520020838        1.4746340811834737        2.2717383724649598     
   186.67715947709803        3.1373963759007975        1.4193496939621140        2.2171553836258027     
   193.27089166569760        3.0021072433297507        1.3712329847481344        2.1701880347963312     
   200.09760727912413        2.8816232713235195        1.3293536615976529        2.1299916646621853     
   207.16537088595135        2.7743403436432277        1.2929040360272135        2.0958764972466382     
   214.48286737908427        2.6788700617980643        1.2611793883338358        2.0672911281239235     
   222.05883252794877        2.5939911589043452        1.2335675687401229        2.0438122312128097     
   229.90230130529540        2.5186011168813423        1.2095356501273780        2.0251288236205753     
   238.02291179328489        2.4516821742233832        1.1886189976390757        2.0110266707573454     
   246.43025707061713        2.3922856818978593        1.1704142107888698        2.0013737737124813     
   255.13466811288930        2.3395123508796787        1.1545693169081370        1.9961028129989609     
   264.14653641505117        2.2925105211696248        1.1407785774318560        1.9951961462767420     
   273.47660938458705        2.2504716046779185        1.1287758215982953        1.9986701485601586     
   283.13635184814427        2.2126300067336260        1.1183289872561040        2.0065618615308374     
   293.13729579387660        2.1782691670267775        1.1092364952615530        2.0189168139058400     
   303.49136818478553        2.1467238399939865        1.1013228542623257        2.0357789981224688     
   314.21129214162710        2.1173832024106738        1.0944350613496823        2.0571839214342940     
   325.30973137660959        2.0896969336302034        1.0884402779151388        2.0831513694293275     
   336.80032369109853        2.0631750076849862        1.0832226003812100        2.1136836805924366     
   348.69678677735646        2.0373915020750837        1.0786813499264341        2.1487616975125627     
   361.01330816366544        2.0119837888827514        1.0747288772920709        2.1883448927677209     
   373.76502243504467        1.9743327831997461        1.0555882227739535        2.2184644222558281     
   386.96715283564077        1.8936378513222294       0.98507577952747272        2.2012555176171564     
   400.63544401132759        1.8164182980942920       0.92370534750888866        2.1876873127081806     
   414.78669160661980        1.7423867051868536       0.87029038633685418        2.1781010540304986     
   429.43761284149554        1.6713046283338031       0.82380073015056443        2.1728228870973694     
   444.60621081975989        1.6029713245886117       0.78333754456731741        2.1721472271371796     
   460.31059410826708        1.5372253596774368       0.74812006346839999        2.1763268011826460     
   476.56949149896485        1.4739375081093127       0.71746856523436620        2.1855665312490506     
   493.40288198244309        1.4130042487028935       0.69079043157645093        2.2000225056437599     
   510.83065126063684        1.3543486757052419       0.66757114555181662        2.2198024890872654     
   528.87421463804299        1.2979106207133515       0.64736178380131304        2.2449707497497560     
   547.55511287104378        1.2436477343861407       0.62977239222942827        2.2755511204625640     
   566.89562449487210        1.1915297045279998       0.61446348347502178        2.3115323187070769     
   586.91951519858117        1.1415332513990641       0.60113907398650301        2.3528742387048047     
   607.65068989177485        1.0936429071477967       0.58954205974869045        2.3995095825200359     
   629.11387223602765        1.0478464732202353       0.57944861040653273        2.4513483278503223     
   651.33543626567803        1.0041312899689621       0.57066357847877858        2.5082825293252440     
   674.34163286578985       0.96248612715601367       0.56301753503054819        2.5701837540634354     
   698.16073213207346       0.92289554071308655       0.55636265090356118        2.6369096445999922     
   722.82116976782140       0.88165296360089074       0.54682833315394808        2.6997655032907129     
   748.35235540965130       0.84180826047821600       0.53742848685247013        2.7655060591240606     
   774.78566186873422       0.80450056970127304       0.52924714595748368        2.8366710236841262     
   802.15264573967897       0.76962922520200650       0.52212644564237221        2.9129411510837753     
   830.48594444209971       0.73709710540546836       0.51592895149108431        2.9939908639942616     
   859.82037403360118       0.70680867752484988       0.51053484070244204        3.0794883878405774     
   890.19058800385733       0.67867198466706569       0.50584008195896935        3.1690859450723208     
   921.63390537915473       0.65259534763639893       0.50175390645479856        3.2624249928869622     
   954.18786380243341       0.62848952701752714       0.49819746850977020        3.3591261518216475     
   987.89128659474920       0.60626651536492648       0.49510212642424939        3.4587895766120851     
   1022.7855886411724       0.58583884845108980       0.49240803462997684        3.5609961857187948     
   1058.9119914466876       0.56712145930125002       0.49006323462447560        3.6652970015195612     
   1096.3148872627712       0.55002983431746200       0.48802239187446655        3.7712207614077857     
   1135.0389283928459       0.53448173329231963       0.48624612685879187        3.8782635995293737     
   1175.1302964981960       0.52039655492541936       0.48470015644034414        3.9858914414920390     
   1216.6382559936744       0.50769501966716968       0.48335459071499015        4.0935432555239251     
   1259.6123598874483       0.49630025298699781       0.48218346602925244        4.2006235509614482     
   1304.1038583964914       0.48613727393259731       0.48116417887081364        4.3065074264605947     
   1350.1674228314519       0.47713273983724952       0.48027702226786462        4.4105467430587337     
   1397.8574692241625       0.42697342556101681       0.42839640335385526        4.1697404430359288     
   1447.2325992722181       0.37766132431879884       0.37536805930950629        3.9205592239085139     
   1498.3517579647787       0.33459830692377290       0.32921438462547270        3.7008557165331326     
   1551.2759091786245       0.28737026697186968       0.28660929624181802        3.2938449646885259     
   1606.0700862978565       0.24695588137261890       0.24945286258799212        2.9215412308777560     
   1662.7990190437411       0.21256871075797656       0.21711379900407554        2.5873658371107600     
   1721.5324161293761       0.18325329572966559       0.18896685969050073        2.2877800390589207     
   1782.3403946248577       0.15821406964512069       0.16446892931305118        2.0195749320461682     
   1845.2954731357936       0.13678681288219618       0.14314718095765838        1.7798256138816222     
   1910.4750110852074       0.11841568567070168       0.12458937839602141        1.5658555063686612     
   1977.9568210713478       0.10263617283498670       0.10843743554892943        1.3752277176125889     
   2047.8213808026539        8.9058815521425250E-002   9.4379608804781787E-002   1.2057125586605144     
   2120.1545400970977        7.7356154632512691E-002   8.2144103122265000E-002   1.0552628024964685     
   2195.0417479108573        6.7253285602147592E-002   7.1494943411870029E-002  0.92200978081725848     
   2272.5750259096239        5.8518031954779989E-002   6.2226238047806123E-002  0.80423391214330309     
   2352.8469348264384        5.0954633924792159E-002   5.4159140727976784E-002  0.70036327932769449     
   2435.9532056335870        4.4397366619294470E-002   4.7137950922890921E-002  0.60895695980296494     
   2521.9959596104222        3.8705434670877552E-002   4.1026920439895267E-002  0.52869287659634912     
   2611.0779162676686        3.3759347135218692E-002   3.5708132573155658E-002  0.45836589653228743     
   2703.3053132971791        2.9457253056157408E-002   3.1078931056821593E-002  0.39687664003633927     
   2798.7914800504532        2.5712013767704104E-002   2.7049814573208743E-002  0.34322313999837939     
   2897.6492167059700        2.2449204676661085E-002   2.3543077210723639E-002  0.29649952907409632     
   3000.0000000000000        1.9604809606702724E-002   2.0490919454999399E-002  0.25588502933040946     
