         200   4370.0000000000000     
   3.0000000000000000        1.4029233116798368E-003   3.0377459048274796E-003   2.3535954777306137E-003
   3.1059655287322618        1.4426783547236127E-003   3.0377459048274796E-003   2.3763919190135339E-003
   3.2156739552243598        1.4822634312346757E-003   3.0377459048274796E-003   2.3992305083746844E-003
   3.3292574962321346        1.5216177592364572E-003   3.0377459048274796E-003   2.4220520696518590E-003
   3.4468529954360925        1.5606812500393915E-003   3.0377459048274796E-003   2.4447976585301153E-003
   3.5686022069563790        1.5993945739539762E-003   3.0377459048274796E-003   2.4674086904889953E-003
   3.6946518254059528        1.6376991689868419E-003   3.0377459048274796E-003   2.4898270698889397E-003
   3.8251536998800524        1.6755373496904725E-003   3.0377459048274796E-003   2.5119954131465013E-003
   3.9602651907155879        1.7128524925383772E-003   3.0377459048274796E-003   2.5338573518270684E-003
   4.1001490688558144        1.7495891333747307E-003   3.0377459048274796E-003   2.5553578158132350E-003
   4.2449739038313119        1.7856932491675888E-003   3.0377459048274796E-003   2.5764434504008116E-003
   4.3949142193596993        1.8211125091816016E-003   3.0377459048274796E-003   2.5970630335007522E-003
   4.5501507036585132        1.8557965735620868E-003   3.0377459048274796E-003   2.6171679289268570E-003
   4.7108703059600501        1.8896973917580369E-003   3.0377459048274796E-003   2.6367125372254076E-003
   4.8772669425686850        1.9227696402302273E-003   3.0377459048274796E-003   2.6556548126386078E-003
   5.0495410155906377        1.9549709127678963E-003   3.0377459048274796E-003   2.6739566119388957E-003
   5.2279001269311909        1.9862621547641940E-003   3.0377459048274796E-003   2.6915841477622533E-003
   5.4125592113782046        2.0166079517059498E-003   3.0377459048274796E-003   2.7085083122698906E-003
   5.6037407956130689        2.0459768134823918E-003   3.0377459048274796E-003   2.7247049457536279E-003
   5.8016752663703963        2.0743414199067647E-003   3.0377459048274796E-003   2.7401550254062181E-003
   6.0066011480696169        2.1016788198377468E-003   3.0377459048274796E-003   2.7548447677271776E-003
   6.2187653902530293        2.1279705780895327E-003   3.0377459048274796E-003   2.7687656417645884E-003
   6.4384236651766908        2.1532028662493608E-003   3.0377459048274796E-003   2.7819142940677401E-003
   6.6658406759127811        2.1773664954762347E-003   3.0377459048274796E-003   2.7942923896316228E-003
   6.9012904753346884        2.2004568912424795E-003   3.0377459048274796E-003   2.8059063760748687E-003
   7.1450567963692624        2.2224740117225568E-003   3.0377459048274796E-003   2.8167671806804289E-003
   7.3974330131920443        2.2434221828008974E-003   3.0377459048274796E-003   2.8268898371945394E-003
   7.6587243988323896        2.2633100661242369E-003   3.0377459048274796E-003   2.8362931561024957E-003
   7.9292442763577622        2.2821501029043809E-003   3.0377459048274796E-003   2.8449991349366040E-003
   8.2093202460023029        2.2999586893772588E-003   3.0377459048274796E-003   2.8530327145369133E-003
   8.4992881560440416        2.3167554365891834E-003   3.0377459048274796E-003   2.8604211157954727E-003
   8.7994991583321234        2.3325632770627978E-003   3.0377459048274796E-003   2.8671935791413287E-003
   9.1103132457223861        2.3474077338776003E-003   3.0377459048274796E-003   2.8733807517580538E-003
   9.4321068148357909        2.3613169545643044E-003   3.0377459048274796E-003   2.8790144337987140E-003
   9.7652657388916850        2.3743210141676688E-003   3.0377459048274796E-003   2.8841270447661329E-003
   10.110193474162946        2.3864519041983034E-003   3.0377459048274796E-003   2.8887514042585495E-003
   10.467303634806061        2.3977428905934549E-003   3.0377459048274796E-003   2.8929202929839043E-003
   10.837027566606025        2.4082284519719110E-003   3.0377459048274796E-003   2.8966662728926820E-003
   11.219811965471335        2.4179438580840163E-003   3.0377459048274796E-003   2.9000213990369667E-003
   11.616115840724994        2.4269248118462977E-003   3.0377459048274796E-003   2.9030169915510713E-003
   12.026419117330413        2.4352073867212986E-003   3.0377459048274796E-003   2.9056835349531764E-003
   12.451213803399156        2.4428275798350193E-003   3.0377459048274796E-003   2.9080504730363012E-003
   12.891014326336300        2.4498213026619294E-003   3.0377459048274796E-003   2.9101461705268402E-003
   13.346348065368609        2.4562240213225075E-003   3.0377459048274796E-003   2.9119977834344201E-003
   13.817766430769083        2.4620707725730067E-003   3.0377459048274796E-003   2.9136312620918659E-003
   14.305834715756038        2.4673958885444778E-003   3.0377459048274796E-003   2.9150712830214882E-003
   14.811143972217785        2.4722330394087505E-003   3.0377459048274796E-003   2.9163412845922511E-003
   15.334300133051286        2.4766150347156537E-003   3.0377459048274796E-003   2.9174634468537297E-003
   15.875936741648431        2.4805738891212192E-003   3.0377459048274796E-003   2.9184587515511578E-003
   16.436703292225193        2.4841406883084941E-003   3.0377459048274796E-003   2.9193469977596355E-003
   17.017278874447534        2.4873456706702456E-003   3.0377459048274796E-003   2.9201468792090226E-003
   17.618359675531394        2.4902181439370279E-003   3.0377459048274796E-003   2.9208760254670154E-003
   18.240671728221173        2.4927865680393524E-003   3.0377459048274796E-003   2.9215510892700298E-003
   18.884968846184627        2.4950785527583542E-003   3.0377459048274796E-003   2.9221878168828688E-003
   19.552019805756849        2.4971208480935305E-003   3.0377459048274796E-003   2.9228011174911362E-003
   20.242632201214423        2.4989394678888673E-003   3.0377194375603048E-003   2.9234051144590607E-003
   20.957638264717446        2.5005596865779224E-003   3.0376500027800581E-003   2.9240132700975793E-003
   21.697899624358065        2.5020061182837441E-003   3.0375895695729507E-003   2.9246386598954692E-003
   22.464312967141105        2.5033028034715764E-003   3.0375369706779989E-003   2.9252938100519533E-003
   23.257792778673313        2.5044732758103950E-003   3.0374911910311122E-003   2.9259908894299640E-003
   24.079299719823517        2.5055407245647495E-003   3.0374513462894451E-003   2.9267418443299667E-003
   24.929823759061236        2.5065281008227244E-003   3.0374166670477632E-003   2.9275585002797150E-003
   25.810395145829254        2.5074582900085703E-003   3.0373864834801925E-003   2.9284526935420135E-003
   26.722064579292049        2.5083542685831839E-003   3.0373602130981544E-003   2.9294363757701503E-003
   27.665935811728254        2.5092393305558495E-003   3.0373373484266905E-003   2.9305217746063410E-003
   28.643146268414043        2.5101372674820300E-003   3.0373174479471159E-003   2.9317215022338235E-003
   29.654879655490589        2.5110725818610112E-003   3.0373001272837805E-003   2.9330486954391791E-003
   30.702343174827575        2.5108360364807193E-003   2.8926001808683983E-003   2.9326905615387044E-003
   31.786804983723918        2.5100656234593901E-003   2.6991874398335403E-003   2.9315693229368949E-003
   32.909571928103169        2.5093971796823870E-003   2.5308488608865700E-003   2.9306017251200019E-003
   34.072004028335677        2.5088506115988640E-003   2.3843330022360241E-003   2.9297919384387206E-003
   35.275488300232773        2.5084470319727027E-003   2.2568123712699917E-003   2.9291450875379315E-003
   36.521481794408061        2.5082086598470473E-003   2.1458236034753394E-003   2.9286672134931704E-003
   37.811486012809581        2.5081586835838383E-003   2.0492234966278809E-003   2.9283652582559861E-003
   39.147055493126302        2.5083210349908453E-003   1.9651466947283908E-003   2.9282469959474905E-003
   40.529808025860810        2.5087201016247554E-003   1.8919692632687979E-003   2.9283209425082029E-003
   41.961393513511240        2.5093803633416973E-003   1.8282790094072221E-003   2.9285962337853100E-003
   43.443545167355794        2.5103260021571800E-003   1.7728456042940652E-003   2.9290824819806637E-003
   44.978049075047366        2.5115804518173572E-003   1.7245986243225782E-003   2.9297896025226684E-003
   46.566763998623138        2.5131659439832240E-003   1.6826061841936535E-003   2.9307276215091898E-003
   48.211585595230147        2.5151029954682889E-003   1.6460579053222467E-003   2.9319064272506907E-003
   49.914505239722644        2.5174099999114110E-003   1.6142477707093439E-003   2.9333355520350570E-003
   51.677575059319224        2.5201027512599832E-003   1.5865615240422538E-003   2.9350238722239013E-003
   53.502930680545909        2.5231940672504672E-003   1.5624644084041494E-003   2.9369793179129379E-003
   55.392750120602578        2.5266933563396154E-003   1.5414913927938641E-003   2.9392084882960256E-003
   57.349321371645829        2.5306064250414885E-003   1.5232373334946741E-003   2.9417163560317857E-003
   59.375002227322796        2.5349351640826662E-003   1.5073497431218935E-003   2.9445058313052686E-003
   61.472246417894510        2.5396774137852298E-003   1.4935217545531563E-003   2.9475773796757950E-003
   63.643556378429672        2.5448267299906131E-003   1.4814865124741230E-003   2.9509285235012335E-003
   65.891560899834928        2.5503724945066283E-003   1.4710115275376229E-003   2.9545535282205870E-003
   68.218968971510208        2.5562998055879103E-003   1.4618945269239776E-003   2.9584429267061020E-003
   70.628585269218178        2.5606559736542430E-003   1.4534068891936072E-003   2.9597926638913353E-003
   73.123328588587739        2.5598135391056648E-003   1.4445327843580936E-003   2.9534042441083336E-003
   75.706175661273647        2.5593318363292096E-003   1.4368091736970590E-003   2.9473441545200042E-003
   78.380253523498894        2.5591710204809961E-003   1.4300868572867701E-003   2.9415919958869666E-003
   81.148784610322849        2.5592924725983505E-003   1.4242360266450813E-003   2.9361301912134642E-003
   84.015122474940881        2.5596592339999376E-003   1.4191436735989241E-003   2.9309437351901593E-003
   86.982687236203873        2.5602364005238381E-003   1.4147115248914132E-003   2.9260200707667762E-003
   90.055071705548812        2.5609914960462304E-003   1.4108539630208158E-003   2.9213486125786530E-003
   93.235978303002270        2.5618947728279231E-003   1.4074964981504959E-003   2.9169205496863419E-003
   96.529260096906100        2.5629194696011959E-003   1.4045742812027211E-003   2.9127284561670194E-003
   99.938826062156153        2.5640419692745122E-003   1.4020309327059100E-003   2.9087660832323192E-003
   103.46886588546354        2.5652419981860995E-003   1.3998172793758738E-003   2.9050277866268358E-003
   107.12359379692580        2.5665026077450253E-003   1.3978906071876478E-003   2.9015085570173451E-003
   110.90736836557576        2.5678102180226796E-003   1.3962137300422021E-003   2.8982036275863087E-003
   114.82483910697920        2.5691546164896819E-003   1.3947542270752477E-003   2.8951081714657777E-003
   118.88068277378797        2.5705287579211983E-003   1.3934839361327150E-003   2.8922173841381877E-003
   123.07973629915718        2.5719286491590661E-003   1.3923783397252821E-003   2.8895262441147361E-003
   127.42715949490271        2.5733531899362126E-003   1.3914160621718654E-003   2.8870293549759520E-003
   131.92808807993632        2.5748037980091293E-003   1.3905785448989430E-003   2.8847211219356645E-003
   136.58805281121437        2.5762842433110734E-003   1.3898495952868453E-003   2.8825954990091170E-003
   141.41261684513370        2.5778001888519938E-003   1.3892151477312234E-003   2.8806461898252867E-003
   146.40753387824964        2.5793588686057393E-003   1.3886629569576647E-003   2.8788665728999474E-003
   151.57894168226974        2.5809687479969464E-003   1.3881823468697278E-003   2.8772496728603253E-003
   156.93294936957258        2.5826389794262341E-003   1.3877640483769917E-003   2.8757883331046495E-003
   162.47613596373097        2.5843791350464752E-003   1.3873999740660725E-003   2.8744750936302160E-003
   168.21511902855468        2.5861986527248408E-003   1.3870830988626391E-003   2.8733023491521910E-003
   174.15674278185460        2.3941195154835969E-003   1.3080975291735950E-003   2.6662026361906383E-003
   180.30830831190286        2.1479759463583041E-003   1.2072772250318500E-003   2.4019831996380608E-003
   186.67715947709803        1.9338179026923718E-003   1.1195274074057987E-003   2.1720194198899638E-003
   193.27089166569760        1.7475287788331114E-003   1.0431544444318938E-003   1.9718697532107509E-003
   200.09760727912413        1.5855120259200253E-003   9.7668173570777494E-004   1.7976621399203190E-003
   207.16537088595135        1.4446392781295226E-003   9.1882728245071277E-004   1.6460352085842461E-003
   214.48286737908427        1.3221765177412145E-003   8.6847252246760511E-004   1.5140565491057459E-003
   222.05883252794877        1.2157454197504274E-003   8.2464582463390949E-004   1.3991793783409072E-003
   229.90230130529540        1.1232728584098762E-003   7.8650130352293530E-004   1.2991869251454393E-003
   238.02291179328489        1.0429494442806316E-003   7.5330147019844697E-004   1.2121468611430337E-003
   246.43025707061713        9.7320270838291271E-004   7.2440602961717647E-004   1.1363818448488425E-003
   255.13466811288930        9.1265955366812677E-004   6.9925631523631545E-004   1.0704286335602494E-003
   264.14653641505117        8.6012629784175832E-004   6.7736704532134640E-004   1.0130164001988877E-003
   273.47660938458705        8.1456299400816431E-004   6.5831574190022748E-004   9.6303893351809902E-004
   283.13635184814427        7.7506236916876704E-004   6.4173406569160041E-004   9.1953187276380027E-004
   293.13729579387660        7.4083572034074107E-004   6.2730206138822365E-004   8.8165758889957298E-004
   303.49136818478553        7.1119590434428899E-004   6.1474118137593741E-004   8.4868687209194258E-004
   314.21129214162710        6.8554340683638928E-004   6.0380857269005039E-004   8.1998394092046777E-004
   325.30973137660959        6.6335722796281393E-004   5.9429338803253251E-004   7.9499677179152215E-004
   336.80032369109853        6.4418244801942861E-004   5.8601166013346644E-004   7.7324366162437905E-004
   348.69678677735646        6.2762350082363723E-004   5.7880358712715995E-004   7.5430612384955230E-004
   361.01330816366544        6.1333569853446455E-004   5.7253004824449479E-004   7.3781976505473291E-004
   373.76502243504467        6.0027074024447007E-004   5.6606812907796650E-004   7.2213152568342918E-004
   386.96715283564077        5.8642633734043860E-004   5.5700835866209037E-004   7.0389596911097838E-004
   400.63544401132759        5.7445116236462610E-004   5.4912319685500267E-004   6.8802503378439931E-004
   414.78669160661980        5.6409945765010117E-004   5.4226019136673683E-004   6.7421172477370576E-004
   429.43761284149554        5.5515732932865487E-004   5.3628698164134934E-004   6.6218950763464763E-004
   444.60621081975989        5.4743780486925079E-004   5.3108808120901183E-004   6.5172582721525606E-004
   460.31059410826708        5.4077817287977127E-004   5.2656317356588505E-004   6.4261867471239161E-004
   476.56949149896485        5.3503659901231134E-004   5.2262492488072297E-004   6.3469218354294979E-004
   493.40288198244309        5.3008934946731899E-004   5.1919719276796858E-004   6.2779302319015376E-004
   510.83065126063684        5.2582894582665744E-004   5.1621386967039165E-004   6.2178807080016908E-004
   528.87421463804299        5.2216167921143562E-004   5.1361727580296723E-004   6.1656117638128301E-004
   547.55511287104378        5.1900622562790018E-004   5.1135730802906378E-004   6.1201144957352845E-004
   566.89562449487210        5.1629192635057350E-004   5.0939034741549196E-004   6.0805106064204181E-004
   586.91951519858117        5.1395736941345404E-004   5.0767836460316603E-004   6.0460343943521922E-004
   607.65068989177485        5.1194939930439970E-004   5.0618832565873574E-004   6.0160207917563503E-004
   629.11387223602765        5.1022196654581446E-004   5.0489147180523132E-004   5.9898908615757518E-004
   651.33543626567803        5.0873517534624660E-004   5.0376272957623964E-004   5.9671399176562776E-004
   674.34163286578985        5.0745462353823207E-004   5.0278032994517641E-004   5.9473298541952891E-004
   698.16073213207346        5.0635056146964880E-004   5.0192527912635708E-004   5.9300784841571919E-004
   722.82116976782140        5.0038758879157911E-004   4.9617109397794262E-004   5.8191624054446133E-004
   748.35235540965130        4.9372811395760423E-004   4.8968805332980190E-004   5.6943873971965935E-004
   774.78566186873422        4.8793490952048777E-004   4.8404541153786765E-004   5.5857769464600585E-004
   802.15264573967897        4.8289375308064052E-004   4.7913428979124806E-004   5.4912365829454116E-004
   830.48594444209971        4.7850542599142101E-004   4.7485990006073607E-004   5.4089429809714429E-004
   859.82037403360118        4.7468363607274091E-004   4.7113960098543918E-004   5.3373065477386062E-004
   890.19058800385733        4.7135365692957263E-004   4.6790164253473940E-004   5.2749472713798241E-004
   921.63390537915473        4.6845047364231632E-004   4.6508342178523530E-004   5.2206611532170147E-004
   954.18786380243341        4.6591777928512665E-004   4.6263055915102687E-004   5.1734024359265508E-004
   987.89128659474920        4.6370670929288981E-004   4.6049571269537987E-004   5.1322607849091048E-004
   1022.7855886411724        4.6177480167054427E-004   4.5863760714217163E-004   5.0964425992943005E-004
   1058.9119914466876        4.6008531878810453E-004   4.5702040689656254E-004   5.0652589489035113E-004
   1096.3148872627712        4.5860631955845486E-004   4.5561284489177936E-004   5.0381088003669926E-004
   1135.0389283928459        4.5731016143591466E-004   4.5438776121177617E-004   5.0144701387264969E-004
   1175.1302964981960        4.5617286905247990E-004   4.5332151089850879E-004   4.9938885635205895E-004
   1216.6382559936744        4.5517361552499752E-004   4.5239347899112984E-004   4.9759679480431589E-004
   1259.6123598874483        4.5429437888574190E-004   4.5158575844994771E-004   4.9603642399435009E-004
   1304.1038583964914        4.5351952666181458E-004   4.5088275971269743E-004   4.9467779399059507E-004
   1350.1674228314519        4.5283547464614071E-004   4.5027089095083450E-004   4.9349479421698225E-004
   1397.8574692241625        4.2303762977037167E-004   4.2073939909157061E-004   4.6040466567819364E-004
   1447.2325992722181        3.9438516439331615E-004   3.9234580698975985E-004   4.2857409609519894E-004
   1498.3517579647787        3.6944502435368697E-004   3.6763320023964038E-004   4.0086998796597773E-004
   1551.2759091786245        3.2229349265775983E-004   3.2074705707625759E-004   3.4971876786065798E-004
   1606.0700862978565        2.8048037873219892E-004   2.7916495592955094E-004   3.0437458390674462E-004
   1662.7990190437411        2.4409066754857762E-004   2.4297401722255348E-004   2.6491001935451244E-004
   1721.5324161293761        2.1242056023008287E-004   2.1147452272284934E-004   2.3056188660482583E-004
   1782.3403946248577        1.8485859506206769E-004   1.8405866714503043E-004   2.0066725701919566E-004
   1845.2954731357936        1.6087236991029020E-004   1.6019730561074686E-004   1.7464900365709844E-004
   1910.4750110852074        1.3999766185145157E-004   1.3942910082640077E-004   1.5200396203054293E-004
   1977.9568210713478        1.2183119951844423E-004   1.2135331542027202E-004   1.3229506649145662E-004
   2047.8213808026539        1.0602188933177788E-004   1.0562107429551478E-004   1.1514181915957475E-004
   2120.1545400970977        9.2263626992388124E-005   9.1928209161803442E-005   1.0021248480868575E-004
   2195.0417479108573        8.0290652840739400E-005   8.0010638161027902E-005   8.7219050403073269E-005
   2272.5750259096239        6.9871097044812679E-005   6.9637946111561963E-005   7.5910223256516705E-005
   2352.8469348264384        6.0803557743697358E-005   6.0609984498273142E-005   6.6067722022577553E-005
   2435.9532056335870        5.2912710138805999E-005   5.2752507449604247E-005   5.7501516966949260E-005
   2521.9959596104222        4.6045709680109150E-005   4.5913597934713975E-005   5.0045932114043786E-005
   2611.0779162676686        4.0069801028956089E-005   3.9961294301023654E-005   4.3557056236087730E-005
   2703.3053132971791        3.4869421603106872E-005   3.4780712992438408E-005   3.7909604775783332E-005
   2798.7914800504532        3.0343829147263896E-005   3.0271692274401712E-005   3.2994349962593318E-005
   2897.6492167059700        2.6405568009877874E-005   2.6347270758054873E-005   2.8716461102073706E-005
   3000.0000000000000        2.2978341468691636E-005   2.2931573393322268E-005   2.4993199079363552E-005
