         200   4370.0000000000000     
   3.0000000000000000        4.8593841592073773E-004   2.9650784811129679E-003   7.4709497265028932E-004
   3.1059655287322618        5.0335165705886540E-004   2.9650784811129679E-003   7.6599390070969885E-004
   3.2156739552243598        5.2076651390717526E-004   2.9650784811129679E-003   7.8515178970354745E-004
   3.3292574962321346        5.3814125915164308E-004   2.9650784811129679E-003   8.0451175123698109E-004
   3.4468529954360925        5.5543481998121492E-004   2.9650784811129679E-003   8.2401433781949349E-004
   3.5686022069563790        5.7260708853198040E-004   2.9650784811129679E-003   8.4359811944850077E-004
   3.6946518254059528        5.8961917233330387E-004   2.9650784811129679E-003   8.6320026740861516E-004
   3.8251536998800524        6.0643364963997850E-004   2.9650784811129679E-003   8.8275720943177137E-004
   3.9602651907155879        6.2301481642060372E-004   2.9650784811129679E-003   9.0220533250677927E-004
   4.1001490688558144        6.3932885054018146E-004   2.9650784811129679E-003   9.2148163386007525E-004
   4.2449739038313119        6.5534401442701425E-004   2.9650784811129679E-003   9.4052444820690625E-004
   4.3949142193596993        6.7103080242232908E-004   2.9650784811129679E-003   9.5927412831148902E-004
   4.5501507036585132        6.8636207037754303E-004   2.9650784811129679E-003   9.7767370797183532E-004
   4.7108703059600501        7.0131313034719979E-004   2.9650784811129679E-003   9.9566951259889868E-004
   4.8772669425686850        7.1586187641521724E-004   2.9650784811129679E-003   1.0132117829607401E-003
   5.0495410155906377        7.2998877625855233E-004   2.9650784811129679E-003   1.0302550998735603E-003
   5.2279001269311909        7.4367695046805786E-004   2.9650784811129679E-003   1.0467588655954118E-003
   5.4125592113782046        7.5691217300422975E-004   2.9650784811129679E-003   1.0626876317637241E-003
   5.6037407956130689        7.6968286045439919E-004   2.9650784811129679E-003   1.0780113479384402E-003
   5.8016752663703963        7.8198003963744127E-004   2.9650784811129679E-003   1.0927055134387048E-003
   6.0066011480696169        7.9379729455158479E-004   2.9650784811129679E-003   1.1067512316635412E-003
   6.2187653902530293        8.0513069389462203E-004   2.9650784811129679E-003   1.1201351691152656E-003
   6.4384236651766908        8.1597870061881402E-004   2.9650784811129679E-003   1.1328494242323461E-003
   6.6658406759127811        8.2634206520227379E-004   2.9650784811129679E-003   1.1448913137329074E-003
   6.9012904753346884        8.3622370451339140E-004   2.9650784811129679E-003   1.1562630863415403E-003
   7.1450567963692624        8.4562856830481430E-004   2.9650784811129679E-003   1.1669715754241464E-003
   7.3974330131920443        8.5456348258849653E-004   2.9650784811129679E-003   1.1770277886996171E-003
   7.6587243988323896        8.6303706244020967E-004   2.9650784811129679E-003   1.1864465491523246E-003
   7.9292442763577622        8.7105941395118028E-004   2.9650784811129679E-003   1.1952458844631379E-003
   8.2093202460023029        8.7864216012195314E-004   2.9650784811129679E-003   1.2034467707435601E-003
   8.4992881560440416        8.8579808806835809E-004   2.9650784811129679E-003   1.2110724614049762E-003
   8.7994991583321234        8.9254116745148535E-004   2.9650784811129679E-003   1.2181482315295076E-003
   9.1103132457223861        8.9888622149988343E-004   2.9650784811129679E-003   1.2247007662998955E-003
   9.4321068148357909        9.0484893249608391E-004   2.9650784811129679E-003   1.2307579260047560E-003
   9.7652657388916850        9.1044554226045373E-004   2.9650784811129679E-003   1.2363482193435882E-003
   10.110193474162946        9.1569285231538858E-004   2.9650784811129679E-003   1.2415006126361874E-003
   10.467303634806061        9.2060795780289292E-004   2.9650784811129679E-003   1.2462441000671695E-003
   10.837027566606025        9.2520823531295668E-004   2.9650784811129679E-003   1.2506075561307267E-003
   11.219811965471335        9.2951117845731788E-004   2.9650784811129679E-003   1.2546194655905318E-003
   11.616115840724994        9.3353426096758247E-004   2.9650784811129679E-003   1.2583077111422926E-003
   12.026419117330413        9.3729493224204178E-004   2.9650784811129679E-003   1.2616995080504401E-003
   12.451213803399156        9.4081044127707839E-004   2.9650784811129679E-003   1.2648212029894013E-003
   12.891014326336300        9.4409785709917058E-004   2.9650784811129679E-003   1.2676982717323196E-003
   13.346348065368609        9.4717392736663351E-004   2.9650784811129679E-003   1.2703551887352103E-003
   13.817766430769083        9.5005510980898406E-004   2.9650784811129679E-003   1.2728154637644106E-003
   14.305834715756038        9.5275746282213211E-004   2.9650784811129679E-003   1.2751015675817388E-003
   14.811143972217785        9.5529668786306632E-004   2.9650784811129679E-003   1.2772349977371021E-003
   15.334300133051286        9.5768804831393515E-004   2.9650784811129679E-003   1.2792362464853014E-003
   15.875936741648431        9.5994642172568545E-004   2.9650784811129679E-003   1.2811248869211242E-003
   16.436703292225193        9.6208624246186798E-004   2.9650784811129679E-003   1.2829195709679242E-003
   17.017278874447534        9.6412156198373545E-004   2.9650784811129679E-003   1.2846381286113128E-003
   17.618359675531394        9.6606601049759185E-004   2.9650784811129679E-003   1.2862975858747205E-003
   18.240671728221173        9.6793285791133454E-004   2.9650784811129679E-003   1.2879142669258254E-003
   18.884968846184627        9.6973502250936796E-004   2.9650784811129679E-003   1.2895038524552919E-003
   19.552019805756849        9.7148506144259397E-004   2.9650784811129679E-003   1.2910814194638418E-003
   20.242632201214423        9.7319526515095018E-004   2.9650460142307735E-003   1.2926615037642734E-003
   20.957638264717446        9.7487764828217552E-004   2.9649608399354632E-003   1.2942581944310621E-003
   21.697899624358065        9.7654399807361016E-004   2.9648867076949577E-003   1.2958854215351743E-003
   22.464312967141105        9.7820592541358821E-004   2.9648221856528956E-003   1.2975567282776448E-003
   23.257792778673313        9.7987487055990947E-004   2.9647660286498878E-003   1.2992854242861490E-003
   24.079299719823517        9.8156221146059931E-004   2.9647171518797557E-003   1.3010847183927558E-003
   24.929823759061236        9.8327927808519191E-004   2.9646746115280513E-003   1.3029677518146532E-003
   25.810395145829254        9.8503743112383002E-004   2.9646375859323972E-003   1.3049476913548027E-003
   26.722064579292049        9.8684808289004728E-004   2.9646053605653735E-003   1.3070377520217923E-003
   27.665935811728254        9.8872282702581896E-004   2.9645773129173144E-003   1.3092513361577967E-003
   28.643146268414043        9.9067346840560865E-004   2.9645529013858302E-003   1.3116020544206072E-003
   29.654879655490589        9.9271212060951281E-004   2.9645316544647817E-003   1.3141038181441783E-003
   30.702343174827575        9.9333750357016664E-004   2.7871192223703671E-003   1.3146188123935535E-003
   31.786804983723918        9.9331233606961538E-004   2.5499814416373476E-003   1.3142361994359813E-003
   32.909571928103169        9.9339575567220927E-004   2.3435863675091116E-003   1.3140353422339492E-003
   34.072004028335677        9.9359077287782633E-004   2.1639475010276029E-003   1.3140190052790977E-003
   35.275488300232773        9.9390095025354039E-004   2.0075981350904781E-003   1.3141905113387045E-003
   36.521481794408061        9.9433043537284420E-004   1.8715180095501905E-003   1.3145537577555514E-003
   37.811486012809581        9.9488398014599302E-004   1.7530794060031216E-003   1.3151132275154057E-003
   39.147055493126302        9.9556696106391056E-004   1.6499952652846820E-003   1.3158739892564361E-003
   40.529808025860810        9.9638539878241922E-004   1.5602745281542278E-003   1.3168416932801137E-003
   41.961393513511240        9.9734594560042605E-004   1.4821857457180394E-003   1.3180225232720857E-003
   43.443545167355794        9.9845591368752503E-004   1.4142204472755830E-003   1.3194231893718705E-003
   44.978049075047366        9.9972324479548000E-004   1.3550662173303721E-003   1.3210508437552374E-003
   46.566763998623138        1.0011564982307650E-003   1.3035804982073366E-003   1.3229130084076346E-003
   48.211585595230147        1.0027647732307769E-003   1.2587697081073463E-003   1.3250174085070866E-003
   49.914505239722644        1.0045576961999671E-003   1.2197682199604815E-003   1.3273718795880213E-003
   51.677575059319224        1.0065452988551038E-003   1.1858229118265305E-003   1.3299841217161029E-003
   53.502930680545909        1.0087379214703685E-003   1.1562781336805212E-003   1.3328614748462865E-003
   55.392750120602578        1.0111460077429093E-003   1.1305637244306828E-003   1.3360105417467782E-003
   57.349321371645829        1.0137799938671785E-003   1.1081829490566452E-003   1.3394369258444409E-003
   59.375002227322796        1.0166500296981576E-003   1.0887036329472811E-003   1.3431447427456548E-003
   61.472246417894510        1.0197657422720047E-003   1.0717495351787098E-003   1.3471361853299535E-003
   63.643556378429672        1.0231358537486973E-003   1.0569934721503067E-003   1.3514109058988192E-003
   65.891560899834928        1.0267679508421600E-003   1.0441503953821361E-003   1.3559656043850784E-003
   68.218968971510208        1.0306680432663278E-003   1.0329723040067001E-003   1.3607933685417014E-003
   70.628585269218178        1.0324695139716292E-003   1.0225658669219477E-003   1.3626678500090232E-003
   73.123328588587739        1.0277550386041073E-003   1.0116856208696270E-003   1.3555715673996122E-003
   75.706175661273647        1.0233729246784877E-003   1.0022159576233678E-003   1.3487860355419616E-003
   78.380253523498894        1.0193079760543087E-003   9.9397394809776674E-004   1.3422949769163559E-003
   81.148784610322849        1.0155473068183039E-003   9.8680043841177555E-004   1.3360858338570532E-003
   84.015122474940881        1.0120801573309606E-003   9.8055687298693409E-004   1.3301493353672653E-003
   86.982687236203873        1.0088978016889545E-003   9.7512276223750958E-004   1.3244791566305767E-003
   90.055071705548812        1.0059932140491672E-003   9.7039313338005521E-004   1.3190711421752772E-003
   93.235978303002270        1.0033609081109066E-003   9.6627665689277440E-004   1.3139228380099452E-003
   96.529260096906100        1.0009966299120254E-003   9.6269382346907367E-004   1.3090328128419568E-003
   99.938826062156153        9.9889713161224270E-004   9.5957550810600589E-004   1.3044002163623547E-003
   103.46886588546354        9.9705972682528443E-004   9.5686142106829410E-004   1.3000239496085706E-003
   107.12359379692580        9.9548215542371601E-004   9.5449919210451679E-004   1.2959025859237020E-003
   110.90736836557576        9.9416220650555662E-004   9.5244322857015160E-004   1.2920338475545768E-003
   114.82483910697920        9.9309742007948213E-004   9.5065378031718585E-004   1.2884142368800389E-003
   118.88068277378797        9.9228494836963300E-004   9.4909631866116838E-004   1.2850391656474317E-003
   123.07973629915718        9.9172130284914083E-004   9.4774078352039914E-004   1.2819027497871110E-003
   127.42715949490271        9.9140220015106646E-004   9.4656096688019986E-004   1.2789977366824156E-003
   131.92808807993632        9.9132250153251148E-004   9.4553411468819215E-004   1.2763158510476868E-003
   136.58805281121437        9.9147612916333804E-004   9.4464037370965053E-004   1.2738476622155446E-003
   141.41261684513370        9.9185607074068257E-004   9.4386249857289798E-004   1.2715829924701760E-003
   146.40753387824964        9.9245439442379943E-004   9.4318547575251641E-004   1.2695110105980421E-003
   151.57894168226974        9.9326234419973855E-004   9.4259621564021074E-004   1.2676203762720852E-003
   156.93294936957258        9.9427037039095619E-004   9.4208335371118721E-004   1.2658996099935693E-003
   162.47613596373097        9.9546830822439761E-004   9.4163697425573320E-004   1.2643371030362056E-003
   168.21511902855468        9.9684541054004152E-004   9.4124846406285661E-004   1.2629214352739442E-003
   174.15674278185460        9.7602905505160076E-004   9.3183722464010104E-004   1.2378877838112941E-003
   180.30830831190286        9.4912592207908278E-004   9.1994874527870883E-004   1.2063800659918252E-003
   186.67715947709803        9.2604268330872500E-004   9.0960150515982815E-004   1.1789222732334207E-003
   193.27089166569760        9.0629226780890196E-004   9.0059579542890787E-004   1.1549936000152423E-003
   200.09760727912413        8.8944773147213430E-004   8.9275749904118976E-004   1.1341394501920034E-003
   207.16537088595135        8.7513620651098625E-004   8.8593544589062251E-004   1.1159647387989611E-003
   214.48286737908427        8.6303061889569097E-004   8.7999773790706324E-004   1.1001243912473829E-003
   222.05883252794877        8.5284511316409384E-004   8.7482980276632708E-004   1.0863183885436059E-003
   229.90230130529540        8.4432932007403347E-004   8.7033189576397863E-004   1.0742852986571102E-003
   238.02291179328489        8.3726366996543001E-004   8.6641705403998470E-004   1.0637969727346156E-003
   246.43025707061713        8.3145612819692395E-004   8.6300977559629029E-004   1.0546551502902978E-003
   255.13466811288930        8.2673807733969859E-004   8.6004418386447130E-004   1.0466866614362398E-003
   264.14653641505117        8.2296183573654679E-004   8.5746305563008348E-004   1.0397409225202953E-003
   273.47660938458705        8.1999778193974065E-004   8.5521657334204030E-004   1.0336866771128372E-003
   283.13635184814427        8.1773202019732704E-004   8.5326130334894082E-004   1.0284093287730286E-003
   293.13729579387660        8.1606460835454298E-004   8.5155951731720112E-004   1.0238091882280257E-003
   303.49136818478553        8.1490770173768632E-004   8.5007836960535575E-004   1.0197993235933700E-003
   314.21129214162710        8.1418405555687791E-004   8.4878922359617713E-004   1.0163038032594796E-003
   325.30973137660959        8.1382582031886113E-004   8.4766721670100130E-004   1.0132565781683629E-003
   336.80032369109853        8.1377335584469817E-004   8.4669065595718059E-004   1.0105998982957514E-003
   348.69678677735646        8.1397430933580054E-004   8.4584069792640107E-004   1.0082834939807806E-003
   361.01330816366544        8.1438275550830544E-004   8.4510093783378686E-004   1.0062635051710138E-003
   373.76502243504467        8.1365579171059079E-004   8.4271163445131234E-004   1.0021747159564940E-003
   386.96715283564077        8.0872475588822628E-004   8.3464519023555188E-004   9.9063509159418180E-004
   400.63544401132759        8.0457163957474561E-004   8.2762456885891278E-004   9.8059406893674585E-004
   414.78669160661980        8.0108787552311735E-004   8.2151403311878373E-004   9.7185662883619601E-004
   429.43761284149554        7.9817853794454945E-004   8.1619573466008778E-004   9.6425350488523051E-004
   444.60621081975989        7.9576045269079073E-004   8.1156684911490155E-004   9.5763705941095999E-004
   460.31059410826708        7.9376108361621110E-004   8.0753805882449671E-004   9.5187909095443624E-004
   476.56949149896485        7.9211719138264189E-004   8.0403160536393463E-004   9.4686803039646119E-004
   493.40288198244309        7.9077371985100220E-004   8.0097969470782464E-004   9.4250664436745422E-004
   510.83065126063684        7.8968296650896736E-004   7.9832346742616774E-004   9.3871054862950450E-004
   528.87421463804299        7.8880360089346251E-004   7.9601156782815256E-004   9.3540615040137750E-004
   547.55511287104378        7.8810000467959603E-004   7.9399938615678655E-004   9.3252955428822987E-004
   566.89562449487210        7.8754154751804761E-004   7.9224808592116619E-004   9.3002516264301593E-004
   586.91951519858117        7.8710197385338759E-004   7.9072380735559049E-004   9.2784452878578148E-004
   607.65068989177485        7.8675890455749079E-004   7.8939713841445368E-004   9.2594559385908535E-004
   629.11387223602765        7.8649333239738444E-004   7.8824247347427366E-004   9.2429176404651317E-004
   651.33543626567803        7.8628919044721260E-004   7.8723748815939625E-004   9.2285115446424416E-004
   674.34163286578985        7.8613299177329038E-004   7.8636280023047192E-004   9.2159610023154106E-004
   698.16073213207346        7.8601347086899843E-004   7.8560149840768787E-004   9.2050247876898346E-004
   722.82116976782140        7.7853437603420702E-004   7.7755170534591852E-004   9.0541021185358366E-004
   748.35235540965130        7.6985796917938669E-004   7.6837085880976656E-004   8.8811098995964606E-004
   774.78566186873422        7.6231026171429182E-004   7.6038012866293454E-004   8.7305301148078154E-004
   802.15264573967897        7.5574175970450491E-004   7.5342532804958083E-004   8.5994590909349361E-004
   830.48594444209971        7.5002269944405577E-004   7.4737222453205533E-004   8.4853690342751877E-004
   859.82037403360118        7.4504030748326843E-004   7.4210378696816363E-004   8.3860561542157988E-004
   890.19058800385733        7.4069699946856889E-004   7.3751840778581309E-004   8.2996071724547257E-004
   921.63390537915473        7.3690793967584004E-004   7.3352743293150476E-004   8.2243527814107511E-004
   954.18786380243341        7.3359971349350639E-004   7.3005385368973363E-004   8.1588430039866028E-004
   987.89128659474920        7.3070866123056927E-004   7.2703062759085779E-004   8.1018155597197916E-004
   1022.7855886411724        7.2817950863864490E-004   7.2439930336232791E-004   8.0521699593096192E-004
   1058.9119914466876        7.2596447239046502E-004   7.2210913304272524E-004   8.0089507863870930E-004
   1096.3148872627712        7.2402204042538749E-004   7.2011583831307587E-004   7.9713244525372775E-004
   1135.0389283928459        7.2231631637920352E-004   7.1838095712529809E-004   7.9385668980755722E-004
   1175.1302964981960        7.2081619031528251E-004   7.1687100507863922E-004   7.9100477942464363E-004
   1216.6382559936744        7.1949465725528404E-004   7.1555678865077425E-004   7.8852176064902731E-004
   1259.6123598874483        7.1832836702837553E-004   7.1441294909536056E-004   7.8635990111464637E-004
   1304.1038583964914        7.1729707952118097E-004   7.1341740952186709E-004   7.8447764803894770E-004
   1350.1674228314519        7.1638321709706137E-004   7.1255092209600800E-004   7.8283877538051815E-004
   1397.8574692241625        6.5325018236483208E-004   6.4985415644097189E-004   7.1326230392895805E-004
   1447.2325992722181        5.9261947144647416E-004   5.8965087618759182E-004   6.4640740798644399E-004
   1498.3517579647787        5.3984813551810238E-004   5.3725243415058896E-004   5.8821990272335273E-004
   1551.2759091786245        4.7052527216682707E-004   4.6831451413549281E-004   5.1271613966803254E-004
   1606.0700862978565        4.0947897101626502E-004   4.0760155959504484E-004   4.4624277098915583E-004
   1662.7990190437411        3.5635127321557471E-004   3.5476010243197791E-004   3.8838849263870444E-004
   1721.5324161293761        3.1011449556097562E-004   3.0876850208306101E-004   3.3803451731145422E-004
   1782.3403946248577        2.6987578883625097E-004   2.6873931771089534E-004   2.9420903517160660E-004
   1845.2954731357936        2.3485775149485118E-004   2.3389995851177796E-004   2.5606601989303063E-004
   1910.4750110852074        2.0438254274396305E-004   2.0357683778947350E-004   2.2286787241794498E-004
   1977.9568210713478        1.7786132806671967E-004   1.7718484923234700E-004   1.9397389288048044E-004
   2047.8213808026539        1.5478146748292332E-004   1.5421460930010176E-004   1.6882630791537496E-004
   2120.1545400970977        1.3469601827198425E-004   1.3422200970879172E-004   1.4693882811919558E-004
   2195.0417479108573        1.1721695161539259E-004   1.1682147134133726E-004   1.2788925859924717E-004
   2272.5750259096239        1.0200572681248458E-004   1.0167657092758955E-004   1.1130923397669365E-004
   2352.8469348264384        8.8768293497660109E-005   8.8495076777337199E-005   9.6878780912805520E-005
   2435.9532056335870        7.7248679410941518E-005   7.7022576982886377E-005   8.4319340198517947E-005
   2521.9959596104222        6.7223737704602093E-005   6.7037261401577903E-005   7.3388052395441253E-005
   2611.0779162676686        5.8499654770547220E-005   5.8346456224413405E-005   6.3873962449935683E-005
   2703.3053132971791        5.0907720454851158E-005   5.0782422931061493E-005   5.5593419282768391E-005
   2798.7914800504532        4.4300863490447337E-005   4.4198917953516984E-005   4.8386308399823874E-005
   2897.6492167059700        3.8551411534020441E-005   3.8468971208428436E-005   4.2113619019584277E-005
   3000.0000000000000        3.3547984272297620E-005   3.3481799490066286E-005   3.6654064268944060E-005
