         200   4370.0000000000000     
   3.0000000000000000        2.3870918921048245E-003   2.8868560746086850E-002   6.9841640293504224E-003
   3.1059655287322618        2.5198497508445599E-003   2.8868560746086850E-002   7.2215152407261078E-003
   3.2156739552243598        2.6573673237273139E-003   2.8868560746086850E-002   7.4626973207714007E-003
   3.3292574962321346        2.7995689261689923E-003   2.8868560746086850E-002   7.7071187552630403E-003
   3.4468529954360925        2.9463546944032181E-003   2.8868560746086850E-002   7.9541400361851089E-003
   3.5686022069563790        3.0975999951680382E-003   2.8868560746086850E-002   8.2030798020243482E-003
   3.6946518254059528        3.2531547701989071E-003   2.8868560746086850E-002   8.4532213443706226E-003
   3.8251536998800524        3.4128433904318666E-003   2.8868560746086850E-002   8.7038202990270836E-003
   3.9602651907155879        3.5764649788006912E-003   2.8868560746086850E-002   8.9541132279008801E-003
   4.1001490688558144        3.7437934820867464E-003   2.8868560746086850E-002   9.2033258052008557E-003
   4.2449739038313119        3.9145786512650846E-003   2.8868560746086850E-002   9.4506822363271802E-003
   4.3949142193596993        4.0885470398017171E-003   2.8868560746086850E-002   9.6954143167961044E-003
   4.5501507036585132        4.2654033582961220E-003   2.8868560746086850E-002   9.9367704826710587E-003
   4.7108703059600501        4.4448319728013844E-003   2.8868560746086850E-002   1.0174024379224364E-002
   4.8772669425686850        4.6264993229268095E-003   2.8868560746086850E-002   1.0406483797767072E-002
   5.0495410155906377        4.8100552295425817E-003   2.8868560746086850E-002   1.0633497165108419E-002
   5.2279001269311909        4.9951357208777554E-003   2.8868560746086850E-002   1.0854460943576767E-002
   5.4125592113782046        5.1813653512658240E-003   2.8868560746086850E-002   1.1068825160279037E-002
   5.6037407956130689        5.3683597722051484E-003   2.8868560746086850E-002   1.1276098028200692E-002
   5.8016752663703963        5.5557283887976063E-003   2.8868560746086850E-002   1.1475849419316357E-002
   6.0066011480696169        5.7430770675157691E-003   2.8868560746086850E-002   1.1667713166089602E-002
   6.2187653902530293        5.9300108625016225E-003   2.8868560746086850E-002   1.1851388205845059E-002
   6.4384236651766908        6.1161367291709965E-003   2.8868560746086850E-002   1.2026638617970686E-002
   6.6658406759127811        6.3010661956695337E-003   2.8868560746086850E-002   1.2193292634979315E-002
   6.9012904753346884        6.4844179646147571E-003   2.8868560746086850E-002   1.2351240733740566E-002
   7.1450567963692624        6.6658204195130469E-003   2.8868560746086850E-002   1.2500432931788015E-002
   7.3974330131920443        6.8449137485873781E-003   2.8868560746086850E-002   1.2640875223372575E-002
   7.6587243988323896        7.0213535100084982E-003   2.8868560746086850E-002   1.2772626708673619E-002
   7.9292442763577622        7.1948098275688753E-003   2.8868560746086850E-002   1.2895793142106855E-002
   8.2093202460023029        7.3649732110101238E-003   2.8868560746086850E-002   1.3010525327993168E-002
   8.4992881560440416        7.5315521630044523E-003   2.8868560746086850E-002   1.3117011568092942E-002
   8.7994991583321234        7.6942787246357530E-003   2.8868560746086850E-002   1.3215475739017558E-002
   9.1103132457223861        7.8529058254726107E-003   2.8868560746086850E-002   1.3306170188269181E-002
   9.4321068148357909        8.0072122165488965E-003   2.8868560746086850E-002   1.3389373644997024E-002
   9.7652657388916850        8.1569995600945053E-003   2.8868560746086850E-002   1.3465384840028074E-002
   10.110193474162946        8.3020967092535050E-003   2.8868560746086850E-002   1.3534520505809956E-002
   10.467303634806061        8.4423565527277887E-003   2.8868560746086850E-002   1.3597109866706536E-002
   10.837027566606025        8.5776592349466555E-003   2.8868560746086850E-002   1.3653492716701522E-002
   11.219811965471335        8.7079107588150708E-003   2.8868560746086850E-002   1.3704015614772243E-002
   11.616115840724994        8.8330416485436734E-003   2.8868560746086850E-002   1.3749028713963924E-002
   12.026419117330413        8.9530091795818750E-003   2.8868560746086850E-002   1.3788884262985192E-002
   12.451213803399156        9.0677937984969485E-003   2.8868560746086850E-002   1.3823933315537900E-002
   12.891014326336300        9.1774011967245290E-003   2.8868560746086850E-002   1.3854524739647914E-002
   13.346348065368609        9.2818586740826842E-003   2.8868560746086850E-002   1.3881002703946979E-002
   13.817766430769083        9.3812167034953917E-003   2.8868560746086850E-002   1.3903705979927921E-002
   14.305834715756038        9.4755453135586705E-003   2.8868560746086850E-002   1.3922966115408426E-002
   14.811143972217785        9.5649352244164786E-003   2.8868560746086850E-002   1.3939107003683010E-002
   15.334300133051286        9.6494943223702535E-003   2.8868560746086850E-002   1.3952443653205415E-002
   15.875936741648431        9.7293484496427246E-003   2.8868560746086850E-002   1.3963281996624046E-002
   16.436703292225193        9.8046380360326309E-003   2.8868560746086850E-002   1.3971918168583595E-002
   17.017278874447534        9.8755186227932178E-003   2.8868560746086850E-002   1.3978638528256428E-002
   17.618359675531394        9.9421577059108021E-003   2.8868560746086850E-002   1.3983719361344380E-002
   18.240671728221173        1.0004734890500870E-002   2.8868560746086850E-002   1.3987427081477617E-002
   18.884968846184627        1.0063440058155966E-002   2.8868560746086850E-002   1.3990018329698515E-002
   19.552019805756849        1.0118470944886665E-002   2.8868560746086850E-002   1.3991740225769985E-002
   20.242632201214423        1.0170034020029915E-002   2.8868235967052902E-002   1.3992830127230333E-002
   20.957638264717446        1.0218341938289785E-002   2.8867383934967343E-002   1.3993516643770137E-002
   21.697899624358065        1.0263612853359317E-002   2.8866642360913151E-002   1.3994022357976050E-002
   22.464312967141105        1.0306069716576622E-002   2.8865996921466158E-002   1.3994561149732986E-002
   23.257792778673313        1.0345938453730517E-002   2.8865435160805652E-002   1.3995340123408735E-002
   24.079299719823517        1.0383448763365298E-002   2.8864946227187355E-002   1.3996560361331541E-002
   24.929823759061236        1.0418832514538949E-002   2.8864520679262946E-002   1.3998417692790120E-002
   25.810395145829254        1.0452323756204166E-002   2.8864150297619396E-002   1.4001103531406905E-002
   26.722064579292049        1.0484157628301032E-002   2.8863827934557006E-002   1.4004805649451500E-002
   27.665935811728254        1.0514571382499309E-002   2.8863547362865935E-002   1.4009709132656036E-002
   28.643146268414043        1.0543803541503239E-002   2.8863303164683770E-002   1.4015997192376917E-002
   29.654879655490589        1.0572094356241265E-002   2.8863090623348530E-002   1.4023852098839638E-002
   30.702343174827575        1.0584408321583532E-002   2.7110490612679287E-002   1.4011039589899450E-002
   31.786804983723918        1.0588556502543971E-002   2.4767884283884690E-002   1.3988949391765712E-002
   32.909571928103169        1.0592310822893117E-002   2.2728975066676652E-002   1.3968857837106968E-002
   34.072004028335677        1.0595808835621986E-002   2.0954381645855013E-002   1.3950820902377297E-002
   35.275488300232773        1.0599190001492424E-002   1.9409857559414039E-002   1.3934897249175449E-002
   36.521481794408061        1.0602595789228291E-002   1.8065566648330783E-002   1.3921147848128049E-002
   37.811486012809581        1.0606169561733261E-002   1.6895550544674520E-002   1.3909636513689861E-002
   39.147055493126302        1.0610056531953894E-002   1.5877216141363060E-002   1.3900429681853401E-002
   40.529808025860810        1.0614403658943099E-002   1.4990894417442863E-002   1.3893596029827163E-002
   41.961393513511240        1.0619359311780928E-002   1.4219480957396880E-002   1.3889206003873607E-002
   43.443545167355794        1.0625073058323583E-002   1.3548074074117679E-002   1.3887330647277553E-002
   44.978049075047366        1.0631695030645257E-002   1.2963708845530875E-002   1.3888040509572177E-002
   46.566763998623138        1.0639375256802084E-002   1.2455098319248086E-002   1.3891403995266107E-002
   48.211585595230147        1.0648262491913614E-002   1.2012427226678864E-002   1.3897485256988400E-002
   49.914505239722644        1.0658503243490200E-002   1.1627144322019698E-002   1.3906341919958945E-002
   51.677575059319224        1.0670240066009137E-002   1.1291809760729356E-002   1.3918022251710880E-002
   53.502930680545909        1.0683609867615237E-002   1.0999946591335866E-002   1.3932562158126650E-002
   55.392750120602578        1.0698741483781487E-002   1.0745922379488789E-002   1.3949981413196458E-002
   57.349321371645829        1.0715753800044444E-002   1.0524830042905031E-002   1.3970280536575584E-002
   59.375002227322796        1.0734752887524941E-002   1.0332400270401727E-002   1.3993436681927320E-002
   61.472246417894510        1.0755829509718613E-002   1.0164916301339999E-002   1.4019400057376903E-002
   63.643556378429672        1.0779055853337261E-002   1.0019145996281162E-002   1.4048089568801736E-002
   65.891560899834928        1.0804483561015656E-002   9.8922734548189447E-003   1.4079390269480484E-002
   68.218968971510208        1.0832140677756190E-002   9.7818487577546864E-003   1.4113149709793551E-002
   70.628585269218178        1.0838290040746859E-002   9.6794202691641469E-003   1.4116348982519674E-002
   73.123328588587739        1.0779032561900458E-002   9.5732671708885914E-003   1.4028127459537201E-002
   75.706175661273647        1.0723192186140658E-002   9.4808764208648717E-003   1.3943653183321967E-002
   78.380253523498894        1.0670660284984028E-002   9.4004632718467304E-003   1.3862810096184223E-002
   81.148784610322849        1.0621348014061350E-002   9.3304749393204461E-003   1.3785509929361757E-002
   84.015122474940881        1.0575183365370507E-002   9.2695596060691395E-003   1.3711684934128672E-002
   86.982687236203873        1.0532109698754774E-002   9.2165417156970086E-003   1.3641283210869585E-002
   90.055071705548812        1.0492081390644460E-002   9.1703971014577539E-003   1.3574259976553055E-002
   93.235978303002270        1.0455062143658591E-002   9.1302347070594658E-003   1.3510573832610222E-002
   96.529260096906100        1.0421021687851679E-002   9.0952788001156561E-003   1.3450181280731187E-002
   99.938826062156153        1.0389933983806733E-002   9.0648549626768556E-003   1.3393034716893199E-002
   103.46886588546354        1.0361772509529795E-002   9.0383749780646467E-003   1.3339075869890285E-002
   107.12359379692580        1.0336510290173824E-002   9.0153278960285067E-003   1.3288238449785335E-002
   110.90736836557576        1.0314116505838472E-002   8.9952688920257092E-003   1.3240445032740649E-002
   114.82483910697920        1.0294554052522688E-002   8.9778101438188779E-003   1.3195605396619689E-002
   118.88068277378797        1.0277779713203466E-002   8.9626147723689438E-003   1.3153620450180632E-002
   123.07973629915718        1.0263742188814992E-002   8.9493894965505128E-003   1.3114381433850290E-002
   127.42715949490271        1.0252381127900284E-002   8.9378786179222375E-003   1.3077770117345235E-002
   131.92808807993632        1.0243627984448255E-002   8.9278601366187503E-003   1.3043663679241891E-002
   136.58805281121437        1.0237405067206613E-002   8.9191403545962143E-003   1.3011933061699246E-002
   141.41261684513370        1.0233626788713304E-002   8.9115510174212296E-003   1.2982447742855783E-002
   146.40753387824964        1.0232199923370263E-002   8.9049456456638705E-003   1.2955076209173647E-002
   151.57894168226974        1.0233024575265792E-002   8.8991965305877472E-003   1.2929686774375067E-002
   156.93294936957258        1.0235995236539000E-002   8.8941927942299635E-003   1.2906151279593298E-002
   162.47613596373097        1.0241001914495800E-002   8.8898376939891346E-003   1.2884343938831391E-002
   168.21511902855468        1.0247930988489940E-002   8.8860471950898221E-003   1.2864144366572065E-002
   174.15674278185460        1.0027551697523672E-002   8.8216733574184442E-003   1.2603348550605258E-002
   180.30830831190286        9.7452381950840321E-003   8.7407567942100715E-003   1.2276981669339897E-002
   186.67715947709803        9.5024767188832144E-003   8.6703303684528190E-003   1.1992282231601715E-002
   193.27089166569760        9.2942046221425288E-003   8.6090348016670051E-003   1.1743876866035417E-002
   200.09760727912413        9.1159896665685691E-003   8.5556850009210449E-003   1.1527080008124968E-002
   207.16537088595135        8.9639659184233209E-003   8.5092520570442150E-003   1.1337823434627001E-002
   214.48286737908427        8.8347461581338126E-003   8.4688382321336277E-003   1.1172556901958428E-002
   222.05883252794877        8.7253736145919431E-003   8.4336637125201185E-003   1.1028196244137239E-002
   229.90230130529540        8.6332614877694148E-003   8.4030496057704348E-003   1.0902055872797616E-002
   238.02291179328489        8.5561434818904446E-003   8.3764040165255262E-003   1.0791793461243341E-002
   246.43025707061713        8.4920396937675450E-003   8.3532130554970739E-003   1.0695374717174322E-002
   255.13466811288930        8.4392130994820919E-003   8.3330283469634434E-003   1.0611023441045633E-002
   264.14653641505117        8.3961438018802775E-003   8.3154604125306297E-003   1.0537195708658601E-002
   273.47660938458705        8.3614988193454545E-003   8.3001701789749902E-003   1.0472546094784744E-002
   283.13635184814427        8.3341075534666426E-003   8.2868620238126089E-003   1.0415900049859504E-002
   293.13729579387660        8.3129435625174143E-003   8.2752791566671740E-003   1.0366235983229952E-002
   303.49136818478553        8.2971050884124396E-003   8.2651980202322114E-003   1.0322663041175040E-002
   314.21129214162710        8.2857993389395361E-003   8.2564237050851332E-003   1.0284402947395061E-002
   325.30973137660959        8.2783302855746702E-003   8.2487869889758866E-003   1.0250778704840438E-002
   336.80032369109853        8.2740859925356184E-003   8.2421402230816038E-003   1.0221198097138975E-002
   348.69678677735646        8.2725293675831573E-003   8.2363551532984008E-003   1.0195145461506660E-002
   361.01330816366544        8.2731891116986922E-003   8.2313201237985203E-003   1.0172170586670427E-002
   373.76502243504467        8.2622996220844420E-003   8.2094509073268977E-003   1.0128340639260274E-002
   386.96715283564077        8.2084601969805160E-003   8.1304364599197754E-003   1.0009245153254560E-002
   400.63544401132759        8.1627554044807014E-003   8.0616663173771891E-003   9.9054265798107291E-003
   414.78669160661980        8.1240538221758370E-003   8.0018108727781707E-003   9.8148935491242390E-003
   429.43761284149554        8.0913666058485077E-003   7.9497157485053337E-003   9.7359175252384241E-003
   444.60621081975989        8.0638272464583043E-003   7.9043737336496785E-003   9.6669902901356849E-003
   460.31059410826708        8.0406798796913564E-003   7.8649099215906335E-003   9.6068014042605763E-003
   476.56949149896485        8.0212649708113221E-003   7.8305626335992314E-003   9.5542092825011502E-003
   493.40288198244309        8.0050073999884813E-003   7.8006677967196562E-003   9.5082174569974219E-003
   510.83065126063684        7.9914077933079218E-003   7.7746488563744665E-003   9.4679592951370482E-003
   528.87421463804299        7.9800318796868601E-003   7.7520027604849120E-003   9.4326766438984373E-003
   547.55511287104378        7.9705036111322389E-003   7.7322925364266730E-003   9.4017085946273612E-003
   566.89562449487210        7.9624973572359169E-003   7.7151377633122896E-003   9.3744769794536931E-003
   586.91951519858117        7.9557312706868485E-003   7.7002067695147751E-003   9.3504744706112558E-003
   607.65068989177485        7.9499620954901692E-003   7.6872114508251379E-003   9.3292568179856282E-003
   629.11387223602765        7.9449796960180050E-003   7.6759009886501837E-003   9.3104333351172255E-003
   651.33543626567803        7.9406023675126555E-003   7.6660567056943390E-003   9.2936591276186354E-003
   674.34163286578985        7.9366731835756304E-003   7.6574887442098704E-003   9.2786303579914381E-003
   698.16073213207346        7.9330559997673987E-003   7.6500314506083109E-003   9.2650772995841648E-003
   722.82116976782140        7.8535503896336768E-003   7.5674799937289474E-003   9.1090734808598247E-003
   748.35235540965130        7.7616058087731530E-003   7.4732398047998288E-003   8.9304239986326799E-003
   774.78566186873422        7.6811522493602799E-003   7.3912160049515322E-003   8.7743043791658325E-003
   802.15264573967897        7.6106209445285849E-003   7.3198258862750146E-003   8.6377347803220112E-003
   830.48594444209971        7.5486451458209600E-003   7.2576915703540272E-003   8.5181178213037233E-003
   859.82037403360118        7.4940320287422129E-003   7.2036117478205064E-003   8.4131863892177097E-003
   890.19058800385733        7.4457447455563907E-003   7.1565434302362100E-003   8.3209706665044354E-003
   921.63390537915473        7.4028774112533339E-003   7.1155765953369934E-003   8.2397512567588625E-003
   954.18786380243341        7.3646422428098671E-003   7.0799207587302218E-003   8.1680353363826567E-003
   987.89128659474920        7.3303528932590128E-003   7.0488877382335318E-003   8.1045252233870307E-003
   1022.7855886411724        7.2994108423479823E-003   7.0218775391790167E-003   8.0480926649219801E-003
   1058.9119914466876        7.2712972978308688E-003   6.9983692403800457E-003   7.9977631068140279E-003
   1096.3148872627712        7.2455609349171791E-003   6.9779083306835375E-003   7.9526922113140695E-003
   1135.0389283928459        7.2218123592463204E-003   6.9601000021963831E-003   7.9121544783232797E-003
   1175.1302964981960        7.1997161868561678E-003   6.9446005419243409E-003   7.8755274501204672E-003
   1216.6382559936744        7.1789845266936369E-003   6.9311102821788999E-003   7.8422785747703522E-003
   1259.6123598874483        7.1593735311068921E-003   6.9193689187455410E-003   7.8119571502099239E-003
   1304.1038583964914        7.1406782162005810E-003   6.9091498352304107E-003   7.7841834100251849E-003
   1350.1674228314519        7.1227280854144863E-003   6.9002554551320086E-003   7.7586392473048835E-003
   1397.8574692241625        6.4836630758711199E-003   6.2875008281351322E-003   7.0568753657664213E-003
   1447.2325992722181        5.8702529863958750E-003   5.6990245838993070E-003   6.3831926670179576E-003
   1498.3517579647787        5.3359264261210824E-003   5.1868392304772470E-003   5.7967471116071373E-003
   1551.2759091786245        4.6432784343669806E-003   4.5211238171281977E-003   5.0459541891336229E-003
   1606.0700862978565        4.0342920588908576E-003   3.9349989448556610E-003   4.3860897447344348E-003
   1662.7990190437411        3.5050372494840817E-003   3.4248657687513261E-003   3.8126338513893949E-003
   1721.5324161293761        3.0451175202773294E-003   2.9808613370091684E-003   3.3142834140344403E-003
   1782.3403946248577        2.6454986938652760E-003   2.5944182664174010E-003   2.8812227295201389E-003
   1845.2954731357936        2.2983140559732734E-003   2.2580779397901500E-003   2.5049104165115309E-003
   1910.4750110852074        1.9967046723555334E-003   1.9653375288713423E-003   2.1779046932152652E-003
   1977.9568210713478        1.7347127555730239E-003   1.7105483979658750E-003   1.8937463621970596E-003
   2047.8213808026539        1.5071528153865722E-003   1.4887929415189768E-003   1.6468178922161704E-003
   2120.1545400970977        1.3095059940390090E-003   1.2957837234608156E-003   1.4322277627796490E-003
   2195.0417479108573        1.1378511668967450E-003   1.1277983502353537E-003   1.2457348385084769E-003
   2272.5750259096239        9.8877019878378667E-004   9.8158898045951136E-004   1.0836448029026438E-003
   2352.8469348264384        8.5929692608522246E-004   8.5433439972533399E-004   9.4275417863647721E-004
   2435.9532056335870        7.4685238821272791E-004   7.4357850705683852E-004   8.2027951511270622E-004
   2521.9959596104222        6.4919164532040261E-004   6.4717993999655304E-004   7.1379923451059680E-004
   2611.0779162676686        5.6436793846161026E-004   5.6327861921636553E-004   6.2121444586108344E-004
   2703.3053132971791        4.9068980746950076E-004   4.9025519149012062E-004   5.4070215830863790E-004
   2798.7914800504532        4.2668586158707398E-004   4.2669781657274586E-004   4.7067687058543404E-004
   2897.6492167059700        3.7108158693206772E-004   3.7138072107781273E-004   4.0976536053192021E-004
   3000.0000000000000        3.2276790846848773E-004   3.2323440027112515E-004   3.5677248593649709E-004
