         200   4370.0000000000000     
   3.0000000000000000        6.1579426583100874E-003  0.12657625389206342        5.7439838374759326E-003
   3.1059655287322618        6.6287927511628512E-003  0.12657625389206342        6.2438030114248724E-003
   3.2156739552243598        7.1353316352539622E-003  0.12657625389206342        6.7897682813060712E-003
   3.3292574962321346        7.6795340395706436E-003  0.12657625389206342        7.3861519715868445E-003
   3.4468529954360925        8.2633272306893001E-003  0.12657625389206342        8.0375985990265263E-003
   3.5686022069563790        8.8885730158699133E-003  0.12657625389206342        8.7491513634148782E-003
   3.6946518254059528        9.5570503990865495E-003  0.12657625389206342        9.5262771994417978E-003
   3.8251536998800524        1.0270441585518184E-002  0.12657625389206342        1.0374892120292554E-002
   3.9602651907155879        1.1030321737601403E-002  0.12657625389206342        1.1301386181597635E-002
   4.1001490688558144        1.1838149364752202E-002  0.12657625389206342        1.2312642989187526E-002
   4.2449739038313119        1.2695262584013519E-002  0.12657625389206342        1.3416058662649361E-002
   4.3949142193596993        1.3602877173754791E-002  0.12657625389206342        1.4619554061886038E-002
   4.5501507036585132        1.4562087608834097E-002  0.12657625389206342        1.5931580217694360E-002
   4.7108703059600501        1.5573869496026115E-002  0.12657625389206342        1.7361113287467127E-002
   4.8772669425686850        1.6639087272811756E-002  0.12657625389206342        1.8917642879165985E-002
   5.0495410155906377        1.7758494990010684E-002  0.12657625389206342        2.0611134498784187E-002
   5.2279001269311909        1.8932744282933935E-002  0.12657625389206342        2.2451983684376686E-002
   5.4125592113782046        2.0162387485494086E-002  0.12657625389206342        2.4450942130239035E-002
   5.6037407956130689        2.1447879477417206E-002  0.12657625389206342        2.6619017542458403E-002
   5.8016752663703963        2.2789576828578260E-002  0.12657625389206342        2.8967341502862756E-002
   6.0066011480696169        2.4187733716649045E-002  0.12657625389206342        3.1507000545452572E-002
   6.2187653902530293        2.5642494320852114E-002  0.12657625389206342        3.4248825843108642E-002
   6.4384236651766908        2.7153881651179879E-002  0.12657625389206342        3.7203137491931854E-002
   6.6658406759127811        2.8721783041114560E-002  0.12657625389206342        4.0379440495533769E-002
   6.9012904753346884        3.0345932793263367E-002  0.12657625389206342        4.3786071327679768E-002
   7.1450567963692624        3.2025892702002554E-002  0.12657625389206342        4.7429796514739893E-002
   7.3974330131920443        3.3761028754312757E-002  0.12657625389206342        5.1315362179405029E-002
   7.6587243988323896        3.5550503346442296E-002  0.12657625389206342        5.5445045366396030E-002
   7.9292442763577622        3.7393226477324522E-002  0.12657625389206342        5.9818090106031091E-002
   8.2093202460023029        3.9287877872832402E-002  0.12657625389206342        6.4430302967327796E-002
   8.4992881560440416        4.1232848483620639E-002  0.12657625389206342        6.9273478961063312E-002
   8.7994991583321234        4.3226274524958190E-002  0.12657625389206342        7.4335098746390507E-002
   9.1103132457223861        4.5265985066782165E-002  0.12657625389206342        7.9597895916856065E-002
   9.4321068148357909        4.7349548014512140E-002  0.12657625389206342        8.5039790711126051E-002
   9.7652657388916850        4.9474225669128957E-002  0.12657625389206342        9.0633747805595050E-002
   10.110193474162946        5.1637033144740448E-002  0.12657625389206342        9.6348087248897291E-002
   10.467303634806061        5.3834701837102525E-002  0.12657625389206342       0.10214675610209946     
   10.837027566606025        5.6063742156097683E-002  0.12657625389206342       0.10799007966430763     
   11.219811965471335        5.8320446457869796E-002  0.12657625389206342       0.11383556491458093     
   11.616115840724994        6.0600893180379728E-002  0.12657625389206342       0.11963889317326029     
   12.026419117330413        6.2901020563245910E-002  0.12657625389206342       0.12535523045495961     
   12.451213803399156        6.5216600604472846E-002  0.12657625389206342       0.13094036061214726     
   12.891014326336300        6.7543322136500605E-002  0.12657625389206342       0.13635209746450053     
   13.346348065368609        6.9876764470439320E-002  0.12657625389206342       0.14155135963834276     
   13.817766430769083        7.2212480494836875E-002  0.12657625389206342       0.14650336195400013     
   14.305834715756038        7.4545968430688309E-002  0.12657625389206342       0.15117835206137734     
   14.811143972217785        7.6872753087248960E-002  0.12657625389206342       0.15555234001172338     
   15.334300133051286        7.9188355237025027E-002  0.12657625389206342       0.15960733162927859     
   15.875936741648431        8.1488370190441708E-002  0.12657625389206342       0.16333150782449596     
   16.436703292225193        8.3768435224089693E-002  0.12657625389206342       0.16671895656943583     
   17.017278874447534        8.6024305388504557E-002  0.12657625389206342       0.16976937749306134     
   17.618359675531394        8.8251819962176584E-002  0.12657625389206342       0.17248745266222978     
   18.240671728221173        9.0446969289681808E-002  0.12657625389206342       0.17488224944872105     
   18.884968846184627        9.2605899973553396E-002  0.12657625389206342       0.17696646842460934     
   19.552019805756849        9.4724889575130006E-002  0.12657625389206342       0.17875566134941973     
   20.242632201214423        9.6800442153853652E-002  0.12657300608564934       0.18026757372342353     
   20.957638264717446        9.8829255227718002E-002  0.12656448572262319       0.18152142696301785     
   21.697899624358065       0.10080825081645416       0.12655706994537780       0.18253735600375326     
   22.464312967141105       0.10273460447565239       0.12655061551896249       0.18333585561619786     
   23.257792778673313       0.10460571721434592       0.12654499788455359       0.18393734492986955     
   24.079299719823517       0.10641930076090135       0.12654010852417139       0.18436184986920420     
   24.929823759061236       0.10817334745164139       0.12653585302386511       0.18462871828052049     
   25.810395145829254       0.10986616662016790       0.12653214918909797       0.18475643391132693     
   26.722064579292049       0.11149635858523869       0.12652892554251902       0.18476248596749231     
   27.665935811728254       0.11306288730623786       0.12652611981172160       0.18466329868423606     
   28.643146268414043       0.11456505067124674       0.12652367781781362       0.18447419628319170     
   29.654879655490589       0.11600250808053397       0.12652155239394172       0.18420940524596571     
   30.702343174827575       0.11728937547232895       0.11983946636766168       0.18374335423336458     
   31.786804983723918       0.11846857498144103       0.11090841452832206       0.18315559405550874     
   32.909571928103169       0.11958315477195523       0.10313519045274179       0.18252591213630015     
   34.072004028335677       0.12063360433336608        9.6369655142648072E-002  0.18186411880224346     
   35.275488300232773       0.12162075154031003        9.0481245932120813E-002  0.18117915428833750     
   36.521481794408061       0.12254579148110965        8.5356214181602455E-002  0.18047913836152721     
   37.811486012809581       0.12341024962424793        8.0895595106952795E-002  0.17977145476633180     
   39.147055493126302       0.12421597355347723        7.7013253787386174E-002  0.17906280988609349     
   40.529808025860810       0.12496511926560162        7.3634203212235697E-002  0.17835928332653911     
   41.961393513511240       0.12566011230730936        7.0693233781499151E-002  0.17766639063672188     
   43.443545167355794       0.12630364938954899        6.8133533670494351E-002  0.17698909513916211     
   44.978049075047366       0.12689865156482819        6.5905674859790347E-002  0.17633185235396881     
   46.566763998623138       0.12744823945132447        6.3966626492836076E-002  0.17569862076994050     
   48.211585595230147       0.12795568416787248        6.2278968422883281E-002  0.17509288687065838     
   49.914505239722644       0.12842438688122479        6.0810099517328471E-002  0.17451764501913458     
   51.677575059319224       0.12885782210892049        5.9531655796932974E-002  0.17397540844826900     
   53.502930680545909       0.12925949698008329        5.8418944256881281E-002  0.17346819295265925     
   55.392750120602578       0.12963289307679918        5.7450491565292784E-002  0.17299751522389714     
   57.349321371645829       0.12998143030302950        5.6607589753306806E-002  0.17256435901542602     
   59.375002227322796       0.13030840625727594        5.5873962317687716E-002  0.17216917109736524     
   61.472246417894510       0.13061695022429251        5.5235439322354411E-002  0.17181184117132042     
   63.643556378429672       0.13090996773532948        5.4679698421668387E-002  0.17149169841879811     
   65.891560899834928       0.13119010676920806        5.4196004157352588E-002  0.17120749231948654     
   68.218968971510208       0.13145971054441247        5.3775016353425784E-002  0.17095740207329863     
   70.628585269218178       0.13145486147608298        5.3348097635373862E-002  0.17033934528907757     
   73.123328588587739       0.13068749245276665        5.2813717614618713E-002  0.16861957738183858     
   75.706175661273647       0.12993180021246523        5.2348617945204200E-002  0.16696177571039753     
   78.380253523498894       0.12918882405499824        5.1943814119980357E-002  0.16536512495530620     
   81.148784610322849       0.12845975153748584        5.1591489343826159E-002  0.16382896750353759     
   84.015122474940881       0.12774587104466728        5.1284838501072225E-002  0.16235270651301442     
   86.982687236203873       0.12704854927892545        5.1017943781862848E-002  0.16093576695282813     
   90.055071705548812       0.12636916671652382        5.0785649479430914E-002  0.15957747877997230     
   93.235978303002270       0.12570909669473085        5.0583469971712633E-002  0.15827706061378577     
   96.529260096906100       0.12506966157164395        5.0407500182967822E-002  0.15703356614458736     
   99.938826062156153       0.12445211852354282        5.0254345059414209E-002  0.15584589722406153     
   103.46886588546354       0.12385758971405901        5.0121043488790734E-002  0.15471271594960403     
   107.12359379692580       0.12328708554034544        5.0005023321910126E-002  0.15363253987067110     
   110.90736836557576       0.12274146155598775        4.9904045289714552E-002  0.15260370978083709     
   114.82483910697920       0.12222138569284004        4.9816157075609803E-002  0.15162437662833789     
   118.88068277378797       0.12172736775759960        4.9739662813617302E-002  0.15069260094547618     
   123.07973629915718       0.12125973449858075        4.9673086111842714E-002  0.14980634333809434     
   127.42715949490271       0.12081861516945519        4.9615139771507791E-002  0.14896346656572446     
   131.92808807993632       0.12040398488126566        4.9564706234155785E-002  0.14816183867267843     
   136.58805281121437       0.12001563192388676        4.9520810414119709E-002  0.14739928202729702     
   141.41261684513370       0.11965320528008910        4.9482605310142758E-002  0.14667366742407212     
   146.40753387824964       0.11931621307192926        4.9449353537428291E-002  0.14598290620222673     
   151.57894168226974       0.11900402791057089        4.9420412203792091E-002  0.14532494595468115     
   156.93294936957258       0.11871593057656445        4.9395223144008210E-002  0.14469784057345739     
   162.47613596373097       0.11845109639129885        4.9373299350968701E-002  0.14409969657085134     
   168.21511902855468       0.11820863471080274        4.9354217789399732E-002  0.14352873020306706     
   174.15674278185460       0.11537991028465201        4.9026445829546433E-002  0.14027333859358579     
   180.30830831190286       0.11186314476855720        4.8614365858963615E-002  0.13630796702721437     
   186.67715947709803       0.10881288915597294        4.8255708517331818E-002  0.13283163481310992     
   193.27089166569760       0.10616842420485968        4.7943551471154387E-002  0.12978030641156141     
   200.09760727912413       0.10387678031178858        4.7671859453472271E-002  0.12709829148806853     
   207.16537088595135       0.10189192274691862        4.7435392587009170E-002  0.12473734512082471     
   214.48286737908427       0.10017363679994899        4.7229579004227640E-002  0.12265541811663369     
   222.05883252794877        9.8686919729307307E-002   4.7050447384780585E-002  0.12081600036717978     
   229.90230130529540        9.7401213849372545E-002   4.6894540365146863E-002  0.11918727438294034     
   238.02291179328489        9.6289775477915160E-002   4.6758843627707318E-002  0.11774141941855538     
   246.43025707061713        9.5329254347058023E-002   4.6640740112685382E-002  0.11645417635410804     
   255.13466811288930        9.4499131023645738E-002   4.6537946398160841E-002  0.11530421940848611     
   264.14653641505117        9.3781403889259748E-002   4.6448479005859092E-002  0.11427284404839975     
   273.47660938458705        9.3160203052165894E-002   4.6370611153543351E-002  0.11334354890026566     
   283.13635184814427        9.2621473890740713E-002   4.6302837338512433E-002  0.11250169411637974     
   293.13729579387660        9.2152760852357324E-002   4.6243849816510557E-002  0.11173429732668325     
   303.49136818478553        9.1742957025648594E-002   4.6192510087772226E-002  0.11102976645659736     
   314.21129214162710        9.1382100262714552E-002   4.6147825546260242E-002  0.11037768379335820     
   325.30973137660959        9.1061240619941780E-002   4.6108934401791472E-002  0.10976869934796485     
   336.80032369109853        9.0772265177822109E-002   4.6075084730159574E-002  0.10919433258070979     
   348.69678677735646        9.0507807333040924E-002   4.6045623377729897E-002  0.10864691293928690     
   361.01330816366544        9.0261134787490122E-002   4.6019981720127050E-002  0.10811946699160062     
   373.76502243504467        8.9877839418025116E-002   4.5820283572280712E-002  0.10735590530784704     
   386.96715283564077        8.9009269355884144E-002   4.5038055753233490E-002  0.10577817795762422     
   400.63544401132759        8.8221360301104751E-002   4.4357244580316355E-002  0.10434522824878460     
   414.78669160661980        8.7499255405221243E-002   4.3764687200960786E-002  0.10303347252093295     
   429.43761284149554        8.6829718232601757E-002   4.3248955498972501E-002  0.10182235327861369     
   444.60621081975989        8.6200888143889792E-002   4.2800078280240385E-002  0.10069387737352777     
   460.31059410826708        8.5602187930045995E-002   4.2409394137640895E-002   9.9632431702830149E-002
   476.56949149896485        8.5024171010259095E-002   4.2069362598380088E-002   9.8624489108046165E-002
   493.40288198244309        8.4458394251548538E-002   4.1773409468029252E-002   9.7658362545345656E-002
   510.83065126063684        8.3897373699829317E-002   4.1515826967258439E-002   9.6724101853465624E-002
   528.87421463804299        8.3334452417526655E-002   4.1291634977325978E-002   9.5813238565722186E-002
   547.55511287104378        8.2763780829795464E-002   4.1096507553368404E-002   9.4918719827930348E-002
   566.89562449487210        8.2180240415632752E-002   4.0926678601830010E-002   9.4034744147857854E-002
   586.91951519858117        8.1579373728551396E-002   4.0778864637451132E-002   9.3156612186752072E-002
   607.65068989177485        8.0957383440702024E-002   4.0650213484023048E-002   9.2280679942994825E-002
   629.11387223602765        8.0311075356940639E-002   4.0538242085755308E-002   9.1404224616957533E-002
   651.33543626567803        7.9637800864699987E-002   4.0440785579517378E-002   9.0525316705222625E-002
   674.34163286578985        7.8935480873499886E-002   4.0355964410153752E-002   8.9642800738569103E-002
   698.16073213207346        7.8202513368586649E-002   4.0282138639027444E-002   8.8756123912571025E-002
   722.82116976782140        7.6584560588806111E-002   3.9365649790369744E-002   8.6295288263763328E-002
   748.35235540965130        7.4793862326800298E-002   3.8317095128691213E-002   8.3567563666539738E-002
   774.78566186873422        7.3099537246871973E-002   3.7404464979316286E-002   8.1070003266001431E-002
   802.15264573967897        7.1485039790009933E-002   3.6610149490492780E-002   7.8774265096841503E-002
   830.48594444209971        6.9936378033691571E-002   3.5918817826693310E-002   7.6656153392758816E-002
   859.82037403360118        6.8441753047104370E-002   3.5317103731415903E-002   7.4694964765842684E-002
   890.19058800385733        6.6991412693881661E-002   3.4793402491199860E-002   7.2873146519137205E-002
   921.63390537915473        6.5577267924021743E-002   3.4337588828304073E-002   7.1175664548281919E-002
   954.18786380243341        6.4192800940032199E-002   3.3940867491951597E-002   6.9589773953596293E-002
   987.89128659474920        6.2832822507492628E-002   3.3595581487354677E-002   6.8104616382080319E-002
   1022.7855886411724        6.1493256834348600E-002   3.3295055029871040E-002   6.6710887972976876E-002
   1058.9119914466876        6.0171104112604915E-002   3.3033492138562208E-002   6.5400715637904228E-002
   1096.3148872627712        5.8864179849878857E-002   3.2805835737527475E-002   6.4167315717680598E-002
   1135.0389283928459        5.7571106301398126E-002   3.2607693033612287E-002   6.3004927656709717E-002
   1175.1302964981960        5.6291158678904399E-002   3.2435239736282762E-002   6.1908612810271907E-002
   1216.6382559936744        5.5024125886327754E-002   3.2285141620987515E-002   6.0874091664921998E-002
   1259.6123598874483        5.3770317489200387E-002   3.2154502437191292E-002   5.9897714166672826E-002
   1304.1038583964914        5.2530442667743753E-002   3.2040800758749897E-002   5.8976327074793035E-002
   1350.1674228314519        5.1305500459530320E-002   3.1941838269170075E-002   5.8107168348465875E-002
   1397.8574692241625        4.5521817375754926E-002   2.8924930366518595E-002   5.2104035582704197E-002
   1447.2325992722181        4.0101036183348510E-002   2.6005500643075191E-002   4.6431916132640812E-002
   1498.3517579647787        3.5427595772477304E-002   2.3464549909142988E-002   4.1542061703087926E-002
   1551.2759091786245        3.0147339010083620E-002   2.0447178528627836E-002   3.5825379088481775E-002
   1606.0700862978565        2.5616477535991090E-002   1.7796377447263499E-002   3.0869529228358693E-002
   1662.7990190437411        2.1763929429972847E-002   1.5489255468948146E-002   2.6611746880712141E-002
   1721.5324161293761        1.8489817630217124E-002   1.3481206530111369E-002   2.2952455277950676E-002
   1782.3403946248577        1.5708692623850277E-002   1.1733483889646283E-002   1.9806476500745844E-002
   1845.2954731357936        1.3347393886868560E-002   1.0212355297929718E-002   1.7100819852893200E-002
   1910.4750110852074        1.1343278917197856E-002   8.8884111445039996E-003   1.4772866502329214E-002
   1977.9568210713478        9.6429053042612796E-003   7.7361049795984429E-003   1.2769061109769882E-002
   2047.8213808026539        8.2006450954830133E-003   6.7331965012928817E-003   1.1043511214366001E-002
   2120.1545400970977        6.9775385764744048E-003   5.8602954043676268E-003   9.5568396880744682E-003
   2195.0417479108573        5.9404479202045373E-003   5.1005668378713001E-003   8.2753751318825654E-003
   2272.5750259096239        5.0611115989729954E-003   4.4393221546270975E-003   7.1701987269549025E-003
   2352.8469348264384        4.3155231720888570E-003   3.8638021653271395E-003   6.2165631599212035E-003
   2435.9532056335870        3.6832736001688577E-003   3.3628989381448392E-003   5.3932449845741836E-003
   2521.9959596104222        3.1470085679923335E-003   2.9269279737757178E-003   4.6820152100518174E-003
   2611.0779162676686        2.6920204251297620E-003   2.5474769005091871E-003   4.0672626907436744E-003
   2703.3053132971791        2.3058330845006458E-003   2.2172220515191679E-003   3.5355876076528930E-003
   2798.7914800504532        1.9778601129099593E-003   1.9297782556153425E-003   3.0754694786077671E-003
   2897.6492167059700        1.6991505495962389E-003   1.6796018452757307E-003   2.6770369528620031E-003
   3000.0000000000000        1.4621141174780423E-003   1.4618558916477107E-003   2.3317907370028453E-003
