         200   4370.0000000000000     
   3.0000000000000000        2.8295221560786484E-003   2.8618718948928909E-002   1.1166621762961475E-002
   3.1059655287322618        2.9884566689314029E-003   2.8618718948928909E-002   1.1421200610587408E-002
   3.2156739552243598        3.1533807238283630E-003   2.8618718948928909E-002   1.1674414419381616E-002
   3.3292574962321346        3.3242509300853264E-003   2.8618718948928909E-002   1.1925681531424372E-002
   3.4468529954360925        3.5009967205188886E-003   2.8618718948928909E-002   1.2174428354758869E-002
   3.5686022069563790        3.6835193049205074E-003   2.8618718948928909E-002   1.2420095681234769E-002
   3.6946518254059528        3.8716905045927982E-003   2.8618718948928909E-002   1.2662144016705746E-002
   3.8251536998800524        4.0653521543002075E-003   2.8618718948928909E-002   1.2900058782934227E-002
   3.9602651907155879        4.2643160215275495E-003   2.8618718948928909E-002   1.3133355126091878E-002
   4.1001490688558144        4.4683633653380397E-003   2.8618718948928909E-002   1.3361581234429933E-002
   4.2449739038313119        4.6772455400135911E-003   2.8618718948928909E-002   1.3584321845313590E-002
   4.3949142193596993        4.8906845654858432E-003   2.8618718948928909E-002   1.3801200593477503E-002
   4.5501507036585132        5.1083740790483058E-003   2.8618718948928909E-002   1.4011881728735387E-002
   4.7108703059600501        5.3299804149554032E-003   2.8618718948928909E-002   1.4216070976964586E-002
   4.8772669425686850        5.5551447830599300E-003   2.8618718948928909E-002   1.4413516469917911E-002
   5.0495410155906377        5.7834840523493681E-003   2.8618718948928909E-002   1.4604007526786146E-002
   5.2279001269311909        6.0145934031765472E-003   2.8618718948928909E-002   1.4787374371144021E-002
   5.4125592113782046        6.2480483670563905E-003   2.8618718948928909E-002   1.4963486567497977E-002
   5.6037407956130689        6.4834072116736197E-003   2.8618718948928909E-002   1.5132251173531267E-002
   5.8016752663703963        6.7202134862329099E-003   2.8618718948928909E-002   1.5293610539968182E-002
   6.0066011480696169        6.9579987057339070E-003   2.8618718948928909E-002   1.5447539848590954E-002
   6.2187653902530293        7.1962851530651155E-003   2.8618718948928909E-002   1.5594044480368543E-002
   6.4384236651766908        7.4345887777337548E-003   2.8618718948928909E-002   1.5733157303531559E-002
   6.6658406759127811        7.6724221695331080E-003   2.8618718948928909E-002   1.5864935965806778E-002
   6.9012904753346884        7.9092975845186497E-003   2.8618718948928909E-002   1.5989460266199917E-002
   7.1450567963692624        8.1447299993976617E-003   2.8618718948928909E-002   1.6106829670198934E-002
   7.3974330131920443        8.3782398244067521E-003   2.8618718948928909E-002   1.6217160860320816E-002
   7.6587243988323896        8.6093576596992967E-003   2.8618718948928909E-002   1.6320586466654317E-002
   7.9292442763577622        8.8376234951190787E-003   2.8618718948928909E-002   1.6417251532550393E-002
   8.2093202460023029        9.0625947362750325E-003   2.8618718948928909E-002   1.6507314235259356E-002
   8.4992881560440416        9.2838435840047456E-003   2.8618718948928909E-002   1.6590942283720357E-002
   8.7994991583321234        9.5009650121479720E-003   2.8618718948928909E-002   1.6668313980543942E-002
   9.1103132457223861        9.7135740002124524E-003   2.8618718948928909E-002   1.6739615361021708E-002
   9.4321068148357909        9.9213129552542089E-003   2.8618718948928909E-002   1.6805041324476779E-002
   9.7652657388916850        1.0123848724620568E-002   2.8618718948928909E-002   1.6864793363400726E-002
   10.110193474162946        1.0320879322889980E-002   2.8618718948928909E-002   1.6919080632501048E-002
   10.467303634806061        1.0512130667453648E-002   2.8618718948928909E-002   1.6968118095652709E-002
   10.837027566606025        1.0697361962359158E-002   2.8618718948928909E-002   1.7012127279536091E-002
   11.219811965471335        1.0876364826211212E-002   2.8618718948928909E-002   1.7051335299161800E-002
   11.616115840724994        1.1048962442743294E-002   2.8618718948928909E-002   1.7085974117991839E-002
   12.026419117330413        1.1215013593397487E-002   2.8618718948928909E-002   1.7116280820023429E-002
   12.451213803399156        1.1374408635687066E-002   2.8618718948928909E-002   1.7142496217381932E-002
   12.891014326336300        1.1527073227756628E-002   2.8618718948928909E-002   1.7164864943494559E-002
   13.346348065368609        1.1672964064930439E-002   2.8618718948928909E-002   1.7183634140717021E-002
   13.817766430769083        1.1812071764947443E-002   2.8618718948928909E-002   1.7199053258345399E-002
   14.305834715756038        1.1944416439388433E-002   2.8618718948928909E-002   1.7211372832121666E-002
   14.811143972217785        1.2070049816963515E-002   2.8618718948928909E-002   1.7220844062185686E-002
   15.334300133051286        1.2189050741437755E-002   2.8618718948928909E-002   1.7227717724583324E-002
   15.875936741648431        1.2301526631872166E-002   2.8618718948928909E-002   1.7232243623895156E-002
   16.436703292225193        1.2407609003495124E-002   2.8618718948928909E-002   1.7234669686831613E-002
   17.017278874447534        1.2507454376023472E-002   2.8618718948928909E-002   1.7235241386057438E-002
   17.618359675531394        1.2601239912780384E-002   2.8618718948928909E-002   1.7234201060773204E-002
   18.240671728221173        1.2689163643964455E-002   2.8618718948928909E-002   1.7231787406163889E-002
   18.884968846184627        1.2771441814909235E-002   2.8618718948928909E-002   1.7228234994925953E-002
   19.552019805756849        1.2848305354888977E-002   2.8618718948928909E-002   1.7223774032273140E-002
   20.242632201214423        1.2920000916637425E-002   2.8618251467195148E-002   1.7218628950130925E-002
   20.957638264717446        1.2986787068551166E-002   2.8617080071835856E-002   1.7213019396525916E-002
   21.697899624358065        1.3048933067459252E-002   2.8616128916684049E-002   1.7207163165236725E-002
   22.464312967141105        1.3106717578900258E-002   2.8615356589099077E-002   1.7201271445546687E-002
   23.257792778673313        1.3160425871507370E-002   2.8614729475008680E-002   1.7195551102401931E-002
   24.079299719823517        1.3210350582632409E-002   2.8614220267939423E-002   1.7190204816403442E-002
   24.929823759061236        1.3256789227446521E-002   2.8613806799571623E-002   1.7185431685376111E-002
   25.810395145829254        1.3300043909874111E-002   2.8613471067777119E-002   1.7181427729607408E-002
   26.722064579292049        1.3340419631999367E-002   2.8613198460475477E-002   1.7178386633390743E-002
   27.665935811728254        1.3378225350871643E-002   2.8612977107507567E-002   1.7176500327089596E-002
   28.643146268414043        1.3413772646634556E-002   2.8612797372276306E-002   1.7175959872386376E-002
   29.654879655490589        1.3447376062072396E-002   2.8612651429233443E-002   1.7176956269394632E-002
   30.702343174827575        1.3457600581253164E-002   2.6117406110671506E-002   1.7147309807481328E-002
   31.786804983723918        1.3457275980594510E-002   2.2967810121433414E-002   1.7105900701090873E-002
   32.909571928103169        1.3457554820117908E-002   2.0410386252976129E-002   1.7069099888208598E-002
   34.072004028335677        1.3458383029313820E-002   1.8333786030254748E-002   1.7036583264207629E-002
   35.275488300232773        1.3459746791089622E-002   1.6647629423757089E-002   1.7008081100018019E-002
   36.521481794408061        1.3461667038525263E-002   1.5278495996438601E-002   1.6983371188502648E-002
   37.811486012809581        1.3464194485086671E-002   1.4166780551635125E-002   1.6962274285257820E-002
   39.147055493126302        1.3467405132991550E-002   1.3264084579457158E-002   1.6944648834638813E-002
   40.529808025860810        1.3471396158103976E-002   1.2531105318571012E-002   1.6930386047871664E-002
   41.961393513511240        1.3476281934186839E-002   1.1935941256829143E-002   1.6919405531642888E-002
   43.443545167355794        1.3482190487345091E-002   1.1452677123160076E-002   1.6911650186640974E-002
   44.978049075047366        1.3489259848833209E-002   1.1060274023067987E-002   1.6907082009113186E-002
   46.566763998623138        1.3497634651907483E-002   1.0741646995652587E-002   1.6905677431746122E-002
   48.211585595230147        1.3507462489929720E-002   1.0482928412553738E-002   1.6907422726205556E-002
   49.914505239722644        1.3518890794937491E-002   1.0272852872106253E-002   1.6912309272131248E-002
   51.677575059319224        1.3532063234419458E-002   1.0102274739813963E-002   1.6920328852373406E-002
   53.502930680545909        1.3547116443766218E-002   9.9637671612000187E-003   1.6931468889770086E-002
   55.392750120602578        1.3564176268512208E-002   9.8513018603806554E-003   1.6945707310212988E-002
   57.349321371645829        1.3583354955646356E-002   9.7599817527632450E-003   1.6963008102937865E-002
   59.375002227322796        1.3604747553275717E-002   9.6858312192697575E-003   1.6983316328143844E-002
   61.472246417894510        1.3628429028877854E-002   9.6256217967072375E-003   1.7006553756672399E-002
   63.643556378429672        1.3654450790505384E-002   9.5767329857958401E-003   1.7032614035414079E-002
   65.891560899834928        1.3682838911291682E-002   9.5370360175647904E-003   1.7061359682679491E-002
   68.218968971510208        1.3713591333100612E-002   9.5048026852877759E-003   1.7092618309814341E-002
   70.628585269218178        1.3712360960409137E-002   9.4694951520565823E-003   1.7077705929565104E-002
   73.123328588587739        1.3621097069979339E-002   9.4170749904068530E-003   1.6934284057913224E-002
   75.706175661273647        1.3541469088534069E-002   9.3745108989114097E-003   1.6806176414206363E-002
   78.380253523498894        1.3472105133062779E-002   9.3399495063068785E-003   1.6691804791143978E-002
   81.148784610322849        1.3411809265036378E-002   9.3118861830501897E-003   1.6589733307853495E-002
   84.015122474940881        1.3359537362497887E-002   9.2890990713617970E-003   1.6498652446979078E-002
   86.982687236203873        1.3314378331843192E-002   9.2705964060457065E-003   1.6417369987453818E-002
   90.055071705548812        1.3275535107904570E-002   9.2555725242299824E-003   1.6344799021172644E-002
   93.235978303002270        1.3242311215159347E-002   9.2433733615171539E-003   1.6279952995983608E-002
   96.529260096906100        1.3214097629508573E-002   9.2334677747589831E-003   1.6221938596205059E-002
   99.938826062156153        1.3190362644009886E-002   9.2254246852552391E-003   1.6169951669234666E-002
   103.46886588546354        1.3170640798587372E-002   9.2188937416011821E-003   1.6123268263062453E-002
   107.12359379692580        1.3154526580972509E-002   9.2135907215914557E-003   1.6081243381454252E-002
   110.90736836557576        1.3141666231334283E-002   9.2092848015465686E-003   1.6043303586102162E-002
   114.82483910697920        1.3131751188711132E-002   9.2057884185734618E-003   1.6008940620103784E-002
   118.88068277378797        1.3124513441367438E-002   9.2029494124741644E-003   1.5977708854688279E-002
   123.07973629915718        1.3119719982706963E-002   9.2006442102972458E-003   1.5949218582882261E-002
   127.42715949490271        1.3117168364189438E-002   9.1987723990334808E-003   1.5923130072062350E-002
   131.92808807993632        1.3116683053291681E-002   9.1972525349511332E-003   1.5899150876736289E-002
   136.58805281121437        1.3118111590409043E-002   9.1960184138240204E-003   1.5877028518635237E-002
   141.41261684513370        1.3121321429214966E-002   9.1950163275439731E-003   1.5856547900689959E-002
   146.40753387824964        1.3126196845574511E-002   9.1942026584663650E-003   1.5837525942439451E-002
   151.57894168226974        1.3132636474072977E-002   9.1935419637300016E-003   1.5819806815961426E-002
   156.93294936957258        1.3140550339973436E-002   9.1930054960750775E-003   1.5803259585777590E-002
   162.47613596373097        1.3149858139503865E-002   9.1925698873422702E-003   1.5787772916357218E-002
   168.21511902855468        1.3160486474899497E-002   9.1922161801371548E-003   1.5773253192399049E-002
   174.15674278185460        1.2364687526039610E-002   8.9766267842526209E-003   1.4906220694075481E-002
   180.30830831190286        1.1404290024771890E-002   8.7168618655801607E-003   1.3865761203573850E-002
   186.67715947709803        1.0628149661285892E-002   8.5059369771531643E-003   1.3020346766410786E-002
   193.27089166569760        1.0001706599764570E-002   8.3346712260574055E-003   1.2333242575132105E-002
   200.09760727912413        9.4968581451303144E-003   8.1956043948661957E-003   1.1774623937702408E-002
   207.16537088595135        9.0907931814421267E-003   8.0826855948417514E-003   1.1320320471914615E-002
   214.48286737908427        8.7649558366633545E-003   7.9909961613102709E-003   1.0950699784420188E-002
   222.05883252794877        8.5042796582545273E-003   7.9165458327731947E-003   1.0649846941416243E-002
   229.90230130529540        8.2965171512253012E-003   7.8560940220299864E-003   1.0404845703640761E-002
   238.02291179328489        8.1317055886655273E-003   7.8070074900990875E-003   1.0205206605642904E-002
   246.43025707061713        8.0017520706423123E-003   7.7671504498867073E-003   1.0042426095404127E-002
   255.13466811288930        7.9000674038792931E-003   7.7347867563429757E-003   9.9095941397710063E-003
   264.14653641505117        7.8212937405268204E-003   7.7085079636380841E-003   9.8011063880503631E-003
   273.47660938458705        7.7610679748689685E-003   7.6871702390857305E-003   9.7124117201056008E-003
   283.13635184814427        7.7158336021362793E-003   7.6698441261919261E-003   9.6398114297128676E-003
   293.13729579387660        7.6826930682309218E-003   7.6557756043619711E-003   9.5803041021416419E-003
   303.49136818478553        7.6592818358261960E-003   7.6443523153609120E-003   9.5314508825561570E-003
   314.21129214162710        7.6436684040763012E-003   7.6350766686365135E-003   9.4912683081693500E-003
   325.30973137660959        7.6342751607433946E-003   7.6275450747359521E-003   9.4581460211795847E-003
   336.80032369109853        7.6298113183081639E-003   7.6214294626484550E-003   9.4307730386961313E-003
   348.69678677735646        7.6292208463433148E-003   7.6164636851146494E-003   9.4080840732633404E-003
   361.01330816366544        7.6316389652308636E-003   7.6124315975528521E-003   9.3892121293357254E-003
   373.76502243504467        7.6182399314797750E-003   7.5854305033632788E-003   9.3415119260973900E-003
   386.96715283564077        7.5494854039913940E-003   7.4848531262354757E-003   9.1965850868549245E-003
   400.63544401132759        7.4955049797670679E-003   7.4031868033776621E-003   9.0786445574806175E-003
   414.78669160661980        7.4534454008504713E-003   7.3368742063627005E-003   8.9826032019306064E-003
   429.43761284149554        7.4209757605357730E-003   7.2830300307437177E-003   8.9043364660308395E-003
   444.60621081975989        7.3961895973099472E-003   7.2393088615459933E-003   8.8404921966985846E-003
   460.31059410826708        7.3775310609087230E-003   7.2038079833594316E-003   8.7883509585928374E-003
   476.56949149896485        7.3637304499364689E-003   7.1749821553003515E-003   8.7457035320836016E-003
   493.40288198244309        7.3537524026208965E-003   7.1515757442754116E-003   8.7107533756663885E-003
   510.83065126063684        7.3467545393481725E-003   7.1325703220393834E-003   8.6820414835932919E-003
   528.87421463804299        7.3420516544947766E-003   7.1171380255708842E-003   8.6583793031711799E-003
   547.55511287104378        7.3390877758513565E-003   7.1046072518719952E-003   8.6387996169321277E-003
   566.89562449487210        7.3374122811151890E-003   7.0944325760176827E-003   8.6225133383266185E-003
   586.91951519858117        7.3366605542217649E-003   7.0861707961790386E-003   8.6088751026513269E-003
   607.65068989177485        7.3365381361586920E-003   7.0794623653424437E-003   8.5973567995448596E-003
   629.11387223602765        7.3368074791979043E-003   7.0740152867427531E-003   8.5875245036792607E-003
   651.33543626567803        7.3372771558677316E-003   7.0695922894110233E-003   8.5790201359119220E-003
   674.34163286578985        7.3377929108352294E-003   7.0660009258419407E-003   8.5715476243463547E-003
   698.16073213207346        7.3382303666611462E-003   7.0630847587272987E-003   8.5648603176887734E-003
   722.82116976782140        7.2329334029839730E-003   6.9551909042813720E-003   8.3594011945489436E-003
   748.35235540965130        7.1172296899341967E-003   6.8375934659277351E-003   8.1351765187529651E-003
   774.78566186873422        7.0229564764866534E-003   6.7421050042626787E-003   7.9522946126627213E-003
   802.15264573967897        6.9459685100850066E-003   6.6645699266790846E-003   7.8029085253479005E-003
   830.48594444209971        6.8828985598978236E-003   6.6016133766121209E-003   7.6806411035897507E-003
   859.82037403360118        6.8310094333324904E-003   6.5504930103711875E-003   7.5803065888124270E-003
   890.19058800385733        6.7880799164158406E-003   6.5089845474020419E-003   7.4976963215646853E-003
   921.63390537915473        6.7523032840668840E-003   6.4752799078240508E-003   7.4293874673080811E-003
   954.18786380243341        6.7222130032770491E-003   6.4479122887521854E-003   7.3726032206548947E-003
   987.89128659474920        6.6966176228047290E-003   6.4256904643340317E-003   7.3250898659692008E-003
   1022.7855886411724        6.6745489733282962E-003   6.4076464672981519E-003   7.2850189062156553E-003
   1058.9119914466876        6.6552227977998927E-003   6.3929951915375344E-003   7.2509122765277443E-003
   1096.3148872627712        6.6380031823128731E-003   6.3810984376337226E-003   7.2215747656711893E-003
   1135.0389283928459        6.6223772662033255E-003   6.3714384669855389E-003   7.1960453258722804E-003
   1175.1302964981960        6.6079327054742055E-003   6.3635948116399534E-003   7.1735536256953272E-003
   1216.6382559936744        6.5943396980820473E-003   6.3572258074059721E-003   7.1534852412948558E-003
   1259.6123598874483        6.5813378527249892E-003   6.3520542795710766E-003   7.1353553260303281E-003
   1304.1038583964914        6.5687242118590118E-003   6.3478551278941080E-003   7.1187848487931143E-003
   1350.1674228314519        6.5563435781673717E-003   6.3444454402380767E-003   7.1034813210265240E-003
   1397.8574692241625        5.7770278202942272E-003   5.5952557151175905E-003   6.2512458467055675E-003
   1447.2325992722181        5.0754810553748355E-003   4.9207942774901299E-003   5.4834010584179204E-003
   1498.3517579647787        4.5050646973816503E-003   4.3731425614427092E-003   4.8594959365760452E-003
   1551.2759091786245        3.6622868866406917E-003   3.5617205062941320E-003   3.9517993088826423E-003
   1606.0700862978565        2.9679367769295632E-003   2.8920591134385140E-003   3.2041297497971844E-003
   1662.7990190437411        2.4051387641763782E-003   2.3483107569379539E-003   2.5980242017876925E-003
   1721.5324161293761        1.9490019573225189E-003   1.9067901352131601E-003   2.1066755331444757E-003
   1782.3403946248577        1.5793490397356740E-003   1.5482825724850630E-003   1.7083626601248562E-003
   1845.2954731357936        1.2798086670664139E-003   1.2571833690575495E-003   1.3854690511618001E-003
   1910.4750110852074        1.0370922875635427E-003   1.0208124453676493E-003   1.1237009638431906E-003
   1977.9568210713478        8.4043268048076354E-004   8.2888310032184489E-004   9.1148075263292028E-004
   2047.8213808026539        6.8109768717568287E-004   6.7304125689726896E-004   7.3942178837998064E-004
   2120.1545400970977        5.5200281386945144E-004   5.4649855239627008E-004   5.9991034815451406E-004
   2195.0417479108573        4.4741157747552420E-004   4.4374903102078865E-004   4.8678243398046626E-004
   2272.5750259096239        3.6266964778661925E-004   3.6031699482744233E-004   3.9503718071874259E-004
   2352.8469348264384        2.9400869044427842E-004   2.9257153860781545E-004   3.2062561123940778E-004
   2435.9532056335870        2.3837489584492070E-004   2.3756391703548253E-004   2.6026605462021622E-004
   2521.9959596104222        1.9329244795168743E-004   1.9289803623627735E-004   2.1129728375744600E-004
   2611.0779162676686        1.5675756866095789E-004   1.5663006759673254E-004   1.7156467881588772E-004
   2703.3053132971791        1.2714695411277513E-004   1.2718138121319729E-004   1.3932186370424485E-004
   2798.7914800504532        1.0314490616411529E-004   1.0326921271540902E-004   1.1315248524413956E-004
   2897.6492167059700        8.3687020877289237E-005   8.3853128019841186E-005   9.1909850978458914E-005
   3000.0000000000000        6.7910347624919348E-005   6.8087375932939442E-005   7.4663455556988359E-005
