         200   4370.0000000000000     
   3.0000000000000000        1.4166893707327479E-003   11.008077494227818        6.8915125462682292E-004
   3.1059655287322618        1.5166860941602048E-003   11.008077494227818        7.3471523468214258E-004
   3.2156739552243598        1.6234664465101364E-003   11.008077494227818        7.8344569331414895E-004
   3.3292574962321346        1.7374277286019361E-003   11.008077494227818        8.3556359601979536E-004
   3.4468529954360925        1.8589850723191113E-003   11.008077494227818        8.9130471627127937E-004
   3.5686022069563790        1.9885732653537012E-003   11.008077494227818        9.5092055599014060E-004
   3.6946518254059528        2.1266488260327271E-003   11.008077494227818        1.0146791825464431E-003
   3.8251536998800524        2.2736928389841260E-003   11.008077494227818        1.0828661887872933E-003
   3.9602651907155879        2.4302146018736989E-003   11.008077494227818        1.1557857787398392E-003
   4.1001490688558144        2.5967554405971812E-003   11.008077494227818        1.2337616631498782E-003
   4.2449739038313119        2.7738938004109419E-003   11.008077494227818        1.3171382681919897E-003
   4.3949142193596993        2.9622508332463361E-003   11.008077494227818        1.4062818929361709E-003
   4.5501507036585132        3.1624968190151663E-003   11.008077494227818        1.5015819758903239E-003
   4.7108703059600501        3.3753582130796843E-003   11.008077494227818        1.6034523822641756E-003
   4.8772669425686850        3.6016262850326487E-003   11.008077494227818        1.7123331911469996E-003
   5.0495410155906377        3.8421649529500556E-003   11.008077494227818        1.8286918563233338E-003
   5.2279001269311909        4.0979209575990822E-003   11.008077494227818        1.9530252697967136E-003
   5.4125592113782046        4.3699340272946516E-003   11.008077494227818        2.0858616305070941E-003
   5.6037407956130689        4.6593479579510877E-003   11.008077494227818        2.2277625845311924E-003
   5.8016752663703963        4.9674224623177171E-003   11.008077494227818        2.3793255884449228E-003
   6.0066011480696169        5.2955458099694964E-003   11.008077494227818        2.5411865216459387E-003
   6.2187653902530293        5.6452482992425520E-003   11.008077494227818        2.7140225742882246E-003
   6.4384236651766908        6.0182166272330423E-003   11.008077494227818        2.8985554381309791E-003
   6.6658406759127811        6.4163092544936079E-003   11.008077494227818        3.0955548281021649E-003
   6.9012904753346884        6.8415728974945056E-003   11.008077494227818        3.3058423627982335E-003
   7.1450567963692624        7.2962603246719540E-003   11.008077494227818        3.5302958325796573E-003
   7.3974330131920443        7.7828489349894992E-003   11.008077494227818        3.7698535176181047E-003
   7.6587243988323896        8.3040656259040849E-003   11.008077494227818        4.0255211540273323E-003
   7.9292442763577622        8.8629017639169135E-003   11.008077494227818        4.2983734571993394E-003
   8.2093202460023029        9.4626508051115794E-003   11.008077494227818        4.5895660006852520E-003
   8.4992881560440416        1.0106923924653590E-002   11.008077494227818        4.9003353946911890E-003
   8.7994991583321234        1.0799696863337163E-002   11.008077494227818        5.2320134630592522E-003
   9.1103132457223861        1.1545331439527858E-002   11.008077494227818        5.5860277315726015E-003
   9.4321068148357909        1.2348633885562163E-002   11.008077494227818        5.9639178692605585E-003
   9.7652657388916850        1.3214884673822477E-002   11.008077494227818        6.3673365494443359E-003
   10.110193474162946        1.4149911719527054E-002   11.008077494227818        6.7980685049277749E-003
   10.467303634806061        1.5160131018727660E-002   11.008077494227818        7.2580318559041434E-003
   10.837027566606025        1.6252634600087867E-002   11.008077494227818        7.7492987037993104E-003
   11.219811965471335        1.7435260531440608E-002   11.008077494227818        8.2741045904197001E-003
   11.616115840724994        1.8716666808673971E-002   11.008077494227818        8.8348573986056084E-003
   12.026419117330413        2.0106450208049086E-002   11.008077494227818        9.4341637263389601E-003
   12.451213803399156        2.1615216718438256E-002   11.008077494227818        1.0074832100674147E-002
   12.891014326336300        2.3254721970326943E-002   11.008077494227818        1.0759905258673867E-002
   13.346348065368609        2.5037947512977193E-002   11.008077494227818        1.1492664545301217E-002
   13.817766430769083        2.6979255337022910E-002   11.008077494227818        1.2276667613841306E-002
   14.305834715756038        2.9094462219709859E-002   11.008077494227818        1.3115754322150926E-002
   14.811143972217785        3.1401002494671246E-002   11.008077494227818        1.4014090806707980E-002
   15.334300133051286        3.3917992293441439E-002   11.008077494227818        1.4976177210408783E-002
   15.875936741648431        3.6666396262230130E-002   11.008077494227818        1.6006899195444142E-002
   16.436703292225193        3.9669075704015205E-002   11.008077494227818        1.7111537824751451E-002
   17.017278874447534        4.2950958266730552E-002   11.008077494227818        1.8295829678651024E-002
   17.618359675531394        4.6539066143999198E-002   11.008077494227818        1.9565979171097116E-002
   18.240671728221173        5.0462676506815143E-002   11.008077494227818        2.0928724344685099E-002
   18.884968846184627        5.4753396717668629E-002   11.008077494227818        2.2391377256284321E-002
   19.552019805756849        5.9445144139858179E-002   11.008077494227818        2.3961840860071883E-002
   20.242632201214423        6.4574353372596968E-002   11.007896136422294        2.5648713449702022E-002
   20.957638264717446        7.0179901274177600E-002   11.007441697935340        2.7461311183835005E-002
   21.697899624358065        7.6303110609519040E-002   11.007072700820391        2.9409737293649582E-002
   22.464312967141105        8.2987707560072441E-002   11.006773079197032        3.1504959504738965E-002
   23.257792778673313        9.0279492048360444E-002   11.006529792610550        3.3758828904089058E-002
   24.079299719823517        9.8226301650908482E-002   11.006332247615800        3.6184228112276291E-002
   24.929823759061236       0.10687745672230423        11.006171844095354        3.8795100659903985E-002
   25.810395145829254       0.11628331315450635        11.006041598190327        4.1606562664718301E-002
   26.722064579292049       0.12649433777144595        11.005935841198283        4.4634921335901495E-002
   27.665935811728254       0.13756059071707558        11.005849968134999        4.7897864720196949E-002
   28.643146268414043       0.14953051113879692        11.005780240518360        5.1414488908400439E-002
   29.654879655490589       0.16244993401538099        11.005723622455932        5.5205431792871962E-002
   30.702343174827575       0.17625735200157114        10.995911218454241        5.9248372334865788E-002
   31.786804983723918       0.19104896725007364        10.983546109864863        6.3592824908954002E-002
   32.909571928103169       0.20690662568426951        10.973505830428850        6.8286659893301349E-002
   34.072004028335677       0.22385167406156078        10.965353233289916        7.3356731555086305E-002
   35.275488300232773       0.24189700927816879        10.958733492342429        7.8831836437343566E-002
   36.521481794408061       0.26104699215751476        10.953358363735481        8.4742946605842959E-002
   37.811486012809581       0.28129668957203696        10.948993841351497        9.1123131895851570E-002
   39.147055493126302       0.30263199442564276        10.945449915794923        9.8007612652956100E-002
   40.529808025860810       0.32503021305580432        10.942572286986154       0.10543380991613513     
   41.961393513511240       0.34846043251076020        10.940235711667599       0.11344114856272168     
   43.443545167355794       0.37288567971025516        10.938338448173932       0.12207127980732198     
   44.978049075047366       0.39826419560398185        10.936797899176529       0.13136784234346313     
   46.566763998623138       0.42455191807436649        10.935546990232345       0.14137647579639132     
   48.211585595230147       0.45170437894711113        10.934531277936220       0.15214446628898665     
   49.914505239722644       0.47968041373475345        10.933706535055382       0.16372097081001577     
   51.677575059319224       0.50844446483847672        10.933036856424854       0.17615664016984831     
   53.502930680545909       0.53796986868993490        10.932493084697990       0.18950360879539507     
   55.392750120602578       0.56824102048307124        10.932051553256523       0.20381502743178581     
   57.349321371645829       0.59925708153107549        10.931693036465500       0.21914540679733269     
   59.375002227322796       0.63103360106562401        10.931401926303531       0.23555020150044986     
   61.472246417894510       0.66360474358691635        10.931165548034471       0.25308592503238714     
   63.643556378429672       0.69702380179991263        10.930973613749018       0.27180970408182037     
   65.891560899834928       0.73136498283226570        10.930817766038857       0.29177993185459233     
   68.218968971510208       0.76672253298136639        10.930691220077026       0.31305594547807075     
   70.628585269218178       0.80065215006829993        10.929586915929635       0.33454235901396617     
   73.123328588587739       0.82888768049828931        10.926086094034408       0.35429148761427137     
   75.706175661273647       0.85909147644967121        10.923243498766347       0.37575559256765140     
   78.380253523498894       0.89129241716641405        10.920935354797471       0.39894941347516544     
   81.148784610322849       0.92553870212167100        10.919061177125782       0.42389505807710370     
   84.015122474940881       0.96189305545375592        10.917539365345441       0.45062177571734224     
   86.982687236203873        1.0004267373187370        10.916303685526463       0.47916484422622296     
   90.055071705548812        1.0412158691876769        10.915300332374596       0.50956605242603548     
   93.235978303002270        1.0843358363166209        10.914485624930283       0.54187257471993799     
   96.529260096906100        1.1298573038470481        10.913824091392112       0.57613675761216587     
   99.938826062156153        1.1778406745637096        10.913286942650990       0.61241437416386857     
   103.46886588546354        1.2283353378541251        10.912850780879996       0.65076605845153002     
   107.12359379692580        1.2813724894423961        10.912496624616910       0.69125337215482807     
   110.90736836557576        1.3369634645759436        10.912209058560293       0.73393843229563571     
   114.82483910697920        1.3950988433026179        10.911975556532056       0.77888348616315617     
   118.88068277378797        1.4557416642702383        10.911785956683419       0.82614516208146971     
   123.07973629915718        1.5188265741945040        10.911632006333036       0.87577233433959278     
   127.42715949490271        1.5842596202412105        10.911506999510298       0.92780348599080087     
   131.92808807993632        1.6519104716877320        10.911405497086596       0.98225680842403951     
   136.58805281121437        1.7216163047555122        10.911323077686761        1.0391280689012212     
   141.41261684513370        1.7931741699680774        10.911256154474758        1.0983775781694891     
   146.40753387824964        1.8663415748546865        10.911201814495044        1.1599218249156713     
   151.57894168226974        1.9408379648086069        10.911157690735651        1.2236240548744917     
   156.93294936957258        2.0163380661302091        10.911121863343038        1.2892760190481809     
   162.47613596373097        2.0924792461698165        10.911092771700794        1.3565900630002650     
   168.21511902855468        2.1688566048283189        10.911069149760481        1.4251797477478392     
   174.15674278185460        2.1575196300695088        10.884878864613139        1.4172265948096396     
   180.30830831190286        2.1205799384068902        10.853315856853479        1.3820990400366973     
   186.67715947709803        2.0959983012571621        10.827687207980659        1.3536691421087343     
   193.27089166569760        2.0813192603532946        10.806877384012049        1.3309348523260036     
   200.09760727912413        2.0744735553031517        10.789979923437182        1.3129718557446284     
   207.16537088595135        2.0736959789768235        10.776259606700016        1.2988998609983728     
   214.48286737908427        2.0774623206539262        10.765118786312039        1.2878577408154963     
   222.05883252794877        2.0844437435965513        10.756072621382101        1.2789957405680665     
   229.90230130529540        2.0934734812749549        10.748727360977695        1.2714803118408968     
   238.02291179328489        2.1035239890501773        10.742763050646095        1.2645125752691937     
   246.43025707061713        2.1136901074263164        10.737920179345656        1.2573572292995316     
   255.13466811288930        2.1231791864542280        10.733987794958757        1.2493745905322526     
   264.14653641505117        2.1313031370360496        10.730794762803756        1.2400522504594789     
   273.47660938458705        2.1374741361706264        10.728202100295439        1.2290284811384049     
   283.13635184814427        2.1412014360716474        10.726096872851702        1.2161036219755370     
   293.13729579387660        2.1420882068967955        10.724387462412599        1.2012390413441805     
   303.49136818478553        2.1398292687482567        10.722999463751265        1.1845419971516229     
   314.21129214162710        2.1342079049579841        10.721872416607898        1.1662398525492454     
   325.30973137660959        2.1250926245668738        10.720957282424486        1.1466502568131589     
   336.80032369109853        2.1124323971094134        10.720214198590236        1.1261463807570542     
   348.69678677735646        2.0962523423260517        10.719610826604384        1.1051274582784349     
   361.01330816366544        2.0766479189690701        10.719120903593788        1.0839917660767420     
   373.76502243504467        2.0451498619506143        10.426121923031147        1.0451105642130720     
   386.96715283564077        1.9816449737646438        9.2182667880788340       0.94362977961615702     
   400.63544401132759        1.9192594932808889        8.2375185300369136       0.84880309781388663     
   414.78669160661980        1.8575480563496698        7.4411564344657455       0.76169729603064373     
   429.43761284149554        1.7962091972732237        6.7945302659783282       0.68288485630782958     
   444.60621081975989        1.7350552129677497        6.2694734368019134       0.61249074775744061     
   460.31059410826708        1.6739957765735356        5.8431358324869578       0.55029505710750071     
   476.56949149896485        1.6130168085110970        5.4969603262776552       0.49583537207131168     
   493.40288198244309        1.5521617303003987        5.2158677530309108       0.44850083530919616     
   510.83065126063684        1.4915221154184226        4.9876275911251113       0.40761275893211690     
   528.87421463804299        1.4312195155792942        4.8022978572832296       0.37247544320014120     
   547.55511287104378        1.3713999357829594        4.6518131281189312       0.34241659464160562     
   566.89562449487210        1.3122227620470270        4.5296232795858096       0.31680792030675503     
   586.91951519858117        1.2538513162321572        4.4304058065620513       0.29507635975524876     
   607.65068989177485        1.1964510779936313        4.3498428324141276       0.27671071406553721     
   629.11387223602765        1.1401827626277052        4.2844277058216758       0.26126085335625054     
   651.33543626567803        1.0851966947017588        4.2313109892044736       0.24833489119289820     
   674.34163286578985        1.0316347221726772        4.1881815394983422       0.23759634915873459     
   698.16073213207346       0.97962311899664600        4.1531606677637614       0.22875804284627371     
   722.82116976782140       0.92717173443734058        4.1226207900586420       0.21882142908135330     
   748.35235540965130       0.87628175019380539        4.0972253594068375       0.21011441183525467     
   774.78566186873422       0.82767182078482204        4.0766044118741993       0.20328441730051641     
   802.15264573967897       0.78133042557140231        4.0598605379138197       0.19806724642336526     
   830.48594444209971       0.73724762718297032        4.0462649296787498       0.19424940247313330     
   859.82037403360118       0.69541176975761643        4.0352253718963649       0.19165966157841904     
   890.19058800385733       0.65581200985048560        4.0262615261905914       0.19016227107480560     
   921.63390537915473       0.61843393751848630        4.0189829336546579       0.18965078946204267     
   954.18786380243341       0.58326307211773820        4.0130728349146167       0.19004337551271319     
   987.89128659474920       0.55028395223889692        4.0082739820750568       0.19127871685045306     
   1022.7855886411724       0.51948012419240885        4.0043773404319971       0.19331291980027879     
   1058.9119914466876       0.49083826314370732        4.0012133645601695       0.19611682681911957     
   1096.3148872627712       0.46434709612834540        3.9986442338633110       0.19967419253473292     
   1135.0389283928459       0.44000210333986334        3.9965581415289222       0.20397990882533418     
   1175.1302964981960       0.41780707933768801        3.9948642865591668       0.20903887327350254     
   1216.6382559936744       0.39777661791606000        3.9934888858054571       0.21486532955306806     
   1259.6123598874483       0.37994134212144914        3.9923720827667752       0.22148188868419499     
   1304.1038583964914       0.36435114936945551        3.9914652665409980       0.22891926805920823     
   1350.1674228314519       0.35107941685842881        3.9907289368417733       0.23721638807084275     
   1397.8574692241625       0.29600483243996389        3.3417111555903882       0.21246663219776815     
   1447.2325992722181       0.24799098307303610        2.7157608201826586       0.18842150337908162     
   1498.3517579647787       0.20988137930104750        2.2074993300189205       0.16870857222894478     
   1551.2759091786245       0.16790380812222414        1.7925250226322300       0.14354855000716094     
   1606.0700862978565       0.13526481544740940        1.4555011597931389       0.12215880901351275     
   1662.7990190437411       0.11008989105377859        1.1818461850920075       0.10416037628633708     
   1721.5324161293761        9.0604684806267932E-002  0.95963987747993829        8.8982424008508601E-002
   1782.3403946248577        7.5456714020501178E-002  0.77921197027683864        7.6156156647120873E-002
   1845.2954731357936        6.3614069752835928E-002  0.63270900765245208        6.5295091828843216E-002
   1910.4750110852074        5.4289050084702695E-002  0.51374942208472030        5.6079558412555526E-002
   1977.9568210713478        4.6881077843215872E-002  0.41715617369140751        4.8245174053300866E-002
   2047.8213808026539        4.0932155426626579E-002  0.33872486404259505        4.1572450666613019E-002
   2120.1545400970977        3.6093277762192587E-002  0.27503907964464791        3.5878582321894649E-002
   2195.0417479108573        3.2099394396658487E-002  0.22332781038487182        3.1011432454440175E-002
   2272.5750259096239        2.8749473878022444E-002  0.18133854921139089        2.6843662370202397E-002
   2352.8469348264384        2.5891962966340984E-002  0.14724395216798938        2.3268817214464357E-002
   2435.9532056335870        2.3413167496174551E-002  0.11955998933888878        2.0197567919803185E-002
   2521.9959596104222        2.1228354292837419E-002   9.7080766488865766E-002   1.7554721125558611E-002
   2611.0779162676686        1.9275076673381377E-002   7.8828003198894006E-002   1.5277043273723286E-002
   2703.3053132971791        1.7507744155960660E-002   6.4007214444455840E-002   1.3311161145958468E-002
   2798.7914800504532        1.5893413834495270E-002   5.1972816938549132E-002   1.1611885481650586E-002
   2897.6492167059700        1.4408684674634910E-002   4.2201186178401399E-002   1.0141021646756111E-002
   3000.0000000000000        1.3037010114474612E-002   3.4266676700061803E-002   8.8660920208743117E-003
