         200   4370.0000000000000     
   3.0000000000000000        6.4987748440649743E-004   2.9844125359760462E-003   1.0646580321623891E-003
   3.1059655287322618        6.7124411523368987E-004   2.9844125359760462E-003   1.0840824961049751E-003
   3.2156739552243598        6.9259377307731118E-004   2.9844125359760462E-003   1.1036511065361046E-003
   3.3292574962321346        7.1388195931049918E-004   2.9844125359760462E-003   1.1233059069933411E-003
   3.4468529954360925        7.3506465375136056E-004   2.9844125359760462E-003   1.1429881385039279E-003
   3.5686022069563790        7.5609857687238869E-004   2.9844125359760462E-003   1.1626387106633831E-003
   3.6946518254059528        7.7694139720493015E-004   2.9844125359760462E-003   1.1821986450945678E-003
   3.8251536998800524        7.9755196503057462E-004   2.9844125359760462E-003   1.2016095625302762E-003
   3.9602651907155879        8.1789055699568042E-004   2.9844125359760462E-003   1.2208141956660367E-003
   4.1001490688558144        8.3791904037421939E-004   2.9844125359760462E-003   1.2397568366192861E-003
   4.2449739038313119        8.5760110495828365E-004   2.9844125359760462E-003   1.2583838530670593E-003
   4.3949142193596993        8.7690244630533811E-004   2.9844125359760462E-003   1.2766441575738990E-003
   4.5501507036585132        8.9579094456088484E-004   2.9844125359760462E-003   1.2944896651121487E-003
   4.7108703059600501        9.1423681553029132E-004   2.9844125359760462E-003   1.3118757097912903E-003
   4.8772669425686850        9.3221281303854054E-004   2.9844125359760462E-003   1.3287614880010210E-003
   5.0495410155906377        9.4969427584889728E-004   2.9844125359760462E-003   1.3451103260911815E-003
   5.2279001269311909        9.6665929040006037E-004   2.9844125359760462E-003   1.3608900217337580E-003
   5.4125592113782046        9.8308876124877844E-004   2.9844125359760462E-003   1.3760730570119499E-003
   5.6037407956130689        9.9896647021953302E-004   2.9844125359760462E-003   1.3906367552604588E-003
   5.8016752663703963        1.0142791091493524E-003   2.9844125359760462E-003   1.4045633645667678E-003
   6.0066011480696169        1.0290162855004386E-003   2.9844125359760462E-003   1.4178400662033842E-003
   6.2187653902530293        1.0431705007032429E-003   2.9844125359760462E-003   1.4304589086943094E-003
   6.4384236651766908        1.0567371016979249E-003   2.9844125359760462E-003   1.4424166706344269E-003
   6.6658406759127811        1.0697142067325033E-003   2.9844125359760462E-003   1.4537146576281037E-003
   6.9012904753346884        1.0821026070245284E-003   2.9844125359760462E-003   1.4643584406625579E-003
   7.1450567963692624        1.0939056463773909E-003   2.9844125359760462E-003   1.4743575447809655E-003
   7.3974330131920443        1.1051290650311710E-003   2.9844125359760462E-003   1.4837250845761327E-003
   7.6587243988323896        1.1157809240566036E-003   2.9844125359760462E-003   1.4924774510455133E-003
   7.9292442763577622        1.1258712582563365E-003   2.9844125359760462E-003   1.5006337667982082E-003
   8.2093202460023029        1.1354121300750735E-003   2.9844125359760462E-003   1.5082156715579506E-003
   8.4992881560440416        1.1444172016605103E-003   2.9844125359760462E-003   1.5152467226454542E-003
   8.7994991583321234        1.1529017686768921E-003   2.9844125359760462E-003   1.5217521793883721E-003
   9.1103132457223861        1.1608823524362618E-003   2.9844125359760462E-003   1.5277584575211043E-003
   9.4321068148357909        1.1683767088431654E-003   2.9844125359760462E-003   1.5332929287658525E-003
   9.7652657388916850        1.1754034503088072E-003   2.9844125359760462E-003   1.5383834508425620E-003
   10.110193474162946        1.1819820416179821E-003   2.9844125359760462E-003   1.5430582032800375E-003
   10.467303634806061        1.1881324591569604E-003   2.9844125359760462E-003   1.5473453036661631E-003
   10.837027566606025        1.1938751670932247E-003   2.9844125359760462E-003   1.5512726793202568E-003
   11.219811965471335        1.1992309012366729E-003   2.9844125359760462E-003   1.5548678264284588E-003
   11.616115840724994        1.2042204873458666E-003   2.9844125359760462E-003   1.5581576214364304E-003
   12.026419117330413        1.2088648236741931E-003   2.9844125359760462E-003   1.5611682634653634E-003
   12.451213803399156        1.2131846505381569E-003   2.9844125359760462E-003   1.5639250953290141E-003
   12.891014326336300        1.2172005634884203E-003   2.9844125359760462E-003   1.5664526017264927E-003
   13.346348065368609        1.2209328278106964E-003   2.9844125359760462E-003   1.5687742943481864E-003
   13.817766430769083        1.2244014057088786E-003   2.9844125359760462E-003   1.5709127447753799E-003
   14.305834715756038        1.2276258130667214E-003   2.9844125359760462E-003   1.5728895208458014E-003
   14.811143972217785        1.2306251608600828E-003   2.9844125359760462E-003   1.5747252460328182E-003
   15.334300133051286        1.2334180496720306E-003   2.9844125359760462E-003   1.5764395748102586E-003
   15.875936741648431        1.2360226237446220E-003   2.9844125359760462E-003   1.5780512709820985E-003
   16.436703292225193        1.2384564973230094E-003   2.9844125359760462E-003   1.5795782111948540E-003
   17.017278874447534        1.2407368185259251E-003   2.9844125359760462E-003   1.5810374759641645E-003
   17.618359675531394        1.2428802210042841E-003   2.9844125359760462E-003   1.5824453722511830E-003
   18.240671728221173        1.2449028887754100E-003   2.9844125359760462E-003   1.5838175284013007E-003
   18.884968846184627        1.2468205620326332E-003   2.9844125359760462E-003   1.5851689527019868E-003
   19.552019805756849        1.2486485266280896E-003   2.9844125359760462E-003   1.5865140768260733E-003
   20.242632201214423        1.2504017144200320E-003   2.9843658036664100E-003   1.5878667778715910E-003
   20.957638264717446        1.2520946944214648E-003   2.9842487038811458E-003   1.5892405182478810E-003
   21.697899624358065        1.2537417268617182E-003   2.9841536206428993E-003   1.5906487079751315E-003
   22.464312967141105        1.2553568208837976E-003   2.9840764140929188E-003   1.5921043325366510E-003
   23.257792778673313        1.2569537510884890E-003   2.9840137239646558E-003   1.5936201753711902E-003
   24.079299719823517        1.2585461766585551E-003   2.9839628205373960E-003   1.5952089471198663E-003
   24.929823759061236        1.2601476723109947E-003   2.9839214877314404E-003   1.5968833293588775E-003
   25.810395145829254        1.2617718247489413E-003   2.9838879259448665E-003   1.5986560719612173E-003
   26.722064579292049        1.2634322784320839E-003   2.9838606744654827E-003   1.6005400284350808E-003
   27.665935811728254        1.2651428841056801E-003   2.9838385466801837E-003   1.6025482964081633E-003
   28.643146268414043        1.2669177562817777E-003   2.9838205792562756E-003   1.6046942528401584E-003
   29.654879655490589        1.2687713926819149E-003   2.9838059899044873E-003   1.6069916534036043E-003
   30.702343174827575        1.2685634453010932E-003   2.7312167747874099E-003   1.6063498405967567E-003
   31.786804983723918        1.2675489621693117E-003   2.4123887457412306E-003   1.6045742364143196E-003
   32.909571928103169        1.2668171644697763E-003   2.1535052526830720E-003   1.6032307675912002E-003
   34.072004028335677        1.2663472693836093E-003   1.9432946865058900E-003   1.6022847934055499E-003
   35.275488300232773        1.2661229577269279E-003   1.7726080367419931E-003   1.6017072405595043E-003
   36.521481794408061        1.2661318544615625E-003   1.6340130824606329E-003   1.6014740063904319E-003
   37.811486012809581        1.2663650903636894E-003   1.5214760950698714E-003   1.6015654664628340E-003
   39.147055493126302        1.2668168896677599E-003   1.4300977790506664E-003   1.6019659920809470E-003
   40.529808025860810        1.2674841997718667E-003   1.3558995854161240E-003   1.6026635150496139E-003
   41.961393513511240        1.2683663265027098E-003   1.2956521805385871E-003   1.6036490982866095E-003
   43.443545167355794        1.2694646320319685E-003   1.2467322073823821E-003   1.6049165719061425E-003
   44.978049075047366        1.2707822117299190E-003   1.2070099358842447E-003   1.6064621444002686E-003
   46.566763998623138        1.2723236120269711E-003   1.1747558856826229E-003   1.6082840505501233E-003
   48.211585595230147        1.2740945069391575E-003   1.1485662612962363E-003   1.6103821383578573E-003
   49.914505239722644        1.2761014734457606E-003   1.1273006860476789E-003   1.6127575560826726E-003
   51.677575059319224        1.2783516795038085E-003   1.1100333635393502E-003   1.6154123151430077E-003
   53.502930680545909        1.2808526303872750E-003   1.0960124864337361E-003   1.6183488976778757E-003
   55.392750120602578        1.2836118256847292E-003   1.0846278230296537E-003   1.6215697332011361E-003
   57.349321371645829        1.2866365583079898E-003   1.0753836501187660E-003   1.6250768156198406E-003
   59.375002227322796        1.2899335564181805E-003   1.0678775228163352E-003   1.6288711111608711E-003
   61.472246417894510        1.2935087072837579E-003   1.0617826295058212E-003   1.6329520418407767E-003
   63.643556378429672        1.2973666464900504E-003   1.0568337016818861E-003   1.6373168019753657E-003
   65.891560899834928        1.3015105506311104E-003   1.0528152478282949E-003   1.6419599042558632E-003
   68.218968971510208        1.3059417138976644E-003   1.0495523246360600E-003   1.6468724897349275E-003
   70.628585269218178        1.3072324205635434E-003   1.0459235844901525E-003   1.6472897831370662E-003
   73.123328588587739        1.2995356847001380E-003   1.0404308120830841E-003   1.6350490079254279E-003
   75.706175661273647        1.2929730976637369E-003   1.0359707940301073E-003   1.6241974256815620E-003
   78.380253523498894        1.2874067901780832E-003   1.0323493274479092E-003   1.6145874745416209E-003
   81.148784610322849        1.2827169710430395E-003   1.0294087518605084E-003   1.6060868333781495E-003
   84.015122474940881        1.2787995108297331E-003   1.0270210366307270E-003   1.5985763913022410E-003
   86.982687236203873        1.2755639837678896E-003   1.0250822610469240E-003   1.5919488424022161E-003
   90.055071705548812        1.2729317444259982E-003   1.0235080048659599E-003   1.5861071297536633E-003
   93.235978303002270        1.2708344687767823E-003   1.0222297328761477E-003   1.5809635727277414E-003
   96.529260096906100        1.2692127650844834E-003   1.0211917899948452E-003   1.5764389207485613E-003
   99.938826062156153        1.2680150355069734E-003   1.0203490062508916E-003   1.5724617435659888E-003
   103.46886588546354        1.2671963626358087E-003   1.0196646705684751E-003   1.5689675283011247E-003
   107.12359379692580        1.2667177154270424E-003   1.0191090011262790E-003   1.5658984383620878E-003
   110.90736836557576        1.2665451127922142E-003   1.0186578113919242E-003   1.5632026503190066E-003
   114.82483910697920        1.2666489617659546E-003   1.0182914478532651E-003   1.5608338237297606E-003
   118.88068277378797        1.2670034834021851E-003   1.0179939666194210E-003   1.5587508658984131E-003
   123.07973629915718        1.2675861832633581E-003   1.0177524192736753E-003   1.5569174169934514E-003
   127.42715949490271        1.2683774406966966E-003   1.0175562841810480E-003   1.5553014133722026E-003
   131.92808807993632        1.2693600647329492E-003   1.0173970273754328E-003   1.5538748596629840E-003
   136.58805281121437        1.2705190253465828E-003   1.0172677117407506E-003   1.5526133110403306E-003
   141.41261684513370        1.2718410737967722E-003   1.0171627095489377E-003   1.5514956448427672E-003
   146.40753387824964        1.2733144973385432E-003   1.0170774503868612E-003   1.5505036601624561E-003
   151.57894168226974        1.2749289354737653E-003   1.0170082204245139E-003   1.5496217204796598E-003
   156.93294936957258        1.2766750304358074E-003   1.0169520074209742E-003   1.5488365171681473E-003
   162.47613596373097        1.2785443750399055E-003   1.0169063627767647E-003   1.5481366860483810E-003
   168.21511902855468        1.2805291823019547E-003   1.0168693000681573E-003   1.5475125955272235E-003
   174.15674278185460        1.2037931479375211E-003   9.8485450947960592E-004   1.4632198829024115E-003
   180.30830831190286        1.1108625863219671E-003   9.4627476222406792E-004   1.3617901347284401E-003
   186.67715947709803        1.0358013825754935E-003   9.1494863502027330E-004   1.2793933226132492E-003
   193.27089166569760        9.7526739246120257E-004   8.8951260068364450E-004   1.2124531232809625E-003
   200.09760727912413        9.2654056338326940E-004   8.6885868318621910E-004   1.1580638190613797E-003
   207.16537088595135        8.8741112760241134E-004   8.5208821707553407E-004   1.1138688922138079E-003
   214.48286737908427        8.5608004073473173E-004   8.3847069247010894E-004   1.0779529450164504E-003
   222.05883252794877        8.3108536384279548E-004   8.2741348400358291E-004   1.0487622301732717E-003
   229.90230130529540        8.1123773563436627E-004   8.1843530638232398E-004   1.0250349533764531E-003
   238.02291179328489        7.9556892443536015E-004   8.1114507641123128E-004   1.0057457791298832E-003
   246.43025707061713        7.8329180417727130E-004   8.0522559141839051E-004   9.9006300755702099E-004
   255.13466811288930        7.7376504368612681E-004   8.0041900273985101E-004   9.7731044387141717E-004
   264.14653641505117        7.6646677643385237E-004   7.9651613092052902E-004   9.6693938539646159E-004
   273.47660938458705        7.6097173569268759E-004   7.9334709630090022E-004   9.5850404841005201E-004
   283.13635184814427        7.5693306222000866E-004   7.9077385792914476E-004   9.5164200942579841E-004
   293.13729579387660        7.5406798136626373E-004   7.8868443022954481E-004   9.4605906416903170E-004
   303.49136818478553        7.5214560941656698E-004   7.8698786702640180E-004   9.4151608824060914E-004
   314.21129214162710        7.5097726805349325E-004   7.8561026720234245E-004   9.3781858070711281E-004
   325.30973137660959        7.5040877226422321E-004   7.8449169048844095E-004   9.3480860499649818E-004
   336.80032369109853        7.5031394856697980E-004   7.8358341245823762E-004   9.3235760290152838E-004
   348.69678677735646        7.5058954487633846E-004   7.8284590547245765E-004   9.3036112546066659E-004
   361.01330816366544        7.5115101145352837E-004   7.8224706818587765E-004   9.2873420387820031E-004
   373.76502243504467        7.5016157209681876E-004   7.7939251831983254E-004   9.2425042605486039E-004
   386.96715283564077        7.4375683519980324E-004   7.6922399230562090E-004   9.1014380107390575E-004
   400.63544401132759        7.3877680737781675E-004   7.6096740268099942E-004   8.9869228151279320E-004
   414.78669160661980        7.3494596181396656E-004   7.5426309812392264E-004   8.8939569323899764E-004
   429.43761284149554        7.3203907048425740E-004   7.4881936996028687E-004   8.8184846549887866E-004
   444.60621081975989        7.2987185683391805E-004   7.4439909316390517E-004   8.7572100864522970E-004
   460.31059410826708        7.2829390995651062E-004   7.4080990030884867E-004   8.7074601589931999E-004
   476.56949149896485        7.2718251493017157E-004   7.3789556518826221E-004   8.6670646117620678E-004
   493.40288198244309        7.2643769292460086E-004   7.3552914138399280E-004   8.6342604416547188E-004
   510.83065126063684        7.2597821637454833E-004   7.3360766424930318E-004   8.6076181327169145E-004
   528.87421463804299        7.2573819338388765E-004   7.3204743557183489E-004   8.5859760419784671E-004
   547.55511287104378        7.2566436911305793E-004   7.3078055526560812E-004   8.5683921311314093E-004
   566.89562449487210        7.2571384191817277E-004   7.2975188003997161E-004   8.5541016606373592E-004
   586.91951519858117        7.2585221533854564E-004   7.2891660151499648E-004   8.5424835017735266E-004
   607.65068989177485        7.2605206314840744E-004   7.2823836893999702E-004   8.5330340265682804E-004
   629.11387223602765        7.2629166630894183E-004   7.2768766099727392E-004   8.5253444666805460E-004
   651.33543626567803        7.2655398481176166E-004   7.2724048923049204E-004   8.5190828821970533E-004
   674.34163286578985        7.2682577917087979E-004   7.2687739690375228E-004   8.5139802444651313E-004
   698.16073213207346        7.2709692667530246E-004   7.2658256796692840E-004   8.5098180436266285E-004
   722.82116976782140        7.1711129422053562E-004   7.1609428199015781E-004   8.3102545914450258E-004
   748.35235540965130        7.0612609231425092E-004   7.0466533668605549E-004   8.0924455321438541E-004
   774.78566186873422        6.9723514948747583E-004   6.9538509707521448E-004   7.9155668558298156E-004
   802.15264573967897        6.9003889139981499E-004   6.8784969347069431E-004   7.7719252711578853E-004
   830.48594444209971        6.8421335834404002E-004   6.8173113359962830E-004   7.6552729987195952E-004
   859.82037403360118        6.7949583256758314E-004   6.7676289723434186E-004   7.5605333187321675E-004
   890.19058800385733        6.7567370987566498E-004   6.7272881316267016E-004   7.4835886658622939E-004
   921.63390537915473        6.7257463660935356E-004   6.6945315947816470E-004   7.4210920171889779E-004
   954.18786380243341        6.7005921859917639E-004   6.6679338197063692E-004   7.3703281762349537E-004
   987.89128659474920        6.6801465241521872E-004   6.6463370894214216E-004   7.3290921259879188E-004
   1022.7855886411724        6.6634964894754392E-004   6.6288006653225846E-004   7.2955921593117275E-004
   1058.9119914466876        6.6499050373250543E-004   6.6145615261331786E-004   7.2683750932383889E-004
   1096.3148872627712        6.6387761615564994E-004   6.6029994248181778E-004   7.2462596938871384E-004
   1135.0389283928459        6.6296291813019873E-004   6.5936111866283923E-004   7.2282877233254927E-004
   1175.1302964981960        6.6220762879514133E-004   6.5859881712648045E-004   7.2136810039018966E-004
   1216.6382559936744        6.6158046440044306E-004   6.5797983254611196E-004   7.2018072284056676E-004
   1259.6123598874483        6.6105625235902033E-004   6.5747722713572988E-004   7.1921534677840866E-004
   1304.1038583964914        6.6061473157185161E-004   6.5706912407233100E-004   7.1843031862603381E-004
   1350.1674228314519        6.6023959583627969E-004   6.5673774666930018E-004   7.1779179388062320E-004
   1397.8574692241625        5.8303334800315619E-004   5.8006627912554013E-004   6.3307514541293113E-004
   1447.2325992722181        5.1353275154160318E-004   5.1105742356945965E-004   5.5671831702565409E-004
   1498.3517579647787        4.5709917080049396E-004   4.5502335540879586E-004   4.9471762115858506E-004
   1551.2759091786245        3.7226807797781716E-004   3.7061730658312196E-004   4.0291945246920458E-004
   1606.0700862978565        3.0224280692497013E-004   3.0093522420067105E-004   3.2716099014004358E-004
   1662.7990190437411        2.4538873989292539E-004   2.4435511046375167E-004   2.6564774502776587E-004
   1721.5324161293761        1.9922784022690708E-004   1.9841237482928084E-004   2.1569990655591369E-004
   1782.3403946248577        1.6174973830656743E-004   1.6110762083379864E-004   1.7514351645583093E-004
   1845.2954731357936        1.3132175542385408E-004   1.3081709058805253E-004   1.4221307908883666E-004
   1910.4750110852074        1.0661723211415912E-004   1.0622134958656021E-004   1.1547400888032834E-004
   1977.9568210713478        8.6559956776348438E-005   8.6250007986499790E-005   9.3762517170703169E-005
   2047.8213808026539        7.0275960315889201E-005   7.0033776488015378E-005   7.6133477009991129E-005
   2120.1545400970977        5.7055122730485661E-005   5.6866287285247946E-005   6.1818907259807222E-005
   2195.0417479108573        4.6321521837022527E-005   4.6174614314954045E-005   5.0195916493802938E-005
   2272.5750259096239        3.7607045024699797E-005   3.7493035712118668E-005   4.0758173579849169E-005
   2352.8469348264384        3.0531975346750687E-005   3.0443735107819692E-005   3.3094923132703354E-005
   2435.9532056335870        2.4787969841741714E-005   2.4719878754505416E-005   2.6872584948872905E-005
   2521.9959596104222        2.0124504554424238E-005   2.0072139436187027E-005   2.1820101388620618E-005
   2611.0779162676686        1.6338366773344269E-005   1.6298250713398175E-005   1.7717579734125438E-005
   2703.3053132971791        1.3264543337700353E-005   1.3233947152635958E-005   1.4386441793270345E-005
   2798.7914800504532        1.0768965064882279E-005   1.0745749814425152E-005   1.1681579885934137E-005
   2897.6492167059700        8.7429041167428393E-006   8.7253956059619147E-006   9.4853001690380137E-006
   3000.0000000000000        7.0979892003963820E-006   7.0848792980766910E-006   7.7019322248210798E-006
