         200   4370.0000000000000     
   3.0000000000000000        5.9786215165142896E-003  0.12465146367577036        5.4602985155400331E-003
   3.1059655287322618        6.4507446020736093E-003  0.12465146367577036        5.9389832128529593E-003
   3.2156739552243598        6.9606140301970397E-003  0.12465146367577036        6.4622429628233505E-003
   3.3292574962321346        7.5107803127270056E-003  0.12465146367577036        7.0342709126204918E-003
   3.4468529954360925        8.1038681655826259E-003  0.12465146367577036        7.6596407725873089E-003
   3.5686022069563790        8.7425731857174172E-003  0.12465146367577036        8.3433380917815672E-003
   3.6946518254059528        9.4296589108334057E-003  0.12465146367577036        9.0907916668957912E-003
   3.8251536998800524        1.0167956666646678E-002  0.12465146367577036        9.9079071270102466E-003
   3.9602651907155879        1.0960368318678778E-002  0.12465146367577036        1.0801102523446768E-002
   4.1001490688558144        1.1809868349086792E-002  0.12465146367577036        1.1777341600972388E-002
   4.2449739038313119        1.2719510346041792E-002  0.12465146367577036        1.2844170158054023E-002
   4.3949142193596993        1.3692433361594330E-002  0.12465146367577036        1.4009750334969845E-002
   4.5501507036585132        1.4731869035441726E-002  0.12465146367577036        1.5282893704075319E-002
   4.7108703059600501        1.5841147469169706E-002  0.12465146367577036        1.6673090674345765E-002
   4.8772669425686850        1.7023705823107999E-002  0.12465146367577036        1.8190541172296664E-002
   5.0495410155906377        1.8283085993060128E-002  0.12465146367577036        1.9846169213375960E-002
   5.2279001269311909        1.9622936568626698E-002  0.12465146367577036        2.1651639846675199E-002
   5.4125592113782046        2.1047005665656936E-002  0.12465146367577036        2.3619360737339976E-002
   5.6037407956130689        2.2559128351171100E-002  0.12465146367577036        2.5762471385268167E-002
   5.8016752663703963        2.4163206941647291E-002  0.12465146367577036        2.8094815471435969E-002
   6.0066011480696169        2.5863183513342540E-002  0.12465146367577036        3.0630892255684338E-002
   6.2187653902530293        2.7663004289262813E-002  0.12465146367577036        3.3385782387694712E-002
   6.4384236651766908        2.9566575939222621E-002  0.12465146367577036        3.6375042957616059E-002
   6.6658406759127811        3.1577714223908940E-002  0.12465146367577036        3.9614566155747197E-002
   6.9012904753346884        3.3700085804669294E-002  0.12465146367577036        4.3120395602340482E-002
   7.1450567963692624        3.5937144400776548E-002  0.12465146367577036        4.6908494341171024E-002
   7.3974330131920443        3.8292059199445692E-002  0.12465146367577036        5.0994452492522817E-002
   7.6587243988323896        4.0767662293478432E-002  0.12465146367577036        5.5393173632809461E-002
   7.9292442763577622        4.3366337860275932E-002  0.12465146367577036        6.0118397117983266E-002
   8.2093202460023029        4.6090007894014733E-002  0.12465146367577036        6.5182325862996063E-002
   8.4992881560440416        4.8940003828587521E-002  0.12465146367577036        7.0594980795816734E-002
   8.7994991583321234        5.1917069229813151E-002  0.12465146367577036        7.6363731981319100E-002
   9.1103132457223861        5.5021236450616601E-002  0.12465146367577036        8.2492536439199932E-002
   9.4321068148357909        5.8251848923024777E-002  0.12465146367577036        8.8981414368528092E-002
   9.7652657388916850        6.1607447475173674E-002  0.12465146367577036        9.5825640518113264E-002
   10.110193474162946        6.5085815769855462E-002  0.12465146367577036       0.10301526381778427     
   10.467303634806061        6.8683878751177235E-002  0.12465146367577036       0.11053437814630469     
   10.837027566606025        7.2397761257363386E-002  0.12465146367577036       0.11836081276569953     
   11.219811965471335        7.6222755166842182E-002  0.12465146367577036       0.12646577331534700     
   11.616115840724994        8.0153289417454823E-002  0.12465146367577036       0.13481366944110837     
   12.026419117330413        8.4183024559406031E-002  0.12465146367577036       0.14336243225673426     
   12.451213803399156        8.8304782521492806E-002  0.12465146367577036       0.15206373881441987     
   12.891014326336300        9.2510673323992196E-002  0.12465146367577036       0.16086392627083354     
   13.346348065368609        9.6792036710316054E-002  0.12465146367577036       0.16970478471126735     
   13.817766430769083       0.10113958900805708       0.12465146367577036       0.17852502435312065     
   14.305834715756038       0.10554337663002152       0.12465146367577036       0.18726153831739434     
   14.811143972217785       0.10999294154617410       0.12465146367577036       0.19585122631537669     
   15.334300133051286       0.11447728670971324       0.12465146367577036       0.20423246298085532     
   15.875936741648431       0.11898505812467999       0.12465146367577036       0.21234694234189405     
   16.436703292225193       0.12350452169477602       0.12465146367577036       0.22014099593519487     
   17.017278874447534       0.12802375880554473       0.12465146367577036       0.22756709218215540     
   17.618359675531394       0.13253065296637107       0.12465146367577036       0.23458468506801819     
   18.240671728221173       0.13701308115204475       0.12465146367577036       0.24116108550882867     
   18.884968846184627       0.14145898660251890       0.12465146367577036       0.24727178475753583     
   19.552019805756849       0.14585638853896704       0.12465146367577036       0.25290038277131388     
   20.242632201214423       0.15019364201881943       0.12464555749773286       0.25803854060800602     
   20.957638264717446       0.15445943227754794       0.12463141685073872       0.26268533470052879     
   21.697899624358065       0.15864289850230248       0.12462070495259189       0.26684662203932163     
   22.464312967141105       0.16273375094295900       0.12461259037676334       0.27053416041497530     
   23.257792778673313       0.16672226219560604       0.12460644342185914       0.27376462277117558     
   24.079299719823517       0.17059949419680631       0.12460178694787503       0.27655878328329014     
   24.929823759061236       0.17435727449775740       0.12459825955092767       0.27894050551992128     
   25.810395145829254       0.17798830766959559       0.12459558744467585       0.28093591387094941     
   26.722064579292049       0.18148614669919569       0.12459356327027955       0.28257257012337117     
   27.665935811728254       0.18484536949986013       0.12459202990692117       0.28387886503084764     
   28.643146268414043       0.18806152915984709       0.12459086834535159       0.28488339522658801     
   29.654879655490589       0.19113122029007759       0.12458998842852388       0.28561451088290285     
   30.702343174827575       0.19389908789931384       0.11269293562090414       0.28586334153441945     
   31.786804983723918       0.19646324366165802        9.8509137717930809E-002  0.28580366123163259     
   32.909571928103169       0.19889879251122913        8.7764551665068163E-002  0.28557893984492488     
   34.072004028335677       0.20120112930955814        7.9625213792545585E-002  0.28520746199705338     
   35.275488300232773       0.20336751194924838        7.3459501140520120E-002  0.28470702267054115     
   36.521481794408061       0.20539692317257580        6.8788817687463838E-002  0.28409475446803417     
   37.811486012809581       0.20728981705632188        6.5250656707567092E-002  0.28338701602107330     
   39.147055493126302       0.20904795141917165        6.2570410177164165E-002  0.28259930208052458     
   40.529808025860810       0.21067422769065791        6.0540045118400949E-002  0.28174617480171532     
   41.961393513511240       0.21217249300846974        5.9002002623162027E-002  0.28084123988648918     
   43.443545167355794       0.21354744525851110        5.7836896488959039E-002  0.27989708614560793     
   44.978049075047366       0.21480444713632327        5.6954299091188626E-002  0.27892528661088994     
   46.566763998623138       0.21594940179114777        5.6285705774469001E-002  0.27793637752140454     
   48.211585595230147       0.21698859128914957        5.5779232847982627E-002  0.27693987844351087     
   49.914505239722644       0.21792858851594599        5.5395566782003573E-002  0.27594425909404180     
   51.677575059319224       0.21877610758812691        5.5104930022394125E-002  0.27495696957769772     
   53.502930680545909       0.21953790128264850        5.4884764185106551E-002  0.27398443984989873     
   55.392750120602578       0.22022063827588106        5.4717984121449278E-002  0.27303211759763174     
   57.349321371645829       0.22083083464770475        5.4591644000268336E-002  0.27210445226407548     
   59.375002227322796       0.22137475028513703        5.4495938159474094E-002  0.27120494075549273     
   61.472246417894510       0.22185832246340501        5.4423438188720120E-002  0.27033614310029569     
   63.643556378429672       0.22228709257587345        5.4368517998165070E-002  0.26949973379941156     
   65.891560899834928       0.22266617323409157        5.4326914563211183E-002  0.26869650674699619     
   68.218968971510208       0.22300019872768631        5.4295398907812133E-002  0.26792643752471923     
   70.628585269218178       0.22280735826897491        5.4160953936994702E-002  0.26642599710704074     
   73.123328588587739       0.22134616057495202        5.3781230611914872E-002  0.26302735799096022     
   75.706175661273647       0.22008146650728788        5.3493582532134674E-002  0.26003388787854032     
   78.380253523498894       0.21897183745993254        5.3275681828297769E-002  0.25738159990162274     
   81.148784610322849       0.21798414310834655        5.3110616527778765E-002  0.25501591519440397     
   84.015122474940881       0.21709197307670280        5.2985574739724484E-002  0.25289057838187107     
   86.982687236203873       0.21627438476714808        5.2890853062517784E-002  0.25096669731442800     
   90.055071705548812       0.21551484151781125        5.2819098993629868E-002  0.24921171010622761     
   93.235978303002270       0.21480039896486475        5.2764743469595879E-002  0.24759854572944764     
   96.529260096906100       0.21412101723799734        5.2723567571969630E-002  0.24610479094132121     
   99.938826062156153       0.21346902860842307        5.2692376159270631E-002  0.24471200902706672     
   103.46886588546354       0.21283864406638547        5.2668747592304249E-002  0.24340501198069628     
   107.12359379692580       0.21222563579357612        5.2650848384018206E-002  0.24217142064929789     
   110.90736836557576       0.21162701133922837        5.2637289442384348E-002  0.24100114259939442     
   114.82483910697920       0.21104074557904362        5.2627018078163480E-002  0.23988593781539011     
   118.88068277378797       0.21046561954391163        5.2619237272504338E-002  0.23881916842223597     
   123.07973629915718       0.20990103062015564        5.2613343185564335E-002  0.23779547540079857     
   127.42715949490271       0.20934683442647334        5.2608878212165769E-002  0.23681051179218793     
   131.92808807993632       0.20880327661113895        5.2605495922136987E-002  0.23586083211205316     
   136.58805281121437       0.20827084495984649        5.2602933721212691E-002  0.23494363622297137     
   141.41261684513370       0.20775023532347928        5.2600992792332921E-002  0.23405671312340665     
   146.40753387824964       0.20724226490778347        5.2599522507112625E-002  0.23319829104789641     
   151.57894168226974       0.19585573583601121        5.1313300523943742E-002  0.22103043351399751     
   156.93294936957258       0.16526825875610604        4.7746324924925178E-002  0.18891170802032889     
   162.47613596373097       0.14215381003713592        4.5044218334816477E-002  0.16460126282282547     
   168.21511902855468       0.12468647127913755        4.2997307545159229E-002  0.14618539029217742     
   174.15674278185460       0.11148651923440361        4.1446739303086171E-002  0.13221990438204242     
   180.30830831190286       0.10151117769834743        4.0272130576726586E-002  0.12161461860820831     
   186.67715947709803        9.3973068389127654E-002   3.9382336190223688E-002  0.11354728142485497     
   193.27089166569760        8.8277271554861078E-002   3.8708302458681669E-002  0.10739726701384825     
   200.09760727912413        8.3974144231528422E-002   3.8197698744864200E-002  0.10269594412755251     
   207.16537088595135        8.0724149786007532E-002   3.7810908120216362E-002   9.9089757591454539E-002
   214.48286737908427        7.8270531648189284E-002   3.7517900930556541E-002   9.6311556514074553E-002
   222.05883252794877        7.6419294956834791E-002   3.7295940930844783E-002   9.4159647708150107E-002
   229.90230130529540        7.5023705767256449E-002   3.7127802618074711E-002   9.2481575661632009E-002
   238.02291179328489        7.3972677325123956E-002   3.7000432068326601E-002   9.1161980590813360E-002
   246.43025707061713        7.3182115753533256E-002   3.6903946803598431E-002   9.0113583988452622E-002
   255.13466811288930        7.2588199403440051E-002   3.6830855899993166E-002   8.9270159473099520E-002
   264.14653641505117        7.2142455873366360E-002   3.6775487780999157E-002   8.8581422841824423E-002
   273.47660938458705        7.1807951971056577E-002   3.6733545529598101E-002   8.8009058775957980E-002
   283.13635184814427        7.1556440255138118E-002   3.6701772832878295E-002   8.7523746554404522E-002
   293.13729579387660        7.1366231052131635E-002   3.6677704250250617E-002   8.7102967018289665E-002
   303.49136818478553        7.1220553796478903E-002   3.6659471907130328E-002   8.6729296531330949E-002
   314.21129214162710        7.1106330899727233E-002   3.6645660280689017E-002   8.6389131822904183E-002
   325.30973137660959        7.1013266517904891E-002   3.6635197748838784E-002   8.6071770045181531E-002
   336.80032369109853        7.0933141293212265E-002   3.6627272021432844E-002   8.5768664865190483E-002
   348.69678677735646        7.0859300019796262E-002   3.6621268092127297E-002   8.5472923623745714E-002
   361.01330816366544        7.0786258398706323E-002   3.6616720017948391E-002   8.5178903000433723E-002
   373.76502243504467        7.0462872903315321E-002   3.6318234501271071E-002   8.4466503981818986E-002
   386.96715283564077        6.9398415165052227E-002   3.5146702381596090E-002   8.2520152996626253E-002
   400.63544401132759        6.8556164515329435E-002   3.4259247731146573E-002   8.0966489534633784E-002
   414.78669160661980        6.7877239773170714E-002   3.3586970337361820E-002   7.9704214749317728E-002
   429.43761284149554        6.7316463608862814E-002   3.3077709268470347E-002   7.8656543371187229E-002
   444.60621081975989        6.6839050433164127E-002   3.2691926508779959E-002   7.7765169845944865E-002
   460.31059410826708        6.6418190956220771E-002   3.2399686781389214E-002   7.6985901587704464E-002
   476.56949149896485        6.6033156791239278E-002   3.2178310430913300E-002   7.6285248813611845E-002
   493.40288198244309        6.5667869421491012E-002   3.2010610238156281E-002   7.5637864464680696E-002
   510.83065126063684        6.5309854954674312E-002   3.1883574612376855E-002   7.5024681766403131E-002
   528.87421463804299        6.4949393598918534E-002   3.1787340760457153E-002   7.4431401486614396E-002
   547.55511287104378        6.4578933085567294E-002   3.1714441300996266E-002   7.3847446360149477E-002
   566.89562449487210        6.4192610404561437E-002   3.1659218773822419E-002   7.3265105931924451E-002
   586.91951519858117        6.3785885518211433E-002   3.1617385811847441E-002   7.2678882268083236E-002
   607.65068989177485        6.3355302844268574E-002   3.1585696336109165E-002   7.2085046029489466E-002
   629.11387223602765        6.2898277676089367E-002   3.1561691042407018E-002   7.1481242243056936E-002
   651.33543626567803        6.2412926201228201E-002   3.1543506207521145E-002   7.0866177853562001E-002
   674.34163286578985        6.1897988133294293E-002   3.1529730899088712E-002   7.0239443978958635E-002
   698.16073213207346        6.1352691393142422E-002   3.1519295629582875E-002   6.9601276169219753E-002
   722.82116976782140        5.9461997923379681E-002   3.0198219067617171E-002   6.6530466781415040E-002
   748.35235540965130        5.7499163365212262E-002   2.8837276382113447E-002   6.3364615162707347E-002
   774.78566186873422        5.5835239918118340E-002   2.7806315531057505E-002   6.0790985764481914E-002
   802.15264573967897        5.4391117186232497E-002   2.7025337868123892E-002   5.8667493720257709E-002
   830.48594444209971        5.3107326118733485E-002   2.6433734575966712E-002   5.6886820024024988E-002
   859.82037403360118        5.1939275137352685E-002   2.5985574752583628E-002   5.5367940262357529E-002
   890.19058800385733        5.0853766917845142E-002   2.5646086391379917E-002   5.4049886376952440E-002
   921.63390537915473        4.9826165505245719E-002   2.5388912291751584E-002   5.2886765222475027E-002
   954.18786380243341        4.8838424653366699E-002   2.5194096720346473E-002   5.1844204872126723E-002
   987.89128659474920        4.7877478939889216E-002   2.5046520753866392E-002   5.0896512345299461E-002
   1022.7855886411724        4.6934019718728369E-002   2.4934726888027475E-002   5.0024525877633418E-002
   1058.9119914466876        4.6001667131794467E-002   2.4850041214912483E-002   4.9214078805983615E-002
   1096.3148872627712        4.5076188880444561E-002   2.4785888907429724E-002   4.8454690426766964E-002
   1135.0389283928459        4.4155050372390418E-002   2.4737291990176855E-002   4.7738704501824304E-002
   1175.1302964981960        4.3236977853372618E-002   2.4700479034313983E-002   4.7060552194322328E-002
   1216.6382559936744        4.2321616921248160E-002   2.4672591955224962E-002   4.6416195892063306E-002
   1259.6123598874483        4.1409360587982252E-002   2.4651466821491042E-002   4.5802773749929200E-002
   1304.1038583964914        4.0501133894454464E-002   2.4635464188819910E-002   4.5218269879904044E-002
   1350.1674228314519        3.9598221030014528E-002   2.4623341644664724E-002   4.4661267051587981E-002
   1397.8574692241625        3.2679591662586320E-002   2.0684351520753142E-002   3.7270445756364769E-002
   1447.2325992722181        2.6906114862214232E-002   1.7321932501369885E-002   3.1068085468211548E-002
   1498.3517579647787        2.2531677980565323E-002   1.4774819150875624E-002   2.6387512768041261E-002
   1551.2759091786245        1.6708909711256194E-002   1.1237940841791354E-002   1.9859358730468273E-002
   1606.0700862978565        1.2335987908883054E-002   8.5130107179329367E-003   1.4889641501411548E-002
   1662.7990190437411        9.1066574070233844E-003   6.4488317936376559E-003   1.1169413055416653E-002
   1721.5324161293761        6.7225596453365580E-003   4.8851453260215730E-003   8.3831989185371176E-003
   1782.3403946248577        4.9629444021126578E-003   3.7006151842718222E-003   6.2955335595682605E-003
   1845.2954731357936        3.6644954832376650E-003   2.8033143205233794E-003   4.7305115292610531E-003
   1910.4750110852074        2.7064360827536642E-003   2.1235780818139906E-003   3.5566481710055465E-003
   1977.9568210713478        1.9995676862669060E-003   1.6086615177419170E-003   2.6757113423299247E-003
   2047.8213808026539        1.4780106744444047E-003   1.2186038388231253E-003   2.0142386566427660E-003
   2120.1545400970977        1.0931208787814677E-003   9.2312174328565118E-004   1.5172556099288771E-003
   2195.0417479108573        8.0902580200231547E-004   6.9928924616040127E-004   1.1436441216588296E-003
   2272.5750259096239        5.9925301039603527E-004   5.2972843791459297E-004   8.6259947591368750E-004
   2352.8469348264384        4.4429157398957980E-004   4.0128204384122333E-004   6.5105739223502183E-004
   2435.9532056335870        3.2975652192830142E-004   3.0398180952455523E-004   4.9172950511884280E-004
   2521.9959596104222        2.4504151241728177E-004   2.3027353845072210E-004   3.7164680522879261E-004
   2611.0779162676686        1.8233288270398589E-004   1.7443774873750412E-004   2.8108372116445157E-004
   2703.3053132971791        1.3587099925395450E-004   1.3214122915401852E-004   2.1273823752470761E-004
   2798.7914800504532        1.0140895126830034E-004   1.0010016211205446E-004   1.6112335630628626E-004
   2897.6492167059700        7.5817335247151325E-005   7.5828532274330548E-005   1.2211756351172883E-004
   3000.0000000000000        5.6787014199762002E-005   5.7441938613515647E-005   9.2619337438273330E-005
