         200   4370.0000000000000     
   3.0000000000000000        1.6219413226791865E-003   10.395729390452752        7.8575008928692593E-004
   3.1059655287322618        1.7374889716886843E-003   10.395729390452752        8.3775042134059464E-004
   3.2156739552243598        1.8610996734733476E-003   10.395729390452752        8.9337542777730974E-004
   3.3292574962321346        1.9932908354109531E-003   10.395729390452752        9.5288037702913580E-004
   3.4468529954360925        2.1346104282006194E-003   10.395729390452752        1.0165381603322143E-003
   3.5686022069563790        2.2856401112622319E-003   10.395729390452752        1.0846404921109624E-003
   3.6946518254059528        2.4469986685288496E-003   10.395729390452752        1.1574990393714113E-003
   3.8251536998800524        2.6193463495575772E-003   10.395729390452752        1.2354467180995142E-003
   3.9602651907155879        2.8033901848001242E-003   10.395729390452752        1.3188391619888629E-003
   4.1001490688558144        2.9998895314024871E-003   10.395729390452752        1.4080560042759038E-003
   4.2449739038313119        3.2096631647192150E-003   10.395729390452752        1.5035025497817866E-003
   4.3949142193596993        3.4335970253599251E-003   10.395729390452752        1.6056114220903968E-003
   4.5501507036585132        3.6726530468072149E-003   10.395729390452752        1.7148443703267533E-003
   4.7108703059600501        3.9278788513542355E-003   10.395729390452752        1.8316941351719290E-003
   4.8772669425686850        4.2004195159878648E-003   10.395729390452752        1.9566869245843700E-003
   5.0495410155906377        4.4915285836803591E-003   10.395729390452752        2.0903842077407272E-003
   5.2279001269311909        4.8025821467566820E-003   10.395729390452752        2.2333855814765150E-003
   5.4125592113782046        5.1350932523043123E-003   10.395729390452752        2.3863314510120218E-003
   5.6037407956130689        5.4907278084211399E-003   10.395729390452752        2.5499060603293754E-003
   5.8016752663703963        5.8713218967140881E-003   10.395729390452752        2.7248408178109280E-003
   6.0066011480696169        6.2789006056776335E-003   10.395729390452752        2.9119179482778534E-003
   6.2187653902530293        6.7156985326436505E-003   10.395729390452752        3.1119745042981011E-003
   6.4384236651766908        7.1841821425894514E-003   10.395729390452752        3.3259067713423776E-003
   6.6658406759127811        7.6870742209454047E-003   10.395729390452752        3.5546751031130903E-003
   6.9012904753346884        8.2273807155573749E-003   10.395729390452752        3.7993092252281797E-003
   7.1450567963692624        8.8084203312133128E-003   10.395729390452752        4.0609140474978109E-003
   7.3974330131920443        9.4338563576473137E-003   10.395729390452752        4.3406755985148414E-003
   7.6587243988323896        1.0107738001563020E-002   10.395729390452752        4.6398701300242300E-003
   7.9292442763577622        1.0834530538453499E-002   10.395729390452752        4.9598669428054312E-003
   8.2093202460023029        1.1619176553541508E-002   10.395729390452752        5.3021434312804294E-003
   8.4992881560440416        1.2467130672542508E-002   10.395729390452752        5.6682865298398125E-003
   8.7994991583321234        1.3384437329496368E-002   10.395729390452752        6.0600107302721017E-003
   9.1103132457223861        1.4377777831100171E-002   10.395729390452752        6.4791601349311100E-003
   9.4321068148357909        1.5454568914746218E-002   10.395729390452752        6.9277295017065232E-003
   9.7652657388916850        1.6623026546539799E-002   10.395729390452752        7.4078670491495033E-003
   10.110193474162946        1.7892291123269573E-002   10.395729390452752        7.9218990483587819E-003
   10.467303634806061        1.9272512463899438E-002   10.395729390452752        8.4723335727470810E-003
   10.837027566606025        2.0775002527929878E-002   10.395729390452752        9.0618874600648710E-003
   11.219811965471335        2.2412367760808714E-002   10.395729390452752        9.6935003067687604E-003
   11.616115840724994        2.4198649845713304E-002   10.395729390452752        1.0370348019819458E-002
   12.026419117330413        2.6149532116149149E-002   10.395729390452752        1.1095877772197241E-002
   12.451213803399156        2.8282481218002604E-002   10.395729390452752        1.1873815393411619E-002
   12.891014326336300        3.0616988656174900E-002   10.395729390452752        1.2708208312604710E-002
   13.346348065368609        3.3174722810055991E-002   10.395729390452752        1.3603435124813839E-002
   13.817766430769083        3.5979791919987084E-002   10.395729390452752        1.4564256148307987E-002
   14.305834715756038        3.9058891127167317E-002   10.395729390452752        1.5595825694263694E-002
   14.811143972217785        4.2441574629977996E-002   10.395729390452752        1.6703751633932399E-002
   15.334300133051286        4.6160381590791805E-002   10.395729390452752        1.7894110955397832E-002
   15.875936741648431        5.0251107965140394E-002   10.395729390452752        1.9173519926738096E-002
   16.436703292225193        5.4752899109130747E-002   10.395729390452752        2.0549153550097978E-002
   17.017278874447534        5.9708517781105329E-002   10.395729390452752        2.2028828093039816E-002
   17.618359675531394        6.5164394977832260E-002   10.395729390452752        2.3621025042170195E-002
   18.240671728221173        7.1170872928614251E-002   10.395729390452752        2.5334982685777274E-002
   18.884968846184627        7.7782312402871687E-002   10.395729390452752        2.7180757166027362E-002
   19.552019805756849        8.5057040291514396E-002   10.395729390452752        2.9169254670566983E-002
   20.242632201214423        9.3057633375029064E-002   10.395500263599411        3.1312375390428422E-002
   20.957638264717446       0.10185074719968265        10.394951685156739        3.3623055407070689E-002
   21.697899624358065       0.11150703802743346        10.394536123096113        3.6115368735200527E-002
   22.464312967141105       0.12210097919853252        10.394221322693216        3.8804641623457210E-002
   23.257792778673313       0.13371017887459766        10.393982855036825        4.1707492896005671E-002
   24.079299719823517       0.14641511045619146        10.393802209748982        4.4842041712011442E-002
   24.929823759061236       0.16029795874628330        10.393665366369405        4.8227964256500652E-002
   25.810395145829254       0.17544156700144861        10.393561703511059        5.1886657526736435E-002
   26.722064579292049       0.19192754298308667        10.393483176804432        5.5841282875185132E-002
   27.665935811728254       0.20983494457666507        10.393423690835823        6.0117032904376311E-002
   28.643146268414043       0.22923776910663324        10.393378628708385        6.4741186761086866E-002
   29.654879655490589       0.25020274626715866        10.393344492830218        6.9743303341245705E-002
   30.702343174827575       0.27265710742846261        10.381103352576345        7.5099001571887050E-002
   31.786804983723918       0.29672879107364014        10.366520272678393        8.0879102209421405E-002
   32.909571928103169       0.32250994188480037        10.355473220404299        8.7148387342107822E-002
   34.072004028335677       0.35000680918356514        10.347104755531680        9.3944779171831597E-002
   35.275488300232773       0.37920583109278566        10.340765474554384       0.10130924183628563     
   36.521481794408061       0.41007274069093103        10.335963308700089       0.10928600713438753     
   37.811486012809581       0.44255068970222533        10.332325546472045       0.11792237097424149     
   39.147055493126302       0.47655992908548556        10.329569849474220       0.12726864382947695     
   40.529808025860810       0.51199839530812941        10.327482328481842       0.13737806978754974     
   41.961393513511240       0.54874214213134775        10.325900989213764       0.14830637201729613     
   43.443545167355794       0.58664881412689607        10.324703084677843       0.16011182413512479     
   44.978049075047366       0.62555993527673426        10.323795641660288       0.17285464141458368     
   46.566763998623138       0.66530532325253700        10.323108227060638       0.18659665818316701     
   48.211585595230147       0.70570685999744598        10.322587496632593       0.20140043999781795     
   49.914505239722644       0.74658523888597872        10.322193030148199       0.21732913095549417     
   51.677575059319224       0.78776480516157321        10.321894211798163       0.23444542126594972     
   53.502930680545909       0.82908007624487723        10.321667848167069       0.25281097606788466     
   55.392750120602578       0.87038086476311904        10.321496373149557       0.27248521156425776     
   57.349321371645829       0.91153971035888737        10.321366476481963       0.29352518888919465     
   59.375002227322796       0.95245651158163414        10.321268076467204       0.31598449679013957     
   61.472246417894510       0.99306407915255546        10.321193535580957       0.33991293673663664     
   63.643556378429672        1.0333315187044212        10.321137069355739       0.36535555865360969     
   65.891560899834928        1.0732691344864587        10.321094294760373       0.39235335532109405     
   68.218968971510208        1.1129298994181662        10.321061891921323       0.42094282327761995     
   70.628585269218178        1.1491773492374326        10.319771198351354       0.44960391065520577     
   73.123328588587739        1.1770830520658593        10.315611491093003       0.47586858705391794     
   75.706175661273647        1.2064730108240829        10.312460428921499       0.50437133706409498     
   78.380253523498894        1.2372505153656743        10.310073419540005       0.53500209724583303     
   81.148784610322849        1.2694102543252146        10.308265199493130       0.56767505758953452     
   84.015122474940881        1.3030240516568123        10.306895419974701       0.60232644535598401     
   86.982687236203873        1.3382263893089175        10.305857784353798       0.63891196844781395     
   90.055071705548812        1.3752025994335504        10.305071749097461       0.67740692192571705     
   93.235978303002270        1.4141755363121697        10.304476307487951       0.71780458650683854     
   96.529260096906100        1.4553938048979069        10.304025243070996       0.76011597766374861     
   99.938826062156153        1.4991185209753435        10.303683554432917       0.80436770993443729     
   103.46886588546354        1.5456143292223339        10.303424713547914       0.85060365182418451     
   107.12359379692580        1.5951344955181928        10.303228635346480       0.89887985068947063     
   110.90736836557576        1.6479109862852592        10.303080102917194       0.94926366506917137     
   114.82483910697920        1.7041455494275659        10.302967584497919        1.0018325604833900     
   118.88068277378797        1.7639955019845801        10.302882349086671        1.0566665117260059     
   123.07973629915718        1.8275656369364450        10.302817781875230        1.1138446144174352     
   127.42715949490271        1.8949017974854589        10.302768869993779        1.1734409897228004     
   131.92808807993632        1.9659777525819977        10.302731818447397        1.2355123859069475     
   136.58805281121437        2.0406952519623793        10.302703750627810        1.3000948109861239     
   141.41261684513370        2.1188735612171055        10.302682488578796        1.3671879049315094     
   146.40753387824964        2.2002490324649981        10.302666382230596        1.4367449494561058     
   151.57894168226974        2.1954243188951383        10.271993246817098        1.4482119796222217     
   156.93294936957258        2.0232595893297614        10.186900945811919        1.3371057382223004     
   162.47613596373097        1.8987199017430860        10.122440603729165        1.2478368660926762     
   168.21511902855468        1.8107201111221776        10.073610342851499        1.1766341388295449     
   174.15674278185460        1.7507672447981089        10.036620625394542        1.1206066036836797     
   180.30830831190286        1.7123078403730221        10.008599643323855        1.0774807981485135     
   186.67715947709803        1.6902476810700444        9.9873730748578975        1.0453984031331771     
   193.27089166569760        1.6805896458415575        9.9712936037261475        1.0227532981032452     
   200.09760727912413        1.6801682045731767        9.9591128517965544        1.0080735535202758     
   207.16537088595135        1.6864528738939826        9.9498857339358242       0.99994691092562338     
   214.48286737908427        1.6974020369943406        9.9428958750800387       0.99698272124287357     
   222.05883252794877        1.7113544305253328        9.9376008887302998       0.99781064347801474     
   229.90230130529540        1.7269489693070277        9.9335898503804501        1.0011040624942242     
   238.02291179328489        1.7430659522152436        9.9305513509969963        1.0056202045748344     
   246.43025707061713        1.7587815840504619        9.9282496382543979        1.0102451402282275     
   255.13466811288930        1.7733366363867629        9.9265060117569064        1.0140358873804203     
   264.14653641505117        1.7861106792934547        9.9251851727108455        1.0162513263919937     
   273.47660938458705        1.7966043821229696        9.9241846156333011        1.0163690593052739     
   283.13635184814427        1.8044258426219932        9.9234266592643827        1.0140857494385089     
   293.13729579387660        1.8092789865542935        9.9228524890686973        1.0093022622509031     
   303.49136818478553        1.8109553734111907        9.9224175457993020        1.0020965934370663     
   314.21129214162710        1.8093267570669360        9.9220880613265727       0.99268806804034249     
   325.30973137660959        1.8043385396491374        9.9218384714752474       0.98139897047441516     
   336.80032369109853        1.7960035600843980        9.9216493985860819       0.96861527488076449     
   348.69678677735646        1.7843965437876241        9.9215061713209955       0.95475310325004448     
   361.01330816366544        1.7696482596298799        9.9213976743362764       0.94023006104283802     
   373.76502243504467        1.7413622777978328        9.5626249612805410       0.90414346603536710     
   386.96715283564077        1.6766649577752875        8.1414637275313702       0.79555317524481384     
   400.63544401132759        1.6165781561504506        7.0649109597941004       0.69748296906820273     
   414.78669160661980        1.5597330107262546        6.2493852440860147       0.61070603493178444     
   429.43761284149554        1.5051294322825950        5.6316112395908737       0.53529894728421812     
   444.60621081975989        1.4520517107845350        5.1636262022938544       0.47075805012851685     
   460.31059410826708        1.4000098577428286        4.8091162707656210       0.41619448680973120     
   476.56949149896485        1.3486868905049243        4.5405692270426226       0.37051256447812875     
   493.40288198244309        1.2978964198354053        4.3371356131996173       0.33255033394781641     
   510.83065126063684        1.2475543488167637        4.1830313392913512       0.30117889515465029     
   528.87421463804299        1.1976480353649070        4.0662920562399005       0.27535571597006459     
   547.55511287104378        1.1482197558006910        3.9778592390706571       0.25415629775198456     
   566.89562449487210        1.0993484395616111        3.9108699405860707       0.23678289176000866     
   586.91951519858117        1.0511349909923360        3.8601232449956222       0.22256228296652378     
   607.65068989177485        1.0036956413199858        3.8216814014636875       0.21093797329538130     
   629.11387223602765       0.95715235529661902        3.7925610792451820       0.20145649405006516     
   651.33543626567803       0.91162529331777753        3.7705014344877732       0.19375274225143554     
   674.34163286578985       0.86723226447688095        3.7537908945047418       0.18753633690481233     
   698.16073213207346       0.82408128880242826        3.7411320862345514       0.18257760691396538     
   722.82116976782140       0.77993528553479385        3.7292065484917192       0.17561330671752493     
   748.35235540965130       0.73714576199284376        3.7195319389477128       0.16953706903267587     
   774.78566186873422       0.69644733189891872        3.7122030897644556       0.16508472641382962     
   802.15264573967897       0.65776359871753831        3.7066513100812011       0.16196194001566697     
   830.48594444209971       0.62104112305717440        3.7024457466011813       0.15994804257296308     
   859.82037403360118       0.58624058585423822        3.6992598877470657       0.15887865290469994     
   890.19058800385733       0.55333444934455078        3.6968465478067642       0.15863256091183206     
   921.63390537915473       0.52230009127247434        3.6950183598711308       0.15912160503197803     
   954.18786380243341       0.49312039850347772        3.6936334635000252       0.16028320469892726     
   987.89128659474920       0.46578137342756248        3.6925843819560540       0.16207471192386189     
   1022.7855886411724       0.44027099573440226        3.6917896666363497       0.16446935629901674     
   1058.9119914466876       0.41658188644913269        3.6911876568455830       0.16745301747305186     
   1096.3148872627712       0.39470995304212908        3.6907316137418746       0.17102221676520971     
   1135.0389283928459       0.37465803910090872        3.6903861501125368       0.17518227662786440     
   1175.1302964981960       0.35643714800968523        3.6901244557899742       0.17994625876213807     
   1216.6382559936744       0.34006858147513702        3.6899262133478845       0.18533439178004474     
   1259.6123598874483       0.32558844905680562        3.6897760399257344       0.19137323994042577     
   1304.1038583964914       0.31305064581603104        3.6896622811139821       0.19809556621861393     
   1350.1674228314519       0.30253072411324727        3.6895761049049232       0.20554051208459281     
   1397.8574692241625       0.24570875389620850        2.9122592891618582       0.17616794072084216     
   1447.2325992722181       0.19822983708619518        2.2089096004452524       0.14946634908772410     
   1498.3517579647787       0.16235780015731546        1.6761052795475371       0.12896119427122890     
   1551.2759091786245       0.12115198773044332        1.2697716435166735       0.10249198977939182     
   1606.0700862978565        9.0913394420186561E-002  0.96188258710050922        8.1374132367729307E-002
   1662.7990190437411        6.8918158031829602E-002  0.72865161515341914        6.4734602519970097E-002
   1721.5324161293761        5.2827831340412079E-002  0.55197113926535213        5.1595465609151278E-002
   1782.3403946248577        4.0976513388514997E-002  0.41813142556163924        4.1199016866997888E-002
   1845.2954731357936        3.2176006029425469E-002  0.31674566383438885        3.2956286031321239E-002
   1910.4750110852074        2.5577981870391866E-002  0.23994246535392105        2.6408193530863367E-002
   1977.9568210713478        2.0576679993728142E-002  0.18176219362617521        2.1196544564800312E-002
   2047.8213808026539        1.6738878762538562E-002  0.13768969075401477        1.7040989909348388E-002
   2120.1545400970977        1.3754304456595673E-002  0.10430325534183528        1.3721530190975920E-002
   2195.0417479108573        1.1400641624588162E-002   7.9012487064230558E-002   1.1065418646301542E-002
   2272.5750259096239        9.5180873792031478E-003   5.9853861014017601E-002   8.9364779810833898E-003
   2352.8469348264384        7.9916221923666524E-003   4.5340740576525269E-002   7.2273258324177829E-003
   2435.9532056335870        6.7380917430717047E-003   3.4346815605557073E-002   5.8530398283318189E-003
   2521.9959596104222        5.6970263820878336E-003   2.6018539650041816E-002   4.7462978233069487E-003
   2611.0779162676686        4.8241889557976122E-003   1.9709670127651457E-002   3.8537085533105093E-003
   2703.3053132971791        4.0868530662024503E-003   1.4930598770839061E-002   3.1328107179049774E-003
   2798.7914800504532        3.4604604717216859E-003   1.1310287992319404E-002   2.5497581916981882E-003
   2897.6492167059700        2.9263168716924244E-003   8.5678436474209054E-003   2.0775718227063482E-003
   3000.0000000000000        2.4698606441136170E-003   6.4903478161076724E-003   1.6946653633340078E-003
