         200   4370.0000000000000     
   3.0000000000000000        3.5788667452234459E-003   2.8288780487367732E-002   1.7297170714910638E-002
   3.1059655287322618        3.7798268718156982E-003   2.8288780487367732E-002   1.7555496512236118E-002
   3.2156739552243598        3.9886124435491287E-003   2.8288780487367732E-002   1.7806338383065196E-002
   3.3292574962321346        4.2052322862857544E-003   2.8288780487367732E-002   1.8049464710561913E-002
   3.4468529954360925        4.4296648898873589E-003   2.8288780487367732E-002   1.8284701004291491E-002
   3.5686022069563790        4.6618565403579258E-003   2.8288780487367732E-002   1.8511929159054221E-002
   3.6946518254059528        4.9017192125303515E-003   2.8288780487367732E-002   1.8731085105079755E-002
   3.8251536998800524        5.1491290936196343E-003   2.8288780487367732E-002   1.8942155897563859E-002
   3.9602651907155879        5.4039256793898703E-003   2.8288780487367732E-002   1.9145176175114957E-002
   4.1001490688558144        5.6659103227792778E-003   2.8288780487367732E-002   1.9340223237085518E-002
   4.2449739038313119        5.9348460361311473E-003   2.8288780487367732E-002   1.9527412410034993E-002
   4.3949142193596993        6.2104571792553284E-003   2.8288780487367732E-002   1.9706891666984697E-002
   4.5501507036585132        6.4924295744173792E-003   2.8288780487367732E-002   1.9878836112245019E-002
   4.7108703059600501        6.7804107359490853E-003   2.8288780487367732E-002   2.0043442261872765E-002
   4.8772669425686850        7.0740114968377904E-003   2.8288780487367732E-002   2.0200922961865819E-002
   5.0495410155906377        7.3728058113243849E-003   2.8288780487367732E-002   2.0351501239948475E-002
   5.2279001269311909        7.6763329987863125E-003   2.8288780487367732E-002   2.0495405634919413E-002
   5.4125592113782046        7.9840992323637356E-003   2.8288780487367732E-002   2.0632865255623047E-002
   5.6037407956130689        8.2955795419189429E-003   2.8288780487367732E-002   2.0764105398446864E-002
   5.8016752663703963        8.6102201178559993E-003   2.8288780487367732E-002   2.0889343674173083E-002
   6.0066011480696169        8.9274409132802223E-003   2.8288780487367732E-002   2.1008786707731906E-002
   6.2187653902530293        9.2466385403444946E-003   2.8288780487367732E-002   2.1122627460785609E-002
   6.4384236651766908        9.5671894536287303E-003   2.8288780487367732E-002   2.1231043211884008E-002
   6.6658406759127811        9.8884534090724757E-003   2.8288780487367732E-002   2.1334194212407908E-002
   6.9012904753346884        1.0209777181502098E-002   2.8288780487367732E-002   2.1432223019076373E-002
   7.1450567963692624        1.0530498517432802E-002   2.8288780487367732E-002   2.1525254485974785E-002
   7.3974330131920443        1.0849949820556761E-002   2.8288780487367732E-002   2.1613396254401198E-002
   7.6587243988323896        1.1167464839230231E-002   2.8288780487367732E-002   2.1696740579073129E-002
   7.9292442763577622        1.1482377927497553E-002   2.8288780487367732E-002   2.1775364642114953E-002
   8.2093202460023029        1.1794035614954533E-002   2.8288780487367732E-002   2.1849334516346120E-002
   8.4992881560440416        1.2101793686281096E-002   2.8288780487367732E-002   2.1918705765347098E-002
   8.7994991583321234        1.2405029065756858E-002   2.8288780487367732E-002   2.1983527908741078E-002
   9.1103132457223861        1.2703136922679069E-002   2.8288780487367732E-002   2.2043845629825549E-002
   9.4321068148357909        1.2995542089781015E-002   2.8288780487367732E-002   2.2099703212936452E-002
   9.7652657388916850        1.3281696007391170E-002   2.8288780487367732E-002   2.2151145960211695E-002
   10.110193474162946        1.3561087377845948E-002   2.8288780487367732E-002   2.2198224226002403E-002
   10.467303634806061        1.3833238774030204E-002   2.8288780487367732E-002   2.2240994685739347E-002
   10.837027566606025        1.4097715495968180E-002   2.8288780487367732E-002   2.2279523549628834E-002
   11.219811965471335        1.4354125570056704E-002   2.8288780487367732E-002   2.2313887952500024E-002
   11.616115840724994        1.4602119706355356E-002   2.8288780487367732E-002   2.2344177192999425E-002
   12.026419117330413        1.4841398222944247E-002   2.8288780487367732E-002   2.2370494505955237E-002
   12.451213803399156        1.5071706348653685E-002   2.8288780487367732E-002   2.2392957025275100E-002
   12.891014326336300        1.5292840593059883E-002   2.8288780487367732E-002   2.2411696694086127E-002
   13.346348065368609        1.5504643505780848E-002   2.8288780487367732E-002   2.2426859636261037E-002
   13.817766430769083        1.5707008678357601E-002   2.8288780487367732E-002   2.2438606163145299E-002
   14.305834715756038        1.5899875039969591E-002   2.8288780487367732E-002   2.2447109666631403E-002
   14.811143972217785        1.6083230564877943E-002   2.8288780487367732E-002   2.2452555897549683E-002
   15.334300133051286        1.6257106226824820E-002   2.8288780487367732E-002   2.2455141552675549E-002
   15.875936741648431        1.6421578537194843E-002   2.8288780487367732E-002   2.2455073045338236E-002
   16.436703292225193        1.6576763305284202E-002   2.8288780487367732E-002   2.2452564980449060E-002
   17.017278874447534        1.6722817167699921E-002   2.8288780487367732E-002   2.2447838646724713E-002
   17.618359675531394        1.6859931314991923E-002   2.8288780487367732E-002   2.2441120563482003E-002
   18.240671728221173        1.6988331831728837E-002   2.8288780487367732E-002   2.2432640932625092E-002
   18.884968846184627        1.7108275744682645E-002   2.8288780487367732E-002   2.2422632240959219E-002
   19.552019805756849        1.7220045725923745E-002   2.8288780487367732E-002   2.2411328227665797E-002
   20.242632201214423        1.7323951395076191E-002   2.8288189872487171E-002   2.2398961061542703E-002
   20.957638264717446        1.7420323503978329E-002   2.8286775814786502E-002   2.2385762100613042E-002
   21.697899624358065        1.7509511849864448E-002   2.8285704630273550E-002   2.2371964585629078E-002
   22.464312967141105        1.7591883076212508E-002   2.8284893176706901E-002   2.2357796814542672E-002
   23.257792778673313        1.7667816298688660E-002   2.8284278484258848E-002   2.2343484657946396E-002
   24.079299719823517        1.7737703825327206E-002   2.8283812839165100E-002   2.2329250921660201E-002
   24.929823759061236        1.7801947246675581E-002   2.8283460101216209E-002   2.2315315764899504E-002
   25.810395145829254        1.7860956674326880E-002   2.8283192891913556E-002   2.2301896826353588E-002
   26.722064579292049        1.7915148088052401E-002   2.8282990475475760E-002   2.2289210013544825E-002
   27.665935811728254        1.7964944458442045E-002   2.8282837139898844E-002   2.2277469659816244E-002
   28.643146268414043        1.8010773629153150E-002   2.8282720984316785E-002   2.2266889614605778E-002
   29.654879655490589        1.8053068472891891E-002   2.8282632993069524E-002   2.2257683972670968E-002
   30.702343174827575        1.8065059815335700E-002   2.5161807502245108E-002   2.2209020897128780E-002
   31.786804983723918        1.8064877653972161E-002   2.1441077811667132E-002   2.2147825328731750E-002
   32.909571928103169        1.8066382096679930E-002   1.8622530860185650E-002   2.2094630123755291E-002
   34.072004028335677        1.8069074070539606E-002   1.6487399191565909E-002   2.2048282353791398E-002
   35.275488300232773        1.8072621083019366E-002   1.4869993875662922E-002   2.2007864584567213E-002
   36.521481794408061        1.8076825106840042E-002   1.3644768395297480E-002   2.1972652915228423E-002
   37.811486012809581        1.8081595955659165E-002   1.2716629070555204E-002   2.1942083997941699E-002
   39.147055493126302        1.8086929231844212E-002   1.2013540031078096E-002   2.1915725928932431E-002
   40.529808025860810        1.8092887875191012E-002   1.1480929540677033E-002   2.1893253772336529E-002
   41.961393513511240        1.8099586370485272E-002   1.1077466348621404E-002   2.1874429426151535E-002
   43.443545167355794        1.8107177571677270E-002   1.0771832764735102E-002   2.1859083232401152E-002
   44.978049075047366        1.8115840986566430E-002   1.0540307586135209E-002   2.1847099427054477E-002
   46.566763998623138        1.8125772755648348E-002   1.0364920498596483E-002   2.1838402863525914E-002
   48.211585595230147        1.8137176489403946E-002   1.0232061241298664E-002   2.1832947734059610E-002
   49.914505239722644        1.8150255703606538E-002   1.0131416989828007E-002   2.1830707106993915E-002
   51.677575059319224        1.8165206540564156E-002   1.0055176420972641E-002   2.1831664066844197E-002
   53.502930680545909        1.8182211647842311E-002   9.9974219624524002E-003   2.1835803488373468E-002
   55.392750120602578        1.8201434186790374E-002   9.9536717949097377E-003   2.1843104480776050E-002
   57.349321371645829        1.8223013533887378E-002   9.9205299352184695E-003   2.1853533778262366E-002
   59.375002227322796        1.8247060649396820E-002   9.8954241373327388E-003   2.1867039550650221E-002
   61.472246417894510        1.8273654760380117E-002   9.8764057618880192E-003   2.1883546065563652E-002
   63.643556378429672        1.8302839817467106E-002   9.8619989587872010E-003   2.1902948507657439E-002
   65.891560899834928        1.8334623247201001E-002   9.8510854406503711E-003   2.1925109552486714E-002
   68.218968971510208        1.8368973875521485E-002   9.8428181743255849E-003   2.1949855829271909E-002
   70.628585269218178        1.8362440485136969E-002   9.8250077181010805E-003   2.1914495822268662E-002
   73.123328588587739        1.8248129001410179E-002   9.7824948950374167E-003   2.1722337659058458E-002
   75.706175661273647        1.8156235795435585E-002   9.7502905738577113E-003   2.1561452218519211E-002
   78.380253523498894        1.8082654527481989E-002   9.7258949851334216E-003   2.1426569977367204E-002
   81.148784610322849        1.8024027049155768E-002   9.7074147089654186E-003   2.1313221336971330E-002
   84.015122474940881        1.7977604104820622E-002   9.6934153598077222E-003   2.1217635099154503E-002
   86.982687236203873        1.7941134775224781E-002   9.6828105703796758E-003   2.1136649368549837E-002
   90.055071705548812        1.7912774773878998E-002   9.6747771738689824E-003   2.1067624893582954E-002
   93.235978303002270        1.7891014821658204E-002   9.6686916726022362E-003   2.1008372161379598E-002
   96.529260096906100        1.7874621341908942E-002   9.6640817275852695E-003   2.0957083378272828E-002
   99.938826062156153        1.7862589071823722E-002   9.6605896191958394E-003   2.0912274801999767E-002
   103.46886588546354        1.7854101263904808E-002   9.6579442270896682E-003   2.0872732276427729E-002
   107.12359379692580        1.7848498846938336E-002   9.6559402788868928E-003   2.0837470481906786E-002
   110.90736836557576        1.7845253679356802E-002   9.6544222555036956E-003   2.0805693233638262E-002
   114.82483910697920        1.7843946949484220E-002   9.6532723006263216E-003   2.0776760378294252E-002
   118.88068277378797        1.7844251369773360E-002   9.6524011821239042E-003   2.0750162771209092E-002
   123.07973629915718        1.7845915831335653E-002   9.6517412956785373E-003   2.0725497982984158E-002
   127.42715949490271        1.7848752718338069E-002   9.6512414090201733E-003   2.0702450121415191E-002
   131.92808807993632        1.7852626758062099E-002   9.6508627367394434E-003   2.0680775464967313E-002
   136.58805281121437        1.7857445803187072E-002   9.6505758794743143E-003   2.0660286486259741E-002
   141.41261684513370        1.7863152279063179E-002   9.6503585781904516E-003   2.0640842110778022E-002
   146.40753387824964        1.7869716009592296E-002   9.6501939689307911E-003   2.0622337165906085E-002
   151.57894168226974        1.6930605238117031E-002   9.3978305332948972E-003   1.9602342827660477E-002
   156.93294936957258        1.4312501076782875E-002   8.6977820821650727E-003   1.6806573692889539E-002
   162.47613596373097        1.2332443301345995E-002   8.1674713243023323E-003   1.4688679696259328E-002
   168.21511902855468        1.0835998644396043E-002   7.7657481590822234E-003   1.3083960188796036E-002
   174.15674278185460        9.7061032732112789E-003   7.4614363223168920E-003   1.1867743483796100E-002
   180.30830831190286        8.8540017900384221E-003   7.2309096487400120E-003   1.0945631995656074E-002
   186.67715947709803        8.2124655204493385E-003   7.0562801440507200E-003   1.0246215689306833E-002
   193.27089166569760        7.7305389793047765E-003   6.9239954516897443E-003   9.7154376885195213E-003
   200.09760727912413        7.3695904080161370E-003   6.8237852514581076E-003   9.3123651556794706E-003
   207.16537088595135        7.1003584518412434E-003   6.7478743935955529E-003   9.0060338371543095E-003
   214.48286737908427        6.9006502247263880E-003   6.6903693102000851E-003   8.7729895625637960E-003
   222.05883252794877        6.7536492407855274E-003   6.6468078252115530E-003   8.5954864036039275E-003
   229.90230130529540        6.6466015659627023E-003   6.6138092912539437E-003   8.4600874525747570E-003
   238.02291179328489        6.5698288593138499E-003   6.5888117678351253E-003   8.3566146213089592E-003
   246.43025707061713        6.5159893714605080E-003   6.5698757369443018E-003   8.2773654593148067E-003
   255.13466811288930        6.4795044733066054E-003   6.5555310428357738E-003   8.2165024186003268E-003
   264.14653641505117        6.4561353995771118E-003   6.5446645917295859E-003   8.1696057630753997E-003
   273.47660938458705        6.4426561982017802E-003   6.5364330781362990E-003   8.1333260553685272E-003
   283.13635184814427        6.4366083841329007E-003   6.5301974237255778E-003   8.1051233424169304E-003
   293.13729579387660        6.4361159997062623E-003   6.5254737653989226E-003   8.0830727112327586E-003
   303.49136818478553        6.4397442219237769E-003   6.5218955173263994E-003   8.0657135926066239E-003
   314.21129214162710        6.4463934498248552E-003   6.5191848714502452E-003   8.0519366646680818E-003
   325.30973137660959        6.4552185099826000E-003   6.5171315130761092E-003   8.0408998066414956E-003
   336.80032369109853        6.4655684749816665E-003   6.5155760235470648E-003   8.0319621251379800E-003
   348.69678677735646        6.4769400893673881E-003   6.5143977027836098E-003   8.0246360437179927E-003
   361.01330816366544        6.4889433415826481E-003   6.5135051056249837E-003   8.0185497861626574E-003
   373.76502243504467        6.4790658211918081E-003   6.4837426775006214E-003   7.9742664022359362E-003
   386.96715283564077        6.4029946397944583E-003   6.3679933835903693E-003   7.8148810021549595E-003
   400.63544401132759        6.3475888538669202E-003   6.2803114093262866E-003   7.6938301745377415E-003
   414.78669160661980        6.3077752560346595E-003   6.2138893007595997E-003   7.6018033622775958E-003
   429.43761284149554        6.2796858778091285E-003   6.1635734723241567E-003   7.5317554326248502E-003
   444.60621081975989        6.2603696965321653E-003   6.1254575032551328E-003   7.4783479405088303E-003
   460.31059410826708        6.2475782815273198E-003   6.0965837391219026E-003   7.4375396415084921E-003
   476.56949149896485        6.2395986915832506E-003   6.0747113927938105E-003   7.4062683994354393E-003
   493.40288198244309        6.2351269679615838E-003   6.0581423388393809E-003   7.3822123620888563E-003
   510.83065126063684        6.2331719995270254E-003   6.0455910107635622E-003   7.3636118488345764E-003
   528.87421463804299        6.2329811600725232E-003   6.0360829484382541E-003   7.3491303145345526E-003
   547.55511287104378        6.2339840718854227E-003   6.0288803623398148E-003   7.3377525972318381E-003
   566.89562449487210        6.2357492672789928E-003   6.0234242861290487E-003   7.3287057390639797E-003
   586.91951519858117        6.2379512490877151E-003   6.0192911209093845E-003   7.3213995166545379E-003
   607.65068989177485        6.2403450300237209E-003   6.0161601487580462E-003   7.3153821781952620E-003
   629.11387223602765        6.2427467694799723E-003   6.0137883863885175E-003   7.3103060897786766E-003
   651.33543626567803        6.2450189803051268E-003   6.0119916948914928E-003   7.3059019614202178E-003
   674.34163286578985        6.2470589113645478E-003   6.0106306718365659E-003   7.3019598878815940E-003
   698.16073213207346        6.2487900010848221E-003   6.0095996501029203E-003   7.2983143538741385E-003
   722.82116976782140        6.1329230143016321E-003   5.8916195147467000E-003   7.0734303471318627E-003
   748.35235540965130        6.0129225934656347E-003   5.7700996829339922E-003   6.8415608008883131E-003
   774.78566186873422        5.9218135458533553E-003   5.6780442344862101E-003   6.6650532739967253E-003
   802.15264573967897        5.8524584958451979E-003   5.6083100162417137E-003   6.5304069249038591E-003
   830.48594444209971        5.7994495839654428E-003   5.5554852108119770E-003   6.4273881423871828E-003
   859.82037403360118        5.7586878437453212E-003   5.5154686054524641E-003   6.3482371779498992E-003
   890.19058800385733        5.7270692646130281E-003   5.4851553755161288E-003   6.2870762405138544E-003
   921.63390537915473        5.7022400401118938E-003   5.4621920621699405E-003   6.2394475580527312E-003
   954.18786380243341        5.6824173128083690E-003   5.4447967995157479E-003   6.2019752393175148E-003
   987.89128659474920        5.6662499492165742E-003   5.4316196049011044E-003   6.1721022792190130E-003
   1022.7855886411724        5.6527140162595906E-003   5.4216374271656856E-003   6.1478930403189606E-003
   1058.9119914466876        5.6410352791732080E-003   5.4140757650446413E-003   6.1278864337960190E-003
   1096.3148872627712        5.6306283921029876E-003   5.4083475461425860E-003   6.1109806489128404E-003
   1135.0389283928459        5.6210530443462662E-003   5.4040082824292224E-003   6.0963494628168214E-003
   1175.1302964981960        5.6119796560147985E-003   5.4007212195333011E-003   6.0833766270082862E-003
   1216.6382559936744        5.6031636025572606E-003   5.3982311564345865E-003   6.0716063929862228E-003
   1259.6123598874483        5.5944266517702328E-003   5.3963448736941656E-003   6.0607070870939261E-003
   1304.1038583964914        5.5856421683580203E-003   5.3949159838140295E-003   6.0504421485911564E-003
   1350.1674228314519        5.5767238908896186E-003   5.3938335506281418E-003   6.0406480463136908E-003
   1397.8574692241625        4.7581237161552657E-003   4.6053310488312019E-003   5.1443366956237212E-003
   1447.2325992722181        4.0669633070743198E-003   3.9397979470387964E-003   4.3865952761874775E-003
   1498.3517579647787        3.5424299783234337E-003   3.4356406010925956E-003   3.8119299206347719E-003
   1551.2759091786245        2.6909286827996723E-003   2.6150404515192394E-003   2.8966767266311272E-003
   1606.0700862978565        2.0342117557715540E-003   1.9809560937377930E-003   2.1908957705683084E-003
   1662.7990190437411        1.5377079412765531E-003   1.5006268713119225E-003   1.6571599240282995E-003
   1721.5324161293761        1.1623541535690860E-003   1.1367609795194678E-003   1.2535200490242020E-003
   1782.3403946248577        8.7861357689754567E-004   8.6112380716488592E-004   9.4826474066438213E-004
   1845.2954731357936        6.6414115186623740E-004   6.5232416237948900E-004   7.1740832102286324E-004
   1910.4750110852074        5.0203042053964975E-004   4.9415125636290515E-004   5.4280528154464311E-004
   1977.9568210713478        3.7950317069647426E-004   3.7433147236846329E-004   4.1074168536121234E-004
   2047.8213808026539        2.8689640395164077E-004   2.8356603560756363E-004   3.1084667548931437E-004
   2120.1545400970977        2.1690187117196121E-004   2.1480809824089991E-004   2.3527574234863454E-004
   2195.0417479108573        1.6399844429962503E-004   1.6272284146766775E-004   1.7810141688214665E-004
   2272.5750259096239        1.2401038522381053E-004   1.2326646962896277E-004   1.3483922770340446E-004
   2352.8469348264384        9.3783372634860014E-005   9.3377318130270849E-005   1.0210022983201819E-004
   2435.9532056335870        7.0933295858234281E-005   7.0735799344714544E-005   7.7321616752734198E-005
   2521.9959596104222        5.3657823123477118E-005   5.3584070822276877E-005   5.8564708980318339E-005
   2611.0779162676686        4.0595726662048222E-005   4.0591223573998478E-005   4.4364192867394619E-005
   2703.3053132971791        3.0718283083584832E-005   3.0748930290342201E-005   3.3611715806313054E-005
   2798.7914800504532        2.3247849616705362E-005   2.3293054912089140E-005   2.5468613971233145E-005
   2897.6492167059700        1.7597163346502266E-005   1.7645107948895226E-005   1.9300857979673031E-005
   3000.0000000000000        1.3322164441268630E-005   1.3366594040913621E-005   1.4628456180815239E-005
