         200   4370.0000000000000     
   3.0000000000000000        1.9565352211392355E-003   1.7731755491183279        9.4430892858951045E-004
   3.1059655287322618        2.0970158813144409E-003   1.7731755491183279        1.0068580843791645E-003
   3.2156739552243598        2.2475237838506909E-003   1.7731755491183279        1.0737784299951157E-003
   3.3292574962321346        2.4087460765594478E-003   1.7731755491183279        1.1453800405611442E-003
   3.4468529954360925        2.5814170311120859E-003   1.7731755491183279        1.2219948640070364E-003
   3.5686022069563790        2.7663228767896499E-003   1.7731755491183279        1.3039783001178890E-003
   3.6946518254059528        2.9643070372255137E-003   1.7731755491183279        1.3917107154548887E-003
   3.8251536998800524        3.1762764987483660E-003   1.7731755491183279        1.4855991823906744E-003
   3.9602651907155879        3.4032094054436074E-003   1.7731755491183279        1.5860794506236120E-003
   4.1001490688558144        3.6461629764780118E-003   1.7731755491183279        1.6936177199990310E-003
   4.2449739038313119        3.9062833808703387E-003   1.7731755491183279        1.8087129112001647E-003
   4.3949142193596993        4.1848164991339287E-003   1.7731755491183279        1.9318989356536080E-003
   4.5501507036585132        4.4831201241598189E-003   1.7731755491183279        2.0637471879038170E-003
   4.7108703059600501        4.8026773722127493E-003   1.7731755491183279        2.2048691401841164E-003
   4.8772669425686850        5.1451128524869164E-003   1.7731755491183279        2.3559197048632734E-003
   5.0495410155906377        5.5122081064340901E-003   1.7731755491183279        2.5175998055771143E-003
   5.2279001269311909        5.9059211638960753E-003   1.7731755491183279        2.6906602763548293E-003
   5.4125592113782046        6.3284068390419088E-003   1.7731755491183279        2.8759055701593639E-003
   5.6037407956130689        6.7820393118214221E-003   1.7731755491183279        3.0741979243131025E-003
   5.8016752663703963        7.2694369565913875E-003   1.7731755491183279        3.2864619185433938E-003
   6.0066011480696169        7.7934896500260944E-003   1.7731755491183279        3.5136894651575479E-003
   6.2187653902530293        8.3573888416795892E-003   1.7731755491183279        3.7569452736106795E-003
   6.4384236651766908        8.9646607325407600E-003   1.7731755491183279        4.0173728346126168E-003
   6.6658406759127811        9.6192029809523127E-003   1.7731755491183279        4.2962009719990334E-003
   6.9012904753346884        1.0325325443004223E-002   1.7731755491183279        4.5947510139452818E-003
   7.1450567963692624        1.1087795557938807E-002   1.7731755491183279        4.9144446388231164E-003
   7.3974330131920443        1.1911887840051450E-002   1.7731755491183279        5.2568119299681347E-003
   7.6587243988323896        1.2803447242606743E-002   1.7731755491183279        5.6235033802083459E-003
   7.9292442763577622        1.3768939262171294E-002   1.7731755491183279        6.0162942835103430E-003
   8.2093202460023029        1.4815542892791250E-002   1.7731755491183279        6.4371041912925173E-003
   8.4992881560440416        1.5951210347637773E-002   1.7731755491183279        6.8879997861040956E-003
   8.7994991583321234        1.7184786273748157E-002   1.7731755491183279        7.3712182304378872E-003
   9.1103132457223861        1.8526088344483226E-002   1.7731755491183279        7.8891709970471454E-003
   9.4321068148357909        1.9986059692863579E-002   1.7731755491183279        8.4444712555600786E-003
   9.7652657388916850        2.1576877450854327E-002   1.7731755491183279        9.0399388954815023E-003
   10.110193474162946        2.3312147630610049E-002   1.7731755491183279        9.6786326792066835E-003
   10.467303634806061        2.5207048766415212E-002   1.7731755491183279        1.0363856761910116E-002
   10.837027566606025        2.7278571476572359E-002   1.7731755491183279        1.1099196236309996E-002
   11.219811965471335        2.9545733970730716E-002   1.7731755491183279        1.1888536833160046E-002
   11.616115840724994        3.2029812127356776E-002   1.7731755491183279        1.2736084257229155E-002
   12.026419117330413        3.4754663795161560E-002   1.7731755491183279        1.3646410583340656E-002
   12.451213803399156        3.7746965810851754E-002   1.7731755491183279        1.4624466459950802E-002
   12.891014326336300        4.1036592360575649E-002   1.7731755491183279        1.5675638222642427E-002
   13.346348065368609        4.4656869224659806E-002   1.7731755491183279        1.6805763445534607E-002
   13.817766430769083        4.8644984571652422E-002   1.7731755491183279        1.8021198492405594E-002
   14.305834715756038        5.3042235471731029E-002   1.7731755491183279        1.9328838210311561E-002
   14.811143972217785        5.7894450767384947E-002   1.7731755491183279        2.0736195883945204E-002
   15.334300133051286        6.3252203511736119E-002   1.7731755491183279        2.2251427971277337E-002
   15.875936741648431        6.9171229935238610E-002   1.7731755491183279        2.3883428721972445E-002
   16.436703292225193        7.5712587772940931E-002   1.7731755491183279        2.5641860932744814E-002
   17.017278874447534        8.2943064749180076E-002   1.7731755491183279        2.7537267792423110E-002
   17.618359675531394        9.0935268301520933E-002   1.7731755491183279        2.9581110676047188E-002
   18.240671728221173        9.9767990410037130E-002   1.7731755491183279        3.1785894297513537E-002
   18.884968846184627       0.10952636958800209        1.7731755491183279        3.4165253834020221E-002
   19.552019805756849       0.12030180765164686        1.7731755491183279        3.6734005603203473E-002
   20.242632201214423       0.13219237202874948        1.7730899842379593        3.9508327482122386E-002
   20.957638264717446       0.14530251135050187        1.7728655115477556        4.2505838724097286E-002
   21.697899624358065       0.15974288671782258        1.7726701396530240        4.5745789556673459E-002
   22.464312967141105       0.17563002055425378        1.7725000949663463        4.9249151428990542E-002
   23.257792778673313       0.19308516525315506        1.7723520959310384        5.3038711665582106E-002
   24.079299719823517       0.21223375152096124        1.7722232835934650        5.7139360111961482E-002
   24.929823759061236       0.23320346453657731        1.7721111705768042        6.1578180657226596E-002
   25.810395145829254       0.25612241979756623        1.7720135914300355        6.6384684116618825E-002
   26.722064579292049       0.28111601398201874        1.7719286630510898        7.1590884760233287E-002
   27.665935811728254       0.30830459830845042        1.7718547448461794        7.7231671637334687E-002
   28.643146268414043       0.33779928739666182        1.7717904094486960        8.3344902987287681E-002
   29.654879655490589       0.36969817797149296        1.7717344142272624        8.9971682519548540E-002
   30.702343174827575       0.40401120462338441        1.7627756746067420        9.7125298167776181E-002
   31.786804983723918       0.44083116894089486        1.7508232946301980       0.10486904227587214     
   32.909571928103169       0.48022364990089778        1.7404204294956704       0.11327002374096312     
   34.072004028335677       0.52218834019935911        1.7313661489668390       0.12238382699184040     
   35.275488300232773       0.56668916019017967        1.7234857217106079       0.13226990222649149     
   36.521481794408061       0.61365266906895077        1.7166269185174370       0.14299193596169332     
   37.811486012809581       0.66296498883619959        1.7106572953341974       0.15461761005173599     
   39.147055493126302       0.71447114551560986        1.7054615782468026       0.16721852751178085     
   40.529808025860810       0.76797585430317128        1.7009394125309727       0.18087005195571007     
   41.961393513511240       0.82324417563298735        1.6970035285200107       0.19565059141672336     
   43.443545167355794       0.88000688432326557        1.6935778952460063       0.21164153412785994     
   44.978049075047366       0.93796418281241645        1.6905963634490078       0.22892620040339026     
   46.566763998623138       0.99679276074737555        1.6880013451587030       0.24758910972499082     
   48.211585595230147        1.0561520685920041        1.6857427611883717       0.26771440592868362     
   49.914505239722644        1.1156951625461340        1.6837769816127184       0.28938520718898092     
   51.677575059319224        1.1750768844519293        1.6820660470666318       0.31268169491361408     
   53.502930680545909        1.2339646688638919        1.6805769110308943       0.33767977845209934     
   55.392750120602578        1.2920474988647610        1.6792808358577367       0.36444884689925511     
   57.349321371645829        1.3490482797617664        1.6781527847702515       0.39305105454041406     
   59.375002227322796        1.4047323309385247        1.6771709750092711       0.42353928975410915     
   61.472246417894510        1.4589172738593181        1.6763164430234156       0.45595635192346523     
   63.643556378429672        1.5114800323696498        1.6755726978819749       0.49033342866124685     
   65.891560899834928        1.5623658519770782        1.6749253723772497       0.52669106206198968     
   68.218968971510208        1.6115926941915970        1.6743619666005827       0.56503887415391363     
   70.628585269218178        1.6576963078291764        1.6734102254387413       0.60458256764647200     
   73.123328588587739        1.6979201255311192        1.6713404691839080       0.64377289633046286     
   75.706175661273647        1.7369911039223211        1.6695390490100577       0.68484604078906786     
   78.380253523498894        1.7752071280454649        1.6679711661987693       0.72777091468280275     
   81.148784610322849        1.8129391575016425        1.6666065448041507       0.77252028622694857     
   84.015122474940881        1.8506266441696964        1.6654188273087536       0.81907578031831896     
   86.982687236203873        1.8887697523067075        1.6643850929006394       0.86743118181799217     
   90.055071705548812        1.9279219525707532        1.6634853725391967       0.91759816060506683     
   93.235978303002270        1.9686785362114771        1.6627022925503376       0.96960865068679702     
   96.529260096906100        2.0116646940061824        1.6620207278271628        1.0235181275173177     
   99.938826062156153        2.0575200764613344        1.6614275286755764        1.0794057339088756     
   103.46886588546354        2.1068860468700250        1.6609112261401857        1.1373786376468915     
   107.12359379692580        2.1603852109723185        1.6604618577941395        1.1975674874331197     
   110.90736836557576        2.2186048929193642        1.6600707505191290        1.2601270263172202     
   114.82483910697920        2.2820809850517061        1.6597303426187495        1.3252362446100079     
   118.88068277378797        2.3512754058958145        1.6594340656789930        1.3930908740183037     
   123.07973629915718        2.4265601110738135        1.6591762013510372        1.4639016185559508     
   127.42715949490271        2.5082036381142965        1.6589517640672791        1.5378922497144583     
   131.92808807993632        2.5963502345650449        1.6587564253095917        1.6152884001929573     
   136.58805281121437        2.6910158450736934        1.6585864083842732        1.6963187654272815     
   141.41261684513370        2.7920724779192589        1.6584384326930939        1.7812024094198819     
   146.40753387824964        2.8992462552275722        1.6583096422033941        1.8701444898746014     
   151.57894168226974        2.9347848236028145        1.6384931595267662        1.9177398740314522     
   156.93294936957258        2.8069317389511430        1.5786761358859218        1.8670729051065911     
   162.47613596373097        2.6977079942287676        1.5266132142132347        1.8245254190706919     
   168.21511902855468        2.6043227762195102        1.4812998031821125        1.7892351948166181     
   174.15674278185460        2.5244725381456159        1.4418613227780921        1.7604629546510413     
   180.30830831190286        2.4562530980854014        1.4075352665621776        1.7375830424882717     
   186.67715947709803        2.3980879117327536        1.3776592887181374        1.7200771975807632     
   193.27089166569760        2.3486567375271052        1.3516567623150020        1.7075250889190634     
   200.09760727912413        2.3068363212648153        1.3290249526223756        1.6995957788428573     
   207.16537088595135        2.2716560509621320        1.3093273804741050        1.6960397511594485     
   214.48286737908427        2.2422552344987694        1.2921832115824015        1.6966786167232990     
   222.05883252794877        2.2178563957013031        1.2772616369412226        1.7013953592219995     
   229.90230130529540        2.1977419162835012        1.2642746598919972        1.7101233082128502     
   238.02291179328489        2.1812386970483830        1.2529711892790454        1.7228357669122651     
   246.43025707061713        2.1677106485171218        1.2431332253270426        1.7395344123659486     
   255.13466811288930        2.1565526780553435        1.2345705601277981        1.7602402829647295     
   264.14653641505117        2.1471910329995318        1.2271179709293982        1.7849831981319844     
   273.47660938458705        2.1390843468828971        1.2206316176319463        1.8137940357569793     
   283.13635184814427        2.1317266336400462        1.2149860926106046        1.8466992965181728     
   293.13729579387660        2.1246518051993690        1.2100724614205092        1.8837139147750639     
   303.49136818478553        2.1174374269663909        1.2057958875984622        1.9248384760745103     
   314.21129214162710        2.1097081413345204        1.2020736875561888        1.9700587870425394     
   325.30973137660959        2.1011391881993298        1.1988340746008506        2.0193415573104359     
   336.80032369109853        2.0914575676052602        1.1960144138207291        2.0726390376656996     
   348.69678677735646        2.0804435308513205        1.1935602978435065        2.1298862962954201     
   361.01330816366544        2.0679300105041203        1.1914243605420647        2.1910046597877173     
   373.76502243504467        2.0398894835192918        1.1718338986054802        2.2409049784162840     
   386.96715283564077        1.9617413275840898        1.0939640506385884        2.2384304758785358     
   400.63544401132759        1.8862073529390266        1.0261901090344834        2.2383538374539529     
   414.78669160661980        1.8131302034614429       0.96720172749330635        2.2410750089030245     
   429.43761284149554        1.7423896013179558       0.91586125065569135        2.2470088146201603     
   444.60621081975989        1.6738914771057942       0.87117605802083053        2.2565611151875924     
   460.31059410826708        1.6075699334826714       0.83228391682295366        2.2701091202442596     
   476.56949149896485        1.5433806619333692       0.79843418197405103        2.2879876196091624     
   493.40288198244309        1.4812949297662479       0.76897240024681002        2.3104814515965848     
   510.83065126063684        1.4213011691494160       0.74333036900534655        2.3378201714379090     
   528.87421463804299        1.3633956276872494       0.72101232335886944        2.3701801265548945     
   547.55511287104378        1.3075842181280564       0.70158762064724856        2.4076847840933948     
   566.89562449487210        1.2538773747226961       0.68468135074141812        2.4504093910543445     
   586.91951519858117        1.2022856779530608       0.66996664659348837        2.4983873957831353     
   607.65068989177485        1.1528214372859849       0.65715957745802134        2.5516120782416811     
   629.11387223602765        1.1054947702805338       0.64601295808776382        2.6100420883357112     
   651.33543626567803        1.0603104784965351       0.63631127893579764        2.6736074884990519     
   674.34163286578985        1.0172706947798873       0.62786743252445409        2.7422077138664949     
   698.16073213207346       0.97636969707784704       0.62051816491512779        2.8157198261329666     
   722.82116976782140       0.93377013734420244       0.61023997872682323        2.8850291377984671     
   748.35235540965130       0.89264061606836043       0.60015163812044159        2.9572557571996425     
   774.78566186873422       0.85416590372489809       0.59137105268123424        3.0350757289040531     
   802.15264573967897       0.81824327541569164       0.58372879473032657        3.1181560215029585     
   830.48594444209971       0.78477257218614660       0.57707736343038696        3.2061536511551210     
   859.82037403360118       0.75365448157447223       0.57128815952650924        3.2987164324414788     
   890.19058800385733       0.72479281991358435       0.56624953189900162        3.3954729232019809     
   921.63390537915473       0.69809133542314472       0.56186406335607075        3.4960386325711399     
   954.18786380243341       0.67345607712021771       0.55804713314421484        3.6000056306266779     
   987.89128659474920       0.65079426681990260       0.55472507188380082        3.7069434178843097     
   1022.7855886411724       0.63001368186918927       0.55183365060160405        3.8164006383392080     
   1058.9119914466876       0.61102460055238905       0.54931710508046805        3.9278940212150473     
   1096.3148872627712       0.59373796142539736       0.54712678024686745        4.0409168728357177     
   1135.0389283928459       0.57806712856719022       0.54522041221587925        4.1549283548083205     
   1175.1302964981960       0.56392725061257087       0.54356120677267783        4.2693563507664507     
   1216.6382559936744       0.55123494250694538       0.54211708471894449        4.3836011909452814     
   1259.6123598874483       0.53990936233718989       0.54086018068633590        4.4970279505782793     
   1304.1038583964914       0.52987167965740567       0.53976623556210146        4.6089721009226192     
   1350.1674228314519       0.52104481001438152       0.53881409893191556        4.7187463110814498     
   1397.8574692241625       0.46582387917122281       0.48030003064919291        4.4428475379386656     
   1447.2325992722181       0.41144235071674201       0.42048209261831354        4.1577095252383414     
   1498.3517579647787       0.36399799085887680       0.36841903649425850        3.9056614485418857     
   1551.2759091786245       0.31320809825246737       0.32072966080153864        3.4739864067045914     
   1606.0700862978565       0.26968349839362021       0.27914981493243812        3.0798321656227476     
   1662.7990190437411       0.23257043834304209       0.24296083910397065        2.7262165097989453     
   1721.5324161293761       0.20086312389686201       0.21146305303415777        2.4093667558859111     
   1782.3403946248577       0.17372288030778171       0.18404868440296818        2.1258604576814975     
   1845.2954731357936       0.15044839768733284       0.16018861703114440        1.8725771715410999     
   1910.4750110852074       0.13045179681609986       0.13942153864652032        1.6466609363249003     
   1977.9568210713478       0.11324093672361393       0.12134673361206375        1.4455112656570324     
   2047.8213808026539        9.8402425861518150E-002  0.10561534575277676        1.2667489085008474     
   2120.1545400970977        8.5587989480773660E-002   9.1923223275430996E-002   1.1081897823075744     
   2195.0417479108573        7.4504668690376002E-002   8.0006298644854076E-002  0.96784084594985731     
   2272.5750259096239        6.4904502842709946E-002   6.9634169176389357E-002  0.84386899449963115     
   2352.8469348264384        5.6577978433245725E-002   6.0606697210306461E-002  0.73459948479703818     
   2435.9532056335870        4.9347331542979191E-002   5.2749646325576827E-002  0.63849826648414698     
   2521.9959596104222        4.3061190269631490E-002   4.5911107730843559E-002  0.55415905575634439     
   2611.0779162676686        3.7590798559557645E-002   3.9959126930697260E-002  0.48030114958421982     
   2703.3053132971791        3.2826154579644086E-002   3.4778826599953273E-002  0.41575744709810913     
   2798.7914800504532        2.8672925474096597E-002   3.0270050436500502E-002  0.35946545289770426     
   2897.6492167059700        2.5050361867867289E-002   2.6345841767982867E-002  0.31046564130840426     
   3000.0000000000000        2.1888846586478175E-002   2.2930329659539953E-002  0.26788963879232280     
