         200   4370.0000000000000     
   3.0000000000000000        1.9401598920315637E-003   8.3296517504272334        9.3641023157479313E-004
   3.1059655287322618        2.0794570760532378E-003   8.3296517504272334        9.9843593807573123E-004
   3.2156739552243598        2.2286952318275660E-003   8.3296517504272334        1.0647961420742981E-003
   3.3292574962321346        2.3885551784349748E-003   8.3296517504272334        1.1357982930310581E-003
   3.4468529954360925        2.5597643584417610E-003   8.3296517504272334        1.2117715233492870E-003
   3.5686022069563790        2.7431016235262900E-003   8.3296517504272334        1.2930682127269240E-003
   3.6946518254059528        2.9394024215567338E-003   8.3296517504272334        1.3800654886563840E-003
   3.8251536998800524        3.1495651079146343E-003   8.3296517504272334        1.4731669488826991E-003
   3.9602651907155879        3.3745584756134407E-003   8.3296517504272334        1.5728046140971480E-003
   4.1001490688558144        3.6154296076616279E-003   8.3296517504272334        1.6794406832998962E-003
   4.2449739038313119        3.8733136729855963E-003   8.3296517504272334        1.7935697825517114E-003
   4.3949142193596993        4.1494446044112584E-003   8.3296517504272334        1.9157212126416660E-003
   4.5501507036585132        4.4451672061995148E-003   8.3296517504272334        2.0464614170631378E-003
   4.7108703059600501        4.7619504637153890E-003   8.3296517504272334        2.1863965510521255E-003
   4.8772669425686850        5.1014035898388054E-003   8.3296517504272334        2.3361758117884978E-003
   5.0495410155906377        5.4652913491443321E-003   8.3296517504272334        2.4964939837089492E-003
   5.2279001269311909        5.8555534642358853E-003   8.3296517504272334        2.6680953004467305E-003
   5.4125592113782046        6.2743247558786873E-003   8.3296517504272334        2.8517771176154063E-003
   5.6037407956130689        6.7239575485091773E-003   8.3296517504272334        3.0483940384910158E-003
   5.8016752663703963        7.2070463023060517E-003   8.3296517504272334        3.2588624288899383E-003
   6.0066011480696169        7.7264547010290063E-003   8.3296517504272334        3.4841653604356908E-003
   6.2187653902530293        8.2853454755257711E-003   8.3296517504272334        3.7253580241282660E-003
   6.4384236651766908        8.8872133040817231E-003   8.3296517504272334        3.9835736589763264E-003
   6.6658406759127811        9.5359212039426346E-003   8.3296517504272334        4.2600300434901530E-003
   6.9012904753346884        1.0235740914991616E-002   8.3296517504272334        4.5560366011416107E-003
   7.1450567963692624        1.0991397878640211E-002   8.3296517504272334        4.8730021745685579E-003
   7.3974330131920443        1.1808120275646221E-002   8.3296517504272334        5.2124430067061250E-003
   7.6587243988323896        1.2691701797674497E-002   8.3296517504272334        5.5759946376014169E-003
   7.9292442763577622        1.3648551259428517E-002   8.3296517504272334        5.9654162530913026E-003
   8.2093202460023029        1.4685784653272001E-002   8.3296517504272334        6.3826099686216135E-003
   8.4992881560440416        1.5811284237887441E-002   8.3296517504272334        6.8296236719169448E-003
   8.7994991583321234        1.7033816548040630E-002   8.3296517504272334        7.3086741641097607E-003
   9.1103132457223861        1.8363112077846716E-002   8.3296517504272334        7.8221509492545031E-003
   9.4321068148357909        1.9810016098977982E-002   8.3296517504272334        8.3726433758537049E-003
   9.7652657388916850        2.1386595899582524E-002   8.3296517504272334        8.9629456063917284E-003
   10.110193474162946        2.3106333495798940E-002   8.3296517504272334        9.5960884803975958E-003
   10.467303634806061        2.4984267444292489E-002   8.3296517504272334        1.0275345964496550E-002
   10.837027566606025        2.7037229571973301E-002   8.3296517504272334        1.1004270372959960E-002
   11.219811965471335        2.9284057691212811E-002   8.3296517504272334        1.1786711878601659E-002
   11.616115840724994        3.1745822543652769E-002   8.3296517504272334        1.2626837659685544E-002
   12.026419117330413        3.4446147867163608E-002   8.3296517504272334        1.3529177866341278E-002
   12.451213803399156        3.7411443656165916E-002   8.3296517504272334        1.4498637689367207E-002
   12.891014326336300        4.0671279126618935E-002   8.3296517504272334        1.5540553940067292E-002
   13.346348065368609        4.4258632247540355E-002   8.3296517504272334        1.6660710426931312E-002
   13.817766430769083        4.8210293892484789E-002   8.3296517504272334        1.7865404867321803E-002
   14.305834715756038        5.2567108609105635E-002   8.3296517504272334        1.9161468354974148E-002
   14.811143972217785        5.7374389461417076E-002   8.3296517504272334        2.0556344545934239E-002
   15.334300133051286        6.2682123623060443E-002   8.3296517504272334        2.2058114102078277E-002
   15.875936741648431        6.8545381782076253E-002   8.3296517504272334        2.3675588383387697E-002
   16.436703292225193        7.5024468490162061E-002   8.3296517504272334        2.5418339826413831E-002
   17.017278874447534        8.2185319468478096E-002   8.3296517504272334        2.7296812669609382E-002
   17.618359675531394        9.0099582355493701E-002   8.3296517504272334        2.9322360261260588E-002
   18.240671728221173        9.8844969164796445E-002   8.3296517504272334        3.1507368914112800E-002
   18.884968846184627       0.10850540713553755        8.3296517504272334        3.3865344030348514E-002
   19.552019805756849       0.11917094626240343        8.3296517504272334        3.6410960059237003E-002
   20.242632201214423       0.13093814691680869        8.3295451830215619        3.9160254392920618E-002
   20.957638264717446       0.14390978707436675        8.3292656118688200        4.2130691863415531E-002
   21.697899624358065       0.15819468344501533        8.3290222845145045        4.5341307181574857E-002
   22.464312967141105       0.17390733111807641        8.3288105011165818        4.8812865080792626E-002
   23.257792778673313       0.19116677025051185        8.3286261746362964        5.2567925713036756E-002
   24.079299719823517       0.21009602428707669        8.3284657443689429        5.6631127617924035E-002
   24.929823759061236       0.23082017874262101        8.3283261123928813        6.1029276985055510E-002
   25.810395145829254       0.25346455564446152        8.3282045817313062        6.5791576496639442E-002
   26.722064579292049       0.27815157502759480        8.3280988070609858        7.0949698566698041E-002
   27.665935811728254       0.30499842495951285        8.3280067450923934        7.6538149709126466E-002
   28.643146268414043       0.33411288520449878        8.3279266181013547        8.2594359214510221E-002
   29.654879655490589       0.36558955173879881        8.3278568784435354        8.9158946197212721E-002
   30.702343174827575       0.39944330476733064        8.3219925435267577        9.6248667677004920E-002
   31.786804983723918       0.43575889556729130        8.3141820190331757       0.10392424973156036     
   32.909571928103169       0.47459374593685616        8.3073840563599965       0.11225011042923447     
   34.072004028335677       0.51594355691086569        8.3014673535793904       0.12128102068072806     
   35.275488300232773       0.55976814663813179        8.2963177289669261       0.13107546749615753     
   36.521481794408061       0.60598983792537253        8.2918357052660685       0.14169598228671632     
   37.811486012809581       0.65449038782111801        8.2879347342308609       0.15320885139902898     
   39.147055493126302       0.70511030837566024        8.2845394877902070       0.16568397745322244     
   40.529808025860810       0.75764961889694349        8.2815843871193131       0.17919463750066694     
   41.961393513511240       0.81186848709282300        8.2790124040890092       0.19381667065562039     
   43.443545167355794       0.86749251305482278        8.2767738547252030       0.20962828736676276     
   44.978049075047366       0.92421640061533217        8.2748255124557346       0.22670887894758276     
   46.566763998623138       0.98171092510120261        8.2731297452564352       0.24513811157686047     
   48.211585595230147        1.0396291472931884        8.2716538278696525       0.26499416163030676     
   49.914505239722644        1.0976171059273381        8.2703692494380103       0.28635283991633148     
   51.677575059319224        1.1553219116645286        8.2692512046464604       0.30928545244137118     
   53.502930680545909        1.2124024082038960        8.2682780985785289       0.33385722140314872     
   55.392750120602578        1.2685380362778040        8.2674311520368935       0.36012481554497605     
   57.349321371645829        1.3234410017869949        8.2666940042332016       0.38813541463906071     
   59.375002227322796        1.3768646650326708        8.2660524207827653       0.41792452993355284     
   61.472246417894510        1.4286132581610627        8.2654940095693483       0.44951508683442692     
   63.643556378429672        1.4785488014445303        8.2650079942606336       0.48291593064315430     
   65.891560899834928        1.5265998989172258        8.2645849863140732       0.51812288581507271     
   68.218968971510208        1.5727660620046013        8.2642168174115849       0.55511874777921433     
   70.628585269218178        1.6156246622883508        8.2633100847103371       0.59309989781912964     
   73.123328588587739        1.6525153647176074        8.2609433937327790       0.63051508403736467     
   75.706175661273647        1.6879647324253959        8.2588835353015018       0.66950902499267839     
   78.380253523498894        1.7222464289069703        8.2570907183479161       0.71001983844494443     
   81.148784610322849        1.7557052603503700        8.2555303234295359       0.75199071298618692     
   84.015122474940881        1.7887525652450693        8.2541722116839189       0.79537543288416857     
   86.982687236203873        1.8218586153269813        8.2529901739965350       0.84014209427978670     
   90.055071705548812        1.8555451756588510        8.2519613764959772       0.88627877503314223     
   93.235978303002270        1.8903743325255657        8.2510659530179460       0.93379572419569334     
   96.529260096906100        1.9269367983902836        8.2502866085530364       0.98272798719950449     
   99.938826062156153        1.9658370558896590        8.2496083069043813        1.0331347378090343     
   103.46886588546354        2.0076806498275279        8.2490179337387755        1.0851020008901509     
   107.12359379692580        2.0530548190575439        8.2485040973835577        1.1387369058433132     
   110.90736836557576        2.1025124131436468        8.2480568804434853        1.1941661901080887     
   114.82483910697920        2.1565561186693802        8.2476676363937678        1.2515337873239822     
   118.88068277378797        2.2156173012927183        8.2473288544920234        1.3109911796611282     
   123.07973629915718        2.2800405149046887        8.2470339960143786        1.3726923443318340     
   127.42715949490271        2.3500703747193206        8.2467773601456447        1.4367879365508625     
   131.92808807993632        2.4258323080645572        8.2465539973828577        1.5034107399747498     
   136.58805281121437        2.5073280520378094        8.2463595892141583        1.5726711416928318     
   141.41261684513370        2.5944215273276350        8.2461903843947830        1.6446397883909800     
   146.40753387824964        2.6868368591347633        8.2460431171553203        1.7193366923873858     
   151.57894168226974        2.7099477834937500        8.2203632063102443        1.7547569652215678     
   156.93294936957258        2.5762956683890654        8.1428102248300807        1.6989032946918883     
   162.47613596373097        2.4607361773684620        8.0753104638167805        1.6497227258111349     
   168.21511902855468        2.3604316076248013        8.0165614670830241        1.6060724633107202     
   174.15674278185460        2.2730361167750801        7.9654293385648467        1.5668898211800426     
   180.30830831190286        2.1966103378888522        7.9209254859829494        1.5311833530364198     
   186.67715947709803        2.1295524766065621        7.8821911756576561        1.4980325081265184     
   193.27089166569760        2.0705284711926430        7.8484788087453934        1.4665882233711072     
   200.09760727912413        2.0184134624684780        7.8191365879004993        1.4360794141569244     
   207.16537088595135        1.9722488879842781        7.7935986163492537        1.4058277903990830     
   214.48286737908427        1.9311989084695642        7.7713711410985074        1.3752604458296560     
   222.05883252794877        1.8945242816589589        7.7520252671087002        1.3439288067565311     
   229.90230130529540        1.8615579608539019        7.7351876056993003        1.3115218264542836     
   238.02291179328489        1.8316882793123674        7.7205326163041299        1.2778735233044765     
   246.43025707061713        1.8043513069104145        7.7077776614479152        1.2429661116081674     
   255.13466811288930        1.7790221946790217        7.6966761359088665        1.2069172819457969     
   264.14653641505117        1.7552151718819338        7.6870138278082063        1.1699637123721034     
   273.47660938458705        1.7324825891425273        7.6786042479506209        1.1324325828434234     
   283.13635184814427        1.7104158514004129        7.6712848049095683        1.0947082265024843     
   293.13729579387660        1.6886494919543549        7.6649142647941986        1.0572020385993843     
   303.49136818478553        1.6668629943668749        7.6593696717965019        1.0203211905567589     
   314.21129214162710        1.6447823889904489        7.6545438263536418       0.98444293339434663     
   325.30973137660959        1.6221837942822959        7.6503436567658785       0.94990023193323925     
   336.80032369109853        1.5988921889265109        7.6466879566498873       0.91696819348765901     
   348.69678677735646        1.5747832076745654        7.6435061866561949       0.88586325124166665     
   361.01330816366544        1.5497813540792200        7.6407369364344797       0.85674325664959317     
   373.76502243504467        1.5197361637830864        7.4985701887705387       0.82100712588720537     
   386.96715283564077        1.4742061516398841        6.8954663090507848       0.75596270641881347     
   400.63544401132759        1.4286385379729336        6.3705554713833523       0.69440282265071462     
   414.78669160661980        1.3829691772929302        5.9136890115823721       0.63679103304637885     
   429.43761284149554        1.3371767415775537        5.5160557610257097       0.58341630498721397     
   444.60621081975989        1.2912730516114597        5.1699678496229842       0.53440152878966618     
   460.31059410826708        1.2453015117912527        4.8687472634851714       0.48973292080246977     
   476.56949149896485        1.1993302176734404        4.6065802380205749       0.44928777987156998     
   493.40288198244309        1.1534452560513031        4.3783980169546055       0.41286352245038088     
   510.83065126063684        1.1077497486318757        4.1797998569556603       0.38020839037478937     
   528.87421463804299        1.0623550893175193        4.0069460468021116       0.35104099427779029     
   547.55511287104378        1.0173807311757810        3.8565012485438395       0.32507115929791497     
   566.89562449487210       0.97294895707204421        3.7255617740487628       0.30201183575473900     
   586.91951519858117       0.92918018772598199        3.6115960300252512       0.28158753885677856     
   607.65068989177485       0.88619346424189360        3.5124049658957484       0.26354170600948107     
   629.11387223602765       0.84410258960558648        3.4260741258660978       0.24763888769744319     
   651.33543626567803       0.80301286925263460        3.3509343832171226       0.23366556617710910     
   674.34163286578985       0.76302318516625700        3.2855365859515717       0.22143137594298601     
   698.16073213207346       0.72422109920704214        3.2286163283164382       0.21076688097630145     
   722.82116976782140       0.68561863227149200        3.1780087028222774       0.20013996555539748     
   748.35235540965130       0.64817557217829502        3.1336484143096399       0.19059274937593962     
   774.78566186873422       0.61228562759643934        3.0950385657140611       0.18244192875182660     
   802.15264573967897       0.57797593840450523        3.0614341523801292       0.17555381632807218     
   830.48594444209971       0.54526662952114380        3.0321865860062691       0.16981285920848779     
   859.82037403360118       0.51417006073615512        3.0067303920240698       0.16511959246123761     
   890.19058800385733       0.48469405113525826        2.9845746199318279       0.16138937771644635     
   921.63390537915473       0.45683968692754667        2.9652909084258510       0.15855044617341521     
   954.18786380243341       0.43060475924831543        2.9485071644944312       0.15654292089023822     
   987.89128659474920       0.40598374637895013        2.9338994503302764       0.15531750036860023     
   1022.7855886411724       0.38296831611098758        2.9211853393288316       0.15483448376299613     
   1058.9119914466876       0.36155079787484296        2.9101196259743394       0.15506302435108574     
   1096.3148872627712       0.34172367441842738        2.9004883649626523       0.15598039215786869     
   1135.0389283928459       0.32348330882002674        2.8921057142210258       0.15757141077317727     
   1175.1302964981960       0.30683125326951155        2.8848098828217839       0.15982797716590574     
   1216.6382559936744       0.29177618142660644        2.8784598126318004       0.16274882952664449     
   1259.6123598874483       0.27833782402893514        2.8729329745030379       0.16633913362426359     
   1304.1038583964914       0.26654936535375817        2.8681226966564246       0.17061036288181566     
   1350.1674228314519       0.25646050784473107        2.8639359768313875       0.17558040490894569     
   1397.8574692241625       0.22859501651426595        2.5441580147158422       0.16608472341701735     
   1447.2325992722181       0.20308609542274936        2.2158242942928168       0.15617600433959827     
   1498.3517579647787       0.18162869174618640        1.9300562207597676       0.14767108597796180     
   1551.2759091786245       0.15620990925441258        1.6798879971131455       0.13460888872720994     
   1606.0700862978565       0.13536916177749739        1.4621049463570825       0.12278352502328332     
   1662.7990190437411       0.11849675580296137        1.2725576934771041       0.11221351891848931     
   1721.5324161293761       0.10486422584028082        1.1075815181458868       0.10274549366017789     
   1782.3403946248577        9.3873511465183551E-002  0.96399308701395015        9.4247226156066621E-002
   1845.2954731357936        8.5031868867629271E-002  0.83902104455280913        8.6604149080951306E-002
   1910.4750110852074        7.7931931891853184E-002  0.73024917223437869        7.9716548163012782E-002
   1977.9568210713478        7.2236378597306611E-002  0.63557863895204181        7.3497926429531499E-002
   2047.8213808026539        6.7664742750267237E-002  0.55318223826772928        6.7872855789703340E-002
   2120.1545400970977        6.3983125705170132E-002  0.48146691219774929        6.2775253883903231E-002
   2195.0417479108573        6.0996464141559750E-002  0.41904955235838137        5.8147512463394717E-002
   2272.5750259096239        5.8541787796784518E-002  0.36472337698990226        5.3938885184923999E-002
   2352.8469348264384        5.6483457923551493E-002  0.31744012366621827        5.0104927105994033E-002
   2435.9532056335870        5.4709059614264803E-002  0.27628719306111460        4.6606490944315987E-002
   2521.9959596104222        5.3126181736691855E-002  0.24046893143112336        4.3408921916258690E-002
   2611.0779162676686        5.1659959039722134E-002  0.20929419978882449        4.0481705374203168E-002
   2703.3053132971791        5.0250851145554318E-002  0.18216130436122346        3.7797811910049460E-002
   2798.7914800504532        4.8852750575076133E-002  0.15854565578127808        3.5333172434174054E-002
   2897.6492167059700        4.7431458901807881E-002  0.13799180047542528        3.3066511942983552E-002
   3000.0000000000000        4.5963052809063994E-002  0.12010234871524535        3.0978784136466590E-002
