         200   4370.0000000000000     
   3.0000000000000000        3.0867183167159248E-003  0.43363345804001813        1.5169512943593092E-003
   3.1059655287322618        3.3028447017684056E-003  0.43363345804001813        1.6173800239028958E-003
   3.2156739552243598        3.5336983936547755E-003  0.43363345804001813        1.7248040174952003E-003
   3.3292574962321346        3.7802329814035601E-003  0.43363345804001813        1.8397151863583120E-003
   3.4468529954360925        4.0434681109962293E-003  0.43363345804001813        1.9626397778877364E-003
   3.5686022069563790        4.3244972445778693E-003  0.43363345804001813        2.0941409059506821E-003
   3.6946518254059528        4.6244962234049400E-003  0.43363345804001813        2.2348210014171079E-003
   3.8251536998800524        4.9447338343056599E-003  0.43363345804001813        2.3853246509319623E-003
   3.9602651907155879        5.2865846382071568E-003  0.43363345804001813        2.5463418431072461E-003
   4.1001490688558144        5.6515428633565337E-003  0.43363345804001813        2.7186109380471085E-003
   4.2449739038313119        6.0412400502827847E-003  0.43363345804001813        2.9029224845864379E-003
   4.3949142193596993        6.4574651081953987E-003  0.43363345804001813        3.1001230946581210E-003
   4.5501507036585132        6.9021879665386318E-003  0.43363345804001813        3.3111197427076410E-003
   4.7108703059600501        7.3775869083855606E-003  0.43363345804001813        3.5368843091164426E-003
   4.8772669425686850        7.8860824005690423E-003  0.43363345804001813        3.7784594455696268E-003
   5.0495410155906377        8.4303728280860253E-003  0.43363345804001813        4.0369632831295721E-003
   5.2279001269311909        9.0134800138614683E-003  0.43363345804001813        4.3135963906955604E-003
   5.4125592113782046        9.6388002217609719E-003  0.43363345804001813        4.6096485740969844E-003
   5.6037407956130689        1.0310163684116627E-002  0.43363345804001813        4.9265065744652963E-003
   5.8016752663703963        1.1031903298551846E-002  0.43363345804001813        5.2656625890951892E-003
   6.0066011480696169        1.1808933428906916E-002  0.43363345804001813        5.6287237077687494E-003
   6.2187653902530293        1.2646839615629006E-002  0.43363345804001813        6.0174223660292578E-003
   6.4384236651766908        1.3551979780437656E-002  0.43363345804001813        6.4336279259737351E-003
   6.6658406759127811        1.4531597194450319E-002  0.43363345804001813        6.8793595048459001E-003
   6.9012904753346884        1.5593945076506808E-002  0.43363345804001813        7.3568001821126810E-003
   7.1450567963692624        1.6748422222512806E-002  0.43363345804001813        7.8683127268627459E-003
   7.3974330131920443        1.8005716630660373E-002  0.43363345804001813        8.4164561581227034E-003
   7.6587243988323896        1.9377969197788118E-002  0.43363345804001813        9.0040091932609631E-003
   7.9292442763577622        2.0878912377913283E-002  0.43363345804001813        9.6339821323824723E-003
   8.2093202460023029        2.2524066107864799E-002  0.43363345804001813        1.0309653586087089E-002
   8.4992881560440416        2.4330869102403545E-002  0.43363345804001813        1.1034581393680094E-002
   8.7994991583321234        2.6318885753575119E-002  0.43363345804001813        1.1812647266109167E-002
   9.1103132457223861        2.8509929945841912E-002  0.43363345804001813        1.2648071003960513E-002
   9.4321068148357909        3.0928278434172549E-002  0.43363345804001813        1.3545463654572206E-002
   9.7652657388916850        3.3600784090854340E-002  0.43363345804001813        1.4509845732467205E-002
   10.110193474162946        3.6557100632778824E-002  0.43363345804001813        1.5546710456629569E-002
   10.467303634806061        3.9829790014939685E-002  0.43363345804001813        1.6662046793500546E-002
   10.837027566606025        4.3454560661717448E-002  0.43363345804001813        1.7862410929837053E-002
   11.219811965471335        4.7470436415864903E-002  0.43363345804001813        1.9154973562101871E-002
   11.616115840724994        5.1919921726945921E-002  0.43363345804001813        2.0547567967576199E-002
   12.026419117330413        5.6849311454405367E-002  0.43363345804001813        2.2048784102710717E-002
   12.451213803399156        6.2308826016751626E-002  0.43363345804001813        2.3668008290620667E-002
   12.891014326336300        6.8352986643110278E-002  0.43363345804001813        2.5415538700226694E-002
   13.346348065368609        7.5040753957966028E-002  0.43363345804001813        2.7302634036186452E-002
   13.817766430769083        8.2435943712432444E-002  0.43363345804001813        2.9341650571739226E-002
   14.305834715756038        9.0607329242200427E-002  0.43363345804001813        3.1546101529257228E-002
   14.811143972217785        9.9629054563558250E-002  0.43363345804001813        3.3930819633788335E-002
   15.334300133051286       0.10958063201423152       0.43363345804001813        3.6512029120961097E-002
   15.875936741648431       0.12054728414124811       0.43363345804001813        3.9307538450175428E-002
   16.436703292225193       0.13261974389824149       0.43363345804001813        4.2336827098543445E-002
   17.017278874447534       0.14589443923772794       0.43363345804001813        4.5621273779036874E-002
   17.618359675531394       0.16047298849819958       0.43363345804001813        4.9184260312744296E-002
   18.240671728221173       0.17646208401762983       0.43363345804001813        5.3051429425468824E-002
   18.884968846184627       0.19397287185064355       0.43363345804001813        5.7250880625116171E-002
   19.552019805756849       0.21311977199812826       0.43363345804001813        6.1813303663175549E-002
   20.242632201214423       0.23402006558824975       0.43360819002667117        6.6772368146193445E-002
   20.957638264717446       0.25679219048798502       0.43354190139390902        7.2164893514631331E-002
   21.697899624358065       0.28155425943295986       0.43348420646554081        7.8031167754657307E-002
   22.464312967141105       0.30842234951574571       0.43343399087014656        8.4415273682520678E-002
   23.257792778673313       0.33750767577035673       0.43339028553703118        9.1365266343443302E-002
   24.079299719823517       0.36891507475786450       0.43335224619365764        9.8933744532149023E-002
   24.929823759061236       0.40273963296764126       0.43331913829718022       0.10717806583754205     
   25.810395145829254       0.43906407406728903       0.43329032237209142       0.11616081735384906     
   26.722064579292049       0.47795470526126049       0.43326524232285274       0.12594998883300165     
   27.665935811728254       0.51945941573271603       0.43324341366861746       0.13661968809227701     
   28.643146268414043       0.56360351136919074       0.43322441489627894       0.14825032679806324     
   29.654879655490589       0.61038697204459769       0.43320787904656521       0.16092913071849480     
   30.702343174827575       0.65965713910941415       0.42402117357657432       0.17469083132595523     
   31.786804983723918       0.71141500356909104       0.41174805699797218       0.18966545017922457     
   32.909571928103169       0.76562740183608413       0.40106603577724992       0.20599119996577553     
   34.072004028335677       0.82216478268375215       0.39176878780790392       0.22378469907788986     
   35.275488300232773       0.88086052985124552       0.38367689292213203       0.24317000541229636     
   36.521481794408061       0.94151292854890378       0.37663403690979863       0.26427907922210769     
   37.811486012809581        1.0038847089534135       0.37050422164271429       0.28725098303420543     
   39.147055493126302        1.0677052180400779       0.36516907988448549       0.31223132609126375     
   40.529808025860810        1.1326736413709206       0.36052556393811769       0.33937145201566504     
   41.961393513511240        1.1984612618126154       0.35648406229566326       0.36882642363835333     
   43.443545167355794        1.2647185010411992       0.35296650373327326       0.40075419730065387     
   44.978049075047366        1.3310789395618026       0.34990496390612669       0.43531272643149310     
   46.566763998623138        1.3971663527960332       0.34724030949729845       0.47265757209058606     
   48.211585595230147        1.4625999628474804       0.34492111746819004       0.51293770988910448     
   49.914505239722644        1.5270039905674830       0.34290258710459431       0.55629307057320843     
   51.677575059319224        1.5900134654089941       0.34114574041936047       0.60284944788590222     
   53.502930680545909        1.6512823377269434       0.33961664410516662       0.65271446214499051     
   55.392750120602578        1.7104891673980920       0.33828578935272063       0.70597162759837129     
   57.349321371645829        1.7673460021983189       0.33712746753476303       0.76267742922351023     
   59.375002227322796        1.8216029724702849       0.33611931136182976       0.82285575060233129     
   61.472246417894510        1.8730541999708532       0.33524184840440674       0.88649471179268047     
   63.643556378429672        1.9215408582421725       0.33447814520524149       0.95354217485722870     
   65.891560899834928        1.9669561534348745       0.33381344901926718        1.0239061954485333     
   68.218968971510208        2.0092460120815510       0.33323492450852565        1.0974530971072387     
   70.628585269218178        2.0465956936187033       0.33246471642138498        1.1728724466795952     
   73.123328588587739        2.0757271561042407       0.33107680517086813        1.2477076877382915     
   75.706175661273647        2.1020248886064237       0.32986883137184791        1.3248999082113446     
   78.380253523498894        2.1256435736988344       0.32881746013516461        1.4041424106829161     
   81.148784610322849        2.1467842049949311       0.32790238939586258        1.4851098418477833     
   84.015122474940881        2.1656882961754564       0.32710594465970438        1.5674670973023108     
   86.982687236203873        2.1826303496573956       0.32641275597542208        1.6508749468771884     
   90.055071705548812        2.1979106060396814       0.32580943275364294        1.7349995376087464     
   93.235978303002270        2.2118460618161446       0.32528432477339020        1.8195154755275180     
   96.529260096906100        2.2247617832782476       0.32482728962973917        1.9041099516573783     
   99.938826062156153        2.2369815605800367       0.32442950956536798        1.9884813490967230     
   103.46886588546354        2.2488199162659446       0.32408329387167767        2.0723439299196298     
   107.12359379692580        2.2605727887175924       0.32378196206912857        2.1554188734115556     
   110.90736836557576        2.2725102978179268       0.32351969824657539        2.2374337225430181     
   114.82483910697920        2.2848704165079532       0.32329143177626274        2.3181211251458929     
   118.88068277378797        2.2978525065184439       0.32309275809331023        2.3972089888887091     
   123.07973629915718        2.3116133856148706       0.32291984265892604        2.4744202767654309     
   127.42715949490271        2.3262649365041397       0.32276934231356513        2.5494738460823796     
   131.92808807993632        2.3418715018864571       0.32263835449370798        2.6220781230220327     
   136.58805281121437        2.3584513267549827       0.32252434667134849        2.6919403469923875     
   141.41261684513370        2.3759767739709297       0.32242511898397785        2.7587647845015089     
   146.40753387824964        2.3943776445783000       0.32233875626894809        2.8222617844866851     
   151.57894168226974        2.3480408085074509       0.31731674959635242        2.8111974457500368     
   156.93294936957258        2.1665849389396157       0.30225859696660567        2.6429280559020594     
   162.47613596373097        2.0074967845291858       0.28915243799746315        2.4868551347665981     
   168.21511902855468        1.8677406866494466       0.27774537997367921        2.3422137667496390     
   174.15674278185460        1.7447202921562219       0.26781725882584773        2.2083499067727268     
   180.30830831190286        1.6362102494969040       0.25917612354001324        2.0846863384600547     
   186.67715947709803        1.5403080439357262       0.25165523722778693        1.9707015939278461     
   193.27089166569760        1.4553796791203863       0.24510944160799150        1.8658972192404739     
   200.09760727912413        1.3800151004500409       0.23941217979361010        1.7697731468181579     
   207.16537088595135        1.3129991092657003       0.23445357386856316        1.6818223053828101     
   214.48286737908427        1.2532739766930920       0.23013775378644924        1.6015153506775581     
   222.05883252794877        1.1999200885380104       0.22638144271065655        1.5283088106808560     
   229.90230130529540        1.1521323622256152       0.22311214125259063        1.4616471970875142     
   238.02291179328489        1.1092017142429438       0.22026664050086953        1.4009697156756802     
   246.43025707061713        1.0705048089614966       0.21779006186592034        1.3457256031029645     
   255.13466811288930        1.0354884475573847       0.21563452299688821        1.2953781334492451     
   264.14653641505117        1.0036635173554844       0.21375843122892993        1.2494179680550763     
   273.47660938458705       0.97459576010091464       0.21212557669992632        1.2073677745394151     
   283.13635184814427       0.94789859481237548       0.21070438968204871        1.1687857764633252     
   293.13729579387660       0.92322995137859054       0.20946744735487793        1.1332715733363088     
   303.49136818478553       0.90028675162861749       0.20839087588031865        1.1004655386164901     
   314.21129214162710       0.87880048978065262       0.20745386074744410        1.0700473889690960     
   325.30973137660959       0.85853589575767519       0.20663833059609985        1.0417372465007912     
   336.80032369109853       0.83928607977301095       0.20592851790722219        1.0152902992306567     
   348.69678677735646       0.82087175282334490       0.20531072633708258       0.99049621906381069     
   361.01330816366544       0.80313819480973947       0.20477303208325584       0.96717475463939184     
   373.76502243504467       0.78461584298784204       0.20305221759650807       0.94300709534925975     
   386.96715283564077       0.76212995553639562       0.19725728546274304       0.91297024059348508     
   400.63544401132759       0.74075132427342771       0.19221367227628122       0.88533608485078730     
   414.78669160661980       0.72030522029511423       0.18782386445416865       0.85982683047470165     
   429.43761284149554       0.70064573911744543       0.18400319975843676       0.83620612249112380     
   444.60621081975989       0.68165070912745918       0.18067780918090068       0.81427044248694980     
   460.31059410826708       0.66322047214228053       0.17778352693092958       0.79384582829296368     
   476.56949149896485       0.64527451751443354       0.17526449136945374       0.77478243101970368     
   493.40288198244309       0.62774845670050516       0.17307199928032316       0.75695008201604341     
   510.83065126063684       0.61059328467584351       0.17116376605917544       0.74023660271379199     
   528.87421463804299       0.59377168521871337       0.16950289778658523       0.72454338888744985     
   547.55511287104378       0.57725761341119231       0.16805734682082166       0.70978456115283228     
   566.89562449487210       0.56103398132465654       0.16679921303351716       0.69588442976783638     
   586.91951519858117       0.54509056772899789       0.16570417157482598       0.68277548180834113     
   607.65068989177485       0.52942379341854573       0.16475109283626224       0.67039807154129616     
   629.11387223602765       0.51403489355299381       0.16392158174232749       0.65869881429566646     
   651.33543626567803       0.49892828629010177       0.16319960046540086       0.64762932299143705     
   674.34163286578985       0.48411187364681307       0.16257122480808001       0.63714642700356960     
   698.16073213207346       0.46959476330781669       0.16202430570985560       0.62721050930494049     
   722.82116976782140       0.44671688188352121       0.15290140853413633       0.60152599267751139     
   748.35235540965130       0.42273669818999055       0.14241574506652560       0.57365553453859419     
   774.78566186873422       0.40040188652964731       0.13328934186936570       0.54871076827661436     
   802.15264573967897       0.37955260884626846       0.12534609846269409       0.52634986177943244     
   830.48594444209971       0.36005054640055767       0.11843270478276990       0.50627174285160015     
   859.82037403360118       0.34177509718556226       0.11241549677503823       0.48821065517521822     
   890.19058800385733       0.32462222229031917       0.10717842601166408       0.47193349651981387     
   921.63390537915473       0.30850036218351468       0.10262023858687791       0.45723433275438913     
   954.18786380243341       0.29332989211352622        9.8652981012768134E-002  0.44393248482066033     
   987.89128659474920       0.27904075353401997        9.5200082488162432E-002  0.43186894051799501     
   1022.7855886411724       0.26557054475929492        9.2194784422687484E-002  0.42090340549166405     
   1058.9119914466876       0.25286445175250799        8.9579126361058581E-002  0.41091297920480779     
   1096.3148872627712       0.24087292512221403        8.7302536980704490E-002  0.40178908300696686     
   1135.0389283928459       0.22955187911797265        8.5321087860549136E-002  0.39343653438631460     
   1175.1302964981960       0.21886146401712250        8.3596535669076696E-002  0.38577157877473012     
   1216.6382559936744       0.20876510089994088        8.2095537789205933E-002  0.37872027668499386     
   1259.6123598874483       0.19922972241208370        8.0789131392826063E-002  0.37221783468582886     
   1304.1038583964914       0.19022492889204956        7.9652101937507921E-002  0.36620723850117193     
   1350.1674228314519       0.18172233713393682        7.8662466013340565E-002  0.36063813428296215     
   1397.8574692241625       0.16021362648123139        7.0983976740750618E-002  0.32955112701560824     
   1447.2325992722181       0.14031913892518921        6.3384675977738739E-002  0.30000537917342313     
   1498.3517579647787       0.12325415027870064        5.6770559290466281E-002  0.27441699317054180     
   1551.2759091786245       0.10307481671561367        4.9458262149200911E-002  0.23709923375524564     
   1606.0700862978565        8.6096121111331581E-002   4.3046423244192791E-002  0.20451831853307353     
   1662.7990190437411        7.1952789454557298E-002   3.7465885887708821E-002  0.17646718948446119     
   1721.5324161293761        6.0168843994358914E-002   3.2608755565969719E-002  0.15230766941341797     
   1782.3403946248577        5.0348373867156175E-002   2.8381310473963698E-002  0.13149356809307405     
   1845.2954731357936        4.2161761094459384E-002   2.4701958012379347E-002  0.11355631977225689     
   1910.4750110852074        3.5334468204376190E-002   2.1499561314010728E-002   9.8093284092829261E-002
   1977.9568210713478        2.9638389726521407E-002   1.8712327843131298E-002   8.4759427468944590E-002
   2047.8213808026539        2.4883788071392975E-002   1.6286462075771488E-002   7.3258387770905403E-002
   2120.1545400970977        2.0912745189975074E-002   1.4175062147335896E-002   6.3335192300286489E-002
   2195.0417479108573        1.7594160608653833E-002   1.2337407404340271E-002   5.4771196438131060E-002
   2272.5750259096239        1.4818887487052101E-002   1.0737968496773170E-002   4.7378026908060464E-002
   2352.8469348264384        1.2496296263751649E-002   9.3458831064563447E-003   4.0993969973341315E-002
   2435.9532056335870        1.0551024929664841E-002   8.1342830274196472E-003   3.5479877377884973E-002
   2521.9959596104222        8.9203487907071211E-003   7.0797430959069043E-003   3.0715826277767956E-002
   2611.0779162676686        7.5521677142659166E-003   6.1619152093778974E-003   2.6598769938873237E-002
   2703.3053132971791        6.4031355749637874E-003   5.3630846580368357E-003   2.3039958825435823E-002
   2798.7914800504532        5.4371485407419366E-003   4.6678067940973999E-003   1.9962835493288946E-002
   2897.6492167059700        4.6242016030769413E-003   4.0626724246390928E-003   1.7301588887735836E-002
   3000.0000000000000        3.9392710385193572E-003   3.5359818378970409E-003   1.4999376758259447E-002
