         200   4370.0000000000000     
   3.0000000000000000        3.0867183167159248E-003  0.43363345804001813        1.5169512943593092E-003
   3.1059655287322618        3.3028447017684056E-003  0.43363345804001813        1.6173800239028958E-003
   3.2156739552243598        3.5336983936547755E-003  0.43363345804001813        1.7248040174952003E-003
   3.3292574962321346        3.7802329814035601E-003  0.43363345804001813        1.8397151863583120E-003
   3.4468529954360925        4.0434681109962293E-003  0.43363345804001813        1.9626397778877364E-003
   3.5686022069563790        4.3244972445778693E-003  0.43363345804001813        2.0941409059506821E-003
   3.6946518254059528        4.6244962234049400E-003  0.43363345804001813        2.2348210014171079E-003
   3.8251536998800524        4.9447338343056599E-003  0.43363345804001813        2.3853246509319623E-003
   3.9602651907155879        5.2865846382071568E-003  0.43363345804001813        2.5463418431072461E-003
   4.1001490688558144        5.6515428633565337E-003  0.43363345804001813        2.7186109380471085E-003
   4.2449739038313119        6.0412400502827847E-003  0.43363345804001813        2.9029224845864379E-003
   4.3949142193596993        6.4574651081953987E-003  0.43363345804001813        3.1001230946581210E-003
   4.5501507036585132        6.9021879665386318E-003  0.43363345804001813        3.3111197427076410E-003
   4.7108703059600501        7.3775869083855606E-003  0.43363345804001813        3.5368843091164426E-003
   4.8772669425686850        7.8860824005690423E-003  0.43363345804001813        3.7784594455696268E-003
   5.0495410155906377        8.4303728280860253E-003  0.43363345804001813        4.0369632831295721E-003
   5.2279001269311909        9.0134800138614683E-003  0.43363345804001813        4.3135963906955604E-003
   5.4125592113782046        9.6388002217609719E-003  0.43363345804001813        4.6096485740969844E-003
   5.6037407956130689        1.0310163684116627E-002  0.43363345804001813        4.9265065744652963E-003
   5.8016752663703963        1.1031903298551846E-002  0.43363345804001813        5.2656625890951892E-003
   6.0066011480696169        1.1808933428906916E-002  0.43363345804001813        5.6287237077687494E-003
   6.2187653902530293        1.2646839615629006E-002  0.43363345804001813        6.0174223660292578E-003
   6.4384236651766908        1.3551979780437656E-002  0.43363345804001813        6.4336279259737351E-003
   6.6658406759127811        1.4531597194450319E-002  0.43363345804001813        6.8793595048459001E-003
   6.9012904753346884        1.5593945076506808E-002  0.43363345804001813        7.3568001821126810E-003
   7.1450567963692624        1.6748422222512806E-002  0.43363345804001813        7.8683127268627459E-003
   7.3974330131920443        1.8005716630660373E-002  0.43363345804001813        8.4164561581227034E-003
   7.6587243988323896        1.9377969197788118E-002  0.43363345804001813        9.0040091932609631E-003
   7.9292442763577622        2.0878912377913283E-002  0.43363345804001813        9.6339821323824723E-003
   8.2093202460023029        2.2524066107864799E-002  0.43363345804001813        1.0309653586087089E-002
   8.4992881560440416        2.4330869102403545E-002  0.43363345804001813        1.1034581393680094E-002
   8.7994991583321234        2.6318885753575119E-002  0.43363345804001813        1.1812647266109167E-002
   9.1103132457223861        2.8509929945841912E-002  0.43363345804001813        1.2648071003960513E-002
   9.4321068148357909        3.0928278434172549E-002  0.43363345804001813        1.3545463654572206E-002
   9.7652657388916850        3.3600784090854340E-002  0.43363345804001813        1.4509845732467205E-002
   10.110193474162946        3.6557100632778824E-002  0.43363345804001813        1.5546710456629569E-002
   10.467303634806061        3.9829790014939685E-002  0.43363345804001813        1.6662046793500546E-002
   10.837027566606025        4.3454560661717448E-002  0.43363345804001813        1.7862410929837053E-002
   11.219811965471335        4.7470436415864903E-002  0.43363345804001813        1.9154973562101871E-002
   11.616115840724994        5.1919921726945921E-002  0.43363345804001813        2.0547567967576199E-002
   12.026419117330413        5.6849311454405367E-002  0.43363345804001813        2.2048784102710717E-002
   12.451213803399156        6.2308826016751626E-002  0.43363345804001813        2.3668008290620667E-002
   12.891014326336300        6.8352986643110278E-002  0.43363345804001813        2.5415538700226694E-002
   13.346348065368609        7.5040753957966028E-002  0.43363345804001813        2.7302634036186452E-002
   13.817766430769083        8.2435943712432444E-002  0.43363345804001813        2.9341650571739226E-002
   14.305834715756038        9.0607329242200427E-002  0.43363345804001813        3.1546101529257228E-002
   14.811143972217785        9.9629054563558250E-002  0.43363345804001813        3.3930819633788335E-002
   15.334300133051286       0.10958063201423152       0.43363345804001813        3.6512029120961097E-002
   15.875936741648431       0.12054728414124811       0.43363345804001813        3.9307538450175428E-002
   16.436703292225193       0.13261974389824149       0.43363345804001813        4.2336827098543445E-002
   17.017278874447534       0.14589443923772794       0.43363345804001813        4.5621273779036874E-002
   17.618359675531394       0.16047298849819958       0.43363345804001813        4.9184260312744296E-002
   18.240671728221173       0.17646208401762983       0.43363345804001813        5.3051429425468824E-002
   18.884968846184627       0.19397287185064355       0.43363345804001813        5.7250880625116171E-002
   19.552019805756849       0.21311977199812826       0.43363345804001813        6.1813303663175549E-002
   20.242632201214423       0.23402006558824975       0.43362067169214558        6.6772370032217782E-002
   20.957638264717446       0.25679219048798502       0.43358554018339385        7.2164900862814005E-002
   21.697899624358065       0.28155425943295986       0.43355276492760192        7.8031180617984572E-002
   22.464312967141105       0.30842234951574571       0.43352218771692608        8.4415292121256855E-002
   23.257792778673313       0.33750767577035673       0.43349366147980511        9.1365290428115586E-002
   24.079299719823517       0.36891507475786450       0.43346704848333450        9.8933774347611761E-002
   24.929823759061236       0.40273963296764126       0.43344222040740776       0.10717810148815313     
   25.810395145829254       0.43906407406728903       0.43341905740562636       0.11616085897045447     
   26.722064579292049       0.47795470526126049       0.43339744806760500       0.12595003658219209     
   27.665935811728254       0.51945941573271603       0.43337728805722386       0.13661974218917264     
   28.643146268414043       0.56360351136919074       0.43335848016879291       0.14825038752346162     
   29.654879655490589       0.61038697204459769       0.43334093361566844       0.16092919844214112     
   30.702343174827575       0.65971729270915436       0.42863229524683538       0.17471989743399366     
   31.786804983723918       0.71156032469697306       0.42197354282971755       0.18973608123126542     
   32.909571928103169       0.76585217827320795       0.41576138965211973       0.20610123062938432     
   34.072004028335677       0.82246368576460049       0.40996584933144042       0.22393212131010512     
   35.275488300232773       0.88122858746314425       0.40455904623277383       0.24335295791058045     
   36.521481794408061       0.94194550248994913       0.39951487475048880       0.26449584063686560     
   37.811486012809581        1.0043774721111627       0.39480901336097718       0.28749996713062148     
   39.147055493126302        1.0682541335256464       0.39041877177322287       0.31251108047847292     
   40.529808025860810        1.1332749433527700       0.38632295806548839       0.33968066094496285     
   41.961393513511240        1.1991114364358999       0.38250187201980601       0.36916391460910819     
   43.443545167355794        1.2654142704271154       0.37893706433007418       0.40111895381727408     
   44.978049075047366        1.3318172456800921       0.37561134653339417       0.43570390571797357     
   46.566763998623138        1.3979443429464786       0.37250866521906856       0.47307452924337640     
   48.211585595230147        1.4634149752059695       0.36961409697931219       0.51338002778419378     
   49.914505239722644        1.5278535420648276       0.36691366600336012       0.55676059702766023     
   51.677575059319224        1.5908952395129550       0.36439435160070704       0.60334233817096883     
   53.502930680545909        1.6521941734416690       0.36204399291127742       0.65323322699875053     
   55.392750120602578        1.7114290483100001       0.35985128508045600       0.70651718462781243     
   57.349321371645829        1.7683120472847313       0.35780564108207574       0.76325115770441165     
   59.375002227322796        1.8225934268274298       0.35589719741744857       0.82345954644301389     
   61.472246417894510        1.8740674264526245       0.35411674193093845       0.88713104199225468     
   63.643556378429672        1.9225753291166969       0.35245571091245809       0.95421412912721082     
   65.891560899834928        1.9680104433519328       0.35090608442491800        1.0246175366080656     
   68.218968971510208        2.0103187909465352       0.34946039062138851        1.0982083093159301     
   70.628585269218178        2.0485847762144007       0.34797712483340393        1.1742403932824674     
   73.123328588587739        2.0810287920107218       0.34621867440969872        1.2512754807157311     
   75.706175661273647        2.1103346080559668       0.34457817245929173        1.3306114846983637     
   78.380253523498894        2.1366645334900523       0.34304769816535602        1.4119491640034805     
   81.148784610322849        2.1602269330209145       0.34161987202725497        1.4949673461182420     
   84.015122474940881        2.1812708283547688       0.34028780185485102        1.5793315824126943     
   86.982687236203873        2.2000786349462960       0.33904508060070021        1.6646997011699436     
   90.055071705548812        2.2169592504438644       0.33788570804796864        1.7507316220872771     
   93.235978303002270        2.2322392206196908       0.33680409404037309        1.8370928787683019     
   96.529260096906100        2.2462542063857125       0.33579501757151758        1.9234594584291933     
   99.938826062156153        2.2593396748306249       0.33485363053426448        2.0095171844454169     
   103.46886588546354        2.2718229697813976       0.33397537143971340        2.0949673983896511     
   107.12359379692580        2.2840138656831841       0.33315601708670173        2.1795187276215100     
   110.90736836557576        2.2961972629259044       0.33239162549632151        2.2628873660389601     
   114.82483910697920        2.3086267012741986       0.33167849281073858        2.3447964802312797     
   118.88068277378797        2.3215176888555047       0.33101318985648254        2.4249667119453737     
   123.07973629915718        2.3350435738966175       0.33039251580816770        2.5031162819552750     
   127.42715949490271        2.3493329108460834       0.32981346319100513        2.5789619227321725     
   131.92808807993632        2.3644666494259439       0.32927325375741995        2.6522123829791879     
   136.58805281121437        2.3804793197321179       0.32876926992374350        2.7225775182325203     
   141.41261684513370        2.3973590731537970       0.32829908823074094        2.7897661230745956     
   146.40753387824964        2.4150507991437227       0.32786044659692187        2.8534946380586765     
   151.57894168226974        2.4334606228758004       0.32745121958517814        2.9134967481939107     
   156.93294936957258        2.4524592405463572       0.32706944375743868        2.9695266960692392     
   162.47613596373097        2.4718892533961312       0.32671326921973703        3.0213737223686530     
   168.21511902855468        2.4915697172433351       0.32638098326937381        3.0688655251488832     
   174.15674278185460        2.4326453224319571       0.32038296765041852        3.0213366291583141     
   180.30830831190286        2.3435295620196022       0.31238690618418241        2.9322516363420918     
   186.67715947709803        2.2589006018320421       0.30492713968707047        2.8421064238879272     
   193.27089166569760        2.1783286532075365       0.29796777862963786        2.7514491390702860     
   200.09760727912413        2.1014446353045080       0.29147510144259842        2.6608179905472196     
   207.16537088595135        2.0279390597029159       0.28541795678646692        2.5707315801066932     
   214.48286737908427        1.9575468864761612       0.27976699477962169        2.4816653724611282     
   222.05883252794877        1.8900460979228573       0.27449504217731574        2.3940474598985806     
   229.90230130529540        1.8252477635191762       0.26957673519662023        2.3082473279905633     
   238.02291179328489        1.7629873902427071       0.26498824219145745        2.2245688065755607     
   246.43025707061713        1.7031245260474592       0.26070754794388257        2.1432566664078605     
   255.13466811288930        1.6455320084784706       0.25671391035897345        2.0644912880962680     
   264.14653641505117        1.5900970508303331       0.25298812561065515        1.9884004284809595     
   273.47660938458705        1.5367158875495639       0.24951226865241696        1.9150627177496946     
   283.13635184814427        1.4852896598285765       0.24626949722671726        1.8445125737143933     
   293.13729579387660        1.4357265683346665       0.24324421812632838        1.7767530083769587     
   303.49136818478553        1.3879388067207008       0.24042187649308092        1.7117601446486523     
   314.21129214162710        1.3418403559086316       0.23778879667655661        1.6494876433306738     
   325.30973137660959        1.2973506475865466       0.23533234537297809        1.5898776968140680     
   336.80032369109853        1.2543901769886205       0.23304061985274616        1.5328597787649472     
   348.69678677735646        1.2128843911327405       0.23090260011282962        1.4783593231468988     
   361.01330816366544        1.1727622528954920       0.22890799997035102        1.4262981911443924     
   373.76502243504467        1.1332818021238813       0.22641609255477441        1.3754887580210287     
   386.96715283564077        1.0927142779405759       0.22185107604722601        1.3231719260278547     
   400.63544401132759        1.0535524976046435       0.21759228348026646        1.2734795195218227     
   414.78669160661980        1.0157269557330972       0.21361907888351461        1.2262891384985430     
   429.43761284149554       0.97917508419969768       0.20991239914299617        1.1814873302895847     
   444.60621081975989       0.94383759131099920       0.20645428354986595        1.1389645956638814     
   460.31059410826708       0.90966141263360556       0.20322810339183403        1.0986187016699378     
   476.56949149896485       0.87659818152423985       0.20021833725977664        1.0603525476128115     
   493.40288198244309       0.84460291323786596       0.19741040133826371        1.0240725537991160     
   510.83065126063684       0.81363649125484816       0.19479082337808235       0.98969146100653638     
   528.87421463804299       0.78366238275559308       0.19234691021976358       0.95712459318037557     
   547.55511287104378       0.75464897992029112       0.19006691005002224       0.92629249035504713     
   566.89562449487210       0.72656817445412980       0.18793985360685189       0.89711931131925837     
   586.91951519858117       0.69939412686150404       0.18595543424275288       0.86953159619044518     
   607.65068989177485       0.67310497115424417       0.18410410966864443       0.84346003758843491     
   629.11387223602765       0.64768146440301677       0.18237697301487621       0.81883805106555563     
   651.33543626567803       0.62310581498682460       0.18076565544444340       0.79560067205297968     
   674.34163286578985       0.59936344472916814       0.17926242598609970       0.77368626577245647     
   698.16073213207346       0.57644032543110457       0.17786000074468253       0.75303405133675061     
   722.82116976782140       0.54987483498335665       0.17211415429205887       0.72522566744296668     
   748.35235540965130       0.52305023397149752       0.16540082400507397       0.69658294003574228     
   774.78566186873422       0.49738294759336221       0.15913767914972293       0.66973637823981758     
   802.15264573967897       0.47283802274706449       0.15329460273569270       0.64458858548114695     
   830.48594444209971       0.44938230448802030       0.14784348325800634       0.62104553407099805     
   859.82037403360118       0.42698326973950101       0.14275790732875968       0.59901564182139710     
   890.19058800385733       0.40561059279562173       0.13801347476638559       0.57841158602966536     
   921.63390537915473       0.38523371181650745       0.13358719643293265       0.55914817611107237     
   954.18786380243341       0.36582337444790597       0.12945778810381930       0.54114412239612908     
   987.89128659474920       0.34735061405169504       0.12560538286740947       0.52432128239248454     
   1022.7855886411724       0.32978597982213181       0.12201131390227600       0.50860419286711622     
   1058.9119914466876       0.31310092541342310       0.11865833715650848       0.49392150170868454     
   1096.3148872627712       0.29726606518120774       0.11553020578837403       0.48020453424713666     
   1135.0389283928459       0.28225254928909677       0.11261187784941257       0.46738859138039368     
   1175.1302964981960       0.26803142406256325       0.10988931303198990       0.45541240784538395     
   1216.6382559936744       0.25457319692136177       0.10734931915403997       0.44421778059255518     
   1259.6123598874483       0.24184889894873546       0.10497968238803886       0.43375040234387913     
   1304.1038583964914       0.22982960913334563       0.10276900222319038       0.42395935447325039     
   1350.1674228314519       0.21848614860776264       0.10070656681342988       0.41479673192282612     
   1397.8574692241625       0.20083920467375543        9.5270402547385627E-002  0.39285251001802524     
   1447.2325992722181       0.18396441190339441        8.9710021844294274E-002  0.37118653568388477     
   1498.3517579647787       0.16857798456175285        8.4522575267594546E-002  0.35117543587148042     
   1551.2759091786245       0.15169944886658218        7.8879115951143913E-002  0.32485662185413589     
   1606.0700862978565       0.13648911073163808        7.3588702260325378E-002  0.30037384598959149     
   1662.7990190437411       0.12286638571705288        6.8653172571582946E-002  0.27782115127023616     
   1721.5324161293761       0.11066574703555157        6.4048611786244172E-002  0.25703869989656664     
   1782.3403946248577        9.9738732303704405E-002   5.9752878389818312E-002  0.23788128035639794     
   1845.2954731357936        8.9951855410988615E-002   5.5745305267554120E-002  0.22021616465553551     
   1910.4750110852074        8.1184913317684765E-002   5.2006473732360795E-002  0.20392142893511178     
   1977.9568210713478        7.3330382636057609E-002   4.8518405219837274E-002  0.18888617667808139     
   2047.8213808026539        6.6291833299173861E-002   4.5264318355174006E-002  0.17500890759520030     
   2120.1545400970977        5.9982639562345161E-002   4.2228445467347768E-002  0.16219624403214497     
   2195.0417479108573        5.4325550589249046E-002   3.9396220684034672E-002  0.15036328453031389     
   2272.5750259096239        4.9251183709759914E-002   3.6753920466035088E-002  0.13943168838753037     
   2352.8469348264384        4.4697692292512636E-002   3.4288839035036364E-002  0.12933005810419576     
   2435.9532056335870        4.0609790880847457E-002   3.1989116688374092E-002  0.11999290330994589     
   2521.9959596104222        3.6937962040665441E-002   2.9843610126279972E-002  0.11135983538832540     
   2611.0779162676686        3.3638135266120577E-002   2.7842002454950238E-002  0.10337576121496536     
   2703.3053132971791        3.0670969563376484E-002   2.5974663780810647E-002   9.5990089519623012E-002
   2798.7914800504532        2.8001269852605627E-002   2.4232545918263612E-002   8.9156114826176913E-002
   2897.6492167059700        2.5597775976535064E-002   2.2607290326850760E-002   8.2831261320864574E-002
   3000.0000000000000        2.3432504016972291E-002   2.1091021834040075E-002   7.6976110340099449E-002
