         200   4370.0000000000000     
   3.0000000000000000        5.9669784148919268E-003  0.12175042762878997        5.2052134053637792E-003
   3.1059655287322618        6.4577569188149922E-003  0.12175042762878997        5.6634653574742164E-003
   3.2156739552243598        6.9899499332418411E-003  0.12175042762878997        6.1646593803688704E-003
   3.3292574962321346        7.5666980978649611E-003  0.12175042762878997        6.7128878477080616E-003
   3.4468529954360925        8.1913060660409806E-003  0.12175042762878997        7.3126255344625832E-003
   3.5686022069563790        8.8672490372674502E-003  0.12175042762878997        7.9687633898859710E-003
   3.6946518254059528        9.5981796369141760E-003  0.12175042762878997        8.6866432330830797E-003
   3.8251536998800524        1.0387937470550852E-002  0.12175042762878997        9.4720954954776067E-003
   3.9602651907155879        1.1240561299061648E-002  0.12175042762878997        1.0331480050798914E-002
   4.1001490688558144        1.2160299767566773E-002  0.12175042762878997        1.1271726212065354E-002
   4.2449739038313119        1.3151625895534366E-002  0.12175042762878997        1.2300377374477150E-002
   4.3949142193596993        1.4219250223498781E-002  0.12175042762878997        1.3425635672905259E-002
   4.5501507036585132        1.5368133309520384E-002  0.12175042762878997        1.4656407876238949E-002
   4.7108703059600501        1.6603495102081839E-002  0.12175042762878997        1.6002350559046134E-002
   4.8772669425686850        1.7930825385167926E-002  0.12175042762878997        1.7473919867927273E-002
   5.0495410155906377        1.9355879846903280E-002  0.12175042762878997        1.9082409621257661E-002
   5.2279001269311909        2.0884678461818188E-002  0.12175042762878997        2.0839996269348217E-002
   5.4125592113782046        2.2523491058629230E-002  0.12175042762878997        2.2759774235473471E-002
   5.6037407956130689        2.4278814010925760E-002  0.12175042762878997        2.4855785259542098E-002
   5.8016752663703963        2.6157335993148512E-002  0.12175042762878997        2.7143038109394758E-002
   6.0066011480696169        2.8165891975356207E-002  0.12175042762878997        2.9637515406671984E-002
   6.2187653902530293        3.0311405062820845E-002  0.12175042762878997        3.2356163670302793E-002
   6.4384236651766908        3.2600816280565569E-002  0.12175042762878997        3.5316861973422833E-002
   6.6658406759127811        3.5041002928733064E-002  0.12175042762878997        3.8538363857285901E-002
   6.9012904753346884        3.7638686657919418E-002  0.12175042762878997        4.2040206380042522E-002
   7.1450567963692624        4.0400332898740086E-002  0.12175042762878997        4.5842579447864122E-002
   7.3974330131920443        4.3332039217774412E-002  0.12175042762878997        4.9966141588619076E-002
   7.6587243988323896        4.6439446291321948E-002  0.12175042762878997        5.4431818802744933E-002
   7.9292442763577622        4.9727575052924897E-002  0.12175042762878997        5.9260437443576286E-002
   8.2093202460023029        5.3200784365551604E-002  0.12175042762878997        6.4472458255005333E-002
   8.4992881560440416        5.6862584321820224E-002  0.12175042762878997        7.0087417457721707E-002
   8.7994991583321234        6.0715615942566976E-002  0.12175042762878997        7.6123524574457355E-002
   9.1103132457223861        6.4761469545689773E-002  0.12175042762878997        8.2596919136459362E-002
   9.4321068148357909        6.9000691257176450E-002  0.12175042762878997        8.9521122926607175E-002
   9.7652657388916850        7.3432613362389640E-002  0.12175042762878997        9.6906121676610710E-002
   10.110193474162946        7.8055393537079271E-002  0.12175042762878997       0.10475770636737872     
   10.467303634806061        8.2865861512156871E-002  0.12175042762878997       0.11307643925101406     
   10.837027566606025        8.7859578991276110E-002  0.12175042762878997       0.12185695096559997     
   11.219811965471335        9.3030780223493148E-002  0.12175042762878997       0.13108705170569163     
   11.616115840724994        9.8372316856417646E-002  0.12175042762878997       0.14074690471596360     
   12.026419117330413       0.10387577394107025       0.12175042762878997       0.15080862578888285     
   12.451213803399156       0.10953136492419097       0.12175042762878997       0.16123566198613939     
   12.891014326336300       0.11532809788496984       0.12175042762878997       0.17198289861185281     
   13.346348065368609       0.12125369160919362       0.12175042762878997       0.18299659441018151     
   13.817766430769083       0.12729477731530103       0.12175042762878997       0.19421516958492194     
   14.305834715756038       0.13343683689647326       0.12175042762878997       0.20556985038708597     
   14.811143972217785       0.13966443872715953       0.12175042762878997       0.21698620511346547     
   15.334300133051286       0.14596119856435796       0.12175042762878997       0.22838547893842168     
   15.875936741648431       0.15231004651990429       0.12175042762878997       0.23968673722480077     
   16.436703292225193       0.15869320952021784       0.12175042762878997       0.25080865265433627     
   17.017278874447534       0.16509250413804730       0.12175042762878997       0.26167190471107715     
   17.618359675531394       0.17148933713920986       0.12175042762878997       0.27220100860447966     
   18.240671728221173       0.17786499722387553       0.12175042762878997       0.28232647720906640     
   18.884968846184627       0.18420078069647769       0.12175042762878997       0.29198642010532760     
   19.552019805756849       0.19047802724212257       0.12175042762878997       0.30112767836194076     
   20.242632201214423       0.19667851265760977       0.12174903757900474       0.30970709563853932     
   20.957638264717446       0.20278446298635350       0.12174521830655242       0.31769179358490290     
   21.697899624358065       0.20877875226395948       0.12174165519081925       0.32505933132591763     
   22.464312967141105       0.21464508985716510       0.12173833103246247       0.33179744684963342     
   23.257792778673313       0.22036802583287757       0.12173522984280467       0.33790329667432795     
   24.079299719823517       0.22593329260259512       0.12173233664840727       0.34338283621102894     
   24.929823759061236       0.23132778502777282       0.12172963749913070       0.34824962117004504     
   25.810395145829254       0.23653973212132320       0.12172711936604279       0.35252373708872731     
   26.722064579292049       0.24155866554928349       0.12172477013732047       0.35623053207352018     
   27.665935811728254       0.24637568019460432       0.12172257847020956       0.35939962241465556     
   28.643146268414043       0.25098336750657807       0.12172053379713056       0.36206370858152426     
   29.654879655490589       0.25537591296966111       0.12171862624834137       0.36425763231384339     
   30.702343174827575       0.25951184438197666       0.11882539599142546       0.36596238954413407     
   31.786804983723918       0.26340379298360506       0.11472991724525226       0.36723483548580632     
   32.909571928103169       0.26706835017356295       0.11090912023807939       0.36813725541943293     
   34.072004028335677       0.27050570217843994       0.10734456178642185       0.36870522009575785     
   35.275488300232773       0.27371744553210936       0.10401909692630687       0.36897328003934099     
   36.521481794408061       0.27670663624028474       0.10091666935374102       0.36897467078580659     
   37.811486012809581       0.27947761599304238        9.8022320067884000E-002  0.36874106105205307     
   39.147055493126302       0.28203592582657239        9.5322093360701673E-002  0.36830238551804279     
   40.529808025860810       0.28438819733052872        9.2802955099127532E-002  0.36768672251689444     
   41.961393513511240       0.28654196339471105        9.0452788625425357E-002  0.36692023478977542     
   43.443545167355794       0.28850559726515845        8.8260246657659261E-002  0.36602710732867377     
   44.978049075047366       0.29028810409947803        8.6214757397980513E-002  0.36502954925784814     
   46.566763998623138       0.29189898948744453        8.4306447164624751E-002  0.36394779499595148     
   48.211585595230147       0.29334806693586662        8.2526137286336107E-002  0.36280015995237563     
   49.914505239722644       0.29464536293276139        8.0865231913268318E-002  0.36160304659565290     
   51.677575059319224       0.29580093201848168        7.9315722644164130E-002  0.36037102688883305     
   53.502930680545909       0.29682473614586241        7.7870129918160169E-002  0.35911689579824846     
   55.392750120602578       0.29772649672948664        7.6521500662233830E-002  0.35785177629212639     
   57.349321371645829       0.29851562056155806        7.5263323305156074E-002  0.35658515578577349     
   59.375002227322796       0.29920107995535428        7.4089531282695548E-002  0.35532500140707762     
   61.472246417894510       0.29979134413361430        7.2994458640444501E-002  0.35407783379791424     
   63.643556378429672       0.30029430449419098        7.1972838251701421E-002  0.35284884700789237     
   65.891560899834928       0.30071725117593878        7.1019737438414887E-002  0.35164195555210315     
   68.218968971510208       0.30106683061973977        7.0130560626462918E-002  0.35045991635158019     
   70.628585269218178       0.30123552223096306        6.9275191480333620E-002  0.34912454974029844     
   73.123328588587739       0.30100073444761344        6.8405256771222403E-002  0.34728022983390960     
   75.706175661273647       0.30068663587697086        6.7593673136116292E-002  0.34543710602452543     
   78.380253523498894       0.30029841149263387        6.6836522015021868E-002  0.34359760271889050     
   81.148784610322849       0.29984107041387659        6.6130152646078799E-002  0.34176405135103899     
   84.015122474940881       0.29931948876648379        6.5471155348046178E-002  0.33993872603526937     
   86.982687236203873       0.29873846462631920        6.4856360447853159E-002  0.33812392601475061     
   90.055071705548812       0.29810273486440803        6.4282799538306970E-002  0.33632193359729173     
   93.235978303002270       0.29741701484009292        6.3747707075997848E-002  0.33453506644202141     
   96.529260096906100       0.29668601043834342        6.3248500142114014E-002  0.33276565368296668     
   99.938826062156153       0.29591445151910234        6.2782780297315377E-002  0.33101607649602860     
   103.46886588546354       0.29510704571586205        6.2348290897078079E-002  0.32928863522595336     
   107.12359379692580       0.29426853345798487        6.1942942653455388E-002  0.32758566163518410     
   110.90736836557576       0.29340365195401519        6.1564785403833672E-002  0.32590942954438368     
   114.82483910697920       0.29251708714505747        6.1211986788059898E-002  0.32426206931971679     
   118.88068277378797       0.29161351528550550        6.0882850336909648E-002  0.32264565984594695     
   123.07973629915718       0.29069754947069443        6.0575792548759680E-002  0.32106214061666299     
   127.42715949490271       0.28977367979750046        6.0289325575747316E-002  0.31951323191382341     
   131.92808807993632       0.28884632130026944        6.0022074972528587E-002  0.31800054222313373     
   136.58805281121437       0.28791969685132301        5.9772745776871077E-002  0.31652540089025732     
   141.41261684513370       0.28699788362098860        5.9540139063131714E-002  0.31508896732257130     
   146.40753387824964       0.28608474924820171        5.9323135741925846E-002  0.31369216098335401     
   151.57894168226974       0.28518388943297945        5.9120684324118961E-002  0.31233560325982646     
   156.93294936957258       0.28429867420545080        5.8931813464199866E-002  0.31101972558488766     
   162.47613596373097       0.28343213504753623        5.8755607988815628E-002  0.30974463799809360     
   168.21511902855468       0.28258701346915832        5.8591220595418617E-002  0.30851024077705091     
   174.15674278185460       0.27144587724032632        5.7206435377140874E-002  0.29659763015422186     
   180.30830831190286       0.25673377587345914        5.5394867838511566E-002  0.28099756887488619     
   186.67715947709803       0.24305531571461342        5.3704801936819133E-002  0.26648965295842764     
   193.27089166569760       0.23033908337656347        5.2128106630701464E-002  0.25299588153475955     
   200.09760727912413       0.21851777240412160        5.0657142046386057E-002  0.24044328862181868     
   207.16537088595135       0.20752895915218106        4.9284850614890498E-002  0.22876465411680369     
   214.48286737908427       0.19731373711695788        4.8004582900984707E-002  0.21789695268757198     
   222.05883252794877       0.18781742517292391        4.6810182602805964E-002  0.20778201587674286     
   229.90230130529540       0.17898891872438560        4.5695903365600796E-002  0.19836576238808698     
   238.02291179328489       0.17078020316604567        4.4656345951681359E-002  0.18959760735998338     
   246.43025707061713       0.16314686554435562        4.3686522648740893E-002  0.18143094571758561     
   255.13466811288930       0.15604711722570661        4.2781734180015109E-002  0.17382205369241224     
   264.14653641505117       0.14944225593884614        4.1937629775056114E-002  0.16673053592840528     
   273.47660938458705       0.14329618550376400        4.1150148380490671E-002  0.16011877264711363     
   283.13635184814427       0.13757504841390153        4.0415474256886387E-002  0.15395149188029073     
   293.13729579387660       0.13224749480011030        3.9730074646503265E-002  0.14819603385256250     
   303.49136818478553       0.12728428257040450        3.9090652037347240E-002  0.14282190315422505     
   314.21129214162710       0.12265796988549585        3.8494108108517243E-002  0.13780042453565433     
   325.30973137660959       0.11834317398796702        3.7937580690540568E-002  0.13310501995322807     
   336.80032369109853       0.11431599650381769        3.7418373130990064E-002  0.12871058871787303     
   348.69678677735646       0.11055426618368580        3.6933988765745267E-002  0.12459378276213250     
   361.01330816366544       0.10703725598776548        3.6482097183130821E-002  0.12073271818847532     
   373.76502243504467       0.10369708098236440        3.6002603751583581E-002  0.11702524708909633     
   386.96715283564077       0.10039481436146092        3.5349709849538002E-002  0.11325053314341631     
   400.63544401132759        9.7296287342203663E-002   3.4740612447053676E-002  0.10969940624380176     
   414.78669160661980        9.4384739511208141E-002   3.4172360163954585E-002  0.10635320611338361     
   429.43761284149554        9.1644622338013612E-002   3.3642226571793790E-002  0.10319475342826558     
   444.60621081975989        8.9061262023142795E-002   3.3147642909371007E-002  0.10020800537125681     
   460.31059410826708        8.6621040400637922E-002   3.2686230919163062E-002   9.7378304076764177E-002
   476.56949149896485        8.4311245326882944E-002   3.2255770711416928E-002   9.4692238791988473E-002
   493.40288198244309        8.2119957969601490E-002   3.1854176492106062E-002   9.2137539912496444E-002
   510.83065126063684        8.0036208075292839E-002   3.1479521444679921E-002   8.9703273723573729E-002
   528.87421463804299        7.8049736366113689E-002   3.1129990178898774E-002   8.7379566072922674E-002
   547.55511287104378        7.6151144520887920E-002   3.0803901936933921E-002   8.5157763543478662E-002
   566.89562449487210        7.4331791691028701E-002   3.0499687882339258E-002   8.3030284247944786E-002
   586.91951519858117        7.2583710442119531E-002   3.0215873946556220E-002   8.0990477850088546E-002
   607.65068989177485        7.0899711795100254E-002   2.9951095380445138E-002   7.9032695661128499E-002
   629.11387223602765        6.9273291763638320E-002   2.9704078313282117E-002   7.7152120056426507E-002
   651.33543626567803        6.7698550107096953E-002   2.9473625824390823E-002   7.5344605122981939E-002
   674.34163286578985        6.6170295221441425E-002   2.9258632221387408E-002   7.3606730896860192E-002
   698.16073213207346        6.4683863865827876E-002   2.9058055753223077E-002   7.1935532542342889E-002
   722.82116976782140        6.2927180062790369E-002   2.8563259307241972E-002   6.9759136099958194E-002
   748.35235540965130        6.1131596398287143E-002   2.8007849539541812E-002   6.7507531589554387E-002
   774.78566186873422        5.9392871761906080E-002   2.7489684682387827E-002   6.5361588649841970E-002
   802.15264573967897        5.7706739696794143E-002   2.7006273085603688E-002   6.3316911210547652E-002
   830.48594444209971        5.6069476686576365E-002   2.6555289017580624E-002   6.1369465730443842E-002
   859.82037403360118        5.4477802265439454E-002   2.6134547235970324E-002   5.9515443868028921E-002
   890.19058800385733        5.2928970369454077E-002   2.5742029055769052E-002   5.7751361170534303E-002
   921.63390537915473        5.1420576496513368E-002   2.5375832530964506E-002   5.6073833186337803E-002
   954.18786380243341        4.9950647849424830E-002   2.5034196767078687E-002   5.4479688129856187E-002
   987.89128659474920        4.8517548569555445E-002   2.4715478127301762E-002   5.2965872922503453E-002
   1022.7855886411724        4.7119895523982519E-002   2.4418132261138599E-002   5.1529385150311344E-002
   1058.9119914466876        4.5756643379597207E-002   2.4140732527197124E-002   5.0167384309265539E-002
   1096.3148872627712        4.4426921496586370E-002   2.3881934785653022E-002   4.8877048116468952E-002
   1135.0389283928459        4.3130120135497503E-002   2.3640494580365698E-002   4.7655684204037055E-002
   1175.1302964981960        4.1865814514863750E-002   2.3415250323320161E-002   4.6500676852885746E-002
   1216.6382559936744        4.0633698149057651E-002   2.3205110593945196E-002   4.5409450072990971E-002
   1259.6123598874483        3.9433651510057503E-002   2.3009064913265639E-002   4.4379551204493252E-002
   1304.1038583964914        3.8265676007057443E-002   2.2826170089932044E-002   4.3408608456301796E-002
   1350.1674228314519        3.7129836688338427E-002   2.2655539907464769E-002   4.2494301679380016E-002
   1397.8574692241625        3.4775811479758993E-002   2.1679644915572942E-002   4.0209539372987109E-002
   1447.2325992722181        3.2462625242986154E-002   2.0681558220253464E-002   3.7956525362916660E-002
   1498.3517579647787        3.0315940344993436E-002   1.9750413090567302E-002   3.5879220146362238E-002
   1551.2759091786245        2.7639699062709959E-002   1.8439731619600382E-002   3.3141752620945195E-002
   1606.0700862978565        2.5174827395304081E-002   1.7202980834059405E-002   3.0602373575269150E-002
   1662.7990190437411        2.2926769738639149E-002   1.6049192004613758E-002   2.8270558081590569E-002
   1721.5324161293761        2.0878150841926315E-002   1.4972774449929544E-002   2.6128971534535587E-002
   1782.3403946248577        1.9012847120144678E-002   1.3968552103060064E-002   2.4161761230687254E-002
   1845.2954731357936        1.7315839783771693E-002   1.3031693570489247E-002   2.2354362152660637E-002
   1910.4750110852074        1.5773107806794882E-002   1.2157659306178162E-002   2.0693345357445755E-002
   1977.9568210713478        1.4371692804061885E-002   1.1342246424503001E-002   1.9166455162537992E-002
   2047.8213808026539        1.3099576421069381E-002   1.0581531909289310E-002   1.7762451903294122E-002
   2120.1545400970977        1.1945589116539946E-002   9.8718297199619064E-003   1.6470988797894982E-002
   2195.0417479108573        1.0899460128088638E-002   9.2097347628756609E-003   1.5282650148261769E-002
   2272.5750259096239        9.9516567069299500E-003   8.5920388583157845E-003   1.4188758350773229E-002
   2352.8469348264384        9.0934251593481116E-003   8.0157717506033743E-003   1.3181410694994749E-002
   2435.9532056335870        8.3167014912097076E-003   7.4781609728873499E-003   1.2253372186903042E-002
   2521.9959596104222        7.6140430490682781E-003   6.9766015332808949E-003   1.1397991374820607E-002
   2611.0779162676686        6.9786400535943281E-003   6.5086816305031363E-003   1.0609214733979171E-002
   2703.3053132971791        6.4042426992252568E-003   6.0721500647163062E-003   9.8815025231760809E-003
   2798.7914800504532        5.8851046306758739E-003   5.6648916231412686E-003   9.2097626353718123E-003
   2897.6492167059700        5.4159913201787101E-003   5.2849523127480036E-003   8.5893690498914516E-003
   3000.0000000000000        4.9920948249142713E-003   4.9304911384112915E-003   8.0160607793145627E-003
