         200   4370.0000000000000     
   3.0000000000000000        1.3018366476445985E-003   2.0113512193713623        6.3561004391496953E-004
   3.1059655287322618        1.3931358134314049E-003   2.0113512193713623        6.7758989989916076E-004
   3.2156739552243598        1.4905135105013215E-003   2.0113512193713623        7.2247996897805095E-004
   3.3292574962321346        1.5943031908457368E-003   2.0113512193713623        7.7048196940806592E-004
   3.4468529954360925        1.7048495815626670E-003   2.0113512193713623        8.2181084667983569E-004
   3.5686022069563790        1.8225098144582783E-003   2.0113512193713623        8.7669553633026019E-004
   3.6946518254059528        1.9476547631796758E-003   2.0113512193713623        9.3537963571575301E-004
   3.8251536998800524        2.0806710501016256E-003   2.0113512193713623        9.9812217350669246E-004
   3.9602651907155879        2.2219637616265392E-003   2.0113512193713623        1.0651984778118507E-003
   4.1001490688558144        2.3719592839831129E-003   2.0113512193713623        1.1369008510339132E-003
   4.2449739038313119        2.5311092509022705E-003   2.0113512193713623        1.2135395133485436E-003
   4.3949142193596993        2.6998948839559661E-003   2.0113512193713623        1.2954434783165512E-003
   4.5501507036585132        2.8788320145205731E-003   2.0113512193713623        1.3829615071243738E-003
   4.7108703059600501        3.0684765815092441E-003   2.0113512193713623        1.4764630594264140E-003
   4.8772669425686850        3.2694314400966572E-003   2.0113512193713623        1.5763396797558032E-003
   5.0495410155906377        3.4823523201227588E-003   2.0113512193713623        1.6830057851137164E-003
   5.2279001269311909        3.7079557043832095E-003   2.0113512193713623        1.7969002565460085E-003
   5.4125592113782046        3.9470264966384103E-003   2.0113512193713623        1.9184878265072615E-003
   5.6037407956130689        4.2004262636511028E-003   2.0113512193713623        2.0482606892184619E-003
   5.8016752663703963        4.4691018758392697E-003   2.0113512193713623        2.1867402885491251E-003
   6.0066011480696169        4.7540945153504181E-003   2.0113512193713623        2.3344793056362524E-003
   6.2187653902530293        5.0565490319418047E-003   2.0113512193713623        2.4920638687290489E-003
   6.4384236651766908        5.3777236425766308E-003   2.0113512193713623        2.6601160076883874E-003
   6.6658406759127811        5.7189999901334151E-003   2.0113512193713623        2.8392963752179351E-003
   6.9012904753346884        6.0818936000842962E-003   2.0113512193713623        3.0303072563311246E-003
   7.1450567963692624        6.4680648014447039E-003   2.0113512193713623        3.2338958868604294E-003
   7.3974330131920443        6.8793295804124924E-003   2.0113512193713623        3.4508577691002239E-003
   7.6587243988323896        7.3176749051791813E-003   2.0113512193713623        3.6820423281652623E-003
   7.9292442763577622        7.7852647622213772E-003   2.0113512193713623        3.9283535791905999E-003
   8.2093202460023029        8.2844641583135863E-003   2.0113512193713623        4.1907600831556768E-003
   8.4992881560440416        8.8178434658234637E-003   2.0113512193713623        4.4702942487168471E-003
   8.7994991583321234        9.3882074189766337E-003   2.0113512193713623        4.7680641581751325E-003
   9.1103132457223861        9.9986015370166059E-003   2.0113512193713623        5.0852529591120391E-003
   9.4321068148357909        1.0652347195638704E-002   2.0113512193713623        5.4231324607442108E-003
   9.7652657388916850        1.1353051396000671E-002   2.0113512193713623        5.7830626156855115E-003
   10.110193474162946        1.2104649836596345E-002   2.0113512193713623        6.1665071207873427E-003
   10.467303634806061        1.2911421373237628E-002   2.0113512193713623        6.5750330081238940E-003
   10.837027566606025        1.3778038364003238E-002   2.0113512193713623        7.0103272106494929E-003
   11.219811965471335        1.4709600159623967E-002   2.0113512193713623        7.4742029728912451E-003
   11.616115840724994        1.5711667804992467E-002   2.0113512193713623        7.9686055771000432E-003
   12.026419117330413        1.6790332110598449E-002   2.0113512193713623        8.4956332280699716E-003
   12.451213803399156        1.7952242242393061E-002   2.0113512193713623        9.0575372173133401E-003
   12.891014326336300        1.9204687741176694E-002   2.0113512193713623        9.6567473598290696E-003
   13.346348065368609        2.0555630582622539E-002   2.0113512193713623        1.0295872609112595E-002
   13.817766430769083        2.2013797495400365E-002   2.0113512193713623        1.0977730463059294E-002
   14.305834715756038        2.3588712412553590E-002   2.0113512193713623        1.1705348201395790E-002
   14.811143972217785        2.5290797348161798E-002   2.0113512193713623        1.2481996936235789E-002
   15.334300133051286        2.7131402137022947E-002   2.0113512193713623        1.3311193649142454E-002
   15.875936741648431        2.9122913088960114E-002   2.0113512193713623        1.4196740635502436E-002
   16.436703292225193        3.1278778178749723E-002   2.0113512193713623        1.5142728500339063E-002
   17.017278874447534        3.3613624650485320E-002   2.0113512193713623        1.6153581810408348E-002
   17.618359675531394        3.6143279320802510E-002   2.0113512193713623        1.7234063170508487E-002
   18.240671728221173        3.8884889040232899E-002   2.0113512193713623        1.8389322421733842E-002
   18.884968846184627        4.1856986676558378E-002   2.0113512193713623        1.9624923373371884E-002
   19.552019805756849        4.5079501092600442E-002   2.0113512193713623        2.0946850230793772E-002
   20.242632201214423        4.8573936223912949E-002   2.0113000268919548        2.2361572531663515E-002
   20.957638264717446        5.2363370419938250E-002   2.0111593714791476        2.3876065822214999E-002
   21.697899624358065        5.6472531608466305E-002   2.0110281497554854        2.5497906527924625E-002
   22.464312967141105        6.0927866571478938E-002   2.0109057283069647        2.7235258604794116E-002
   23.257792778673313        6.5757451111781995E-002   2.0107915183057252        2.9096904261323778E-002
   24.079299719823517        7.0991134441797124E-002   2.0106849683129240        3.1092356219850875E-002
   24.929823759061236        7.6660382585554160E-002   2.0105855645755732        3.3231871131000047E-002
   25.810395145829254        8.2798243201979260E-002   2.0104928272667251        3.5526530982194729E-002
   26.722064579292049        8.9439050180362120E-002   2.0104063103345502        3.7988248679545783E-002
   27.665935811728254        9.6618446362350674E-002   2.0103255960503330        4.0629914113056546E-002
   28.643146268414043       0.10437300225674494        2.0102502952333374        4.3465408824943402E-002
   29.654879655490589       0.11274003084112456        2.0101800444026514        4.6509709475662346E-002
   30.702343174827575       0.12171481322491130        2.0047273203897387        4.9760423155066312E-002
   31.786804983723918       0.13135253460867802        1.9970388091158260        5.3242477834346665E-002
   32.909571928103169       0.14171093152242750        1.9898659624999158        5.6983290120072222E-002
   34.072004028335677       0.15282702924070843        1.9831741568428336        6.1002767560937435E-002
   35.275488300232773       0.16473717916773162        1.9769312056147479        6.5322213564224699E-002
   36.521481794408061       0.17747745584296776        1.9711069660455725        6.9964557754698287E-002
   37.811486012809581       0.19108353997917835        1.9656733553509069        7.4954351919920781E-002
   39.147055493126302       0.20559108390882053        1.9606041742448665        8.0317884447155583E-002
   40.529808025860810       0.22103627968600412        1.9558749535297639        8.6083309285475487E-002
   41.961393513511240       0.23745613543215183        1.9514629463998194        9.2280602777253681E-002
   43.443545167355794       0.25488983972027029        1.9473468504114184        9.8941867544424633E-002
   44.978049075047366       0.27337936388489803        1.9435068189502804       0.10610130126849730     
   46.566763998623138       0.29297075040155662        1.9399243159872328       0.11379538512354755     
   48.211585595230147       0.31371479685216580        1.9365821102480170       0.12206281303188639     
   49.914505239722644       0.33566893023298633        1.9334640645988566       0.13094488851797892     
   51.677575059319224       0.35889788681644469        1.9305551447330900       0.14048547947913009     
   53.502930680545909       0.38347500249495353        1.9278413091450639       0.15073127142082571     
   55.392750120602578       0.40948246298108104        1.9253095047135989       0.16173168075985089     
   57.349321371645829       0.43701275286760577        1.9229475071562849       0.17353939504463850     
   59.375002227322796       0.46616831145587212        1.9207439276098555       0.18621032679218424     
   61.472246417894510       0.49706167415622104        1.9186881292825919       0.19980396399435033     
   63.643556378429672       0.52981405698064687        1.9167702241087869       0.21438326508505626     
   65.891560899834928       0.56455525008229035        1.9149809518887810       0.23001537616664677     
   68.218968971510208       0.60142113244823592        1.9133116852738385       0.24677155468016396     
   70.628585269218178       0.63962187212604549        1.9114793133589936       0.26432041284636826     
   73.123328588587739       0.67739501694331239        1.9090038174586574       0.28190547077510592     
   75.706175661273647       0.71745350911438655        1.9066943660246116       0.30073810985612953     
   78.380253523498894       0.75990809550708605        1.9045398083588787       0.32090097835997616     
   81.148784610322849       0.80485678491236434        1.9025297558128407       0.34248148679529267     
   84.015122474940881       0.85238175217747325        1.9006545057595585       0.36557214494774021     
   86.982687236203873       0.90254504296461269        1.8989050385420396       0.39027003205270627     
   90.055071705548812       0.95538776185745777        1.8972729072276990       0.41667756373568204     
   93.235978303002270        1.0109272650369476        1.8957502421553940       0.44490180836867493     
   96.529260096906100        1.0691569942608372        1.8943296933425959       0.47505455850296280     
   99.938826062156153        1.1300448405056454        1.8930044357635709       0.50725105542053384     
   103.46886588546354        1.1935380543446108        1.8917680478855354       0.54161158724130876     
   107.12359379692580        1.2595603082898241        1.8906145844074334       0.57825846971070394     
   110.90736836557576        1.3280159622510435        1.8895384959247929       0.61731639645999359     
   114.82483910697920        1.3987951224431638        1.8885345682531616       0.65891317632097768     
   118.88068277378797        1.4717712216816250        1.8875979739008069       0.70317608398199383     
   123.07973629915718        1.5468054692148392        1.8867242068378727       0.75023214060208243     
   127.42715949490271        1.6237511854351530        1.8859090332278872       0.80020886765657484     
   131.92808807993632        1.7024482759690036        1.8851485419338918       0.85322912856631794     
   136.58805281121437        1.7827303708951525        1.8844390479969040       0.90941460197338009     
   141.41261684513370        1.8644172439435764        1.8837771397407832       0.96888006713088259     
   146.40753387824964        1.9473155615710616        1.8831596326722844        1.0317335706540309     
   151.57894168226974        2.0261633870504916        1.8812953644317911        1.0923384535159106     
   156.93294936957258        2.0940448928979269        1.8766755514237647        1.1426729332725405     
   162.47613596373097        2.1623472518239089        1.8723655358522089        1.1957985141042593     
   168.21511902855468        2.2307571836419076        1.8683445925542530        1.2517843916514146     
   174.15674278185460        2.2989639904493306        1.8645933764521474        1.3106922313508549     
   180.30830831190286        2.3666583810259310        1.8610937110361903        1.3725779157244689     
   186.67715947709803        2.4335242493519691        1.8578287677974217        1.4374868523226696     
   193.27089166569760        2.4992384516658372        1.8547828388344305        1.5054554323808149     
   200.09760727912413        2.5634714255705102        1.8519411651048876        1.5765131959263201     
   207.16537088595135        2.6258813832217545        1.8492901124883008        1.6506767933929387     
   214.48286737908427        2.6861214221992733        1.8468168353148153        1.7279565957516061     
   222.05883252794877        2.7438367941208659        1.8445094405711981        1.8083507271525745     
   229.90230130529540        2.7986711596127258        1.8423568271979696        1.8918479271522308     
   238.02291179328489        2.8502735277889868        1.8403485647115805        1.9784314146650142     
   246.43025707061713        2.8982998924615906        1.8384750176312150        2.0680729550075876     
   255.13466811288930        2.9424248559366890        1.8367271076884557        2.1607425301415550     
   264.14653641505117        2.9823445868805245        1.8350964298746315        2.2564027763257752     
   273.47660938458705        3.0177857450275902        1.8335751388691848        2.3550140753112907     
   283.13635184814427        3.0485131028277812        1.8321558632597805        2.4565404618743005     
   293.13729579387660        3.0743328801040355        1.8308317783104615        2.5609449045547859     
   303.49136818478553        3.0950991374085728        1.8295965137433272        2.6681948878235522     
   314.21129214162710        3.1107179291782514        1.8284440840865268        2.7782683985464520     
   325.30973137660959        3.1211480740265909        1.8273689600758605        2.8911466118030287     
   336.80032369109853        3.1264035780472774        1.8263659322002141        3.0068255536243469     
   348.69678677735646        3.1265521619974566        1.8254301772946275        3.1253074873150788     
   361.01330816366544        3.1217141161742212        1.8245571933678846        3.2466048562860421     
   373.76502243504467        3.1012465103987954        1.8099611882178048        3.3592050490726177     
   386.96715283564077        3.0364983477216714        1.7474202273626798        3.4295440207287453     
   400.63544401132759        2.9676649517436293        1.6890745502375248        3.4984837977324204     
   414.78669160661980        2.8952553596060571        1.6346414429872023        3.5663850340385985     
   429.43761284149554        2.8197992264252170        1.5838597399701484        3.6336769527206974     
   444.60621081975989        2.7418312988388958        1.5364833785517602        3.7008471449196270     
   460.31059410826708        2.6618893104983488        1.4922845445187520        3.7684184500298188     
   476.56949149896485        2.5805037226925784        1.4510505937681120        3.8369341075604542     
   493.40288198244309        2.4981877896062903        1.4125817272786514        3.9069441920683370     
   510.83065126063684        2.4154382622162029        1.3766933745434959        3.9789856724655892     
   528.87421463804299        2.3327224452744511        1.3432116386253372        4.0535770430654772     
   547.55511287104378        2.2504808419393787        1.3119755190779767        4.1312026203542001     
   566.89562449487210        2.1691209179484643        1.2828347364479395        4.2123073366342627     
   586.91951519858117        2.0890118765154453        1.2556480891346022        4.2972941256790724     
   607.65068989177485        2.0104889570253679        1.2302848472869532        4.3865141428890757     
   629.11387223602765        1.9338497425162637        1.2066229863328475        4.4802667290677567     
   651.33543626567803        1.8593515049890612        1.1845478527750637        4.5788012685446482     
   674.34163286578985        1.7872181051765232        1.1639535319100471        4.6823082584549294     
   698.16073213207346        1.7176340548154603        1.1447402339995829        4.7909281072982761     
   722.82116976782140        1.6479604710603590        1.1239838860915616        4.8982197880444431     
   748.35235540965130        1.5804374502022291        1.1037565500306477        5.0091148753465653     
   774.78566186873422        1.5160489477680610        1.0848856274971628        5.1256835194626422     
   802.15264573967897        1.4548430669420622        1.0672803756767200        5.2478180970636812     
   830.48594444209971        1.3968429599460566        1.0508560943037153        5.3753574350256557     
   859.82037403360118        1.3420473772569304        1.0355331995574806        5.5080902660714512     
   890.19058800385733        1.2904378236520018        1.0212381734296083        5.6457428535320870     
   921.63390537915473        1.2419757381386820        1.0079017494012137        5.7879897141471384     
   954.18786380243341        1.1966091619736363       0.99545979787565664        5.9344403070800915     
   987.89128659474920        1.1542729039014157       0.98385245963538570        6.0846415890409107     
   1022.7855886411724        1.1148892207150776       0.97302349134750188        6.2380814782652099     
   1058.9119914466876        1.0783731067911031       0.96292093649889487        6.3941743448190316     
   1096.3148872627712        1.0446302433787280       0.95349584318141112        6.5522739335977578     
   1135.0389283928459        1.0135616329279113       0.94470288984321260        6.7116594492438155     
   1175.1302964981960       0.98506350158072487       0.93649977288703212        6.8715408564952840     
   1216.6382559936744       0.95902760548065002       0.92884674412698842        7.0310656237240714     
   1259.6123598874483       0.93534427737446380       0.92170700316993948        7.1893098564054103     
   1304.1038583964914       0.91390216226526721       0.91504620015473803        7.3452885198152673     
   1350.1674228314519       0.89458832459222304       0.90883206017445983        7.4979677250268182     
   1397.8574692241625       0.83612747140622623       0.85644996684530339        7.2845547093379288     
   1447.2325992722181       0.77721633544334245       0.80020168503014077        7.0369622905107496     
   1498.3517579647787       0.72320386405373871       0.74772596933227586        6.7955212302772461     
   1551.2759091786245       0.66906856700776363       0.69761319588661219        6.4567861641893796     
   1606.0700862978565       0.61967354512676642       0.65082435503930780        6.1225683572518124     
   1662.7990190437411       0.57465693393510642       0.60717413662548181        5.7965573576067255     
   1721.5324161293761       0.53355045770837151       0.56645103360409699        5.4790558678187917     
   1782.3403946248577       0.49594126762749385       0.52845922465413797        5.1704081581866674     
   1845.2954731357936       0.46146414305272232       0.49301592816354928        4.8709787698949132     
   1910.4750110852074       0.42979506404805540       0.45994940371411719        4.5811315281568579     
   1977.9568210713478       0.40064883540096441       0.42910064744762888        4.3012387490956989     
   2047.8213808026539       0.37377341107647694       0.40032124354613841        4.0316570851268896     
   2120.1545400970977       0.34894521990728650       0.37347174146888817        3.7727052222556341     
   2195.0417479108573       0.32596789808443516       0.34842331947871147        3.5246731132555862     
   2272.5750259096239       0.30466685679689098       0.32505460549981413        3.2877857004622304     
   2352.8469348264384       0.28488851586334107       0.30325322861489851        3.0622138883615544     
   2435.9532056335870       0.26649697550567214       0.28291430066722062        2.8480575038566185     
   2521.9959596104222       0.24937128505495373       0.26393926942441109        2.6453333888938810     
   2611.0779162676686       0.23340483456161581       0.24623689145439920        2.4539886627276655     
   2703.3053132971791       0.21850294182670318       0.22972199920996697        2.2738934062296017     
   2798.7914800504532       0.20458088430042431       0.21431456981565958        2.1048384462591954     
   2897.6492167059700       0.19156378429066545       0.19994067967266810        1.9465558709519324     
   3000.0000000000000       0.17938411950105049       0.18653068012669147        1.7987106725830251     
