         200   4370.0000000000000     
   3.0000000000000000        6.1579426583100874E-003  0.12657625389206342        5.7439838374759326E-003
   3.1059655287322618        6.6287927511628512E-003  0.12657625389206342        6.2438030114248724E-003
   3.2156739552243598        7.1353316352539622E-003  0.12657625389206342        6.7897682813060712E-003
   3.3292574962321346        7.6795340395706436E-003  0.12657625389206342        7.3861519715868445E-003
   3.4468529954360925        8.2633272306893001E-003  0.12657625389206342        8.0375985990265263E-003
   3.5686022069563790        8.8885730158699133E-003  0.12657625389206342        8.7491513634148782E-003
   3.6946518254059528        9.5570503990865495E-003  0.12657625389206342        9.5262771994417978E-003
   3.8251536998800524        1.0270441585518184E-002  0.12657625389206342        1.0374892120292554E-002
   3.9602651907155879        1.1030321737601403E-002  0.12657625389206342        1.1301386181597635E-002
   4.1001490688558144        1.1838149364752202E-002  0.12657625389206342        1.2312642989187526E-002
   4.2449739038313119        1.2695262584013519E-002  0.12657625389206342        1.3416058662649361E-002
   4.3949142193596993        1.3602877173754791E-002  0.12657625389206342        1.4619554061886038E-002
   4.5501507036585132        1.4562087608834097E-002  0.12657625389206342        1.5931580217694360E-002
   4.7108703059600501        1.5573869496026115E-002  0.12657625389206342        1.7361113287467127E-002
   4.8772669425686850        1.6639087272811756E-002  0.12657625389206342        1.8917642879165985E-002
   5.0495410155906377        1.7758494990010684E-002  0.12657625389206342        2.0611134498784187E-002
   5.2279001269311909        1.8932744282933935E-002  0.12657625389206342        2.2451983684376686E-002
   5.4125592113782046        2.0162387485494086E-002  0.12657625389206342        2.4450942130239035E-002
   5.6037407956130689        2.1447879477417206E-002  0.12657625389206342        2.6619017542458403E-002
   5.8016752663703963        2.2789576828578260E-002  0.12657625389206342        2.8967341502862756E-002
   6.0066011480696169        2.4187733716649045E-002  0.12657625389206342        3.1507000545452572E-002
   6.2187653902530293        2.5642494320852114E-002  0.12657625389206342        3.4248825843108642E-002
   6.4384236651766908        2.7153881651179879E-002  0.12657625389206342        3.7203137491931854E-002
   6.6658406759127811        2.8721783041114560E-002  0.12657625389206342        4.0379440495533769E-002
   6.9012904753346884        3.0345932793263367E-002  0.12657625389206342        4.3786071327679768E-002
   7.1450567963692624        3.2025892702002554E-002  0.12657625389206342        4.7429796514739893E-002
   7.3974330131920443        3.3761028754312757E-002  0.12657625389206342        5.1315362179405029E-002
   7.6587243988323896        3.5550503346442296E-002  0.12657625389206342        5.5445045366396030E-002
   7.9292442763577622        3.7393226477324522E-002  0.12657625389206342        5.9818090106031091E-002
   8.2093202460023029        3.9287877872832402E-002  0.12657625389206342        6.4430302967327796E-002
   8.4992881560440416        4.1232848483620639E-002  0.12657625389206342        6.9273478961063312E-002
   8.7994991583321234        4.3226274524958190E-002  0.12657625389206342        7.4335098746390507E-002
   9.1103132457223861        4.5265985066782165E-002  0.12657625389206342        7.9597895916856065E-002
   9.4321068148357909        4.7349548014512140E-002  0.12657625389206342        8.5039790711126051E-002
   9.7652657388916850        4.9474225669128957E-002  0.12657625389206342        9.0633747805595050E-002
   10.110193474162946        5.1637033144740448E-002  0.12657625389206342        9.6348087248897291E-002
   10.467303634806061        5.3834701837102525E-002  0.12657625389206342       0.10214675610209946     
   10.837027566606025        5.6063742156097683E-002  0.12657625389206342       0.10799007966430763     
   11.219811965471335        5.8320446457869796E-002  0.12657625389206342       0.11383556491458093     
   11.616115840724994        6.0600893180379728E-002  0.12657625389206342       0.11963889317326029     
   12.026419117330413        6.2901020563245910E-002  0.12657625389206342       0.12535523045495961     
   12.451213803399156        6.5216600604472846E-002  0.12657625389206342       0.13094036061214726     
   12.891014326336300        6.7543322136500605E-002  0.12657625389206342       0.13635209746450053     
   13.346348065368609        6.9876764470439320E-002  0.12657625389206342       0.14155135963834276     
   13.817766430769083        7.2212480494836875E-002  0.12657625389206342       0.14650336195400013     
   14.305834715756038        7.4545968430688309E-002  0.12657625389206342       0.15117835206137734     
   14.811143972217785        7.6872753087248960E-002  0.12657625389206342       0.15555234001172338     
   15.334300133051286        7.9188355237025027E-002  0.12657625389206342       0.15960733162927859     
   15.875936741648431        8.1488370190441708E-002  0.12657625389206342       0.16333150782449596     
   16.436703292225193        8.3768435224089693E-002  0.12657625389206342       0.16671895656943583     
   17.017278874447534        8.6024305388504557E-002  0.12657625389206342       0.16976937749306134     
   17.618359675531394        8.8251819962176584E-002  0.12657625389206342       0.17248745266222978     
   18.240671728221173        9.0446969289681808E-002  0.12657625389206342       0.17488224944872105     
   18.884968846184627        9.2605899973553396E-002  0.12657625389206342       0.17696646842460934     
   19.552019805756849        9.4724889575130006E-002  0.12657625389206342       0.17875566134941973     
   20.242632201214423        9.6800442153853652E-002  0.12657461040778697       0.18026757783741712     
   20.957638264717446        9.8829255227718002E-002  0.12657009480389309       0.18152144388428446     
   21.697899624358065       0.10080825081645416       0.12656588205932456       0.18253738717648615     
   22.464312967141105       0.10273460447565239       0.12656195183894695       0.18333590249908441     
   23.257792778673313       0.10460571721434592       0.12655828523902005       0.18393740899510552     
   24.079299719823517       0.10641930076090135       0.12655486455614132       0.18436193260299244     
   24.929823759061236       0.10817334745164139       0.12655167329677569       0.18462882118389357     
   25.810395145829254       0.10986616662016790       0.12654869605655017       0.18475655850166078     
   26.722064579292049       0.11149635858523869       0.12654591851540889       0.18476263377978108     
   27.665935811728254       0.11306288730623786       0.12654332726258166       0.18466347127329424     
   28.643146268414043       0.11456505067124674       0.12654090980380311       0.18447439522541706     
   29.654879655490589       0.11600250808053397       0.12653865446987558       0.18420963214144440     
   30.702343174827575       0.11733132111770671       0.12311915047080767       0.18381140135169030     
   31.786804983723918       0.11856990870913894       0.11827871135690547       0.18332037356944167     
   32.909571928103169       0.11973989340042739       0.11376291810634165       0.18278154121355214     
   34.072004028335677       0.12084203213628822       0.10954997275305096       0.18220485520641794     
   35.275488300232773       0.12187740141885595       0.10561961169432295       0.18159942232368673     
   36.521481794408061       0.12284742917543280       0.10195285801275965       0.18097355195109074     
   37.811486012809581       0.12375385779997786        9.8532031691625430E-002  0.18033483366184880     
   39.147055493126302       0.12459873725173573        9.5340638504184311E-002  0.17969019258883062     
   40.529808025860810       0.12538441253823579        9.2363273431530751E-002  0.17904593743819294     
   41.961393513511240       0.12611348491177377        8.9585615817236550E-002  0.17840781970471029     
   43.443545167355794       0.12678881563151204        8.6994254328775097E-002  0.17778104612639900     
   44.978049075047366       0.12741347905232370        8.4576694176896436E-002  0.17717032069904451     
   46.566763998623138       0.12799073897086657        8.2321265674520333E-002  0.17657985544435684     
   48.211585595230147       0.12852399960558475        8.0217120566262720E-002  0.17601339406409997     
   49.914505239722644       0.12901678677063064        7.8254099432335633E-002  0.17547419307073317     
   51.677575059319224       0.12947269111117313        7.6422737157404261E-002  0.17496503146399725     
   53.502930680545909       0.12989532821306513        7.4714193661662792E-002  0.17448819447904718     
   55.392750120602578       0.13028828047637475        7.3120251120357249E-002  0.17404547065341200     
   57.349321371645829       0.13065506221300749        7.1633213518925487E-002  0.17363811825653677     
   59.375002227322796       0.13099905896205141        7.0245910795791455E-002  0.17326685939057881     
   61.472246417894510       0.13132348211420650        6.8951646369424080E-002  0.17293185874907707     
   63.643556378429672       0.13163131347969617        6.7744195032055504E-002  0.17263271777720518     
   65.891560899834928       0.13192527239412194        6.6617726860187743E-002  0.17236845397819800     
   68.218968971510208       0.13220776842817980        6.5566810352864338E-002  0.17213750702270275     
   70.628585269218178       0.13234671933568284        6.4555853809395367E-002  0.17173805394851444     
   73.123328588587739       0.13207445490625175        6.3527689708134355E-002  0.17077156141159094     
   75.706175661273647       0.13176982818696573        6.2568489954351436E-002  0.16980073692732492     
   78.380253523498894       0.13143504706061399        6.1673623254833360E-002  0.16882502897557625     
   81.148784610322849       0.13107239712529198        6.0838774823369052E-002  0.16784417969001514     
   84.015122474940881       0.13068425130730937        6.0059914803681731E-002  0.16685825515666231     
   86.982687236203873       0.13027308758908754        5.9333297001913018E-002  0.16586769482375721     
   90.055071705548812       0.12984147751077818        5.8655413097632010E-002  0.16487328564357320     
   93.235978303002270       0.12939209102765151        5.8022994532376949E-002  0.16387617790551431     
   96.529260096906100       0.12892768060315046        5.7432988589236462E-002  0.16287785006896888     
   99.938826062156153       0.12845107790411364        5.6882560585098031E-002  0.16188010072938272     
   103.46886588546354       0.12796513996172837        5.6369043422231195E-002  0.16088493398864426     
   107.12359379692580       0.12747275799311716        5.5889967799385973E-002  0.15989457782245847     
   110.90736836557576       0.12697680947765086        5.5443028845668804E-002  0.15891138383528966     
   114.82483910697920       0.12648010668467521        5.5026060919324292E-002  0.15793772541440659     
   118.88068277378797       0.12598539780528392        5.4637058986253893E-002  0.15697600116249433     
   123.07973629915718       0.12549531566297159        5.4274151527243963E-002  0.15602853613199816     
   127.42715949490271       0.12501232882078084        5.3935580074969007E-002  0.15509749152391403     
   131.92808807993632       0.12453875359653496        5.3619720191012535E-002  0.15418489351849815     
   136.58805281121437       0.12407668388440701        5.3325041376974421E-002  0.15329250493488253     
   141.41261684513370       0.12362801087018792        5.3050126638805893E-002  0.15242187142678185     
   146.40753387824964       0.12319439054147724        5.2793653339854245E-002  0.15157426789322878     
   151.57894168226974       0.12218380826187647        5.2484364720666157E-002  0.15013227665632220     
   156.93294936957258       0.11991074625273550        5.2039258300773501E-002  0.14738279931929166     
   162.47613596373097       0.11779222684229405        5.1624000021400905E-002  0.14480233963371952     
   168.21511902855468       0.11581926259008210        5.1236593069466554E-002  0.14238042166286824     
   174.15674278185460       0.11398323660933338        5.0875173599338172E-002  0.14010711467748838     
   180.30830831190286       0.11227582382057030        5.0537990353736836E-002  0.13797292347984264     
   186.67715947709803       0.11068910375617635        5.0223421951587230E-002  0.13596891869002656     
   193.27089166569760       0.10921547355553117        4.9929954979307856E-002  0.13408662158492962     
   200.09760727912413       0.10784758833260971        4.9656167443305151E-002  0.13231791911373086     
   207.16537088595135       0.10657846756829037        4.9400745733147566E-002  0.13065519285401403     
   214.48286737908427       0.10540135222498982        4.9162452203478903E-002  0.12909112671017001     
   222.05883252794877       0.10430980005681255        4.8940140994815966E-002  0.12761882335747432     
   229.90230130529540       0.10329762221512376        4.8732742550267202E-002  0.12623171429645527     
   238.02291179328489       0.10235883735905855        4.8539251921107772E-002  0.12492348842180363     
   246.43025707061713       0.10148773832241614        4.8358740754964477E-002  0.12368817706622162     
   255.13466811288930       0.10067878686492383        4.8190334385363347E-002  0.12252000139317096     
   264.14653641505117        9.9926671791645133E-002   4.8033223012576419E-002  0.12141344936078090     
   273.47660938458705        9.9226258609522000E-002   4.7886650761303294E-002  0.12036320181310681     
   283.13635184814427        9.8572551638939687E-002   4.7749907416010422E-002  0.11936407372923767     
   293.13729579387660        9.7960728485350979E-002   4.7622335431949769E-002  0.11841106705475214     
   303.49136818478553        9.7386098716975220E-002   4.7503321050167802E-002  0.11749931271665913     
   314.21129214162710        9.6844073018088825E-002   4.7392287586729517E-002  0.11662402690690928     
   325.30973137660959        9.6330199205838588E-002   4.7288702312066375E-002  0.11578057701883486     
   336.80032369109853        9.5840102026775564E-002   4.7192063303949573E-002  0.11496439513849421     
   348.69678677735646        9.5369520645753089E-002   4.7101905863551077E-002  0.11417105163973860     
   361.01330816366544        9.4914285984283128E-002   4.7017796236260560E-002  0.11339623242392036     
   373.76502243504467        9.4395644578611687E-002   4.6849978119996333E-002  0.11250994659722124     
   386.96715283564077        9.3623201187125735E-002   4.6376231620297012E-002  0.11119701376634251     
   400.63544401132759        9.2875117482305217E-002   4.5934264309070959E-002  0.10993000585943513     
   414.78669160661980        9.2146371974975980E-002   4.5521934634646412E-002  0.10870241836368734     
   429.43761284149554        9.1432159402221130E-002   4.5137264272628437E-002  0.10750823235411119     
   444.60621081975989        9.0727830780456278E-002   4.4778389303591022E-002  0.10634181782388337     
   460.31059410826708        9.0028964972881861E-002   4.4443584039526959E-002  0.10519805512494249     
   476.56949149896485        8.9331356674355197E-002   4.4131237705703555E-002  0.10407231200083734     
   493.40288198244309        8.8631006950409152E-002   4.3839836828620797E-002  0.10296042332641477     
   510.83065126063684        8.7924197149963648E-002   4.3567983290463026E-002  0.10185879903338746     
   528.87421463804299        8.7207438412599286E-002   4.3314359825485774E-002  0.10076432816073286     
   547.55511287104378        8.6477546062613875E-002   4.3077746858601079E-002   9.9674474172709748E-002
   566.89562449487210        8.5731630197107014E-002   4.2857006026021660E-002   9.8587231976401180E-002
   586.91951519858117        8.4967082141427411E-002   4.2651067728509962E-002   9.7501078464225871E-002
   607.65068989177485        8.4181639374812836E-002   4.2458941690117491E-002   9.6415031282867755E-002
   629.11387223602765        8.3373369777316922E-002   4.2279703577205487E-002   9.5328584303847497E-002
   651.33543626567803        8.2540648907257971E-002   4.2112484891876648E-002   9.4241636554847408E-002
   674.34163286578985        8.1682232211960679E-002   4.1956483332417430E-002   9.3154544356512534E-002
   698.16073213207346        8.0797177388682417E-002   4.1810942993600907E-002   9.2067975623690596E-002
   722.82116976782140        7.9447038580327242E-002   4.1237807206618314E-002   9.0177591376620708E-002
   748.35235540965130        7.7965432735691384E-002   4.0569774467978117E-002   8.8096406090727206E-002
   774.78566186873422        7.6492885538262070E-002   3.9946538960210720E-002   8.6084265055028295E-002
   802.15264573967897        7.5027356836220346E-002   3.9365103789872617E-002   8.4138728138002106E-002
   830.48594444209971        7.3567279296880159E-002   3.8822671626153139E-002   8.2257800560804895E-002
   859.82037403360118        7.2111480162467850E-002   3.8316614115149528E-002   8.0439796352960488E-002
   890.19058800385733        7.0659274460365087E-002   3.7844503233895752E-002   7.8683424384843714E-002
   921.63390537915473        6.9210297965800152E-002   3.7404051370114669E-002   7.6987553290689487E-002
   954.18786380243341        6.7764598334222964E-002   3.6993140564726572E-002   7.5351303046593182E-002
   987.89128659474920        6.6322553257309139E-002   3.6609793893191592E-002   7.3773929967280896E-002
   1022.7855886411724        6.4884789192539108E-002   3.6252153850023505E-002   7.2254731342483419E-002
   1058.9119914466876        6.3452270952531240E-002   3.5918504507250322E-002   7.0793139083487000E-002
   1096.3148872627712        6.2026135718757328E-002   3.5607229167687077E-002   6.9388546495637887E-002
   1135.0389283928459        6.0607783185504527E-002   3.5316831031147682E-002   6.8040408464727489E-002
   1175.1302964981960        5.9198796105601519E-002   3.5045912969119103E-002   6.6748169199239829E-002
   1216.6382559936744        5.7800863620878155E-002   3.4793162248704532E-002   6.5511207083795084E-002
   1259.6123598874483        5.6415855923521462E-002   3.4557363491500188E-002   6.4328918886854242E-002
   1304.1038583964914        5.5045749255180854E-002   3.4337382250945889E-002   6.3200666891467569E-002
   1350.1674228314519        5.3692555283180704E-002   3.4132152608405908E-002   6.2125740835210483E-002
   1397.8574692241625        4.9998790651585745E-002   3.2429343723492633E-002   5.8430129337156592E-002
   1447.2325992722181        4.6351847431195796E-002   3.0683938237450477E-002   5.4758097062567533E-002
   1498.3517579647787        4.2983405498089197E-002   2.9055596906705179E-002   5.1373867492420774E-002
   1551.2759091786245        3.9228562058065235E-002   2.7120018476459548E-002   4.7479472280152563E-002
   1606.0700862978565        3.5776911384902917E-002   2.5301081799583267E-002   4.3875516712022174E-002
   1662.7990190437411        3.2625641643067249E-002   2.3604160444218238E-002   4.0562702527435386E-002
   1721.5324161293761        2.9750900360750870E-002   2.2021031981524639E-002   3.7517021677799731E-002
   1782.3403946248577        2.7130540633623457E-002   2.0544083771897523E-002   3.4716494751850437E-002
   1845.2954731357936        2.4743918612839387E-002   1.9166210100127621E-002   3.2140903690224189E-002
   1910.4750110852074        2.2571746332519557E-002   1.7880734482251553E-002   2.9771583588366617E-002
   1977.9568210713478        2.0596186467613645E-002   1.6681475573652859E-002   2.7591482867283426E-002
   2047.8213808026539        1.8800683429168134E-002   1.5562663644417560E-002   2.5584945678603671E-002
   2120.1545400970977        1.7169838011227085E-002   1.4518877493707892E-002   2.3737541786964599E-002
   2195.0417479108573        1.5689481340060939E-002   1.3545109120080176E-002   2.2036126555544197E-002
   2272.5750259096239        1.4346450948802287E-002   1.2636640130938775E-002   2.0468569757993559E-002
   2352.8469348264384        1.3128651916880623E-002   1.1789102057666345E-002   1.9023812653604432E-002
   2435.9532056335870        1.2024933414219272E-002   1.0998417327238679E-002   1.7691718592137716E-002
   2521.9959596104222        1.1024994416515251E-002   1.0260754678466115E-002   1.6462955928049514E-002
   2611.0779162676686        1.0119402847733222E-002   9.5725669829712905E-003   1.5329022132223867E-002
   2703.3053132971791        9.2994946038556375E-003   8.9305433150610198E-003   1.4282126203727992E-002
   2798.7914800504532        8.5572954016472479E-003   8.3315727504097697E-003   1.3315096463699036E-002
   2897.6492167059700        7.8855352113779940E-003   7.7727814767425433E-003   1.2421409866902990E-002
   3000.0000000000000        7.2775287558732131E-003   7.2514618721241488E-003   1.1595049075599381E-002
