         200   4370.0000000000000     
   3.0000000000000000        4.8593841592073773E-004   2.9650784811129679E-003   7.4709497265028932E-004
   3.1059655287322618        5.0335165705886540E-004   2.9650784811129679E-003   7.6599390070969885E-004
   3.2156739552243598        5.2076651390717526E-004   2.9650784811129679E-003   7.8515178970354745E-004
   3.3292574962321346        5.3814125915164308E-004   2.9650784811129679E-003   8.0451175123698109E-004
   3.4468529954360925        5.5543481998121492E-004   2.9650784811129679E-003   8.2401433781949349E-004
   3.5686022069563790        5.7260708853198040E-004   2.9650784811129679E-003   8.4359811944850077E-004
   3.6946518254059528        5.8961917233330387E-004   2.9650784811129679E-003   8.6320026740861516E-004
   3.8251536998800524        6.0643364963997850E-004   2.9650784811129679E-003   8.8275720943177137E-004
   3.9602651907155879        6.2301481642060372E-004   2.9650784811129679E-003   9.0220533250677927E-004
   4.1001490688558144        6.3932885054018146E-004   2.9650784811129679E-003   9.2148163386007525E-004
   4.2449739038313119        6.5534401442701425E-004   2.9650784811129679E-003   9.4052444820690625E-004
   4.3949142193596993        6.7103080242232908E-004   2.9650784811129679E-003   9.5927412831148902E-004
   4.5501507036585132        6.8636207037754303E-004   2.9650784811129679E-003   9.7767370797183532E-004
   4.7108703059600501        7.0131313034719979E-004   2.9650784811129679E-003   9.9566951259889868E-004
   4.8772669425686850        7.1586187641521724E-004   2.9650784811129679E-003   1.0132117829607401E-003
   5.0495410155906377        7.2998877625855233E-004   2.9650784811129679E-003   1.0302550998735603E-003
   5.2279001269311909        7.4367695046805786E-004   2.9650784811129679E-003   1.0467588655954118E-003
   5.4125592113782046        7.5691217300422975E-004   2.9650784811129679E-003   1.0626876317637241E-003
   5.6037407956130689        7.6968286045439919E-004   2.9650784811129679E-003   1.0780113479384402E-003
   5.8016752663703963        7.8198003963744127E-004   2.9650784811129679E-003   1.0927055134387048E-003
   6.0066011480696169        7.9379729455158479E-004   2.9650784811129679E-003   1.1067512316635412E-003
   6.2187653902530293        8.0513069389462203E-004   2.9650784811129679E-003   1.1201351691152656E-003
   6.4384236651766908        8.1597870061881402E-004   2.9650784811129679E-003   1.1328494242323461E-003
   6.6658406759127811        8.2634206520227379E-004   2.9650784811129679E-003   1.1448913137329074E-003
   6.9012904753346884        8.3622370451339140E-004   2.9650784811129679E-003   1.1562630863415403E-003
   7.1450567963692624        8.4562856830481430E-004   2.9650784811129679E-003   1.1669715754241464E-003
   7.3974330131920443        8.5456348258849653E-004   2.9650784811129679E-003   1.1770277886996171E-003
   7.6587243988323896        8.6303706244020967E-004   2.9650784811129679E-003   1.1864465491523246E-003
   7.9292442763577622        8.7105941395118028E-004   2.9650784811129679E-003   1.1952458844631379E-003
   8.2093202460023029        8.7864216012195314E-004   2.9650784811129679E-003   1.2034467707435601E-003
   8.4992881560440416        8.8579808806835809E-004   2.9650784811129679E-003   1.2110724614049762E-003
   8.7994991583321234        8.9254116745148535E-004   2.9650784811129679E-003   1.2181482315295076E-003
   9.1103132457223861        8.9888622149988343E-004   2.9650784811129679E-003   1.2247007662998955E-003
   9.4321068148357909        9.0484893249608391E-004   2.9650784811129679E-003   1.2307579260047560E-003
   9.7652657388916850        9.1044554226045373E-004   2.9650784811129679E-003   1.2363482193435882E-003
   10.110193474162946        9.1569285231538858E-004   2.9650784811129679E-003   1.2415006126361874E-003
   10.467303634806061        9.2060795780289292E-004   2.9650784811129679E-003   1.2462441000671695E-003
   10.837027566606025        9.2520823531295668E-004   2.9650784811129679E-003   1.2506075561307267E-003
   11.219811965471335        9.2951117845731788E-004   2.9650784811129679E-003   1.2546194655905318E-003
   11.616115840724994        9.3353426096758247E-004   2.9650784811129679E-003   1.2583077111422926E-003
   12.026419117330413        9.3729493224204178E-004   2.9650784811129679E-003   1.2616995080504401E-003
   12.451213803399156        9.4081044127707839E-004   2.9650784811129679E-003   1.2648212029894013E-003
   12.891014326336300        9.4409785709917058E-004   2.9650784811129679E-003   1.2676982717323196E-003
   13.346348065368609        9.4717392736663351E-004   2.9650784811129679E-003   1.2703551887352103E-003
   13.817766430769083        9.5005510980898406E-004   2.9650784811129679E-003   1.2728154637644106E-003
   14.305834715756038        9.5275746282213211E-004   2.9650784811129679E-003   1.2751015675817388E-003
   14.811143972217785        9.5529668786306632E-004   2.9650784811129679E-003   1.2772349977371021E-003
   15.334300133051286        9.5768804831393515E-004   2.9650784811129679E-003   1.2792362464853014E-003
   15.875936741648431        9.5994642172568545E-004   2.9650784811129679E-003   1.2811248869211242E-003
   16.436703292225193        9.6208624246186798E-004   2.9650784811129679E-003   1.2829195709679242E-003
   17.017278874447534        9.6412156198373545E-004   2.9650784811129679E-003   1.2846381286113128E-003
   17.618359675531394        9.6606601049759185E-004   2.9650784811129679E-003   1.2862975858747205E-003
   18.240671728221173        9.6793285791133454E-004   2.9650784811129679E-003   1.2879142669258254E-003
   18.884968846184627        9.6973502250936796E-004   2.9650784811129679E-003   1.2895038524552919E-003
   19.552019805756849        9.7148506144259397E-004   2.9650784811129679E-003   1.2910814194638418E-003
   20.242632201214423        9.7319526515095018E-004   2.9650620519285926E-003   1.2926615371987450E-003
   20.957638264717446        9.7487764828217552E-004   2.9650169114365287E-003   1.2942583282936080E-003
   21.697899624358065        9.7654399807361016E-004   2.9649747984949975E-003   1.2958856622739506E-003
   22.464312967141105        9.7820592541358821E-004   2.9649355098226664E-003   1.2975570826580694E-003
   23.257792778673313        9.7987487055990947E-004   2.9648988564472175E-003   1.2992858994005337E-003
   24.079299719823517        9.8156221146059931E-004   2.9648646613955778E-003   1.3010853216732904E-003
   24.929823759061236        9.8327927808519191E-004   2.9648327597891805E-003   1.3029684910429243E-003
   25.810395145829254        9.8503743112383002E-004   2.9648029976373337E-003   1.3049485746719875E-003
   26.722064579292049        9.8684808289004728E-004   2.9647752317887798E-003   1.3070387879344112E-003
   27.665935811728254        9.8872282702581896E-004   2.9647493281819912E-003   1.3092525335475914E-003
   28.643146268414043        9.9067346840560865E-004   2.9647251619173295E-003   1.3116034225500203E-003
   29.654879655490589        9.9271212060951281E-004   2.9647026163429941E-003   1.3141053666627285E-003
   30.702343174827575        9.9407685718455661E-004   2.8739323901231409E-003   1.3156724038738458E-003
   31.786804983723918        9.9509849187096565E-004   2.7454268380851863E-003   1.3167779697975674E-003
   32.909571928103169        9.9615850423481929E-004   2.6255400900241834E-003   1.3179631905171746E-003
   34.072004028335677        9.9726461906714942E-004   2.5136934464468508E-003   1.3192368555630613E-003
   35.275488300232773        9.9842478135988145E-004   2.4093489426373254E-003   1.3206079435736273E-003
   36.521481794408061        9.9964724281555195E-004   2.3120027732199304E-003   1.3220857016492315E-003
   37.811486012809581        1.0009405789745871E-003   2.2211855633596108E-003   1.3236796434215143E-003
   39.147055493126302        1.0023137334932298E-003   2.1364594189599434E-003   1.3253995760747336E-003
   40.529808025860810        1.0037760586190014E-003   2.0574153625682349E-003   1.3272556215473098E-003
   41.961393513511240        1.0053373037202822E-003   1.9836732047395908E-003   1.3292581689286825E-003
   43.443545167355794        1.0070076813707769E-003   1.9148768970558077E-003   1.3314179218440021E-003
   44.978049075047366        1.0087978355019687E-003   1.8506947237877090E-003   1.3337458169658523E-003
   46.566763998623138        1.0107188491522284E-003   1.7908168742869083E-003   1.3362529871925677E-003
   48.211585595230147        1.0127821676371431E-003   1.7349553455408878E-003   1.3389506083363758E-003
   49.914505239722644        1.0149996144593362E-003   1.6828404219685678E-003   1.3418498595017335E-003
   51.677575059319224        1.0173832682657787E-003   1.6342208206093379E-003   1.3449616937522258E-003
   53.502930680545909        1.0199453810610379E-003   1.5888618521491117E-003   1.3482966534359838E-003
   55.392750120602578        1.0226981736497524E-003   1.5465453471033286E-003   1.3518645162948490E-003
   57.349321371645829        1.0256537463868853E-003   1.5070669891741140E-003   1.3556740824375410E-003
   59.375002227322796        1.0288237993608808E-003   1.4702364252345587E-003   1.3597327049577968E-003
   61.472246417894510        1.0322194071155501E-003   1.4358758722599807E-003   1.3640458849616705E-003
   63.643556378429672        1.0358506368020421E-003   1.4038200614097059E-003   1.3686166640340600E-003
   65.891560899834928        1.0397263336645065E-003   1.3739142179784209E-003   1.3734452313216463E-003
   68.218968971510208        1.0438536781807526E-003   1.3460141447120212E-003   1.3785282502082861E-003
   70.628585269218178        1.0470418866874687E-003   1.3196435468128761E-003   1.3822649059128317E-003
   73.123328588587739        1.0468644558716115E-003   1.2940896918129129E-003   1.3814225330784757E-003
   75.706175661273647        1.0466619662961021E-003   1.2702498676115869E-003   1.3804489296880200E-003
   78.380253523498894        1.0464307839347037E-003   1.2480089686580671E-003   1.3793282316140799E-003
   81.148784610322849        1.0461677426437841E-003   1.2272597558248045E-003   1.3780456835869562E-003
   84.015122474940881        1.0458703816840751E-003   1.2079020715952613E-003   1.3765882966350373E-003
   86.982687236203873        1.0455371874298800E-003   1.1898428085612581E-003   1.3749455425810918E-003
   90.055071705548812        1.0451677978392014E-003   1.1729947713894078E-003   1.3731099068079861E-003
   93.235978303002270        1.0447631916390651E-003   1.1572767237586915E-003   1.3710774303617877E-003
   96.529260096906100        1.0443258215762140E-003   1.1426127938455213E-003   1.3688480635418749E-003
   99.938826062156153        1.0438597107535247E-003   1.1289325288095951E-003   1.3664259478129881E-003
   103.46886588546354        1.0433704440780700E-003   1.1161696409556056E-003   1.3638192934712181E-003
   107.12359379692580        1.0428651598815527E-003   1.1042627585958803E-003   1.3610404079673758E-003
   110.90736836557576        1.0423524252592034E-003   1.0931545967731529E-003   1.3581052831087321E-003
   114.82483910697920        1.0418420470705056E-003   1.0827913309127957E-003   1.3550329854439657E-003
   118.88068277378797        1.0413448850153727E-003   1.0731231281617046E-003   1.3518452395905399E-003
   123.07973629915718        1.0408725655827206E-003   1.0641034740281143E-003   1.3485656123318436E-003
   127.42715949490271        1.0404371675887970E-003   1.0556886637969947E-003   1.3452186229464310E-003
   131.92808807993632        1.0400509439895981E-003   1.0478383238901275E-003   1.3418292444751141E-003
   136.58805281121437        1.0397259607715995E-003   1.0405144155021095E-003   1.3384218489574460E-003
   141.41261684513370        1.0394738188130744E-003   1.0336817208496723E-003   1.3350198183294428E-003
   146.40753387824964        1.0393053452643598E-003   1.0273073672958622E-003   1.3316448513441728E-003
   151.57894168226974        1.0342113873276842E-003   1.0193189608997729E-003   1.3229668815678075E-003
   156.93294936957258        1.0183188975684914E-003   1.0073012118250099E-003   1.3027520706712537E-003
   162.47613596373097        1.0035835937502340E-003   9.9608935421144460E-004   1.2837559303888208E-003
   168.21511902855468        9.8994252148627750E-004   9.8562947466333795E-004   1.2659127962569292E-003
   174.15674278185460        9.7733501469153571E-004   9.7587124986894510E-004   1.2491594853668369E-003
   180.30830831190286        9.6570207858626730E-004   9.6676739637065710E-004   1.2334345432948892E-003
   186.67715947709803        9.5498712107862415E-004   9.5827413733207383E-004   1.2186793132540170E-003
   193.27089166569760        9.4513534249384215E-004   9.5035061100901073E-004   1.2048372413494925E-003
   200.09760727912413        9.3609336384940626E-004   9.4295842397141801E-004   1.1918534433614377E-003
   207.16537088595135        9.2780998394433837E-004   9.3606210910437927E-004   1.1796758711528485E-003
   214.48286737908427        9.2023530612468933E-004   9.2962825032878510E-004   1.1682541377575084E-003
   222.05883252794877        9.1332145366876199E-004   9.2362590975849453E-004   1.1575406159140963E-003
   229.90230130529540        9.0702225573710939E-004   9.1802620965602101E-004   1.1474900221815233E-003
   238.02291179328489        9.0129308072007294E-004   9.1280201668635227E-004   1.1380591363166870E-003
   246.43025707061713        8.9609136712671272E-004   9.0792826559459104E-004   1.1292076354416092E-003
   255.13466811288930        8.9137610192440374E-004   9.0338134063011643E-004   1.1208971910553261E-003
   264.14653641505117        8.8710829043937899E-004   8.9913937742634460E-004   1.1130921913682665E-003
   273.47660938458705        8.8325076606453378E-004   8.9518196756120010E-004   1.1057593464942927E-003
   283.13635184814427        8.7976809137475537E-004   8.9148993541353990E-004   1.0988673813941377E-003
   293.13729579387660        8.7662684172797620E-004   8.8804552745873626E-004   1.0923874669897101E-003
   303.49136818478553        8.7379545427240042E-004   8.8483217237640178E-004   1.0862928335442510E-003
   314.21129214162710        8.7124414444835450E-004   8.8183429986126588E-004   1.0805584623228065E-003
   325.30973137660959        8.6894512595520046E-004   8.7903752636372837E-004   1.0751614611147963E-003
   336.80032369109853        8.6687235393747479E-004   8.7642830012371348E-004   1.0700803956485631E-003
   348.69678677735646        8.6500170361518175E-004   8.7399407440260897E-004   1.0652956240358477E-003
   361.01330816366544        8.6331085066787398E-004   8.7172313794701918E-004   1.0607889667000488E-003
   373.76502243504467        8.6112299596022691E-004   8.6872528756823863E-004   1.0553712505878530E-003
   386.96715283564077        8.5677089683248444E-004   8.6280738558925003E-004   1.0461186701976022E-003
   400.63544401132759        8.5271117293251849E-004   8.5728645988865978E-004   1.0374529578228316E-003
   414.78669160661980        8.4891918091682531E-004   8.5213575883266734E-004   1.0293364045749628E-003
   429.43761284149554        8.4537242972064237E-004   8.4733056977461527E-004   1.0217342859472919E-003
   444.60621081975989        8.4205012558619910E-004   8.4284760918108034E-004   1.0146138900179395E-003
   460.31059410826708        8.3893337703335184E-004   8.3866532026487847E-004   1.0079449796507592E-003
   476.56949149896485        8.3600495817411319E-004   8.3476358170166522E-004   1.0016993280658451E-003
   493.40288198244309        8.3324911409408779E-004   8.3112348762548450E-004   9.9585036487055733E-004
   510.83065126063684        8.3065169634138848E-004   8.2772757315966296E-004   9.9037354018353127E-004
   528.87421463804299        8.2819979777712393E-004   8.2455938340784594E-004   9.8524563769957396E-004
   547.55511287104378        8.2588187075149032E-004   8.2160368379661846E-004   9.8044512124984017E-004
   566.89562449487210        8.2368752670727049E-004   8.1884625422026097E-004   9.7595181330048259E-004
   586.91951519858117        8.2160736675154268E-004   8.1627373355959464E-004   9.7174665268740304E-004
   607.65068989177485        8.1963304217567675E-004   8.1387375157864102E-004   9.6781192251181700E-004
   629.11387223602765        8.1775707890439561E-004   8.1163476177336356E-004   9.6413099172063855E-004
   651.33543626567803        8.1597272881341314E-004   8.0954591512339465E-004   9.6068812121576292E-004
   674.34163286578985        8.1427403983943734E-004   8.0759718951162423E-004   9.5746869118215887E-004
   698.16073213207346        8.1265560836733797E-004   8.0577914239222134E-004   9.5445880786346833E-004
   722.82116976782140        8.0732176553113084E-004   8.0029201046257674E-004   9.4438945140820879E-004
   748.35235540965130        8.0115757315221399E-004   7.9401713569625214E-004   9.3277899912183105E-004
   774.78566186873422        7.9537526741396388E-004   7.8816304421994263E-004   9.2194368754404854E-004
   802.15264573967897        7.8995031348578582E-004   7.8270158601950377E-004   9.1183241169728608E-004
   830.48594444209971        7.8485989467666874E-004   7.7760648558551052E-004   9.0239737069896804E-004
   859.82037403360118        7.8008261023016618E-004   7.7285305461958153E-004   8.9359355027393355E-004
   890.19058800385733        7.7559876006863819E-004   7.6841848654479142E-004   8.8537928314560543E-004
   921.63390537915473        7.7138977260506135E-004   7.6428129367091203E-004   8.7771522192689564E-004
   954.18786380243341        7.6743847834988862E-004   7.6042158187117326E-004   8.7056486336867418E-004
   987.89128659474920        7.6372883873925186E-004   7.5682078176538068E-004   8.6389406596697844E-004
   1022.7855886411724        7.6024573904549255E-004   7.5346144568423103E-004   8.5767068917428247E-004
   1058.9119914466876        7.5697520916334778E-004   7.5032745580518576E-004   8.5186499392563638E-004
   1096.3148872627712        7.5390401940778507E-004   7.4740362638691478E-004   8.4644891997919045E-004
   1135.0389283928459        7.5101989246293625E-004   7.4467589788835447E-004   8.4139645873759859E-004
   1175.1302964981960        7.4831131726885354E-004   7.4213114699092674E-004   8.3668331323940573E-004
   1216.6382559936744        7.4576740845739751E-004   7.3975704310953912E-004   8.3228664284164548E-004
   1259.6123598874483        7.4337804964876616E-004   7.3754217011615065E-004   8.2818529741069422E-004
   1304.1038583964914        7.4113374381250491E-004   7.3547587208077573E-004   8.2435953856490110E-004
   1350.1674228314519        7.3902550036409795E-004   7.3354813676065151E-004   8.2079082910992433E-004
   1397.8574692241625        7.0489876722873467E-004   6.9979872956713550E-004   7.8231087372927235E-004
   1447.2325992722181        6.7002100416837683E-004   6.6530282881969451E-004   7.4304816864204277E-004
   1498.3517579647787        6.3747848330111562E-004   6.3312056436736765E-004   7.0641984780683744E-004
   1551.2759091786245        5.9502646742078905E-004   5.9103861545735392E-004   6.5940172950276722E-004
   1606.0700862978565        5.5503916425810420E-004   5.5139772007821875E-004   6.1513225230309747E-004
   1662.7990190437411        5.1773492462985180E-004   5.1441595882737183E-004   5.7383393000151638E-004
   1721.5324161293761        4.8293357225550796E-004   4.7991413665885921E-004   5.3530656874902860E-004
   1782.3403946248577        4.5046812982383867E-004   4.4772634793452929E-004   4.9936482990461451E-004
   1845.2954731357936        4.2018260564399617E-004   4.1769773464487100E-004   4.6583572167319554E-004
   1910.4750110852074        3.9193032477525196E-004   3.8968279320767438E-004   4.3455670400314859E-004
   1977.9568210713478        3.6557540867608910E-004   3.6354681083257824E-004   4.0537728827839167E-004
   2047.8213808026539        3.4099096381519448E-004   3.3916404523135353E-004   3.7815700126912099E-004
   2120.1545400970977        3.1805771476543863E-004   3.1641634976482840E-004   3.5276384749838047E-004
   2195.0417479108573        2.9666544006753677E-004   2.9519458283186516E-004   3.2907588046005265E-004
   2272.5750259096239        2.7671026816331908E-004   2.7539591440565694E-004   3.0697819448492097E-004
   2352.8469348264384        2.5809601106483333E-004   2.5692514050817077E-004   2.8636439127807602E-004
   2435.9532056335870        2.4073287380808295E-004   2.3969339677831677E-004   2.6713514380594143E-004
   2521.9959596104222        2.2453647998634088E-004   2.2361718683828428E-004   2.4919711249357012E-004
   2611.0779162676686        2.0942870532473525E-004   2.0861920654291285E-004   2.3246386585391146E-004
   2703.3053132971791        1.9533662698915683E-004   1.9462729941711518E-004   2.1685471596831783E-004
   2798.7914800504532        1.8219173004937981E-004   1.8157366770449413E-004   2.0229383981083774E-004
   2897.6492167059700        1.6993072220944095E-004   1.6939568113694784E-004   1.8871118298553264E-004
   3000.0000000000000        1.5849397699665846E-004   1.5803433130630982E-004   1.7604073718493807E-004
