         200   4370.0000000000000     
   3.0000000000000000        2.3870918921048245E-003   2.8868560746086850E-002   6.9841640293504224E-003
   3.1059655287322618        2.5198497508445599E-003   2.8868560746086850E-002   7.2215152407261078E-003
   3.2156739552243598        2.6573673237273139E-003   2.8868560746086850E-002   7.4626973207714007E-003
   3.3292574962321346        2.7995689261689923E-003   2.8868560746086850E-002   7.7071187552630403E-003
   3.4468529954360925        2.9463546944032181E-003   2.8868560746086850E-002   7.9541400361851089E-003
   3.5686022069563790        3.0975999951680382E-003   2.8868560746086850E-002   8.2030798020243482E-003
   3.6946518254059528        3.2531547701989071E-003   2.8868560746086850E-002   8.4532213443706226E-003
   3.8251536998800524        3.4128433904318666E-003   2.8868560746086850E-002   8.7038202990270836E-003
   3.9602651907155879        3.5764649788006912E-003   2.8868560746086850E-002   8.9541132279008801E-003
   4.1001490688558144        3.7437934820867464E-003   2.8868560746086850E-002   9.2033258052008557E-003
   4.2449739038313119        3.9145786512650846E-003   2.8868560746086850E-002   9.4506822363271802E-003
   4.3949142193596993        4.0885470398017171E-003   2.8868560746086850E-002   9.6954143167961044E-003
   4.5501507036585132        4.2654033582961220E-003   2.8868560746086850E-002   9.9367704826710587E-003
   4.7108703059600501        4.4448319728013844E-003   2.8868560746086850E-002   1.0174024379224364E-002
   4.8772669425686850        4.6264993229268095E-003   2.8868560746086850E-002   1.0406483797767072E-002
   5.0495410155906377        4.8100552295425817E-003   2.8868560746086850E-002   1.0633497165108419E-002
   5.2279001269311909        4.9951357208777554E-003   2.8868560746086850E-002   1.0854460943576767E-002
   5.4125592113782046        5.1813653512658240E-003   2.8868560746086850E-002   1.1068825160279037E-002
   5.6037407956130689        5.3683597722051484E-003   2.8868560746086850E-002   1.1276098028200692E-002
   5.8016752663703963        5.5557283887976063E-003   2.8868560746086850E-002   1.1475849419316357E-002
   6.0066011480696169        5.7430770675157691E-003   2.8868560746086850E-002   1.1667713166089602E-002
   6.2187653902530293        5.9300108625016225E-003   2.8868560746086850E-002   1.1851388205845059E-002
   6.4384236651766908        6.1161367291709965E-003   2.8868560746086850E-002   1.2026638617970686E-002
   6.6658406759127811        6.3010661956695337E-003   2.8868560746086850E-002   1.2193292634979315E-002
   6.9012904753346884        6.4844179646147571E-003   2.8868560746086850E-002   1.2351240733740566E-002
   7.1450567963692624        6.6658204195130469E-003   2.8868560746086850E-002   1.2500432931788015E-002
   7.3974330131920443        6.8449137485873781E-003   2.8868560746086850E-002   1.2640875223372575E-002
   7.6587243988323896        7.0213535100084982E-003   2.8868560746086850E-002   1.2772626708673619E-002
   7.9292442763577622        7.1948098275688753E-003   2.8868560746086850E-002   1.2895793142106855E-002
   8.2093202460023029        7.3649732110101238E-003   2.8868560746086850E-002   1.3010525327993168E-002
   8.4992881560440416        7.5315521630044523E-003   2.8868560746086850E-002   1.3117011568092942E-002
   8.7994991583321234        7.6942787246357530E-003   2.8868560746086850E-002   1.3215475739017558E-002
   9.1103132457223861        7.8529058254726107E-003   2.8868560746086850E-002   1.3306170188269181E-002
   9.4321068148357909        8.0072122165488965E-003   2.8868560746086850E-002   1.3389373644997024E-002
   9.7652657388916850        8.1569995600945053E-003   2.8868560746086850E-002   1.3465384840028074E-002
   10.110193474162946        8.3020967092535050E-003   2.8868560746086850E-002   1.3534520505809956E-002
   10.467303634806061        8.4423565527277887E-003   2.8868560746086850E-002   1.3597109866706536E-002
   10.837027566606025        8.5776592349466555E-003   2.8868560746086850E-002   1.3653492716701522E-002
   11.219811965471335        8.7079107588150708E-003   2.8868560746086850E-002   1.3704015614772243E-002
   11.616115840724994        8.8330416485436734E-003   2.8868560746086850E-002   1.3749028713963924E-002
   12.026419117330413        8.9530091795818750E-003   2.8868560746086850E-002   1.3788884262985192E-002
   12.451213803399156        9.0677937984969485E-003   2.8868560746086850E-002   1.3823933315537900E-002
   12.891014326336300        9.1774011967245290E-003   2.8868560746086850E-002   1.3854524739647914E-002
   13.346348065368609        9.2818586740826842E-003   2.8868560746086850E-002   1.3881002703946979E-002
   13.817766430769083        9.3812167034953917E-003   2.8868560746086850E-002   1.3903705979927921E-002
   14.305834715756038        9.4755453135586705E-003   2.8868560746086850E-002   1.3922966115408426E-002
   14.811143972217785        9.5649352244164786E-003   2.8868560746086850E-002   1.3939107003683010E-002
   15.334300133051286        9.6494943223702535E-003   2.8868560746086850E-002   1.3952443653205415E-002
   15.875936741648431        9.7293484496427246E-003   2.8868560746086850E-002   1.3963281996624046E-002
   16.436703292225193        9.8046380360326309E-003   2.8868560746086850E-002   1.3971918168583595E-002
   17.017278874447534        9.8755186227932178E-003   2.8868560746086850E-002   1.3978638528256428E-002
   17.618359675531394        9.9421577059108021E-003   2.8868560746086850E-002   1.3983719361344380E-002
   18.240671728221173        1.0004734890500870E-002   2.8868560746086850E-002   1.3987427081477617E-002
   18.884968846184627        1.0063440058155966E-002   2.8868560746086850E-002   1.3990018329698515E-002
   19.552019805756849        1.0118470944886665E-002   2.8868560746086850E-002   1.3991740225769985E-002
   20.242632201214423        1.0170034020029915E-002   2.8868396398472624E-002   1.3992830480329368E-002
   20.957638264717446        1.0218341938289785E-002   2.8867944840318179E-002   1.3993518057925430E-002
   21.697899624358065        1.0263612853359317E-002   2.8867523567946373E-002   1.3994024901671603E-002
   22.464312967141105        1.0306069716576622E-002   2.8867130547853833E-002   1.3994564894452187E-002
   23.257792778673313        1.0345938453730517E-002   2.8866763889675885E-002   1.3995345143730822E-002
   24.079299719823517        1.0383448763365298E-002   2.8866421823081034E-002   1.3996566735063274E-002
   24.929823759061236        1.0418832514538949E-002   2.8866102698723944E-002   1.3998425501060858E-002
   25.810395145829254        1.0452323756204166E-002   2.8865804976174941E-002   1.4001112858769846E-002
   26.722064579292049        1.0484157628301032E-002   2.8865527223435525E-002   1.4004816583938049E-002
   27.665935811728254        1.0514571382499309E-002   2.8865268099435314E-002   1.4009721765873749E-002
   28.643146268414043        1.0543803541503239E-002   2.8865026354753950E-002   1.4016011619562105E-002
   29.654879655490589        1.0572094356241265E-002   2.8864800822477447E-002   1.4023868418921667E-002
   30.702343174827575        1.0591870095823398E-002   2.7968109685115441E-002   1.4022014369391629E-002
   31.786804983723918        1.0606582912488487E-002   2.6698644140715457E-002   1.4015418750335974E-002
   32.909571928103169        1.0620193294358125E-002   2.5514321024087353E-002   1.4009749168360707E-002
   34.072004028335677        1.0632886372436944E-002   2.4409423546690696E-002   1.4005123743785883E-002
   35.275488300232773        1.0644845836207919E-002   2.3378637325916513E-002   1.4001659816496544E-002
   36.521481794408061        1.0656254574473008E-002   2.2416985428431180E-002   1.3999474188209330E-002
   37.811486012809581        1.0667294539336633E-002   2.1519831049279042E-002   1.3998683503315209E-002
   39.147055493126302        1.0678146944627438E-002   2.0682848371725352E-002   1.3999404305295707E-002
   40.529808025860810        1.0688992372802074E-002   1.9901997237377216E-002   1.4001752929354220E-002
   41.961393513511240        1.0700010449476971E-002   1.9173521875429280E-002   1.4005845059028400E-002
   43.443545167355794        1.0711380014239840E-002   1.8493904996613766E-002   1.4011795140229513E-002
   44.978049075047366        1.0723278470356980E-002   1.7859869686571262E-002   1.4019715340663041E-002
   46.566763998623138        1.0735881316127396E-002   1.7268355424280315E-002   1.4029714270923553E-002
   48.211585595230147        1.0749360983977272E-002   1.6716517119429224E-002   1.4041894999976505E-002
   49.914505239722644        1.0763886155166821E-002   1.6201690337434915E-002   1.4056353281508878E-002
   51.677575059319224        1.0779620042369710E-002   1.5721392733719135E-002   1.4073174810044902E-002
   53.502930680545909        1.0796718847421416E-002   1.5273305887068558E-002   1.4092432503386090E-002
   55.392750120602578        1.0815329340773559E-002   1.4855274570420227E-002   1.4114182804063541E-002
   57.349321371645829        1.0835587202935433E-002   1.4465280407943671E-002   1.4138462858858477E-002
   59.375002227322796        1.0857614150010624E-002   1.4101442961540792E-002   1.4165286371547143E-002
   61.472246417894510        1.0881515553376173E-002   1.3762005969161845E-002   1.4194640085243647E-002
   63.643556378429672        1.0907377172381518E-002   1.3445336792407503E-002   1.4226479285283778E-002
   65.891560899834928        1.0935263348695047E-002   1.3149906461109275E-002   1.4260725222557880E-002
   68.218968971510208        1.0965213938979536E-002   1.2874290496380607E-002   1.4297261140013564E-002
   70.628585269218178        1.0985266374676598E-002   1.2613972049733611E-002   1.4319647704119830E-002
   73.123328588587739        1.0971276621097705E-002   1.2362233753407992E-002   1.4295082416393412E-002
   75.706175661273647        1.0956828579757234E-002   1.2127380862165089E-002   1.4269206955187722E-002
   78.380253523498894        1.0941925071941461E-002   1.1908279438473165E-002   1.4241908719704179E-002
   81.148784610322849        1.0926578652253598E-002   1.1703873039174520E-002   1.4213098357920992E-002
   84.015122474940881        1.0910813466954361E-002   1.1513174984076306E-002   1.4182713940404412E-002
   86.982687236203873        1.0894667243081071E-002   1.1335268045609222E-002   1.4150725338632958E-002
   90.055071705548812        1.0878191823431893E-002   1.1169293237734683E-002   1.4117135719055022E-002
   93.235978303002270        1.0861454048599733E-002   1.1014450278340620E-002   1.4081983587720136E-002
   96.529260096906100        1.0844535447984711E-002   1.0869991732505375E-002   1.4045342383101176E-002
   99.938826062156153        1.0827531992899615E-002   1.0735223549253516E-002   1.4007320203402016E-002
   103.46886588546354        1.0810551629667953E-002   1.0609492709637984E-002   1.3968054657908782E-002
   107.12359379692580        1.0793713678102912E-002   1.0492194623701837E-002   1.3927711895944526E-002
   110.90736836557576        1.0777145838810589E-002   1.0382764961031878E-002   1.3886480440965479E-002
   114.82483910697920        1.0760980870738126E-002   1.0280673480429110E-002   1.3844564063176976E-002
   118.88068277378797        1.0745354793837996E-002   1.0185429264278782E-002   1.3802178670994300E-002
   123.07973629915718        1.0730403183953338E-002   1.0096574085088043E-002   1.3759544682900518E-002
   127.42715949490271        1.0716257604405770E-002   1.0013677395273941E-002   1.3716879457299061E-002
   131.92808807993632        1.0703043901260017E-002   9.9363414632302801E-003   1.3674395232996633E-002
   136.58805281121437        1.0690878196152387E-002   9.8641915578618743E-003   1.3632290148904345E-002
   141.41261684513370        1.0679865675279787E-002   9.7968807387655305E-003   1.3590747661139765E-002
   146.40753387824964        1.0670098122803931E-002   9.7340851682413913E-003   1.3549931827141393E-002
   151.57894168226974        1.0610084598645153E-002   9.6617583440731531E-003   1.3455339386955048E-002
   156.93294936957258        1.0439609779116630E-002   9.5635529349655853E-003   1.3243373634641314E-002
   162.47613596373097        1.0281544525912593E-002   9.4719330270322099E-003   1.3044330492883989E-002
   168.21511902855468        1.0135185108721223E-002   9.3864580563162194E-003   1.2857468374382775E-002
   174.15674278185460        9.9998545016582573E-003   9.3067167959408337E-003   1.2682079972354194E-002
   180.30830831190286        9.8748965555775677E-003   9.2323228597974618E-003   1.2517484705783710E-002
   186.67715947709803        9.7596844685544689E-003   9.1629185168251252E-003   1.2363039840431194E-002
   193.27089166569760        9.6536146714012467E-003   9.0981698572142351E-003   1.2218132796571199E-002
   200.09760727912413        9.5561030594688411E-003   9.0377631414715037E-003   1.2082175906909199E-002
   207.16537088595135        9.4665932046970117E-003   8.9814085430655229E-003   1.1954617701364490E-002
   214.48286737908427        9.3845468249138583E-003   8.9288329959088392E-003   1.1834929528462618E-002
   222.05883252794877        9.3094512472141275E-003   8.8797836849570742E-003   1.1722615907116887E-002
   229.90230130529540        9.2408156412179584E-003   8.8340246300773109E-003   1.1617209005788574E-002
   238.02291179328489        9.1781687119102343E-003   8.7913341058659111E-003   1.1518264574184318E-002
   246.43025707061713        9.1210639494138952E-003   8.7515072866439555E-003   1.1425369663209020E-002
   255.13466811288930        9.0690733499058651E-003   8.7143511916431861E-003   1.1338132251943767E-002
   264.14653641505117        9.0217919835687537E-003   8.6796871518755279E-003   1.1256188082326124E-002
   273.47660938458705        8.9788353511626468E-003   8.6473483958909112E-003   1.1179195939216664E-002
   283.13635184814427        8.9398377391140971E-003   8.6171782263155701E-003   1.1106834019372226E-002
   293.13729579387660        8.9044549040272793E-003   8.5890315667181503E-003   1.1038804215299005E-002
   303.49136818478553        8.8723619935787527E-003   8.5627730012825202E-003   1.0974827961348499E-002
   314.21129214162710        8.8432522522339900E-003   8.5382752941853511E-003   1.0914643030410422E-002
   325.30973137660959        8.8168392629356593E-003   8.5154209074113623E-003   1.0858007611239749E-002
   336.80032369109853        8.7928538382686279E-003   8.4940991000778676E-003   1.0804693502208813E-002
   348.69678677735646        8.7710459595964473E-003   8.4742073440331432E-003   1.0754489879985634E-002
   361.01330816366544        8.7511833688860702E-003   8.4556499384582217E-003   1.0707200116338576E-002
   373.76502243504467        8.7263246376985768E-003   8.4295286025907468E-003   1.0650781235437680E-002
   386.96715283564077        8.6794038362817700E-003   8.3738899481452522E-003   1.0555663377819730E-002
   400.63544401132759        8.6356095855593396E-003   8.3219835667343329E-003   1.0466574348748875E-002
   414.78669160661980        8.5946775244846296E-003   8.2735579460964988E-003   1.0383115330182425E-002
   429.43761284149554        8.5563654095937077E-003   8.2283807440246999E-003   1.0304918428406844E-002
   444.60621081975989        8.5204482570382621E-003   8.1862330544816911E-003   1.0231636683753476E-002
   460.31059410826708        8.4867205981405576E-003   8.1469122058725717E-003   1.0162948767710064E-002
   476.56949149896485        8.4549939486299342E-003   8.1102290224697501E-003   1.0098554095793666E-002
   493.40288198244309        8.4250947027349424E-003   8.0760057559856532E-003   1.0038169016529952E-002
   510.83065126063684        8.3968655812799772E-003   8.0440782059584878E-003   9.9815303697197346E-003
   528.87421463804299        8.3701616237218564E-003   8.0142916675121339E-003   9.9283881689402574E-003
   547.55511287104378        8.3448514013137725E-003   7.9865029089457133E-003   9.8785089445920550E-003
   566.89562449487210        8.3208147504762169E-003   7.9605782363335129E-003   9.8316721874999562E-003
   586.91951519858117        8.2979408119466854E-003   7.9363920317290990E-003   9.7876676012574743E-003
   607.65068989177485        8.2761285816574520E-003   7.9138279932256493E-003   9.7462972943429087E-003
   629.11387223602765        8.2552848784159059E-003   7.8927775634407369E-003   9.7073729605773509E-003
   651.33543626567803        8.2353225918413084E-003   7.8731387425613319E-003   9.6707137557461974E-003
   674.34163286578985        8.2161613882979472E-003   7.8548173051149004E-003   9.6361487245676131E-003
   698.16073213207346        8.1977248966374847E-003   7.8377244746149835E-003   9.6035127220980912E-003
   722.82116976782140        8.1408969435331283E-003   7.7827444459494409E-003   9.4989096134274285E-003
   748.35235540965130        8.0753709758476563E-003   7.7195517735297635E-003   9.3783934142955428E-003
   774.78566186873422        8.0136065419152604E-003   7.6605967029102851E-003   9.2654754522722062E-003
   802.15264573967897        7.9553232190591183E-003   7.6055957424375365E-003   9.1596090554485875E-003
   830.48594444209971        7.9002570738857265E-003   7.5542842781197933E-003   9.0602816559766427E-003
   859.82037403360118        7.8481577219452533E-003   7.5064136803651513E-003   8.9670100863902986E-003
   890.19058800385733        7.7987918538893908E-003   7.4617542699213424E-003   8.8793473412607394E-003
   921.63390537915473        7.7519375209544675E-003   7.4200896497094472E-003   8.7968726019312347E-003
   954.18786380243341        7.7073877480686006E-003   7.3812194710240918E-003   8.7191977553555573E-003
   987.89128659474920        7.6649482614086877E-003   7.3449567263466579E-003   8.6459632221185714E-003
   1022.7855886411724        7.6244358663031010E-003   7.3111257046244585E-003   8.5768349027956908E-003
   1058.9119914466876        7.5856818154436791E-003   7.2795640873542901E-003   8.5115094831822984E-003
   1096.3148872627712        7.5485279687440921E-003   7.2501189427864104E-003   8.4497072124102048E-003
   1135.0389283928459        7.5128301633694749E-003   7.2226486808483681E-003   8.3911767656656682E-003
   1175.1302964981960        7.4784569133668957E-003   7.1970211399269828E-003   8.3356920026553052E-003
   1216.6382559936744        7.4452884487101467E-003   7.1731121418267861E-003   8.2830493287663516E-003
   1259.6123598874483        7.4132193413531397E-003   7.1508067176176146E-003   8.2330706777194746E-003
   1304.1038583964914        7.3821573728483436E-003   7.1299975541309416E-003   8.1856002902468937E-003
   1350.1674228314519        7.3520225765838897E-003   7.1105838206090791E-003   8.1405019095802493E-003
   1397.8574692241625        7.0020576558511754E-003   6.7803986802776016E-003   7.7478566033626394E-003
   1447.2325992722181        6.6447909108332650E-003   6.4428923140130876E-003   7.3479317081462927E-003
   1498.3517579647787        6.3110766278378274E-003   6.1280224628678659E-003   6.9748133786753557E-003
   1551.2759091786245        5.8819914080898419E-003   5.7206116375738813E-003   6.5025780027569112E-003
   1606.0700862978565        5.4783207150051463E-003   5.3369308399084815E-003   6.0587209483131624E-003
   1662.7990190437411        5.1021321365601804E-003   4.9789875714709919E-003   5.6452929348612150E-003
   1721.5324161293761        4.7516112777505190E-003   4.6450474189109660E-003   5.2602477270658962E-003
   1782.3403946248577        4.4250714592209408E-003   4.3335045959066046E-003   4.9016826491055611E-003
   1845.2954731357936        4.1209313893853707E-003   4.0428602451781865E-003   4.5678142973297180E-003
   1910.4750110852074        3.8376985635119303E-003   3.7717060501387201E-003   4.2569606129363594E-003
   1977.9568210713478        3.5739843883055089E-003   3.5187381373421966E-003   3.9675577725987341E-003
   2047.8213808026539        3.3284863509646218E-003   3.2827394580568006E-003   3.6981408693884544E-003
   2120.1545400970977        3.0999748510886940E-003   3.0625664811810165E-003   3.4473296596244690E-003
   2195.0417479108573        2.8873080576888089E-003   2.8571628345975329E-003   3.2138449880290965E-003
   2272.5750259096239        2.6894055450196138E-003   2.6655332353711092E-003   2.9964798814267669E-003
   2352.8469348264384        2.5052621766971546E-003   2.4867562124329494E-003   2.7941147303936747E-003
   2435.9532056335870        2.3339358814118767E-003   2.3199716553183392E-003   2.6057037221194866E-003
   2521.9959596104222        2.1745386602502414E-003   2.1643714098083695E-003   2.4302647129999821E-003
   2611.0779162676686        2.0262453864700043E-003   2.0192072557684276E-003   2.2668885987243894E-003
   2703.3053132971791        1.8882839590589685E-003   1.8837807969172508E-003   2.1147281239226154E-003
   2798.7914800504532        1.7599280218847024E-003   1.7574358246347944E-003   1.9729894341484837E-003
   2897.6492167059700        1.6405053356276095E-003   1.6395661459732494E-003   1.8409408741719396E-003
   3000.0000000000000        1.5293829039054740E-003   1.5296006236538578E-003   1.7178961108141591E-003
