         200   4370.0000000000000     
   3.0000000000000000        1.2783320983798105E-003   11.940011588796995        6.2423859499952117E-004
   3.1059655287322618        1.3679397136515587E-003   11.940011588796995        6.6546574517007393E-004
   3.2156739552243598        1.4635036973750237E-003   11.940011588796995        7.0955043254112681E-004
   3.3292574962321346        1.5653487309204468E-003   11.940011588796995        7.5669061007361854E-004
   3.4468529954360925        1.6738101063153543E-003   11.940011588796995        8.0709718422960195E-004
   3.5686022069563790        1.7892347956942299E-003   11.940011588796995        8.6099475597133351E-004
   3.6946518254059528        1.9119827276492753E-003   11.940011588796995        9.1862227094355992E-004
   3.8251536998800524        2.0424287247263703E-003   11.940011588796995        9.8023376408630340E-004
   3.9602651907155879        2.1809651403098449E-003   11.940011588796995        1.0460991994529277E-003
   4.1001490688558144        2.3280046186628417E-003   11.940011588796995        1.1165051185146819E-003
   4.2449739038313119        2.4839839503011229E-003   11.940011588796995        1.1917555504578231E-003
   4.3949142193596993        2.6493683170212105E-003   11.940011588796995        1.2721728540177665E-003
   4.5501507036585132        2.8246562093557897E-003   11.940011588796995        1.3580986347110368E-003
   4.7108703059600501        3.0103848138939649E-003   11.940011588796995        1.4498946569754265E-003
   4.8772669425686850        3.2071366872159870E-003   11.940011588796995        1.5479441822521234E-003
   5.0495410155906377        3.4155455984728423E-003   11.940011588796995        1.6526527176091484E-003
   5.2279001269311909        3.6363042521318223E-003   11.940011588796995        1.7644495522750614E-003
   5.4125592113782046        3.8701718029955884E-003   11.940011588796995        1.8837890924294138E-003
   5.6037407956130689        4.1179819300469949E-003   11.940011588796995        2.0111524138502544E-003
   5.8016752663703963        4.3806512956890611E-003   11.940011588796995        2.1470489879566257E-003
   6.0066011480696169        4.6591883582726380E-003   11.940011588796995        2.2920186032187807E-003
   6.2187653902530293        4.9547025172438138E-003   11.940011588796995        2.4466335041511199E-003
   6.4384236651766908        5.2684135855713592E-003   11.940011588796995        2.6115007699994441E-003
   6.6658406759127811        5.6016616033316416E-003   11.940011588796995        2.7872649548288443E-003
   6.9012904753346884        5.9559170294254870E-003   11.940011588796995        2.9746110100834543E-003
   7.1450567963692624        6.3327913753778468E-003   11.940011588796995        3.1742675099204845E-003
   7.3974330131920443        6.7340477620818498E-003   11.940011588796995        3.3870098733069010E-003
   7.6587243988323896        7.1616158265143505E-003   11.940011588796995        3.6136658804354362E-003
   7.9292442763577622        7.6175975552742262E-003   11.940011588796995        3.8551162963672966E-003
   8.2093202460023029        8.1042906297047364E-003   11.940011588796995        4.1123045997855032E-003
   8.4992881560440416        8.6241925878757838E-003   11.940011588796995        4.3862362654651229E-003
   8.7994991583321234        9.1800290093416535E-003   11.940011588796995        4.6779903199338571E-003
   9.1103132457223861        9.7747596814538838E-003   11.940011588796995        4.9887187079973912E-003
   9.4321068148357909        1.0411612672356668E-002   11.940011588796995        5.3196595739966835E-003
   9.7652657388916850        1.1094093732769081E-002   11.940011588796995        5.6721367104322715E-003
   10.110193474162946        1.1826028124314821E-002   11.940011588796995        6.0475747904297677E-003
   10.467303634806061        1.2611574555679296E-002   11.940011588796995        6.4474989147516471E-003
   10.837027566606025        1.3455274040204093E-002   11.940011588796995        6.8735507741795130E-003
   11.219811965471335        1.4362082299889509E-002   11.940011588796995        7.3274948598848711E-003
   11.616115840724994        1.5337403304609918E-002   11.940011588796995        7.8112239994956355E-003
   12.026419117330413        1.6387155224416892E-002   11.940011588796995        8.3267797167404720E-003
   12.451213803399156        1.7517797860251795E-002   11.940011588796995        8.8763523069951607E-003
   12.891014326336300        1.8736411949285922E-002   11.940011588796995        9.4623056262110733E-003
   13.346348065368609        2.0050729685637623E-002   11.940011588796995        1.0087177588829632E-002
   13.817766430769083        2.1469223653497491E-002   11.940011588796995        1.0753708808062737E-002
   14.305834715756038        2.3001137227793202E-002   11.940011588796995        1.1464843678301291E-002
   14.811143972217785        2.4656581174134478E-002   11.940011588796995        1.2223763517591713E-002
   15.334300133051286        2.6446560586328244E-002   11.940011588796995        1.3033888398704552E-002
   15.875936741648431        2.8383077994143552E-002   11.940011588796995        1.3898915511807922E-002
   16.436703292225193        3.0479154567850750E-002   11.940011588796995        1.4822821885271771E-002
   17.017278874447534        3.2748940276262822E-002   11.940011588796995        1.5809908742627068E-002
   17.618359675531394        3.5207728301380165E-002   11.940011588796995        1.6864805209578251E-002
   18.240671728221173        3.7872065413140796E-002   11.940011588796995        1.7992516036508831E-002
   18.884968846184627        4.0759807611970789E-002   11.940011588796995        1.9198447315205713E-002
   19.552019805756849        4.3890119207921678E-002   11.940011588796995        2.0488412314659490E-002
   20.242632201214423        4.7283633535795087E-002   11.939947830749338        2.1868708733740756E-002
   20.957638264717446        5.0962435815192497E-002   11.939772650437371        2.3346127517330655E-002
   21.697899624358065        5.4950115874650603E-002   11.939609219382506        2.4927999356512368E-002
   22.464312967141105        5.9271810680957077E-002   11.939456748694633        2.6622247115175357E-002
   23.257792778673313        6.3954087528042186E-002   11.939314505013801        2.8437390012343085E-002
   24.079299719823517        6.9025048945380418E-002   11.939181801546466        3.0382651684607832E-002
   24.929823759061236        7.4514139903206850E-002   11.939057998435217        3.2467971498376734E-002
   25.810395145829254        8.0452067021685281E-002   11.938942498076070        3.4704081714987976E-002
   26.722064579292049        8.6870460610719638E-002   11.938834744930519        3.7102510203337602E-002
   27.665935811728254        9.3801839939628109E-002   11.938734218735279        3.9675719357192406E-002
   28.643146268414043       0.10127918443399152        11.938640434782361        4.2437116110906385E-002
   29.654879655490589       0.10933569299975200        11.938552940371801        4.5401147432463998E-002
   30.702343174827575       0.11796716073910109        11.934962307658735        4.8567289416433179E-002
   31.786804983723918       0.12722133504114991        11.929917979836759        5.1958826782823236E-002
   32.909571928103169       0.13714751775757575        11.925211972593178        5.5601270880017872E-002
   34.072004028335677       0.14777610965225443        11.920821569789254        5.9513709855362917E-002
   35.275488300232773       0.15913612373603395        11.916725654279833        6.3716517844229589E-002
   36.521481794408061       0.17125554648814087        11.912904449802925        6.8231563164815601E-002
   37.811486012809581       0.18416122294594822        11.909339531625104        7.3082185657891582E-002
   39.147055493126302       0.19787921949590082        11.906013710750695        7.8293286522233954E-002
   40.529808025860810       0.21243539503966291        11.902910933271476        8.3891429203141743E-002
   41.961393513511240       0.22785571534079690        11.900016275317096        8.9904770125668707E-002
   43.443545167355794       0.24416760891982403        11.897315760643638        9.6363323362907927E-002
   44.978049075047366       0.26140061878555815        11.894796368157055       0.10329889692951043     
   46.566763998623138       0.27958771170792679        11.892445936620311       0.11074523941188451     
   48.211585595230147       0.29876603707016830        11.890253160828429       0.11873793313766767     
   49.914505239722644       0.31897879930017708        11.888207453427102       0.12731473753660555     
   51.677575059319224       0.34027602725972422        11.886298950611952       0.13651550247957231     
   53.502930680545909       0.36271591225758182        11.884518439941756       0.14638236823923939     
   55.392750120602578       0.38636519324149121        11.882857357441074       0.15695963607311883     
   57.349321371645829       0.41130062928271927        11.881307682924200       0.16829424033870094     
   59.375002227322796       0.43760882112816318        11.879861944312665       0.18043565301617182     
   61.472246417894510       0.46538645334802908        11.878513162951867       0.19343616588770884     
   63.643556378429672       0.49473909823007256        11.877254851416206       0.20735073142772767     
   65.891560899834928       0.52578114720885027        11.876080934214421       0.22223758224791482     
   68.218968971510208       0.55863354071364357        11.874985751060231       0.23815808056710241     
   70.628585269218178       0.59252904256253158        11.873614485846252       0.25478577171222733     
   73.123328588587739       0.62576844692470945        11.871361775079892       0.27138477907563274     
   75.706175661273647       0.66095070596012773        11.869260165414897       0.28910909833078113     
   78.380253523498894       0.69817598130662151        11.867299509673312       0.30802687522051414     
   81.148784610322849       0.73753252513440448        11.865470354145021       0.32820943287214216     
   84.015122474940881       0.77909329475461941        11.863763869402264       0.34973137804860593     
   86.982687236203873       0.82291146114028624        11.862171847522639       0.37266985020364829     
   90.055071705548812       0.86901893827563870        11.860686601765055       0.39710492145217813     
   93.235978303002270       0.91742317877794366        11.859300970707686       0.42311857573572448     
   96.529260096906100       0.96810632970013399        11.858008265838189       0.45079430785500157     
   99.938826062156153        1.0210232045925114        11.856802276357048       0.48021538529024449     
   103.46886588546354        1.0761050831957106        11.855677158644726       0.51146561402631274     
   107.12359379692580        1.1332568550721045        11.854627502454493       0.54462571975538421     
   110.90736836557576        1.1923606231973201        11.853648257806942       0.57977261112603584     
   114.82483910697920        1.2532801749536560        11.852734679774276       0.61697868413267098     
   118.88068277378797        1.3158592099974282        11.851882375320482       0.65630682494519488     
   123.07973629915718        1.3799257114809214        11.851087243941075       0.69780849394211897     
   127.42715949490271        1.4452963462987642        11.850345432828655       0.74152157141745934     
   131.92808807993632        1.5117726124648665        11.849653382833528       0.78746225373273127     
   136.58805281121437        1.5791478670122934        11.849007740628963       0.83562358937064030     
   141.41261684513370        1.6472019446733372        11.848405401576517       0.88596493149474742     
   146.40753387824964        1.7157028860633170        11.847843467775197       0.93840534658006813     
   151.57894168226974        1.7795565063691954        11.845648777078027       0.98746354519478097     
   156.93294936957258        1.8321265322824158        11.839865878030373        1.0254806628116655     
   162.47613596373097        1.8843218974259441        11.834470771150354        1.0643853405520378     
   168.21511902855468        1.9358070988941487        11.829437513499435        1.1038857303649436     
   174.15674278185460        1.9862570166487064        11.824741889675137        1.1436203011951578     
   180.30830831190286        2.0353564933988872        11.820361147042085        1.1831551403333487     
   186.67715947709803        2.0827946097242345        11.816274220338922        1.2219804231419471     
   193.27089166569760        2.1282648642469302        11.812461447036501        1.2595161940367954     
   200.09760727912413        2.1714657443598422        11.808904352349828        1.2951245779175022     
   207.16537088595135        2.2120970456251960        11.805585869626585        1.3281254631789605     
   214.48286737908427        2.2498651107943797        11.802489919165746        1.3578269138627184     
   222.05883252794877        2.2844817101282504        11.799601613764194        1.3835571185059770     
   229.90230130529540        2.3156690989108020        11.796907057555000        1.4047061358245714     
   238.02291179328489        2.3431653687206757        11.794393194071827        1.4207687893728151     
   246.43025707061713        2.3667271192000010        11.792047962001194        1.4313826223618922     
   255.13466811288930        2.3861376671795087        11.789859997526042        1.4363609377088435     
   264.14653641505117        2.4012107391068067        11.787818779589264        1.4357106059594420     
   273.47660938458705        2.4117971339782081        11.785914487729134        1.4296358412647237     
   283.13635184814427        2.4177899845985418        11.784137894703447        1.4185243464939792     
   293.13729579387660        2.4191283647591608        11.782480457577932        1.4029198258582738     
   303.49136818478553        2.4158012963058577        11.780934202290878        1.3834834797621380     
   314.21129214162710        2.4078496186300131        11.779491636465544        1.3609491531172819     
   325.30973137660959        2.3953673876751878        11.778145838787900        1.3360810554694120     
   336.80032369109853        2.3785008313386378        11.776890288198146        1.3096321304093712     
   348.69678677735646        2.3574477056497312        11.775718947249311        1.2823140362458643     
   361.01330816366544        2.3324543649620351        11.774626180526964        1.2547732893577925     
   373.76502243504467        2.3006079289922488        11.664982342358647        1.2209437943591528     
   386.96715283564077        2.2535011053228264        11.177080884181819        1.1631289425739002     
   400.63544401132759        2.2031188753789341        10.721908137258117        1.1061216335665387     
   414.78669160661980        2.1497939904212973        10.297258563004652        1.0505939575797627     
   429.43761284149554        2.0938791858416503        9.9010947271448728       0.99707255487047552     
   444.60621081975989        2.0357361633387310        9.5314970186496559       0.94594261071698948     
   460.31059410826708        1.9757343293900778        9.1866881880917717       0.89746752992100332     
   476.56949149896485        1.9142433900328308        8.8650093327855242       0.85180512961709498     
   493.40288198244309        1.8516259904576760        8.5649017585176104       0.80902520430831815     
   510.83065126063684        1.7882383193194793        8.2849255734441254       0.76913152032957699     
   528.87421463804299        1.7244202584133264        8.0237241535522603       0.73207431052775007     
   547.55511287104378        1.6604973330476438        7.7800414843613064       0.69776800281315132     
   566.89562449487210        1.5967758215536847        7.5527051891843966       0.66610162120499550     
   586.91951519858117        1.5335384725672807        7.3406137104838409       0.63694749254848493     
   607.65068989177485        1.4710476327784268        7.1427471840928121       0.61017112037162313     
   629.11387223602765        1.4095420771769664        6.9581536584284516       0.58563576538357121     
   651.33543626567803        1.3492344906356764        6.7859386859524085       0.56320603648119949     
   674.34163286578985        1.2903166032171232        6.6252759931696721       0.54275298379849224     
   698.16073213207346        1.2329539160491716        6.4753870893420347       0.52415411109449006     
   722.82116976782140        1.1765130650188789        6.3347731423230185       0.50631381982712598     
   748.35235540965130        1.1217106028956232        6.2033544369431155       0.48988245530593338     
   774.78566186873422        1.0688971665093723        6.0807484644509442       0.47507807282619624     
   802.15264573967897        1.0181523337712493        5.9663656611414977       0.46180810372068776     
   830.48594444209971       0.96953849452749841        5.8596557222580348       0.44999061228521819     
   859.82037403360118       0.92310092816380651        5.7601015850173329       0.43955358577010301     
   890.19058800385733       0.87887360183318319        5.6672255967290504       0.43043543293172754     
   921.63390537915473       0.83687672033884541        5.5805777269882890       0.42258352159868240     
   954.18786380243341       0.79712255524245790        5.4997413204064287       0.41595451267664268     
   987.89128659474920       0.75961599890151033        5.4243274666073491       0.41051353827152115     
   1022.7855886411724       0.72435578054185490        5.3539707479219043       0.40623368999545972     
   1058.9119914466876       0.69134016579641466        5.2883335985100919       0.40309611393589095     
   1096.3148872627712       0.66056652857385301        5.2270979737032262       0.40108935100214149     
   1135.0389283928459       0.63203739368877643        5.1699694155633367       0.40020945427898591     
   1175.1302964981960       0.60576274689383947        5.1166730740572319       0.40045971823507615     
   1216.6382559936744       0.58176324460748474        5.0669507018748101       0.40185072891850027     
   1259.6123598874483       0.56007656858367794        5.0205632037634293       0.40440040784836639     
   1304.1038583964914       0.54076133118210279        4.9772874057833123       0.40813410102628439     
   1350.1674228314519       0.52390194575747007        4.9369136151468300       0.41308499636267876     
   1397.8574692241625       0.49149490586322070        4.6477071873949303       0.40521900546849871     
   1447.2325992722181       0.46149897355940134        4.3367144991640831       0.39677217272113646     
   1498.3517579647787       0.43566109779389500        4.0465800565629308       0.38936036108310257     
   1551.2759091786245       0.41003239941373998        3.7752017899852541       0.37987356160054747     
   1606.0700862978565       0.38851044954816372        3.5219994182990635       0.37117329955574557     
   1662.7990190437411       0.37083167634155573        3.2857820077615663       0.36329194709618817     
   1721.5324161293761       0.35665608878943056        3.0654049674094228       0.35616917359434502     
   1782.3403946248577       0.34568970391344694        2.8598085910817446       0.34975127259170891     
   1845.2954731357936       0.33767439271801791        2.6680037382733151       0.34399014224777852     
   1910.4750110852074       0.33237891354497057        2.4890610189753661       0.33884250193918791     
   1977.9568210713478       0.32959126577034764        2.3221199683146838       0.33426975855498758     
   2047.8213808026539       0.32911085472704044        2.1663774196297592       0.33023729053854989     
   2120.1545400970977       0.33074214693050374        2.0210787227302127       0.32671390870015754     
   2195.0417479108573       0.33428928441371553        1.8855267462320664       0.32367179558312875     
   2272.5750259096239       0.33955207911424756        1.7590646733197750       0.32108582858907159     
   2352.8469348264384       0.34632291621596317        1.6410843978241685       0.31893353967848609     
   2435.9532056335870       0.35438525675128274        1.5310183072639569       0.31719470537177880     
   2521.9959596104222       0.36351374967286471        1.4283330766300339       0.31585105403518160     
   2611.0779162676686       0.37347460322303200        1.3325349331983460       0.31488615623798538     
   2703.3053132971791       0.38402784546700441        1.2431629844877814       0.31428512747805248     
   2798.7914800504532       0.39493065129313154        1.1597841789098058       0.31403442721325492     
   2897.6492167059700       0.40594004009729562        1.0819984717058175       0.31412171177235815     
   3000.0000000000000       0.41681792301521958        1.0094289523960058       0.31453563467185791     
